20/06/09 23:09:47 INFO client.RMProxy: Connecting to ResourceManager at master/10.51.17.95:8032
20/06/09 23:09:48 INFO input.FileInputFormat: Total input paths to process : 10
20/06/09 23:09:48 INFO mapreduce.JobSubmitter: number of splits:90
20/06/09 23:09:48 INFO mapreduce.JobSubmitter: Submitting tokens for job: job_1591711726783_0002
20/06/09 23:09:48 INFO impl.YarnClientImpl: Submitted application application_1591711726783_0002
20/06/09 23:09:48 INFO mapreduce.Job: The url to track the job: http://master:8088/proxy/application_1591711726783_0002/
20/06/09 23:09:48 INFO mapreduce.Job: Running job: job_1591711726783_0002
20/06/09 23:09:56 INFO mapreduce.Job: Job job_1591711726783_0002 running in uber mode : false
20/06/09 23:09:56 INFO mapreduce.Job:  map 0% reduce 0%
20/06/09 23:10:11 INFO mapreduce.Job:  map 1% reduce 0%
20/06/09 23:10:13 INFO mapreduce.Job:  map 2% reduce 0%
20/06/09 23:10:17 INFO mapreduce.Job:  map 3% reduce 0%
20/06/09 23:10:24 INFO mapreduce.Job:  map 4% reduce 0%
20/06/09 23:10:29 INFO mapreduce.Job:  map 5% reduce 0%
20/06/09 23:10:36 INFO mapreduce.Job:  map 6% reduce 0%
20/06/09 23:10:39 INFO mapreduce.Job:  map 7% reduce 0%
20/06/09 23:10:45 INFO mapreduce.Job:  map 8% reduce 0%
20/06/09 23:10:50 INFO mapreduce.Job:  map 9% reduce 0%
20/06/09 23:10:53 INFO mapreduce.Job:  map 10% reduce 0%
20/06/09 23:10:54 INFO mapreduce.Job:  map 11% reduce 0%
20/06/09 23:10:56 INFO mapreduce.Job:  map 12% reduce 0%
20/06/09 23:11:04 INFO mapreduce.Job:  map 13% reduce 0%
20/06/09 23:11:08 INFO mapreduce.Job:  map 14% reduce 0%
20/06/09 23:11:11 INFO mapreduce.Job:  map 15% reduce 0%
20/06/09 23:11:12 INFO mapreduce.Job:  map 16% reduce 0%
20/06/09 23:11:14 INFO mapreduce.Job:  map 17% reduce 0%
20/06/09 23:11:20 INFO mapreduce.Job:  map 18% reduce 0%
20/06/09 23:11:27 INFO mapreduce.Job:  map 19% reduce 5%
20/06/09 23:11:30 INFO mapreduce.Job:  map 20% reduce 5%
20/06/09 23:11:36 INFO mapreduce.Job:  map 21% reduce 5%
20/06/09 23:11:43 INFO mapreduce.Job:  map 22% reduce 5%
20/06/09 23:11:45 INFO mapreduce.Job:  map 23% reduce 6%
20/06/09 23:11:51 INFO mapreduce.Job:  map 25% reduce 6%
20/06/09 23:11:54 INFO mapreduce.Job:  map 26% reduce 7%
20/06/09 23:12:04 INFO mapreduce.Job:  map 27% reduce 7%
20/06/09 23:12:06 INFO mapreduce.Job:  map 28% reduce 7%
20/06/09 23:12:13 INFO mapreduce.Job:  map 29% reduce 7%
20/06/09 23:12:15 INFO mapreduce.Job:  map 30% reduce 7%
20/06/09 23:12:16 INFO mapreduce.Job:  map 30% reduce 8%
20/06/09 23:12:21 INFO mapreduce.Job:  map 31% reduce 8%
20/06/09 23:12:22 INFO mapreduce.Job:  map 32% reduce 9%
20/06/09 23:12:24 INFO mapreduce.Job:  map 33% reduce 9%
20/06/09 23:12:25 INFO mapreduce.Job:  map 33% reduce 10%
20/06/09 23:12:29 INFO mapreduce.Job:  map 34% reduce 10%
20/06/09 23:12:35 INFO mapreduce.Job:  map 35% reduce 10%
20/06/09 23:12:39 INFO mapreduce.Job:  map 36% reduce 10%
20/06/09 23:12:44 INFO mapreduce.Job:  map 37% reduce 10%
20/06/09 23:12:46 INFO mapreduce.Job:  map 38% reduce 10%
20/06/09 23:12:47 INFO mapreduce.Job:  map 38% reduce 11%
20/06/09 23:12:51 INFO mapreduce.Job:  map 39% reduce 11%
20/06/09 23:12:53 INFO mapreduce.Job:  map 39% reduce 12%
20/06/09 23:12:56 INFO mapreduce.Job:  map 40% reduce 12%
20/06/09 23:13:00 INFO mapreduce.Job:  map 41% reduce 12%
20/06/09 23:13:05 INFO mapreduce.Job:  map 42% reduce 12%
20/06/09 23:13:08 INFO mapreduce.Job:  map 43% reduce 12%
20/06/09 23:13:14 INFO mapreduce.Job:  map 44% reduce 12%
20/06/09 23:13:17 INFO mapreduce.Job:  map 44% reduce 13%
20/06/09 23:13:18 INFO mapreduce.Job:  map 45% reduce 13%
20/06/09 23:13:24 INFO mapreduce.Job:  map 46% reduce 13%
20/06/09 23:13:26 INFO mapreduce.Job:  map 47% reduce 13%
20/06/09 23:13:27 INFO mapreduce.Job:  map 47% reduce 14%
20/06/09 23:13:29 INFO mapreduce.Job:  map 48% reduce 14%
20/06/09 23:13:35 INFO mapreduce.Job:  map 49% reduce 14%
20/06/09 23:13:37 INFO mapreduce.Job:  map 50% reduce 14%
20/06/09 23:13:39 INFO mapreduce.Job:  map 50% reduce 16%
20/06/09 23:13:41 INFO mapreduce.Job:  map 51% reduce 16%
20/06/09 23:13:44 INFO mapreduce.Job:  map 52% reduce 16%
20/06/09 23:13:49 INFO mapreduce.Job:  map 53% reduce 16%
20/06/09 23:13:51 INFO mapreduce.Job:  map 53% reduce 17%
20/06/09 23:13:53 INFO mapreduce.Job:  map 54% reduce 17%
20/06/09 23:13:58 INFO mapreduce.Job:  map 55% reduce 17%
20/06/09 23:14:02 INFO mapreduce.Job:  map 56% reduce 17%
20/06/09 23:14:09 INFO mapreduce.Job:  map 57% reduce 17%
20/06/09 23:14:13 INFO mapreduce.Job:  map 58% reduce 17%
20/06/09 23:14:17 INFO mapreduce.Job:  map 59% reduce 17%
20/06/09 23:14:23 INFO mapreduce.Job:  map 60% reduce 17%
20/06/09 23:14:27 INFO mapreduce.Job:  map 61% reduce 17%
20/06/09 23:14:30 INFO mapreduce.Job:  map 62% reduce 17%
20/06/09 23:14:33 INFO mapreduce.Job:  map 63% reduce 19%
20/06/09 23:14:34 INFO mapreduce.Job:  map 64% reduce 19%
20/06/09 23:14:36 INFO mapreduce.Job:  map 64% reduce 20%
20/06/09 23:14:38 INFO mapreduce.Job:  map 65% reduce 20%
20/06/09 23:14:39 INFO mapreduce.Job:  map 65% reduce 21%
20/06/09 23:14:44 INFO mapreduce.Job:  map 66% reduce 21%
20/06/09 23:14:46 INFO mapreduce.Job:  map 67% reduce 21%
20/06/09 23:14:49 INFO mapreduce.Job:  map 67% reduce 22%
20/06/09 23:14:52 INFO mapreduce.Job:  map 68% reduce 22%
20/06/09 23:14:57 INFO mapreduce.Job:  map 69% reduce 22%
20/06/09 23:15:01 INFO mapreduce.Job:  map 70% reduce 22%
20/06/09 23:15:06 INFO mapreduce.Job:  map 71% reduce 22%
20/06/09 23:15:12 INFO mapreduce.Job:  map 72% reduce 22%
20/06/09 23:15:16 INFO mapreduce.Job:  map 73% reduce 22%
20/06/09 23:15:20 INFO mapreduce.Job:  map 74% reduce 22%
20/06/09 23:15:26 INFO mapreduce.Job:  map 75% reduce 22%
20/06/09 23:15:30 INFO mapreduce.Job:  map 76% reduce 22%
20/06/09 23:15:31 INFO mapreduce.Job:  map 76% reduce 23%
20/06/09 23:15:32 INFO mapreduce.Job:  map 77% reduce 23%
20/06/09 23:15:35 INFO mapreduce.Job:  map 78% reduce 23%
20/06/09 23:15:37 INFO mapreduce.Job:  map 78% reduce 24%
20/06/09 23:15:38 INFO mapreduce.Job:  map 79% reduce 24%
20/06/09 23:15:40 INFO mapreduce.Job:  map 79% reduce 26%
20/06/09 23:15:41 INFO mapreduce.Job:  map 80% reduce 26%
20/06/09 23:15:44 INFO mapreduce.Job:  map 81% reduce 26%
20/06/09 23:15:46 INFO mapreduce.Job:  map 81% reduce 27%
20/06/09 23:15:50 INFO mapreduce.Job:  map 82% reduce 27%
20/06/09 23:15:52 INFO mapreduce.Job:  map 84% reduce 27%
20/06/09 23:15:55 INFO mapreduce.Job:  map 85% reduce 27%
20/06/09 23:15:57 INFO mapreduce.Job:  map 86% reduce 27%
20/06/09 23:15:58 INFO mapreduce.Job:  map 87% reduce 27%
20/06/09 23:16:03 INFO mapreduce.Job:  map 88% reduce 27%
20/06/09 23:16:05 INFO mapreduce.Job:  map 89% reduce 28%
20/06/09 23:16:08 INFO mapreduce.Job:  map 89% reduce 29%
20/06/09 23:16:10 INFO mapreduce.Job:  map 91% reduce 29%
20/06/09 23:16:14 INFO mapreduce.Job:  map 92% reduce 29%
20/06/09 23:16:16 INFO mapreduce.Job:  map 93% reduce 29%
20/06/09 23:16:18 INFO mapreduce.Job:  map 94% reduce 29%
20/06/09 23:16:20 INFO mapreduce.Job:  map 95% reduce 29%
20/06/09 23:16:22 INFO mapreduce.Job:  map 96% reduce 29%
20/06/09 23:16:23 INFO mapreduce.Job:  map 96% reduce 30%
20/06/09 23:16:24 INFO mapreduce.Job:  map 97% reduce 30%
20/06/09 23:16:25 INFO mapreduce.Job:  map 98% reduce 30%
20/06/09 23:16:26 INFO mapreduce.Job:  map 98% reduce 31%
20/06/09 23:16:27 INFO mapreduce.Job:  map 99% reduce 31%
20/06/09 23:16:29 INFO mapreduce.Job:  map 99% reduce 32%
20/06/09 23:16:32 INFO mapreduce.Job:  map 100% reduce 32%
20/06/09 23:16:35 INFO mapreduce.Job:  map 100% reduce 69%
20/06/09 23:16:38 INFO mapreduce.Job:  map 100% reduce 75%
20/06/09 23:16:41 INFO mapreduce.Job:  map 100% reduce 80%
20/06/09 23:16:44 INFO mapreduce.Job:  map 100% reduce 86%
20/06/09 23:16:47 INFO mapreduce.Job:  map 100% reduce 93%
20/06/09 23:16:49 INFO mapreduce.Job:  map 100% reduce 100%
20/06/09 23:16:50 INFO mapreduce.Job: Job job_1591711726783_0002 completed successfully
20/06/09 23:16:50 INFO mapreduce.Job: Counters: 51
	File System Counters
		FILE: Number of bytes read=1695695650
		FILE: Number of bytes written=2511637281
		FILE: Number of read operations=0
		FILE: Number of large read operations=0
		FILE: Number of write operations=0
		HDFS: Number of bytes read=11026180602
		HDFS: Number of bytes written=486265721
		HDFS: Number of read operations=273
		HDFS: Number of large read operations=0
		HDFS: Number of write operations=2
	Job Counters 
		Killed map tasks=1
		Launched map tasks=90
		Launched reduce tasks=1
		Data-local map tasks=89
		Rack-local map tasks=1
		Total time spent by all maps in occupied slots (ms)=5026098
		Total time spent by all reduces in occupied slots (ms)=336422
		Total time spent by all map tasks (ms)=5026098
		Total time spent by all reduce tasks (ms)=336422
		Total vcore-milliseconds taken by all map tasks=5026098
		Total vcore-milliseconds taken by all reduce tasks=336422
		Total megabyte-milliseconds taken by all map tasks=5146724352
		Total megabyte-milliseconds taken by all reduce tasks=344496128
	Map-Reduce Framework
		Map input records=723495
		Map output records=1009912532
		Map output bytes=19261165783
		Map output materialized bytes=804731225
		Input split bytes=10530
		Combine input records=1034904723
		Combine output records=47602626
		Reduce input groups=9847534
		Reduce shuffle bytes=804731225
		Reduce input records=22610435
		Reduce output records=9847534
		Spilled Records=70890781
		Shuffled Maps =90
		Failed Shuffles=0
		Merged Map outputs=90
		GC time elapsed (ms)=108479
		CPU time spent (ms)=2036980
		Physical memory (bytes) snapshot=25096638464
		Virtual memory (bytes) snapshot=191980478464
		Total committed heap usage (bytes)=18938331136
	Shuffle Errors
		BAD_ID=0
		CONNECTION=0
		IO_ERROR=0
		WRONG_LENGTH=0
		WRONG_MAP=0
		WRONG_REDUCE=0
	File Input Format Counters 
		Bytes Read=11026170072
	File Output Format Counters 
		Bytes Written=486265721
20/06/09 23:16:50 INFO client.RMProxy: Connecting to ResourceManager at master/10.51.17.95:8032
20/06/09 23:16:50 INFO input.FileInputFormat: Total input paths to process : 1
20/06/09 23:16:51 INFO mapreduce.JobSubmitter: number of splits:4
20/06/09 23:16:51 INFO mapreduce.JobSubmitter: Submitting tokens for job: job_1591711726783_0003
20/06/09 23:16:51 INFO impl.YarnClientImpl: Submitted application application_1591711726783_0003
20/06/09 23:16:51 INFO mapreduce.Job: The url to track the job: http://master:8088/proxy/application_1591711726783_0003/
20/06/09 23:16:51 INFO mapreduce.Job: Running job: job_1591711726783_0003
20/06/09 23:17:00 INFO mapreduce.Job: Job job_1591711726783_0003 running in uber mode : false
20/06/09 23:17:00 INFO mapreduce.Job:  map 0% reduce 0%
20/06/09 23:17:12 INFO mapreduce.Job:  map 53% reduce 0%
20/06/09 23:17:15 INFO mapreduce.Job:  map 74% reduce 0%
20/06/09 23:17:18 INFO mapreduce.Job:  map 86% reduce 0%
20/06/09 23:17:19 INFO mapreduce.Job:  map 92% reduce 0%
20/06/09 23:17:20 INFO mapreduce.Job:  map 100% reduce 0%
20/06/09 23:17:22 INFO mapreduce.Job:  map 100% reduce 68%
20/06/09 23:17:25 INFO mapreduce.Job:  map 100% reduce 86%
20/06/09 23:17:28 INFO mapreduce.Job:  map 100% reduce 97%
20/06/09 23:17:29 INFO mapreduce.Job:  map 100% reduce 100%
20/06/09 23:17:29 INFO mapreduce.Job: Job job_1591711726783_0003 completed successfully
20/06/09 23:17:29 INFO mapreduce.Job: Counters: 50
	File System Counters
		FILE: Number of bytes read=844864334
		FILE: Number of bytes written=1267909824
		FILE: Number of read operations=0
		FILE: Number of large read operations=0
		FILE: Number of write operations=0
		HDFS: Number of bytes read=486268057
		HDFS: Number of bytes written=344308965
		HDFS: Number of read operations=19
		HDFS: Number of large read operations=0
		HDFS: Number of write operations=2
	Job Counters 
		Killed map tasks=1
		Launched map tasks=5
		Launched reduce tasks=1
		Data-local map tasks=5
		Total time spent by all maps in occupied slots (ms)=65037
		Total time spent by all reduces in occupied slots (ms)=14608
		Total time spent by all map tasks (ms)=65037
		Total time spent by all reduce tasks (ms)=14608
		Total vcore-milliseconds taken by all map tasks=65037
		Total vcore-milliseconds taken by all reduce tasks=14608
		Total megabyte-milliseconds taken by all map tasks=66597888
		Total megabyte-milliseconds taken by all reduce tasks=14958592
	Map-Reduce Framework
		Map input records=9847534
		Map output records=9847534
		Map output bytes=402737063
		Map output materialized bytes=422432155
		Input split bytes=504
		Combine input records=0
		Combine output records=0
		Reduce input groups=1245
		Reduce shuffle bytes=422432155
		Reduce input records=9847534
		Reduce output records=9847534
		Spilled Records=29542602
		Shuffled Maps =4
		Failed Shuffles=0
		Merged Map outputs=4
		GC time elapsed (ms)=1737
		CPU time spent (ms)=46530
		Physical memory (bytes) snapshot=1271373824
		Virtual memory (bytes) snapshot=10566176768
		Total committed heap usage (bytes)=940572672
	Shuffle Errors
		BAD_ID=0
		CONNECTION=0
		IO_ERROR=0
		WRONG_LENGTH=0
		WRONG_MAP=0
		WRONG_REDUCE=0
	File Input Format Counters 
		Bytes Read=486267553
	File Output Format Counters 
		Bytes Written=344308965
