20/06/16 19:47:27 INFO client.RMProxy: Connecting to ResourceManager at master/10.51.17.95:8032
20/06/16 19:47:27 INFO client.RMProxy: Connecting to ResourceManager at master/10.51.17.95:8032
20/06/16 19:47:28 INFO input.FileInputFormat: Total input paths to process : 10
20/06/16 19:47:29 INFO mapreduce.JobSubmitter: number of splits:80
20/06/16 19:47:29 INFO mapreduce.JobSubmitter: Submitting tokens for job: job_1592304368917_0001
20/06/16 19:47:29 INFO impl.YarnClientImpl: Submitted application application_1592304368917_0001
20/06/16 19:47:29 INFO mapreduce.Job: The url to track the job: http://master:8088/proxy/application_1592304368917_0001/
20/06/16 19:47:29 INFO mapreduce.Job: Running job: job_1592304368917_0001
20/06/16 19:47:38 INFO mapreduce.Job: Job job_1592304368917_0001 running in uber mode : false
20/06/16 19:47:38 INFO mapreduce.Job:  map 0% reduce 0%
20/06/16 19:47:46 INFO mapreduce.Job:  map 1% reduce 0%
20/06/16 19:47:47 INFO mapreduce.Job:  map 4% reduce 0%
20/06/16 19:47:49 INFO mapreduce.Job:  map 5% reduce 0%
20/06/16 19:47:53 INFO mapreduce.Job:  map 12% reduce 0%
20/06/16 19:47:55 INFO mapreduce.Job:  map 14% reduce 0%
20/06/16 19:47:58 INFO mapreduce.Job:  map 16% reduce 0%
20/06/16 19:47:59 INFO mapreduce.Job:  map 17% reduce 0%
20/06/16 19:48:05 INFO mapreduce.Job:  map 17% reduce 2%
20/06/16 19:48:07 INFO mapreduce.Job:  map 20% reduce 2%
20/06/16 19:48:08 INFO mapreduce.Job:  map 27% reduce 2%
20/06/16 19:48:10 INFO mapreduce.Job:  map 29% reduce 2%
20/06/16 19:48:11 INFO mapreduce.Job:  map 29% reduce 3%
20/06/16 19:48:17 INFO mapreduce.Job:  map 30% reduce 6%
20/06/16 19:48:19 INFO mapreduce.Job:  map 32% reduce 6%
20/06/16 19:48:20 INFO mapreduce.Job:  map 34% reduce 7%
20/06/16 19:48:22 INFO mapreduce.Job:  map 36% reduce 7%
20/06/16 19:48:23 INFO mapreduce.Job:  map 37% reduce 8%
20/06/16 19:48:24 INFO mapreduce.Job:  map 39% reduce 8%
20/06/16 19:48:26 INFO mapreduce.Job:  map 39% reduce 9%
20/06/16 19:48:30 INFO mapreduce.Job:  map 40% reduce 9%
20/06/16 19:48:31 INFO mapreduce.Job:  map 41% reduce 9%
20/06/16 19:48:34 INFO mapreduce.Job:  map 42% reduce 9%
20/06/16 19:48:35 INFO mapreduce.Job:  map 45% reduce 9%
20/06/16 19:48:36 INFO mapreduce.Job:  map 46% reduce 10%
20/06/16 19:48:38 INFO mapreduce.Job:  map 47% reduce 10%
20/06/16 19:48:39 INFO mapreduce.Job:  map 48% reduce 11%
20/06/16 19:48:41 INFO mapreduce.Job:  map 49% reduce 11%
20/06/16 19:48:43 INFO mapreduce.Job:  map 51% reduce 11%
20/06/16 19:48:44 INFO mapreduce.Job:  map 52% reduce 11%
20/06/16 19:48:45 INFO mapreduce.Job:  map 52% reduce 12%
20/06/16 19:48:46 INFO mapreduce.Job:  map 54% reduce 13%
20/06/16 19:48:49 INFO mapreduce.Job:  map 54% reduce 14%
20/06/16 19:48:52 INFO mapreduce.Job:  map 56% reduce 14%
20/06/16 19:48:53 INFO mapreduce.Job:  map 58% reduce 14%
20/06/16 19:48:54 INFO mapreduce.Job:  map 59% reduce 14%
20/06/16 19:48:55 INFO mapreduce.Job:  map 60% reduce 14%
20/06/16 19:48:56 INFO mapreduce.Job:  map 61% reduce 14%
20/06/16 19:48:57 INFO mapreduce.Job:  map 61% reduce 15%
20/06/16 19:48:59 INFO mapreduce.Job:  map 63% reduce 15%
20/06/16 19:49:04 INFO mapreduce.Job:  map 64% reduce 16%
20/06/16 19:49:05 INFO mapreduce.Job:  map 65% reduce 16%
20/06/16 19:49:07 INFO mapreduce.Job:  map 66% reduce 16%
20/06/16 19:49:08 INFO mapreduce.Job:  map 67% reduce 16%
20/06/16 19:49:10 INFO mapreduce.Job:  map 68% reduce 16%
20/06/16 19:49:12 INFO mapreduce.Job:  map 69% reduce 16%
20/06/16 19:49:15 INFO mapreduce.Job:  map 72% reduce 16%
20/06/16 19:49:16 INFO mapreduce.Job:  map 73% reduce 16%
20/06/16 19:49:18 INFO mapreduce.Job:  map 73% reduce 17%
20/06/16 19:49:19 INFO mapreduce.Job:  map 76% reduce 17%
20/06/16 19:49:21 INFO mapreduce.Job:  map 77% reduce 18%
20/06/16 19:49:24 INFO mapreduce.Job:  map 77% reduce 20%
20/06/16 19:49:26 INFO mapreduce.Job:  map 79% reduce 20%
20/06/16 19:49:27 INFO mapreduce.Job:  map 79% reduce 21%
20/06/16 19:49:28 INFO mapreduce.Job:  map 80% reduce 21%
20/06/16 19:49:30 INFO mapreduce.Job:  map 80% reduce 22%
20/06/16 19:49:32 INFO mapreduce.Job:  map 81% reduce 23%
20/06/16 19:49:36 INFO mapreduce.Job:  map 82% reduce 23%
20/06/16 19:49:37 INFO mapreduce.Job:  map 83% reduce 23%
20/06/16 19:49:38 INFO mapreduce.Job:  map 84% reduce 23%
20/06/16 19:49:41 INFO mapreduce.Job:  map 84% reduce 24%
20/06/16 19:49:46 INFO mapreduce.Job:  map 85% reduce 24%
20/06/16 19:49:49 INFO mapreduce.Job:  map 86% reduce 24%
20/06/16 19:49:52 INFO mapreduce.Job:  map 87% reduce 24%
20/06/16 19:49:54 INFO mapreduce.Job:  map 87% reduce 25%
20/06/16 19:49:55 INFO mapreduce.Job:  map 88% reduce 25%
20/06/16 19:49:58 INFO mapreduce.Job:  map 89% reduce 25%
20/06/16 19:50:01 INFO mapreduce.Job:  map 90% reduce 25%
20/06/16 19:50:02 INFO mapreduce.Job:  map 90% reduce 26%
20/06/16 19:50:03 INFO mapreduce.Job:  map 91% reduce 26%
20/06/16 19:50:05 INFO mapreduce.Job:  map 92% reduce 26%
20/06/16 19:50:06 INFO mapreduce.Job:  map 93% reduce 26%
20/06/16 19:50:07 INFO mapreduce.Job:  map 94% reduce 26%
20/06/16 19:50:08 INFO mapreduce.Job:  map 94% reduce 27%
20/06/16 19:50:09 INFO mapreduce.Job:  map 96% reduce 27%
20/06/16 19:50:11 INFO mapreduce.Job:  map 96% reduce 28%
20/06/16 19:50:12 INFO mapreduce.Job:  map 98% reduce 28%
20/06/16 19:50:14 INFO mapreduce.Job:  map 98% reduce 30%
20/06/16 19:50:15 INFO mapreduce.Job:  map 99% reduce 31%
20/06/16 19:50:20 INFO mapreduce.Job:  map 99% reduce 32%
20/06/16 19:50:21 INFO mapreduce.Job:  map 100% reduce 32%
20/06/16 19:50:35 INFO mapreduce.Job:  map 100% reduce 33%
20/06/16 19:50:36 INFO mapreduce.Job:  map 100% reduce 36%
20/06/16 19:50:39 INFO mapreduce.Job:  map 100% reduce 55%
20/06/16 19:50:44 INFO mapreduce.Job:  map 100% reduce 56%
20/06/16 19:50:47 INFO mapreduce.Job:  map 100% reduce 68%
20/06/16 19:50:48 INFO mapreduce.Job:  map 100% reduce 69%
20/06/16 19:50:50 INFO mapreduce.Job:  map 100% reduce 72%
20/06/16 19:50:53 INFO mapreduce.Job:  map 100% reduce 73%
20/06/16 19:50:57 INFO mapreduce.Job:  map 100% reduce 74%
20/06/16 19:50:59 INFO mapreduce.Job:  map 100% reduce 75%
20/06/16 19:51:00 INFO mapreduce.Job:  map 100% reduce 76%
20/06/16 19:51:03 INFO mapreduce.Job:  map 100% reduce 77%
20/06/16 19:51:06 INFO mapreduce.Job:  map 100% reduce 79%
20/06/16 19:51:09 INFO mapreduce.Job:  map 100% reduce 80%
20/06/16 19:51:11 INFO mapreduce.Job:  map 100% reduce 81%
20/06/16 19:51:14 INFO mapreduce.Job:  map 100% reduce 82%
20/06/16 19:51:15 INFO mapreduce.Job:  map 100% reduce 83%
20/06/16 19:51:17 INFO mapreduce.Job:  map 100% reduce 84%
20/06/16 19:51:18 INFO mapreduce.Job:  map 100% reduce 85%
20/06/16 19:51:20 INFO mapreduce.Job:  map 100% reduce 86%
20/06/16 19:51:23 INFO mapreduce.Job:  map 100% reduce 87%
20/06/16 19:51:24 INFO mapreduce.Job:  map 100% reduce 88%
20/06/16 19:51:26 INFO mapreduce.Job:  map 100% reduce 89%
20/06/16 19:51:27 INFO mapreduce.Job:  map 100% reduce 90%
20/06/16 19:51:29 INFO mapreduce.Job:  map 100% reduce 91%
20/06/16 19:51:30 INFO mapreduce.Job:  map 100% reduce 92%
20/06/16 19:51:33 INFO mapreduce.Job:  map 100% reduce 93%
20/06/16 19:51:36 INFO mapreduce.Job:  map 100% reduce 94%
20/06/16 19:51:39 INFO mapreduce.Job:  map 100% reduce 96%
20/06/16 19:51:42 INFO mapreduce.Job:  map 100% reduce 97%
20/06/16 19:51:45 INFO mapreduce.Job:  map 100% reduce 99%
20/06/16 19:51:47 INFO mapreduce.Job:  map 100% reduce 100%
20/06/16 19:51:49 INFO mapreduce.Job: Job job_1592304368917_0001 completed successfully
20/06/16 19:51:50 INFO mapreduce.Job: Counters: 51
	File System Counters
		FILE: Number of bytes read=30052758701
		FILE: Number of bytes written=40813286591
		FILE: Number of read operations=0
		FILE: Number of large read operations=0
		FILE: Number of write operations=0
		HDFS: Number of bytes read=10774009875
		HDFS: Number of bytes written=10772846837
		HDFS: Number of read operations=329
		HDFS: Number of large read operations=0
		HDFS: Number of write operations=6
	Job Counters 
		Killed map tasks=1
		Launched map tasks=80
		Launched reduce tasks=3
		Data-local map tasks=67
		Rack-local map tasks=14
		Total time spent by all maps in occupied slots (ms)=1035010
		Total time spent by all reduces in occupied slots (ms)=638835
		Total time spent by all map tasks (ms)=1035010
		Total time spent by all reduce tasks (ms)=638835
		Total vcore-milliseconds taken by all map tasks=1035010
		Total vcore-milliseconds taken by all reduce tasks=638835
		Total megabyte-milliseconds taken by all map tasks=1059850240
		Total megabyte-milliseconds taken by all reduce tasks=654167040
	Map-Reduce Framework
		Map input records=1022600
		Map output records=1022600
		Map output bytes=10745642829
		Map output materialized bytes=10751392560
		Input split bytes=8240
		Combine input records=0
		Combine output records=0
		Reduce input groups=1022600
		Reduce shuffle bytes=10751392560
		Reduce input records=1022600
		Reduce output records=1022600
		Spilled Records=3881817
		Shuffled Maps =240
		Failed Shuffles=0
		Merged Map outputs=240
		GC time elapsed (ms)=10243
		CPU time spent (ms)=224650
		Physical memory (bytes) snapshot=21955665920
		Virtual memory (bytes) snapshot=175112400896
		Total committed heap usage (bytes)=16624123904
	Shuffle Errors
		BAD_ID=0
		CONNECTION=0
		IO_ERROR=0
		WRONG_LENGTH=0
		WRONG_MAP=0
		WRONG_REDUCE=0
	File Input Format Counters 
		Bytes Read=10774001635
	File Output Format Counters 
		Bytes Written=10772846837
