20/06/08 20:40:19 INFO client.RMProxy: Connecting to ResourceManager at master/10.51.17.95:8032
20/06/08 20:40:20 INFO input.FileInputFormat: Total input paths to process : 10
20/06/08 20:40:20 INFO mapreduce.JobSubmitter: number of splits:90
20/06/08 20:40:21 INFO mapreduce.JobSubmitter: Submitting tokens for job: job_1591613338283_0019
20/06/08 20:40:21 INFO impl.YarnClientImpl: Submitted application application_1591613338283_0019
20/06/08 20:40:21 INFO mapreduce.Job: The url to track the job: http://master:8088/proxy/application_1591613338283_0019/
20/06/08 20:40:21 INFO mapreduce.Job: Running job: job_1591613338283_0019
20/06/08 20:40:27 INFO mapreduce.Job: Job job_1591613338283_0019 running in uber mode : false
20/06/08 20:40:27 INFO mapreduce.Job:  map 0% reduce 0%
20/06/08 20:40:40 INFO mapreduce.Job:  map 1% reduce 0%
20/06/08 20:40:42 INFO mapreduce.Job:  map 2% reduce 0%
20/06/08 20:40:43 INFO mapreduce.Job:  map 3% reduce 0%
20/06/08 20:40:51 INFO mapreduce.Job:  map 4% reduce 0%
20/06/08 20:40:58 INFO mapreduce.Job:  map 5% reduce 0%
20/06/08 20:41:01 INFO mapreduce.Job:  map 6% reduce 0%
20/06/08 20:41:08 INFO mapreduce.Job:  map 7% reduce 0%
20/06/08 20:41:11 INFO mapreduce.Job:  map 8% reduce 0%
20/06/08 20:41:18 INFO mapreduce.Job:  map 9% reduce 0%
20/06/08 20:41:21 INFO mapreduce.Job:  map 10% reduce 0%
20/06/08 20:41:22 INFO mapreduce.Job:  map 11% reduce 0%
20/06/08 20:41:24 INFO mapreduce.Job:  map 12% reduce 0%
20/06/08 20:41:32 INFO mapreduce.Job:  map 13% reduce 0%
20/06/08 20:41:34 INFO mapreduce.Job:  map 14% reduce 0%
20/06/08 20:41:37 INFO mapreduce.Job:  map 15% reduce 0%
20/06/08 20:41:38 INFO mapreduce.Job:  map 16% reduce 0%
20/06/08 20:41:41 INFO mapreduce.Job:  map 17% reduce 0%
20/06/08 20:41:46 INFO mapreduce.Job:  map 18% reduce 0%
20/06/08 20:41:49 INFO mapreduce.Job:  map 18% reduce 5%
20/06/08 20:41:51 INFO mapreduce.Job:  map 19% reduce 5%
20/06/08 20:41:55 INFO mapreduce.Job:  map 20% reduce 5%
20/06/08 20:42:02 INFO mapreduce.Job:  map 21% reduce 5%
20/06/08 20:42:05 INFO mapreduce.Job:  map 22% reduce 5%
20/06/08 20:42:08 INFO mapreduce.Job:  map 22% reduce 6%
20/06/08 20:42:10 INFO mapreduce.Job:  map 23% reduce 6%
20/06/08 20:42:14 INFO mapreduce.Job:  map 24% reduce 6%
20/06/08 20:42:16 INFO mapreduce.Job:  map 25% reduce 6%
20/06/08 20:42:17 INFO mapreduce.Job:  map 25% reduce 7%
20/06/08 20:42:18 INFO mapreduce.Job:  map 26% reduce 7%
20/06/08 20:42:25 INFO mapreduce.Job:  map 27% reduce 7%
20/06/08 20:42:29 INFO mapreduce.Job:  map 28% reduce 7%
20/06/08 20:42:34 INFO mapreduce.Job:  map 29% reduce 7%
20/06/08 20:42:36 INFO mapreduce.Job:  map 30% reduce 7%
20/06/08 20:42:38 INFO mapreduce.Job:  map 30% reduce 8%
20/06/08 20:42:41 INFO mapreduce.Job:  map 31% reduce 8%
20/06/08 20:42:42 INFO mapreduce.Job:  map 31% reduce 9%
20/06/08 20:42:47 INFO mapreduce.Job:  map 32% reduce 9%
20/06/08 20:42:48 INFO mapreduce.Job:  map 33% reduce 9%
20/06/08 20:42:51 INFO mapreduce.Job:  map 33% reduce 10%
20/06/08 20:42:52 INFO mapreduce.Job:  map 34% reduce 10%
20/06/08 20:42:55 INFO mapreduce.Job:  map 35% reduce 10%
20/06/08 20:42:59 INFO mapreduce.Job:  map 36% reduce 10%
20/06/08 20:43:05 INFO mapreduce.Job:  map 37% reduce 10%
20/06/08 20:43:08 INFO mapreduce.Job:  map 38% reduce 10%
20/06/08 20:43:09 INFO mapreduce.Job:  map 38% reduce 11%
20/06/08 20:43:11 INFO mapreduce.Job:  map 39% reduce 11%
20/06/08 20:43:13 INFO mapreduce.Job:  map 40% reduce 11%
20/06/08 20:43:15 INFO mapreduce.Job:  map 40% reduce 12%
20/06/08 20:43:20 INFO mapreduce.Job:  map 41% reduce 12%
20/06/08 20:43:24 INFO mapreduce.Job:  map 42% reduce 12%
20/06/08 20:43:30 INFO mapreduce.Job:  map 43% reduce 12%
20/06/08 20:43:34 INFO mapreduce.Job:  map 44% reduce 12%
20/06/08 20:43:37 INFO mapreduce.Job:  map 44% reduce 13%
20/06/08 20:43:38 INFO mapreduce.Job:  map 45% reduce 13%
20/06/08 20:43:44 INFO mapreduce.Job:  map 46% reduce 13%
20/06/08 20:43:46 INFO mapreduce.Job:  map 47% reduce 13%
20/06/08 20:43:48 INFO mapreduce.Job:  map 48% reduce 13%
20/06/08 20:43:49 INFO mapreduce.Job:  map 48% reduce 14%
20/06/08 20:43:50 INFO mapreduce.Job:  map 49% reduce 14%
20/06/08 20:43:52 INFO mapreduce.Job:  map 49% reduce 15%
20/06/08 20:43:57 INFO mapreduce.Job:  map 50% reduce 15%
20/06/08 20:44:00 INFO mapreduce.Job:  map 51% reduce 15%
20/06/08 20:44:02 INFO mapreduce.Job:  map 52% reduce 16%
20/06/08 20:44:05 INFO mapreduce.Job:  map 53% reduce 16%
20/06/08 20:44:07 INFO mapreduce.Job:  map 53% reduce 17%
20/06/08 20:44:11 INFO mapreduce.Job:  map 54% reduce 17%
20/06/08 20:44:14 INFO mapreduce.Job:  map 55% reduce 17%
20/06/08 20:44:21 INFO mapreduce.Job:  map 56% reduce 17%
20/06/08 20:44:24 INFO mapreduce.Job:  map 57% reduce 17%
20/06/08 20:44:29 INFO mapreduce.Job:  map 58% reduce 17%
20/06/08 20:44:34 INFO mapreduce.Job:  map 59% reduce 17%
20/06/08 20:44:38 INFO mapreduce.Job:  map 60% reduce 17%
20/06/08 20:44:43 INFO mapreduce.Job:  map 61% reduce 17%
20/06/08 20:44:44 INFO mapreduce.Job:  map 61% reduce 18%
20/06/08 20:44:46 INFO mapreduce.Job:  map 62% reduce 18%
20/06/08 20:44:47 INFO mapreduce.Job:  map 63% reduce 19%
20/06/08 20:44:50 INFO mapreduce.Job:  map 63% reduce 20%
20/06/08 20:44:51 INFO mapreduce.Job:  map 64% reduce 20%
20/06/08 20:44:57 INFO mapreduce.Job:  map 65% reduce 20%
20/06/08 20:44:58 INFO mapreduce.Job:  map 66% reduce 20%
20/06/08 20:44:59 INFO mapreduce.Job:  map 67% reduce 21%
20/06/08 20:45:02 INFO mapreduce.Job:  map 67% reduce 22%
20/06/08 20:45:05 INFO mapreduce.Job:  map 68% reduce 22%
20/06/08 20:45:11 INFO mapreduce.Job:  map 69% reduce 22%
20/06/08 20:45:14 INFO mapreduce.Job:  map 70% reduce 22%
20/06/08 20:45:20 INFO mapreduce.Job:  map 71% reduce 22%
20/06/08 20:45:26 INFO mapreduce.Job:  map 72% reduce 22%
20/06/08 20:45:30 INFO mapreduce.Job:  map 73% reduce 22%
20/06/08 20:45:35 INFO mapreduce.Job:  map 74% reduce 22%
20/06/08 20:45:37 INFO mapreduce.Job:  map 75% reduce 22%
20/06/08 20:45:39 INFO mapreduce.Job:  map 75% reduce 23%
20/06/08 20:45:42 INFO mapreduce.Job:  map 76% reduce 23%
20/06/08 20:45:49 INFO mapreduce.Job:  map 78% reduce 23%
20/06/08 20:45:50 INFO mapreduce.Job:  map 79% reduce 23%
20/06/08 20:45:51 INFO mapreduce.Job:  map 79% reduce 24%
20/06/08 20:45:52 INFO mapreduce.Job:  map 80% reduce 24%
20/06/08 20:45:54 INFO mapreduce.Job:  map 80% reduce 26%
20/06/08 20:45:57 INFO mapreduce.Job:  map 81% reduce 26%
20/06/08 20:46:00 INFO mapreduce.Job:  map 81% reduce 27%
20/06/08 20:46:01 INFO mapreduce.Job:  map 82% reduce 27%
20/06/08 20:46:03 INFO mapreduce.Job:  map 83% reduce 27%
20/06/08 20:46:05 INFO mapreduce.Job:  map 84% reduce 27%
20/06/08 20:46:07 INFO mapreduce.Job:  map 85% reduce 27%
20/06/08 20:46:09 INFO mapreduce.Job:  map 86% reduce 27%
20/06/08 20:46:12 INFO mapreduce.Job:  map 88% reduce 27%
20/06/08 20:46:16 INFO mapreduce.Job:  map 89% reduce 28%
20/06/08 20:46:19 INFO mapreduce.Job:  map 90% reduce 28%
20/06/08 20:46:21 INFO mapreduce.Job:  map 91% reduce 28%
20/06/08 20:46:22 INFO mapreduce.Job:  map 91% reduce 29%
20/06/08 20:46:23 INFO mapreduce.Job:  map 92% reduce 29%
20/06/08 20:46:25 INFO mapreduce.Job:  map 93% reduce 29%
20/06/08 20:46:28 INFO mapreduce.Job:  map 94% reduce 29%
20/06/08 20:46:30 INFO mapreduce.Job:  map 95% reduce 29%
20/06/08 20:46:31 INFO mapreduce.Job:  map 97% reduce 30%
20/06/08 20:46:33 INFO mapreduce.Job:  map 98% reduce 30%
20/06/08 20:46:34 INFO mapreduce.Job:  map 98% reduce 31%
20/06/08 20:46:36 INFO mapreduce.Job:  map 99% reduce 31%
20/06/08 20:46:37 INFO mapreduce.Job:  map 99% reduce 32%
20/06/08 20:46:39 INFO mapreduce.Job:  map 100% reduce 32%
20/06/08 20:46:40 INFO mapreduce.Job:  map 100% reduce 33%
20/06/08 20:46:43 INFO mapreduce.Job:  map 100% reduce 69%
20/06/08 20:46:46 INFO mapreduce.Job:  map 100% reduce 75%
20/06/08 20:46:49 INFO mapreduce.Job:  map 100% reduce 81%
20/06/08 20:46:52 INFO mapreduce.Job:  map 100% reduce 88%
20/06/08 20:46:55 INFO mapreduce.Job:  map 100% reduce 100%
20/06/08 20:46:56 INFO mapreduce.Job: Job job_1591613338283_0019 completed successfully
20/06/08 20:46:56 INFO mapreduce.Job: Counters: 50
	File System Counters
		FILE: Number of bytes read=1410785090
		FILE: Number of bytes written=2103442174
		FILE: Number of read operations=0
		FILE: Number of large read operations=0
		FILE: Number of write operations=0
		HDFS: Number of bytes read=11024535544
		HDFS: Number of bytes written=316853982
		HDFS: Number of read operations=273
		HDFS: Number of large read operations=0
		HDFS: Number of write operations=2
	Job Counters 
		Killed map tasks=1
		Launched map tasks=91
		Launched reduce tasks=1
		Data-local map tasks=91
		Total time spent by all maps in occupied slots (ms)=4743204
		Total time spent by all reduces in occupied slots (ms)=318457
		Total time spent by all map tasks (ms)=4743204
		Total time spent by all reduce tasks (ms)=318457
		Total vcore-milliseconds taken by all map tasks=4743204
		Total vcore-milliseconds taken by all reduce tasks=318457
		Total megabyte-milliseconds taken by all map tasks=4857040896
		Total megabyte-milliseconds taken by all reduce tasks=326099968
	Map-Reduce Framework
		Map input records=1636294
		Map output records=1010690877
		Map output bytes=15227799774
		Map output materialized bytes=681477440
		Input split bytes=10530
		Combine input records=1035456628
		Combine output records=47406010
		Reduce input groups=9906846
		Reduce shuffle bytes=681477440
		Reduce input records=22640259
		Reduce output records=9906846
		Spilled Records=70046269
		Shuffled Maps =90
		Failed Shuffles=0
		Merged Map outputs=90
		GC time elapsed (ms)=96627
		CPU time spent (ms)=1922770
		Physical memory (bytes) snapshot=25050669056
		Virtual memory (bytes) snapshot=191954538496
		Total committed heap usage (bytes)=18917359616
	Shuffle Errors
		BAD_ID=0
		CONNECTION=0
		IO_ERROR=0
		WRONG_LENGTH=0
		WRONG_MAP=0
		WRONG_REDUCE=0
	File Input Format Counters 
		Bytes Read=11024525014
	File Output Format Counters 
		Bytes Written=316853982
