20/06/08 19:56:23 INFO client.RMProxy: Connecting to ResourceManager at master/10.51.17.95:8032
20/06/08 19:56:24 INFO input.FileInputFormat: Total input paths to process : 10
20/06/08 19:56:24 INFO mapreduce.JobSubmitter: number of splits:90
20/06/08 19:56:25 INFO mapreduce.JobSubmitter: Submitting tokens for job: job_1591613338283_0005
20/06/08 19:56:25 INFO impl.YarnClientImpl: Submitted application application_1591613338283_0005
20/06/08 19:56:25 INFO mapreduce.Job: The url to track the job: http://master:8088/proxy/application_1591613338283_0005/
20/06/08 19:56:25 INFO mapreduce.Job: Running job: job_1591613338283_0005
20/06/08 19:56:32 INFO mapreduce.Job: Job job_1591613338283_0005 running in uber mode : false
20/06/08 19:56:32 INFO mapreduce.Job:  map 0% reduce 0%
20/06/08 19:56:46 INFO mapreduce.Job:  map 1% reduce 0%
20/06/08 19:56:47 INFO mapreduce.Job:  map 2% reduce 0%
20/06/08 19:56:49 INFO mapreduce.Job:  map 3% reduce 0%
20/06/08 19:56:59 INFO mapreduce.Job:  map 4% reduce 0%
20/06/08 19:57:03 INFO mapreduce.Job:  map 5% reduce 0%
20/06/08 19:57:08 INFO mapreduce.Job:  map 6% reduce 0%
20/06/08 19:57:13 INFO mapreduce.Job:  map 7% reduce 0%
20/06/08 19:57:16 INFO mapreduce.Job:  map 8% reduce 0%
20/06/08 19:57:22 INFO mapreduce.Job:  map 9% reduce 0%
20/06/08 19:57:25 INFO mapreduce.Job:  map 10% reduce 0%
20/06/08 19:57:26 INFO mapreduce.Job:  map 11% reduce 0%
20/06/08 19:57:28 INFO mapreduce.Job:  map 12% reduce 0%
20/06/08 19:57:37 INFO mapreduce.Job:  map 13% reduce 0%
20/06/08 19:57:41 INFO mapreduce.Job:  map 14% reduce 0%
20/06/08 19:57:43 INFO mapreduce.Job:  map 16% reduce 0%
20/06/08 19:57:45 INFO mapreduce.Job:  map 17% reduce 0%
20/06/08 19:57:51 INFO mapreduce.Job:  map 18% reduce 0%
20/06/08 19:57:56 INFO mapreduce.Job:  map 19% reduce 5%
20/06/08 19:58:00 INFO mapreduce.Job:  map 20% reduce 5%
20/06/08 19:58:06 INFO mapreduce.Job:  map 21% reduce 5%
20/06/08 19:58:11 INFO mapreduce.Job:  map 22% reduce 5%
20/06/08 19:58:16 INFO mapreduce.Job:  map 23% reduce 5%
20/06/08 19:58:17 INFO mapreduce.Job:  map 24% reduce 6%
20/06/08 19:58:21 INFO mapreduce.Job:  map 25% reduce 7%
20/06/08 19:58:26 INFO mapreduce.Job:  map 26% reduce 7%
20/06/08 19:58:29 INFO mapreduce.Job:  map 27% reduce 7%
20/06/08 19:58:33 INFO mapreduce.Job:  map 28% reduce 7%
20/06/08 19:58:39 INFO mapreduce.Job:  map 29% reduce 7%
20/06/08 19:58:42 INFO mapreduce.Job:  map 30% reduce 7%
20/06/08 19:58:45 INFO mapreduce.Job:  map 30% reduce 8%
20/06/08 19:58:46 INFO mapreduce.Job:  map 31% reduce 8%
20/06/08 19:58:48 INFO mapreduce.Job:  map 32% reduce 9%
20/06/08 19:58:51 INFO mapreduce.Job:  map 32% reduce 10%
20/06/08 19:58:52 INFO mapreduce.Job:  map 33% reduce 10%
20/06/08 19:58:56 INFO mapreduce.Job:  map 34% reduce 10%
20/06/08 19:59:01 INFO mapreduce.Job:  map 35% reduce 10%
20/06/08 19:59:06 INFO mapreduce.Job:  map 36% reduce 10%
20/06/08 19:59:08 INFO mapreduce.Job:  map 37% reduce 10%
20/06/08 19:59:10 INFO mapreduce.Job:  map 37% reduce 11%
20/06/08 19:59:11 INFO mapreduce.Job:  map 38% reduce 11%
20/06/08 19:59:16 INFO mapreduce.Job:  map 39% reduce 12%
20/06/08 19:59:20 INFO mapreduce.Job:  map 40% reduce 12%
20/06/08 19:59:25 INFO mapreduce.Job:  map 41% reduce 12%
20/06/08 19:59:30 INFO mapreduce.Job:  map 42% reduce 12%
20/06/08 19:59:34 INFO mapreduce.Job:  map 43% reduce 12%
20/06/08 19:59:40 INFO mapreduce.Job:  map 44% reduce 12%
20/06/08 19:59:44 INFO mapreduce.Job:  map 45% reduce 12%
20/06/08 19:59:47 INFO mapreduce.Job:  map 45% reduce 13%
20/06/08 19:59:49 INFO mapreduce.Job:  map 46% reduce 13%
20/06/08 19:59:51 INFO mapreduce.Job:  map 47% reduce 13%
20/06/08 19:59:53 INFO mapreduce.Job:  map 47% reduce 14%
20/06/08 19:59:55 INFO mapreduce.Job:  map 48% reduce 14%
20/06/08 19:59:58 INFO mapreduce.Job:  map 49% reduce 14%
20/06/08 19:59:59 INFO mapreduce.Job:  map 49% reduce 15%
20/06/08 20:00:02 INFO mapreduce.Job:  map 50% reduce 15%
20/06/08 20:00:04 INFO mapreduce.Job:  map 51% reduce 15%
20/06/08 20:00:05 INFO mapreduce.Job:  map 51% reduce 16%
20/06/08 20:00:08 INFO mapreduce.Job:  map 52% reduce 16%
20/06/08 20:00:11 INFO mapreduce.Job:  map 52% reduce 17%
20/06/08 20:00:12 INFO mapreduce.Job:  map 53% reduce 17%
20/06/08 20:00:16 INFO mapreduce.Job:  map 54% reduce 17%
20/06/08 20:00:20 INFO mapreduce.Job:  map 55% reduce 17%
20/06/08 20:00:27 INFO mapreduce.Job:  map 56% reduce 17%
20/06/08 20:00:32 INFO mapreduce.Job:  map 57% reduce 17%
20/06/08 20:00:36 INFO mapreduce.Job:  map 58% reduce 17%
20/06/08 20:00:41 INFO mapreduce.Job:  map 59% reduce 17%
20/06/08 20:00:44 INFO mapreduce.Job:  map 60% reduce 17%
20/06/08 20:00:47 INFO mapreduce.Job:  map 61% reduce 17%
20/06/08 20:00:48 INFO mapreduce.Job:  map 61% reduce 18%
20/06/08 20:00:52 INFO mapreduce.Job:  map 62% reduce 18%
20/06/08 20:00:53 INFO mapreduce.Job:  map 62% reduce 19%
20/06/08 20:00:55 INFO mapreduce.Job:  map 63% reduce 19%
20/06/08 20:00:58 INFO mapreduce.Job:  map 64% reduce 19%
20/06/08 20:00:59 INFO mapreduce.Job:  map 64% reduce 20%
20/06/08 20:01:00 INFO mapreduce.Job:  map 65% reduce 20%
20/06/08 20:01:03 INFO mapreduce.Job:  map 66% reduce 21%
20/06/08 20:01:08 INFO mapreduce.Job:  map 67% reduce 21%
20/06/08 20:01:13 INFO mapreduce.Job:  map 68% reduce 22%
20/06/08 20:01:17 INFO mapreduce.Job:  map 69% reduce 22%
20/06/08 20:01:23 INFO mapreduce.Job:  map 70% reduce 22%
20/06/08 20:01:27 INFO mapreduce.Job:  map 71% reduce 22%
20/06/08 20:01:32 INFO mapreduce.Job:  map 72% reduce 22%
20/06/08 20:01:36 INFO mapreduce.Job:  map 73% reduce 22%
20/06/08 20:01:41 INFO mapreduce.Job:  map 74% reduce 22%
20/06/08 20:01:44 INFO mapreduce.Job:  map 75% reduce 22%
20/06/08 20:01:49 INFO mapreduce.Job:  map 76% reduce 23%
20/06/08 20:01:51 INFO mapreduce.Job:  map 77% reduce 23%
20/06/08 20:01:52 INFO mapreduce.Job:  map 77% reduce 24%
20/06/08 20:01:53 INFO mapreduce.Job:  map 78% reduce 24%
20/06/08 20:01:57 INFO mapreduce.Job:  map 79% reduce 24%
20/06/08 20:01:58 INFO mapreduce.Job:  map 79% reduce 25%
20/06/08 20:02:01 INFO mapreduce.Job:  map 79% reduce 26%
20/06/08 20:02:02 INFO mapreduce.Job:  map 80% reduce 26%
20/06/08 20:02:05 INFO mapreduce.Job:  map 81% reduce 26%
20/06/08 20:02:07 INFO mapreduce.Job:  map 82% reduce 27%
20/06/08 20:02:08 INFO mapreduce.Job:  map 83% reduce 27%
20/06/08 20:02:12 INFO mapreduce.Job:  map 84% reduce 27%
20/06/08 20:02:15 INFO mapreduce.Job:  map 85% reduce 27%
20/06/08 20:02:18 INFO mapreduce.Job:  map 86% reduce 27%
20/06/08 20:02:19 INFO mapreduce.Job:  map 88% reduce 27%
20/06/08 20:02:24 INFO mapreduce.Job:  map 90% reduce 27%
20/06/08 20:02:25 INFO mapreduce.Job:  map 90% reduce 28%
20/06/08 20:02:28 INFO mapreduce.Job:  map 91% reduce 28%
20/06/08 20:02:32 INFO mapreduce.Job:  map 92% reduce 29%
20/06/08 20:02:34 INFO mapreduce.Job:  map 93% reduce 29%
20/06/08 20:02:35 INFO mapreduce.Job:  map 94% reduce 29%
20/06/08 20:02:39 INFO mapreduce.Job:  map 95% reduce 29%
20/06/08 20:02:40 INFO mapreduce.Job:  map 96% reduce 29%
20/06/08 20:02:41 INFO mapreduce.Job:  map 97% reduce 30%
20/06/08 20:02:42 INFO mapreduce.Job:  map 98% reduce 30%
20/06/08 20:02:44 INFO mapreduce.Job:  map 98% reduce 31%
20/06/08 20:02:46 INFO mapreduce.Job:  map 99% reduce 31%
20/06/08 20:02:47 INFO mapreduce.Job:  map 100% reduce 32%
20/06/08 20:02:50 INFO mapreduce.Job:  map 100% reduce 67%
20/06/08 20:02:53 INFO mapreduce.Job:  map 100% reduce 72%
20/06/08 20:02:56 INFO mapreduce.Job:  map 100% reduce 78%
20/06/08 20:02:59 INFO mapreduce.Job:  map 100% reduce 84%
20/06/08 20:03:02 INFO mapreduce.Job:  map 100% reduce 92%
20/06/08 20:03:04 INFO mapreduce.Job:  map 100% reduce 100%
20/06/08 20:03:04 INFO mapreduce.Job: Job job_1591613338283_0005 completed successfully
20/06/08 20:03:04 INFO mapreduce.Job: Counters: 51
	File System Counters
		FILE: Number of bytes read=1487471162
		FILE: Number of bytes written=2218581495
		FILE: Number of read operations=0
		FILE: Number of large read operations=0
		FILE: Number of write operations=0
		HDFS: Number of bytes read=11025500379
		HDFS: Number of bytes written=349584088
		HDFS: Number of read operations=273
		HDFS: Number of large read operations=0
		HDFS: Number of write operations=2
	Job Counters 
		Killed map tasks=1
		Launched map tasks=91
		Launched reduce tasks=1
		Data-local map tasks=89
		Rack-local map tasks=2
		Total time spent by all maps in occupied slots (ms)=4783893
		Total time spent by all reduces in occupied slots (ms)=319485
		Total time spent by all map tasks (ms)=4783893
		Total time spent by all reduce tasks (ms)=319485
		Total vcore-milliseconds taken by all map tasks=4783893
		Total vcore-milliseconds taken by all reduce tasks=319485
		Total megabyte-milliseconds taken by all map tasks=4898706432
		Total megabyte-milliseconds taken by all reduce tasks=327152640
	Map-Reduce Framework
		Map input records=266554
		Map output records=1009314728
		Map output bytes=15221389209
		Map output materialized bytes=719930689
		Input split bytes=10530
		Combine input records=1034082841
		Combine output records=47412392
		Reduce input groups=9909313
		Reduce shuffle bytes=719930689
		Reduce input records=22644279
		Reduce output records=9909313
		Spilled Records=70056671
		Shuffled Maps =90
		Failed Shuffles=0
		Merged Map outputs=90
		GC time elapsed (ms)=97442
		CPU time spent (ms)=1922960
		Physical memory (bytes) snapshot=25125953536
		Virtual memory (bytes) snapshot=191961444352
		Total committed heap usage (bytes)=18911592448
	Shuffle Errors
		BAD_ID=0
		CONNECTION=0
		IO_ERROR=0
		WRONG_LENGTH=0
		WRONG_MAP=0
		WRONG_REDUCE=0
	File Input Format Counters 
		Bytes Read=11025489849
	File Output Format Counters 
		Bytes Written=349584088
