20/06/08 20:18:28 INFO client.RMProxy: Connecting to ResourceManager at master/10.51.17.95:8032
20/06/08 20:18:28 INFO input.FileInputFormat: Total input paths to process : 10
20/06/08 20:18:28 INFO mapreduce.JobSubmitter: number of splits:90
20/06/08 20:18:28 INFO mapreduce.JobSubmitter: Submitting tokens for job: job_1591613338283_0012
20/06/08 20:18:28 INFO impl.YarnClientImpl: Submitted application application_1591613338283_0012
20/06/08 20:18:28 INFO mapreduce.Job: The url to track the job: http://master:8088/proxy/application_1591613338283_0012/
20/06/08 20:18:28 INFO mapreduce.Job: Running job: job_1591613338283_0012
20/06/08 20:18:36 INFO mapreduce.Job: Job job_1591613338283_0012 running in uber mode : false
20/06/08 20:18:36 INFO mapreduce.Job:  map 0% reduce 0%
20/06/08 20:18:51 INFO mapreduce.Job:  map 1% reduce 0%
20/06/08 20:18:52 INFO mapreduce.Job:  map 2% reduce 0%
20/06/08 20:18:54 INFO mapreduce.Job:  map 3% reduce 0%
20/06/08 20:19:03 INFO mapreduce.Job:  map 4% reduce 0%
20/06/08 20:19:08 INFO mapreduce.Job:  map 5% reduce 0%
20/06/08 20:19:10 INFO mapreduce.Job:  map 6% reduce 0%
20/06/08 20:19:19 INFO mapreduce.Job:  map 7% reduce 0%
20/06/08 20:19:22 INFO mapreduce.Job:  map 8% reduce 0%
20/06/08 20:19:26 INFO mapreduce.Job:  map 9% reduce 0%
20/06/08 20:19:31 INFO mapreduce.Job:  map 10% reduce 0%
20/06/08 20:19:33 INFO mapreduce.Job:  map 11% reduce 0%
20/06/08 20:19:34 INFO mapreduce.Job:  map 12% reduce 0%
20/06/08 20:19:42 INFO mapreduce.Job:  map 13% reduce 0%
20/06/08 20:19:46 INFO mapreduce.Job:  map 14% reduce 0%
20/06/08 20:19:47 INFO mapreduce.Job:  map 15% reduce 0%
20/06/08 20:19:49 INFO mapreduce.Job:  map 17% reduce 0%
20/06/08 20:19:55 INFO mapreduce.Job:  map 18% reduce 0%
20/06/08 20:20:02 INFO mapreduce.Job:  map 19% reduce 0%
20/06/08 20:20:04 INFO mapreduce.Job:  map 19% reduce 5%
20/06/08 20:20:06 INFO mapreduce.Job:  map 20% reduce 5%
20/06/08 20:20:11 INFO mapreduce.Job:  map 21% reduce 5%
20/06/08 20:20:16 INFO mapreduce.Job:  map 22% reduce 5%
20/06/08 20:20:20 INFO mapreduce.Job:  map 23% reduce 5%
20/06/08 20:20:22 INFO mapreduce.Job:  map 23% reduce 6%
20/06/08 20:20:23 INFO mapreduce.Job:  map 24% reduce 6%
20/06/08 20:20:26 INFO mapreduce.Job:  map 25% reduce 6%
20/06/08 20:20:28 INFO mapreduce.Job:  map 25% reduce 7%
20/06/08 20:20:31 INFO mapreduce.Job:  map 26% reduce 7%
20/06/08 20:20:34 INFO mapreduce.Job:  map 27% reduce 7%
20/06/08 20:20:39 INFO mapreduce.Job:  map 28% reduce 7%
20/06/08 20:20:45 INFO mapreduce.Job:  map 29% reduce 7%
20/06/08 20:20:48 INFO mapreduce.Job:  map 30% reduce 7%
20/06/08 20:20:50 INFO mapreduce.Job:  map 30% reduce 8%
20/06/08 20:20:53 INFO mapreduce.Job:  map 31% reduce 8%
20/06/08 20:20:54 INFO mapreduce.Job:  map 32% reduce 8%
20/06/08 20:20:56 INFO mapreduce.Job:  map 32% reduce 9%
20/06/08 20:20:58 INFO mapreduce.Job:  map 33% reduce 9%
20/06/08 20:20:59 INFO mapreduce.Job:  map 33% reduce 10%
20/06/08 20:21:02 INFO mapreduce.Job:  map 34% reduce 10%
20/06/08 20:21:07 INFO mapreduce.Job:  map 35% reduce 10%
20/06/08 20:21:12 INFO mapreduce.Job:  map 36% reduce 10%
20/06/08 20:21:14 INFO mapreduce.Job:  map 37% reduce 10%
20/06/08 20:21:17 INFO mapreduce.Job:  map 38% reduce 11%
20/06/08 20:21:20 INFO mapreduce.Job:  map 39% reduce 12%
20/06/08 20:21:26 INFO mapreduce.Job:  map 40% reduce 12%
20/06/08 20:21:29 INFO mapreduce.Job:  map 41% reduce 12%
20/06/08 20:21:35 INFO mapreduce.Job:  map 42% reduce 12%
20/06/08 20:21:38 INFO mapreduce.Job:  map 43% reduce 12%
20/06/08 20:21:46 INFO mapreduce.Job:  map 44% reduce 12%
20/06/08 20:21:47 INFO mapreduce.Job:  map 45% reduce 12%
20/06/08 20:21:48 INFO mapreduce.Job:  map 45% reduce 13%
20/06/08 20:21:52 INFO mapreduce.Job:  map 46% reduce 13%
20/06/08 20:21:54 INFO mapreduce.Job:  map 47% reduce 13%
20/06/08 20:21:56 INFO mapreduce.Job:  map 47% reduce 14%
20/06/08 20:21:58 INFO mapreduce.Job:  map 48% reduce 14%
20/06/08 20:22:03 INFO mapreduce.Job:  map 49% reduce 14%
20/06/08 20:22:06 INFO mapreduce.Job:  map 50% reduce 15%
20/06/08 20:22:08 INFO mapreduce.Job:  map 51% reduce 15%
20/06/08 20:22:09 INFO mapreduce.Job:  map 51% reduce 16%
20/06/08 20:22:10 INFO mapreduce.Job:  map 52% reduce 16%
20/06/08 20:22:12 INFO mapreduce.Job:  map 52% reduce 17%
20/06/08 20:22:17 INFO mapreduce.Job:  map 53% reduce 17%
20/06/08 20:22:20 INFO mapreduce.Job:  map 54% reduce 17%
20/06/08 20:22:26 INFO mapreduce.Job:  map 55% reduce 17%
20/06/08 20:22:30 INFO mapreduce.Job:  map 56% reduce 17%
20/06/08 20:22:35 INFO mapreduce.Job:  map 57% reduce 17%
20/06/08 20:22:40 INFO mapreduce.Job:  map 58% reduce 17%
20/06/08 20:22:43 INFO mapreduce.Job:  map 59% reduce 17%
20/06/08 20:22:50 INFO mapreduce.Job:  map 60% reduce 17%
20/06/08 20:22:54 INFO mapreduce.Job:  map 61% reduce 17%
20/06/08 20:22:56 INFO mapreduce.Job:  map 62% reduce 17%
20/06/08 20:22:58 INFO mapreduce.Job:  map 62% reduce 19%
20/06/08 20:22:59 INFO mapreduce.Job:  map 63% reduce 19%
20/06/08 20:23:01 INFO mapreduce.Job:  map 63% reduce 20%
20/06/08 20:23:02 INFO mapreduce.Job:  map 64% reduce 20%
20/06/08 20:23:03 INFO mapreduce.Job:  map 65% reduce 20%
20/06/08 20:23:07 INFO mapreduce.Job:  map 66% reduce 21%
20/06/08 20:23:12 INFO mapreduce.Job:  map 67% reduce 21%
20/06/08 20:23:15 INFO mapreduce.Job:  map 68% reduce 21%
20/06/08 20:23:16 INFO mapreduce.Job:  map 68% reduce 22%
20/06/08 20:23:19 INFO mapreduce.Job:  map 69% reduce 22%
20/06/08 20:23:24 INFO mapreduce.Job:  map 70% reduce 22%
20/06/08 20:23:28 INFO mapreduce.Job:  map 71% reduce 22%
20/06/08 20:23:35 INFO mapreduce.Job:  map 72% reduce 22%
20/06/08 20:23:40 INFO mapreduce.Job:  map 73% reduce 22%
20/06/08 20:23:43 INFO mapreduce.Job:  map 74% reduce 22%
20/06/08 20:23:49 INFO mapreduce.Job:  map 75% reduce 22%
20/06/08 20:23:52 INFO mapreduce.Job:  map 76% reduce 23%
20/06/08 20:23:54 INFO mapreduce.Job:  map 77% reduce 23%
20/06/08 20:23:55 INFO mapreduce.Job:  map 78% reduce 24%
20/06/08 20:23:58 INFO mapreduce.Job:  map 78% reduce 25%
20/06/08 20:24:01 INFO mapreduce.Job:  map 79% reduce 25%
20/06/08 20:24:04 INFO mapreduce.Job:  map 79% reduce 26%
20/06/08 20:24:05 INFO mapreduce.Job:  map 80% reduce 26%
20/06/08 20:24:06 INFO mapreduce.Job:  map 81% reduce 26%
20/06/08 20:24:07 INFO mapreduce.Job:  map 82% reduce 26%
20/06/08 20:24:14 INFO mapreduce.Job:  map 83% reduce 27%
20/06/08 20:24:16 INFO mapreduce.Job:  map 84% reduce 27%
20/06/08 20:24:18 INFO mapreduce.Job:  map 85% reduce 27%
20/06/08 20:24:20 INFO mapreduce.Job:  map 86% reduce 27%
20/06/08 20:24:22 INFO mapreduce.Job:  map 87% reduce 27%
20/06/08 20:24:25 INFO mapreduce.Job:  map 88% reduce 27%
20/06/08 20:24:26 INFO mapreduce.Job:  map 88% reduce 28%
20/06/08 20:24:28 INFO mapreduce.Job:  map 89% reduce 28%
20/06/08 20:24:30 INFO mapreduce.Job:  map 90% reduce 28%
20/06/08 20:24:32 INFO mapreduce.Job:  map 91% reduce 29%
20/06/08 20:24:35 INFO mapreduce.Job:  map 92% reduce 29%
20/06/08 20:24:36 INFO mapreduce.Job:  map 93% reduce 29%
20/06/08 20:24:40 INFO mapreduce.Job:  map 95% reduce 29%
20/06/08 20:24:41 INFO mapreduce.Job:  map 96% reduce 29%
20/06/08 20:24:43 INFO mapreduce.Job:  map 97% reduce 29%
20/06/08 20:24:44 INFO mapreduce.Job:  map 97% reduce 31%
20/06/08 20:24:45 INFO mapreduce.Job:  map 98% reduce 31%
20/06/08 20:24:47 INFO mapreduce.Job:  map 98% reduce 32%
20/06/08 20:24:49 INFO mapreduce.Job:  map 99% reduce 32%
20/06/08 20:24:53 INFO mapreduce.Job:  map 100% reduce 33%
20/06/08 20:24:56 INFO mapreduce.Job:  map 100% reduce 67%
20/06/08 20:24:59 INFO mapreduce.Job:  map 100% reduce 73%
20/06/08 20:25:02 INFO mapreduce.Job:  map 100% reduce 79%
20/06/08 20:25:05 INFO mapreduce.Job:  map 100% reduce 85%
20/06/08 20:25:08 INFO mapreduce.Job:  map 100% reduce 93%
20/06/08 20:25:10 INFO mapreduce.Job:  map 100% reduce 100%
20/06/08 20:25:11 INFO mapreduce.Job: Job job_1591613338283_0012 completed successfully
20/06/08 20:25:11 INFO mapreduce.Job: Counters: 50
	File System Counters
		FILE: Number of bytes read=1451778050
		FILE: Number of bytes written=2164459746
		FILE: Number of read operations=0
		FILE: Number of large read operations=0
		FILE: Number of write operations=0
		HDFS: Number of bytes read=11025337169
		HDFS: Number of bytes written=330808174
		HDFS: Number of read operations=273
		HDFS: Number of large read operations=0
		HDFS: Number of write operations=2
	Job Counters 
		Killed map tasks=1
		Launched map tasks=91
		Launched reduce tasks=1
		Data-local map tasks=91
		Total time spent by all maps in occupied slots (ms)=4793265
		Total time spent by all reduces in occupied slots (ms)=320078
		Total time spent by all map tasks (ms)=4793265
		Total time spent by all reduce tasks (ms)=320078
		Total vcore-milliseconds taken by all map tasks=4793265
		Total vcore-milliseconds taken by all reduce tasks=320078
		Total megabyte-milliseconds taken by all map tasks=4908303360
		Total megabyte-milliseconds taken by all reduce tasks=327759872
	Map-Reduce Framework
		Map input records=723302
		Map output records=1009759843
		Map output bytes=15224550755
		Map output materialized bytes=701502052
		Input split bytes=10530
		Combine input records=1034516452
		Combine output records=47350427
		Reduce input groups=9725315
		Reduce shuffle bytes=701502052
		Reduce input records=22593818
		Reduce output records=9725315
		Spilled Records=69944245
		Shuffled Maps =90
		Failed Shuffles=0
		Merged Map outputs=90
		GC time elapsed (ms)=97683
		CPU time spent (ms)=1926330
		Physical memory (bytes) snapshot=25079865344
		Virtual memory (bytes) snapshot=192000999424
		Total committed heap usage (bytes)=18910543872
	Shuffle Errors
		BAD_ID=0
		CONNECTION=0
		IO_ERROR=0
		WRONG_LENGTH=0
		WRONG_MAP=0
		WRONG_REDUCE=0
	File Input Format Counters 
		Bytes Read=11025326639
	File Output Format Counters 
		Bytes Written=330808174
