20/06/14 17:33:58 INFO client.RMProxy: Connecting to ResourceManager at master/10.51.17.95:8032
20/06/14 17:33:58 INFO input.FileInputFormat: Total input paths to process : 10
20/06/14 17:33:58 INFO mapreduce.JobSubmitter: number of splits:90
20/06/14 17:33:58 INFO mapreduce.JobSubmitter: Submitting tokens for job: job_1592120413148_0005
20/06/14 17:33:59 INFO impl.YarnClientImpl: Submitted application application_1592120413148_0005
20/06/14 17:33:59 INFO mapreduce.Job: The url to track the job: http://master:8088/proxy/application_1592120413148_0005/
20/06/14 17:33:59 INFO mapreduce.Job: Running job: job_1592120413148_0005
20/06/14 17:34:05 INFO mapreduce.Job: Job job_1592120413148_0005 running in uber mode : false
20/06/14 17:34:05 INFO mapreduce.Job:  map 0% reduce 0%
20/06/14 17:34:16 INFO mapreduce.Job:  map 1% reduce 0%
20/06/14 17:34:32 INFO mapreduce.Job:  map 2% reduce 0%
20/06/14 17:34:40 INFO mapreduce.Job:  map 3% reduce 0%
20/06/14 17:34:55 INFO mapreduce.Job:  map 4% reduce 0%
20/06/14 17:35:05 INFO mapreduce.Job:  map 5% reduce 0%
20/06/14 17:35:14 INFO mapreduce.Job:  map 6% reduce 0%
20/06/14 17:35:23 INFO mapreduce.Job:  map 7% reduce 0%
20/06/14 17:35:38 INFO mapreduce.Job:  map 8% reduce 0%
20/06/14 17:35:47 INFO mapreduce.Job:  map 9% reduce 0%
20/06/14 17:36:01 INFO mapreduce.Job:  map 10% reduce 0%
20/06/14 17:36:12 INFO mapreduce.Job:  map 11% reduce 0%
20/06/14 17:36:25 INFO mapreduce.Job:  map 12% reduce 0%
20/06/14 17:36:37 INFO mapreduce.Job:  map 13% reduce 0%
20/06/14 17:36:47 INFO mapreduce.Job:  map 14% reduce 0%
20/06/14 17:37:00 INFO mapreduce.Job:  map 15% reduce 0%
20/06/14 17:37:07 INFO mapreduce.Job:  map 16% reduce 0%
20/06/14 17:37:22 INFO mapreduce.Job:  map 17% reduce 0%
20/06/14 17:37:32 INFO mapreduce.Job:  map 18% reduce 0%
20/06/14 17:37:46 INFO mapreduce.Job:  map 19% reduce 0%
20/06/14 17:37:57 INFO mapreduce.Job:  map 20% reduce 0%
20/06/14 17:38:09 INFO mapreduce.Job:  map 21% reduce 0%
20/06/14 17:38:23 INFO mapreduce.Job:  map 22% reduce 0%
20/06/14 17:38:35 INFO mapreduce.Job:  map 23% reduce 0%
20/06/14 17:38:47 INFO mapreduce.Job:  map 24% reduce 0%
20/06/14 17:38:58 INFO mapreduce.Job:  map 25% reduce 0%
20/06/14 17:39:10 INFO mapreduce.Job:  map 26% reduce 0%
20/06/14 17:39:21 INFO mapreduce.Job:  map 27% reduce 0%
20/06/14 17:39:33 INFO mapreduce.Job:  map 28% reduce 0%
20/06/14 17:39:45 INFO mapreduce.Job:  map 29% reduce 0%
20/06/14 17:39:57 INFO mapreduce.Job:  map 30% reduce 0%
20/06/14 17:40:09 INFO mapreduce.Job:  map 31% reduce 0%
20/06/14 17:40:24 INFO mapreduce.Job:  map 32% reduce 0%
20/06/14 17:40:34 INFO mapreduce.Job:  map 33% reduce 0%
20/06/14 17:40:43 INFO mapreduce.Job:  map 34% reduce 0%
20/06/14 17:40:58 INFO mapreduce.Job:  map 35% reduce 0%
20/06/14 17:41:06 INFO mapreduce.Job:  map 36% reduce 0%
20/06/14 17:41:20 INFO mapreduce.Job:  map 37% reduce 0%
20/06/14 17:41:29 INFO mapreduce.Job:  map 38% reduce 0%
20/06/14 17:41:38 INFO mapreduce.Job:  map 39% reduce 0%
20/06/14 17:41:48 INFO mapreduce.Job:  map 40% reduce 0%
20/06/14 17:42:01 INFO mapreduce.Job:  map 41% reduce 0%
20/06/14 17:42:12 INFO mapreduce.Job:  map 42% reduce 0%
20/06/14 17:42:20 INFO mapreduce.Job:  map 43% reduce 0%
20/06/14 17:42:34 INFO mapreduce.Job:  map 44% reduce 0%
20/06/14 17:42:43 INFO mapreduce.Job:  map 45% reduce 0%
20/06/14 17:42:55 INFO mapreduce.Job:  map 46% reduce 0%
20/06/14 17:43:04 INFO mapreduce.Job:  map 47% reduce 0%
20/06/14 17:43:16 INFO mapreduce.Job:  map 48% reduce 0%
20/06/14 17:43:25 INFO mapreduce.Job:  map 49% reduce 0%
20/06/14 17:43:37 INFO mapreduce.Job:  map 50% reduce 0%
20/06/14 17:43:48 INFO mapreduce.Job:  map 51% reduce 0%
20/06/14 17:44:01 INFO mapreduce.Job:  map 51% reduce 17%
20/06/14 17:44:02 INFO mapreduce.Job:  map 52% reduce 17%
20/06/14 17:44:20 INFO mapreduce.Job:  map 53% reduce 17%
20/06/14 17:44:35 INFO mapreduce.Job:  map 53% reduce 18%
20/06/14 17:44:43 INFO mapreduce.Job:  map 54% reduce 18%
20/06/14 17:45:06 INFO mapreduce.Job:  map 55% reduce 18%
20/06/14 17:45:20 INFO mapreduce.Job:  map 56% reduce 18%
20/06/14 17:45:24 INFO mapreduce.Job:  map 56% reduce 19%
20/06/14 17:45:44 INFO mapreduce.Job:  map 57% reduce 19%
20/06/14 17:46:06 INFO mapreduce.Job:  map 58% reduce 19%
20/06/14 17:46:27 INFO mapreduce.Job:  map 59% reduce 19%
20/06/14 17:46:30 INFO mapreduce.Job:  map 59% reduce 20%
20/06/14 17:46:46 INFO mapreduce.Job:  map 60% reduce 20%
20/06/14 17:47:09 INFO mapreduce.Job:  map 61% reduce 20%
20/06/14 17:47:28 INFO mapreduce.Job:  map 62% reduce 20%
20/06/14 17:47:39 INFO mapreduce.Job:  map 62% reduce 21%
20/06/14 17:47:45 INFO mapreduce.Job:  map 63% reduce 21%
20/06/14 17:48:07 INFO mapreduce.Job:  map 64% reduce 21%
20/06/14 17:48:31 INFO mapreduce.Job:  map 65% reduce 21%
20/06/14 17:48:46 INFO mapreduce.Job:  map 66% reduce 21%
20/06/14 17:48:48 INFO mapreduce.Job:  map 66% reduce 22%
20/06/14 17:49:11 INFO mapreduce.Job:  map 67% reduce 22%
20/06/14 17:49:35 INFO mapreduce.Job:  map 68% reduce 22%
20/06/14 17:49:36 INFO mapreduce.Job:  map 68% reduce 23%
20/06/14 17:49:58 INFO mapreduce.Job:  map 69% reduce 23%
20/06/14 17:50:16 INFO mapreduce.Job:  map 70% reduce 23%
20/06/14 17:50:41 INFO mapreduce.Job:  map 71% reduce 23%
20/06/14 17:50:48 INFO mapreduce.Job:  map 71% reduce 24%
20/06/14 17:51:02 INFO mapreduce.Job:  map 72% reduce 24%
20/06/14 17:51:20 INFO mapreduce.Job:  map 73% reduce 24%
20/06/14 17:51:45 INFO mapreduce.Job:  map 74% reduce 24%
20/06/14 17:52:01 INFO mapreduce.Job:  map 74% reduce 25%
20/06/14 17:52:08 INFO mapreduce.Job:  map 75% reduce 25%
20/06/14 17:52:25 INFO mapreduce.Job:  map 76% reduce 25%
20/06/14 17:52:49 INFO mapreduce.Job:  map 77% reduce 25%
20/06/14 17:52:50 INFO mapreduce.Job:  map 77% reduce 26%
20/06/14 17:53:14 INFO mapreduce.Job:  map 78% reduce 26%
20/06/14 17:53:37 INFO mapreduce.Job:  map 79% reduce 26%
20/06/14 17:53:55 INFO mapreduce.Job:  map 80% reduce 26%
20/06/14 17:54:05 INFO mapreduce.Job:  map 80% reduce 27%
20/06/14 17:54:20 INFO mapreduce.Job:  map 81% reduce 27%
20/06/14 17:54:41 INFO mapreduce.Job:  map 82% reduce 27%
20/06/14 17:54:59 INFO mapreduce.Job:  map 83% reduce 27%
20/06/14 17:55:17 INFO mapreduce.Job:  map 83% reduce 28%
20/06/14 17:55:23 INFO mapreduce.Job:  map 84% reduce 28%
20/06/14 17:55:48 INFO mapreduce.Job:  map 85% reduce 28%
20/06/14 17:56:05 INFO mapreduce.Job:  map 86% reduce 28%
20/06/14 17:56:06 INFO mapreduce.Job:  map 86% reduce 29%
20/06/14 17:56:28 INFO mapreduce.Job:  map 87% reduce 29%
20/06/14 17:56:54 INFO mapreduce.Job:  map 88% reduce 29%
20/06/14 17:57:16 INFO mapreduce.Job:  map 89% reduce 29%
20/06/14 17:57:21 INFO mapreduce.Job:  map 89% reduce 30%
20/06/14 17:57:24 INFO mapreduce.Job:  map 90% reduce 30%
20/06/14 17:57:33 INFO mapreduce.Job:  map 91% reduce 30%
20/06/14 17:57:40 INFO mapreduce.Job:  map 92% reduce 30%
20/06/14 17:57:42 INFO mapreduce.Job:  map 92% reduce 31%
20/06/14 17:57:47 INFO mapreduce.Job:  map 93% reduce 31%
20/06/14 17:57:54 INFO mapreduce.Job:  map 94% reduce 31%
20/06/14 17:58:01 INFO mapreduce.Job:  map 96% reduce 31%
20/06/14 17:58:03 INFO mapreduce.Job:  map 96% reduce 32%
20/06/14 17:58:08 INFO mapreduce.Job:  map 97% reduce 32%
20/06/14 17:58:15 INFO mapreduce.Job:  map 98% reduce 32%
20/06/14 17:58:18 INFO mapreduce.Job:  map 98% reduce 33%
20/06/14 17:58:24 INFO mapreduce.Job:  map 99% reduce 33%
20/06/14 17:58:31 INFO mapreduce.Job:  map 100% reduce 33%
20/06/14 17:58:33 INFO mapreduce.Job:  map 100% reduce 52%
20/06/14 17:58:36 INFO mapreduce.Job:  map 100% reduce 71%
20/06/14 17:58:39 INFO mapreduce.Job:  map 100% reduce 76%
20/06/14 17:58:42 INFO mapreduce.Job:  map 100% reduce 80%
20/06/14 17:58:45 INFO mapreduce.Job:  map 100% reduce 86%
20/06/14 17:58:48 INFO mapreduce.Job:  map 100% reduce 92%
20/06/14 17:58:51 INFO mapreduce.Job:  map 100% reduce 100%
20/06/14 17:58:52 INFO mapreduce.Job: Job job_1592120413148_0005 completed successfully
20/06/14 17:58:52 INFO mapreduce.Job: Counters: 50
	File System Counters
		FILE: Number of bytes read=1661326326
		FILE: Number of bytes written=2460180075
		FILE: Number of read operations=0
		FILE: Number of large read operations=0
		FILE: Number of write operations=0
		HDFS: Number of bytes read=11025863707
		HDFS: Number of bytes written=471374512
		HDFS: Number of read operations=273
		HDFS: Number of large read operations=0
		HDFS: Number of write operations=2
	Job Counters 
		Killed map tasks=1
		Launched map tasks=90
		Launched reduce tasks=1
		Data-local map tasks=90
		Total time spent by all maps in occupied slots (ms)=2002297
		Total time spent by all reduces in occupied slots (ms)=897571
		Total time spent by all map tasks (ms)=2002297
		Total time spent by all reduce tasks (ms)=897571
		Total vcore-milliseconds taken by all map tasks=2002297
		Total vcore-milliseconds taken by all reduce tasks=897571
		Total megabyte-milliseconds taken by all map tasks=2050352128
		Total megabyte-milliseconds taken by all reduce tasks=919112704
	Map-Reduce Framework
		Map input records=723344
		Map output records=1010350901
		Map output bytes=19269216357
		Map output materialized bytes=787670643
		Input split bytes=10530
		Combine input records=1035342381
		Combine output records=47596940
		Reduce input groups=9840549
		Reduce shuffle bytes=787670643
		Reduce input records=22605460
		Reduce output records=9840549
		Spilled Records=70880674
		Shuffled Maps =90
		Failed Shuffles=0
		Merged Map outputs=90
		GC time elapsed (ms)=20823
		CPU time spent (ms)=2246670
		Physical memory (bytes) snapshot=25273135104
		Virtual memory (bytes) snapshot=192084058112
		Total committed heap usage (bytes)=18904776704
	Shuffle Errors
		BAD_ID=0
		CONNECTION=0
		IO_ERROR=0
		WRONG_LENGTH=0
		WRONG_MAP=0
		WRONG_REDUCE=0
	File Input Format Counters 
		Bytes Read=11025853177
	File Output Format Counters 
		Bytes Written=471374512
20/06/14 17:58:52 INFO client.RMProxy: Connecting to ResourceManager at master/10.51.17.95:8032
20/06/14 17:58:53 INFO input.FileInputFormat: Total input paths to process : 1
20/06/14 17:58:53 INFO mapreduce.JobSubmitter: number of splits:4
20/06/14 17:58:53 INFO mapreduce.JobSubmitter: Submitting tokens for job: job_1592120413148_0006
20/06/14 17:58:53 INFO impl.YarnClientImpl: Submitted application application_1592120413148_0006
20/06/14 17:58:53 INFO mapreduce.Job: The url to track the job: http://master:8088/proxy/application_1592120413148_0006/
20/06/14 17:58:53 INFO mapreduce.Job: Running job: job_1592120413148_0006
20/06/14 17:59:02 INFO mapreduce.Job: Job job_1592120413148_0006 running in uber mode : false
20/06/14 17:59:02 INFO mapreduce.Job:  map 0% reduce 0%
20/06/14 17:59:14 INFO mapreduce.Job:  map 11% reduce 0%
20/06/14 17:59:16 INFO mapreduce.Job:  map 23% reduce 0%
20/06/14 17:59:17 INFO mapreduce.Job:  map 28% reduce 0%
20/06/14 17:59:19 INFO mapreduce.Job:  map 34% reduce 0%
20/06/14 17:59:20 INFO mapreduce.Job:  map 42% reduce 0%
20/06/14 17:59:22 INFO mapreduce.Job:  map 50% reduce 0%
20/06/14 17:59:28 INFO mapreduce.Job:  map 75% reduce 0%
20/06/14 17:59:30 INFO mapreduce.Job:  map 98% reduce 0%
20/06/14 17:59:33 INFO mapreduce.Job:  map 100% reduce 0%
20/06/14 17:59:36 INFO mapreduce.Job:  map 100% reduce 78%
20/06/14 17:59:39 INFO mapreduce.Job:  map 100% reduce 83%
20/06/14 17:59:42 INFO mapreduce.Job:  map 100% reduce 94%
20/06/14 17:59:44 INFO mapreduce.Job:  map 100% reduce 100%
20/06/14 17:59:44 INFO mapreduce.Job: Job job_1592120413148_0006 completed successfully
20/06/14 17:59:44 INFO mapreduce.Job: Counters: 50
	File System Counters
		FILE: Number of bytes read=752446270
		FILE: Number of bytes written=1160783181
		FILE: Number of read operations=0
		FILE: Number of large read operations=0
		FILE: Number of write operations=0
		HDFS: Number of bytes read=471380135
		HDFS: Number of bytes written=329657827
		HDFS: Number of read operations=19
		HDFS: Number of large read operations=0
		HDFS: Number of write operations=2
	Job Counters 
		Killed map tasks=1
		Launched map tasks=4
		Launched reduce tasks=1
		Rack-local map tasks=4
		Total time spent by all maps in occupied slots (ms)=41664
		Total time spent by all reduces in occupied slots (ms)=15412
		Total time spent by all map tasks (ms)=41664
		Total time spent by all reduce tasks (ms)=15412
		Total vcore-milliseconds taken by all map tasks=41664
		Total vcore-milliseconds taken by all reduce tasks=15412
		Total megabyte-milliseconds taken by all map tasks=42663936
		Total megabyte-milliseconds taken by all reduce tasks=15781888
	Map-Reduce Framework
		Map input records=9840549
		Map output records=9840549
		Map output bytes=388043954
		Map output materialized bytes=407725076
		Input split bytes=508
		Combine input records=0
		Combine output records=0
		Reduce input groups=1259
		Reduce shuffle bytes=407725076
		Reduce input records=9840549
		Reduce output records=9840549
		Spilled Records=28680044
		Shuffled Maps =4
		Failed Shuffles=0
		Merged Map outputs=4
		GC time elapsed (ms)=885
		CPU time spent (ms)=50600
		Physical memory (bytes) snapshot=1274433536
		Virtual memory (bytes) snapshot=10597396480
		Total committed heap usage (bytes)=939524096
	Shuffle Errors
		BAD_ID=0
		CONNECTION=0
		IO_ERROR=0
		WRONG_LENGTH=0
		WRONG_MAP=0
		WRONG_REDUCE=0
	File Input Format Counters 
		Bytes Read=471379627
	File Output Format Counters 
		Bytes Written=329657827
