20/06/16 12:06:55 INFO client.RMProxy: Connecting to ResourceManager at master/10.51.17.95:8032
20/06/16 12:06:55 INFO input.FileInputFormat: Total input paths to process : 10
20/06/16 12:06:55 INFO mapreduce.JobSubmitter: number of splits:90
20/06/16 12:06:55 INFO mapreduce.JobSubmitter: Submitting tokens for job: job_1592271684057_0005
20/06/16 12:06:56 INFO impl.YarnClientImpl: Submitted application application_1592271684057_0005
20/06/16 12:06:56 INFO mapreduce.Job: The url to track the job: http://master:8088/proxy/application_1592271684057_0005/
20/06/16 12:06:56 INFO mapreduce.Job: Running job: job_1592271684057_0005
20/06/16 12:07:01 INFO mapreduce.Job: Job job_1592271684057_0005 running in uber mode : false
20/06/16 12:07:01 INFO mapreduce.Job:  map 0% reduce 0%
20/06/16 12:07:11 INFO mapreduce.Job:  map 1% reduce 0%
20/06/16 12:07:25 INFO mapreduce.Job:  map 2% reduce 0%
20/06/16 12:07:33 INFO mapreduce.Job:  map 3% reduce 0%
20/06/16 12:07:45 INFO mapreduce.Job:  map 4% reduce 0%
20/06/16 12:07:55 INFO mapreduce.Job:  map 5% reduce 0%
20/06/16 12:08:04 INFO mapreduce.Job:  map 6% reduce 0%
20/06/16 12:08:11 INFO mapreduce.Job:  map 7% reduce 0%
20/06/16 12:08:23 INFO mapreduce.Job:  map 8% reduce 0%
20/06/16 12:08:32 INFO mapreduce.Job:  map 9% reduce 0%
20/06/16 12:08:42 INFO mapreduce.Job:  map 10% reduce 0%
20/06/16 12:08:54 INFO mapreduce.Job:  map 11% reduce 0%
20/06/16 12:09:05 INFO mapreduce.Job:  map 12% reduce 0%
20/06/16 12:09:16 INFO mapreduce.Job:  map 13% reduce 0%
20/06/16 12:09:24 INFO mapreduce.Job:  map 14% reduce 0%
20/06/16 12:09:36 INFO mapreduce.Job:  map 15% reduce 0%
20/06/16 12:09:42 INFO mapreduce.Job:  map 16% reduce 0%
20/06/16 12:09:55 INFO mapreduce.Job:  map 17% reduce 0%
20/06/16 12:10:04 INFO mapreduce.Job:  map 18% reduce 0%
20/06/16 12:10:12 INFO mapreduce.Job:  map 19% reduce 0%
20/06/16 12:10:22 INFO mapreduce.Job:  map 20% reduce 0%
20/06/16 12:10:34 INFO mapreduce.Job:  map 21% reduce 0%
20/06/16 12:10:44 INFO mapreduce.Job:  map 22% reduce 0%
20/06/16 12:10:52 INFO mapreduce.Job:  map 23% reduce 0%
20/06/16 12:11:06 INFO mapreduce.Job:  map 24% reduce 0%
20/06/16 12:11:16 INFO mapreduce.Job:  map 25% reduce 0%
20/06/16 12:11:27 INFO mapreduce.Job:  map 26% reduce 0%
20/06/16 12:11:35 INFO mapreduce.Job:  map 27% reduce 0%
20/06/16 12:11:46 INFO mapreduce.Job:  map 28% reduce 0%
20/06/16 12:11:55 INFO mapreduce.Job:  map 29% reduce 0%
20/06/16 12:12:06 INFO mapreduce.Job:  map 30% reduce 0%
20/06/16 12:12:17 INFO mapreduce.Job:  map 31% reduce 0%
20/06/16 12:12:29 INFO mapreduce.Job:  map 32% reduce 0%
20/06/16 12:12:39 INFO mapreduce.Job:  map 33% reduce 0%
20/06/16 12:12:47 INFO mapreduce.Job:  map 34% reduce 0%
20/06/16 12:12:59 INFO mapreduce.Job:  map 35% reduce 0%
20/06/16 12:13:07 INFO mapreduce.Job:  map 36% reduce 0%
20/06/16 12:13:19 INFO mapreduce.Job:  map 37% reduce 0%
20/06/16 12:13:30 INFO mapreduce.Job:  map 38% reduce 0%
20/06/16 12:13:39 INFO mapreduce.Job:  map 39% reduce 0%
20/06/16 12:13:47 INFO mapreduce.Job:  map 40% reduce 0%
20/06/16 12:14:01 INFO mapreduce.Job:  map 41% reduce 0%
20/06/16 12:14:11 INFO mapreduce.Job:  map 42% reduce 0%
20/06/16 12:14:19 INFO mapreduce.Job:  map 43% reduce 0%
20/06/16 12:14:33 INFO mapreduce.Job:  map 44% reduce 0%
20/06/16 12:14:42 INFO mapreduce.Job:  map 45% reduce 0%
20/06/16 12:14:46 INFO mapreduce.Job:  map 46% reduce 0%
20/06/16 12:14:52 INFO mapreduce.Job:  map 47% reduce 0%
20/06/16 12:14:57 INFO mapreduce.Job:  map 48% reduce 0%
20/06/16 12:14:59 INFO mapreduce.Job:  map 49% reduce 0%
20/06/16 12:15:03 INFO mapreduce.Job:  map 50% reduce 0%
20/06/16 12:15:06 INFO mapreduce.Job:  map 51% reduce 0%
20/06/16 12:15:14 INFO mapreduce.Job:  map 51% reduce 17%
20/06/16 12:15:18 INFO mapreduce.Job:  map 52% reduce 17%
20/06/16 12:15:29 INFO mapreduce.Job:  map 52% reduce 0%
20/06/16 12:15:38 INFO mapreduce.Job:  map 53% reduce 0%
20/06/16 12:15:41 INFO mapreduce.Job:  map 53% reduce 17%
20/06/16 12:15:53 INFO mapreduce.Job:  map 53% reduce 18%
20/06/16 12:16:00 INFO mapreduce.Job:  map 54% reduce 18%
20/06/16 12:16:14 INFO mapreduce.Job:  map 54% reduce 0%
20/06/16 12:16:23 INFO mapreduce.Job:  map 55% reduce 0%
20/06/16 12:16:26 INFO mapreduce.Job:  map 55% reduce 17%
20/06/16 12:16:29 INFO mapreduce.Job:  map 55% reduce 18%
20/06/16 12:16:38 INFO mapreduce.Job:  map 56% reduce 18%
20/06/16 12:16:41 INFO mapreduce.Job:  map 56% reduce 19%
20/06/16 12:17:00 INFO mapreduce.Job:  map 57% reduce 0%
20/06/16 12:17:12 INFO mapreduce.Job:  map 57% reduce 17%
20/06/16 12:17:15 INFO mapreduce.Job:  map 57% reduce 19%
20/06/16 12:17:26 INFO mapreduce.Job:  map 58% reduce 19%
20/06/16 12:17:49 INFO mapreduce.Job:  map 59% reduce 19%
20/06/16 12:17:50 INFO mapreduce.Job:  map 59% reduce 0%
20/06/16 12:18:03 INFO mapreduce.Job:  map 59% reduce 16%
20/06/16 12:18:06 INFO mapreduce.Job:  map 59% reduce 20%
20/06/16 12:18:12 INFO mapreduce.Job:  map 60% reduce 20%
20/06/16 12:18:33 INFO mapreduce.Job:  map 61% reduce 20%
20/06/16 12:18:39 INFO mapreduce.Job:  map 61% reduce 0%
20/06/16 12:18:52 INFO mapreduce.Job:  map 61% reduce 16%
20/06/16 12:18:55 INFO mapreduce.Job:  map 62% reduce 20%
20/06/16 12:19:07 INFO mapreduce.Job:  map 62% reduce 21%
20/06/16 12:19:12 INFO mapreduce.Job:  map 63% reduce 21%
20/06/16 12:19:27 INFO mapreduce.Job:  map 63% reduce 0%
20/06/16 12:19:36 INFO mapreduce.Job:  map 64% reduce 0%
20/06/16 12:19:39 INFO mapreduce.Job:  map 64% reduce 19%
20/06/16 12:19:42 INFO mapreduce.Job:  map 64% reduce 21%
20/06/16 12:19:58 INFO mapreduce.Job:  map 65% reduce 21%
20/06/16 12:20:12 INFO mapreduce.Job:  map 66% reduce 21%
20/06/16 12:20:13 INFO mapreduce.Job:  map 66% reduce 0%
20/06/16 12:20:25 INFO mapreduce.Job:  map 66% reduce 17%
20/06/16 12:20:28 INFO mapreduce.Job:  map 66% reduce 22%
20/06/16 12:20:36 INFO mapreduce.Job:  map 67% reduce 22%
20/06/16 12:20:57 INFO mapreduce.Job:  map 68% reduce 22%
20/06/16 12:20:58 INFO mapreduce.Job:  map 68% reduce 0%
20/06/16 12:21:10 INFO mapreduce.Job:  map 68% reduce 17%
20/06/16 12:21:13 INFO mapreduce.Job:  map 68% reduce 23%
20/06/16 12:21:25 INFO mapreduce.Job:  map 69% reduce 23%
20/06/16 12:21:43 INFO mapreduce.Job:  map 70% reduce 23%
20/06/16 12:21:50 INFO mapreduce.Job:  map 70% reduce 0%
20/06/16 12:22:02 INFO mapreduce.Job:  map 70% reduce 16%
20/06/16 12:22:05 INFO mapreduce.Job:  map 70% reduce 23%
20/06/16 12:22:09 INFO mapreduce.Job:  map 71% reduce 23%
20/06/16 12:22:17 INFO mapreduce.Job:  map 71% reduce 24%
20/06/16 12:22:30 INFO mapreduce.Job:  map 72% reduce 24%
20/06/16 12:22:40 INFO mapreduce.Job:  map 72% reduce 0%
20/06/16 12:22:49 INFO mapreduce.Job:  map 73% reduce 0%
20/06/16 12:22:52 INFO mapreduce.Job:  map 73% reduce 17%
20/06/16 12:22:55 INFO mapreduce.Job:  map 73% reduce 24%
20/06/16 12:23:13 INFO mapreduce.Job:  map 74% reduce 24%
20/06/16 12:23:31 INFO mapreduce.Job:  map 74% reduce 0%
20/06/16 12:23:41 INFO mapreduce.Job:  map 75% reduce 0%
20/06/16 12:23:43 INFO mapreduce.Job:  map 75% reduce 17%
20/06/16 12:23:46 INFO mapreduce.Job:  map 75% reduce 24%
20/06/16 12:23:49 INFO mapreduce.Job:  map 75% reduce 25%
20/06/16 12:23:56 INFO mapreduce.Job:  map 76% reduce 25%
20/06/16 12:24:19 INFO mapreduce.Job:  map 77% reduce 25%
20/06/16 12:24:20 INFO mapreduce.Job:  map 77% reduce 0%
20/06/16 12:24:31 INFO mapreduce.Job:  map 77% reduce 16%
20/06/16 12:24:34 INFO mapreduce.Job:  map 77% reduce 26%
20/06/16 12:24:43 INFO mapreduce.Job:  map 78% reduce 26%
20/06/16 12:25:03 INFO mapreduce.Job:  map 79% reduce 26%
20/06/16 12:25:05 INFO mapreduce.Job:  map 79% reduce 0%
20/06/16 12:25:16 INFO mapreduce.Job:  map 79% reduce 20%
20/06/16 12:25:19 INFO mapreduce.Job:  map 79% reduce 26%
20/06/16 12:25:23 INFO mapreduce.Job:  map 80% reduce 26%
20/06/16 12:25:31 INFO mapreduce.Job:  map 80% reduce 27%
20/06/16 12:25:45 INFO mapreduce.Job:  map 81% reduce 27%
20/06/16 12:25:50 INFO mapreduce.Job:  map 81% reduce 0%
20/06/16 12:26:02 INFO mapreduce.Job:  map 81% reduce 16%
20/06/16 12:26:05 INFO mapreduce.Job:  map 81% reduce 24%
20/06/16 12:26:06 INFO mapreduce.Job:  map 82% reduce 24%
20/06/16 12:26:08 INFO mapreduce.Job:  map 82% reduce 27%
20/06/16 12:26:22 INFO mapreduce.Job:  map 83% reduce 27%
20/06/16 12:26:36 INFO mapreduce.Job:  map 83% reduce 0%
20/06/16 12:26:46 INFO mapreduce.Job:  map 84% reduce 0%
20/06/16 12:26:48 INFO mapreduce.Job:  map 84% reduce 17%
20/06/16 12:26:51 INFO mapreduce.Job:  map 84% reduce 24%
20/06/16 12:26:54 INFO mapreduce.Job:  map 84% reduce 28%
20/06/16 12:27:08 INFO mapreduce.Job:  map 85% reduce 28%
20/06/16 12:27:22 INFO mapreduce.Job:  map 86% reduce 0%
20/06/16 12:27:34 INFO mapreduce.Job:  map 86% reduce 16%
20/06/16 12:27:37 INFO mapreduce.Job:  map 86% reduce 27%
20/06/16 12:27:40 INFO mapreduce.Job:  map 86% reduce 29%
20/06/16 12:27:46 INFO mapreduce.Job:  map 87% reduce 29%
20/06/16 12:28:07 INFO mapreduce.Job:  map 88% reduce 0%
20/06/16 12:28:19 INFO mapreduce.Job:  map 88% reduce 17%
20/06/16 12:28:22 INFO mapreduce.Job:  map 88% reduce 27%
20/06/16 12:28:25 INFO mapreduce.Job:  map 88% reduce 29%
20/06/16 12:28:29 INFO mapreduce.Job:  map 89% reduce 29%
20/06/16 12:28:31 INFO mapreduce.Job:  map 89% reduce 30%
20/06/16 12:28:47 INFO mapreduce.Job:  map 90% reduce 30%
20/06/16 12:28:50 INFO mapreduce.Job:  map 90% reduce 0%
20/06/16 12:29:02 INFO mapreduce.Job:  map 90% reduce 18%
20/06/16 12:29:05 INFO mapreduce.Job:  map 90% reduce 28%
20/06/16 12:29:08 INFO mapreduce.Job:  map 90% reduce 30%
20/06/16 12:29:15 INFO mapreduce.Job:  map 91% reduce 30%
20/06/16 12:29:35 INFO mapreduce.Job:  map 92% reduce 30%
20/06/16 12:29:44 INFO mapreduce.Job:  map 92% reduce 0%
20/06/16 12:29:54 INFO mapreduce.Job:  map 93% reduce 0%
20/06/16 12:29:56 INFO mapreduce.Job:  map 93% reduce 20%
20/06/16 12:29:59 INFO mapreduce.Job:  map 93% reduce 27%
20/06/16 12:30:02 INFO mapreduce.Job:  map 93% reduce 31%
20/06/16 12:30:15 INFO mapreduce.Job:  map 94% reduce 31%
20/06/16 12:30:27 INFO mapreduce.Job:  map 94% reduce 0%
20/06/16 12:30:35 INFO mapreduce.Job:  map 96% reduce 0%
20/06/16 12:30:39 INFO mapreduce.Job:  map 96% reduce 16%
20/06/16 12:30:42 INFO mapreduce.Job:  map 97% reduce 0%
20/06/16 12:30:50 INFO mapreduce.Job:  map 98% reduce 0%
20/06/16 12:30:54 INFO mapreduce.Job:  map 98% reduce 17%
20/06/16 12:30:57 INFO mapreduce.Job:  map 98% reduce 24%
20/06/16 12:30:58 INFO mapreduce.Job:  map 99% reduce 0%
20/06/16 12:31:06 INFO mapreduce.Job:  map 100% reduce 0%
20/06/16 12:31:09 INFO mapreduce.Job:  map 100% reduce 17%
20/06/16 12:31:12 INFO mapreduce.Job:  map 100% reduce 28%
20/06/16 12:31:15 INFO mapreduce.Job:  map 100% reduce 51%
20/06/16 12:31:18 INFO mapreduce.Job:  map 100% reduce 71%
20/06/16 12:31:21 INFO mapreduce.Job:  map 100% reduce 77%
20/06/16 12:31:24 INFO mapreduce.Job:  map 100% reduce 82%
20/06/16 12:31:27 INFO mapreduce.Job:  map 100% reduce 88%
20/06/16 12:31:30 INFO mapreduce.Job:  map 100% reduce 96%
20/06/16 12:31:31 INFO mapreduce.Job:  map 100% reduce 100%
20/06/16 12:31:32 INFO mapreduce.Job: Job job_1592271684057_0005 completed successfully
20/06/16 12:31:32 INFO mapreduce.Job: Counters: 52
	File System Counters
		FILE: Number of bytes read=1664983330
		FILE: Number of bytes written=2465674509
		FILE: Number of read operations=0
		FILE: Number of large read operations=0
		FILE: Number of write operations=0
		HDFS: Number of bytes read=11025668664
		HDFS: Number of bytes written=472954036
		HDFS: Number of read operations=273
		HDFS: Number of large read operations=0
		HDFS: Number of write operations=2
	Job Counters 
		Killed map tasks=1
		Killed reduce tasks=22
		Launched map tasks=90
		Launched reduce tasks=23
		Data-local map tasks=46
		Rack-local map tasks=44
		Total time spent by all maps in occupied slots (ms)=1833468
		Total time spent by all reduces in occupied slots (ms)=898045
		Total time spent by all map tasks (ms)=1833468
		Total time spent by all reduce tasks (ms)=898045
		Total vcore-milliseconds taken by all map tasks=1833468
		Total vcore-milliseconds taken by all reduce tasks=898045
		Total megabyte-milliseconds taken by all map tasks=1877471232
		Total megabyte-milliseconds taken by all reduce tasks=919598080
	Map-Reduce Framework
		Map input records=1179594
		Map output records=1009901268
		Map output bytes=19265183218
		Map output materialized bytes=789509164
		Input split bytes=9630
		Combine input records=1034891965
		Combine output records=47597616
		Reduce input groups=9841803
		Reduce shuffle bytes=789509164
		Reduce input records=22606919
		Reduce output records=9841803
		Spilled Records=70882807
		Shuffled Maps =90
		Failed Shuffles=0
		Merged Map outputs=90
		GC time elapsed (ms)=19539
		CPU time spent (ms)=2050180
		Physical memory (bytes) snapshot=25051312128
		Virtual memory (bytes) snapshot=192120193024
		Total committed heap usage (bytes)=18918408192
	Shuffle Errors
		BAD_ID=0
		CONNECTION=0
		IO_ERROR=0
		WRONG_LENGTH=0
		WRONG_MAP=0
		WRONG_REDUCE=0
	File Input Format Counters 
		Bytes Read=11025659034
	File Output Format Counters 
		Bytes Written=472954036
20/06/16 12:31:32 INFO client.RMProxy: Connecting to ResourceManager at master/10.51.17.95:8032
20/06/16 12:31:32 INFO input.FileInputFormat: Total input paths to process : 1
20/06/16 12:31:33 INFO mapreduce.JobSubmitter: number of splits:4
20/06/16 12:31:33 INFO mapreduce.JobSubmitter: Submitting tokens for job: job_1592271684057_0006
20/06/16 12:31:33 INFO impl.YarnClientImpl: Submitted application application_1592271684057_0006
20/06/16 12:31:33 INFO mapreduce.Job: The url to track the job: http://master:8088/proxy/application_1592271684057_0006/
20/06/16 12:31:33 INFO mapreduce.Job: Running job: job_1592271684057_0006
20/06/16 12:31:42 INFO mapreduce.Job: Job job_1592271684057_0006 running in uber mode : false
20/06/16 12:31:42 INFO mapreduce.Job:  map 0% reduce 0%
20/06/16 12:31:54 INFO mapreduce.Job:  map 13% reduce 0%
20/06/16 12:31:56 INFO mapreduce.Job:  map 26% reduce 0%
20/06/16 12:31:57 INFO mapreduce.Job:  map 33% reduce 0%
20/06/16 12:31:58 INFO mapreduce.Job:  map 38% reduce 0%
20/06/16 12:31:59 INFO mapreduce.Job:  map 45% reduce 0%
20/06/16 12:32:00 INFO mapreduce.Job:  map 50% reduce 0%
20/06/16 12:32:07 INFO mapreduce.Job:  map 75% reduce 0%
20/06/16 12:32:10 INFO mapreduce.Job:  map 75% reduce 25%
20/06/16 12:32:11 INFO mapreduce.Job:  map 100% reduce 25%
20/06/16 12:32:13 INFO mapreduce.Job:  map 100% reduce 69%
20/06/16 12:32:16 INFO mapreduce.Job:  map 100% reduce 82%
20/06/16 12:32:19 INFO mapreduce.Job:  map 100% reduce 93%
20/06/16 12:32:20 INFO mapreduce.Job:  map 100% reduce 100%
20/06/16 12:32:20 INFO mapreduce.Job: Job job_1592271684057_0006 completed successfully
20/06/16 12:32:20 INFO mapreduce.Job: Counters: 50
	File System Counters
		FILE: Number of bytes read=754217147
		FILE: Number of bytes written=1164111398
		FILE: Number of read operations=0
		FILE: Number of large read operations=0
		FILE: Number of write operations=0
		HDFS: Number of bytes read=472959497
		HDFS: Number of bytes written=331204946
		HDFS: Number of read operations=19
		HDFS: Number of large read operations=0
		HDFS: Number of write operations=2
	Job Counters 
		Killed map tasks=1
		Launched map tasks=4
		Launched reduce tasks=1
		Rack-local map tasks=4
		Total time spent by all maps in occupied slots (ms)=34290
		Total time spent by all reduces in occupied slots (ms)=17821
		Total time spent by all map tasks (ms)=34290
		Total time spent by all reduce tasks (ms)=17821
		Total vcore-milliseconds taken by all map tasks=34290
		Total vcore-milliseconds taken by all reduce tasks=17821
		Total megabyte-milliseconds taken by all map tasks=35112960
		Total megabyte-milliseconds taken by all reduce tasks=18248704
	Map-Reduce Framework
		Map input records=9841803
		Map output records=9841803
		Map output bytes=389598846
		Map output materialized bytes=409282476
		Input split bytes=500
		Combine input records=0
		Combine output records=0
		Reduce input groups=1244
		Reduce shuffle bytes=409282476
		Reduce input records=9841803
		Reduce output records=9841803
		Spilled Records=28647293
		Shuffled Maps =4
		Failed Shuffles=0
		Merged Map outputs=4
		GC time elapsed (ms)=727
		CPU time spent (ms)=46010
		Physical memory (bytes) snapshot=1276215296
		Virtual memory (bytes) snapshot=10547200000
		Total committed heap usage (bytes)=937951232
	Shuffle Errors
		BAD_ID=0
		CONNECTION=0
		IO_ERROR=0
		WRONG_LENGTH=0
		WRONG_MAP=0
		WRONG_REDUCE=0
	File Input Format Counters 
		Bytes Read=472958997
	File Output Format Counters 
		Bytes Written=331204946
