20/06/14 16:40:22 INFO client.RMProxy: Connecting to ResourceManager at master/10.51.17.95:8032
20/06/14 16:40:22 INFO input.FileInputFormat: Total input paths to process : 16
20/06/14 16:40:23 INFO mapreduce.JobSubmitter: number of splits:16
20/06/14 16:40:23 INFO mapreduce.JobSubmitter: Submitting tokens for job: job_1592120413148_0001
20/06/14 16:40:23 INFO impl.YarnClientImpl: Submitted application application_1592120413148_0001
20/06/14 16:40:23 INFO mapreduce.Job: The url to track the job: http://master:8088/proxy/application_1592120413148_0001/
20/06/14 16:40:23 INFO mapreduce.Job: Running job: job_1592120413148_0001
20/06/14 16:40:29 INFO mapreduce.Job: Job job_1592120413148_0001 running in uber mode : false
20/06/14 16:40:29 INFO mapreduce.Job:  map 0% reduce 0%
20/06/14 16:40:41 INFO mapreduce.Job:  map 8% reduce 0%
20/06/14 16:41:06 INFO mapreduce.Job:  map 10% reduce 0%
20/06/14 16:41:07 INFO mapreduce.Job:  map 13% reduce 0%
20/06/14 16:41:15 INFO mapreduce.Job:  map 21% reduce 0%
20/06/14 16:41:40 INFO mapreduce.Job:  map 23% reduce 0%
20/06/14 16:41:41 INFO mapreduce.Job:  map 25% reduce 0%
20/06/14 16:41:48 INFO mapreduce.Job:  map 29% reduce 0%
20/06/14 16:41:49 INFO mapreduce.Job:  map 33% reduce 0%
20/06/14 16:42:13 INFO mapreduce.Job:  map 38% reduce 0%
20/06/14 16:42:21 INFO mapreduce.Job:  map 42% reduce 0%
20/06/14 16:42:23 INFO mapreduce.Job:  map 46% reduce 0%
20/06/14 16:42:47 INFO mapreduce.Job:  map 48% reduce 0%
20/06/14 16:42:50 INFO mapreduce.Job:  map 50% reduce 0%
20/06/14 16:42:57 INFO mapreduce.Job:  map 54% reduce 0%
20/06/14 16:43:00 INFO mapreduce.Job:  map 54% reduce 17%
20/06/14 16:43:23 INFO mapreduce.Job:  map 56% reduce 17%
20/06/14 16:43:24 INFO mapreduce.Job:  map 56% reduce 19%
20/06/14 16:43:32 INFO mapreduce.Job:  map 60% reduce 19%
20/06/14 16:43:58 INFO mapreduce.Job:  map 63% reduce 19%
20/06/14 16:44:00 INFO mapreduce.Job:  map 63% reduce 21%
20/06/14 16:44:08 INFO mapreduce.Job:  map 67% reduce 21%
20/06/14 16:44:32 INFO mapreduce.Job:  map 69% reduce 21%
20/06/14 16:44:33 INFO mapreduce.Job:  map 69% reduce 23%
20/06/14 16:44:43 INFO mapreduce.Job:  map 73% reduce 23%
20/06/14 16:45:07 INFO mapreduce.Job:  map 75% reduce 23%
20/06/14 16:45:09 INFO mapreduce.Job:  map 75% reduce 25%
20/06/14 16:45:18 INFO mapreduce.Job:  map 79% reduce 25%
20/06/14 16:45:43 INFO mapreduce.Job:  map 81% reduce 0%
20/06/14 16:45:54 INFO mapreduce.Job:  map 85% reduce 0%
20/06/14 16:45:55 INFO mapreduce.Job:  map 85% reduce 27%
20/06/14 16:46:19 INFO mapreduce.Job:  map 88% reduce 27%
20/06/14 16:46:22 INFO mapreduce.Job:  map 88% reduce 29%
20/06/14 16:46:29 INFO mapreduce.Job:  map 92% reduce 29%
20/06/14 16:46:56 INFO mapreduce.Job:  map 94% reduce 0%
20/06/14 16:47:06 INFO mapreduce.Job:  map 98% reduce 0%
20/06/14 16:47:07 INFO mapreduce.Job:  map 98% reduce 31%
20/06/14 16:47:33 INFO mapreduce.Job:  map 100% reduce 31%
20/06/14 16:47:34 INFO mapreduce.Job:  map 100% reduce 100%
20/06/14 16:47:37 INFO mapreduce.Job: Job job_1592120413148_0001 completed successfully
20/06/14 16:47:37 INFO mapreduce.Job: Counters: 51
	File System Counters
		FILE: Number of bytes read=358
		FILE: Number of bytes written=2088969
		FILE: Number of read operations=0
		FILE: Number of large read operations=0
		FILE: Number of write operations=0
		HDFS: Number of bytes read=4166
		HDFS: Number of bytes written=215
		HDFS: Number of read operations=67
		HDFS: Number of large read operations=0
		HDFS: Number of write operations=3
	Job Counters 
		Killed reduce tasks=2
		Launched map tasks=16
		Launched reduce tasks=3
		Data-local map tasks=7
		Rack-local map tasks=9
		Total time spent by all maps in occupied slots (ms)=537009
		Total time spent by all reduces in occupied slots (ms)=274908
		Total time spent by all map tasks (ms)=537009
		Total time spent by all reduce tasks (ms)=274908
		Total vcore-milliseconds taken by all map tasks=537009
		Total vcore-milliseconds taken by all reduce tasks=274908
		Total megabyte-milliseconds taken by all map tasks=549897216
		Total megabyte-milliseconds taken by all reduce tasks=281505792
	Map-Reduce Framework
		Map input records=16
		Map output records=32
		Map output bytes=288
		Map output materialized bytes=448
		Input split bytes=2278
		Combine input records=0
		Combine output records=0
		Reduce input groups=2
		Reduce shuffle bytes=448
		Reduce input records=32
		Reduce output records=0
		Spilled Records=64
		Shuffled Maps =16
		Failed Shuffles=0
		Merged Map outputs=16
		GC time elapsed (ms)=2022
		CPU time spent (ms)=513210
		Physical memory (bytes) snapshot=4405370880
		Virtual memory (bytes) snapshot=35803570176
		Total committed heap usage (bytes)=3322413056
	Shuffle Errors
		BAD_ID=0
		CONNECTION=0
		IO_ERROR=0
		WRONG_LENGTH=0
		WRONG_MAP=0
		WRONG_REDUCE=0
	File Input Format Counters 
		Bytes Read=1888
	File Output Format Counters 
		Bytes Written=97
