20/06/14 19:30:46 INFO client.RMProxy: Connecting to ResourceManager at master/10.51.17.95:8032
20/06/14 19:30:46 INFO client.RMProxy: Connecting to ResourceManager at master/10.51.17.95:8032
20/06/14 19:30:47 INFO input.FileInputFormat: Total input paths to process : 10
20/06/14 19:30:47 INFO mapreduce.JobSubmitter: number of splits:80
20/06/14 19:30:47 INFO mapreduce.JobSubmitter: Submitting tokens for job: job_1592120413148_0016
20/06/14 19:30:47 INFO impl.YarnClientImpl: Submitted application application_1592120413148_0016
20/06/14 19:30:47 INFO mapreduce.Job: The url to track the job: http://master:8088/proxy/application_1592120413148_0016/
20/06/14 19:30:47 INFO mapreduce.Job: Running job: job_1592120413148_0016
20/06/14 19:30:54 INFO mapreduce.Job: Job job_1592120413148_0016 running in uber mode : false
20/06/14 19:30:54 INFO mapreduce.Job:  map 0% reduce 0%
20/06/14 19:31:02 INFO mapreduce.Job:  map 1% reduce 0%
20/06/14 19:31:03 INFO mapreduce.Job:  map 3% reduce 0%
20/06/14 19:31:07 INFO mapreduce.Job:  map 4% reduce 0%
20/06/14 19:31:09 INFO mapreduce.Job:  map 5% reduce 0%
20/06/14 19:31:12 INFO mapreduce.Job:  map 6% reduce 0%
20/06/14 19:31:14 INFO mapreduce.Job:  map 8% reduce 0%
20/06/14 19:31:17 INFO mapreduce.Job:  map 9% reduce 0%
20/06/14 19:31:20 INFO mapreduce.Job:  map 10% reduce 0%
20/06/14 19:31:23 INFO mapreduce.Job:  map 11% reduce 0%
20/06/14 19:31:25 INFO mapreduce.Job:  map 13% reduce 0%
20/06/14 19:31:29 INFO mapreduce.Job:  map 14% reduce 0%
20/06/14 19:31:31 INFO mapreduce.Job:  map 15% reduce 0%
20/06/14 19:31:34 INFO mapreduce.Job:  map 16% reduce 0%
20/06/14 19:31:36 INFO mapreduce.Job:  map 17% reduce 0%
20/06/14 19:31:39 INFO mapreduce.Job:  map 19% reduce 0%
20/06/14 19:31:43 INFO mapreduce.Job:  map 20% reduce 0%
20/06/14 19:31:45 INFO mapreduce.Job:  map 21% reduce 0%
20/06/14 19:31:48 INFO mapreduce.Job:  map 22% reduce 0%
20/06/14 19:31:51 INFO mapreduce.Job:  map 24% reduce 0%
20/06/14 19:31:55 INFO mapreduce.Job:  map 25% reduce 0%
20/06/14 19:32:00 INFO mapreduce.Job:  map 26% reduce 0%
20/06/14 19:32:01 INFO mapreduce.Job:  map 28% reduce 0%
20/06/14 19:32:05 INFO mapreduce.Job:  map 29% reduce 0%
20/06/14 19:32:07 INFO mapreduce.Job:  map 30% reduce 0%
20/06/14 19:32:10 INFO mapreduce.Job:  map 31% reduce 0%
20/06/14 19:32:13 INFO mapreduce.Job:  map 32% reduce 0%
20/06/14 19:32:15 INFO mapreduce.Job:  map 34% reduce 0%
20/06/14 19:32:18 INFO mapreduce.Job:  map 35% reduce 0%
20/06/14 19:32:20 INFO mapreduce.Job:  map 36% reduce 0%
20/06/14 19:32:23 INFO mapreduce.Job:  map 38% reduce 0%
20/06/14 19:32:25 INFO mapreduce.Job:  map 39% reduce 0%
20/06/14 19:32:28 INFO mapreduce.Job:  map 40% reduce 0%
20/06/14 19:32:30 INFO mapreduce.Job:  map 41% reduce 0%
20/06/14 19:32:34 INFO mapreduce.Job:  map 43% reduce 0%
20/06/14 19:32:36 INFO mapreduce.Job:  map 44% reduce 0%
20/06/14 19:32:39 INFO mapreduce.Job:  map 45% reduce 0%
20/06/14 19:32:41 INFO mapreduce.Job:  map 46% reduce 0%
20/06/14 19:32:44 INFO mapreduce.Job:  map 47% reduce 0%
20/06/14 19:32:47 INFO mapreduce.Job:  map 49% reduce 0%
20/06/14 19:32:50 INFO mapreduce.Job:  map 50% reduce 0%
20/06/14 19:32:53 INFO mapreduce.Job:  map 51% reduce 0%
20/06/14 19:32:57 INFO mapreduce.Job:  map 52% reduce 0%
20/06/14 19:33:00 INFO mapreduce.Job:  map 52% reduce 3%
20/06/14 19:33:03 INFO mapreduce.Job:  map 52% reduce 5%
20/06/14 19:33:05 INFO mapreduce.Job:  map 54% reduce 5%
20/06/14 19:33:06 INFO mapreduce.Job:  map 54% reduce 6%
20/06/14 19:33:12 INFO mapreduce.Job:  map 55% reduce 6%
20/06/14 19:33:17 INFO mapreduce.Job:  map 56% reduce 6%
20/06/14 19:33:22 INFO mapreduce.Job:  map 57% reduce 6%
20/06/14 19:33:28 INFO mapreduce.Job:  map 59% reduce 6%
20/06/14 19:33:30 INFO mapreduce.Job:  map 59% reduce 7%
20/06/14 19:33:34 INFO mapreduce.Job:  map 60% reduce 7%
20/06/14 19:33:39 INFO mapreduce.Job:  map 61% reduce 7%
20/06/14 19:33:45 INFO mapreduce.Job:  map 63% reduce 7%
20/06/14 19:33:51 INFO mapreduce.Job:  map 64% reduce 7%
20/06/14 19:33:56 INFO mapreduce.Job:  map 65% reduce 7%
20/06/14 19:34:01 INFO mapreduce.Job:  map 66% reduce 7%
20/06/14 19:34:07 INFO mapreduce.Job:  map 68% reduce 7%
20/06/14 19:34:09 INFO mapreduce.Job:  map 68% reduce 8%
20/06/14 19:34:12 INFO mapreduce.Job:  map 69% reduce 8%
20/06/14 19:34:17 INFO mapreduce.Job:  map 70% reduce 8%
20/06/14 19:34:23 INFO mapreduce.Job:  map 71% reduce 8%
20/06/14 19:34:29 INFO mapreduce.Job:  map 73% reduce 8%
20/06/14 19:34:35 INFO mapreduce.Job:  map 74% reduce 8%
20/06/14 19:34:41 INFO mapreduce.Job:  map 75% reduce 8%
20/06/14 19:34:47 INFO mapreduce.Job:  map 76% reduce 8%
20/06/14 19:34:53 INFO mapreduce.Job:  map 77% reduce 8%
20/06/14 19:34:54 INFO mapreduce.Job:  map 77% reduce 9%
20/06/14 19:34:59 INFO mapreduce.Job:  map 79% reduce 9%
20/06/14 19:35:04 INFO mapreduce.Job:  map 80% reduce 9%
20/06/14 19:35:10 INFO mapreduce.Job:  map 81% reduce 9%
20/06/14 19:35:16 INFO mapreduce.Job:  map 82% reduce 9%
20/06/14 19:35:21 INFO mapreduce.Job:  map 84% reduce 9%
20/06/14 19:35:26 INFO mapreduce.Job:  map 85% reduce 9%
20/06/14 19:35:31 INFO mapreduce.Job:  map 86% reduce 9%
20/06/14 19:35:33 INFO mapreduce.Job:  map 86% reduce 10%
20/06/14 19:35:37 INFO mapreduce.Job:  map 88% reduce 10%
20/06/14 19:35:43 INFO mapreduce.Job:  map 89% reduce 10%
20/06/14 19:35:48 INFO mapreduce.Job:  map 90% reduce 10%
20/06/14 19:35:54 INFO mapreduce.Job:  map 91% reduce 10%
20/06/14 19:35:55 INFO mapreduce.Job:  map 91% reduce 0%
20/06/14 19:35:59 INFO mapreduce.Job:  map 93% reduce 0%
20/06/14 19:36:03 INFO mapreduce.Job:  map 94% reduce 0%
20/06/14 19:36:09 INFO mapreduce.Job:  map 95% reduce 0%
20/06/14 19:36:13 INFO mapreduce.Job:  map 96% reduce 0%
20/06/14 19:36:18 INFO mapreduce.Job:  map 98% reduce 0%
20/06/14 19:36:21 INFO mapreduce.Job:  map 99% reduce 0%
20/06/14 19:36:26 INFO mapreduce.Job:  map 100% reduce 0%
20/06/14 19:36:33 INFO mapreduce.Job:  map 100% reduce 3%
20/06/14 19:36:35 INFO mapreduce.Job:  map 100% reduce 4%
20/06/14 19:36:36 INFO mapreduce.Job:  map 100% reduce 5%
20/06/14 19:36:39 INFO mapreduce.Job:  map 100% reduce 6%
20/06/14 19:36:41 INFO mapreduce.Job:  map 100% reduce 7%
20/06/14 19:36:45 INFO mapreduce.Job:  map 100% reduce 8%
20/06/14 19:36:48 INFO mapreduce.Job:  map 100% reduce 9%
20/06/14 19:36:51 INFO mapreduce.Job:  map 100% reduce 10%
20/06/14 19:36:54 INFO mapreduce.Job:  map 100% reduce 11%
20/06/14 19:36:58 INFO mapreduce.Job:  map 100% reduce 12%
20/06/14 19:37:01 INFO mapreduce.Job:  map 100% reduce 13%
20/06/14 19:37:04 INFO mapreduce.Job:  map 100% reduce 14%
20/06/14 19:37:09 INFO mapreduce.Job:  map 100% reduce 15%
20/06/14 19:37:12 INFO mapreduce.Job:  map 100% reduce 16%
20/06/14 19:37:16 INFO mapreduce.Job:  map 100% reduce 17%
20/06/14 19:37:19 INFO mapreduce.Job:  map 100% reduce 18%
20/06/14 19:37:24 INFO mapreduce.Job:  map 100% reduce 19%
20/06/14 19:37:28 INFO mapreduce.Job:  map 100% reduce 20%
20/06/14 19:37:33 INFO mapreduce.Job:  map 100% reduce 21%
20/06/14 19:37:36 INFO mapreduce.Job:  map 100% reduce 22%
20/06/14 19:37:40 INFO mapreduce.Job:  map 100% reduce 23%
20/06/14 19:37:42 INFO mapreduce.Job:  map 100% reduce 24%
20/06/14 19:37:43 INFO mapreduce.Job:  map 100% reduce 33%
20/06/14 19:37:45 INFO mapreduce.Job:  map 100% reduce 41%
20/06/14 19:37:48 INFO mapreduce.Job:  map 100% reduce 44%
20/06/14 19:37:51 INFO mapreduce.Job:  map 100% reduce 45%
20/06/14 19:37:52 INFO mapreduce.Job:  map 100% reduce 46%
20/06/14 19:37:54 INFO mapreduce.Job:  map 100% reduce 47%
20/06/14 19:37:55 INFO mapreduce.Job:  map 100% reduce 48%
20/06/14 19:37:58 INFO mapreduce.Job:  map 100% reduce 49%
20/06/14 19:38:00 INFO mapreduce.Job:  map 100% reduce 50%
20/06/14 19:38:03 INFO mapreduce.Job:  map 100% reduce 51%
20/06/14 19:38:04 INFO mapreduce.Job:  map 100% reduce 52%
20/06/14 19:38:06 INFO mapreduce.Job:  map 100% reduce 53%
20/06/14 19:38:07 INFO mapreduce.Job:  map 100% reduce 54%
20/06/14 19:38:10 INFO mapreduce.Job:  map 100% reduce 55%
20/06/14 19:38:12 INFO mapreduce.Job:  map 100% reduce 56%
20/06/14 19:38:13 INFO mapreduce.Job:  map 100% reduce 57%
20/06/14 19:38:15 INFO mapreduce.Job:  map 100% reduce 58%
20/06/14 19:38:18 INFO mapreduce.Job:  map 100% reduce 59%
20/06/14 19:38:19 INFO mapreduce.Job:  map 100% reduce 60%
20/06/14 19:38:22 INFO mapreduce.Job:  map 100% reduce 61%
20/06/14 19:38:24 INFO mapreduce.Job:  map 100% reduce 62%
20/06/14 19:38:27 INFO mapreduce.Job:  map 100% reduce 63%
20/06/14 19:38:28 INFO mapreduce.Job:  map 100% reduce 64%
20/06/14 19:38:31 INFO mapreduce.Job:  map 100% reduce 65%
20/06/14 19:38:33 INFO mapreduce.Job:  map 100% reduce 66%
20/06/14 19:38:35 INFO mapreduce.Job:  map 100% reduce 67%
20/06/14 19:38:44 INFO mapreduce.Job:  map 100% reduce 69%
20/06/14 19:38:47 INFO mapreduce.Job:  map 100% reduce 70%
20/06/14 19:38:50 INFO mapreduce.Job:  map 100% reduce 71%
20/06/14 19:38:53 INFO mapreduce.Job:  map 100% reduce 72%
20/06/14 19:38:56 INFO mapreduce.Job:  map 100% reduce 73%
20/06/14 19:39:02 INFO mapreduce.Job:  map 100% reduce 74%
20/06/14 19:39:05 INFO mapreduce.Job:  map 100% reduce 75%
20/06/14 19:39:08 INFO mapreduce.Job:  map 100% reduce 76%
20/06/14 19:39:11 INFO mapreduce.Job:  map 100% reduce 77%
20/06/14 19:39:14 INFO mapreduce.Job:  map 100% reduce 78%
20/06/14 19:39:17 INFO mapreduce.Job:  map 100% reduce 89%
20/06/14 19:39:20 INFO mapreduce.Job:  map 100% reduce 92%
20/06/14 19:39:23 INFO mapreduce.Job:  map 100% reduce 93%
20/06/14 19:39:26 INFO mapreduce.Job:  map 100% reduce 95%
20/06/14 19:39:29 INFO mapreduce.Job:  map 100% reduce 96%
20/06/14 19:39:32 INFO mapreduce.Job:  map 100% reduce 98%
20/06/14 19:39:35 INFO mapreduce.Job:  map 100% reduce 99%
20/06/14 19:39:37 INFO mapreduce.Job:  map 100% reduce 100%
20/06/14 19:39:37 INFO mapreduce.Job: Job job_1592120413148_0016 completed successfully
20/06/14 19:39:37 INFO mapreduce.Job: Counters: 50
	File System Counters
		FILE: Number of bytes read=31976223419
		FILE: Number of bytes written=42736758033
		FILE: Number of read operations=0
		FILE: Number of large read operations=0
		FILE: Number of write operations=0
		HDFS: Number of bytes read=10774087735
		HDFS: Number of bytes written=10772830020
		HDFS: Number of read operations=329
		HDFS: Number of large read operations=0
		HDFS: Number of write operations=6
	Job Counters 
		Killed reduce tasks=4
		Launched map tasks=80
		Launched reduce tasks=7
		Rack-local map tasks=80
		Total time spent by all maps in occupied slots (ms)=242675
		Total time spent by all reduces in occupied slots (ms)=518449
		Total time spent by all map tasks (ms)=242675
		Total time spent by all reduce tasks (ms)=518449
		Total vcore-milliseconds taken by all map tasks=242675
		Total vcore-milliseconds taken by all reduce tasks=518449
		Total megabyte-milliseconds taken by all map tasks=248499200
		Total megabyte-milliseconds taken by all reduce tasks=530891776
	Map-Reduce Framework
		Map input records=1021636
		Map output records=1021636
		Map output bytes=10745656464
		Map output materialized bytes=10751400863
		Input split bytes=9040
		Combine input records=0
		Combine output records=0
		Reduce input groups=1021636
		Reduce shuffle bytes=10751400863
		Reduce input records=1021636
		Reduce output records=1021636
		Spilled Records=4060120
		Shuffled Maps =240
		Failed Shuffles=0
		Merged Map outputs=240
		GC time elapsed (ms)=5028
		CPU time spent (ms)=211930
		Physical memory (bytes) snapshot=22090670080
		Virtual memory (bytes) snapshot=175195140096
		Total committed heap usage (bytes)=16779313152
	Shuffle Errors
		BAD_ID=0
		CONNECTION=0
		IO_ERROR=0
		WRONG_LENGTH=0
		WRONG_MAP=0
		WRONG_REDUCE=0
	File Input Format Counters 
		Bytes Read=10774078695
	File Output Format Counters 
		Bytes Written=10772830020
