20/06/16 23:00:12 INFO client.RMProxy: Connecting to ResourceManager at master/10.51.17.95:8032
20/06/16 23:00:13 INFO client.RMProxy: Connecting to ResourceManager at master/10.51.17.95:8032
20/06/16 23:00:14 INFO input.FileInputFormat: Total input paths to process : 10
20/06/16 23:00:14 INFO mapreduce.JobSubmitter: number of splits:80
20/06/16 23:00:14 INFO mapreduce.JobSubmitter: Submitting tokens for job: job_1592314645138_0003
20/06/16 23:00:14 INFO impl.YarnClientImpl: Submitted application application_1592314645138_0003
20/06/16 23:00:15 INFO mapreduce.Job: The url to track the job: http://master:8088/proxy/application_1592314645138_0003/
20/06/16 23:00:15 INFO mapreduce.Job: Running job: job_1592314645138_0003
20/06/16 23:00:20 INFO mapreduce.Job: Job job_1592314645138_0003 running in uber mode : false
20/06/16 23:00:20 INFO mapreduce.Job:  map 0% reduce 0%
20/06/16 23:00:26 INFO mapreduce.Job:  map 1% reduce 0%
20/06/16 23:00:27 INFO mapreduce.Job:  map 3% reduce 0%
20/06/16 23:00:30 INFO mapreduce.Job:  map 4% reduce 0%
20/06/16 23:00:32 INFO mapreduce.Job:  map 5% reduce 0%
20/06/16 23:00:33 INFO mapreduce.Job:  map 6% reduce 0%
20/06/16 23:00:36 INFO mapreduce.Job:  map 8% reduce 0%
20/06/16 23:00:38 INFO mapreduce.Job:  map 9% reduce 0%
20/06/16 23:00:40 INFO mapreduce.Job:  map 10% reduce 0%
20/06/16 23:00:43 INFO mapreduce.Job:  map 11% reduce 0%
20/06/16 23:00:44 INFO mapreduce.Job:  map 13% reduce 0%
20/06/16 23:00:47 INFO mapreduce.Job:  map 14% reduce 0%
20/06/16 23:00:48 INFO mapreduce.Job:  map 15% reduce 0%
20/06/16 23:00:52 INFO mapreduce.Job:  map 17% reduce 0%
20/06/16 23:00:56 INFO mapreduce.Job:  map 19% reduce 0%
20/06/16 23:00:57 INFO mapreduce.Job:  map 20% reduce 0%
20/06/16 23:01:01 INFO mapreduce.Job:  map 22% reduce 0%
20/06/16 23:01:06 INFO mapreduce.Job:  map 25% reduce 0%
20/06/16 23:01:10 INFO mapreduce.Job:  map 26% reduce 0%
20/06/16 23:01:11 INFO mapreduce.Job:  map 28% reduce 0%
20/06/16 23:01:14 INFO mapreduce.Job:  map 29% reduce 0%
20/06/16 23:01:15 INFO mapreduce.Job:  map 30% reduce 0%
20/06/16 23:01:18 INFO mapreduce.Job:  map 31% reduce 0%
20/06/16 23:01:20 INFO mapreduce.Job:  map 32% reduce 0%
20/06/16 23:01:22 INFO mapreduce.Job:  map 34% reduce 0%
20/06/16 23:01:25 INFO mapreduce.Job:  map 35% reduce 0%
20/06/16 23:01:26 INFO mapreduce.Job:  map 36% reduce 0%
20/06/16 23:01:29 INFO mapreduce.Job:  map 38% reduce 0%
20/06/16 23:01:30 INFO mapreduce.Job:  map 39% reduce 0%
20/06/16 23:01:33 INFO mapreduce.Job:  map 40% reduce 0%
20/06/16 23:01:34 INFO mapreduce.Job:  map 41% reduce 0%
20/06/16 23:01:37 INFO mapreduce.Job:  map 43% reduce 0%
20/06/16 23:01:38 INFO mapreduce.Job:  map 44% reduce 0%
20/06/16 23:01:41 INFO mapreduce.Job:  map 45% reduce 0%
20/06/16 23:01:43 INFO mapreduce.Job:  map 46% reduce 0%
20/06/16 23:01:46 INFO mapreduce.Job:  map 47% reduce 0%
20/06/16 23:01:48 INFO mapreduce.Job:  map 49% reduce 0%
20/06/16 23:01:52 INFO mapreduce.Job:  map 50% reduce 0%
20/06/16 23:01:53 INFO mapreduce.Job:  map 51% reduce 0%
20/06/16 23:01:56 INFO mapreduce.Job:  map 52% reduce 0%
20/06/16 23:02:00 INFO mapreduce.Job:  map 54% reduce 0%
20/06/16 23:02:02 INFO mapreduce.Job:  map 54% reduce 2%
20/06/16 23:02:05 INFO mapreduce.Job:  map 54% reduce 3%
20/06/16 23:02:06 INFO mapreduce.Job:  map 55% reduce 3%
20/06/16 23:02:08 INFO mapreduce.Job:  map 55% reduce 4%
20/06/16 23:02:11 INFO mapreduce.Job:  map 56% reduce 5%
20/06/16 23:02:14 INFO mapreduce.Job:  map 56% reduce 6%
20/06/16 23:02:17 INFO mapreduce.Job:  map 57% reduce 6%
20/06/16 23:02:22 INFO mapreduce.Job:  map 59% reduce 6%
20/06/16 23:02:23 INFO mapreduce.Job:  map 59% reduce 7%
20/06/16 23:02:27 INFO mapreduce.Job:  map 60% reduce 7%
20/06/16 23:02:32 INFO mapreduce.Job:  map 61% reduce 7%
20/06/16 23:02:39 INFO mapreduce.Job:  map 63% reduce 7%
20/06/16 23:02:44 INFO mapreduce.Job:  map 64% reduce 7%
20/06/16 23:02:49 INFO mapreduce.Job:  map 65% reduce 7%
20/06/16 23:02:54 INFO mapreduce.Job:  map 66% reduce 7%
20/06/16 23:03:01 INFO mapreduce.Job:  map 68% reduce 7%
20/06/16 23:03:03 INFO mapreduce.Job:  map 68% reduce 8%
20/06/16 23:03:06 INFO mapreduce.Job:  map 69% reduce 8%
20/06/16 23:03:12 INFO mapreduce.Job:  map 70% reduce 8%
20/06/16 23:03:17 INFO mapreduce.Job:  map 71% reduce 8%
20/06/16 23:03:22 INFO mapreduce.Job:  map 73% reduce 8%
20/06/16 23:03:27 INFO mapreduce.Job:  map 74% reduce 8%
20/06/16 23:03:33 INFO mapreduce.Job:  map 75% reduce 8%
20/06/16 23:03:39 INFO mapreduce.Job:  map 76% reduce 8%
20/06/16 23:03:44 INFO mapreduce.Job:  map 77% reduce 8%
20/06/16 23:03:45 INFO mapreduce.Job:  map 77% reduce 9%
20/06/16 23:03:50 INFO mapreduce.Job:  map 79% reduce 9%
20/06/16 23:03:56 INFO mapreduce.Job:  map 80% reduce 9%
20/06/16 23:04:03 INFO mapreduce.Job:  map 81% reduce 9%
20/06/16 23:04:08 INFO mapreduce.Job:  map 82% reduce 9%
20/06/16 23:04:13 INFO mapreduce.Job:  map 84% reduce 9%
20/06/16 23:04:18 INFO mapreduce.Job:  map 85% reduce 9%
20/06/16 23:04:23 INFO mapreduce.Job:  map 86% reduce 9%
20/06/16 23:04:24 INFO mapreduce.Job:  map 86% reduce 10%
20/06/16 23:04:29 INFO mapreduce.Job:  map 88% reduce 10%
20/06/16 23:04:35 INFO mapreduce.Job:  map 89% reduce 10%
20/06/16 23:04:41 INFO mapreduce.Job:  map 90% reduce 10%
20/06/16 23:04:46 INFO mapreduce.Job:  map 91% reduce 10%
20/06/16 23:04:52 INFO mapreduce.Job:  map 93% reduce 10%
20/06/16 23:04:57 INFO mapreduce.Job:  map 94% reduce 10%
20/06/16 23:05:02 INFO mapreduce.Job:  map 95% reduce 10%
20/06/16 23:05:04 INFO mapreduce.Job:  map 95% reduce 11%
20/06/16 23:05:08 INFO mapreduce.Job:  map 96% reduce 11%
20/06/16 23:05:13 INFO mapreduce.Job:  map 98% reduce 11%
20/06/16 23:05:18 INFO mapreduce.Job:  map 99% reduce 11%
20/06/16 23:05:22 INFO mapreduce.Job:  map 100% reduce 11%
20/06/16 23:05:25 INFO mapreduce.Job:  map 100% reduce 23%
20/06/16 23:05:28 INFO mapreduce.Job:  map 100% reduce 24%
20/06/16 23:05:30 INFO mapreduce.Job:  map 100% reduce 25%
20/06/16 23:05:31 INFO mapreduce.Job:  map 100% reduce 26%
20/06/16 23:05:34 INFO mapreduce.Job:  map 100% reduce 27%
20/06/16 23:05:36 INFO mapreduce.Job:  map 100% reduce 28%
20/06/16 23:05:37 INFO mapreduce.Job:  map 100% reduce 29%
20/06/16 23:05:40 INFO mapreduce.Job:  map 100% reduce 30%
20/06/16 23:05:42 INFO mapreduce.Job:  map 100% reduce 31%
20/06/16 23:05:45 INFO mapreduce.Job:  map 100% reduce 32%
20/06/16 23:05:48 INFO mapreduce.Job:  map 100% reduce 33%
20/06/16 23:05:51 INFO mapreduce.Job:  map 100% reduce 34%
20/06/16 23:05:52 INFO mapreduce.Job:  map 100% reduce 35%
20/06/16 23:05:55 INFO mapreduce.Job:  map 100% reduce 36%
20/06/16 23:05:57 INFO mapreduce.Job:  map 100% reduce 37%
20/06/16 23:06:00 INFO mapreduce.Job:  map 100% reduce 38%
20/06/16 23:06:03 INFO mapreduce.Job:  map 100% reduce 39%
20/06/16 23:06:06 INFO mapreduce.Job:  map 100% reduce 40%
20/06/16 23:06:09 INFO mapreduce.Job:  map 100% reduce 41%
20/06/16 23:06:15 INFO mapreduce.Job:  map 100% reduce 42%
20/06/16 23:06:22 INFO mapreduce.Job:  map 100% reduce 43%
20/06/16 23:06:25 INFO mapreduce.Job:  map 100% reduce 44%
20/06/16 23:06:30 INFO mapreduce.Job:  map 100% reduce 45%
20/06/16 23:06:33 INFO mapreduce.Job:  map 100% reduce 46%
20/06/16 23:06:37 INFO mapreduce.Job:  map 100% reduce 47%
20/06/16 23:06:40 INFO mapreduce.Job:  map 100% reduce 48%
20/06/16 23:06:43 INFO mapreduce.Job:  map 100% reduce 49%
20/06/16 23:06:45 INFO mapreduce.Job:  map 100% reduce 60%
20/06/16 23:06:49 INFO mapreduce.Job:  map 100% reduce 61%
20/06/16 23:06:51 INFO mapreduce.Job:  map 100% reduce 62%
20/06/16 23:06:54 INFO mapreduce.Job:  map 100% reduce 63%
20/06/16 23:06:58 INFO mapreduce.Job:  map 100% reduce 64%
20/06/16 23:07:01 INFO mapreduce.Job:  map 100% reduce 65%
20/06/16 23:07:04 INFO mapreduce.Job:  map 100% reduce 66%
20/06/16 23:07:09 INFO mapreduce.Job:  map 100% reduce 67%
20/06/16 23:07:12 INFO mapreduce.Job:  map 100% reduce 68%
20/06/16 23:07:15 INFO mapreduce.Job:  map 100% reduce 69%
20/06/16 23:07:19 INFO mapreduce.Job:  map 100% reduce 70%
20/06/16 23:07:21 INFO mapreduce.Job:  map 100% reduce 71%
20/06/16 23:07:25 INFO mapreduce.Job:  map 100% reduce 72%
20/06/16 23:07:28 INFO mapreduce.Job:  map 100% reduce 73%
20/06/16 23:07:31 INFO mapreduce.Job:  map 100% reduce 74%
20/06/16 23:07:34 INFO mapreduce.Job:  map 100% reduce 75%
20/06/16 23:07:37 INFO mapreduce.Job:  map 100% reduce 81%
20/06/16 23:07:39 INFO mapreduce.Job:  map 100% reduce 82%
20/06/16 23:07:40 INFO mapreduce.Job:  map 100% reduce 88%
20/06/16 23:07:42 INFO mapreduce.Job:  map 100% reduce 89%
20/06/16 23:07:49 INFO mapreduce.Job:  map 100% reduce 92%
20/06/16 23:07:52 INFO mapreduce.Job:  map 100% reduce 93%
20/06/16 23:07:55 INFO mapreduce.Job:  map 100% reduce 94%
20/06/16 23:07:58 INFO mapreduce.Job:  map 100% reduce 96%
20/06/16 23:08:01 INFO mapreduce.Job:  map 100% reduce 97%
20/06/16 23:08:04 INFO mapreduce.Job:  map 100% reduce 99%
20/06/16 23:08:07 INFO mapreduce.Job:  map 100% reduce 100%
20/06/16 23:08:10 INFO mapreduce.Job: Job job_1592314645138_0003 completed successfully
20/06/16 23:08:10 INFO mapreduce.Job: Counters: 52
	File System Counters
		FILE: Number of bytes read=31974520677
		FILE: Number of bytes written=42735048567
		FILE: Number of read operations=0
		FILE: Number of large read operations=0
		FILE: Number of write operations=0
		HDFS: Number of bytes read=10774009875
		HDFS: Number of bytes written=10772846837
		HDFS: Number of read operations=329
		HDFS: Number of large read operations=0
		HDFS: Number of write operations=6
	Job Counters 
		Killed map tasks=1
		Killed reduce tasks=1
		Launched map tasks=80
		Launched reduce tasks=4
		Data-local map tasks=35
		Rack-local map tasks=45
		Total time spent by all maps in occupied slots (ms)=259493
		Total time spent by all reduces in occupied slots (ms)=540223
		Total time spent by all map tasks (ms)=259493
		Total time spent by all reduce tasks (ms)=540223
		Total vcore-milliseconds taken by all map tasks=259493
		Total vcore-milliseconds taken by all reduce tasks=540223
		Total megabyte-milliseconds taken by all map tasks=265720832
		Total megabyte-milliseconds taken by all reduce tasks=553188352
	Map-Reduce Framework
		Map input records=1022600
		Map output records=1022600
		Map output bytes=10745642829
		Map output materialized bytes=10751392560
		Input split bytes=8240
		Combine input records=0
		Combine output records=0
		Reduce input groups=1022600
		Reduce shuffle bytes=10751392560
		Reduce input records=1022600
		Reduce output records=1022600
		Spilled Records=4063920
		Shuffled Maps =240
		Failed Shuffles=0
		Merged Map outputs=240
		GC time elapsed (ms)=5891
		CPU time spent (ms)=208240
		Physical memory (bytes) snapshot=22014058496
		Virtual memory (bytes) snapshot=175195017216
		Total committed heap usage (bytes)=16743661568
	Shuffle Errors
		BAD_ID=0
		CONNECTION=0
		IO_ERROR=0
		WRONG_LENGTH=0
		WRONG_MAP=0
		WRONG_REDUCE=0
	File Input Format Counters 
		Bytes Read=10774001635
	File Output Format Counters 
		Bytes Written=10772846837
