20/06/14 18:01:40 INFO client.RMProxy: Connecting to ResourceManager at master/10.51.17.95:8032
20/06/14 18:01:40 INFO client.RMProxy: Connecting to ResourceManager at master/10.51.17.95:8032
20/06/14 18:01:41 INFO input.FileInputFormat: Total input paths to process : 10
20/06/14 18:01:41 INFO mapreduce.JobSubmitter: number of splits:80
20/06/14 18:01:41 INFO mapreduce.JobSubmitter: Submitting tokens for job: job_1592120413148_0008
20/06/14 18:01:41 INFO impl.YarnClientImpl: Submitted application application_1592120413148_0008
20/06/14 18:01:41 INFO mapreduce.Job: The url to track the job: http://master:8088/proxy/application_1592120413148_0008/
20/06/14 18:01:41 INFO mapreduce.Job: Running job: job_1592120413148_0008
20/06/14 18:01:51 INFO mapreduce.Job: Job job_1592120413148_0008 running in uber mode : false
20/06/14 18:01:51 INFO mapreduce.Job:  map 0% reduce 0%
20/06/14 18:01:59 INFO mapreduce.Job:  map 1% reduce 0%
20/06/14 18:02:02 INFO mapreduce.Job:  map 3% reduce 0%
20/06/14 18:02:06 INFO mapreduce.Job:  map 4% reduce 0%
20/06/14 18:02:07 INFO mapreduce.Job:  map 5% reduce 0%
20/06/14 18:02:12 INFO mapreduce.Job:  map 6% reduce 0%
20/06/14 18:02:17 INFO mapreduce.Job:  map 8% reduce 0%
20/06/14 18:02:19 INFO mapreduce.Job:  map 9% reduce 0%
20/06/14 18:02:23 INFO mapreduce.Job:  map 10% reduce 0%
20/06/14 18:02:26 INFO mapreduce.Job:  map 11% reduce 0%
20/06/14 18:02:28 INFO mapreduce.Job:  map 13% reduce 0%
20/06/14 18:02:32 INFO mapreduce.Job:  map 14% reduce 0%
20/06/14 18:02:36 INFO mapreduce.Job:  map 15% reduce 0%
20/06/14 18:02:38 INFO mapreduce.Job:  map 16% reduce 0%
20/06/14 18:02:43 INFO mapreduce.Job:  map 17% reduce 0%
20/06/14 18:02:45 INFO mapreduce.Job:  map 19% reduce 0%
20/06/14 18:02:48 INFO mapreduce.Job:  map 20% reduce 0%
20/06/14 18:02:52 INFO mapreduce.Job:  map 21% reduce 0%
20/06/14 18:02:55 INFO mapreduce.Job:  map 22% reduce 0%
20/06/14 18:02:58 INFO mapreduce.Job:  map 24% reduce 0%
20/06/14 18:03:03 INFO mapreduce.Job:  map 25% reduce 0%
20/06/14 18:03:04 INFO mapreduce.Job:  map 26% reduce 0%
20/06/14 18:03:07 INFO mapreduce.Job:  map 28% reduce 0%
20/06/14 18:03:09 INFO mapreduce.Job:  map 29% reduce 0%
20/06/14 18:03:13 INFO mapreduce.Job:  map 30% reduce 0%
20/06/14 18:03:16 INFO mapreduce.Job:  map 31% reduce 0%
20/06/14 18:03:19 INFO mapreduce.Job:  map 32% reduce 0%
20/06/14 18:03:23 INFO mapreduce.Job:  map 34% reduce 0%
20/06/14 18:03:26 INFO mapreduce.Job:  map 35% reduce 0%
20/06/14 18:03:30 INFO mapreduce.Job:  map 36% reduce 0%
20/06/14 18:03:33 INFO mapreduce.Job:  map 38% reduce 0%
20/06/14 18:03:37 INFO mapreduce.Job:  map 39% reduce 0%
20/06/14 18:03:40 INFO mapreduce.Job:  map 40% reduce 0%
20/06/14 18:03:43 INFO mapreduce.Job:  map 41% reduce 0%
20/06/14 18:03:47 INFO mapreduce.Job:  map 43% reduce 0%
20/06/14 18:03:49 INFO mapreduce.Job:  map 44% reduce 0%
20/06/14 18:03:54 INFO mapreduce.Job:  map 45% reduce 0%
20/06/14 18:03:55 INFO mapreduce.Job:  map 46% reduce 0%
20/06/14 18:04:00 INFO mapreduce.Job:  map 47% reduce 0%
20/06/14 18:04:02 INFO mapreduce.Job:  map 49% reduce 0%
20/06/14 18:04:06 INFO mapreduce.Job:  map 50% reduce 0%
20/06/14 18:04:08 INFO mapreduce.Job:  map 51% reduce 0%
20/06/14 18:04:12 INFO mapreduce.Job:  map 52% reduce 0%
20/06/14 18:04:17 INFO mapreduce.Job:  map 52% reduce 2%
20/06/14 18:04:18 INFO mapreduce.Job:  map 54% reduce 2%
20/06/14 18:04:23 INFO mapreduce.Job:  map 54% reduce 3%
20/06/14 18:04:25 INFO mapreduce.Job:  map 55% reduce 3%
20/06/14 18:04:26 INFO mapreduce.Job:  map 55% reduce 5%
20/06/14 18:04:29 INFO mapreduce.Job:  map 55% reduce 6%
20/06/14 18:04:31 INFO mapreduce.Job:  map 56% reduce 6%
20/06/14 18:04:36 INFO mapreduce.Job:  map 57% reduce 6%
20/06/14 18:04:42 INFO mapreduce.Job:  map 59% reduce 6%
20/06/14 18:04:44 INFO mapreduce.Job:  map 59% reduce 7%
20/06/14 18:04:48 INFO mapreduce.Job:  map 60% reduce 7%
20/06/14 18:04:53 INFO mapreduce.Job:  map 61% reduce 7%
20/06/14 18:04:59 INFO mapreduce.Job:  map 63% reduce 7%
20/06/14 18:05:04 INFO mapreduce.Job:  map 64% reduce 7%
20/06/14 18:05:10 INFO mapreduce.Job:  map 65% reduce 7%
20/06/14 18:05:18 INFO mapreduce.Job:  map 66% reduce 7%
20/06/14 18:05:25 INFO mapreduce.Job:  map 68% reduce 7%
20/06/14 18:05:26 INFO mapreduce.Job:  map 68% reduce 8%
20/06/14 18:05:31 INFO mapreduce.Job:  map 69% reduce 8%
20/06/14 18:05:39 INFO mapreduce.Job:  map 70% reduce 8%
20/06/14 18:05:46 INFO mapreduce.Job:  map 71% reduce 8%
20/06/14 18:05:53 INFO mapreduce.Job:  map 73% reduce 8%
20/06/14 18:06:01 INFO mapreduce.Job:  map 74% reduce 8%
20/06/14 18:06:07 INFO mapreduce.Job:  map 75% reduce 8%
20/06/14 18:06:13 INFO mapreduce.Job:  map 76% reduce 8%
20/06/14 18:06:21 INFO mapreduce.Job:  map 77% reduce 8%
20/06/14 18:06:23 INFO mapreduce.Job:  map 77% reduce 9%
20/06/14 18:06:27 INFO mapreduce.Job:  map 79% reduce 9%
20/06/14 18:06:34 INFO mapreduce.Job:  map 80% reduce 9%
20/06/14 18:06:41 INFO mapreduce.Job:  map 81% reduce 9%
20/06/14 18:06:48 INFO mapreduce.Job:  map 82% reduce 9%
20/06/14 18:06:55 INFO mapreduce.Job:  map 84% reduce 9%
20/06/14 18:06:57 INFO mapreduce.Job:  map 84% reduce 0%
20/06/14 18:07:03 INFO mapreduce.Job:  map 85% reduce 0%
20/06/14 18:07:07 INFO mapreduce.Job:  map 86% reduce 0%
20/06/14 18:07:13 INFO mapreduce.Job:  map 88% reduce 0%
20/06/14 18:07:17 INFO mapreduce.Job:  map 89% reduce 0%
20/06/14 18:07:24 INFO mapreduce.Job:  map 90% reduce 0%
20/06/14 18:07:29 INFO mapreduce.Job:  map 91% reduce 0%
20/06/14 18:07:30 INFO mapreduce.Job:  map 91% reduce 2%
20/06/14 18:07:31 INFO mapreduce.Job:  map 91% reduce 0%
20/06/14 18:07:36 INFO mapreduce.Job:  map 93% reduce 0%
20/06/14 18:07:42 INFO mapreduce.Job:  map 94% reduce 0%
20/06/14 18:07:48 INFO mapreduce.Job:  map 95% reduce 0%
20/06/14 18:07:53 INFO mapreduce.Job:  map 96% reduce 0%
20/06/14 18:08:00 INFO mapreduce.Job:  map 98% reduce 0%
20/06/14 18:08:05 INFO mapreduce.Job:  map 99% reduce 1%
20/06/14 18:08:06 INFO mapreduce.Job:  map 99% reduce 0%
20/06/14 18:08:11 INFO mapreduce.Job:  map 100% reduce 0%
20/06/14 18:08:17 INFO mapreduce.Job:  map 100% reduce 2%
20/06/14 18:08:20 INFO mapreduce.Job:  map 100% reduce 3%
20/06/14 18:08:23 INFO mapreduce.Job:  map 100% reduce 4%
20/06/14 18:08:26 INFO mapreduce.Job:  map 100% reduce 5%
20/06/14 18:08:29 INFO mapreduce.Job:  map 100% reduce 6%
20/06/14 18:08:35 INFO mapreduce.Job:  map 100% reduce 7%
20/06/14 18:08:44 INFO mapreduce.Job:  map 100% reduce 8%
20/06/14 18:08:53 INFO mapreduce.Job:  map 100% reduce 9%
20/06/14 18:09:02 INFO mapreduce.Job:  map 100% reduce 10%
20/06/14 18:09:14 INFO mapreduce.Job:  map 100% reduce 11%
20/06/14 18:09:23 INFO mapreduce.Job:  map 100% reduce 12%
20/06/14 18:09:32 INFO mapreduce.Job:  map 100% reduce 13%
20/06/14 18:09:39 INFO mapreduce.Job:  map 100% reduce 14%
20/06/14 18:09:47 INFO mapreduce.Job:  map 100% reduce 15%
20/06/14 18:09:56 INFO mapreduce.Job:  map 100% reduce 16%
20/06/14 18:10:05 INFO mapreduce.Job:  map 100% reduce 17%
20/06/14 18:10:14 INFO mapreduce.Job:  map 100% reduce 18%
20/06/14 18:10:21 INFO mapreduce.Job:  map 100% reduce 19%
20/06/14 18:10:30 INFO mapreduce.Job:  map 100% reduce 20%
20/06/14 18:10:42 INFO mapreduce.Job:  map 100% reduce 21%
20/06/14 18:10:56 INFO mapreduce.Job:  map 100% reduce 22%
20/06/14 18:11:02 INFO mapreduce.Job:  map 100% reduce 25%
20/06/14 18:11:05 INFO mapreduce.Job:  map 100% reduce 30%
20/06/14 18:11:08 INFO mapreduce.Job:  map 100% reduce 33%
20/06/14 18:11:15 INFO mapreduce.Job:  map 100% reduce 38%
20/06/14 18:11:18 INFO mapreduce.Job:  map 100% reduce 41%
20/06/14 18:11:21 INFO mapreduce.Job:  map 100% reduce 44%
20/06/14 18:11:30 INFO mapreduce.Job:  map 100% reduce 45%
20/06/14 18:11:35 INFO mapreduce.Job:  map 100% reduce 46%
20/06/14 18:11:39 INFO mapreduce.Job:  map 100% reduce 47%
20/06/14 18:11:50 INFO mapreduce.Job:  map 100% reduce 48%
20/06/14 18:11:51 INFO mapreduce.Job:  map 100% reduce 49%
20/06/14 18:11:54 INFO mapreduce.Job:  map 100% reduce 50%
20/06/14 18:12:02 INFO mapreduce.Job:  map 100% reduce 51%
20/06/14 18:12:05 INFO mapreduce.Job:  map 100% reduce 52%
20/06/14 18:12:14 INFO mapreduce.Job:  map 100% reduce 53%
20/06/14 18:12:17 INFO mapreduce.Job:  map 100% reduce 54%
20/06/14 18:12:23 INFO mapreduce.Job:  map 100% reduce 55%
20/06/14 18:12:30 INFO mapreduce.Job:  map 100% reduce 56%
20/06/14 18:12:33 INFO mapreduce.Job:  map 100% reduce 57%
20/06/14 18:12:45 INFO mapreduce.Job:  map 100% reduce 58%
20/06/14 18:12:48 INFO mapreduce.Job:  map 100% reduce 59%
20/06/14 18:12:53 INFO mapreduce.Job:  map 100% reduce 60%
20/06/14 18:13:00 INFO mapreduce.Job:  map 100% reduce 61%
20/06/14 18:13:03 INFO mapreduce.Job:  map 100% reduce 62%
20/06/14 18:13:12 INFO mapreduce.Job:  map 100% reduce 63%
20/06/14 18:13:15 INFO mapreduce.Job:  map 100% reduce 64%
20/06/14 18:13:18 INFO mapreduce.Job:  map 100% reduce 65%
20/06/14 18:13:21 INFO mapreduce.Job:  map 100% reduce 66%
20/06/14 18:13:26 INFO mapreduce.Job:  map 100% reduce 67%
20/06/14 18:13:41 INFO mapreduce.Job:  map 100% reduce 68%
20/06/14 18:13:44 INFO mapreduce.Job:  map 100% reduce 69%
20/06/14 18:13:50 INFO mapreduce.Job:  map 100% reduce 70%
20/06/14 18:14:02 INFO mapreduce.Job:  map 100% reduce 71%
20/06/14 18:14:11 INFO mapreduce.Job:  map 100% reduce 72%
20/06/14 18:14:30 INFO mapreduce.Job:  map 100% reduce 73%
20/06/14 18:14:45 INFO mapreduce.Job:  map 100% reduce 74%
20/06/14 18:14:54 INFO mapreduce.Job:  map 100% reduce 75%
20/06/14 18:15:03 INFO mapreduce.Job:  map 100% reduce 76%
20/06/14 18:15:09 INFO mapreduce.Job:  map 100% reduce 77%
20/06/14 18:15:15 INFO mapreduce.Job:  map 100% reduce 78%
20/06/14 18:15:21 INFO mapreduce.Job:  map 100% reduce 86%
20/06/14 18:15:24 INFO mapreduce.Job:  map 100% reduce 89%
20/06/14 18:15:30 INFO mapreduce.Job:  map 100% reduce 90%
20/06/14 18:15:33 INFO mapreduce.Job:  map 100% reduce 91%
20/06/14 18:15:36 INFO mapreduce.Job:  map 100% reduce 92%
20/06/14 18:15:39 INFO mapreduce.Job:  map 100% reduce 93%
20/06/14 18:15:42 INFO mapreduce.Job:  map 100% reduce 94%
20/06/14 18:15:45 INFO mapreduce.Job:  map 100% reduce 95%
20/06/14 18:15:48 INFO mapreduce.Job:  map 100% reduce 96%
20/06/14 18:15:51 INFO mapreduce.Job:  map 100% reduce 97%
20/06/14 18:15:54 INFO mapreduce.Job:  map 100% reduce 98%
20/06/14 18:15:57 INFO mapreduce.Job:  map 100% reduce 99%
20/06/14 18:16:00 INFO mapreduce.Job:  map 100% reduce 100%
20/06/14 18:16:03 INFO mapreduce.Job: Job job_1592120413148_0008 completed successfully
20/06/14 18:16:03 INFO mapreduce.Job: Counters: 51
	File System Counters
		FILE: Number of bytes read=31975660408
		FILE: Number of bytes written=42736205040
		FILE: Number of read operations=0
		FILE: Number of large read operations=0
		FILE: Number of write operations=0
		HDFS: Number of bytes read=10774156791
		HDFS: Number of bytes written=10772842668
		HDFS: Number of read operations=329
		HDFS: Number of large read operations=0
		HDFS: Number of write operations=6
	Job Counters 
		Killed map tasks=1
		Killed reduce tasks=8
		Launched map tasks=80
		Launched reduce tasks=11
		Rack-local map tasks=80
		Total time spent by all maps in occupied slots (ms)=305248
		Total time spent by all reduces in occupied slots (ms)=1140904
		Total time spent by all map tasks (ms)=305248
		Total time spent by all reduce tasks (ms)=1140904
		Total vcore-milliseconds taken by all map tasks=305248
		Total vcore-milliseconds taken by all reduce tasks=1140904
		Total megabyte-milliseconds taken by all map tasks=312573952
		Total megabyte-milliseconds taken by all reduce tasks=1168285696
	Map-Reduce Framework
		Map input records=1022165
		Map output records=1022165
		Map output bytes=10745653240
		Map output materialized bytes=10751401436
		Input split bytes=9040
		Combine input records=0
		Combine output records=0
		Reduce input groups=1022165
		Reduce shuffle bytes=10751401436
		Reduce input records=1022165
		Reduce output records=1022165
		Spilled Records=4062053
		Shuffled Maps =240
		Failed Shuffles=0
		Merged Map outputs=240
		GC time elapsed (ms)=5558
		CPU time spent (ms)=237900
		Physical memory (bytes) snapshot=22205964288
		Virtual memory (bytes) snapshot=175239270400
		Total committed heap usage (bytes)=16768303104
	Shuffle Errors
		BAD_ID=0
		CONNECTION=0
		IO_ERROR=0
		WRONG_LENGTH=0
		WRONG_MAP=0
		WRONG_REDUCE=0
	File Input Format Counters 
		Bytes Read=10774147751
	File Output Format Counters 
		Bytes Written=10772842668
