20/06/14 17:07:12 INFO client.RMProxy: Connecting to ResourceManager at master/10.51.17.95:8032
20/06/14 17:07:12 INFO input.FileInputFormat: Total input paths to process : 10
20/06/14 17:07:13 INFO mapreduce.JobSubmitter: number of splits:90
20/06/14 17:07:13 INFO mapreduce.JobSubmitter: Submitting tokens for job: job_1592120413148_0004
20/06/14 17:07:13 INFO impl.YarnClientImpl: Submitted application application_1592120413148_0004
20/06/14 17:07:13 INFO mapreduce.Job: The url to track the job: http://master:8088/proxy/application_1592120413148_0004/
20/06/14 17:07:13 INFO mapreduce.Job: Running job: job_1592120413148_0004
20/06/14 17:07:23 INFO mapreduce.Job: Job job_1592120413148_0004 running in uber mode : false
20/06/14 17:07:23 INFO mapreduce.Job:  map 0% reduce 0%
20/06/14 17:07:38 INFO mapreduce.Job:  map 1% reduce 0%
20/06/14 17:07:53 INFO mapreduce.Job:  map 2% reduce 0%
20/06/14 17:08:06 INFO mapreduce.Job:  map 3% reduce 0%
20/06/14 17:08:18 INFO mapreduce.Job:  map 4% reduce 0%
20/06/14 17:08:30 INFO mapreduce.Job:  map 5% reduce 0%
20/06/14 17:08:42 INFO mapreduce.Job:  map 6% reduce 0%
20/06/14 17:08:52 INFO mapreduce.Job:  map 7% reduce 0%
20/06/14 17:09:05 INFO mapreduce.Job:  map 8% reduce 0%
20/06/14 17:09:17 INFO mapreduce.Job:  map 9% reduce 0%
20/06/14 17:09:32 INFO mapreduce.Job:  map 10% reduce 0%
20/06/14 17:09:42 INFO mapreduce.Job:  map 11% reduce 0%
20/06/14 17:09:57 INFO mapreduce.Job:  map 12% reduce 0%
20/06/14 17:10:09 INFO mapreduce.Job:  map 13% reduce 0%
20/06/14 17:10:20 INFO mapreduce.Job:  map 14% reduce 0%
20/06/14 17:10:32 INFO mapreduce.Job:  map 15% reduce 0%
20/06/14 17:10:40 INFO mapreduce.Job:  map 16% reduce 0%
20/06/14 17:10:57 INFO mapreduce.Job:  map 17% reduce 0%
20/06/14 17:11:06 INFO mapreduce.Job:  map 18% reduce 0%
20/06/14 17:11:19 INFO mapreduce.Job:  map 19% reduce 0%
20/06/14 17:11:31 INFO mapreduce.Job:  map 20% reduce 0%
20/06/14 17:11:44 INFO mapreduce.Job:  map 21% reduce 0%
20/06/14 17:11:55 INFO mapreduce.Job:  map 22% reduce 0%
20/06/14 17:12:07 INFO mapreduce.Job:  map 23% reduce 0%
20/06/14 17:12:20 INFO mapreduce.Job:  map 24% reduce 0%
20/06/14 17:12:30 INFO mapreduce.Job:  map 25% reduce 0%
20/06/14 17:12:45 INFO mapreduce.Job:  map 26% reduce 0%
20/06/14 17:12:56 INFO mapreduce.Job:  map 27% reduce 0%
20/06/14 17:13:10 INFO mapreduce.Job:  map 28% reduce 0%
20/06/14 17:13:22 INFO mapreduce.Job:  map 29% reduce 0%
20/06/14 17:13:33 INFO mapreduce.Job:  map 30% reduce 0%
20/06/14 17:13:40 INFO mapreduce.Job:  map 31% reduce 0%
20/06/14 17:13:56 INFO mapreduce.Job:  map 32% reduce 0%
20/06/14 17:14:07 INFO mapreduce.Job:  map 33% reduce 0%
20/06/14 17:14:17 INFO mapreduce.Job:  map 34% reduce 0%
20/06/14 17:14:31 INFO mapreduce.Job:  map 35% reduce 0%
20/06/14 17:14:41 INFO mapreduce.Job:  map 36% reduce 0%
20/06/14 17:14:55 INFO mapreduce.Job:  map 37% reduce 0%
20/06/14 17:15:07 INFO mapreduce.Job:  map 38% reduce 0%
20/06/14 17:15:18 INFO mapreduce.Job:  map 39% reduce 0%
20/06/14 17:15:30 INFO mapreduce.Job:  map 40% reduce 0%
20/06/14 17:15:41 INFO mapreduce.Job:  map 41% reduce 0%
20/06/14 17:15:51 INFO mapreduce.Job:  map 42% reduce 0%
20/06/14 17:16:05 INFO mapreduce.Job:  map 43% reduce 0%
20/06/14 17:16:18 INFO mapreduce.Job:  map 44% reduce 0%
20/06/14 17:16:29 INFO mapreduce.Job:  map 45% reduce 0%
20/06/14 17:16:42 INFO mapreduce.Job:  map 46% reduce 0%
20/06/14 17:16:53 INFO mapreduce.Job:  map 47% reduce 0%
20/06/14 17:17:04 INFO mapreduce.Job:  map 48% reduce 0%
20/06/14 17:17:18 INFO mapreduce.Job:  map 49% reduce 0%
20/06/14 17:17:30 INFO mapreduce.Job:  map 50% reduce 0%
20/06/14 17:17:37 INFO mapreduce.Job:  map 51% reduce 0%
20/06/14 17:17:47 INFO mapreduce.Job:  map 51% reduce 17%
20/06/14 17:18:01 INFO mapreduce.Job:  map 52% reduce 17%
20/06/14 17:18:10 INFO mapreduce.Job:  map 52% reduce 0%
20/06/14 17:18:22 INFO mapreduce.Job:  map 52% reduce 4%
20/06/14 17:18:25 INFO mapreduce.Job:  map 53% reduce 4%
20/06/14 17:18:29 INFO mapreduce.Job:  map 53% reduce 10%
20/06/14 17:18:32 INFO mapreduce.Job:  map 53% reduce 14%
20/06/14 17:18:35 INFO mapreduce.Job:  map 53% reduce 17%
20/06/14 17:18:41 INFO mapreduce.Job:  map 53% reduce 18%
20/06/14 17:18:48 INFO mapreduce.Job:  map 54% reduce 18%
20/06/14 17:19:04 INFO mapreduce.Job:  map 54% reduce 0%
20/06/14 17:19:16 INFO mapreduce.Job:  map 55% reduce 0%
20/06/14 17:19:20 INFO mapreduce.Job:  map 55% reduce 14%
20/06/14 17:19:23 INFO mapreduce.Job:  map 55% reduce 18%
20/06/14 17:19:32 INFO mapreduce.Job:  map 56% reduce 18%
20/06/14 17:19:35 INFO mapreduce.Job:  map 56% reduce 19%
20/06/14 17:20:08 INFO mapreduce.Job:  map 57% reduce 0%
20/06/14 17:20:21 INFO mapreduce.Job:  map 57% reduce 12%
20/06/14 17:20:25 INFO mapreduce.Job:  map 57% reduce 18%
20/06/14 17:20:28 INFO mapreduce.Job:  map 57% reduce 19%
20/06/14 17:20:35 INFO mapreduce.Job:  map 58% reduce 19%
20/06/14 17:20:58 INFO mapreduce.Job:  map 59% reduce 0%
20/06/14 17:21:10 INFO mapreduce.Job:  map 59% reduce 12%
20/06/14 17:21:13 INFO mapreduce.Job:  map 59% reduce 19%
20/06/14 17:21:16 INFO mapreduce.Job:  map 59% reduce 20%
20/06/14 17:21:20 INFO mapreduce.Job:  map 60% reduce 20%
20/06/14 17:21:38 INFO mapreduce.Job:  map 61% reduce 20%
20/06/14 17:21:48 INFO mapreduce.Job:  map 61% reduce 0%
20/06/14 17:22:00 INFO mapreduce.Job:  map 61% reduce 12%
20/06/14 17:22:03 INFO mapreduce.Job:  map 61% reduce 18%
20/06/14 17:22:06 INFO mapreduce.Job:  map 61% reduce 20%
20/06/14 17:22:07 INFO mapreduce.Job:  map 62% reduce 20%
20/06/14 17:22:18 INFO mapreduce.Job:  map 62% reduce 21%
20/06/14 17:22:24 INFO mapreduce.Job:  map 63% reduce 21%
20/06/14 17:22:40 INFO mapreduce.Job:  map 63% reduce 0%
20/06/14 17:22:50 INFO mapreduce.Job:  map 64% reduce 0%
20/06/14 17:22:52 INFO mapreduce.Job:  map 64% reduce 14%
20/06/14 17:22:55 INFO mapreduce.Job:  map 64% reduce 18%
20/06/14 17:22:58 INFO mapreduce.Job:  map 64% reduce 21%
20/06/14 17:23:14 INFO mapreduce.Job:  map 65% reduce 21%
20/06/14 17:23:29 INFO mapreduce.Job:  map 66% reduce 0%
20/06/14 17:23:41 INFO mapreduce.Job:  map 66% reduce 18%
20/06/14 17:23:44 INFO mapreduce.Job:  map 66% reduce 22%
20/06/14 17:23:54 INFO mapreduce.Job:  map 67% reduce 22%
20/06/14 17:24:16 INFO mapreduce.Job:  map 68% reduce 0%
20/06/14 17:24:28 INFO mapreduce.Job:  map 68% reduce 16%
20/06/14 17:24:31 INFO mapreduce.Job:  map 68% reduce 23%
20/06/14 17:24:40 INFO mapreduce.Job:  map 69% reduce 23%
20/06/14 17:24:58 INFO mapreduce.Job:  map 70% reduce 23%
20/06/14 17:25:03 INFO mapreduce.Job:  map 70% reduce 0%
20/06/14 17:25:15 INFO mapreduce.Job:  map 70% reduce 18%
20/06/14 17:25:18 INFO mapreduce.Job:  map 70% reduce 23%
20/06/14 17:25:19 INFO mapreduce.Job:  map 71% reduce 23%
20/06/14 17:25:30 INFO mapreduce.Job:  map 71% reduce 24%
20/06/14 17:25:41 INFO mapreduce.Job:  map 72% reduce 24%
20/06/14 17:25:50 INFO mapreduce.Job:  map 72% reduce 0%
20/06/14 17:26:00 INFO mapreduce.Job:  map 73% reduce 0%
20/06/14 17:26:02 INFO mapreduce.Job:  map 73% reduce 18%
20/06/14 17:26:05 INFO mapreduce.Job:  map 73% reduce 24%
20/06/14 17:26:27 INFO mapreduce.Job:  map 74% reduce 24%
20/06/14 17:26:42 INFO mapreduce.Job:  map 74% reduce 0%
20/06/14 17:26:51 INFO mapreduce.Job:  map 75% reduce 0%
20/06/14 17:26:54 INFO mapreduce.Job:  map 75% reduce 18%
20/06/14 17:26:57 INFO mapreduce.Job:  map 75% reduce 25%
20/06/14 17:27:07 INFO mapreduce.Job:  map 76% reduce 25%
20/06/14 17:27:31 INFO mapreduce.Job:  map 77% reduce 25%
20/06/14 17:27:32 INFO mapreduce.Job:  map 77% reduce 0%
20/06/14 17:27:44 INFO mapreduce.Job:  map 77% reduce 17%
20/06/14 17:27:47 INFO mapreduce.Job:  map 77% reduce 21%
20/06/14 17:27:50 INFO mapreduce.Job:  map 77% reduce 26%
20/06/14 17:27:57 INFO mapreduce.Job:  map 78% reduce 26%
20/06/14 17:28:21 INFO mapreduce.Job:  map 79% reduce 26%
20/06/14 17:28:22 INFO mapreduce.Job:  map 79% reduce 0%
20/06/14 17:28:34 INFO mapreduce.Job:  map 79% reduce 18%
20/06/14 17:28:38 INFO mapreduce.Job:  map 79% reduce 25%
20/06/14 17:28:41 INFO mapreduce.Job:  map 79% reduce 26%
20/06/14 17:28:45 INFO mapreduce.Job:  map 80% reduce 26%
20/06/14 17:28:50 INFO mapreduce.Job:  map 80% reduce 27%
20/06/14 17:29:03 INFO mapreduce.Job:  map 81% reduce 27%
20/06/14 17:29:13 INFO mapreduce.Job:  map 81% reduce 0%
20/06/14 17:29:25 INFO mapreduce.Job:  map 81% reduce 14%
20/06/14 17:29:28 INFO mapreduce.Job:  map 81% reduce 21%
20/06/14 17:29:29 INFO mapreduce.Job:  map 82% reduce 21%
20/06/14 17:29:31 INFO mapreduce.Job:  map 82% reduce 27%
20/06/14 17:29:46 INFO mapreduce.Job:  map 83% reduce 27%
20/06/14 17:30:02 INFO mapreduce.Job:  map 83% reduce 0%
20/06/14 17:30:11 INFO mapreduce.Job:  map 84% reduce 0%
20/06/14 17:30:14 INFO mapreduce.Job:  map 84% reduce 16%
20/06/14 17:30:17 INFO mapreduce.Job:  map 84% reduce 23%
20/06/14 17:30:20 INFO mapreduce.Job:  map 84% reduce 28%
20/06/14 17:30:34 INFO mapreduce.Job:  map 85% reduce 28%
20/06/14 17:30:50 INFO mapreduce.Job:  map 86% reduce 28%
20/06/14 17:30:51 INFO mapreduce.Job:  map 86% reduce 0%
20/06/14 17:31:03 INFO mapreduce.Job:  map 86% reduce 14%
20/06/14 17:31:06 INFO mapreduce.Job:  map 86% reduce 22%
20/06/14 17:31:09 INFO mapreduce.Job:  map 86% reduce 29%
20/06/14 17:31:17 INFO mapreduce.Job:  map 87% reduce 29%
20/06/14 17:31:40 INFO mapreduce.Job:  map 88% reduce 29%
20/06/14 17:31:41 INFO mapreduce.Job:  map 88% reduce 0%
20/06/14 17:31:53 INFO mapreduce.Job:  map 88% reduce 16%
20/06/14 17:31:56 INFO mapreduce.Job:  map 88% reduce 24%
20/06/14 17:31:59 INFO mapreduce.Job:  map 88% reduce 29%
20/06/14 17:32:05 INFO mapreduce.Job:  map 89% reduce 29%
20/06/14 17:32:08 INFO mapreduce.Job:  map 89% reduce 30%
20/06/14 17:32:13 INFO mapreduce.Job:  map 90% reduce 0%
20/06/14 17:32:21 INFO mapreduce.Job:  map 91% reduce 0%
20/06/14 17:32:25 INFO mapreduce.Job:  map 91% reduce 18%
20/06/14 17:32:28 INFO mapreduce.Job:  map 91% reduce 26%
20/06/14 17:32:29 INFO mapreduce.Job:  map 92% reduce 26%
20/06/14 17:32:30 INFO mapreduce.Job:  map 92% reduce 0%
20/06/14 17:32:39 INFO mapreduce.Job:  map 93% reduce 0%
20/06/14 17:32:42 INFO mapreduce.Job:  map 93% reduce 14%
20/06/14 17:32:45 INFO mapreduce.Job:  map 93% reduce 22%
20/06/14 17:32:46 INFO mapreduce.Job:  map 94% reduce 22%
20/06/14 17:32:47 INFO mapreduce.Job:  map 94% reduce 0%
20/06/14 17:32:56 INFO mapreduce.Job:  map 96% reduce 0%
20/06/14 17:32:59 INFO mapreduce.Job:  map 96% reduce 14%
20/06/14 17:33:02 INFO mapreduce.Job:  map 97% reduce 22%
20/06/14 17:33:03 INFO mapreduce.Job:  map 97% reduce 0%
20/06/14 17:33:11 INFO mapreduce.Job:  map 98% reduce 0%
20/06/14 17:33:15 INFO mapreduce.Job:  map 98% reduce 18%
20/06/14 17:33:18 INFO mapreduce.Job:  map 98% reduce 27%
20/06/14 17:33:19 INFO mapreduce.Job:  map 99% reduce 0%
20/06/14 17:33:26 INFO mapreduce.Job:  map 100% reduce 0%
20/06/14 17:33:30 INFO mapreduce.Job:  map 100% reduce 17%
20/06/14 17:33:33 INFO mapreduce.Job:  map 100% reduce 27%
20/06/14 17:33:36 INFO mapreduce.Job:  map 100% reduce 34%
20/06/14 17:33:39 INFO mapreduce.Job:  map 100% reduce 70%
20/06/14 17:33:42 INFO mapreduce.Job:  map 100% reduce 75%
20/06/14 17:33:45 INFO mapreduce.Job:  map 100% reduce 80%
20/06/14 17:33:48 INFO mapreduce.Job:  map 100% reduce 85%
20/06/14 17:33:51 INFO mapreduce.Job:  map 100% reduce 93%
20/06/14 17:33:53 INFO mapreduce.Job:  map 100% reduce 100%
20/06/14 17:33:53 INFO mapreduce.Job: Job job_1592120413148_0004 completed successfully
20/06/14 17:33:53 INFO mapreduce.Job: Counters: 51
	File System Counters
		FILE: Number of bytes read=1478682197
		FILE: Number of bytes written=2205330319
		FILE: Number of read operations=0
		FILE: Number of large read operations=0
		FILE: Number of write operations=0
		HDFS: Number of bytes read=11025863707
		HDFS: Number of bytes written=345797589
		HDFS: Number of read operations=273
		HDFS: Number of large read operations=0
		HDFS: Number of write operations=2
	Job Counters 
		Killed map tasks=1
		Killed reduce tasks=22
		Launched map tasks=90
		Launched reduce tasks=23
		Rack-local map tasks=90
		Total time spent by all maps in occupied slots (ms)=1986535
		Total time spent by all reduces in occupied slots (ms)=883423
		Total time spent by all map tasks (ms)=1986535
		Total time spent by all reduce tasks (ms)=883423
		Total vcore-milliseconds taken by all map tasks=1986535
		Total vcore-milliseconds taken by all reduce tasks=883423
		Total megabyte-milliseconds taken by all map tasks=2034211840
		Total megabyte-milliseconds taken by all reduce tasks=904625152
	Map-Reduce Framework
		Map input records=723344
		Map output records=1009760330
		Map output bytes=15225450469
		Map output materialized bytes=715496228
		Input split bytes=10530
		Combine input records=1034529587
		Combine output records=47411998
		Reduce input groups=9907099
		Reduce shuffle bytes=715496228
		Reduce input records=22642741
		Reduce output records=9907099
		Spilled Records=70054739
		Shuffled Maps =90
		Failed Shuffles=0
		Merged Map outputs=90
		GC time elapsed (ms)=19336
		CPU time spent (ms)=2177770
		Physical memory (bytes) snapshot=25280933888
		Virtual memory (bytes) snapshot=192045707264
		Total committed heap usage (bytes)=18915786752
	Shuffle Errors
		BAD_ID=0
		CONNECTION=0
		IO_ERROR=0
		WRONG_LENGTH=0
		WRONG_MAP=0
		WRONG_REDUCE=0
	File Input Format Counters 
		Bytes Read=11025853177
	File Output Format Counters 
		Bytes Written=345797589
