20/06/16 11:41:32 INFO client.RMProxy: Connecting to ResourceManager at master/10.51.17.95:8032
20/06/16 11:41:33 INFO input.FileInputFormat: Total input paths to process : 10
20/06/16 11:41:33 INFO mapreduce.JobSubmitter: number of splits:90
20/06/16 11:41:33 INFO mapreduce.JobSubmitter: Submitting tokens for job: job_1592271684057_0004
20/06/16 11:41:34 INFO impl.YarnClientImpl: Submitted application application_1592271684057_0004
20/06/16 11:41:34 INFO mapreduce.Job: The url to track the job: http://master:8088/proxy/application_1592271684057_0004/
20/06/16 11:41:34 INFO mapreduce.Job: Running job: job_1592271684057_0004
20/06/16 11:41:44 INFO mapreduce.Job: Job job_1592271684057_0004 running in uber mode : false
20/06/16 11:41:44 INFO mapreduce.Job:  map 0% reduce 0%
20/06/16 11:41:54 INFO mapreduce.Job:  map 1% reduce 0%
20/06/16 11:42:10 INFO mapreduce.Job:  map 2% reduce 0%
20/06/16 11:42:19 INFO mapreduce.Job:  map 3% reduce 0%
20/06/16 11:42:31 INFO mapreduce.Job:  map 4% reduce 0%
20/06/16 11:42:45 INFO mapreduce.Job:  map 5% reduce 0%
20/06/16 11:42:52 INFO mapreduce.Job:  map 6% reduce 0%
20/06/16 11:43:01 INFO mapreduce.Job:  map 7% reduce 0%
20/06/16 11:43:14 INFO mapreduce.Job:  map 8% reduce 0%
20/06/16 11:43:24 INFO mapreduce.Job:  map 9% reduce 0%
20/06/16 11:43:33 INFO mapreduce.Job:  map 10% reduce 0%
20/06/16 11:43:44 INFO mapreduce.Job:  map 11% reduce 0%
20/06/16 11:43:55 INFO mapreduce.Job:  map 12% reduce 0%
20/06/16 11:44:04 INFO mapreduce.Job:  map 13% reduce 0%
20/06/16 11:44:14 INFO mapreduce.Job:  map 14% reduce 0%
20/06/16 11:44:24 INFO mapreduce.Job:  map 15% reduce 0%
20/06/16 11:44:33 INFO mapreduce.Job:  map 16% reduce 0%
20/06/16 11:44:46 INFO mapreduce.Job:  map 17% reduce 0%
20/06/16 11:44:56 INFO mapreduce.Job:  map 18% reduce 0%
20/06/16 11:45:06 INFO mapreduce.Job:  map 19% reduce 0%
20/06/16 11:45:18 INFO mapreduce.Job:  map 20% reduce 0%
20/06/16 11:45:31 INFO mapreduce.Job:  map 21% reduce 0%
20/06/16 11:45:40 INFO mapreduce.Job:  map 22% reduce 0%
20/06/16 11:45:48 INFO mapreduce.Job:  map 23% reduce 0%
20/06/16 11:46:03 INFO mapreduce.Job:  map 24% reduce 0%
20/06/16 11:46:11 INFO mapreduce.Job:  map 25% reduce 0%
20/06/16 11:46:23 INFO mapreduce.Job:  map 26% reduce 0%
20/06/16 11:46:34 INFO mapreduce.Job:  map 27% reduce 0%
20/06/16 11:46:42 INFO mapreduce.Job:  map 28% reduce 0%
20/06/16 11:46:57 INFO mapreduce.Job:  map 29% reduce 0%
20/06/16 11:47:05 INFO mapreduce.Job:  map 30% reduce 0%
20/06/16 11:47:14 INFO mapreduce.Job:  map 31% reduce 0%
20/06/16 11:47:28 INFO mapreduce.Job:  map 32% reduce 0%
20/06/16 11:47:37 INFO mapreduce.Job:  map 33% reduce 0%
20/06/16 11:47:46 INFO mapreduce.Job:  map 34% reduce 0%
20/06/16 11:48:00 INFO mapreduce.Job:  map 35% reduce 0%
20/06/16 11:48:09 INFO mapreduce.Job:  map 36% reduce 0%
20/06/16 11:48:20 INFO mapreduce.Job:  map 37% reduce 0%
20/06/16 11:48:33 INFO mapreduce.Job:  map 38% reduce 0%
20/06/16 11:48:41 INFO mapreduce.Job:  map 39% reduce 0%
20/06/16 11:48:50 INFO mapreduce.Job:  map 40% reduce 0%
20/06/16 11:49:01 INFO mapreduce.Job:  map 41% reduce 0%
20/06/16 11:49:10 INFO mapreduce.Job:  map 42% reduce 0%
20/06/16 11:49:18 INFO mapreduce.Job:  map 43% reduce 0%
20/06/16 11:49:32 INFO mapreduce.Job:  map 44% reduce 0%
20/06/16 11:49:42 INFO mapreduce.Job:  map 45% reduce 0%
20/06/16 11:49:47 INFO mapreduce.Job:  map 46% reduce 0%
20/06/16 11:49:55 INFO mapreduce.Job:  map 47% reduce 0%
20/06/16 11:49:56 INFO mapreduce.Job:  map 48% reduce 0%
20/06/16 11:50:03 INFO mapreduce.Job:  map 50% reduce 0%
20/06/16 11:50:10 INFO mapreduce.Job:  map 51% reduce 0%
20/06/16 11:50:14 INFO mapreduce.Job:  map 51% reduce 17%
20/06/16 11:50:26 INFO mapreduce.Job:  map 52% reduce 17%
20/06/16 11:50:34 INFO mapreduce.Job:  map 52% reduce 0%
20/06/16 11:50:44 INFO mapreduce.Job:  map 53% reduce 0%
20/06/16 11:50:46 INFO mapreduce.Job:  map 53% reduce 10%
20/06/16 11:50:49 INFO mapreduce.Job:  map 53% reduce 17%
20/06/16 11:51:01 INFO mapreduce.Job:  map 53% reduce 18%
20/06/16 11:51:07 INFO mapreduce.Job:  map 54% reduce 18%
20/06/16 11:51:22 INFO mapreduce.Job:  map 54% reduce 0%
20/06/16 11:51:32 INFO mapreduce.Job:  map 55% reduce 0%
20/06/16 11:51:34 INFO mapreduce.Job:  map 55% reduce 17%
20/06/16 11:51:37 INFO mapreduce.Job:  map 55% reduce 18%
20/06/16 11:51:46 INFO mapreduce.Job:  map 56% reduce 18%
20/06/16 11:51:49 INFO mapreduce.Job:  map 56% reduce 19%
20/06/16 11:52:08 INFO mapreduce.Job:  map 57% reduce 19%
20/06/16 11:52:09 INFO mapreduce.Job:  map 57% reduce 0%
20/06/16 11:52:20 INFO mapreduce.Job:  map 57% reduce 19%
20/06/16 11:52:34 INFO mapreduce.Job:  map 58% reduce 19%
20/06/16 11:52:56 INFO mapreduce.Job:  map 59% reduce 0%
20/06/16 11:53:08 INFO mapreduce.Job:  map 59% reduce 19%
20/06/16 11:53:11 INFO mapreduce.Job:  map 59% reduce 20%
20/06/16 11:53:15 INFO mapreduce.Job:  map 60% reduce 20%
20/06/16 11:53:33 INFO mapreduce.Job:  map 61% reduce 20%
20/06/16 11:53:43 INFO mapreduce.Job:  map 61% reduce 0%
20/06/16 11:53:55 INFO mapreduce.Job:  map 61% reduce 19%
20/06/16 11:53:58 INFO mapreduce.Job:  map 61% reduce 20%
20/06/16 11:54:00 INFO mapreduce.Job:  map 62% reduce 20%
20/06/16 11:54:10 INFO mapreduce.Job:  map 62% reduce 21%
20/06/16 11:54:17 INFO mapreduce.Job:  map 63% reduce 21%
20/06/16 11:54:34 INFO mapreduce.Job:  map 63% reduce 0%
20/06/16 11:54:44 INFO mapreduce.Job:  map 64% reduce 0%
20/06/16 11:54:46 INFO mapreduce.Job:  map 64% reduce 19%
20/06/16 11:54:49 INFO mapreduce.Job:  map 64% reduce 21%
20/06/16 11:55:07 INFO mapreduce.Job:  map 65% reduce 21%
20/06/16 11:55:22 INFO mapreduce.Job:  map 66% reduce 22%
20/06/16 11:55:23 INFO mapreduce.Job:  map 66% reduce 0%
20/06/16 11:55:34 INFO mapreduce.Job:  map 66% reduce 19%
20/06/16 11:55:37 INFO mapreduce.Job:  map 66% reduce 22%
20/06/16 11:55:46 INFO mapreduce.Job:  map 67% reduce 22%
20/06/16 11:56:06 INFO mapreduce.Job:  map 68% reduce 22%
20/06/16 11:56:07 INFO mapreduce.Job:  map 68% reduce 0%
20/06/16 11:56:19 INFO mapreduce.Job:  map 68% reduce 19%
20/06/16 11:56:22 INFO mapreduce.Job:  map 68% reduce 23%
20/06/16 11:56:28 INFO mapreduce.Job:  map 69% reduce 23%
20/06/16 11:56:46 INFO mapreduce.Job:  map 70% reduce 23%
20/06/16 11:56:51 INFO mapreduce.Job:  map 70% reduce 0%
20/06/16 11:57:03 INFO mapreduce.Job:  map 70% reduce 19%
20/06/16 11:57:06 INFO mapreduce.Job:  map 71% reduce 23%
20/06/16 11:57:15 INFO mapreduce.Job:  map 71% reduce 24%
20/06/16 11:57:28 INFO mapreduce.Job:  map 72% reduce 24%
20/06/16 11:57:38 INFO mapreduce.Job:  map 72% reduce 0%
20/06/16 11:57:47 INFO mapreduce.Job:  map 73% reduce 0%
20/06/16 11:57:50 INFO mapreduce.Job:  map 73% reduce 19%
20/06/16 11:57:53 INFO mapreduce.Job:  map 73% reduce 24%
20/06/16 11:58:11 INFO mapreduce.Job:  map 74% reduce 24%
20/06/16 11:58:26 INFO mapreduce.Job:  map 74% reduce 0%
20/06/16 11:58:35 INFO mapreduce.Job:  map 75% reduce 0%
20/06/16 11:58:38 INFO mapreduce.Job:  map 75% reduce 19%
20/06/16 11:58:41 INFO mapreduce.Job:  map 75% reduce 25%
20/06/16 11:58:51 INFO mapreduce.Job:  map 76% reduce 25%
20/06/16 11:59:14 INFO mapreduce.Job:  map 77% reduce 25%
20/06/16 11:59:15 INFO mapreduce.Job:  map 77% reduce 0%
20/06/16 11:59:27 INFO mapreduce.Job:  map 77% reduce 19%
20/06/16 11:59:30 INFO mapreduce.Job:  map 77% reduce 26%
20/06/16 11:59:40 INFO mapreduce.Job:  map 78% reduce 26%
20/06/16 12:00:02 INFO mapreduce.Job:  map 79% reduce 26%
20/06/16 12:00:05 INFO mapreduce.Job:  map 79% reduce 0%
20/06/16 12:00:16 INFO mapreduce.Job:  map 79% reduce 18%
20/06/16 12:00:19 INFO mapreduce.Job:  map 79% reduce 26%
20/06/16 12:00:22 INFO mapreduce.Job:  map 80% reduce 26%
20/06/16 12:00:31 INFO mapreduce.Job:  map 80% reduce 27%
20/06/16 12:00:42 INFO mapreduce.Job:  map 81% reduce 27%
20/06/16 12:00:51 INFO mapreduce.Job:  map 81% reduce 0%
20/06/16 12:01:03 INFO mapreduce.Job:  map 81% reduce 18%
20/06/16 12:01:06 INFO mapreduce.Job:  map 81% reduce 26%
20/06/16 12:01:07 INFO mapreduce.Job:  map 82% reduce 26%
20/06/16 12:01:09 INFO mapreduce.Job:  map 82% reduce 27%
20/06/16 12:01:24 INFO mapreduce.Job:  map 83% reduce 27%
20/06/16 12:01:39 INFO mapreduce.Job:  map 83% reduce 0%
20/06/16 12:01:49 INFO mapreduce.Job:  map 84% reduce 0%
20/06/16 12:01:51 INFO mapreduce.Job:  map 84% reduce 18%
20/06/16 12:01:54 INFO mapreduce.Job:  map 84% reduce 26%
20/06/16 12:01:57 INFO mapreduce.Job:  map 84% reduce 28%
20/06/16 12:02:12 INFO mapreduce.Job:  map 85% reduce 28%
20/06/16 12:02:26 INFO mapreduce.Job:  map 86% reduce 28%
20/06/16 12:02:27 INFO mapreduce.Job:  map 86% reduce 0%
20/06/16 12:02:39 INFO mapreduce.Job:  map 86% reduce 18%
20/06/16 12:02:42 INFO mapreduce.Job:  map 86% reduce 24%
20/06/16 12:02:45 INFO mapreduce.Job:  map 86% reduce 29%
20/06/16 12:02:54 INFO mapreduce.Job:  map 87% reduce 29%
20/06/16 12:03:16 INFO mapreduce.Job:  map 88% reduce 29%
20/06/16 12:03:17 INFO mapreduce.Job:  map 88% reduce 0%
20/06/16 12:03:28 INFO mapreduce.Job:  map 88% reduce 19%
20/06/16 12:03:32 INFO mapreduce.Job:  map 88% reduce 27%
20/06/16 12:03:35 INFO mapreduce.Job:  map 88% reduce 29%
20/06/16 12:03:41 INFO mapreduce.Job:  map 89% reduce 29%
20/06/16 12:03:44 INFO mapreduce.Job:  map 89% reduce 30%
20/06/16 12:03:59 INFO mapreduce.Job:  map 90% reduce 30%
20/06/16 12:04:05 INFO mapreduce.Job:  map 90% reduce 0%
20/06/16 12:04:19 INFO mapreduce.Job:  map 90% reduce 18%
20/06/16 12:04:22 INFO mapreduce.Job:  map 90% reduce 26%
20/06/16 12:04:24 INFO mapreduce.Job:  map 91% reduce 26%
20/06/16 12:04:26 INFO mapreduce.Job:  map 91% reduce 30%
20/06/16 12:04:48 INFO mapreduce.Job:  map 92% reduce 30%
20/06/16 12:04:58 INFO mapreduce.Job:  map 92% reduce 0%
20/06/16 12:05:08 INFO mapreduce.Job:  map 93% reduce 0%
20/06/16 12:05:09 INFO mapreduce.Job:  map 93% reduce 19%
20/06/16 12:05:12 INFO mapreduce.Job:  map 93% reduce 26%
20/06/16 12:05:15 INFO mapreduce.Job:  map 93% reduce 31%
20/06/16 12:05:30 INFO mapreduce.Job:  map 94% reduce 31%
20/06/16 12:05:45 INFO mapreduce.Job:  map 94% reduce 0%
20/06/16 12:05:53 INFO mapreduce.Job:  map 96% reduce 0%
20/06/16 12:05:57 INFO mapreduce.Job:  map 96% reduce 19%
20/06/16 12:06:00 INFO mapreduce.Job:  map 97% reduce 27%
20/06/16 12:06:01 INFO mapreduce.Job:  map 97% reduce 0%
20/06/16 12:06:09 INFO mapreduce.Job:  map 98% reduce 0%
20/06/16 12:06:15 INFO mapreduce.Job:  map 98% reduce 19%
20/06/16 12:06:16 INFO mapreduce.Job:  map 99% reduce 19%
20/06/16 12:06:17 INFO mapreduce.Job:  map 99% reduce 0%
20/06/16 12:06:24 INFO mapreduce.Job:  map 100% reduce 0%
20/06/16 12:06:27 INFO mapreduce.Job:  map 100% reduce 14%
20/06/16 12:06:30 INFO mapreduce.Job:  map 100% reduce 23%
20/06/16 12:06:33 INFO mapreduce.Job:  map 100% reduce 32%
20/06/16 12:06:36 INFO mapreduce.Job:  map 100% reduce 69%
20/06/16 12:06:39 INFO mapreduce.Job:  map 100% reduce 75%
20/06/16 12:06:42 INFO mapreduce.Job:  map 100% reduce 81%
20/06/16 12:06:45 INFO mapreduce.Job:  map 100% reduce 87%
20/06/16 12:06:48 INFO mapreduce.Job:  map 100% reduce 96%
20/06/16 12:06:49 INFO mapreduce.Job:  map 100% reduce 100%
20/06/16 12:06:50 INFO mapreduce.Job: Job job_1592271684057_0004 completed successfully
20/06/16 12:06:50 INFO mapreduce.Job: Counters: 52
	File System Counters
		FILE: Number of bytes read=1449326147
		FILE: Number of bytes written=2161253602
		FILE: Number of read operations=0
		FILE: Number of large read operations=0
		FILE: Number of write operations=0
		HDFS: Number of bytes read=11025668664
		HDFS: Number of bytes written=333229171
		HDFS: Number of read operations=273
		HDFS: Number of large read operations=0
		HDFS: Number of write operations=2
	Job Counters 
		Killed map tasks=1
		Killed reduce tasks=22
		Launched map tasks=90
		Launched reduce tasks=23
		Data-local map tasks=46
		Rack-local map tasks=44
		Total time spent by all maps in occupied slots (ms)=1885558
		Total time spent by all reduces in occupied slots (ms)=917973
		Total time spent by all map tasks (ms)=1885558
		Total time spent by all reduce tasks (ms)=917973
		Total vcore-milliseconds taken by all map tasks=1885558
		Total vcore-milliseconds taken by all reduce tasks=917973
		Total megabyte-milliseconds taken by all map tasks=1930811392
		Total megabyte-milliseconds taken by all reduce tasks=940004352
	Map-Reduce Framework
		Map input records=1179594
		Map output records=1009767860
		Map output bytes=15225044514
		Map output materialized bytes=700777381
		Input split bytes=9630
		Combine input records=1034538483
		Combine output records=47414618
		Reduce input groups=9908198
		Reduce shuffle bytes=700777381
		Reduce input records=22643995
		Reduce output records=9908198
		Spilled Records=70058613
		Shuffled Maps =90
		Failed Shuffles=0
		Merged Map outputs=90
		GC time elapsed (ms)=18700
		CPU time spent (ms)=2055760
		Physical memory (bytes) snapshot=25220194304
		Virtual memory (bytes) snapshot=192143572992
		Total committed heap usage (bytes)=18917359616
	Shuffle Errors
		BAD_ID=0
		CONNECTION=0
		IO_ERROR=0
		WRONG_LENGTH=0
		WRONG_MAP=0
		WRONG_REDUCE=0
	File Input Format Counters 
		Bytes Read=11025659034
	File Output Format Counters 
		Bytes Written=333229171
