20/06/16 12:33:30 INFO client.RMProxy: Connecting to ResourceManager at master/10.51.17.95:8032
20/06/16 12:33:30 INFO input.FileInputFormat: Total input paths to process : 10
20/06/16 12:33:30 INFO mapreduce.JobSubmitter: number of splits:90
20/06/16 12:33:30 INFO mapreduce.JobSubmitter: Submitting tokens for job: job_1592271684057_0007
20/06/16 12:33:31 INFO impl.YarnClientImpl: Submitted application application_1592271684057_0007
20/06/16 12:33:31 INFO mapreduce.Job: The url to track the job: http://master:8088/proxy/application_1592271684057_0007/
20/06/16 12:33:31 INFO mapreduce.Job: Running job: job_1592271684057_0007
20/06/16 12:33:36 INFO mapreduce.Job: Job job_1592271684057_0007 running in uber mode : false
20/06/16 12:33:36 INFO mapreduce.Job:  map 0% reduce 0%
20/06/16 12:33:46 INFO mapreduce.Job:  map 1% reduce 0%
20/06/16 12:33:59 INFO mapreduce.Job:  map 2% reduce 0%
20/06/16 12:34:07 INFO mapreduce.Job:  map 3% reduce 0%
20/06/16 12:34:17 INFO mapreduce.Job:  map 4% reduce 0%
20/06/16 12:34:29 INFO mapreduce.Job:  map 5% reduce 0%
20/06/16 12:34:35 INFO mapreduce.Job:  map 6% reduce 0%
20/06/16 12:34:43 INFO mapreduce.Job:  map 7% reduce 0%
20/06/16 12:34:57 INFO mapreduce.Job:  map 8% reduce 0%
20/06/16 12:35:04 INFO mapreduce.Job:  map 9% reduce 0%
20/06/16 12:35:13 INFO mapreduce.Job:  map 10% reduce 0%
20/06/16 12:35:27 INFO mapreduce.Job:  map 11% reduce 0%
20/06/16 12:35:35 INFO mapreduce.Job:  map 12% reduce 0%
20/06/16 12:35:47 INFO mapreduce.Job:  map 13% reduce 0%
20/06/16 12:35:57 INFO mapreduce.Job:  map 14% reduce 0%
20/06/16 12:36:06 INFO mapreduce.Job:  map 15% reduce 0%
20/06/16 12:36:11 INFO mapreduce.Job:  map 16% reduce 0%
20/06/16 12:36:25 INFO mapreduce.Job:  map 17% reduce 0%
20/06/16 12:36:33 INFO mapreduce.Job:  map 18% reduce 0%
20/06/16 12:36:43 INFO mapreduce.Job:  map 19% reduce 0%
20/06/16 12:36:53 INFO mapreduce.Job:  map 20% reduce 0%
20/06/16 12:37:02 INFO mapreduce.Job:  map 21% reduce 0%
20/06/16 12:37:15 INFO mapreduce.Job:  map 22% reduce 0%
20/06/16 12:37:23 INFO mapreduce.Job:  map 23% reduce 0%
20/06/16 12:37:32 INFO mapreduce.Job:  map 24% reduce 0%
20/06/16 12:37:44 INFO mapreduce.Job:  map 25% reduce 0%
20/06/16 12:37:51 INFO mapreduce.Job:  map 26% reduce 0%
20/06/16 12:37:59 INFO mapreduce.Job:  map 27% reduce 0%
20/06/16 12:38:11 INFO mapreduce.Job:  map 28% reduce 0%
20/06/16 12:38:19 INFO mapreduce.Job:  map 29% reduce 0%
20/06/16 12:38:29 INFO mapreduce.Job:  map 30% reduce 0%
20/06/16 12:38:40 INFO mapreduce.Job:  map 31% reduce 0%
20/06/16 12:38:51 INFO mapreduce.Job:  map 32% reduce 0%
20/06/16 12:39:00 INFO mapreduce.Job:  map 33% reduce 0%
20/06/16 12:39:09 INFO mapreduce.Job:  map 34% reduce 0%
20/06/16 12:39:19 INFO mapreduce.Job:  map 35% reduce 0%
20/06/16 12:39:26 INFO mapreduce.Job:  map 36% reduce 0%
20/06/16 12:39:39 INFO mapreduce.Job:  map 37% reduce 0%
20/06/16 12:39:48 INFO mapreduce.Job:  map 38% reduce 0%
20/06/16 12:39:56 INFO mapreduce.Job:  map 39% reduce 0%
20/06/16 12:40:05 INFO mapreduce.Job:  map 40% reduce 0%
20/06/16 12:40:17 INFO mapreduce.Job:  map 41% reduce 0%
20/06/16 12:40:25 INFO mapreduce.Job:  map 42% reduce 0%
20/06/16 12:40:33 INFO mapreduce.Job:  map 43% reduce 0%
20/06/16 12:40:46 INFO mapreduce.Job:  map 44% reduce 0%
20/06/16 12:40:54 INFO mapreduce.Job:  map 45% reduce 0%
20/06/16 12:41:03 INFO mapreduce.Job:  map 46% reduce 0%
20/06/16 12:41:11 INFO mapreduce.Job:  map 47% reduce 0%
20/06/16 12:41:22 INFO mapreduce.Job:  map 48% reduce 0%
20/06/16 12:41:32 INFO mapreduce.Job:  map 49% reduce 0%
20/06/16 12:41:41 INFO mapreduce.Job:  map 50% reduce 0%
20/06/16 12:41:51 INFO mapreduce.Job:  map 51% reduce 0%
20/06/16 12:42:02 INFO mapreduce.Job:  map 52% reduce 17%
20/06/16 12:42:18 INFO mapreduce.Job:  map 53% reduce 17%
20/06/16 12:42:32 INFO mapreduce.Job:  map 53% reduce 18%
20/06/16 12:42:36 INFO mapreduce.Job:  map 54% reduce 18%
20/06/16 12:42:42 INFO mapreduce.Job:  map 56% reduce 18%
20/06/16 12:42:44 INFO mapreduce.Job:  map 56% reduce 19%
20/06/16 12:42:48 INFO mapreduce.Job:  map 57% reduce 19%
20/06/16 12:42:54 INFO mapreduce.Job:  map 58% reduce 19%
20/06/16 12:43:01 INFO mapreduce.Job:  map 59% reduce 0%
20/06/16 12:43:13 INFO mapreduce.Job:  map 59% reduce 19%
20/06/16 12:43:16 INFO mapreduce.Job:  map 59% reduce 20%
20/06/16 12:43:19 INFO mapreduce.Job:  map 60% reduce 20%
20/06/16 12:43:36 INFO mapreduce.Job:  map 61% reduce 20%
20/06/16 12:43:43 INFO mapreduce.Job:  map 61% reduce 0%
20/06/16 12:43:55 INFO mapreduce.Job:  map 62% reduce 19%
20/06/16 12:43:58 INFO mapreduce.Job:  map 62% reduce 20%
20/06/16 12:44:07 INFO mapreduce.Job:  map 62% reduce 21%
20/06/16 12:44:12 INFO mapreduce.Job:  map 63% reduce 21%
20/06/16 12:44:25 INFO mapreduce.Job:  map 63% reduce 0%
20/06/16 12:44:34 INFO mapreduce.Job:  map 64% reduce 0%
20/06/16 12:44:37 INFO mapreduce.Job:  map 64% reduce 19%
20/06/16 12:44:40 INFO mapreduce.Job:  map 64% reduce 21%
20/06/16 12:44:54 INFO mapreduce.Job:  map 65% reduce 21%
20/06/16 12:45:06 INFO mapreduce.Job:  map 66% reduce 21%
20/06/16 12:45:07 INFO mapreduce.Job:  map 66% reduce 0%
20/06/16 12:45:18 INFO mapreduce.Job:  map 66% reduce 19%
20/06/16 12:45:21 INFO mapreduce.Job:  map 66% reduce 22%
20/06/16 12:45:28 INFO mapreduce.Job:  map 67% reduce 22%
20/06/16 12:45:47 INFO mapreduce.Job:  map 68% reduce 22%
20/06/16 12:45:48 INFO mapreduce.Job:  map 68% reduce 0%
20/06/16 12:46:00 INFO mapreduce.Job:  map 68% reduce 19%
20/06/16 12:46:03 INFO mapreduce.Job:  map 68% reduce 23%
20/06/16 12:46:09 INFO mapreduce.Job:  map 69% reduce 23%
20/06/16 12:46:26 INFO mapreduce.Job:  map 70% reduce 23%
20/06/16 12:46:31 INFO mapreduce.Job:  map 70% reduce 0%
20/06/16 12:46:44 INFO mapreduce.Job:  map 70% reduce 19%
20/06/16 12:46:47 INFO mapreduce.Job:  map 71% reduce 23%
20/06/16 12:46:56 INFO mapreduce.Job:  map 71% reduce 24%
20/06/16 12:47:05 INFO mapreduce.Job:  map 72% reduce 24%
20/06/16 12:47:16 INFO mapreduce.Job:  map 72% reduce 0%
20/06/16 12:47:25 INFO mapreduce.Job:  map 73% reduce 0%
20/06/16 12:47:28 INFO mapreduce.Job:  map 73% reduce 19%
20/06/16 12:47:31 INFO mapreduce.Job:  map 73% reduce 24%
20/06/16 12:47:46 INFO mapreduce.Job:  map 74% reduce 24%
20/06/16 12:47:59 INFO mapreduce.Job:  map 74% reduce 0%
20/06/16 12:48:08 INFO mapreduce.Job:  map 75% reduce 0%
20/06/16 12:48:11 INFO mapreduce.Job:  map 75% reduce 19%
20/06/16 12:48:14 INFO mapreduce.Job:  map 75% reduce 25%
20/06/16 12:48:21 INFO mapreduce.Job:  map 76% reduce 25%
20/06/16 12:48:40 INFO mapreduce.Job:  map 77% reduce 25%
20/06/16 12:48:41 INFO mapreduce.Job:  map 77% reduce 0%
20/06/16 12:48:53 INFO mapreduce.Job:  map 77% reduce 19%
20/06/16 12:48:56 INFO mapreduce.Job:  map 77% reduce 26%
20/06/16 12:49:02 INFO mapreduce.Job:  map 78% reduce 26%
20/06/16 12:49:22 INFO mapreduce.Job:  map 79% reduce 0%
20/06/16 12:49:33 INFO mapreduce.Job:  map 79% reduce 19%
20/06/16 12:49:36 INFO mapreduce.Job:  map 79% reduce 26%
20/06/16 12:49:40 INFO mapreduce.Job:  map 80% reduce 26%
20/06/16 12:49:46 INFO mapreduce.Job:  map 80% reduce 27%
20/06/16 12:49:55 INFO mapreduce.Job:  map 81% reduce 27%
20/06/16 12:50:05 INFO mapreduce.Job:  map 81% reduce 0%
20/06/16 12:50:16 INFO mapreduce.Job:  map 81% reduce 19%
20/06/16 12:50:17 INFO mapreduce.Job:  map 82% reduce 19%
20/06/16 12:50:19 INFO mapreduce.Job:  map 82% reduce 27%
20/06/16 12:50:35 INFO mapreduce.Job:  map 83% reduce 27%
20/06/16 12:50:48 INFO mapreduce.Job:  map 83% reduce 0%
20/06/16 12:50:57 INFO mapreduce.Job:  map 84% reduce 0%
20/06/16 12:50:59 INFO mapreduce.Job:  map 84% reduce 19%
20/06/16 12:51:02 INFO mapreduce.Job:  map 84% reduce 27%
20/06/16 12:51:05 INFO mapreduce.Job:  map 84% reduce 28%
20/06/16 12:51:18 INFO mapreduce.Job:  map 85% reduce 28%
20/06/16 12:51:29 INFO mapreduce.Job:  map 86% reduce 28%
20/06/16 12:51:30 INFO mapreduce.Job:  map 86% reduce 0%
20/06/16 12:51:41 INFO mapreduce.Job:  map 86% reduce 19%
20/06/16 12:51:44 INFO mapreduce.Job:  map 86% reduce 27%
20/06/16 12:51:47 INFO mapreduce.Job:  map 86% reduce 29%
20/06/16 12:51:52 INFO mapreduce.Job:  map 87% reduce 29%
20/06/16 12:52:12 INFO mapreduce.Job:  map 88% reduce 29%
20/06/16 12:52:13 INFO mapreduce.Job:  map 88% reduce 0%
20/06/16 12:52:24 INFO mapreduce.Job:  map 88% reduce 19%
20/06/16 12:52:27 INFO mapreduce.Job:  map 88% reduce 27%
20/06/16 12:52:30 INFO mapreduce.Job:  map 88% reduce 29%
20/06/16 12:52:34 INFO mapreduce.Job:  map 89% reduce 29%
20/06/16 12:52:36 INFO mapreduce.Job:  map 89% reduce 30%
20/06/16 12:52:52 INFO mapreduce.Job:  map 90% reduce 30%
20/06/16 12:52:55 INFO mapreduce.Job:  map 90% reduce 0%
20/06/16 12:53:06 INFO mapreduce.Job:  map 90% reduce 18%
20/06/16 12:53:09 INFO mapreduce.Job:  map 90% reduce 26%
20/06/16 12:53:10 INFO mapreduce.Job:  map 91% reduce 26%
20/06/16 12:53:12 INFO mapreduce.Job:  map 91% reduce 30%
20/06/16 12:53:28 INFO mapreduce.Job:  map 92% reduce 30%
20/06/16 12:53:37 INFO mapreduce.Job:  map 92% reduce 0%
20/06/16 12:53:47 INFO mapreduce.Job:  map 93% reduce 0%
20/06/16 12:53:49 INFO mapreduce.Job:  map 93% reduce 18%
20/06/16 12:53:52 INFO mapreduce.Job:  map 93% reduce 27%
20/06/16 12:53:55 INFO mapreduce.Job:  map 93% reduce 31%
20/06/16 12:54:08 INFO mapreduce.Job:  map 94% reduce 31%
20/06/16 12:54:20 INFO mapreduce.Job:  map 94% reduce 0%
20/06/16 12:54:29 INFO mapreduce.Job:  map 96% reduce 0%
20/06/16 12:54:32 INFO mapreduce.Job:  map 96% reduce 14%
20/06/16 12:54:35 INFO mapreduce.Job:  map 96% reduce 22%
20/06/16 12:54:36 INFO mapreduce.Job:  map 97% reduce 22%
20/06/16 12:54:37 INFO mapreduce.Job:  map 97% reduce 0%
20/06/16 12:54:47 INFO mapreduce.Job:  map 98% reduce 0%
20/06/16 12:54:49 INFO mapreduce.Job:  map 98% reduce 10%
20/06/16 12:54:52 INFO mapreduce.Job:  map 98% reduce 18%
20/06/16 12:54:54 INFO mapreduce.Job:  map 99% reduce 0%
20/06/16 12:55:02 INFO mapreduce.Job:  map 100% reduce 0%
20/06/16 12:55:05 INFO mapreduce.Job:  map 100% reduce 14%
20/06/16 12:55:08 INFO mapreduce.Job:  map 100% reduce 24%
20/06/16 12:55:11 INFO mapreduce.Job:  map 100% reduce 32%
20/06/16 12:55:14 INFO mapreduce.Job:  map 100% reduce 67%
20/06/16 12:55:17 INFO mapreduce.Job:  map 100% reduce 72%
20/06/16 12:55:20 INFO mapreduce.Job:  map 100% reduce 77%
20/06/16 12:55:23 INFO mapreduce.Job:  map 100% reduce 83%
20/06/16 12:55:26 INFO mapreduce.Job:  map 100% reduce 90%
20/06/16 12:55:29 INFO mapreduce.Job:  map 100% reduce 100%
20/06/16 12:55:33 INFO mapreduce.Job: Job job_1592271684057_0007 completed successfully
20/06/16 12:55:34 INFO mapreduce.Job: Counters: 52
	File System Counters
		FILE: Number of bytes read=1449326147
		FILE: Number of bytes written=2161253602
		FILE: Number of read operations=0
		FILE: Number of large read operations=0
		FILE: Number of write operations=0
		HDFS: Number of bytes read=11025668664
		HDFS: Number of bytes written=333229171
		HDFS: Number of read operations=273
		HDFS: Number of large read operations=0
		HDFS: Number of write operations=2
	Job Counters 
		Killed map tasks=1
		Killed reduce tasks=19
		Launched map tasks=90
		Launched reduce tasks=20
		Data-local map tasks=53
		Rack-local map tasks=37
		Total time spent by all maps in occupied slots (ms)=1698773
		Total time spent by all reduces in occupied slots (ms)=743568
		Total time spent by all map tasks (ms)=1698773
		Total time spent by all reduce tasks (ms)=743568
		Total vcore-milliseconds taken by all map tasks=1698773
		Total vcore-milliseconds taken by all reduce tasks=743568
		Total megabyte-milliseconds taken by all map tasks=1739543552
		Total megabyte-milliseconds taken by all reduce tasks=761413632
	Map-Reduce Framework
		Map input records=1179594
		Map output records=1009767860
		Map output bytes=15225044514
		Map output materialized bytes=700777381
		Input split bytes=9630
		Combine input records=1034538483
		Combine output records=47414618
		Reduce input groups=9908198
		Reduce shuffle bytes=700777381
		Reduce input records=22643995
		Reduce output records=9908198
		Spilled Records=70058613
		Shuffled Maps =90
		Failed Shuffles=0
		Merged Map outputs=90
		GC time elapsed (ms)=18357
		CPU time spent (ms)=1900510
		Physical memory (bytes) snapshot=25235984384
		Virtual memory (bytes) snapshot=192060502016
		Total committed heap usage (bytes)=18911592448
	Shuffle Errors
		BAD_ID=0
		CONNECTION=0
		IO_ERROR=0
		WRONG_LENGTH=0
		WRONG_MAP=0
		WRONG_REDUCE=0
	File Input Format Counters 
		Bytes Read=11025659034
	File Output Format Counters 
		Bytes Written=333229171
