20/06/08 18:48:14 INFO client.RMProxy: Connecting to ResourceManager at master/10.51.17.95:8032
20/06/08 18:48:15 INFO input.FileInputFormat: Total input paths to process : 10
20/06/08 18:48:16 INFO mapreduce.JobSubmitter: number of splits:90
20/06/08 18:48:16 INFO mapreduce.JobSubmitter: Submitting tokens for job: job_1591609243729_0005
20/06/08 18:48:16 INFO impl.YarnClientImpl: Submitted application application_1591609243729_0005
20/06/08 18:48:16 INFO mapreduce.Job: The url to track the job: http://master:8088/proxy/application_1591609243729_0005/
20/06/08 18:48:16 INFO mapreduce.Job: Running job: job_1591609243729_0005
20/06/08 18:48:23 INFO mapreduce.Job: Job job_1591609243729_0005 running in uber mode : false
20/06/08 18:48:23 INFO mapreduce.Job:  map 0% reduce 0%
20/06/08 18:48:37 INFO mapreduce.Job:  map 1% reduce 0%
20/06/08 18:48:38 INFO mapreduce.Job:  map 2% reduce 0%
20/06/08 18:48:40 INFO mapreduce.Job:  map 3% reduce 0%
20/06/08 18:48:49 INFO mapreduce.Job:  map 4% reduce 0%
20/06/08 18:48:54 INFO mapreduce.Job:  map 5% reduce 0%
20/06/08 18:48:59 INFO mapreduce.Job:  map 6% reduce 0%
20/06/08 18:49:04 INFO mapreduce.Job:  map 7% reduce 0%
20/06/08 18:49:08 INFO mapreduce.Job:  map 8% reduce 0%
20/06/08 18:49:13 INFO mapreduce.Job:  map 9% reduce 0%
20/06/08 18:49:17 INFO mapreduce.Job:  map 10% reduce 0%
20/06/08 18:49:18 INFO mapreduce.Job:  map 11% reduce 0%
20/06/08 18:49:19 INFO mapreduce.Job:  map 12% reduce 0%
20/06/08 18:49:28 INFO mapreduce.Job:  map 13% reduce 0%
20/06/08 18:49:32 INFO mapreduce.Job:  map 14% reduce 0%
20/06/08 18:49:34 INFO mapreduce.Job:  map 15% reduce 0%
20/06/08 18:49:35 INFO mapreduce.Job:  map 16% reduce 0%
20/06/08 18:49:40 INFO mapreduce.Job:  map 17% reduce 0%
20/06/08 18:49:42 INFO mapreduce.Job:  map 18% reduce 0%
20/06/08 18:49:45 INFO mapreduce.Job:  map 18% reduce 5%
20/06/08 18:49:48 INFO mapreduce.Job:  map 19% reduce 5%
20/06/08 18:49:53 INFO mapreduce.Job:  map 20% reduce 5%
20/06/08 18:49:57 INFO mapreduce.Job:  map 21% reduce 5%
20/06/08 18:50:03 INFO mapreduce.Job:  map 22% reduce 5%
20/06/08 18:50:08 INFO mapreduce.Job:  map 23% reduce 5%
20/06/08 18:50:10 INFO mapreduce.Job:  map 24% reduce 6%
20/06/08 18:50:12 INFO mapreduce.Job:  map 25% reduce 6%
20/06/08 18:50:13 INFO mapreduce.Job:  map 25% reduce 7%
20/06/08 18:50:16 INFO mapreduce.Job:  map 26% reduce 7%
20/06/08 18:50:22 INFO mapreduce.Job:  map 27% reduce 7%
20/06/08 18:50:25 INFO mapreduce.Job:  map 28% reduce 7%
20/06/08 18:50:30 INFO mapreduce.Job:  map 29% reduce 7%
20/06/08 18:50:34 INFO mapreduce.Job:  map 30% reduce 7%
20/06/08 18:50:37 INFO mapreduce.Job:  map 31% reduce 8%
20/06/08 18:50:40 INFO mapreduce.Job:  map 31% reduce 9%
20/06/08 18:50:42 INFO mapreduce.Job:  map 32% reduce 9%
20/06/08 18:50:43 INFO mapreduce.Job:  map 33% reduce 9%
20/06/08 18:50:47 INFO mapreduce.Job:  map 33% reduce 10%
20/06/08 18:50:49 INFO mapreduce.Job:  map 34% reduce 10%
20/06/08 18:50:53 INFO mapreduce.Job:  map 35% reduce 10%
20/06/08 18:50:56 INFO mapreduce.Job:  map 36% reduce 10%
20/06/08 18:51:00 INFO mapreduce.Job:  map 37% reduce 10%
20/06/08 18:51:02 INFO mapreduce.Job:  map 37% reduce 11%
20/06/08 18:51:04 INFO mapreduce.Job:  map 38% reduce 11%
20/06/08 18:51:07 INFO mapreduce.Job:  map 39% reduce 11%
20/06/08 18:51:08 INFO mapreduce.Job:  map 39% reduce 12%
20/06/08 18:51:12 INFO mapreduce.Job:  map 40% reduce 12%
20/06/08 18:51:16 INFO mapreduce.Job:  map 41% reduce 12%
20/06/08 18:51:21 INFO mapreduce.Job:  map 42% reduce 12%
20/06/08 18:51:26 INFO mapreduce.Job:  map 43% reduce 12%
20/06/08 18:51:31 INFO mapreduce.Job:  map 44% reduce 12%
20/06/08 18:51:36 INFO mapreduce.Job:  map 45% reduce 13%
20/06/08 18:51:38 INFO mapreduce.Job:  map 46% reduce 13%
20/06/08 18:51:40 INFO mapreduce.Job:  map 47% reduce 13%
20/06/08 18:51:42 INFO mapreduce.Job:  map 47% reduce 14%
20/06/08 18:51:45 INFO mapreduce.Job:  map 48% reduce 14%
20/06/08 18:51:50 INFO mapreduce.Job:  map 49% reduce 14%
20/06/08 18:51:53 INFO mapreduce.Job:  map 50% reduce 14%
20/06/08 18:51:54 INFO mapreduce.Job:  map 51% reduce 15%
20/06/08 18:51:56 INFO mapreduce.Job:  map 52% reduce 15%
20/06/08 18:51:57 INFO mapreduce.Job:  map 52% reduce 16%
20/06/08 18:52:03 INFO mapreduce.Job:  map 52% reduce 17%
20/06/08 18:52:04 INFO mapreduce.Job:  map 53% reduce 17%
20/06/08 18:52:06 INFO mapreduce.Job:  map 54% reduce 17%
20/06/08 18:52:12 INFO mapreduce.Job:  map 55% reduce 17%
20/06/08 18:52:18 INFO mapreduce.Job:  map 56% reduce 17%
20/06/08 18:52:20 INFO mapreduce.Job:  map 57% reduce 17%
20/06/08 18:52:27 INFO mapreduce.Job:  map 58% reduce 17%
20/06/08 18:52:30 INFO mapreduce.Job:  map 59% reduce 17%
20/06/08 18:52:35 INFO mapreduce.Job:  map 60% reduce 17%
20/06/08 18:52:39 INFO mapreduce.Job:  map 61% reduce 17%
20/06/08 18:52:41 INFO mapreduce.Job:  map 62% reduce 17%
20/06/08 18:52:42 INFO mapreduce.Job:  map 62% reduce 19%
20/06/08 18:52:43 INFO mapreduce.Job:  map 63% reduce 19%
20/06/08 18:52:48 INFO mapreduce.Job:  map 64% reduce 20%
20/06/08 18:52:52 INFO mapreduce.Job:  map 65% reduce 20%
20/06/08 18:52:55 INFO mapreduce.Job:  map 66% reduce 21%
20/06/08 18:52:57 INFO mapreduce.Job:  map 67% reduce 21%
20/06/08 18:53:03 INFO mapreduce.Job:  map 68% reduce 21%
20/06/08 18:53:04 INFO mapreduce.Job:  map 68% reduce 22%
20/06/08 18:53:06 INFO mapreduce.Job:  map 69% reduce 22%
20/06/08 18:53:13 INFO mapreduce.Job:  map 70% reduce 22%
20/06/08 18:53:16 INFO mapreduce.Job:  map 71% reduce 22%
20/06/08 18:53:21 INFO mapreduce.Job:  map 72% reduce 22%
20/06/08 18:53:25 INFO mapreduce.Job:  map 73% reduce 22%
20/06/08 18:53:30 INFO mapreduce.Job:  map 74% reduce 22%
20/06/08 18:53:34 INFO mapreduce.Job:  map 75% reduce 22%
20/06/08 18:53:38 INFO mapreduce.Job:  map 76% reduce 23%
20/06/08 18:53:41 INFO mapreduce.Job:  map 76% reduce 24%
20/06/08 18:53:42 INFO mapreduce.Job:  map 77% reduce 24%
20/06/08 18:53:44 INFO mapreduce.Job:  map 78% reduce 24%
20/06/08 18:53:47 INFO mapreduce.Job:  map 79% reduce 24%
20/06/08 18:53:50 INFO mapreduce.Job:  map 79% reduce 25%
20/06/08 18:53:51 INFO mapreduce.Job:  map 80% reduce 25%
20/06/08 18:53:53 INFO mapreduce.Job:  map 80% reduce 26%
20/06/08 18:53:56 INFO mapreduce.Job:  map 81% reduce 26%
20/06/08 18:53:58 INFO mapreduce.Job:  map 82% reduce 26%
20/06/08 18:54:00 INFO mapreduce.Job:  map 83% reduce 26%
20/06/08 18:54:02 INFO mapreduce.Job:  map 83% reduce 27%
20/06/08 18:54:04 INFO mapreduce.Job:  map 84% reduce 27%
20/06/08 18:54:06 INFO mapreduce.Job:  map 85% reduce 27%
20/06/08 18:54:07 INFO mapreduce.Job:  map 86% reduce 27%
20/06/08 18:54:09 INFO mapreduce.Job:  map 87% reduce 27%
20/06/08 18:54:12 INFO mapreduce.Job:  map 88% reduce 27%
20/06/08 18:54:13 INFO mapreduce.Job:  map 89% reduce 27%
20/06/08 18:54:14 INFO mapreduce.Job:  map 89% reduce 28%
20/06/08 18:54:18 INFO mapreduce.Job:  map 90% reduce 28%
20/06/08 18:54:20 INFO mapreduce.Job:  map 91% reduce 28%
20/06/08 18:54:23 INFO mapreduce.Job:  map 92% reduce 28%
20/06/08 18:54:24 INFO mapreduce.Job:  map 92% reduce 29%
20/06/08 18:54:25 INFO mapreduce.Job:  map 93% reduce 29%
20/06/08 18:54:27 INFO mapreduce.Job:  map 94% reduce 29%
20/06/08 18:54:28 INFO mapreduce.Job:  map 95% reduce 29%
20/06/08 18:54:29 INFO mapreduce.Job:  map 96% reduce 29%
20/06/08 18:54:30 INFO mapreduce.Job:  map 96% reduce 30%
20/06/08 18:54:31 INFO mapreduce.Job:  map 97% reduce 30%
20/06/08 18:54:33 INFO mapreduce.Job:  map 98% reduce 31%
20/06/08 18:54:36 INFO mapreduce.Job:  map 98% reduce 32%
20/06/08 18:54:37 INFO mapreduce.Job:  map 99% reduce 32%
20/06/08 18:54:38 INFO mapreduce.Job:  map 100% reduce 32%
20/06/08 18:54:39 INFO mapreduce.Job:  map 100% reduce 33%
20/06/08 18:54:42 INFO mapreduce.Job:  map 100% reduce 70%
20/06/08 18:54:45 INFO mapreduce.Job:  map 100% reduce 76%
20/06/08 18:54:48 INFO mapreduce.Job:  map 100% reduce 82%
20/06/08 18:54:51 INFO mapreduce.Job:  map 100% reduce 89%
20/06/08 18:54:54 INFO mapreduce.Job:  map 100% reduce 100%
20/06/08 18:54:54 INFO mapreduce.Job: Job job_1591609243729_0005 completed successfully
20/06/08 18:54:54 INFO mapreduce.Job: Counters: 51
	File System Counters
		FILE: Number of bytes read=1496681744
		FILE: Number of bytes written=2232379481
		FILE: Number of read operations=0
		FILE: Number of large read operations=0
		FILE: Number of write operations=0
		HDFS: Number of bytes read=11025965913
		HDFS: Number of bytes written=353685144
		HDFS: Number of read operations=273
		HDFS: Number of large read operations=0
		HDFS: Number of write operations=2
	Job Counters 
		Killed map tasks=1
		Launched map tasks=91
		Launched reduce tasks=1
		Data-local map tasks=90
		Rack-local map tasks=1
		Total time spent by all maps in occupied slots (ms)=4767571
		Total time spent by all reduces in occupied slots (ms)=320299
		Total time spent by all map tasks (ms)=4767571
		Total time spent by all reduce tasks (ms)=320299
		Total vcore-milliseconds taken by all map tasks=4767571
		Total vcore-milliseconds taken by all reduce tasks=320299
		Total megabyte-milliseconds taken by all map tasks=4881992704
		Total megabyte-milliseconds taken by all reduce tasks=327986176
	Map-Reduce Framework
		Map input records=266147
		Map output records=1009756273
		Map output bytes=15226310653
		Map output materialized bytes=724518093
		Input split bytes=10530
		Combine input records=1034519314
		Combine output records=47400265
		Reduce input groups=9907249
		Reduce shuffle bytes=724518093
		Reduce input records=22637224
		Reduce output records=9907249
		Spilled Records=70037489
		Shuffled Maps =90
		Failed Shuffles=0
		Merged Map outputs=90
		GC time elapsed (ms)=96922
		CPU time spent (ms)=1918240
		Physical memory (bytes) snapshot=25036525568
		Virtual memory (bytes) snapshot=191972622336
		Total committed heap usage (bytes)=18912641024
	Shuffle Errors
		BAD_ID=0
		CONNECTION=0
		IO_ERROR=0
		WRONG_LENGTH=0
		WRONG_MAP=0
		WRONG_REDUCE=0
	File Input Format Counters 
		Bytes Read=11025955383
	File Output Format Counters 
		Bytes Written=353685144
