20/06/08 19:31:48 INFO client.RMProxy: Connecting to ResourceManager at master/10.51.17.95:8032
20/06/08 19:31:49 INFO input.FileInputFormat: Total input paths to process : 10
20/06/08 19:31:49 INFO mapreduce.JobSubmitter: number of splits:90
20/06/08 19:31:49 INFO mapreduce.JobSubmitter: Submitting tokens for job: job_1591609243729_0019
20/06/08 19:31:49 INFO impl.YarnClientImpl: Submitted application application_1591609243729_0019
20/06/08 19:31:49 INFO mapreduce.Job: The url to track the job: http://master:8088/proxy/application_1591609243729_0019/
20/06/08 19:31:49 INFO mapreduce.Job: Running job: job_1591609243729_0019
20/06/08 19:31:56 INFO mapreduce.Job: Job job_1591609243729_0019 running in uber mode : false
20/06/08 19:31:56 INFO mapreduce.Job:  map 0% reduce 0%
20/06/08 19:32:12 INFO mapreduce.Job:  map 1% reduce 0%
20/06/08 19:32:13 INFO mapreduce.Job:  map 2% reduce 0%
20/06/08 19:32:16 INFO mapreduce.Job:  map 3% reduce 0%
20/06/08 19:32:26 INFO mapreduce.Job:  map 4% reduce 0%
20/06/08 19:32:34 INFO mapreduce.Job:  map 5% reduce 0%
20/06/08 19:32:38 INFO mapreduce.Job:  map 6% reduce 0%
20/06/08 19:32:48 INFO mapreduce.Job:  map 7% reduce 0%
20/06/08 19:32:52 INFO mapreduce.Job:  map 8% reduce 0%
20/06/08 19:32:59 INFO mapreduce.Job:  map 9% reduce 0%
20/06/08 19:33:05 INFO mapreduce.Job:  map 10% reduce 0%
20/06/08 19:33:06 INFO mapreduce.Job:  map 11% reduce 0%
20/06/08 19:33:09 INFO mapreduce.Job:  map 12% reduce 0%
20/06/08 19:33:17 INFO mapreduce.Job:  map 13% reduce 0%
20/06/08 19:33:21 INFO mapreduce.Job:  map 14% reduce 0%
20/06/08 19:33:27 INFO mapreduce.Job:  map 15% reduce 0%
20/06/08 19:33:31 INFO mapreduce.Job:  map 16% reduce 0%
20/06/08 19:33:34 INFO mapreduce.Job:  map 17% reduce 0%
20/06/08 19:33:37 INFO mapreduce.Job:  map 18% reduce 0%
20/06/08 19:33:39 INFO mapreduce.Job:  map 18% reduce 5%
20/06/08 19:33:44 INFO mapreduce.Job:  map 19% reduce 5%
20/06/08 19:33:50 INFO mapreduce.Job:  map 20% reduce 5%
20/06/08 19:33:56 INFO mapreduce.Job:  map 21% reduce 5%
20/06/08 19:34:02 INFO mapreduce.Job:  map 22% reduce 5%
20/06/08 19:34:11 INFO mapreduce.Job:  map 23% reduce 5%
20/06/08 19:34:13 INFO mapreduce.Job:  map 24% reduce 5%
20/06/08 19:34:16 INFO mapreduce.Job:  map 24% reduce 6%
20/06/08 19:34:17 INFO mapreduce.Job:  map 25% reduce 6%
20/06/08 19:34:19 INFO mapreduce.Job:  map 25% reduce 7%
20/06/08 19:34:20 INFO mapreduce.Job:  map 26% reduce 7%
20/06/08 19:34:26 INFO mapreduce.Job:  map 27% reduce 7%
20/06/08 19:34:33 INFO mapreduce.Job:  map 28% reduce 7%
20/06/08 19:34:41 INFO mapreduce.Job:  map 29% reduce 7%
20/06/08 19:34:46 INFO mapreduce.Job:  map 30% reduce 7%
20/06/08 19:34:47 INFO mapreduce.Job:  map 30% reduce 8%
20/06/08 19:34:51 INFO mapreduce.Job:  map 31% reduce 8%
20/06/08 19:34:53 INFO mapreduce.Job:  map 32% reduce 9%
20/06/08 19:34:57 INFO mapreduce.Job:  map 33% reduce 9%
20/06/08 19:34:59 INFO mapreduce.Job:  map 33% reduce 10%
20/06/08 19:35:02 INFO mapreduce.Job:  map 34% reduce 10%
20/06/08 19:35:07 INFO mapreduce.Job:  map 35% reduce 10%
20/06/08 19:35:15 INFO mapreduce.Job:  map 36% reduce 10%
20/06/08 19:35:18 INFO mapreduce.Job:  map 37% reduce 10%
20/06/08 19:35:21 INFO mapreduce.Job:  map 37% reduce 11%
20/06/08 19:35:24 INFO mapreduce.Job:  map 38% reduce 11%
20/06/08 19:35:28 INFO mapreduce.Job:  map 39% reduce 11%
20/06/08 19:35:30 INFO mapreduce.Job:  map 39% reduce 12%
20/06/08 19:35:32 INFO mapreduce.Job:  map 40% reduce 12%
20/06/08 19:35:39 INFO mapreduce.Job:  map 41% reduce 12%
20/06/08 19:35:46 INFO mapreduce.Job:  map 42% reduce 12%
20/06/08 19:35:51 INFO mapreduce.Job:  map 43% reduce 12%
20/06/08 19:35:58 INFO mapreduce.Job:  map 44% reduce 12%
20/06/08 19:36:07 INFO mapreduce.Job:  map 45% reduce 12%
20/06/08 19:36:09 INFO mapreduce.Job:  map 46% reduce 12%
20/06/08 19:36:10 INFO mapreduce.Job:  map 46% reduce 13%
20/06/08 19:36:13 INFO mapreduce.Job:  map 47% reduce 13%
20/06/08 19:36:15 INFO mapreduce.Job:  map 47% reduce 14%
20/06/08 19:36:18 INFO mapreduce.Job:  map 48% reduce 14%
20/06/08 19:36:20 INFO mapreduce.Job:  map 49% reduce 14%
20/06/08 19:36:21 INFO mapreduce.Job:  map 49% reduce 15%
20/06/08 19:36:24 INFO mapreduce.Job:  map 50% reduce 15%
20/06/08 19:36:29 INFO mapreduce.Job:  map 51% reduce 15%
20/06/08 19:36:30 INFO mapreduce.Job:  map 51% reduce 16%
20/06/08 19:36:33 INFO mapreduce.Job:  map 52% reduce 16%
20/06/08 19:36:36 INFO mapreduce.Job:  map 52% reduce 17%
20/06/08 19:36:37 INFO mapreduce.Job:  map 53% reduce 17%
20/06/08 19:36:44 INFO mapreduce.Job:  map 54% reduce 17%
20/06/08 19:36:48 INFO mapreduce.Job:  map 55% reduce 17%
20/06/08 19:36:57 INFO mapreduce.Job:  map 56% reduce 17%
20/06/08 19:37:02 INFO mapreduce.Job:  map 57% reduce 17%
20/06/08 19:37:09 INFO mapreduce.Job:  map 58% reduce 17%
20/06/08 19:37:14 INFO mapreduce.Job:  map 59% reduce 17%
20/06/08 19:37:21 INFO mapreduce.Job:  map 60% reduce 17%
20/06/08 19:37:27 INFO mapreduce.Job:  map 61% reduce 17%
20/06/08 19:37:29 INFO mapreduce.Job:  map 61% reduce 18%
20/06/08 19:37:30 INFO mapreduce.Job:  map 62% reduce 18%
20/06/08 19:37:32 INFO mapreduce.Job:  map 62% reduce 19%
20/06/08 19:37:35 INFO mapreduce.Job:  map 63% reduce 19%
20/06/08 19:37:37 INFO mapreduce.Job:  map 64% reduce 19%
20/06/08 19:37:38 INFO mapreduce.Job:  map 64% reduce 20%
20/06/08 19:37:39 INFO mapreduce.Job:  map 65% reduce 20%
20/06/08 19:37:41 INFO mapreduce.Job:  map 65% reduce 21%
20/06/08 19:37:42 INFO mapreduce.Job:  map 66% reduce 21%
20/06/08 19:37:49 INFO mapreduce.Job:  map 67% reduce 21%
20/06/08 19:37:55 INFO mapreduce.Job:  map 68% reduce 21%
20/06/08 19:38:00 INFO mapreduce.Job:  map 68% reduce 22%
20/06/08 19:38:01 INFO mapreduce.Job:  map 69% reduce 22%
20/06/08 19:38:08 INFO mapreduce.Job:  map 70% reduce 22%
20/06/08 19:38:13 INFO mapreduce.Job:  map 71% reduce 22%
20/06/08 19:38:20 INFO mapreduce.Job:  map 72% reduce 22%
20/06/08 19:38:25 INFO mapreduce.Job:  map 73% reduce 22%
20/06/08 19:38:31 INFO mapreduce.Job:  map 74% reduce 22%
20/06/08 19:38:37 INFO mapreduce.Job:  map 75% reduce 22%
20/06/08 19:38:41 INFO mapreduce.Job:  map 76% reduce 22%
20/06/08 19:38:46 INFO mapreduce.Job:  map 77% reduce 23%
20/06/08 19:38:49 INFO mapreduce.Job:  map 77% reduce 24%
20/06/08 19:38:51 INFO mapreduce.Job:  map 78% reduce 24%
20/06/08 19:38:54 INFO mapreduce.Job:  map 79% reduce 24%
20/06/08 19:38:55 INFO mapreduce.Job:  map 79% reduce 25%
20/06/08 19:38:58 INFO mapreduce.Job:  map 80% reduce 25%
20/06/08 19:39:01 INFO mapreduce.Job:  map 81% reduce 26%
20/06/08 19:39:06 INFO mapreduce.Job:  map 82% reduce 26%
20/06/08 19:39:08 INFO mapreduce.Job:  map 83% reduce 26%
20/06/08 19:39:10 INFO mapreduce.Job:  map 83% reduce 27%
20/06/08 19:39:11 INFO mapreduce.Job:  map 84% reduce 27%
20/06/08 19:39:14 INFO mapreduce.Job:  map 85% reduce 27%
20/06/08 19:39:15 INFO mapreduce.Job:  map 86% reduce 27%
20/06/08 19:39:20 INFO mapreduce.Job:  map 87% reduce 27%
20/06/08 19:39:23 INFO mapreduce.Job:  map 88% reduce 27%
20/06/08 19:39:26 INFO mapreduce.Job:  map 89% reduce 27%
20/06/08 19:39:28 INFO mapreduce.Job:  map 90% reduce 28%
20/06/08 19:39:31 INFO mapreduce.Job:  map 91% reduce 29%
20/06/08 19:39:37 INFO mapreduce.Job:  map 92% reduce 29%
20/06/08 19:39:38 INFO mapreduce.Job:  map 93% reduce 29%
20/06/08 19:39:41 INFO mapreduce.Job:  map 94% reduce 29%
20/06/08 19:39:42 INFO mapreduce.Job:  map 95% reduce 29%
20/06/08 19:39:45 INFO mapreduce.Job:  map 96% reduce 29%
20/06/08 19:39:46 INFO mapreduce.Job:  map 96% reduce 30%
20/06/08 19:39:47 INFO mapreduce.Job:  map 97% reduce 30%
20/06/08 19:39:49 INFO mapreduce.Job:  map 97% reduce 31%
20/06/08 19:39:50 INFO mapreduce.Job:  map 98% reduce 31%
20/06/08 19:39:55 INFO mapreduce.Job:  map 99% reduce 32%
20/06/08 19:39:58 INFO mapreduce.Job:  map 100% reduce 33%
20/06/08 19:40:01 INFO mapreduce.Job:  map 100% reduce 52%
20/06/08 19:40:04 INFO mapreduce.Job:  map 100% reduce 71%
20/06/08 19:40:07 INFO mapreduce.Job:  map 100% reduce 77%
20/06/08 19:40:10 INFO mapreduce.Job:  map 100% reduce 82%
20/06/08 19:40:13 INFO mapreduce.Job:  map 100% reduce 89%
20/06/08 19:40:16 INFO mapreduce.Job:  map 100% reduce 100%
20/06/08 19:40:17 INFO mapreduce.Job: Job job_1591609243729_0019 completed successfully
20/06/08 19:40:17 INFO mapreduce.Job: Counters: 51
	File System Counters
		FILE: Number of bytes read=1455800388
		FILE: Number of bytes written=2170487784
		FILE: Number of read operations=0
		FILE: Number of large read operations=0
		FILE: Number of write operations=0
		HDFS: Number of bytes read=11025011109
		HDFS: Number of bytes written=332618251
		HDFS: Number of read operations=273
		HDFS: Number of large read operations=0
		HDFS: Number of write operations=2
	Job Counters 
		Killed map tasks=1
		Launched map tasks=91
		Launched reduce tasks=1
		Data-local map tasks=89
		Rack-local map tasks=2
		Total time spent by all maps in occupied slots (ms)=6162438
		Total time spent by all reduces in occupied slots (ms)=411832
		Total time spent by all map tasks (ms)=6162438
		Total time spent by all reduce tasks (ms)=411832
		Total vcore-milliseconds taken by all map tasks=6162438
		Total vcore-milliseconds taken by all reduce tasks=411832
		Total megabyte-milliseconds taken by all map tasks=6310336512
		Total megabyte-milliseconds taken by all reduce tasks=421715968
	Map-Reduce Framework
		Map input records=1636516
		Map output records=1009766355
		Map output bytes=15223168195
		Map output materialized bytes=703507752
		Input split bytes=10530
		Combine input records=1034515672
		Combine output records=47335017
		Reduce input groups=9720924
		Reduce shuffle bytes=703507752
		Reduce input records=22585700
		Reduce output records=9720924
		Spilled Records=69920717
		Shuffled Maps =90
		Failed Shuffles=0
		Merged Map outputs=90
		GC time elapsed (ms)=113437
		CPU time spent (ms)=2498250
		Physical memory (bytes) snapshot=25111822336
		Virtual memory (bytes) snapshot=191974236160
		Total committed heap usage (bytes)=18922078208
	Shuffle Errors
		BAD_ID=0
		CONNECTION=0
		IO_ERROR=0
		WRONG_LENGTH=0
		WRONG_MAP=0
		WRONG_REDUCE=0
	File Input Format Counters 
		Bytes Read=11025000579
	File Output Format Counters 
		Bytes Written=332618251
