20/06/09 09:54:43 INFO client.RMProxy: Connecting to ResourceManager at master/10.51.17.95:8032
20/06/09 09:54:43 INFO input.FileInputFormat: Total input paths to process : 10
20/06/09 09:54:43 INFO mapreduce.JobSubmitter: number of splits:90
20/06/09 09:54:43 INFO mapreduce.JobSubmitter: Submitting tokens for job: job_1591662936045_0008
20/06/09 09:54:44 INFO impl.YarnClientImpl: Submitted application application_1591662936045_0008
20/06/09 09:54:44 INFO mapreduce.Job: The url to track the job: http://master:8088/proxy/application_1591662936045_0008/
20/06/09 09:54:44 INFO mapreduce.Job: Running job: job_1591662936045_0008
20/06/09 09:54:52 INFO mapreduce.Job: Job job_1591662936045_0008 running in uber mode : false
20/06/09 09:54:52 INFO mapreduce.Job:  map 0% reduce 0%
20/06/09 09:55:06 INFO mapreduce.Job:  map 1% reduce 0%
20/06/09 09:55:08 INFO mapreduce.Job:  map 2% reduce 0%
20/06/09 09:55:13 INFO mapreduce.Job:  map 3% reduce 0%
20/06/09 09:55:19 INFO mapreduce.Job:  map 4% reduce 0%
20/06/09 09:55:24 INFO mapreduce.Job:  map 5% reduce 0%
20/06/09 09:55:30 INFO mapreduce.Job:  map 6% reduce 0%
20/06/09 09:55:34 INFO mapreduce.Job:  map 7% reduce 0%
20/06/09 09:55:39 INFO mapreduce.Job:  map 8% reduce 0%
20/06/09 09:55:44 INFO mapreduce.Job:  map 9% reduce 0%
20/06/09 09:55:48 INFO mapreduce.Job:  map 10% reduce 0%
20/06/09 09:55:49 INFO mapreduce.Job:  map 11% reduce 0%
20/06/09 09:55:51 INFO mapreduce.Job:  map 12% reduce 0%
20/06/09 09:56:00 INFO mapreduce.Job:  map 13% reduce 0%
20/06/09 09:56:03 INFO mapreduce.Job:  map 14% reduce 0%
20/06/09 09:56:07 INFO mapreduce.Job:  map 15% reduce 0%
20/06/09 09:56:09 INFO mapreduce.Job:  map 16% reduce 0%
20/06/09 09:56:11 INFO mapreduce.Job:  map 17% reduce 0%
20/06/09 09:56:15 INFO mapreduce.Job:  map 18% reduce 0%
20/06/09 09:56:20 INFO mapreduce.Job:  map 18% reduce 5%
20/06/09 09:56:22 INFO mapreduce.Job:  map 19% reduce 5%
20/06/09 09:56:26 INFO mapreduce.Job:  map 20% reduce 5%
20/06/09 09:56:31 INFO mapreduce.Job:  map 21% reduce 5%
20/06/09 09:56:37 INFO mapreduce.Job:  map 22% reduce 5%
20/06/09 09:56:43 INFO mapreduce.Job:  map 23% reduce 5%
20/06/09 09:56:44 INFO mapreduce.Job:  map 24% reduce 5%
20/06/09 09:56:45 INFO mapreduce.Job:  map 24% reduce 6%
20/06/09 09:56:46 INFO mapreduce.Job:  map 25% reduce 6%
20/06/09 09:56:48 INFO mapreduce.Job:  map 25% reduce 7%
20/06/09 09:56:50 INFO mapreduce.Job:  map 26% reduce 7%
20/06/09 09:56:57 INFO mapreduce.Job:  map 27% reduce 7%
20/06/09 09:57:01 INFO mapreduce.Job:  map 28% reduce 7%
20/06/09 09:57:06 INFO mapreduce.Job:  map 29% reduce 7%
20/06/09 09:57:10 INFO mapreduce.Job:  map 30% reduce 7%
20/06/09 09:57:13 INFO mapreduce.Job:  map 30% reduce 8%
20/06/09 09:57:14 INFO mapreduce.Job:  map 31% reduce 8%
20/06/09 09:57:16 INFO mapreduce.Job:  map 31% reduce 9%
20/06/09 09:57:17 INFO mapreduce.Job:  map 32% reduce 9%
20/06/09 09:57:21 INFO mapreduce.Job:  map 33% reduce 9%
20/06/09 09:57:25 INFO mapreduce.Job:  map 34% reduce 10%
20/06/09 09:57:30 INFO mapreduce.Job:  map 35% reduce 10%
20/06/09 09:57:34 INFO mapreduce.Job:  map 36% reduce 10%
20/06/09 09:57:38 INFO mapreduce.Job:  map 37% reduce 10%
20/06/09 09:57:40 INFO mapreduce.Job:  map 37% reduce 11%
20/06/09 09:57:41 INFO mapreduce.Job:  map 38% reduce 11%
20/06/09 09:57:45 INFO mapreduce.Job:  map 39% reduce 11%
20/06/09 09:57:46 INFO mapreduce.Job:  map 39% reduce 12%
20/06/09 09:57:49 INFO mapreduce.Job:  map 40% reduce 12%
20/06/09 09:57:54 INFO mapreduce.Job:  map 41% reduce 12%
20/06/09 09:58:01 INFO mapreduce.Job:  map 42% reduce 12%
20/06/09 09:58:06 INFO mapreduce.Job:  map 43% reduce 12%
20/06/09 09:58:10 INFO mapreduce.Job:  map 44% reduce 12%
20/06/09 09:58:15 INFO mapreduce.Job:  map 45% reduce 12%
20/06/09 09:58:17 INFO mapreduce.Job:  map 45% reduce 13%
20/06/09 09:58:18 INFO mapreduce.Job:  map 46% reduce 13%
20/06/09 09:58:20 INFO mapreduce.Job:  map 47% reduce 14%
20/06/09 09:58:22 INFO mapreduce.Job:  map 48% reduce 14%
20/06/09 09:58:30 INFO mapreduce.Job:  map 49% reduce 14%
20/06/09 09:58:32 INFO mapreduce.Job:  map 50% reduce 14%
20/06/09 09:58:33 INFO mapreduce.Job:  map 50% reduce 16%
20/06/09 09:58:35 INFO mapreduce.Job:  map 51% reduce 16%
20/06/09 09:58:41 INFO mapreduce.Job:  map 52% reduce 16%
20/06/09 09:58:44 INFO mapreduce.Job:  map 53% reduce 16%
20/06/09 09:58:47 INFO mapreduce.Job:  map 54% reduce 17%
20/06/09 09:58:53 INFO mapreduce.Job:  map 55% reduce 17%
20/06/09 09:58:59 INFO mapreduce.Job:  map 56% reduce 17%
20/06/09 09:59:04 INFO mapreduce.Job:  map 57% reduce 17%
20/06/09 09:59:08 INFO mapreduce.Job:  map 58% reduce 17%
20/06/09 09:59:14 INFO mapreduce.Job:  map 59% reduce 17%
20/06/09 09:59:19 INFO mapreduce.Job:  map 60% reduce 17%
20/06/09 09:59:23 INFO mapreduce.Job:  map 61% reduce 17%
20/06/09 09:59:25 INFO mapreduce.Job:  map 62% reduce 17%
20/06/09 09:59:27 INFO mapreduce.Job:  map 62% reduce 19%
20/06/09 09:59:29 INFO mapreduce.Job:  map 63% reduce 19%
20/06/09 09:59:30 INFO mapreduce.Job:  map 64% reduce 19%
20/06/09 09:59:33 INFO mapreduce.Job:  map 65% reduce 20%
20/06/09 09:59:36 INFO mapreduce.Job:  map 65% reduce 21%
20/06/09 09:59:37 INFO mapreduce.Job:  map 66% reduce 21%
20/06/09 09:59:40 INFO mapreduce.Job:  map 67% reduce 21%
20/06/09 09:59:42 INFO mapreduce.Job:  map 67% reduce 22%
20/06/09 09:59:46 INFO mapreduce.Job:  map 68% reduce 22%
20/06/09 09:59:52 INFO mapreduce.Job:  map 69% reduce 22%
20/06/09 09:59:58 INFO mapreduce.Job:  map 70% reduce 22%
20/06/09 10:00:02 INFO mapreduce.Job:  map 71% reduce 22%
20/06/09 10:00:08 INFO mapreduce.Job:  map 72% reduce 22%
20/06/09 10:00:14 INFO mapreduce.Job:  map 73% reduce 22%
20/06/09 10:00:17 INFO mapreduce.Job:  map 74% reduce 22%
20/06/09 10:00:23 INFO mapreduce.Job:  map 75% reduce 22%
20/06/09 10:00:25 INFO mapreduce.Job:  map 76% reduce 22%
20/06/09 10:00:28 INFO mapreduce.Job:  map 77% reduce 23%
20/06/09 10:00:30 INFO mapreduce.Job:  map 77% reduce 24%
20/06/09 10:00:31 INFO mapreduce.Job:  map 78% reduce 24%
20/06/09 10:00:33 INFO mapreduce.Job:  map 79% reduce 24%
20/06/09 10:00:34 INFO mapreduce.Job:  map 79% reduce 25%
20/06/09 10:00:36 INFO mapreduce.Job:  map 80% reduce 25%
20/06/09 10:00:37 INFO mapreduce.Job:  map 80% reduce 26%
20/06/09 10:00:40 INFO mapreduce.Job:  map 81% reduce 27%
20/06/09 10:00:45 INFO mapreduce.Job:  map 83% reduce 27%
20/06/09 10:00:49 INFO mapreduce.Job:  map 84% reduce 27%
20/06/09 10:00:50 INFO mapreduce.Job:  map 85% reduce 27%
20/06/09 10:00:51 INFO mapreduce.Job:  map 86% reduce 27%
20/06/09 10:00:53 INFO mapreduce.Job:  map 87% reduce 27%
20/06/09 10:00:59 INFO mapreduce.Job:  map 88% reduce 27%
20/06/09 10:01:01 INFO mapreduce.Job:  map 88% reduce 28%
20/06/09 10:01:02 INFO mapreduce.Job:  map 90% reduce 28%
20/06/09 10:01:04 INFO mapreduce.Job:  map 90% reduce 29%
20/06/09 10:01:05 INFO mapreduce.Job:  map 91% reduce 29%
20/06/09 10:01:09 INFO mapreduce.Job:  map 92% reduce 29%
20/06/09 10:01:13 INFO mapreduce.Job:  map 93% reduce 29%
20/06/09 10:01:14 INFO mapreduce.Job:  map 94% reduce 29%
20/06/09 10:01:17 INFO mapreduce.Job:  map 95% reduce 29%
20/06/09 10:01:21 INFO mapreduce.Job:  map 97% reduce 29%
20/06/09 10:01:23 INFO mapreduce.Job:  map 98% reduce 30%
20/06/09 10:01:26 INFO mapreduce.Job:  map 98% reduce 32%
20/06/09 10:01:27 INFO mapreduce.Job:  map 99% reduce 32%
20/06/09 10:01:31 INFO mapreduce.Job:  map 100% reduce 32%
20/06/09 10:01:32 INFO mapreduce.Job:  map 100% reduce 33%
20/06/09 10:01:35 INFO mapreduce.Job:  map 100% reduce 69%
20/06/09 10:01:38 INFO mapreduce.Job:  map 100% reduce 74%
20/06/09 10:01:41 INFO mapreduce.Job:  map 100% reduce 79%
20/06/09 10:01:44 INFO mapreduce.Job:  map 100% reduce 84%
20/06/09 10:01:47 INFO mapreduce.Job:  map 100% reduce 91%
20/06/09 10:01:50 INFO mapreduce.Job:  map 100% reduce 100%
20/06/09 10:01:52 INFO mapreduce.Job: Job job_1591662936045_0008 completed successfully
20/06/09 10:01:52 INFO mapreduce.Job: Counters: 51
	File System Counters
		FILE: Number of bytes read=1662952777
		FILE: Number of bytes written=2462619043
		FILE: Number of read operations=0
		FILE: Number of large read operations=0
		FILE: Number of write operations=0
		HDFS: Number of bytes read=11024414963
		HDFS: Number of bytes written=468533166
		HDFS: Number of read operations=273
		HDFS: Number of large read operations=0
		HDFS: Number of write operations=2
	Job Counters 
		Killed map tasks=1
		Launched map tasks=91
		Launched reduce tasks=1
		Data-local map tasks=89
		Rack-local map tasks=2
		Total time spent by all maps in occupied slots (ms)=5075587
		Total time spent by all reduces in occupied slots (ms)=342857
		Total time spent by all map tasks (ms)=5075587
		Total time spent by all reduce tasks (ms)=342857
		Total vcore-milliseconds taken by all map tasks=5075587
		Total vcore-milliseconds taken by all reduce tasks=342857
		Total megabyte-milliseconds taken by all map tasks=5197401088
		Total megabyte-milliseconds taken by all reduce tasks=351085568
	Map-Reduce Framework
		Map input records=1637054
		Map output records=1010367119
		Map output bytes=19275720621
		Map output materialized bytes=788455860
		Input split bytes=10530
		Combine input records=1035355940
		Combine output records=47590990
		Reduce input groups=9752750
		Reduce shuffle bytes=788455860
		Reduce input records=22602169
		Reduce output records=9752750
		Spilled Records=70871874
		Shuffled Maps =90
		Failed Shuffles=0
		Merged Map outputs=90
		GC time elapsed (ms)=110856
		CPU time spent (ms)=2053470
		Physical memory (bytes) snapshot=25185914880
		Virtual memory (bytes) snapshot=191955673088
		Total committed heap usage (bytes)=18941476864
	Shuffle Errors
		BAD_ID=0
		CONNECTION=0
		IO_ERROR=0
		WRONG_LENGTH=0
		WRONG_MAP=0
		WRONG_REDUCE=0
	File Input Format Counters 
		Bytes Read=11024404433
	File Output Format Counters 
		Bytes Written=468533166
20/06/09 10:01:52 INFO client.RMProxy: Connecting to ResourceManager at master/10.51.17.95:8032
20/06/09 10:01:52 INFO input.FileInputFormat: Total input paths to process : 1
20/06/09 10:01:53 INFO mapreduce.JobSubmitter: number of splits:4
20/06/09 10:01:53 INFO mapreduce.JobSubmitter: Submitting tokens for job: job_1591662936045_0009
20/06/09 10:01:53 INFO impl.YarnClientImpl: Submitted application application_1591662936045_0009
20/06/09 10:01:53 INFO mapreduce.Job: The url to track the job: http://master:8088/proxy/application_1591662936045_0009/
20/06/09 10:01:53 INFO mapreduce.Job: Running job: job_1591662936045_0009
20/06/09 10:02:02 INFO mapreduce.Job: Job job_1591662936045_0009 running in uber mode : false
20/06/09 10:02:02 INFO mapreduce.Job:  map 0% reduce 0%
20/06/09 10:02:13 INFO mapreduce.Job:  map 25% reduce 0%
20/06/09 10:02:14 INFO mapreduce.Job:  map 63% reduce 0%
20/06/09 10:02:16 INFO mapreduce.Job:  map 71% reduce 0%
20/06/09 10:02:17 INFO mapreduce.Job:  map 83% reduce 0%
20/06/09 10:02:21 INFO mapreduce.Job:  map 100% reduce 0%
20/06/09 10:02:26 INFO mapreduce.Job:  map 100% reduce 86%
20/06/09 10:02:29 INFO mapreduce.Job:  map 100% reduce 95%
20/06/09 10:02:31 INFO mapreduce.Job:  map 100% reduce 100%
20/06/09 10:02:32 INFO mapreduce.Job: Job job_1591662936045_0009 completed successfully
20/06/09 10:02:32 INFO mapreduce.Job: Counters: 50
	File System Counters
		FILE: Number of bytes read=750368695
		FILE: Number of bytes written=1156420914
		FILE: Number of read operations=0
		FILE: Number of large read operations=0
		FILE: Number of write operations=0
		HDFS: Number of bytes read=468538032
		HDFS: Number of bytes written=328073683
		HDFS: Number of read operations=19
		HDFS: Number of large read operations=0
		HDFS: Number of write operations=2
	Job Counters 
		Killed map tasks=1
		Launched map tasks=4
		Launched reduce tasks=1
		Data-local map tasks=4
		Total time spent by all maps in occupied slots (ms)=55868
		Total time spent by all reduces in occupied slots (ms)=14443
		Total time spent by all map tasks (ms)=55868
		Total time spent by all reduce tasks (ms)=14443
		Total vcore-milliseconds taken by all map tasks=55868
		Total vcore-milliseconds taken by all reduce tasks=14443
		Total megabyte-milliseconds taken by all map tasks=57208832
		Total megabyte-milliseconds taken by all reduce tasks=14789632
	Map-Reduce Framework
		Map input records=9752750
		Map output records=9752750
		Map output bytes=385933360
		Map output materialized bytes=405438884
		Input split bytes=508
		Combine input records=0
		Combine output records=0
		Reduce input groups=1241
		Reduce shuffle bytes=405438884
		Reduce input records=9752750
		Reduce output records=9752750
		Spilled Records=28470054
		Shuffled Maps =4
		Failed Shuffles=0
		Merged Map outputs=4
		GC time elapsed (ms)=2279
		CPU time spent (ms)=44650
		Physical memory (bytes) snapshot=1294409728
		Virtual memory (bytes) snapshot=10542608384
		Total committed heap usage (bytes)=939524096
	Shuffle Errors
		BAD_ID=0
		CONNECTION=0
		IO_ERROR=0
		WRONG_LENGTH=0
		WRONG_MAP=0
		WRONG_REDUCE=0
	File Input Format Counters 
		Bytes Read=468537524
	File Output Format Counters 
		Bytes Written=328073683
