20/06/09 09:45:37 INFO client.RMProxy: Connecting to ResourceManager at master/10.51.17.95:8032
20/06/09 09:45:38 INFO input.FileInputFormat: Total input paths to process : 10
20/06/09 09:45:39 INFO mapreduce.JobSubmitter: number of splits:90
20/06/09 09:45:40 INFO mapreduce.JobSubmitter: Submitting tokens for job: job_1591662936045_0005
20/06/09 09:45:40 INFO impl.YarnClientImpl: Submitted application application_1591662936045_0005
20/06/09 09:45:40 INFO mapreduce.Job: The url to track the job: http://master:8088/proxy/application_1591662936045_0005/
20/06/09 09:45:40 INFO mapreduce.Job: Running job: job_1591662936045_0005
20/06/09 09:45:46 INFO mapreduce.Job: Job job_1591662936045_0005 running in uber mode : false
20/06/09 09:45:46 INFO mapreduce.Job:  map 0% reduce 0%
20/06/09 09:46:00 INFO mapreduce.Job:  map 1% reduce 0%
20/06/09 09:46:02 INFO mapreduce.Job:  map 2% reduce 0%
20/06/09 09:46:06 INFO mapreduce.Job:  map 3% reduce 0%
20/06/09 09:46:15 INFO mapreduce.Job:  map 4% reduce 0%
20/06/09 09:46:19 INFO mapreduce.Job:  map 5% reduce 0%
20/06/09 09:46:24 INFO mapreduce.Job:  map 6% reduce 0%
20/06/09 09:46:30 INFO mapreduce.Job:  map 7% reduce 0%
20/06/09 09:46:33 INFO mapreduce.Job:  map 8% reduce 0%
20/06/09 09:46:39 INFO mapreduce.Job:  map 9% reduce 0%
20/06/09 09:46:42 INFO mapreduce.Job:  map 10% reduce 0%
20/06/09 09:46:46 INFO mapreduce.Job:  map 11% reduce 0%
20/06/09 09:46:47 INFO mapreduce.Job:  map 12% reduce 0%
20/06/09 09:46:55 INFO mapreduce.Job:  map 13% reduce 0%
20/06/09 09:47:00 INFO mapreduce.Job:  map 14% reduce 0%
20/06/09 09:47:01 INFO mapreduce.Job:  map 15% reduce 0%
20/06/09 09:47:03 INFO mapreduce.Job:  map 16% reduce 0%
20/06/09 09:47:05 INFO mapreduce.Job:  map 17% reduce 0%
20/06/09 09:47:12 INFO mapreduce.Job:  map 18% reduce 0%
20/06/09 09:47:16 INFO mapreduce.Job:  map 18% reduce 5%
20/06/09 09:47:17 INFO mapreduce.Job:  map 19% reduce 5%
20/06/09 09:47:21 INFO mapreduce.Job:  map 20% reduce 5%
20/06/09 09:47:29 INFO mapreduce.Job:  map 21% reduce 5%
20/06/09 09:47:33 INFO mapreduce.Job:  map 22% reduce 5%
20/06/09 09:47:37 INFO mapreduce.Job:  map 23% reduce 5%
20/06/09 09:47:38 INFO mapreduce.Job:  map 23% reduce 6%
20/06/09 09:47:42 INFO mapreduce.Job:  map 24% reduce 6%
20/06/09 09:47:43 INFO mapreduce.Job:  map 25% reduce 6%
20/06/09 09:47:46 INFO mapreduce.Job:  map 26% reduce 6%
20/06/09 09:47:47 INFO mapreduce.Job:  map 26% reduce 7%
20/06/09 09:47:53 INFO mapreduce.Job:  map 27% reduce 7%
20/06/09 09:47:58 INFO mapreduce.Job:  map 28% reduce 7%
20/06/09 09:48:04 INFO mapreduce.Job:  map 29% reduce 7%
20/06/09 09:48:08 INFO mapreduce.Job:  map 30% reduce 7%
20/06/09 09:48:09 INFO mapreduce.Job:  map 30% reduce 8%
20/06/09 09:48:11 INFO mapreduce.Job:  map 31% reduce 8%
20/06/09 09:48:12 INFO mapreduce.Job:  map 31% reduce 9%
20/06/09 09:48:13 INFO mapreduce.Job:  map 32% reduce 9%
20/06/09 09:48:15 INFO mapreduce.Job:  map 32% reduce 10%
20/06/09 09:48:17 INFO mapreduce.Job:  map 33% reduce 10%
20/06/09 09:48:23 INFO mapreduce.Job:  map 34% reduce 10%
20/06/09 09:48:27 INFO mapreduce.Job:  map 35% reduce 10%
20/06/09 09:48:33 INFO mapreduce.Job:  map 36% reduce 10%
20/06/09 09:48:38 INFO mapreduce.Job:  map 37% reduce 10%
20/06/09 09:48:40 INFO mapreduce.Job:  map 38% reduce 10%
20/06/09 09:48:42 INFO mapreduce.Job:  map 38% reduce 11%
20/06/09 09:48:43 INFO mapreduce.Job:  map 39% reduce 11%
20/06/09 09:48:45 INFO mapreduce.Job:  map 39% reduce 12%
20/06/09 09:48:49 INFO mapreduce.Job:  map 40% reduce 12%
20/06/09 09:48:54 INFO mapreduce.Job:  map 41% reduce 12%
20/06/09 09:49:00 INFO mapreduce.Job:  map 42% reduce 12%
20/06/09 09:49:04 INFO mapreduce.Job:  map 43% reduce 12%
20/06/09 09:49:10 INFO mapreduce.Job:  map 44% reduce 12%
20/06/09 09:49:14 INFO mapreduce.Job:  map 45% reduce 12%
20/06/09 09:49:16 INFO mapreduce.Job:  map 45% reduce 13%
20/06/09 09:49:17 INFO mapreduce.Job:  map 46% reduce 13%
20/06/09 09:49:20 INFO mapreduce.Job:  map 47% reduce 13%
20/06/09 09:49:22 INFO mapreduce.Job:  map 47% reduce 14%
20/06/09 09:49:24 INFO mapreduce.Job:  map 48% reduce 14%
20/06/09 09:49:31 INFO mapreduce.Job:  map 49% reduce 14%
20/06/09 09:49:34 INFO mapreduce.Job:  map 50% reduce 15%
20/06/09 09:49:36 INFO mapreduce.Job:  map 51% reduce 15%
20/06/09 09:49:37 INFO mapreduce.Job:  map 51% reduce 16%
20/06/09 09:49:40 INFO mapreduce.Job:  map 52% reduce 16%
20/06/09 09:49:43 INFO mapreduce.Job:  map 53% reduce 17%
20/06/09 09:49:49 INFO mapreduce.Job:  map 54% reduce 17%
20/06/09 09:49:54 INFO mapreduce.Job:  map 55% reduce 17%
20/06/09 09:49:59 INFO mapreduce.Job:  map 56% reduce 17%
20/06/09 09:50:05 INFO mapreduce.Job:  map 57% reduce 17%
20/06/09 09:50:11 INFO mapreduce.Job:  map 58% reduce 17%
20/06/09 09:50:15 INFO mapreduce.Job:  map 59% reduce 17%
20/06/09 09:50:20 INFO mapreduce.Job:  map 60% reduce 17%
20/06/09 09:50:23 INFO mapreduce.Job:  map 61% reduce 17%
20/06/09 09:50:26 INFO mapreduce.Job:  map 62% reduce 18%
20/06/09 09:50:29 INFO mapreduce.Job:  map 62% reduce 19%
20/06/09 09:50:31 INFO mapreduce.Job:  map 63% reduce 19%
20/06/09 09:50:32 INFO mapreduce.Job:  map 64% reduce 20%
20/06/09 09:50:34 INFO mapreduce.Job:  map 65% reduce 20%
20/06/09 09:50:38 INFO mapreduce.Job:  map 65% reduce 21%
20/06/09 09:50:39 INFO mapreduce.Job:  map 66% reduce 21%
20/06/09 09:50:44 INFO mapreduce.Job:  map 67% reduce 21%
20/06/09 09:50:47 INFO mapreduce.Job:  map 68% reduce 21%
20/06/09 09:50:48 INFO mapreduce.Job:  map 68% reduce 22%
20/06/09 09:50:53 INFO mapreduce.Job:  map 69% reduce 22%
20/06/09 09:50:59 INFO mapreduce.Job:  map 70% reduce 22%
20/06/09 09:51:05 INFO mapreduce.Job:  map 71% reduce 22%
20/06/09 09:51:09 INFO mapreduce.Job:  map 72% reduce 22%
20/06/09 09:51:15 INFO mapreduce.Job:  map 73% reduce 22%
20/06/09 09:51:19 INFO mapreduce.Job:  map 74% reduce 22%
20/06/09 09:51:23 INFO mapreduce.Job:  map 75% reduce 22%
20/06/09 09:51:28 INFO mapreduce.Job:  map 76% reduce 22%
20/06/09 09:51:30 INFO mapreduce.Job:  map 77% reduce 23%
20/06/09 09:51:33 INFO mapreduce.Job:  map 77% reduce 24%
20/06/09 09:51:35 INFO mapreduce.Job:  map 79% reduce 24%
20/06/09 09:51:36 INFO mapreduce.Job:  map 79% reduce 26%
20/06/09 09:51:41 INFO mapreduce.Job:  map 80% reduce 26%
20/06/09 09:51:46 INFO mapreduce.Job:  map 81% reduce 26%
20/06/09 09:51:48 INFO mapreduce.Job:  map 82% reduce 26%
20/06/09 09:51:49 INFO mapreduce.Job:  map 83% reduce 26%
20/06/09 09:51:51 INFO mapreduce.Job:  map 83% reduce 27%
20/06/09 09:51:52 INFO mapreduce.Job:  map 84% reduce 27%
20/06/09 09:51:54 INFO mapreduce.Job:  map 85% reduce 27%
20/06/09 09:51:59 INFO mapreduce.Job:  map 86% reduce 27%
20/06/09 09:52:00 INFO mapreduce.Job:  map 87% reduce 27%
20/06/09 09:52:01 INFO mapreduce.Job:  map 88% reduce 27%
20/06/09 09:52:03 INFO mapreduce.Job:  map 88% reduce 28%
20/06/09 09:52:07 INFO mapreduce.Job:  map 89% reduce 28%
20/06/09 09:52:09 INFO mapreduce.Job:  map 90% reduce 28%
20/06/09 09:52:11 INFO mapreduce.Job:  map 91% reduce 28%
20/06/09 09:52:13 INFO mapreduce.Job:  map 91% reduce 29%
20/06/09 09:52:14 INFO mapreduce.Job:  map 93% reduce 29%
20/06/09 09:52:20 INFO mapreduce.Job:  map 95% reduce 29%
20/06/09 09:52:22 INFO mapreduce.Job:  map 96% reduce 30%
20/06/09 09:52:23 INFO mapreduce.Job:  map 97% reduce 30%
20/06/09 09:52:25 INFO mapreduce.Job:  map 97% reduce 31%
20/06/09 09:52:26 INFO mapreduce.Job:  map 98% reduce 31%
20/06/09 09:52:28 INFO mapreduce.Job:  map 98% reduce 32%
20/06/09 09:52:30 INFO mapreduce.Job:  map 99% reduce 32%
20/06/09 09:52:31 INFO mapreduce.Job:  map 99% reduce 33%
20/06/09 09:52:33 INFO mapreduce.Job:  map 100% reduce 33%
20/06/09 09:52:37 INFO mapreduce.Job:  map 100% reduce 69%
20/06/09 09:52:40 INFO mapreduce.Job:  map 100% reduce 75%
20/06/09 09:52:43 INFO mapreduce.Job:  map 100% reduce 80%
20/06/09 09:52:46 INFO mapreduce.Job:  map 100% reduce 86%
20/06/09 09:52:49 INFO mapreduce.Job:  map 100% reduce 94%
20/06/09 09:52:51 INFO mapreduce.Job:  map 100% reduce 100%
20/06/09 09:52:52 INFO mapreduce.Job: Job job_1591662936045_0005 completed successfully
20/06/09 09:52:52 INFO mapreduce.Job: Counters: 51
	File System Counters
		FILE: Number of bytes read=1748670836
		FILE: Number of bytes written=2590825631
		FILE: Number of read operations=0
		FILE: Number of large read operations=0
		FILE: Number of write operations=0
		HDFS: Number of bytes read=11025891528
		HDFS: Number of bytes written=508633364
		HDFS: Number of read operations=273
		HDFS: Number of large read operations=0
		HDFS: Number of write operations=2
	Job Counters 
		Killed map tasks=1
		Launched map tasks=91
		Launched reduce tasks=1
		Data-local map tasks=89
		Rack-local map tasks=2
		Total time spent by all maps in occupied slots (ms)=5182415
		Total time spent by all reduces in occupied slots (ms)=347710
		Total time spent by all map tasks (ms)=5182415
		Total time spent by all reduce tasks (ms)=347710
		Total vcore-milliseconds taken by all map tasks=5182415
		Total vcore-milliseconds taken by all reduce tasks=347710
		Total megabyte-milliseconds taken by all map tasks=5306792960
		Total megabyte-milliseconds taken by all reduce tasks=356055040
	Map-Reduce Framework
		Map input records=266442
		Map output records=1008534897
		Map output bytes=19251937022
		Map output materialized bytes=830944389
		Input split bytes=10530
		Combine input records=1033517216
		Combine output records=47583044
		Reduce input groups=9838908
		Reduce shuffle bytes=830944389
		Reduce input records=22600725
		Reduce output records=9838908
		Spilled Records=70860721
		Shuffled Maps =90
		Failed Shuffles=0
		Merged Map outputs=90
		GC time elapsed (ms)=109111
		CPU time spent (ms)=2089560
		Physical memory (bytes) snapshot=25104642048
		Virtual memory (bytes) snapshot=191925731328
		Total committed heap usage (bytes)=18934136832
	Shuffle Errors
		BAD_ID=0
		CONNECTION=0
		IO_ERROR=0
		WRONG_LENGTH=0
		WRONG_MAP=0
		WRONG_REDUCE=0
	File Input Format Counters 
		Bytes Read=11025880998
	File Output Format Counters 
		Bytes Written=508633364
20/06/09 09:52:52 INFO client.RMProxy: Connecting to ResourceManager at master/10.51.17.95:8032
20/06/09 09:52:53 INFO input.FileInputFormat: Total input paths to process : 1
20/06/09 09:52:53 INFO mapreduce.JobSubmitter: number of splits:4
20/06/09 09:52:53 INFO mapreduce.JobSubmitter: Submitting tokens for job: job_1591662936045_0006
20/06/09 09:52:53 INFO impl.YarnClientImpl: Submitted application application_1591662936045_0006
20/06/09 09:52:53 INFO mapreduce.Job: The url to track the job: http://master:8088/proxy/application_1591662936045_0006/
20/06/09 09:52:53 INFO mapreduce.Job: Running job: job_1591662936045_0006
20/06/09 09:53:02 INFO mapreduce.Job: Job job_1591662936045_0006 running in uber mode : false
20/06/09 09:53:02 INFO mapreduce.Job:  map 0% reduce 0%
20/06/09 09:53:13 INFO mapreduce.Job:  map 51% reduce 0%
20/06/09 09:53:14 INFO mapreduce.Job:  map 54% reduce 0%
20/06/09 09:53:16 INFO mapreduce.Job:  map 66% reduce 0%
20/06/09 09:53:17 INFO mapreduce.Job:  map 73% reduce 0%
20/06/09 09:53:18 INFO mapreduce.Job:  map 79% reduce 0%
20/06/09 09:53:19 INFO mapreduce.Job:  map 83% reduce 0%
20/06/09 09:53:20 INFO mapreduce.Job:  map 92% reduce 0%
20/06/09 09:53:22 INFO mapreduce.Job:  map 100% reduce 0%
20/06/09 09:53:27 INFO mapreduce.Job:  map 100% reduce 82%
20/06/09 09:53:30 INFO mapreduce.Job:  map 100% reduce 97%
20/06/09 09:53:31 INFO mapreduce.Job:  map 100% reduce 100%
20/06/09 09:53:31 INFO mapreduce.Job: Job job_1591662936045_0006 completed successfully
20/06/09 09:53:31 INFO mapreduce.Job: Counters: 50
	File System Counters
		FILE: Number of bytes read=889272012
		FILE: Number of bytes written=1334521341
		FILE: Number of read operations=0
		FILE: Number of large read operations=0
		FILE: Number of write operations=0
		HDFS: Number of bytes read=508638277
		HDFS: Number of bytes written=366581756
		HDFS: Number of read operations=19
		HDFS: Number of large read operations=0
		HDFS: Number of write operations=2
	Job Counters 
		Killed map tasks=1
		Launched map tasks=5
		Launched reduce tasks=1
		Data-local map tasks=5
		Total time spent by all maps in occupied slots (ms)=67479
		Total time spent by all reduces in occupied slots (ms)=14161
		Total time spent by all map tasks (ms)=67479
		Total time spent by all reduce tasks (ms)=14161
		Total vcore-milliseconds taken by all map tasks=67479
		Total vcore-milliseconds taken by all reduce tasks=14161
		Total megabyte-milliseconds taken by all map tasks=69098496
		Total megabyte-milliseconds taken by all reduce tasks=14500864
	Map-Reduce Framework
		Map input records=9838908
		Map output records=9838908
		Map output bytes=424958154
		Map output materialized bytes=444635994
		Input split bytes=508
		Combine input records=0
		Combine output records=0
		Reduce input groups=1257
		Reduce shuffle bytes=444635994
		Reduce input records=9838908
		Reduce output records=9838908
		Spilled Records=29516724
		Shuffled Maps =4
		Failed Shuffles=0
		Merged Map outputs=4
		GC time elapsed (ms)=1882
		CPU time spent (ms)=45000
		Physical memory (bytes) snapshot=1282588672
		Virtual memory (bytes) snapshot=10545803264
		Total committed heap usage (bytes)=940048384
	Shuffle Errors
		BAD_ID=0
		CONNECTION=0
		IO_ERROR=0
		WRONG_LENGTH=0
		WRONG_MAP=0
		WRONG_REDUCE=0
	File Input Format Counters 
		Bytes Read=508637769
	File Output Format Counters 
		Bytes Written=366581756
