20/06/09 09:36:36 INFO client.RMProxy: Connecting to ResourceManager at master/10.51.17.95:8032
20/06/09 09:36:36 INFO input.FileInputFormat: Total input paths to process : 10
20/06/09 09:36:37 INFO mapreduce.JobSubmitter: number of splits:90
20/06/09 09:36:37 INFO mapreduce.JobSubmitter: Submitting tokens for job: job_1591662936045_0002
20/06/09 09:36:37 INFO impl.YarnClientImpl: Submitted application application_1591662936045_0002
20/06/09 09:36:37 INFO mapreduce.Job: The url to track the job: http://master:8088/proxy/application_1591662936045_0002/
20/06/09 09:36:37 INFO mapreduce.Job: Running job: job_1591662936045_0002
20/06/09 09:36:46 INFO mapreduce.Job: Job job_1591662936045_0002 running in uber mode : false
20/06/09 09:36:46 INFO mapreduce.Job:  map 0% reduce 0%
20/06/09 09:37:01 INFO mapreduce.Job:  map 1% reduce 0%
20/06/09 09:37:03 INFO mapreduce.Job:  map 2% reduce 0%
20/06/09 09:37:07 INFO mapreduce.Job:  map 3% reduce 0%
20/06/09 09:37:15 INFO mapreduce.Job:  map 4% reduce 0%
20/06/09 09:37:18 INFO mapreduce.Job:  map 5% reduce 0%
20/06/09 09:37:24 INFO mapreduce.Job:  map 6% reduce 0%
20/06/09 09:37:30 INFO mapreduce.Job:  map 7% reduce 0%
20/06/09 09:37:33 INFO mapreduce.Job:  map 8% reduce 0%
20/06/09 09:37:40 INFO mapreduce.Job:  map 9% reduce 0%
20/06/09 09:37:42 INFO mapreduce.Job:  map 10% reduce 0%
20/06/09 09:37:47 INFO mapreduce.Job:  map 11% reduce 0%
20/06/09 09:37:49 INFO mapreduce.Job:  map 12% reduce 0%
20/06/09 09:37:53 INFO mapreduce.Job:  map 13% reduce 0%
20/06/09 09:37:59 INFO mapreduce.Job:  map 14% reduce 0%
20/06/09 09:38:02 INFO mapreduce.Job:  map 15% reduce 0%
20/06/09 09:38:03 INFO mapreduce.Job:  map 16% reduce 0%
20/06/09 09:38:05 INFO mapreduce.Job:  map 17% reduce 0%
20/06/09 09:38:11 INFO mapreduce.Job:  map 18% reduce 0%
20/06/09 09:38:15 INFO mapreduce.Job:  map 18% reduce 5%
20/06/09 09:38:18 INFO mapreduce.Job:  map 19% reduce 5%
20/06/09 09:38:21 INFO mapreduce.Job:  map 20% reduce 5%
20/06/09 09:38:29 INFO mapreduce.Job:  map 21% reduce 5%
20/06/09 09:38:33 INFO mapreduce.Job:  map 22% reduce 5%
20/06/09 09:38:37 INFO mapreduce.Job:  map 23% reduce 5%
20/06/09 09:38:39 INFO mapreduce.Job:  map 24% reduce 6%
20/06/09 09:38:44 INFO mapreduce.Job:  map 25% reduce 6%
20/06/09 09:38:47 INFO mapreduce.Job:  map 26% reduce 6%
20/06/09 09:38:48 INFO mapreduce.Job:  map 26% reduce 7%
20/06/09 09:38:51 INFO mapreduce.Job:  map 27% reduce 7%
20/06/09 09:38:59 INFO mapreduce.Job:  map 28% reduce 7%
20/06/09 09:39:03 INFO mapreduce.Job:  map 29% reduce 7%
20/06/09 09:39:08 INFO mapreduce.Job:  map 30% reduce 7%
20/06/09 09:39:09 INFO mapreduce.Job:  map 31% reduce 8%
20/06/09 09:39:12 INFO mapreduce.Job:  map 31% reduce 9%
20/06/09 09:39:13 INFO mapreduce.Job:  map 32% reduce 9%
20/06/09 09:39:17 INFO mapreduce.Job:  map 33% reduce 9%
20/06/09 09:39:18 INFO mapreduce.Job:  map 33% reduce 10%
20/06/09 09:39:22 INFO mapreduce.Job:  map 34% reduce 10%
20/06/09 09:39:27 INFO mapreduce.Job:  map 35% reduce 10%
20/06/09 09:39:31 INFO mapreduce.Job:  map 36% reduce 10%
20/06/09 09:39:34 INFO mapreduce.Job:  map 37% reduce 10%
20/06/09 09:39:37 INFO mapreduce.Job:  map 37% reduce 11%
20/06/09 09:39:39 INFO mapreduce.Job:  map 38% reduce 11%
20/06/09 09:39:43 INFO mapreduce.Job:  map 39% reduce 12%
20/06/09 09:39:47 INFO mapreduce.Job:  map 40% reduce 12%
20/06/09 09:39:54 INFO mapreduce.Job:  map 41% reduce 12%
20/06/09 09:39:58 INFO mapreduce.Job:  map 42% reduce 12%
20/06/09 09:40:04 INFO mapreduce.Job:  map 43% reduce 12%
20/06/09 09:40:10 INFO mapreduce.Job:  map 44% reduce 12%
20/06/09 09:40:13 INFO mapreduce.Job:  map 45% reduce 13%
20/06/09 09:40:17 INFO mapreduce.Job:  map 46% reduce 13%
20/06/09 09:40:23 INFO mapreduce.Job:  map 47% reduce 13%
20/06/09 09:40:25 INFO mapreduce.Job:  map 48% reduce 13%
20/06/09 09:40:26 INFO mapreduce.Job:  map 48% reduce 14%
20/06/09 09:40:29 INFO mapreduce.Job:  map 49% reduce 14%
20/06/09 09:40:32 INFO mapreduce.Job:  map 49% reduce 15%
20/06/09 09:40:34 INFO mapreduce.Job:  map 50% reduce 15%
20/06/09 09:40:36 INFO mapreduce.Job:  map 51% reduce 15%
20/06/09 09:40:38 INFO mapreduce.Job:  map 51% reduce 16%
20/06/09 09:40:40 INFO mapreduce.Job:  map 52% reduce 16%
20/06/09 09:40:43 INFO mapreduce.Job:  map 53% reduce 16%
20/06/09 09:40:44 INFO mapreduce.Job:  map 53% reduce 17%
20/06/09 09:40:48 INFO mapreduce.Job:  map 54% reduce 17%
20/06/09 09:40:54 INFO mapreduce.Job:  map 55% reduce 17%
20/06/09 09:40:59 INFO mapreduce.Job:  map 56% reduce 17%
20/06/09 09:41:05 INFO mapreduce.Job:  map 57% reduce 17%
20/06/09 09:41:09 INFO mapreduce.Job:  map 58% reduce 17%
20/06/09 09:41:16 INFO mapreduce.Job:  map 60% reduce 17%
20/06/09 09:41:18 INFO mapreduce.Job:  map 60% reduce 18%
20/06/09 09:41:23 INFO mapreduce.Job:  map 61% reduce 18%
20/06/09 09:41:29 INFO mapreduce.Job:  map 62% reduce 18%
20/06/09 09:41:30 INFO mapreduce.Job:  map 62% reduce 19%
20/06/09 09:41:31 INFO mapreduce.Job:  map 63% reduce 19%
20/06/09 09:41:33 INFO mapreduce.Job:  map 64% reduce 19%
20/06/09 09:41:36 INFO mapreduce.Job:  map 65% reduce 19%
20/06/09 09:41:37 INFO mapreduce.Job:  map 65% reduce 20%
20/06/09 09:41:40 INFO mapreduce.Job:  map 65% reduce 21%
20/06/09 09:41:41 INFO mapreduce.Job:  map 66% reduce 21%
20/06/09 09:41:43 INFO mapreduce.Job:  map 67% reduce 22%
20/06/09 09:41:48 INFO mapreduce.Job:  map 68% reduce 22%
20/06/09 09:41:54 INFO mapreduce.Job:  map 69% reduce 22%
20/06/09 09:42:00 INFO mapreduce.Job:  map 70% reduce 22%
20/06/09 09:42:03 INFO mapreduce.Job:  map 71% reduce 22%
20/06/09 09:42:09 INFO mapreduce.Job:  map 72% reduce 22%
20/06/09 09:42:15 INFO mapreduce.Job:  map 73% reduce 22%
20/06/09 09:42:19 INFO mapreduce.Job:  map 74% reduce 22%
20/06/09 09:42:23 INFO mapreduce.Job:  map 75% reduce 22%
20/06/09 09:42:25 INFO mapreduce.Job:  map 76% reduce 22%
20/06/09 09:42:26 INFO mapreduce.Job:  map 76% reduce 23%
20/06/09 09:42:28 INFO mapreduce.Job:  map 77% reduce 24%
20/06/09 09:42:34 INFO mapreduce.Job:  map 78% reduce 24%
20/06/09 09:42:37 INFO mapreduce.Job:  map 79% reduce 24%
20/06/09 09:42:40 INFO mapreduce.Job:  map 80% reduce 26%
20/06/09 09:42:43 INFO mapreduce.Job:  map 81% reduce 26%
20/06/09 09:42:48 INFO mapreduce.Job:  map 82% reduce 26%
20/06/09 09:42:49 INFO mapreduce.Job:  map 82% reduce 27%
20/06/09 09:42:51 INFO mapreduce.Job:  map 83% reduce 27%
20/06/09 09:42:52 INFO mapreduce.Job:  map 84% reduce 27%
20/06/09 09:42:56 INFO mapreduce.Job:  map 85% reduce 27%
20/06/09 09:42:57 INFO mapreduce.Job:  map 86% reduce 27%
20/06/09 09:43:00 INFO mapreduce.Job:  map 87% reduce 27%
20/06/09 09:43:02 INFO mapreduce.Job:  map 88% reduce 27%
20/06/09 09:43:04 INFO mapreduce.Job:  map 89% reduce 27%
20/06/09 09:43:05 INFO mapreduce.Job:  map 89% reduce 28%
20/06/09 09:43:10 INFO mapreduce.Job:  map 90% reduce 28%
20/06/09 09:43:12 INFO mapreduce.Job:  map 91% reduce 28%
20/06/09 09:43:13 INFO mapreduce.Job:  map 92% reduce 28%
20/06/09 09:43:14 INFO mapreduce.Job:  map 92% reduce 29%
20/06/09 09:43:17 INFO mapreduce.Job:  map 93% reduce 29%
20/06/09 09:43:19 INFO mapreduce.Job:  map 95% reduce 29%
20/06/09 09:43:20 INFO mapreduce.Job:  map 95% reduce 30%
20/06/09 09:43:22 INFO mapreduce.Job:  map 96% reduce 30%
20/06/09 09:43:25 INFO mapreduce.Job:  map 97% reduce 30%
20/06/09 09:43:26 INFO mapreduce.Job:  map 97% reduce 31%
20/06/09 09:43:27 INFO mapreduce.Job:  map 98% reduce 31%
20/06/09 09:43:30 INFO mapreduce.Job:  map 99% reduce 31%
20/06/09 09:43:32 INFO mapreduce.Job:  map 99% reduce 33%
20/06/09 09:43:35 INFO mapreduce.Job:  map 100% reduce 36%
20/06/09 09:43:38 INFO mapreduce.Job:  map 100% reduce 70%
20/06/09 09:43:41 INFO mapreduce.Job:  map 100% reduce 76%
20/06/09 09:43:44 INFO mapreduce.Job:  map 100% reduce 80%
20/06/09 09:43:47 INFO mapreduce.Job:  map 100% reduce 87%
20/06/09 09:43:50 INFO mapreduce.Job:  map 100% reduce 95%
20/06/09 09:43:52 INFO mapreduce.Job:  map 100% reduce 100%
20/06/09 09:43:53 INFO mapreduce.Job: Job job_1591662936045_0002 completed successfully
20/06/09 09:43:53 INFO mapreduce.Job: Counters: 51
	File System Counters
		FILE: Number of bytes read=1703103423
		FILE: Number of bytes written=2522687630
		FILE: Number of read operations=0
		FILE: Number of large read operations=0
		FILE: Number of write operations=0
		HDFS: Number of bytes read=11025745864
		HDFS: Number of bytes written=489227840
		HDFS: Number of read operations=273
		HDFS: Number of large read operations=0
		HDFS: Number of write operations=2
	Job Counters 
		Killed map tasks=1
		Launched map tasks=91
		Launched reduce tasks=1
		Data-local map tasks=89
		Rack-local map tasks=2
		Total time spent by all maps in occupied slots (ms)=5198124
		Total time spent by all reduces in occupied slots (ms)=349833
		Total time spent by all map tasks (ms)=5198124
		Total time spent by all reduce tasks (ms)=349833
		Total vcore-milliseconds taken by all map tasks=5198124
		Total vcore-milliseconds taken by all reduce tasks=349833
		Total megabyte-milliseconds taken by all map tasks=5322878976
		Total megabyte-milliseconds taken by all reduce tasks=358228992
	Map-Reduce Framework
		Map input records=723333
		Map output records=1009446323
		Map output bytes=19256013442
		Map output materialized bytes=808373892
		Input split bytes=10530
		Combine input records=1034432306
		Combine output records=47588457
		Reduce input groups=9838423
		Reduce shuffle bytes=808373892
		Reduce input records=22602474
		Reduce output records=9838423
		Spilled Records=70868717
		Shuffled Maps =90
		Failed Shuffles=0
		Merged Map outputs=90
		GC time elapsed (ms)=108848
		CPU time spent (ms)=2087150
		Physical memory (bytes) snapshot=25100648448
		Virtual memory (bytes) snapshot=191936376832
		Total committed heap usage (bytes)=18937806848
	Shuffle Errors
		BAD_ID=0
		CONNECTION=0
		IO_ERROR=0
		WRONG_LENGTH=0
		WRONG_MAP=0
		WRONG_REDUCE=0
	File Input Format Counters 
		Bytes Read=11025735334
	File Output Format Counters 
		Bytes Written=489227840
20/06/09 09:43:53 INFO client.RMProxy: Connecting to ResourceManager at master/10.51.17.95:8032
20/06/09 09:43:54 INFO input.FileInputFormat: Total input paths to process : 1
20/06/09 09:43:54 INFO mapreduce.JobSubmitter: number of splits:4
20/06/09 09:43:54 INFO mapreduce.JobSubmitter: Submitting tokens for job: job_1591662936045_0003
20/06/09 09:43:54 INFO impl.YarnClientImpl: Submitted application application_1591662936045_0003
20/06/09 09:43:54 INFO mapreduce.Job: The url to track the job: http://master:8088/proxy/application_1591662936045_0003/
20/06/09 09:43:54 INFO mapreduce.Job: Running job: job_1591662936045_0003
20/06/09 09:44:02 INFO mapreduce.Job: Job job_1591662936045_0003 running in uber mode : false
20/06/09 09:44:02 INFO mapreduce.Job:  map 0% reduce 0%
20/06/09 09:44:14 INFO mapreduce.Job:  map 31% reduce 0%
20/06/09 09:44:15 INFO mapreduce.Job:  map 57% reduce 0%
20/06/09 09:44:17 INFO mapreduce.Job:  map 66% reduce 0%
20/06/09 09:44:18 INFO mapreduce.Job:  map 76% reduce 0%
20/06/09 09:44:21 INFO mapreduce.Job:  map 94% reduce 0%
20/06/09 09:44:22 INFO mapreduce.Job:  map 100% reduce 0%
20/06/09 09:44:26 INFO mapreduce.Job:  map 100% reduce 82%
20/06/09 09:44:29 INFO mapreduce.Job:  map 100% reduce 95%
20/06/09 09:44:31 INFO mapreduce.Job:  map 100% reduce 100%
20/06/09 09:44:31 INFO mapreduce.Job: Job job_1591662936045_0003 completed successfully
20/06/09 09:44:31 INFO mapreduce.Job: Counters: 50
	File System Counters
		FILE: Number of bytes read=850836784
		FILE: Number of bytes written=1276868494
		FILE: Number of read operations=0
		FILE: Number of large read operations=0
		FILE: Number of write operations=0
		HDFS: Number of bytes read=489230947
		HDFS: Number of bytes written=347368123
		HDFS: Number of read operations=19
		HDFS: Number of large read operations=0
		HDFS: Number of write operations=2
	Job Counters 
		Killed map tasks=1
		Launched map tasks=5
		Launched reduce tasks=1
		Data-local map tasks=5
		Total time spent by all maps in occupied slots (ms)=55690
		Total time spent by all reduces in occupied slots (ms)=13705
		Total time spent by all map tasks (ms)=55690
		Total time spent by all reduce tasks (ms)=13705
		Total vcore-milliseconds taken by all map tasks=55690
		Total vcore-milliseconds taken by all reduce tasks=13705
		Total megabyte-milliseconds taken by all map tasks=57026560
		Total megabyte-milliseconds taken by all reduce tasks=14033920
	Map-Reduce Framework
		Map input records=9838423
		Map output records=9838423
		Map output bytes=405741510
		Map output materialized bytes=425418380
		Input split bytes=504
		Combine input records=0
		Combine output records=0
		Reduce input groups=1254
		Reduce shuffle bytes=425418380
		Reduce input records=9838423
		Reduce output records=9838423
		Spilled Records=29515269
		Shuffled Maps =4
		Failed Shuffles=0
		Merged Map outputs=4
		GC time elapsed (ms)=1701
		CPU time spent (ms)=44290
		Physical memory (bytes) snapshot=1261690880
		Virtual memory (bytes) snapshot=10546049024
		Total committed heap usage (bytes)=940048384
	Shuffle Errors
		BAD_ID=0
		CONNECTION=0
		IO_ERROR=0
		WRONG_LENGTH=0
		WRONG_MAP=0
		WRONG_REDUCE=0
	File Input Format Counters 
		Bytes Read=489230443
	File Output Format Counters 
		Bytes Written=347368123
