20/06/07 19:26:34 INFO client.RMProxy: Connecting to ResourceManager at master/10.51.17.95:8032
20/06/07 19:26:34 INFO input.FileInputFormat: Total input paths to process : 16
20/06/07 19:26:34 INFO mapreduce.JobSubmitter: number of splits:16
20/06/07 19:26:35 INFO mapreduce.JobSubmitter: Submitting tokens for job: job_1591524234815_0008
20/06/07 19:26:35 INFO impl.YarnClientImpl: Submitted application application_1591524234815_0008
20/06/07 19:26:35 INFO mapreduce.Job: The url to track the job: http://master:8088/proxy/application_1591524234815_0008/
20/06/07 19:26:35 INFO mapreduce.Job: Running job: job_1591524234815_0008
20/06/07 19:26:39 INFO mapreduce.Job: Job job_1591524234815_0008 running in uber mode : false
20/06/07 19:26:39 INFO mapreduce.Job:  map 0% reduce 0%
20/06/07 19:26:53 INFO mapreduce.Job:  map 46% reduce 0%
20/06/07 19:26:56 INFO mapreduce.Job:  map 50% reduce 0%
20/06/07 19:26:58 INFO mapreduce.Job:  map 54% reduce 0%
20/06/07 19:26:59 INFO mapreduce.Job:  map 58% reduce 0%
20/06/07 19:27:43 INFO mapreduce.Job:  map 60% reduce 0%
20/06/07 19:27:44 INFO mapreduce.Job:  map 63% reduce 0%
20/06/07 19:27:46 INFO mapreduce.Job:  map 67% reduce 0%
20/06/07 19:27:47 INFO mapreduce.Job:  map 71% reduce 0%
20/06/07 19:27:54 INFO mapreduce.Job:  map 75% reduce 0%
20/06/07 19:27:55 INFO mapreduce.Job:  map 79% reduce 0%
20/06/07 19:27:56 INFO mapreduce.Job:  map 79% reduce 13%
20/06/07 19:28:05 INFO mapreduce.Job:  map 83% reduce 13%
20/06/07 19:28:06 INFO mapreduce.Job:  map 85% reduce 13%
20/06/07 19:28:07 INFO mapreduce.Job:  map 92% reduce 13%
20/06/07 19:28:08 INFO mapreduce.Job:  map 94% reduce 23%
20/06/07 19:28:09 INFO mapreduce.Job:  map 96% reduce 23%
20/06/07 19:28:11 INFO mapreduce.Job:  map 96% reduce 29%
20/06/07 19:28:17 INFO mapreduce.Job:  map 100% reduce 67%
20/06/07 19:28:18 INFO mapreduce.Job:  map 100% reduce 100%
20/06/07 19:28:18 INFO mapreduce.Job: Job job_1591524234815_0008 completed successfully
20/06/07 19:28:18 INFO mapreduce.Job: Counters: 50
	File System Counters
		FILE: Number of bytes read=358
		FILE: Number of bytes written=2094137
		FILE: Number of read operations=0
		FILE: Number of large read operations=0
		FILE: Number of write operations=0
		HDFS: Number of bytes read=4166
		HDFS: Number of bytes written=215
		HDFS: Number of read operations=67
		HDFS: Number of large read operations=0
		HDFS: Number of write operations=3
	Job Counters 
		Launched map tasks=16
		Launched reduce tasks=1
		Data-local map tasks=13
		Rack-local map tasks=3
		Total time spent by all maps in occupied slots (ms)=1122364
		Total time spent by all reduces in occupied slots (ms)=30349
		Total time spent by all map tasks (ms)=1122364
		Total time spent by all reduce tasks (ms)=30349
		Total vcore-milliseconds taken by all map tasks=1122364
		Total vcore-milliseconds taken by all reduce tasks=30349
		Total megabyte-milliseconds taken by all map tasks=1149300736
		Total megabyte-milliseconds taken by all reduce tasks=31077376
	Map-Reduce Framework
		Map input records=16
		Map output records=32
		Map output bytes=288
		Map output materialized bytes=448
		Input split bytes=2278
		Combine input records=0
		Combine output records=0
		Reduce input groups=2
		Reduce shuffle bytes=448
		Reduce input records=32
		Reduce output records=0
		Spilled Records=64
		Shuffled Maps =16
		Failed Shuffles=0
		Merged Map outputs=16
		GC time elapsed (ms)=9019
		CPU time spent (ms)=465390
		Physical memory (bytes) snapshot=4416921600
		Virtual memory (bytes) snapshot=35818954752
		Total committed heap usage (bytes)=3353346048
	Shuffle Errors
		BAD_ID=0
		CONNECTION=0
		IO_ERROR=0
		WRONG_LENGTH=0
		WRONG_MAP=0
		WRONG_REDUCE=0
	File Input Format Counters 
		Bytes Read=1888
	File Output Format Counters 
		Bytes Written=97
