20/06/07 19:49:02 INFO client.RMProxy: Connecting to ResourceManager at master/10.51.17.95:8032
20/06/07 19:49:02 INFO input.FileInputFormat: Total input paths to process : 16
20/06/07 19:49:02 INFO mapreduce.JobSubmitter: number of splits:16
20/06/07 19:49:03 INFO mapreduce.JobSubmitter: Submitting tokens for job: job_1591524234815_0015
20/06/07 19:49:03 INFO impl.YarnClientImpl: Submitted application application_1591524234815_0015
20/06/07 19:49:03 INFO mapreduce.Job: The url to track the job: http://master:8088/proxy/application_1591524234815_0015/
20/06/07 19:49:03 INFO mapreduce.Job: Running job: job_1591524234815_0015
20/06/07 19:49:08 INFO mapreduce.Job: Job job_1591524234815_0015 running in uber mode : false
20/06/07 19:49:08 INFO mapreduce.Job:  map 0% reduce 0%
20/06/07 19:49:20 INFO mapreduce.Job:  map 17% reduce 0%
20/06/07 19:49:21 INFO mapreduce.Job:  map 29% reduce 0%
20/06/07 19:49:22 INFO mapreduce.Job:  map 42% reduce 0%
20/06/07 19:49:23 INFO mapreduce.Job:  map 46% reduce 0%
20/06/07 19:49:25 INFO mapreduce.Job:  map 50% reduce 0%
20/06/07 19:49:29 INFO mapreduce.Job:  map 54% reduce 0%
20/06/07 19:49:31 INFO mapreduce.Job:  map 58% reduce 0%
20/06/07 19:50:12 INFO mapreduce.Job:  map 60% reduce 0%
20/06/07 19:50:13 INFO mapreduce.Job:  map 63% reduce 0%
20/06/07 19:50:14 INFO mapreduce.Job:  map 65% reduce 0%
20/06/07 19:50:15 INFO mapreduce.Job:  map 69% reduce 0%
20/06/07 19:50:16 INFO mapreduce.Job:  map 71% reduce 0%
20/06/07 19:50:23 INFO mapreduce.Job:  map 79% reduce 0%
20/06/07 19:50:24 INFO mapreduce.Job:  map 79% reduce 13%
20/06/07 19:50:29 INFO mapreduce.Job:  map 81% reduce 13%
20/06/07 19:50:30 INFO mapreduce.Job:  map 81% reduce 15%
20/06/07 19:50:33 INFO mapreduce.Job:  map 85% reduce 15%
20/06/07 19:50:36 INFO mapreduce.Job:  map 96% reduce 19%
20/06/07 19:50:39 INFO mapreduce.Job:  map 96% reduce 29%
20/06/07 19:50:45 INFO mapreduce.Job:  map 98% reduce 29%
20/06/07 19:50:46 INFO mapreduce.Job:  map 100% reduce 29%
20/06/07 19:50:47 INFO mapreduce.Job:  map 100% reduce 100%
20/06/07 19:50:47 INFO mapreduce.Job: Job job_1591524234815_0015 completed successfully
20/06/07 19:50:47 INFO mapreduce.Job: Counters: 50
	File System Counters
		FILE: Number of bytes read=358
		FILE: Number of bytes written=2094171
		FILE: Number of read operations=0
		FILE: Number of large read operations=0
		FILE: Number of write operations=0
		HDFS: Number of bytes read=4182
		HDFS: Number of bytes written=215
		HDFS: Number of read operations=67
		HDFS: Number of large read operations=0
		HDFS: Number of write operations=3
	Job Counters 
		Launched map tasks=16
		Launched reduce tasks=1
		Data-local map tasks=12
		Rack-local map tasks=4
		Total time spent by all maps in occupied slots (ms)=1102450
		Total time spent by all reduces in occupied slots (ms)=31285
		Total time spent by all map tasks (ms)=1102450
		Total time spent by all reduce tasks (ms)=31285
		Total vcore-milliseconds taken by all map tasks=1102450
		Total vcore-milliseconds taken by all reduce tasks=31285
		Total megabyte-milliseconds taken by all map tasks=1128908800
		Total megabyte-milliseconds taken by all reduce tasks=32035840
	Map-Reduce Framework
		Map input records=16
		Map output records=32
		Map output bytes=288
		Map output materialized bytes=448
		Input split bytes=2294
		Combine input records=0
		Combine output records=0
		Reduce input groups=2
		Reduce shuffle bytes=448
		Reduce input records=32
		Reduce output records=0
		Spilled Records=64
		Shuffled Maps =16
		Failed Shuffles=0
		Merged Map outputs=16
		GC time elapsed (ms)=9175
		CPU time spent (ms)=463420
		Physical memory (bytes) snapshot=4422651904
		Virtual memory (bytes) snapshot=35807838208
		Total committed heap usage (bytes)=3351773184
	Shuffle Errors
		BAD_ID=0
		CONNECTION=0
		IO_ERROR=0
		WRONG_LENGTH=0
		WRONG_MAP=0
		WRONG_REDUCE=0
	File Input Format Counters 
		Bytes Read=1888
	File Output Format Counters 
		Bytes Written=97
