20/06/12 21:11:01 INFO client.RMProxy: Connecting to ResourceManager at master/10.51.17.95:8032
20/06/12 21:11:02 INFO client.RMProxy: Connecting to ResourceManager at master/10.51.17.95:8032
20/06/12 21:11:02 INFO input.FileInputFormat: Total input paths to process : 10
20/06/12 21:11:03 INFO mapreduce.JobSubmitter: number of splits:80
20/06/12 21:11:03 INFO mapreduce.JobSubmitter: Submitting tokens for job: job_1591963782233_0002
20/06/12 21:11:03 INFO impl.YarnClientImpl: Submitted application application_1591963782233_0002
20/06/12 21:11:03 INFO mapreduce.Job: The url to track the job: http://master:8088/proxy/application_1591963782233_0002/
20/06/12 21:11:03 INFO mapreduce.Job: Running job: job_1591963782233_0002
20/06/12 21:11:10 INFO mapreduce.Job: Job job_1591963782233_0002 running in uber mode : false
20/06/12 21:11:10 INFO mapreduce.Job:  map 0% reduce 0%
20/06/12 21:11:21 INFO mapreduce.Job:  map 1% reduce 0%
20/06/12 21:11:25 INFO mapreduce.Job:  map 3% reduce 0%
20/06/12 21:11:26 INFO mapreduce.Job:  map 9% reduce 0%
20/06/12 21:11:27 INFO mapreduce.Job:  map 12% reduce 0%
20/06/12 21:11:28 INFO mapreduce.Job:  map 13% reduce 0%
20/06/12 21:11:29 INFO mapreduce.Job:  map 14% reduce 0%
20/06/12 21:11:30 INFO mapreduce.Job:  map 15% reduce 0%
20/06/12 21:11:33 INFO mapreduce.Job:  map 17% reduce 0%
20/06/12 21:11:35 INFO mapreduce.Job:  map 19% reduce 0%
20/06/12 21:11:36 INFO mapreduce.Job:  map 20% reduce 0%
20/06/12 21:11:39 INFO mapreduce.Job:  map 24% reduce 0%
20/06/12 21:11:40 INFO mapreduce.Job:  map 27% reduce 0%
20/06/12 21:11:43 INFO mapreduce.Job:  map 28% reduce 0%
20/06/12 21:11:45 INFO mapreduce.Job:  map 28% reduce 1%
20/06/12 21:11:46 INFO mapreduce.Job:  map 31% reduce 1%
20/06/12 21:11:48 INFO mapreduce.Job:  map 32% reduce 4%
20/06/12 21:11:52 INFO mapreduce.Job:  map 33% reduce 4%
20/06/12 21:11:53 INFO mapreduce.Job:  map 33% reduce 5%
20/06/12 21:11:54 INFO mapreduce.Job:  map 33% reduce 6%
20/06/12 21:11:55 INFO mapreduce.Job:  map 34% reduce 6%
20/06/12 21:11:56 INFO mapreduce.Job:  map 34% reduce 7%
20/06/12 21:11:58 INFO mapreduce.Job:  map 35% reduce 7%
20/06/12 21:12:00 INFO mapreduce.Job:  map 36% reduce 7%
20/06/12 21:12:01 INFO mapreduce.Job:  map 37% reduce 7%
20/06/12 21:12:03 INFO mapreduce.Job:  map 38% reduce 8%
20/06/12 21:12:06 INFO mapreduce.Job:  map 39% reduce 8%
20/06/12 21:12:07 INFO mapreduce.Job:  map 39% reduce 9%
20/06/12 21:12:08 INFO mapreduce.Job:  map 41% reduce 9%
20/06/12 21:12:10 INFO mapreduce.Job:  map 43% reduce 9%
20/06/12 21:12:13 INFO mapreduce.Job:  map 44% reduce 9%
20/06/12 21:12:14 INFO mapreduce.Job:  map 45% reduce 9%
20/06/12 21:12:15 INFO mapreduce.Job:  map 46% reduce 9%
20/06/12 21:12:16 INFO mapreduce.Job:  map 46% reduce 10%
20/06/12 21:12:17 INFO mapreduce.Job:  map 47% reduce 10%
20/06/12 21:12:19 INFO mapreduce.Job:  map 50% reduce 10%
20/06/12 21:12:22 INFO mapreduce.Job:  map 51% reduce 11%
20/06/12 21:12:23 INFO mapreduce.Job:  map 52% reduce 11%
20/06/12 21:12:24 INFO mapreduce.Job:  map 53% reduce 11%
20/06/12 21:12:26 INFO mapreduce.Job:  map 54% reduce 11%
20/06/12 21:12:27 INFO mapreduce.Job:  map 54% reduce 12%
20/06/12 21:12:28 INFO mapreduce.Job:  map 55% reduce 12%
20/06/12 21:12:30 INFO mapreduce.Job:  map 56% reduce 12%
20/06/12 21:12:31 INFO mapreduce.Job:  map 57% reduce 13%
20/06/12 21:12:32 INFO mapreduce.Job:  map 58% reduce 13%
20/06/12 21:12:33 INFO mapreduce.Job:  map 59% reduce 13%
20/06/12 21:12:34 INFO mapreduce.Job:  map 60% reduce 13%
20/06/12 21:12:35 INFO mapreduce.Job:  map 61% reduce 13%
20/06/12 21:12:37 INFO mapreduce.Job:  map 62% reduce 14%
20/06/12 21:12:38 INFO mapreduce.Job:  map 63% reduce 14%
20/06/12 21:12:39 INFO mapreduce.Job:  map 64% reduce 14%
20/06/12 21:12:40 INFO mapreduce.Job:  map 65% reduce 14%
20/06/12 21:12:43 INFO mapreduce.Job:  map 66% reduce 14%
20/06/12 21:12:44 INFO mapreduce.Job:  map 67% reduce 14%
20/06/12 21:12:46 INFO mapreduce.Job:  map 68% reduce 14%
20/06/12 21:12:47 INFO mapreduce.Job:  map 69% reduce 14%
20/06/12 21:12:49 INFO mapreduce.Job:  map 71% reduce 15%
20/06/12 21:12:50 INFO mapreduce.Job:  map 73% reduce 15%
20/06/12 21:12:53 INFO mapreduce.Job:  map 74% reduce 15%
20/06/12 21:12:54 INFO mapreduce.Job:  map 74% reduce 16%
20/06/12 21:12:56 INFO mapreduce.Job:  map 75% reduce 16%
20/06/12 21:12:57 INFO mapreduce.Job:  map 76% reduce 16%
20/06/12 21:12:58 INFO mapreduce.Job:  map 77% reduce 16%
20/06/12 21:12:59 INFO mapreduce.Job:  map 78% reduce 17%
20/06/12 21:13:01 INFO mapreduce.Job:  map 79% reduce 17%
20/06/12 21:13:02 INFO mapreduce.Job:  map 80% reduce 17%
20/06/12 21:13:04 INFO mapreduce.Job:  map 81% reduce 17%
20/06/12 21:13:05 INFO mapreduce.Job:  map 82% reduce 17%
20/06/12 21:13:07 INFO mapreduce.Job:  map 83% reduce 17%
20/06/12 21:13:08 INFO mapreduce.Job:  map 84% reduce 18%
20/06/12 21:13:11 INFO mapreduce.Job:  map 85% reduce 18%
20/06/12 21:13:13 INFO mapreduce.Job:  map 85% reduce 19%
20/06/12 21:13:14 INFO mapreduce.Job:  map 87% reduce 19%
20/06/12 21:13:16 INFO mapreduce.Job:  map 88% reduce 19%
20/06/12 21:13:17 INFO mapreduce.Job:  map 89% reduce 20%
20/06/12 21:13:18 INFO mapreduce.Job:  map 91% reduce 20%
20/06/12 21:13:20 INFO mapreduce.Job:  map 91% reduce 21%
20/06/12 21:13:21 INFO mapreduce.Job:  map 92% reduce 21%
20/06/12 21:13:23 INFO mapreduce.Job:  map 94% reduce 21%
20/06/12 21:13:25 INFO mapreduce.Job:  map 94% reduce 22%
20/06/12 21:13:27 INFO mapreduce.Job:  map 95% reduce 22%
20/06/12 21:13:33 INFO mapreduce.Job:  map 96% reduce 22%
20/06/12 21:13:35 INFO mapreduce.Job:  map 97% reduce 22%
20/06/12 21:13:38 INFO mapreduce.Job:  map 98% reduce 23%
20/06/12 21:13:39 INFO mapreduce.Job:  map 99% reduce 23%
20/06/12 21:13:40 INFO mapreduce.Job:  map 100% reduce 23%
20/06/12 21:13:44 INFO mapreduce.Job:  map 100% reduce 24%
20/06/12 21:13:52 INFO mapreduce.Job:  map 100% reduce 25%
20/06/12 21:13:54 INFO mapreduce.Job:  map 100% reduce 26%
20/06/12 21:13:57 INFO mapreduce.Job:  map 100% reduce 27%
20/06/12 21:13:58 INFO mapreduce.Job:  map 100% reduce 28%
20/06/12 21:13:59 INFO mapreduce.Job:  map 100% reduce 29%
20/06/12 21:14:08 INFO mapreduce.Job:  map 100% reduce 40%
20/06/12 21:14:09 INFO mapreduce.Job:  map 100% reduce 41%
20/06/12 21:14:11 INFO mapreduce.Job:  map 100% reduce 42%
20/06/12 21:14:14 INFO mapreduce.Job:  map 100% reduce 44%
20/06/12 21:14:17 INFO mapreduce.Job:  map 100% reduce 45%
20/06/12 21:14:18 INFO mapreduce.Job:  map 100% reduce 46%
20/06/12 21:14:20 INFO mapreduce.Job:  map 100% reduce 47%
20/06/12 21:14:21 INFO mapreduce.Job:  map 100% reduce 48%
20/06/12 21:14:22 INFO mapreduce.Job:  map 100% reduce 49%
20/06/12 21:14:24 INFO mapreduce.Job:  map 100% reduce 52%
20/06/12 21:14:26 INFO mapreduce.Job:  map 100% reduce 53%
20/06/12 21:14:27 INFO mapreduce.Job:  map 100% reduce 60%
20/06/12 21:14:29 INFO mapreduce.Job:  map 100% reduce 61%
20/06/12 21:14:31 INFO mapreduce.Job:  map 100% reduce 69%
20/06/12 21:14:32 INFO mapreduce.Job:  map 100% reduce 70%
20/06/12 21:14:34 INFO mapreduce.Job:  map 100% reduce 73%
20/06/12 21:14:41 INFO mapreduce.Job:  map 100% reduce 74%
20/06/12 21:14:42 INFO mapreduce.Job:  map 100% reduce 75%
20/06/12 21:14:43 INFO mapreduce.Job:  map 100% reduce 76%
20/06/12 21:14:45 INFO mapreduce.Job:  map 100% reduce 77%
20/06/12 21:14:47 INFO mapreduce.Job:  map 100% reduce 78%
20/06/12 21:14:50 INFO mapreduce.Job:  map 100% reduce 79%
20/06/12 21:14:51 INFO mapreduce.Job:  map 100% reduce 80%
20/06/12 21:14:54 INFO mapreduce.Job:  map 100% reduce 81%
20/06/12 21:14:55 INFO mapreduce.Job:  map 100% reduce 82%
20/06/12 21:14:56 INFO mapreduce.Job:  map 100% reduce 83%
20/06/12 21:14:59 INFO mapreduce.Job:  map 100% reduce 84%
20/06/12 21:15:01 INFO mapreduce.Job:  map 100% reduce 85%
20/06/12 21:15:02 INFO mapreduce.Job:  map 100% reduce 86%
20/06/12 21:15:07 INFO mapreduce.Job:  map 100% reduce 87%
20/06/12 21:15:08 INFO mapreduce.Job:  map 100% reduce 88%
20/06/12 21:15:10 INFO mapreduce.Job:  map 100% reduce 89%
20/06/12 21:15:11 INFO mapreduce.Job:  map 100% reduce 90%
20/06/12 21:15:14 INFO mapreduce.Job:  map 100% reduce 91%
20/06/12 21:15:16 INFO mapreduce.Job:  map 100% reduce 92%
20/06/12 21:15:19 INFO mapreduce.Job:  map 100% reduce 93%
20/06/12 21:15:20 INFO mapreduce.Job:  map 100% reduce 94%
20/06/12 21:15:23 INFO mapreduce.Job:  map 100% reduce 95%
20/06/12 21:15:25 INFO mapreduce.Job:  map 100% reduce 96%
20/06/12 21:15:28 INFO mapreduce.Job:  map 100% reduce 97%
20/06/12 21:15:29 INFO mapreduce.Job:  map 100% reduce 98%
20/06/12 21:15:34 INFO mapreduce.Job:  map 100% reduce 100%
20/06/12 21:15:36 INFO mapreduce.Job: Job job_1591963782233_0002 completed successfully
20/06/12 21:15:36 INFO mapreduce.Job: Counters: 51
	File System Counters
		FILE: Number of bytes read=31975100006
		FILE: Number of bytes written=42735707406
		FILE: Number of read operations=0
		FILE: Number of large read operations=0
		FILE: Number of write operations=0
		HDFS: Number of bytes read=10774141052
		HDFS: Number of bytes written=10772902277
		HDFS: Number of read operations=329
		HDFS: Number of large read operations=0
		HDFS: Number of write operations=6
	Job Counters 
		Killed map tasks=2
		Launched map tasks=82
		Launched reduce tasks=3
		Data-local map tasks=76
		Rack-local map tasks=6
		Total time spent by all maps in occupied slots (ms)=1516770
		Total time spent by all reduces in occupied slots (ms)=677146
		Total time spent by all map tasks (ms)=1516770
		Total time spent by all reduce tasks (ms)=677146
		Total vcore-milliseconds taken by all map tasks=1516770
		Total vcore-milliseconds taken by all reduce tasks=677146
		Total megabyte-milliseconds taken by all map tasks=1553172480
		Total megabyte-milliseconds taken by all reduce tasks=693397504
	Map-Reduce Framework
		Map input records=1022734
		Map output records=1022734
		Map output bytes=10745697877
		Map output materialized bytes=10751447891
		Input split bytes=9040
		Combine input records=0
		Combine output records=0
		Reduce input groups=1022734
		Reduce shuffle bytes=10751447891
		Reduce input records=1022734
		Reduce output records=1022734
		Spilled Records=4064422
		Shuffled Maps =240
		Failed Shuffles=0
		Merged Map outputs=240
		GC time elapsed (ms)=17016
		CPU time spent (ms)=258480
		Physical memory (bytes) snapshot=22022889472
		Virtual memory (bytes) snapshot=175092379648
		Total committed heap usage (bytes)=16454254592
	Shuffle Errors
		BAD_ID=0
		CONNECTION=0
		IO_ERROR=0
		WRONG_LENGTH=0
		WRONG_MAP=0
		WRONG_REDUCE=0
	File Input Format Counters 
		Bytes Read=10774132012
	File Output Format Counters 
		Bytes Written=10772902277
