20/06/10 10:54:37 INFO client.RMProxy: Connecting to ResourceManager at master/10.51.17.95:8032
20/06/10 10:54:38 INFO client.RMProxy: Connecting to ResourceManager at master/10.51.17.95:8032
20/06/10 10:54:38 INFO input.FileInputFormat: Total input paths to process : 10
20/06/10 10:54:38 INFO mapreduce.JobSubmitter: number of splits:80
20/06/10 10:54:39 INFO mapreduce.JobSubmitter: Submitting tokens for job: job_1591754013650_0002
20/06/10 10:54:39 INFO impl.YarnClientImpl: Submitted application application_1591754013650_0002
20/06/10 10:54:39 INFO mapreduce.Job: The url to track the job: http://master:8088/proxy/application_1591754013650_0002/
20/06/10 10:54:39 INFO mapreduce.Job: Running job: job_1591754013650_0002
20/06/10 10:54:48 INFO mapreduce.Job: Job job_1591754013650_0002 running in uber mode : false
20/06/10 10:54:48 INFO mapreduce.Job:  map 0% reduce 0%
20/06/10 10:55:00 INFO mapreduce.Job:  map 3% reduce 0%
20/06/10 10:55:02 INFO mapreduce.Job:  map 9% reduce 0%
20/06/10 10:55:03 INFO mapreduce.Job:  map 10% reduce 0%
20/06/10 10:55:04 INFO mapreduce.Job:  map 14% reduce 0%
20/06/10 10:55:05 INFO mapreduce.Job:  map 15% reduce 0%
20/06/10 10:55:07 INFO mapreduce.Job:  map 16% reduce 0%
20/06/10 10:55:08 INFO mapreduce.Job:  map 17% reduce 0%
20/06/10 10:55:12 INFO mapreduce.Job:  map 19% reduce 0%
20/06/10 10:55:13 INFO mapreduce.Job:  map 20% reduce 0%
20/06/10 10:55:14 INFO mapreduce.Job:  map 21% reduce 0%
20/06/10 10:55:15 INFO mapreduce.Job:  map 25% reduce 0%
20/06/10 10:55:16 INFO mapreduce.Job:  map 27% reduce 0%
20/06/10 10:55:18 INFO mapreduce.Job:  map 28% reduce 0%
20/06/10 10:55:19 INFO mapreduce.Job:  map 29% reduce 0%
20/06/10 10:55:20 INFO mapreduce.Job:  map 29% reduce 1%
20/06/10 10:55:21 INFO mapreduce.Job:  map 31% reduce 1%
20/06/10 10:55:23 INFO mapreduce.Job:  map 31% reduce 3%
20/06/10 10:55:24 INFO mapreduce.Job:  map 32% reduce 3%
20/06/10 10:55:28 INFO mapreduce.Job:  map 33% reduce 3%
20/06/10 10:55:29 INFO mapreduce.Job:  map 33% reduce 4%
20/06/10 10:55:30 INFO mapreduce.Job:  map 36% reduce 4%
20/06/10 10:55:31 INFO mapreduce.Job:  map 37% reduce 4%
20/06/10 10:55:32 INFO mapreduce.Job:  map 38% reduce 4%
20/06/10 10:55:33 INFO mapreduce.Job:  map 39% reduce 4%
20/06/10 10:55:36 INFO mapreduce.Job:  map 41% reduce 4%
20/06/10 10:55:40 INFO mapreduce.Job:  map 42% reduce 4%
20/06/10 10:55:44 INFO mapreduce.Job:  map 43% reduce 5%
20/06/10 10:55:46 INFO mapreduce.Job:  map 44% reduce 5%
20/06/10 10:55:47 INFO mapreduce.Job:  map 46% reduce 5%
20/06/10 10:55:50 INFO mapreduce.Job:  map 47% reduce 5%
20/06/10 10:55:52 INFO mapreduce.Job:  map 48% reduce 5%
20/06/10 10:55:55 INFO mapreduce.Job:  map 51% reduce 5%
20/06/10 10:55:58 INFO mapreduce.Job:  map 53% reduce 6%
20/06/10 10:56:00 INFO mapreduce.Job:  map 54% reduce 6%
20/06/10 10:56:01 INFO mapreduce.Job:  map 56% reduce 6%
20/06/10 10:56:02 INFO mapreduce.Job:  map 58% reduce 6%
20/06/10 10:56:04 INFO mapreduce.Job:  map 60% reduce 6%
20/06/10 10:56:05 INFO mapreduce.Job:  map 60% reduce 7%
20/06/10 10:56:06 INFO mapreduce.Job:  map 61% reduce 7%
20/06/10 10:56:07 INFO mapreduce.Job:  map 62% reduce 7%
20/06/10 10:56:09 INFO mapreduce.Job:  map 63% reduce 7%
20/06/10 10:56:10 INFO mapreduce.Job:  map 64% reduce 7%
20/06/10 10:56:12 INFO mapreduce.Job:  map 65% reduce 7%
20/06/10 10:56:13 INFO mapreduce.Job:  map 66% reduce 8%
20/06/10 10:56:14 INFO mapreduce.Job:  map 67% reduce 8%
20/06/10 10:56:15 INFO mapreduce.Job:  map 68% reduce 8%
20/06/10 10:56:16 INFO mapreduce.Job:  map 69% reduce 8%
20/06/10 10:56:17 INFO mapreduce.Job:  map 70% reduce 8%
20/06/10 10:56:19 INFO mapreduce.Job:  map 71% reduce 9%
20/06/10 10:56:20 INFO mapreduce.Job:  map 73% reduce 9%
20/06/10 10:56:21 INFO mapreduce.Job:  map 74% reduce 9%
20/06/10 10:56:24 INFO mapreduce.Job:  map 75% reduce 9%
20/06/10 10:56:25 INFO mapreduce.Job:  map 76% reduce 9%
20/06/10 10:56:27 INFO mapreduce.Job:  map 78% reduce 9%
20/06/10 10:56:30 INFO mapreduce.Job:  map 79% reduce 9%
20/06/10 10:56:31 INFO mapreduce.Job:  map 81% reduce 10%
20/06/10 10:56:32 INFO mapreduce.Job:  map 82% reduce 10%
20/06/10 10:56:34 INFO mapreduce.Job:  map 83% reduce 10%
20/06/10 10:56:36 INFO mapreduce.Job:  map 84% reduce 10%
20/06/10 10:56:37 INFO mapreduce.Job:  map 85% reduce 10%
20/06/10 10:56:38 INFO mapreduce.Job:  map 86% reduce 10%
20/06/10 10:56:39 INFO mapreduce.Job:  map 87% reduce 10%
20/06/10 10:56:43 INFO mapreduce.Job:  map 88% reduce 10%
20/06/10 10:56:44 INFO mapreduce.Job:  map 88% reduce 11%
20/06/10 10:56:45 INFO mapreduce.Job:  map 90% reduce 11%
20/06/10 10:56:48 INFO mapreduce.Job:  map 91% reduce 11%
20/06/10 10:56:49 INFO mapreduce.Job:  map 93% reduce 11%
20/06/10 10:56:50 INFO mapreduce.Job:  map 93% reduce 12%
20/06/10 10:56:52 INFO mapreduce.Job:  map 95% reduce 12%
20/06/10 10:56:55 INFO mapreduce.Job:  map 96% reduce 12%
20/06/10 10:56:57 INFO mapreduce.Job:  map 98% reduce 13%
20/06/10 10:57:00 INFO mapreduce.Job:  map 99% reduce 13%
20/06/10 10:57:02 INFO mapreduce.Job:  map 99% reduce 14%
20/06/10 10:57:05 INFO mapreduce.Job:  map 100% reduce 14%
20/06/10 10:57:06 INFO mapreduce.Job:  map 100% reduce 15%
20/06/10 10:57:08 INFO mapreduce.Job:  map 100% reduce 16%
20/06/10 10:57:11 INFO mapreduce.Job:  map 100% reduce 17%
20/06/10 10:57:17 INFO mapreduce.Job:  map 100% reduce 18%
20/06/10 10:57:21 INFO mapreduce.Job:  map 100% reduce 19%
20/06/10 10:57:24 INFO mapreduce.Job:  map 100% reduce 20%
20/06/10 10:57:27 INFO mapreduce.Job:  map 100% reduce 21%
20/06/10 10:57:30 INFO mapreduce.Job:  map 100% reduce 22%
20/06/10 10:57:35 INFO mapreduce.Job:  map 100% reduce 23%
20/06/10 10:57:38 INFO mapreduce.Job:  map 100% reduce 24%
20/06/10 10:57:42 INFO mapreduce.Job:  map 100% reduce 25%
20/06/10 10:57:47 INFO mapreduce.Job:  map 100% reduce 26%
20/06/10 10:57:50 INFO mapreduce.Job:  map 100% reduce 27%
20/06/10 10:57:53 INFO mapreduce.Job:  map 100% reduce 28%
20/06/10 10:57:56 INFO mapreduce.Job:  map 100% reduce 29%
20/06/10 10:57:59 INFO mapreduce.Job:  map 100% reduce 30%
20/06/10 10:58:02 INFO mapreduce.Job:  map 100% reduce 31%
20/06/10 10:58:05 INFO mapreduce.Job:  map 100% reduce 32%
20/06/10 10:58:08 INFO mapreduce.Job:  map 100% reduce 33%
20/06/10 10:58:21 INFO mapreduce.Job:  map 100% reduce 39%
20/06/10 10:58:24 INFO mapreduce.Job:  map 100% reduce 44%
20/06/10 10:58:29 INFO mapreduce.Job:  map 100% reduce 54%
20/06/10 10:58:32 INFO mapreduce.Job:  map 100% reduce 56%
20/06/10 10:58:35 INFO mapreduce.Job:  map 100% reduce 67%
20/06/10 10:58:41 INFO mapreduce.Job:  map 100% reduce 68%
20/06/10 10:58:42 INFO mapreduce.Job:  map 100% reduce 69%
20/06/10 10:58:44 INFO mapreduce.Job:  map 100% reduce 70%
20/06/10 10:58:47 INFO mapreduce.Job:  map 100% reduce 71%
20/06/10 10:58:48 INFO mapreduce.Job:  map 100% reduce 72%
20/06/10 10:58:51 INFO mapreduce.Job:  map 100% reduce 73%
20/06/10 10:58:53 INFO mapreduce.Job:  map 100% reduce 74%
20/06/10 10:58:56 INFO mapreduce.Job:  map 100% reduce 75%
20/06/10 10:58:57 INFO mapreduce.Job:  map 100% reduce 76%
20/06/10 10:58:59 INFO mapreduce.Job:  map 100% reduce 77%
20/06/10 10:59:02 INFO mapreduce.Job:  map 100% reduce 78%
20/06/10 10:59:03 INFO mapreduce.Job:  map 100% reduce 79%
20/06/10 10:59:06 INFO mapreduce.Job:  map 100% reduce 80%
20/06/10 10:59:08 INFO mapreduce.Job:  map 100% reduce 81%
20/06/10 10:59:11 INFO mapreduce.Job:  map 100% reduce 82%
20/06/10 10:59:12 INFO mapreduce.Job:  map 100% reduce 83%
20/06/10 10:59:14 INFO mapreduce.Job:  map 100% reduce 84%
20/06/10 10:59:17 INFO mapreduce.Job:  map 100% reduce 86%
20/06/10 10:59:20 INFO mapreduce.Job:  map 100% reduce 87%
20/06/10 10:59:21 INFO mapreduce.Job:  map 100% reduce 88%
20/06/10 10:59:24 INFO mapreduce.Job:  map 100% reduce 89%
20/06/10 10:59:26 INFO mapreduce.Job:  map 100% reduce 90%
20/06/10 10:59:29 INFO mapreduce.Job:  map 100% reduce 91%
20/06/10 10:59:32 INFO mapreduce.Job:  map 100% reduce 92%
20/06/10 10:59:33 INFO mapreduce.Job:  map 100% reduce 93%
20/06/10 10:59:36 INFO mapreduce.Job:  map 100% reduce 94%
20/06/10 10:59:39 INFO mapreduce.Job:  map 100% reduce 95%
20/06/10 10:59:42 INFO mapreduce.Job:  map 100% reduce 96%
20/06/10 10:59:45 INFO mapreduce.Job:  map 100% reduce 97%
20/06/10 10:59:47 INFO mapreduce.Job:  map 100% reduce 99%
20/06/10 10:59:50 INFO mapreduce.Job:  map 100% reduce 100%
20/06/10 10:59:52 INFO mapreduce.Job: Job job_1591754013650_0002 completed successfully
20/06/10 10:59:52 INFO mapreduce.Job: Counters: 51
	File System Counters
		FILE: Number of bytes read=31975280786
		FILE: Number of bytes written=42735847681
		FILE: Number of read operations=0
		FILE: Number of large read operations=0
		FILE: Number of write operations=0
		HDFS: Number of bytes read=10774060280
		HDFS: Number of bytes written=10772840530
		HDFS: Number of read operations=329
		HDFS: Number of large read operations=0
		HDFS: Number of write operations=6
	Job Counters 
		Killed map tasks=1
		Launched map tasks=81
		Launched reduce tasks=3
		Data-local map tasks=75
		Rack-local map tasks=6
		Total time spent by all maps in occupied slots (ms)=1343370
		Total time spent by all reduces in occupied slots (ms)=828875
		Total time spent by all map tasks (ms)=1343370
		Total time spent by all reduce tasks (ms)=828875
		Total vcore-milliseconds taken by all map tasks=1343370
		Total vcore-milliseconds taken by all reduce tasks=828875
		Total megabyte-milliseconds taken by all map tasks=1375610880
		Total megabyte-milliseconds taken by all reduce tasks=848768000
	Map-Reduce Framework
		Map input records=1022405
		Map output records=1022405
		Map output bytes=10745650022
		Map output materialized bytes=10751399487
		Input split bytes=9040
		Combine input records=0
		Combine output records=0
		Reduce input groups=1022405
		Reduce shuffle bytes=10751399487
		Reduce input records=1022405
		Reduce output records=1022405
		Spilled Records=4063279
		Shuffled Maps =240
		Failed Shuffles=0
		Merged Map outputs=240
		GC time elapsed (ms)=11832
		CPU time spent (ms)=209760
		Physical memory (bytes) snapshot=22022844416
		Virtual memory (bytes) snapshot=175151312896
		Total committed heap usage (bytes)=16512974848
	Shuffle Errors
		BAD_ID=0
		CONNECTION=0
		IO_ERROR=0
		WRONG_LENGTH=0
		WRONG_MAP=0
		WRONG_REDUCE=0
	File Input Format Counters 
		Bytes Read=10774051240
	File Output Format Counters 
		Bytes Written=10772840530
