20/06/07 19:33:51 INFO client.RMProxy: Connecting to ResourceManager at master/10.51.17.95:8032
20/06/07 19:33:51 INFO input.FileInputFormat: Total input paths to process : 10
20/06/07 19:33:51 INFO mapreduce.JobSubmitter: number of splits:90
20/06/07 19:33:51 INFO mapreduce.JobSubmitter: Submitting tokens for job: job_1591524234815_0012
20/06/07 19:33:52 INFO impl.YarnClientImpl: Submitted application application_1591524234815_0012
20/06/07 19:33:52 INFO mapreduce.Job: The url to track the job: http://master:8088/proxy/application_1591524234815_0012/
20/06/07 19:33:52 INFO mapreduce.Job: Running job: job_1591524234815_0012
20/06/07 19:33:59 INFO mapreduce.Job: Job job_1591524234815_0012 running in uber mode : false
20/06/07 19:33:59 INFO mapreduce.Job:  map 0% reduce 0%
20/06/07 19:34:13 INFO mapreduce.Job:  map 1% reduce 0%
20/06/07 19:34:15 INFO mapreduce.Job:  map 2% reduce 0%
20/06/07 19:34:16 INFO mapreduce.Job:  map 3% reduce 0%
20/06/07 19:34:25 INFO mapreduce.Job:  map 4% reduce 0%
20/06/07 19:34:30 INFO mapreduce.Job:  map 5% reduce 0%
20/06/07 19:34:35 INFO mapreduce.Job:  map 6% reduce 0%
20/06/07 19:34:43 INFO mapreduce.Job:  map 7% reduce 0%
20/06/07 19:34:46 INFO mapreduce.Job:  map 8% reduce 0%
20/06/07 19:34:50 INFO mapreduce.Job:  map 9% reduce 0%
20/06/07 19:34:54 INFO mapreduce.Job:  map 10% reduce 0%
20/06/07 19:34:55 INFO mapreduce.Job:  map 11% reduce 0%
20/06/07 19:34:58 INFO mapreduce.Job:  map 12% reduce 0%
20/06/07 19:35:04 INFO mapreduce.Job:  map 13% reduce 0%
20/06/07 19:35:09 INFO mapreduce.Job:  map 14% reduce 0%
20/06/07 19:35:15 INFO mapreduce.Job:  map 15% reduce 0%
20/06/07 19:35:16 INFO mapreduce.Job:  map 16% reduce 0%
20/06/07 19:35:17 INFO mapreduce.Job:  map 17% reduce 0%
20/06/07 19:35:19 INFO mapreduce.Job:  map 18% reduce 0%
20/06/07 19:35:28 INFO mapreduce.Job:  map 19% reduce 0%
20/06/07 19:35:31 INFO mapreduce.Job:  map 19% reduce 5%
20/06/07 19:35:32 INFO mapreduce.Job:  map 20% reduce 5%
20/06/07 19:35:35 INFO mapreduce.Job:  map 21% reduce 5%
20/06/07 19:35:41 INFO mapreduce.Job:  map 22% reduce 5%
20/06/07 19:35:43 INFO mapreduce.Job:  map 22% reduce 6%
20/06/07 19:35:45 INFO mapreduce.Job:  map 23% reduce 6%
20/06/07 19:35:46 INFO mapreduce.Job:  map 24% reduce 6%
20/06/07 19:35:49 INFO mapreduce.Job:  map 24% reduce 7%
20/06/07 19:35:50 INFO mapreduce.Job:  map 25% reduce 7%
20/06/07 19:35:58 INFO mapreduce.Job:  map 26% reduce 7%
20/06/07 19:36:00 INFO mapreduce.Job:  map 27% reduce 7%
20/06/07 19:36:08 INFO mapreduce.Job:  map 28% reduce 7%
20/06/07 19:36:11 INFO mapreduce.Job:  map 29% reduce 7%
20/06/07 19:36:17 INFO mapreduce.Job:  map 30% reduce 7%
20/06/07 19:36:23 INFO mapreduce.Job:  map 31% reduce 8%
20/06/07 19:36:24 INFO mapreduce.Job:  map 32% reduce 8%
20/06/07 19:36:25 INFO mapreduce.Job:  map 33% reduce 8%
20/06/07 19:36:26 INFO mapreduce.Job:  map 33% reduce 9%
20/06/07 19:36:28 INFO mapreduce.Job:  map 34% reduce 9%
20/06/07 19:36:29 INFO mapreduce.Job:  map 34% reduce 10%
20/06/07 19:36:34 INFO mapreduce.Job:  map 35% reduce 10%
20/06/07 19:36:39 INFO mapreduce.Job:  map 36% reduce 10%
20/06/07 19:36:40 INFO mapreduce.Job:  map 37% reduce 10%
20/06/07 19:36:41 INFO mapreduce.Job:  map 38% reduce 10%
20/06/07 19:36:42 INFO mapreduce.Job:  map 38% reduce 11%
20/06/07 19:36:45 INFO mapreduce.Job:  map 38% reduce 12%
20/06/07 19:36:50 INFO mapreduce.Job:  map 39% reduce 12%
20/06/07 19:36:53 INFO mapreduce.Job:  map 40% reduce 12%
20/06/07 19:36:58 INFO mapreduce.Job:  map 41% reduce 12%
20/06/07 19:37:04 INFO mapreduce.Job:  map 42% reduce 12%
20/06/07 19:37:07 INFO mapreduce.Job:  map 43% reduce 12%
20/06/07 19:37:14 INFO mapreduce.Job:  map 44% reduce 12%
20/06/07 19:37:19 INFO mapreduce.Job:  map 45% reduce 12%
20/06/07 19:37:24 INFO mapreduce.Job:  map 46% reduce 12%
20/06/07 19:37:28 INFO mapreduce.Job:  map 47% reduce 12%
20/06/07 19:37:30 INFO mapreduce.Job:  map 48% reduce 12%
20/06/07 19:37:31 INFO mapreduce.Job:  map 48% reduce 13%
20/06/07 19:37:32 INFO mapreduce.Job:  map 49% reduce 13%
20/06/07 19:37:34 INFO mapreduce.Job:  map 50% reduce 15%
20/06/07 19:37:35 INFO mapreduce.Job:  map 51% reduce 15%
20/06/07 19:37:37 INFO mapreduce.Job:  map 51% reduce 17%
20/06/07 19:37:40 INFO mapreduce.Job:  map 52% reduce 17%
20/06/07 19:37:47 INFO mapreduce.Job:  map 53% reduce 17%
20/06/07 19:37:49 INFO mapreduce.Job:  map 54% reduce 17%
20/06/07 19:37:56 INFO mapreduce.Job:  map 55% reduce 17%
20/06/07 19:38:01 INFO mapreduce.Job:  map 56% reduce 17%
20/06/07 19:38:09 INFO mapreduce.Job:  map 57% reduce 17%
20/06/07 19:38:11 INFO mapreduce.Job:  map 58% reduce 17%
20/06/07 19:38:17 INFO mapreduce.Job:  map 59% reduce 17%
20/06/07 19:38:22 INFO mapreduce.Job:  map 60% reduce 17%
20/06/07 19:38:24 INFO mapreduce.Job:  map 61% reduce 17%
20/06/07 19:38:25 INFO mapreduce.Job:  map 61% reduce 18%
20/06/07 19:38:27 INFO mapreduce.Job:  map 62% reduce 18%
20/06/07 19:38:31 INFO mapreduce.Job:  map 63% reduce 19%
20/06/07 19:38:36 INFO mapreduce.Job:  map 64% reduce 19%
20/06/07 19:38:38 INFO mapreduce.Job:  map 64% reduce 20%
20/06/07 19:38:39 INFO mapreduce.Job:  map 65% reduce 20%
20/06/07 19:38:43 INFO mapreduce.Job:  map 67% reduce 20%
20/06/07 19:38:45 INFO mapreduce.Job:  map 67% reduce 22%
20/06/07 19:38:50 INFO mapreduce.Job:  map 68% reduce 22%
20/06/07 19:38:55 INFO mapreduce.Job:  map 69% reduce 22%
20/06/07 19:38:58 INFO mapreduce.Job:  map 70% reduce 22%
20/06/07 19:39:05 INFO mapreduce.Job:  map 71% reduce 22%
20/06/07 19:39:08 INFO mapreduce.Job:  map 72% reduce 22%
20/06/07 19:39:16 INFO mapreduce.Job:  map 73% reduce 22%
20/06/07 19:39:19 INFO mapreduce.Job:  map 74% reduce 22%
20/06/07 19:39:20 INFO mapreduce.Job:  map 75% reduce 23%
20/06/07 19:39:24 INFO mapreduce.Job:  map 76% reduce 23%
20/06/07 19:39:28 INFO mapreduce.Job:  map 76% reduce 24%
20/06/07 19:39:31 INFO mapreduce.Job:  map 77% reduce 24%
20/06/07 19:39:33 INFO mapreduce.Job:  map 78% reduce 24%
20/06/07 19:39:36 INFO mapreduce.Job:  map 79% reduce 24%
20/06/07 19:39:40 INFO mapreduce.Job:  map 80% reduce 24%
20/06/07 19:39:42 INFO mapreduce.Job:  map 81% reduce 24%
20/06/07 19:39:44 INFO mapreduce.Job:  map 82% reduce 24%
20/06/07 19:39:45 INFO mapreduce.Job:  map 82% reduce 26%
20/06/07 19:39:46 INFO mapreduce.Job:  map 83% reduce 26%
20/06/07 19:39:48 INFO mapreduce.Job:  map 84% reduce 26%
20/06/07 19:39:49 INFO mapreduce.Job:  map 84% reduce 27%
20/06/07 19:39:53 INFO mapreduce.Job:  map 85% reduce 27%
20/06/07 19:39:54 INFO mapreduce.Job:  map 86% reduce 27%
20/06/07 19:40:00 INFO mapreduce.Job:  map 88% reduce 27%
20/06/07 19:40:01 INFO mapreduce.Job:  map 88% reduce 28%
20/06/07 19:40:02 INFO mapreduce.Job:  map 89% reduce 28%
20/06/07 19:40:03 INFO mapreduce.Job:  map 90% reduce 28%
20/06/07 19:40:09 INFO mapreduce.Job:  map 91% reduce 28%
20/06/07 19:40:10 INFO mapreduce.Job:  map 91% reduce 29%
20/06/07 19:40:11 INFO mapreduce.Job:  map 92% reduce 29%
20/06/07 19:40:13 INFO mapreduce.Job:  map 93% reduce 29%
20/06/07 19:40:14 INFO mapreduce.Job:  map 94% reduce 29%
20/06/07 19:40:15 INFO mapreduce.Job:  map 95% reduce 29%
20/06/07 19:40:16 INFO mapreduce.Job:  map 96% reduce 31%
20/06/07 19:40:22 INFO mapreduce.Job:  map 97% reduce 31%
20/06/07 19:40:24 INFO mapreduce.Job:  map 98% reduce 31%
20/06/07 19:40:26 INFO mapreduce.Job:  map 98% reduce 32%
20/06/07 19:40:35 INFO mapreduce.Job:  map 99% reduce 32%
20/06/07 19:40:36 INFO mapreduce.Job:  map 100% reduce 32%
20/06/07 19:40:38 INFO mapreduce.Job:  map 100% reduce 33%
20/06/07 19:40:41 INFO mapreduce.Job:  map 100% reduce 67%
20/06/07 19:40:44 INFO mapreduce.Job:  map 100% reduce 73%
20/06/07 19:40:47 INFO mapreduce.Job:  map 100% reduce 79%
20/06/07 19:40:50 INFO mapreduce.Job:  map 100% reduce 85%
20/06/07 19:40:53 INFO mapreduce.Job:  map 100% reduce 94%
20/06/07 19:40:54 INFO mapreduce.Job:  map 100% reduce 100%
20/06/07 19:40:54 INFO mapreduce.Job: Job job_1591524234815_0012 completed successfully
20/06/07 19:40:54 INFO mapreduce.Job: Counters: 51
	File System Counters
		FILE: Number of bytes read=1471720556
		FILE: Number of bytes written=2194905121
		FILE: Number of read operations=0
		FILE: Number of large read operations=0
		FILE: Number of write operations=0
		HDFS: Number of bytes read=11025057641
		HDFS: Number of bytes written=342890810
		HDFS: Number of read operations=273
		HDFS: Number of large read operations=0
		HDFS: Number of write operations=2
	Job Counters 
		Killed map tasks=1
		Launched map tasks=91
		Launched reduce tasks=1
		Data-local map tasks=89
		Rack-local map tasks=2
		Total time spent by all maps in occupied slots (ms)=4957634
		Total time spent by all reduces in occupied slots (ms)=337090
		Total time spent by all map tasks (ms)=4957634
		Total time spent by all reduce tasks (ms)=337090
		Total vcore-milliseconds taken by all map tasks=4957634
		Total vcore-milliseconds taken by all reduce tasks=337090
		Total megabyte-milliseconds taken by all map tasks=5076617216
		Total megabyte-milliseconds taken by all reduce tasks=345180160
	Map-Reduce Framework
		Map input records=1179702
		Map output records=1009292266
		Map output bytes=15215332022
		Map output materialized bytes=712005052
		Input split bytes=10530
		Combine input records=1034060018
		Combine output records=47410636
		Reduce input groups=9908324
		Reduce shuffle bytes=712005052
		Reduce input records=22642884
		Reduce output records=9908324
		Spilled Records=70053520
		Shuffled Maps =90
		Failed Shuffles=0
		Merged Map outputs=90
		GC time elapsed (ms)=102768
		CPU time spent (ms)=2016430
		Physical memory (bytes) snapshot=25023299584
		Virtual memory (bytes) snapshot=191934173184
		Total committed heap usage (bytes)=18924175360
	Shuffle Errors
		BAD_ID=0
		CONNECTION=0
		IO_ERROR=0
		WRONG_LENGTH=0
		WRONG_MAP=0
		WRONG_REDUCE=0
	File Input Format Counters 
		Bytes Read=11025047111
	File Output Format Counters 
		Bytes Written=342890810
