20/06/07 19:11:26 INFO client.RMProxy: Connecting to ResourceManager at master/10.51.17.95:8032
20/06/07 19:11:26 INFO input.FileInputFormat: Total input paths to process : 10
20/06/07 19:11:27 INFO mapreduce.JobSubmitter: number of splits:90
20/06/07 19:11:27 INFO mapreduce.JobSubmitter: Submitting tokens for job: job_1591524234815_0005
20/06/07 19:11:27 INFO impl.YarnClientImpl: Submitted application application_1591524234815_0005
20/06/07 19:11:27 INFO mapreduce.Job: The url to track the job: http://master:8088/proxy/application_1591524234815_0005/
20/06/07 19:11:27 INFO mapreduce.Job: Running job: job_1591524234815_0005
20/06/07 19:11:35 INFO mapreduce.Job: Job job_1591524234815_0005 running in uber mode : false
20/06/07 19:11:35 INFO mapreduce.Job:  map 0% reduce 0%
20/06/07 19:11:50 INFO mapreduce.Job:  map 1% reduce 0%
20/06/07 19:11:51 INFO mapreduce.Job:  map 2% reduce 0%
20/06/07 19:11:53 INFO mapreduce.Job:  map 3% reduce 0%
20/06/07 19:12:02 INFO mapreduce.Job:  map 4% reduce 0%
20/06/07 19:12:06 INFO mapreduce.Job:  map 5% reduce 0%
20/06/07 19:12:11 INFO mapreduce.Job:  map 6% reduce 0%
20/06/07 19:12:17 INFO mapreduce.Job:  map 7% reduce 0%
20/06/07 19:12:19 INFO mapreduce.Job:  map 8% reduce 0%
20/06/07 19:12:28 INFO mapreduce.Job:  map 9% reduce 0%
20/06/07 19:12:31 INFO mapreduce.Job:  map 10% reduce 0%
20/06/07 19:12:34 INFO mapreduce.Job:  map 11% reduce 0%
20/06/07 19:12:35 INFO mapreduce.Job:  map 12% reduce 0%
20/06/07 19:12:42 INFO mapreduce.Job:  map 13% reduce 0%
20/06/07 19:12:46 INFO mapreduce.Job:  map 14% reduce 0%
20/06/07 19:12:47 INFO mapreduce.Job:  map 15% reduce 0%
20/06/07 19:12:48 INFO mapreduce.Job:  map 17% reduce 0%
20/06/07 19:12:56 INFO mapreduce.Job:  map 18% reduce 0%
20/06/07 19:13:03 INFO mapreduce.Job:  map 19% reduce 5%
20/06/07 19:13:06 INFO mapreduce.Job:  map 20% reduce 5%
20/06/07 19:13:15 INFO mapreduce.Job:  map 21% reduce 5%
20/06/07 19:13:18 INFO mapreduce.Job:  map 22% reduce 5%
20/06/07 19:13:24 INFO mapreduce.Job:  map 23% reduce 5%
20/06/07 19:13:28 INFO mapreduce.Job:  map 24% reduce 5%
20/06/07 19:13:29 INFO mapreduce.Job:  map 25% reduce 5%
20/06/07 19:13:30 INFO mapreduce.Job:  map 25% reduce 6%
20/06/07 19:13:31 INFO mapreduce.Job:  map 26% reduce 6%
20/06/07 19:13:33 INFO mapreduce.Job:  map 26% reduce 7%
20/06/07 19:13:38 INFO mapreduce.Job:  map 27% reduce 7%
20/06/07 19:13:43 INFO mapreduce.Job:  map 28% reduce 7%
20/06/07 19:13:48 INFO mapreduce.Job:  map 29% reduce 7%
20/06/07 19:13:49 INFO mapreduce.Job:  map 29% reduce 8%
20/06/07 19:13:51 INFO mapreduce.Job:  map 30% reduce 8%
20/06/07 19:13:52 INFO mapreduce.Job:  map 30% reduce 9%
20/06/07 19:13:53 INFO mapreduce.Job:  map 31% reduce 9%
20/06/07 19:13:56 INFO mapreduce.Job:  map 32% reduce 9%
20/06/07 19:13:58 INFO mapreduce.Job:  map 32% reduce 10%
20/06/07 19:14:00 INFO mapreduce.Job:  map 33% reduce 10%
20/06/07 19:14:04 INFO mapreduce.Job:  map 34% reduce 10%
20/06/07 19:14:09 INFO mapreduce.Job:  map 35% reduce 10%
20/06/07 19:14:14 INFO mapreduce.Job:  map 36% reduce 10%
20/06/07 19:14:22 INFO mapreduce.Job:  map 37% reduce 10%
20/06/07 19:14:25 INFO mapreduce.Job:  map 38% reduce 10%
20/06/07 19:14:27 INFO mapreduce.Job:  map 39% reduce 10%
20/06/07 19:14:29 INFO mapreduce.Job:  map 40% reduce 11%
20/06/07 19:14:32 INFO mapreduce.Job:  map 40% reduce 12%
20/06/07 19:14:35 INFO mapreduce.Job:  map 41% reduce 12%
20/06/07 19:14:38 INFO mapreduce.Job:  map 42% reduce 12%
20/06/07 19:14:44 INFO mapreduce.Job:  map 43% reduce 12%
20/06/07 19:14:49 INFO mapreduce.Job:  map 44% reduce 12%
20/06/07 19:14:52 INFO mapreduce.Job:  map 45% reduce 13%
20/06/07 19:14:54 INFO mapreduce.Job:  map 46% reduce 13%
20/06/07 19:14:56 INFO mapreduce.Job:  map 46% reduce 14%
20/06/07 19:15:00 INFO mapreduce.Job:  map 47% reduce 14%
20/06/07 19:15:02 INFO mapreduce.Job:  map 48% reduce 15%
20/06/07 19:15:07 INFO mapreduce.Job:  map 49% reduce 15%
20/06/07 19:15:12 INFO mapreduce.Job:  map 50% reduce 15%
20/06/07 19:15:17 INFO mapreduce.Job:  map 51% reduce 15%
20/06/07 19:15:21 INFO mapreduce.Job:  map 52% reduce 15%
20/06/07 19:15:22 INFO mapreduce.Job:  map 53% reduce 15%
20/06/07 19:15:23 INFO mapreduce.Job:  map 53% reduce 16%
20/06/07 19:15:26 INFO mapreduce.Job:  map 54% reduce 17%
20/06/07 19:15:34 INFO mapreduce.Job:  map 55% reduce 17%
20/06/07 19:15:37 INFO mapreduce.Job:  map 56% reduce 17%
20/06/07 19:15:42 INFO mapreduce.Job:  map 57% reduce 17%
20/06/07 19:15:46 INFO mapreduce.Job:  map 58% reduce 17%
20/06/07 19:15:51 INFO mapreduce.Job:  map 59% reduce 17%
20/06/07 19:15:56 INFO mapreduce.Job:  map 60% reduce 17%
20/06/07 19:15:57 INFO mapreduce.Job:  map 60% reduce 18%
20/06/07 19:15:58 INFO mapreduce.Job:  map 61% reduce 18%
20/06/07 19:16:02 INFO mapreduce.Job:  map 62% reduce 18%
20/06/07 19:16:03 INFO mapreduce.Job:  map 62% reduce 19%
20/06/07 19:16:05 INFO mapreduce.Job:  map 63% reduce 19%
20/06/07 19:16:06 INFO mapreduce.Job:  map 63% reduce 20%
20/06/07 19:16:10 INFO mapreduce.Job:  map 64% reduce 20%
20/06/07 19:16:15 INFO mapreduce.Job:  map 65% reduce 20%
20/06/07 19:16:19 INFO mapreduce.Job:  map 66% reduce 20%
20/06/07 19:16:21 INFO mapreduce.Job:  map 67% reduce 20%
20/06/07 19:16:22 INFO mapreduce.Job:  map 67% reduce 21%
20/06/07 19:16:24 INFO mapreduce.Job:  map 68% reduce 21%
20/06/07 19:16:25 INFO mapreduce.Job:  map 68% reduce 22%
20/06/07 19:16:30 INFO mapreduce.Job:  map 69% reduce 22%
20/06/07 19:16:34 INFO mapreduce.Job:  map 70% reduce 22%
20/06/07 19:16:39 INFO mapreduce.Job:  map 71% reduce 22%
20/06/07 19:16:44 INFO mapreduce.Job:  map 72% reduce 22%
20/06/07 19:16:49 INFO mapreduce.Job:  map 73% reduce 22%
20/06/07 19:16:55 INFO mapreduce.Job:  map 74% reduce 22%
20/06/07 19:16:58 INFO mapreduce.Job:  map 75% reduce 22%
20/06/07 19:17:01 INFO mapreduce.Job:  map 76% reduce 22%
20/06/07 19:17:02 INFO mapreduce.Job:  map 76% reduce 23%
20/06/07 19:17:04 INFO mapreduce.Job:  map 77% reduce 23%
20/06/07 19:17:07 INFO mapreduce.Job:  map 77% reduce 24%
20/06/07 19:17:08 INFO mapreduce.Job:  map 78% reduce 24%
20/06/07 19:17:13 INFO mapreduce.Job:  map 79% reduce 25%
20/06/07 19:17:15 INFO mapreduce.Job:  map 80% reduce 25%
20/06/07 19:17:16 INFO mapreduce.Job:  map 80% reduce 26%
20/06/07 19:17:17 INFO mapreduce.Job:  map 81% reduce 26%
20/06/07 19:17:18 INFO mapreduce.Job:  map 82% reduce 26%
20/06/07 19:17:20 INFO mapreduce.Job:  map 83% reduce 26%
20/06/07 19:17:22 INFO mapreduce.Job:  map 83% reduce 27%
20/06/07 19:17:25 INFO mapreduce.Job:  map 84% reduce 27%
20/06/07 19:17:27 INFO mapreduce.Job:  map 85% reduce 27%
20/06/07 19:17:28 INFO mapreduce.Job:  map 86% reduce 27%
20/06/07 19:17:31 INFO mapreduce.Job:  map 87% reduce 28%
20/06/07 19:17:35 INFO mapreduce.Job:  map 88% reduce 28%
20/06/07 19:17:39 INFO mapreduce.Job:  map 89% reduce 28%
20/06/07 19:17:40 INFO mapreduce.Job:  map 91% reduce 28%
20/06/07 19:17:41 INFO mapreduce.Job:  map 91% reduce 29%
20/06/07 19:17:43 INFO mapreduce.Job:  map 92% reduce 29%
20/06/07 19:17:48 INFO mapreduce.Job:  map 94% reduce 29%
20/06/07 19:17:50 INFO mapreduce.Job:  map 95% reduce 30%
20/06/07 19:17:52 INFO mapreduce.Job:  map 96% reduce 30%
20/06/07 19:17:54 INFO mapreduce.Job:  map 97% reduce 30%
20/06/07 19:17:56 INFO mapreduce.Job:  map 98% reduce 31%
20/06/07 19:17:59 INFO mapreduce.Job:  map 98% reduce 32%
20/06/07 19:18:03 INFO mapreduce.Job:  map 99% reduce 32%
20/06/07 19:18:04 INFO mapreduce.Job:  map 100% reduce 32%
20/06/07 19:18:05 INFO mapreduce.Job:  map 100% reduce 33%
20/06/07 19:18:08 INFO mapreduce.Job:  map 100% reduce 70%
20/06/07 19:18:11 INFO mapreduce.Job:  map 100% reduce 76%
20/06/07 19:18:14 INFO mapreduce.Job:  map 100% reduce 82%
20/06/07 19:18:17 INFO mapreduce.Job:  map 100% reduce 89%
20/06/07 19:18:20 INFO mapreduce.Job:  map 100% reduce 100%
20/06/07 19:18:20 INFO mapreduce.Job: Job job_1591524234815_0005 completed successfully
20/06/07 19:18:20 INFO mapreduce.Job: Counters: 51
	File System Counters
		FILE: Number of bytes read=1498564449
		FILE: Number of bytes written=2235214462
		FILE: Number of read operations=0
		FILE: Number of large read operations=0
		FILE: Number of write operations=0
		HDFS: Number of bytes read=11024890433
		HDFS: Number of bytes written=354444191
		HDFS: Number of read operations=273
		HDFS: Number of large read operations=0
		HDFS: Number of write operations=2
	Job Counters 
		Killed map tasks=1
		Launched map tasks=90
		Launched reduce tasks=1
		Data-local map tasks=89
		Rack-local map tasks=1
		Total time spent by all maps in occupied slots (ms)=4926443
		Total time spent by all reduces in occupied slots (ms)=331128
		Total time spent by all map tasks (ms)=4926443
		Total time spent by all reduce tasks (ms)=331128
		Total vcore-milliseconds taken by all map tasks=4926443
		Total vcore-milliseconds taken by all reduce tasks=331128
		Total megabyte-milliseconds taken by all map tasks=5044677632
		Total megabyte-milliseconds taken by all reduce tasks=339075072
	Map-Reduce Framework
		Map input records=1180283
		Map output records=1009302259
		Map output bytes=15220851649
		Map output materialized bytes=725470500
		Input split bytes=10530
		Combine input records=1034067680
		Combine output records=47404738
		Reduce input groups=9909362
		Reduce shuffle bytes=725470500
		Reduce input records=22639317
		Reduce output records=9909362
		Spilled Records=70044055
		Shuffled Maps =90
		Failed Shuffles=0
		Merged Map outputs=90
		GC time elapsed (ms)=97970
		CPU time spent (ms)=2004450
		Physical memory (bytes) snapshot=25135398912
		Virtual memory (bytes) snapshot=191976808448
		Total committed heap usage (bytes)=18923651072
	Shuffle Errors
		BAD_ID=0
		CONNECTION=0
		IO_ERROR=0
		WRONG_LENGTH=0
		WRONG_MAP=0
		WRONG_REDUCE=0
	File Input Format Counters 
		Bytes Read=11024879903
	File Output Format Counters 
		Bytes Written=354444191
