20/06/09 06:54:12 INFO client.RMProxy: Connecting to ResourceManager at master/10.51.17.95:8032
20/06/09 06:54:12 INFO input.FileInputFormat: Total input paths to process : 10
20/06/09 06:54:12 INFO mapreduce.JobSubmitter: number of splits:90
20/06/09 06:54:13 INFO mapreduce.JobSubmitter: Submitting tokens for job: job_1591652682819_0005
20/06/09 06:54:13 INFO impl.YarnClientImpl: Submitted application application_1591652682819_0005
20/06/09 06:54:13 INFO mapreduce.Job: The url to track the job: http://master:8088/proxy/application_1591652682819_0005/
20/06/09 06:54:13 INFO mapreduce.Job: Running job: job_1591652682819_0005
20/06/09 06:54:20 INFO mapreduce.Job: Job job_1591652682819_0005 running in uber mode : false
20/06/09 06:54:20 INFO mapreduce.Job:  map 0% reduce 0%
20/06/09 06:54:34 INFO mapreduce.Job:  map 1% reduce 0%
20/06/09 06:54:35 INFO mapreduce.Job:  map 2% reduce 0%
20/06/09 06:54:39 INFO mapreduce.Job:  map 3% reduce 0%
20/06/09 06:54:48 INFO mapreduce.Job:  map 4% reduce 0%
20/06/09 06:54:52 INFO mapreduce.Job:  map 5% reduce 0%
20/06/09 06:54:58 INFO mapreduce.Job:  map 6% reduce 0%
20/06/09 06:55:02 INFO mapreduce.Job:  map 7% reduce 0%
20/06/09 06:55:08 INFO mapreduce.Job:  map 8% reduce 0%
20/06/09 06:55:12 INFO mapreduce.Job:  map 9% reduce 0%
20/06/09 06:55:15 INFO mapreduce.Job:  map 10% reduce 0%
20/06/09 06:55:17 INFO mapreduce.Job:  map 11% reduce 0%
20/06/09 06:55:18 INFO mapreduce.Job:  map 12% reduce 0%
20/06/09 06:55:26 INFO mapreduce.Job:  map 13% reduce 0%
20/06/09 06:55:31 INFO mapreduce.Job:  map 14% reduce 0%
20/06/09 06:55:34 INFO mapreduce.Job:  map 16% reduce 0%
20/06/09 06:55:37 INFO mapreduce.Job:  map 17% reduce 0%
20/06/09 06:55:44 INFO mapreduce.Job:  map 18% reduce 0%
20/06/09 06:55:45 INFO mapreduce.Job:  map 18% reduce 5%
20/06/09 06:55:49 INFO mapreduce.Job:  map 19% reduce 5%
20/06/09 06:55:52 INFO mapreduce.Job:  map 20% reduce 5%
20/06/09 06:55:59 INFO mapreduce.Job:  map 21% reduce 5%
20/06/09 06:56:02 INFO mapreduce.Job:  map 22% reduce 5%
20/06/09 06:56:09 INFO mapreduce.Job:  map 23% reduce 5%
20/06/09 06:56:11 INFO mapreduce.Job:  map 24% reduce 5%
20/06/09 06:56:13 INFO mapreduce.Job:  map 24% reduce 6%
20/06/09 06:56:14 INFO mapreduce.Job:  map 25% reduce 6%
20/06/09 06:56:16 INFO mapreduce.Job:  map 25% reduce 7%
20/06/09 06:56:18 INFO mapreduce.Job:  map 26% reduce 7%
20/06/09 06:56:22 INFO mapreduce.Job:  map 27% reduce 7%
20/06/09 06:56:29 INFO mapreduce.Job:  map 28% reduce 7%
20/06/09 06:56:33 INFO mapreduce.Job:  map 29% reduce 7%
20/06/09 06:56:37 INFO mapreduce.Job:  map 30% reduce 8%
20/06/09 06:56:39 INFO mapreduce.Job:  map 31% reduce 8%
20/06/09 06:56:40 INFO mapreduce.Job:  map 31% reduce 9%
20/06/09 06:56:43 INFO mapreduce.Job:  map 32% reduce 9%
20/06/09 06:56:47 INFO mapreduce.Job:  map 32% reduce 10%
20/06/09 06:56:49 INFO mapreduce.Job:  map 33% reduce 10%
20/06/09 06:56:51 INFO mapreduce.Job:  map 34% reduce 10%
20/06/09 06:56:58 INFO mapreduce.Job:  map 35% reduce 10%
20/06/09 06:57:03 INFO mapreduce.Job:  map 36% reduce 10%
20/06/09 06:57:06 INFO mapreduce.Job:  map 37% reduce 10%
20/06/09 06:57:08 INFO mapreduce.Job:  map 38% reduce 11%
20/06/09 06:57:12 INFO mapreduce.Job:  map 39% reduce 11%
20/06/09 06:57:14 INFO mapreduce.Job:  map 39% reduce 12%
20/06/09 06:57:17 INFO mapreduce.Job:  map 40% reduce 12%
20/06/09 06:57:21 INFO mapreduce.Job:  map 41% reduce 12%
20/06/09 06:57:25 INFO mapreduce.Job:  map 42% reduce 12%
20/06/09 06:57:33 INFO mapreduce.Job:  map 43% reduce 12%
20/06/09 06:57:37 INFO mapreduce.Job:  map 44% reduce 12%
20/06/09 06:57:42 INFO mapreduce.Job:  map 45% reduce 12%
20/06/09 06:57:43 INFO mapreduce.Job:  map 46% reduce 12%
20/06/09 06:57:45 INFO mapreduce.Job:  map 46% reduce 13%
20/06/09 06:57:47 INFO mapreduce.Job:  map 47% reduce 13%
20/06/09 06:57:48 INFO mapreduce.Job:  map 47% reduce 14%
20/06/09 06:57:51 INFO mapreduce.Job:  map 48% reduce 14%
20/06/09 06:57:54 INFO mapreduce.Job:  map 48% reduce 15%
20/06/09 06:57:56 INFO mapreduce.Job:  map 49% reduce 15%
20/06/09 06:57:57 INFO mapreduce.Job:  map 50% reduce 15%
20/06/09 06:58:05 INFO mapreduce.Job:  map 52% reduce 15%
20/06/09 06:58:07 INFO mapreduce.Job:  map 53% reduce 15%
20/06/09 06:58:09 INFO mapreduce.Job:  map 53% reduce 17%
20/06/09 06:58:16 INFO mapreduce.Job:  map 54% reduce 17%
20/06/09 06:58:19 INFO mapreduce.Job:  map 55% reduce 17%
20/06/09 06:58:25 INFO mapreduce.Job:  map 56% reduce 17%
20/06/09 06:58:29 INFO mapreduce.Job:  map 57% reduce 17%
20/06/09 06:58:36 INFO mapreduce.Job:  map 58% reduce 17%
20/06/09 06:58:41 INFO mapreduce.Job:  map 59% reduce 17%
20/06/09 06:58:45 INFO mapreduce.Job:  map 60% reduce 17%
20/06/09 06:58:50 INFO mapreduce.Job:  map 61% reduce 17%
20/06/09 06:58:51 INFO mapreduce.Job:  map 62% reduce 18%
20/06/09 06:58:52 INFO mapreduce.Job:  map 63% reduce 18%
20/06/09 06:58:54 INFO mapreduce.Job:  map 63% reduce 20%
20/06/09 06:58:57 INFO mapreduce.Job:  map 64% reduce 20%
20/06/09 06:59:00 INFO mapreduce.Job:  map 65% reduce 20%
20/06/09 06:59:02 INFO mapreduce.Job:  map 65% reduce 21%
20/06/09 06:59:03 INFO mapreduce.Job:  map 66% reduce 21%
20/06/09 06:59:06 INFO mapreduce.Job:  map 67% reduce 21%
20/06/09 06:59:08 INFO mapreduce.Job:  map 67% reduce 22%
20/06/09 06:59:13 INFO mapreduce.Job:  map 68% reduce 22%
20/06/09 06:59:17 INFO mapreduce.Job:  map 69% reduce 22%
20/06/09 06:59:23 INFO mapreduce.Job:  map 70% reduce 22%
20/06/09 06:59:27 INFO mapreduce.Job:  map 71% reduce 22%
20/06/09 06:59:33 INFO mapreduce.Job:  map 72% reduce 22%
20/06/09 06:59:39 INFO mapreduce.Job:  map 73% reduce 22%
20/06/09 06:59:42 INFO mapreduce.Job:  map 74% reduce 22%
20/06/09 06:59:48 INFO mapreduce.Job:  map 75% reduce 22%
20/06/09 06:59:51 INFO mapreduce.Job:  map 76% reduce 22%
20/06/09 06:59:53 INFO mapreduce.Job:  map 76% reduce 23%
20/06/09 06:59:55 INFO mapreduce.Job:  map 77% reduce 23%
20/06/09 06:59:57 INFO mapreduce.Job:  map 78% reduce 23%
20/06/09 06:59:58 INFO mapreduce.Job:  map 79% reduce 23%
20/06/09 06:59:59 INFO mapreduce.Job:  map 80% reduce 25%
20/06/09 07:00:02 INFO mapreduce.Job:  map 80% reduce 26%
20/06/09 07:00:06 INFO mapreduce.Job:  map 80% reduce 27%
20/06/09 07:00:07 INFO mapreduce.Job:  map 81% reduce 27%
20/06/09 07:00:11 INFO mapreduce.Job:  map 83% reduce 27%
20/06/09 07:00:13 INFO mapreduce.Job:  map 84% reduce 27%
20/06/09 07:00:14 INFO mapreduce.Job:  map 85% reduce 27%
20/06/09 07:00:16 INFO mapreduce.Job:  map 86% reduce 27%
20/06/09 07:00:19 INFO mapreduce.Job:  map 87% reduce 27%
20/06/09 07:00:23 INFO mapreduce.Job:  map 88% reduce 27%
20/06/09 07:00:24 INFO mapreduce.Job:  map 88% reduce 28%
20/06/09 07:00:26 INFO mapreduce.Job:  map 89% reduce 28%
20/06/09 07:00:27 INFO mapreduce.Job:  map 89% reduce 29%
20/06/09 07:00:31 INFO mapreduce.Job:  map 91% reduce 29%
20/06/09 07:00:33 INFO mapreduce.Job:  map 92% reduce 29%
20/06/09 07:00:35 INFO mapreduce.Job:  map 93% reduce 29%
20/06/09 07:00:38 INFO mapreduce.Job:  map 94% reduce 29%
20/06/09 07:00:39 INFO mapreduce.Job:  map 95% reduce 30%
20/06/09 07:00:42 INFO mapreduce.Job:  map 96% reduce 30%
20/06/09 07:00:44 INFO mapreduce.Job:  map 97% reduce 30%
20/06/09 07:00:45 INFO mapreduce.Job:  map 97% reduce 31%
20/06/09 07:00:46 INFO mapreduce.Job:  map 98% reduce 31%
20/06/09 07:00:48 INFO mapreduce.Job:  map 98% reduce 32%
20/06/09 07:00:54 INFO mapreduce.Job:  map 99% reduce 32%
20/06/09 07:00:57 INFO mapreduce.Job:  map 100% reduce 33%
20/06/09 07:01:00 INFO mapreduce.Job:  map 100% reduce 70%
20/06/09 07:01:03 INFO mapreduce.Job:  map 100% reduce 75%
20/06/09 07:01:06 INFO mapreduce.Job:  map 100% reduce 80%
20/06/09 07:01:09 INFO mapreduce.Job:  map 100% reduce 86%
20/06/09 07:01:12 INFO mapreduce.Job:  map 100% reduce 93%
20/06/09 07:01:15 INFO mapreduce.Job:  map 100% reduce 100%
20/06/09 07:01:16 INFO mapreduce.Job: Job job_1591652682819_0005 completed successfully
20/06/09 07:01:16 INFO mapreduce.Job: Counters: 51
	File System Counters
		FILE: Number of bytes read=1681498182
		FILE: Number of bytes written=2490393088
		FILE: Number of read operations=0
		FILE: Number of large read operations=0
		FILE: Number of write operations=0
		HDFS: Number of bytes read=11025571472
		HDFS: Number of bytes written=480094443
		HDFS: Number of read operations=273
		HDFS: Number of large read operations=0
		HDFS: Number of write operations=2
	Job Counters 
		Killed map tasks=2
		Launched map tasks=92
		Launched reduce tasks=1
		Data-local map tasks=90
		Rack-local map tasks=2
		Total time spent by all maps in occupied slots (ms)=5036673
		Total time spent by all reduces in occupied slots (ms)=341850
		Total time spent by all map tasks (ms)=5036673
		Total time spent by all reduce tasks (ms)=341850
		Total vcore-milliseconds taken by all map tasks=5036673
		Total vcore-milliseconds taken by all reduce tasks=341850
		Total megabyte-milliseconds taken by all map tasks=5157553152
		Total megabyte-milliseconds taken by all reduce tasks=350054400
	Map-Reduce Framework
		Map input records=1180691
		Map output records=1009903712
		Map output bytes=19259243186
		Map output materialized bytes=797684500
		Input split bytes=10530
		Combine input records=1034892598
		Combine output records=47595112
		Reduce input groups=9843658
		Reduce shuffle bytes=797684500
		Reduce input records=22606226
		Reduce output records=9843658
		Spilled Records=70879810
		Shuffled Maps =90
		Failed Shuffles=0
		Merged Map outputs=90
		GC time elapsed (ms)=109713
		CPU time spent (ms)=2033810
		Physical memory (bytes) snapshot=25181556736
		Virtual memory (bytes) snapshot=191887589376
		Total committed heap usage (bytes)=18938855424
	Shuffle Errors
		BAD_ID=0
		CONNECTION=0
		IO_ERROR=0
		WRONG_LENGTH=0
		WRONG_MAP=0
		WRONG_REDUCE=0
	File Input Format Counters 
		Bytes Read=11025560942
	File Output Format Counters 
		Bytes Written=480094443
20/06/09 07:01:16 INFO client.RMProxy: Connecting to ResourceManager at master/10.51.17.95:8032
20/06/09 07:01:17 INFO input.FileInputFormat: Total input paths to process : 1
20/06/09 07:01:17 INFO mapreduce.JobSubmitter: number of splits:4
20/06/09 07:01:18 INFO mapreduce.JobSubmitter: Submitting tokens for job: job_1591652682819_0006
20/06/09 07:01:18 INFO impl.YarnClientImpl: Submitted application application_1591652682819_0006
20/06/09 07:01:18 INFO mapreduce.Job: The url to track the job: http://master:8088/proxy/application_1591652682819_0006/
20/06/09 07:01:18 INFO mapreduce.Job: Running job: job_1591652682819_0006
20/06/09 07:01:26 INFO mapreduce.Job: Job job_1591652682819_0006 running in uber mode : false
20/06/09 07:01:26 INFO mapreduce.Job:  map 0% reduce 0%
20/06/09 07:01:37 INFO mapreduce.Job:  map 40% reduce 0%
20/06/09 07:01:38 INFO mapreduce.Job:  map 60% reduce 0%
20/06/09 07:01:39 INFO mapreduce.Job:  map 65% reduce 0%
20/06/09 07:01:40 INFO mapreduce.Job:  map 76% reduce 0%
20/06/09 07:01:43 INFO mapreduce.Job:  map 90% reduce 0%
20/06/09 07:01:44 INFO mapreduce.Job:  map 93% reduce 0%
20/06/09 07:01:45 INFO mapreduce.Job:  map 100% reduce 0%
20/06/09 07:01:47 INFO mapreduce.Job:  map 100% reduce 73%
20/06/09 07:01:50 INFO mapreduce.Job:  map 100% reduce 89%
20/06/09 07:01:53 INFO mapreduce.Job:  map 100% reduce 98%
20/06/09 07:01:54 INFO mapreduce.Job:  map 100% reduce 100%
20/06/09 07:01:54 INFO mapreduce.Job: Job job_1591652682819_0006 completed successfully
20/06/09 07:01:54 INFO mapreduce.Job: Counters: 50
	File System Counters
		FILE: Number of bytes read=832677570
		FILE: Number of bytes written=1249629678
		FILE: Number of read operations=0
		FILE: Number of large read operations=0
		FILE: Number of write operations=0
		HDFS: Number of bytes read=480099040
		HDFS: Number of bytes written=338246479
		HDFS: Number of read operations=19
		HDFS: Number of large read operations=0
		HDFS: Number of write operations=2
	Job Counters 
		Killed map tasks=1
		Launched map tasks=5
		Launched reduce tasks=1
		Data-local map tasks=5
		Total time spent by all maps in occupied slots (ms)=54458
		Total time spent by all reduces in occupied slots (ms)=13865
		Total time spent by all map tasks (ms)=54458
		Total time spent by all reduce tasks (ms)=13865
		Total vcore-milliseconds taken by all map tasks=54458
		Total vcore-milliseconds taken by all reduce tasks=13865
		Total megabyte-milliseconds taken by all map tasks=55764992
		Total megabyte-milliseconds taken by all reduce tasks=14197760
	Map-Reduce Framework
		Map input records=9843658
		Map output records=9843658
		Map output bytes=396651433
		Map output materialized bytes=416338773
		Input split bytes=508
		Combine input records=0
		Combine output records=0
		Reduce input groups=1269
		Reduce shuffle bytes=416338773
		Reduce input records=9843658
		Reduce output records=9843658
		Spilled Records=29530974
		Shuffled Maps =4
		Failed Shuffles=0
		Merged Map outputs=4
		GC time elapsed (ms)=1556
		CPU time spent (ms)=44830
		Physical memory (bytes) snapshot=1274269696
		Virtual memory (bytes) snapshot=10554220544
		Total committed heap usage (bytes)=940572672
	Shuffle Errors
		BAD_ID=0
		CONNECTION=0
		IO_ERROR=0
		WRONG_LENGTH=0
		WRONG_MAP=0
		WRONG_REDUCE=0
	File Input Format Counters 
		Bytes Read=480098532
	File Output Format Counters 
		Bytes Written=338246479
