20/06/09 06:45:39 INFO client.RMProxy: Connecting to ResourceManager at master/10.51.17.95:8032
20/06/09 06:45:40 INFO input.FileInputFormat: Total input paths to process : 10
20/06/09 06:45:40 INFO mapreduce.JobSubmitter: number of splits:90
20/06/09 06:45:40 INFO mapreduce.JobSubmitter: Submitting tokens for job: job_1591652682819_0002
20/06/09 06:45:41 INFO impl.YarnClientImpl: Submitted application application_1591652682819_0002
20/06/09 06:45:41 INFO mapreduce.Job: The url to track the job: http://master:8088/proxy/application_1591652682819_0002/
20/06/09 06:45:41 INFO mapreduce.Job: Running job: job_1591652682819_0002
20/06/09 06:45:48 INFO mapreduce.Job: Job job_1591652682819_0002 running in uber mode : false
20/06/09 06:45:48 INFO mapreduce.Job:  map 0% reduce 0%
20/06/09 06:46:02 INFO mapreduce.Job:  map 1% reduce 0%
20/06/09 06:46:04 INFO mapreduce.Job:  map 2% reduce 0%
20/06/09 06:46:08 INFO mapreduce.Job:  map 3% reduce 0%
20/06/09 06:46:16 INFO mapreduce.Job:  map 4% reduce 0%
20/06/09 06:46:20 INFO mapreduce.Job:  map 5% reduce 0%
20/06/09 06:46:27 INFO mapreduce.Job:  map 6% reduce 0%
20/06/09 06:46:30 INFO mapreduce.Job:  map 7% reduce 0%
20/06/09 06:46:36 INFO mapreduce.Job:  map 8% reduce 0%
20/06/09 06:46:41 INFO mapreduce.Job:  map 9% reduce 0%
20/06/09 06:46:44 INFO mapreduce.Job:  map 10% reduce 0%
20/06/09 06:46:45 INFO mapreduce.Job:  map 11% reduce 0%
20/06/09 06:46:47 INFO mapreduce.Job:  map 12% reduce 0%
20/06/09 06:46:56 INFO mapreduce.Job:  map 13% reduce 0%
20/06/09 06:47:00 INFO mapreduce.Job:  map 14% reduce 0%
20/06/09 06:47:02 INFO mapreduce.Job:  map 15% reduce 0%
20/06/09 06:47:05 INFO mapreduce.Job:  map 16% reduce 0%
20/06/09 06:47:07 INFO mapreduce.Job:  map 17% reduce 0%
20/06/09 06:47:10 INFO mapreduce.Job:  map 18% reduce 0%
20/06/09 06:47:17 INFO mapreduce.Job:  map 19% reduce 0%
20/06/09 06:47:19 INFO mapreduce.Job:  map 19% reduce 5%
20/06/09 06:47:21 INFO mapreduce.Job:  map 20% reduce 5%
20/06/09 06:47:27 INFO mapreduce.Job:  map 21% reduce 5%
20/06/09 06:47:32 INFO mapreduce.Job:  map 22% reduce 5%
20/06/09 06:47:38 INFO mapreduce.Job:  map 23% reduce 5%
20/06/09 06:47:40 INFO mapreduce.Job:  map 24% reduce 5%
20/06/09 06:47:41 INFO mapreduce.Job:  map 25% reduce 6%
20/06/09 06:47:44 INFO mapreduce.Job:  map 25% reduce 7%
20/06/09 06:47:46 INFO mapreduce.Job:  map 26% reduce 7%
20/06/09 06:47:52 INFO mapreduce.Job:  map 27% reduce 7%
20/06/09 06:47:56 INFO mapreduce.Job:  map 28% reduce 7%
20/06/09 06:48:02 INFO mapreduce.Job:  map 29% reduce 7%
20/06/09 06:48:05 INFO mapreduce.Job:  map 30% reduce 7%
20/06/09 06:48:08 INFO mapreduce.Job:  map 30% reduce 8%
20/06/09 06:48:09 INFO mapreduce.Job:  map 31% reduce 8%
20/06/09 06:48:11 INFO mapreduce.Job:  map 31% reduce 9%
20/06/09 06:48:12 INFO mapreduce.Job:  map 32% reduce 9%
20/06/09 06:48:14 INFO mapreduce.Job:  map 33% reduce 9%
20/06/09 06:48:16 INFO mapreduce.Job:  map 33% reduce 10%
20/06/09 06:48:21 INFO mapreduce.Job:  map 34% reduce 10%
20/06/09 06:48:26 INFO mapreduce.Job:  map 35% reduce 10%
20/06/09 06:48:29 INFO mapreduce.Job:  map 36% reduce 10%
20/06/09 06:48:35 INFO mapreduce.Job:  map 37% reduce 11%
20/06/09 06:48:36 INFO mapreduce.Job:  map 38% reduce 11%
20/06/09 06:48:39 INFO mapreduce.Job:  map 39% reduce 11%
20/06/09 06:48:41 INFO mapreduce.Job:  map 39% reduce 12%
20/06/09 06:48:46 INFO mapreduce.Job:  map 40% reduce 12%
20/06/09 06:48:50 INFO mapreduce.Job:  map 41% reduce 12%
20/06/09 06:48:56 INFO mapreduce.Job:  map 42% reduce 12%
20/06/09 06:49:00 INFO mapreduce.Job:  map 43% reduce 12%
20/06/09 06:49:06 INFO mapreduce.Job:  map 44% reduce 12%
20/06/09 06:49:09 INFO mapreduce.Job:  map 45% reduce 12%
20/06/09 06:49:12 INFO mapreduce.Job:  map 45% reduce 13%
20/06/09 06:49:14 INFO mapreduce.Job:  map 46% reduce 13%
20/06/09 06:49:16 INFO mapreduce.Job:  map 47% reduce 13%
20/06/09 06:49:18 INFO mapreduce.Job:  map 48% reduce 14%
20/06/09 06:49:25 INFO mapreduce.Job:  map 49% reduce 14%
20/06/09 06:49:28 INFO mapreduce.Job:  map 50% reduce 14%
20/06/09 06:49:30 INFO mapreduce.Job:  map 51% reduce 15%
20/06/09 06:49:32 INFO mapreduce.Job:  map 52% reduce 15%
20/06/09 06:49:34 INFO mapreduce.Job:  map 52% reduce 16%
20/06/09 06:49:37 INFO mapreduce.Job:  map 52% reduce 17%
20/06/09 06:49:38 INFO mapreduce.Job:  map 53% reduce 17%
20/06/09 06:49:43 INFO mapreduce.Job:  map 54% reduce 17%
20/06/09 06:49:48 INFO mapreduce.Job:  map 55% reduce 17%
20/06/09 06:49:52 INFO mapreduce.Job:  map 56% reduce 17%
20/06/09 06:49:58 INFO mapreduce.Job:  map 57% reduce 17%
20/06/09 06:50:03 INFO mapreduce.Job:  map 58% reduce 17%
20/06/09 06:50:07 INFO mapreduce.Job:  map 59% reduce 17%
20/06/09 06:50:14 INFO mapreduce.Job:  map 60% reduce 17%
20/06/09 06:50:16 INFO mapreduce.Job:  map 61% reduce 17%
20/06/09 06:50:19 INFO mapreduce.Job:  map 61% reduce 18%
20/06/09 06:50:20 INFO mapreduce.Job:  map 62% reduce 18%
20/06/09 06:50:22 INFO mapreduce.Job:  map 62% reduce 19%
20/06/09 06:50:23 INFO mapreduce.Job:  map 63% reduce 19%
20/06/09 06:50:25 INFO mapreduce.Job:  map 64% reduce 20%
20/06/09 06:50:27 INFO mapreduce.Job:  map 65% reduce 20%
20/06/09 06:50:30 INFO mapreduce.Job:  map 66% reduce 20%
20/06/09 06:50:31 INFO mapreduce.Job:  map 66% reduce 21%
20/06/09 06:50:35 INFO mapreduce.Job:  map 67% reduce 21%
20/06/09 06:50:37 INFO mapreduce.Job:  map 67% reduce 22%
20/06/09 06:50:41 INFO mapreduce.Job:  map 68% reduce 22%
20/06/09 06:50:46 INFO mapreduce.Job:  map 69% reduce 22%
20/06/09 06:50:51 INFO mapreduce.Job:  map 70% reduce 22%
20/06/09 06:50:57 INFO mapreduce.Job:  map 71% reduce 22%
20/06/09 06:51:02 INFO mapreduce.Job:  map 72% reduce 22%
20/06/09 06:51:06 INFO mapreduce.Job:  map 73% reduce 22%
20/06/09 06:51:11 INFO mapreduce.Job:  map 74% reduce 22%
20/06/09 06:51:14 INFO mapreduce.Job:  map 75% reduce 22%
20/06/09 06:51:19 INFO mapreduce.Job:  map 76% reduce 22%
20/06/09 06:51:21 INFO mapreduce.Job:  map 77% reduce 22%
20/06/09 06:51:23 INFO mapreduce.Job:  map 78% reduce 24%
20/06/09 06:51:25 INFO mapreduce.Job:  map 79% reduce 25%
20/06/09 06:51:29 INFO mapreduce.Job:  map 79% reduce 26%
20/06/09 06:51:31 INFO mapreduce.Job:  map 80% reduce 26%
20/06/09 06:51:36 INFO mapreduce.Job:  map 81% reduce 26%
20/06/09 06:51:37 INFO mapreduce.Job:  map 82% reduce 26%
20/06/09 06:51:41 INFO mapreduce.Job:  map 83% reduce 26%
20/06/09 06:51:42 INFO mapreduce.Job:  map 83% reduce 27%
20/06/09 06:51:43 INFO mapreduce.Job:  map 84% reduce 27%
20/06/09 06:51:44 INFO mapreduce.Job:  map 85% reduce 27%
20/06/09 06:51:49 INFO mapreduce.Job:  map 86% reduce 27%
20/06/09 06:51:50 INFO mapreduce.Job:  map 87% reduce 27%
20/06/09 06:51:52 INFO mapreduce.Job:  map 88% reduce 27%
20/06/09 06:51:53 INFO mapreduce.Job:  map 88% reduce 28%
20/06/09 06:51:54 INFO mapreduce.Job:  map 89% reduce 28%
20/06/09 06:51:58 INFO mapreduce.Job:  map 90% reduce 28%
20/06/09 06:52:00 INFO mapreduce.Job:  map 91% reduce 28%
20/06/09 06:52:02 INFO mapreduce.Job:  map 91% reduce 29%
20/06/09 06:52:03 INFO mapreduce.Job:  map 92% reduce 29%
20/06/09 06:52:04 INFO mapreduce.Job:  map 93% reduce 29%
20/06/09 06:52:09 INFO mapreduce.Job:  map 94% reduce 29%
20/06/09 06:52:10 INFO mapreduce.Job:  map 95% reduce 29%
20/06/09 06:52:12 INFO mapreduce.Job:  map 96% reduce 29%
20/06/09 06:52:13 INFO mapreduce.Job:  map 97% reduce 29%
20/06/09 06:52:14 INFO mapreduce.Job:  map 98% reduce 30%
20/06/09 06:52:17 INFO mapreduce.Job:  map 98% reduce 31%
20/06/09 06:52:18 INFO mapreduce.Job:  map 99% reduce 31%
20/06/09 06:52:20 INFO mapreduce.Job:  map 99% reduce 33%
20/06/09 06:52:21 INFO mapreduce.Job:  map 100% reduce 33%
20/06/09 06:52:23 INFO mapreduce.Job:  map 100% reduce 68%
20/06/09 06:52:26 INFO mapreduce.Job:  map 100% reduce 74%
20/06/09 06:52:29 INFO mapreduce.Job:  map 100% reduce 80%
20/06/09 06:52:32 INFO mapreduce.Job:  map 100% reduce 85%
20/06/09 06:52:35 INFO mapreduce.Job:  map 100% reduce 92%
20/06/09 06:52:38 INFO mapreduce.Job:  map 100% reduce 100%
20/06/09 06:52:39 INFO mapreduce.Job: Job job_1591652682819_0002 completed successfully
20/06/09 06:52:40 INFO mapreduce.Job: Counters: 51
	File System Counters
		FILE: Number of bytes read=1645383167
		FILE: Number of bytes written=2436412171
		FILE: Number of read operations=0
		FILE: Number of large read operations=0
		FILE: Number of write operations=0
		HDFS: Number of bytes read=11025534191
		HDFS: Number of bytes written=464781591
		HDFS: Number of read operations=273
		HDFS: Number of large read operations=0
		HDFS: Number of write operations=2
	Job Counters 
		Killed map tasks=1
		Launched map tasks=91
		Launched reduce tasks=1
		Data-local map tasks=90
		Rack-local map tasks=1
		Total time spent by all maps in occupied slots (ms)=5011930
		Total time spent by all reduces in occupied slots (ms)=334017
		Total time spent by all map tasks (ms)=5011930
		Total time spent by all reduce tasks (ms)=334017
		Total vcore-milliseconds taken by all map tasks=5011930
		Total vcore-milliseconds taken by all reduce tasks=334017
		Total megabyte-milliseconds taken by all map tasks=5132216320
		Total megabyte-milliseconds taken by all reduce tasks=342033408
	Map-Reduce Framework
		Map input records=722272
		Map output records=1010362670
		Map output bytes=19262891809
		Map output materialized bytes=779818689
		Input split bytes=10530
		Combine input records=1035350053
		Combine output records=47591300
		Reduce input groups=9842697
		Reduce shuffle bytes=779818689
		Reduce input records=22603917
		Reduce output records=9842697
		Spilled Records=70873860
		Shuffled Maps =90
		Failed Shuffles=0
		Merged Map outputs=90
		GC time elapsed (ms)=110374
		CPU time spent (ms)=2022650
		Physical memory (bytes) snapshot=25021136896
		Virtual memory (bytes) snapshot=191986266112
		Total committed heap usage (bytes)=18936758272
	Shuffle Errors
		BAD_ID=0
		CONNECTION=0
		IO_ERROR=0
		WRONG_LENGTH=0
		WRONG_MAP=0
		WRONG_REDUCE=0
	File Input Format Counters 
		Bytes Read=11025523661
	File Output Format Counters 
		Bytes Written=464781591
20/06/09 06:52:40 INFO client.RMProxy: Connecting to ResourceManager at master/10.51.17.95:8032
20/06/09 06:52:40 INFO input.FileInputFormat: Total input paths to process : 1
20/06/09 06:52:40 INFO mapreduce.JobSubmitter: number of splits:4
20/06/09 06:52:41 INFO mapreduce.JobSubmitter: Submitting tokens for job: job_1591652682819_0003
20/06/09 06:52:41 INFO impl.YarnClientImpl: Submitted application application_1591652682819_0003
20/06/09 06:52:41 INFO mapreduce.Job: The url to track the job: http://master:8088/proxy/application_1591652682819_0003/
20/06/09 06:52:41 INFO mapreduce.Job: Running job: job_1591652682819_0003
20/06/09 06:52:50 INFO mapreduce.Job: Job job_1591652682819_0003 running in uber mode : false
20/06/09 06:52:50 INFO mapreduce.Job:  map 0% reduce 0%
20/06/09 06:53:01 INFO mapreduce.Job:  map 34% reduce 0%
20/06/09 06:53:02 INFO mapreduce.Job:  map 58% reduce 0%
20/06/09 06:53:04 INFO mapreduce.Job:  map 68% reduce 0%
20/06/09 06:53:05 INFO mapreduce.Job:  map 77% reduce 0%
20/06/09 06:53:07 INFO mapreduce.Job:  map 81% reduce 0%
20/06/09 06:53:08 INFO mapreduce.Job:  map 83% reduce 0%
20/06/09 06:53:10 INFO mapreduce.Job:  map 100% reduce 0%
20/06/09 06:53:13 INFO mapreduce.Job:  map 100% reduce 71%
20/06/09 06:53:16 INFO mapreduce.Job:  map 100% reduce 84%
20/06/09 06:53:19 INFO mapreduce.Job:  map 100% reduce 100%
20/06/09 06:53:19 INFO mapreduce.Job: Job job_1591652682819_0003 completed successfully
20/06/09 06:53:19 INFO mapreduce.Job: Counters: 50
	File System Counters
		FILE: Number of bytes read=745590832
		FILE: Number of bytes written=1147385449
		FILE: Number of read operations=0
		FILE: Number of large read operations=0
		FILE: Number of write operations=0
		HDFS: Number of bytes read=464786444
		HDFS: Number of bytes written=323096769
		HDFS: Number of read operations=19
		HDFS: Number of large read operations=0
		HDFS: Number of write operations=2
	Job Counters 
		Killed map tasks=1
		Launched map tasks=5
		Launched reduce tasks=1
		Data-local map tasks=5
		Total time spent by all maps in occupied slots (ms)=65378
		Total time spent by all reduces in occupied slots (ms)=16148
		Total time spent by all map tasks (ms)=65378
		Total time spent by all reduce tasks (ms)=16148
		Total vcore-milliseconds taken by all map tasks=65378
		Total vcore-milliseconds taken by all reduce tasks=16148
		Total megabyte-milliseconds taken by all map tasks=66947072
		Total megabyte-milliseconds taken by all reduce tasks=16535552
	Map-Reduce Framework
		Map input records=9842697
		Map output records=9842697
		Map output bytes=381495869
		Map output materialized bytes=401181287
		Input split bytes=504
		Combine input records=0
		Combine output records=0
		Reduce input groups=1251
		Reduce shuffle bytes=401181287
		Reduce input records=9842697
		Reduce output records=9842697
		Spilled Records=28736250
		Shuffled Maps =4
		Failed Shuffles=0
		Merged Map outputs=4
		GC time elapsed (ms)=2006
		CPU time spent (ms)=43780
		Physical memory (bytes) snapshot=1280282624
		Virtual memory (bytes) snapshot=10545496064
		Total committed heap usage (bytes)=936378368
	Shuffle Errors
		BAD_ID=0
		CONNECTION=0
		IO_ERROR=0
		WRONG_LENGTH=0
		WRONG_MAP=0
		WRONG_REDUCE=0
	File Input Format Counters 
		Bytes Read=464785940
	File Output Format Counters 
		Bytes Written=323096769
