20/06/09 07:02:53 INFO client.RMProxy: Connecting to ResourceManager at master/10.51.17.95:8032
20/06/09 07:02:54 INFO input.FileInputFormat: Total input paths to process : 10
20/06/09 07:02:55 INFO mapreduce.JobSubmitter: number of splits:90
20/06/09 07:02:55 INFO mapreduce.JobSubmitter: Submitting tokens for job: job_1591652682819_0008
20/06/09 07:02:55 INFO impl.YarnClientImpl: Submitted application application_1591652682819_0008
20/06/09 07:02:55 INFO mapreduce.Job: The url to track the job: http://master:8088/proxy/application_1591652682819_0008/
20/06/09 07:02:55 INFO mapreduce.Job: Running job: job_1591652682819_0008
20/06/09 07:03:02 INFO mapreduce.Job: Job job_1591652682819_0008 running in uber mode : false
20/06/09 07:03:02 INFO mapreduce.Job:  map 0% reduce 0%
20/06/09 07:03:17 INFO mapreduce.Job:  map 1% reduce 0%
20/06/09 07:03:18 INFO mapreduce.Job:  map 2% reduce 0%
20/06/09 07:03:22 INFO mapreduce.Job:  map 3% reduce 0%
20/06/09 07:03:31 INFO mapreduce.Job:  map 4% reduce 0%
20/06/09 07:03:35 INFO mapreduce.Job:  map 5% reduce 0%
20/06/09 07:03:38 INFO mapreduce.Job:  map 6% reduce 0%
20/06/09 07:03:45 INFO mapreduce.Job:  map 7% reduce 0%
20/06/09 07:03:48 INFO mapreduce.Job:  map 8% reduce 0%
20/06/09 07:03:54 INFO mapreduce.Job:  map 9% reduce 0%
20/06/09 07:03:58 INFO mapreduce.Job:  map 10% reduce 0%
20/06/09 07:04:00 INFO mapreduce.Job:  map 11% reduce 0%
20/06/09 07:04:02 INFO mapreduce.Job:  map 12% reduce 0%
20/06/09 07:04:10 INFO mapreduce.Job:  map 13% reduce 0%
20/06/09 07:04:14 INFO mapreduce.Job:  map 14% reduce 0%
20/06/09 07:04:18 INFO mapreduce.Job:  map 15% reduce 0%
20/06/09 07:04:19 INFO mapreduce.Job:  map 16% reduce 0%
20/06/09 07:04:20 INFO mapreduce.Job:  map 17% reduce 0%
20/06/09 07:04:27 INFO mapreduce.Job:  map 18% reduce 0%
20/06/09 07:04:33 INFO mapreduce.Job:  map 19% reduce 5%
20/06/09 07:04:36 INFO mapreduce.Job:  map 20% reduce 5%
20/06/09 07:04:42 INFO mapreduce.Job:  map 21% reduce 5%
20/06/09 07:04:47 INFO mapreduce.Job:  map 22% reduce 5%
20/06/09 07:04:50 INFO mapreduce.Job:  map 23% reduce 5%
20/06/09 07:04:51 INFO mapreduce.Job:  map 23% reduce 6%
20/06/09 07:04:53 INFO mapreduce.Job:  map 24% reduce 6%
20/06/09 07:04:57 INFO mapreduce.Job:  map 25% reduce 7%
20/06/09 07:04:59 INFO mapreduce.Job:  map 26% reduce 7%
20/06/09 07:05:08 INFO mapreduce.Job:  map 27% reduce 7%
20/06/09 07:05:11 INFO mapreduce.Job:  map 28% reduce 7%
20/06/09 07:05:18 INFO mapreduce.Job:  map 29% reduce 7%
20/06/09 07:05:21 INFO mapreduce.Job:  map 30% reduce 7%
20/06/09 07:05:25 INFO mapreduce.Job:  map 31% reduce 8%
20/06/09 07:05:26 INFO mapreduce.Job:  map 32% reduce 8%
20/06/09 07:05:28 INFO mapreduce.Job:  map 32% reduce 10%
20/06/09 07:05:29 INFO mapreduce.Job:  map 33% reduce 10%
20/06/09 07:05:36 INFO mapreduce.Job:  map 34% reduce 10%
20/06/09 07:05:39 INFO mapreduce.Job:  map 35% reduce 10%
20/06/09 07:05:44 INFO mapreduce.Job:  map 36% reduce 10%
20/06/09 07:05:49 INFO mapreduce.Job:  map 37% reduce 10%
20/06/09 07:05:50 INFO mapreduce.Job:  map 38% reduce 10%
20/06/09 07:05:52 INFO mapreduce.Job:  map 39% reduce 10%
20/06/09 07:05:53 INFO mapreduce.Job:  map 39% reduce 12%
20/06/09 07:06:01 INFO mapreduce.Job:  map 40% reduce 12%
20/06/09 07:06:04 INFO mapreduce.Job:  map 41% reduce 12%
20/06/09 07:06:10 INFO mapreduce.Job:  map 42% reduce 12%
20/06/09 07:06:14 INFO mapreduce.Job:  map 43% reduce 12%
20/06/09 07:06:20 INFO mapreduce.Job:  map 44% reduce 12%
20/06/09 07:06:23 INFO mapreduce.Job:  map 45% reduce 13%
20/06/09 07:06:30 INFO mapreduce.Job:  map 46% reduce 13%
20/06/09 07:06:32 INFO mapreduce.Job:  map 47% reduce 13%
20/06/09 07:06:34 INFO mapreduce.Job:  map 48% reduce 13%
20/06/09 07:06:35 INFO mapreduce.Job:  map 48% reduce 14%
20/06/09 07:06:38 INFO mapreduce.Job:  map 49% reduce 14%
20/06/09 07:06:41 INFO mapreduce.Job:  map 49% reduce 15%
20/06/09 07:06:42 INFO mapreduce.Job:  map 50% reduce 15%
20/06/09 07:06:43 INFO mapreduce.Job:  map 51% reduce 15%
20/06/09 07:06:44 INFO mapreduce.Job:  map 51% reduce 16%
20/06/09 07:06:46 INFO mapreduce.Job:  map 52% reduce 16%
20/06/09 07:06:50 INFO mapreduce.Job:  map 52% reduce 17%
20/06/09 07:06:52 INFO mapreduce.Job:  map 53% reduce 17%
20/06/09 07:06:57 INFO mapreduce.Job:  map 54% reduce 17%
20/06/09 07:07:02 INFO mapreduce.Job:  map 55% reduce 17%
20/06/09 07:07:07 INFO mapreduce.Job:  map 56% reduce 17%
20/06/09 07:07:12 INFO mapreduce.Job:  map 57% reduce 17%
20/06/09 07:07:17 INFO mapreduce.Job:  map 58% reduce 17%
20/06/09 07:07:22 INFO mapreduce.Job:  map 59% reduce 17%
20/06/09 07:07:27 INFO mapreduce.Job:  map 60% reduce 17%
20/06/09 07:07:31 INFO mapreduce.Job:  map 61% reduce 17%
20/06/09 07:07:34 INFO mapreduce.Job:  map 62% reduce 17%
20/06/09 07:07:37 INFO mapreduce.Job:  map 62% reduce 19%
20/06/09 07:07:38 INFO mapreduce.Job:  map 63% reduce 19%
20/06/09 07:07:39 INFO mapreduce.Job:  map 64% reduce 19%
20/06/09 07:07:40 INFO mapreduce.Job:  map 64% reduce 20%
20/06/09 07:07:42 INFO mapreduce.Job:  map 65% reduce 20%
20/06/09 07:07:43 INFO mapreduce.Job:  map 65% reduce 21%
20/06/09 07:07:46 INFO mapreduce.Job:  map 66% reduce 21%
20/06/09 07:07:49 INFO mapreduce.Job:  map 66% reduce 22%
20/06/09 07:07:51 INFO mapreduce.Job:  map 67% reduce 22%
20/06/09 07:07:54 INFO mapreduce.Job:  map 68% reduce 22%
20/06/09 07:08:00 INFO mapreduce.Job:  map 69% reduce 22%
20/06/09 07:08:05 INFO mapreduce.Job:  map 70% reduce 22%
20/06/09 07:08:10 INFO mapreduce.Job:  map 71% reduce 22%
20/06/09 07:08:15 INFO mapreduce.Job:  map 72% reduce 22%
20/06/09 07:08:20 INFO mapreduce.Job:  map 73% reduce 22%
20/06/09 07:08:26 INFO mapreduce.Job:  map 74% reduce 22%
20/06/09 07:08:30 INFO mapreduce.Job:  map 75% reduce 22%
20/06/09 07:08:33 INFO mapreduce.Job:  map 76% reduce 22%
20/06/09 07:08:34 INFO mapreduce.Job:  map 76% reduce 23%
20/06/09 07:08:36 INFO mapreduce.Job:  map 77% reduce 23%
20/06/09 07:08:38 INFO mapreduce.Job:  map 78% reduce 23%
20/06/09 07:08:40 INFO mapreduce.Job:  map 78% reduce 25%
20/06/09 07:08:42 INFO mapreduce.Job:  map 79% reduce 25%
20/06/09 07:08:45 INFO mapreduce.Job:  map 80% reduce 25%
20/06/09 07:08:46 INFO mapreduce.Job:  map 80% reduce 26%
20/06/09 07:08:49 INFO mapreduce.Job:  map 81% reduce 26%
20/06/09 07:08:50 INFO mapreduce.Job:  map 82% reduce 26%
20/06/09 07:08:52 INFO mapreduce.Job:  map 82% reduce 27%
20/06/09 07:08:54 INFO mapreduce.Job:  map 83% reduce 27%
20/06/09 07:08:56 INFO mapreduce.Job:  map 84% reduce 27%
20/06/09 07:08:58 INFO mapreduce.Job:  map 85% reduce 27%
20/06/09 07:09:02 INFO mapreduce.Job:  map 86% reduce 27%
20/06/09 07:09:05 INFO mapreduce.Job:  map 87% reduce 27%
20/06/09 07:09:06 INFO mapreduce.Job:  map 88% reduce 27%
20/06/09 07:09:08 INFO mapreduce.Job:  map 88% reduce 28%
20/06/09 07:09:10 INFO mapreduce.Job:  map 89% reduce 28%
20/06/09 07:09:11 INFO mapreduce.Job:  map 90% reduce 28%
20/06/09 07:09:14 INFO mapreduce.Job:  map 91% reduce 28%
20/06/09 07:09:16 INFO mapreduce.Job:  map 92% reduce 28%
20/06/09 07:09:17 INFO mapreduce.Job:  map 92% reduce 29%
20/06/09 07:09:19 INFO mapreduce.Job:  map 93% reduce 29%
20/06/09 07:09:22 INFO mapreduce.Job:  map 94% reduce 29%
20/06/09 07:09:24 INFO mapreduce.Job:  map 95% reduce 29%
20/06/09 07:09:26 INFO mapreduce.Job:  map 96% reduce 30%
20/06/09 07:09:27 INFO mapreduce.Job:  map 97% reduce 30%
20/06/09 07:09:28 INFO mapreduce.Job:  map 98% reduce 30%
20/06/09 07:09:29 INFO mapreduce.Job:  map 98% reduce 31%
20/06/09 07:09:32 INFO mapreduce.Job:  map 99% reduce 32%
20/06/09 07:09:38 INFO mapreduce.Job:  map 100% reduce 33%
20/06/09 07:09:41 INFO mapreduce.Job:  map 100% reduce 52%
20/06/09 07:09:44 INFO mapreduce.Job:  map 100% reduce 71%
20/06/09 07:09:47 INFO mapreduce.Job:  map 100% reduce 76%
20/06/09 07:09:50 INFO mapreduce.Job:  map 100% reduce 81%
20/06/09 07:09:53 INFO mapreduce.Job:  map 100% reduce 88%
20/06/09 07:09:56 INFO mapreduce.Job:  map 100% reduce 96%
20/06/09 07:09:57 INFO mapreduce.Job:  map 100% reduce 100%
20/06/09 07:09:58 INFO mapreduce.Job: Job job_1591652682819_0008 completed successfully
20/06/09 07:09:58 INFO mapreduce.Job: Counters: 50
	File System Counters
		FILE: Number of bytes read=1694714116
		FILE: Number of bytes written=2510124550
		FILE: Number of read operations=0
		FILE: Number of large read operations=0
		FILE: Number of write operations=0
		HDFS: Number of bytes read=11025355166
		HDFS: Number of bytes written=485573005
		HDFS: Number of read operations=273
		HDFS: Number of large read operations=0
		HDFS: Number of write operations=2
	Job Counters 
		Killed map tasks=1
		Launched map tasks=91
		Launched reduce tasks=1
		Data-local map tasks=91
		Total time spent by all maps in occupied slots (ms)=5026092
		Total time spent by all reduces in occupied slots (ms)=338142
		Total time spent by all map tasks (ms)=5026092
		Total time spent by all reduce tasks (ms)=338142
		Total vcore-milliseconds taken by all map tasks=5026092
		Total vcore-milliseconds taken by all reduce tasks=338142
		Total megabyte-milliseconds taken by all map tasks=5146718208
		Total megabyte-milliseconds taken by all reduce tasks=346257408
	Map-Reduce Framework
		Map input records=265901
		Map output records=1009447342
		Map output bytes=19258350972
		Map output materialized bytes=804200028
		Input split bytes=10530
		Combine input records=1034438707
		Combine output records=47598718
		Reduce input groups=9841626
		Reduce shuffle bytes=804200028
		Reduce input records=22607353
		Reduce output records=9841626
		Spilled Records=70884083
		Shuffled Maps =90
		Failed Shuffles=0
		Merged Map outputs=90
		GC time elapsed (ms)=106147
		CPU time spent (ms)=2033500
		Physical memory (bytes) snapshot=25140482048
		Virtual memory (bytes) snapshot=191990136832
		Total committed heap usage (bytes)=18932039680
	Shuffle Errors
		BAD_ID=0
		CONNECTION=0
		IO_ERROR=0
		WRONG_LENGTH=0
		WRONG_MAP=0
		WRONG_REDUCE=0
	File Input Format Counters 
		Bytes Read=11025344636
	File Output Format Counters 
		Bytes Written=485573005
20/06/09 07:09:58 INFO client.RMProxy: Connecting to ResourceManager at master/10.51.17.95:8032
20/06/09 07:09:58 INFO input.FileInputFormat: Total input paths to process : 1
20/06/09 07:09:59 INFO mapreduce.JobSubmitter: number of splits:4
20/06/09 07:09:59 INFO mapreduce.JobSubmitter: Submitting tokens for job: job_1591652682819_0009
20/06/09 07:09:59 INFO impl.YarnClientImpl: Submitted application application_1591652682819_0009
20/06/09 07:09:59 INFO mapreduce.Job: The url to track the job: http://master:8088/proxy/application_1591652682819_0009/
20/06/09 07:09:59 INFO mapreduce.Job: Running job: job_1591652682819_0009
20/06/09 07:10:07 INFO mapreduce.Job: Job job_1591652682819_0009 running in uber mode : false
20/06/09 07:10:07 INFO mapreduce.Job:  map 0% reduce 0%
20/06/09 07:10:18 INFO mapreduce.Job:  map 25% reduce 0%
20/06/09 07:10:19 INFO mapreduce.Job:  map 58% reduce 0%
20/06/09 07:10:21 INFO mapreduce.Job:  map 64% reduce 0%
20/06/09 07:10:23 INFO mapreduce.Job:  map 75% reduce 0%
20/06/09 07:10:26 INFO mapreduce.Job:  map 87% reduce 0%
20/06/09 07:10:27 INFO mapreduce.Job:  map 100% reduce 0%
20/06/09 07:10:30 INFO mapreduce.Job:  map 100% reduce 79%
20/06/09 07:10:33 INFO mapreduce.Job:  map 100% reduce 92%
20/06/09 07:10:36 INFO mapreduce.Job:  map 100% reduce 100%
20/06/09 07:10:37 INFO mapreduce.Job: Job job_1591652682819_0009 completed successfully
20/06/09 07:10:37 INFO mapreduce.Job: Counters: 50
	File System Counters
		FILE: Number of bytes read=843556438
		FILE: Number of bytes written=1265947980
		FILE: Number of read operations=0
		FILE: Number of large read operations=0
		FILE: Number of write operations=0
		HDFS: Number of bytes read=485575619
		HDFS: Number of bytes written=343702341
		HDFS: Number of read operations=19
		HDFS: Number of large read operations=0
		HDFS: Number of write operations=2
	Job Counters 
		Killed map tasks=1
		Launched map tasks=4
		Launched reduce tasks=1
		Data-local map tasks=4
		Total time spent by all maps in occupied slots (ms)=54325
		Total time spent by all reduces in occupied slots (ms)=13781
		Total time spent by all map tasks (ms)=54325
		Total time spent by all reduce tasks (ms)=13781
		Total vcore-milliseconds taken by all map tasks=54325
		Total vcore-milliseconds taken by all reduce tasks=13781
		Total megabyte-milliseconds taken by all map tasks=55628800
		Total megabyte-milliseconds taken by all reduce tasks=14111744
	Map-Reduce Framework
		Map input records=9841626
		Map output records=9841626
		Map output bytes=402094931
		Map output materialized bytes=421778207
		Input split bytes=508
		Combine input records=0
		Combine output records=0
		Reduce input groups=1257
		Reduce shuffle bytes=421778207
		Reduce input records=9841626
		Reduce output records=9841626
		Spilled Records=29524878
		Shuffled Maps =4
		Failed Shuffles=0
		Merged Map outputs=4
		GC time elapsed (ms)=1485
		CPU time spent (ms)=44990
		Physical memory (bytes) snapshot=1279696896
		Virtual memory (bytes) snapshot=10543165440
		Total committed heap usage (bytes)=942669824
	Shuffle Errors
		BAD_ID=0
		CONNECTION=0
		IO_ERROR=0
		WRONG_LENGTH=0
		WRONG_MAP=0
		WRONG_REDUCE=0
	File Input Format Counters 
		Bytes Read=485575111
	File Output Format Counters 
		Bytes Written=343702341
