20/06/17 21:02:36 INFO client.RMProxy: Connecting to ResourceManager at master/10.51.17.95:8032
20/06/17 21:02:36 INFO client.RMProxy: Connecting to ResourceManager at master/10.51.17.95:8032
20/06/17 21:02:37 INFO input.FileInputFormat: Total input paths to process : 10
20/06/17 21:02:37 INFO mapreduce.JobSubmitter: number of splits:80
20/06/17 21:02:38 INFO mapreduce.JobSubmitter: Submitting tokens for job: job_1592394267532_0004
20/06/17 21:02:38 INFO impl.YarnClientImpl: Submitted application application_1592394267532_0004
20/06/17 21:02:38 INFO mapreduce.Job: The url to track the job: http://master:8088/proxy/application_1592394267532_0004/
20/06/17 21:02:38 INFO mapreduce.Job: Running job: job_1592394267532_0004
20/06/17 21:02:43 INFO mapreduce.Job: Job job_1592394267532_0004 running in uber mode : false
20/06/17 21:02:43 INFO mapreduce.Job:  map 0% reduce 0%
20/06/17 21:02:52 INFO mapreduce.Job:  map 3% reduce 0%
20/06/17 21:02:53 INFO mapreduce.Job:  map 5% reduce 0%
20/06/17 21:02:54 INFO mapreduce.Job:  map 8% reduce 0%
20/06/17 21:02:56 INFO mapreduce.Job:  map 13% reduce 0%
20/06/17 21:03:00 INFO mapreduce.Job:  map 16% reduce 0%
20/06/17 21:03:02 INFO mapreduce.Job:  map 17% reduce 0%
20/06/17 21:03:05 INFO mapreduce.Job:  map 20% reduce 0%
20/06/17 21:03:07 INFO mapreduce.Job:  map 21% reduce 0%
20/06/17 21:03:09 INFO mapreduce.Job:  map 22% reduce 2%
20/06/17 21:03:11 INFO mapreduce.Job:  map 26% reduce 2%
20/06/17 21:03:12 INFO mapreduce.Job:  map 28% reduce 3%
20/06/17 21:03:13 INFO mapreduce.Job:  map 29% reduce 3%
20/06/17 21:03:15 INFO mapreduce.Job:  map 30% reduce 3%
20/06/17 21:03:16 INFO mapreduce.Job:  map 31% reduce 3%
20/06/17 21:03:17 INFO mapreduce.Job:  map 31% reduce 5%
20/06/17 21:03:19 INFO mapreduce.Job:  map 32% reduce 5%
20/06/17 21:03:20 INFO mapreduce.Job:  map 32% reduce 6%
20/06/17 21:03:22 INFO mapreduce.Job:  map 34% reduce 6%
20/06/17 21:03:23 INFO mapreduce.Job:  map 35% reduce 7%
20/06/17 21:03:24 INFO mapreduce.Job:  map 36% reduce 7%
20/06/17 21:03:25 INFO mapreduce.Job:  map 37% reduce 7%
20/06/17 21:03:27 INFO mapreduce.Job:  map 38% reduce 8%
20/06/17 21:03:29 INFO mapreduce.Job:  map 39% reduce 8%
20/06/17 21:03:30 INFO mapreduce.Job:  map 40% reduce 8%
20/06/17 21:03:33 INFO mapreduce.Job:  map 42% reduce 8%
20/06/17 21:03:35 INFO mapreduce.Job:  map 43% reduce 9%
20/06/17 21:03:36 INFO mapreduce.Job:  map 44% reduce 10%
20/06/17 21:03:39 INFO mapreduce.Job:  map 47% reduce 11%
20/06/17 21:03:41 INFO mapreduce.Job:  map 49% reduce 11%
20/06/17 21:03:42 INFO mapreduce.Job:  map 49% reduce 12%
20/06/17 21:03:43 INFO mapreduce.Job:  map 50% reduce 12%
20/06/17 21:03:45 INFO mapreduce.Job:  map 51% reduce 12%
20/06/17 21:03:46 INFO mapreduce.Job:  map 52% reduce 12%
20/06/17 21:03:47 INFO mapreduce.Job:  map 52% reduce 13%
20/06/17 21:03:48 INFO mapreduce.Job:  map 53% reduce 13%
20/06/17 21:03:49 INFO mapreduce.Job:  map 54% reduce 13%
20/06/17 21:03:51 INFO mapreduce.Job:  map 55% reduce 13%
20/06/17 21:03:52 INFO mapreduce.Job:  map 56% reduce 13%
20/06/17 21:03:54 INFO mapreduce.Job:  map 58% reduce 14%
20/06/17 21:03:56 INFO mapreduce.Job:  map 59% reduce 15%
20/06/17 21:03:58 INFO mapreduce.Job:  map 60% reduce 15%
20/06/17 21:03:59 INFO mapreduce.Job:  map 61% reduce 15%
20/06/17 21:04:00 INFO mapreduce.Job:  map 62% reduce 15%
20/06/17 21:04:01 INFO mapreduce.Job:  map 63% reduce 15%
20/06/17 21:04:02 INFO mapreduce.Job:  map 63% reduce 16%
20/06/17 21:04:07 INFO mapreduce.Job:  map 64% reduce 16%
20/06/17 21:04:08 INFO mapreduce.Job:  map 65% reduce 17%
20/06/17 21:04:09 INFO mapreduce.Job:  map 65% reduce 18%
20/06/17 21:04:13 INFO mapreduce.Job:  map 66% reduce 18%
20/06/17 21:04:14 INFO mapreduce.Job:  map 68% reduce 18%
20/06/17 21:04:16 INFO mapreduce.Job:  map 69% reduce 18%
20/06/17 21:04:17 INFO mapreduce.Job:  map 71% reduce 18%
20/06/17 21:04:19 INFO mapreduce.Job:  map 72% reduce 18%
20/06/17 21:04:20 INFO mapreduce.Job:  map 73% reduce 18%
20/06/17 21:04:22 INFO mapreduce.Job:  map 73% reduce 19%
20/06/17 21:04:24 INFO mapreduce.Job:  map 74% reduce 19%
20/06/17 21:04:27 INFO mapreduce.Job:  map 75% reduce 20%
20/06/17 21:04:28 INFO mapreduce.Job:  map 76% reduce 20%
20/06/17 21:04:30 INFO mapreduce.Job:  map 77% reduce 21%
20/06/17 21:04:31 INFO mapreduce.Job:  map 78% reduce 21%
20/06/17 21:04:33 INFO mapreduce.Job:  map 79% reduce 21%
20/06/17 21:04:34 INFO mapreduce.Job:  map 80% reduce 21%
20/06/17 21:04:37 INFO mapreduce.Job:  map 81% reduce 22%
20/06/17 21:04:38 INFO mapreduce.Job:  map 82% reduce 22%
20/06/17 21:04:40 INFO mapreduce.Job:  map 82% reduce 23%
20/06/17 21:04:42 INFO mapreduce.Job:  map 84% reduce 23%
20/06/17 21:04:47 INFO mapreduce.Job:  map 85% reduce 23%
20/06/17 21:04:48 INFO mapreduce.Job:  map 86% reduce 23%
20/06/17 21:04:49 INFO mapreduce.Job:  map 87% reduce 23%
20/06/17 21:04:51 INFO mapreduce.Job:  map 88% reduce 24%
20/06/17 21:04:52 INFO mapreduce.Job:  map 89% reduce 24%
20/06/17 21:04:55 INFO mapreduce.Job:  map 90% reduce 24%
20/06/17 21:04:57 INFO mapreduce.Job:  map 91% reduce 24%
20/06/17 21:04:58 INFO mapreduce.Job:  map 92% reduce 25%
20/06/17 21:05:01 INFO mapreduce.Job:  map 92% reduce 26%
20/06/17 21:05:03 INFO mapreduce.Job:  map 93% reduce 26%
20/06/17 21:05:04 INFO mapreduce.Job:  map 93% reduce 27%
20/06/17 21:05:07 INFO mapreduce.Job:  map 94% reduce 27%
20/06/17 21:05:09 INFO mapreduce.Job:  map 95% reduce 27%
20/06/17 21:05:10 INFO mapreduce.Job:  map 96% reduce 27%
20/06/17 21:05:13 INFO mapreduce.Job:  map 97% reduce 27%
20/06/17 21:05:15 INFO mapreduce.Job:  map 98% reduce 28%
20/06/17 21:05:16 INFO mapreduce.Job:  map 99% reduce 28%
20/06/17 21:05:17 INFO mapreduce.Job:  map 100% reduce 28%
20/06/17 21:05:19 INFO mapreduce.Job:  map 100% reduce 29%
20/06/17 21:05:21 INFO mapreduce.Job:  map 100% reduce 30%
20/06/17 21:05:22 INFO mapreduce.Job:  map 100% reduce 44%
20/06/17 21:05:24 INFO mapreduce.Job:  map 100% reduce 45%
20/06/17 21:05:25 INFO mapreduce.Job:  map 100% reduce 53%
20/06/17 21:05:31 INFO mapreduce.Job:  map 100% reduce 55%
20/06/17 21:05:34 INFO mapreduce.Job:  map 100% reduce 56%
20/06/17 21:05:36 INFO mapreduce.Job:  map 100% reduce 58%
20/06/17 21:05:37 INFO mapreduce.Job:  map 100% reduce 59%
20/06/17 21:05:40 INFO mapreduce.Job:  map 100% reduce 60%
20/06/17 21:05:42 INFO mapreduce.Job:  map 100% reduce 61%
20/06/17 21:05:45 INFO mapreduce.Job:  map 100% reduce 70%
20/06/17 21:05:46 INFO mapreduce.Job:  map 100% reduce 72%
20/06/17 21:05:48 INFO mapreduce.Job:  map 100% reduce 73%
20/06/17 21:05:49 INFO mapreduce.Job:  map 100% reduce 74%
20/06/17 21:05:52 INFO mapreduce.Job:  map 100% reduce 75%
20/06/17 21:05:55 INFO mapreduce.Job:  map 100% reduce 76%
20/06/17 21:05:57 INFO mapreduce.Job:  map 100% reduce 77%
20/06/17 21:05:58 INFO mapreduce.Job:  map 100% reduce 78%
20/06/17 21:06:01 INFO mapreduce.Job:  map 100% reduce 79%
20/06/17 21:06:03 INFO mapreduce.Job:  map 100% reduce 80%
20/06/17 21:06:06 INFO mapreduce.Job:  map 100% reduce 81%
20/06/17 21:06:09 INFO mapreduce.Job:  map 100% reduce 82%
20/06/17 21:06:10 INFO mapreduce.Job:  map 100% reduce 83%
20/06/17 21:06:12 INFO mapreduce.Job:  map 100% reduce 84%
20/06/17 21:06:13 INFO mapreduce.Job:  map 100% reduce 85%
20/06/17 21:06:15 INFO mapreduce.Job:  map 100% reduce 86%
20/06/17 21:06:16 INFO mapreduce.Job:  map 100% reduce 87%
20/06/17 21:06:18 INFO mapreduce.Job:  map 100% reduce 88%
20/06/17 21:06:20 INFO mapreduce.Job:  map 100% reduce 89%
20/06/17 21:06:22 INFO mapreduce.Job:  map 100% reduce 90%
20/06/17 21:06:23 INFO mapreduce.Job:  map 100% reduce 91%
20/06/17 21:06:25 INFO mapreduce.Job:  map 100% reduce 92%
20/06/17 21:06:26 INFO mapreduce.Job:  map 100% reduce 93%
20/06/17 21:06:28 INFO mapreduce.Job:  map 100% reduce 94%
20/06/17 21:06:29 INFO mapreduce.Job:  map 100% reduce 95%
20/06/17 21:06:32 INFO mapreduce.Job:  map 100% reduce 96%
20/06/17 21:06:35 INFO mapreduce.Job:  map 100% reduce 97%
20/06/17 21:06:38 INFO mapreduce.Job:  map 100% reduce 99%
20/06/17 21:06:43 INFO mapreduce.Job:  map 100% reduce 100%
20/06/17 21:06:44 INFO mapreduce.Job: Job job_1592394267532_0004 completed successfully
20/06/17 21:06:45 INFO mapreduce.Job: Counters: 51
	File System Counters
		FILE: Number of bytes read=31974520677
		FILE: Number of bytes written=42735048567
		FILE: Number of read operations=0
		FILE: Number of large read operations=0
		FILE: Number of write operations=0
		HDFS: Number of bytes read=10774009875
		HDFS: Number of bytes written=10772846837
		HDFS: Number of read operations=329
		HDFS: Number of large read operations=0
		HDFS: Number of write operations=6
	Job Counters 
		Killed map tasks=1
		Launched map tasks=81
		Launched reduce tasks=3
		Data-local map tasks=70
		Rack-local map tasks=11
		Total time spent by all maps in occupied slots (ms)=1027269
		Total time spent by all reduces in occupied slots (ms)=600814
		Total time spent by all map tasks (ms)=1027269
		Total time spent by all reduce tasks (ms)=600814
		Total vcore-milliseconds taken by all map tasks=1027269
		Total vcore-milliseconds taken by all reduce tasks=600814
		Total megabyte-milliseconds taken by all map tasks=1051923456
		Total megabyte-milliseconds taken by all reduce tasks=615233536
	Map-Reduce Framework
		Map input records=1022600
		Map output records=1022600
		Map output bytes=10745642829
		Map output materialized bytes=10751392560
		Input split bytes=8240
		Combine input records=0
		Combine output records=0
		Reduce input groups=1022600
		Reduce shuffle bytes=10751392560
		Reduce input records=1022600
		Reduce output records=1022600
		Spilled Records=4063920
		Shuffled Maps =240
		Failed Shuffles=0
		Merged Map outputs=240
		GC time elapsed (ms)=11823
		CPU time spent (ms)=231600
		Physical memory (bytes) snapshot=22058610688
		Virtual memory (bytes) snapshot=175129690112
		Total committed heap usage (bytes)=16580608000
	Shuffle Errors
		BAD_ID=0
		CONNECTION=0
		IO_ERROR=0
		WRONG_LENGTH=0
		WRONG_MAP=0
		WRONG_REDUCE=0
	File Input Format Counters 
		Bytes Read=10774001635
	File Output Format Counters 
		Bytes Written=10772846837
