20/06/06 19:29:59 INFO client.RMProxy: Connecting to ResourceManager at master/10.51.17.95:8032
20/06/06 19:30:00 INFO client.RMProxy: Connecting to ResourceManager at master/10.51.17.95:8032
20/06/06 19:30:00 INFO input.FileInputFormat: Total input paths to process : 10
20/06/06 19:30:01 INFO mapreduce.JobSubmitter: number of splits:80
20/06/06 19:30:01 INFO mapreduce.JobSubmitter: Submitting tokens for job: job_1591435243608_0025
20/06/06 19:30:01 INFO impl.YarnClientImpl: Submitted application application_1591435243608_0025
20/06/06 19:30:01 INFO mapreduce.Job: The url to track the job: http://master:8088/proxy/application_1591435243608_0025/
20/06/06 19:30:01 INFO mapreduce.Job: Running job: job_1591435243608_0025
20/06/06 19:30:08 INFO mapreduce.Job: Job job_1591435243608_0025 running in uber mode : false
20/06/06 19:30:08 INFO mapreduce.Job:  map 0% reduce 0%
20/06/06 19:30:19 INFO mapreduce.Job:  map 3% reduce 0%
20/06/06 19:30:20 INFO mapreduce.Job:  map 5% reduce 0%
20/06/06 19:30:22 INFO mapreduce.Job:  map 9% reduce 0%
20/06/06 19:30:24 INFO mapreduce.Job:  map 10% reduce 0%
20/06/06 19:30:25 INFO mapreduce.Job:  map 17% reduce 0%
20/06/06 19:30:27 INFO mapreduce.Job:  map 18% reduce 0%
20/06/06 19:30:28 INFO mapreduce.Job:  map 20% reduce 0%
20/06/06 19:30:29 INFO mapreduce.Job:  map 21% reduce 0%
20/06/06 19:30:31 INFO mapreduce.Job:  map 24% reduce 0%
20/06/06 19:30:32 INFO mapreduce.Job:  map 25% reduce 0%
20/06/06 19:30:33 INFO mapreduce.Job:  map 26% reduce 0%
20/06/06 19:30:34 INFO mapreduce.Job:  map 28% reduce 0%
20/06/06 19:30:37 INFO mapreduce.Job:  map 29% reduce 0%
20/06/06 19:30:38 INFO mapreduce.Job:  map 30% reduce 0%
20/06/06 19:30:39 INFO mapreduce.Job:  map 33% reduce 3%
20/06/06 19:30:41 INFO mapreduce.Job:  map 37% reduce 3%
20/06/06 19:30:42 INFO mapreduce.Job:  map 38% reduce 4%
20/06/06 19:30:44 INFO mapreduce.Job:  map 39% reduce 5%
20/06/06 19:30:45 INFO mapreduce.Job:  map 40% reduce 5%
20/06/06 19:30:46 INFO mapreduce.Job:  map 41% reduce 8%
20/06/06 19:30:48 INFO mapreduce.Job:  map 41% reduce 9%
20/06/06 19:30:49 INFO mapreduce.Job:  map 42% reduce 9%
20/06/06 19:30:51 INFO mapreduce.Job:  map 43% reduce 9%
20/06/06 19:30:52 INFO mapreduce.Job:  map 44% reduce 9%
20/06/06 19:30:53 INFO mapreduce.Job:  map 45% reduce 9%
20/06/06 19:30:55 INFO mapreduce.Job:  map 47% reduce 9%
20/06/06 19:30:56 INFO mapreduce.Job:  map 47% reduce 10%
20/06/06 19:30:58 INFO mapreduce.Job:  map 48% reduce 10%
20/06/06 19:30:59 INFO mapreduce.Job:  map 49% reduce 11%
20/06/06 19:31:03 INFO mapreduce.Job:  map 51% reduce 11%
20/06/06 19:31:04 INFO mapreduce.Job:  map 51% reduce 12%
20/06/06 19:31:06 INFO mapreduce.Job:  map 52% reduce 12%
20/06/06 19:31:07 INFO mapreduce.Job:  map 53% reduce 12%
20/06/06 19:31:08 INFO mapreduce.Job:  map 54% reduce 12%
20/06/06 19:31:09 INFO mapreduce.Job:  map 56% reduce 12%
20/06/06 19:31:10 INFO mapreduce.Job:  map 57% reduce 13%
20/06/06 19:31:11 INFO mapreduce.Job:  map 58% reduce 13%
20/06/06 19:31:12 INFO mapreduce.Job:  map 58% reduce 14%
20/06/06 19:31:18 INFO mapreduce.Job:  map 60% reduce 14%
20/06/06 19:31:20 INFO mapreduce.Job:  map 64% reduce 14%
20/06/06 19:31:22 INFO mapreduce.Job:  map 66% reduce 15%
20/06/06 19:31:24 INFO mapreduce.Job:  map 67% reduce 15%
20/06/06 19:31:25 INFO mapreduce.Job:  map 67% reduce 16%
20/06/06 19:31:29 INFO mapreduce.Job:  map 69% reduce 16%
20/06/06 19:31:30 INFO mapreduce.Job:  map 70% reduce 17%
20/06/06 19:31:33 INFO mapreduce.Job:  map 71% reduce 17%
20/06/06 19:31:34 INFO mapreduce.Job:  map 72% reduce 17%
20/06/06 19:31:36 INFO mapreduce.Job:  map 74% reduce 17%
20/06/06 19:31:37 INFO mapreduce.Job:  map 75% reduce 18%
20/06/06 19:31:40 INFO mapreduce.Job:  map 75% reduce 19%
20/06/06 19:31:42 INFO mapreduce.Job:  map 76% reduce 19%
20/06/06 19:31:43 INFO mapreduce.Job:  map 77% reduce 19%
20/06/06 19:31:46 INFO mapreduce.Job:  map 78% reduce 20%
20/06/06 19:31:48 INFO mapreduce.Job:  map 79% reduce 20%
20/06/06 19:31:52 INFO mapreduce.Job:  map 80% reduce 20%
20/06/06 19:31:53 INFO mapreduce.Job:  map 82% reduce 20%
20/06/06 19:31:54 INFO mapreduce.Job:  map 82% reduce 21%
20/06/06 19:31:56 INFO mapreduce.Job:  map 83% reduce 21%
20/06/06 19:31:57 INFO mapreduce.Job:  map 83% reduce 22%
20/06/06 19:31:58 INFO mapreduce.Job:  map 84% reduce 22%
20/06/06 19:31:59 INFO mapreduce.Job:  map 85% reduce 22%
20/06/06 19:32:00 INFO mapreduce.Job:  map 85% reduce 23%
20/06/06 19:32:03 INFO mapreduce.Job:  map 86% reduce 23%
20/06/06 19:32:04 INFO mapreduce.Job:  map 86% reduce 24%
20/06/06 19:32:08 INFO mapreduce.Job:  map 87% reduce 24%
20/06/06 19:32:10 INFO mapreduce.Job:  map 89% reduce 24%
20/06/06 19:32:12 INFO mapreduce.Job:  map 90% reduce 25%
20/06/06 19:32:13 INFO mapreduce.Job:  map 90% reduce 26%
20/06/06 19:32:14 INFO mapreduce.Job:  map 91% reduce 26%
20/06/06 19:32:15 INFO mapreduce.Job:  map 92% reduce 26%
20/06/06 19:32:18 INFO mapreduce.Job:  map 92% reduce 27%
20/06/06 19:32:20 INFO mapreduce.Job:  map 93% reduce 27%
20/06/06 19:32:22 INFO mapreduce.Job:  map 93% reduce 28%
20/06/06 19:32:24 INFO mapreduce.Job:  map 94% reduce 28%
20/06/06 19:32:25 INFO mapreduce.Job:  map 95% reduce 28%
20/06/06 19:32:28 INFO mapreduce.Job:  map 95% reduce 29%
20/06/06 19:32:30 INFO mapreduce.Job:  map 95% reduce 30%
20/06/06 19:32:34 INFO mapreduce.Job:  map 95% reduce 31%
20/06/06 19:32:37 INFO mapreduce.Job:  map 95% reduce 32%
20/06/06 19:32:47 INFO mapreduce.Job:  map 65% reduce 11%
20/06/06 19:32:52 INFO mapreduce.Job:  map 66% reduce 11%
20/06/06 19:32:54 INFO mapreduce.Job:  map 68% reduce 11%
20/06/06 19:32:56 INFO mapreduce.Job:  map 69% reduce 11%
20/06/06 19:32:59 INFO mapreduce.Job:  map 70% reduce 11%
20/06/06 19:33:00 INFO mapreduce.Job:  map 71% reduce 11%
20/06/06 19:33:01 INFO mapreduce.Job:  map 73% reduce 11%
20/06/06 19:33:02 INFO mapreduce.Job:  map 74% reduce 11%
20/06/06 19:33:04 INFO mapreduce.Job:  map 75% reduce 11%
20/06/06 19:33:07 INFO mapreduce.Job:  map 76% reduce 11%
20/06/06 19:33:09 INFO mapreduce.Job:  map 79% reduce 11%
20/06/06 19:33:10 INFO mapreduce.Job:  map 80% reduce 11%
20/06/06 19:33:12 INFO mapreduce.Job:  map 81% reduce 11%
20/06/06 19:33:14 INFO mapreduce.Job:  map 82% reduce 11%
20/06/06 19:33:17 INFO mapreduce.Job:  map 85% reduce 11%
20/06/06 19:33:19 INFO mapreduce.Job:  map 86% reduce 11%
20/06/06 19:33:20 INFO mapreduce.Job:  map 88% reduce 11%
20/06/06 19:33:21 INFO mapreduce.Job:  map 89% reduce 11%
20/06/06 19:33:25 INFO mapreduce.Job:  map 90% reduce 11%
20/06/06 19:33:26 INFO mapreduce.Job:  map 93% reduce 11%
20/06/06 19:33:27 INFO mapreduce.Job:  map 94% reduce 11%
20/06/06 19:33:28 INFO mapreduce.Job:  map 95% reduce 11%
20/06/06 19:33:33 INFO mapreduce.Job:  map 98% reduce 11%
20/06/06 19:33:34 INFO mapreduce.Job:  map 99% reduce 11%
20/06/06 19:33:36 INFO mapreduce.Job:  map 100% reduce 11%
20/06/06 19:33:39 INFO mapreduce.Job:  map 100% reduce 23%
20/06/06 19:33:42 INFO mapreduce.Job:  map 100% reduce 24%
20/06/06 19:33:43 INFO mapreduce.Job:  map 100% reduce 25%
20/06/06 19:33:44 INFO mapreduce.Job:  map 100% reduce 26%
20/06/06 19:33:45 INFO mapreduce.Job:  map 100% reduce 27%
20/06/06 19:33:46 INFO mapreduce.Job:  map 100% reduce 28%
20/06/06 19:33:48 INFO mapreduce.Job:  map 100% reduce 29%
20/06/06 19:33:49 INFO mapreduce.Job:  map 100% reduce 30%
20/06/06 19:33:51 INFO mapreduce.Job:  map 100% reduce 31%
20/06/06 19:33:52 INFO mapreduce.Job:  map 100% reduce 32%
20/06/06 19:33:54 INFO mapreduce.Job:  map 100% reduce 33%
20/06/06 19:33:57 INFO mapreduce.Job:  map 100% reduce 34%
20/06/06 19:34:00 INFO mapreduce.Job:  map 100% reduce 35%
20/06/06 19:34:03 INFO mapreduce.Job:  map 100% reduce 36%
20/06/06 19:34:06 INFO mapreduce.Job:  map 100% reduce 37%
20/06/06 19:34:08 INFO mapreduce.Job:  map 100% reduce 38%
20/06/06 19:34:11 INFO mapreduce.Job:  map 100% reduce 39%
20/06/06 19:34:14 INFO mapreduce.Job:  map 100% reduce 40%
20/06/06 19:34:17 INFO mapreduce.Job:  map 100% reduce 41%
20/06/06 19:34:19 INFO mapreduce.Job:  map 100% reduce 42%
20/06/06 19:34:22 INFO mapreduce.Job:  map 100% reduce 43%
20/06/06 19:34:25 INFO mapreduce.Job:  map 100% reduce 44%
20/06/06 19:34:28 INFO mapreduce.Job:  map 100% reduce 45%
20/06/06 19:34:31 INFO mapreduce.Job:  map 100% reduce 46%
20/06/06 19:34:34 INFO mapreduce.Job:  map 100% reduce 47%
20/06/06 19:34:37 INFO mapreduce.Job:  map 100% reduce 48%
20/06/06 19:34:40 INFO mapreduce.Job:  map 100% reduce 49%
20/06/06 19:34:43 INFO mapreduce.Job:  map 100% reduce 50%
20/06/06 19:34:47 INFO mapreduce.Job:  map 100% reduce 51%
20/06/06 19:34:50 INFO mapreduce.Job:  map 100% reduce 52%
20/06/06 19:34:53 INFO mapreduce.Job:  map 100% reduce 53%
20/06/06 19:34:58 INFO mapreduce.Job:  map 100% reduce 54%
20/06/06 19:35:01 INFO mapreduce.Job:  map 100% reduce 55%
20/06/06 19:35:05 INFO mapreduce.Job:  map 100% reduce 56%
20/06/06 19:35:08 INFO mapreduce.Job:  map 100% reduce 60%
20/06/06 19:35:10 INFO mapreduce.Job:  map 100% reduce 69%
20/06/06 19:35:11 INFO mapreduce.Job:  map 100% reduce 76%
20/06/06 19:35:13 INFO mapreduce.Job:  map 100% reduce 78%
20/06/06 19:35:16 INFO mapreduce.Job:  map 100% reduce 79%
20/06/06 19:35:17 INFO mapreduce.Job:  map 100% reduce 80%
20/06/06 19:35:19 INFO mapreduce.Job:  map 100% reduce 81%
20/06/06 19:35:22 INFO mapreduce.Job:  map 100% reduce 82%
20/06/06 19:35:23 INFO mapreduce.Job:  map 100% reduce 83%
20/06/06 19:35:25 INFO mapreduce.Job:  map 100% reduce 84%
20/06/06 19:35:26 INFO mapreduce.Job:  map 100% reduce 85%
20/06/06 19:35:29 INFO mapreduce.Job:  map 100% reduce 86%
20/06/06 19:35:31 INFO mapreduce.Job:  map 100% reduce 87%
20/06/06 19:35:32 INFO mapreduce.Job:  map 100% reduce 88%
20/06/06 19:35:34 INFO mapreduce.Job:  map 100% reduce 89%
20/06/06 19:35:35 INFO mapreduce.Job:  map 100% reduce 90%
20/06/06 19:35:37 INFO mapreduce.Job:  map 100% reduce 91%
20/06/06 19:35:38 INFO mapreduce.Job:  map 100% reduce 92%
20/06/06 19:35:40 INFO mapreduce.Job:  map 100% reduce 93%
20/06/06 19:35:41 INFO mapreduce.Job:  map 100% reduce 94%
20/06/06 19:35:43 INFO mapreduce.Job:  map 100% reduce 95%
20/06/06 19:35:44 INFO mapreduce.Job:  map 100% reduce 96%
20/06/06 19:35:46 INFO mapreduce.Job:  map 100% reduce 97%
20/06/06 19:35:47 INFO mapreduce.Job:  map 100% reduce 98%
20/06/06 19:35:49 INFO mapreduce.Job:  map 100% reduce 99%
20/06/06 19:35:50 INFO mapreduce.Job:  map 100% reduce 100%
20/06/06 19:35:53 INFO mapreduce.Job: Job job_1591435243608_0025 completed successfully
20/06/06 19:35:53 INFO mapreduce.Job: Counters: 53
	File System Counters
		FILE: Number of bytes read=31974185282
		FILE: Number of bytes written=42734802836
		FILE: Number of read operations=0
		FILE: Number of large read operations=0
		FILE: Number of write operations=0
		HDFS: Number of bytes read=10774140174
		HDFS: Number of bytes written=10772870789
		HDFS: Number of read operations=329
		HDFS: Number of large read operations=0
		HDFS: Number of write operations=6
	Job Counters 
		Killed map tasks=32
		Killed reduce tasks=2
		Launched map tasks=111
		Launched reduce tasks=5
		Other local map tasks=29
		Data-local map tasks=69
		Rack-local map tasks=13
		Total time spent by all maps in occupied slots (ms)=1706867
		Total time spent by all reduces in occupied slots (ms)=805567
		Total time spent by all map tasks (ms)=1706867
		Total time spent by all reduce tasks (ms)=805567
		Total vcore-milliseconds taken by all map tasks=1706867
		Total vcore-milliseconds taken by all reduce tasks=805567
		Total megabyte-milliseconds taken by all map tasks=1747831808
		Total megabyte-milliseconds taken by all reduce tasks=824900608
	Map-Reduce Framework
		Map input records=1021831
		Map output records=1021831
		Map output bytes=10745691193
		Map output materialized bytes=10751437271
		Input split bytes=9040
		Combine input records=0
		Combine output records=0
		Reduce input groups=1021831
		Reduce shuffle bytes=10751437271
		Reduce input records=1021831
		Reduce output records=1021831
		Spilled Records=4060710
		Shuffled Maps =240
		Failed Shuffles=0
		Merged Map outputs=240
		GC time elapsed (ms)=12541
		CPU time spent (ms)=197440
		Physical memory (bytes) snapshot=22024937472
		Virtual memory (bytes) snapshot=175089692672
		Total committed heap usage (bytes)=16673931264
	Shuffle Errors
		BAD_ID=0
		CONNECTION=0
		IO_ERROR=0
		WRONG_LENGTH=0
		WRONG_MAP=0
		WRONG_REDUCE=0
	File Input Format Counters 
		Bytes Read=10774131134
	File Output Format Counters 
		Bytes Written=10772870789
