20/06/06 19:06:47 INFO client.RMProxy: Connecting to ResourceManager at master/10.51.17.95:8032
20/06/06 19:06:48 INFO client.RMProxy: Connecting to ResourceManager at master/10.51.17.95:8032
20/06/06 19:06:48 INFO input.FileInputFormat: Total input paths to process : 10
20/06/06 19:06:49 INFO mapreduce.JobSubmitter: number of splits:80
20/06/06 19:06:49 INFO mapreduce.JobSubmitter: Submitting tokens for job: job_1591435243608_0017
20/06/06 19:06:49 INFO impl.YarnClientImpl: Submitted application application_1591435243608_0017
20/06/06 19:06:49 INFO mapreduce.Job: The url to track the job: http://master:8088/proxy/application_1591435243608_0017/
20/06/06 19:06:49 INFO mapreduce.Job: Running job: job_1591435243608_0017
20/06/06 19:06:54 INFO mapreduce.Job: Job job_1591435243608_0017 running in uber mode : false
20/06/06 19:06:54 INFO mapreduce.Job:  map 0% reduce 0%
20/06/06 19:07:05 INFO mapreduce.Job:  map 1% reduce 0%
20/06/06 19:07:06 INFO mapreduce.Job:  map 3% reduce 0%
20/06/06 19:07:07 INFO mapreduce.Job:  map 8% reduce 0%
20/06/06 19:07:10 INFO mapreduce.Job:  map 12% reduce 0%
20/06/06 19:07:11 INFO mapreduce.Job:  map 16% reduce 0%
20/06/06 19:07:12 INFO mapreduce.Job:  map 17% reduce 0%
20/06/06 19:07:16 INFO mapreduce.Job:  map 20% reduce 0%
20/06/06 19:07:18 INFO mapreduce.Job:  map 24% reduce 0%
20/06/06 19:07:19 INFO mapreduce.Job:  map 25% reduce 2%
20/06/06 19:07:22 INFO mapreduce.Job:  map 25% reduce 3%
20/06/06 19:07:25 INFO mapreduce.Job:  map 27% reduce 3%
20/06/06 19:07:26 INFO mapreduce.Job:  map 28% reduce 6%
20/06/06 19:07:28 INFO mapreduce.Job:  map 29% reduce 6%
20/06/06 19:07:29 INFO mapreduce.Job:  map 32% reduce 6%
20/06/06 19:07:30 INFO mapreduce.Job:  map 34% reduce 6%
20/06/06 19:07:31 INFO mapreduce.Job:  map 35% reduce 6%
20/06/06 19:07:32 INFO mapreduce.Job:  map 36% reduce 7%
20/06/06 19:07:33 INFO mapreduce.Job:  map 39% reduce 7%
20/06/06 19:07:34 INFO mapreduce.Job:  map 40% reduce 8%
20/06/06 19:07:37 INFO mapreduce.Job:  map 40% reduce 9%
20/06/06 19:07:39 INFO mapreduce.Job:  map 41% reduce 9%
20/06/06 19:07:40 INFO mapreduce.Job:  map 41% reduce 10%
20/06/06 19:07:41 INFO mapreduce.Job:  map 42% reduce 10%
20/06/06 19:07:42 INFO mapreduce.Job:  map 43% reduce 10%
20/06/06 19:07:44 INFO mapreduce.Job:  map 48% reduce 10%
20/06/06 19:07:45 INFO mapreduce.Job:  map 49% reduce 10%
20/06/06 19:07:46 INFO mapreduce.Job:  map 50% reduce 11%
20/06/06 19:07:48 INFO mapreduce.Job:  map 51% reduce 11%
20/06/06 19:07:49 INFO mapreduce.Job:  map 52% reduce 11%
20/06/06 19:07:50 INFO mapreduce.Job:  map 53% reduce 13%
20/06/06 19:07:51 INFO mapreduce.Job:  map 54% reduce 13%
20/06/06 19:07:53 INFO mapreduce.Job:  map 54% reduce 15%
20/06/06 19:07:56 INFO mapreduce.Job:  map 55% reduce 15%
20/06/06 19:07:58 INFO mapreduce.Job:  map 56% reduce 15%
20/06/06 19:07:59 INFO mapreduce.Job:  map 57% reduce 15%
20/06/06 19:08:00 INFO mapreduce.Job:  map 59% reduce 15%
20/06/06 19:08:01 INFO mapreduce.Job:  map 61% reduce 15%
20/06/06 19:08:02 INFO mapreduce.Job:  map 62% reduce 16%
20/06/06 19:08:03 INFO mapreduce.Job:  map 63% reduce 16%
20/06/06 19:08:05 INFO mapreduce.Job:  map 64% reduce 16%
20/06/06 19:08:06 INFO mapreduce.Job:  map 65% reduce 16%
20/06/06 19:08:08 INFO mapreduce.Job:  map 66% reduce 18%
20/06/06 19:08:14 INFO mapreduce.Job:  map 67% reduce 18%
20/06/06 19:08:15 INFO mapreduce.Job:  map 68% reduce 18%
20/06/06 19:08:16 INFO mapreduce.Job:  map 69% reduce 18%
20/06/06 19:08:17 INFO mapreduce.Job:  map 70% reduce 18%
20/06/06 19:08:19 INFO mapreduce.Job:  map 71% reduce 18%
20/06/06 19:08:20 INFO mapreduce.Job:  map 71% reduce 19%
20/06/06 19:08:21 INFO mapreduce.Job:  map 73% reduce 19%
20/06/06 19:08:24 INFO mapreduce.Job:  map 74% reduce 19%
20/06/06 19:08:26 INFO mapreduce.Job:  map 76% reduce 20%
20/06/06 19:08:29 INFO mapreduce.Job:  map 77% reduce 21%
20/06/06 19:08:32 INFO mapreduce.Job:  map 78% reduce 22%
20/06/06 19:08:37 INFO mapreduce.Job:  map 79% reduce 22%
20/06/06 19:08:39 INFO mapreduce.Job:  map 80% reduce 22%
20/06/06 19:08:41 INFO mapreduce.Job:  map 81% reduce 23%
20/06/06 19:08:42 INFO mapreduce.Job:  map 82% reduce 23%
20/06/06 19:08:45 INFO mapreduce.Job:  map 83% reduce 23%
20/06/06 19:08:47 INFO mapreduce.Job:  map 83% reduce 24%
20/06/06 19:08:48 INFO mapreduce.Job:  map 84% reduce 24%
20/06/06 19:08:49 INFO mapreduce.Job:  map 85% reduce 24%
20/06/06 19:08:51 INFO mapreduce.Job:  map 85% reduce 25%
20/06/06 19:08:53 INFO mapreduce.Job:  map 86% reduce 25%
20/06/06 19:08:56 INFO mapreduce.Job:  map 87% reduce 26%
20/06/06 19:08:58 INFO mapreduce.Job:  map 88% reduce 26%
20/06/06 19:09:00 INFO mapreduce.Job:  map 89% reduce 26%
20/06/06 19:09:02 INFO mapreduce.Job:  map 90% reduce 26%
20/06/06 19:09:04 INFO mapreduce.Job:  map 91% reduce 26%
20/06/06 19:09:05 INFO mapreduce.Job:  map 92% reduce 26%
20/06/06 19:09:06 INFO mapreduce.Job:  map 93% reduce 27%
20/06/06 19:09:08 INFO mapreduce.Job:  map 93% reduce 28%
20/06/06 19:09:09 INFO mapreduce.Job:  map 94% reduce 28%
20/06/06 19:09:14 INFO mapreduce.Job:  map 95% reduce 29%
20/06/06 19:09:19 INFO mapreduce.Job:  map 96% reduce 29%
20/06/06 19:09:22 INFO mapreduce.Job:  map 96% reduce 30%
20/06/06 19:09:27 INFO mapreduce.Job:  map 96% reduce 31%
20/06/06 19:09:33 INFO mapreduce.Job:  map 96% reduce 32%
20/06/06 19:09:41 INFO mapreduce.Job:  map 99% reduce 32%
20/06/06 19:09:42 INFO mapreduce.Job:  map 100% reduce 33%
20/06/06 19:09:43 INFO mapreduce.Job:  map 100% reduce 38%
20/06/06 19:09:45 INFO mapreduce.Job:  map 100% reduce 58%
20/06/06 19:09:46 INFO mapreduce.Job:  map 100% reduce 64%
20/06/06 19:09:48 INFO mapreduce.Job:  map 100% reduce 67%
20/06/06 19:09:51 INFO mapreduce.Job:  map 100% reduce 68%
20/06/06 19:09:52 INFO mapreduce.Job:  map 100% reduce 69%
20/06/06 19:09:54 INFO mapreduce.Job:  map 100% reduce 71%
20/06/06 19:09:57 INFO mapreduce.Job:  map 100% reduce 72%
20/06/06 19:09:58 INFO mapreduce.Job:  map 100% reduce 73%
20/06/06 19:10:00 INFO mapreduce.Job:  map 100% reduce 75%
20/06/06 19:10:03 INFO mapreduce.Job:  map 100% reduce 76%
20/06/06 19:10:04 INFO mapreduce.Job:  map 100% reduce 77%
20/06/06 19:10:06 INFO mapreduce.Job:  map 100% reduce 78%
20/06/06 19:10:07 INFO mapreduce.Job:  map 100% reduce 79%
20/06/06 19:10:09 INFO mapreduce.Job:  map 100% reduce 80%
20/06/06 19:10:12 INFO mapreduce.Job:  map 100% reduce 81%
20/06/06 19:10:13 INFO mapreduce.Job:  map 100% reduce 82%
20/06/06 19:10:15 INFO mapreduce.Job:  map 100% reduce 83%
20/06/06 19:10:16 INFO mapreduce.Job:  map 100% reduce 84%
20/06/06 19:10:18 INFO mapreduce.Job:  map 100% reduce 85%
20/06/06 19:10:19 INFO mapreduce.Job:  map 100% reduce 86%
20/06/06 19:10:21 INFO mapreduce.Job:  map 100% reduce 87%
20/06/06 19:10:22 INFO mapreduce.Job:  map 100% reduce 88%
20/06/06 19:10:24 INFO mapreduce.Job:  map 100% reduce 89%
20/06/06 19:10:25 INFO mapreduce.Job:  map 100% reduce 90%
20/06/06 19:10:27 INFO mapreduce.Job:  map 100% reduce 91%
20/06/06 19:10:30 INFO mapreduce.Job:  map 100% reduce 92%
20/06/06 19:10:31 INFO mapreduce.Job:  map 100% reduce 93%
20/06/06 19:10:33 INFO mapreduce.Job:  map 100% reduce 94%
20/06/06 19:10:34 INFO mapreduce.Job:  map 100% reduce 95%
20/06/06 19:10:36 INFO mapreduce.Job:  map 100% reduce 96%
20/06/06 19:10:37 INFO mapreduce.Job:  map 100% reduce 97%
20/06/06 19:10:39 INFO mapreduce.Job:  map 100% reduce 98%
20/06/06 19:10:42 INFO mapreduce.Job:  map 100% reduce 99%
20/06/06 19:10:43 INFO mapreduce.Job:  map 100% reduce 100%
20/06/06 19:10:44 INFO mapreduce.Job: Job job_1591435243608_0017 completed successfully
20/06/06 19:10:44 INFO mapreduce.Job: Counters: 51
	File System Counters
		FILE: Number of bytes read=31974938717
		FILE: Number of bytes written=42735539968
		FILE: Number of read operations=0
		FILE: Number of large read operations=0
		FILE: Number of write operations=0
		HDFS: Number of bytes read=10774110108
		HDFS: Number of bytes written=10772875783
		HDFS: Number of read operations=329
		HDFS: Number of large read operations=0
		HDFS: Number of write operations=6
	Job Counters 
		Killed map tasks=3
		Launched map tasks=83
		Launched reduce tasks=3
		Data-local map tasks=69
		Rack-local map tasks=14
		Total time spent by all maps in occupied slots (ms)=1523919
		Total time spent by all reduces in occupied slots (ms)=597094
		Total time spent by all map tasks (ms)=1523919
		Total time spent by all reduce tasks (ms)=597094
		Total vcore-milliseconds taken by all map tasks=1523919
		Total vcore-milliseconds taken by all reduce tasks=597094
		Total megabyte-milliseconds taken by all map tasks=1560493056
		Total megabyte-milliseconds taken by all reduce tasks=611424256
	Map-Reduce Framework
		Map input records=1023060
		Map output records=1023060
		Map output bytes=10745666295
		Map output materialized bytes=10751419565
		Input split bytes=9040
		Combine input records=0
		Combine output records=0
		Reduce input groups=1023060
		Reduce shuffle bytes=10751419565
		Reduce input records=1023060
		Reduce output records=1023060
		Spilled Records=4065729
		Shuffled Maps =240
		Failed Shuffles=0
		Merged Map outputs=240
		GC time elapsed (ms)=14652
		CPU time spent (ms)=210970
		Physical memory (bytes) snapshot=21989183488
		Virtual memory (bytes) snapshot=175160168448
		Total committed heap usage (bytes)=16513499136
	Shuffle Errors
		BAD_ID=0
		CONNECTION=0
		IO_ERROR=0
		WRONG_LENGTH=0
		WRONG_MAP=0
		WRONG_REDUCE=0
	File Input Format Counters 
		Bytes Read=10774101068
	File Output Format Counters 
		Bytes Written=10772875783
