20/06/06 18:28:12 INFO client.RMProxy: Connecting to ResourceManager at master/10.51.17.95:8032
20/06/06 18:28:13 INFO input.FileInputFormat: Total input paths to process : 10
20/06/06 18:28:13 INFO mapreduce.JobSubmitter: number of splits:90
20/06/06 18:28:13 INFO mapreduce.JobSubmitter: Submitting tokens for job: job_1591435243608_0005
20/06/06 18:28:14 INFO impl.YarnClientImpl: Submitted application application_1591435243608_0005
20/06/06 18:28:14 INFO mapreduce.Job: The url to track the job: http://master:8088/proxy/application_1591435243608_0005/
20/06/06 18:28:14 INFO mapreduce.Job: Running job: job_1591435243608_0005
20/06/06 18:28:21 INFO mapreduce.Job: Job job_1591435243608_0005 running in uber mode : false
20/06/06 18:28:21 INFO mapreduce.Job:  map 0% reduce 0%
20/06/06 18:28:34 INFO mapreduce.Job:  map 1% reduce 0%
20/06/06 18:28:35 INFO mapreduce.Job:  map 2% reduce 0%
20/06/06 18:28:38 INFO mapreduce.Job:  map 3% reduce 0%
20/06/06 18:28:46 INFO mapreduce.Job:  map 4% reduce 0%
20/06/06 18:28:52 INFO mapreduce.Job:  map 5% reduce 0%
20/06/06 18:28:55 INFO mapreduce.Job:  map 6% reduce 0%
20/06/06 18:29:03 INFO mapreduce.Job:  map 7% reduce 0%
20/06/06 18:29:06 INFO mapreduce.Job:  map 8% reduce 0%
20/06/06 18:29:10 INFO mapreduce.Job:  map 9% reduce 0%
20/06/06 18:29:15 INFO mapreduce.Job:  map 10% reduce 0%
20/06/06 18:29:16 INFO mapreduce.Job:  map 11% reduce 0%
20/06/06 18:29:20 INFO mapreduce.Job:  map 12% reduce 0%
20/06/06 18:29:27 INFO mapreduce.Job:  map 13% reduce 0%
20/06/06 18:29:29 INFO mapreduce.Job:  map 14% reduce 0%
20/06/06 18:29:33 INFO mapreduce.Job:  map 15% reduce 0%
20/06/06 18:29:35 INFO mapreduce.Job:  map 16% reduce 0%
20/06/06 18:29:37 INFO mapreduce.Job:  map 17% reduce 0%
20/06/06 18:29:44 INFO mapreduce.Job:  map 18% reduce 0%
20/06/06 18:29:47 INFO mapreduce.Job:  map 19% reduce 0%
20/06/06 18:29:49 INFO mapreduce.Job:  map 19% reduce 5%
20/06/06 18:29:51 INFO mapreduce.Job:  map 20% reduce 5%
20/06/06 18:29:57 INFO mapreduce.Job:  map 21% reduce 5%
20/06/06 18:30:01 INFO mapreduce.Job:  map 22% reduce 5%
20/06/06 18:30:04 INFO mapreduce.Job:  map 23% reduce 5%
20/06/06 18:30:06 INFO mapreduce.Job:  map 24% reduce 5%
20/06/06 18:30:07 INFO mapreduce.Job:  map 24% reduce 6%
20/06/06 18:30:11 INFO mapreduce.Job:  map 24% reduce 7%
20/06/06 18:30:12 INFO mapreduce.Job:  map 25% reduce 7%
20/06/06 18:30:17 INFO mapreduce.Job:  map 26% reduce 7%
20/06/06 18:30:22 INFO mapreduce.Job:  map 27% reduce 7%
20/06/06 18:30:25 INFO mapreduce.Job:  map 28% reduce 7%
20/06/06 18:30:29 INFO mapreduce.Job:  map 29% reduce 7%
20/06/06 18:30:35 INFO mapreduce.Job:  map 30% reduce 7%
20/06/06 18:30:36 INFO mapreduce.Job:  map 31% reduce 7%
20/06/06 18:30:37 INFO mapreduce.Job:  map 31% reduce 9%
20/06/06 18:30:39 INFO mapreduce.Job:  map 32% reduce 9%
20/06/06 18:30:42 INFO mapreduce.Job:  map 33% reduce 9%
20/06/06 18:30:43 INFO mapreduce.Job:  map 33% reduce 10%
20/06/06 18:30:48 INFO mapreduce.Job:  map 34% reduce 10%
20/06/06 18:30:52 INFO mapreduce.Job:  map 35% reduce 10%
20/06/06 18:30:55 INFO mapreduce.Job:  map 36% reduce 10%
20/06/06 18:30:59 INFO mapreduce.Job:  map 36% reduce 11%
20/06/06 18:31:00 INFO mapreduce.Job:  map 37% reduce 11%
20/06/06 18:31:03 INFO mapreduce.Job:  map 38% reduce 11%
20/06/06 18:31:07 INFO mapreduce.Job:  map 39% reduce 11%
20/06/06 18:31:11 INFO mapreduce.Job:  map 39% reduce 12%
20/06/06 18:31:13 INFO mapreduce.Job:  map 40% reduce 12%
20/06/06 18:31:16 INFO mapreduce.Job:  map 41% reduce 12%
20/06/06 18:31:20 INFO mapreduce.Job:  map 42% reduce 12%
20/06/06 18:31:26 INFO mapreduce.Job:  map 43% reduce 12%
20/06/06 18:31:30 INFO mapreduce.Job:  map 44% reduce 12%
20/06/06 18:31:35 INFO mapreduce.Job:  map 45% reduce 12%
20/06/06 18:31:38 INFO mapreduce.Job:  map 46% reduce 12%
20/06/06 18:31:39 INFO mapreduce.Job:  map 46% reduce 13%
20/06/06 18:31:41 INFO mapreduce.Job:  map 47% reduce 13%
20/06/06 18:31:42 INFO mapreduce.Job:  map 47% reduce 14%
20/06/06 18:31:44 INFO mapreduce.Job:  map 48% reduce 14%
20/06/06 18:31:46 INFO mapreduce.Job:  map 49% reduce 14%
20/06/06 18:31:48 INFO mapreduce.Job:  map 49% reduce 16%
20/06/06 18:31:50 INFO mapreduce.Job:  map 50% reduce 16%
20/06/06 18:31:54 INFO mapreduce.Job:  map 51% reduce 16%
20/06/06 18:31:58 INFO mapreduce.Job:  map 52% reduce 16%
20/06/06 18:32:00 INFO mapreduce.Job:  map 53% reduce 16%
20/06/06 18:32:03 INFO mapreduce.Job:  map 53% reduce 17%
20/06/06 18:32:06 INFO mapreduce.Job:  map 54% reduce 17%
20/06/06 18:32:11 INFO mapreduce.Job:  map 55% reduce 17%
20/06/06 18:32:17 INFO mapreduce.Job:  map 56% reduce 17%
20/06/06 18:32:21 INFO mapreduce.Job:  map 57% reduce 17%
20/06/06 18:32:26 INFO mapreduce.Job:  map 58% reduce 17%
20/06/06 18:32:29 INFO mapreduce.Job:  map 59% reduce 17%
20/06/06 18:32:33 INFO mapreduce.Job:  map 60% reduce 17%
20/06/06 18:32:36 INFO mapreduce.Job:  map 60% reduce 18%
20/06/06 18:32:37 INFO mapreduce.Job:  map 61% reduce 18%
20/06/06 18:32:39 INFO mapreduce.Job:  map 61% reduce 19%
20/06/06 18:32:40 INFO mapreduce.Job:  map 62% reduce 19%
20/06/06 18:32:41 INFO mapreduce.Job:  map 63% reduce 19%
20/06/06 18:32:42 INFO mapreduce.Job:  map 63% reduce 20%
20/06/06 18:32:45 INFO mapreduce.Job:  map 64% reduce 20%
20/06/06 18:32:48 INFO mapreduce.Job:  map 64% reduce 21%
20/06/06 18:32:49 INFO mapreduce.Job:  map 65% reduce 21%
20/06/06 18:32:53 INFO mapreduce.Job:  map 66% reduce 21%
20/06/06 18:32:58 INFO mapreduce.Job:  map 67% reduce 21%
20/06/06 18:33:02 INFO mapreduce.Job:  map 68% reduce 21%
20/06/06 18:33:07 INFO mapreduce.Job:  map 69% reduce 21%
20/06/06 18:33:12 INFO mapreduce.Job:  map 70% reduce 21%
20/06/06 18:33:16 INFO mapreduce.Job:  map 71% reduce 21%
20/06/06 18:33:19 INFO mapreduce.Job:  map 72% reduce 21%
20/06/06 18:33:22 INFO mapreduce.Job:  map 72% reduce 22%
20/06/06 18:33:24 INFO mapreduce.Job:  map 73% reduce 22%
20/06/06 18:33:30 INFO mapreduce.Job:  map 74% reduce 22%
20/06/06 18:33:35 INFO mapreduce.Job:  map 75% reduce 22%
20/06/06 18:33:36 INFO mapreduce.Job:  map 76% reduce 22%
20/06/06 18:33:38 INFO mapreduce.Job:  map 77% reduce 23%
20/06/06 18:33:41 INFO mapreduce.Job:  map 78% reduce 24%
20/06/06 18:33:44 INFO mapreduce.Job:  map 78% reduce 25%
20/06/06 18:33:46 INFO mapreduce.Job:  map 79% reduce 25%
20/06/06 18:33:47 INFO mapreduce.Job:  map 79% reduce 26%
20/06/06 18:33:49 INFO mapreduce.Job:  map 80% reduce 26%
20/06/06 18:33:52 INFO mapreduce.Job:  map 81% reduce 26%
20/06/06 18:33:57 INFO mapreduce.Job:  map 82% reduce 26%
20/06/06 18:33:58 INFO mapreduce.Job:  map 83% reduce 26%
20/06/06 18:33:59 INFO mapreduce.Job:  map 84% reduce 26%
20/06/06 18:34:04 INFO mapreduce.Job:  map 86% reduce 26%
20/06/06 18:34:08 INFO mapreduce.Job:  map 87% reduce 27%
20/06/06 18:34:10 INFO mapreduce.Job:  map 88% reduce 27%
20/06/06 18:34:13 INFO mapreduce.Job:  map 89% reduce 27%
20/06/06 18:34:14 INFO mapreduce.Job:  map 89% reduce 28%
20/06/06 18:34:19 INFO mapreduce.Job:  map 90% reduce 28%
20/06/06 18:34:20 INFO mapreduce.Job:  map 91% reduce 29%
20/06/06 18:34:21 INFO mapreduce.Job:  map 92% reduce 29%
20/06/06 18:34:23 INFO mapreduce.Job:  map 93% reduce 29%
20/06/06 18:34:26 INFO mapreduce.Job:  map 94% reduce 29%
20/06/06 18:34:27 INFO mapreduce.Job:  map 96% reduce 29%
20/06/06 18:34:29 INFO mapreduce.Job:  map 97% reduce 31%
20/06/06 18:34:31 INFO mapreduce.Job:  map 98% reduce 31%
20/06/06 18:34:32 INFO mapreduce.Job:  map 99% reduce 32%
20/06/06 18:34:34 INFO mapreduce.Job:  map 100% reduce 32%
20/06/06 18:34:35 INFO mapreduce.Job:  map 100% reduce 33%
20/06/06 18:34:38 INFO mapreduce.Job:  map 100% reduce 68%
20/06/06 18:34:41 INFO mapreduce.Job:  map 100% reduce 73%
20/06/06 18:34:44 INFO mapreduce.Job:  map 100% reduce 80%
20/06/06 18:34:47 INFO mapreduce.Job:  map 100% reduce 86%
20/06/06 18:34:50 INFO mapreduce.Job:  map 100% reduce 95%
20/06/06 18:34:52 INFO mapreduce.Job:  map 100% reduce 100%
20/06/06 18:34:53 INFO mapreduce.Job: Job job_1591435243608_0005 completed successfully
20/06/06 18:34:53 INFO mapreduce.Job: Counters: 51
	File System Counters
		FILE: Number of bytes read=1473246005
		FILE: Number of bytes written=2196663350
		FILE: Number of read operations=0
		FILE: Number of large read operations=0
		FILE: Number of write operations=0
		HDFS: Number of bytes read=11025188389
		HDFS: Number of bytes written=340011248
		HDFS: Number of read operations=273
		HDFS: Number of large read operations=0
		HDFS: Number of write operations=2
	Job Counters 
		Killed map tasks=1
		Launched map tasks=91
		Launched reduce tasks=1
		Data-local map tasks=90
		Rack-local map tasks=1
		Total time spent by all maps in occupied slots (ms)=4782439
		Total time spent by all reduces in occupied slots (ms)=317132
		Total time spent by all map tasks (ms)=4782439
		Total time spent by all reduce tasks (ms)=317132
		Total vcore-milliseconds taken by all map tasks=4782439
		Total vcore-milliseconds taken by all reduce tasks=317132
		Total megabyte-milliseconds taken by all map tasks=4897217536
		Total megabyte-milliseconds taken by all reduce tasks=324743168
	Map-Reduce Framework
		Map input records=1181412
		Map output records=1009312610
		Map output bytes=15222689683
		Map output materialized bytes=712237832
		Input split bytes=10530
		Combine input records=1034064833
		Combine output records=47339642
		Reduce input groups=9719178
		Reduce shuffle bytes=712237832
		Reduce input records=22587419
		Reduce output records=9719178
		Spilled Records=69927061
		Shuffled Maps =90
		Failed Shuffles=0
		Merged Map outputs=90
		GC time elapsed (ms)=95865
		CPU time spent (ms)=1926780
		Physical memory (bytes) snapshot=25045864448
		Virtual memory (bytes) snapshot=192013414400
		Total committed heap usage (bytes)=18922078208
	Shuffle Errors
		BAD_ID=0
		CONNECTION=0
		IO_ERROR=0
		WRONG_LENGTH=0
		WRONG_MAP=0
		WRONG_REDUCE=0
	File Input Format Counters 
		Bytes Read=11025177859
	File Output Format Counters 
		Bytes Written=340011248
