20/06/09 17:44:27 INFO client.RMProxy: Connecting to ResourceManager at master/10.51.17.95:8032
20/06/09 17:44:27 INFO input.FileInputFormat: Total input paths to process : 10
20/06/09 17:44:27 INFO mapreduce.JobSubmitter: number of splits:90
20/06/09 17:44:27 INFO mapreduce.JobSubmitter: Submitting tokens for job: job_1591691124356_0008
20/06/09 17:44:27 INFO impl.YarnClientImpl: Submitted application application_1591691124356_0008
20/06/09 17:44:27 INFO mapreduce.Job: The url to track the job: http://master:8088/proxy/application_1591691124356_0008/
20/06/09 17:44:27 INFO mapreduce.Job: Running job: job_1591691124356_0008
20/06/09 17:44:36 INFO mapreduce.Job: Job job_1591691124356_0008 running in uber mode : false
20/06/09 17:44:36 INFO mapreduce.Job:  map 0% reduce 0%
20/06/09 17:44:51 INFO mapreduce.Job:  map 1% reduce 0%
20/06/09 17:44:53 INFO mapreduce.Job:  map 2% reduce 0%
20/06/09 17:44:57 INFO mapreduce.Job:  map 3% reduce 0%
20/06/09 17:45:05 INFO mapreduce.Job:  map 4% reduce 0%
20/06/09 17:45:08 INFO mapreduce.Job:  map 5% reduce 0%
20/06/09 17:45:14 INFO mapreduce.Job:  map 6% reduce 0%
20/06/09 17:45:18 INFO mapreduce.Job:  map 7% reduce 0%
20/06/09 17:45:24 INFO mapreduce.Job:  map 8% reduce 0%
20/06/09 17:45:30 INFO mapreduce.Job:  map 9% reduce 0%
20/06/09 17:45:32 INFO mapreduce.Job:  map 10% reduce 0%
20/06/09 17:45:33 INFO mapreduce.Job:  map 11% reduce 0%
20/06/09 17:45:35 INFO mapreduce.Job:  map 12% reduce 0%
20/06/09 17:45:43 INFO mapreduce.Job:  map 13% reduce 0%
20/06/09 17:45:46 INFO mapreduce.Job:  map 14% reduce 0%
20/06/09 17:45:51 INFO mapreduce.Job:  map 15% reduce 0%
20/06/09 17:45:52 INFO mapreduce.Job:  map 16% reduce 0%
20/06/09 17:45:54 INFO mapreduce.Job:  map 17% reduce 0%
20/06/09 17:45:58 INFO mapreduce.Job:  map 18% reduce 0%
20/06/09 17:46:06 INFO mapreduce.Job:  map 18% reduce 5%
20/06/09 17:46:07 INFO mapreduce.Job:  map 19% reduce 5%
20/06/09 17:46:10 INFO mapreduce.Job:  map 20% reduce 5%
20/06/09 17:46:17 INFO mapreduce.Job:  map 21% reduce 5%
20/06/09 17:46:22 INFO mapreduce.Job:  map 22% reduce 5%
20/06/09 17:46:25 INFO mapreduce.Job:  map 23% reduce 5%
20/06/09 17:46:27 INFO mapreduce.Job:  map 23% reduce 6%
20/06/09 17:46:29 INFO mapreduce.Job:  map 24% reduce 6%
20/06/09 17:46:31 INFO mapreduce.Job:  map 25% reduce 6%
20/06/09 17:46:33 INFO mapreduce.Job:  map 25% reduce 7%
20/06/09 17:46:35 INFO mapreduce.Job:  map 26% reduce 7%
20/06/09 17:46:41 INFO mapreduce.Job:  map 27% reduce 7%
20/06/09 17:46:46 INFO mapreduce.Job:  map 28% reduce 7%
20/06/09 17:46:52 INFO mapreduce.Job:  map 29% reduce 7%
20/06/09 17:46:56 INFO mapreduce.Job:  map 30% reduce 7%
20/06/09 17:46:58 INFO mapreduce.Job:  map 31% reduce 8%
20/06/09 17:47:01 INFO mapreduce.Job:  map 32% reduce 9%
20/06/09 17:47:04 INFO mapreduce.Job:  map 33% reduce 9%
20/06/09 17:47:07 INFO mapreduce.Job:  map 33% reduce 10%
20/06/09 17:47:09 INFO mapreduce.Job:  map 34% reduce 10%
20/06/09 17:47:14 INFO mapreduce.Job:  map 35% reduce 10%
20/06/09 17:47:19 INFO mapreduce.Job:  map 36% reduce 10%
20/06/09 17:47:21 INFO mapreduce.Job:  map 37% reduce 10%
20/06/09 17:47:24 INFO mapreduce.Job:  map 37% reduce 11%
20/06/09 17:47:26 INFO mapreduce.Job:  map 38% reduce 11%
20/06/09 17:47:28 INFO mapreduce.Job:  map 39% reduce 12%
20/06/09 17:47:35 INFO mapreduce.Job:  map 40% reduce 12%
20/06/09 17:47:39 INFO mapreduce.Job:  map 41% reduce 12%
20/06/09 17:47:44 INFO mapreduce.Job:  map 42% reduce 12%
20/06/09 17:47:49 INFO mapreduce.Job:  map 43% reduce 12%
20/06/09 17:47:56 INFO mapreduce.Job:  map 44% reduce 12%
20/06/09 17:47:58 INFO mapreduce.Job:  map 45% reduce 12%
20/06/09 17:48:02 INFO mapreduce.Job:  map 45% reduce 13%
20/06/09 17:48:03 INFO mapreduce.Job:  map 46% reduce 13%
20/06/09 17:48:06 INFO mapreduce.Job:  map 47% reduce 13%
20/06/09 17:48:08 INFO mapreduce.Job:  map 48% reduce 14%
20/06/09 17:48:15 INFO mapreduce.Job:  map 49% reduce 14%
20/06/09 17:48:18 INFO mapreduce.Job:  map 50% reduce 14%
20/06/09 17:48:20 INFO mapreduce.Job:  map 51% reduce 15%
20/06/09 17:48:22 INFO mapreduce.Job:  map 52% reduce 15%
20/06/09 17:48:23 INFO mapreduce.Job:  map 52% reduce 16%
20/06/09 17:48:26 INFO mapreduce.Job:  map 52% reduce 17%
20/06/09 17:48:29 INFO mapreduce.Job:  map 53% reduce 17%
20/06/09 17:48:33 INFO mapreduce.Job:  map 54% reduce 17%
20/06/09 17:48:38 INFO mapreduce.Job:  map 55% reduce 17%
20/06/09 17:48:43 INFO mapreduce.Job:  map 56% reduce 17%
20/06/09 17:48:49 INFO mapreduce.Job:  map 57% reduce 17%
20/06/09 17:48:54 INFO mapreduce.Job:  map 58% reduce 17%
20/06/09 17:48:59 INFO mapreduce.Job:  map 59% reduce 17%
20/06/09 17:49:04 INFO mapreduce.Job:  map 60% reduce 17%
20/06/09 17:49:07 INFO mapreduce.Job:  map 61% reduce 17%
20/06/09 17:49:10 INFO mapreduce.Job:  map 62% reduce 17%
20/06/09 17:49:11 INFO mapreduce.Job:  map 62% reduce 19%
20/06/09 17:49:12 INFO mapreduce.Job:  map 63% reduce 19%
20/06/09 17:49:14 INFO mapreduce.Job:  map 64% reduce 20%
20/06/09 17:49:17 INFO mapreduce.Job:  map 65% reduce 20%
20/06/09 17:49:18 INFO mapreduce.Job:  map 65% reduce 21%
20/06/09 17:49:22 INFO mapreduce.Job:  map 66% reduce 21%
20/06/09 17:49:27 INFO mapreduce.Job:  map 67% reduce 21%
20/06/09 17:49:31 INFO mapreduce.Job:  map 68% reduce 22%
20/06/09 17:49:36 INFO mapreduce.Job:  map 69% reduce 22%
20/06/09 17:49:42 INFO mapreduce.Job:  map 70% reduce 22%
20/06/09 17:49:47 INFO mapreduce.Job:  map 71% reduce 22%
20/06/09 17:49:52 INFO mapreduce.Job:  map 72% reduce 22%
20/06/09 17:49:57 INFO mapreduce.Job:  map 73% reduce 22%
20/06/09 17:50:01 INFO mapreduce.Job:  map 74% reduce 22%
20/06/09 17:50:07 INFO mapreduce.Job:  map 75% reduce 22%
20/06/09 17:50:09 INFO mapreduce.Job:  map 76% reduce 22%
20/06/09 17:50:12 INFO mapreduce.Job:  map 77% reduce 22%
20/06/09 17:50:13 INFO mapreduce.Job:  map 77% reduce 24%
20/06/09 17:50:14 INFO mapreduce.Job:  map 78% reduce 24%
20/06/09 17:50:16 INFO mapreduce.Job:  map 78% reduce 25%
20/06/09 17:50:18 INFO mapreduce.Job:  map 79% reduce 25%
20/06/09 17:50:19 INFO mapreduce.Job:  map 79% reduce 26%
20/06/09 17:50:20 INFO mapreduce.Job:  map 80% reduce 26%
20/06/09 17:50:24 INFO mapreduce.Job:  map 81% reduce 26%
20/06/09 17:50:28 INFO mapreduce.Job:  map 82% reduce 26%
20/06/09 17:50:31 INFO mapreduce.Job:  map 83% reduce 26%
20/06/09 17:50:32 INFO mapreduce.Job:  map 84% reduce 26%
20/06/09 17:50:33 INFO mapreduce.Job:  map 85% reduce 26%
20/06/09 17:50:34 INFO mapreduce.Job:  map 85% reduce 27%
20/06/09 17:50:36 INFO mapreduce.Job:  map 86% reduce 27%
20/06/09 17:50:41 INFO mapreduce.Job:  map 87% reduce 27%
20/06/09 17:50:43 INFO mapreduce.Job:  map 87% reduce 28%
20/06/09 17:50:44 INFO mapreduce.Job:  map 88% reduce 28%
20/06/09 17:50:45 INFO mapreduce.Job:  map 89% reduce 28%
20/06/09 17:50:48 INFO mapreduce.Job:  map 90% reduce 28%
20/06/09 17:50:50 INFO mapreduce.Job:  map 91% reduce 28%
20/06/09 17:50:55 INFO mapreduce.Job:  map 92% reduce 28%
20/06/09 17:50:56 INFO mapreduce.Job:  map 93% reduce 29%
20/06/09 17:50:57 INFO mapreduce.Job:  map 94% reduce 29%
20/06/09 17:51:01 INFO mapreduce.Job:  map 95% reduce 29%
20/06/09 17:51:02 INFO mapreduce.Job:  map 95% reduce 30%
20/06/09 17:51:04 INFO mapreduce.Job:  map 96% reduce 30%
20/06/09 17:51:05 INFO mapreduce.Job:  map 97% reduce 30%
20/06/09 17:51:06 INFO mapreduce.Job:  map 98% reduce 30%
20/06/09 17:51:08 INFO mapreduce.Job:  map 98% reduce 32%
20/06/09 17:51:11 INFO mapreduce.Job:  map 99% reduce 32%
20/06/09 17:51:13 INFO mapreduce.Job:  map 100% reduce 32%
20/06/09 17:51:14 INFO mapreduce.Job:  map 100% reduce 33%
20/06/09 17:51:17 INFO mapreduce.Job:  map 100% reduce 69%
20/06/09 17:51:20 INFO mapreduce.Job:  map 100% reduce 73%
20/06/09 17:51:23 INFO mapreduce.Job:  map 100% reduce 79%
20/06/09 17:51:26 INFO mapreduce.Job:  map 100% reduce 84%
20/06/09 17:51:29 INFO mapreduce.Job:  map 100% reduce 92%
20/06/09 17:51:32 INFO mapreduce.Job:  map 100% reduce 100%
20/06/09 17:51:33 INFO mapreduce.Job: Job job_1591691124356_0008 completed successfully
20/06/09 17:51:33 INFO mapreduce.Job: Counters: 50
	File System Counters
		FILE: Number of bytes read=1708272737
		FILE: Number of bytes written=2529799630
		FILE: Number of read operations=0
		FILE: Number of large read operations=0
		FILE: Number of write operations=0
		HDFS: Number of bytes read=11026587019
		HDFS: Number of bytes written=485234135
		HDFS: Number of read operations=273
		HDFS: Number of large read operations=0
		HDFS: Number of write operations=2
	Job Counters 
		Killed map tasks=1
		Launched map tasks=91
		Launched reduce tasks=1
		Data-local map tasks=91
		Total time spent by all maps in occupied slots (ms)=5048851
		Total time spent by all reduces in occupied slots (ms)=339995
		Total time spent by all map tasks (ms)=5048851
		Total time spent by all reduce tasks (ms)=339995
		Total vcore-milliseconds taken by all map tasks=5048851
		Total vcore-milliseconds taken by all reduce tasks=339995
		Total megabyte-milliseconds taken by all map tasks=5170023424
		Total megabyte-milliseconds taken by all reduce tasks=348154880
	Map-Reduce Framework
		Map input records=266354
		Map output records=1008988883
		Map output bytes=19256468079
		Map output materialized bytes=810316487
		Input split bytes=10530
		Combine input records=1033964557
		Combine output records=47529873
		Reduce input groups=9653451
		Reduce shuffle bytes=810316487
		Reduce input records=22554199
		Reduce output records=9653451
		Spilled Records=70760970
		Shuffled Maps =90
		Failed Shuffles=0
		Merged Map outputs=90
		GC time elapsed (ms)=110712
		CPU time spent (ms)=2048690
		Physical memory (bytes) snapshot=25094709248
		Virtual memory (bytes) snapshot=191913082880
		Total committed heap usage (bytes)=18932039680
	Shuffle Errors
		BAD_ID=0
		CONNECTION=0
		IO_ERROR=0
		WRONG_LENGTH=0
		WRONG_MAP=0
		WRONG_REDUCE=0
	File Input Format Counters 
		Bytes Read=11026576489
	File Output Format Counters 
		Bytes Written=485234135
20/06/09 17:51:33 INFO client.RMProxy: Connecting to ResourceManager at master/10.51.17.95:8032
20/06/09 17:51:33 INFO input.FileInputFormat: Total input paths to process : 1
20/06/09 17:51:34 INFO mapreduce.JobSubmitter: number of splits:4
20/06/09 17:51:34 INFO mapreduce.JobSubmitter: Submitting tokens for job: job_1591691124356_0009
20/06/09 17:51:34 INFO impl.YarnClientImpl: Submitted application application_1591691124356_0009
20/06/09 17:51:34 INFO mapreduce.Job: The url to track the job: http://master:8088/proxy/application_1591691124356_0009/
20/06/09 17:51:34 INFO mapreduce.Job: Running job: job_1591691124356_0009
20/06/09 17:51:43 INFO mapreduce.Job: Job job_1591691124356_0009 running in uber mode : false
20/06/09 17:51:43 INFO mapreduce.Job:  map 0% reduce 0%
20/06/09 17:51:54 INFO mapreduce.Job:  map 44% reduce 0%
20/06/09 17:51:55 INFO mapreduce.Job:  map 54% reduce 0%
20/06/09 17:51:57 INFO mapreduce.Job:  map 68% reduce 0%
20/06/09 17:51:58 INFO mapreduce.Job:  map 75% reduce 0%
20/06/09 17:51:59 INFO mapreduce.Job:  map 81% reduce 0%
20/06/09 17:52:00 INFO mapreduce.Job:  map 92% reduce 0%
20/06/09 17:52:03 INFO mapreduce.Job:  map 100% reduce 0%
20/06/09 17:52:06 INFO mapreduce.Job:  map 100% reduce 80%
20/06/09 17:52:09 INFO mapreduce.Job:  map 100% reduce 92%
20/06/09 17:52:11 INFO mapreduce.Job:  map 100% reduce 100%
20/06/09 17:52:12 INFO mapreduce.Job: Job job_1591691124356_0009 completed successfully
20/06/09 17:52:12 INFO mapreduce.Job: Counters: 50
	File System Counters
		FILE: Number of bytes read=845149678
		FILE: Number of bytes written=1268337840
		FILE: Number of read operations=0
		FILE: Number of large read operations=0
		FILE: Number of write operations=0
		HDFS: Number of bytes read=485238180
		HDFS: Number of bytes written=346006779
		HDFS: Number of read operations=19
		HDFS: Number of large read operations=0
		HDFS: Number of write operations=2
	Job Counters 
		Killed map tasks=1
		Launched map tasks=5
		Launched reduce tasks=1
		Data-local map tasks=5
		Total time spent by all maps in occupied slots (ms)=63401
		Total time spent by all reduces in occupied slots (ms)=15405
		Total time spent by all map tasks (ms)=63401
		Total time spent by all reduce tasks (ms)=15405
		Total vcore-milliseconds taken by all map tasks=63401
		Total vcore-milliseconds taken by all reduce tasks=15405
		Total megabyte-milliseconds taken by all map tasks=64922624
		Total megabyte-milliseconds taken by all reduce tasks=15774720
	Map-Reduce Framework
		Map input records=9653451
		Map output records=9653451
		Map output bytes=403267901
		Map output materialized bytes=422574827
		Input split bytes=504
		Combine input records=0
		Combine output records=0
		Reduce input groups=1259
		Reduce shuffle bytes=422574827
		Reduce input records=9653451
		Reduce output records=9653451
		Spilled Records=28960353
		Shuffled Maps =4
		Failed Shuffles=0
		Merged Map outputs=4
		GC time elapsed (ms)=1836
		CPU time spent (ms)=42430
		Physical memory (bytes) snapshot=1257193472
		Virtual memory (bytes) snapshot=10570489856
		Total committed heap usage (bytes)=940572672
	Shuffle Errors
		BAD_ID=0
		CONNECTION=0
		IO_ERROR=0
		WRONG_LENGTH=0
		WRONG_MAP=0
		WRONG_REDUCE=0
	File Input Format Counters 
		Bytes Read=485237676
	File Output Format Counters 
		Bytes Written=346006779
