20/06/09 17:26:24 INFO client.RMProxy: Connecting to ResourceManager at master/10.51.17.95:8032
20/06/09 17:26:24 INFO input.FileInputFormat: Total input paths to process : 10
20/06/09 17:26:24 INFO mapreduce.JobSubmitter: number of splits:90
20/06/09 17:26:25 INFO mapreduce.JobSubmitter: Submitting tokens for job: job_1591691124356_0002
20/06/09 17:26:25 INFO impl.YarnClientImpl: Submitted application application_1591691124356_0002
20/06/09 17:26:25 INFO mapreduce.Job: The url to track the job: http://master:8088/proxy/application_1591691124356_0002/
20/06/09 17:26:25 INFO mapreduce.Job: Running job: job_1591691124356_0002
20/06/09 17:26:34 INFO mapreduce.Job: Job job_1591691124356_0002 running in uber mode : false
20/06/09 17:26:34 INFO mapreduce.Job:  map 0% reduce 0%
20/06/09 17:26:47 INFO mapreduce.Job:  map 1% reduce 0%
20/06/09 17:26:49 INFO mapreduce.Job:  map 2% reduce 0%
20/06/09 17:26:53 INFO mapreduce.Job:  map 3% reduce 0%
20/06/09 17:27:02 INFO mapreduce.Job:  map 4% reduce 0%
20/06/09 17:27:06 INFO mapreduce.Job:  map 5% reduce 0%
20/06/09 17:27:13 INFO mapreduce.Job:  map 6% reduce 0%
20/06/09 17:27:16 INFO mapreduce.Job:  map 7% reduce 0%
20/06/09 17:27:21 INFO mapreduce.Job:  map 8% reduce 0%
20/06/09 17:27:26 INFO mapreduce.Job:  map 9% reduce 0%
20/06/09 17:27:29 INFO mapreduce.Job:  map 10% reduce 0%
20/06/09 17:27:30 INFO mapreduce.Job:  map 11% reduce 0%
20/06/09 17:27:32 INFO mapreduce.Job:  map 12% reduce 0%
20/06/09 17:27:42 INFO mapreduce.Job:  map 13% reduce 0%
20/06/09 17:27:46 INFO mapreduce.Job:  map 14% reduce 0%
20/06/09 17:27:48 INFO mapreduce.Job:  map 15% reduce 0%
20/06/09 17:27:51 INFO mapreduce.Job:  map 16% reduce 0%
20/06/09 17:27:52 INFO mapreduce.Job:  map 17% reduce 0%
20/06/09 17:27:58 INFO mapreduce.Job:  map 18% reduce 0%
20/06/09 17:28:03 INFO mapreduce.Job:  map 19% reduce 0%
20/06/09 17:28:05 INFO mapreduce.Job:  map 19% reduce 5%
20/06/09 17:28:08 INFO mapreduce.Job:  map 20% reduce 5%
20/06/09 17:28:15 INFO mapreduce.Job:  map 21% reduce 5%
20/06/09 17:28:19 INFO mapreduce.Job:  map 22% reduce 5%
20/06/09 17:28:23 INFO mapreduce.Job:  map 23% reduce 6%
20/06/09 17:28:27 INFO mapreduce.Job:  map 24% reduce 6%
20/06/09 17:28:29 INFO mapreduce.Job:  map 24% reduce 7%
20/06/09 17:28:30 INFO mapreduce.Job:  map 25% reduce 7%
20/06/09 17:28:33 INFO mapreduce.Job:  map 26% reduce 7%
20/06/09 17:28:39 INFO mapreduce.Job:  map 27% reduce 7%
20/06/09 17:28:43 INFO mapreduce.Job:  map 28% reduce 7%
20/06/09 17:28:49 INFO mapreduce.Job:  map 29% reduce 7%
20/06/09 17:28:55 INFO mapreduce.Job:  map 30% reduce 7%
20/06/09 17:28:56 INFO mapreduce.Job:  map 31% reduce 7%
20/06/09 17:28:57 INFO mapreduce.Job:  map 31% reduce 9%
20/06/09 17:28:58 INFO mapreduce.Job:  map 32% reduce 9%
20/06/09 17:29:03 INFO mapreduce.Job:  map 32% reduce 10%
20/06/09 17:29:04 INFO mapreduce.Job:  map 33% reduce 10%
20/06/09 17:29:09 INFO mapreduce.Job:  map 34% reduce 10%
20/06/09 17:29:11 INFO mapreduce.Job:  map 35% reduce 10%
20/06/09 17:29:19 INFO mapreduce.Job:  map 36% reduce 10%
20/06/09 17:29:21 INFO mapreduce.Job:  map 37% reduce 10%
20/06/09 17:29:24 INFO mapreduce.Job:  map 38% reduce 11%
20/06/09 17:29:27 INFO mapreduce.Job:  map 38% reduce 12%
20/06/09 17:29:29 INFO mapreduce.Job:  map 39% reduce 12%
20/06/09 17:29:33 INFO mapreduce.Job:  map 40% reduce 12%
20/06/09 17:29:37 INFO mapreduce.Job:  map 41% reduce 12%
20/06/09 17:29:43 INFO mapreduce.Job:  map 42% reduce 12%
20/06/09 17:29:48 INFO mapreduce.Job:  map 43% reduce 12%
20/06/09 17:29:54 INFO mapreduce.Job:  map 44% reduce 12%
20/06/09 17:29:56 INFO mapreduce.Job:  map 45% reduce 12%
20/06/09 17:29:58 INFO mapreduce.Job:  map 45% reduce 13%
20/06/09 17:30:01 INFO mapreduce.Job:  map 46% reduce 13%
20/06/09 17:30:04 INFO mapreduce.Job:  map 47% reduce 14%
20/06/09 17:30:08 INFO mapreduce.Job:  map 48% reduce 14%
20/06/09 17:30:13 INFO mapreduce.Job:  map 49% reduce 14%
20/06/09 17:30:17 INFO mapreduce.Job:  map 50% reduce 15%
20/06/09 17:30:18 INFO mapreduce.Job:  map 51% reduce 15%
20/06/09 17:30:20 INFO mapreduce.Job:  map 51% reduce 16%
20/06/09 17:30:21 INFO mapreduce.Job:  map 52% reduce 16%
20/06/09 17:30:23 INFO mapreduce.Job:  map 52% reduce 17%
20/06/09 17:30:26 INFO mapreduce.Job:  map 53% reduce 17%
20/06/09 17:30:31 INFO mapreduce.Job:  map 54% reduce 17%
20/06/09 17:30:36 INFO mapreduce.Job:  map 55% reduce 17%
20/06/09 17:30:41 INFO mapreduce.Job:  map 56% reduce 17%
20/06/09 17:30:47 INFO mapreduce.Job:  map 57% reduce 17%
20/06/09 17:30:52 INFO mapreduce.Job:  map 58% reduce 17%
20/06/09 17:30:58 INFO mapreduce.Job:  map 59% reduce 17%
20/06/09 17:31:01 INFO mapreduce.Job:  map 60% reduce 17%
20/06/09 17:31:05 INFO mapreduce.Job:  map 61% reduce 17%
20/06/09 17:31:09 INFO mapreduce.Job:  map 62% reduce 18%
20/06/09 17:31:12 INFO mapreduce.Job:  map 63% reduce 19%
20/06/09 17:31:14 INFO mapreduce.Job:  map 64% reduce 19%
20/06/09 17:31:15 INFO mapreduce.Job:  map 64% reduce 20%
20/06/09 17:31:17 INFO mapreduce.Job:  map 65% reduce 20%
20/06/09 17:31:18 INFO mapreduce.Job:  map 65% reduce 21%
20/06/09 17:31:19 INFO mapreduce.Job:  map 66% reduce 21%
20/06/09 17:31:24 INFO mapreduce.Job:  map 67% reduce 22%
20/06/09 17:31:29 INFO mapreduce.Job:  map 68% reduce 22%
20/06/09 17:31:36 INFO mapreduce.Job:  map 69% reduce 22%
20/06/09 17:31:40 INFO mapreduce.Job:  map 70% reduce 22%
20/06/09 17:31:46 INFO mapreduce.Job:  map 71% reduce 22%
20/06/09 17:31:49 INFO mapreduce.Job:  map 72% reduce 22%
20/06/09 17:31:55 INFO mapreduce.Job:  map 73% reduce 22%
20/06/09 17:32:00 INFO mapreduce.Job:  map 74% reduce 22%
20/06/09 17:32:05 INFO mapreduce.Job:  map 75% reduce 22%
20/06/09 17:32:07 INFO mapreduce.Job:  map 76% reduce 22%
20/06/09 17:32:10 INFO mapreduce.Job:  map 76% reduce 23%
20/06/09 17:32:11 INFO mapreduce.Job:  map 77% reduce 23%
20/06/09 17:32:13 INFO mapreduce.Job:  map 77% reduce 24%
20/06/09 17:32:14 INFO mapreduce.Job:  map 78% reduce 24%
20/06/09 17:32:16 INFO mapreduce.Job:  map 79% reduce 25%
20/06/09 17:32:19 INFO mapreduce.Job:  map 79% reduce 26%
20/06/09 17:32:20 INFO mapreduce.Job:  map 80% reduce 26%
20/06/09 17:32:24 INFO mapreduce.Job:  map 81% reduce 26%
20/06/09 17:32:27 INFO mapreduce.Job:  map 82% reduce 26%
20/06/09 17:32:29 INFO mapreduce.Job:  map 83% reduce 26%
20/06/09 17:32:30 INFO mapreduce.Job:  map 84% reduce 26%
20/06/09 17:32:31 INFO mapreduce.Job:  map 84% reduce 27%
20/06/09 17:32:34 INFO mapreduce.Job:  map 85% reduce 27%
20/06/09 17:32:37 INFO mapreduce.Job:  map 86% reduce 27%
20/06/09 17:32:38 INFO mapreduce.Job:  map 87% reduce 27%
20/06/09 17:32:40 INFO mapreduce.Job:  map 87% reduce 28%
20/06/09 17:32:42 INFO mapreduce.Job:  map 88% reduce 28%
20/06/09 17:32:45 INFO mapreduce.Job:  map 89% reduce 28%
20/06/09 17:32:47 INFO mapreduce.Job:  map 90% reduce 28%
20/06/09 17:32:48 INFO mapreduce.Job:  map 91% reduce 28%
20/06/09 17:32:50 INFO mapreduce.Job:  map 92% reduce 28%
20/06/09 17:32:52 INFO mapreduce.Job:  map 92% reduce 29%
20/06/09 17:32:53 INFO mapreduce.Job:  map 93% reduce 29%
20/06/09 17:32:58 INFO mapreduce.Job:  map 94% reduce 29%
20/06/09 17:33:01 INFO mapreduce.Job:  map 95% reduce 29%
20/06/09 17:33:02 INFO mapreduce.Job:  map 96% reduce 30%
20/06/09 17:33:03 INFO mapreduce.Job:  map 97% reduce 30%
20/06/09 17:33:05 INFO mapreduce.Job:  map 97% reduce 31%
20/06/09 17:33:07 INFO mapreduce.Job:  map 98% reduce 31%
20/06/09 17:33:11 INFO mapreduce.Job:  map 98% reduce 32%
20/06/09 17:33:13 INFO mapreduce.Job:  map 99% reduce 32%
20/06/09 17:33:14 INFO mapreduce.Job:  map 100% reduce 33%
20/06/09 17:33:17 INFO mapreduce.Job:  map 100% reduce 59%
20/06/09 17:33:20 INFO mapreduce.Job:  map 100% reduce 72%
20/06/09 17:33:23 INFO mapreduce.Job:  map 100% reduce 77%
20/06/09 17:33:26 INFO mapreduce.Job:  map 100% reduce 82%
20/06/09 17:33:29 INFO mapreduce.Job:  map 100% reduce 88%
20/06/09 17:33:32 INFO mapreduce.Job:  map 100% reduce 96%
20/06/09 17:33:34 INFO mapreduce.Job:  map 100% reduce 100%
20/06/09 17:33:35 INFO mapreduce.Job: Job job_1591691124356_0002 completed successfully
20/06/09 17:33:35 INFO mapreduce.Job: Counters: 51
	File System Counters
		FILE: Number of bytes read=1614040763
		FILE: Number of bytes written=2389535336
		FILE: Number of read operations=0
		FILE: Number of large read operations=0
		FILE: Number of write operations=0
		HDFS: Number of bytes read=11024730443
		HDFS: Number of bytes written=451323188
		HDFS: Number of read operations=273
		HDFS: Number of large read operations=0
		HDFS: Number of write operations=2
	Job Counters 
		Killed map tasks=1
		Launched map tasks=91
		Launched reduce tasks=1
		Data-local map tasks=89
		Rack-local map tasks=2
		Total time spent by all maps in occupied slots (ms)=5091719
		Total time spent by all reduces in occupied slots (ms)=342338
		Total time spent by all map tasks (ms)=5091719
		Total time spent by all reduce tasks (ms)=342338
		Total vcore-milliseconds taken by all map tasks=5091719
		Total vcore-milliseconds taken by all reduce tasks=342338
		Total megabyte-milliseconds taken by all map tasks=5213920256
		Total megabyte-milliseconds taken by all reduce tasks=350554112
	Map-Reduce Framework
		Map input records=1636919
		Map output records=1010817676
		Map output bytes=19266556625
		Map output materialized bytes=764284167
		Input split bytes=10530
		Combine input records=1035809113
		Combine output records=47597380
		Reduce input groups=9842937
		Reduce shuffle bytes=764284167
		Reduce input records=22605943
		Reduce output records=9842937
		Spilled Records=70881709
		Shuffled Maps =90
		Failed Shuffles=0
		Merged Map outputs=90
		GC time elapsed (ms)=109040
		CPU time spent (ms)=2050060
		Physical memory (bytes) snapshot=25113796608
		Virtual memory (bytes) snapshot=191911612416
		Total committed heap usage (bytes)=18939904000
	Shuffle Errors
		BAD_ID=0
		CONNECTION=0
		IO_ERROR=0
		WRONG_LENGTH=0
		WRONG_MAP=0
		WRONG_REDUCE=0
	File Input Format Counters 
		Bytes Read=11024719913
	File Output Format Counters 
		Bytes Written=451323188
20/06/09 17:33:35 INFO client.RMProxy: Connecting to ResourceManager at master/10.51.17.95:8032
20/06/09 17:33:35 INFO input.FileInputFormat: Total input paths to process : 1
20/06/09 17:33:36 INFO mapreduce.JobSubmitter: number of splits:4
20/06/09 17:33:37 INFO mapreduce.JobSubmitter: Submitting tokens for job: job_1591691124356_0003
20/06/09 17:33:37 INFO impl.YarnClientImpl: Submitted application application_1591691124356_0003
20/06/09 17:33:37 INFO mapreduce.Job: The url to track the job: http://master:8088/proxy/application_1591691124356_0003/
20/06/09 17:33:37 INFO mapreduce.Job: Running job: job_1591691124356_0003
20/06/09 17:33:45 INFO mapreduce.Job: Job job_1591691124356_0003 running in uber mode : false
20/06/09 17:33:45 INFO mapreduce.Job:  map 0% reduce 0%
20/06/09 17:33:54 INFO mapreduce.Job:  map 25% reduce 0%
20/06/09 17:33:56 INFO mapreduce.Job:  map 45% reduce 0%
20/06/09 17:33:57 INFO mapreduce.Job:  map 54% reduce 0%
20/06/09 17:33:59 INFO mapreduce.Job:  map 64% reduce 0%
20/06/09 17:34:00 INFO mapreduce.Job:  map 68% reduce 0%
20/06/09 17:34:01 INFO mapreduce.Job:  map 76% reduce 0%
20/06/09 17:34:02 INFO mapreduce.Job:  map 82% reduce 0%
20/06/09 17:34:03 INFO mapreduce.Job:  map 93% reduce 0%
20/06/09 17:34:04 INFO mapreduce.Job:  map 93% reduce 17%
20/06/09 17:34:05 INFO mapreduce.Job:  map 100% reduce 17%
20/06/09 17:34:07 INFO mapreduce.Job:  map 100% reduce 73%
20/06/09 17:34:10 INFO mapreduce.Job:  map 100% reduce 85%
20/06/09 17:34:13 INFO mapreduce.Job:  map 100% reduce 100%
20/06/09 17:34:14 INFO mapreduce.Job: Job job_1591691124356_0003 completed successfully
20/06/09 17:34:14 INFO mapreduce.Job: Counters: 50
	File System Counters
		FILE: Number of bytes read=731250230
		FILE: Number of bytes written=1119713209
		FILE: Number of read operations=0
		FILE: Number of large read operations=0
		FILE: Number of write operations=0
		HDFS: Number of bytes read=451327679
		HDFS: Number of bytes written=309762974
		HDFS: Number of read operations=19
		HDFS: Number of large read operations=0
		HDFS: Number of write operations=2
	Job Counters 
		Killed map tasks=1
		Launched map tasks=5
		Launched reduce tasks=1
		Data-local map tasks=5
		Total time spent by all maps in occupied slots (ms)=63689
		Total time spent by all reduces in occupied slots (ms)=17007
		Total time spent by all map tasks (ms)=63689
		Total time spent by all reduce tasks (ms)=17007
		Total vcore-milliseconds taken by all map tasks=63689
		Total vcore-milliseconds taken by all reduce tasks=17007
		Total megabyte-milliseconds taken by all map tasks=65217536
		Total megabyte-milliseconds taken by all reduce tasks=17415168
	Map-Reduce Framework
		Map input records=9842937
		Map output records=9842937
		Map output bytes=368163746
		Map output materialized bytes=387849644
		Input split bytes=504
		Combine input records=0
		Combine output records=0
		Reduce input groups=1267
		Reduce shuffle bytes=387849644
		Reduce input records=9842937
		Reduce output records=9842937
		Spilled Records=28904637
		Shuffled Maps =4
		Failed Shuffles=0
		Merged Map outputs=4
		GC time elapsed (ms)=1682
		CPU time spent (ms)=46310
		Physical memory (bytes) snapshot=1269821440
		Virtual memory (bytes) snapshot=10572247040
		Total committed heap usage (bytes)=940572672
	Shuffle Errors
		BAD_ID=0
		CONNECTION=0
		IO_ERROR=0
		WRONG_LENGTH=0
		WRONG_MAP=0
		WRONG_REDUCE=0
	File Input Format Counters 
		Bytes Read=451327175
	File Output Format Counters 
		Bytes Written=309762974
