20/06/09 17:35:22 INFO client.RMProxy: Connecting to ResourceManager at master/10.51.17.95:8032
20/06/09 17:35:22 INFO input.FileInputFormat: Total input paths to process : 10
20/06/09 17:35:23 INFO mapreduce.JobSubmitter: number of splits:90
20/06/09 17:35:23 INFO mapreduce.JobSubmitter: Submitting tokens for job: job_1591691124356_0005
20/06/09 17:35:24 INFO impl.YarnClientImpl: Submitted application application_1591691124356_0005
20/06/09 17:35:24 INFO mapreduce.Job: The url to track the job: http://master:8088/proxy/application_1591691124356_0005/
20/06/09 17:35:24 INFO mapreduce.Job: Running job: job_1591691124356_0005
20/06/09 17:35:30 INFO mapreduce.Job: Job job_1591691124356_0005 running in uber mode : false
20/06/09 17:35:30 INFO mapreduce.Job:  map 0% reduce 0%
20/06/09 17:35:44 INFO mapreduce.Job:  map 1% reduce 0%
20/06/09 17:35:46 INFO mapreduce.Job:  map 2% reduce 0%
20/06/09 17:35:50 INFO mapreduce.Job:  map 3% reduce 0%
20/06/09 17:35:58 INFO mapreduce.Job:  map 4% reduce 0%
20/06/09 17:36:01 INFO mapreduce.Job:  map 5% reduce 0%
20/06/09 17:36:09 INFO mapreduce.Job:  map 6% reduce 0%
20/06/09 17:36:12 INFO mapreduce.Job:  map 7% reduce 0%
20/06/09 17:36:18 INFO mapreduce.Job:  map 8% reduce 0%
20/06/09 17:36:23 INFO mapreduce.Job:  map 9% reduce 0%
20/06/09 17:36:26 INFO mapreduce.Job:  map 10% reduce 0%
20/06/09 17:36:27 INFO mapreduce.Job:  map 11% reduce 0%
20/06/09 17:36:28 INFO mapreduce.Job:  map 12% reduce 0%
20/06/09 17:36:37 INFO mapreduce.Job:  map 13% reduce 0%
20/06/09 17:36:39 INFO mapreduce.Job:  map 14% reduce 0%
20/06/09 17:36:45 INFO mapreduce.Job:  map 15% reduce 0%
20/06/09 17:36:47 INFO mapreduce.Job:  map 16% reduce 0%
20/06/09 17:36:49 INFO mapreduce.Job:  map 17% reduce 0%
20/06/09 17:36:52 INFO mapreduce.Job:  map 18% reduce 0%
20/06/09 17:36:59 INFO mapreduce.Job:  map 19% reduce 5%
20/06/09 17:37:04 INFO mapreduce.Job:  map 20% reduce 5%
20/06/09 17:37:09 INFO mapreduce.Job:  map 21% reduce 5%
20/06/09 17:37:15 INFO mapreduce.Job:  map 22% reduce 5%
20/06/09 17:37:20 INFO mapreduce.Job:  map 23% reduce 5%
20/06/09 17:37:22 INFO mapreduce.Job:  map 24% reduce 5%
20/06/09 17:37:24 INFO mapreduce.Job:  map 25% reduce 7%
20/06/09 17:37:29 INFO mapreduce.Job:  map 26% reduce 7%
20/06/09 17:37:35 INFO mapreduce.Job:  map 27% reduce 7%
20/06/09 17:37:39 INFO mapreduce.Job:  map 28% reduce 7%
20/06/09 17:37:45 INFO mapreduce.Job:  map 29% reduce 7%
20/06/09 17:37:48 INFO mapreduce.Job:  map 30% reduce 7%
20/06/09 17:37:51 INFO mapreduce.Job:  map 30% reduce 8%
20/06/09 17:37:53 INFO mapreduce.Job:  map 31% reduce 8%
20/06/09 17:37:54 INFO mapreduce.Job:  map 32% reduce 8%
20/06/09 17:37:56 INFO mapreduce.Job:  map 33% reduce 8%
20/06/09 17:37:57 INFO mapreduce.Job:  map 33% reduce 10%
20/06/09 17:38:04 INFO mapreduce.Job:  map 34% reduce 10%
20/06/09 17:38:08 INFO mapreduce.Job:  map 35% reduce 10%
20/06/09 17:38:15 INFO mapreduce.Job:  map 36% reduce 10%
20/06/09 17:38:17 INFO mapreduce.Job:  map 37% reduce 10%
20/06/09 17:38:19 INFO mapreduce.Job:  map 37% reduce 11%
20/06/09 17:38:21 INFO mapreduce.Job:  map 38% reduce 11%
20/06/09 17:38:23 INFO mapreduce.Job:  map 39% reduce 11%
20/06/09 17:38:25 INFO mapreduce.Job:  map 39% reduce 12%
20/06/09 17:38:29 INFO mapreduce.Job:  map 40% reduce 12%
20/06/09 17:38:35 INFO mapreduce.Job:  map 41% reduce 12%
20/06/09 17:38:39 INFO mapreduce.Job:  map 42% reduce 12%
20/06/09 17:38:44 INFO mapreduce.Job:  map 43% reduce 12%
20/06/09 17:38:48 INFO mapreduce.Job:  map 44% reduce 12%
20/06/09 17:38:54 INFO mapreduce.Job:  map 45% reduce 12%
20/06/09 17:38:56 INFO mapreduce.Job:  map 45% reduce 13%
20/06/09 17:38:57 INFO mapreduce.Job:  map 46% reduce 13%
20/06/09 17:39:03 INFO mapreduce.Job:  map 47% reduce 13%
20/06/09 17:39:05 INFO mapreduce.Job:  map 47% reduce 14%
20/06/09 17:39:06 INFO mapreduce.Job:  map 48% reduce 14%
20/06/09 17:39:07 INFO mapreduce.Job:  map 49% reduce 14%
20/06/09 17:39:08 INFO mapreduce.Job:  map 49% reduce 15%
20/06/09 17:39:12 INFO mapreduce.Job:  map 50% reduce 15%
20/06/09 17:39:14 INFO mapreduce.Job:  map 50% reduce 16%
20/06/09 17:39:15 INFO mapreduce.Job:  map 51% reduce 16%
20/06/09 17:39:19 INFO mapreduce.Job:  map 52% reduce 16%
20/06/09 17:39:22 INFO mapreduce.Job:  map 53% reduce 16%
20/06/09 17:39:23 INFO mapreduce.Job:  map 53% reduce 17%
20/06/09 17:39:27 INFO mapreduce.Job:  map 54% reduce 17%
20/06/09 17:39:34 INFO mapreduce.Job:  map 55% reduce 17%
20/06/09 17:39:39 INFO mapreduce.Job:  map 56% reduce 17%
20/06/09 17:39:44 INFO mapreduce.Job:  map 57% reduce 17%
20/06/09 17:39:49 INFO mapreduce.Job:  map 58% reduce 17%
20/06/09 17:39:53 INFO mapreduce.Job:  map 59% reduce 17%
20/06/09 17:39:58 INFO mapreduce.Job:  map 60% reduce 17%
20/06/09 17:40:02 INFO mapreduce.Job:  map 61% reduce 18%
20/06/09 17:40:06 INFO mapreduce.Job:  map 62% reduce 18%
20/06/09 17:40:09 INFO mapreduce.Job:  map 63% reduce 18%
20/06/09 17:40:12 INFO mapreduce.Job:  map 64% reduce 19%
20/06/09 17:40:13 INFO mapreduce.Job:  map 65% reduce 19%
20/06/09 17:40:14 INFO mapreduce.Job:  map 66% reduce 19%
20/06/09 17:40:15 INFO mapreduce.Job:  map 66% reduce 21%
20/06/09 17:40:18 INFO mapreduce.Job:  map 66% reduce 22%
20/06/09 17:40:23 INFO mapreduce.Job:  map 67% reduce 22%
20/06/09 17:40:26 INFO mapreduce.Job:  map 68% reduce 22%
20/06/09 17:40:32 INFO mapreduce.Job:  map 69% reduce 22%
20/06/09 17:40:38 INFO mapreduce.Job:  map 70% reduce 22%
20/06/09 17:40:43 INFO mapreduce.Job:  map 71% reduce 22%
20/06/09 17:40:47 INFO mapreduce.Job:  map 72% reduce 22%
20/06/09 17:40:54 INFO mapreduce.Job:  map 73% reduce 22%
20/06/09 17:40:58 INFO mapreduce.Job:  map 74% reduce 22%
20/06/09 17:41:02 INFO mapreduce.Job:  map 75% reduce 22%
20/06/09 17:41:04 INFO mapreduce.Job:  map 75% reduce 23%
20/06/09 17:41:05 INFO mapreduce.Job:  map 76% reduce 23%
20/06/09 17:41:08 INFO mapreduce.Job:  map 77% reduce 23%
20/06/09 17:41:10 INFO mapreduce.Job:  map 77% reduce 24%
20/06/09 17:41:13 INFO mapreduce.Job:  map 78% reduce 24%
20/06/09 17:41:14 INFO mapreduce.Job:  map 79% reduce 24%
20/06/09 17:41:16 INFO mapreduce.Job:  map 79% reduce 25%
20/06/09 17:41:20 INFO mapreduce.Job:  map 80% reduce 25%
20/06/09 17:41:21 INFO mapreduce.Job:  map 81% reduce 25%
20/06/09 17:41:22 INFO mapreduce.Job:  map 81% reduce 26%
20/06/09 17:41:26 INFO mapreduce.Job:  map 82% reduce 26%
20/06/09 17:41:27 INFO mapreduce.Job:  map 83% reduce 26%
20/06/09 17:41:28 INFO mapreduce.Job:  map 83% reduce 27%
20/06/09 17:41:30 INFO mapreduce.Job:  map 84% reduce 27%
20/06/09 17:41:34 INFO mapreduce.Job:  map 85% reduce 27%
20/06/09 17:41:35 INFO mapreduce.Job:  map 86% reduce 27%
20/06/09 17:41:38 INFO mapreduce.Job:  map 87% reduce 27%
20/06/09 17:41:40 INFO mapreduce.Job:  map 88% reduce 27%
20/06/09 17:41:45 INFO mapreduce.Job:  map 90% reduce 27%
20/06/09 17:41:46 INFO mapreduce.Job:  map 91% reduce 27%
20/06/09 17:41:47 INFO mapreduce.Job:  map 91% reduce 28%
20/06/09 17:41:51 INFO mapreduce.Job:  map 92% reduce 28%
20/06/09 17:41:53 INFO mapreduce.Job:  map 92% reduce 29%
20/06/09 17:41:54 INFO mapreduce.Job:  map 93% reduce 29%
20/06/09 17:41:55 INFO mapreduce.Job:  map 94% reduce 29%
20/06/09 17:41:58 INFO mapreduce.Job:  map 95% reduce 29%
20/06/09 17:41:59 INFO mapreduce.Job:  map 96% reduce 30%
20/06/09 17:42:02 INFO mapreduce.Job:  map 97% reduce 30%
20/06/09 17:42:04 INFO mapreduce.Job:  map 98% reduce 30%
20/06/09 17:42:05 INFO mapreduce.Job:  map 98% reduce 31%
20/06/09 17:42:08 INFO mapreduce.Job:  map 99% reduce 32%
20/06/09 17:42:13 INFO mapreduce.Job:  map 100% reduce 32%
20/06/09 17:42:14 INFO mapreduce.Job:  map 100% reduce 33%
20/06/09 17:42:17 INFO mapreduce.Job:  map 100% reduce 69%
20/06/09 17:42:20 INFO mapreduce.Job:  map 100% reduce 75%
20/06/09 17:42:23 INFO mapreduce.Job:  map 100% reduce 80%
20/06/09 17:42:26 INFO mapreduce.Job:  map 100% reduce 86%
20/06/09 17:42:29 INFO mapreduce.Job:  map 100% reduce 94%
20/06/09 17:42:31 INFO mapreduce.Job:  map 100% reduce 100%
20/06/09 17:42:32 INFO mapreduce.Job: Job job_1591691124356_0005 completed successfully
20/06/09 17:42:32 INFO mapreduce.Job: Counters: 50
	File System Counters
		FILE: Number of bytes read=1657984098
		FILE: Number of bytes written=2455217226
		FILE: Number of read operations=0
		FILE: Number of large read operations=0
		FILE: Number of write operations=0
		HDFS: Number of bytes read=11025243837
		HDFS: Number of bytes written=469945770
		HDFS: Number of read operations=273
		HDFS: Number of large read operations=0
		HDFS: Number of write operations=2
	Job Counters 
		Killed map tasks=1
		Launched map tasks=91
		Launched reduce tasks=1
		Data-local map tasks=91
		Total time spent by all maps in occupied slots (ms)=5113300
		Total time spent by all reduces in occupied slots (ms)=344773
		Total time spent by all map tasks (ms)=5113300
		Total time spent by all reduce tasks (ms)=344773
		Total vcore-milliseconds taken by all map tasks=5113300
		Total vcore-milliseconds taken by all reduce tasks=344773
		Total megabyte-milliseconds taken by all map tasks=5236019200
		Total megabyte-milliseconds taken by all reduce tasks=353047552
	Map-Reduce Framework
		Map input records=1179510
		Map output records=1010355129
		Map output bytes=19270173339
		Map output materialized bytes=786022631
		Input split bytes=10530
		Combine input records=1035348383
		Combine output records=47600820
		Reduce input groups=9841754
		Reduce shuffle bytes=786022631
		Reduce input records=22607566
		Reduce output records=9841754
		Spilled Records=70887054
		Shuffled Maps =90
		Failed Shuffles=0
		Merged Map outputs=90
		GC time elapsed (ms)=106613
		CPU time spent (ms)=2066440
		Physical memory (bytes) snapshot=25120190464
		Virtual memory (bytes) snapshot=191927672832
		Total committed heap usage (bytes)=18940428288
	Shuffle Errors
		BAD_ID=0
		CONNECTION=0
		IO_ERROR=0
		WRONG_LENGTH=0
		WRONG_MAP=0
		WRONG_REDUCE=0
	File Input Format Counters 
		Bytes Read=11025233307
	File Output Format Counters 
		Bytes Written=469945770
20/06/09 17:42:32 INFO client.RMProxy: Connecting to ResourceManager at master/10.51.17.95:8032
20/06/09 17:42:33 INFO input.FileInputFormat: Total input paths to process : 1
20/06/09 17:42:33 INFO mapreduce.JobSubmitter: number of splits:4
20/06/09 17:42:34 INFO mapreduce.JobSubmitter: Submitting tokens for job: job_1591691124356_0006
20/06/09 17:42:34 INFO impl.YarnClientImpl: Submitted application application_1591691124356_0006
20/06/09 17:42:34 INFO mapreduce.Job: The url to track the job: http://master:8088/proxy/application_1591691124356_0006/
20/06/09 17:42:34 INFO mapreduce.Job: Running job: job_1591691124356_0006
20/06/09 17:42:42 INFO mapreduce.Job: Job job_1591691124356_0006 running in uber mode : false
20/06/09 17:42:42 INFO mapreduce.Job:  map 0% reduce 0%
20/06/09 17:42:51 INFO mapreduce.Job:  map 25% reduce 0%
20/06/09 17:42:54 INFO mapreduce.Job:  map 57% reduce 0%
20/06/09 17:42:57 INFO mapreduce.Job:  map 73% reduce 0%
20/06/09 17:42:59 INFO mapreduce.Job:  map 80% reduce 0%
20/06/09 17:43:00 INFO mapreduce.Job:  map 92% reduce 0%
20/06/09 17:43:02 INFO mapreduce.Job:  map 100% reduce 0%
20/06/09 17:43:05 INFO mapreduce.Job:  map 100% reduce 78%
20/06/09 17:43:08 INFO mapreduce.Job:  map 100% reduce 91%
20/06/09 17:43:10 INFO mapreduce.Job:  map 100% reduce 100%
20/06/09 17:43:10 INFO mapreduce.Job: Job job_1591691124356_0006 completed successfully
20/06/09 17:43:10 INFO mapreduce.Job: Counters: 50
	File System Counters
		FILE: Number of bytes read=751078835
		FILE: Number of bytes written=1157995219
		FILE: Number of read operations=0
		FILE: Number of large read operations=0
		FILE: Number of write operations=0
		HDFS: Number of bytes read=469952057
		HDFS: Number of bytes written=328226245
		HDFS: Number of read operations=19
		HDFS: Number of large read operations=0
		HDFS: Number of write operations=2
	Job Counters 
		Killed map tasks=1
		Launched map tasks=5
		Launched reduce tasks=1
		Data-local map tasks=5
		Total time spent by all maps in occupied slots (ms)=63353
		Total time spent by all reduces in occupied slots (ms)=15976
		Total time spent by all map tasks (ms)=63353
		Total time spent by all reduce tasks (ms)=15976
		Total vcore-milliseconds taken by all map tasks=63353
		Total vcore-milliseconds taken by all reduce tasks=15976
		Total megabyte-milliseconds taken by all map tasks=64873472
		Total megabyte-milliseconds taken by all reduce tasks=16359424
	Map-Reduce Framework
		Map input records=9841754
		Map output records=9841754
		Map output bytes=386619512
		Map output materialized bytes=406303044
		Input split bytes=508
		Combine input records=0
		Combine output records=0
		Reduce input groups=1246
		Reduce shuffle bytes=406303044
		Reduce input records=9841754
		Reduce output records=9841754
		Spilled Records=28673708
		Shuffled Maps =4
		Failed Shuffles=0
		Merged Map outputs=4
		GC time elapsed (ms)=1942
		CPU time spent (ms)=42410
		Physical memory (bytes) snapshot=1272680448
		Virtual memory (bytes) snapshot=10549235712
		Total committed heap usage (bytes)=935329792
	Shuffle Errors
		BAD_ID=0
		CONNECTION=0
		IO_ERROR=0
		WRONG_LENGTH=0
		WRONG_MAP=0
		WRONG_REDUCE=0
	File Input Format Counters 
		Bytes Read=469951549
	File Output Format Counters 
		Bytes Written=328226245
