20/06/13 01:30:40 INFO client.RMProxy: Connecting to ResourceManager at master/10.51.17.95:8032
20/06/13 01:30:40 INFO client.RMProxy: Connecting to ResourceManager at master/10.51.17.95:8032
20/06/13 01:30:40 INFO input.FileInputFormat: Total input paths to process : 10
20/06/13 01:30:41 INFO mapreduce.JobSubmitter: number of splits:80
20/06/13 01:30:41 INFO mapreduce.JobSubmitter: Submitting tokens for job: job_1591978999943_0004
20/06/13 01:30:42 INFO impl.YarnClientImpl: Submitted application application_1591978999943_0004
20/06/13 01:30:42 INFO mapreduce.Job: The url to track the job: http://master:8088/proxy/application_1591978999943_0004/
20/06/13 01:30:42 INFO mapreduce.Job: Running job: job_1591978999943_0004
20/06/13 01:30:50 INFO mapreduce.Job: Job job_1591978999943_0004 running in uber mode : false
20/06/13 01:30:50 INFO mapreduce.Job:  map 0% reduce 0%
20/06/13 01:31:02 INFO mapreduce.Job:  map 1% reduce 0%
20/06/13 01:31:03 INFO mapreduce.Job:  map 3% reduce 0%
20/06/13 01:31:04 INFO mapreduce.Job:  map 5% reduce 0%
20/06/13 01:31:05 INFO mapreduce.Job:  map 7% reduce 0%
20/06/13 01:31:06 INFO mapreduce.Job:  map 12% reduce 0%
20/06/13 01:31:07 INFO mapreduce.Job:  map 14% reduce 0%
20/06/13 01:31:10 INFO mapreduce.Job:  map 15% reduce 0%
20/06/13 01:31:12 INFO mapreduce.Job:  map 17% reduce 0%
20/06/13 01:31:13 INFO mapreduce.Job:  map 18% reduce 0%
20/06/13 01:31:15 INFO mapreduce.Job:  map 19% reduce 0%
20/06/13 01:31:16 INFO mapreduce.Job:  map 21% reduce 0%
20/06/13 01:31:17 INFO mapreduce.Job:  map 23% reduce 0%
20/06/13 01:31:19 INFO mapreduce.Job:  map 24% reduce 0%
20/06/13 01:31:20 INFO mapreduce.Job:  map 25% reduce 1%
20/06/13 01:31:21 INFO mapreduce.Job:  map 26% reduce 1%
20/06/13 01:31:23 INFO mapreduce.Job:  map 27% reduce 2%
20/06/13 01:31:25 INFO mapreduce.Job:  map 28% reduce 2%
20/06/13 01:31:27 INFO mapreduce.Job:  map 29% reduce 2%
20/06/13 01:31:29 INFO mapreduce.Job:  map 31% reduce 3%
20/06/13 01:31:31 INFO mapreduce.Job:  map 33% reduce 3%
20/06/13 01:31:33 INFO mapreduce.Job:  map 34% reduce 3%
20/06/13 01:31:34 INFO mapreduce.Job:  map 35% reduce 3%
20/06/13 01:31:36 INFO mapreduce.Job:  map 36% reduce 4%
20/06/13 01:31:37 INFO mapreduce.Job:  map 37% reduce 4%
20/06/13 01:31:39 INFO mapreduce.Job:  map 38% reduce 4%
20/06/13 01:31:40 INFO mapreduce.Job:  map 38% reduce 5%
20/06/13 01:31:43 INFO mapreduce.Job:  map 38% reduce 6%
20/06/13 01:31:45 INFO mapreduce.Job:  map 39% reduce 6%
20/06/13 01:31:46 INFO mapreduce.Job:  map 39% reduce 7%
20/06/13 01:31:47 INFO mapreduce.Job:  map 43% reduce 7%
20/06/13 01:31:49 INFO mapreduce.Job:  map 44% reduce 7%
20/06/13 01:31:50 INFO mapreduce.Job:  map 46% reduce 7%
20/06/13 01:31:51 INFO mapreduce.Job:  map 48% reduce 7%
20/06/13 01:31:53 INFO mapreduce.Job:  map 49% reduce 7%
20/06/13 01:31:58 INFO mapreduce.Job:  map 50% reduce 8%
20/06/13 01:31:59 INFO mapreduce.Job:  map 51% reduce 8%
20/06/13 01:32:02 INFO mapreduce.Job:  map 52% reduce 8%
20/06/13 01:32:03 INFO mapreduce.Job:  map 54% reduce 8%
20/06/13 01:32:04 INFO mapreduce.Job:  map 55% reduce 8%
20/06/13 01:32:05 INFO mapreduce.Job:  map 56% reduce 8%
20/06/13 01:32:06 INFO mapreduce.Job:  map 57% reduce 8%
20/06/13 01:32:07 INFO mapreduce.Job:  map 58% reduce 8%
20/06/13 01:32:08 INFO mapreduce.Job:  map 59% reduce 8%
20/06/13 01:32:09 INFO mapreduce.Job:  map 60% reduce 8%
20/06/13 01:32:10 INFO mapreduce.Job:  map 61% reduce 9%
20/06/13 01:32:11 INFO mapreduce.Job:  map 62% reduce 9%
20/06/13 01:32:12 INFO mapreduce.Job:  map 63% reduce 9%
20/06/13 01:32:13 INFO mapreduce.Job:  map 64% reduce 9%
20/06/13 01:32:14 INFO mapreduce.Job:  map 65% reduce 9%
20/06/13 01:32:16 INFO mapreduce.Job:  map 66% reduce 9%
20/06/13 01:32:17 INFO mapreduce.Job:  map 67% reduce 9%
20/06/13 01:32:18 INFO mapreduce.Job:  map 68% reduce 10%
20/06/13 01:32:20 INFO mapreduce.Job:  map 69% reduce 10%
20/06/13 01:32:21 INFO mapreduce.Job:  map 70% reduce 10%
20/06/13 01:32:23 INFO mapreduce.Job:  map 71% reduce 10%
20/06/13 01:32:25 INFO mapreduce.Job:  map 73% reduce 10%
20/06/13 01:32:27 INFO mapreduce.Job:  map 74% reduce 10%
20/06/13 01:32:29 INFO mapreduce.Job:  map 75% reduce 10%
20/06/13 01:32:30 INFO mapreduce.Job:  map 77% reduce 10%
20/06/13 01:32:32 INFO mapreduce.Job:  map 78% reduce 10%
20/06/13 01:32:33 INFO mapreduce.Job:  map 79% reduce 10%
20/06/13 01:32:35 INFO mapreduce.Job:  map 80% reduce 10%
20/06/13 01:32:37 INFO mapreduce.Job:  map 80% reduce 11%
20/06/13 01:32:38 INFO mapreduce.Job:  map 81% reduce 11%
20/06/13 01:32:39 INFO mapreduce.Job:  map 82% reduce 11%
20/06/13 01:32:41 INFO mapreduce.Job:  map 83% reduce 11%
20/06/13 01:32:42 INFO mapreduce.Job:  map 84% reduce 11%
20/06/13 01:32:43 INFO mapreduce.Job:  map 84% reduce 12%
20/06/13 01:32:45 INFO mapreduce.Job:  map 85% reduce 12%
20/06/13 01:32:48 INFO mapreduce.Job:  map 87% reduce 12%
20/06/13 01:32:49 INFO mapreduce.Job:  map 87% reduce 13%
20/06/13 01:32:50 INFO mapreduce.Job:  map 88% reduce 13%
20/06/13 01:32:55 INFO mapreduce.Job:  map 90% reduce 13%
20/06/13 01:32:56 INFO mapreduce.Job:  map 90% reduce 14%
20/06/13 01:32:57 INFO mapreduce.Job:  map 91% reduce 14%
20/06/13 01:32:59 INFO mapreduce.Job:  map 91% reduce 15%
20/06/13 01:33:01 INFO mapreduce.Job:  map 92% reduce 15%
20/06/13 01:33:03 INFO mapreduce.Job:  map 93% reduce 15%
20/06/13 01:33:04 INFO mapreduce.Job:  map 94% reduce 15%
20/06/13 01:33:08 INFO mapreduce.Job:  map 95% reduce 15%
20/06/13 01:33:09 INFO mapreduce.Job:  map 96% reduce 16%
20/06/13 01:33:10 INFO mapreduce.Job:  map 97% reduce 16%
20/06/13 01:33:12 INFO mapreduce.Job:  map 97% reduce 17%
20/06/13 01:33:14 INFO mapreduce.Job:  map 99% reduce 17%
20/06/13 01:33:16 INFO mapreduce.Job:  map 99% reduce 18%
20/06/13 01:33:20 INFO mapreduce.Job:  map 100% reduce 18%
20/06/13 01:33:21 INFO mapreduce.Job:  map 100% reduce 19%
20/06/13 01:33:24 INFO mapreduce.Job:  map 100% reduce 20%
20/06/13 01:33:28 INFO mapreduce.Job:  map 100% reduce 21%
20/06/13 01:33:33 INFO mapreduce.Job:  map 100% reduce 22%
20/06/13 01:33:36 INFO mapreduce.Job:  map 100% reduce 23%
20/06/13 01:33:39 INFO mapreduce.Job:  map 100% reduce 24%
20/06/13 01:33:43 INFO mapreduce.Job:  map 100% reduce 25%
20/06/13 01:33:46 INFO mapreduce.Job:  map 100% reduce 26%
20/06/13 01:33:49 INFO mapreduce.Job:  map 100% reduce 27%
20/06/13 01:33:54 INFO mapreduce.Job:  map 100% reduce 28%
20/06/13 01:33:57 INFO mapreduce.Job:  map 100% reduce 29%
20/06/13 01:34:03 INFO mapreduce.Job:  map 100% reduce 30%
20/06/13 01:34:12 INFO mapreduce.Job:  map 100% reduce 31%
20/06/13 01:34:24 INFO mapreduce.Job:  map 100% reduce 32%
20/06/13 01:34:39 INFO mapreduce.Job:  map 100% reduce 33%
20/06/13 01:36:10 INFO mapreduce.Job:  map 100% reduce 37%
20/06/13 01:36:21 INFO mapreduce.Job:  map 100% reduce 38%
20/06/13 01:36:25 INFO mapreduce.Job:  map 100% reduce 42%
20/06/13 01:36:34 INFO mapreduce.Job:  map 100% reduce 44%
20/06/13 01:36:42 INFO mapreduce.Job:  map 100% reduce 54%
20/06/13 01:36:45 INFO mapreduce.Job:  map 100% reduce 61%
20/06/13 01:36:48 INFO mapreduce.Job:  map 100% reduce 67%
20/06/13 01:36:55 INFO mapreduce.Job:  map 100% reduce 68%
20/06/13 01:37:06 INFO mapreduce.Job:  map 100% reduce 69%
20/06/13 01:37:10 INFO mapreduce.Job:  map 100% reduce 70%
20/06/13 01:37:18 INFO mapreduce.Job:  map 100% reduce 71%
20/06/13 01:37:24 INFO mapreduce.Job:  map 100% reduce 72%
20/06/13 01:37:27 INFO mapreduce.Job:  map 100% reduce 73%
20/06/13 01:37:40 INFO mapreduce.Job:  map 100% reduce 74%
20/06/13 01:37:46 INFO mapreduce.Job:  map 100% reduce 75%
20/06/13 01:38:02 INFO mapreduce.Job:  map 100% reduce 76%
20/06/13 01:38:13 INFO mapreduce.Job:  map 100% reduce 77%
20/06/13 01:38:39 INFO mapreduce.Job:  map 100% reduce 78%
20/06/13 01:38:43 INFO mapreduce.Job:  map 100% reduce 79%
20/06/13 01:39:00 INFO mapreduce.Job:  map 100% reduce 80%
20/06/13 01:39:01 INFO mapreduce.Job:  map 100% reduce 81%
20/06/13 01:39:16 INFO mapreduce.Job:  map 100% reduce 82%
20/06/13 01:39:21 INFO mapreduce.Job:  map 100% reduce 83%
20/06/13 01:39:36 INFO mapreduce.Job:  map 100% reduce 84%
20/06/13 01:39:42 INFO mapreduce.Job:  map 100% reduce 85%
20/06/13 01:39:57 INFO mapreduce.Job:  map 100% reduce 86%
20/06/13 01:40:00 INFO mapreduce.Job:  map 100% reduce 87%
20/06/13 01:40:04 INFO mapreduce.Job:  map 100% reduce 88%
20/06/13 01:40:09 INFO mapreduce.Job:  map 100% reduce 89%
20/06/13 01:40:12 INFO mapreduce.Job:  map 100% reduce 90%
20/06/13 01:40:13 INFO mapreduce.Job:  map 100% reduce 91%
20/06/13 01:40:16 INFO mapreduce.Job:  map 100% reduce 92%
20/06/13 01:40:18 INFO mapreduce.Job:  map 100% reduce 93%
20/06/13 01:40:21 INFO mapreduce.Job:  map 100% reduce 94%
20/06/13 01:40:24 INFO mapreduce.Job:  map 100% reduce 95%
20/06/13 01:40:27 INFO mapreduce.Job:  map 100% reduce 96%
20/06/13 01:40:30 INFO mapreduce.Job:  map 100% reduce 97%
20/06/13 01:40:31 INFO mapreduce.Job:  map 100% reduce 98%
20/06/13 01:40:34 INFO mapreduce.Job:  map 100% reduce 99%
20/06/13 01:40:37 INFO mapreduce.Job:  map 100% reduce 100%
20/06/13 01:40:40 INFO mapreduce.Job: Job job_1591978999943_0004 completed successfully
20/06/13 01:40:40 INFO mapreduce.Job: Counters: 51
	File System Counters
		FILE: Number of bytes read=31975025469
		FILE: Number of bytes written=42735583753
		FILE: Number of read operations=0
		FILE: Number of large read operations=0
		FILE: Number of write operations=0
		HDFS: Number of bytes read=10774089064
		HDFS: Number of bytes written=10772889536
		HDFS: Number of read operations=329
		HDFS: Number of large read operations=0
		HDFS: Number of write operations=6
	Job Counters 
		Killed map tasks=2
		Launched map tasks=82
		Launched reduce tasks=3
		Data-local map tasks=71
		Rack-local map tasks=11
		Total time spent by all maps in occupied slots (ms)=1528800
		Total time spent by all reduces in occupied slots (ms)=1671165
		Total time spent by all map tasks (ms)=1528800
		Total time spent by all reduce tasks (ms)=1671165
		Total vcore-milliseconds taken by all map tasks=1528800
		Total vcore-milliseconds taken by all reduce tasks=1671165
		Total megabyte-milliseconds taken by all map tasks=1565491200
		Total megabyte-milliseconds taken by all reduce tasks=1711272960
	Map-Reduce Framework
		Map input records=1023041
		Map output records=1023041
		Map output bytes=10745678500
		Map output materialized bytes=10751431523
		Input split bytes=9040
		Combine input records=0
		Combine output records=0
		Reduce input groups=1023041
		Reduce shuffle bytes=10751431523
		Reduce input records=1023041
		Reduce output records=1023041
		Spilled Records=4065643
		Shuffled Maps =240
		Failed Shuffles=0
		Merged Map outputs=240
		GC time elapsed (ms)=14415
		CPU time spent (ms)=261030
		Physical memory (bytes) snapshot=22014132224
		Virtual memory (bytes) snapshot=175169359872
		Total committed heap usage (bytes)=16454254592
	Shuffle Errors
		BAD_ID=0
		CONNECTION=0
		IO_ERROR=0
		WRONG_LENGTH=0
		WRONG_MAP=0
		WRONG_REDUCE=0
	File Input Format Counters 
		Bytes Read=10774080024
	File Output Format Counters 
		Bytes Written=10772889536
