20/06/10 12:40:37 INFO client.RMProxy: Connecting to ResourceManager at master/10.51.17.95:8032
20/06/10 12:40:37 INFO client.RMProxy: Connecting to ResourceManager at master/10.51.17.95:8032
20/06/10 12:40:38 INFO input.FileInputFormat: Total input paths to process : 10
20/06/10 12:40:38 INFO mapreduce.JobSubmitter: number of splits:80
20/06/10 12:40:39 INFO mapreduce.JobSubmitter: Submitting tokens for job: job_1591760374303_0002
20/06/10 12:40:39 INFO impl.YarnClientImpl: Submitted application application_1591760374303_0002
20/06/10 12:40:39 INFO mapreduce.Job: The url to track the job: http://master:8088/proxy/application_1591760374303_0002/
20/06/10 12:40:39 INFO mapreduce.Job: Running job: job_1591760374303_0002
20/06/10 12:40:47 INFO mapreduce.Job: Job job_1591760374303_0002 running in uber mode : false
20/06/10 12:40:47 INFO mapreduce.Job:  map 0% reduce 0%
20/06/10 12:40:59 INFO mapreduce.Job:  map 3% reduce 0%
20/06/10 12:41:00 INFO mapreduce.Job:  map 4% reduce 0%
20/06/10 12:41:01 INFO mapreduce.Job:  map 6% reduce 0%
20/06/10 12:41:02 INFO mapreduce.Job:  map 10% reduce 0%
20/06/10 12:41:03 INFO mapreduce.Job:  map 15% reduce 0%
20/06/10 12:41:06 INFO mapreduce.Job:  map 16% reduce 0%
20/06/10 12:41:09 INFO mapreduce.Job:  map 18% reduce 0%
20/06/10 12:41:12 INFO mapreduce.Job:  map 20% reduce 0%
20/06/10 12:41:13 INFO mapreduce.Job:  map 21% reduce 0%
20/06/10 12:41:15 INFO mapreduce.Job:  map 23% reduce 0%
20/06/10 12:41:18 INFO mapreduce.Job:  map 26% reduce 0%
20/06/10 12:41:19 INFO mapreduce.Job:  map 26% reduce 1%
20/06/10 12:41:22 INFO mapreduce.Job:  map 27% reduce 3%
20/06/10 12:41:25 INFO mapreduce.Job:  map 27% reduce 5%
20/06/10 12:41:27 INFO mapreduce.Job:  map 28% reduce 5%
20/06/10 12:41:28 INFO mapreduce.Job:  map 28% reduce 6%
20/06/10 12:41:29 INFO mapreduce.Job:  map 29% reduce 6%
20/06/10 12:41:32 INFO mapreduce.Job:  map 30% reduce 7%
20/06/10 12:41:33 INFO mapreduce.Job:  map 31% reduce 7%
20/06/10 12:41:34 INFO mapreduce.Job:  map 32% reduce 7%
20/06/10 12:41:35 INFO mapreduce.Job:  map 33% reduce 8%
20/06/10 12:41:37 INFO mapreduce.Job:  map 34% reduce 8%
20/06/10 12:41:38 INFO mapreduce.Job:  map 36% reduce 8%
20/06/10 12:41:39 INFO mapreduce.Job:  map 37% reduce 8%
20/06/10 12:41:40 INFO mapreduce.Job:  map 37% reduce 9%
20/06/10 12:41:41 INFO mapreduce.Job:  map 38% reduce 9%
20/06/10 12:41:43 INFO mapreduce.Job:  map 39% reduce 10%
20/06/10 12:41:44 INFO mapreduce.Job:  map 39% reduce 11%
20/06/10 12:41:47 INFO mapreduce.Job:  map 40% reduce 11%
20/06/10 12:41:49 INFO mapreduce.Job:  map 40% reduce 12%
20/06/10 12:41:51 INFO mapreduce.Job:  map 42% reduce 12%
20/06/10 12:41:53 INFO mapreduce.Job:  map 43% reduce 12%
20/06/10 12:41:54 INFO mapreduce.Job:  map 45% reduce 12%
20/06/10 12:41:55 INFO mapreduce.Job:  map 45% reduce 13%
20/06/10 12:41:57 INFO mapreduce.Job:  map 47% reduce 13%
20/06/10 12:41:58 INFO mapreduce.Job:  map 48% reduce 13%
20/06/10 12:42:00 INFO mapreduce.Job:  map 49% reduce 13%
20/06/10 12:42:01 INFO mapreduce.Job:  map 50% reduce 14%
20/06/10 12:42:05 INFO mapreduce.Job:  map 51% reduce 15%
20/06/10 12:42:08 INFO mapreduce.Job:  map 52% reduce 15%
20/06/10 12:42:12 INFO mapreduce.Job:  map 53% reduce 15%
20/06/10 12:42:13 INFO mapreduce.Job:  map 54% reduce 15%
20/06/10 12:42:14 INFO mapreduce.Job:  map 55% reduce 16%
20/06/10 12:42:15 INFO mapreduce.Job:  map 56% reduce 16%
20/06/10 12:42:16 INFO mapreduce.Job:  map 57% reduce 16%
20/06/10 12:42:19 INFO mapreduce.Job:  map 59% reduce 16%
20/06/10 12:42:20 INFO mapreduce.Job:  map 59% reduce 17%
20/06/10 12:42:22 INFO mapreduce.Job:  map 60% reduce 17%
20/06/10 12:42:23 INFO mapreduce.Job:  map 61% reduce 17%
20/06/10 12:42:27 INFO mapreduce.Job:  map 62% reduce 17%
20/06/10 12:42:28 INFO mapreduce.Job:  map 63% reduce 17%
20/06/10 12:42:29 INFO mapreduce.Job:  map 63% reduce 18%
20/06/10 12:42:31 INFO mapreduce.Job:  map 64% reduce 18%
20/06/10 12:42:32 INFO mapreduce.Job:  map 64% reduce 19%
20/06/10 12:42:34 INFO mapreduce.Job:  map 65% reduce 19%
20/06/10 12:42:40 INFO mapreduce.Job:  map 66% reduce 19%
20/06/10 12:42:41 INFO mapreduce.Job:  map 67% reduce 19%
20/06/10 12:42:42 INFO mapreduce.Job:  map 67% reduce 20%
20/06/10 12:42:44 INFO mapreduce.Job:  map 70% reduce 20%
20/06/10 12:42:45 INFO mapreduce.Job:  map 70% reduce 21%
20/06/10 12:42:46 INFO mapreduce.Job:  map 71% reduce 21%
20/06/10 12:42:49 INFO mapreduce.Job:  map 72% reduce 21%
20/06/10 12:42:50 INFO mapreduce.Job:  map 73% reduce 22%
20/06/10 12:42:53 INFO mapreduce.Job:  map 73% reduce 23%
20/06/10 12:42:54 INFO mapreduce.Job:  map 74% reduce 23%
20/06/10 12:42:56 INFO mapreduce.Job:  map 74% reduce 24%
20/06/10 12:42:57 INFO mapreduce.Job:  map 75% reduce 24%
20/06/10 12:43:00 INFO mapreduce.Job:  map 76% reduce 24%
20/06/10 12:43:03 INFO mapreduce.Job:  map 77% reduce 24%
20/06/10 12:43:04 INFO mapreduce.Job:  map 78% reduce 24%
20/06/10 12:43:06 INFO mapreduce.Job:  map 80% reduce 25%
20/06/10 12:43:08 INFO mapreduce.Job:  map 80% reduce 26%
20/06/10 12:43:09 INFO mapreduce.Job:  map 82% reduce 26%
20/06/10 12:43:12 INFO mapreduce.Job:  map 82% reduce 27%
20/06/10 12:43:13 INFO mapreduce.Job:  map 83% reduce 27%
20/06/10 12:43:15 INFO mapreduce.Job:  map 84% reduce 27%
20/06/10 12:43:17 INFO mapreduce.Job:  map 84% reduce 28%
20/06/10 12:43:20 INFO mapreduce.Job:  map 86% reduce 28%
20/06/10 12:43:23 INFO mapreduce.Job:  map 88% reduce 28%
20/06/10 12:43:24 INFO mapreduce.Job:  map 89% reduce 28%
20/06/10 12:43:25 INFO mapreduce.Job:  map 90% reduce 28%
20/06/10 12:43:26 INFO mapreduce.Job:  map 91% reduce 28%
20/06/10 12:43:27 INFO mapreduce.Job:  map 92% reduce 29%
20/06/10 12:43:29 INFO mapreduce.Job:  map 96% reduce 30%
20/06/10 12:43:32 INFO mapreduce.Job:  map 96% reduce 31%
20/06/10 12:43:38 INFO mapreduce.Job:  map 97% reduce 31%
20/06/10 12:43:42 INFO mapreduce.Job:  map 98% reduce 31%
20/06/10 12:43:43 INFO mapreduce.Job:  map 99% reduce 31%
20/06/10 12:43:45 INFO mapreduce.Job:  map 99% reduce 32%
20/06/10 12:43:47 INFO mapreduce.Job:  map 100% reduce 32%
20/06/10 12:43:48 INFO mapreduce.Job:  map 100% reduce 33%
20/06/10 12:43:50 INFO mapreduce.Job:  map 100% reduce 48%
20/06/10 12:43:51 INFO mapreduce.Job:  map 100% reduce 54%
20/06/10 12:43:53 INFO mapreduce.Job:  map 100% reduce 62%
20/06/10 12:43:54 INFO mapreduce.Job:  map 100% reduce 67%
20/06/10 12:43:56 INFO mapreduce.Job:  map 100% reduce 68%
20/06/10 12:43:59 INFO mapreduce.Job:  map 100% reduce 70%
20/06/10 12:44:02 INFO mapreduce.Job:  map 100% reduce 71%
20/06/10 12:44:03 INFO mapreduce.Job:  map 100% reduce 72%
20/06/10 12:44:05 INFO mapreduce.Job:  map 100% reduce 74%
20/06/10 12:44:08 INFO mapreduce.Job:  map 100% reduce 75%
20/06/10 12:44:09 INFO mapreduce.Job:  map 100% reduce 76%
20/06/10 12:44:11 INFO mapreduce.Job:  map 100% reduce 78%
20/06/10 12:44:12 INFO mapreduce.Job:  map 100% reduce 79%
20/06/10 12:44:15 INFO mapreduce.Job:  map 100% reduce 80%
20/06/10 12:44:17 INFO mapreduce.Job:  map 100% reduce 81%
20/06/10 12:44:18 INFO mapreduce.Job:  map 100% reduce 82%
20/06/10 12:44:20 INFO mapreduce.Job:  map 100% reduce 83%
20/06/10 12:44:23 INFO mapreduce.Job:  map 100% reduce 85%
20/06/10 12:44:24 INFO mapreduce.Job:  map 100% reduce 86%
20/06/10 12:44:29 INFO mapreduce.Job:  map 100% reduce 87%
20/06/10 12:44:30 INFO mapreduce.Job:  map 100% reduce 88%
20/06/10 12:44:32 INFO mapreduce.Job:  map 100% reduce 89%
20/06/10 12:44:35 INFO mapreduce.Job:  map 100% reduce 90%
20/06/10 12:44:36 INFO mapreduce.Job:  map 100% reduce 91%
20/06/10 12:44:38 INFO mapreduce.Job:  map 100% reduce 92%
20/06/10 12:44:42 INFO mapreduce.Job:  map 100% reduce 93%
20/06/10 12:44:44 INFO mapreduce.Job:  map 100% reduce 94%
20/06/10 12:44:45 INFO mapreduce.Job:  map 100% reduce 95%
20/06/10 12:44:48 INFO mapreduce.Job:  map 100% reduce 96%
20/06/10 12:44:50 INFO mapreduce.Job:  map 100% reduce 97%
20/06/10 12:44:53 INFO mapreduce.Job:  map 100% reduce 98%
20/06/10 12:44:56 INFO mapreduce.Job:  map 100% reduce 99%
20/06/10 12:44:57 INFO mapreduce.Job:  map 100% reduce 100%
20/06/10 12:44:59 INFO mapreduce.Job: Job job_1591760374303_0002 completed successfully
20/06/10 12:44:59 INFO mapreduce.Job: Counters: 51
	File System Counters
		FILE: Number of bytes read=31975201136
		FILE: Number of bytes written=42735748152
		FILE: Number of read operations=0
		FILE: Number of large read operations=0
		FILE: Number of write operations=0
		HDFS: Number of bytes read=10774037510
		HDFS: Number of bytes written=10772843845
		HDFS: Number of read operations=329
		HDFS: Number of large read operations=0
		HDFS: Number of write operations=6
	Job Counters 
		Killed map tasks=2
		Launched map tasks=82
		Launched reduce tasks=3
		Data-local map tasks=64
		Rack-local map tasks=18
		Total time spent by all maps in occupied slots (ms)=1806371
		Total time spent by all reduces in occupied slots (ms)=657268
		Total time spent by all map tasks (ms)=1806371
		Total time spent by all reduce tasks (ms)=657268
		Total vcore-milliseconds taken by all map tasks=1806371
		Total vcore-milliseconds taken by all reduce tasks=657268
		Total megabyte-milliseconds taken by all map tasks=1849723904
		Total megabyte-milliseconds taken by all reduce tasks=673042432
	Map-Reduce Framework
		Map input records=1022141
		Map output records=1022141
		Map output bytes=10745657489
		Map output materialized bytes=10751404558
		Input split bytes=9040
		Combine input records=0
		Combine output records=0
		Reduce input groups=1022141
		Reduce shuffle bytes=10751404558
		Reduce input records=1022141
		Reduce output records=1022141
		Spilled Records=4062191
		Shuffled Maps =240
		Failed Shuffles=0
		Merged Map outputs=240
		GC time elapsed (ms)=14439
		CPU time spent (ms)=221220
		Physical memory (bytes) snapshot=21947174912
		Virtual memory (bytes) snapshot=175115042816
		Total committed heap usage (bytes)=16349921280
	Shuffle Errors
		BAD_ID=0
		CONNECTION=0
		IO_ERROR=0
		WRONG_LENGTH=0
		WRONG_MAP=0
		WRONG_REDUCE=0
	File Input Format Counters 
		Bytes Read=10774028470
	File Output Format Counters 
		Bytes Written=10772843845
