20/06/08 12:04:17 INFO client.RMProxy: Connecting to ResourceManager at master/10.51.17.95:8032
20/06/08 12:04:17 INFO input.FileInputFormat: Total input paths to process : 10
20/06/08 12:04:18 INFO mapreduce.JobSubmitter: number of splits:90
20/06/08 12:04:18 INFO mapreduce.JobSubmitter: Submitting tokens for job: job_1591585008194_0005
20/06/08 12:04:18 INFO impl.YarnClientImpl: Submitted application application_1591585008194_0005
20/06/08 12:04:18 INFO mapreduce.Job: The url to track the job: http://master:8088/proxy/application_1591585008194_0005/
20/06/08 12:04:18 INFO mapreduce.Job: Running job: job_1591585008194_0005
20/06/08 12:04:24 INFO mapreduce.Job: Job job_1591585008194_0005 running in uber mode : false
20/06/08 12:04:24 INFO mapreduce.Job:  map 0% reduce 0%
20/06/08 12:04:38 INFO mapreduce.Job:  map 1% reduce 0%
20/06/08 12:04:39 INFO mapreduce.Job:  map 2% reduce 0%
20/06/08 12:04:41 INFO mapreduce.Job:  map 3% reduce 0%
20/06/08 12:04:51 INFO mapreduce.Job:  map 4% reduce 0%
20/06/08 12:04:56 INFO mapreduce.Job:  map 5% reduce 0%
20/06/08 12:05:00 INFO mapreduce.Job:  map 6% reduce 0%
20/06/08 12:05:05 INFO mapreduce.Job:  map 7% reduce 0%
20/06/08 12:05:09 INFO mapreduce.Job:  map 8% reduce 0%
20/06/08 12:05:16 INFO mapreduce.Job:  map 9% reduce 0%
20/06/08 12:05:19 INFO mapreduce.Job:  map 10% reduce 0%
20/06/08 12:05:21 INFO mapreduce.Job:  map 11% reduce 0%
20/06/08 12:05:24 INFO mapreduce.Job:  map 12% reduce 0%
20/06/08 12:05:30 INFO mapreduce.Job:  map 13% reduce 0%
20/06/08 12:05:34 INFO mapreduce.Job:  map 14% reduce 0%
20/06/08 12:05:35 INFO mapreduce.Job:  map 15% reduce 0%
20/06/08 12:05:37 INFO mapreduce.Job:  map 16% reduce 0%
20/06/08 12:05:40 INFO mapreduce.Job:  map 17% reduce 0%
20/06/08 12:05:45 INFO mapreduce.Job:  map 18% reduce 0%
20/06/08 12:05:48 INFO mapreduce.Job:  map 18% reduce 5%
20/06/08 12:05:50 INFO mapreduce.Job:  map 19% reduce 5%
20/06/08 12:05:55 INFO mapreduce.Job:  map 20% reduce 5%
20/06/08 12:06:02 INFO mapreduce.Job:  map 21% reduce 5%
20/06/08 12:06:05 INFO mapreduce.Job:  map 22% reduce 5%
20/06/08 12:06:11 INFO mapreduce.Job:  map 23% reduce 5%
20/06/08 12:06:13 INFO mapreduce.Job:  map 24% reduce 6%
20/06/08 12:06:15 INFO mapreduce.Job:  map 25% reduce 6%
20/06/08 12:06:16 INFO mapreduce.Job:  map 25% reduce 7%
20/06/08 12:06:18 INFO mapreduce.Job:  map 26% reduce 7%
20/06/08 12:06:25 INFO mapreduce.Job:  map 27% reduce 7%
20/06/08 12:06:28 INFO mapreduce.Job:  map 28% reduce 7%
20/06/08 12:06:31 INFO mapreduce.Job:  map 28% reduce 8%
20/06/08 12:06:32 INFO mapreduce.Job:  map 29% reduce 8%
20/06/08 12:06:39 INFO mapreduce.Job:  map 30% reduce 8%
20/06/08 12:06:42 INFO mapreduce.Job:  map 31% reduce 8%
20/06/08 12:06:44 INFO mapreduce.Job:  map 31% reduce 9%
20/06/08 12:06:45 INFO mapreduce.Job:  map 32% reduce 9%
20/06/08 12:06:47 INFO mapreduce.Job:  map 33% reduce 9%
20/06/08 12:06:50 INFO mapreduce.Job:  map 33% reduce 10%
20/06/08 12:06:51 INFO mapreduce.Job:  map 34% reduce 10%
20/06/08 12:06:56 INFO mapreduce.Job:  map 35% reduce 10%
20/06/08 12:07:00 INFO mapreduce.Job:  map 36% reduce 10%
20/06/08 12:07:06 INFO mapreduce.Job:  map 37% reduce 10%
20/06/08 12:07:08 INFO mapreduce.Job:  map 37% reduce 11%
20/06/08 12:07:09 INFO mapreduce.Job:  map 39% reduce 11%
20/06/08 12:07:11 INFO mapreduce.Job:  map 39% reduce 12%
20/06/08 12:07:15 INFO mapreduce.Job:  map 40% reduce 12%
20/06/08 12:07:22 INFO mapreduce.Job:  map 41% reduce 12%
20/06/08 12:07:25 INFO mapreduce.Job:  map 42% reduce 12%
20/06/08 12:07:30 INFO mapreduce.Job:  map 43% reduce 12%
20/06/08 12:07:35 INFO mapreduce.Job:  map 44% reduce 12%
20/06/08 12:07:36 INFO mapreduce.Job:  map 44% reduce 13%
20/06/08 12:07:37 INFO mapreduce.Job:  map 45% reduce 13%
20/06/08 12:07:43 INFO mapreduce.Job:  map 46% reduce 13%
20/06/08 12:07:46 INFO mapreduce.Job:  map 47% reduce 13%
20/06/08 12:07:48 INFO mapreduce.Job:  map 48% reduce 14%
20/06/08 12:07:52 INFO mapreduce.Job:  map 49% reduce 14%
20/06/08 12:07:54 INFO mapreduce.Job:  map 49% reduce 15%
20/06/08 12:07:55 INFO mapreduce.Job:  map 50% reduce 15%
20/06/08 12:08:00 INFO mapreduce.Job:  map 51% reduce 15%
20/06/08 12:08:01 INFO mapreduce.Job:  map 51% reduce 16%
20/06/08 12:08:05 INFO mapreduce.Job:  map 52% reduce 16%
20/06/08 12:08:08 INFO mapreduce.Job:  map 53% reduce 16%
20/06/08 12:08:10 INFO mapreduce.Job:  map 53% reduce 17%
20/06/08 12:08:12 INFO mapreduce.Job:  map 54% reduce 17%
20/06/08 12:08:17 INFO mapreduce.Job:  map 55% reduce 17%
20/06/08 12:08:20 INFO mapreduce.Job:  map 56% reduce 17%
20/06/08 12:08:26 INFO mapreduce.Job:  map 57% reduce 17%
20/06/08 12:08:31 INFO mapreduce.Job:  map 58% reduce 17%
20/06/08 12:08:35 INFO mapreduce.Job:  map 59% reduce 17%
20/06/08 12:08:39 INFO mapreduce.Job:  map 60% reduce 17%
20/06/08 12:08:43 INFO mapreduce.Job:  map 60% reduce 18%
20/06/08 12:08:44 INFO mapreduce.Job:  map 61% reduce 18%
20/06/08 12:08:49 INFO mapreduce.Job:  map 62% reduce 18%
20/06/08 12:08:50 INFO mapreduce.Job:  map 63% reduce 18%
20/06/08 12:08:52 INFO mapreduce.Job:  map 63% reduce 20%
20/06/08 12:08:53 INFO mapreduce.Job:  map 64% reduce 20%
20/06/08 12:08:58 INFO mapreduce.Job:  map 65% reduce 20%
20/06/08 12:09:00 INFO mapreduce.Job:  map 66% reduce 20%
20/06/08 12:09:01 INFO mapreduce.Job:  map 66% reduce 21%
20/06/08 12:09:02 INFO mapreduce.Job:  map 67% reduce 21%
20/06/08 12:09:04 INFO mapreduce.Job:  map 67% reduce 22%
20/06/08 12:09:07 INFO mapreduce.Job:  map 68% reduce 22%
20/06/08 12:09:12 INFO mapreduce.Job:  map 69% reduce 22%
20/06/08 12:09:18 INFO mapreduce.Job:  map 70% reduce 22%
20/06/08 12:09:22 INFO mapreduce.Job:  map 71% reduce 22%
20/06/08 12:09:27 INFO mapreduce.Job:  map 72% reduce 22%
20/06/08 12:09:31 INFO mapreduce.Job:  map 73% reduce 22%
20/06/08 12:09:37 INFO mapreduce.Job:  map 74% reduce 22%
20/06/08 12:09:39 INFO mapreduce.Job:  map 75% reduce 22%
20/06/08 12:09:41 INFO mapreduce.Job:  map 75% reduce 23%
20/06/08 12:09:45 INFO mapreduce.Job:  map 76% reduce 23%
20/06/08 12:09:48 INFO mapreduce.Job:  map 77% reduce 23%
20/06/08 12:09:50 INFO mapreduce.Job:  map 78% reduce 23%
20/06/08 12:09:53 INFO mapreduce.Job:  map 79% reduce 24%
20/06/08 12:09:56 INFO mapreduce.Job:  map 80% reduce 26%
20/06/08 12:10:00 INFO mapreduce.Job:  map 81% reduce 26%
20/06/08 12:10:05 INFO mapreduce.Job:  map 82% reduce 27%
20/06/08 12:10:07 INFO mapreduce.Job:  map 84% reduce 27%
20/06/08 12:10:10 INFO mapreduce.Job:  map 85% reduce 27%
20/06/08 12:10:14 INFO mapreduce.Job:  map 86% reduce 27%
20/06/08 12:10:15 INFO mapreduce.Job:  map 87% reduce 27%
20/06/08 12:10:16 INFO mapreduce.Job:  map 88% reduce 27%
20/06/08 12:10:17 INFO mapreduce.Job:  map 88% reduce 28%
20/06/08 12:10:21 INFO mapreduce.Job:  map 89% reduce 28%
20/06/08 12:10:24 INFO mapreduce.Job:  map 90% reduce 28%
20/06/08 12:10:26 INFO mapreduce.Job:  map 91% reduce 29%
20/06/08 12:10:28 INFO mapreduce.Job:  map 92% reduce 29%
20/06/08 12:10:30 INFO mapreduce.Job:  map 93% reduce 29%
20/06/08 12:10:32 INFO mapreduce.Job:  map 94% reduce 29%
20/06/08 12:10:36 INFO mapreduce.Job:  map 95% reduce 30%
20/06/08 12:10:37 INFO mapreduce.Job:  map 96% reduce 30%
20/06/08 12:10:38 INFO mapreduce.Job:  map 97% reduce 30%
20/06/08 12:10:39 INFO mapreduce.Job:  map 97% reduce 31%
20/06/08 12:10:41 INFO mapreduce.Job:  map 98% reduce 31%
20/06/08 12:10:44 INFO mapreduce.Job:  map 99% reduce 31%
20/06/08 12:10:45 INFO mapreduce.Job:  map 99% reduce 32%
20/06/08 12:10:47 INFO mapreduce.Job:  map 100% reduce 32%
20/06/08 12:10:48 INFO mapreduce.Job:  map 100% reduce 33%
20/06/08 12:10:51 INFO mapreduce.Job:  map 100% reduce 67%
20/06/08 12:10:54 INFO mapreduce.Job:  map 100% reduce 73%
20/06/08 12:10:57 INFO mapreduce.Job:  map 100% reduce 78%
20/06/08 12:11:00 INFO mapreduce.Job:  map 100% reduce 84%
20/06/08 12:11:03 INFO mapreduce.Job:  map 100% reduce 92%
20/06/08 12:11:06 INFO mapreduce.Job:  map 100% reduce 100%
20/06/08 12:11:07 INFO mapreduce.Job: Job job_1591585008194_0005 completed successfully
20/06/08 12:11:07 INFO mapreduce.Job: Counters: 51
	File System Counters
		FILE: Number of bytes read=1454425037
		FILE: Number of bytes written=2168924832
		FILE: Number of read operations=0
		FILE: Number of large read operations=0
		FILE: Number of write operations=0
		HDFS: Number of bytes read=11025650613
		HDFS: Number of bytes written=335421722
		HDFS: Number of read operations=273
		HDFS: Number of large read operations=0
		HDFS: Number of write operations=2
	Job Counters 
		Killed map tasks=1
		Launched map tasks=91
		Launched reduce tasks=1
		Data-local map tasks=90
		Rack-local map tasks=1
		Total time spent by all maps in occupied slots (ms)=4848503
		Total time spent by all reduces in occupied slots (ms)=329600
		Total time spent by all map tasks (ms)=4848503
		Total time spent by all reduce tasks (ms)=329600
		Total vcore-milliseconds taken by all map tasks=4848503
		Total vcore-milliseconds taken by all reduce tasks=329600
		Total megabyte-milliseconds taken by all map tasks=4964867072
		Total megabyte-milliseconds taken by all reduce tasks=337510400
	Map-Reduce Framework
		Map input records=722855
		Map output records=1010242887
		Map output bytes=15224623389
		Map output materialized bytes=703320151
		Input split bytes=10530
		Combine input records=1035013927
		Combine output records=47414450
		Reduce input groups=9906882
		Reduce shuffle bytes=703320151
		Reduce input records=22643410
		Reduce output records=9906882
		Spilled Records=70057860
		Shuffled Maps =90
		Failed Shuffles=0
		Merged Map outputs=90
		GC time elapsed (ms)=97638
		CPU time spent (ms)=1957430
		Physical memory (bytes) snapshot=25167695872
		Virtual memory (bytes) snapshot=191955488768
		Total committed heap usage (bytes)=18918932480
	Shuffle Errors
		BAD_ID=0
		CONNECTION=0
		IO_ERROR=0
		WRONG_LENGTH=0
		WRONG_MAP=0
		WRONG_REDUCE=0
	File Input Format Counters 
		Bytes Read=11025640083
	File Output Format Counters 
		Bytes Written=335421722
