20/06/08 04:28:24 INFO client.RMProxy: Connecting to ResourceManager at master/10.51.17.95:8032
20/06/08 04:28:24 INFO examples.BaileyBorweinPlouffe: Map #0: workload=249995980, offset=0, size=22360
20/06/08 04:28:24 INFO examples.BaileyBorweinPlouffe: Map #1: workload=250058520, offset=22360, size=9264
20/06/08 04:28:24 INFO examples.BaileyBorweinPlouffe: Map #2: workload=249893856, offset=31624, size=7104
20/06/08 04:28:24 INFO examples.BaileyBorweinPlouffe: Map #3: workload=250013204, offset=38728, size=5992
20/06/08 04:28:24 INFO examples.BaileyBorweinPlouffe: Map #4: workload=250063440, offset=44720, size=5280
20/06/08 04:28:24 INFO examples.BaileyBorweinPlouffe: Map #5: workload=249988378, offset=50000, size=4772
20/06/08 04:28:24 INFO examples.BaileyBorweinPlouffe: Map #6: workload=249969002, offset=54772, size=4388
20/06/08 04:28:24 INFO examples.BaileyBorweinPlouffe: Map #7: workload=249951010, offset=59160, size=4084
20/06/08 04:28:24 INFO examples.BaileyBorweinPlouffe: Map #8: workload=249963350, offset=63244, size=3836
20/06/08 04:28:24 INFO examples.BaileyBorweinPlouffe: Map #9: workload=250232088, offset=67080, size=3632
20/06/08 04:28:24 INFO examples.BaileyBorweinPlouffe: Map #10: workload=249761052, offset=70712, size=3448
20/06/08 04:28:24 INFO examples.BaileyBorweinPlouffe: Map #11: workload=250174650, offset=74160, size=3300
20/06/08 04:28:24 INFO examples.BaileyBorweinPlouffe: Map #12: workload=250090470, offset=77460, size=3164
20/06/08 04:28:24 INFO examples.BaileyBorweinPlouffe: Map #13: workload=249719280, offset=80624, size=3040
20/06/08 04:28:24 INFO examples.BaileyBorweinPlouffe: Map #14: workload=250295430, offset=83664, size=2940
20/06/08 04:28:24 INFO examples.BaileyBorweinPlouffe: Map #15: workload=249989580, offset=86604, size=2840
20/06/08 04:28:24 INFO examples.BaileyBorweinPlouffe: Map #16: workload=249938016, offset=89444, size=2752
20/06/08 04:28:24 INFO examples.BaileyBorweinPlouffe: Map #17: workload=249918840, offset=92196, size=2672
20/06/08 04:28:24 INFO examples.BaileyBorweinPlouffe: Map #18: workload=250038100, offset=94868, size=2600
20/06/08 04:28:24 INFO examples.BaileyBorweinPlouffe: Map #19: workload=249995754, offset=97468, size=2532
20/06/08 04:28:25 INFO mapreduce.JobSubmitter: number of splits:20
20/06/08 04:28:25 INFO mapreduce.JobSubmitter: Submitting tokens for job: job_1591556658397_0009
20/06/08 04:28:25 INFO impl.YarnClientImpl: Submitted application application_1591556658397_0009
20/06/08 04:28:25 INFO mapreduce.Job: The url to track the job: http://master:8088/proxy/application_1591556658397_0009/
20/06/08 04:28:25 INFO mapreduce.Job: Running job: job_1591556658397_0009
20/06/08 04:28:30 INFO mapreduce.Job: Job job_1591556658397_0009 running in uber mode : false
20/06/08 04:28:30 INFO mapreduce.Job:  map 0% reduce 0%
20/06/08 04:28:41 INFO mapreduce.Job:  map 7% reduce 0%
20/06/08 04:28:42 INFO mapreduce.Job:  map 13% reduce 0%
20/06/08 04:28:44 INFO mapreduce.Job:  map 20% reduce 0%
20/06/08 04:28:46 INFO mapreduce.Job:  map 23% reduce 0%
20/06/08 04:28:47 INFO mapreduce.Job:  map 30% reduce 0%
20/06/08 04:28:49 INFO mapreduce.Job:  map 37% reduce 0%
20/06/08 04:28:50 INFO mapreduce.Job:  map 40% reduce 0%
20/06/08 04:28:51 INFO mapreduce.Job:  map 43% reduce 0%
20/06/08 04:28:52 INFO mapreduce.Job:  map 47% reduce 0%
20/06/08 04:30:25 INFO mapreduce.Job:  map 48% reduce 0%
20/06/08 04:30:37 INFO mapreduce.Job:  map 52% reduce 0%
20/06/08 04:30:38 INFO mapreduce.Job:  map 53% reduce 0%
20/06/08 04:30:45 INFO mapreduce.Job:  map 55% reduce 0%
20/06/08 04:30:47 INFO mapreduce.Job:  map 57% reduce 0%
20/06/08 04:30:48 INFO mapreduce.Job:  map 58% reduce 0%
20/06/08 04:30:49 INFO mapreduce.Job:  map 62% reduce 0%
20/06/08 04:30:54 INFO mapreduce.Job:  map 63% reduce 0%
20/06/08 04:30:57 INFO mapreduce.Job:  map 63% reduce 10%
20/06/08 04:31:00 INFO mapreduce.Job:  map 67% reduce 10%
20/06/08 04:31:01 INFO mapreduce.Job:  map 70% reduce 10%
20/06/08 04:31:06 INFO mapreduce.Job:  map 73% reduce 10%
20/06/08 04:31:07 INFO mapreduce.Job:  map 75% reduce 10%
20/06/08 04:31:10 INFO mapreduce.Job:  map 75% reduce 12%
20/06/08 04:31:16 INFO mapreduce.Job:  map 77% reduce 12%
20/06/08 04:31:19 INFO mapreduce.Job:  map 80% reduce 13%
20/06/08 04:31:23 INFO mapreduce.Job:  map 82% reduce 13%
20/06/08 04:31:25 INFO mapreduce.Job:  map 82% reduce 15%
20/06/08 04:31:28 INFO mapreduce.Job:  map 83% reduce 15%
20/06/08 04:31:29 INFO mapreduce.Job:  map 85% reduce 15%
20/06/08 04:31:30 INFO mapreduce.Job:  map 85% reduce 18%
20/06/08 04:31:33 INFO mapreduce.Job:  map 88% reduce 18%
20/06/08 04:31:37 INFO mapreduce.Job:  map 90% reduce 22%
20/06/08 04:31:40 INFO mapreduce.Job:  map 90% reduce 23%
20/06/08 04:32:17 INFO mapreduce.Job:  map 92% reduce 23%
20/06/08 04:32:20 INFO mapreduce.Job:  map 92% reduce 25%
20/06/08 04:32:29 INFO mapreduce.Job:  map 93% reduce 25%
20/06/08 04:32:31 INFO mapreduce.Job:  map 93% reduce 27%
20/06/08 04:32:36 INFO mapreduce.Job:  map 95% reduce 27%
20/06/08 04:32:37 INFO mapreduce.Job:  map 95% reduce 28%
20/06/08 04:32:39 INFO mapreduce.Job:  map 97% reduce 28%
20/06/08 04:32:40 INFO mapreduce.Job:  map 98% reduce 30%
20/06/08 04:32:41 INFO mapreduce.Job:  map 100% reduce 30%
20/06/08 04:32:43 INFO mapreduce.Job:  map 100% reduce 100%
20/06/08 04:32:46 INFO mapreduce.Job: Job job_1591556658397_0009 completed successfully
20/06/08 04:32:46 INFO mapreduce.Job: Counters: 49
	File System Counters
		FILE: Number of bytes read=50326
		FILE: Number of bytes written=2699114
		FILE: Number of read operations=0
		FILE: Number of large read operations=0
		FILE: Number of write operations=0
		HDFS: Number of bytes read=1380
		HDFS: Number of bytes written=302090
		HDFS: Number of read operations=43
		HDFS: Number of large read operations=0
		HDFS: Number of write operations=4
	Job Counters 
		Launched map tasks=20
		Launched reduce tasks=1
		Other local map tasks=20
		Total time spent by all maps in occupied slots (ms)=2768766
		Total time spent by all reduces in occupied slots (ms)=119434
		Total time spent by all map tasks (ms)=2768766
		Total time spent by all reduce tasks (ms)=119434
		Total vcore-milliseconds taken by all map tasks=2768766
		Total vcore-milliseconds taken by all reduce tasks=358302
		Total megabyte-milliseconds taken by all map tasks=2835216384
		Total megabyte-milliseconds taken by all reduce tasks=122300416
	Map-Reduce Framework
		Map input records=20
		Map output records=20
		Map output bytes=50240
		Map output materialized bytes=50440
		Input split bytes=1380
		Combine input records=0
		Combine output records=0
		Reduce input groups=20
		Reduce shuffle bytes=50440
		Reduce input records=20
		Reduce output records=0
		Spilled Records=40
		Shuffled Maps =20
		Failed Shuffles=0
		Merged Map outputs=20
		GC time elapsed (ms)=3848
		CPU time spent (ms)=1272000
		Physical memory (bytes) snapshot=5465694208
		Virtual memory (bytes) snapshot=44260503552
		Total committed heap usage (bytes)=4219469824
	Shuffle Errors
		BAD_ID=0
		CONNECTION=0
		IO_ERROR=0
		WRONG_LENGTH=0
		WRONG_MAP=0
		WRONG_REDUCE=0
	File Input Format Counters 
		Bytes Read=0
	File Output Format Counters 
		Bytes Written=0
