20/06/09 14:29:55 INFO client.RMProxy: Connecting to ResourceManager at master/10.51.17.95:8032
20/06/09 14:29:55 INFO input.FileInputFormat: Total input paths to process : 10
20/06/09 14:29:56 INFO mapreduce.JobSubmitter: number of splits:90
20/06/09 14:29:56 INFO mapreduce.JobSubmitter: Submitting tokens for job: job_1591679504095_0008
20/06/09 14:29:56 INFO impl.YarnClientImpl: Submitted application application_1591679504095_0008
20/06/09 14:29:56 INFO mapreduce.Job: The url to track the job: http://master:8088/proxy/application_1591679504095_0008/
20/06/09 14:29:56 INFO mapreduce.Job: Running job: job_1591679504095_0008
20/06/09 14:30:03 INFO mapreduce.Job: Job job_1591679504095_0008 running in uber mode : false
20/06/09 14:30:03 INFO mapreduce.Job:  map 0% reduce 0%
20/06/09 14:30:17 INFO mapreduce.Job:  map 1% reduce 0%
20/06/09 14:30:18 INFO mapreduce.Job:  map 2% reduce 0%
20/06/09 14:30:23 INFO mapreduce.Job:  map 3% reduce 0%
20/06/09 14:30:30 INFO mapreduce.Job:  map 4% reduce 0%
20/06/09 14:30:34 INFO mapreduce.Job:  map 5% reduce 0%
20/06/09 14:30:41 INFO mapreduce.Job:  map 6% reduce 0%
20/06/09 14:30:44 INFO mapreduce.Job:  map 7% reduce 0%
20/06/09 14:30:50 INFO mapreduce.Job:  map 8% reduce 0%
20/06/09 14:30:54 INFO mapreduce.Job:  map 9% reduce 0%
20/06/09 14:30:57 INFO mapreduce.Job:  map 10% reduce 0%
20/06/09 14:31:00 INFO mapreduce.Job:  map 11% reduce 0%
20/06/09 14:31:03 INFO mapreduce.Job:  map 12% reduce 0%
20/06/09 14:31:08 INFO mapreduce.Job:  map 13% reduce 0%
20/06/09 14:31:12 INFO mapreduce.Job:  map 14% reduce 0%
20/06/09 14:31:16 INFO mapreduce.Job:  map 15% reduce 0%
20/06/09 14:31:18 INFO mapreduce.Job:  map 16% reduce 0%
20/06/09 14:31:20 INFO mapreduce.Job:  map 17% reduce 0%
20/06/09 14:31:23 INFO mapreduce.Job:  map 18% reduce 0%
20/06/09 14:31:26 INFO mapreduce.Job:  map 18% reduce 5%
20/06/09 14:31:32 INFO mapreduce.Job:  map 19% reduce 5%
20/06/09 14:31:35 INFO mapreduce.Job:  map 20% reduce 5%
20/06/09 14:31:41 INFO mapreduce.Job:  map 21% reduce 5%
20/06/09 14:31:46 INFO mapreduce.Job:  map 22% reduce 5%
20/06/09 14:31:49 INFO mapreduce.Job:  map 23% reduce 5%
20/06/09 14:31:52 INFO mapreduce.Job:  map 24% reduce 5%
20/06/09 14:31:53 INFO mapreduce.Job:  map 24% reduce 6%
20/06/09 14:31:55 INFO mapreduce.Job:  map 25% reduce 6%
20/06/09 14:31:56 INFO mapreduce.Job:  map 25% reduce 7%
20/06/09 14:31:59 INFO mapreduce.Job:  map 26% reduce 7%
20/06/09 14:32:04 INFO mapreduce.Job:  map 27% reduce 7%
20/06/09 14:32:10 INFO mapreduce.Job:  map 28% reduce 7%
20/06/09 14:32:15 INFO mapreduce.Job:  map 29% reduce 7%
20/06/09 14:32:20 INFO mapreduce.Job:  map 30% reduce 7%
20/06/09 14:32:21 INFO mapreduce.Job:  map 31% reduce 8%
20/06/09 14:32:24 INFO mapreduce.Job:  map 31% reduce 9%
20/06/09 14:32:25 INFO mapreduce.Job:  map 32% reduce 9%
20/06/09 14:32:27 INFO mapreduce.Job:  map 33% reduce 10%
20/06/09 14:32:33 INFO mapreduce.Job:  map 34% reduce 10%
20/06/09 14:32:37 INFO mapreduce.Job:  map 35% reduce 10%
20/06/09 14:32:45 INFO mapreduce.Job:  map 37% reduce 10%
20/06/09 14:32:49 INFO mapreduce.Job:  map 38% reduce 11%
20/06/09 14:32:54 INFO mapreduce.Job:  map 39% reduce 11%
20/06/09 14:32:55 INFO mapreduce.Job:  map 39% reduce 12%
20/06/09 14:32:57 INFO mapreduce.Job:  map 40% reduce 12%
20/06/09 14:33:03 INFO mapreduce.Job:  map 41% reduce 12%
20/06/09 14:33:06 INFO mapreduce.Job:  map 42% reduce 12%
20/06/09 14:33:12 INFO mapreduce.Job:  map 43% reduce 12%
20/06/09 14:33:16 INFO mapreduce.Job:  map 44% reduce 12%
20/06/09 14:33:21 INFO mapreduce.Job:  map 45% reduce 12%
20/06/09 14:33:24 INFO mapreduce.Job:  map 46% reduce 12%
20/06/09 14:33:26 INFO mapreduce.Job:  map 46% reduce 13%
20/06/09 14:33:30 INFO mapreduce.Job:  map 47% reduce 13%
20/06/09 14:33:31 INFO mapreduce.Job:  map 48% reduce 13%
20/06/09 14:33:32 INFO mapreduce.Job:  map 48% reduce 14%
20/06/09 14:33:34 INFO mapreduce.Job:  map 49% reduce 14%
20/06/09 14:33:38 INFO mapreduce.Job:  map 50% reduce 15%
20/06/09 14:33:41 INFO mapreduce.Job:  map 50% reduce 16%
20/06/09 14:33:42 INFO mapreduce.Job:  map 51% reduce 16%
20/06/09 14:33:44 INFO mapreduce.Job:  map 52% reduce 16%
20/06/09 14:33:49 INFO mapreduce.Job:  map 53% reduce 17%
20/06/09 14:33:53 INFO mapreduce.Job:  map 54% reduce 17%
20/06/09 14:33:58 INFO mapreduce.Job:  map 55% reduce 17%
20/06/09 14:34:04 INFO mapreduce.Job:  map 56% reduce 17%
20/06/09 14:34:10 INFO mapreduce.Job:  map 57% reduce 17%
20/06/09 14:34:13 INFO mapreduce.Job:  map 58% reduce 17%
20/06/09 14:34:19 INFO mapreduce.Job:  map 59% reduce 17%
20/06/09 14:34:23 INFO mapreduce.Job:  map 60% reduce 17%
20/06/09 14:34:25 INFO mapreduce.Job:  map 61% reduce 17%
20/06/09 14:34:26 INFO mapreduce.Job:  map 61% reduce 18%
20/06/09 14:34:30 INFO mapreduce.Job:  map 62% reduce 18%
20/06/09 14:34:32 INFO mapreduce.Job:  map 63% reduce 19%
20/06/09 14:34:33 INFO mapreduce.Job:  map 64% reduce 19%
20/06/09 14:34:35 INFO mapreduce.Job:  map 64% reduce 20%
20/06/09 14:34:37 INFO mapreduce.Job:  map 65% reduce 20%
20/06/09 14:34:38 INFO mapreduce.Job:  map 65% reduce 21%
20/06/09 14:34:43 INFO mapreduce.Job:  map 66% reduce 21%
20/06/09 14:34:46 INFO mapreduce.Job:  map 67% reduce 21%
20/06/09 14:34:49 INFO mapreduce.Job:  map 68% reduce 21%
20/06/09 14:34:51 INFO mapreduce.Job:  map 68% reduce 22%
20/06/09 14:34:56 INFO mapreduce.Job:  map 69% reduce 22%
20/06/09 14:35:01 INFO mapreduce.Job:  map 70% reduce 22%
20/06/09 14:35:06 INFO mapreduce.Job:  map 71% reduce 22%
20/06/09 14:35:10 INFO mapreduce.Job:  map 72% reduce 22%
20/06/09 14:35:15 INFO mapreduce.Job:  map 73% reduce 22%
20/06/09 14:35:19 INFO mapreduce.Job:  map 74% reduce 22%
20/06/09 14:35:26 INFO mapreduce.Job:  map 75% reduce 22%
20/06/09 14:35:27 INFO mapreduce.Job:  map 75% reduce 23%
20/06/09 14:35:28 INFO mapreduce.Job:  map 76% reduce 23%
20/06/09 14:35:31 INFO mapreduce.Job:  map 77% reduce 23%
20/06/09 14:35:32 INFO mapreduce.Job:  map 78% reduce 23%
20/06/09 14:35:33 INFO mapreduce.Job:  map 78% reduce 25%
20/06/09 14:35:35 INFO mapreduce.Job:  map 79% reduce 25%
20/06/09 14:35:36 INFO mapreduce.Job:  map 79% reduce 26%
20/06/09 14:35:40 INFO mapreduce.Job:  map 80% reduce 26%
20/06/09 14:35:44 INFO mapreduce.Job:  map 81% reduce 26%
20/06/09 14:35:45 INFO mapreduce.Job:  map 82% reduce 26%
20/06/09 14:35:48 INFO mapreduce.Job:  map 83% reduce 26%
20/06/09 14:35:51 INFO mapreduce.Job:  map 84% reduce 27%
20/06/09 14:35:52 INFO mapreduce.Job:  map 85% reduce 27%
20/06/09 14:35:55 INFO mapreduce.Job:  map 86% reduce 27%
20/06/09 14:35:58 INFO mapreduce.Job:  map 87% reduce 27%
20/06/09 14:36:03 INFO mapreduce.Job:  map 89% reduce 27%
20/06/09 14:36:04 INFO mapreduce.Job:  map 89% reduce 28%
20/06/09 14:36:05 INFO mapreduce.Job:  map 90% reduce 28%
20/06/09 14:36:08 INFO mapreduce.Job:  map 91% reduce 28%
20/06/09 14:36:10 INFO mapreduce.Job:  map 92% reduce 29%
20/06/09 14:36:15 INFO mapreduce.Job:  map 94% reduce 29%
20/06/09 14:36:16 INFO mapreduce.Job:  map 95% reduce 29%
20/06/09 14:36:19 INFO mapreduce.Job:  map 95% reduce 30%
20/06/09 14:36:21 INFO mapreduce.Job:  map 96% reduce 30%
20/06/09 14:36:22 INFO mapreduce.Job:  map 97% reduce 30%
20/06/09 14:36:25 INFO mapreduce.Job:  map 98% reduce 31%
20/06/09 14:36:29 INFO mapreduce.Job:  map 99% reduce 31%
20/06/09 14:36:31 INFO mapreduce.Job:  map 100% reduce 32%
20/06/09 14:36:34 INFO mapreduce.Job:  map 100% reduce 67%
20/06/09 14:36:37 INFO mapreduce.Job:  map 100% reduce 72%
20/06/09 14:36:40 INFO mapreduce.Job:  map 100% reduce 77%
20/06/09 14:36:43 INFO mapreduce.Job:  map 100% reduce 83%
20/06/09 14:36:46 INFO mapreduce.Job:  map 100% reduce 90%
20/06/09 14:36:49 INFO mapreduce.Job:  map 100% reduce 100%
20/06/09 14:36:50 INFO mapreduce.Job: Job job_1591679504095_0008 completed successfully
20/06/09 14:36:50 INFO mapreduce.Job: Counters: 51
	File System Counters
		FILE: Number of bytes read=1687546313
		FILE: Number of bytes written=2498816204
		FILE: Number of read operations=0
		FILE: Number of large read operations=0
		FILE: Number of write operations=0
		HDFS: Number of bytes read=11026324659
		HDFS: Number of bytes written=476449351
		HDFS: Number of read operations=273
		HDFS: Number of large read operations=0
		HDFS: Number of write operations=2
	Job Counters 
		Killed map tasks=1
		Launched map tasks=91
		Launched reduce tasks=1
		Data-local map tasks=89
		Rack-local map tasks=2
		Total time spent by all maps in occupied slots (ms)=4942850
		Total time spent by all reduces in occupied slots (ms)=335322
		Total time spent by all map tasks (ms)=4942850
		Total time spent by all reduce tasks (ms)=335322
		Total vcore-milliseconds taken by all map tasks=4942850
		Total vcore-milliseconds taken by all reduce tasks=1005966
		Total megabyte-milliseconds taken by all map tasks=5061478400
		Total megabyte-milliseconds taken by all reduce tasks=343369728
	Map-Reduce Framework
		Map input records=266535
		Map output records=1009895106
		Map output bytes=19259616628
		Map output materialized bytes=800059485
		Input split bytes=10530
		Combine input records=1034874054
		Combine output records=47536665
		Reduce input groups=9656843
		Reduce shuffle bytes=800059485
		Reduce input records=22557717
		Reduce output records=9656843
		Spilled Records=70773109
		Shuffled Maps =90
		Failed Shuffles=0
		Merged Map outputs=90
		GC time elapsed (ms)=109623
		CPU time spent (ms)=1998720
		Physical memory (bytes) snapshot=25113083904
		Virtual memory (bytes) snapshot=191965483008
		Total committed heap usage (bytes)=18926796800
	Shuffle Errors
		BAD_ID=0
		CONNECTION=0
		IO_ERROR=0
		WRONG_LENGTH=0
		WRONG_MAP=0
		WRONG_REDUCE=0
	File Input Format Counters 
		Bytes Read=11026314129
	File Output Format Counters 
		Bytes Written=476449351
20/06/09 14:36:50 INFO client.RMProxy: Connecting to ResourceManager at master/10.51.17.95:8032
20/06/09 14:36:51 INFO input.FileInputFormat: Total input paths to process : 1
20/06/09 14:36:51 INFO mapreduce.JobSubmitter: number of splits:4
20/06/09 14:36:51 INFO mapreduce.JobSubmitter: Submitting tokens for job: job_1591679504095_0009
20/06/09 14:36:51 INFO impl.YarnClientImpl: Submitted application application_1591679504095_0009
20/06/09 14:36:51 INFO mapreduce.Job: The url to track the job: http://master:8088/proxy/application_1591679504095_0009/
20/06/09 14:36:51 INFO mapreduce.Job: Running job: job_1591679504095_0009
20/06/09 14:36:59 INFO mapreduce.Job: Job job_1591679504095_0009 running in uber mode : false
20/06/09 14:36:59 INFO mapreduce.Job:  map 0% reduce 0%
20/06/09 14:37:10 INFO mapreduce.Job:  map 34% reduce 0%
20/06/09 14:37:11 INFO mapreduce.Job:  map 60% reduce 0%
20/06/09 14:37:13 INFO mapreduce.Job:  map 73% reduce 0%
20/06/09 14:37:14 INFO mapreduce.Job:  map 79% reduce 0%
20/06/09 14:37:16 INFO mapreduce.Job:  map 87% reduce 0%
20/06/09 14:37:17 INFO mapreduce.Job:  map 100% reduce 0%
20/06/09 14:37:21 INFO mapreduce.Job:  map 100% reduce 76%
20/06/09 14:37:24 INFO mapreduce.Job:  map 100% reduce 92%
20/06/09 14:37:26 INFO mapreduce.Job:  map 100% reduce 100%
20/06/09 14:37:26 INFO mapreduce.Job: Job job_1591679504095_0009 completed successfully
20/06/09 14:37:26 INFO mapreduce.Job: Counters: 50
	File System Counters
		FILE: Number of bytes read=760315212
		FILE: Number of bytes written=1174783018
		FILE: Number of read operations=0
		FILE: Number of large read operations=0
		FILE: Number of write operations=0
		HDFS: Number of bytes read=476453428
		HDFS: Number of bytes written=337259102
		HDFS: Number of read operations=19
		HDFS: Number of large read operations=0
		HDFS: Number of write operations=2
	Job Counters 
		Killed map tasks=1
		Launched map tasks=5
		Launched reduce tasks=1
		Data-local map tasks=5
		Total time spent by all maps in occupied slots (ms)=53934
		Total time spent by all reduces in occupied slots (ms)=12854
		Total time spent by all map tasks (ms)=53934
		Total time spent by all reduce tasks (ms)=12854
		Total vcore-milliseconds taken by all map tasks=53934
		Total vcore-milliseconds taken by all reduce tasks=38562
		Total megabyte-milliseconds taken by all map tasks=55228416
		Total megabyte-milliseconds taken by all reduce tasks=13162496
	Map-Reduce Framework
		Map input records=9656843
		Map output records=9656843
		Map output bytes=394540761
		Map output materialized bytes=413854471
		Input split bytes=504
		Combine input records=0
		Combine output records=0
		Reduce input groups=1236
		Reduce shuffle bytes=413854471
		Reduce input records=9656843
		Reduce output records=9656843
		Spilled Records=28023221
		Shuffled Maps =4
		Failed Shuffles=0
		Merged Map outputs=4
		GC time elapsed (ms)=1404
		CPU time spent (ms)=43090
		Physical memory (bytes) snapshot=1283010560
		Virtual memory (bytes) snapshot=10550259712
		Total committed heap usage (bytes)=938999808
	Shuffle Errors
		BAD_ID=0
		CONNECTION=0
		IO_ERROR=0
		WRONG_LENGTH=0
		WRONG_MAP=0
		WRONG_REDUCE=0
	File Input Format Counters 
		Bytes Read=476452924
	File Output Format Counters 
		Bytes Written=337259102
