20/06/15 14:14:35 INFO client.RMProxy: Connecting to ResourceManager at master/10.51.17.95:8032
20/06/15 14:14:35 INFO input.FileInputFormat: Total input paths to process : 10
20/06/15 14:14:36 INFO mapreduce.JobSubmitter: number of splits:90
20/06/15 14:14:37 INFO mapreduce.JobSubmitter: Submitting tokens for job: job_1592197493349_0002
20/06/15 14:14:37 INFO impl.YarnClientImpl: Submitted application application_1592197493349_0002
20/06/15 14:14:37 INFO mapreduce.Job: The url to track the job: http://master:8088/proxy/application_1592197493349_0002/
20/06/15 14:14:37 INFO mapreduce.Job: Running job: job_1592197493349_0002
20/06/15 14:14:43 INFO mapreduce.Job: Job job_1592197493349_0002 running in uber mode : false
20/06/15 14:14:43 INFO mapreduce.Job:  map 0% reduce 0%
20/06/15 14:14:55 INFO mapreduce.Job:  map 1% reduce 0%
20/06/15 14:14:58 INFO mapreduce.Job:  map 2% reduce 0%
20/06/15 14:15:08 INFO mapreduce.Job:  map 3% reduce 0%
20/06/15 14:15:11 INFO mapreduce.Job:  map 4% reduce 0%
20/06/15 14:15:20 INFO mapreduce.Job:  map 5% reduce 0%
20/06/15 14:15:23 INFO mapreduce.Job:  map 6% reduce 0%
20/06/15 14:15:27 INFO mapreduce.Job:  map 7% reduce 0%
20/06/15 14:15:29 INFO mapreduce.Job:  map 8% reduce 0%
20/06/15 14:15:37 INFO mapreduce.Job:  map 9% reduce 0%
20/06/15 14:15:39 INFO mapreduce.Job:  map 10% reduce 0%
20/06/15 14:15:46 INFO mapreduce.Job:  map 11% reduce 0%
20/06/15 14:15:47 INFO mapreduce.Job:  map 12% reduce 0%
20/06/15 14:15:49 INFO mapreduce.Job:  map 13% reduce 0%
20/06/15 14:15:56 INFO mapreduce.Job:  map 14% reduce 0%
20/06/15 14:16:01 INFO mapreduce.Job:  map 14% reduce 4%
20/06/15 14:16:02 INFO mapreduce.Job:  map 15% reduce 4%
20/06/15 14:16:07 INFO mapreduce.Job:  map 16% reduce 4%
20/06/15 14:16:11 INFO mapreduce.Job:  map 17% reduce 4%
20/06/15 14:16:13 INFO mapreduce.Job:  map 17% reduce 5%
20/06/15 14:16:14 INFO mapreduce.Job:  map 18% reduce 5%
20/06/15 14:16:22 INFO mapreduce.Job:  map 19% reduce 5%
20/06/15 14:16:29 INFO mapreduce.Job:  map 20% reduce 5%
20/06/15 14:16:34 INFO mapreduce.Job:  map 21% reduce 5%
20/06/15 14:16:35 INFO mapreduce.Job:  map 21% reduce 6%
20/06/15 14:16:38 INFO mapreduce.Job:  map 22% reduce 6%
20/06/15 14:16:41 INFO mapreduce.Job:  map 23% reduce 6%
20/06/15 14:16:42 INFO mapreduce.Job:  map 24% reduce 6%
20/06/15 14:16:44 INFO mapreduce.Job:  map 24% reduce 7%
20/06/15 14:16:50 INFO mapreduce.Job:  map 25% reduce 7%
20/06/15 14:16:52 INFO mapreduce.Job:  map 26% reduce 7%
20/06/15 14:16:53 INFO mapreduce.Job:  map 26% reduce 8%
20/06/15 14:16:57 INFO mapreduce.Job:  map 27% reduce 8%
20/06/15 14:16:59 INFO mapreduce.Job:  map 27% reduce 9%
20/06/15 14:17:03 INFO mapreduce.Job:  map 28% reduce 9%
20/06/15 14:17:09 INFO mapreduce.Job:  map 29% reduce 9%
20/06/15 14:17:15 INFO mapreduce.Job:  map 30% reduce 9%
20/06/15 14:17:19 INFO mapreduce.Job:  map 31% reduce 9%
20/06/15 14:17:24 INFO mapreduce.Job:  map 32% reduce 9%
20/06/15 14:17:28 INFO mapreduce.Job:  map 33% reduce 9%
20/06/15 14:17:30 INFO mapreduce.Job:  map 34% reduce 10%
20/06/15 14:17:35 INFO mapreduce.Job:  map 35% reduce 10%
20/06/15 14:17:38 INFO mapreduce.Job:  map 36% reduce 10%
20/06/15 14:17:40 INFO mapreduce.Job:  map 36% reduce 11%
20/06/15 14:17:43 INFO mapreduce.Job:  map 36% reduce 12%
20/06/15 14:17:44 INFO mapreduce.Job:  map 37% reduce 12%
20/06/15 14:17:50 INFO mapreduce.Job:  map 38% reduce 12%
20/06/15 14:17:54 INFO mapreduce.Job:  map 39% reduce 12%
20/06/15 14:18:00 INFO mapreduce.Job:  map 40% reduce 12%
20/06/15 14:18:03 INFO mapreduce.Job:  map 41% reduce 12%
20/06/15 14:18:09 INFO mapreduce.Job:  map 42% reduce 12%
20/06/15 14:18:12 INFO mapreduce.Job:  map 43% reduce 12%
20/06/15 14:18:14 INFO mapreduce.Job:  map 44% reduce 12%
20/06/15 14:18:15 INFO mapreduce.Job:  map 44% reduce 14%
20/06/15 14:18:19 INFO mapreduce.Job:  map 45% reduce 14%
20/06/15 14:18:24 INFO mapreduce.Job:  map 46% reduce 14%
20/06/15 14:18:29 INFO mapreduce.Job:  map 47% reduce 14%
20/06/15 14:18:31 INFO mapreduce.Job:  map 47% reduce 15%
20/06/15 14:18:33 INFO mapreduce.Job:  map 48% reduce 15%
20/06/15 14:18:39 INFO mapreduce.Job:  map 49% reduce 15%
20/06/15 14:18:40 INFO mapreduce.Job:  map 49% reduce 16%
20/06/15 14:18:44 INFO mapreduce.Job:  map 50% reduce 16%
20/06/15 14:18:49 INFO mapreduce.Job:  map 51% reduce 16%
20/06/15 14:18:52 INFO mapreduce.Job:  map 52% reduce 16%
20/06/15 14:18:58 INFO mapreduce.Job:  map 53% reduce 16%
20/06/15 14:19:02 INFO mapreduce.Job:  map 54% reduce 16%
20/06/15 14:19:05 INFO mapreduce.Job:  map 54% reduce 17%
20/06/15 14:19:06 INFO mapreduce.Job:  map 55% reduce 17%
20/06/15 14:19:13 INFO mapreduce.Job:  map 56% reduce 17%
20/06/15 14:19:18 INFO mapreduce.Job:  map 57% reduce 17%
20/06/15 14:19:20 INFO mapreduce.Job:  map 57% reduce 18%
20/06/15 14:19:21 INFO mapreduce.Job:  map 58% reduce 18%
20/06/15 14:19:26 INFO mapreduce.Job:  map 59% reduce 19%
20/06/15 14:19:30 INFO mapreduce.Job:  map 60% reduce 19%
20/06/15 14:19:33 INFO mapreduce.Job:  map 61% reduce 19%
20/06/15 14:19:38 INFO mapreduce.Job:  map 61% reduce 20%
20/06/15 14:19:42 INFO mapreduce.Job:  map 62% reduce 20%
20/06/15 14:19:45 INFO mapreduce.Job:  map 63% reduce 20%
20/06/15 14:19:51 INFO mapreduce.Job:  map 64% reduce 20%
20/06/15 14:19:57 INFO mapreduce.Job:  map 65% reduce 20%
20/06/15 14:20:00 INFO mapreduce.Job:  map 66% reduce 20%
20/06/15 14:20:02 INFO mapreduce.Job:  map 66% reduce 21%
20/06/15 14:20:04 INFO mapreduce.Job:  map 67% reduce 21%
20/06/15 14:20:11 INFO mapreduce.Job:  map 68% reduce 21%
20/06/15 14:20:14 INFO mapreduce.Job:  map 68% reduce 22%
20/06/15 14:20:15 INFO mapreduce.Job:  map 69% reduce 22%
20/06/15 14:20:17 INFO mapreduce.Job:  map 70% reduce 22%
20/06/15 14:20:21 INFO mapreduce.Job:  map 70% reduce 23%
20/06/15 14:20:23 INFO mapreduce.Job:  map 71% reduce 23%
20/06/15 14:20:28 INFO mapreduce.Job:  map 72% reduce 23%
20/06/15 14:20:33 INFO mapreduce.Job:  map 73% reduce 23%
20/06/15 14:20:40 INFO mapreduce.Job:  map 74% reduce 23%
20/06/15 14:20:43 INFO mapreduce.Job:  map 75% reduce 23%
20/06/15 14:20:44 INFO mapreduce.Job:  map 76% reduce 23%
20/06/15 14:20:45 INFO mapreduce.Job:  map 76% reduce 24%
20/06/15 14:20:51 INFO mapreduce.Job:  map 77% reduce 24%
20/06/15 14:20:54 INFO mapreduce.Job:  map 78% reduce 25%
20/06/15 14:20:56 INFO mapreduce.Job:  map 79% reduce 25%
20/06/15 14:20:58 INFO mapreduce.Job:  map 80% reduce 25%
20/06/15 14:21:00 INFO mapreduce.Job:  map 80% reduce 26%
20/06/15 14:21:01 INFO mapreduce.Job:  map 81% reduce 26%
20/06/15 14:21:06 INFO mapreduce.Job:  map 82% reduce 26%
20/06/15 14:21:07 INFO mapreduce.Job:  map 82% reduce 27%
20/06/15 14:21:08 INFO mapreduce.Job:  map 83% reduce 27%
20/06/15 14:21:11 INFO mapreduce.Job:  map 85% reduce 27%
20/06/15 14:21:14 INFO mapreduce.Job:  map 86% reduce 27%
20/06/15 14:21:16 INFO mapreduce.Job:  map 86% reduce 28%
20/06/15 14:21:21 INFO mapreduce.Job:  map 87% reduce 28%
20/06/15 14:21:26 INFO mapreduce.Job:  map 88% reduce 28%
20/06/15 14:21:28 INFO mapreduce.Job:  map 88% reduce 29%
20/06/15 14:21:32 INFO mapreduce.Job:  map 89% reduce 29%
20/06/15 14:21:38 INFO mapreduce.Job:  map 90% reduce 29%
20/06/15 14:21:41 INFO mapreduce.Job:  map 91% reduce 29%
20/06/15 14:21:45 INFO mapreduce.Job:  map 92% reduce 29%
20/06/15 14:21:51 INFO mapreduce.Job:  map 93% reduce 29%
20/06/15 14:21:52 INFO mapreduce.Job:  map 94% reduce 29%
20/06/15 14:21:53 INFO mapreduce.Job:  map 94% reduce 30%
20/06/15 14:21:56 INFO mapreduce.Job:  map 95% reduce 30%
20/06/15 14:21:58 INFO mapreduce.Job:  map 96% reduce 30%
20/06/15 14:21:59 INFO mapreduce.Job:  map 96% reduce 31%
20/06/15 14:22:00 INFO mapreduce.Job:  map 97% reduce 31%
20/06/15 14:22:02 INFO mapreduce.Job:  map 97% reduce 32%
20/06/15 14:22:04 INFO mapreduce.Job:  map 99% reduce 32%
20/06/15 14:22:05 INFO mapreduce.Job:  map 100% reduce 32%
20/06/15 14:22:08 INFO mapreduce.Job:  map 100% reduce 33%
20/06/15 14:22:11 INFO mapreduce.Job:  map 100% reduce 69%
20/06/15 14:22:14 INFO mapreduce.Job:  map 100% reduce 74%
20/06/15 14:22:17 INFO mapreduce.Job:  map 100% reduce 80%
20/06/15 14:22:20 INFO mapreduce.Job:  map 100% reduce 85%
20/06/15 14:22:23 INFO mapreduce.Job:  map 100% reduce 92%
20/06/15 14:22:26 INFO mapreduce.Job:  map 100% reduce 100%
20/06/15 14:22:28 INFO mapreduce.Job: Job job_1592197493349_0002 completed successfully
20/06/15 14:22:28 INFO mapreduce.Job: Counters: 51
	File System Counters
		FILE: Number of bytes read=1664983330
		FILE: Number of bytes written=2465674599
		FILE: Number of read operations=0
		FILE: Number of large read operations=0
		FILE: Number of write operations=0
		HDFS: Number of bytes read=11025668664
		HDFS: Number of bytes written=472954036
		HDFS: Number of read operations=273
		HDFS: Number of large read operations=0
		HDFS: Number of write operations=2
	Job Counters 
		Killed map tasks=1
		Launched map tasks=91
		Launched reduce tasks=1
		Data-local map tasks=84
		Rack-local map tasks=7
		Total time spent by all maps in occupied slots (ms)=3894408
		Total time spent by all reduces in occupied slots (ms)=395849
		Total time spent by all map tasks (ms)=3894408
		Total time spent by all reduce tasks (ms)=395849
		Total vcore-milliseconds taken by all map tasks=3894408
		Total vcore-milliseconds taken by all reduce tasks=1187547
		Total megabyte-milliseconds taken by all map tasks=3987873792
		Total megabyte-milliseconds taken by all reduce tasks=405349376
	Map-Reduce Framework
		Map input records=1179594
		Map output records=1009901268
		Map output bytes=19265183218
		Map output materialized bytes=789509164
		Input split bytes=9630
		Combine input records=1034891965
		Combine output records=47597616
		Reduce input groups=9841803
		Reduce shuffle bytes=789509164
		Reduce input records=22606919
		Reduce output records=9841803
		Spilled Records=70882807
		Shuffled Maps =90
		Failed Shuffles=0
		Merged Map outputs=90
		GC time elapsed (ms)=71840
		CPU time spent (ms)=2277670
		Physical memory (bytes) snapshot=25053261824
		Virtual memory (bytes) snapshot=192029827072
		Total committed heap usage (bytes)=18936233984
	Shuffle Errors
		BAD_ID=0
		CONNECTION=0
		IO_ERROR=0
		WRONG_LENGTH=0
		WRONG_MAP=0
		WRONG_REDUCE=0
	File Input Format Counters 
		Bytes Read=11025659034
	File Output Format Counters 
		Bytes Written=472954036
20/06/15 14:22:28 INFO client.RMProxy: Connecting to ResourceManager at master/10.51.17.95:8032
20/06/15 14:22:28 INFO input.FileInputFormat: Total input paths to process : 1
20/06/15 14:22:29 INFO mapreduce.JobSubmitter: number of splits:4
20/06/15 14:22:29 INFO mapreduce.JobSubmitter: Submitting tokens for job: job_1592197493349_0003
20/06/15 14:22:29 INFO impl.YarnClientImpl: Submitted application application_1592197493349_0003
20/06/15 14:22:29 INFO mapreduce.Job: The url to track the job: http://master:8088/proxy/application_1592197493349_0003/
20/06/15 14:22:29 INFO mapreduce.Job: Running job: job_1592197493349_0003
20/06/15 14:22:40 INFO mapreduce.Job: Job job_1592197493349_0003 running in uber mode : false
20/06/15 14:22:40 INFO mapreduce.Job:  map 0% reduce 0%
20/06/15 14:22:50 INFO mapreduce.Job:  map 25% reduce 0%
20/06/15 14:22:51 INFO mapreduce.Job:  map 32% reduce 0%
20/06/15 14:22:53 INFO mapreduce.Job:  map 52% reduce 0%
20/06/15 14:22:55 INFO mapreduce.Job:  map 56% reduce 0%
20/06/15 14:22:56 INFO mapreduce.Job:  map 67% reduce 0%
20/06/15 14:22:58 INFO mapreduce.Job:  map 72% reduce 0%
20/06/15 14:22:59 INFO mapreduce.Job:  map 83% reduce 0%
20/06/15 14:23:01 INFO mapreduce.Job:  map 89% reduce 17%
20/06/15 14:23:02 INFO mapreduce.Job:  map 100% reduce 17%
20/06/15 14:23:04 INFO mapreduce.Job:  map 100% reduce 68%
20/06/15 14:23:07 INFO mapreduce.Job:  map 100% reduce 77%
20/06/15 14:23:10 INFO mapreduce.Job:  map 100% reduce 86%
20/06/15 14:23:13 INFO mapreduce.Job:  map 100% reduce 92%
20/06/15 14:23:16 INFO mapreduce.Job:  map 100% reduce 100%
20/06/15 14:23:17 INFO mapreduce.Job: Job job_1592197493349_0003 completed successfully
20/06/15 14:23:17 INFO mapreduce.Job: Counters: 50
	File System Counters
		FILE: Number of bytes read=754217147
		FILE: Number of bytes written=1164111403
		FILE: Number of read operations=0
		FILE: Number of large read operations=0
		FILE: Number of write operations=0
		HDFS: Number of bytes read=472959501
		HDFS: Number of bytes written=331204946
		HDFS: Number of read operations=19
		HDFS: Number of large read operations=0
		HDFS: Number of write operations=2
	Job Counters 
		Killed map tasks=1
		Launched map tasks=5
		Launched reduce tasks=1
		Data-local map tasks=5
		Total time spent by all maps in occupied slots (ms)=72203
		Total time spent by all reduces in occupied slots (ms)=22368
		Total time spent by all map tasks (ms)=72203
		Total time spent by all reduce tasks (ms)=22368
		Total vcore-milliseconds taken by all map tasks=72203
		Total vcore-milliseconds taken by all reduce tasks=67104
		Total megabyte-milliseconds taken by all map tasks=73935872
		Total megabyte-milliseconds taken by all reduce tasks=22904832
	Map-Reduce Framework
		Map input records=9841803
		Map output records=9841803
		Map output bytes=389598846
		Map output materialized bytes=409282476
		Input split bytes=504
		Combine input records=0
		Combine output records=0
		Reduce input groups=1244
		Reduce shuffle bytes=409282476
		Reduce input records=9841803
		Reduce output records=9841803
		Spilled Records=28647293
		Shuffled Maps =4
		Failed Shuffles=0
		Merged Map outputs=4
		GC time elapsed (ms)=1797
		CPU time spent (ms)=48920
		Physical memory (bytes) snapshot=1282502656
		Virtual memory (bytes) snapshot=10551853056
		Total committed heap usage (bytes)=941621248
	Shuffle Errors
		BAD_ID=0
		CONNECTION=0
		IO_ERROR=0
		WRONG_LENGTH=0
		WRONG_MAP=0
		WRONG_REDUCE=0
	File Input Format Counters 
		Bytes Read=472958997
	File Output Format Counters 
		Bytes Written=331204946
