20/06/16 18:20:48 INFO client.RMProxy: Connecting to ResourceManager at master/10.51.17.95:8032
20/06/16 18:20:49 INFO client.RMProxy: Connecting to ResourceManager at master/10.51.17.95:8032
20/06/16 18:20:49 INFO input.FileInputFormat: Total input paths to process : 10
20/06/16 18:20:49 INFO mapreduce.JobSubmitter: number of splits:80
20/06/16 18:20:50 INFO mapreduce.JobSubmitter: Submitting tokens for job: job_1592298542746_0003
20/06/16 18:20:50 INFO impl.YarnClientImpl: Submitted application application_1592298542746_0003
20/06/16 18:20:50 INFO mapreduce.Job: The url to track the job: http://master:8088/proxy/application_1592298542746_0003/
20/06/16 18:20:50 INFO mapreduce.Job: Running job: job_1592298542746_0003
20/06/16 18:21:00 INFO mapreduce.Job: Job job_1592298542746_0003 running in uber mode : false
20/06/16 18:21:00 INFO mapreduce.Job:  map 0% reduce 0%
20/06/16 18:21:08 INFO mapreduce.Job:  map 1% reduce 0%
20/06/16 18:21:09 INFO mapreduce.Job:  map 5% reduce 0%
20/06/16 18:21:12 INFO mapreduce.Job:  map 6% reduce 0%
20/06/16 18:21:13 INFO mapreduce.Job:  map 9% reduce 0%
20/06/16 18:21:15 INFO mapreduce.Job:  map 12% reduce 0%
20/06/16 18:21:16 INFO mapreduce.Job:  map 13% reduce 0%
20/06/16 18:21:19 INFO mapreduce.Job:  map 15% reduce 0%
20/06/16 18:21:20 INFO mapreduce.Job:  map 16% reduce 0%
20/06/16 18:21:21 INFO mapreduce.Job:  map 17% reduce 0%
20/06/16 18:21:22 INFO mapreduce.Job:  map 18% reduce 0%
20/06/16 18:21:23 INFO mapreduce.Job:  map 20% reduce 0%
20/06/16 18:21:27 INFO mapreduce.Job:  map 25% reduce 0%
20/06/16 18:21:28 INFO mapreduce.Job:  map 26% reduce 0%
20/06/16 18:21:29 INFO mapreduce.Job:  map 26% reduce 3%
20/06/16 18:21:30 INFO mapreduce.Job:  map 28% reduce 3%
20/06/16 18:21:33 INFO mapreduce.Job:  map 29% reduce 3%
20/06/16 18:21:34 INFO mapreduce.Job:  map 30% reduce 3%
20/06/16 18:21:36 INFO mapreduce.Job:  map 30% reduce 6%
20/06/16 18:21:38 INFO mapreduce.Job:  map 31% reduce 6%
20/06/16 18:21:41 INFO mapreduce.Job:  map 32% reduce 6%
20/06/16 18:21:43 INFO mapreduce.Job:  map 33% reduce 6%
20/06/16 18:21:45 INFO mapreduce.Job:  map 35% reduce 6%
20/06/16 18:21:47 INFO mapreduce.Job:  map 36% reduce 6%
20/06/16 18:21:49 INFO mapreduce.Job:  map 36% reduce 7%
20/06/16 18:21:50 INFO mapreduce.Job:  map 38% reduce 7%
20/06/16 18:21:52 INFO mapreduce.Job:  map 38% reduce 8%
20/06/16 18:21:55 INFO mapreduce.Job:  map 39% reduce 8%
20/06/16 18:21:58 INFO mapreduce.Job:  map 40% reduce 8%
20/06/16 18:21:59 INFO mapreduce.Job:  map 41% reduce 8%
20/06/16 18:22:00 INFO mapreduce.Job:  map 41% reduce 9%
20/06/16 18:22:01 INFO mapreduce.Job:  map 42% reduce 9%
20/06/16 18:22:02 INFO mapreduce.Job:  map 44% reduce 9%
20/06/16 18:22:03 INFO mapreduce.Job:  map 46% reduce 9%
20/06/16 18:22:04 INFO mapreduce.Job:  map 46% reduce 10%
20/06/16 18:22:05 INFO mapreduce.Job:  map 47% reduce 10%
20/06/16 18:22:06 INFO mapreduce.Job:  map 47% reduce 11%
20/06/16 18:22:10 INFO mapreduce.Job:  map 49% reduce 11%
20/06/16 18:22:11 INFO mapreduce.Job:  map 49% reduce 12%
20/06/16 18:22:14 INFO mapreduce.Job:  map 51% reduce 12%
20/06/16 18:22:17 INFO mapreduce.Job:  map 53% reduce 13%
20/06/16 18:22:18 INFO mapreduce.Job:  map 54% reduce 13%
20/06/16 18:22:21 INFO mapreduce.Job:  map 55% reduce 13%
20/06/16 18:22:23 INFO mapreduce.Job:  map 57% reduce 13%
20/06/16 18:22:24 INFO mapreduce.Job:  map 58% reduce 13%
20/06/16 18:22:26 INFO mapreduce.Job:  map 59% reduce 13%
20/06/16 18:22:27 INFO mapreduce.Job:  map 59% reduce 14%
20/06/16 18:22:29 INFO mapreduce.Job:  map 60% reduce 15%
20/06/16 18:22:30 INFO mapreduce.Job:  map 61% reduce 15%
20/06/16 18:22:34 INFO mapreduce.Job:  map 63% reduce 15%
20/06/16 18:22:35 INFO mapreduce.Job:  map 64% reduce 16%
20/06/16 18:22:36 INFO mapreduce.Job:  map 65% reduce 16%
20/06/16 18:22:37 INFO mapreduce.Job:  map 66% reduce 17%
20/06/16 18:22:39 INFO mapreduce.Job:  map 68% reduce 17%
20/06/16 18:22:43 INFO mapreduce.Job:  map 70% reduce 17%
20/06/16 18:22:45 INFO mapreduce.Job:  map 71% reduce 17%
20/06/16 18:22:46 INFO mapreduce.Job:  map 73% reduce 18%
20/06/16 18:22:47 INFO mapreduce.Job:  map 74% reduce 18%
20/06/16 18:22:49 INFO mapreduce.Job:  map 74% reduce 19%
20/06/16 18:22:50 INFO mapreduce.Job:  map 75% reduce 19%
20/06/16 18:22:51 INFO mapreduce.Job:  map 75% reduce 20%
20/06/16 18:22:52 INFO mapreduce.Job:  map 76% reduce 20%
20/06/16 18:22:53 INFO mapreduce.Job:  map 77% reduce 20%
20/06/16 18:22:57 INFO mapreduce.Job:  map 78% reduce 20%
20/06/16 18:22:58 INFO mapreduce.Job:  map 79% reduce 20%
20/06/16 18:22:59 INFO mapreduce.Job:  map 80% reduce 20%
20/06/16 18:23:00 INFO mapreduce.Job:  map 81% reduce 21%
20/06/16 18:23:01 INFO mapreduce.Job:  map 82% reduce 21%
20/06/16 18:23:02 INFO mapreduce.Job:  map 82% reduce 22%
20/06/16 18:23:07 INFO mapreduce.Job:  map 83% reduce 22%
20/06/16 18:23:09 INFO mapreduce.Job:  map 84% reduce 22%
20/06/16 18:23:10 INFO mapreduce.Job:  map 85% reduce 22%
20/06/16 18:23:13 INFO mapreduce.Job:  map 86% reduce 22%
20/06/16 18:23:14 INFO mapreduce.Job:  map 87% reduce 23%
20/06/16 18:23:15 INFO mapreduce.Job:  map 88% reduce 23%
20/06/16 18:23:16 INFO mapreduce.Job:  map 89% reduce 23%
20/06/16 18:23:17 INFO mapreduce.Job:  map 90% reduce 23%
20/06/16 18:23:18 INFO mapreduce.Job:  map 91% reduce 23%
20/06/16 18:23:19 INFO mapreduce.Job:  map 91% reduce 24%
20/06/16 18:23:22 INFO mapreduce.Job:  map 91% reduce 25%
20/06/16 18:23:24 INFO mapreduce.Job:  map 92% reduce 25%
20/06/16 18:23:25 INFO mapreduce.Job:  map 92% reduce 26%
20/06/16 18:23:27 INFO mapreduce.Job:  map 93% reduce 26%
20/06/16 18:23:29 INFO mapreduce.Job:  map 94% reduce 26%
20/06/16 18:23:30 INFO mapreduce.Job:  map 95% reduce 26%
20/06/16 18:23:32 INFO mapreduce.Job:  map 97% reduce 26%
20/06/16 18:23:33 INFO mapreduce.Job:  map 97% reduce 27%
20/06/16 18:23:34 INFO mapreduce.Job:  map 98% reduce 27%
20/06/16 18:23:35 INFO mapreduce.Job:  map 99% reduce 27%
20/06/16 18:23:37 INFO mapreduce.Job:  map 99% reduce 28%
20/06/16 18:23:39 INFO mapreduce.Job:  map 100% reduce 28%
20/06/16 18:23:40 INFO mapreduce.Job:  map 100% reduce 32%
20/06/16 18:23:41 INFO mapreduce.Job:  map 100% reduce 33%
20/06/16 18:23:42 INFO mapreduce.Job:  map 100% reduce 44%
20/06/16 18:23:43 INFO mapreduce.Job:  map 100% reduce 51%
20/06/16 18:23:44 INFO mapreduce.Job:  map 100% reduce 52%
20/06/16 18:23:50 INFO mapreduce.Job:  map 100% reduce 53%
20/06/16 18:23:51 INFO mapreduce.Job:  map 100% reduce 54%
20/06/16 18:23:52 INFO mapreduce.Job:  map 100% reduce 55%
20/06/16 18:23:55 INFO mapreduce.Job:  map 100% reduce 56%
20/06/16 18:23:57 INFO mapreduce.Job:  map 100% reduce 57%
20/06/16 18:23:58 INFO mapreduce.Job:  map 100% reduce 58%
20/06/16 18:24:02 INFO mapreduce.Job:  map 100% reduce 59%
20/06/16 18:24:04 INFO mapreduce.Job:  map 100% reduce 60%
20/06/16 18:24:06 INFO mapreduce.Job:  map 100% reduce 61%
20/06/16 18:24:09 INFO mapreduce.Job:  map 100% reduce 62%
20/06/16 18:24:10 INFO mapreduce.Job:  map 100% reduce 63%
20/06/16 18:24:14 INFO mapreduce.Job:  map 100% reduce 64%
20/06/16 18:24:17 INFO mapreduce.Job:  map 100% reduce 65%
20/06/16 18:24:20 INFO mapreduce.Job:  map 100% reduce 66%
20/06/16 18:24:23 INFO mapreduce.Job:  map 100% reduce 67%
20/06/16 18:24:24 INFO mapreduce.Job:  map 100% reduce 68%
20/06/16 18:24:26 INFO mapreduce.Job:  map 100% reduce 70%
20/06/16 18:24:29 INFO mapreduce.Job:  map 100% reduce 71%
20/06/16 18:24:30 INFO mapreduce.Job:  map 100% reduce 72%
20/06/16 18:24:32 INFO mapreduce.Job:  map 100% reduce 73%
20/06/16 18:24:35 INFO mapreduce.Job:  map 100% reduce 74%
20/06/16 18:24:38 INFO mapreduce.Job:  map 100% reduce 76%
20/06/16 18:24:41 INFO mapreduce.Job:  map 100% reduce 77%
20/06/16 18:24:48 INFO mapreduce.Job:  map 100% reduce 78%
20/06/16 18:24:51 INFO mapreduce.Job:  map 100% reduce 82%
20/06/16 18:24:54 INFO mapreduce.Job:  map 100% reduce 89%
20/06/16 18:25:00 INFO mapreduce.Job:  map 100% reduce 90%
20/06/16 18:25:06 INFO mapreduce.Job:  map 100% reduce 91%
20/06/16 18:25:12 INFO mapreduce.Job:  map 100% reduce 92%
20/06/16 18:25:18 INFO mapreduce.Job:  map 100% reduce 93%
20/06/16 18:25:24 INFO mapreduce.Job:  map 100% reduce 94%
20/06/16 18:25:30 INFO mapreduce.Job:  map 100% reduce 95%
20/06/16 18:25:33 INFO mapreduce.Job:  map 100% reduce 96%
20/06/16 18:25:39 INFO mapreduce.Job:  map 100% reduce 97%
20/06/16 18:25:42 INFO mapreduce.Job:  map 100% reduce 98%
20/06/16 18:25:48 INFO mapreduce.Job:  map 100% reduce 99%
20/06/16 18:25:51 INFO mapreduce.Job:  map 100% reduce 100%
20/06/16 18:25:52 INFO mapreduce.Job: Job job_1592298542746_0003 completed successfully
20/06/16 18:25:52 INFO mapreduce.Job: Counters: 52
	File System Counters
		FILE: Number of bytes read=31974520677
		FILE: Number of bytes written=42735048567
		FILE: Number of read operations=0
		FILE: Number of large read operations=0
		FILE: Number of write operations=0
		HDFS: Number of bytes read=10774009875
		HDFS: Number of bytes written=10772846837
		HDFS: Number of read operations=329
		HDFS: Number of large read operations=0
		HDFS: Number of write operations=6
	Job Counters 
		Killed map tasks=1
		Killed reduce tasks=1
		Launched map tasks=80
		Launched reduce tasks=4
		Data-local map tasks=74
		Rack-local map tasks=7
		Total time spent by all maps in occupied slots (ms)=1052942
		Total time spent by all reduces in occupied slots (ms)=706924
		Total time spent by all map tasks (ms)=1052942
		Total time spent by all reduce tasks (ms)=706924
		Total vcore-milliseconds taken by all map tasks=1052942
		Total vcore-milliseconds taken by all reduce tasks=2120772
		Total megabyte-milliseconds taken by all map tasks=1078212608
		Total megabyte-milliseconds taken by all reduce tasks=723890176
	Map-Reduce Framework
		Map input records=1022600
		Map output records=1022600
		Map output bytes=10745642829
		Map output materialized bytes=10751392560
		Input split bytes=8240
		Combine input records=0
		Combine output records=0
		Reduce input groups=1022600
		Reduce shuffle bytes=10751392560
		Reduce input records=1022600
		Reduce output records=1022600
		Spilled Records=4063920
		Shuffled Maps =240
		Failed Shuffles=0
		Merged Map outputs=240
		GC time elapsed (ms)=10739
		CPU time spent (ms)=229840
		Physical memory (bytes) snapshot=21934772224
		Virtual memory (bytes) snapshot=175116742656
		Total committed heap usage (bytes)=16614686720
	Shuffle Errors
		BAD_ID=0
		CONNECTION=0
		IO_ERROR=0
		WRONG_LENGTH=0
		WRONG_MAP=0
		WRONG_REDUCE=0
	File Input Format Counters 
		Bytes Read=10774001635
	File Output Format Counters 
		Bytes Written=10772846837
