20/06/12 23:40:14 INFO client.RMProxy: Connecting to ResourceManager at master/10.51.17.95:8032
20/06/12 23:40:14 INFO client.RMProxy: Connecting to ResourceManager at master/10.51.17.95:8032
20/06/12 23:40:15 INFO input.FileInputFormat: Total input paths to process : 10
20/06/12 23:40:15 INFO mapreduce.JobSubmitter: number of splits:80
20/06/12 23:40:16 INFO mapreduce.JobSubmitter: Submitting tokens for job: job_1591972746440_0002
20/06/12 23:40:16 INFO impl.YarnClientImpl: Submitted application application_1591972746440_0002
20/06/12 23:40:16 INFO mapreduce.Job: The url to track the job: http://master:8088/proxy/application_1591972746440_0002/
20/06/12 23:40:16 INFO mapreduce.Job: Running job: job_1591972746440_0002
20/06/12 23:40:24 INFO mapreduce.Job: Job job_1591972746440_0002 running in uber mode : false
20/06/12 23:40:24 INFO mapreduce.Job:  map 0% reduce 0%
20/06/12 23:40:35 INFO mapreduce.Job:  map 1% reduce 0%
20/06/12 23:40:36 INFO mapreduce.Job:  map 3% reduce 0%
20/06/12 23:40:37 INFO mapreduce.Job:  map 5% reduce 0%
20/06/12 23:40:38 INFO mapreduce.Job:  map 10% reduce 0%
20/06/12 23:40:39 INFO mapreduce.Job:  map 11% reduce 0%
20/06/12 23:40:40 INFO mapreduce.Job:  map 15% reduce 0%
20/06/12 23:40:43 INFO mapreduce.Job:  map 16% reduce 0%
20/06/12 23:40:45 INFO mapreduce.Job:  map 17% reduce 0%
20/06/12 23:40:46 INFO mapreduce.Job:  map 18% reduce 0%
20/06/12 23:40:47 INFO mapreduce.Job:  map 20% reduce 0%
20/06/12 23:40:48 INFO mapreduce.Job:  map 21% reduce 0%
20/06/12 23:40:49 INFO mapreduce.Job:  map 22% reduce 0%
20/06/12 23:40:51 INFO mapreduce.Job:  map 23% reduce 1%
20/06/12 23:40:52 INFO mapreduce.Job:  map 25% reduce 1%
20/06/12 23:40:53 INFO mapreduce.Job:  map 26% reduce 1%
20/06/12 23:40:54 INFO mapreduce.Job:  map 26% reduce 2%
20/06/12 23:40:55 INFO mapreduce.Job:  map 28% reduce 2%
20/06/12 23:40:58 INFO mapreduce.Job:  map 28% reduce 4%
20/06/12 23:40:59 INFO mapreduce.Job:  map 29% reduce 4%
20/06/12 23:41:00 INFO mapreduce.Job:  map 31% reduce 4%
20/06/12 23:41:02 INFO mapreduce.Job:  map 32% reduce 4%
20/06/12 23:41:03 INFO mapreduce.Job:  map 33% reduce 4%
20/06/12 23:41:04 INFO mapreduce.Job:  map 33% reduce 5%
20/06/12 23:41:05 INFO mapreduce.Job:  map 34% reduce 5%
20/06/12 23:41:06 INFO mapreduce.Job:  map 35% reduce 5%
20/06/12 23:41:07 INFO mapreduce.Job:  map 35% reduce 6%
20/06/12 23:41:09 INFO mapreduce.Job:  map 36% reduce 6%
20/06/12 23:41:11 INFO mapreduce.Job:  map 37% reduce 6%
20/06/12 23:41:12 INFO mapreduce.Job:  map 38% reduce 6%
20/06/12 23:41:13 INFO mapreduce.Job:  map 38% reduce 8%
20/06/12 23:41:16 INFO mapreduce.Job:  map 39% reduce 9%
20/06/12 23:41:18 INFO mapreduce.Job:  map 40% reduce 9%
20/06/12 23:41:20 INFO mapreduce.Job:  map 41% reduce 9%
20/06/12 23:41:21 INFO mapreduce.Job:  map 42% reduce 10%
20/06/12 23:41:23 INFO mapreduce.Job:  map 43% reduce 10%
20/06/12 23:41:24 INFO mapreduce.Job:  map 44% reduce 10%
20/06/12 23:41:25 INFO mapreduce.Job:  map 44% reduce 11%
20/06/12 23:41:26 INFO mapreduce.Job:  map 45% reduce 11%
20/06/12 23:41:28 INFO mapreduce.Job:  map 46% reduce 11%
20/06/12 23:41:30 INFO mapreduce.Job:  map 47% reduce 12%
20/06/12 23:41:32 INFO mapreduce.Job:  map 48% reduce 12%
20/06/12 23:41:34 INFO mapreduce.Job:  map 48% reduce 13%
20/06/12 23:41:37 INFO mapreduce.Job:  map 49% reduce 13%
20/06/12 23:41:39 INFO mapreduce.Job:  map 50% reduce 13%
20/06/12 23:41:40 INFO mapreduce.Job:  map 50% reduce 14%
20/06/12 23:41:44 INFO mapreduce.Job:  map 51% reduce 14%
20/06/12 23:41:46 INFO mapreduce.Job:  map 54% reduce 14%
20/06/12 23:41:47 INFO mapreduce.Job:  map 56% reduce 14%
20/06/12 23:41:49 INFO mapreduce.Job:  map 57% reduce 15%
20/06/12 23:41:50 INFO mapreduce.Job:  map 58% reduce 15%
20/06/12 23:41:51 INFO mapreduce.Job:  map 59% reduce 15%
20/06/12 23:41:53 INFO mapreduce.Job:  map 60% reduce 15%
20/06/12 23:41:54 INFO mapreduce.Job:  map 60% reduce 16%
20/06/12 23:41:55 INFO mapreduce.Job:  map 60% reduce 17%
20/06/12 23:41:57 INFO mapreduce.Job:  map 61% reduce 17%
20/06/12 23:42:01 INFO mapreduce.Job:  map 62% reduce 17%
20/06/12 23:42:02 INFO mapreduce.Job:  map 63% reduce 17%
20/06/12 23:42:04 INFO mapreduce.Job:  map 64% reduce 17%
20/06/12 23:42:05 INFO mapreduce.Job:  map 65% reduce 17%
20/06/12 23:42:06 INFO mapreduce.Job:  map 66% reduce 17%
20/06/12 23:42:07 INFO mapreduce.Job:  map 66% reduce 18%
20/06/12 23:42:09 INFO mapreduce.Job:  map 67% reduce 18%
20/06/12 23:42:10 INFO mapreduce.Job:  map 67% reduce 19%
20/06/12 23:42:11 INFO mapreduce.Job:  map 68% reduce 19%
20/06/12 23:42:14 INFO mapreduce.Job:  map 69% reduce 19%
20/06/12 23:42:15 INFO mapreduce.Job:  map 70% reduce 19%
20/06/12 23:42:16 INFO mapreduce.Job:  map 71% reduce 19%
20/06/12 23:42:17 INFO mapreduce.Job:  map 72% reduce 19%
20/06/12 23:42:19 INFO mapreduce.Job:  map 72% reduce 20%
20/06/12 23:42:25 INFO mapreduce.Job:  map 75% reduce 20%
20/06/12 23:42:26 INFO mapreduce.Job:  map 76% reduce 20%
20/06/12 23:42:27 INFO mapreduce.Job:  map 77% reduce 21%
20/06/12 23:42:28 INFO mapreduce.Job:  map 78% reduce 21%
20/06/12 23:42:30 INFO mapreduce.Job:  map 78% reduce 22%
20/06/12 23:42:31 INFO mapreduce.Job:  map 79% reduce 22%
20/06/12 23:42:34 INFO mapreduce.Job:  map 81% reduce 22%
20/06/12 23:42:36 INFO mapreduce.Job:  map 82% reduce 22%
20/06/12 23:42:37 INFO mapreduce.Job:  map 83% reduce 22%
20/06/12 23:42:39 INFO mapreduce.Job:  map 84% reduce 22%
20/06/12 23:42:40 INFO mapreduce.Job:  map 86% reduce 22%
20/06/12 23:42:42 INFO mapreduce.Job:  map 86% reduce 23%
20/06/12 23:42:43 INFO mapreduce.Job:  map 87% reduce 23%
20/06/12 23:42:45 INFO mapreduce.Job:  map 87% reduce 24%
20/06/12 23:42:46 INFO mapreduce.Job:  map 88% reduce 24%
20/06/12 23:42:47 INFO mapreduce.Job:  map 89% reduce 24%
20/06/12 23:42:54 INFO mapreduce.Job:  map 90% reduce 24%
20/06/12 23:42:56 INFO mapreduce.Job:  map 90% reduce 25%
20/06/12 23:42:57 INFO mapreduce.Job:  map 92% reduce 25%
20/06/12 23:43:00 INFO mapreduce.Job:  map 92% reduce 26%
20/06/12 23:43:02 INFO mapreduce.Job:  map 93% reduce 26%
20/06/12 23:43:04 INFO mapreduce.Job:  map 95% reduce 26%
20/06/12 23:43:07 INFO mapreduce.Job:  map 95% reduce 27%
20/06/12 23:43:08 INFO mapreduce.Job:  map 95% reduce 28%
20/06/12 23:43:16 INFO mapreduce.Job:  map 96% reduce 28%
20/06/12 23:43:19 INFO mapreduce.Job:  map 96% reduce 29%
20/06/12 23:43:20 INFO mapreduce.Job:  map 96% reduce 30%
20/06/12 23:43:26 INFO mapreduce.Job:  map 96% reduce 31%
20/06/12 23:43:32 INFO mapreduce.Job:  map 96% reduce 32%
20/06/12 23:43:38 INFO mapreduce.Job:  map 98% reduce 32%
20/06/12 23:43:39 INFO mapreduce.Job:  map 100% reduce 32%
20/06/12 23:43:40 INFO mapreduce.Job:  map 100% reduce 36%
20/06/12 23:43:41 INFO mapreduce.Job:  map 100% reduce 55%
20/06/12 23:43:43 INFO mapreduce.Job:  map 100% reduce 63%
20/06/12 23:43:44 INFO mapreduce.Job:  map 100% reduce 68%
20/06/12 23:43:50 INFO mapreduce.Job:  map 100% reduce 71%
20/06/12 23:43:52 INFO mapreduce.Job:  map 100% reduce 72%
20/06/12 23:43:53 INFO mapreduce.Job:  map 100% reduce 73%
20/06/12 23:43:56 INFO mapreduce.Job:  map 100% reduce 75%
20/06/12 23:44:01 INFO mapreduce.Job:  map 100% reduce 76%
20/06/12 23:44:02 INFO mapreduce.Job:  map 100% reduce 78%
20/06/12 23:44:05 INFO mapreduce.Job:  map 100% reduce 79%
20/06/12 23:44:08 INFO mapreduce.Job:  map 100% reduce 81%
20/06/12 23:44:11 INFO mapreduce.Job:  map 100% reduce 83%
20/06/12 23:44:14 INFO mapreduce.Job:  map 100% reduce 84%
20/06/12 23:44:16 INFO mapreduce.Job:  map 100% reduce 85%
20/06/12 23:44:17 INFO mapreduce.Job:  map 100% reduce 86%
20/06/12 23:44:19 INFO mapreduce.Job:  map 100% reduce 87%
20/06/12 23:44:22 INFO mapreduce.Job:  map 100% reduce 88%
20/06/12 23:44:23 INFO mapreduce.Job:  map 100% reduce 90%
20/06/12 23:44:26 INFO mapreduce.Job:  map 100% reduce 91%
20/06/12 23:44:29 INFO mapreduce.Job:  map 100% reduce 92%
20/06/12 23:44:31 INFO mapreduce.Job:  map 100% reduce 93%
20/06/12 23:44:32 INFO mapreduce.Job:  map 100% reduce 94%
20/06/12 23:44:34 INFO mapreduce.Job:  map 100% reduce 95%
20/06/12 23:44:37 INFO mapreduce.Job:  map 100% reduce 96%
20/06/12 23:44:40 INFO mapreduce.Job:  map 100% reduce 97%
20/06/12 23:44:41 INFO mapreduce.Job:  map 100% reduce 98%
20/06/12 23:44:44 INFO mapreduce.Job:  map 100% reduce 99%
20/06/12 23:44:45 INFO mapreduce.Job:  map 100% reduce 100%
20/06/12 23:44:46 INFO mapreduce.Job: Job job_1591972746440_0002 completed successfully
20/06/12 23:44:46 INFO mapreduce.Job: Counters: 51
	File System Counters
		FILE: Number of bytes read=31976020453
		FILE: Number of bytes written=42736558045
		FILE: Number of read operations=0
		FILE: Number of large read operations=0
		FILE: Number of write operations=0
		HDFS: Number of bytes read=10774160881
		HDFS: Number of bytes written=10772833902
		HDFS: Number of read operations=329
		HDFS: Number of large read operations=0
		HDFS: Number of write operations=6
	Job Counters 
		Killed map tasks=3
		Launched map tasks=84
		Launched reduce tasks=3
		Data-local map tasks=70
		Rack-local map tasks=14
		Total time spent by all maps in occupied slots (ms)=1783429
		Total time spent by all reduces in occupied slots (ms)=691786
		Total time spent by all map tasks (ms)=1783429
		Total time spent by all reduce tasks (ms)=691786
		Total vcore-milliseconds taken by all map tasks=1783429
		Total vcore-milliseconds taken by all reduce tasks=2075358
		Total megabyte-milliseconds taken by all map tasks=1826231296
		Total megabyte-milliseconds taken by all reduce tasks=708388864
	Map-Reduce Framework
		Map input records=1021694
		Map output records=1021694
		Map output bytes=10745656042
		Map output materialized bytes=10751400884
		Input split bytes=9040
		Combine input records=0
		Combine output records=0
		Reduce input groups=1021694
		Reduce shuffle bytes=10751400884
		Reduce input records=1021694
		Reduce output records=1021694
		Spilled Records=4060279
		Shuffled Maps =240
		Failed Shuffles=0
		Merged Map outputs=240
		GC time elapsed (ms)=14397
		CPU time spent (ms)=244030
		Physical memory (bytes) snapshot=22032179200
		Virtual memory (bytes) snapshot=175116857344
		Total committed heap usage (bytes)=16384000000
	Shuffle Errors
		BAD_ID=0
		CONNECTION=0
		IO_ERROR=0
		WRONG_LENGTH=0
		WRONG_MAP=0
		WRONG_REDUCE=0
	File Input Format Counters 
		Bytes Read=10774151841
	File Output Format Counters 
		Bytes Written=10772833902
