20/06/15 14:06:50 INFO client.RMProxy: Connecting to ResourceManager at master/10.51.17.95:8032
20/06/15 14:06:52 INFO input.FileInputFormat: Total input paths to process : 10
20/06/15 14:06:52 INFO mapreduce.JobSubmitter: number of splits:90
20/06/15 14:06:52 INFO mapreduce.JobSubmitter: Submitting tokens for job: job_1592197493349_0001
20/06/15 14:06:52 INFO impl.YarnClientImpl: Submitted application application_1592197493349_0001
20/06/15 14:06:53 INFO mapreduce.Job: The url to track the job: http://master:8088/proxy/application_1592197493349_0001/
20/06/15 14:06:53 INFO mapreduce.Job: Running job: job_1592197493349_0001
20/06/15 14:07:01 INFO mapreduce.Job: Job job_1592197493349_0001 running in uber mode : false
20/06/15 14:07:01 INFO mapreduce.Job:  map 0% reduce 0%
20/06/15 14:07:14 INFO mapreduce.Job:  map 1% reduce 0%
20/06/15 14:07:18 INFO mapreduce.Job:  map 2% reduce 0%
20/06/15 14:07:23 INFO mapreduce.Job:  map 3% reduce 0%
20/06/15 14:07:30 INFO mapreduce.Job:  map 4% reduce 0%
20/06/15 14:07:36 INFO mapreduce.Job:  map 5% reduce 0%
20/06/15 14:07:41 INFO mapreduce.Job:  map 6% reduce 0%
20/06/15 14:07:44 INFO mapreduce.Job:  map 7% reduce 0%
20/06/15 14:07:48 INFO mapreduce.Job:  map 8% reduce 0%
20/06/15 14:07:54 INFO mapreduce.Job:  map 9% reduce 0%
20/06/15 14:07:59 INFO mapreduce.Job:  map 10% reduce 0%
20/06/15 14:08:05 INFO mapreduce.Job:  map 11% reduce 0%
20/06/15 14:08:07 INFO mapreduce.Job:  map 12% reduce 0%
20/06/15 14:08:08 INFO mapreduce.Job:  map 13% reduce 0%
20/06/15 14:08:15 INFO mapreduce.Job:  map 14% reduce 0%
20/06/15 14:08:21 INFO mapreduce.Job:  map 15% reduce 0%
20/06/15 14:08:24 INFO mapreduce.Job:  map 15% reduce 4%
20/06/15 14:08:25 INFO mapreduce.Job:  map 16% reduce 4%
20/06/15 14:08:27 INFO mapreduce.Job:  map 17% reduce 5%
20/06/15 14:08:34 INFO mapreduce.Job:  map 18% reduce 5%
20/06/15 14:08:40 INFO mapreduce.Job:  map 19% reduce 5%
20/06/15 14:08:43 INFO mapreduce.Job:  map 20% reduce 5%
20/06/15 14:08:47 INFO mapreduce.Job:  map 21% reduce 5%
20/06/15 14:08:53 INFO mapreduce.Job:  map 22% reduce 5%
20/06/15 14:08:55 INFO mapreduce.Job:  map 23% reduce 6%
20/06/15 14:09:00 INFO mapreduce.Job:  map 24% reduce 6%
20/06/15 14:09:03 INFO mapreduce.Job:  map 25% reduce 6%
20/06/15 14:09:04 INFO mapreduce.Job:  map 25% reduce 7%
20/06/15 14:09:06 INFO mapreduce.Job:  map 26% reduce 7%
20/06/15 14:09:07 INFO mapreduce.Job:  map 26% reduce 8%
20/06/15 14:09:10 INFO mapreduce.Job:  map 26% reduce 9%
20/06/15 14:09:13 INFO mapreduce.Job:  map 27% reduce 9%
20/06/15 14:09:18 INFO mapreduce.Job:  map 28% reduce 9%
20/06/15 14:09:23 INFO mapreduce.Job:  map 29% reduce 9%
20/06/15 14:09:27 INFO mapreduce.Job:  map 30% reduce 9%
20/06/15 14:09:33 INFO mapreduce.Job:  map 31% reduce 9%
20/06/15 14:09:38 INFO mapreduce.Job:  map 32% reduce 9%
20/06/15 14:09:42 INFO mapreduce.Job:  map 33% reduce 9%
20/06/15 14:09:43 INFO mapreduce.Job:  map 34% reduce 9%
20/06/15 14:09:45 INFO mapreduce.Job:  map 35% reduce 9%
20/06/15 14:09:47 INFO mapreduce.Job:  map 35% reduce 11%
20/06/15 14:09:50 INFO mapreduce.Job:  map 36% reduce 11%
20/06/15 14:09:52 INFO mapreduce.Job:  map 36% reduce 12%
20/06/15 14:09:56 INFO mapreduce.Job:  map 37% reduce 12%
20/06/15 14:10:03 INFO mapreduce.Job:  map 38% reduce 12%
20/06/15 14:10:07 INFO mapreduce.Job:  map 39% reduce 12%
20/06/15 14:10:15 INFO mapreduce.Job:  map 40% reduce 12%
20/06/15 14:10:18 INFO mapreduce.Job:  map 41% reduce 12%
20/06/15 14:10:21 INFO mapreduce.Job:  map 42% reduce 12%
20/06/15 14:10:23 INFO mapreduce.Job:  map 42% reduce 13%
20/06/15 14:10:25 INFO mapreduce.Job:  map 43% reduce 13%
20/06/15 14:10:30 INFO mapreduce.Job:  map 44% reduce 13%
20/06/15 14:10:35 INFO mapreduce.Job:  map 45% reduce 14%
20/06/15 14:10:39 INFO mapreduce.Job:  map 46% reduce 14%
20/06/15 14:10:42 INFO mapreduce.Job:  map 47% reduce 14%
20/06/15 14:10:45 INFO mapreduce.Job:  map 47% reduce 15%
20/06/15 14:10:47 INFO mapreduce.Job:  map 48% reduce 15%
20/06/15 14:10:54 INFO mapreduce.Job:  map 49% reduce 15%
20/06/15 14:10:56 INFO mapreduce.Job:  map 50% reduce 15%
20/06/15 14:10:57 INFO mapreduce.Job:  map 50% reduce 16%
20/06/15 14:11:02 INFO mapreduce.Job:  map 51% reduce 16%
20/06/15 14:11:05 INFO mapreduce.Job:  map 52% reduce 16%
20/06/15 14:11:10 INFO mapreduce.Job:  map 53% reduce 16%
20/06/15 14:11:12 INFO mapreduce.Job:  map 53% reduce 17%
20/06/15 14:11:15 INFO mapreduce.Job:  map 54% reduce 17%
20/06/15 14:11:20 INFO mapreduce.Job:  map 55% reduce 17%
20/06/15 14:11:25 INFO mapreduce.Job:  map 56% reduce 17%
20/06/15 14:11:29 INFO mapreduce.Job:  map 57% reduce 17%
20/06/15 14:11:32 INFO mapreduce.Job:  map 58% reduce 17%
20/06/15 14:11:34 INFO mapreduce.Job:  map 58% reduce 19%
20/06/15 14:11:35 INFO mapreduce.Job:  map 59% reduce 19%
20/06/15 14:11:40 INFO mapreduce.Job:  map 60% reduce 19%
20/06/15 14:11:43 INFO mapreduce.Job:  map 61% reduce 19%
20/06/15 14:11:46 INFO mapreduce.Job:  map 61% reduce 20%
20/06/15 14:11:49 INFO mapreduce.Job:  map 62% reduce 20%
20/06/15 14:11:57 INFO mapreduce.Job:  map 63% reduce 20%
20/06/15 14:12:00 INFO mapreduce.Job:  map 64% reduce 20%
20/06/15 14:12:04 INFO mapreduce.Job:  map 65% reduce 20%
20/06/15 14:12:11 INFO mapreduce.Job:  map 66% reduce 20%
20/06/15 14:12:13 INFO mapreduce.Job:  map 67% reduce 20%
20/06/15 14:12:16 INFO mapreduce.Job:  map 67% reduce 21%
20/06/15 14:12:20 INFO mapreduce.Job:  map 68% reduce 21%
20/06/15 14:12:22 INFO mapreduce.Job:  map 69% reduce 22%
20/06/15 14:12:25 INFO mapreduce.Job:  map 70% reduce 22%
20/06/15 14:12:28 INFO mapreduce.Job:  map 70% reduce 23%
20/06/15 14:12:32 INFO mapreduce.Job:  map 71% reduce 23%
20/06/15 14:12:38 INFO mapreduce.Job:  map 72% reduce 23%
20/06/15 14:12:41 INFO mapreduce.Job:  map 73% reduce 23%
20/06/15 14:12:45 INFO mapreduce.Job:  map 74% reduce 23%
20/06/15 14:12:50 INFO mapreduce.Job:  map 75% reduce 24%
20/06/15 14:12:53 INFO mapreduce.Job:  map 76% reduce 24%
20/06/15 14:12:55 INFO mapreduce.Job:  map 77% reduce 24%
20/06/15 14:12:59 INFO mapreduce.Job:  map 77% reduce 25%
20/06/15 14:13:01 INFO mapreduce.Job:  map 78% reduce 25%
20/06/15 14:13:03 INFO mapreduce.Job:  map 79% reduce 25%
20/06/15 14:13:05 INFO mapreduce.Job:  map 80% reduce 25%
20/06/15 14:13:07 INFO mapreduce.Job:  map 81% reduce 25%
20/06/15 14:13:08 INFO mapreduce.Job:  map 82% reduce 26%
20/06/15 14:13:11 INFO mapreduce.Job:  map 82% reduce 27%
20/06/15 14:13:12 INFO mapreduce.Job:  map 83% reduce 27%
20/06/15 14:13:15 INFO mapreduce.Job:  map 84% reduce 27%
20/06/15 14:13:19 INFO mapreduce.Job:  map 85% reduce 27%
20/06/15 14:13:21 INFO mapreduce.Job:  map 85% reduce 28%
20/06/15 14:13:26 INFO mapreduce.Job:  map 86% reduce 28%
20/06/15 14:13:28 INFO mapreduce.Job:  map 87% reduce 28%
20/06/15 14:13:32 INFO mapreduce.Job:  map 88% reduce 28%
20/06/15 14:13:33 INFO mapreduce.Job:  map 88% reduce 29%
20/06/15 14:13:35 INFO mapreduce.Job:  map 89% reduce 29%
20/06/15 14:13:41 INFO mapreduce.Job:  map 90% reduce 29%
20/06/15 14:13:48 INFO mapreduce.Job:  map 91% reduce 29%
20/06/15 14:13:49 INFO mapreduce.Job:  map 92% reduce 29%
20/06/15 14:13:53 INFO mapreduce.Job:  map 93% reduce 29%
20/06/15 14:13:58 INFO mapreduce.Job:  map 94% reduce 30%
20/06/15 14:14:00 INFO mapreduce.Job:  map 95% reduce 30%
20/06/15 14:14:01 INFO mapreduce.Job:  map 95% reduce 31%
20/06/15 14:14:07 INFO mapreduce.Job:  map 96% reduce 31%
20/06/15 14:14:08 INFO mapreduce.Job:  map 97% reduce 31%
20/06/15 14:14:09 INFO mapreduce.Job:  map 98% reduce 31%
20/06/15 14:14:10 INFO mapreduce.Job:  map 99% reduce 32%
20/06/15 14:14:12 INFO mapreduce.Job:  map 100% reduce 32%
20/06/15 14:14:13 INFO mapreduce.Job:  map 100% reduce 38%
20/06/15 14:14:16 INFO mapreduce.Job:  map 100% reduce 70%
20/06/15 14:14:19 INFO mapreduce.Job:  map 100% reduce 76%
20/06/15 14:14:22 INFO mapreduce.Job:  map 100% reduce 81%
20/06/15 14:14:25 INFO mapreduce.Job:  map 100% reduce 87%
20/06/15 14:14:28 INFO mapreduce.Job:  map 100% reduce 96%
20/06/15 14:14:29 INFO mapreduce.Job:  map 100% reduce 100%
20/06/15 14:14:30 INFO mapreduce.Job: Job job_1592197493349_0001 completed successfully
20/06/15 14:14:30 INFO mapreduce.Job: Counters: 51
	File System Counters
		FILE: Number of bytes read=1449326147
		FILE: Number of bytes written=2161253601
		FILE: Number of read operations=0
		FILE: Number of large read operations=0
		FILE: Number of write operations=0
		HDFS: Number of bytes read=11025668664
		HDFS: Number of bytes written=333229171
		HDFS: Number of read operations=273
		HDFS: Number of large read operations=0
		HDFS: Number of write operations=2
	Job Counters 
		Killed map tasks=1
		Launched map tasks=91
		Launched reduce tasks=1
		Data-local map tasks=85
		Rack-local map tasks=6
		Total time spent by all maps in occupied slots (ms)=3778737
		Total time spent by all reduces in occupied slots (ms)=378971
		Total time spent by all map tasks (ms)=3778737
		Total time spent by all reduce tasks (ms)=378971
		Total vcore-milliseconds taken by all map tasks=3778737
		Total vcore-milliseconds taken by all reduce tasks=1136913
		Total megabyte-milliseconds taken by all map tasks=3869426688
		Total megabyte-milliseconds taken by all reduce tasks=388066304
	Map-Reduce Framework
		Map input records=1179594
		Map output records=1009767860
		Map output bytes=15225044514
		Map output materialized bytes=700777381
		Input split bytes=9630
		Combine input records=1034538483
		Combine output records=47414618
		Reduce input groups=9908198
		Reduce shuffle bytes=700777381
		Reduce input records=22643995
		Reduce output records=9908198
		Spilled Records=70058613
		Shuffled Maps =90
		Failed Shuffles=0
		Merged Map outputs=90
		GC time elapsed (ms)=66144
		CPU time spent (ms)=2169860
		Physical memory (bytes) snapshot=25073770496
		Virtual memory (bytes) snapshot=191967838208
		Total committed heap usage (bytes)=18921029632
	Shuffle Errors
		BAD_ID=0
		CONNECTION=0
		IO_ERROR=0
		WRONG_LENGTH=0
		WRONG_MAP=0
		WRONG_REDUCE=0
	File Input Format Counters 
		Bytes Read=11025659034
	File Output Format Counters 
		Bytes Written=333229171
