20/06/15 14:27:11 INFO client.RMProxy: Connecting to ResourceManager at master/10.51.17.95:8032
20/06/15 14:27:12 INFO input.FileInputFormat: Total input paths to process : 10
20/06/15 14:27:12 INFO mapreduce.JobSubmitter: number of splits:90
20/06/15 14:27:12 INFO mapreduce.JobSubmitter: Submitting tokens for job: job_1592197493349_0005
20/06/15 14:27:13 INFO impl.YarnClientImpl: Submitted application application_1592197493349_0005
20/06/15 14:27:13 INFO mapreduce.Job: The url to track the job: http://master:8088/proxy/application_1592197493349_0005/
20/06/15 14:27:13 INFO mapreduce.Job: Running job: job_1592197493349_0005
20/06/15 14:27:20 INFO mapreduce.Job: Job job_1592197493349_0005 running in uber mode : false
20/06/15 14:27:20 INFO mapreduce.Job:  map 0% reduce 0%
20/06/15 14:27:33 INFO mapreduce.Job:  map 1% reduce 0%
20/06/15 14:27:35 INFO mapreduce.Job:  map 2% reduce 0%
20/06/15 14:27:42 INFO mapreduce.Job:  map 3% reduce 0%
20/06/15 14:27:48 INFO mapreduce.Job:  map 4% reduce 0%
20/06/15 14:27:54 INFO mapreduce.Job:  map 5% reduce 0%
20/06/15 14:28:00 INFO mapreduce.Job:  map 6% reduce 0%
20/06/15 14:28:02 INFO mapreduce.Job:  map 7% reduce 0%
20/06/15 14:28:04 INFO mapreduce.Job:  map 8% reduce 0%
20/06/15 14:28:11 INFO mapreduce.Job:  map 9% reduce 0%
20/06/15 14:28:14 INFO mapreduce.Job:  map 10% reduce 0%
20/06/15 14:28:23 INFO mapreduce.Job:  map 11% reduce 0%
20/06/15 14:28:24 INFO mapreduce.Job:  map 12% reduce 0%
20/06/15 14:28:27 INFO mapreduce.Job:  map 13% reduce 0%
20/06/15 14:28:33 INFO mapreduce.Job:  map 14% reduce 0%
20/06/15 14:28:38 INFO mapreduce.Job:  map 15% reduce 0%
20/06/15 14:28:43 INFO mapreduce.Job:  map 16% reduce 0%
20/06/15 14:28:46 INFO mapreduce.Job:  map 17% reduce 0%
20/06/15 14:28:51 INFO mapreduce.Job:  map 18% reduce 0%
20/06/15 14:28:53 INFO mapreduce.Job:  map 18% reduce 5%
20/06/15 14:28:59 INFO mapreduce.Job:  map 19% reduce 5%
20/06/15 14:29:04 INFO mapreduce.Job:  map 20% reduce 5%
20/06/15 14:29:10 INFO mapreduce.Job:  map 21% reduce 5%
20/06/15 14:29:16 INFO mapreduce.Job:  map 22% reduce 5%
20/06/15 14:29:17 INFO mapreduce.Job:  map 23% reduce 6%
20/06/15 14:29:20 INFO mapreduce.Job:  map 23% reduce 7%
20/06/15 14:29:22 INFO mapreduce.Job:  map 24% reduce 7%
20/06/15 14:29:26 INFO mapreduce.Job:  map 25% reduce 7%
20/06/15 14:29:30 INFO mapreduce.Job:  map 26% reduce 8%
20/06/15 14:29:33 INFO mapreduce.Job:  map 27% reduce 8%
20/06/15 14:29:36 INFO mapreduce.Job:  map 27% reduce 9%
20/06/15 14:29:39 INFO mapreduce.Job:  map 28% reduce 9%
20/06/15 14:29:45 INFO mapreduce.Job:  map 29% reduce 9%
20/06/15 14:29:48 INFO mapreduce.Job:  map 30% reduce 9%
20/06/15 14:29:51 INFO mapreduce.Job:  map 31% reduce 9%
20/06/15 14:29:54 INFO mapreduce.Job:  map 31% reduce 10%
20/06/15 14:29:59 INFO mapreduce.Job:  map 32% reduce 10%
20/06/15 14:30:03 INFO mapreduce.Job:  map 33% reduce 10%
20/06/15 14:30:09 INFO mapreduce.Job:  map 34% reduce 10%
20/06/15 14:30:14 INFO mapreduce.Job:  map 35% reduce 10%
20/06/15 14:30:16 INFO mapreduce.Job:  map 36% reduce 10%
20/06/15 14:30:20 INFO mapreduce.Job:  map 37% reduce 10%
20/06/15 14:30:21 INFO mapreduce.Job:  map 37% reduce 11%
20/06/15 14:30:26 INFO mapreduce.Job:  map 39% reduce 11%
20/06/15 14:30:27 INFO mapreduce.Job:  map 39% reduce 12%
20/06/15 14:30:30 INFO mapreduce.Job:  map 40% reduce 13%
20/06/15 14:30:36 INFO mapreduce.Job:  map 41% reduce 13%
20/06/15 14:30:40 INFO mapreduce.Job:  map 42% reduce 13%
20/06/15 14:30:45 INFO mapreduce.Job:  map 43% reduce 13%
20/06/15 14:30:49 INFO mapreduce.Job:  map 44% reduce 13%
20/06/15 14:30:52 INFO mapreduce.Job:  map 44% reduce 14%
20/06/15 14:30:54 INFO mapreduce.Job:  map 45% reduce 14%
20/06/15 14:31:01 INFO mapreduce.Job:  map 46% reduce 14%
20/06/15 14:31:04 INFO mapreduce.Job:  map 47% reduce 14%
20/06/15 14:31:10 INFO mapreduce.Job:  map 48% reduce 14%
20/06/15 14:31:16 INFO mapreduce.Job:  map 49% reduce 14%
20/06/15 14:31:17 INFO mapreduce.Job:  map 50% reduce 14%
20/06/15 14:31:19 INFO mapreduce.Job:  map 50% reduce 15%
20/06/15 14:31:20 INFO mapreduce.Job:  map 51% reduce 15%
20/06/15 14:31:22 INFO mapreduce.Job:  map 51% reduce 16%
20/06/15 14:31:24 INFO mapreduce.Job:  map 52% reduce 16%
20/06/15 14:31:25 INFO mapreduce.Job:  map 52% reduce 17%
20/06/15 14:31:29 INFO mapreduce.Job:  map 53% reduce 17%
20/06/15 14:31:34 INFO mapreduce.Job:  map 54% reduce 17%
20/06/15 14:31:38 INFO mapreduce.Job:  map 55% reduce 17%
20/06/15 14:31:44 INFO mapreduce.Job:  map 56% reduce 17%
20/06/15 14:31:49 INFO mapreduce.Job:  map 57% reduce 18%
20/06/15 14:31:53 INFO mapreduce.Job:  map 58% reduce 18%
20/06/15 14:31:58 INFO mapreduce.Job:  map 59% reduce 19%
20/06/15 14:32:03 INFO mapreduce.Job:  map 60% reduce 19%
20/06/15 14:32:09 INFO mapreduce.Job:  map 61% reduce 19%
20/06/15 14:32:14 INFO mapreduce.Job:  map 62% reduce 19%
20/06/15 14:32:17 INFO mapreduce.Job:  map 63% reduce 19%
20/06/15 14:32:20 INFO mapreduce.Job:  map 64% reduce 20%
20/06/15 14:32:23 INFO mapreduce.Job:  map 65% reduce 21%
20/06/15 14:32:29 INFO mapreduce.Job:  map 66% reduce 21%
20/06/15 14:32:31 INFO mapreduce.Job:  map 67% reduce 21%
20/06/15 14:32:32 INFO mapreduce.Job:  map 67% reduce 22%
20/06/15 14:32:36 INFO mapreduce.Job:  map 68% reduce 22%
20/06/15 14:32:39 INFO mapreduce.Job:  map 69% reduce 22%
20/06/15 14:32:42 INFO mapreduce.Job:  map 70% reduce 22%
20/06/15 14:32:45 INFO mapreduce.Job:  map 71% reduce 22%
20/06/15 14:32:47 INFO mapreduce.Job:  map 71% reduce 23%
20/06/15 14:32:48 INFO mapreduce.Job:  map 72% reduce 23%
20/06/15 14:32:55 INFO mapreduce.Job:  map 73% reduce 23%
20/06/15 14:32:57 INFO mapreduce.Job:  map 74% reduce 23%
20/06/15 14:32:58 INFO mapreduce.Job:  map 75% reduce 23%
20/06/15 14:33:03 INFO mapreduce.Job:  map 76% reduce 24%
20/06/15 14:33:04 INFO mapreduce.Job:  map 77% reduce 24%
20/06/15 14:33:10 INFO mapreduce.Job:  map 78% reduce 24%
20/06/15 14:33:11 INFO mapreduce.Job:  map 78% reduce 25%
20/06/15 14:33:17 INFO mapreduce.Job:  map 79% reduce 25%
20/06/15 14:33:19 INFO mapreduce.Job:  map 80% reduce 25%
20/06/15 14:33:20 INFO mapreduce.Job:  map 80% reduce 26%
20/06/15 14:33:21 INFO mapreduce.Job:  map 81% reduce 26%
20/06/15 14:33:23 INFO mapreduce.Job:  map 81% reduce 27%
20/06/15 14:33:28 INFO mapreduce.Job:  map 82% reduce 27%
20/06/15 14:33:33 INFO mapreduce.Job:  map 83% reduce 27%
20/06/15 14:33:38 INFO mapreduce.Job:  map 84% reduce 27%
20/06/15 14:33:44 INFO mapreduce.Job:  map 85% reduce 27%
20/06/15 14:33:48 INFO mapreduce.Job:  map 86% reduce 27%
20/06/15 14:33:54 INFO mapreduce.Job:  map 87% reduce 27%
20/06/15 14:33:56 INFO mapreduce.Job:  map 88% reduce 27%
20/06/15 14:33:57 INFO mapreduce.Job:  map 88% reduce 28%
20/06/15 14:34:04 INFO mapreduce.Job:  map 89% reduce 28%
20/06/15 14:34:05 INFO mapreduce.Job:  map 90% reduce 28%
20/06/15 14:34:06 INFO mapreduce.Job:  map 90% reduce 29%
20/06/15 14:34:08 INFO mapreduce.Job:  map 91% reduce 29%
20/06/15 14:34:15 INFO mapreduce.Job:  map 92% reduce 29%
20/06/15 14:34:16 INFO mapreduce.Job:  map 93% reduce 29%
20/06/15 14:34:19 INFO mapreduce.Job:  map 94% reduce 30%
20/06/15 14:34:21 INFO mapreduce.Job:  map 95% reduce 30%
20/06/15 14:34:22 INFO mapreduce.Job:  map 96% reduce 31%
20/06/15 14:34:24 INFO mapreduce.Job:  map 97% reduce 31%
20/06/15 14:34:25 INFO mapreduce.Job:  map 97% reduce 32%
20/06/15 14:34:26 INFO mapreduce.Job:  map 99% reduce 32%
20/06/15 14:34:28 INFO mapreduce.Job:  map 99% reduce 33%
20/06/15 14:34:29 INFO mapreduce.Job:  map 100% reduce 33%
20/06/15 14:34:31 INFO mapreduce.Job:  map 100% reduce 66%
20/06/15 14:34:34 INFO mapreduce.Job:  map 100% reduce 72%
20/06/15 14:34:37 INFO mapreduce.Job:  map 100% reduce 77%
20/06/15 14:34:40 INFO mapreduce.Job:  map 100% reduce 83%
20/06/15 14:34:43 INFO mapreduce.Job:  map 100% reduce 89%
20/06/15 14:34:46 INFO mapreduce.Job:  map 100% reduce 100%
20/06/15 14:34:47 INFO mapreduce.Job: Job job_1592197493349_0005 completed successfully
20/06/15 14:34:47 INFO mapreduce.Job: Counters: 51
	File System Counters
		FILE: Number of bytes read=1449326147
		FILE: Number of bytes written=2161253601
		FILE: Number of read operations=0
		FILE: Number of large read operations=0
		FILE: Number of write operations=0
		HDFS: Number of bytes read=11025668664
		HDFS: Number of bytes written=333229171
		HDFS: Number of read operations=273
		HDFS: Number of large read operations=0
		HDFS: Number of write operations=2
	Job Counters 
		Killed map tasks=1
		Launched map tasks=91
		Launched reduce tasks=1
		Data-local map tasks=80
		Rack-local map tasks=11
		Total time spent by all maps in occupied slots (ms)=3768797
		Total time spent by all reduces in occupied slots (ms)=364179
		Total time spent by all map tasks (ms)=3768797
		Total time spent by all reduce tasks (ms)=364179
		Total vcore-milliseconds taken by all map tasks=3768797
		Total vcore-milliseconds taken by all reduce tasks=1092537
		Total megabyte-milliseconds taken by all map tasks=3859248128
		Total megabyte-milliseconds taken by all reduce tasks=372919296
	Map-Reduce Framework
		Map input records=1179594
		Map output records=1009767860
		Map output bytes=15225044514
		Map output materialized bytes=700777381
		Input split bytes=9630
		Combine input records=1034538483
		Combine output records=47414618
		Reduce input groups=9908198
		Reduce shuffle bytes=700777381
		Reduce input records=22643995
		Reduce output records=9908198
		Spilled Records=70058613
		Shuffled Maps =90
		Failed Shuffles=0
		Merged Map outputs=90
		GC time elapsed (ms)=64923
		CPU time spent (ms)=2190370
		Physical memory (bytes) snapshot=25083351040
		Virtual memory (bytes) snapshot=191935975424
		Total committed heap usage (bytes)=18921029632
	Shuffle Errors
		BAD_ID=0
		CONNECTION=0
		IO_ERROR=0
		WRONG_LENGTH=0
		WRONG_MAP=0
		WRONG_REDUCE=0
	File Input Format Counters 
		Bytes Read=11025659034
	File Output Format Counters 
		Bytes Written=333229171
