20/06/08 04:56:00 INFO client.RMProxy: Connecting to ResourceManager at master/10.51.17.95:8032
20/06/08 04:56:01 INFO input.FileInputFormat: Total input paths to process : 10
20/06/08 04:56:01 INFO mapreduce.JobSubmitter: number of splits:90
20/06/08 04:56:01 INFO mapreduce.JobSubmitter: Submitting tokens for job: job_1591556658397_0019
20/06/08 04:56:01 INFO impl.YarnClientImpl: Submitted application application_1591556658397_0019
20/06/08 04:56:02 INFO mapreduce.Job: The url to track the job: http://master:8088/proxy/application_1591556658397_0019/
20/06/08 04:56:02 INFO mapreduce.Job: Running job: job_1591556658397_0019
20/06/08 04:56:10 INFO mapreduce.Job: Job job_1591556658397_0019 running in uber mode : false
20/06/08 04:56:10 INFO mapreduce.Job:  map 0% reduce 0%
20/06/08 04:56:24 INFO mapreduce.Job:  map 1% reduce 0%
20/06/08 04:56:25 INFO mapreduce.Job:  map 2% reduce 0%
20/06/08 04:56:26 INFO mapreduce.Job:  map 3% reduce 0%
20/06/08 04:56:36 INFO mapreduce.Job:  map 4% reduce 0%
20/06/08 04:56:42 INFO mapreduce.Job:  map 5% reduce 0%
20/06/08 04:56:45 INFO mapreduce.Job:  map 6% reduce 0%
20/06/08 04:56:52 INFO mapreduce.Job:  map 7% reduce 0%
20/06/08 04:56:55 INFO mapreduce.Job:  map 8% reduce 0%
20/06/08 04:57:01 INFO mapreduce.Job:  map 9% reduce 0%
20/06/08 04:57:04 INFO mapreduce.Job:  map 10% reduce 0%
20/06/08 04:57:07 INFO mapreduce.Job:  map 11% reduce 0%
20/06/08 04:57:09 INFO mapreduce.Job:  map 12% reduce 0%
20/06/08 04:57:14 INFO mapreduce.Job:  map 13% reduce 0%
20/06/08 04:57:21 INFO mapreduce.Job:  map 14% reduce 0%
20/06/08 04:57:22 INFO mapreduce.Job:  map 15% reduce 0%
20/06/08 04:57:23 INFO mapreduce.Job:  map 16% reduce 0%
20/06/08 04:57:26 INFO mapreduce.Job:  map 17% reduce 0%
20/06/08 04:57:30 INFO mapreduce.Job:  map 18% reduce 0%
20/06/08 04:57:35 INFO mapreduce.Job:  map 18% reduce 5%
20/06/08 04:57:37 INFO mapreduce.Job:  map 19% reduce 5%
20/06/08 04:57:40 INFO mapreduce.Job:  map 20% reduce 5%
20/06/08 04:57:44 INFO mapreduce.Job:  map 21% reduce 5%
20/06/08 04:57:51 INFO mapreduce.Job:  map 22% reduce 5%
20/06/08 04:57:53 INFO mapreduce.Job:  map 23% reduce 6%
20/06/08 04:58:00 INFO mapreduce.Job:  map 24% reduce 6%
20/06/08 04:58:02 INFO mapreduce.Job:  map 25% reduce 6%
20/06/08 04:58:03 INFO mapreduce.Job:  map 25% reduce 7%
20/06/08 04:58:05 INFO mapreduce.Job:  map 26% reduce 7%
20/06/08 04:58:10 INFO mapreduce.Job:  map 27% reduce 7%
20/06/08 04:58:14 INFO mapreduce.Job:  map 28% reduce 7%
20/06/08 04:58:20 INFO mapreduce.Job:  map 29% reduce 7%
20/06/08 04:58:24 INFO mapreduce.Job:  map 30% reduce 8%
20/06/08 04:58:29 INFO mapreduce.Job:  map 31% reduce 8%
20/06/08 04:58:30 INFO mapreduce.Job:  map 32% reduce 9%
20/06/08 04:58:33 INFO mapreduce.Job:  map 33% reduce 10%
20/06/08 04:58:35 INFO mapreduce.Job:  map 34% reduce 10%
20/06/08 04:58:43 INFO mapreduce.Job:  map 35% reduce 10%
20/06/08 04:58:46 INFO mapreduce.Job:  map 36% reduce 10%
20/06/08 04:58:52 INFO mapreduce.Job:  map 37% reduce 10%
20/06/08 04:58:54 INFO mapreduce.Job:  map 38% reduce 10%
20/06/08 04:58:55 INFO mapreduce.Job:  map 38% reduce 11%
20/06/08 04:58:57 INFO mapreduce.Job:  map 39% reduce 11%
20/06/08 04:58:58 INFO mapreduce.Job:  map 39% reduce 12%
20/06/08 04:59:02 INFO mapreduce.Job:  map 40% reduce 12%
20/06/08 04:59:06 INFO mapreduce.Job:  map 41% reduce 12%
20/06/08 04:59:10 INFO mapreduce.Job:  map 42% reduce 12%
20/06/08 04:59:17 INFO mapreduce.Job:  map 43% reduce 12%
20/06/08 04:59:21 INFO mapreduce.Job:  map 44% reduce 12%
20/06/08 04:59:26 INFO mapreduce.Job:  map 45% reduce 13%
20/06/08 04:59:30 INFO mapreduce.Job:  map 46% reduce 13%
20/06/08 04:59:34 INFO mapreduce.Job:  map 47% reduce 13%
20/06/08 04:59:35 INFO mapreduce.Job:  map 47% reduce 14%
20/06/08 04:59:36 INFO mapreduce.Job:  map 48% reduce 14%
20/06/08 04:59:39 INFO mapreduce.Job:  map 49% reduce 14%
20/06/08 04:59:41 INFO mapreduce.Job:  map 49% reduce 15%
20/06/08 04:59:44 INFO mapreduce.Job:  map 50% reduce 15%
20/06/08 04:59:45 INFO mapreduce.Job:  map 51% reduce 15%
20/06/08 04:59:47 INFO mapreduce.Job:  map 51% reduce 16%
20/06/08 04:59:50 INFO mapreduce.Job:  map 52% reduce 16%
20/06/08 04:59:52 INFO mapreduce.Job:  map 53% reduce 16%
20/06/08 04:59:53 INFO mapreduce.Job:  map 53% reduce 17%
20/06/08 04:59:58 INFO mapreduce.Job:  map 54% reduce 17%
20/06/08 05:00:04 INFO mapreduce.Job:  map 55% reduce 17%
20/06/08 05:00:09 INFO mapreduce.Job:  map 56% reduce 17%
20/06/08 05:00:13 INFO mapreduce.Job:  map 57% reduce 17%
20/06/08 05:00:18 INFO mapreduce.Job:  map 58% reduce 17%
20/06/08 05:00:22 INFO mapreduce.Job:  map 59% reduce 17%
20/06/08 05:00:27 INFO mapreduce.Job:  map 60% reduce 17%
20/06/08 05:00:30 INFO mapreduce.Job:  map 61% reduce 17%
20/06/08 05:00:32 INFO mapreduce.Job:  map 62% reduce 17%
20/06/08 05:00:34 INFO mapreduce.Job:  map 62% reduce 18%
20/06/08 05:00:37 INFO mapreduce.Job:  map 62% reduce 19%
20/06/08 05:00:40 INFO mapreduce.Job:  map 63% reduce 19%
20/06/08 05:00:41 INFO mapreduce.Job:  map 64% reduce 19%
20/06/08 05:00:42 INFO mapreduce.Job:  map 65% reduce 19%
20/06/08 05:00:43 INFO mapreduce.Job:  map 65% reduce 20%
20/06/08 05:00:44 INFO mapreduce.Job:  map 66% reduce 20%
20/06/08 05:00:46 INFO mapreduce.Job:  map 66% reduce 21%
20/06/08 05:00:49 INFO mapreduce.Job:  map 66% reduce 22%
20/06/08 05:00:53 INFO mapreduce.Job:  map 67% reduce 22%
20/06/08 05:00:55 INFO mapreduce.Job:  map 68% reduce 22%
20/06/08 05:00:58 INFO mapreduce.Job:  map 69% reduce 22%
20/06/08 05:01:05 INFO mapreduce.Job:  map 70% reduce 22%
20/06/08 05:01:08 INFO mapreduce.Job:  map 71% reduce 22%
20/06/08 05:01:15 INFO mapreduce.Job:  map 72% reduce 22%
20/06/08 05:01:19 INFO mapreduce.Job:  map 73% reduce 22%
20/06/08 05:01:24 INFO mapreduce.Job:  map 74% reduce 22%
20/06/08 05:01:29 INFO mapreduce.Job:  map 75% reduce 22%
20/06/08 05:01:31 INFO mapreduce.Job:  map 76% reduce 22%
20/06/08 05:01:33 INFO mapreduce.Job:  map 77% reduce 22%
20/06/08 05:01:34 INFO mapreduce.Job:  map 77% reduce 24%
20/06/08 05:01:37 INFO mapreduce.Job:  map 78% reduce 24%
20/06/08 05:01:40 INFO mapreduce.Job:  map 79% reduce 25%
20/06/08 05:01:44 INFO mapreduce.Job:  map 80% reduce 25%
20/06/08 05:01:46 INFO mapreduce.Job:  map 81% reduce 26%
20/06/08 05:01:50 INFO mapreduce.Job:  map 82% reduce 26%
20/06/08 05:01:53 INFO mapreduce.Job:  map 82% reduce 27%
20/06/08 05:01:54 INFO mapreduce.Job:  map 83% reduce 27%
20/06/08 05:01:55 INFO mapreduce.Job:  map 84% reduce 27%
20/06/08 05:01:58 INFO mapreduce.Job:  map 85% reduce 27%
20/06/08 05:01:59 INFO mapreduce.Job:  map 86% reduce 27%
20/06/08 05:02:02 INFO mapreduce.Job:  map 87% reduce 27%
20/06/08 05:02:03 INFO mapreduce.Job:  map 88% reduce 27%
20/06/08 05:02:07 INFO mapreduce.Job:  map 89% reduce 27%
20/06/08 05:02:08 INFO mapreduce.Job:  map 89% reduce 28%
20/06/08 05:02:09 INFO mapreduce.Job:  map 90% reduce 28%
20/06/08 05:02:10 INFO mapreduce.Job:  map 91% reduce 28%
20/06/08 05:02:11 INFO mapreduce.Job:  map 91% reduce 29%
20/06/08 05:02:14 INFO mapreduce.Job:  map 92% reduce 29%
20/06/08 05:02:17 INFO mapreduce.Job:  map 93% reduce 29%
20/06/08 05:02:20 INFO mapreduce.Job:  map 94% reduce 29%
20/06/08 05:02:22 INFO mapreduce.Job:  map 95% reduce 29%
20/06/08 05:02:23 INFO mapreduce.Job:  map 96% reduce 29%
20/06/08 05:02:25 INFO mapreduce.Job:  map 97% reduce 29%
20/06/08 05:02:26 INFO mapreduce.Job:  map 97% reduce 30%
20/06/08 05:02:28 INFO mapreduce.Job:  map 98% reduce 30%
20/06/08 05:02:29 INFO mapreduce.Job:  map 98% reduce 31%
20/06/08 05:02:31 INFO mapreduce.Job:  map 99% reduce 31%
20/06/08 05:02:32 INFO mapreduce.Job:  map 100% reduce 32%
20/06/08 05:02:35 INFO mapreduce.Job:  map 100% reduce 33%
20/06/08 05:02:38 INFO mapreduce.Job:  map 100% reduce 68%
20/06/08 05:02:42 INFO mapreduce.Job:  map 100% reduce 73%
20/06/08 05:02:45 INFO mapreduce.Job:  map 100% reduce 80%
20/06/08 05:02:48 INFO mapreduce.Job:  map 100% reduce 86%
20/06/08 05:02:51 INFO mapreduce.Job:  map 100% reduce 94%
20/06/08 05:02:52 INFO mapreduce.Job:  map 100% reduce 100%
20/06/08 05:02:52 INFO mapreduce.Job: Job job_1591556658397_0019 completed successfully
20/06/08 05:02:52 INFO mapreduce.Job: Counters: 51
	File System Counters
		FILE: Number of bytes read=1410968262
		FILE: Number of bytes written=2103174826
		FILE: Number of read operations=0
		FILE: Number of large read operations=0
		FILE: Number of write operations=0
		HDFS: Number of bytes read=11024812603
		HDFS: Number of bytes written=313309988
		HDFS: Number of read operations=273
		HDFS: Number of large read operations=0
		HDFS: Number of write operations=2
	Job Counters 
		Killed map tasks=1
		Launched map tasks=91
		Launched reduce tasks=1
		Data-local map tasks=89
		Rack-local map tasks=2
		Total time spent by all maps in occupied slots (ms)=4907840
		Total time spent by all reduces in occupied slots (ms)=328887
		Total time spent by all map tasks (ms)=4907840
		Total time spent by all reduce tasks (ms)=328887
		Total vcore-milliseconds taken by all map tasks=4907840
		Total vcore-milliseconds taken by all reduce tasks=986661
		Total megabyte-milliseconds taken by all map tasks=5025628160
		Total megabyte-milliseconds taken by all reduce tasks=336780288
	Map-Reduce Framework
		Map input records=1636666
		Map output records=1010671116
		Map output bytes=15225402253
		Map output materialized bytes=681026920
		Input split bytes=10530
		Combine input records=1035429621
		Combine output records=47351862
		Reduce input groups=9722067
		Reduce shuffle bytes=681026920
		Reduce input records=22593357
		Reduce output records=9722067
		Spilled Records=69945219
		Shuffled Maps =90
		Failed Shuffles=0
		Merged Map outputs=90
		GC time elapsed (ms)=97066
		CPU time spent (ms)=1979360
		Physical memory (bytes) snapshot=25088196608
		Virtual memory (bytes) snapshot=191935774720
		Total committed heap usage (bytes)=18916311040
	Shuffle Errors
		BAD_ID=0
		CONNECTION=0
		IO_ERROR=0
		WRONG_LENGTH=0
		WRONG_MAP=0
		WRONG_REDUCE=0
	File Input Format Counters 
		Bytes Read=11024802073
	File Output Format Counters 
		Bytes Written=313309988
