20/06/09 10:41:00 INFO client.RMProxy: Connecting to ResourceManager at master/10.51.17.95:8032
20/06/09 10:41:00 INFO input.FileInputFormat: Total input paths to process : 10
20/06/09 10:41:00 INFO mapreduce.JobSubmitter: number of splits:90
20/06/09 10:41:00 INFO mapreduce.JobSubmitter: Submitting tokens for job: job_1591666267654_0005
20/06/09 10:41:01 INFO impl.YarnClientImpl: Submitted application application_1591666267654_0005
20/06/09 10:41:01 INFO mapreduce.Job: The url to track the job: http://master:8088/proxy/application_1591666267654_0005/
20/06/09 10:41:01 INFO mapreduce.Job: Running job: job_1591666267654_0005
20/06/09 10:41:09 INFO mapreduce.Job: Job job_1591666267654_0005 running in uber mode : false
20/06/09 10:41:09 INFO mapreduce.Job:  map 0% reduce 0%
20/06/09 10:41:23 INFO mapreduce.Job:  map 1% reduce 0%
20/06/09 10:41:24 INFO mapreduce.Job:  map 2% reduce 0%
20/06/09 10:41:29 INFO mapreduce.Job:  map 3% reduce 0%
20/06/09 10:41:36 INFO mapreduce.Job:  map 4% reduce 0%
20/06/09 10:41:41 INFO mapreduce.Job:  map 5% reduce 0%
20/06/09 10:41:48 INFO mapreduce.Job:  map 6% reduce 0%
20/06/09 10:41:50 INFO mapreduce.Job:  map 7% reduce 0%
20/06/09 10:41:56 INFO mapreduce.Job:  map 8% reduce 0%
20/06/09 10:42:01 INFO mapreduce.Job:  map 9% reduce 0%
20/06/09 10:42:04 INFO mapreduce.Job:  map 10% reduce 0%
20/06/09 10:42:06 INFO mapreduce.Job:  map 11% reduce 0%
20/06/09 10:42:08 INFO mapreduce.Job:  map 12% reduce 0%
20/06/09 10:42:16 INFO mapreduce.Job:  map 13% reduce 0%
20/06/09 10:42:21 INFO mapreduce.Job:  map 14% reduce 0%
20/06/09 10:42:23 INFO mapreduce.Job:  map 15% reduce 0%
20/06/09 10:42:26 INFO mapreduce.Job:  map 16% reduce 0%
20/06/09 10:42:27 INFO mapreduce.Job:  map 17% reduce 0%
20/06/09 10:42:33 INFO mapreduce.Job:  map 18% reduce 0%
20/06/09 10:42:36 INFO mapreduce.Job:  map 18% reduce 5%
20/06/09 10:42:39 INFO mapreduce.Job:  map 19% reduce 5%
20/06/09 10:42:42 INFO mapreduce.Job:  map 20% reduce 5%
20/06/09 10:42:49 INFO mapreduce.Job:  map 21% reduce 5%
20/06/09 10:42:53 INFO mapreduce.Job:  map 22% reduce 5%
20/06/09 10:42:58 INFO mapreduce.Job:  map 23% reduce 5%
20/06/09 10:43:01 INFO mapreduce.Job:  map 23% reduce 6%
20/06/09 10:43:02 INFO mapreduce.Job:  map 24% reduce 6%
20/06/09 10:43:04 INFO mapreduce.Job:  map 25% reduce 6%
20/06/09 10:43:07 INFO mapreduce.Job:  map 26% reduce 7%
20/06/09 10:43:14 INFO mapreduce.Job:  map 27% reduce 7%
20/06/09 10:43:18 INFO mapreduce.Job:  map 28% reduce 7%
20/06/09 10:43:23 INFO mapreduce.Job:  map 29% reduce 7%
20/06/09 10:43:29 INFO mapreduce.Job:  map 30% reduce 7%
20/06/09 10:43:30 INFO mapreduce.Job:  map 31% reduce 7%
20/06/09 10:43:31 INFO mapreduce.Job:  map 31% reduce 9%
20/06/09 10:43:33 INFO mapreduce.Job:  map 32% reduce 9%
20/06/09 10:43:34 INFO mapreduce.Job:  map 32% reduce 10%
20/06/09 10:43:36 INFO mapreduce.Job:  map 33% reduce 10%
20/06/09 10:43:43 INFO mapreduce.Job:  map 34% reduce 10%
20/06/09 10:43:47 INFO mapreduce.Job:  map 35% reduce 10%
20/06/09 10:43:53 INFO mapreduce.Job:  map 36% reduce 10%
20/06/09 10:43:56 INFO mapreduce.Job:  map 37% reduce 10%
20/06/09 10:43:59 INFO mapreduce.Job:  map 37% reduce 11%
20/06/09 10:44:00 INFO mapreduce.Job:  map 38% reduce 11%
20/06/09 10:44:03 INFO mapreduce.Job:  map 39% reduce 11%
20/06/09 10:44:05 INFO mapreduce.Job:  map 39% reduce 12%
20/06/09 10:44:08 INFO mapreduce.Job:  map 40% reduce 12%
20/06/09 10:44:13 INFO mapreduce.Job:  map 41% reduce 12%
20/06/09 10:44:19 INFO mapreduce.Job:  map 42% reduce 12%
20/06/09 10:44:23 INFO mapreduce.Job:  map 43% reduce 12%
20/06/09 10:44:29 INFO mapreduce.Job:  map 44% reduce 12%
20/06/09 10:44:34 INFO mapreduce.Job:  map 45% reduce 12%
20/06/09 10:44:35 INFO mapreduce.Job:  map 45% reduce 13%
20/06/09 10:44:37 INFO mapreduce.Job:  map 46% reduce 13%
20/06/09 10:44:40 INFO mapreduce.Job:  map 47% reduce 13%
20/06/09 10:44:41 INFO mapreduce.Job:  map 48% reduce 14%
20/06/09 10:44:47 INFO mapreduce.Job:  map 49% reduce 15%
20/06/09 10:44:49 INFO mapreduce.Job:  map 50% reduce 15%
20/06/09 10:44:55 INFO mapreduce.Job:  map 51% reduce 15%
20/06/09 10:44:56 INFO mapreduce.Job:  map 52% reduce 16%
20/06/09 10:45:00 INFO mapreduce.Job:  map 52% reduce 17%
20/06/09 10:45:03 INFO mapreduce.Job:  map 53% reduce 17%
20/06/09 10:45:08 INFO mapreduce.Job:  map 54% reduce 17%
20/06/09 10:45:12 INFO mapreduce.Job:  map 55% reduce 17%
20/06/09 10:45:17 INFO mapreduce.Job:  map 56% reduce 17%
20/06/09 10:45:21 INFO mapreduce.Job:  map 57% reduce 17%
20/06/09 10:45:26 INFO mapreduce.Job:  map 58% reduce 17%
20/06/09 10:45:32 INFO mapreduce.Job:  map 59% reduce 17%
20/06/09 10:45:38 INFO mapreduce.Job:  map 60% reduce 17%
20/06/09 10:45:40 INFO mapreduce.Job:  map 61% reduce 17%
20/06/09 10:45:42 INFO mapreduce.Job:  map 62% reduce 17%
20/06/09 10:45:43 INFO mapreduce.Job:  map 62% reduce 18%
20/06/09 10:45:46 INFO mapreduce.Job:  map 62% reduce 19%
20/06/09 10:45:47 INFO mapreduce.Job:  map 63% reduce 19%
20/06/09 10:45:49 INFO mapreduce.Job:  map 64% reduce 19%
20/06/09 10:45:52 INFO mapreduce.Job:  map 64% reduce 20%
20/06/09 10:45:53 INFO mapreduce.Job:  map 65% reduce 20%
20/06/09 10:45:54 INFO mapreduce.Job:  map 66% reduce 20%
20/06/09 10:45:55 INFO mapreduce.Job:  map 66% reduce 21%
20/06/09 10:46:01 INFO mapreduce.Job:  map 66% reduce 22%
20/06/09 10:46:02 INFO mapreduce.Job:  map 67% reduce 22%
20/06/09 10:46:05 INFO mapreduce.Job:  map 68% reduce 22%
20/06/09 10:46:11 INFO mapreduce.Job:  map 69% reduce 22%
20/06/09 10:46:15 INFO mapreduce.Job:  map 70% reduce 22%
20/06/09 10:46:22 INFO mapreduce.Job:  map 71% reduce 22%
20/06/09 10:46:27 INFO mapreduce.Job:  map 72% reduce 22%
20/06/09 10:46:32 INFO mapreduce.Job:  map 73% reduce 22%
20/06/09 10:46:36 INFO mapreduce.Job:  map 74% reduce 22%
20/06/09 10:46:41 INFO mapreduce.Job:  map 75% reduce 22%
20/06/09 10:46:44 INFO mapreduce.Job:  map 76% reduce 23%
20/06/09 10:46:46 INFO mapreduce.Job:  map 77% reduce 23%
20/06/09 10:46:50 INFO mapreduce.Job:  map 78% reduce 24%
20/06/09 10:46:52 INFO mapreduce.Job:  map 79% reduce 24%
20/06/09 10:46:55 INFO mapreduce.Job:  map 80% reduce 24%
20/06/09 10:46:56 INFO mapreduce.Job:  map 80% reduce 26%
20/06/09 10:47:00 INFO mapreduce.Job:  map 81% reduce 26%
20/06/09 10:47:03 INFO mapreduce.Job:  map 81% reduce 27%
20/06/09 10:47:06 INFO mapreduce.Job:  map 82% reduce 27%
20/06/09 10:47:07 INFO mapreduce.Job:  map 83% reduce 27%
20/06/09 10:47:09 INFO mapreduce.Job:  map 84% reduce 27%
20/06/09 10:47:10 INFO mapreduce.Job:  map 85% reduce 27%
20/06/09 10:47:13 INFO mapreduce.Job:  map 86% reduce 27%
20/06/09 10:47:14 INFO mapreduce.Job:  map 87% reduce 27%
20/06/09 10:47:17 INFO mapreduce.Job:  map 88% reduce 27%
20/06/09 10:47:20 INFO mapreduce.Job:  map 88% reduce 28%
20/06/09 10:47:22 INFO mapreduce.Job:  map 89% reduce 28%
20/06/09 10:47:25 INFO mapreduce.Job:  map 90% reduce 28%
20/06/09 10:47:26 INFO mapreduce.Job:  map 91% reduce 29%
20/06/09 10:47:28 INFO mapreduce.Job:  map 92% reduce 29%
20/06/09 10:47:31 INFO mapreduce.Job:  map 93% reduce 29%
20/06/09 10:47:35 INFO mapreduce.Job:  map 94% reduce 29%
20/06/09 10:47:36 INFO mapreduce.Job:  map 95% reduce 29%
20/06/09 10:47:39 INFO mapreduce.Job:  map 97% reduce 30%
20/06/09 10:47:42 INFO mapreduce.Job:  map 97% reduce 31%
20/06/09 10:47:44 INFO mapreduce.Job:  map 98% reduce 31%
20/06/09 10:47:48 INFO mapreduce.Job:  map 99% reduce 32%
20/06/09 10:47:49 INFO mapreduce.Job:  map 100% reduce 32%
20/06/09 10:47:51 INFO mapreduce.Job:  map 100% reduce 33%
20/06/09 10:47:54 INFO mapreduce.Job:  map 100% reduce 70%
20/06/09 10:47:57 INFO mapreduce.Job:  map 100% reduce 75%
20/06/09 10:48:00 INFO mapreduce.Job:  map 100% reduce 80%
20/06/09 10:48:03 INFO mapreduce.Job:  map 100% reduce 85%
20/06/09 10:48:06 INFO mapreduce.Job:  map 100% reduce 91%
20/06/09 10:48:09 INFO mapreduce.Job:  map 100% reduce 100%
20/06/09 10:48:11 INFO mapreduce.Job: Job job_1591666267654_0005 completed successfully
20/06/09 10:48:11 INFO mapreduce.Job: Counters: 51
	File System Counters
		FILE: Number of bytes read=1701530216
		FILE: Number of bytes written=2520344672
		FILE: Number of read operations=0
		FILE: Number of large read operations=0
		FILE: Number of write operations=0
		HDFS: Number of bytes read=11025723275
		HDFS: Number of bytes written=488636520
		HDFS: Number of read operations=273
		HDFS: Number of large read operations=0
		HDFS: Number of write operations=2
	Job Counters 
		Killed map tasks=1
		Launched map tasks=91
		Launched reduce tasks=1
		Data-local map tasks=89
		Rack-local map tasks=2
		Total time spent by all maps in occupied slots (ms)=5113730
		Total time spent by all reduces in occupied slots (ms)=346260
		Total time spent by all map tasks (ms)=5113730
		Total time spent by all reduce tasks (ms)=346260
		Total vcore-milliseconds taken by all map tasks=5113730
		Total vcore-milliseconds taken by all reduce tasks=346260
		Total megabyte-milliseconds taken by all map tasks=5236459520
		Total megabyte-milliseconds taken by all reduce tasks=354570240
	Map-Reduce Framework
		Map input records=723478
		Map output records=1009424710
		Map output bytes=19264084920
		Map output materialized bytes=807604050
		Input split bytes=10530
		Combine input records=1034412828
		Combine output records=47592814
		Reduce input groups=9842532
		Reduce shuffle bytes=807604050
		Reduce input records=22604696
		Reduce output records=9842532
		Spilled Records=70874675
		Shuffled Maps =90
		Failed Shuffles=0
		Merged Map outputs=90
		GC time elapsed (ms)=108647
		CPU time spent (ms)=2062800
		Physical memory (bytes) snapshot=25127129088
		Virtual memory (bytes) snapshot=191919341568
		Total committed heap usage (bytes)=18935185408
	Shuffle Errors
		BAD_ID=0
		CONNECTION=0
		IO_ERROR=0
		WRONG_LENGTH=0
		WRONG_MAP=0
		WRONG_REDUCE=0
	File Input Format Counters 
		Bytes Read=11025712745
	File Output Format Counters 
		Bytes Written=488636520
20/06/09 10:48:11 INFO client.RMProxy: Connecting to ResourceManager at master/10.51.17.95:8032
20/06/09 10:48:11 INFO input.FileInputFormat: Total input paths to process : 1
20/06/09 10:48:11 INFO mapreduce.JobSubmitter: number of splits:4
20/06/09 10:48:11 INFO mapreduce.JobSubmitter: Submitting tokens for job: job_1591666267654_0006
20/06/09 10:48:12 INFO impl.YarnClientImpl: Submitted application application_1591666267654_0006
20/06/09 10:48:12 INFO mapreduce.Job: The url to track the job: http://master:8088/proxy/application_1591666267654_0006/
20/06/09 10:48:12 INFO mapreduce.Job: Running job: job_1591666267654_0006
20/06/09 10:48:20 INFO mapreduce.Job: Job job_1591666267654_0006 running in uber mode : false
20/06/09 10:48:20 INFO mapreduce.Job:  map 0% reduce 0%
20/06/09 10:48:31 INFO mapreduce.Job:  map 25% reduce 0%
20/06/09 10:48:32 INFO mapreduce.Job:  map 54% reduce 0%
20/06/09 10:48:35 INFO mapreduce.Job:  map 74% reduce 0%
20/06/09 10:48:38 INFO mapreduce.Job:  map 85% reduce 0%
20/06/09 10:48:39 INFO mapreduce.Job:  map 91% reduce 0%
20/06/09 10:48:41 INFO mapreduce.Job:  map 100% reduce 25%
20/06/09 10:48:44 INFO mapreduce.Job:  map 100% reduce 79%
20/06/09 10:48:47 INFO mapreduce.Job:  map 100% reduce 92%
20/06/09 10:48:49 INFO mapreduce.Job:  map 100% reduce 100%
20/06/09 10:48:49 INFO mapreduce.Job: Job job_1591666267654_0006 completed successfully
20/06/09 10:48:49 INFO mapreduce.Job: Counters: 50
	File System Counters
		FILE: Number of bytes read=849621756
		FILE: Number of bytes written=1275045957
		FILE: Number of read operations=0
		FILE: Number of large read operations=0
		FILE: Number of write operations=0
		HDFS: Number of bytes read=488640920
		HDFS: Number of bytes written=346727595
		HDFS: Number of read operations=19
		HDFS: Number of large read operations=0
		HDFS: Number of write operations=2
	Job Counters 
		Killed map tasks=1
		Launched map tasks=5
		Launched reduce tasks=1
		Data-local map tasks=5
		Total time spent by all maps in occupied slots (ms)=65785
		Total time spent by all reduces in occupied slots (ms)=15976
		Total time spent by all map tasks (ms)=65785
		Total time spent by all reduce tasks (ms)=15976
		Total vcore-milliseconds taken by all map tasks=65785
		Total vcore-milliseconds taken by all reduce tasks=15976
		Total megabyte-milliseconds taken by all map tasks=67363840
		Total megabyte-milliseconds taken by all reduce tasks=16359424
	Map-Reduce Framework
		Map input records=9842532
		Map output records=9842532
		Map output bytes=405125778
		Map output materialized bytes=424810866
		Input split bytes=504
		Combine input records=0
		Combine output records=0
		Reduce input groups=1262
		Reduce shuffle bytes=424810866
		Reduce input records=9842532
		Reduce output records=9842532
		Spilled Records=29527596
		Shuffled Maps =4
		Failed Shuffles=0
		Merged Map outputs=4
		GC time elapsed (ms)=1831
		CPU time spent (ms)=46250
		Physical memory (bytes) snapshot=1303781376
		Virtual memory (bytes) snapshot=10601906176
		Total committed heap usage (bytes)=941096960
	Shuffle Errors
		BAD_ID=0
		CONNECTION=0
		IO_ERROR=0
		WRONG_LENGTH=0
		WRONG_MAP=0
		WRONG_REDUCE=0
	File Input Format Counters 
		Bytes Read=488640416
	File Output Format Counters 
		Bytes Written=346727595
