20/06/14 02:33:40 INFO client.RMProxy: Connecting to ResourceManager at master/10.51.17.95:8032
20/06/14 02:33:41 INFO input.FileInputFormat: Total input paths to process : 10
20/06/14 02:33:42 INFO mapreduce.JobSubmitter: number of splits:90
20/06/14 02:33:42 INFO mapreduce.JobSubmitter: Submitting tokens for job: job_1592064226540_0021
20/06/14 02:33:42 INFO impl.YarnClientImpl: Submitted application application_1592064226540_0021
20/06/14 02:33:42 INFO mapreduce.Job: The url to track the job: http://master:8088/proxy/application_1592064226540_0021/
20/06/14 02:33:42 INFO mapreduce.Job: Running job: job_1592064226540_0021
20/06/14 02:33:47 INFO mapreduce.Job: Job job_1592064226540_0021 running in uber mode : false
20/06/14 02:33:47 INFO mapreduce.Job:  map 0% reduce 0%
20/06/14 02:34:00 INFO mapreduce.Job:  map 1% reduce 0%
20/06/14 02:34:02 INFO mapreduce.Job:  map 2% reduce 0%
20/06/14 02:34:09 INFO mapreduce.Job:  map 3% reduce 0%
20/06/14 02:34:13 INFO mapreduce.Job:  map 4% reduce 0%
20/06/14 02:34:19 INFO mapreduce.Job:  map 5% reduce 0%
20/06/14 02:34:23 INFO mapreduce.Job:  map 6% reduce 0%
20/06/14 02:34:27 INFO mapreduce.Job:  map 7% reduce 0%
20/06/14 02:34:29 INFO mapreduce.Job:  map 8% reduce 0%
20/06/14 02:34:38 INFO mapreduce.Job:  map 9% reduce 0%
20/06/14 02:34:41 INFO mapreduce.Job:  map 10% reduce 0%
20/06/14 02:34:44 INFO mapreduce.Job:  map 11% reduce 0%
20/06/14 02:34:47 INFO mapreduce.Job:  map 12% reduce 0%
20/06/14 02:34:49 INFO mapreduce.Job:  map 13% reduce 0%
20/06/14 02:34:56 INFO mapreduce.Job:  map 14% reduce 0%
20/06/14 02:35:00 INFO mapreduce.Job:  map 15% reduce 0%
20/06/14 02:35:04 INFO mapreduce.Job:  map 16% reduce 0%
20/06/14 02:35:06 INFO mapreduce.Job:  map 17% reduce 0%
20/06/14 02:35:15 INFO mapreduce.Job:  map 18% reduce 0%
20/06/14 02:35:19 INFO mapreduce.Job:  map 19% reduce 0%
20/06/14 02:35:23 INFO mapreduce.Job:  map 20% reduce 0%
20/06/14 02:35:29 INFO mapreduce.Job:  map 21% reduce 0%
20/06/14 02:35:33 INFO mapreduce.Job:  map 22% reduce 0%
20/06/14 02:35:38 INFO mapreduce.Job:  map 23% reduce 0%
20/06/14 02:35:40 INFO mapreduce.Job:  map 24% reduce 0%
20/06/14 02:35:45 INFO mapreduce.Job:  map 26% reduce 0%
20/06/14 02:35:47 INFO mapreduce.Job:  map 27% reduce 0%
20/06/14 02:35:55 INFO mapreduce.Job:  map 28% reduce 9%
20/06/14 02:36:00 INFO mapreduce.Job:  map 29% reduce 9%
20/06/14 02:36:07 INFO mapreduce.Job:  map 30% reduce 9%
20/06/14 02:36:11 INFO mapreduce.Job:  map 31% reduce 9%
20/06/14 02:36:14 INFO mapreduce.Job:  map 31% reduce 10%
20/06/14 02:36:17 INFO mapreduce.Job:  map 32% reduce 10%
20/06/14 02:36:22 INFO mapreduce.Job:  map 33% reduce 10%
20/06/14 02:36:27 INFO mapreduce.Job:  map 34% reduce 10%
20/06/14 02:36:34 INFO mapreduce.Job:  map 35% reduce 10%
20/06/14 02:36:36 INFO mapreduce.Job:  map 36% reduce 10%
20/06/14 02:36:41 INFO mapreduce.Job:  map 37% reduce 11%
20/06/14 02:36:43 INFO mapreduce.Job:  map 38% reduce 11%
20/06/14 02:36:44 INFO mapreduce.Job:  map 38% reduce 12%
20/06/14 02:36:47 INFO mapreduce.Job:  map 38% reduce 13%
20/06/14 02:36:48 INFO mapreduce.Job:  map 39% reduce 13%
20/06/14 02:36:54 INFO mapreduce.Job:  map 40% reduce 13%
20/06/14 02:37:01 INFO mapreduce.Job:  map 41% reduce 13%
20/06/14 02:37:03 INFO mapreduce.Job:  map 42% reduce 13%
20/06/14 02:37:11 INFO mapreduce.Job:  map 43% reduce 13%
20/06/14 02:37:18 INFO mapreduce.Job:  map 44% reduce 13%
20/06/14 02:37:24 INFO mapreduce.Job:  map 45% reduce 13%
20/06/14 02:37:29 INFO mapreduce.Job:  map 45% reduce 14%
20/06/14 02:37:30 INFO mapreduce.Job:  map 46% reduce 14%
20/06/14 02:37:36 INFO mapreduce.Job:  map 47% reduce 14%
20/06/14 02:37:39 INFO mapreduce.Job:  map 48% reduce 14%
20/06/14 02:37:41 INFO mapreduce.Job:  map 49% reduce 15%
20/06/14 02:37:42 INFO mapreduce.Job:  map 50% reduce 15%
20/06/14 02:37:44 INFO mapreduce.Job:  map 50% reduce 16%
20/06/14 02:37:52 INFO mapreduce.Job:  map 51% reduce 16%
20/06/14 02:37:54 INFO mapreduce.Job:  map 52% reduce 16%
20/06/14 02:37:56 INFO mapreduce.Job:  map 52% reduce 17%
20/06/14 02:38:02 INFO mapreduce.Job:  map 53% reduce 17%
20/06/14 02:38:06 INFO mapreduce.Job:  map 54% reduce 17%
20/06/14 02:38:13 INFO mapreduce.Job:  map 55% reduce 17%
20/06/14 02:38:19 INFO mapreduce.Job:  map 56% reduce 17%
20/06/14 02:38:22 INFO mapreduce.Job:  map 57% reduce 17%
20/06/14 02:38:23 INFO mapreduce.Job:  map 57% reduce 18%
20/06/14 02:38:26 INFO mapreduce.Job:  map 58% reduce 18%
20/06/14 02:38:30 INFO mapreduce.Job:  map 60% reduce 18%
20/06/14 02:38:32 INFO mapreduce.Job:  map 60% reduce 19%
20/06/14 02:38:35 INFO mapreduce.Job:  map 61% reduce 19%
20/06/14 02:38:38 INFO mapreduce.Job:  map 62% reduce 19%
20/06/14 02:38:41 INFO mapreduce.Job:  map 63% reduce 20%
20/06/14 02:38:42 INFO mapreduce.Job:  map 64% reduce 20%
20/06/14 02:38:44 INFO mapreduce.Job:  map 64% reduce 21%
20/06/14 02:38:52 INFO mapreduce.Job:  map 65% reduce 21%
20/06/14 02:38:58 INFO mapreduce.Job:  map 66% reduce 21%
20/06/14 02:39:02 INFO mapreduce.Job:  map 67% reduce 21%
20/06/14 02:39:06 INFO mapreduce.Job:  map 67% reduce 22%
20/06/14 02:39:08 INFO mapreduce.Job:  map 68% reduce 22%
20/06/14 02:39:15 INFO mapreduce.Job:  map 69% reduce 22%
20/06/14 02:39:20 INFO mapreduce.Job:  map 70% reduce 22%
20/06/14 02:39:26 INFO mapreduce.Job:  map 71% reduce 22%
20/06/14 02:39:29 INFO mapreduce.Job:  map 72% reduce 22%
20/06/14 02:39:30 INFO mapreduce.Job:  map 72% reduce 23%
20/06/14 02:39:37 INFO mapreduce.Job:  map 73% reduce 23%
20/06/14 02:39:40 INFO mapreduce.Job:  map 74% reduce 23%
20/06/14 02:39:42 INFO mapreduce.Job:  map 75% reduce 24%
20/06/14 02:39:45 INFO mapreduce.Job:  map 75% reduce 25%
20/06/14 02:39:46 INFO mapreduce.Job:  map 76% reduce 25%
20/06/14 02:39:54 INFO mapreduce.Job:  map 77% reduce 25%
20/06/14 02:39:56 INFO mapreduce.Job:  map 78% reduce 25%
20/06/14 02:40:00 INFO mapreduce.Job:  map 78% reduce 26%
20/06/14 02:40:04 INFO mapreduce.Job:  map 79% reduce 26%
20/06/14 02:40:11 INFO mapreduce.Job:  map 80% reduce 26%
20/06/14 02:40:17 INFO mapreduce.Job:  map 81% reduce 26%
20/06/14 02:40:22 INFO mapreduce.Job:  map 82% reduce 26%
20/06/14 02:40:27 INFO mapreduce.Job:  map 83% reduce 26%
20/06/14 02:40:35 INFO mapreduce.Job:  map 84% reduce 26%
20/06/14 02:40:38 INFO mapreduce.Job:  map 85% reduce 26%
20/06/14 02:40:40 INFO mapreduce.Job:  map 85% reduce 27%
20/06/14 02:40:42 INFO mapreduce.Job:  map 86% reduce 27%
20/06/14 02:40:44 INFO mapreduce.Job:  map 87% reduce 27%
20/06/14 02:40:46 INFO mapreduce.Job:  map 87% reduce 29%
20/06/14 02:40:49 INFO mapreduce.Job:  map 88% reduce 29%
20/06/14 02:40:56 INFO mapreduce.Job:  map 89% reduce 29%
20/06/14 02:40:57 INFO mapreduce.Job:  map 90% reduce 29%
20/06/14 02:40:58 INFO mapreduce.Job:  map 91% reduce 29%
20/06/14 02:41:01 INFO mapreduce.Job:  map 91% reduce 30%
20/06/14 02:41:02 INFO mapreduce.Job:  map 92% reduce 30%
20/06/14 02:41:03 INFO mapreduce.Job:  map 93% reduce 30%
20/06/14 02:41:06 INFO mapreduce.Job:  map 94% reduce 30%
20/06/14 02:41:07 INFO mapreduce.Job:  map 94% reduce 31%
20/06/14 02:41:09 INFO mapreduce.Job:  map 95% reduce 31%
20/06/14 02:41:13 INFO mapreduce.Job:  map 96% reduce 31%
20/06/14 02:41:18 INFO mapreduce.Job:  map 97% reduce 31%
20/06/14 02:41:20 INFO mapreduce.Job:  map 98% reduce 31%
20/06/14 02:41:25 INFO mapreduce.Job:  map 98% reduce 32%
20/06/14 02:41:27 INFO mapreduce.Job:  map 99% reduce 32%
20/06/14 02:41:31 INFO mapreduce.Job:  map 100% reduce 33%
20/06/14 02:41:34 INFO mapreduce.Job:  map 100% reduce 68%
20/06/14 02:41:37 INFO mapreduce.Job:  map 100% reduce 73%
20/06/14 02:41:40 INFO mapreduce.Job:  map 100% reduce 78%
20/06/14 02:41:43 INFO mapreduce.Job:  map 100% reduce 83%
20/06/14 02:41:46 INFO mapreduce.Job:  map 100% reduce 88%
20/06/14 02:41:49 INFO mapreduce.Job:  map 100% reduce 95%
20/06/14 02:41:52 INFO mapreduce.Job:  map 100% reduce 100%
20/06/14 02:41:54 INFO mapreduce.Job: Job job_1592064226540_0021 completed successfully
20/06/14 02:41:54 INFO mapreduce.Job: Counters: 51
	File System Counters
		FILE: Number of bytes read=1655197857
		FILE: Number of bytes written=2450988433
		FILE: Number of read operations=0
		FILE: Number of large read operations=0
		FILE: Number of write operations=0
		HDFS: Number of bytes read=11025288645
		HDFS: Number of bytes written=468788407
		HDFS: Number of read operations=273
		HDFS: Number of large read operations=0
		HDFS: Number of write operations=2
	Job Counters 
		Killed map tasks=1
		Launched map tasks=91
		Launched reduce tasks=1
		Data-local map tasks=77
		Rack-local map tasks=14
		Total time spent by all maps in occupied slots (ms)=3762413
		Total time spent by all reduces in occupied slots (ms)=733946
		Total time spent by all map tasks (ms)=3762413
		Total time spent by all reduce tasks (ms)=366973
		Total vcore-milliseconds taken by all map tasks=3762413
		Total vcore-milliseconds taken by all reduce tasks=366973
		Total megabyte-milliseconds taken by all map tasks=3852710912
		Total megabyte-milliseconds taken by all reduce tasks=751560704
	Map-Reduce Framework
		Map input records=1637715
		Map output records=1010821045
		Map output bytes=19270708879
		Map output materialized bytes=784607561
		Input split bytes=10530
		Combine input records=1035811933
		Combine output records=47594628
		Reduce input groups=9841344
		Reduce shuffle bytes=784607561
		Reduce input records=22603740
		Reduce output records=9841344
		Spilled Records=70877022
		Shuffled Maps =90
		Failed Shuffles=0
		Merged Map outputs=90
		GC time elapsed (ms)=71944
		CPU time spent (ms)=2192670
		Physical memory (bytes) snapshot=24995135488
		Virtual memory (bytes) snapshot=191958581248
		Total committed heap usage (bytes)=18934136832
	Shuffle Errors
		BAD_ID=0
		CONNECTION=0
		IO_ERROR=0
		WRONG_LENGTH=0
		WRONG_MAP=0
		WRONG_REDUCE=0
	File Input Format Counters 
		Bytes Read=11025278115
	File Output Format Counters 
		Bytes Written=468788407
20/06/14 02:41:54 INFO client.RMProxy: Connecting to ResourceManager at master/10.51.17.95:8032
20/06/14 02:41:55 INFO input.FileInputFormat: Total input paths to process : 1
20/06/14 02:41:56 INFO mapreduce.JobSubmitter: number of splits:4
20/06/14 02:41:56 INFO mapreduce.JobSubmitter: Submitting tokens for job: job_1592064226540_0022
20/06/14 02:41:56 INFO impl.YarnClientImpl: Submitted application application_1592064226540_0022
20/06/14 02:41:56 INFO mapreduce.Job: The url to track the job: http://master:8088/proxy/application_1592064226540_0022/
20/06/14 02:41:56 INFO mapreduce.Job: Running job: job_1592064226540_0022
20/06/14 02:42:05 INFO mapreduce.Job: Job job_1592064226540_0022 running in uber mode : false
20/06/14 02:42:05 INFO mapreduce.Job:  map 0% reduce 0%
20/06/14 02:42:16 INFO mapreduce.Job:  map 25% reduce 0%
20/06/14 02:42:18 INFO mapreduce.Job:  map 57% reduce 0%
20/06/14 02:42:21 INFO mapreduce.Job:  map 76% reduce 0%
20/06/14 02:42:22 INFO mapreduce.Job:  map 82% reduce 0%
20/06/14 02:42:24 INFO mapreduce.Job:  map 95% reduce 0%
20/06/14 02:42:25 INFO mapreduce.Job:  map 100% reduce 0%
20/06/14 02:42:27 INFO mapreduce.Job:  map 100% reduce 68%
20/06/14 02:42:30 INFO mapreduce.Job:  map 100% reduce 81%
20/06/14 02:42:33 INFO mapreduce.Job:  map 100% reduce 92%
20/06/14 02:42:36 INFO mapreduce.Job:  map 100% reduce 97%
20/06/14 02:42:37 INFO mapreduce.Job:  map 100% reduce 100%
20/06/14 02:42:38 INFO mapreduce.Job: Job job_1592064226540_0022 completed successfully
20/06/14 02:42:38 INFO mapreduce.Job: Counters: 50
	File System Counters
		FILE: Number of bytes read=749745533
		FILE: Number of bytes written=1155516644
		FILE: Number of read operations=0
		FILE: Number of large read operations=0
		FILE: Number of write operations=0
		HDFS: Number of bytes read=468790640
		HDFS: Number of bytes written=327085693
		HDFS: Number of read operations=19
		HDFS: Number of large read operations=0
		HDFS: Number of write operations=2
	Job Counters 
		Killed map tasks=1
		Launched map tasks=5
		Launched reduce tasks=1
		Data-local map tasks=5
		Total time spent by all maps in occupied slots (ms)=62750
		Total time spent by all reduces in occupied slots (ms)=35144
		Total time spent by all map tasks (ms)=62750
		Total time spent by all reduce tasks (ms)=17572
		Total vcore-milliseconds taken by all map tasks=62750
		Total vcore-milliseconds taken by all reduce tasks=17572
		Total megabyte-milliseconds taken by all map tasks=64256000
		Total megabyte-milliseconds taken by all reduce tasks=35987456
	Map-Reduce Framework
		Map input records=9841344
		Map output records=9841344
		Map output bytes=385476569
		Map output materialized bytes=405159281
		Input split bytes=504
		Combine input records=0
		Combine output records=0
		Reduce input groups=1263
		Reduce shuffle bytes=405159281
		Reduce input records=9841344
		Reduce output records=9841344
		Spilled Records=28704262
		Shuffled Maps =4
		Failed Shuffles=0
		Merged Map outputs=4
		GC time elapsed (ms)=1715
		CPU time spent (ms)=45380
		Physical memory (bytes) snapshot=1269182464
		Virtual memory (bytes) snapshot=10556870656
		Total committed heap usage (bytes)=942145536
	Shuffle Errors
		BAD_ID=0
		CONNECTION=0
		IO_ERROR=0
		WRONG_LENGTH=0
		WRONG_MAP=0
		WRONG_REDUCE=0
	File Input Format Counters 
		Bytes Read=468790136
	File Output Format Counters 
		Bytes Written=327085693
