20/06/13 08:43:22 INFO client.RMProxy: Connecting to ResourceManager at master/10.51.17.95:8032
20/06/13 08:43:22 INFO input.FileInputFormat: Total input paths to process : 16
20/06/13 08:43:22 INFO mapreduce.JobSubmitter: number of splits:16
20/06/13 08:43:22 INFO mapreduce.JobSubmitter: Submitting tokens for job: job_1592002141609_0017
20/06/13 08:43:22 INFO impl.YarnClientImpl: Submitted application application_1592002141609_0017
20/06/13 08:43:22 INFO mapreduce.Job: The url to track the job: http://master:8088/proxy/application_1592002141609_0017/
20/06/13 08:43:22 INFO mapreduce.Job: Running job: job_1592002141609_0017
20/06/13 08:43:27 INFO mapreduce.Job: Job job_1592002141609_0017 running in uber mode : false
20/06/13 08:43:27 INFO mapreduce.Job:  map 0% reduce 0%
20/06/13 08:43:42 INFO mapreduce.Job:  map 21% reduce 0%
20/06/13 08:43:43 INFO mapreduce.Job:  map 46% reduce 0%
20/06/13 08:43:44 INFO mapreduce.Job:  map 54% reduce 0%
20/06/13 08:43:47 INFO mapreduce.Job:  map 58% reduce 0%
20/06/13 08:44:40 INFO mapreduce.Job:  map 60% reduce 0%
20/06/13 08:44:41 INFO mapreduce.Job:  map 65% reduce 0%
20/06/13 08:44:42 INFO mapreduce.Job:  map 69% reduce 0%
20/06/13 08:44:43 INFO mapreduce.Job:  map 71% reduce 0%
20/06/13 08:44:51 INFO mapreduce.Job:  map 75% reduce 0%
20/06/13 08:44:52 INFO mapreduce.Job:  map 79% reduce 0%
20/06/13 08:44:53 INFO mapreduce.Job:  map 79% reduce 13%
20/06/13 08:45:01 INFO mapreduce.Job:  map 81% reduce 13%
20/06/13 08:45:02 INFO mapreduce.Job:  map 83% reduce 15%
20/06/13 08:45:03 INFO mapreduce.Job:  map 88% reduce 15%
20/06/13 08:45:04 INFO mapreduce.Job:  map 90% reduce 15%
20/06/13 08:45:05 INFO mapreduce.Job:  map 96% reduce 27%
20/06/13 08:45:08 INFO mapreduce.Job:  map 96% reduce 29%
20/06/13 08:45:16 INFO mapreduce.Job:  map 98% reduce 29%
20/06/13 08:45:17 INFO mapreduce.Job:  map 100% reduce 67%
20/06/13 08:45:18 INFO mapreduce.Job:  map 100% reduce 100%
20/06/13 08:45:18 INFO mapreduce.Job: Job job_1592002141609_0017 completed successfully
20/06/13 08:45:18 INFO mapreduce.Job: Counters: 50
	File System Counters
		FILE: Number of bytes read=358
		FILE: Number of bytes written=2089003
		FILE: Number of read operations=0
		FILE: Number of large read operations=0
		FILE: Number of write operations=0
		HDFS: Number of bytes read=4182
		HDFS: Number of bytes written=215
		HDFS: Number of read operations=67
		HDFS: Number of large read operations=0
		HDFS: Number of write operations=3
	Job Counters 
		Launched map tasks=16
		Launched reduce tasks=1
		Data-local map tasks=15
		Rack-local map tasks=1
		Total time spent by all maps in occupied slots (ms)=1243516
		Total time spent by all reduces in occupied slots (ms)=67110
		Total time spent by all map tasks (ms)=1243516
		Total time spent by all reduce tasks (ms)=33555
		Total vcore-milliseconds taken by all map tasks=1243516
		Total vcore-milliseconds taken by all reduce tasks=33555
		Total megabyte-milliseconds taken by all map tasks=1273360384
		Total megabyte-milliseconds taken by all reduce tasks=68720640
	Map-Reduce Framework
		Map input records=16
		Map output records=32
		Map output bytes=288
		Map output materialized bytes=448
		Input split bytes=2294
		Combine input records=0
		Combine output records=0
		Reduce input groups=2
		Reduce shuffle bytes=448
		Reduce input records=32
		Reduce output records=0
		Spilled Records=64
		Shuffled Maps =16
		Failed Shuffles=0
		Merged Map outputs=16
		GC time elapsed (ms)=10885
		CPU time spent (ms)=515220
		Physical memory (bytes) snapshot=4418277376
		Virtual memory (bytes) snapshot=35833380864
		Total committed heap usage (bytes)=3355967488
	Shuffle Errors
		BAD_ID=0
		CONNECTION=0
		IO_ERROR=0
		WRONG_LENGTH=0
		WRONG_MAP=0
		WRONG_REDUCE=0
	File Input Format Counters 
		Bytes Read=1888
	File Output Format Counters 
		Bytes Written=97
