20/06/16 16:49:27 INFO client.RMProxy: Connecting to ResourceManager at master/10.51.17.95:8032
20/06/16 16:49:28 INFO client.RMProxy: Connecting to ResourceManager at master/10.51.17.95:8032
20/06/16 16:49:28 INFO input.FileInputFormat: Total input paths to process : 10
20/06/16 16:49:28 INFO mapreduce.JobSubmitter: number of splits:80
20/06/16 16:49:29 INFO mapreduce.JobSubmitter: Submitting tokens for job: job_1592292977881_0003
20/06/16 16:49:29 INFO impl.YarnClientImpl: Submitted application application_1592292977881_0003
20/06/16 16:49:29 INFO mapreduce.Job: The url to track the job: http://master:8088/proxy/application_1592292977881_0003/
20/06/16 16:49:29 INFO mapreduce.Job: Running job: job_1592292977881_0003
20/06/16 16:49:35 INFO mapreduce.Job: Job job_1592292977881_0003 running in uber mode : false
20/06/16 16:49:35 INFO mapreduce.Job:  map 0% reduce 0%
20/06/16 16:49:43 INFO mapreduce.Job:  map 1% reduce 0%
20/06/16 16:49:45 INFO mapreduce.Job:  map 5% reduce 0%
20/06/16 16:49:47 INFO mapreduce.Job:  map 6% reduce 0%
20/06/16 16:49:48 INFO mapreduce.Job:  map 10% reduce 0%
20/06/16 16:49:49 INFO mapreduce.Job:  map 13% reduce 0%
20/06/16 16:49:51 INFO mapreduce.Job:  map 14% reduce 0%
20/06/16 16:49:54 INFO mapreduce.Job:  map 17% reduce 0%
20/06/16 16:49:56 INFO mapreduce.Job:  map 19% reduce 0%
20/06/16 16:49:58 INFO mapreduce.Job:  map 20% reduce 0%
20/06/16 16:50:00 INFO mapreduce.Job:  map 21% reduce 0%
20/06/16 16:50:01 INFO mapreduce.Job:  map 25% reduce 0%
20/06/16 16:50:03 INFO mapreduce.Job:  map 26% reduce 0%
20/06/16 16:50:04 INFO mapreduce.Job:  map 29% reduce 0%
20/06/16 16:50:05 INFO mapreduce.Job:  map 30% reduce 0%
20/06/16 16:50:06 INFO mapreduce.Job:  map 31% reduce 0%
20/06/16 16:50:07 INFO mapreduce.Job:  map 32% reduce 0%
20/06/16 16:50:11 INFO mapreduce.Job:  map 32% reduce 3%
20/06/16 16:50:12 INFO mapreduce.Job:  map 36% reduce 3%
20/06/16 16:50:15 INFO mapreduce.Job:  map 36% reduce 4%
20/06/16 16:50:16 INFO mapreduce.Job:  map 38% reduce 4%
20/06/16 16:50:17 INFO mapreduce.Job:  map 40% reduce 4%
20/06/16 16:50:18 INFO mapreduce.Job:  map 41% reduce 4%
20/06/16 16:50:19 INFO mapreduce.Job:  map 42% reduce 4%
20/06/16 16:50:21 INFO mapreduce.Job:  map 43% reduce 4%
20/06/16 16:50:23 INFO mapreduce.Job:  map 45% reduce 4%
20/06/16 16:50:24 INFO mapreduce.Job:  map 45% reduce 5%
20/06/16 16:50:25 INFO mapreduce.Job:  map 46% reduce 5%
20/06/16 16:50:26 INFO mapreduce.Job:  map 49% reduce 5%
20/06/16 16:50:27 INFO mapreduce.Job:  map 50% reduce 5%
20/06/16 16:50:28 INFO mapreduce.Job:  map 51% reduce 5%
20/06/16 16:50:29 INFO mapreduce.Job:  map 52% reduce 5%
20/06/16 16:50:30 INFO mapreduce.Job:  map 52% reduce 6%
20/06/16 16:50:33 INFO mapreduce.Job:  map 54% reduce 6%
20/06/16 16:50:34 INFO mapreduce.Job:  map 56% reduce 6%
20/06/16 16:50:36 INFO mapreduce.Job:  map 56% reduce 7%
20/06/16 16:50:38 INFO mapreduce.Job:  map 57% reduce 7%
20/06/16 16:50:40 INFO mapreduce.Job:  map 59% reduce 7%
20/06/16 16:50:42 INFO mapreduce.Job:  map 62% reduce 7%
20/06/16 16:50:43 INFO mapreduce.Job:  map 62% reduce 8%
20/06/16 16:50:44 INFO mapreduce.Job:  map 63% reduce 8%
20/06/16 16:50:48 INFO mapreduce.Job:  map 64% reduce 8%
20/06/16 16:50:49 INFO mapreduce.Job:  map 64% reduce 9%
20/06/16 16:50:50 INFO mapreduce.Job:  map 66% reduce 9%
20/06/16 16:50:54 INFO mapreduce.Job:  map 66% reduce 10%
20/06/16 16:50:58 INFO mapreduce.Job:  map 68% reduce 10%
20/06/16 16:50:59 INFO mapreduce.Job:  map 72% reduce 10%
20/06/16 16:51:00 INFO mapreduce.Job:  map 73% reduce 10%
20/06/16 16:51:02 INFO mapreduce.Job:  map 74% reduce 10%
20/06/16 16:51:03 INFO mapreduce.Job:  map 74% reduce 11%
20/06/16 16:51:07 INFO mapreduce.Job:  map 75% reduce 12%
20/06/16 16:51:11 INFO mapreduce.Job:  map 77% reduce 12%
20/06/16 16:51:12 INFO mapreduce.Job:  map 79% reduce 12%
20/06/16 16:51:13 INFO mapreduce.Job:  map 81% reduce 12%
20/06/16 16:51:16 INFO mapreduce.Job:  map 82% reduce 12%
20/06/16 16:51:18 INFO mapreduce.Job:  map 82% reduce 13%
20/06/16 16:51:19 INFO mapreduce.Job:  map 84% reduce 13%
20/06/16 16:51:21 INFO mapreduce.Job:  map 84% reduce 14%
20/06/16 16:51:25 INFO mapreduce.Job:  map 85% reduce 15%
20/06/16 16:51:26 INFO mapreduce.Job:  map 86% reduce 15%
20/06/16 16:51:27 INFO mapreduce.Job:  map 87% reduce 15%
20/06/16 16:51:29 INFO mapreduce.Job:  map 88% reduce 15%
20/06/16 16:51:30 INFO mapreduce.Job:  map 90% reduce 15%
20/06/16 16:51:31 INFO mapreduce.Job:  map 91% reduce 15%
20/06/16 16:51:33 INFO mapreduce.Job:  map 91% reduce 16%
20/06/16 16:51:34 INFO mapreduce.Job:  map 91% reduce 17%
20/06/16 16:51:37 INFO mapreduce.Job:  map 91% reduce 18%
20/06/16 16:51:39 INFO mapreduce.Job:  map 92% reduce 18%
20/06/16 16:51:43 INFO mapreduce.Job:  map 93% reduce 18%
20/06/16 16:51:44 INFO mapreduce.Job:  map 94% reduce 18%
20/06/16 16:51:45 INFO mapreduce.Job:  map 96% reduce 18%
20/06/16 16:51:48 INFO mapreduce.Job:  map 98% reduce 18%
20/06/16 16:51:51 INFO mapreduce.Job:  map 99% reduce 19%
20/06/16 16:51:53 INFO mapreduce.Job:  map 100% reduce 19%
20/06/16 16:51:55 INFO mapreduce.Job:  map 100% reduce 20%
20/06/16 16:51:57 INFO mapreduce.Job:  map 100% reduce 32%
20/06/16 16:52:00 INFO mapreduce.Job:  map 100% reduce 33%
20/06/16 16:52:03 INFO mapreduce.Job:  map 100% reduce 34%
20/06/16 16:52:06 INFO mapreduce.Job:  map 100% reduce 36%
20/06/16 16:52:09 INFO mapreduce.Job:  map 100% reduce 37%
20/06/16 16:52:13 INFO mapreduce.Job:  map 100% reduce 38%
20/06/16 16:52:18 INFO mapreduce.Job:  map 100% reduce 39%
20/06/16 16:52:24 INFO mapreduce.Job:  map 100% reduce 40%
20/06/16 16:52:25 INFO mapreduce.Job:  map 100% reduce 41%
20/06/16 16:52:27 INFO mapreduce.Job:  map 100% reduce 42%
20/06/16 16:52:30 INFO mapreduce.Job:  map 100% reduce 43%
20/06/16 16:52:33 INFO mapreduce.Job:  map 100% reduce 44%
20/06/16 16:52:36 INFO mapreduce.Job:  map 100% reduce 45%
20/06/16 16:52:39 INFO mapreduce.Job:  map 100% reduce 46%
20/06/16 16:52:42 INFO mapreduce.Job:  map 100% reduce 47%
20/06/16 16:52:45 INFO mapreduce.Job:  map 100% reduce 48%
20/06/16 16:52:48 INFO mapreduce.Job:  map 100% reduce 50%
20/06/16 16:52:55 INFO mapreduce.Job:  map 100% reduce 51%
20/06/16 16:52:57 INFO mapreduce.Job:  map 100% reduce 52%
20/06/16 16:53:03 INFO mapreduce.Job:  map 100% reduce 53%
20/06/16 16:53:06 INFO mapreduce.Job:  map 100% reduce 54%
20/06/16 16:53:07 INFO mapreduce.Job:  map 100% reduce 55%
20/06/16 16:53:10 INFO mapreduce.Job:  map 100% reduce 59%
20/06/16 16:53:11 INFO mapreduce.Job:  map 100% reduce 67%
20/06/16 16:53:13 INFO mapreduce.Job:  map 100% reduce 75%
20/06/16 16:53:14 INFO mapreduce.Job:  map 100% reduce 79%
20/06/16 16:53:17 INFO mapreduce.Job:  map 100% reduce 80%
20/06/16 16:53:19 INFO mapreduce.Job:  map 100% reduce 81%
20/06/16 16:53:22 INFO mapreduce.Job:  map 100% reduce 82%
20/06/16 16:53:23 INFO mapreduce.Job:  map 100% reduce 84%
20/06/16 16:53:26 INFO mapreduce.Job:  map 100% reduce 85%
20/06/16 16:53:28 INFO mapreduce.Job:  map 100% reduce 86%
20/06/16 16:53:29 INFO mapreduce.Job:  map 100% reduce 87%
20/06/16 16:53:31 INFO mapreduce.Job:  map 100% reduce 88%
20/06/16 16:53:32 INFO mapreduce.Job:  map 100% reduce 89%
20/06/16 16:53:34 INFO mapreduce.Job:  map 100% reduce 90%
20/06/16 16:53:37 INFO mapreduce.Job:  map 100% reduce 91%
20/06/16 16:53:38 INFO mapreduce.Job:  map 100% reduce 92%
20/06/16 16:53:40 INFO mapreduce.Job:  map 100% reduce 93%
20/06/16 16:53:41 INFO mapreduce.Job:  map 100% reduce 94%
20/06/16 16:53:43 INFO mapreduce.Job:  map 100% reduce 95%
20/06/16 16:53:46 INFO mapreduce.Job:  map 100% reduce 96%
20/06/16 16:53:49 INFO mapreduce.Job:  map 100% reduce 97%
20/06/16 16:53:50 INFO mapreduce.Job:  map 100% reduce 98%
20/06/16 16:53:52 INFO mapreduce.Job:  map 100% reduce 99%
20/06/16 16:53:55 INFO mapreduce.Job:  map 100% reduce 100%
20/06/16 16:53:58 INFO mapreduce.Job: Job job_1592292977881_0003 completed successfully
20/06/16 16:53:58 INFO mapreduce.Job: Counters: 52
	File System Counters
		FILE: Number of bytes read=31974520677
		FILE: Number of bytes written=42735048567
		FILE: Number of read operations=0
		FILE: Number of large read operations=0
		FILE: Number of write operations=0
		HDFS: Number of bytes read=10774009875
		HDFS: Number of bytes written=10772846837
		HDFS: Number of read operations=329
		HDFS: Number of large read operations=0
		HDFS: Number of write operations=6
	Job Counters 
		Killed map tasks=1
		Killed reduce tasks=1
		Launched map tasks=80
		Launched reduce tasks=4
		Data-local map tasks=76
		Rack-local map tasks=4
		Total time spent by all maps in occupied slots (ms)=868618
		Total time spent by all reduces in occupied slots (ms)=1121804
		Total time spent by all map tasks (ms)=868618
		Total time spent by all reduce tasks (ms)=560902
		Total vcore-milliseconds taken by all map tasks=868618
		Total vcore-milliseconds taken by all reduce tasks=560902
		Total megabyte-milliseconds taken by all map tasks=889464832
		Total megabyte-milliseconds taken by all reduce tasks=1148727296
	Map-Reduce Framework
		Map input records=1022600
		Map output records=1022600
		Map output bytes=10745642829
		Map output materialized bytes=10751392560
		Input split bytes=8240
		Combine input records=0
		Combine output records=0
		Reduce input groups=1022600
		Reduce shuffle bytes=10751392560
		Reduce input records=1022600
		Reduce output records=1022600
		Spilled Records=4063920
		Shuffled Maps =240
		Failed Shuffles=0
		Merged Map outputs=240
		GC time elapsed (ms)=11171
		CPU time spent (ms)=226450
		Physical memory (bytes) snapshot=22044360704
		Virtual memory (bytes) snapshot=175098236928
		Total committed heap usage (bytes)=16689659904
	Shuffle Errors
		BAD_ID=0
		CONNECTION=0
		IO_ERROR=0
		WRONG_LENGTH=0
		WRONG_MAP=0
		WRONG_REDUCE=0
	File Input Format Counters 
		Bytes Read=10774001635
	File Output Format Counters 
		Bytes Written=10772846837
