20/06/13 08:38:09 INFO client.RMProxy: Connecting to ResourceManager at master/10.51.17.95:8032
20/06/13 08:38:10 INFO client.RMProxy: Connecting to ResourceManager at master/10.51.17.95:8032
20/06/13 08:38:10 INFO input.FileInputFormat: Total input paths to process : 10
20/06/13 08:38:11 INFO mapreduce.JobSubmitter: number of splits:80
20/06/13 08:38:11 INFO mapreduce.JobSubmitter: Submitting tokens for job: job_1592002141609_0016
20/06/13 08:38:11 INFO impl.YarnClientImpl: Submitted application application_1592002141609_0016
20/06/13 08:38:11 INFO mapreduce.Job: The url to track the job: http://master:8088/proxy/application_1592002141609_0016/
20/06/13 08:38:11 INFO mapreduce.Job: Running job: job_1592002141609_0016
20/06/13 08:38:23 INFO mapreduce.Job: Job job_1592002141609_0016 running in uber mode : false
20/06/13 08:38:23 INFO mapreduce.Job:  map 0% reduce 0%
20/06/13 08:38:34 INFO mapreduce.Job:  map 1% reduce 0%
20/06/13 08:38:35 INFO mapreduce.Job:  map 4% reduce 0%
20/06/13 08:38:36 INFO mapreduce.Job:  map 8% reduce 0%
20/06/13 08:38:37 INFO mapreduce.Job:  map 10% reduce 0%
20/06/13 08:38:38 INFO mapreduce.Job:  map 11% reduce 0%
20/06/13 08:38:39 INFO mapreduce.Job:  map 16% reduce 0%
20/06/13 08:38:41 INFO mapreduce.Job:  map 17% reduce 0%
20/06/13 08:38:43 INFO mapreduce.Job:  map 19% reduce 0%
20/06/13 08:38:44 INFO mapreduce.Job:  map 20% reduce 0%
20/06/13 08:38:45 INFO mapreduce.Job:  map 21% reduce 0%
20/06/13 08:38:48 INFO mapreduce.Job:  map 24% reduce 0%
20/06/13 08:38:49 INFO mapreduce.Job:  map 27% reduce 0%
20/06/13 08:38:50 INFO mapreduce.Job:  map 28% reduce 0%
20/06/13 08:38:51 INFO mapreduce.Job:  map 30% reduce 0%
20/06/13 08:38:55 INFO mapreduce.Job:  map 32% reduce 3%
20/06/13 08:38:56 INFO mapreduce.Job:  map 33% reduce 3%
20/06/13 08:38:58 INFO mapreduce.Job:  map 34% reduce 4%
20/06/13 08:38:59 INFO mapreduce.Job:  map 35% reduce 4%
20/06/13 08:39:01 INFO mapreduce.Job:  map 36% reduce 4%
20/06/13 08:39:03 INFO mapreduce.Job:  map 39% reduce 4%
20/06/13 08:39:04 INFO mapreduce.Job:  map 41% reduce 4%
20/06/13 08:39:06 INFO mapreduce.Job:  map 42% reduce 4%
20/06/13 08:39:07 INFO mapreduce.Job:  map 43% reduce 5%
20/06/13 08:39:08 INFO mapreduce.Job:  map 44% reduce 5%
20/06/13 08:39:10 INFO mapreduce.Job:  map 44% reduce 6%
20/06/13 08:39:12 INFO mapreduce.Job:  map 46% reduce 6%
20/06/13 08:39:13 INFO mapreduce.Job:  map 46% reduce 8%
20/06/13 08:39:14 INFO mapreduce.Job:  map 47% reduce 8%
20/06/13 08:39:16 INFO mapreduce.Job:  map 48% reduce 9%
20/06/13 08:39:17 INFO mapreduce.Job:  map 50% reduce 9%
20/06/13 08:39:18 INFO mapreduce.Job:  map 51% reduce 9%
20/06/13 08:39:20 INFO mapreduce.Job:  map 52% reduce 9%
20/06/13 08:39:21 INFO mapreduce.Job:  map 53% reduce 9%
20/06/13 08:39:22 INFO mapreduce.Job:  map 54% reduce 9%
20/06/13 08:39:23 INFO mapreduce.Job:  map 55% reduce 9%
20/06/13 08:39:25 INFO mapreduce.Job:  map 56% reduce 10%
20/06/13 08:39:26 INFO mapreduce.Job:  map 57% reduce 10%
20/06/13 08:39:31 INFO mapreduce.Job:  map 58% reduce 11%
20/06/13 08:39:32 INFO mapreduce.Job:  map 60% reduce 11%
20/06/13 08:39:34 INFO mapreduce.Job:  map 64% reduce 12%
20/06/13 08:39:35 INFO mapreduce.Job:  map 65% reduce 12%
20/06/13 08:39:37 INFO mapreduce.Job:  map 65% reduce 13%
20/06/13 08:39:38 INFO mapreduce.Job:  map 66% reduce 13%
20/06/13 08:39:41 INFO mapreduce.Job:  map 67% reduce 13%
20/06/13 08:39:43 INFO mapreduce.Job:  map 68% reduce 13%
20/06/13 08:39:44 INFO mapreduce.Job:  map 69% reduce 13%
20/06/13 08:39:47 INFO mapreduce.Job:  map 71% reduce 13%
20/06/13 08:39:48 INFO mapreduce.Job:  map 74% reduce 13%
20/06/13 08:39:49 INFO mapreduce.Job:  map 74% reduce 14%
20/06/13 08:39:51 INFO mapreduce.Job:  map 76% reduce 14%
20/06/13 08:39:52 INFO mapreduce.Job:  map 76% reduce 15%
20/06/13 08:39:55 INFO mapreduce.Job:  map 77% reduce 16%
20/06/13 08:39:58 INFO mapreduce.Job:  map 80% reduce 16%
20/06/13 08:40:00 INFO mapreduce.Job:  map 81% reduce 16%
20/06/13 08:40:01 INFO mapreduce.Job:  map 82% reduce 17%
20/06/13 08:40:02 INFO mapreduce.Job:  map 83% reduce 17%
20/06/13 08:40:04 INFO mapreduce.Job:  map 84% reduce 17%
20/06/13 08:40:05 INFO mapreduce.Job:  map 85% reduce 17%
20/06/13 08:40:08 INFO mapreduce.Job:  map 87% reduce 17%
20/06/13 08:40:10 INFO mapreduce.Job:  map 87% reduce 18%
20/06/13 08:40:11 INFO mapreduce.Job:  map 88% reduce 18%
20/06/13 08:40:14 INFO mapreduce.Job:  map 89% reduce 18%
20/06/13 08:40:18 INFO mapreduce.Job:  map 91% reduce 18%
20/06/13 08:40:19 INFO mapreduce.Job:  map 92% reduce 19%
20/06/13 08:40:20 INFO mapreduce.Job:  map 93% reduce 19%
20/06/13 08:40:21 INFO mapreduce.Job:  map 94% reduce 19%
20/06/13 08:40:22 INFO mapreduce.Job:  map 95% reduce 19%
20/06/13 08:40:24 INFO mapreduce.Job:  map 96% reduce 19%
20/06/13 08:40:25 INFO mapreduce.Job:  map 96% reduce 20%
20/06/13 08:40:26 INFO mapreduce.Job:  map 97% reduce 20%
20/06/13 08:40:28 INFO mapreduce.Job:  map 98% reduce 21%
20/06/13 08:40:32 INFO mapreduce.Job:  map 99% reduce 21%
20/06/13 08:40:34 INFO mapreduce.Job:  map 100% reduce 21%
20/06/13 08:40:37 INFO mapreduce.Job:  map 100% reduce 22%
20/06/13 08:40:41 INFO mapreduce.Job:  map 100% reduce 24%
20/06/13 08:40:47 INFO mapreduce.Job:  map 100% reduce 25%
20/06/13 08:40:50 INFO mapreduce.Job:  map 100% reduce 36%
20/06/13 08:40:53 INFO mapreduce.Job:  map 100% reduce 37%
20/06/13 08:40:56 INFO mapreduce.Job:  map 100% reduce 38%
20/06/13 08:40:59 INFO mapreduce.Job:  map 100% reduce 39%
20/06/13 08:41:02 INFO mapreduce.Job:  map 100% reduce 40%
20/06/13 08:41:05 INFO mapreduce.Job:  map 100% reduce 43%
20/06/13 08:41:11 INFO mapreduce.Job:  map 100% reduce 45%
20/06/13 08:41:14 INFO mapreduce.Job:  map 100% reduce 46%
20/06/13 08:41:17 INFO mapreduce.Job:  map 100% reduce 47%
20/06/13 08:41:20 INFO mapreduce.Job:  map 100% reduce 48%
20/06/13 08:41:23 INFO mapreduce.Job:  map 100% reduce 49%
20/06/13 08:41:29 INFO mapreduce.Job:  map 100% reduce 51%
20/06/13 08:41:32 INFO mapreduce.Job:  map 100% reduce 52%
20/06/13 08:41:35 INFO mapreduce.Job:  map 100% reduce 53%
20/06/13 08:41:38 INFO mapreduce.Job:  map 100% reduce 54%
20/06/13 08:41:41 INFO mapreduce.Job:  map 100% reduce 66%
20/06/13 08:41:44 INFO mapreduce.Job:  map 100% reduce 67%
20/06/13 08:41:47 INFO mapreduce.Job:  map 100% reduce 79%
20/06/13 08:41:50 INFO mapreduce.Job:  map 100% reduce 80%
20/06/13 08:41:53 INFO mapreduce.Job:  map 100% reduce 82%
20/06/13 08:42:05 INFO mapreduce.Job:  map 100% reduce 83%
20/06/13 08:42:08 INFO mapreduce.Job:  map 100% reduce 84%
20/06/13 08:42:14 INFO mapreduce.Job:  map 100% reduce 85%
20/06/13 08:42:17 INFO mapreduce.Job:  map 100% reduce 86%
20/06/13 08:42:20 INFO mapreduce.Job:  map 100% reduce 87%
20/06/13 08:42:23 INFO mapreduce.Job:  map 100% reduce 88%
20/06/13 08:42:26 INFO mapreduce.Job:  map 100% reduce 89%
20/06/13 08:42:29 INFO mapreduce.Job:  map 100% reduce 90%
20/06/13 08:42:35 INFO mapreduce.Job:  map 100% reduce 91%
20/06/13 08:42:38 INFO mapreduce.Job:  map 100% reduce 92%
20/06/13 08:42:44 INFO mapreduce.Job:  map 100% reduce 93%
20/06/13 08:42:47 INFO mapreduce.Job:  map 100% reduce 94%
20/06/13 08:42:50 INFO mapreduce.Job:  map 100% reduce 95%
20/06/13 08:42:53 INFO mapreduce.Job:  map 100% reduce 96%
20/06/13 08:42:58 INFO mapreduce.Job:  map 100% reduce 97%
20/06/13 08:43:02 INFO mapreduce.Job:  map 100% reduce 98%
20/06/13 08:43:05 INFO mapreduce.Job:  map 100% reduce 99%
20/06/13 08:43:08 INFO mapreduce.Job:  map 100% reduce 100%
20/06/13 08:43:11 INFO mapreduce.Job: Job job_1592002141609_0016 completed successfully
20/06/13 08:43:12 INFO mapreduce.Job: Counters: 52
	File System Counters
		FILE: Number of bytes read=31975350269
		FILE: Number of bytes written=42735920036
		FILE: Number of read operations=0
		FILE: Number of large read operations=0
		FILE: Number of write operations=0
		HDFS: Number of bytes read=10774107850
		HDFS: Number of bytes written=10772842726
		HDFS: Number of read operations=329
		HDFS: Number of large read operations=0
		HDFS: Number of write operations=6
	Job Counters 
		Killed map tasks=1
		Killed reduce tasks=1
		Launched map tasks=80
		Launched reduce tasks=4
		Data-local map tasks=79
		Rack-local map tasks=2
		Total time spent by all maps in occupied slots (ms)=1096095
		Total time spent by all reduces in occupied slots (ms)=1473958
		Total time spent by all map tasks (ms)=1096095
		Total time spent by all reduce tasks (ms)=736979
		Total vcore-milliseconds taken by all map tasks=1096095
		Total vcore-milliseconds taken by all reduce tasks=736979
		Total megabyte-milliseconds taken by all map tasks=1122401280
		Total megabyte-milliseconds taken by all reduce tasks=1509332992
	Map-Reduce Framework
		Map input records=1021675
		Map output records=1021675
		Map output bytes=10745662118
		Map output materialized bytes=10751407167
		Input split bytes=9040
		Combine input records=0
		Combine output records=0
		Reduce input groups=1021675
		Reduce shuffle bytes=10751407167
		Reduce input records=1021675
		Reduce output records=1021675
		Spilled Records=4060237
		Shuffled Maps =240
		Failed Shuffles=0
		Merged Map outputs=240
		GC time elapsed (ms)=16130
		CPU time spent (ms)=240290
		Physical memory (bytes) snapshot=22117322752
		Virtual memory (bytes) snapshot=175123312640
		Total committed heap usage (bytes)=16698048512
	Shuffle Errors
		BAD_ID=0
		CONNECTION=0
		IO_ERROR=0
		WRONG_LENGTH=0
		WRONG_MAP=0
		WRONG_REDUCE=0
	File Input Format Counters 
		Bytes Read=10774098810
	File Output Format Counters 
		Bytes Written=10772842726
