20/06/10 11:08:50 INFO client.RMProxy: Connecting to ResourceManager at master/10.51.17.95:8032
20/06/10 11:08:50 INFO client.RMProxy: Connecting to ResourceManager at master/10.51.17.95:8032
20/06/10 11:08:51 INFO input.FileInputFormat: Total input paths to process : 10
20/06/10 11:08:51 INFO mapreduce.JobSubmitter: number of splits:80
20/06/10 11:08:51 INFO mapreduce.JobSubmitter: Submitting tokens for job: job_1591754867667_0002
20/06/10 11:08:51 INFO impl.YarnClientImpl: Submitted application application_1591754867667_0002
20/06/10 11:08:51 INFO mapreduce.Job: The url to track the job: http://master:8088/proxy/application_1591754867667_0002/
20/06/10 11:08:51 INFO mapreduce.Job: Running job: job_1591754867667_0002
20/06/10 11:09:01 INFO mapreduce.Job: Job job_1591754867667_0002 running in uber mode : false
20/06/10 11:09:01 INFO mapreduce.Job:  map 0% reduce 0%
20/06/10 11:09:12 INFO mapreduce.Job:  map 1% reduce 0%
20/06/10 11:09:14 INFO mapreduce.Job:  map 4% reduce 0%
20/06/10 11:09:15 INFO mapreduce.Job:  map 8% reduce 0%
20/06/10 11:09:16 INFO mapreduce.Job:  map 12% reduce 0%
20/06/10 11:09:17 INFO mapreduce.Job:  map 15% reduce 0%
20/06/10 11:09:20 INFO mapreduce.Job:  map 17% reduce 0%
20/06/10 11:09:21 INFO mapreduce.Job:  map 19% reduce 0%
20/06/10 11:09:23 INFO mapreduce.Job:  map 20% reduce 0%
20/06/10 11:09:24 INFO mapreduce.Job:  map 21% reduce 0%
20/06/10 11:09:25 INFO mapreduce.Job:  map 24% reduce 0%
20/06/10 11:09:28 INFO mapreduce.Job:  map 25% reduce 0%
20/06/10 11:09:29 INFO mapreduce.Job:  map 26% reduce 0%
20/06/10 11:09:30 INFO mapreduce.Job:  map 28% reduce 2%
20/06/10 11:09:33 INFO mapreduce.Job:  map 29% reduce 2%
20/06/10 11:09:34 INFO mapreduce.Job:  map 30% reduce 3%
20/06/10 11:09:36 INFO mapreduce.Job:  map 30% reduce 4%
20/06/10 11:09:37 INFO mapreduce.Job:  map 31% reduce 6%
20/06/10 11:09:39 INFO mapreduce.Job:  map 32% reduce 6%
20/06/10 11:09:43 INFO mapreduce.Job:  map 33% reduce 7%
20/06/10 11:09:46 INFO mapreduce.Job:  map 34% reduce 7%
20/06/10 11:09:49 INFO mapreduce.Job:  map 35% reduce 7%
20/06/10 11:09:50 INFO mapreduce.Job:  map 36% reduce 7%
20/06/10 11:09:52 INFO mapreduce.Job:  map 37% reduce 7%
20/06/10 11:09:54 INFO mapreduce.Job:  map 38% reduce 7%
20/06/10 11:09:55 INFO mapreduce.Job:  map 38% reduce 8%
20/06/10 11:09:56 INFO mapreduce.Job:  map 39% reduce 8%
20/06/10 11:09:58 INFO mapreduce.Job:  map 40% reduce 8%
20/06/10 11:09:59 INFO mapreduce.Job:  map 41% reduce 8%
20/06/10 11:10:00 INFO mapreduce.Job:  map 41% reduce 9%
20/06/10 11:10:01 INFO mapreduce.Job:  map 42% reduce 9%
20/06/10 11:10:04 INFO mapreduce.Job:  map 43% reduce 9%
20/06/10 11:10:06 INFO mapreduce.Job:  map 43% reduce 10%
20/06/10 11:10:07 INFO mapreduce.Job:  map 44% reduce 10%
20/06/10 11:10:09 INFO mapreduce.Job:  map 45% reduce 10%
20/06/10 11:10:11 INFO mapreduce.Job:  map 46% reduce 10%
20/06/10 11:10:12 INFO mapreduce.Job:  map 47% reduce 10%
20/06/10 11:10:15 INFO mapreduce.Job:  map 49% reduce 10%
20/06/10 11:10:16 INFO mapreduce.Job:  map 50% reduce 10%
20/06/10 11:10:19 INFO mapreduce.Job:  map 51% reduce 10%
20/06/10 11:10:20 INFO mapreduce.Job:  map 52% reduce 11%
20/06/10 11:10:23 INFO mapreduce.Job:  map 53% reduce 11%
20/06/10 11:10:25 INFO mapreduce.Job:  map 54% reduce 11%
20/06/10 11:10:26 INFO mapreduce.Job:  map 54% reduce 12%
20/06/10 11:10:28 INFO mapreduce.Job:  map 55% reduce 12%
20/06/10 11:10:29 INFO mapreduce.Job:  map 56% reduce 12%
20/06/10 11:10:30 INFO mapreduce.Job:  map 57% reduce 12%
20/06/10 11:10:31 INFO mapreduce.Job:  map 58% reduce 13%
20/06/10 11:10:36 INFO mapreduce.Job:  map 59% reduce 13%
20/06/10 11:10:39 INFO mapreduce.Job:  map 60% reduce 13%
20/06/10 11:10:41 INFO mapreduce.Job:  map 61% reduce 13%
20/06/10 11:10:42 INFO mapreduce.Job:  map 62% reduce 13%
20/06/10 11:10:43 INFO mapreduce.Job:  map 63% reduce 14%
20/06/10 11:10:44 INFO mapreduce.Job:  map 64% reduce 14%
20/06/10 11:10:48 INFO mapreduce.Job:  map 65% reduce 14%
20/06/10 11:10:49 INFO mapreduce.Job:  map 66% reduce 14%
20/06/10 11:10:50 INFO mapreduce.Job:  map 66% reduce 15%
20/06/10 11:10:51 INFO mapreduce.Job:  map 67% reduce 15%
20/06/10 11:10:52 INFO mapreduce.Job:  map 68% reduce 15%
20/06/10 11:10:53 INFO mapreduce.Job:  map 69% reduce 15%
20/06/10 11:10:54 INFO mapreduce.Job:  map 70% reduce 15%
20/06/10 11:10:55 INFO mapreduce.Job:  map 70% reduce 16%
20/06/10 11:10:56 INFO mapreduce.Job:  map 71% reduce 16%
20/06/10 11:10:58 INFO mapreduce.Job:  map 72% reduce 16%
20/06/10 11:10:59 INFO mapreduce.Job:  map 73% reduce 17%
20/06/10 11:11:00 INFO mapreduce.Job:  map 74% reduce 17%
20/06/10 11:11:03 INFO mapreduce.Job:  map 75% reduce 17%
20/06/10 11:11:05 INFO mapreduce.Job:  map 76% reduce 17%
20/06/10 11:11:07 INFO mapreduce.Job:  map 77% reduce 17%
20/06/10 11:11:09 INFO mapreduce.Job:  map 78% reduce 17%
20/06/10 11:11:10 INFO mapreduce.Job:  map 78% reduce 18%
20/06/10 11:11:12 INFO mapreduce.Job:  map 79% reduce 18%
20/06/10 11:11:13 INFO mapreduce.Job:  map 80% reduce 18%
20/06/10 11:11:14 INFO mapreduce.Job:  map 80% reduce 19%
20/06/10 11:11:15 INFO mapreduce.Job:  map 81% reduce 19%
20/06/10 11:11:16 INFO mapreduce.Job:  map 83% reduce 19%
20/06/10 11:11:17 INFO mapreduce.Job:  map 83% reduce 20%
20/06/10 11:11:18 INFO mapreduce.Job:  map 84% reduce 20%
20/06/10 11:11:19 INFO mapreduce.Job:  map 85% reduce 20%
20/06/10 11:11:22 INFO mapreduce.Job:  map 86% reduce 20%
20/06/10 11:11:23 INFO mapreduce.Job:  map 86% reduce 21%
20/06/10 11:11:29 INFO mapreduce.Job:  map 87% reduce 21%
20/06/10 11:11:32 INFO mapreduce.Job:  map 88% reduce 21%
20/06/10 11:11:33 INFO mapreduce.Job:  map 89% reduce 21%
20/06/10 11:11:34 INFO mapreduce.Job:  map 90% reduce 21%
20/06/10 11:11:35 INFO mapreduce.Job:  map 92% reduce 22%
20/06/10 11:11:37 INFO mapreduce.Job:  map 93% reduce 22%
20/06/10 11:11:38 INFO mapreduce.Job:  map 94% reduce 22%
20/06/10 11:11:40 INFO mapreduce.Job:  map 95% reduce 22%
20/06/10 11:11:41 INFO mapreduce.Job:  map 96% reduce 22%
20/06/10 11:11:43 INFO mapreduce.Job:  map 98% reduce 23%
20/06/10 11:11:44 INFO mapreduce.Job:  map 98% reduce 24%
20/06/10 11:11:47 INFO mapreduce.Job:  map 98% reduce 25%
20/06/10 11:11:57 INFO mapreduce.Job:  map 98% reduce 26%
20/06/10 11:12:03 INFO mapreduce.Job:  map 98% reduce 27%
20/06/10 11:12:04 INFO mapreduce.Job:  map 99% reduce 27%
20/06/10 11:12:06 INFO mapreduce.Job:  map 99% reduce 28%
20/06/10 11:12:09 INFO mapreduce.Job:  map 99% reduce 29%
20/06/10 11:12:18 INFO mapreduce.Job:  map 99% reduce 31%
20/06/10 11:12:24 INFO mapreduce.Job:  map 99% reduce 32%
20/06/10 11:12:27 INFO mapreduce.Job:  map 99% reduce 33%
20/06/10 11:12:30 INFO mapreduce.Job:  map 100% reduce 33%
20/06/10 11:12:33 INFO mapreduce.Job:  map 100% reduce 52%
20/06/10 11:12:36 INFO mapreduce.Job:  map 100% reduce 68%
20/06/10 11:12:40 INFO mapreduce.Job:  map 100% reduce 69%
20/06/10 11:12:43 INFO mapreduce.Job:  map 100% reduce 72%
20/06/10 11:12:46 INFO mapreduce.Job:  map 100% reduce 74%
20/06/10 11:12:49 INFO mapreduce.Job:  map 100% reduce 75%
20/06/10 11:12:52 INFO mapreduce.Job:  map 100% reduce 76%
20/06/10 11:12:55 INFO mapreduce.Job:  map 100% reduce 77%
20/06/10 11:12:58 INFO mapreduce.Job:  map 100% reduce 79%
20/06/10 11:13:01 INFO mapreduce.Job:  map 100% reduce 80%
20/06/10 11:13:04 INFO mapreduce.Job:  map 100% reduce 82%
20/06/10 11:13:09 INFO mapreduce.Job:  map 100% reduce 84%
20/06/10 11:13:12 INFO mapreduce.Job:  map 100% reduce 86%
20/06/10 11:13:18 INFO mapreduce.Job:  map 100% reduce 87%
20/06/10 11:13:21 INFO mapreduce.Job:  map 100% reduce 90%
20/06/10 11:13:24 INFO mapreduce.Job:  map 100% reduce 91%
20/06/10 11:13:27 INFO mapreduce.Job:  map 100% reduce 92%
20/06/10 11:13:30 INFO mapreduce.Job:  map 100% reduce 93%
20/06/10 11:13:33 INFO mapreduce.Job:  map 100% reduce 94%
20/06/10 11:13:36 INFO mapreduce.Job:  map 100% reduce 96%
20/06/10 11:13:39 INFO mapreduce.Job:  map 100% reduce 97%
20/06/10 11:13:42 INFO mapreduce.Job:  map 100% reduce 98%
20/06/10 11:13:45 INFO mapreduce.Job:  map 100% reduce 100%
20/06/10 11:13:47 INFO mapreduce.Job: Job job_1591754867667_0002 completed successfully
20/06/10 11:13:47 INFO mapreduce.Job: Counters: 51
	File System Counters
		FILE: Number of bytes read=31976204695
		FILE: Number of bytes written=42736760486
		FILE: Number of read operations=0
		FILE: Number of large read operations=0
		FILE: Number of write operations=0
		HDFS: Number of bytes read=10773955962
		HDFS: Number of bytes written=10772868939
		HDFS: Number of read operations=329
		HDFS: Number of large read operations=0
		HDFS: Number of write operations=6
	Job Counters 
		Killed map tasks=2
		Launched map tasks=81
		Launched reduce tasks=3
		Data-local map tasks=74
		Rack-local map tasks=8
		Total time spent by all maps in occupied slots (ms)=1820367
		Total time spent by all reduces in occupied slots (ms)=766361
		Total time spent by all map tasks (ms)=1820367
		Total time spent by all reduce tasks (ms)=766361
		Total vcore-milliseconds taken by all map tasks=1820367
		Total vcore-milliseconds taken by all reduce tasks=766361
		Total megabyte-milliseconds taken by all map tasks=1864055808
		Total megabyte-milliseconds taken by all reduce tasks=784753664
	Map-Reduce Framework
		Map input records=1022007
		Map output records=1022007
		Map output bytes=10745682275
		Map output materialized bytes=10751430270
		Input split bytes=9040
		Combine input records=0
		Combine output records=0
		Reduce input groups=1022007
		Reduce shuffle bytes=10751430270
		Reduce input records=1022007
		Reduce output records=1022007
		Spilled Records=4061738
		Shuffled Maps =240
		Failed Shuffles=0
		Merged Map outputs=240
		GC time elapsed (ms)=12092
		CPU time spent (ms)=222380
		Physical memory (bytes) snapshot=22084173824
		Virtual memory (bytes) snapshot=175132418048
		Total committed heap usage (bytes)=16267083776
	Shuffle Errors
		BAD_ID=0
		CONNECTION=0
		IO_ERROR=0
		WRONG_LENGTH=0
		WRONG_MAP=0
		WRONG_REDUCE=0
	File Input Format Counters 
		Bytes Read=10773946922
	File Output Format Counters 
		Bytes Written=10772868939
