20/06/17 22:17:53 INFO client.RMProxy: Connecting to ResourceManager at master/10.51.17.95:8032
20/06/17 22:17:53 INFO input.FileInputFormat: Total input paths to process : 10
20/06/17 22:17:54 INFO mapreduce.JobSubmitter: number of splits:90
20/06/17 22:17:54 INFO mapreduce.JobSubmitter: Submitting tokens for job: job_1592399327153_0002
20/06/17 22:17:54 INFO impl.YarnClientImpl: Submitted application application_1592399327153_0002
20/06/17 22:17:54 INFO mapreduce.Job: The url to track the job: http://master:8088/proxy/application_1592399327153_0002/
20/06/17 22:17:54 INFO mapreduce.Job: Running job: job_1592399327153_0002
20/06/17 22:18:01 INFO mapreduce.Job: Job job_1592399327153_0002 running in uber mode : false
20/06/17 22:18:01 INFO mapreduce.Job:  map 0% reduce 0%
20/06/17 22:18:13 INFO mapreduce.Job:  map 1% reduce 0%
20/06/17 22:18:16 INFO mapreduce.Job:  map 2% reduce 0%
20/06/17 22:18:23 INFO mapreduce.Job:  map 3% reduce 0%
20/06/17 22:18:27 INFO mapreduce.Job:  map 4% reduce 0%
20/06/17 22:18:33 INFO mapreduce.Job:  map 5% reduce 0%
20/06/17 22:18:37 INFO mapreduce.Job:  map 6% reduce 0%
20/06/17 22:18:41 INFO mapreduce.Job:  map 7% reduce 0%
20/06/17 22:18:45 INFO mapreduce.Job:  map 8% reduce 0%
20/06/17 22:18:52 INFO mapreduce.Job:  map 9% reduce 0%
20/06/17 22:18:55 INFO mapreduce.Job:  map 10% reduce 0%
20/06/17 22:19:00 INFO mapreduce.Job:  map 11% reduce 0%
20/06/17 22:19:01 INFO mapreduce.Job:  map 12% reduce 0%
20/06/17 22:19:03 INFO mapreduce.Job:  map 13% reduce 0%
20/06/17 22:19:10 INFO mapreduce.Job:  map 14% reduce 0%
20/06/17 22:19:15 INFO mapreduce.Job:  map 15% reduce 0%
20/06/17 22:19:19 INFO mapreduce.Job:  map 15% reduce 4%
20/06/17 22:19:20 INFO mapreduce.Job:  map 16% reduce 4%
20/06/17 22:19:22 INFO mapreduce.Job:  map 16% reduce 5%
20/06/17 22:19:25 INFO mapreduce.Job:  map 17% reduce 5%
20/06/17 22:19:29 INFO mapreduce.Job:  map 18% reduce 5%
20/06/17 22:19:34 INFO mapreduce.Job:  map 19% reduce 5%
20/06/17 22:19:40 INFO mapreduce.Job:  map 20% reduce 5%
20/06/17 22:19:45 INFO mapreduce.Job:  map 21% reduce 5%
20/06/17 22:19:49 INFO mapreduce.Job:  map 22% reduce 5%
20/06/17 22:19:52 INFO mapreduce.Job:  map 23% reduce 6%
20/06/17 22:19:53 INFO mapreduce.Job:  map 24% reduce 6%
20/06/17 22:19:56 INFO mapreduce.Job:  map 24% reduce 7%
20/06/17 22:19:59 INFO mapreduce.Job:  map 25% reduce 7%
20/06/17 22:20:02 INFO mapreduce.Job:  map 25% reduce 8%
20/06/17 22:20:04 INFO mapreduce.Job:  map 26% reduce 8%
20/06/17 22:20:08 INFO mapreduce.Job:  map 27% reduce 9%
20/06/17 22:20:12 INFO mapreduce.Job:  map 28% reduce 9%
20/06/17 22:20:18 INFO mapreduce.Job:  map 29% reduce 9%
20/06/17 22:20:21 INFO mapreduce.Job:  map 30% reduce 9%
20/06/17 22:20:28 INFO mapreduce.Job:  map 31% reduce 9%
20/06/17 22:20:32 INFO mapreduce.Job:  map 32% reduce 9%
20/06/17 22:20:36 INFO mapreduce.Job:  map 33% reduce 9%
20/06/17 22:20:39 INFO mapreduce.Job:  map 34% reduce 9%
20/06/17 22:20:41 INFO mapreduce.Job:  map 35% reduce 9%
20/06/17 22:20:42 INFO mapreduce.Job:  map 35% reduce 10%
20/06/17 22:20:45 INFO mapreduce.Job:  map 35% reduce 11%
20/06/17 22:20:46 INFO mapreduce.Job:  map 36% reduce 11%
20/06/17 22:20:48 INFO mapreduce.Job:  map 36% reduce 12%
20/06/17 22:20:50 INFO mapreduce.Job:  map 37% reduce 12%
20/06/17 22:20:55 INFO mapreduce.Job:  map 38% reduce 12%
20/06/17 22:21:01 INFO mapreduce.Job:  map 39% reduce 12%
20/06/17 22:21:04 INFO mapreduce.Job:  map 40% reduce 12%
20/06/17 22:21:10 INFO mapreduce.Job:  map 41% reduce 12%
20/06/17 22:21:12 INFO mapreduce.Job:  map 41% reduce 13%
20/06/17 22:21:14 INFO mapreduce.Job:  map 42% reduce 13%
20/06/17 22:21:19 INFO mapreduce.Job:  map 43% reduce 13%
20/06/17 22:21:22 INFO mapreduce.Job:  map 44% reduce 13%
20/06/17 22:21:25 INFO mapreduce.Job:  map 45% reduce 13%
20/06/17 22:21:27 INFO mapreduce.Job:  map 45% reduce 14%
20/06/17 22:21:31 INFO mapreduce.Job:  map 46% reduce 14%
20/06/17 22:21:33 INFO mapreduce.Job:  map 47% reduce 14%
20/06/17 22:21:36 INFO mapreduce.Job:  map 47% reduce 15%
20/06/17 22:21:39 INFO mapreduce.Job:  map 48% reduce 15%
20/06/17 22:21:44 INFO mapreduce.Job:  map 49% reduce 15%
20/06/17 22:21:48 INFO mapreduce.Job:  map 50% reduce 15%
20/06/17 22:21:52 INFO mapreduce.Job:  map 51% reduce 16%
20/06/17 22:21:56 INFO mapreduce.Job:  map 52% reduce 16%
20/06/17 22:22:00 INFO mapreduce.Job:  map 53% reduce 16%
20/06/17 22:22:04 INFO mapreduce.Job:  map 53% reduce 17%
20/06/17 22:22:06 INFO mapreduce.Job:  map 54% reduce 17%
20/06/17 22:22:11 INFO mapreduce.Job:  map 55% reduce 17%
20/06/17 22:22:15 INFO mapreduce.Job:  map 56% reduce 17%
20/06/17 22:22:17 INFO mapreduce.Job:  map 57% reduce 17%
20/06/17 22:22:19 INFO mapreduce.Job:  map 57% reduce 18%
20/06/17 22:22:22 INFO mapreduce.Job:  map 58% reduce 18%
20/06/17 22:22:27 INFO mapreduce.Job:  map 59% reduce 18%
20/06/17 22:22:28 INFO mapreduce.Job:  map 60% reduce 19%
20/06/17 22:22:37 INFO mapreduce.Job:  map 61% reduce 19%
20/06/17 22:22:38 INFO mapreduce.Job:  map 61% reduce 20%
20/06/17 22:22:40 INFO mapreduce.Job:  map 62% reduce 20%
20/06/17 22:22:46 INFO mapreduce.Job:  map 63% reduce 20%
20/06/17 22:22:51 INFO mapreduce.Job:  map 64% reduce 20%
20/06/17 22:22:55 INFO mapreduce.Job:  map 65% reduce 20%
20/06/17 22:23:01 INFO mapreduce.Job:  map 66% reduce 20%
20/06/17 22:23:05 INFO mapreduce.Job:  map 67% reduce 21%
20/06/17 22:23:08 INFO mapreduce.Job:  map 68% reduce 21%
20/06/17 22:23:12 INFO mapreduce.Job:  map 69% reduce 22%
20/06/17 22:23:16 INFO mapreduce.Job:  map 70% reduce 22%
20/06/17 22:23:17 INFO mapreduce.Job:  map 70% reduce 23%
20/06/17 22:23:20 INFO mapreduce.Job:  map 71% reduce 23%
20/06/17 22:23:25 INFO mapreduce.Job:  map 72% reduce 23%
20/06/17 22:23:29 INFO mapreduce.Job:  map 73% reduce 23%
20/06/17 22:23:34 INFO mapreduce.Job:  map 74% reduce 23%
20/06/17 22:23:40 INFO mapreduce.Job:  map 75% reduce 23%
20/06/17 22:23:45 INFO mapreduce.Job:  map 76% reduce 24%
20/06/17 22:23:48 INFO mapreduce.Job:  map 77% reduce 24%
20/06/17 22:23:54 INFO mapreduce.Job:  map 78% reduce 24%
20/06/17 22:23:56 INFO mapreduce.Job:  map 79% reduce 24%
20/06/17 22:23:57 INFO mapreduce.Job:  map 79% reduce 25%
20/06/17 22:24:00 INFO mapreduce.Job:  map 80% reduce 26%
20/06/17 22:24:05 INFO mapreduce.Job:  map 81% reduce 26%
20/06/17 22:24:08 INFO mapreduce.Job:  map 82% reduce 26%
20/06/17 22:24:09 INFO mapreduce.Job:  map 82% reduce 27%
20/06/17 22:24:10 INFO mapreduce.Job:  map 83% reduce 27%
20/06/17 22:24:11 INFO mapreduce.Job:  map 84% reduce 27%
20/06/17 22:24:17 INFO mapreduce.Job:  map 85% reduce 27%
20/06/17 22:24:18 INFO mapreduce.Job:  map 85% reduce 28%
20/06/17 22:24:21 INFO mapreduce.Job:  map 86% reduce 28%
20/06/17 22:24:22 INFO mapreduce.Job:  map 87% reduce 28%
20/06/17 22:24:27 INFO mapreduce.Job:  map 88% reduce 28%
20/06/17 22:24:28 INFO mapreduce.Job:  map 88% reduce 29%
20/06/17 22:24:30 INFO mapreduce.Job:  map 89% reduce 29%
20/06/17 22:24:34 INFO mapreduce.Job:  map 90% reduce 29%
20/06/17 22:24:36 INFO mapreduce.Job:  map 91% reduce 29%
20/06/17 22:24:39 INFO mapreduce.Job:  map 92% reduce 29%
20/06/17 22:24:41 INFO mapreduce.Job:  map 93% reduce 29%
20/06/17 22:24:43 INFO mapreduce.Job:  map 93% reduce 30%
20/06/17 22:24:44 INFO mapreduce.Job:  map 94% reduce 30%
20/06/17 22:24:48 INFO mapreduce.Job:  map 95% reduce 30%
20/06/17 22:24:50 INFO mapreduce.Job:  map 96% reduce 30%
20/06/17 22:24:51 INFO mapreduce.Job:  map 97% reduce 31%
20/06/17 22:24:54 INFO mapreduce.Job:  map 99% reduce 32%
20/06/17 22:24:55 INFO mapreduce.Job:  map 100% reduce 32%
20/06/17 22:24:57 INFO mapreduce.Job:  map 100% reduce 33%
20/06/17 22:25:03 INFO mapreduce.Job:  map 100% reduce 45%
20/06/17 22:25:06 INFO mapreduce.Job:  map 100% reduce 70%
20/06/17 22:25:09 INFO mapreduce.Job:  map 100% reduce 76%
20/06/17 22:25:12 INFO mapreduce.Job:  map 100% reduce 81%
20/06/17 22:25:15 INFO mapreduce.Job:  map 100% reduce 87%
20/06/17 22:25:18 INFO mapreduce.Job:  map 100% reduce 95%
20/06/17 22:25:21 INFO mapreduce.Job:  map 100% reduce 100%
20/06/17 22:25:23 INFO mapreduce.Job: Job job_1592399327153_0002 completed successfully
20/06/17 22:25:24 INFO mapreduce.Job: Counters: 51
	File System Counters
		FILE: Number of bytes read=308749753
		FILE: Number of bytes written=470867424
		FILE: Number of read operations=0
		FILE: Number of large read operations=0
		FILE: Number of write operations=0
		HDFS: Number of bytes read=11025668664
		HDFS: Number of bytes written=472954036
		HDFS: Number of read operations=273
		HDFS: Number of large read operations=0
		HDFS: Number of write operations=2
	Job Counters 
		Killed map tasks=1
		Launched map tasks=91
		Launched reduce tasks=1
		Data-local map tasks=83
		Rack-local map tasks=8
		Total time spent by all maps in occupied slots (ms)=3677046
		Total time spent by all reduces in occupied slots (ms)=375431
		Total time spent by all map tasks (ms)=3677046
		Total time spent by all reduce tasks (ms)=375431
		Total vcore-milliseconds taken by all map tasks=3677046
		Total vcore-milliseconds taken by all reduce tasks=375431
		Total megabyte-milliseconds taken by all map tasks=3765295104
		Total megabyte-milliseconds taken by all reduce tasks=384441344
	Map-Reduce Framework
		Map input records=1179594
		Map output records=1009901268
		Map output bytes=19265183218
		Map output materialized bytes=150935566
		Input split bytes=9630
		Combine input records=1034891965
		Combine output records=47597616
		Reduce input groups=9841803
		Reduce shuffle bytes=150935566
		Reduce input records=22606919
		Reduce output records=9841803
		Spilled Records=70882807
		Shuffled Maps =90
		Failed Shuffles=0
		Merged Map outputs=90
		GC time elapsed (ms)=71089
		CPU time spent (ms)=2174610
		Physical memory (bytes) snapshot=25261342720
		Virtual memory (bytes) snapshot=191990407168
		Total committed heap usage (bytes)=18935185408
	Shuffle Errors
		BAD_ID=0
		CONNECTION=0
		IO_ERROR=0
		WRONG_LENGTH=0
		WRONG_MAP=0
		WRONG_REDUCE=0
	File Input Format Counters 
		Bytes Read=11025659034
	File Output Format Counters 
		Bytes Written=472954036
20/06/17 22:25:24 INFO client.RMProxy: Connecting to ResourceManager at master/10.51.17.95:8032
20/06/17 22:25:24 INFO input.FileInputFormat: Total input paths to process : 1
20/06/17 22:25:24 INFO mapreduce.JobSubmitter: number of splits:4
20/06/17 22:25:24 INFO mapreduce.JobSubmitter: Submitting tokens for job: job_1592399327153_0003
20/06/17 22:25:24 INFO impl.YarnClientImpl: Submitted application application_1592399327153_0003
20/06/17 22:25:25 INFO mapreduce.Job: The url to track the job: http://master:8088/proxy/application_1592399327153_0003/
20/06/17 22:25:25 INFO mapreduce.Job: Running job: job_1592399327153_0003
20/06/17 22:25:35 INFO mapreduce.Job: Job job_1592399327153_0003 running in uber mode : false
20/06/17 22:25:35 INFO mapreduce.Job:  map 0% reduce 0%
20/06/17 22:25:47 INFO mapreduce.Job:  map 53% reduce 0%
20/06/17 22:25:50 INFO mapreduce.Job:  map 69% reduce 0%
20/06/17 22:25:53 INFO mapreduce.Job:  map 80% reduce 0%
20/06/17 22:25:56 INFO mapreduce.Job:  map 92% reduce 0%
20/06/17 22:25:57 INFO mapreduce.Job:  map 92% reduce 17%
20/06/17 22:25:59 INFO mapreduce.Job:  map 100% reduce 17%
20/06/17 22:26:00 INFO mapreduce.Job:  map 100% reduce 25%
20/06/17 22:26:06 INFO mapreduce.Job:  map 100% reduce 79%
20/06/17 22:26:09 INFO mapreduce.Job:  map 100% reduce 88%
20/06/17 22:26:11 INFO mapreduce.Job:  map 100% reduce 100%
20/06/17 22:26:12 INFO mapreduce.Job: Job job_1592399327153_0003 completed successfully
20/06/17 22:26:12 INFO mapreduce.Job: Counters: 50
	File System Counters
		FILE: Number of bytes read=124028780
		FILE: Number of bytes written=190265729
		FILE: Number of read operations=0
		FILE: Number of large read operations=0
		FILE: Number of write operations=0
		HDFS: Number of bytes read=472959505
		HDFS: Number of bytes written=331204946
		HDFS: Number of read operations=19
		HDFS: Number of large read operations=0
		HDFS: Number of write operations=2
	Job Counters 
		Killed map tasks=1
		Launched map tasks=5
		Launched reduce tasks=1
		Data-local map tasks=5
		Total time spent by all maps in occupied slots (ms)=87645
		Total time spent by all reduces in occupied slots (ms)=21878
		Total time spent by all map tasks (ms)=87645
		Total time spent by all reduce tasks (ms)=21878
		Total vcore-milliseconds taken by all map tasks=87645
		Total vcore-milliseconds taken by all reduce tasks=21878
		Total megabyte-milliseconds taken by all map tasks=89748480
		Total megabyte-milliseconds taken by all reduce tasks=22403072
	Map-Reduce Framework
		Map input records=9841803
		Map output records=9841803
		Map output bytes=389598846
		Map output materialized bytes=65625169
		Input split bytes=508
		Combine input records=0
		Combine output records=0
		Reduce input groups=1244
		Reduce shuffle bytes=65625169
		Reduce input records=9841803
		Reduce output records=9841803
		Spilled Records=28647293
		Shuffled Maps =4
		Failed Shuffles=0
		Merged Map outputs=4
		GC time elapsed (ms)=1611
		CPU time spent (ms)=59750
		Physical memory (bytes) snapshot=1274220544
		Virtual memory (bytes) snapshot=10556809216
		Total committed heap usage (bytes)=935854080
	Shuffle Errors
		BAD_ID=0
		CONNECTION=0
		IO_ERROR=0
		WRONG_LENGTH=0
		WRONG_MAP=0
		WRONG_REDUCE=0
	File Input Format Counters 
		Bytes Read=472958997
	File Output Format Counters 
		Bytes Written=331204946
