20/06/13 00:53:05 INFO client.RMProxy: Connecting to ResourceManager at master/10.51.17.95:8032
20/06/13 00:53:05 INFO client.RMProxy: Connecting to ResourceManager at master/10.51.17.95:8032
20/06/13 00:53:06 INFO input.FileInputFormat: Total input paths to process : 10
20/06/13 00:53:06 INFO mapreduce.JobSubmitter: number of splits:80
20/06/13 00:53:06 INFO mapreduce.JobSubmitter: Submitting tokens for job: job_1591977114210_0002
20/06/13 00:53:06 INFO impl.YarnClientImpl: Submitted application application_1591977114210_0002
20/06/13 00:53:06 INFO mapreduce.Job: The url to track the job: http://master:8088/proxy/application_1591977114210_0002/
20/06/13 00:53:06 INFO mapreduce.Job: Running job: job_1591977114210_0002
20/06/13 00:53:15 INFO mapreduce.Job: Job job_1591977114210_0002 running in uber mode : false
20/06/13 00:53:15 INFO mapreduce.Job:  map 0% reduce 0%
20/06/13 00:53:29 INFO mapreduce.Job:  map 1% reduce 0%
20/06/13 00:53:30 INFO mapreduce.Job:  map 4% reduce 0%
20/06/13 00:53:31 INFO mapreduce.Job:  map 5% reduce 0%
20/06/13 00:53:32 INFO mapreduce.Job:  map 8% reduce 0%
20/06/13 00:53:34 INFO mapreduce.Job:  map 9% reduce 0%
20/06/13 00:53:37 INFO mapreduce.Job:  map 10% reduce 0%
20/06/13 00:53:42 INFO mapreduce.Job:  map 11% reduce 0%
20/06/13 00:53:43 INFO mapreduce.Job:  map 12% reduce 0%
20/06/13 00:53:45 INFO mapreduce.Job:  map 13% reduce 0%
20/06/13 00:53:48 INFO mapreduce.Job:  map 14% reduce 0%
20/06/13 00:53:50 INFO mapreduce.Job:  map 15% reduce 0%
20/06/13 00:53:53 INFO mapreduce.Job:  map 16% reduce 0%
20/06/13 00:53:58 INFO mapreduce.Job:  map 17% reduce 0%
20/06/13 00:54:00 INFO mapreduce.Job:  map 19% reduce 0%
20/06/13 00:54:02 INFO mapreduce.Job:  map 21% reduce 0%
20/06/13 00:54:07 INFO mapreduce.Job:  map 22% reduce 0%
20/06/13 00:54:08 INFO mapreduce.Job:  map 22% reduce 2%
20/06/13 00:54:12 INFO mapreduce.Job:  map 23% reduce 2%
20/06/13 00:54:13 INFO mapreduce.Job:  map 24% reduce 2%
20/06/13 00:54:15 INFO mapreduce.Job:  map 25% reduce 2%
20/06/13 00:54:16 INFO mapreduce.Job:  map 28% reduce 2%
20/06/13 00:54:18 INFO mapreduce.Job:  map 29% reduce 2%
20/06/13 00:54:21 INFO mapreduce.Job:  map 30% reduce 2%
20/06/13 00:54:24 INFO mapreduce.Job:  map 30% reduce 3%
20/06/13 00:54:25 INFO mapreduce.Job:  map 31% reduce 3%
20/06/13 00:54:30 INFO mapreduce.Job:  map 31% reduce 6%
20/06/13 00:54:31 INFO mapreduce.Job:  map 32% reduce 6%
20/06/13 00:54:33 INFO mapreduce.Job:  map 33% reduce 6%
20/06/13 00:54:35 INFO mapreduce.Job:  map 34% reduce 7%
20/06/13 00:54:36 INFO mapreduce.Job:  map 35% reduce 7%
20/06/13 00:54:38 INFO mapreduce.Job:  map 36% reduce 8%
20/06/13 00:54:41 INFO mapreduce.Job:  map 36% reduce 9%
20/06/13 00:54:42 INFO mapreduce.Job:  map 37% reduce 9%
20/06/13 00:54:45 INFO mapreduce.Job:  map 37% reduce 10%
20/06/13 00:54:48 INFO mapreduce.Job:  map 38% reduce 11%
20/06/13 00:54:52 INFO mapreduce.Job:  map 39% reduce 11%
20/06/13 00:54:54 INFO mapreduce.Job:  map 41% reduce 12%
20/06/13 00:54:57 INFO mapreduce.Job:  map 42% reduce 12%
20/06/13 00:54:58 INFO mapreduce.Job:  map 43% reduce 12%
20/06/13 00:55:00 INFO mapreduce.Job:  map 43% reduce 13%
20/06/13 00:55:04 INFO mapreduce.Job:  map 44% reduce 13%
20/06/13 00:55:08 INFO mapreduce.Job:  map 45% reduce 13%
20/06/13 00:55:10 INFO mapreduce.Job:  map 47% reduce 13%
20/06/13 00:55:12 INFO mapreduce.Job:  map 48% reduce 13%
20/06/13 00:55:16 INFO mapreduce.Job:  map 49% reduce 13%
20/06/13 00:55:19 INFO mapreduce.Job:  map 50% reduce 13%
20/06/13 00:55:21 INFO mapreduce.Job:  map 50% reduce 14%
20/06/13 00:55:22 INFO mapreduce.Job:  map 51% reduce 14%
20/06/13 00:55:23 INFO mapreduce.Job:  map 51% reduce 15%
20/06/13 00:55:24 INFO mapreduce.Job:  map 52% reduce 15%
20/06/13 00:55:28 INFO mapreduce.Job:  map 52% reduce 16%
20/06/13 00:55:30 INFO mapreduce.Job:  map 52% reduce 17%
20/06/13 00:55:34 INFO mapreduce.Job:  map 53% reduce 17%
20/06/13 00:55:35 INFO mapreduce.Job:  map 54% reduce 17%
20/06/13 00:55:36 INFO mapreduce.Job:  map 55% reduce 17%
20/06/13 00:55:39 INFO mapreduce.Job:  map 56% reduce 17%
20/06/13 00:55:40 INFO mapreduce.Job:  map 58% reduce 17%
20/06/13 00:55:44 INFO mapreduce.Job:  map 59% reduce 17%
20/06/13 00:55:46 INFO mapreduce.Job:  map 61% reduce 17%
20/06/13 00:55:49 INFO mapreduce.Job:  map 62% reduce 17%
20/06/13 00:55:52 INFO mapreduce.Job:  map 63% reduce 17%
20/06/13 00:55:55 INFO mapreduce.Job:  map 64% reduce 17%
20/06/13 00:55:58 INFO mapreduce.Job:  map 65% reduce 18%
20/06/13 00:56:01 INFO mapreduce.Job:  map 65% reduce 20%
20/06/13 00:56:04 INFO mapreduce.Job:  map 65% reduce 21%
20/06/13 00:56:05 INFO mapreduce.Job:  map 66% reduce 21%
20/06/13 00:56:12 INFO mapreduce.Job:  map 68% reduce 21%
20/06/13 00:56:13 INFO mapreduce.Job:  map 69% reduce 21%
20/06/13 00:56:15 INFO mapreduce.Job:  map 70% reduce 21%
20/06/13 00:56:16 INFO mapreduce.Job:  map 71% reduce 21%
20/06/13 00:56:17 INFO mapreduce.Job:  map 71% reduce 22%
20/06/13 00:56:18 INFO mapreduce.Job:  map 72% reduce 22%
20/06/13 00:56:21 INFO mapreduce.Job:  map 73% reduce 22%
20/06/13 00:56:24 INFO mapreduce.Job:  map 74% reduce 22%
20/06/13 00:56:27 INFO mapreduce.Job:  map 75% reduce 22%
20/06/13 00:56:28 INFO mapreduce.Job:  map 76% reduce 22%
20/06/13 00:56:30 INFO mapreduce.Job:  map 77% reduce 22%
20/06/13 00:56:31 INFO mapreduce.Job:  map 77% reduce 23%
20/06/13 00:56:33 INFO mapreduce.Job:  map 77% reduce 24%
20/06/13 00:56:36 INFO mapreduce.Job:  map 78% reduce 24%
20/06/13 00:56:41 INFO mapreduce.Job:  map 79% reduce 24%
20/06/13 00:56:42 INFO mapreduce.Job:  map 80% reduce 24%
20/06/13 00:56:43 INFO mapreduce.Job:  map 81% reduce 24%
20/06/13 00:56:44 INFO mapreduce.Job:  map 82% reduce 24%
20/06/13 00:56:46 INFO mapreduce.Job:  map 82% reduce 25%
20/06/13 00:56:49 INFO mapreduce.Job:  map 82% reduce 26%
20/06/13 00:56:51 INFO mapreduce.Job:  map 83% reduce 26%
20/06/13 00:56:56 INFO mapreduce.Job:  map 85% reduce 26%
20/06/13 00:56:58 INFO mapreduce.Job:  map 86% reduce 26%
20/06/13 00:57:00 INFO mapreduce.Job:  map 87% reduce 26%
20/06/13 00:57:01 INFO mapreduce.Job:  map 87% reduce 27%
20/06/13 00:57:02 INFO mapreduce.Job:  map 88% reduce 27%
20/06/13 00:57:03 INFO mapreduce.Job:  map 88% reduce 28%
20/06/13 00:57:06 INFO mapreduce.Job:  map 89% reduce 28%
20/06/13 00:57:09 INFO mapreduce.Job:  map 90% reduce 28%
20/06/13 00:57:18 INFO mapreduce.Job:  map 92% reduce 28%
20/06/13 00:57:19 INFO mapreduce.Job:  map 93% reduce 28%
20/06/13 00:57:20 INFO mapreduce.Job:  map 94% reduce 28%
20/06/13 00:57:22 INFO mapreduce.Job:  map 95% reduce 28%
20/06/13 00:57:23 INFO mapreduce.Job:  map 95% reduce 29%
20/06/13 00:57:27 INFO mapreduce.Job:  map 96% reduce 29%
20/06/13 00:57:29 INFO mapreduce.Job:  map 96% reduce 30%
20/06/13 00:57:32 INFO mapreduce.Job:  map 97% reduce 30%
20/06/13 00:57:34 INFO mapreduce.Job:  map 98% reduce 30%
20/06/13 00:57:35 INFO mapreduce.Job:  map 98% reduce 31%
20/06/13 00:57:37 INFO mapreduce.Job:  map 99% reduce 31%
20/06/13 00:57:40 INFO mapreduce.Job:  map 100% reduce 31%
20/06/13 00:57:42 INFO mapreduce.Job:  map 100% reduce 33%
20/06/13 00:58:18 INFO mapreduce.Job:  map 100% reduce 35%
20/06/13 00:58:19 INFO mapreduce.Job:  map 100% reduce 37%
20/06/13 00:58:21 INFO mapreduce.Job:  map 100% reduce 40%
20/06/13 00:58:22 INFO mapreduce.Job:  map 100% reduce 43%
20/06/13 00:58:24 INFO mapreduce.Job:  map 100% reduce 45%
20/06/13 00:58:25 INFO mapreduce.Job:  map 100% reduce 48%
20/06/13 00:58:27 INFO mapreduce.Job:  map 100% reduce 50%
20/06/13 00:58:28 INFO mapreduce.Job:  map 100% reduce 53%
20/06/13 00:58:31 INFO mapreduce.Job:  map 100% reduce 55%
20/06/13 00:58:33 INFO mapreduce.Job:  map 100% reduce 60%
20/06/13 00:58:34 INFO mapreduce.Job:  map 100% reduce 62%
20/06/13 00:58:37 INFO mapreduce.Job:  map 100% reduce 63%
20/06/13 00:58:39 INFO mapreduce.Job:  map 100% reduce 69%
20/06/13 00:58:40 INFO mapreduce.Job:  map 100% reduce 70%
20/06/13 00:58:42 INFO mapreduce.Job:  map 100% reduce 74%
20/06/13 00:58:43 INFO mapreduce.Job:  map 100% reduce 75%
20/06/13 00:58:45 INFO mapreduce.Job:  map 100% reduce 78%
20/06/13 00:58:46 INFO mapreduce.Job:  map 100% reduce 79%
20/06/13 00:58:48 INFO mapreduce.Job:  map 100% reduce 80%
20/06/13 00:58:52 INFO mapreduce.Job:  map 100% reduce 81%
20/06/13 00:58:54 INFO mapreduce.Job:  map 100% reduce 82%
20/06/13 00:58:55 INFO mapreduce.Job:  map 100% reduce 83%
20/06/13 00:58:57 INFO mapreduce.Job:  map 100% reduce 84%
20/06/13 00:58:58 INFO mapreduce.Job:  map 100% reduce 85%
20/06/13 00:59:00 INFO mapreduce.Job:  map 100% reduce 86%
20/06/13 00:59:01 INFO mapreduce.Job:  map 100% reduce 87%
20/06/13 00:59:03 INFO mapreduce.Job:  map 100% reduce 88%
20/06/13 00:59:04 INFO mapreduce.Job:  map 100% reduce 89%
20/06/13 00:59:06 INFO mapreduce.Job:  map 100% reduce 90%
20/06/13 00:59:07 INFO mapreduce.Job:  map 100% reduce 91%
20/06/13 00:59:09 INFO mapreduce.Job:  map 100% reduce 92%
20/06/13 00:59:12 INFO mapreduce.Job:  map 100% reduce 94%
20/06/13 00:59:15 INFO mapreduce.Job:  map 100% reduce 96%
20/06/13 00:59:18 INFO mapreduce.Job:  map 100% reduce 97%
20/06/13 00:59:20 INFO mapreduce.Job:  map 100% reduce 98%
20/06/13 00:59:21 INFO mapreduce.Job:  map 100% reduce 99%
20/06/13 00:59:24 INFO mapreduce.Job:  map 100% reduce 100%
20/06/13 00:59:26 INFO mapreduce.Job: Job job_1591977114210_0002 completed successfully
20/06/13 00:59:26 INFO mapreduce.Job: Counters: 51
	File System Counters
		FILE: Number of bytes read=31984902517
		FILE: Number of bytes written=42749098727
		FILE: Number of read operations=0
		FILE: Number of large read operations=0
		FILE: Number of write operations=0
		HDFS: Number of bytes read=10774069899
		HDFS: Number of bytes written=10772825086
		HDFS: Number of read operations=329
		HDFS: Number of large read operations=0
		HDFS: Number of write operations=6
	Job Counters 
		Killed map tasks=1
		Launched map tasks=81
		Launched reduce tasks=3
		Data-local map tasks=76
		Rack-local map tasks=5
		Total time spent by all maps in occupied slots (ms)=2910783
		Total time spent by all reduces in occupied slots (ms)=927383
		Total time spent by all map tasks (ms)=2910783
		Total time spent by all reduce tasks (ms)=927383
		Total vcore-milliseconds taken by all map tasks=2910783
		Total vcore-milliseconds taken by all reduce tasks=927383
		Total megabyte-milliseconds taken by all map tasks=2980641792
		Total megabyte-milliseconds taken by all reduce tasks=949640192
	Map-Reduce Framework
		Map input records=1021747
		Map output records=1021747
		Map output bytes=10745645002
		Map output materialized bytes=10754672306
		Input split bytes=9040
		Combine input records=0
		Combine output records=0
		Reduce input groups=1021747
		Reduce shuffle bytes=10754672306
		Reduce input records=1021747
		Reduce output records=1021747
		Spilled Records=4060414
		Shuffled Maps =240
		Failed Shuffles=0
		Merged Map outputs=240
		GC time elapsed (ms)=25525
		CPU time spent (ms)=1417840
		Physical memory (bytes) snapshot=21945253888
		Virtual memory (bytes) snapshot=175111000064
		Total committed heap usage (bytes)=15955132416
	Shuffle Errors
		BAD_ID=0
		CONNECTION=0
		IO_ERROR=0
		WRONG_LENGTH=0
		WRONG_MAP=0
		WRONG_REDUCE=0
	File Input Format Counters 
		Bytes Read=10774060859
	File Output Format Counters 
		Bytes Written=10772825086
