20/06/17 23:23:19 INFO client.RMProxy: Connecting to ResourceManager at master/10.51.17.95:8032
20/06/17 23:23:19 INFO client.RMProxy: Connecting to ResourceManager at master/10.51.17.95:8032
20/06/17 23:23:20 INFO input.FileInputFormat: Total input paths to process : 10
20/06/17 23:23:20 INFO mapreduce.JobSubmitter: number of splits:80
20/06/17 23:23:20 INFO mapreduce.JobSubmitter: Submitting tokens for job: job_1592399327153_0012
20/06/17 23:23:21 INFO impl.YarnClientImpl: Submitted application application_1592399327153_0012
20/06/17 23:23:21 INFO mapreduce.Job: The url to track the job: http://master:8088/proxy/application_1592399327153_0012/
20/06/17 23:23:21 INFO mapreduce.Job: Running job: job_1592399327153_0012
20/06/17 23:23:28 INFO mapreduce.Job: Job job_1592399327153_0012 running in uber mode : false
20/06/17 23:23:28 INFO mapreduce.Job:  map 0% reduce 0%
20/06/17 23:23:39 INFO mapreduce.Job:  map 1% reduce 0%
20/06/17 23:23:40 INFO mapreduce.Job:  map 3% reduce 0%
20/06/17 23:23:42 INFO mapreduce.Job:  map 7% reduce 0%
20/06/17 23:23:45 INFO mapreduce.Job:  map 8% reduce 0%
20/06/17 23:23:48 INFO mapreduce.Job:  map 10% reduce 0%
20/06/17 23:23:51 INFO mapreduce.Job:  map 11% reduce 0%
20/06/17 23:23:57 INFO mapreduce.Job:  map 12% reduce 0%
20/06/17 23:23:59 INFO mapreduce.Job:  map 14% reduce 0%
20/06/17 23:24:01 INFO mapreduce.Job:  map 15% reduce 0%
20/06/17 23:24:02 INFO mapreduce.Job:  map 16% reduce 0%
20/06/17 23:24:07 INFO mapreduce.Job:  map 17% reduce 0%
20/06/17 23:24:09 INFO mapreduce.Job:  map 18% reduce 0%
20/06/17 23:24:10 INFO mapreduce.Job:  map 19% reduce 0%
20/06/17 23:24:12 INFO mapreduce.Job:  map 21% reduce 0%
20/06/17 23:24:15 INFO mapreduce.Job:  map 22% reduce 0%
20/06/17 23:24:18 INFO mapreduce.Job:  map 23% reduce 2%
20/06/17 23:24:19 INFO mapreduce.Job:  map 24% reduce 2%
20/06/17 23:24:20 INFO mapreduce.Job:  map 25% reduce 2%
20/06/17 23:24:21 INFO mapreduce.Job:  map 26% reduce 2%
20/06/17 23:24:24 INFO mapreduce.Job:  map 27% reduce 2%
20/06/17 23:24:26 INFO mapreduce.Job:  map 28% reduce 2%
20/06/17 23:24:28 INFO mapreduce.Job:  map 29% reduce 2%
20/06/17 23:24:29 INFO mapreduce.Job:  map 29% reduce 3%
20/06/17 23:24:35 INFO mapreduce.Job:  map 30% reduce 3%
20/06/17 23:24:36 INFO mapreduce.Job:  map 31% reduce 3%
20/06/17 23:24:37 INFO mapreduce.Job:  map 32% reduce 3%
20/06/17 23:24:41 INFO mapreduce.Job:  map 32% reduce 6%
20/06/17 23:24:42 INFO mapreduce.Job:  map 34% reduce 6%
20/06/17 23:24:44 INFO mapreduce.Job:  map 35% reduce 6%
20/06/17 23:24:45 INFO mapreduce.Job:  map 36% reduce 6%
20/06/17 23:24:47 INFO mapreduce.Job:  map 36% reduce 7%
20/06/17 23:24:51 INFO mapreduce.Job:  map 37% reduce 7%
20/06/17 23:24:55 INFO mapreduce.Job:  map 38% reduce 7%
20/06/17 23:24:56 INFO mapreduce.Job:  map 39% reduce 7%
20/06/17 23:24:57 INFO mapreduce.Job:  map 39% reduce 8%
20/06/17 23:24:58 INFO mapreduce.Job:  map 40% reduce 8%
20/06/17 23:24:59 INFO mapreduce.Job:  map 40% reduce 12%
20/06/17 23:25:02 INFO mapreduce.Job:  map 41% reduce 12%
20/06/17 23:25:05 INFO mapreduce.Job:  map 41% reduce 13%
20/06/17 23:25:08 INFO mapreduce.Job:  map 41% reduce 14%
20/06/17 23:25:09 INFO mapreduce.Job:  map 42% reduce 14%
20/06/17 23:25:10 INFO mapreduce.Job:  map 43% reduce 14%
20/06/17 23:25:15 INFO mapreduce.Job:  map 44% reduce 14%
20/06/17 23:25:16 INFO mapreduce.Job:  map 46% reduce 14%
20/06/17 23:25:19 INFO mapreduce.Job:  map 47% reduce 14%
20/06/17 23:25:23 INFO mapreduce.Job:  map 48% reduce 14%
20/06/17 23:25:26 INFO mapreduce.Job:  map 49% reduce 14%
20/06/17 23:25:30 INFO mapreduce.Job:  map 49% reduce 15%
20/06/17 23:25:31 INFO mapreduce.Job:  map 50% reduce 15%
20/06/17 23:25:34 INFO mapreduce.Job:  map 50% reduce 16%
20/06/17 23:25:35 INFO mapreduce.Job:  map 51% reduce 16%
20/06/17 23:25:36 INFO mapreduce.Job:  map 52% reduce 16%
20/06/17 23:25:37 INFO mapreduce.Job:  map 52% reduce 17%
20/06/17 23:25:41 INFO mapreduce.Job:  map 53% reduce 17%
20/06/17 23:25:44 INFO mapreduce.Job:  map 54% reduce 17%
20/06/17 23:25:46 INFO mapreduce.Job:  map 56% reduce 17%
20/06/17 23:25:51 INFO mapreduce.Job:  map 57% reduce 17%
20/06/17 23:25:55 INFO mapreduce.Job:  map 58% reduce 17%
20/06/17 23:25:56 INFO mapreduce.Job:  map 59% reduce 17%
20/06/17 23:25:57 INFO mapreduce.Job:  map 59% reduce 18%
20/06/17 23:25:58 INFO mapreduce.Job:  map 60% reduce 18%
20/06/17 23:26:01 INFO mapreduce.Job:  map 61% reduce 18%
20/06/17 23:26:02 INFO mapreduce.Job:  map 61% reduce 19%
20/06/17 23:26:05 INFO mapreduce.Job:  map 61% reduce 20%
20/06/17 23:26:11 INFO mapreduce.Job:  map 63% reduce 20%
20/06/17 23:26:14 INFO mapreduce.Job:  map 64% reduce 20%
20/06/17 23:26:16 INFO mapreduce.Job:  map 65% reduce 20%
20/06/17 23:26:18 INFO mapreduce.Job:  map 67% reduce 20%
20/06/17 23:26:22 INFO mapreduce.Job:  map 68% reduce 20%
20/06/17 23:26:24 INFO mapreduce.Job:  map 68% reduce 21%
20/06/17 23:26:25 INFO mapreduce.Job:  map 69% reduce 21%
20/06/17 23:26:28 INFO mapreduce.Job:  map 69% reduce 22%
20/06/17 23:26:30 INFO mapreduce.Job:  map 70% reduce 22%
20/06/17 23:26:33 INFO mapreduce.Job:  map 71% reduce 23%
20/06/17 23:26:35 INFO mapreduce.Job:  map 72% reduce 23%
20/06/17 23:26:40 INFO mapreduce.Job:  map 73% reduce 23%
20/06/17 23:26:42 INFO mapreduce.Job:  map 74% reduce 24%
20/06/17 23:26:46 INFO mapreduce.Job:  map 75% reduce 24%
20/06/17 23:26:47 INFO mapreduce.Job:  map 76% reduce 24%
20/06/17 23:26:50 INFO mapreduce.Job:  map 77% reduce 24%
20/06/17 23:26:53 INFO mapreduce.Job:  map 78% reduce 24%
20/06/17 23:26:56 INFO mapreduce.Job:  map 79% reduce 24%
20/06/17 23:26:58 INFO mapreduce.Job:  map 79% reduce 25%
20/06/17 23:26:59 INFO mapreduce.Job:  map 80% reduce 25%
20/06/17 23:27:02 INFO mapreduce.Job:  map 81% reduce 25%
20/06/17 23:27:04 INFO mapreduce.Job:  map 81% reduce 27%
20/06/17 23:27:08 INFO mapreduce.Job:  map 83% reduce 27%
20/06/17 23:27:11 INFO mapreduce.Job:  map 84% reduce 27%
20/06/17 23:27:14 INFO mapreduce.Job:  map 85% reduce 27%
20/06/17 23:27:16 INFO mapreduce.Job:  map 86% reduce 27%
20/06/17 23:27:19 INFO mapreduce.Job:  map 86% reduce 28%
20/06/17 23:27:20 INFO mapreduce.Job:  map 87% reduce 28%
20/06/17 23:27:21 INFO mapreduce.Job:  map 88% reduce 28%
20/06/17 23:27:26 INFO mapreduce.Job:  map 89% reduce 28%
20/06/17 23:27:28 INFO mapreduce.Job:  map 90% reduce 28%
20/06/17 23:27:31 INFO mapreduce.Job:  map 90% reduce 29%
20/06/17 23:27:32 INFO mapreduce.Job:  map 91% reduce 29%
20/06/17 23:27:34 INFO mapreduce.Job:  map 92% reduce 30%
20/06/17 23:27:40 INFO mapreduce.Job:  map 93% reduce 30%
20/06/17 23:27:41 INFO mapreduce.Job:  map 93% reduce 31%
20/06/17 23:27:42 INFO mapreduce.Job:  map 94% reduce 31%
20/06/17 23:27:43 INFO mapreduce.Job:  map 95% reduce 31%
20/06/17 23:27:46 INFO mapreduce.Job:  map 96% reduce 31%
20/06/17 23:27:49 INFO mapreduce.Job:  map 97% reduce 31%
20/06/17 23:27:51 INFO mapreduce.Job:  map 98% reduce 31%
20/06/17 23:27:56 INFO mapreduce.Job:  map 99% reduce 31%
20/06/17 23:27:59 INFO mapreduce.Job:  map 99% reduce 32%
20/06/17 23:28:02 INFO mapreduce.Job:  map 100% reduce 32%
20/06/17 23:28:04 INFO mapreduce.Job:  map 100% reduce 33%
20/06/17 23:28:07 INFO mapreduce.Job:  map 100% reduce 35%
20/06/17 23:28:08 INFO mapreduce.Job:  map 100% reduce 38%
20/06/17 23:28:10 INFO mapreduce.Job:  map 100% reduce 41%
20/06/17 23:28:13 INFO mapreduce.Job:  map 100% reduce 44%
20/06/17 23:28:14 INFO mapreduce.Job:  map 100% reduce 52%
20/06/17 23:28:16 INFO mapreduce.Job:  map 100% reduce 54%
20/06/17 23:28:17 INFO mapreduce.Job:  map 100% reduce 60%
20/06/17 23:28:20 INFO mapreduce.Job:  map 100% reduce 61%
20/06/17 23:28:22 INFO mapreduce.Job:  map 100% reduce 64%
20/06/17 23:28:23 INFO mapreduce.Job:  map 100% reduce 70%
20/06/17 23:28:25 INFO mapreduce.Job:  map 100% reduce 71%
20/06/17 23:28:26 INFO mapreduce.Job:  map 100% reduce 74%
20/06/17 23:28:28 INFO mapreduce.Job:  map 100% reduce 75%
20/06/17 23:28:29 INFO mapreduce.Job:  map 100% reduce 76%
20/06/17 23:28:31 INFO mapreduce.Job:  map 100% reduce 77%
20/06/17 23:28:32 INFO mapreduce.Job:  map 100% reduce 78%
20/06/17 23:28:34 INFO mapreduce.Job:  map 100% reduce 79%
20/06/17 23:28:35 INFO mapreduce.Job:  map 100% reduce 81%
20/06/17 23:28:38 INFO mapreduce.Job:  map 100% reduce 83%
20/06/17 23:28:41 INFO mapreduce.Job:  map 100% reduce 84%
20/06/17 23:28:44 INFO mapreduce.Job:  map 100% reduce 86%
20/06/17 23:28:47 INFO mapreduce.Job:  map 100% reduce 88%
20/06/17 23:28:50 INFO mapreduce.Job:  map 100% reduce 90%
20/06/17 23:28:53 INFO mapreduce.Job:  map 100% reduce 91%
20/06/17 23:28:54 INFO mapreduce.Job:  map 100% reduce 92%
20/06/17 23:28:55 INFO mapreduce.Job:  map 100% reduce 93%
20/06/17 23:28:56 INFO mapreduce.Job:  map 100% reduce 94%
20/06/17 23:28:58 INFO mapreduce.Job:  map 100% reduce 95%
20/06/17 23:28:59 INFO mapreduce.Job:  map 100% reduce 96%
20/06/17 23:29:01 INFO mapreduce.Job:  map 100% reduce 97%
20/06/17 23:29:02 INFO mapreduce.Job:  map 100% reduce 98%
20/06/17 23:29:05 INFO mapreduce.Job:  map 100% reduce 99%
20/06/17 23:29:07 INFO mapreduce.Job:  map 100% reduce 100%
20/06/17 23:29:09 INFO mapreduce.Job: Job job_1592399327153_0012 completed successfully
20/06/17 23:29:09 INFO mapreduce.Job: Counters: 51
	File System Counters
		FILE: Number of bytes read=31983878625
		FILE: Number of bytes written=42748089606
		FILE: Number of read operations=0
		FILE: Number of large read operations=0
		FILE: Number of write operations=0
		HDFS: Number of bytes read=10774009875
		HDFS: Number of bytes written=10772846837
		HDFS: Number of read operations=329
		HDFS: Number of large read operations=0
		HDFS: Number of write operations=6
	Job Counters 
		Killed map tasks=1
		Launched map tasks=81
		Launched reduce tasks=3
		Data-local map tasks=65
		Rack-local map tasks=16
		Total time spent by all maps in occupied slots (ms)=1958016
		Total time spent by all reduces in occupied slots (ms)=822748
		Total time spent by all map tasks (ms)=1958016
		Total time spent by all reduce tasks (ms)=822748
		Total vcore-milliseconds taken by all map tasks=1958016
		Total vcore-milliseconds taken by all reduce tasks=822748
		Total megabyte-milliseconds taken by all map tasks=2005008384
		Total megabyte-milliseconds taken by all reduce tasks=842493952
	Map-Reduce Framework
		Map input records=1022600
		Map output records=1022600
		Map output bytes=10745642829
		Map output materialized bytes=10754674163
		Input split bytes=8240
		Combine input records=0
		Combine output records=0
		Reduce input groups=1022600
		Reduce shuffle bytes=10754674163
		Reduce input records=1022600
		Reduce output records=1022600
		Spilled Records=4063920
		Shuffled Maps =240
		Failed Shuffles=0
		Merged Map outputs=240
		GC time elapsed (ms)=17040
		CPU time spent (ms)=1351530
		Physical memory (bytes) snapshot=22084149248
		Virtual memory (bytes) snapshot=175116709888
		Total committed heap usage (bytes)=16213082112
	Shuffle Errors
		BAD_ID=0
		CONNECTION=0
		IO_ERROR=0
		WRONG_LENGTH=0
		WRONG_MAP=0
		WRONG_REDUCE=0
	File Input Format Counters 
		Bytes Read=10774001635
	File Output Format Counters 
		Bytes Written=10772846837
