20/06/08 10:11:01 INFO client.RMProxy: Connecting to ResourceManager at master/10.51.17.95:8032
20/06/08 10:11:01 INFO input.FileInputFormat: Total input paths to process : 10
20/06/08 10:11:01 INFO mapreduce.JobSubmitter: number of splits:90
20/06/08 10:11:02 INFO mapreduce.JobSubmitter: Submitting tokens for job: job_1591576826506_0012
20/06/08 10:11:02 INFO impl.YarnClientImpl: Submitted application application_1591576826506_0012
20/06/08 10:11:02 INFO mapreduce.Job: The url to track the job: http://master:8088/proxy/application_1591576826506_0012/
20/06/08 10:11:02 INFO mapreduce.Job: Running job: job_1591576826506_0012
20/06/08 10:11:09 INFO mapreduce.Job: Job job_1591576826506_0012 running in uber mode : false
20/06/08 10:11:09 INFO mapreduce.Job:  map 0% reduce 0%
20/06/08 10:11:22 INFO mapreduce.Job:  map 1% reduce 0%
20/06/08 10:11:24 INFO mapreduce.Job:  map 2% reduce 0%
20/06/08 10:11:25 INFO mapreduce.Job:  map 3% reduce 0%
20/06/08 10:11:34 INFO mapreduce.Job:  map 4% reduce 0%
20/06/08 10:11:41 INFO mapreduce.Job:  map 5% reduce 0%
20/06/08 10:11:44 INFO mapreduce.Job:  map 6% reduce 0%
20/06/08 10:11:50 INFO mapreduce.Job:  map 7% reduce 0%
20/06/08 10:11:54 INFO mapreduce.Job:  map 8% reduce 0%
20/06/08 10:11:59 INFO mapreduce.Job:  map 9% reduce 0%
20/06/08 10:12:02 INFO mapreduce.Job:  map 10% reduce 0%
20/06/08 10:12:05 INFO mapreduce.Job:  map 11% reduce 0%
20/06/08 10:12:07 INFO mapreduce.Job:  map 12% reduce 0%
20/06/08 10:12:15 INFO mapreduce.Job:  map 13% reduce 0%
20/06/08 10:12:19 INFO mapreduce.Job:  map 14% reduce 0%
20/06/08 10:12:21 INFO mapreduce.Job:  map 15% reduce 0%
20/06/08 10:12:25 INFO mapreduce.Job:  map 16% reduce 0%
20/06/08 10:12:26 INFO mapreduce.Job:  map 17% reduce 0%
20/06/08 10:12:29 INFO mapreduce.Job:  map 18% reduce 0%
20/06/08 10:12:34 INFO mapreduce.Job:  map 18% reduce 5%
20/06/08 10:12:37 INFO mapreduce.Job:  map 19% reduce 5%
20/06/08 10:12:41 INFO mapreduce.Job:  map 20% reduce 5%
20/06/08 10:12:45 INFO mapreduce.Job:  map 21% reduce 5%
20/06/08 10:12:52 INFO mapreduce.Job:  map 22% reduce 5%
20/06/08 10:12:55 INFO mapreduce.Job:  map 23% reduce 5%
20/06/08 10:12:59 INFO mapreduce.Job:  map 24% reduce 6%
20/06/08 10:13:01 INFO mapreduce.Job:  map 25% reduce 6%
20/06/08 10:13:02 INFO mapreduce.Job:  map 25% reduce 7%
20/06/08 10:13:06 INFO mapreduce.Job:  map 26% reduce 7%
20/06/08 10:13:12 INFO mapreduce.Job:  map 27% reduce 7%
20/06/08 10:13:14 INFO mapreduce.Job:  map 28% reduce 7%
20/06/08 10:13:20 INFO mapreduce.Job:  map 29% reduce 7%
20/06/08 10:13:23 INFO mapreduce.Job:  map 29% reduce 8%
20/06/08 10:13:24 INFO mapreduce.Job:  map 30% reduce 8%
20/06/08 10:13:30 INFO mapreduce.Job:  map 31% reduce 8%
20/06/08 10:13:31 INFO mapreduce.Job:  map 32% reduce 8%
20/06/08 10:13:33 INFO mapreduce.Job:  map 32% reduce 9%
20/06/08 10:13:34 INFO mapreduce.Job:  map 33% reduce 9%
20/06/08 10:13:36 INFO mapreduce.Job:  map 33% reduce 10%
20/06/08 10:13:38 INFO mapreduce.Job:  map 34% reduce 10%
20/06/08 10:13:43 INFO mapreduce.Job:  map 35% reduce 10%
20/06/08 10:13:48 INFO mapreduce.Job:  map 36% reduce 10%
20/06/08 10:13:51 INFO mapreduce.Job:  map 37% reduce 10%
20/06/08 10:13:54 INFO mapreduce.Job:  map 37% reduce 11%
20/06/08 10:13:55 INFO mapreduce.Job:  map 38% reduce 11%
20/06/08 10:13:59 INFO mapreduce.Job:  map 39% reduce 11%
20/06/08 10:14:00 INFO mapreduce.Job:  map 39% reduce 12%
20/06/08 10:14:01 INFO mapreduce.Job:  map 40% reduce 12%
20/06/08 10:14:10 INFO mapreduce.Job:  map 41% reduce 12%
20/06/08 10:14:13 INFO mapreduce.Job:  map 42% reduce 12%
20/06/08 10:14:20 INFO mapreduce.Job:  map 43% reduce 12%
20/06/08 10:14:23 INFO mapreduce.Job:  map 44% reduce 12%
20/06/08 10:14:28 INFO mapreduce.Job:  map 45% reduce 13%
20/06/08 10:14:32 INFO mapreduce.Job:  map 46% reduce 13%
20/06/08 10:14:37 INFO mapreduce.Job:  map 47% reduce 13%
20/06/08 10:14:39 INFO mapreduce.Job:  map 48% reduce 13%
20/06/08 10:14:40 INFO mapreduce.Job:  map 48% reduce 14%
20/06/08 10:14:43 INFO mapreduce.Job:  map 49% reduce 14%
20/06/08 10:14:44 INFO mapreduce.Job:  map 50% reduce 14%
20/06/08 10:14:46 INFO mapreduce.Job:  map 50% reduce 15%
20/06/08 10:14:48 INFO mapreduce.Job:  map 50% reduce 16%
20/06/08 10:14:51 INFO mapreduce.Job:  map 51% reduce 16%
20/06/08 10:14:54 INFO mapreduce.Job:  map 52% reduce 16%
20/06/08 10:14:56 INFO mapreduce.Job:  map 52% reduce 17%
20/06/08 10:14:57 INFO mapreduce.Job:  map 53% reduce 17%
20/06/08 10:15:03 INFO mapreduce.Job:  map 54% reduce 17%
20/06/08 10:15:07 INFO mapreduce.Job:  map 55% reduce 17%
20/06/08 10:15:12 INFO mapreduce.Job:  map 56% reduce 17%
20/06/08 10:15:18 INFO mapreduce.Job:  map 57% reduce 17%
20/06/08 10:15:21 INFO mapreduce.Job:  map 58% reduce 17%
20/06/08 10:15:27 INFO mapreduce.Job:  map 59% reduce 17%
20/06/08 10:15:32 INFO mapreduce.Job:  map 60% reduce 17%
20/06/08 10:15:35 INFO mapreduce.Job:  map 61% reduce 18%
20/06/08 10:15:40 INFO mapreduce.Job:  map 62% reduce 18%
20/06/08 10:15:44 INFO mapreduce.Job:  map 63% reduce 19%
20/06/08 10:15:47 INFO mapreduce.Job:  map 64% reduce 19%
20/06/08 10:15:48 INFO mapreduce.Job:  map 65% reduce 19%
20/06/08 10:15:50 INFO mapreduce.Job:  map 65% reduce 21%
20/06/08 10:15:52 INFO mapreduce.Job:  map 66% reduce 21%
20/06/08 10:15:54 INFO mapreduce.Job:  map 67% reduce 21%
20/06/08 10:15:56 INFO mapreduce.Job:  map 67% reduce 22%
20/06/08 10:16:01 INFO mapreduce.Job:  map 68% reduce 22%
20/06/08 10:16:05 INFO mapreduce.Job:  map 69% reduce 22%
20/06/08 10:16:11 INFO mapreduce.Job:  map 70% reduce 22%
20/06/08 10:16:15 INFO mapreduce.Job:  map 71% reduce 22%
20/06/08 10:16:21 INFO mapreduce.Job:  map 72% reduce 22%
20/06/08 10:16:25 INFO mapreduce.Job:  map 73% reduce 22%
20/06/08 10:16:31 INFO mapreduce.Job:  map 74% reduce 22%
20/06/08 10:16:35 INFO mapreduce.Job:  map 75% reduce 22%
20/06/08 10:16:36 INFO mapreduce.Job:  map 76% reduce 22%
20/06/08 10:16:39 INFO mapreduce.Job:  map 76% reduce 23%
20/06/08 10:16:41 INFO mapreduce.Job:  map 77% reduce 23%
20/06/08 10:16:42 INFO mapreduce.Job:  map 77% reduce 24%
20/06/08 10:16:44 INFO mapreduce.Job:  map 78% reduce 24%
20/06/08 10:16:48 INFO mapreduce.Job:  map 79% reduce 25%
20/06/08 10:16:50 INFO mapreduce.Job:  map 80% reduce 25%
20/06/08 10:16:51 INFO mapreduce.Job:  map 80% reduce 26%
20/06/08 10:16:54 INFO mapreduce.Job:  map 81% reduce 26%
20/06/08 10:16:57 INFO mapreduce.Job:  map 82% reduce 26%
20/06/08 10:17:01 INFO mapreduce.Job:  map 83% reduce 27%
20/06/08 10:17:02 INFO mapreduce.Job:  map 84% reduce 27%
20/06/08 10:17:09 INFO mapreduce.Job:  map 86% reduce 27%
20/06/08 10:17:10 INFO mapreduce.Job:  map 87% reduce 27%
20/06/08 10:17:12 INFO mapreduce.Job:  map 88% reduce 27%
20/06/08 10:17:16 INFO mapreduce.Job:  map 89% reduce 27%
20/06/08 10:17:17 INFO mapreduce.Job:  map 90% reduce 27%
20/06/08 10:17:19 INFO mapreduce.Job:  map 90% reduce 28%
20/06/08 10:17:20 INFO mapreduce.Job:  map 91% reduce 28%
20/06/08 10:17:22 INFO mapreduce.Job:  map 92% reduce 29%
20/06/08 10:17:26 INFO mapreduce.Job:  map 93% reduce 29%
20/06/08 10:17:28 INFO mapreduce.Job:  map 94% reduce 29%
20/06/08 10:17:30 INFO mapreduce.Job:  map 95% reduce 29%
20/06/08 10:17:31 INFO mapreduce.Job:  map 96% reduce 30%
20/06/08 10:17:34 INFO mapreduce.Job:  map 96% reduce 31%
20/06/08 10:17:35 INFO mapreduce.Job:  map 97% reduce 31%
20/06/08 10:17:36 INFO mapreduce.Job:  map 98% reduce 31%
20/06/08 10:17:40 INFO mapreduce.Job:  map 98% reduce 32%
20/06/08 10:17:41 INFO mapreduce.Job:  map 99% reduce 32%
20/06/08 10:17:45 INFO mapreduce.Job:  map 100% reduce 32%
20/06/08 10:17:46 INFO mapreduce.Job:  map 100% reduce 37%
20/06/08 10:17:49 INFO mapreduce.Job:  map 100% reduce 70%
20/06/08 10:17:52 INFO mapreduce.Job:  map 100% reduce 76%
20/06/08 10:17:55 INFO mapreduce.Job:  map 100% reduce 82%
20/06/08 10:17:58 INFO mapreduce.Job:  map 100% reduce 89%
20/06/08 10:18:01 INFO mapreduce.Job:  map 100% reduce 100%
20/06/08 10:18:02 INFO mapreduce.Job: Job job_1591576826506_0012 completed successfully
20/06/08 10:18:02 INFO mapreduce.Job: Counters: 51
	File System Counters
		FILE: Number of bytes read=282717934
		FILE: Number of bytes written=437140132
		FILE: Number of read operations=0
		FILE: Number of large read operations=0
		FILE: Number of write operations=0
		HDFS: Number of bytes read=11025017054
		HDFS: Number of bytes written=294270572
		HDFS: Number of read operations=273
		HDFS: Number of large read operations=0
		HDFS: Number of write operations=2
	Job Counters 
		Killed map tasks=1
		Launched map tasks=91
		Launched reduce tasks=1
		Data-local map tasks=89
		Rack-local map tasks=2
		Total time spent by all maps in occupied slots (ms)=5024315
		Total time spent by all reduces in occupied slots (ms)=340229
		Total time spent by all map tasks (ms)=5024315
		Total time spent by all reduce tasks (ms)=340229
		Total vcore-milliseconds taken by all map tasks=5024315
		Total vcore-milliseconds taken by all reduce tasks=340229
		Total megabyte-milliseconds taken by all map tasks=5144898560
		Total megabyte-milliseconds taken by all reduce tasks=348394496
	Map-Reduce Framework
		Map input records=1637837
		Map output records=1011599953
		Map output bytes=15228210866
		Map output materialized bytes=143242685
		Input split bytes=10530
		Combine input records=1036366365
		Combine output records=47409266
		Reduce input groups=9910982
		Reduce shuffle bytes=143242685
		Reduce input records=22642854
		Reduce output records=9910982
		Spilled Records=70052120
		Shuffled Maps =90
		Failed Shuffles=0
		Merged Map outputs=90
		GC time elapsed (ms)=98752
		CPU time spent (ms)=2037860
		Physical memory (bytes) snapshot=25403580416
		Virtual memory (bytes) snapshot=192006275072
		Total committed heap usage (bytes)=18907398144
	Shuffle Errors
		BAD_ID=0
		CONNECTION=0
		IO_ERROR=0
		WRONG_LENGTH=0
		WRONG_MAP=0
		WRONG_REDUCE=0
	File Input Format Counters 
		Bytes Read=11025006524
	File Output Format Counters 
		Bytes Written=294270572
