20/06/17 23:05:16 INFO client.RMProxy: Connecting to ResourceManager at master/10.51.17.95:8032
20/06/17 23:05:16 INFO input.FileInputFormat: Total input paths to process : 10
20/06/17 23:05:16 INFO mapreduce.JobSubmitter: number of splits:90
20/06/17 23:05:17 INFO mapreduce.JobSubmitter: Submitting tokens for job: job_1592399327153_0009
20/06/17 23:05:17 INFO impl.YarnClientImpl: Submitted application application_1592399327153_0009
20/06/17 23:05:17 INFO mapreduce.Job: The url to track the job: http://master:8088/proxy/application_1592399327153_0009/
20/06/17 23:05:17 INFO mapreduce.Job: Running job: job_1592399327153_0009
20/06/17 23:05:25 INFO mapreduce.Job: Job job_1592399327153_0009 running in uber mode : false
20/06/17 23:05:25 INFO mapreduce.Job:  map 0% reduce 0%
20/06/17 23:05:36 INFO mapreduce.Job:  map 1% reduce 0%
20/06/17 23:05:38 INFO mapreduce.Job:  map 2% reduce 0%
20/06/17 23:05:43 INFO mapreduce.Job:  map 3% reduce 0%
20/06/17 23:05:49 INFO mapreduce.Job:  map 4% reduce 0%
20/06/17 23:05:55 INFO mapreduce.Job:  map 5% reduce 0%
20/06/17 23:06:00 INFO mapreduce.Job:  map 6% reduce 0%
20/06/17 23:06:02 INFO mapreduce.Job:  map 7% reduce 0%
20/06/17 23:06:04 INFO mapreduce.Job:  map 8% reduce 0%
20/06/17 23:06:09 INFO mapreduce.Job:  map 9% reduce 0%
20/06/17 23:06:15 INFO mapreduce.Job:  map 10% reduce 0%
20/06/17 23:06:19 INFO mapreduce.Job:  map 11% reduce 0%
20/06/17 23:06:22 INFO mapreduce.Job:  map 12% reduce 0%
20/06/17 23:06:23 INFO mapreduce.Job:  map 13% reduce 0%
20/06/17 23:06:29 INFO mapreduce.Job:  map 14% reduce 0%
20/06/17 23:06:34 INFO mapreduce.Job:  map 15% reduce 0%
20/06/17 23:06:37 INFO mapreduce.Job:  map 16% reduce 0%
20/06/17 23:06:43 INFO mapreduce.Job:  map 17% reduce 0%
20/06/17 23:06:47 INFO mapreduce.Job:  map 18% reduce 5%
20/06/17 23:06:54 INFO mapreduce.Job:  map 19% reduce 5%
20/06/17 23:06:58 INFO mapreduce.Job:  map 20% reduce 5%
20/06/17 23:07:05 INFO mapreduce.Job:  map 21% reduce 5%
20/06/17 23:07:10 INFO mapreduce.Job:  map 22% reduce 5%
20/06/17 23:07:15 INFO mapreduce.Job:  map 22% reduce 6%
20/06/17 23:07:16 INFO mapreduce.Job:  map 23% reduce 6%
20/06/17 23:07:19 INFO mapreduce.Job:  map 24% reduce 6%
20/06/17 23:07:21 INFO mapreduce.Job:  map 25% reduce 7%
20/06/17 23:07:23 INFO mapreduce.Job:  map 26% reduce 7%
20/06/17 23:07:24 INFO mapreduce.Job:  map 26% reduce 9%
20/06/17 23:07:31 INFO mapreduce.Job:  map 27% reduce 9%
20/06/17 23:07:38 INFO mapreduce.Job:  map 28% reduce 9%
20/06/17 23:07:42 INFO mapreduce.Job:  map 29% reduce 9%
20/06/17 23:07:49 INFO mapreduce.Job:  map 30% reduce 9%
20/06/17 23:07:52 INFO mapreduce.Job:  map 31% reduce 9%
20/06/17 23:07:55 INFO mapreduce.Job:  map 31% reduce 10%
20/06/17 23:07:59 INFO mapreduce.Job:  map 32% reduce 10%
20/06/17 23:08:03 INFO mapreduce.Job:  map 33% reduce 10%
20/06/17 23:08:09 INFO mapreduce.Job:  map 34% reduce 10%
20/06/17 23:08:12 INFO mapreduce.Job:  map 35% reduce 10%
20/06/17 23:08:19 INFO mapreduce.Job:  map 36% reduce 10%
20/06/17 23:08:24 INFO mapreduce.Job:  map 37% reduce 10%
20/06/17 23:08:25 INFO mapreduce.Job:  map 38% reduce 11%
20/06/17 23:08:27 INFO mapreduce.Job:  map 39% reduce 11%
20/06/17 23:08:28 INFO mapreduce.Job:  map 39% reduce 13%
20/06/17 23:08:35 INFO mapreduce.Job:  map 40% reduce 13%
20/06/17 23:08:41 INFO mapreduce.Job:  map 41% reduce 13%
20/06/17 23:08:45 INFO mapreduce.Job:  map 42% reduce 13%
20/06/17 23:08:51 INFO mapreduce.Job:  map 43% reduce 13%
20/06/17 23:08:55 INFO mapreduce.Job:  map 44% reduce 13%
20/06/17 23:08:58 INFO mapreduce.Job:  map 44% reduce 14%
20/06/17 23:08:59 INFO mapreduce.Job:  map 45% reduce 14%
20/06/17 23:09:05 INFO mapreduce.Job:  map 46% reduce 14%
20/06/17 23:09:10 INFO mapreduce.Job:  map 47% reduce 14%
20/06/17 23:09:16 INFO mapreduce.Job:  map 48% reduce 14%
20/06/17 23:09:21 INFO mapreduce.Job:  map 49% reduce 14%
20/06/17 23:09:25 INFO mapreduce.Job:  map 50% reduce 14%
20/06/17 23:09:26 INFO mapreduce.Job:  map 51% reduce 15%
20/06/17 23:09:28 INFO mapreduce.Job:  map 51% reduce 16%
20/06/17 23:09:31 INFO mapreduce.Job:  map 52% reduce 17%
20/06/17 23:09:34 INFO mapreduce.Job:  map 53% reduce 17%
20/06/17 23:09:41 INFO mapreduce.Job:  map 54% reduce 17%
20/06/17 23:09:45 INFO mapreduce.Job:  map 55% reduce 17%
20/06/17 23:09:51 INFO mapreduce.Job:  map 56% reduce 17%
20/06/17 23:09:55 INFO mapreduce.Job:  map 57% reduce 17%
20/06/17 23:09:56 INFO mapreduce.Job:  map 57% reduce 18%
20/06/17 23:09:58 INFO mapreduce.Job:  map 58% reduce 18%
20/06/17 23:10:02 INFO mapreduce.Job:  map 58% reduce 19%
20/06/17 23:10:04 INFO mapreduce.Job:  map 59% reduce 19%
20/06/17 23:10:10 INFO mapreduce.Job:  map 60% reduce 19%
20/06/17 23:10:14 INFO mapreduce.Job:  map 61% reduce 19%
20/06/17 23:10:20 INFO mapreduce.Job:  map 62% reduce 19%
20/06/17 23:10:22 INFO mapreduce.Job:  map 63% reduce 19%
20/06/17 23:10:24 INFO mapreduce.Job:  map 64% reduce 20%
20/06/17 23:10:30 INFO mapreduce.Job:  map 65% reduce 20%
20/06/17 23:10:33 INFO mapreduce.Job:  map 66% reduce 21%
20/06/17 23:10:36 INFO mapreduce.Job:  map 66% reduce 22%
20/06/17 23:10:38 INFO mapreduce.Job:  map 67% reduce 22%
20/06/17 23:10:42 INFO mapreduce.Job:  map 68% reduce 22%
20/06/17 23:10:45 INFO mapreduce.Job:  map 69% reduce 22%
20/06/17 23:10:47 INFO mapreduce.Job:  map 70% reduce 22%
20/06/17 23:10:51 INFO mapreduce.Job:  map 71% reduce 22%
20/06/17 23:10:52 INFO mapreduce.Job:  map 72% reduce 22%
20/06/17 23:10:53 INFO mapreduce.Job:  map 72% reduce 23%
20/06/17 23:10:59 INFO mapreduce.Job:  map 73% reduce 23%
20/06/17 23:11:02 INFO mapreduce.Job:  map 74% reduce 23%
20/06/17 23:11:06 INFO mapreduce.Job:  map 75% reduce 24%
20/06/17 23:11:10 INFO mapreduce.Job:  map 76% reduce 24%
20/06/17 23:11:16 INFO mapreduce.Job:  map 77% reduce 24%
20/06/17 23:11:18 INFO mapreduce.Job:  map 78% reduce 24%
20/06/17 23:11:21 INFO mapreduce.Job:  map 78% reduce 25%
20/06/17 23:11:23 INFO mapreduce.Job:  map 79% reduce 25%
20/06/17 23:11:25 INFO mapreduce.Job:  map 80% reduce 25%
20/06/17 23:11:27 INFO mapreduce.Job:  map 80% reduce 26%
20/06/17 23:11:33 INFO mapreduce.Job:  map 81% reduce 26%
20/06/17 23:11:35 INFO mapreduce.Job:  map 82% reduce 26%
20/06/17 23:11:36 INFO mapreduce.Job:  map 82% reduce 27%
20/06/17 23:11:42 INFO mapreduce.Job:  map 83% reduce 27%
20/06/17 23:11:45 INFO mapreduce.Job:  map 84% reduce 27%
20/06/17 23:11:51 INFO mapreduce.Job:  map 85% reduce 27%
20/06/17 23:11:57 INFO mapreduce.Job:  map 86% reduce 27%
20/06/17 23:12:00 INFO mapreduce.Job:  map 87% reduce 27%
20/06/17 23:12:04 INFO mapreduce.Job:  map 88% reduce 28%
20/06/17 23:12:10 INFO mapreduce.Job:  map 89% reduce 28%
20/06/17 23:12:12 INFO mapreduce.Job:  map 90% reduce 28%
20/06/17 23:12:13 INFO mapreduce.Job:  map 90% reduce 29%
20/06/17 23:12:14 INFO mapreduce.Job:  map 91% reduce 29%
20/06/17 23:12:16 INFO mapreduce.Job:  map 92% reduce 29%
20/06/17 23:12:18 INFO mapreduce.Job:  map 92% reduce 30%
20/06/17 23:12:19 INFO mapreduce.Job:  map 93% reduce 30%
20/06/17 23:12:22 INFO mapreduce.Job:  map 94% reduce 30%
20/06/17 23:12:23 INFO mapreduce.Job:  map 95% reduce 30%
20/06/17 23:12:26 INFO mapreduce.Job:  map 96% reduce 31%
20/06/17 23:12:28 INFO mapreduce.Job:  map 97% reduce 31%
20/06/17 23:12:29 INFO mapreduce.Job:  map 97% reduce 32%
20/06/17 23:12:31 INFO mapreduce.Job:  map 98% reduce 32%
20/06/17 23:12:32 INFO mapreduce.Job:  map 99% reduce 32%
20/06/17 23:12:33 INFO mapreduce.Job:  map 100% reduce 32%
20/06/17 23:12:35 INFO mapreduce.Job:  map 100% reduce 33%
20/06/17 23:12:38 INFO mapreduce.Job:  map 100% reduce 50%
20/06/17 23:12:41 INFO mapreduce.Job:  map 100% reduce 70%
20/06/17 23:12:44 INFO mapreduce.Job:  map 100% reduce 76%
20/06/17 23:12:47 INFO mapreduce.Job:  map 100% reduce 82%
20/06/17 23:12:50 INFO mapreduce.Job:  map 100% reduce 88%
20/06/17 23:12:53 INFO mapreduce.Job:  map 100% reduce 100%
20/06/17 23:12:55 INFO mapreduce.Job: Job job_1592399327153_0009 completed successfully
20/06/17 23:12:55 INFO mapreduce.Job: Counters: 51
	File System Counters
		FILE: Number of bytes read=286641067
		FILE: Number of bytes written=442686877
		FILE: Number of read operations=0
		FILE: Number of large read operations=0
		FILE: Number of write operations=0
		HDFS: Number of bytes read=11025668664
		HDFS: Number of bytes written=333229171
		HDFS: Number of read operations=273
		HDFS: Number of large read operations=0
		HDFS: Number of write operations=2
	Job Counters 
		Killed map tasks=1
		Launched map tasks=91
		Launched reduce tasks=1
		Data-local map tasks=80
		Rack-local map tasks=11
		Total time spent by all maps in occupied slots (ms)=3751639
		Total time spent by all reduces in occupied slots (ms)=375798
		Total time spent by all map tasks (ms)=3751639
		Total time spent by all reduce tasks (ms)=375798
		Total vcore-milliseconds taken by all map tasks=3751639
		Total vcore-milliseconds taken by all reduce tasks=375798
		Total megabyte-milliseconds taken by all map tasks=3841678336
		Total megabyte-milliseconds taken by all reduce tasks=384817152
	Map-Reduce Framework
		Map input records=1179594
		Map output records=1009767860
		Map output bytes=15225044514
		Map output materialized bytes=144895828
		Input split bytes=9630
		Combine input records=1034538483
		Combine output records=47414618
		Reduce input groups=9908198
		Reduce shuffle bytes=144895828
		Reduce input records=22643995
		Reduce output records=9908198
		Spilled Records=70058613
		Shuffled Maps =90
		Failed Shuffles=0
		Merged Map outputs=90
		GC time elapsed (ms)=64480
		CPU time spent (ms)=2201690
		Physical memory (bytes) snapshot=25477615616
		Virtual memory (bytes) snapshot=191934566400
		Total committed heap usage (bytes)=18919456768
	Shuffle Errors
		BAD_ID=0
		CONNECTION=0
		IO_ERROR=0
		WRONG_LENGTH=0
		WRONG_MAP=0
		WRONG_REDUCE=0
	File Input Format Counters 
		Bytes Read=11025659034
	File Output Format Counters 
		Bytes Written=333229171
