20/06/08 09:47:49 INFO client.RMProxy: Connecting to ResourceManager at master/10.51.17.95:8032
20/06/08 09:47:49 INFO input.FileInputFormat: Total input paths to process : 10
20/06/08 09:47:50 INFO mapreduce.JobSubmitter: number of splits:90
20/06/08 09:47:50 INFO mapreduce.JobSubmitter: Submitting tokens for job: job_1591576826506_0005
20/06/08 09:47:50 INFO impl.YarnClientImpl: Submitted application application_1591576826506_0005
20/06/08 09:47:50 INFO mapreduce.Job: The url to track the job: http://master:8088/proxy/application_1591576826506_0005/
20/06/08 09:47:50 INFO mapreduce.Job: Running job: job_1591576826506_0005
20/06/08 09:47:59 INFO mapreduce.Job: Job job_1591576826506_0005 running in uber mode : false
20/06/08 09:47:59 INFO mapreduce.Job:  map 0% reduce 0%
20/06/08 09:48:13 INFO mapreduce.Job:  map 1% reduce 0%
20/06/08 09:48:15 INFO mapreduce.Job:  map 2% reduce 0%
20/06/08 09:48:16 INFO mapreduce.Job:  map 3% reduce 0%
20/06/08 09:48:26 INFO mapreduce.Job:  map 4% reduce 0%
20/06/08 09:48:32 INFO mapreduce.Job:  map 5% reduce 0%
20/06/08 09:48:35 INFO mapreduce.Job:  map 6% reduce 0%
20/06/08 09:48:43 INFO mapreduce.Job:  map 7% reduce 0%
20/06/08 09:48:46 INFO mapreduce.Job:  map 8% reduce 0%
20/06/08 09:48:52 INFO mapreduce.Job:  map 9% reduce 0%
20/06/08 09:48:56 INFO mapreduce.Job:  map 10% reduce 0%
20/06/08 09:48:59 INFO mapreduce.Job:  map 12% reduce 0%
20/06/08 09:49:09 INFO mapreduce.Job:  map 13% reduce 0%
20/06/08 09:49:11 INFO mapreduce.Job:  map 14% reduce 0%
20/06/08 09:49:14 INFO mapreduce.Job:  map 15% reduce 0%
20/06/08 09:49:16 INFO mapreduce.Job:  map 16% reduce 0%
20/06/08 09:49:17 INFO mapreduce.Job:  map 17% reduce 0%
20/06/08 09:49:21 INFO mapreduce.Job:  map 18% reduce 0%
20/06/08 09:49:28 INFO mapreduce.Job:  map 19% reduce 0%
20/06/08 09:49:31 INFO mapreduce.Job:  map 20% reduce 5%
20/06/08 09:49:40 INFO mapreduce.Job:  map 21% reduce 5%
20/06/08 09:49:44 INFO mapreduce.Job:  map 22% reduce 5%
20/06/08 09:49:46 INFO mapreduce.Job:  map 23% reduce 5%
20/06/08 09:49:47 INFO mapreduce.Job:  map 23% reduce 6%
20/06/08 09:49:53 INFO mapreduce.Job:  map 24% reduce 6%
20/06/08 09:49:55 INFO mapreduce.Job:  map 25% reduce 6%
20/06/08 09:49:56 INFO mapreduce.Job:  map 26% reduce 7%
20/06/08 09:50:05 INFO mapreduce.Job:  map 27% reduce 7%
20/06/08 09:50:06 INFO mapreduce.Job:  map 28% reduce 7%
20/06/08 09:50:13 INFO mapreduce.Job:  map 29% reduce 7%
20/06/08 09:50:17 INFO mapreduce.Job:  map 30% reduce 8%
20/06/08 09:50:24 INFO mapreduce.Job:  map 31% reduce 8%
20/06/08 09:50:25 INFO mapreduce.Job:  map 32% reduce 8%
20/06/08 09:50:27 INFO mapreduce.Job:  map 33% reduce 10%
20/06/08 09:50:30 INFO mapreduce.Job:  map 34% reduce 10%
20/06/08 09:50:37 INFO mapreduce.Job:  map 35% reduce 10%
20/06/08 09:50:40 INFO mapreduce.Job:  map 36% reduce 10%
20/06/08 09:50:45 INFO mapreduce.Job:  map 37% reduce 10%
20/06/08 09:50:48 INFO mapreduce.Job:  map 38% reduce 11%
20/06/08 09:50:50 INFO mapreduce.Job:  map 39% reduce 11%
20/06/08 09:50:51 INFO mapreduce.Job:  map 39% reduce 12%
20/06/08 09:50:57 INFO mapreduce.Job:  map 40% reduce 12%
20/06/08 09:51:02 INFO mapreduce.Job:  map 41% reduce 12%
20/06/08 09:51:07 INFO mapreduce.Job:  map 42% reduce 12%
20/06/08 09:51:11 INFO mapreduce.Job:  map 43% reduce 12%
20/06/08 09:51:17 INFO mapreduce.Job:  map 44% reduce 12%
20/06/08 09:51:22 INFO mapreduce.Job:  map 45% reduce 12%
20/06/08 09:51:24 INFO mapreduce.Job:  map 46% reduce 12%
20/06/08 09:51:25 INFO mapreduce.Job:  map 46% reduce 13%
20/06/08 09:51:29 INFO mapreduce.Job:  map 47% reduce 13%
20/06/08 09:51:31 INFO mapreduce.Job:  map 48% reduce 13%
20/06/08 09:51:34 INFO mapreduce.Job:  map 48% reduce 14%
20/06/08 09:51:35 INFO mapreduce.Job:  map 49% reduce 14%
20/06/08 09:51:37 INFO mapreduce.Job:  map 49% reduce 15%
20/06/08 09:51:40 INFO mapreduce.Job:  map 50% reduce 15%
20/06/08 09:51:42 INFO mapreduce.Job:  map 51% reduce 15%
20/06/08 09:51:44 INFO mapreduce.Job:  map 51% reduce 16%
20/06/08 09:51:47 INFO mapreduce.Job:  map 52% reduce 16%
20/06/08 09:51:50 INFO mapreduce.Job:  map 53% reduce 17%
20/06/08 09:51:55 INFO mapreduce.Job:  map 54% reduce 17%
20/06/08 09:52:01 INFO mapreduce.Job:  map 55% reduce 17%
20/06/08 09:52:05 INFO mapreduce.Job:  map 56% reduce 17%
20/06/08 09:52:10 INFO mapreduce.Job:  map 57% reduce 17%
20/06/08 09:52:14 INFO mapreduce.Job:  map 58% reduce 17%
20/06/08 09:52:19 INFO mapreduce.Job:  map 59% reduce 17%
20/06/08 09:52:27 INFO mapreduce.Job:  map 60% reduce 17%
20/06/08 09:52:29 INFO mapreduce.Job:  map 61% reduce 17%
20/06/08 09:52:32 INFO mapreduce.Job:  map 62% reduce 18%
20/06/08 09:52:35 INFO mapreduce.Job:  map 63% reduce 19%
20/06/08 09:52:39 INFO mapreduce.Job:  map 64% reduce 19%
20/06/08 09:52:42 INFO mapreduce.Job:  map 65% reduce 20%
20/06/08 09:52:45 INFO mapreduce.Job:  map 66% reduce 21%
20/06/08 09:52:49 INFO mapreduce.Job:  map 67% reduce 21%
20/06/08 09:52:51 INFO mapreduce.Job:  map 67% reduce 22%
20/06/08 09:52:54 INFO mapreduce.Job:  map 68% reduce 22%
20/06/08 09:52:56 INFO mapreduce.Job:  map 69% reduce 22%
20/06/08 09:53:03 INFO mapreduce.Job:  map 70% reduce 22%
20/06/08 09:53:09 INFO mapreduce.Job:  map 71% reduce 22%
20/06/08 09:53:13 INFO mapreduce.Job:  map 72% reduce 22%
20/06/08 09:53:18 INFO mapreduce.Job:  map 73% reduce 22%
20/06/08 09:53:23 INFO mapreduce.Job:  map 74% reduce 22%
20/06/08 09:53:27 INFO mapreduce.Job:  map 75% reduce 23%
20/06/08 09:53:30 INFO mapreduce.Job:  map 76% reduce 23%
20/06/08 09:53:33 INFO mapreduce.Job:  map 77% reduce 24%
20/06/08 09:53:38 INFO mapreduce.Job:  map 78% reduce 24%
20/06/08 09:53:42 INFO mapreduce.Job:  map 79% reduce 24%
20/06/08 09:53:44 INFO mapreduce.Job:  map 79% reduce 25%
20/06/08 09:53:46 INFO mapreduce.Job:  map 80% reduce 25%
20/06/08 09:53:49 INFO mapreduce.Job:  map 81% reduce 25%
20/06/08 09:53:50 INFO mapreduce.Job:  map 81% reduce 26%
20/06/08 09:53:52 INFO mapreduce.Job:  map 82% reduce 26%
20/06/08 09:53:54 INFO mapreduce.Job:  map 83% reduce 26%
20/06/08 09:53:55 INFO mapreduce.Job:  map 83% reduce 27%
20/06/08 09:53:59 INFO mapreduce.Job:  map 84% reduce 27%
20/06/08 09:54:00 INFO mapreduce.Job:  map 85% reduce 27%
20/06/08 09:54:02 INFO mapreduce.Job:  map 86% reduce 27%
20/06/08 09:54:04 INFO mapreduce.Job:  map 87% reduce 27%
20/06/08 09:54:05 INFO mapreduce.Job:  map 88% reduce 27%
20/06/08 09:54:11 INFO mapreduce.Job:  map 89% reduce 27%
20/06/08 09:54:12 INFO mapreduce.Job:  map 90% reduce 27%
20/06/08 09:54:13 INFO mapreduce.Job:  map 90% reduce 28%
20/06/08 09:54:14 INFO mapreduce.Job:  map 91% reduce 28%
20/06/08 09:54:16 INFO mapreduce.Job:  map 91% reduce 29%
20/06/08 09:54:17 INFO mapreduce.Job:  map 92% reduce 29%
20/06/08 09:54:18 INFO mapreduce.Job:  map 93% reduce 29%
20/06/08 09:54:22 INFO mapreduce.Job:  map 94% reduce 29%
20/06/08 09:54:23 INFO mapreduce.Job:  map 94% reduce 30%
20/06/08 09:54:25 INFO mapreduce.Job:  map 95% reduce 30%
20/06/08 09:54:26 INFO mapreduce.Job:  map 96% reduce 31%
20/06/08 09:54:27 INFO mapreduce.Job:  map 97% reduce 31%
20/06/08 09:54:34 INFO mapreduce.Job:  map 98% reduce 31%
20/06/08 09:54:36 INFO mapreduce.Job:  map 99% reduce 31%
20/06/08 09:54:38 INFO mapreduce.Job:  map 99% reduce 33%
20/06/08 09:54:39 INFO mapreduce.Job:  map 100% reduce 33%
20/06/08 09:54:47 INFO mapreduce.Job:  map 100% reduce 69%
20/06/08 09:54:50 INFO mapreduce.Job:  map 100% reduce 75%
20/06/08 09:54:53 INFO mapreduce.Job:  map 100% reduce 80%
20/06/08 09:54:56 INFO mapreduce.Job:  map 100% reduce 86%
20/06/08 09:54:59 INFO mapreduce.Job:  map 100% reduce 96%
20/06/08 09:55:01 INFO mapreduce.Job:  map 100% reduce 100%
20/06/08 09:55:01 INFO mapreduce.Job: Job job_1591576826506_0005 completed successfully
20/06/08 09:55:01 INFO mapreduce.Job: Counters: 51
	File System Counters
		FILE: Number of bytes read=289201034
		FILE: Number of bytes written=446215407
		FILE: Number of read operations=0
		FILE: Number of large read operations=0
		FILE: Number of write operations=0
		HDFS: Number of bytes read=11024967196
		HDFS: Number of bytes written=354414558
		HDFS: Number of read operations=273
		HDFS: Number of large read operations=0
		HDFS: Number of write operations=2
	Job Counters 
		Killed map tasks=1
		Launched map tasks=91
		Launched reduce tasks=1
		Data-local map tasks=90
		Rack-local map tasks=1
		Total time spent by all maps in occupied slots (ms)=5052701
		Total time spent by all reduces in occupied slots (ms)=342407
		Total time spent by all map tasks (ms)=5052701
		Total time spent by all reduce tasks (ms)=342407
		Total vcore-milliseconds taken by all map tasks=5052701
		Total vcore-milliseconds taken by all reduce tasks=342407
		Total megabyte-milliseconds taken by all map tasks=5173965824
		Total megabyte-milliseconds taken by all reduce tasks=350624768
	Map-Reduce Framework
		Map input records=722647
		Map output records=1009309728
		Map output bytes=15221789314
		Map output materialized bytes=145834860
		Input split bytes=10530
		Combine input records=1034077132
		Combine output records=47409035
		Reduce input groups=9908022
		Reduce shuffle bytes=145834860
		Reduce input records=22641631
		Reduce output records=9908022
		Spilled Records=70050666
		Shuffled Maps =90
		Failed Shuffles=0
		Merged Map outputs=90
		GC time elapsed (ms)=99611
		CPU time spent (ms)=2043960
		Physical memory (bytes) snapshot=25439436800
		Virtual memory (bytes) snapshot=191927930880
		Total committed heap usage (bytes)=18915786752
	Shuffle Errors
		BAD_ID=0
		CONNECTION=0
		IO_ERROR=0
		WRONG_LENGTH=0
		WRONG_MAP=0
		WRONG_REDUCE=0
	File Input Format Counters 
		Bytes Read=11024956666
	File Output Format Counters 
		Bytes Written=354414558
