20/06/15 21:16:18 INFO client.RMProxy: Connecting to ResourceManager at master/10.51.17.95:8032
20/06/15 21:16:18 INFO input.FileInputFormat: Total input paths to process : 10
20/06/15 21:16:19 INFO mapreduce.JobSubmitter: number of splits:90
20/06/15 21:16:20 INFO mapreduce.JobSubmitter: Submitting tokens for job: job_1592222701541_0006
20/06/15 21:16:20 INFO impl.YarnClientImpl: Submitted application application_1592222701541_0006
20/06/15 21:16:20 INFO mapreduce.Job: The url to track the job: http://master:8088/proxy/application_1592222701541_0006/
20/06/15 21:16:20 INFO mapreduce.Job: Running job: job_1592222701541_0006
20/06/15 21:16:25 INFO mapreduce.Job: Job job_1592222701541_0006 running in uber mode : false
20/06/15 21:16:25 INFO mapreduce.Job:  map 0% reduce 0%
20/06/15 21:16:31 INFO mapreduce.Job: Task Id : attempt_1592222701541_0006_m_000006_0, Status : FAILED
Error: Java heap space
20/06/15 21:16:31 INFO mapreduce.Job: Task Id : attempt_1592222701541_0006_m_000002_0, Status : FAILED
Error: Java heap space
20/06/15 21:16:31 INFO mapreduce.Job: Task Id : attempt_1592222701541_0006_m_000001_0, Status : FAILED
Error: Java heap space
20/06/15 21:16:31 INFO mapreduce.Job: Task Id : attempt_1592222701541_0006_m_000005_0, Status : FAILED
Error: Java heap space
20/06/15 21:16:33 INFO mapreduce.Job: Task Id : attempt_1592222701541_0006_m_000012_0, Status : FAILED
Error: Java heap space
20/06/15 21:16:33 INFO mapreduce.Job: Task Id : attempt_1592222701541_0006_m_000003_0, Status : FAILED
Error: Java heap space
Container killed by the ApplicationMaster.
Container killed on request. Exit code is 143
Container exited with a non-zero exit code 143

20/06/15 21:16:33 INFO mapreduce.Job: Task Id : attempt_1592222701541_0006_m_000004_0, Status : FAILED
Error: Java heap space
20/06/15 21:16:34 INFO mapreduce.Job: Task Id : attempt_1592222701541_0006_m_000016_0, Status : FAILED
Error: Java heap space
Container killed by the ApplicationMaster.
Container killed on request. Exit code is 143
Container exited with a non-zero exit code 143

20/06/15 21:16:34 INFO mapreduce.Job: Task Id : attempt_1592222701541_0006_m_000010_0, Status : FAILED
Error: Java heap space
Container killed by the ApplicationMaster.
Container killed on request. Exit code is 143
Container exited with a non-zero exit code 143

20/06/15 21:16:34 INFO mapreduce.Job: Task Id : attempt_1592222701541_0006_m_000000_0, Status : FAILED
Error: Java heap space
Container killed by the ApplicationMaster.
Container killed on request. Exit code is 143
Container exited with a non-zero exit code 143

20/06/15 21:16:36 INFO mapreduce.Job: Task Id : attempt_1592222701541_0006_m_000007_0, Status : FAILED
Error: Java heap space
Container killed by the ApplicationMaster.
Container killed on request. Exit code is 143
Container exited with a non-zero exit code 143

20/06/15 21:16:36 INFO mapreduce.Job: Task Id : attempt_1592222701541_0006_m_000011_0, Status : FAILED
Error: Java heap space
Container killed by the ApplicationMaster.
Container killed on request. Exit code is 143
Container exited with a non-zero exit code 143

20/06/15 21:16:36 INFO mapreduce.Job: Task Id : attempt_1592222701541_0006_m_000008_0, Status : FAILED
Error: Java heap space
20/06/15 21:16:36 INFO mapreduce.Job: Task Id : attempt_1592222701541_0006_m_000009_0, Status : FAILED
Error: Java heap space
20/06/15 21:16:41 INFO mapreduce.Job: Task Id : attempt_1592222701541_0006_m_000001_1, Status : FAILED
Error: Java heap space
20/06/15 21:16:41 INFO mapreduce.Job: Task Id : attempt_1592222701541_0006_m_000006_1, Status : FAILED
Error: Java heap space
20/06/15 21:16:41 INFO mapreduce.Job: Task Id : attempt_1592222701541_0006_m_000002_1, Status : FAILED
Error: Java heap space
20/06/15 21:16:41 INFO mapreduce.Job: Task Id : attempt_1592222701541_0006_m_000004_1, Status : FAILED
Error: Java heap space
20/06/15 21:16:42 INFO mapreduce.Job:  map 1% reduce 0%
20/06/15 21:16:42 INFO mapreduce.Job: Task Id : attempt_1592222701541_0006_m_000016_1, Status : FAILED
Error: Java heap space
Container killed by the ApplicationMaster.
Container killed on request. Exit code is 143
Container exited with a non-zero exit code 143

20/06/15 21:16:42 INFO mapreduce.Job: Task Id : attempt_1592222701541_0006_m_000012_1, Status : FAILED
Error: Java heap space
Container killed by the ApplicationMaster.
Container killed on request. Exit code is 143
Container exited with a non-zero exit code 143

20/06/15 21:16:42 INFO mapreduce.Job: Task Id : attempt_1592222701541_0006_m_000005_1, Status : FAILED
Error: Java heap space
Container killed by the ApplicationMaster.
Container killed on request. Exit code is 143
Container exited with a non-zero exit code 143

20/06/15 21:16:42 INFO mapreduce.Job: Task Id : attempt_1592222701541_0006_m_000003_1, Status : FAILED
Error: Java heap space
Container killed by the ApplicationMaster.
Container killed on request. Exit code is 143
Container exited with a non-zero exit code 143

20/06/15 21:16:43 INFO mapreduce.Job:  map 0% reduce 0%
20/06/15 21:16:43 INFO mapreduce.Job: Task Id : attempt_1592222701541_0006_m_000000_1, Status : FAILED
Error: Java heap space
Container killed by the ApplicationMaster.
Container killed on request. Exit code is 143
Container exited with a non-zero exit code 143

20/06/15 21:16:43 INFO mapreduce.Job: Task Id : attempt_1592222701541_0006_m_000010_1, Status : FAILED
Error: Java heap space
Container killed by the ApplicationMaster.
Container killed on request. Exit code is 143
Container exited with a non-zero exit code 143

20/06/15 21:16:47 INFO mapreduce.Job: Task Id : attempt_1592222701541_0006_m_000009_1, Status : FAILED
Error: Java heap space
Container killed by the ApplicationMaster.
Container killed on request. Exit code is 143
Container exited with a non-zero exit code 143

20/06/15 21:16:47 INFO mapreduce.Job: Task Id : attempt_1592222701541_0006_m_000008_1, Status : FAILED
Error: Java heap space
Container killed by the ApplicationMaster.
Container killed on request. Exit code is 143
Container exited with a non-zero exit code 143

20/06/15 21:16:48 INFO mapreduce.Job: Task Id : attempt_1592222701541_0006_m_000004_2, Status : FAILED
Error: Java heap space
Container killed by the ApplicationMaster.
Container killed on request. Exit code is 143
Container exited with a non-zero exit code 143

20/06/15 21:16:48 INFO mapreduce.Job: Task Id : attempt_1592222701541_0006_m_000016_2, Status : FAILED
Error: Java heap space
Container killed by the ApplicationMaster.
Container killed on request. Exit code is 143
Container exited with a non-zero exit code 143

20/06/15 21:16:49 INFO mapreduce.Job: Task Id : attempt_1592222701541_0006_m_000011_1, Status : FAILED
Error: Java heap space
20/06/15 21:16:49 INFO mapreduce.Job: Task Id : attempt_1592222701541_0006_m_000001_2, Status : FAILED
Error: Java heap space
20/06/15 21:16:50 INFO mapreduce.Job: Task Id : attempt_1592222701541_0006_m_000002_2, Status : FAILED
Error: Java heap space
Container killed by the ApplicationMaster.
Container killed on request. Exit code is 143
Container exited with a non-zero exit code 143

20/06/15 21:16:50 INFO mapreduce.Job: Task Id : attempt_1592222701541_0006_m_000006_2, Status : FAILED
Error: Java heap space
20/06/15 21:16:50 INFO mapreduce.Job: Task Id : attempt_1592222701541_0006_m_000007_1, Status : FAILED
Error: Java heap space
20/06/15 21:16:50 INFO mapreduce.Job: Task Id : attempt_1592222701541_0006_m_000012_2, Status : FAILED
Error: Java heap space
20/06/15 21:16:52 INFO mapreduce.Job: Task Id : attempt_1592222701541_0006_m_000005_2, Status : FAILED
Error: Java heap space
Container killed by the ApplicationMaster.
Container killed on request. Exit code is 143
Container exited with a non-zero exit code 143

20/06/15 21:16:52 INFO mapreduce.Job: Task Id : attempt_1592222701541_0006_m_000003_2, Status : FAILED
Error: Java heap space
20/06/15 21:16:52 INFO mapreduce.Job: Task Id : attempt_1592222701541_0006_m_000010_2, Status : FAILED
Error: Java heap space
20/06/15 21:16:53 INFO mapreduce.Job: Task Id : attempt_1592222701541_0006_m_000000_2, Status : FAILED
Error: Java heap space
Container killed by the ApplicationMaster.
Container killed on request. Exit code is 143
Container exited with a non-zero exit code 143

20/06/15 21:16:56 INFO mapreduce.Job:  map 100% reduce 100%
20/06/15 21:16:58 INFO mapreduce.Job: Job job_1592222701541_0006 failed with state FAILED due to: Task failed task_1592222701541_0006_m_000001
Job failed as tasks failed. failedMaps:1 failedReduces:0

20/06/15 21:16:58 INFO mapreduce.Job: Counters: 17
	Job Counters 
		Failed map tasks=39
		Killed map tasks=89
		Killed reduce tasks=1
		Launched map tasks=48
		Other local map tasks=34
		Data-local map tasks=14
		Total time spent by all maps in occupied slots (ms)=257261
		Total time spent by all reduces in occupied slots (ms)=0
		Total time spent by all map tasks (ms)=257261
		Total time spent by all reduce tasks (ms)=0
		Total vcore-milliseconds taken by all map tasks=257261
		Total vcore-milliseconds taken by all reduce tasks=0
		Total megabyte-milliseconds taken by all map tasks=263435264
		Total megabyte-milliseconds taken by all reduce tasks=0
	Map-Reduce Framework
		CPU time spent (ms)=0
		Physical memory (bytes) snapshot=0
		Virtual memory (bytes) snapshot=0
20/06/15 21:16:58 INFO client.RMProxy: Connecting to ResourceManager at master/10.51.17.95:8032
20/06/15 21:16:58 INFO input.FileInputFormat: Total input paths to process : 0
20/06/15 21:16:59 INFO mapreduce.JobSubmitter: number of splits:0
20/06/15 21:16:59 INFO mapreduce.JobSubmitter: Submitting tokens for job: job_1592222701541_0007
20/06/15 21:16:59 INFO impl.YarnClientImpl: Submitted application application_1592222701541_0007
20/06/15 21:16:59 INFO mapreduce.Job: The url to track the job: http://master:8088/proxy/application_1592222701541_0007/
20/06/15 21:16:59 INFO mapreduce.Job: Running job: job_1592222701541_0007
20/06/15 21:17:08 INFO mapreduce.Job: Job job_1592222701541_0007 running in uber mode : false
20/06/15 21:17:08 INFO mapreduce.Job:  map 0% reduce 0%
20/06/15 21:17:13 INFO mapreduce.Job:  map 0% reduce 100%
20/06/15 21:17:14 INFO mapreduce.Job: Job job_1592222701541_0007 completed successfully
20/06/15 21:17:15 INFO mapreduce.Job: Counters: 38
	File System Counters
		FILE: Number of bytes read=0
		FILE: Number of bytes written=122312
		FILE: Number of read operations=0
		FILE: Number of large read operations=0
		FILE: Number of write operations=0
		HDFS: Number of bytes read=0
		HDFS: Number of bytes written=0
		HDFS: Number of read operations=3
		HDFS: Number of large read operations=0
		HDFS: Number of write operations=2
	Job Counters 
		Launched reduce tasks=1
		Total time spent by all maps in occupied slots (ms)=0
		Total time spent by all reduces in occupied slots (ms)=1818
		Total time spent by all reduce tasks (ms)=1818
		Total vcore-milliseconds taken by all reduce tasks=1818
		Total megabyte-milliseconds taken by all reduce tasks=1861632
	Map-Reduce Framework
		Combine input records=0
		Combine output records=0
		Reduce input groups=0
		Reduce shuffle bytes=0
		Reduce input records=0
		Reduce output records=0
		Spilled Records=0
		Shuffled Maps =0
		Failed Shuffles=0
		Merged Map outputs=0
		GC time elapsed (ms)=50
		CPU time spent (ms)=270
		Physical memory (bytes) snapshot=160948224
		Virtual memory (bytes) snapshot=2115108864
		Total committed heap usage (bytes)=114294784
	Shuffle Errors
		BAD_ID=0
		CONNECTION=0
		IO_ERROR=0
		WRONG_LENGTH=0
		WRONG_MAP=0
		WRONG_REDUCE=0
	File Output Format Counters 
		Bytes Written=0
