20/06/16 20:27:38 INFO client.RMProxy: Connecting to ResourceManager at master/10.51.17.95:8032
20/06/16 20:27:39 INFO client.RMProxy: Connecting to ResourceManager at master/10.51.17.95:8032
20/06/16 20:27:39 INFO input.FileInputFormat: Total input paths to process : 10
20/06/16 20:27:40 INFO mapreduce.JobSubmitter: number of splits:80
20/06/16 20:27:40 INFO mapreduce.JobSubmitter: Submitting tokens for job: job_1592306585456_0003
20/06/16 20:27:40 INFO impl.YarnClientImpl: Submitted application application_1592306585456_0003
20/06/16 20:27:40 INFO mapreduce.Job: The url to track the job: http://master:8088/proxy/application_1592306585456_0003/
20/06/16 20:27:40 INFO mapreduce.Job: Running job: job_1592306585456_0003
20/06/16 20:27:45 INFO mapreduce.Job: Job job_1592306585456_0003 running in uber mode : false
20/06/16 20:27:45 INFO mapreduce.Job:  map 0% reduce 0%
20/06/16 20:27:50 INFO mapreduce.Job: Task Id : attempt_1592306585456_0003_m_000002_0, Status : FAILED
Error: Java heap space
20/06/16 20:27:50 INFO mapreduce.Job: Task Id : attempt_1592306585456_0003_m_000003_0, Status : FAILED
Error: Java heap space
20/06/16 20:27:50 INFO mapreduce.Job: Task Id : attempt_1592306585456_0003_m_000001_0, Status : FAILED
Error: Java heap space
20/06/16 20:27:50 INFO mapreduce.Job: Task Id : attempt_1592306585456_0003_m_000000_0, Status : FAILED
Error: Java heap space
20/06/16 20:27:52 INFO mapreduce.Job: Task Id : attempt_1592306585456_0003_m_000004_0, Status : FAILED
Error: Java heap space
20/06/16 20:27:52 INFO mapreduce.Job: Task Id : attempt_1592306585456_0003_m_000009_0, Status : FAILED
Error: Java heap space
Container killed by the ApplicationMaster.
Container killed on request. Exit code is 143
Container exited with a non-zero exit code 143

20/06/16 20:27:52 INFO mapreduce.Job: Task Id : attempt_1592306585456_0003_m_000007_0, Status : FAILED
Error: Java heap space
Container killed by the ApplicationMaster.
Container killed on request. Exit code is 143
Container exited with a non-zero exit code 143

20/06/16 20:27:52 INFO mapreduce.Job: Task Id : attempt_1592306585456_0003_m_000005_0, Status : FAILED
Error: Java heap space
Container killed by the ApplicationMaster.
Container killed on request. Exit code is 143
Container exited with a non-zero exit code 143

20/06/16 20:27:52 INFO mapreduce.Job: Task Id : attempt_1592306585456_0003_m_000012_0, Status : FAILED
Error: Java heap space
Container killed by the ApplicationMaster.
Container killed on request. Exit code is 143
Container exited with a non-zero exit code 143

20/06/16 20:27:53 INFO mapreduce.Job: Task Id : attempt_1592306585456_0003_m_000011_0, Status : FAILED
Error: Java heap space
Container killed by the ApplicationMaster.
Container killed on request. Exit code is 143
Container exited with a non-zero exit code 143

20/06/16 20:27:55 INFO mapreduce.Job: Task Id : attempt_1592306585456_0003_m_000008_0, Status : FAILED
Error: Java heap space
Container killed by the ApplicationMaster.
Container killed on request. Exit code is 143
Container exited with a non-zero exit code 143

20/06/16 20:27:55 INFO mapreduce.Job: Task Id : attempt_1592306585456_0003_m_000006_0, Status : FAILED
Error: Java heap space
Container killed by the ApplicationMaster.
Container killed on request. Exit code is 143
Container exited with a non-zero exit code 143

20/06/16 20:27:55 INFO mapreduce.Job: Task Id : attempt_1592306585456_0003_m_000010_0, Status : FAILED
Error: Java heap space
Container killed by the ApplicationMaster.
Container killed on request. Exit code is 143
Container exited with a non-zero exit code 143

20/06/16 20:27:55 INFO mapreduce.Job: Task Id : attempt_1592306585456_0003_m_000018_0, Status : FAILED
Error: Java heap space
Container killed by the ApplicationMaster.
Container killed on request. Exit code is 143
Container exited with a non-zero exit code 143

20/06/16 20:28:00 INFO mapreduce.Job: Task Id : attempt_1592306585456_0003_m_000002_1, Status : FAILED
Error: Java heap space
Container killed by the ApplicationMaster.
Container killed on request. Exit code is 143
Container exited with a non-zero exit code 143

20/06/16 20:28:00 INFO mapreduce.Job: Task Id : attempt_1592306585456_0003_m_000014_0, Status : FAILED
Error: Java heap space
Container killed by the ApplicationMaster.
Container killed on request. Exit code is 143
Container exited with a non-zero exit code 143

20/06/16 20:28:00 INFO mapreduce.Job: Task Id : attempt_1592306585456_0003_m_000003_1, Status : FAILED
Error: Java heap space
Container killed by the ApplicationMaster.
Container killed on request. Exit code is 143
Container exited with a non-zero exit code 143

20/06/16 20:28:00 INFO mapreduce.Job: Task Id : attempt_1592306585456_0003_m_000001_1, Status : FAILED
Error: Java heap space
20/06/16 20:28:00 INFO mapreduce.Job: Task Id : attempt_1592306585456_0003_m_000013_0, Status : FAILED
Error: Java heap space
Container killed by the ApplicationMaster.
Container killed on request. Exit code is 143
Container exited with a non-zero exit code 143

20/06/16 20:28:00 INFO mapreduce.Job: Task Id : attempt_1592306585456_0003_m_000000_1, Status : FAILED
Error: Java heap space
20/06/16 20:28:00 INFO mapreduce.Job: Task Id : attempt_1592306585456_0003_m_000009_1, Status : FAILED
Error: Java heap space
Container killed by the ApplicationMaster.
Container killed on request. Exit code is 143
Container exited with a non-zero exit code 143

20/06/16 20:28:01 INFO mapreduce.Job: Task Id : attempt_1592306585456_0003_m_000007_1, Status : FAILED
Error: Java heap space
Container killed by the ApplicationMaster.
Container killed on request. Exit code is 143
Container exited with a non-zero exit code 143

20/06/16 20:28:01 INFO mapreduce.Job: Task Id : attempt_1592306585456_0003_m_000005_1, Status : FAILED
Error: Java heap space
Container killed by the ApplicationMaster.
Container killed on request. Exit code is 143
Container exited with a non-zero exit code 143

20/06/16 20:28:01 INFO mapreduce.Job: Task Id : attempt_1592306585456_0003_m_000004_1, Status : FAILED
Error: Java heap space
Container killed by the ApplicationMaster.
Container killed on request. Exit code is 143
Container exited with a non-zero exit code 143

20/06/16 20:28:03 INFO mapreduce.Job: Task Id : attempt_1592306585456_0003_m_000006_1, Status : FAILED
Error: Java heap space
Container killed by the ApplicationMaster.
Container killed on request. Exit code is 143
Container exited with a non-zero exit code 143

20/06/16 20:28:05 INFO mapreduce.Job: Task Id : attempt_1592306585456_0003_m_000010_1, Status : FAILED
Error: Java heap space
Container killed by the ApplicationMaster.
Container killed on request. Exit code is 143
Container exited with a non-zero exit code 143

20/06/16 20:28:05 INFO mapreduce.Job: Task Id : attempt_1592306585456_0003_m_000018_1, Status : FAILED
Error: Java heap space
20/06/16 20:28:05 INFO mapreduce.Job: Task Id : attempt_1592306585456_0003_m_000008_1, Status : FAILED
Error: Java heap space
Container killed by the ApplicationMaster.
Container killed on request. Exit code is 143
Container exited with a non-zero exit code 143

20/06/16 20:28:05 INFO mapreduce.Job: Task Id : attempt_1592306585456_0003_m_000011_1, Status : FAILED
Error: Java heap space
20/06/16 20:28:05 INFO mapreduce.Job: Task Id : attempt_1592306585456_0003_m_000012_1, Status : FAILED
Error: Java heap space
20/06/16 20:28:06 INFO mapreduce.Job: Task Id : attempt_1592306585456_0003_m_000002_2, Status : FAILED
Error: Java heap space
Container killed by the ApplicationMaster.
Container killed on request. Exit code is 143
Container exited with a non-zero exit code 143

20/06/16 20:28:06 INFO mapreduce.Job: Task Id : attempt_1592306585456_0003_m_000014_1, Status : FAILED
Error: Java heap space
20/06/16 20:28:07 INFO mapreduce.Job: Task Id : attempt_1592306585456_0003_m_000013_1, Status : FAILED
Error: Java heap space
Container killed by the ApplicationMaster.
Container killed on request. Exit code is 143
Container exited with a non-zero exit code 143

20/06/16 20:28:08 INFO mapreduce.Job: Task Id : attempt_1592306585456_0003_m_000003_2, Status : FAILED
Error: Java heap space
Container killed by the ApplicationMaster.
Container killed on request. Exit code is 143
Container exited with a non-zero exit code 143

20/06/16 20:28:09 INFO mapreduce.Job: Task Id : attempt_1592306585456_0003_m_000000_2, Status : FAILED
Error: Java heap space
Container killed by the ApplicationMaster.
Container killed on request. Exit code is 143
Container exited with a non-zero exit code 143

20/06/16 20:28:09 INFO mapreduce.Job: Task Id : attempt_1592306585456_0003_m_000001_2, Status : FAILED
Error: Java heap space
Container killed by the ApplicationMaster.
Container killed on request. Exit code is 143
Container exited with a non-zero exit code 143

20/06/16 20:28:10 INFO mapreduce.Job: Task Id : attempt_1592306585456_0003_m_000004_2, Status : FAILED
Error: Java heap space
Container killed by the ApplicationMaster.
Container killed on request. Exit code is 143
Container exited with a non-zero exit code 143

20/06/16 20:28:10 INFO mapreduce.Job: Task Id : attempt_1592306585456_0003_m_000009_2, Status : FAILED
Error: Java heap space
20/06/16 20:28:11 INFO mapreduce.Job: Task Id : attempt_1592306585456_0003_m_000010_2, Status : FAILED
Error: Java heap space
20/06/16 20:28:11 INFO mapreduce.Job: Task Id : attempt_1592306585456_0003_m_000018_2, Status : FAILED
Error: Java heap space
20/06/16 20:28:12 INFO mapreduce.Job: Task Id : attempt_1592306585456_0003_m_000007_2, Status : FAILED
Error: Java heap space
Container killed by the ApplicationMaster.
Container killed on request. Exit code is 143
Container exited with a non-zero exit code 143

20/06/16 20:28:12 INFO mapreduce.Job: Task Id : attempt_1592306585456_0003_m_000006_2, Status : FAILED
Error: Java heap space
20/06/16 20:28:12 INFO mapreduce.Job: Task Id : attempt_1592306585456_0003_m_000011_2, Status : FAILED
Error: Java heap space
20/06/16 20:28:13 INFO mapreduce.Job: Task Id : attempt_1592306585456_0003_m_000005_2, Status : FAILED
Error: Java heap space
Container killed by the ApplicationMaster.
Container killed on request. Exit code is 143
Container exited with a non-zero exit code 143

20/06/16 20:28:15 INFO mapreduce.Job:  map 100% reduce 100%
20/06/16 20:28:16 INFO mapreduce.Job: Job job_1592306585456_0003 failed with state FAILED due to: Task failed task_1592306585456_0003_m_000002
Job failed as tasks failed. failedMaps:1 failedReduces:0

20/06/16 20:28:16 INFO mapreduce.Job: Counters: 17
	Job Counters 
		Failed map tasks=45
		Killed map tasks=79
		Killed reduce tasks=3
		Launched map tasks=54
		Other local map tasks=38
		Data-local map tasks=16
		Total time spent by all maps in occupied slots (ms)=245895
		Total time spent by all reduces in occupied slots (ms)=0
		Total time spent by all map tasks (ms)=245895
		Total time spent by all reduce tasks (ms)=0
		Total vcore-milliseconds taken by all map tasks=245895
		Total vcore-milliseconds taken by all reduce tasks=0
		Total megabyte-milliseconds taken by all map tasks=251796480
		Total megabyte-milliseconds taken by all reduce tasks=0
	Map-Reduce Framework
		CPU time spent (ms)=0
		Physical memory (bytes) snapshot=0
		Virtual memory (bytes) snapshot=0
