20/06/16 20:25:59 INFO client.RMProxy: Connecting to ResourceManager at master/10.51.17.95:8032
20/06/16 20:26:00 INFO client.RMProxy: Connecting to ResourceManager at master/10.51.17.95:8032
20/06/16 20:26:00 INFO input.FileInputFormat: Total input paths to process : 10
20/06/16 20:26:00 INFO mapreduce.JobSubmitter: number of splits:80
20/06/16 20:26:01 INFO mapreduce.JobSubmitter: Submitting tokens for job: job_1592306585456_0002
20/06/16 20:26:01 INFO impl.YarnClientImpl: Submitted application application_1592306585456_0002
20/06/16 20:26:01 INFO mapreduce.Job: The url to track the job: http://master:8088/proxy/application_1592306585456_0002/
20/06/16 20:26:01 INFO mapreduce.Job: Running job: job_1592306585456_0002
20/06/16 20:26:07 INFO mapreduce.Job: Job job_1592306585456_0002 running in uber mode : false
20/06/16 20:26:07 INFO mapreduce.Job:  map 0% reduce 0%
20/06/16 20:26:12 INFO mapreduce.Job: Task Id : attempt_1592306585456_0002_m_000005_0, Status : FAILED
Error: Java heap space
20/06/16 20:26:12 INFO mapreduce.Job: Task Id : attempt_1592306585456_0002_m_000008_0, Status : FAILED
Error: Java heap space
20/06/16 20:26:12 INFO mapreduce.Job: Task Id : attempt_1592306585456_0002_m_000001_0, Status : FAILED
Error: Java heap space
20/06/16 20:26:12 INFO mapreduce.Job: Task Id : attempt_1592306585456_0002_m_000003_0, Status : FAILED
Error: Java heap space
20/06/16 20:26:14 INFO mapreduce.Job: Task Id : attempt_1592306585456_0002_m_000007_0, Status : FAILED
Error: Java heap space
20/06/16 20:26:15 INFO mapreduce.Job: Task Id : attempt_1592306585456_0002_m_000013_0, Status : FAILED
Error: Java heap space
Container killed by the ApplicationMaster.
Container killed on request. Exit code is 143
Container exited with a non-zero exit code 143

20/06/16 20:26:15 INFO mapreduce.Job: Task Id : attempt_1592306585456_0002_m_000006_0, Status : FAILED
Error: Java heap space
Container killed by the ApplicationMaster.
Container killed on request. Exit code is 143
Container exited with a non-zero exit code 143

20/06/16 20:26:15 INFO mapreduce.Job: Task Id : attempt_1592306585456_0002_m_000000_0, Status : FAILED
Error: Java heap space
Container killed by the ApplicationMaster.
Container killed on request. Exit code is 143
Container exited with a non-zero exit code 143

20/06/16 20:26:15 INFO mapreduce.Job: Task Id : attempt_1592306585456_0002_m_000004_0, Status : FAILED
Error: Java heap space
20/06/16 20:26:15 INFO mapreduce.Job: Task Id : attempt_1592306585456_0002_m_000002_0, Status : FAILED
Error: Java heap space
20/06/16 20:26:17 INFO mapreduce.Job: Task Id : attempt_1592306585456_0002_m_000012_0, Status : FAILED
Error: Java heap space
20/06/16 20:26:17 INFO mapreduce.Job: Task Id : attempt_1592306585456_0002_m_000009_0, Status : FAILED
Error: Java heap space
20/06/16 20:26:17 INFO mapreduce.Job: Task Id : attempt_1592306585456_0002_m_000011_0, Status : FAILED
Error: Java heap space
20/06/16 20:26:17 INFO mapreduce.Job: Task Id : attempt_1592306585456_0002_m_000010_0, Status : FAILED
Error: Java heap space
20/06/16 20:26:18 INFO mapreduce.Job: Task Id : attempt_1592306585456_0002_m_000008_1, Status : FAILED
Error: Java heap space
20/06/16 20:26:18 INFO mapreduce.Job: Task Id : attempt_1592306585456_0002_m_000005_1, Status : FAILED
Error: Java heap space
20/06/16 20:26:22 INFO mapreduce.Job: Task Id : attempt_1592306585456_0002_m_000000_1, Status : FAILED
Error: Java heap space
Container killed by the ApplicationMaster.
Container killed on request. Exit code is 143
Container exited with a non-zero exit code 143

20/06/16 20:26:22 INFO mapreduce.Job: Task Id : attempt_1592306585456_0002_m_000006_1, Status : FAILED
Error: Java heap space
20/06/16 20:26:22 INFO mapreduce.Job: Task Id : attempt_1592306585456_0002_m_000003_1, Status : FAILED
Error: Java heap space
20/06/16 20:26:22 INFO mapreduce.Job: Task Id : attempt_1592306585456_0002_m_000001_1, Status : FAILED
Error: Java heap space
20/06/16 20:26:23 INFO mapreduce.Job: Task Id : attempt_1592306585456_0002_m_000004_1, Status : FAILED
Error: Java heap space
20/06/16 20:26:23 INFO mapreduce.Job: Task Id : attempt_1592306585456_0002_m_000007_1, Status : FAILED
Error: Java heap space
20/06/16 20:26:24 INFO mapreduce.Job: Task Id : attempt_1592306585456_0002_m_000009_1, Status : FAILED
Error: Java heap space
20/06/16 20:26:25 INFO mapreduce.Job: Task Id : attempt_1592306585456_0002_m_000002_1, Status : FAILED
Error: Java heap space
20/06/16 20:26:25 INFO mapreduce.Job: Task Id : attempt_1592306585456_0002_m_000012_1, Status : FAILED
Error: Java heap space
20/06/16 20:26:25 INFO mapreduce.Job: Task Id : attempt_1592306585456_0002_m_000013_1, Status : FAILED
Error: Java heap space
20/06/16 20:26:26 INFO mapreduce.Job: Task Id : attempt_1592306585456_0002_m_000011_1, Status : FAILED
Error: Java heap space
20/06/16 20:26:26 INFO mapreduce.Job: Task Id : attempt_1592306585456_0002_m_000010_1, Status : FAILED
Error: Java heap space
20/06/16 20:26:27 INFO mapreduce.Job: Task Id : attempt_1592306585456_0002_m_000000_2, Status : FAILED
Error: Java heap space
20/06/16 20:26:28 INFO mapreduce.Job: Task Id : attempt_1592306585456_0002_m_000008_2, Status : FAILED
Error: Java heap space
20/06/16 20:26:28 INFO mapreduce.Job: Task Id : attempt_1592306585456_0002_m_000003_2, Status : FAILED
Error: Java heap space
20/06/16 20:26:29 INFO mapreduce.Job: Task Id : attempt_1592306585456_0002_m_000006_2, Status : FAILED
Error: Java heap space
20/06/16 20:26:29 INFO mapreduce.Job: Task Id : attempt_1592306585456_0002_m_000005_2, Status : FAILED
Error: Java heap space
20/06/16 20:26:30 INFO mapreduce.Job: Task Id : attempt_1592306585456_0002_m_000007_2, Status : FAILED
Error: Java heap space
20/06/16 20:26:31 INFO mapreduce.Job:  map 3% reduce 0%
20/06/16 20:26:31 INFO mapreduce.Job: Task Id : attempt_1592306585456_0002_m_000001_2, Status : FAILED
Error: Java heap space
20/06/16 20:26:31 INFO mapreduce.Job: Task Id : attempt_1592306585456_0002_m_000002_2, Status : FAILED
Error: Java heap space
Container killed by the ApplicationMaster.
Container killed on request. Exit code is 143
Container exited with a non-zero exit code 143

20/06/16 20:26:31 INFO mapreduce.Job: Task Id : attempt_1592306585456_0002_m_000004_2, Status : FAILED
Error: Java heap space
20/06/16 20:26:31 INFO mapreduce.Job: Task Id : attempt_1592306585456_0002_m_000012_2, Status : FAILED
Error: Java heap space
20/06/16 20:26:32 INFO mapreduce.Job:  map 0% reduce 0%
20/06/16 20:26:32 INFO mapreduce.Job: Task Id : attempt_1592306585456_0002_m_000009_2, Status : FAILED
Error: Java heap space
20/06/16 20:26:33 INFO mapreduce.Job: Task Id : attempt_1592306585456_0002_m_000011_2, Status : FAILED
Error: Java heap space
20/06/16 20:26:35 INFO mapreduce.Job:  map 100% reduce 100%
20/06/16 20:26:37 INFO mapreduce.Job: Job job_1592306585456_0002 failed with state FAILED due to: Task failed task_1592306585456_0002_m_000003
Job failed as tasks failed. failedMaps:1 failedReduces:0

20/06/16 20:26:37 INFO mapreduce.Job: Counters: 17
	Job Counters 
		Failed map tasks=42
		Killed map tasks=78
		Killed reduce tasks=3
		Launched map tasks=50
		Other local map tasks=36
		Data-local map tasks=14
		Total time spent by all maps in occupied slots (ms)=225449
		Total time spent by all reduces in occupied slots (ms)=0
		Total time spent by all map tasks (ms)=225449
		Total time spent by all reduce tasks (ms)=0
		Total vcore-milliseconds taken by all map tasks=225449
		Total vcore-milliseconds taken by all reduce tasks=0
		Total megabyte-milliseconds taken by all map tasks=230859776
		Total megabyte-milliseconds taken by all reduce tasks=0
	Map-Reduce Framework
		CPU time spent (ms)=0
		Physical memory (bytes) snapshot=0
		Virtual memory (bytes) snapshot=0
