20/06/16 20:24:17 INFO client.RMProxy: Connecting to ResourceManager at master/10.51.17.95:8032
20/06/16 20:24:17 INFO client.RMProxy: Connecting to ResourceManager at master/10.51.17.95:8032
20/06/16 20:24:18 INFO input.FileInputFormat: Total input paths to process : 10
20/06/16 20:24:18 INFO mapreduce.JobSubmitter: number of splits:80
20/06/16 20:24:19 INFO mapreduce.JobSubmitter: Submitting tokens for job: job_1592306585456_0001
20/06/16 20:24:19 INFO impl.YarnClientImpl: Submitted application application_1592306585456_0001
20/06/16 20:24:19 INFO mapreduce.Job: The url to track the job: http://master:8088/proxy/application_1592306585456_0001/
20/06/16 20:24:19 INFO mapreduce.Job: Running job: job_1592306585456_0001
20/06/16 20:24:25 INFO mapreduce.Job: Job job_1592306585456_0001 running in uber mode : false
20/06/16 20:24:25 INFO mapreduce.Job:  map 0% reduce 0%
20/06/16 20:24:30 INFO mapreduce.Job: Task Id : attempt_1592306585456_0001_m_000003_0, Status : FAILED
Error: Java heap space
20/06/16 20:24:31 INFO mapreduce.Job:  map 1% reduce 0%
20/06/16 20:24:31 INFO mapreduce.Job: Task Id : attempt_1592306585456_0001_m_000001_0, Status : FAILED
Error: Java heap space
Container killed by the ApplicationMaster.
Container killed on request. Exit code is 143
Container exited with a non-zero exit code 143

20/06/16 20:24:31 INFO mapreduce.Job: Task Id : attempt_1592306585456_0001_m_000005_0, Status : FAILED
Error: Java heap space
Container killed by the ApplicationMaster.
Container killed on request. Exit code is 143
Container exited with a non-zero exit code 143

20/06/16 20:24:31 INFO mapreduce.Job: Task Id : attempt_1592306585456_0001_m_000002_0, Status : FAILED
Error: Java heap space
Container killed by the ApplicationMaster.
Container killed on request. Exit code is 143
Container exited with a non-zero exit code 143

20/06/16 20:24:32 INFO mapreduce.Job:  map 0% reduce 0%
20/06/16 20:24:35 INFO mapreduce.Job: Task Id : attempt_1592306585456_0001_m_000000_0, Status : FAILED
Error: Java heap space
Container killed by the ApplicationMaster.
Container killed on request. Exit code is 143
Container exited with a non-zero exit code 143

20/06/16 20:24:35 INFO mapreduce.Job: Task Id : attempt_1592306585456_0001_m_000010_0, Status : FAILED
Error: Java heap space
Container killed by the ApplicationMaster.
Container killed on request. Exit code is 143
Container exited with a non-zero exit code 143

20/06/16 20:24:35 INFO mapreduce.Job: Task Id : attempt_1592306585456_0001_m_000004_0, Status : FAILED
Error: Java heap space
20/06/16 20:24:35 INFO mapreduce.Job: Task Id : attempt_1592306585456_0001_m_000009_0, Status : FAILED
Error: Java heap space
Container killed by the ApplicationMaster.
Container killed on request. Exit code is 143
Container exited with a non-zero exit code 143

20/06/16 20:24:35 INFO mapreduce.Job: Task Id : attempt_1592306585456_0001_m_000007_0, Status : FAILED
Error: Java heap space
20/06/16 20:24:35 INFO mapreduce.Job: Task Id : attempt_1592306585456_0001_m_000011_0, Status : FAILED
Error: Java heap space
20/06/16 20:24:36 INFO mapreduce.Job: Task Id : attempt_1592306585456_0001_m_000006_0, Status : FAILED
Error: Java heap space
Container killed by the ApplicationMaster.
Container killed on request. Exit code is 143
Container exited with a non-zero exit code 143

20/06/16 20:24:36 INFO mapreduce.Job: Task Id : attempt_1592306585456_0001_m_000008_0, Status : FAILED
Error: Java heap space
20/06/16 20:24:36 INFO mapreduce.Job: Task Id : attempt_1592306585456_0001_m_000013_0, Status : FAILED
Error: Java heap space
20/06/16 20:24:37 INFO mapreduce.Job: Task Id : attempt_1592306585456_0001_m_000017_0, Status : FAILED
Error: Java heap space
Container killed by the ApplicationMaster.
Container killed on request. Exit code is 143
Container exited with a non-zero exit code 143

20/06/16 20:24:39 INFO mapreduce.Job: Task Id : attempt_1592306585456_0001_m_000010_1, Status : FAILED
Error: Java heap space
Container killed by the ApplicationMaster.
Container killed on request. Exit code is 143
Container exited with a non-zero exit code 143

20/06/16 20:24:41 INFO mapreduce.Job:  map 3% reduce 0%
20/06/16 20:24:41 INFO mapreduce.Job: Task Id : attempt_1592306585456_0001_m_000001_1, Status : FAILED
Error: Java heap space
Container killed by the ApplicationMaster.
Container killed on request. Exit code is 143
Container exited with a non-zero exit code 143

20/06/16 20:24:41 INFO mapreduce.Job: Task Id : attempt_1592306585456_0001_m_000005_1, Status : FAILED
Error: Java heap space
Container killed by the ApplicationMaster.
Container killed on request. Exit code is 143
Container exited with a non-zero exit code 143

20/06/16 20:24:41 INFO mapreduce.Job: Task Id : attempt_1592306585456_0001_m_000004_1, Status : FAILED
Error: Java heap space
Container killed by the ApplicationMaster.
Container killed on request. Exit code is 143
Container exited with a non-zero exit code 143

20/06/16 20:24:41 INFO mapreduce.Job: Task Id : attempt_1592306585456_0001_m_000007_1, Status : FAILED
Error: Java heap space
Container killed by the ApplicationMaster.
Container killed on request. Exit code is 143
Container exited with a non-zero exit code 143

20/06/16 20:24:41 INFO mapreduce.Job: Task Id : attempt_1592306585456_0001_m_000003_1, Status : FAILED
Error: Java heap space
Container killed by the ApplicationMaster.
Container killed on request. Exit code is 143
Container exited with a non-zero exit code 143

20/06/16 20:24:42 INFO mapreduce.Job:  map 0% reduce 0%
20/06/16 20:24:42 INFO mapreduce.Job: Task Id : attempt_1592306585456_0001_m_000011_1, Status : FAILED
Error: Java heap space
Container killed by the ApplicationMaster.
Container killed on request. Exit code is 143
Container exited with a non-zero exit code 143

20/06/16 20:24:42 INFO mapreduce.Job: Task Id : attempt_1592306585456_0001_m_000002_1, Status : FAILED
Error: Java heap space
20/06/16 20:24:42 INFO mapreduce.Job: Task Id : attempt_1592306585456_0001_m_000000_1, Status : FAILED
Error: Java heap space
20/06/16 20:24:42 INFO mapreduce.Job: Task Id : attempt_1592306585456_0001_m_000009_1, Status : FAILED
Error: Java heap space
20/06/16 20:24:43 INFO mapreduce.Job: Task Id : attempt_1592306585456_0001_m_000006_1, Status : FAILED
Error: Java heap space
Container killed by the ApplicationMaster.
Container killed on request. Exit code is 143
Container exited with a non-zero exit code 143

20/06/16 20:24:45 INFO mapreduce.Job: Task Id : attempt_1592306585456_0001_m_000008_1, Status : FAILED
Error: Java heap space
20/06/16 20:24:46 INFO mapreduce.Job: Task Id : attempt_1592306585456_0001_m_000010_2, Status : FAILED
Error: Java heap space
Container killed by the ApplicationMaster.
Container killed on request. Exit code is 143
Container exited with a non-zero exit code 143

20/06/16 20:24:46 INFO mapreduce.Job: Task Id : attempt_1592306585456_0001_m_000013_1, Status : FAILED
Error: Java heap space
20/06/16 20:24:46 INFO mapreduce.Job: Task Id : attempt_1592306585456_0001_m_000005_2, Status : FAILED
Error: Java heap space
Container killed by the ApplicationMaster.
Container killed on request. Exit code is 143
Container exited with a non-zero exit code 143

20/06/16 20:24:46 INFO mapreduce.Job: Task Id : attempt_1592306585456_0001_m_000017_1, Status : FAILED
Error: Java heap space
20/06/16 20:24:47 INFO mapreduce.Job: Task Id : attempt_1592306585456_0001_m_000001_2, Status : FAILED
Error: Java heap space
Container killed by the ApplicationMaster.
Container killed on request. Exit code is 143
Container exited with a non-zero exit code 143

20/06/16 20:24:47 INFO mapreduce.Job: Task Id : attempt_1592306585456_0001_m_000007_2, Status : FAILED
Error: Java heap space
20/06/16 20:24:47 INFO mapreduce.Job: Task Id : attempt_1592306585456_0001_m_000004_2, Status : FAILED
Error: Java heap space
20/06/16 20:24:50 INFO mapreduce.Job: Task Id : attempt_1592306585456_0001_m_000009_2, Status : FAILED
Error: Java heap space
Container killed by the ApplicationMaster.
Container killed on request. Exit code is 143
Container exited with a non-zero exit code 143

20/06/16 20:24:50 INFO mapreduce.Job: Task Id : attempt_1592306585456_0001_m_000003_2, Status : FAILED
Error: Java heap space
Container killed by the ApplicationMaster.
Container killed on request. Exit code is 143
Container exited with a non-zero exit code 143

20/06/16 20:24:50 INFO mapreduce.Job: Task Id : attempt_1592306585456_0001_m_000000_2, Status : FAILED
Error: Java heap space
20/06/16 20:24:50 INFO mapreduce.Job: Task Id : attempt_1592306585456_0001_m_000002_2, Status : FAILED
Error: Java heap space
20/06/16 20:24:50 INFO mapreduce.Job: Task Id : attempt_1592306585456_0001_m_000011_2, Status : FAILED
Error: Java heap space
20/06/16 20:24:52 INFO mapreduce.Job:  map 100% reduce 100%
20/06/16 20:24:53 INFO mapreduce.Job: Job job_1592306585456_0001 failed with state FAILED due to: Task failed task_1592306585456_0001_m_000010
Job failed as tasks failed. failedMaps:1 failedReduces:0

20/06/16 20:24:53 INFO mapreduce.Job: Counters: 17
	Job Counters 
		Failed map tasks=39
		Killed map tasks=79
		Killed reduce tasks=3
		Launched map tasks=47
		Other local map tasks=33
		Data-local map tasks=14
		Total time spent by all maps in occupied slots (ms)=212183
		Total time spent by all reduces in occupied slots (ms)=0
		Total time spent by all map tasks (ms)=212183
		Total time spent by all reduce tasks (ms)=0
		Total vcore-milliseconds taken by all map tasks=212183
		Total vcore-milliseconds taken by all reduce tasks=0
		Total megabyte-milliseconds taken by all map tasks=217275392
		Total megabyte-milliseconds taken by all reduce tasks=0
	Map-Reduce Framework
		CPU time spent (ms)=0
		Physical memory (bytes) snapshot=0
		Virtual memory (bytes) snapshot=0
