20/06/08 23:11:46 INFO client.RMProxy: Connecting to ResourceManager at master/10.51.17.95:8032
20/06/08 23:11:47 INFO input.FileInputFormat: Total input paths to process : 10
20/06/08 23:11:48 INFO mapreduce.JobSubmitter: number of splits:90
20/06/08 23:11:48 INFO mapreduce.JobSubmitter: Submitting tokens for job: job_1591625323270_0005
20/06/08 23:11:48 INFO impl.YarnClientImpl: Submitted application application_1591625323270_0005
20/06/08 23:11:48 INFO mapreduce.Job: The url to track the job: http://master:8088/proxy/application_1591625323270_0005/
20/06/08 23:11:48 INFO mapreduce.Job: Running job: job_1591625323270_0005
20/06/08 23:11:54 INFO mapreduce.Job: Job job_1591625323270_0005 running in uber mode : false
20/06/08 23:11:54 INFO mapreduce.Job:  map 0% reduce 0%
20/06/08 23:12:01 INFO mapreduce.Job: Task Id : attempt_1591625323270_0005_m_000009_0, Status : FAILED
Error: Java heap space
20/06/08 23:12:02 INFO mapreduce.Job: Task Id : attempt_1591625323270_0005_m_000008_0, Status : FAILED
Error: Java heap space
Container killed by the ApplicationMaster.
Container killed on request. Exit code is 143
Container exited with a non-zero exit code 143

20/06/08 23:12:02 INFO mapreduce.Job: Task Id : attempt_1591625323270_0005_m_000012_0, Status : FAILED
Error: Java heap space
Container killed by the ApplicationMaster.
Container killed on request. Exit code is 143
Container exited with a non-zero exit code 143

20/06/08 23:12:02 INFO mapreduce.Job: Task Id : attempt_1591625323270_0005_m_000010_0, Status : FAILED
Error: Java heap space
Container killed by the ApplicationMaster.
Container killed on request. Exit code is 143
Container exited with a non-zero exit code 143

20/06/08 23:12:02 INFO mapreduce.Job: Task Id : attempt_1591625323270_0005_m_000013_0, Status : FAILED
Error: Java heap space
Container killed by the ApplicationMaster.
Container killed on request. Exit code is 143
Container exited with a non-zero exit code 143

20/06/08 23:12:02 INFO mapreduce.Job: Task Id : attempt_1591625323270_0005_m_000011_0, Status : FAILED
Error: Java heap space
Container killed by the ApplicationMaster.
Container killed on request. Exit code is 143
Container exited with a non-zero exit code 143

20/06/08 23:12:04 INFO mapreduce.Job: Task Id : attempt_1591625323270_0005_m_000003_0, Status : FAILED
Error: Java heap space
20/06/08 23:12:06 INFO mapreduce.Job: Task Id : attempt_1591625323270_0005_m_000001_0, Status : FAILED
Error: Java heap space
20/06/08 23:12:06 INFO mapreduce.Job: Task Id : attempt_1591625323270_0005_m_000006_0, Status : FAILED
Error: Java heap space
20/06/08 23:12:06 INFO mapreduce.Job: Task Id : attempt_1591625323270_0005_m_000004_0, Status : FAILED
Error: Java heap space
20/06/08 23:12:06 INFO mapreduce.Job: Task Id : attempt_1591625323270_0005_m_000000_0, Status : FAILED
Error: Java heap space
20/06/08 23:12:06 INFO mapreduce.Job: Task Id : attempt_1591625323270_0005_m_000005_0, Status : FAILED
Error: Java heap space
20/06/08 23:12:06 INFO mapreduce.Job: Task Id : attempt_1591625323270_0005_m_000002_0, Status : FAILED
Error: Java heap space
20/06/08 23:12:06 INFO mapreduce.Job: Task Id : attempt_1591625323270_0005_m_000007_0, Status : FAILED
Error: Java heap space
20/06/08 23:12:09 INFO mapreduce.Job: Task Id : attempt_1591625323270_0005_m_000014_0, Status : FAILED
Error: Java heap space
20/06/08 23:12:09 INFO mapreduce.Job: Task Id : attempt_1591625323270_0005_m_000024_0, Status : FAILED
Error: Java heap space
20/06/08 23:12:09 INFO mapreduce.Job: Task Id : attempt_1591625323270_0005_m_000027_0, Status : FAILED
Error: Java heap space
20/06/08 23:12:09 INFO mapreduce.Job: Task Id : attempt_1591625323270_0005_m_000025_0, Status : FAILED
Error: Java heap space
20/06/08 23:12:09 INFO mapreduce.Job: Task Id : attempt_1591625323270_0005_m_000026_0, Status : FAILED
Error: Java heap space
20/06/08 23:12:09 INFO mapreduce.Job: Task Id : attempt_1591625323270_0005_m_000015_0, Status : FAILED
Error: Java heap space
20/06/08 23:12:10 INFO mapreduce.Job: Task Id : attempt_1591625323270_0005_m_000009_1, Status : FAILED
Error: Java heap space
20/06/08 23:12:12 INFO mapreduce.Job: Task Id : attempt_1591625323270_0005_m_000006_1, Status : FAILED
Error: Java heap space
20/06/08 23:12:13 INFO mapreduce.Job: Task Id : attempt_1591625323270_0005_m_000004_1, Status : FAILED
Error: Java heap space
Container killed by the ApplicationMaster.
Container killed on request. Exit code is 143
Container exited with a non-zero exit code 143

20/06/08 23:12:15 INFO mapreduce.Job: Task Id : attempt_1591625323270_0005_m_000005_1, Status : FAILED
Error: Java heap space
Container killed by the ApplicationMaster.
Container killed on request. Exit code is 143
Container exited with a non-zero exit code 143

20/06/08 23:12:15 INFO mapreduce.Job: Task Id : attempt_1591625323270_0005_m_000013_1, Status : FAILED
Error: Java heap space
20/06/08 23:12:16 INFO mapreduce.Job:  map 1% reduce 0%
20/06/08 23:12:16 INFO mapreduce.Job: Task Id : attempt_1591625323270_0005_m_000010_1, Status : FAILED
Error: Java heap space
Container killed by the ApplicationMaster.
Container killed on request. Exit code is 143
Container exited with a non-zero exit code 143

20/06/08 23:12:16 INFO mapreduce.Job: Task Id : attempt_1591625323270_0005_m_000011_1, Status : FAILED
Error: Java heap space
20/06/08 23:12:16 INFO mapreduce.Job: Task Id : attempt_1591625323270_0005_m_000012_1, Status : FAILED
Error: Java heap space
20/06/08 23:12:16 INFO mapreduce.Job: Task Id : attempt_1591625323270_0005_m_000002_1, Status : FAILED
Error: Java heap space
20/06/08 23:12:16 INFO mapreduce.Job: Task Id : attempt_1591625323270_0005_m_000008_1, Status : FAILED
Error: Java heap space
20/06/08 23:12:17 INFO mapreduce.Job:  map 0% reduce 0%
20/06/08 23:12:17 INFO mapreduce.Job: Task Id : attempt_1591625323270_0005_m_000001_1, Status : FAILED
Error: Java heap space
20/06/08 23:12:17 INFO mapreduce.Job: Task Id : attempt_1591625323270_0005_m_000003_1, Status : FAILED
Error: Java heap space
20/06/08 23:12:19 INFO mapreduce.Job:  map 1% reduce 0%
20/06/08 23:12:19 INFO mapreduce.Job: Task Id : attempt_1591625323270_0005_m_000014_1, Status : FAILED
Error: Java heap space
Container killed by the ApplicationMaster.
Container killed on request. Exit code is 143
Container exited with a non-zero exit code 143

20/06/08 23:12:19 INFO mapreduce.Job: Task Id : attempt_1591625323270_0005_m_000007_1, Status : FAILED
Error: Java heap space
Container killed by the ApplicationMaster.
Container killed on request. Exit code is 143
Container exited with a non-zero exit code 143

20/06/08 23:12:19 INFO mapreduce.Job: Task Id : attempt_1591625323270_0005_m_000000_1, Status : FAILED
Error: Java heap space
20/06/08 23:12:19 INFO mapreduce.Job: Task Id : attempt_1591625323270_0005_m_000024_1, Status : FAILED
Error: Java heap space
20/06/08 23:12:20 INFO mapreduce.Job:  map 0% reduce 0%
20/06/08 23:12:20 INFO mapreduce.Job: Task Id : attempt_1591625323270_0005_m_000027_1, Status : FAILED
Error: Java heap space
20/06/08 23:12:21 INFO mapreduce.Job: Task Id : attempt_1591625323270_0005_m_000025_1, Status : FAILED
Error: Java heap space
20/06/08 23:12:22 INFO mapreduce.Job: Task Id : attempt_1591625323270_0005_m_000006_2, Status : FAILED
Error: Java heap space
20/06/08 23:12:24 INFO mapreduce.Job:  map 1% reduce 0%
20/06/08 23:12:24 INFO mapreduce.Job: Task Id : attempt_1591625323270_0005_m_000011_2, Status : FAILED
Error: Java heap space
Container killed by the ApplicationMaster.
Container killed on request. Exit code is 143
Container exited with a non-zero exit code 143

20/06/08 23:12:24 INFO mapreduce.Job: Task Id : attempt_1591625323270_0005_m_000015_1, Status : FAILED
Error: Java heap space
20/06/08 23:12:24 INFO mapreduce.Job: Task Id : attempt_1591625323270_0005_m_000026_1, Status : FAILED
Error: Java heap space
20/06/08 23:12:25 INFO mapreduce.Job: Task Id : attempt_1591625323270_0005_m_000004_2, Status : FAILED
Error: Java heap space
20/06/08 23:12:25 INFO mapreduce.Job: Task Id : attempt_1591625323270_0005_m_000009_2, Status : FAILED
Error: Java heap space
20/06/08 23:12:25 INFO mapreduce.Job: Task Id : attempt_1591625323270_0005_m_000002_2, Status : FAILED
Error: Java heap space
20/06/08 23:12:26 INFO mapreduce.Job:  map 0% reduce 0%
20/06/08 23:12:26 INFO mapreduce.Job: Task Id : attempt_1591625323270_0005_m_000012_2, Status : FAILED
Error: Java heap space
20/06/08 23:12:26 INFO mapreduce.Job: Task Id : attempt_1591625323270_0005_m_000013_2, Status : FAILED
Error: Java heap space
20/06/08 23:12:27 INFO mapreduce.Job: Task Id : attempt_1591625323270_0005_m_000003_2, Status : FAILED
Error: Java heap space
20/06/08 23:12:27 INFO mapreduce.Job: Task Id : attempt_1591625323270_0005_m_000005_2, Status : FAILED
Error: Java heap space
20/06/08 23:12:27 INFO mapreduce.Job: Task Id : attempt_1591625323270_0005_m_000010_2, Status : FAILED
Error: Java heap space
20/06/08 23:12:27 INFO mapreduce.Job: Task Id : attempt_1591625323270_0005_m_000001_2, Status : FAILED
Error: Java heap space
20/06/08 23:12:29 INFO mapreduce.Job: Task Id : attempt_1591625323270_0005_m_000014_2, Status : FAILED
Error: Java heap space
20/06/08 23:12:29 INFO mapreduce.Job: Task Id : attempt_1591625323270_0005_m_000008_2, Status : FAILED
Error: Java heap space
20/06/08 23:12:30 INFO mapreduce.Job: Task Id : attempt_1591625323270_0005_m_000007_2, Status : FAILED
Error: Java heap space
20/06/08 23:12:33 INFO mapreduce.Job: Task Id : attempt_1591625323270_0005_m_000000_2, Status : FAILED
Error: Java heap space
20/06/08 23:12:34 INFO mapreduce.Job:  map 100% reduce 100%
20/06/08 23:12:35 INFO mapreduce.Job: Job job_1591625323270_0005 failed with state FAILED due to: Task failed task_1591625323270_0005_m_000011
Job failed as tasks failed. failedMaps:1 failedReduces:0

20/06/08 23:12:35 INFO mapreduce.Job: Counters: 17
	Job Counters 
		Failed map tasks=56
		Killed map tasks=89
		Killed reduce tasks=1
		Launched map tasks=68
		Other local map tasks=48
		Data-local map tasks=20
		Total time spent by all maps in occupied slots (ms)=459893
		Total time spent by all reduces in occupied slots (ms)=0
		Total time spent by all map tasks (ms)=459893
		Total time spent by all reduce tasks (ms)=0
		Total vcore-milliseconds taken by all map tasks=459893
		Total vcore-milliseconds taken by all reduce tasks=0
		Total megabyte-milliseconds taken by all map tasks=470930432
		Total megabyte-milliseconds taken by all reduce tasks=0
	Map-Reduce Framework
		CPU time spent (ms)=0
		Physical memory (bytes) snapshot=0
		Virtual memory (bytes) snapshot=0
