20/06/09 22:06:14 INFO client.RMProxy: Connecting to ResourceManager at master/10.51.17.95:8032
20/06/09 22:06:15 INFO input.FileInputFormat: Total input paths to process : 10
20/06/09 22:06:15 INFO mapreduce.JobSubmitter: number of splits:90
20/06/09 22:06:15 INFO mapreduce.JobSubmitter: Submitting tokens for job: job_1591706909530_0008
20/06/09 22:06:15 INFO impl.YarnClientImpl: Submitted application application_1591706909530_0008
20/06/09 22:06:15 INFO mapreduce.Job: The url to track the job: http://master:8088/proxy/application_1591706909530_0008/
20/06/09 22:06:15 INFO mapreduce.Job: Running job: job_1591706909530_0008
20/06/09 22:06:23 INFO mapreduce.Job: Job job_1591706909530_0008 running in uber mode : false
20/06/09 22:06:23 INFO mapreduce.Job:  map 0% reduce 0%
20/06/09 22:06:37 INFO mapreduce.Job:  map 1% reduce 0%
20/06/09 22:06:39 INFO mapreduce.Job:  map 2% reduce 0%
20/06/09 22:06:42 INFO mapreduce.Job:  map 3% reduce 0%
20/06/09 22:06:51 INFO mapreduce.Job:  map 4% reduce 0%
20/06/09 22:06:55 INFO mapreduce.Job:  map 5% reduce 0%
20/06/09 22:07:01 INFO mapreduce.Job:  map 6% reduce 0%
20/06/09 22:07:04 INFO mapreduce.Job:  map 7% reduce 0%
20/06/09 22:07:08 INFO mapreduce.Job:  map 8% reduce 0%
20/06/09 22:07:15 INFO mapreduce.Job:  map 9% reduce 0%
20/06/09 22:07:16 INFO mapreduce.Job:  map 10% reduce 0%
20/06/09 22:07:19 INFO mapreduce.Job:  map 11% reduce 0%
20/06/09 22:07:25 INFO mapreduce.Job:  map 12% reduce 0%
20/06/09 22:07:29 INFO mapreduce.Job:  map 13% reduce 0%
20/06/09 22:07:34 INFO mapreduce.Job:  map 14% reduce 0%
20/06/09 22:07:36 INFO mapreduce.Job:  map 15% reduce 0%
20/06/09 22:07:37 INFO mapreduce.Job:  map 16% reduce 0%
20/06/09 22:07:40 INFO mapreduce.Job:  map 17% reduce 0%
20/06/09 22:07:45 INFO mapreduce.Job:  map 18% reduce 0%
20/06/09 22:07:48 INFO mapreduce.Job:  map 18% reduce 5%
20/06/09 22:07:51 INFO mapreduce.Job:  map 19% reduce 5%
20/06/09 22:07:55 INFO mapreduce.Job:  map 20% reduce 5%
20/06/09 22:08:00 INFO mapreduce.Job:  map 21% reduce 5%
20/06/09 22:08:06 INFO mapreduce.Job:  map 22% reduce 5%
20/06/09 22:08:10 INFO mapreduce.Job:  map 23% reduce 6%
20/06/09 22:08:14 INFO mapreduce.Job:  map 24% reduce 6%
20/06/09 22:08:15 INFO mapreduce.Job:  map 25% reduce 6%
20/06/09 22:08:17 INFO mapreduce.Job:  map 25% reduce 7%
20/06/09 22:08:20 INFO mapreduce.Job:  map 26% reduce 7%
20/06/09 22:08:25 INFO mapreduce.Job:  map 27% reduce 7%
20/06/09 22:08:30 INFO mapreduce.Job:  map 28% reduce 7%
20/06/09 22:08:34 INFO mapreduce.Job:  map 29% reduce 7%
20/06/09 22:08:39 INFO mapreduce.Job:  map 30% reduce 7%
20/06/09 22:08:40 INFO mapreduce.Job:  map 30% reduce 8%
20/06/09 22:08:41 INFO mapreduce.Job:  map 31% reduce 8%
20/06/09 22:08:44 INFO mapreduce.Job:  map 32% reduce 9%
20/06/09 22:08:47 INFO mapreduce.Job:  map 33% reduce 10%
20/06/09 22:08:52 INFO mapreduce.Job:  map 34% reduce 10%
20/06/09 22:08:57 INFO mapreduce.Job:  map 35% reduce 10%
20/06/09 22:09:01 INFO mapreduce.Job:  map 36% reduce 10%
20/06/09 22:09:05 INFO mapreduce.Job:  map 37% reduce 10%
20/06/09 22:09:07 INFO mapreduce.Job:  map 38% reduce 10%
20/06/09 22:09:08 INFO mapreduce.Job:  map 38% reduce 11%
20/06/09 22:09:11 INFO mapreduce.Job:  map 38% reduce 12%
20/06/09 22:09:13 INFO mapreduce.Job:  map 39% reduce 12%
20/06/09 22:09:17 INFO mapreduce.Job:  map 40% reduce 12%
20/06/09 22:09:21 INFO mapreduce.Job:  map 41% reduce 12%
20/06/09 22:09:27 INFO mapreduce.Job:  map 42% reduce 12%
20/06/09 22:09:31 INFO mapreduce.Job:  map 43% reduce 12%
20/06/09 22:09:37 INFO mapreduce.Job:  map 44% reduce 12%
20/06/09 22:09:39 INFO mapreduce.Job:  map 44% reduce 13%
20/06/09 22:09:40 INFO mapreduce.Job:  map 45% reduce 13%
20/06/09 22:09:45 INFO mapreduce.Job:  map 46% reduce 13%
20/06/09 22:09:49 INFO mapreduce.Job:  map 47% reduce 13%
20/06/09 22:09:51 INFO mapreduce.Job:  map 48% reduce 14%
20/06/09 22:09:55 INFO mapreduce.Job:  map 49% reduce 14%
20/06/09 22:09:57 INFO mapreduce.Job:  map 49% reduce 15%
20/06/09 22:09:59 INFO mapreduce.Job:  map 50% reduce 15%
20/06/09 22:10:00 INFO mapreduce.Job:  map 51% reduce 16%
20/06/09 22:10:02 INFO mapreduce.Job:  map 52% reduce 16%
20/06/09 22:10:03 INFO mapreduce.Job:  map 52% reduce 17%
20/06/09 22:10:12 INFO mapreduce.Job:  map 53% reduce 17%
20/06/09 22:10:14 INFO mapreduce.Job:  map 54% reduce 17%
20/06/09 22:10:19 INFO mapreduce.Job:  map 55% reduce 17%
20/06/09 22:10:24 INFO mapreduce.Job:  map 56% reduce 17%
20/06/09 22:10:30 INFO mapreduce.Job:  map 57% reduce 17%
20/06/09 22:10:33 INFO mapreduce.Job:  map 58% reduce 17%
20/06/09 22:10:39 INFO mapreduce.Job:  map 59% reduce 17%
20/06/09 22:10:42 INFO mapreduce.Job:  map 60% reduce 17%
20/06/09 22:10:47 INFO mapreduce.Job:  map 61% reduce 17%
20/06/09 22:10:50 INFO mapreduce.Job:  map 61% reduce 18%
20/06/09 22:10:53 INFO mapreduce.Job:  map 62% reduce 18%
20/06/09 22:10:54 INFO mapreduce.Job:  map 63% reduce 18%
20/06/09 22:10:56 INFO mapreduce.Job:  map 64% reduce 20%
20/06/09 22:10:58 INFO mapreduce.Job:  map 65% reduce 21%
20/06/09 22:11:01 INFO mapreduce.Job:  map 66% reduce 21%
20/06/09 22:11:07 INFO mapreduce.Job:  map 67% reduce 21%
20/06/09 22:11:10 INFO mapreduce.Job:  map 68% reduce 22%
20/06/09 22:11:17 INFO mapreduce.Job:  map 69% reduce 22%
20/06/09 22:11:21 INFO mapreduce.Job:  map 70% reduce 22%
20/06/09 22:11:26 INFO mapreduce.Job:  map 71% reduce 22%
20/06/09 22:11:32 INFO mapreduce.Job:  map 72% reduce 22%
20/06/09 22:11:36 INFO mapreduce.Job:  map 73% reduce 22%
20/06/09 22:11:40 INFO mapreduce.Job:  map 74% reduce 22%
20/06/09 22:11:46 INFO mapreduce.Job:  map 75% reduce 22%
20/06/09 22:11:48 INFO mapreduce.Job:  map 76% reduce 22%
20/06/09 22:11:50 INFO mapreduce.Job:  map 77% reduce 23%
20/06/09 22:11:52 INFO mapreduce.Job:  map 78% reduce 23%
20/06/09 22:11:53 INFO mapreduce.Job:  map 78% reduce 24%
20/06/09 22:11:58 INFO mapreduce.Job:  map 79% reduce 24%
20/06/09 22:11:59 INFO mapreduce.Job:  map 79% reduce 25%
20/06/09 22:12:00 INFO mapreduce.Job:  map 80% reduce 25%
20/06/09 22:12:02 INFO mapreduce.Job:  map 80% reduce 26%
20/06/09 22:12:04 INFO mapreduce.Job:  map 81% reduce 26%
20/06/09 22:12:05 INFO mapreduce.Job:  map 82% reduce 26%
20/06/09 22:12:09 INFO mapreduce.Job:  map 83% reduce 26%
20/06/09 22:12:11 INFO mapreduce.Job:  map 83% reduce 27%
20/06/09 22:12:13 INFO mapreduce.Job:  map 84% reduce 27%
20/06/09 22:12:16 INFO mapreduce.Job:  map 85% reduce 27%
20/06/09 22:12:18 INFO mapreduce.Job:  map 86% reduce 27%
20/06/09 22:12:20 INFO mapreduce.Job:  map 87% reduce 27%
20/06/09 22:12:23 INFO mapreduce.Job:  map 88% reduce 27%
20/06/09 22:12:24 INFO mapreduce.Job:  map 89% reduce 27%
20/06/09 22:12:26 INFO mapreduce.Job:  map 90% reduce 27%
20/06/09 22:12:27 INFO mapreduce.Job:  map 90% reduce 28%
20/06/09 22:12:29 INFO mapreduce.Job:  map 91% reduce 28%
20/06/09 22:12:30 INFO mapreduce.Job:  map 91% reduce 29%
20/06/09 22:12:35 INFO mapreduce.Job:  map 92% reduce 29%
20/06/09 22:12:37 INFO mapreduce.Job:  map 93% reduce 29%
20/06/09 22:12:38 INFO mapreduce.Job:  map 95% reduce 29%
20/06/09 22:12:39 INFO mapreduce.Job:  map 96% reduce 29%
20/06/09 22:12:42 INFO mapreduce.Job:  map 97% reduce 30%
20/06/09 22:12:45 INFO mapreduce.Job:  map 97% reduce 31%
20/06/09 22:12:46 INFO mapreduce.Job:  map 99% reduce 31%
20/06/09 22:12:48 INFO mapreduce.Job:  map 99% reduce 32%
20/06/09 22:12:51 INFO mapreduce.Job:  map 100% reduce 32%
20/06/09 22:12:54 INFO mapreduce.Job:  map 100% reduce 68%
20/06/09 22:12:57 INFO mapreduce.Job:  map 100% reduce 73%
20/06/09 22:13:00 INFO mapreduce.Job:  map 100% reduce 79%
20/06/09 22:13:03 INFO mapreduce.Job:  map 100% reduce 84%
20/06/09 22:13:06 INFO mapreduce.Job:  map 100% reduce 92%
20/06/09 22:13:09 INFO mapreduce.Job:  map 100% reduce 100%
20/06/09 22:13:09 INFO mapreduce.Job: Job job_1591706909530_0008 completed successfully
20/06/09 22:13:09 INFO mapreduce.Job: Counters: 51
	File System Counters
		FILE: Number of bytes read=1692800399
		FILE: Number of bytes written=2507315093
		FILE: Number of read operations=0
		FILE: Number of large read operations=0
		FILE: Number of write operations=0
		HDFS: Number of bytes read=11026286926
		HDFS: Number of bytes written=484830692
		HDFS: Number of read operations=273
		HDFS: Number of large read operations=0
		HDFS: Number of write operations=2
	Job Counters 
		Killed map tasks=1
		Launched map tasks=91
		Launched reduce tasks=1
		Data-local map tasks=89
		Rack-local map tasks=2
		Total time spent by all maps in occupied slots (ms)=4953018
		Total time spent by all reduces in occupied slots (ms)=332278
		Total time spent by all map tasks (ms)=4953018
		Total time spent by all reduce tasks (ms)=332278
		Total vcore-milliseconds taken by all map tasks=4953018
		Total vcore-milliseconds taken by all reduce tasks=332278
		Total megabyte-milliseconds taken by all map tasks=5071890432
		Total megabyte-milliseconds taken by all reduce tasks=340252672
	Map-Reduce Framework
		Map input records=722331
		Map output records=1009461462
		Map output bytes=19257087510
		Map output materialized bytes=803304288
		Input split bytes=10530
		Combine input records=1034448508
		Combine output records=47593157
		Reduce input groups=9840604
		Reduce shuffle bytes=803304288
		Reduce input records=22606111
		Reduce output records=9840604
		Spilled Records=70877768
		Shuffled Maps =90
		Failed Shuffles=0
		Merged Map outputs=90
		GC time elapsed (ms)=105882
		CPU time spent (ms)=2001010
		Physical memory (bytes) snapshot=25020039168
		Virtual memory (bytes) snapshot=191979499520
		Total committed heap usage (bytes)=18936758272
	Shuffle Errors
		BAD_ID=0
		CONNECTION=0
		IO_ERROR=0
		WRONG_LENGTH=0
		WRONG_MAP=0
		WRONG_REDUCE=0
	File Input Format Counters 
		Bytes Read=11026276396
	File Output Format Counters 
		Bytes Written=484830692
20/06/09 22:13:09 INFO client.RMProxy: Connecting to ResourceManager at master/10.51.17.95:8032
20/06/09 22:13:10 INFO input.FileInputFormat: Total input paths to process : 1
20/06/09 22:13:10 INFO mapreduce.JobSubmitter: number of splits:4
20/06/09 22:13:10 INFO mapreduce.JobSubmitter: Submitting tokens for job: job_1591706909530_0009
20/06/09 22:13:10 INFO impl.YarnClientImpl: Submitted application application_1591706909530_0009
20/06/09 22:13:10 INFO mapreduce.Job: The url to track the job: http://master:8088/proxy/application_1591706909530_0009/
20/06/09 22:13:10 INFO mapreduce.Job: Running job: job_1591706909530_0009
20/06/09 22:13:18 INFO mapreduce.Job: Job job_1591706909530_0009 running in uber mode : false
20/06/09 22:13:18 INFO mapreduce.Job:  map 0% reduce 0%
20/06/09 22:13:29 INFO mapreduce.Job:  map 25% reduce 0%
20/06/09 22:13:30 INFO mapreduce.Job:  map 64% reduce 0%
20/06/09 22:13:34 INFO mapreduce.Job:  map 77% reduce 0%
20/06/09 22:13:37 INFO mapreduce.Job:  map 89% reduce 0%
20/06/09 22:13:38 INFO mapreduce.Job:  map 92% reduce 0%
20/06/09 22:13:39 INFO mapreduce.Job:  map 100% reduce 0%
20/06/09 22:13:40 INFO mapreduce.Job:  map 100% reduce 25%
20/06/09 22:13:43 INFO mapreduce.Job:  map 100% reduce 79%
20/06/09 22:13:46 INFO mapreduce.Job:  map 100% reduce 90%
20/06/09 22:13:48 INFO mapreduce.Job:  map 100% reduce 100%
20/06/09 22:13:48 INFO mapreduce.Job: Job job_1591706909530_0009 completed successfully
20/06/09 22:13:48 INFO mapreduce.Job: Counters: 50
	File System Counters
		FILE: Number of bytes read=842102476
		FILE: Number of bytes written=1263767037
		FILE: Number of read operations=0
		FILE: Number of large read operations=0
		FILE: Number of write operations=0
		HDFS: Number of bytes read=484835205
		HDFS: Number of bytes written=342983462
		HDFS: Number of read operations=19
		HDFS: Number of large read operations=0
		HDFS: Number of write operations=2
	Job Counters 
		Killed map tasks=1
		Launched map tasks=5
		Launched reduce tasks=1
		Data-local map tasks=5
		Total time spent by all maps in occupied slots (ms)=60028
		Total time spent by all reduces in occupied slots (ms)=15824
		Total time spent by all map tasks (ms)=60028
		Total time spent by all reduce tasks (ms)=15824
		Total vcore-milliseconds taken by all map tasks=60028
		Total vcore-milliseconds taken by all reduce tasks=15824
		Total megabyte-milliseconds taken by all map tasks=61468672
		Total megabyte-milliseconds taken by all reduce tasks=16203776
	Map-Reduce Framework
		Map input records=9840604
		Map output records=9840604
		Map output bytes=401369994
		Map output materialized bytes=421051226
		Input split bytes=504
		Combine input records=0
		Combine output records=0
		Reduce input groups=1250
		Reduce shuffle bytes=421051226
		Reduce input records=9840604
		Reduce output records=9840604
		Spilled Records=29521812
		Shuffled Maps =4
		Failed Shuffles=0
		Merged Map outputs=4
		GC time elapsed (ms)=1673
		CPU time spent (ms)=44880
		Physical memory (bytes) snapshot=1273171968
		Virtual memory (bytes) snapshot=10583859200
		Total committed heap usage (bytes)=941621248
	Shuffle Errors
		BAD_ID=0
		CONNECTION=0
		IO_ERROR=0
		WRONG_LENGTH=0
		WRONG_MAP=0
		WRONG_REDUCE=0
	File Input Format Counters 
		Bytes Read=484834701
	File Output Format Counters 
		Bytes Written=342983462
