20/06/08 16:25:57 INFO client.RMProxy: Connecting to ResourceManager at master/10.51.17.95:8032
20/06/08 16:25:58 INFO input.FileInputFormat: Total input paths to process : 16
20/06/08 16:25:58 INFO mapreduce.JobSubmitter: number of splits:16
20/06/08 16:25:58 INFO mapreduce.JobSubmitter: Submitting tokens for job: job_1591601150468_0001
20/06/08 16:25:59 INFO impl.YarnClientImpl: Submitted application application_1591601150468_0001
20/06/08 16:25:59 INFO mapreduce.Job: The url to track the job: http://master:8088/proxy/application_1591601150468_0001/
20/06/08 16:25:59 INFO mapreduce.Job: Running job: job_1591601150468_0001
20/06/08 16:26:04 INFO mapreduce.Job: Job job_1591601150468_0001 running in uber mode : false
20/06/08 16:26:04 INFO mapreduce.Job:  map 0% reduce 0%
20/06/08 16:26:17 INFO mapreduce.Job:  map 4% reduce 0%
20/06/08 16:26:18 INFO mapreduce.Job:  map 21% reduce 0%
20/06/08 16:26:20 INFO mapreduce.Job:  map 29% reduce 0%
20/06/08 16:26:21 INFO mapreduce.Job:  map 54% reduce 0%
20/06/08 16:26:22 INFO mapreduce.Job:  map 58% reduce 0%
20/06/08 16:27:09 INFO mapreduce.Job:  map 60% reduce 0%
20/06/08 16:27:11 INFO mapreduce.Job:  map 67% reduce 0%
20/06/08 16:27:12 INFO mapreduce.Job:  map 69% reduce 0%
20/06/08 16:27:14 INFO mapreduce.Job:  map 71% reduce 0%
20/06/08 16:27:20 INFO mapreduce.Job:  map 79% reduce 0%
20/06/08 16:27:23 INFO mapreduce.Job:  map 79% reduce 13%
20/06/08 16:27:32 INFO mapreduce.Job:  map 83% reduce 13%
20/06/08 16:27:33 INFO mapreduce.Job:  map 85% reduce 13%
20/06/08 16:27:34 INFO mapreduce.Job:  map 96% reduce 13%
20/06/08 16:27:35 INFO mapreduce.Job:  map 96% reduce 19%
20/06/08 16:27:38 INFO mapreduce.Job:  map 96% reduce 29%
20/06/08 16:27:42 INFO mapreduce.Job:  map 98% reduce 29%
20/06/08 16:27:43 INFO mapreduce.Job:  map 100% reduce 29%
20/06/08 16:27:44 INFO mapreduce.Job:  map 100% reduce 100%
20/06/08 16:27:45 INFO mapreduce.Job: Job job_1591601150468_0001 completed successfully
20/06/08 16:27:45 INFO mapreduce.Job: Counters: 50
	File System Counters
		FILE: Number of bytes read=358
		FILE: Number of bytes written=2094188
		FILE: Number of read operations=0
		FILE: Number of large read operations=0
		FILE: Number of write operations=0
		HDFS: Number of bytes read=4182
		HDFS: Number of bytes written=215
		HDFS: Number of read operations=67
		HDFS: Number of large read operations=0
		HDFS: Number of write operations=3
	Job Counters 
		Launched map tasks=16
		Launched reduce tasks=1
		Data-local map tasks=13
		Rack-local map tasks=3
		Total time spent by all maps in occupied slots (ms)=1144251
		Total time spent by all reduces in occupied slots (ms)=30615
		Total time spent by all map tasks (ms)=1144251
		Total time spent by all reduce tasks (ms)=30615
		Total vcore-milliseconds taken by all map tasks=1144251
		Total vcore-milliseconds taken by all reduce tasks=30615
		Total megabyte-milliseconds taken by all map tasks=1171713024
		Total megabyte-milliseconds taken by all reduce tasks=31349760
	Map-Reduce Framework
		Map input records=16
		Map output records=32
		Map output bytes=288
		Map output materialized bytes=448
		Input split bytes=2294
		Combine input records=0
		Combine output records=0
		Reduce input groups=2
		Reduce shuffle bytes=448
		Reduce input records=32
		Reduce output records=0
		Spilled Records=64
		Shuffled Maps =16
		Failed Shuffles=0
		Merged Map outputs=16
		GC time elapsed (ms)=9127
		CPU time spent (ms)=464830
		Physical memory (bytes) snapshot=4432805888
		Virtual memory (bytes) snapshot=35809775616
		Total committed heap usage (bytes)=3354918912
	Shuffle Errors
		BAD_ID=0
		CONNECTION=0
		IO_ERROR=0
		WRONG_LENGTH=0
		WRONG_MAP=0
		WRONG_REDUCE=0
	File Input Format Counters 
		Bytes Read=1888
	File Output Format Counters 
		Bytes Written=97
