20/06/08 16:33:24 INFO client.RMProxy: Connecting to ResourceManager at master/10.51.17.95:8032
20/06/08 16:33:24 INFO input.FileInputFormat: Total input paths to process : 10
20/06/08 16:33:25 INFO mapreduce.JobSubmitter: number of splits:90
20/06/08 16:33:25 INFO mapreduce.JobSubmitter: Submitting tokens for job: job_1591601150468_0005
20/06/08 16:33:25 INFO impl.YarnClientImpl: Submitted application application_1591601150468_0005
20/06/08 16:33:25 INFO mapreduce.Job: The url to track the job: http://master:8088/proxy/application_1591601150468_0005/
20/06/08 16:33:25 INFO mapreduce.Job: Running job: job_1591601150468_0005
20/06/08 16:33:32 INFO mapreduce.Job: Job job_1591601150468_0005 running in uber mode : false
20/06/08 16:33:32 INFO mapreduce.Job:  map 0% reduce 0%
20/06/08 16:33:47 INFO mapreduce.Job:  map 2% reduce 0%
20/06/08 16:33:49 INFO mapreduce.Job:  map 3% reduce 0%
20/06/08 16:33:57 INFO mapreduce.Job:  map 4% reduce 0%
20/06/08 16:34:03 INFO mapreduce.Job:  map 5% reduce 0%
20/06/08 16:34:07 INFO mapreduce.Job:  map 6% reduce 0%
20/06/08 16:34:13 INFO mapreduce.Job:  map 7% reduce 0%
20/06/08 16:34:16 INFO mapreduce.Job:  map 8% reduce 0%
20/06/08 16:34:22 INFO mapreduce.Job:  map 9% reduce 0%
20/06/08 16:34:27 INFO mapreduce.Job:  map 10% reduce 0%
20/06/08 16:34:28 INFO mapreduce.Job:  map 11% reduce 0%
20/06/08 16:34:30 INFO mapreduce.Job:  map 12% reduce 0%
20/06/08 16:34:35 INFO mapreduce.Job:  map 13% reduce 0%
20/06/08 16:34:40 INFO mapreduce.Job:  map 14% reduce 0%
20/06/08 16:34:42 INFO mapreduce.Job:  map 15% reduce 0%
20/06/08 16:34:46 INFO mapreduce.Job:  map 16% reduce 0%
20/06/08 16:34:48 INFO mapreduce.Job:  map 17% reduce 0%
20/06/08 16:34:51 INFO mapreduce.Job:  map 18% reduce 0%
20/06/08 16:34:53 INFO mapreduce.Job:  map 18% reduce 5%
20/06/08 16:34:58 INFO mapreduce.Job:  map 19% reduce 5%
20/06/08 16:35:02 INFO mapreduce.Job:  map 20% reduce 5%
20/06/08 16:35:07 INFO mapreduce.Job:  map 21% reduce 5%
20/06/08 16:35:11 INFO mapreduce.Job:  map 22% reduce 5%
20/06/08 16:35:16 INFO mapreduce.Job:  map 23% reduce 5%
20/06/08 16:35:18 INFO mapreduce.Job:  map 23% reduce 6%
20/06/08 16:35:21 INFO mapreduce.Job:  map 24% reduce 6%
20/06/08 16:35:22 INFO mapreduce.Job:  map 25% reduce 6%
20/06/08 16:35:24 INFO mapreduce.Job:  map 25% reduce 7%
20/06/08 16:35:25 INFO mapreduce.Job:  map 26% reduce 7%
20/06/08 16:35:31 INFO mapreduce.Job:  map 27% reduce 7%
20/06/08 16:35:35 INFO mapreduce.Job:  map 28% reduce 7%
20/06/08 16:35:40 INFO mapreduce.Job:  map 29% reduce 7%
20/06/08 16:35:43 INFO mapreduce.Job:  map 29% reduce 8%
20/06/08 16:35:45 INFO mapreduce.Job:  map 30% reduce 8%
20/06/08 16:35:47 INFO mapreduce.Job:  map 31% reduce 8%
20/06/08 16:35:49 INFO mapreduce.Job:  map 31% reduce 9%
20/06/08 16:35:51 INFO mapreduce.Job:  map 32% reduce 9%
20/06/08 16:35:54 INFO mapreduce.Job:  map 33% reduce 9%
20/06/08 16:35:57 INFO mapreduce.Job:  map 33% reduce 10%
20/06/08 16:35:58 INFO mapreduce.Job:  map 34% reduce 10%
20/06/08 16:36:02 INFO mapreduce.Job:  map 35% reduce 10%
20/06/08 16:36:05 INFO mapreduce.Job:  map 36% reduce 10%
20/06/08 16:36:12 INFO mapreduce.Job:  map 37% reduce 10%
20/06/08 16:36:14 INFO mapreduce.Job:  map 38% reduce 10%
20/06/08 16:36:15 INFO mapreduce.Job:  map 38% reduce 11%
20/06/08 16:36:17 INFO mapreduce.Job:  map 39% reduce 11%
20/06/08 16:36:18 INFO mapreduce.Job:  map 39% reduce 12%
20/06/08 16:36:23 INFO mapreduce.Job:  map 40% reduce 12%
20/06/08 16:36:27 INFO mapreduce.Job:  map 41% reduce 12%
20/06/08 16:36:30 INFO mapreduce.Job:  map 42% reduce 12%
20/06/08 16:36:38 INFO mapreduce.Job:  map 43% reduce 12%
20/06/08 16:36:41 INFO mapreduce.Job:  map 44% reduce 12%
20/06/08 16:36:43 INFO mapreduce.Job:  map 44% reduce 13%
20/06/08 16:36:45 INFO mapreduce.Job:  map 45% reduce 13%
20/06/08 16:36:48 INFO mapreduce.Job:  map 46% reduce 13%
20/06/08 16:36:52 INFO mapreduce.Job:  map 47% reduce 13%
20/06/08 16:36:55 INFO mapreduce.Job:  map 47% reduce 14%
20/06/08 16:36:56 INFO mapreduce.Job:  map 48% reduce 14%
20/06/08 16:37:00 INFO mapreduce.Job:  map 49% reduce 14%
20/06/08 16:37:04 INFO mapreduce.Job:  map 50% reduce 14%
20/06/08 16:37:05 INFO mapreduce.Job:  map 50% reduce 15%
20/06/08 16:37:06 INFO mapreduce.Job:  map 51% reduce 15%
20/06/08 16:37:08 INFO mapreduce.Job:  map 51% reduce 16%
20/06/08 16:37:09 INFO mapreduce.Job:  map 52% reduce 16%
20/06/08 16:37:13 INFO mapreduce.Job:  map 53% reduce 16%
20/06/08 16:37:14 INFO mapreduce.Job:  map 53% reduce 17%
20/06/08 16:37:18 INFO mapreduce.Job:  map 54% reduce 17%
20/06/08 16:37:22 INFO mapreduce.Job:  map 55% reduce 17%
20/06/08 16:37:27 INFO mapreduce.Job:  map 56% reduce 17%
20/06/08 16:37:31 INFO mapreduce.Job:  map 57% reduce 17%
20/06/08 16:37:36 INFO mapreduce.Job:  map 58% reduce 17%
20/06/08 16:37:43 INFO mapreduce.Job:  map 59% reduce 17%
20/06/08 16:37:47 INFO mapreduce.Job:  map 60% reduce 17%
20/06/08 16:37:49 INFO mapreduce.Job:  map 61% reduce 17%
20/06/08 16:37:50 INFO mapreduce.Job:  map 61% reduce 18%
20/06/08 16:37:54 INFO mapreduce.Job:  map 62% reduce 18%
20/06/08 16:37:56 INFO mapreduce.Job:  map 63% reduce 19%
20/06/08 16:37:59 INFO mapreduce.Job:  map 65% reduce 19%
20/06/08 16:38:02 INFO mapreduce.Job:  map 65% reduce 21%
20/06/08 16:38:07 INFO mapreduce.Job:  map 66% reduce 21%
20/06/08 16:38:10 INFO mapreduce.Job:  map 67% reduce 21%
20/06/08 16:38:11 INFO mapreduce.Job:  map 68% reduce 22%
20/06/08 16:38:19 INFO mapreduce.Job:  map 69% reduce 22%
20/06/08 16:38:22 INFO mapreduce.Job:  map 70% reduce 22%
20/06/08 16:38:29 INFO mapreduce.Job:  map 71% reduce 22%
20/06/08 16:38:33 INFO mapreduce.Job:  map 72% reduce 22%
20/06/08 16:38:38 INFO mapreduce.Job:  map 73% reduce 22%
20/06/08 16:38:41 INFO mapreduce.Job:  map 74% reduce 22%
20/06/08 16:38:46 INFO mapreduce.Job:  map 75% reduce 22%
20/06/08 16:38:48 INFO mapreduce.Job:  map 75% reduce 23%
20/06/08 16:38:50 INFO mapreduce.Job:  map 76% reduce 23%
20/06/08 16:38:53 INFO mapreduce.Job:  map 77% reduce 23%
20/06/08 16:38:55 INFO mapreduce.Job:  map 78% reduce 23%
20/06/08 16:38:57 INFO mapreduce.Job:  map 78% reduce 24%
20/06/08 16:38:58 INFO mapreduce.Job:  map 79% reduce 24%
20/06/08 16:39:00 INFO mapreduce.Job:  map 79% reduce 25%
20/06/08 16:39:01 INFO mapreduce.Job:  map 80% reduce 25%
20/06/08 16:39:03 INFO mapreduce.Job:  map 80% reduce 26%
20/06/08 16:39:05 INFO mapreduce.Job:  map 81% reduce 26%
20/06/08 16:39:09 INFO mapreduce.Job:  map 82% reduce 26%
20/06/08 16:39:10 INFO mapreduce.Job:  map 82% reduce 27%
20/06/08 16:39:12 INFO mapreduce.Job:  map 83% reduce 27%
20/06/08 16:39:14 INFO mapreduce.Job:  map 84% reduce 27%
20/06/08 16:39:15 INFO mapreduce.Job:  map 85% reduce 27%
20/06/08 16:39:19 INFO mapreduce.Job:  map 86% reduce 27%
20/06/08 16:39:20 INFO mapreduce.Job:  map 87% reduce 27%
20/06/08 16:39:21 INFO mapreduce.Job:  map 88% reduce 27%
20/06/08 16:39:22 INFO mapreduce.Job:  map 88% reduce 28%
20/06/08 16:39:27 INFO mapreduce.Job:  map 89% reduce 28%
20/06/08 16:39:29 INFO mapreduce.Job:  map 90% reduce 28%
20/06/08 16:39:30 INFO mapreduce.Job:  map 91% reduce 28%
20/06/08 16:39:31 INFO mapreduce.Job:  map 91% reduce 29%
20/06/08 16:39:33 INFO mapreduce.Job:  map 92% reduce 29%
20/06/08 16:39:35 INFO mapreduce.Job:  map 93% reduce 29%
20/06/08 16:39:37 INFO mapreduce.Job:  map 94% reduce 29%
20/06/08 16:39:39 INFO mapreduce.Job:  map 94% reduce 30%
20/06/08 16:39:40 INFO mapreduce.Job:  map 95% reduce 30%
20/06/08 16:39:42 INFO mapreduce.Job:  map 96% reduce 30%
20/06/08 16:39:43 INFO mapreduce.Job:  map 97% reduce 30%
20/06/08 16:39:45 INFO mapreduce.Job:  map 97% reduce 31%
20/06/08 16:39:46 INFO mapreduce.Job:  map 98% reduce 31%
20/06/08 16:39:49 INFO mapreduce.Job:  map 99% reduce 31%
20/06/08 16:39:51 INFO mapreduce.Job:  map 100% reduce 31%
20/06/08 16:39:52 INFO mapreduce.Job:  map 100% reduce 33%
20/06/08 16:39:58 INFO mapreduce.Job:  map 100% reduce 72%
20/06/08 16:40:01 INFO mapreduce.Job:  map 100% reduce 77%
20/06/08 16:40:04 INFO mapreduce.Job:  map 100% reduce 83%
20/06/08 16:40:07 INFO mapreduce.Job:  map 100% reduce 89%
20/06/08 16:40:10 INFO mapreduce.Job:  map 100% reduce 100%
20/06/08 16:40:11 INFO mapreduce.Job: Job job_1591601150468_0005 completed successfully
20/06/08 16:40:12 INFO mapreduce.Job: Counters: 51
	File System Counters
		FILE: Number of bytes read=1500235559
		FILE: Number of bytes written=2237694992
		FILE: Number of read operations=0
		FILE: Number of large read operations=0
		FILE: Number of write operations=0
		HDFS: Number of bytes read=11026318866
		HDFS: Number of bytes written=355008674
		HDFS: Number of read operations=273
		HDFS: Number of large read operations=0
		HDFS: Number of write operations=2
	Job Counters 
		Killed map tasks=1
		Launched map tasks=91
		Launched reduce tasks=1
		Data-local map tasks=89
		Rack-local map tasks=2
		Total time spent by all maps in occupied slots (ms)=4819689
		Total time spent by all reduces in occupied slots (ms)=329162
		Total time spent by all map tasks (ms)=4819689
		Total time spent by all reduce tasks (ms)=329162
		Total vcore-milliseconds taken by all map tasks=4819689
		Total vcore-milliseconds taken by all reduce tasks=329162
		Total megabyte-milliseconds taken by all map tasks=4935361536
		Total megabyte-milliseconds taken by all reduce tasks=337061888
	Map-Reduce Framework
		Map input records=265982
		Map output records=1009303957
		Map output bytes=15221330717
		Map output materialized bytes=726279789
		Input split bytes=10530
		Combine input records=1034069315
		Combine output records=47403583
		Reduce input groups=9904683
		Reduce shuffle bytes=726279789
		Reduce input records=22638225
		Reduce output records=9904683
		Spilled Records=70041808
		Shuffled Maps =90
		Failed Shuffles=0
		Merged Map outputs=90
		GC time elapsed (ms)=97802
		CPU time spent (ms)=1942650
		Physical memory (bytes) snapshot=25114079232
		Virtual memory (bytes) snapshot=191983603712
		Total committed heap usage (bytes)=18914738176
	Shuffle Errors
		BAD_ID=0
		CONNECTION=0
		IO_ERROR=0
		WRONG_LENGTH=0
		WRONG_MAP=0
		WRONG_REDUCE=0
	File Input Format Counters 
		Bytes Read=11026308336
	File Output Format Counters 
		Bytes Written=355008674
