20/06/08 17:17:31 INFO client.RMProxy: Connecting to ResourceManager at master/10.51.17.95:8032
20/06/08 17:17:32 INFO input.FileInputFormat: Total input paths to process : 10
20/06/08 17:17:32 INFO mapreduce.JobSubmitter: number of splits:90
20/06/08 17:17:32 INFO mapreduce.JobSubmitter: Submitting tokens for job: job_1591601150468_0019
20/06/08 17:17:33 INFO impl.YarnClientImpl: Submitted application application_1591601150468_0019
20/06/08 17:17:33 INFO mapreduce.Job: The url to track the job: http://master:8088/proxy/application_1591601150468_0019/
20/06/08 17:17:33 INFO mapreduce.Job: Running job: job_1591601150468_0019
20/06/08 17:17:39 INFO mapreduce.Job: Job job_1591601150468_0019 running in uber mode : false
20/06/08 17:17:39 INFO mapreduce.Job:  map 0% reduce 0%
20/06/08 17:17:53 INFO mapreduce.Job:  map 1% reduce 0%
20/06/08 17:17:55 INFO mapreduce.Job:  map 2% reduce 0%
20/06/08 17:17:56 INFO mapreduce.Job:  map 3% reduce 0%
20/06/08 17:18:04 INFO mapreduce.Job:  map 4% reduce 0%
20/06/08 17:18:10 INFO mapreduce.Job:  map 5% reduce 0%
20/06/08 17:18:13 INFO mapreduce.Job:  map 6% reduce 0%
20/06/08 17:18:21 INFO mapreduce.Job:  map 7% reduce 0%
20/06/08 17:18:23 INFO mapreduce.Job:  map 8% reduce 0%
20/06/08 17:18:30 INFO mapreduce.Job:  map 9% reduce 0%
20/06/08 17:18:33 INFO mapreduce.Job:  map 10% reduce 0%
20/06/08 17:18:35 INFO mapreduce.Job:  map 12% reduce 0%
20/06/08 17:18:44 INFO mapreduce.Job:  map 13% reduce 0%
20/06/08 17:18:47 INFO mapreduce.Job:  map 14% reduce 0%
20/06/08 17:18:49 INFO mapreduce.Job:  map 15% reduce 0%
20/06/08 17:18:52 INFO mapreduce.Job:  map 16% reduce 0%
20/06/08 17:18:56 INFO mapreduce.Job:  map 17% reduce 0%
20/06/08 17:18:57 INFO mapreduce.Job:  map 18% reduce 0%
20/06/08 17:19:03 INFO mapreduce.Job:  map 18% reduce 5%
20/06/08 17:19:05 INFO mapreduce.Job:  map 19% reduce 5%
20/06/08 17:19:09 INFO mapreduce.Job:  map 20% reduce 5%
20/06/08 17:19:14 INFO mapreduce.Job:  map 21% reduce 5%
20/06/08 17:19:20 INFO mapreduce.Job:  map 22% reduce 5%
20/06/08 17:19:24 INFO mapreduce.Job:  map 23% reduce 5%
20/06/08 17:19:26 INFO mapreduce.Job:  map 24% reduce 5%
20/06/08 17:19:27 INFO mapreduce.Job:  map 24% reduce 6%
20/06/08 17:19:29 INFO mapreduce.Job:  map 25% reduce 6%
20/06/08 17:19:30 INFO mapreduce.Job:  map 25% reduce 7%
20/06/08 17:19:33 INFO mapreduce.Job:  map 26% reduce 7%
20/06/08 17:19:38 INFO mapreduce.Job:  map 27% reduce 7%
20/06/08 17:19:43 INFO mapreduce.Job:  map 28% reduce 7%
20/06/08 17:19:47 INFO mapreduce.Job:  map 29% reduce 7%
20/06/08 17:19:49 INFO mapreduce.Job:  map 29% reduce 8%
20/06/08 17:19:52 INFO mapreduce.Job:  map 30% reduce 8%
20/06/08 17:19:55 INFO mapreduce.Job:  map 31% reduce 8%
20/06/08 17:19:58 INFO mapreduce.Job:  map 32% reduce 9%
20/06/08 17:20:00 INFO mapreduce.Job:  map 33% reduce 9%
20/06/08 17:20:01 INFO mapreduce.Job:  map 33% reduce 10%
20/06/08 17:20:05 INFO mapreduce.Job:  map 34% reduce 10%
20/06/08 17:20:09 INFO mapreduce.Job:  map 35% reduce 10%
20/06/08 17:20:15 INFO mapreduce.Job:  map 36% reduce 10%
20/06/08 17:20:18 INFO mapreduce.Job:  map 37% reduce 10%
20/06/08 17:20:20 INFO mapreduce.Job:  map 38% reduce 11%
20/06/08 17:20:26 INFO mapreduce.Job:  map 39% reduce 11%
20/06/08 17:20:29 INFO mapreduce.Job:  map 39% reduce 12%
20/06/08 17:20:30 INFO mapreduce.Job:  map 40% reduce 12%
20/06/08 17:20:33 INFO mapreduce.Job:  map 41% reduce 12%
20/06/08 17:20:39 INFO mapreduce.Job:  map 42% reduce 12%
20/06/08 17:20:43 INFO mapreduce.Job:  map 43% reduce 12%
20/06/08 17:20:48 INFO mapreduce.Job:  map 44% reduce 12%
20/06/08 17:20:53 INFO mapreduce.Job:  map 45% reduce 12%
20/06/08 17:20:57 INFO mapreduce.Job:  map 46% reduce 13%
20/06/08 17:21:00 INFO mapreduce.Job:  map 47% reduce 13%
20/06/08 17:21:01 INFO mapreduce.Job:  map 48% reduce 13%
20/06/08 17:21:03 INFO mapreduce.Job:  map 48% reduce 14%
20/06/08 17:21:07 INFO mapreduce.Job:  map 49% reduce 14%
20/06/08 17:21:09 INFO mapreduce.Job:  map 49% reduce 15%
20/06/08 17:21:10 INFO mapreduce.Job:  map 50% reduce 15%
20/06/08 17:21:13 INFO mapreduce.Job:  map 51% reduce 15%
20/06/08 17:21:14 INFO mapreduce.Job:  map 51% reduce 16%
20/06/08 17:21:16 INFO mapreduce.Job:  map 52% reduce 16%
20/06/08 17:21:22 INFO mapreduce.Job:  map 53% reduce 16%
20/06/08 17:21:23 INFO mapreduce.Job:  map 53% reduce 17%
20/06/08 17:21:24 INFO mapreduce.Job:  map 54% reduce 17%
20/06/08 17:21:30 INFO mapreduce.Job:  map 55% reduce 17%
20/06/08 17:21:34 INFO mapreduce.Job:  map 56% reduce 17%
20/06/08 17:21:39 INFO mapreduce.Job:  map 57% reduce 17%
20/06/08 17:21:44 INFO mapreduce.Job:  map 58% reduce 17%
20/06/08 17:21:49 INFO mapreduce.Job:  map 59% reduce 17%
20/06/08 17:21:55 INFO mapreduce.Job:  map 60% reduce 17%
20/06/08 17:21:57 INFO mapreduce.Job:  map 61% reduce 18%
20/06/08 17:21:59 INFO mapreduce.Job:  map 62% reduce 18%
20/06/08 17:22:00 INFO mapreduce.Job:  map 62% reduce 19%
20/06/08 17:22:03 INFO mapreduce.Job:  map 63% reduce 19%
20/06/08 17:22:06 INFO mapreduce.Job:  map 64% reduce 20%
20/06/08 17:22:08 INFO mapreduce.Job:  map 65% reduce 20%
20/06/08 17:22:12 INFO mapreduce.Job:  map 65% reduce 21%
20/06/08 17:22:13 INFO mapreduce.Job:  map 66% reduce 21%
20/06/08 17:22:17 INFO mapreduce.Job:  map 67% reduce 21%
20/06/08 17:22:21 INFO mapreduce.Job:  map 68% reduce 21%
20/06/08 17:22:22 INFO mapreduce.Job:  map 68% reduce 22%
20/06/08 17:22:26 INFO mapreduce.Job:  map 69% reduce 22%
20/06/08 17:22:31 INFO mapreduce.Job:  map 70% reduce 22%
20/06/08 17:22:36 INFO mapreduce.Job:  map 71% reduce 22%
20/06/08 17:22:40 INFO mapreduce.Job:  map 72% reduce 22%
20/06/08 17:22:46 INFO mapreduce.Job:  map 73% reduce 22%
20/06/08 17:22:49 INFO mapreduce.Job:  map 74% reduce 22%
20/06/08 17:22:54 INFO mapreduce.Job:  map 75% reduce 22%
20/06/08 17:22:57 INFO mapreduce.Job:  map 75% reduce 23%
20/06/08 17:22:59 INFO mapreduce.Job:  map 76% reduce 23%
20/06/08 17:23:00 INFO mapreduce.Job:  map 77% reduce 23%
20/06/08 17:23:01 INFO mapreduce.Job:  map 77% reduce 24%
20/06/08 17:23:04 INFO mapreduce.Job:  map 78% reduce 24%
20/06/08 17:23:05 INFO mapreduce.Job:  map 79% reduce 24%
20/06/08 17:23:08 INFO mapreduce.Job:  map 79% reduce 25%
20/06/08 17:23:11 INFO mapreduce.Job:  map 79% reduce 26%
20/06/08 17:23:12 INFO mapreduce.Job:  map 80% reduce 26%
20/06/08 17:23:13 INFO mapreduce.Job:  map 81% reduce 26%
20/06/08 17:23:15 INFO mapreduce.Job:  map 82% reduce 26%
20/06/08 17:23:17 INFO mapreduce.Job:  map 83% reduce 27%
20/06/08 17:23:23 INFO mapreduce.Job:  map 84% reduce 27%
20/06/08 17:23:25 INFO mapreduce.Job:  map 86% reduce 27%
20/06/08 17:23:27 INFO mapreduce.Job:  map 87% reduce 27%
20/06/08 17:23:28 INFO mapreduce.Job:  map 88% reduce 27%
20/06/08 17:23:30 INFO mapreduce.Job:  map 89% reduce 27%
20/06/08 17:23:31 INFO mapreduce.Job:  map 89% reduce 28%
20/06/08 17:23:35 INFO mapreduce.Job:  map 90% reduce 28%
20/06/08 17:23:37 INFO mapreduce.Job:  map 90% reduce 29%
20/06/08 17:23:40 INFO mapreduce.Job:  map 91% reduce 29%
20/06/08 17:23:42 INFO mapreduce.Job:  map 93% reduce 29%
20/06/08 17:23:43 INFO mapreduce.Job:  map 94% reduce 29%
20/06/08 17:23:47 INFO mapreduce.Job:  map 95% reduce 29%
20/06/08 17:23:48 INFO mapreduce.Job:  map 96% reduce 29%
20/06/08 17:23:50 INFO mapreduce.Job:  map 97% reduce 31%
20/06/08 17:23:51 INFO mapreduce.Job:  map 98% reduce 31%
20/06/08 17:23:56 INFO mapreduce.Job:  map 99% reduce 32%
20/06/08 17:23:59 INFO mapreduce.Job:  map 100% reduce 33%
20/06/08 17:24:02 INFO mapreduce.Job:  map 100% reduce 70%
20/06/08 17:24:05 INFO mapreduce.Job:  map 100% reduce 76%
20/06/08 17:24:08 INFO mapreduce.Job:  map 100% reduce 82%
20/06/08 17:24:11 INFO mapreduce.Job:  map 100% reduce 89%
20/06/08 17:24:14 INFO mapreduce.Job:  map 100% reduce 99%
20/06/08 17:24:15 INFO mapreduce.Job:  map 100% reduce 100%
20/06/08 17:24:16 INFO mapreduce.Job: Job job_1591601150468_0019 completed successfully
20/06/08 17:24:16 INFO mapreduce.Job: Counters: 51
	File System Counters
		FILE: Number of bytes read=1442000086
		FILE: Number of bytes written=2150278171
		FILE: Number of read operations=0
		FILE: Number of large read operations=0
		FILE: Number of write operations=0
		HDFS: Number of bytes read=11024982402
		HDFS: Number of bytes written=330207056
		HDFS: Number of read operations=273
		HDFS: Number of large read operations=0
		HDFS: Number of write operations=2
	Job Counters 
		Killed map tasks=1
		Launched map tasks=91
		Launched reduce tasks=1
		Data-local map tasks=89
		Rack-local map tasks=2
		Total time spent by all maps in occupied slots (ms)=4826883
		Total time spent by all reduces in occupied slots (ms)=324759
		Total time spent by all map tasks (ms)=4826883
		Total time spent by all reduce tasks (ms)=324759
		Total vcore-milliseconds taken by all map tasks=4826883
		Total vcore-milliseconds taken by all reduce tasks=324759
		Total megabyte-milliseconds taken by all map tasks=4942728192
		Total megabyte-milliseconds taken by all reduce tasks=332553216
	Map-Reduce Framework
		Map input records=723510
		Map output records=1010215105
		Map output bytes=15212591427
		Map output materialized bytes=697098441
		Input split bytes=10530
		Combine input records=1034980682
		Combine output records=47404619
		Reduce input groups=9906499
		Reduce shuffle bytes=697098441
		Reduce input records=22639042
		Reduce output records=9906499
		Spilled Records=70043661
		Shuffled Maps =90
		Failed Shuffles=0
		Merged Map outputs=90
		GC time elapsed (ms)=100069
		CPU time spent (ms)=1946330
		Physical memory (bytes) snapshot=25132769280
		Virtual memory (bytes) snapshot=191976423424
		Total committed heap usage (bytes)=18901630976
	Shuffle Errors
		BAD_ID=0
		CONNECTION=0
		IO_ERROR=0
		WRONG_LENGTH=0
		WRONG_MAP=0
		WRONG_REDUCE=0
	File Input Format Counters 
		Bytes Read=11024971872
	File Output Format Counters 
		Bytes Written=330207056
