20/06/09 01:34:13 INFO client.RMProxy: Connecting to ResourceManager at master/10.51.17.95:8032
20/06/09 01:34:13 INFO input.FileInputFormat: Total input paths to process : 10
20/06/09 01:34:14 INFO mapreduce.JobSubmitter: number of splits:90
20/06/09 01:34:14 INFO mapreduce.JobSubmitter: Submitting tokens for job: job_1591630448359_0020
20/06/09 01:34:15 INFO impl.YarnClientImpl: Submitted application application_1591630448359_0020
20/06/09 01:34:15 INFO mapreduce.Job: The url to track the job: http://master:8088/proxy/application_1591630448359_0020/
20/06/09 01:34:15 INFO mapreduce.Job: Running job: job_1591630448359_0020
20/06/09 01:34:19 INFO mapreduce.Job: Job job_1591630448359_0020 running in uber mode : false
20/06/09 01:34:19 INFO mapreduce.Job:  map 0% reduce 0%
20/06/09 01:34:33 INFO mapreduce.Job:  map 1% reduce 0%
20/06/09 01:34:35 INFO mapreduce.Job:  map 2% reduce 0%
20/06/09 01:34:39 INFO mapreduce.Job:  map 3% reduce 0%
20/06/09 01:34:47 INFO mapreduce.Job:  map 4% reduce 0%
20/06/09 01:34:51 INFO mapreduce.Job:  map 5% reduce 0%
20/06/09 01:35:00 INFO mapreduce.Job:  map 6% reduce 0%
20/06/09 01:35:03 INFO mapreduce.Job:  map 7% reduce 0%
20/06/09 01:35:06 INFO mapreduce.Job:  map 8% reduce 0%
20/06/09 01:35:15 INFO mapreduce.Job:  map 10% reduce 0%
20/06/09 01:35:18 INFO mapreduce.Job:  map 11% reduce 0%
20/06/09 01:35:21 INFO mapreduce.Job:  map 12% reduce 0%
20/06/09 01:35:27 INFO mapreduce.Job:  map 13% reduce 0%
20/06/09 01:35:34 INFO mapreduce.Job:  map 14% reduce 0%
20/06/09 01:35:36 INFO mapreduce.Job:  map 15% reduce 0%
20/06/09 01:35:38 INFO mapreduce.Job:  map 16% reduce 0%
20/06/09 01:35:40 INFO mapreduce.Job:  map 17% reduce 0%
20/06/09 01:35:45 INFO mapreduce.Job:  map 18% reduce 0%
20/06/09 01:35:50 INFO mapreduce.Job:  map 18% reduce 5%
20/06/09 01:35:52 INFO mapreduce.Job:  map 19% reduce 5%
20/06/09 01:35:56 INFO mapreduce.Job:  map 20% reduce 5%
20/06/09 01:36:02 INFO mapreduce.Job:  map 21% reduce 5%
20/06/09 01:36:08 INFO mapreduce.Job:  map 22% reduce 5%
20/06/09 01:36:13 INFO mapreduce.Job:  map 23% reduce 5%
20/06/09 01:36:15 INFO mapreduce.Job:  map 24% reduce 6%
20/06/09 01:36:18 INFO mapreduce.Job:  map 25% reduce 6%
20/06/09 01:36:21 INFO mapreduce.Job:  map 25% reduce 7%
20/06/09 01:36:24 INFO mapreduce.Job:  map 26% reduce 7%
20/06/09 01:36:29 INFO mapreduce.Job:  map 27% reduce 7%
20/06/09 01:36:32 INFO mapreduce.Job:  map 28% reduce 7%
20/06/09 01:36:38 INFO mapreduce.Job:  map 29% reduce 7%
20/06/09 01:36:44 INFO mapreduce.Job:  map 30% reduce 7%
20/06/09 01:36:46 INFO mapreduce.Job:  map 31% reduce 7%
20/06/09 01:36:49 INFO mapreduce.Job:  map 32% reduce 9%
20/06/09 01:36:51 INFO mapreduce.Job:  map 32% reduce 10%
20/06/09 01:36:54 INFO mapreduce.Job:  map 33% reduce 10%
20/06/09 01:36:58 INFO mapreduce.Job:  map 34% reduce 10%
20/06/09 01:37:03 INFO mapreduce.Job:  map 35% reduce 10%
20/06/09 01:37:08 INFO mapreduce.Job:  map 36% reduce 10%
20/06/09 01:37:12 INFO mapreduce.Job:  map 37% reduce 10%
20/06/09 01:37:13 INFO mapreduce.Job:  map 38% reduce 10%
20/06/09 01:37:15 INFO mapreduce.Job:  map 38% reduce 11%
20/06/09 01:37:18 INFO mapreduce.Job:  map 39% reduce 12%
20/06/09 01:37:25 INFO mapreduce.Job:  map 40% reduce 12%
20/06/09 01:37:28 INFO mapreduce.Job:  map 41% reduce 12%
20/06/09 01:37:35 INFO mapreduce.Job:  map 42% reduce 12%
20/06/09 01:37:39 INFO mapreduce.Job:  map 43% reduce 12%
20/06/09 01:37:46 INFO mapreduce.Job:  map 44% reduce 12%
20/06/09 01:37:52 INFO mapreduce.Job:  map 45% reduce 12%
20/06/09 01:37:54 INFO mapreduce.Job:  map 46% reduce 12%
20/06/09 01:37:55 INFO mapreduce.Job:  map 46% reduce 13%
20/06/09 01:37:56 INFO mapreduce.Job:  map 47% reduce 13%
20/06/09 01:37:58 INFO mapreduce.Job:  map 48% reduce 14%
20/06/09 01:38:05 INFO mapreduce.Job:  map 49% reduce 14%
20/06/09 01:38:08 INFO mapreduce.Job:  map 49% reduce 15%
20/06/09 01:38:10 INFO mapreduce.Job:  map 50% reduce 15%
20/06/09 01:38:12 INFO mapreduce.Job:  map 51% reduce 15%
20/06/09 01:38:14 INFO mapreduce.Job:  map 51% reduce 16%
20/06/09 01:38:15 INFO mapreduce.Job:  map 52% reduce 16%
20/06/09 01:38:17 INFO mapreduce.Job:  map 52% reduce 17%
20/06/09 01:38:21 INFO mapreduce.Job:  map 53% reduce 17%
20/06/09 01:38:25 INFO mapreduce.Job:  map 54% reduce 17%
20/06/09 01:38:32 INFO mapreduce.Job:  map 55% reduce 17%
20/06/09 01:38:35 INFO mapreduce.Job:  map 56% reduce 17%
20/06/09 01:38:42 INFO mapreduce.Job:  map 57% reduce 17%
20/06/09 01:38:45 INFO mapreduce.Job:  map 58% reduce 17%
20/06/09 01:38:54 INFO mapreduce.Job:  map 59% reduce 17%
20/06/09 01:38:58 INFO mapreduce.Job:  map 60% reduce 17%
20/06/09 01:39:03 INFO mapreduce.Job:  map 61% reduce 17%
20/06/09 01:39:04 INFO mapreduce.Job:  map 62% reduce 17%
20/06/09 01:39:05 INFO mapreduce.Job:  map 62% reduce 19%
20/06/09 01:39:06 INFO mapreduce.Job:  map 63% reduce 19%
20/06/09 01:39:08 INFO mapreduce.Job:  map 63% reduce 20%
20/06/09 01:39:11 INFO mapreduce.Job:  map 64% reduce 20%
20/06/09 01:39:12 INFO mapreduce.Job:  map 65% reduce 20%
20/06/09 01:39:14 INFO mapreduce.Job:  map 65% reduce 21%
20/06/09 01:39:17 INFO mapreduce.Job:  map 66% reduce 21%
20/06/09 01:39:19 INFO mapreduce.Job:  map 67% reduce 21%
20/06/09 01:39:20 INFO mapreduce.Job:  map 67% reduce 22%
20/06/09 01:39:28 INFO mapreduce.Job:  map 68% reduce 22%
20/06/09 01:39:32 INFO mapreduce.Job:  map 69% reduce 22%
20/06/09 01:39:40 INFO mapreduce.Job:  map 70% reduce 22%
20/06/09 01:39:42 INFO mapreduce.Job:  map 71% reduce 22%
20/06/09 01:39:49 INFO mapreduce.Job:  map 72% reduce 22%
20/06/09 01:39:56 INFO mapreduce.Job:  map 73% reduce 22%
20/06/09 01:39:59 INFO mapreduce.Job:  map 74% reduce 22%
20/06/09 01:40:05 INFO mapreduce.Job:  map 75% reduce 22%
20/06/09 01:40:09 INFO mapreduce.Job:  map 76% reduce 22%
20/06/09 01:40:10 INFO mapreduce.Job:  map 76% reduce 23%
20/06/09 01:40:11 INFO mapreduce.Job:  map 77% reduce 23%
20/06/09 01:40:13 INFO mapreduce.Job:  map 77% reduce 24%
20/06/09 01:40:15 INFO mapreduce.Job:  map 78% reduce 24%
20/06/09 01:40:18 INFO mapreduce.Job:  map 79% reduce 24%
20/06/09 01:40:19 INFO mapreduce.Job:  map 79% reduce 25%
20/06/09 01:40:22 INFO mapreduce.Job:  map 80% reduce 26%
20/06/09 01:40:26 INFO mapreduce.Job:  map 81% reduce 26%
20/06/09 01:40:29 INFO mapreduce.Job:  map 82% reduce 26%
20/06/09 01:40:31 INFO mapreduce.Job:  map 83% reduce 27%
20/06/09 01:40:34 INFO mapreduce.Job:  map 84% reduce 27%
20/06/09 01:40:36 INFO mapreduce.Job:  map 85% reduce 27%
20/06/09 01:40:39 INFO mapreduce.Job:  map 86% reduce 27%
20/06/09 01:40:42 INFO mapreduce.Job:  map 87% reduce 27%
20/06/09 01:40:43 INFO mapreduce.Job:  map 88% reduce 27%
20/06/09 01:40:47 INFO mapreduce.Job:  map 88% reduce 28%
20/06/09 01:40:49 INFO mapreduce.Job:  map 89% reduce 28%
20/06/09 01:40:50 INFO mapreduce.Job:  map 90% reduce 28%
20/06/09 01:40:51 INFO mapreduce.Job:  map 91% reduce 28%
20/06/09 01:40:53 INFO mapreduce.Job:  map 91% reduce 29%
20/06/09 01:40:55 INFO mapreduce.Job:  map 92% reduce 29%
20/06/09 01:40:58 INFO mapreduce.Job:  map 93% reduce 29%
20/06/09 01:41:01 INFO mapreduce.Job:  map 94% reduce 29%
20/06/09 01:41:02 INFO mapreduce.Job:  map 94% reduce 30%
20/06/09 01:41:03 INFO mapreduce.Job:  map 95% reduce 30%
20/06/09 01:41:05 INFO mapreduce.Job:  map 96% reduce 30%
20/06/09 01:41:07 INFO mapreduce.Job:  map 97% reduce 30%
20/06/09 01:41:10 INFO mapreduce.Job:  map 98% reduce 30%
20/06/09 01:41:11 INFO mapreduce.Job:  map 98% reduce 31%
20/06/09 01:41:14 INFO mapreduce.Job:  map 99% reduce 32%
20/06/09 01:41:17 INFO mapreduce.Job:  map 99% reduce 33%
20/06/09 01:41:18 INFO mapreduce.Job:  map 100% reduce 33%
20/06/09 01:41:20 INFO mapreduce.Job:  map 100% reduce 68%
20/06/09 01:41:23 INFO mapreduce.Job:  map 100% reduce 73%
20/06/09 01:41:26 INFO mapreduce.Job:  map 100% reduce 79%
20/06/09 01:41:29 INFO mapreduce.Job:  map 100% reduce 84%
20/06/09 01:41:32 INFO mapreduce.Job:  map 100% reduce 90%
20/06/09 01:41:35 INFO mapreduce.Job:  map 100% reduce 99%
20/06/09 01:41:36 INFO mapreduce.Job:  map 100% reduce 100%
20/06/09 01:41:36 INFO mapreduce.Job: Job job_1591630448359_0020 completed successfully
20/06/09 01:41:36 INFO mapreduce.Job: Counters: 51
	File System Counters
		FILE: Number of bytes read=1652121142
		FILE: Number of bytes written=2445801302
		FILE: Number of read operations=0
		FILE: Number of large read operations=0
		FILE: Number of write operations=0
		HDFS: Number of bytes read=11026443068
		HDFS: Number of bytes written=461257301
		HDFS: Number of read operations=273
		HDFS: Number of large read operations=0
		HDFS: Number of write operations=2
	Job Counters 
		Killed map tasks=1
		Launched map tasks=91
		Launched reduce tasks=1
		Data-local map tasks=89
		Rack-local map tasks=2
		Total time spent by all maps in occupied slots (ms)=5328239
		Total time spent by all reduces in occupied slots (ms)=358271
		Total time spent by all map tasks (ms)=5328239
		Total time spent by all reduce tasks (ms)=358271
		Total vcore-milliseconds taken by all map tasks=5328239
		Total vcore-milliseconds taken by all reduce tasks=358271
		Total megabyte-milliseconds taken by all map tasks=5456116736
		Total megabyte-milliseconds taken by all reduce tasks=366869504
	Map-Reduce Framework
		Map input records=266515
		Map output records=1010353645
		Map output bytes=19272417671
		Map output materialized bytes=782469663
		Input split bytes=10530
		Combine input records=1035330319
		Combine output records=47526573
		Reduce input groups=9651345
		Reduce shuffle bytes=782469663
		Reduce input records=22549899
		Reduce output records=9651345
		Spilled Records=70753754
		Shuffled Maps =90
		Failed Shuffles=0
		Merged Map outputs=90
		GC time elapsed (ms)=113986
		CPU time spent (ms)=2152300
		Physical memory (bytes) snapshot=25067036672
		Virtual memory (bytes) snapshot=191878782976
		Total committed heap usage (bytes)=18929418240
	Shuffle Errors
		BAD_ID=0
		CONNECTION=0
		IO_ERROR=0
		WRONG_LENGTH=0
		WRONG_MAP=0
		WRONG_REDUCE=0
	File Input Format Counters 
		Bytes Read=11026432538
	File Output Format Counters 
		Bytes Written=461257301
20/06/09 01:41:36 INFO client.RMProxy: Connecting to ResourceManager at master/10.51.17.95:8032
20/06/09 01:41:37 INFO input.FileInputFormat: Total input paths to process : 1
20/06/09 01:41:37 INFO mapreduce.JobSubmitter: number of splits:4
20/06/09 01:41:37 INFO mapreduce.JobSubmitter: Submitting tokens for job: job_1591630448359_0021
20/06/09 01:41:37 INFO impl.YarnClientImpl: Submitted application application_1591630448359_0021
20/06/09 01:41:37 INFO mapreduce.Job: The url to track the job: http://master:8088/proxy/application_1591630448359_0021/
20/06/09 01:41:37 INFO mapreduce.Job: Running job: job_1591630448359_0021
20/06/09 01:41:45 INFO mapreduce.Job: Job job_1591630448359_0021 running in uber mode : false
20/06/09 01:41:45 INFO mapreduce.Job:  map 0% reduce 0%
20/06/09 01:41:55 INFO mapreduce.Job:  map 25% reduce 0%
20/06/09 01:41:57 INFO mapreduce.Job:  map 59% reduce 0%
20/06/09 01:42:00 INFO mapreduce.Job:  map 67% reduce 0%
20/06/09 01:42:01 INFO mapreduce.Job:  map 77% reduce 0%
20/06/09 01:42:04 INFO mapreduce.Job:  map 90% reduce 0%
20/06/09 01:42:05 INFO mapreduce.Job:  map 95% reduce 0%
20/06/09 01:42:06 INFO mapreduce.Job:  map 100% reduce 0%
20/06/09 01:42:09 INFO mapreduce.Job:  map 100% reduce 76%
20/06/09 01:42:12 INFO mapreduce.Job:  map 100% reduce 92%
20/06/09 01:42:14 INFO mapreduce.Job:  map 100% reduce 100%
20/06/09 01:42:14 INFO mapreduce.Job: Job job_1591630448359_0021 completed successfully
20/06/09 01:42:14 INFO mapreduce.Job: Counters: 50
	File System Counters
		FILE: Number of bytes read=744086324
		FILE: Number of bytes written=1143540373
		FILE: Number of read operations=0
		FILE: Number of large read operations=0
		FILE: Number of write operations=0
		HDFS: Number of bytes read=461262241
		HDFS: Number of bytes written=322289109
		HDFS: Number of read operations=19
		HDFS: Number of large read operations=0
		HDFS: Number of write operations=2
	Job Counters 
		Killed map tasks=1
		Launched map tasks=5
		Launched reduce tasks=1
		Data-local map tasks=5
		Total time spent by all maps in occupied slots (ms)=55033
		Total time spent by all reduces in occupied slots (ms)=14390
		Total time spent by all map tasks (ms)=55033
		Total time spent by all reduce tasks (ms)=14390
		Total vcore-milliseconds taken by all map tasks=55033
		Total vcore-milliseconds taken by all reduce tasks=14390
		Total megabyte-milliseconds taken by all map tasks=56353792
		Total megabyte-milliseconds taken by all reduce tasks=14735360
	Map-Reduce Framework
		Map input records=9651345
		Map output records=9651345
		Map output bytes=379537995
		Map output materialized bytes=398840709
		Input split bytes=508
		Combine input records=0
		Combine output records=0
		Reduce input groups=1225
		Reduce shuffle bytes=398840709
		Reduce input records=9651345
		Reduce output records=9651345
		Spilled Records=28214515
		Shuffled Maps =4
		Failed Shuffles=0
		Merged Map outputs=4
		GC time elapsed (ms)=1556
		CPU time spent (ms)=44100
		Physical memory (bytes) snapshot=1280360448
		Virtual memory (bytes) snapshot=10548162560
		Total committed heap usage (bytes)=935854080
	Shuffle Errors
		BAD_ID=0
		CONNECTION=0
		IO_ERROR=0
		WRONG_LENGTH=0
		WRONG_MAP=0
		WRONG_REDUCE=0
	File Input Format Counters 
		Bytes Read=461261733
	File Output Format Counters 
		Bytes Written=322289109
