20/06/13 05:11:56 INFO client.RMProxy: Connecting to ResourceManager at master/10.51.17.95:8032
20/06/13 05:11:57 INFO client.RMProxy: Connecting to ResourceManager at master/10.51.17.95:8032
20/06/13 05:11:59 INFO input.FileInputFormat: Total input paths to process : 10
20/06/13 05:12:00 INFO mapreduce.JobSubmitter: number of splits:80
20/06/13 05:12:00 INFO mapreduce.JobSubmitter: Submitting tokens for job: job_1591992600081_0002
20/06/13 05:12:00 INFO impl.YarnClientImpl: Submitted application application_1591992600081_0002
20/06/13 05:12:00 INFO mapreduce.Job: The url to track the job: http://master:8088/proxy/application_1591992600081_0002/
20/06/13 05:12:00 INFO mapreduce.Job: Running job: job_1591992600081_0002
20/06/13 05:12:06 INFO mapreduce.Job: Job job_1591992600081_0002 running in uber mode : false
20/06/13 05:12:06 INFO mapreduce.Job:  map 0% reduce 0%
20/06/13 05:12:18 INFO mapreduce.Job:  map 1% reduce 0%
20/06/13 05:12:20 INFO mapreduce.Job:  map 7% reduce 0%
20/06/13 05:12:21 INFO mapreduce.Job:  map 8% reduce 0%
20/06/13 05:12:22 INFO mapreduce.Job:  map 11% reduce 0%
20/06/13 05:12:23 INFO mapreduce.Job:  map 14% reduce 0%
20/06/13 05:12:26 INFO mapreduce.Job:  map 15% reduce 0%
20/06/13 05:12:29 INFO mapreduce.Job:  map 16% reduce 0%
20/06/13 05:12:33 INFO mapreduce.Job:  map 17% reduce 0%
20/06/13 05:12:37 INFO mapreduce.Job:  map 18% reduce 0%
20/06/13 05:12:38 INFO mapreduce.Job:  map 19% reduce 0%
20/06/13 05:12:39 INFO mapreduce.Job:  map 20% reduce 0%
20/06/13 05:12:40 INFO mapreduce.Job:  map 21% reduce 0%
20/06/13 05:12:41 INFO mapreduce.Job:  map 22% reduce 0%
20/06/13 05:12:43 INFO mapreduce.Job:  map 23% reduce 0%
20/06/13 05:12:46 INFO mapreduce.Job:  map 25% reduce 0%
20/06/13 05:12:47 INFO mapreduce.Job:  map 26% reduce 0%
20/06/13 05:12:49 INFO mapreduce.Job:  map 27% reduce 0%
20/06/13 05:12:51 INFO mapreduce.Job:  map 28% reduce 0%
20/06/13 05:12:52 INFO mapreduce.Job:  map 29% reduce 0%
20/06/13 05:12:53 INFO mapreduce.Job:  map 31% reduce 0%
20/06/13 05:12:55 INFO mapreduce.Job:  map 32% reduce 0%
20/06/13 05:12:56 INFO mapreduce.Job:  map 33% reduce 1%
20/06/13 05:13:00 INFO mapreduce.Job:  map 34% reduce 1%
20/06/13 05:13:03 INFO mapreduce.Job:  map 35% reduce 1%
20/06/13 05:13:04 INFO mapreduce.Job:  map 35% reduce 2%
20/06/13 05:13:05 INFO mapreduce.Job:  map 36% reduce 2%
20/06/13 05:13:10 INFO mapreduce.Job:  map 36% reduce 3%
20/06/13 05:13:11 INFO mapreduce.Job:  map 38% reduce 3%
20/06/13 05:13:15 INFO mapreduce.Job:  map 39% reduce 3%
20/06/13 05:13:16 INFO mapreduce.Job:  map 40% reduce 3%
20/06/13 05:13:17 INFO mapreduce.Job:  map 40% reduce 4%
20/06/13 05:13:18 INFO mapreduce.Job:  map 41% reduce 4%
20/06/13 05:13:21 INFO mapreduce.Job:  map 42% reduce 4%
20/06/13 05:13:24 INFO mapreduce.Job:  map 43% reduce 4%
20/06/13 05:13:30 INFO mapreduce.Job:  map 45% reduce 4%
20/06/13 05:13:34 INFO mapreduce.Job:  map 46% reduce 4%
20/06/13 05:13:35 INFO mapreduce.Job:  map 46% reduce 5%
20/06/13 05:13:36 INFO mapreduce.Job:  map 47% reduce 5%
20/06/13 05:13:37 INFO mapreduce.Job:  map 48% reduce 5%
20/06/13 05:13:39 INFO mapreduce.Job:  map 49% reduce 5%
20/06/13 05:13:40 INFO mapreduce.Job:  map 50% reduce 5%
20/06/13 05:13:42 INFO mapreduce.Job:  map 51% reduce 5%
20/06/13 05:13:45 INFO mapreduce.Job:  map 52% reduce 5%
20/06/13 05:13:47 INFO mapreduce.Job:  map 53% reduce 5%
20/06/13 05:13:48 INFO mapreduce.Job:  map 53% reduce 6%
20/06/13 05:13:49 INFO mapreduce.Job:  map 54% reduce 6%
20/06/13 05:13:50 INFO mapreduce.Job:  map 55% reduce 6%
20/06/13 05:13:51 INFO mapreduce.Job:  map 56% reduce 6%
20/06/13 05:13:57 INFO mapreduce.Job:  map 57% reduce 6%
20/06/13 05:13:59 INFO mapreduce.Job:  map 58% reduce 6%
20/06/13 05:14:00 INFO mapreduce.Job:  map 58% reduce 7%
20/06/13 05:14:01 INFO mapreduce.Job:  map 59% reduce 7%
20/06/13 05:14:03 INFO mapreduce.Job:  map 61% reduce 7%
20/06/13 05:14:06 INFO mapreduce.Job:  map 62% reduce 7%
20/06/13 05:14:09 INFO mapreduce.Job:  map 64% reduce 7%
20/06/13 05:14:10 INFO mapreduce.Job:  map 65% reduce 7%
20/06/13 05:14:11 INFO mapreduce.Job:  map 66% reduce 8%
20/06/13 05:14:12 INFO mapreduce.Job:  map 67% reduce 8%
20/06/13 05:14:15 INFO mapreduce.Job:  map 68% reduce 8%
20/06/13 05:14:17 INFO mapreduce.Job:  map 69% reduce 8%
20/06/13 05:14:18 INFO mapreduce.Job:  map 70% reduce 8%
20/06/13 05:14:20 INFO mapreduce.Job:  map 71% reduce 8%
20/06/13 05:14:21 INFO mapreduce.Job:  map 72% reduce 8%
20/06/13 05:14:23 INFO mapreduce.Job:  map 73% reduce 8%
20/06/13 05:14:24 INFO mapreduce.Job:  map 73% reduce 9%
20/06/13 05:14:25 INFO mapreduce.Job:  map 74% reduce 9%
20/06/13 05:14:26 INFO mapreduce.Job:  map 75% reduce 9%
20/06/13 05:14:28 INFO mapreduce.Job:  map 76% reduce 9%
20/06/13 05:14:30 INFO mapreduce.Job:  map 77% reduce 9%
20/06/13 05:14:32 INFO mapreduce.Job:  map 78% reduce 9%
20/06/13 05:14:34 INFO mapreduce.Job:  map 79% reduce 9%
20/06/13 05:14:36 INFO mapreduce.Job:  map 80% reduce 9%
20/06/13 05:14:37 INFO mapreduce.Job:  map 81% reduce 9%
20/06/13 05:14:39 INFO mapreduce.Job:  map 82% reduce 9%
20/06/13 05:14:40 INFO mapreduce.Job:  map 83% reduce 9%
20/06/13 05:14:42 INFO mapreduce.Job:  map 84% reduce 9%
20/06/13 05:14:43 INFO mapreduce.Job:  map 86% reduce 9%
20/06/13 05:14:45 INFO mapreduce.Job:  map 87% reduce 9%
20/06/13 05:14:47 INFO mapreduce.Job:  map 88% reduce 9%
20/06/13 05:14:49 INFO mapreduce.Job:  map 89% reduce 10%
20/06/13 05:14:53 INFO mapreduce.Job:  map 90% reduce 11%
20/06/13 05:14:55 INFO mapreduce.Job:  map 90% reduce 12%
20/06/13 05:14:56 INFO mapreduce.Job:  map 91% reduce 12%
20/06/13 05:14:57 INFO mapreduce.Job:  map 92% reduce 12%
20/06/13 05:14:59 INFO mapreduce.Job:  map 93% reduce 12%
20/06/13 05:15:01 INFO mapreduce.Job:  map 94% reduce 12%
20/06/13 05:15:02 INFO mapreduce.Job:  map 95% reduce 13%
20/06/13 05:15:03 INFO mapreduce.Job:  map 96% reduce 13%
20/06/13 05:15:05 INFO mapreduce.Job:  map 97% reduce 13%
20/06/13 05:15:08 INFO mapreduce.Job:  map 98% reduce 13%
20/06/13 05:15:10 INFO mapreduce.Job:  map 99% reduce 13%
20/06/13 05:15:11 INFO mapreduce.Job:  map 100% reduce 14%
20/06/13 05:15:17 INFO mapreduce.Job:  map 100% reduce 15%
20/06/13 05:15:22 INFO mapreduce.Job:  map 100% reduce 16%
20/06/13 05:15:25 INFO mapreduce.Job:  map 100% reduce 17%
20/06/13 05:15:31 INFO mapreduce.Job:  map 100% reduce 18%
20/06/13 05:15:36 INFO mapreduce.Job:  map 100% reduce 19%
20/06/13 05:15:39 INFO mapreduce.Job:  map 100% reduce 20%
20/06/13 05:15:46 INFO mapreduce.Job:  map 100% reduce 21%
20/06/13 05:15:49 INFO mapreduce.Job:  map 100% reduce 22%
20/06/13 05:15:52 INFO mapreduce.Job:  map 100% reduce 23%
20/06/13 05:15:57 INFO mapreduce.Job:  map 100% reduce 24%
20/06/13 05:16:01 INFO mapreduce.Job:  map 100% reduce 25%
20/06/13 05:16:05 INFO mapreduce.Job:  map 100% reduce 26%
20/06/13 05:16:11 INFO mapreduce.Job:  map 100% reduce 27%
20/06/13 05:16:15 INFO mapreduce.Job:  map 100% reduce 28%
20/06/13 05:16:22 INFO mapreduce.Job:  map 100% reduce 29%
20/06/13 05:16:24 INFO mapreduce.Job:  map 100% reduce 30%
20/06/13 05:16:28 INFO mapreduce.Job:  map 100% reduce 31%
20/06/13 05:16:36 INFO mapreduce.Job:  map 100% reduce 32%
20/06/13 05:16:37 INFO mapreduce.Job:  map 100% reduce 37%
20/06/13 05:16:38 INFO mapreduce.Job:  map 100% reduce 49%
20/06/13 05:16:39 INFO mapreduce.Job:  map 100% reduce 58%
20/06/13 05:16:40 INFO mapreduce.Job:  map 100% reduce 65%
20/06/13 05:16:41 INFO mapreduce.Job:  map 100% reduce 66%
20/06/13 05:16:42 INFO mapreduce.Job:  map 100% reduce 69%
20/06/13 05:16:47 INFO mapreduce.Job:  map 100% reduce 70%
20/06/13 05:16:53 INFO mapreduce.Job:  map 100% reduce 71%
20/06/13 05:16:54 INFO mapreduce.Job:  map 100% reduce 72%
20/06/13 05:16:55 INFO mapreduce.Job:  map 100% reduce 73%
20/06/13 05:16:57 INFO mapreduce.Job:  map 100% reduce 74%
20/06/13 05:16:59 INFO mapreduce.Job:  map 100% reduce 75%
20/06/13 05:17:00 INFO mapreduce.Job:  map 100% reduce 76%
20/06/13 05:17:02 INFO mapreduce.Job:  map 100% reduce 77%
20/06/13 05:17:04 INFO mapreduce.Job:  map 100% reduce 78%
20/06/13 05:17:09 INFO mapreduce.Job:  map 100% reduce 79%
20/06/13 05:17:10 INFO mapreduce.Job:  map 100% reduce 80%
20/06/13 05:17:11 INFO mapreduce.Job:  map 100% reduce 81%
20/06/13 05:17:15 INFO mapreduce.Job:  map 100% reduce 82%
20/06/13 05:17:19 INFO mapreduce.Job:  map 100% reduce 83%
20/06/13 05:17:20 INFO mapreduce.Job:  map 100% reduce 84%
20/06/13 05:17:21 INFO mapreduce.Job:  map 100% reduce 85%
20/06/13 05:17:25 INFO mapreduce.Job:  map 100% reduce 86%
20/06/13 05:17:29 INFO mapreduce.Job:  map 100% reduce 87%
20/06/13 05:17:30 INFO mapreduce.Job:  map 100% reduce 88%
20/06/13 05:17:31 INFO mapreduce.Job:  map 100% reduce 89%
20/06/13 05:17:34 INFO mapreduce.Job:  map 100% reduce 90%
20/06/13 05:17:37 INFO mapreduce.Job:  map 100% reduce 91%
20/06/13 05:17:39 INFO mapreduce.Job:  map 100% reduce 92%
20/06/13 05:17:42 INFO mapreduce.Job:  map 100% reduce 93%
20/06/13 05:17:43 INFO mapreduce.Job:  map 100% reduce 94%
20/06/13 05:17:45 INFO mapreduce.Job:  map 100% reduce 95%
20/06/13 05:17:48 INFO mapreduce.Job:  map 100% reduce 96%
20/06/13 05:17:49 INFO mapreduce.Job:  map 100% reduce 97%
20/06/13 05:17:52 INFO mapreduce.Job:  map 100% reduce 98%
20/06/13 05:17:55 INFO mapreduce.Job:  map 100% reduce 99%
20/06/13 05:17:57 INFO mapreduce.Job:  map 100% reduce 100%
20/06/13 05:17:59 INFO mapreduce.Job: Job job_1591992600081_0002 completed successfully
20/06/13 05:17:59 INFO mapreduce.Job: Counters: 51
	File System Counters
		FILE: Number of bytes read=31975433039
		FILE: Number of bytes written=42735981282
		FILE: Number of read operations=0
		FILE: Number of large read operations=0
		FILE: Number of write operations=0
		HDFS: Number of bytes read=10774140639
		HDFS: Number of bytes written=10772866045
		HDFS: Number of read operations=329
		HDFS: Number of large read operations=0
		HDFS: Number of write operations=6
	Job Counters 
		Killed map tasks=2
		Launched map tasks=82
		Launched reduce tasks=3
		Data-local map tasks=77
		Rack-local map tasks=5
		Total time spent by all maps in occupied slots (ms)=1939906
		Total time spent by all reduces in occupied slots (ms)=915574
		Total time spent by all map tasks (ms)=1939906
		Total time spent by all reduce tasks (ms)=915574
		Total vcore-milliseconds taken by all map tasks=1939906
		Total vcore-milliseconds taken by all reduce tasks=915574
		Total megabyte-milliseconds taken by all map tasks=1986463744
		Total megabyte-milliseconds taken by all reduce tasks=937547776
	Map-Reduce Framework
		Map input records=1023147
		Map output records=1023147
		Map output bytes=10745657361
		Map output materialized bytes=10751410331
		Input split bytes=9040
		Combine input records=0
		Combine output records=0
		Reduce input groups=1023147
		Reduce shuffle bytes=10751410331
		Reduce input records=1023147
		Reduce output records=1023147
		Spilled Records=4066086
		Shuffled Maps =240
		Failed Shuffles=0
		Merged Map outputs=240
		GC time elapsed (ms)=11728
		CPU time spent (ms)=248810
		Physical memory (bytes) snapshot=22066622464
		Virtual memory (bytes) snapshot=175167332352
		Total committed heap usage (bytes)=16262889472
	Shuffle Errors
		BAD_ID=0
		CONNECTION=0
		IO_ERROR=0
		WRONG_LENGTH=0
		WRONG_MAP=0
		WRONG_REDUCE=0
	File Input Format Counters 
		Bytes Read=10774131599
	File Output Format Counters 
		Bytes Written=10772866045
