20/06/10 13:58:51 INFO client.RMProxy: Connecting to ResourceManager at master/10.51.17.95:8032
20/06/10 13:58:51 INFO client.RMProxy: Connecting to ResourceManager at master/10.51.17.95:8032
20/06/10 13:58:52 INFO input.FileInputFormat: Total input paths to process : 10
20/06/10 13:58:52 INFO mapreduce.JobSubmitter: number of splits:80
20/06/10 13:58:53 INFO mapreduce.JobSubmitter: Submitting tokens for job: job_1591765063010_0002
20/06/10 13:58:53 INFO impl.YarnClientImpl: Submitted application application_1591765063010_0002
20/06/10 13:58:53 INFO mapreduce.Job: The url to track the job: http://master:8088/proxy/application_1591765063010_0002/
20/06/10 13:58:53 INFO mapreduce.Job: Running job: job_1591765063010_0002
20/06/10 13:59:01 INFO mapreduce.Job: Job job_1591765063010_0002 running in uber mode : false
20/06/10 13:59:01 INFO mapreduce.Job:  map 0% reduce 0%
20/06/10 13:59:12 INFO mapreduce.Job:  map 3% reduce 0%
20/06/10 13:59:14 INFO mapreduce.Job:  map 4% reduce 0%
20/06/10 13:59:15 INFO mapreduce.Job:  map 7% reduce 0%
20/06/10 13:59:16 INFO mapreduce.Job:  map 11% reduce 0%
20/06/10 13:59:17 INFO mapreduce.Job:  map 15% reduce 0%
20/06/10 13:59:20 INFO mapreduce.Job:  map 17% reduce 0%
20/06/10 13:59:23 INFO mapreduce.Job:  map 18% reduce 0%
20/06/10 13:59:25 INFO mapreduce.Job:  map 19% reduce 0%
20/06/10 13:59:26 INFO mapreduce.Job:  map 20% reduce 0%
20/06/10 13:59:27 INFO mapreduce.Job:  map 21% reduce 0%
20/06/10 13:59:28 INFO mapreduce.Job:  map 23% reduce 0%
20/06/10 13:59:30 INFO mapreduce.Job:  map 24% reduce 0%
20/06/10 13:59:31 INFO mapreduce.Job:  map 25% reduce 0%
20/06/10 13:59:32 INFO mapreduce.Job:  map 26% reduce 0%
20/06/10 13:59:33 INFO mapreduce.Job:  map 27% reduce 0%
20/06/10 13:59:34 INFO mapreduce.Job:  map 29% reduce 0%
20/06/10 13:59:36 INFO mapreduce.Job:  map 30% reduce 0%
20/06/10 13:59:37 INFO mapreduce.Job:  map 32% reduce 1%
20/06/10 13:59:38 INFO mapreduce.Job:  map 33% reduce 1%
20/06/10 13:59:39 INFO mapreduce.Job:  map 34% reduce 1%
20/06/10 13:59:40 INFO mapreduce.Job:  map 35% reduce 2%
20/06/10 13:59:42 INFO mapreduce.Job:  map 35% reduce 3%
20/06/10 13:59:45 INFO mapreduce.Job:  map 35% reduce 4%
20/06/10 13:59:47 INFO mapreduce.Job:  map 36% reduce 5%
20/06/10 13:59:48 INFO mapreduce.Job:  map 36% reduce 6%
20/06/10 13:59:49 INFO mapreduce.Job:  map 37% reduce 6%
20/06/10 13:59:52 INFO mapreduce.Job:  map 38% reduce 6%
20/06/10 13:59:53 INFO mapreduce.Job:  map 39% reduce 6%
20/06/10 13:59:54 INFO mapreduce.Job:  map 40% reduce 6%
20/06/10 13:59:55 INFO mapreduce.Job:  map 41% reduce 6%
20/06/10 13:59:56 INFO mapreduce.Job:  map 42% reduce 6%
20/06/10 13:59:57 INFO mapreduce.Job:  map 43% reduce 6%
20/06/10 13:59:58 INFO mapreduce.Job:  map 44% reduce 7%
20/06/10 14:00:00 INFO mapreduce.Job:  map 44% reduce 8%
20/06/10 14:00:06 INFO mapreduce.Job:  map 45% reduce 8%
20/06/10 14:00:07 INFO mapreduce.Job:  map 46% reduce 8%
20/06/10 14:00:09 INFO mapreduce.Job:  map 47% reduce 8%
20/06/10 14:00:10 INFO mapreduce.Job:  map 48% reduce 8%
20/06/10 14:00:13 INFO mapreduce.Job:  map 50% reduce 8%
20/06/10 14:00:15 INFO mapreduce.Job:  map 51% reduce 8%
20/06/10 14:00:16 INFO mapreduce.Job:  map 53% reduce 8%
20/06/10 14:00:18 INFO mapreduce.Job:  map 54% reduce 9%
20/06/10 14:00:20 INFO mapreduce.Job:  map 55% reduce 10%
20/06/10 14:00:25 INFO mapreduce.Job:  map 56% reduce 10%
20/06/10 14:00:26 INFO mapreduce.Job:  map 57% reduce 10%
20/06/10 14:00:27 INFO mapreduce.Job:  map 58% reduce 10%
20/06/10 14:00:28 INFO mapreduce.Job:  map 62% reduce 10%
20/06/10 14:00:29 INFO mapreduce.Job:  map 62% reduce 11%
20/06/10 14:00:31 INFO mapreduce.Job:  map 63% reduce 11%
20/06/10 14:00:32 INFO mapreduce.Job:  map 63% reduce 12%
20/06/10 14:00:34 INFO mapreduce.Job:  map 64% reduce 12%
20/06/10 14:00:37 INFO mapreduce.Job:  map 65% reduce 12%
20/06/10 14:00:40 INFO mapreduce.Job:  map 66% reduce 12%
20/06/10 14:00:41 INFO mapreduce.Job:  map 67% reduce 12%
20/06/10 14:00:44 INFO mapreduce.Job:  map 68% reduce 12%
20/06/10 14:00:47 INFO mapreduce.Job:  map 69% reduce 12%
20/06/10 14:00:48 INFO mapreduce.Job:  map 70% reduce 13%
20/06/10 14:00:49 INFO mapreduce.Job:  map 71% reduce 13%
20/06/10 14:00:50 INFO mapreduce.Job:  map 74% reduce 13%
20/06/10 14:00:52 INFO mapreduce.Job:  map 74% reduce 14%
20/06/10 14:00:54 INFO mapreduce.Job:  map 75% reduce 14%
20/06/10 14:00:57 INFO mapreduce.Job:  map 76% reduce 14%
20/06/10 14:00:58 INFO mapreduce.Job:  map 77% reduce 14%
20/06/10 14:01:00 INFO mapreduce.Job:  map 80% reduce 14%
20/06/10 14:01:01 INFO mapreduce.Job:  map 81% reduce 14%
20/06/10 14:01:02 INFO mapreduce.Job:  map 81% reduce 15%
20/06/10 14:01:03 INFO mapreduce.Job:  map 83% reduce 15%
20/06/10 14:01:04 INFO mapreduce.Job:  map 84% reduce 15%
20/06/10 14:01:05 INFO mapreduce.Job:  map 84% reduce 16%
20/06/10 14:01:06 INFO mapreduce.Job:  map 85% reduce 16%
20/06/10 14:01:08 INFO mapreduce.Job:  map 85% reduce 17%
20/06/10 14:01:12 INFO mapreduce.Job:  map 86% reduce 17%
20/06/10 14:01:14 INFO mapreduce.Job:  map 87% reduce 17%
20/06/10 14:01:15 INFO mapreduce.Job:  map 88% reduce 17%
20/06/10 14:01:17 INFO mapreduce.Job:  map 89% reduce 17%
20/06/10 14:01:19 INFO mapreduce.Job:  map 90% reduce 17%
20/06/10 14:01:22 INFO mapreduce.Job:  map 91% reduce 17%
20/06/10 14:01:23 INFO mapreduce.Job:  map 92% reduce 18%
20/06/10 14:01:26 INFO mapreduce.Job:  map 94% reduce 18%
20/06/10 14:01:28 INFO mapreduce.Job:  map 95% reduce 18%
20/06/10 14:01:29 INFO mapreduce.Job:  map 96% reduce 19%
20/06/10 14:01:30 INFO mapreduce.Job:  map 96% reduce 20%
20/06/10 14:01:31 INFO mapreduce.Job:  map 97% reduce 20%
20/06/10 14:01:33 INFO mapreduce.Job:  map 98% reduce 20%
20/06/10 14:01:37 INFO mapreduce.Job:  map 99% reduce 20%
20/06/10 14:01:38 INFO mapreduce.Job:  map 99% reduce 21%
20/06/10 14:01:43 INFO mapreduce.Job:  map 100% reduce 21%
20/06/10 14:01:50 INFO mapreduce.Job:  map 100% reduce 22%
20/06/10 14:01:51 INFO mapreduce.Job:  map 100% reduce 23%
20/06/10 14:02:02 INFO mapreduce.Job:  map 100% reduce 24%
20/06/10 14:02:05 INFO mapreduce.Job:  map 100% reduce 25%
20/06/10 14:02:06 INFO mapreduce.Job:  map 100% reduce 26%
20/06/10 14:02:09 INFO mapreduce.Job:  map 100% reduce 27%
20/06/10 14:02:20 INFO mapreduce.Job:  map 100% reduce 28%
20/06/10 14:02:21 INFO mapreduce.Job:  map 100% reduce 29%
20/06/10 14:02:24 INFO mapreduce.Job:  map 100% reduce 30%
20/06/10 14:02:26 INFO mapreduce.Job:  map 100% reduce 32%
20/06/10 14:02:29 INFO mapreduce.Job:  map 100% reduce 34%
20/06/10 14:02:30 INFO mapreduce.Job:  map 100% reduce 35%
20/06/10 14:02:32 INFO mapreduce.Job:  map 100% reduce 41%
20/06/10 14:02:35 INFO mapreduce.Job:  map 100% reduce 48%
20/06/10 14:02:36 INFO mapreduce.Job:  map 100% reduce 51%
20/06/10 14:02:38 INFO mapreduce.Job:  map 100% reduce 56%
20/06/10 14:02:39 INFO mapreduce.Job:  map 100% reduce 65%
20/06/10 14:02:41 INFO mapreduce.Job:  map 100% reduce 68%
20/06/10 14:02:44 INFO mapreduce.Job:  map 100% reduce 69%
20/06/10 14:02:47 INFO mapreduce.Job:  map 100% reduce 70%
20/06/10 14:02:50 INFO mapreduce.Job:  map 100% reduce 72%
20/06/10 14:02:51 INFO mapreduce.Job:  map 100% reduce 73%
20/06/10 14:02:53 INFO mapreduce.Job:  map 100% reduce 74%
20/06/10 14:02:56 INFO mapreduce.Job:  map 100% reduce 75%
20/06/10 14:02:59 INFO mapreduce.Job:  map 100% reduce 76%
20/06/10 14:03:00 INFO mapreduce.Job:  map 100% reduce 77%
20/06/10 14:03:02 INFO mapreduce.Job:  map 100% reduce 78%
20/06/10 14:03:05 INFO mapreduce.Job:  map 100% reduce 79%
20/06/10 14:03:08 INFO mapreduce.Job:  map 100% reduce 80%
20/06/10 14:03:09 INFO mapreduce.Job:  map 100% reduce 81%
20/06/10 14:03:11 INFO mapreduce.Job:  map 100% reduce 83%
20/06/10 14:03:14 INFO mapreduce.Job:  map 100% reduce 84%
20/06/10 14:03:17 INFO mapreduce.Job:  map 100% reduce 85%
20/06/10 14:03:18 INFO mapreduce.Job:  map 100% reduce 86%
20/06/10 14:03:20 INFO mapreduce.Job:  map 100% reduce 87%
20/06/10 14:03:23 INFO mapreduce.Job:  map 100% reduce 88%
20/06/10 14:03:26 INFO mapreduce.Job:  map 100% reduce 89%
20/06/10 14:03:27 INFO mapreduce.Job:  map 100% reduce 90%
20/06/10 14:03:29 INFO mapreduce.Job:  map 100% reduce 91%
20/06/10 14:03:36 INFO mapreduce.Job:  map 100% reduce 92%
20/06/10 14:03:37 INFO mapreduce.Job:  map 100% reduce 93%
20/06/10 14:03:40 INFO mapreduce.Job:  map 100% reduce 94%
20/06/10 14:03:42 INFO mapreduce.Job:  map 100% reduce 95%
20/06/10 14:03:46 INFO mapreduce.Job:  map 100% reduce 96%
20/06/10 14:03:48 INFO mapreduce.Job:  map 100% reduce 97%
20/06/10 14:03:51 INFO mapreduce.Job:  map 100% reduce 98%
20/06/10 14:03:52 INFO mapreduce.Job:  map 100% reduce 99%
20/06/10 14:03:54 INFO mapreduce.Job:  map 100% reduce 100%
20/06/10 14:03:56 INFO mapreduce.Job: Job job_1591765063010_0002 completed successfully
20/06/10 14:03:56 INFO mapreduce.Job: Counters: 51
	File System Counters
		FILE: Number of bytes read=31975580011
		FILE: Number of bytes written=42736173432
		FILE: Number of read operations=0
		FILE: Number of large read operations=0
		FILE: Number of write operations=0
		HDFS: Number of bytes read=10773916253
		HDFS: Number of bytes written=10772871795
		HDFS: Number of read operations=329
		HDFS: Number of large read operations=0
		HDFS: Number of write operations=6
	Job Counters 
		Killed map tasks=2
		Launched map tasks=82
		Launched reduce tasks=3
		Data-local map tasks=79
		Rack-local map tasks=3
		Total time spent by all maps in occupied slots (ms)=1655042
		Total time spent by all reduces in occupied slots (ms)=768913
		Total time spent by all map tasks (ms)=1655042
		Total time spent by all reduce tasks (ms)=768913
		Total vcore-milliseconds taken by all map tasks=1655042
		Total vcore-milliseconds taken by all reduce tasks=768913
		Total megabyte-milliseconds taken by all map tasks=1694763008
		Total megabyte-milliseconds taken by all reduce tasks=787366912
	Map-Reduce Framework
		Map input records=1023183
		Map output records=1023183
		Map output bytes=10745660323
		Map output materialized bytes=10751413996
		Input split bytes=9040
		Combine input records=0
		Combine output records=0
		Reduce input groups=1023183
		Reduce shuffle bytes=10751413996
		Reduce input records=1023183
		Reduce output records=1023183
		Spilled Records=4066300
		Shuffled Maps =240
		Failed Shuffles=0
		Merged Map outputs=240
		GC time elapsed (ms)=15070
		CPU time spent (ms)=250960
		Physical memory (bytes) snapshot=22007603200
		Virtual memory (bytes) snapshot=175125762048
		Total committed heap usage (bytes)=16353591296
	Shuffle Errors
		BAD_ID=0
		CONNECTION=0
		IO_ERROR=0
		WRONG_LENGTH=0
		WRONG_MAP=0
		WRONG_REDUCE=0
	File Input Format Counters 
		Bytes Read=10773907213
	File Output Format Counters 
		Bytes Written=10772871795
