20/06/10 01:58:37 INFO client.RMProxy: Connecting to ResourceManager at master/10.51.17.95:8032
20/06/10 01:58:38 INFO input.FileInputFormat: Total input paths to process : 10
20/06/10 01:58:38 INFO mapreduce.JobSubmitter: number of splits:90
20/06/10 01:58:38 INFO mapreduce.JobSubmitter: Submitting tokens for job: job_1591720791831_0008
20/06/10 01:58:39 INFO impl.YarnClientImpl: Submitted application application_1591720791831_0008
20/06/10 01:58:39 INFO mapreduce.Job: The url to track the job: http://master:8088/proxy/application_1591720791831_0008/
20/06/10 01:58:39 INFO mapreduce.Job: Running job: job_1591720791831_0008
20/06/10 01:58:49 INFO mapreduce.Job: Job job_1591720791831_0008 running in uber mode : false
20/06/10 01:58:49 INFO mapreduce.Job:  map 0% reduce 0%
20/06/10 01:59:03 INFO mapreduce.Job:  map 1% reduce 0%
20/06/10 01:59:04 INFO mapreduce.Job:  map 2% reduce 0%
20/06/10 01:59:08 INFO mapreduce.Job:  map 3% reduce 0%
20/06/10 01:59:16 INFO mapreduce.Job:  map 4% reduce 0%
20/06/10 01:59:20 INFO mapreduce.Job:  map 5% reduce 0%
20/06/10 01:59:26 INFO mapreduce.Job:  map 6% reduce 0%
20/06/10 01:59:32 INFO mapreduce.Job:  map 7% reduce 0%
20/06/10 01:59:36 INFO mapreduce.Job:  map 8% reduce 0%
20/06/10 01:59:41 INFO mapreduce.Job:  map 9% reduce 0%
20/06/10 01:59:45 INFO mapreduce.Job:  map 10% reduce 0%
20/06/10 01:59:47 INFO mapreduce.Job:  map 11% reduce 0%
20/06/10 01:59:50 INFO mapreduce.Job:  map 12% reduce 0%
20/06/10 01:59:56 INFO mapreduce.Job:  map 13% reduce 0%
20/06/10 01:59:59 INFO mapreduce.Job:  map 14% reduce 0%
20/06/10 02:00:03 INFO mapreduce.Job:  map 15% reduce 0%
20/06/10 02:00:06 INFO mapreduce.Job:  map 16% reduce 0%
20/06/10 02:00:08 INFO mapreduce.Job:  map 17% reduce 0%
20/06/10 02:00:12 INFO mapreduce.Job:  map 18% reduce 0%
20/06/10 02:00:17 INFO mapreduce.Job:  map 18% reduce 5%
20/06/10 02:00:18 INFO mapreduce.Job:  map 19% reduce 5%
20/06/10 02:00:22 INFO mapreduce.Job:  map 20% reduce 5%
20/06/10 02:00:29 INFO mapreduce.Job:  map 21% reduce 5%
20/06/10 02:00:34 INFO mapreduce.Job:  map 22% reduce 5%
20/06/10 02:00:38 INFO mapreduce.Job:  map 23% reduce 5%
20/06/10 02:00:39 INFO mapreduce.Job:  map 23% reduce 6%
20/06/10 02:00:43 INFO mapreduce.Job:  map 24% reduce 6%
20/06/10 02:00:45 INFO mapreduce.Job:  map 25% reduce 6%
20/06/10 02:00:48 INFO mapreduce.Job:  map 26% reduce 7%
20/06/10 02:00:54 INFO mapreduce.Job:  map 27% reduce 7%
20/06/10 02:00:59 INFO mapreduce.Job:  map 28% reduce 7%
20/06/10 02:01:04 INFO mapreduce.Job:  map 29% reduce 7%
20/06/10 02:01:10 INFO mapreduce.Job:  map 30% reduce 7%
20/06/10 02:01:11 INFO mapreduce.Job:  map 31% reduce 9%
20/06/10 02:01:12 INFO mapreduce.Job:  map 32% reduce 9%
20/06/10 02:01:14 INFO mapreduce.Job:  map 32% reduce 10%
20/06/10 02:01:15 INFO mapreduce.Job:  map 33% reduce 10%
20/06/10 02:01:23 INFO mapreduce.Job:  map 34% reduce 10%
20/06/10 02:01:27 INFO mapreduce.Job:  map 35% reduce 10%
20/06/10 02:01:31 INFO mapreduce.Job:  map 36% reduce 10%
20/06/10 02:01:37 INFO mapreduce.Job:  map 37% reduce 10%
20/06/10 02:01:39 INFO mapreduce.Job:  map 38% reduce 11%
20/06/10 02:01:42 INFO mapreduce.Job:  map 39% reduce 11%
20/06/10 02:01:45 INFO mapreduce.Job:  map 39% reduce 12%
20/06/10 02:01:47 INFO mapreduce.Job:  map 40% reduce 12%
20/06/10 02:01:50 INFO mapreduce.Job:  map 41% reduce 12%
20/06/10 02:01:56 INFO mapreduce.Job:  map 42% reduce 12%
20/06/10 02:02:02 INFO mapreduce.Job:  map 43% reduce 12%
20/06/10 02:02:08 INFO mapreduce.Job:  map 44% reduce 12%
20/06/10 02:02:12 INFO mapreduce.Job:  map 45% reduce 12%
20/06/10 02:02:15 INFO mapreduce.Job:  map 46% reduce 12%
20/06/10 02:02:16 INFO mapreduce.Job:  map 47% reduce 13%
20/06/10 02:02:19 INFO mapreduce.Job:  map 47% reduce 14%
20/06/10 02:02:20 INFO mapreduce.Job:  map 48% reduce 14%
20/06/10 02:02:22 INFO mapreduce.Job:  map 48% reduce 15%
20/06/10 02:02:29 INFO mapreduce.Job:  map 49% reduce 15%
20/06/10 02:02:31 INFO mapreduce.Job:  map 50% reduce 15%
20/06/10 02:02:38 INFO mapreduce.Job:  map 51% reduce 15%
20/06/10 02:02:43 INFO mapreduce.Job:  map 52% reduce 15%
20/06/10 02:02:44 INFO mapreduce.Job:  map 53% reduce 15%
20/06/10 02:02:46 INFO mapreduce.Job:  map 53% reduce 17%
20/06/10 02:02:50 INFO mapreduce.Job:  map 54% reduce 17%
20/06/10 02:02:55 INFO mapreduce.Job:  map 55% reduce 17%
20/06/10 02:03:00 INFO mapreduce.Job:  map 56% reduce 17%
20/06/10 02:03:04 INFO mapreduce.Job:  map 57% reduce 17%
20/06/10 02:03:09 INFO mapreduce.Job:  map 58% reduce 17%
20/06/10 02:03:15 INFO mapreduce.Job:  map 59% reduce 17%
20/06/10 02:03:19 INFO mapreduce.Job:  map 60% reduce 17%
20/06/10 02:03:23 INFO mapreduce.Job:  map 61% reduce 18%
20/06/10 02:03:24 INFO mapreduce.Job:  map 62% reduce 18%
20/06/10 02:03:26 INFO mapreduce.Job:  map 62% reduce 19%
20/06/10 02:03:29 INFO mapreduce.Job:  map 63% reduce 19%
20/06/10 02:03:32 INFO mapreduce.Job:  map 64% reduce 20%
20/06/10 02:03:35 INFO mapreduce.Job:  map 65% reduce 20%
20/06/10 02:03:38 INFO mapreduce.Job:  map 65% reduce 21%
20/06/10 02:03:39 INFO mapreduce.Job:  map 66% reduce 21%
20/06/10 02:03:43 INFO mapreduce.Job:  map 67% reduce 21%
20/06/10 02:03:47 INFO mapreduce.Job:  map 68% reduce 22%
20/06/10 02:03:51 INFO mapreduce.Job:  map 69% reduce 22%
20/06/10 02:03:58 INFO mapreduce.Job:  map 70% reduce 22%
20/06/10 02:04:03 INFO mapreduce.Job:  map 71% reduce 22%
20/06/10 02:04:08 INFO mapreduce.Job:  map 72% reduce 22%
20/06/10 02:04:13 INFO mapreduce.Job:  map 73% reduce 22%
20/06/10 02:04:18 INFO mapreduce.Job:  map 74% reduce 22%
20/06/10 02:04:20 INFO mapreduce.Job:  map 75% reduce 22%
20/06/10 02:04:21 INFO mapreduce.Job:  map 75% reduce 23%
20/06/10 02:04:24 INFO mapreduce.Job:  map 76% reduce 23%
20/06/10 02:04:29 INFO mapreduce.Job:  map 77% reduce 23%
20/06/10 02:04:31 INFO mapreduce.Job:  map 78% reduce 24%
20/06/10 02:04:34 INFO mapreduce.Job:  map 78% reduce 25%
20/06/10 02:04:35 INFO mapreduce.Job:  map 79% reduce 25%
20/06/10 02:04:37 INFO mapreduce.Job:  map 80% reduce 26%
20/06/10 02:04:42 INFO mapreduce.Job:  map 81% reduce 26%
20/06/10 02:04:45 INFO mapreduce.Job:  map 82% reduce 26%
20/06/10 02:04:46 INFO mapreduce.Job:  map 82% reduce 27%
20/06/10 02:04:47 INFO mapreduce.Job:  map 83% reduce 27%
20/06/10 02:04:48 INFO mapreduce.Job:  map 84% reduce 27%
20/06/10 02:04:51 INFO mapreduce.Job:  map 85% reduce 27%
20/06/10 02:04:52 INFO mapreduce.Job:  map 86% reduce 27%
20/06/10 02:04:55 INFO mapreduce.Job:  map 87% reduce 27%
20/06/10 02:04:57 INFO mapreduce.Job:  map 88% reduce 27%
20/06/10 02:04:58 INFO mapreduce.Job:  map 88% reduce 28%
20/06/10 02:05:00 INFO mapreduce.Job:  map 89% reduce 28%
20/06/10 02:05:04 INFO mapreduce.Job:  map 90% reduce 29%
20/06/10 02:05:07 INFO mapreduce.Job:  map 91% reduce 29%
20/06/10 02:05:10 INFO mapreduce.Job:  map 92% reduce 29%
20/06/10 02:05:12 INFO mapreduce.Job:  map 93% reduce 29%
20/06/10 02:05:14 INFO mapreduce.Job:  map 94% reduce 29%
20/06/10 02:05:15 INFO mapreduce.Job:  map 95% reduce 29%
20/06/10 02:05:16 INFO mapreduce.Job:  map 95% reduce 30%
20/06/10 02:05:17 INFO mapreduce.Job:  map 96% reduce 30%
20/06/10 02:05:18 INFO mapreduce.Job:  map 97% reduce 30%
20/06/10 02:05:19 INFO mapreduce.Job:  map 97% reduce 31%
20/06/10 02:05:21 INFO mapreduce.Job:  map 98% reduce 31%
20/06/10 02:05:23 INFO mapreduce.Job:  map 99% reduce 31%
20/06/10 02:05:25 INFO mapreduce.Job:  map 99% reduce 32%
20/06/10 02:05:26 INFO mapreduce.Job:  map 100% reduce 32%
20/06/10 02:05:29 INFO mapreduce.Job:  map 100% reduce 68%
20/06/10 02:05:32 INFO mapreduce.Job:  map 100% reduce 74%
20/06/10 02:05:35 INFO mapreduce.Job:  map 100% reduce 80%
20/06/10 02:05:38 INFO mapreduce.Job:  map 100% reduce 85%
20/06/10 02:05:41 INFO mapreduce.Job:  map 100% reduce 93%
20/06/10 02:05:43 INFO mapreduce.Job:  map 100% reduce 100%
20/06/10 02:05:44 INFO mapreduce.Job: Job job_1591720791831_0008 completed successfully
20/06/10 02:05:44 INFO mapreduce.Job: Counters: 51
	File System Counters
		FILE: Number of bytes read=1659304625
		FILE: Number of bytes written=2456601824
		FILE: Number of read operations=0
		FILE: Number of large read operations=0
		FILE: Number of write operations=0
		HDFS: Number of bytes read=11025366983
		HDFS: Number of bytes written=464434904
		HDFS: Number of read operations=273
		HDFS: Number of large read operations=0
		HDFS: Number of write operations=2
	Job Counters 
		Killed map tasks=1
		Launched map tasks=90
		Launched reduce tasks=1
		Data-local map tasks=89
		Rack-local map tasks=1
		Total time spent by all maps in occupied slots (ms)=5062325
		Total time spent by all reduces in occupied slots (ms)=339024
		Total time spent by all map tasks (ms)=5062325
		Total time spent by all reduce tasks (ms)=339024
		Total vcore-milliseconds taken by all map tasks=5062325
		Total vcore-milliseconds taken by all reduce tasks=339024
		Total megabyte-milliseconds taken by all map tasks=5183820800
		Total megabyte-milliseconds taken by all reduce tasks=347160576
	Map-Reduce Framework
		Map input records=722877
		Map output records=1009895124
		Map output bytes=19251838468
		Map output materialized bytes=786086793
		Input split bytes=10530
		Combine input records=1034871512
		Combine output records=47530979
		Reduce input groups=9655568
		Reduce shuffle bytes=786086793
		Reduce input records=22554591
		Reduce output records=9655568
		Spilled Records=70763643
		Shuffled Maps =90
		Failed Shuffles=0
		Merged Map outputs=90
		GC time elapsed (ms)=104907
		CPU time spent (ms)=2064180
		Physical memory (bytes) snapshot=25161674752
		Virtual memory (bytes) snapshot=191944192000
		Total committed heap usage (bytes)=18933088256
	Shuffle Errors
		BAD_ID=0
		CONNECTION=0
		IO_ERROR=0
		WRONG_LENGTH=0
		WRONG_MAP=0
		WRONG_REDUCE=0
	File Input Format Counters 
		Bytes Read=11025356453
	File Output Format Counters 
		Bytes Written=464434904
20/06/10 02:05:44 INFO client.RMProxy: Connecting to ResourceManager at master/10.51.17.95:8032
20/06/10 02:05:44 INFO input.FileInputFormat: Total input paths to process : 1
20/06/10 02:05:44 INFO mapreduce.JobSubmitter: number of splits:4
20/06/10 02:05:44 INFO mapreduce.JobSubmitter: Submitting tokens for job: job_1591720791831_0009
20/06/10 02:05:44 INFO impl.YarnClientImpl: Submitted application application_1591720791831_0009
20/06/10 02:05:44 INFO mapreduce.Job: The url to track the job: http://master:8088/proxy/application_1591720791831_0009/
20/06/10 02:05:44 INFO mapreduce.Job: Running job: job_1591720791831_0009
20/06/10 02:05:54 INFO mapreduce.Job: Job job_1591720791831_0009 running in uber mode : false
20/06/10 02:05:54 INFO mapreduce.Job:  map 0% reduce 0%
20/06/10 02:06:04 INFO mapreduce.Job:  map 25% reduce 0%
20/06/10 02:06:06 INFO mapreduce.Job:  map 58% reduce 0%
20/06/10 02:06:09 INFO mapreduce.Job:  map 71% reduce 0%
20/06/10 02:06:10 INFO mapreduce.Job:  map 83% reduce 0%
20/06/10 02:06:11 INFO mapreduce.Job:  map 87% reduce 0%
20/06/10 02:06:12 INFO mapreduce.Job:  map 92% reduce 0%
20/06/10 02:06:14 INFO mapreduce.Job:  map 100% reduce 25%
20/06/10 02:06:17 INFO mapreduce.Job:  map 100% reduce 80%
20/06/10 02:06:20 INFO mapreduce.Job:  map 100% reduce 91%
20/06/10 02:06:22 INFO mapreduce.Job:  map 100% reduce 100%
20/06/10 02:06:22 INFO mapreduce.Job: Job job_1591720791831_0009 completed successfully
20/06/10 02:06:22 INFO mapreduce.Job: Counters: 50
	File System Counters
		FILE: Number of bytes read=747573283
		FILE: Number of bytes written=1150152232
		FILE: Number of read operations=0
		FILE: Number of large read operations=0
		FILE: Number of write operations=0
		HDFS: Number of bytes read=464438557
		HDFS: Number of bytes written=325380524
		HDFS: Number of read operations=19
		HDFS: Number of large read operations=0
		HDFS: Number of write operations=2
	Job Counters 
		Killed map tasks=1
		Launched map tasks=5
		Launched reduce tasks=1
		Data-local map tasks=5
		Total time spent by all maps in occupied slots (ms)=59945
		Total time spent by all reduces in occupied slots (ms)=15626
		Total time spent by all map tasks (ms)=59945
		Total time spent by all reduce tasks (ms)=15626
		Total vcore-milliseconds taken by all map tasks=59945
		Total vcore-milliseconds taken by all reduce tasks=15626
		Total megabyte-milliseconds taken by all map tasks=61383680
		Total megabyte-milliseconds taken by all reduce tasks=16001024
	Map-Reduce Framework
		Map input records=9655568
		Map output records=9655568
		Map output bytes=382654454
		Map output materialized bytes=401965614
		Input split bytes=504
		Combine input records=0
		Combine output records=0
		Reduce input groups=1257
		Reduce shuffle bytes=401965614
		Reduce input records=9655568
		Reduce output records=9655568
		Spilled Records=28163081
		Shuffled Maps =4
		Failed Shuffles=0
		Merged Map outputs=4
		GC time elapsed (ms)=1427
		CPU time spent (ms)=43080
		Physical memory (bytes) snapshot=1272086528
		Virtual memory (bytes) snapshot=10545278976
		Total committed heap usage (bytes)=938475520
	Shuffle Errors
		BAD_ID=0
		CONNECTION=0
		IO_ERROR=0
		WRONG_LENGTH=0
		WRONG_MAP=0
		WRONG_REDUCE=0
	File Input Format Counters 
		Bytes Read=464438053
	File Output Format Counters 
		Bytes Written=325380524
