20/06/15 23:24:54 INFO client.RMProxy: Connecting to ResourceManager at master/10.51.17.95:8032
20/06/15 23:24:55 INFO input.FileInputFormat: Total input paths to process : 10
20/06/15 23:24:55 INFO mapreduce.JobSubmitter: number of splits:90
20/06/15 23:24:55 INFO mapreduce.JobSubmitter: Submitting tokens for job: job_1592228295612_0006
20/06/15 23:24:55 INFO impl.YarnClientImpl: Submitted application application_1592228295612_0006
20/06/15 23:24:55 INFO mapreduce.Job: The url to track the job: http://master:8088/proxy/application_1592228295612_0006/
20/06/15 23:24:55 INFO mapreduce.Job: Running job: job_1592228295612_0006
20/06/15 23:25:00 INFO mapreduce.Job: Job job_1592228295612_0006 running in uber mode : false
20/06/15 23:25:00 INFO mapreduce.Job:  map 0% reduce 0%
20/06/15 23:25:12 INFO mapreduce.Job:  map 1% reduce 0%
20/06/15 23:25:16 INFO mapreduce.Job:  map 2% reduce 0%
20/06/15 23:25:22 INFO mapreduce.Job:  map 3% reduce 0%
20/06/15 23:25:27 INFO mapreduce.Job:  map 4% reduce 0%
20/06/15 23:25:34 INFO mapreduce.Job:  map 5% reduce 0%
20/06/15 23:25:37 INFO mapreduce.Job:  map 6% reduce 0%
20/06/15 23:25:40 INFO mapreduce.Job:  map 7% reduce 0%
20/06/15 23:25:45 INFO mapreduce.Job:  map 8% reduce 0%
20/06/15 23:25:51 INFO mapreduce.Job:  map 9% reduce 0%
20/06/15 23:25:57 INFO mapreduce.Job:  map 10% reduce 0%
20/06/15 23:26:01 INFO mapreduce.Job:  map 11% reduce 0%
20/06/15 23:26:02 INFO mapreduce.Job:  map 12% reduce 0%
20/06/15 23:26:04 INFO mapreduce.Job:  map 13% reduce 0%
20/06/15 23:26:12 INFO mapreduce.Job:  map 14% reduce 0%
20/06/15 23:26:16 INFO mapreduce.Job:  map 15% reduce 0%
20/06/15 23:26:18 INFO mapreduce.Job:  map 15% reduce 4%
20/06/15 23:26:19 INFO mapreduce.Job:  map 16% reduce 4%
20/06/15 23:26:25 INFO mapreduce.Job:  map 17% reduce 4%
20/06/15 23:26:27 INFO mapreduce.Job:  map 17% reduce 5%
20/06/15 23:26:29 INFO mapreduce.Job:  map 18% reduce 5%
20/06/15 23:26:36 INFO mapreduce.Job:  map 19% reduce 5%
20/06/15 23:26:41 INFO mapreduce.Job:  map 20% reduce 5%
20/06/15 23:26:47 INFO mapreduce.Job:  map 21% reduce 5%
20/06/15 23:26:50 INFO mapreduce.Job:  map 22% reduce 5%
20/06/15 23:26:52 INFO mapreduce.Job:  map 22% reduce 6%
20/06/15 23:26:53 INFO mapreduce.Job:  map 23% reduce 6%
20/06/15 23:26:55 INFO mapreduce.Job:  map 23% reduce 7%
20/06/15 23:26:57 INFO mapreduce.Job:  map 24% reduce 7%
20/06/15 23:27:01 INFO mapreduce.Job:  map 25% reduce 7%
20/06/15 23:27:04 INFO mapreduce.Job:  map 26% reduce 8%
20/06/15 23:27:12 INFO mapreduce.Job:  map 27% reduce 8%
20/06/15 23:27:16 INFO mapreduce.Job:  map 28% reduce 8%
20/06/15 23:27:20 INFO mapreduce.Job:  map 28% reduce 9%
20/06/15 23:27:21 INFO mapreduce.Job:  map 29% reduce 9%
20/06/15 23:27:26 INFO mapreduce.Job:  map 30% reduce 9%
20/06/15 23:27:31 INFO mapreduce.Job:  map 31% reduce 9%
20/06/15 23:27:34 INFO mapreduce.Job:  map 32% reduce 9%
20/06/15 23:27:39 INFO mapreduce.Job:  map 33% reduce 9%
20/06/15 23:27:40 INFO mapreduce.Job:  map 33% reduce 10%
20/06/15 23:27:43 INFO mapreduce.Job:  map 34% reduce 10%
20/06/15 23:27:48 INFO mapreduce.Job:  map 35% reduce 10%
20/06/15 23:27:49 INFO mapreduce.Job:  map 36% reduce 10%
20/06/15 23:27:50 INFO mapreduce.Job:  map 36% reduce 11%
20/06/15 23:27:54 INFO mapreduce.Job:  map 37% reduce 11%
20/06/15 23:27:59 INFO mapreduce.Job:  map 37% reduce 12%
20/06/15 23:28:00 INFO mapreduce.Job:  map 38% reduce 12%
20/06/15 23:28:04 INFO mapreduce.Job:  map 39% reduce 12%
20/06/15 23:28:09 INFO mapreduce.Job:  map 40% reduce 12%
20/06/15 23:28:13 INFO mapreduce.Job:  map 41% reduce 12%
20/06/15 23:28:18 INFO mapreduce.Job:  map 42% reduce 12%
20/06/15 23:28:21 INFO mapreduce.Job:  map 43% reduce 12%
20/06/15 23:28:24 INFO mapreduce.Job:  map 43% reduce 13%
20/06/15 23:28:28 INFO mapreduce.Job:  map 44% reduce 13%
20/06/15 23:28:32 INFO mapreduce.Job:  map 45% reduce 13%
20/06/15 23:28:33 INFO mapreduce.Job:  map 45% reduce 14%
20/06/15 23:28:34 INFO mapreduce.Job:  map 46% reduce 14%
20/06/15 23:28:39 INFO mapreduce.Job:  map 47% reduce 14%
20/06/15 23:28:42 INFO mapreduce.Job:  map 47% reduce 15%
20/06/15 23:28:43 INFO mapreduce.Job:  map 48% reduce 15%
20/06/15 23:28:48 INFO mapreduce.Job:  map 49% reduce 15%
20/06/15 23:28:51 INFO mapreduce.Job:  map 49% reduce 16%
20/06/15 23:28:52 INFO mapreduce.Job:  map 50% reduce 16%
20/06/15 23:28:56 INFO mapreduce.Job:  map 51% reduce 16%
20/06/15 23:29:03 INFO mapreduce.Job:  map 52% reduce 16%
20/06/15 23:29:06 INFO mapreduce.Job:  map 53% reduce 16%
20/06/15 23:29:11 INFO mapreduce.Job:  map 54% reduce 16%
20/06/15 23:29:12 INFO mapreduce.Job:  map 54% reduce 17%
20/06/15 23:29:15 INFO mapreduce.Job:  map 55% reduce 17%
20/06/15 23:29:18 INFO mapreduce.Job:  map 56% reduce 17%
20/06/15 23:29:19 INFO mapreduce.Job:  map 56% reduce 18%
20/06/15 23:29:24 INFO mapreduce.Job:  map 57% reduce 18%
20/06/15 23:29:27 INFO mapreduce.Job:  map 58% reduce 18%
20/06/15 23:29:30 INFO mapreduce.Job:  map 59% reduce 18%
20/06/15 23:29:31 INFO mapreduce.Job:  map 59% reduce 19%
20/06/15 23:29:36 INFO mapreduce.Job:  map 60% reduce 19%
20/06/15 23:29:40 INFO mapreduce.Job:  map 61% reduce 19%
20/06/15 23:29:43 INFO mapreduce.Job:  map 61% reduce 20%
20/06/15 23:29:46 INFO mapreduce.Job:  map 62% reduce 20%
20/06/15 23:29:49 INFO mapreduce.Job:  map 63% reduce 20%
20/06/15 23:29:55 INFO mapreduce.Job:  map 64% reduce 20%
20/06/15 23:29:58 INFO mapreduce.Job:  map 65% reduce 20%
20/06/15 23:30:04 INFO mapreduce.Job:  map 66% reduce 20%
20/06/15 23:30:07 INFO mapreduce.Job:  map 66% reduce 21%
20/06/15 23:30:08 INFO mapreduce.Job:  map 67% reduce 21%
20/06/15 23:30:10 INFO mapreduce.Job:  map 68% reduce 21%
20/06/15 23:30:13 INFO mapreduce.Job:  map 68% reduce 22%
20/06/15 23:30:17 INFO mapreduce.Job:  map 69% reduce 22%
20/06/15 23:30:21 INFO mapreduce.Job:  map 70% reduce 22%
20/06/15 23:30:23 INFO mapreduce.Job:  map 71% reduce 22%
20/06/15 23:30:26 INFO mapreduce.Job:  map 71% reduce 23%
20/06/15 23:30:28 INFO mapreduce.Job:  map 72% reduce 23%
20/06/15 23:30:34 INFO mapreduce.Job:  map 73% reduce 23%
20/06/15 23:30:38 INFO mapreduce.Job:  map 74% reduce 23%
20/06/15 23:30:43 INFO mapreduce.Job:  map 75% reduce 23%
20/06/15 23:30:47 INFO mapreduce.Job:  map 76% reduce 23%
20/06/15 23:30:50 INFO mapreduce.Job:  map 76% reduce 24%
20/06/15 23:30:53 INFO mapreduce.Job:  map 77% reduce 24%
20/06/15 23:30:56 INFO mapreduce.Job:  map 78% reduce 24%
20/06/15 23:30:59 INFO mapreduce.Job:  map 79% reduce 24%
20/06/15 23:31:00 INFO mapreduce.Job:  map 79% reduce 25%
20/06/15 23:31:03 INFO mapreduce.Job:  map 79% reduce 26%
20/06/15 23:31:04 INFO mapreduce.Job:  map 80% reduce 26%
20/06/15 23:31:07 INFO mapreduce.Job:  map 81% reduce 26%
20/06/15 23:31:08 INFO mapreduce.Job:  map 82% reduce 26%
20/06/15 23:31:12 INFO mapreduce.Job:  map 83% reduce 26%
20/06/15 23:31:13 INFO mapreduce.Job:  map 84% reduce 26%
20/06/15 23:31:15 INFO mapreduce.Job:  map 84% reduce 27%
20/06/15 23:31:16 INFO mapreduce.Job:  map 85% reduce 27%
20/06/15 23:31:18 INFO mapreduce.Job:  map 85% reduce 28%
20/06/15 23:31:22 INFO mapreduce.Job:  map 86% reduce 28%
20/06/15 23:31:24 INFO mapreduce.Job:  map 87% reduce 28%
20/06/15 23:31:27 INFO mapreduce.Job:  map 88% reduce 28%
20/06/15 23:31:30 INFO mapreduce.Job:  map 88% reduce 29%
20/06/15 23:31:31 INFO mapreduce.Job:  map 89% reduce 29%
20/06/15 23:31:38 INFO mapreduce.Job:  map 90% reduce 29%
20/06/15 23:31:42 INFO mapreduce.Job:  map 91% reduce 29%
20/06/15 23:31:46 INFO mapreduce.Job:  map 92% reduce 29%
20/06/15 23:31:48 INFO mapreduce.Job:  map 92% reduce 30%
20/06/15 23:31:51 INFO mapreduce.Job:  map 93% reduce 30%
20/06/15 23:31:54 INFO mapreduce.Job:  map 95% reduce 30%
20/06/15 23:31:58 INFO mapreduce.Job:  map 96% reduce 30%
20/06/15 23:31:59 INFO mapreduce.Job:  map 97% reduce 30%
20/06/15 23:32:00 INFO mapreduce.Job:  map 97% reduce 31%
20/06/15 23:32:02 INFO mapreduce.Job:  map 98% reduce 31%
20/06/15 23:32:03 INFO mapreduce.Job:  map 98% reduce 32%
20/06/15 23:32:04 INFO mapreduce.Job:  map 99% reduce 32%
20/06/15 23:32:06 INFO mapreduce.Job:  map 99% reduce 33%
20/06/15 23:32:08 INFO mapreduce.Job:  map 100% reduce 33%
20/06/15 23:32:09 INFO mapreduce.Job:  map 100% reduce 44%
20/06/15 23:32:12 INFO mapreduce.Job:  map 100% reduce 70%
20/06/15 23:32:15 INFO mapreduce.Job:  map 100% reduce 75%
20/06/15 23:32:18 INFO mapreduce.Job:  map 100% reduce 79%
20/06/15 23:32:21 INFO mapreduce.Job:  map 100% reduce 83%
20/06/15 23:32:24 INFO mapreduce.Job:  map 100% reduce 89%
20/06/15 23:32:27 INFO mapreduce.Job:  map 100% reduce 97%
20/06/15 23:32:29 INFO mapreduce.Job:  map 100% reduce 100%
20/06/15 23:32:31 INFO mapreduce.Job: Job job_1592228295612_0006 completed successfully
20/06/15 23:32:32 INFO mapreduce.Job: Counters: 51
	File System Counters
		FILE: Number of bytes read=1664983330
		FILE: Number of bytes written=2465674599
		FILE: Number of read operations=0
		FILE: Number of large read operations=0
		FILE: Number of write operations=0
		HDFS: Number of bytes read=11025836600
		HDFS: Number of bytes written=472954036
		HDFS: Number of read operations=273
		HDFS: Number of large read operations=0
		HDFS: Number of write operations=2
	Job Counters 
		Killed map tasks=1
		Launched map tasks=91
		Launched reduce tasks=1
		Data-local map tasks=85
		Rack-local map tasks=6
		Total time spent by all maps in occupied slots (ms)=3759685
		Total time spent by all reduces in occupied slots (ms)=384315
		Total time spent by all map tasks (ms)=3759685
		Total time spent by all reduce tasks (ms)=384315
		Total vcore-milliseconds taken by all map tasks=3759685
		Total vcore-milliseconds taken by all reduce tasks=384315
		Total megabyte-milliseconds taken by all map tasks=3849917440
		Total megabyte-milliseconds taken by all reduce tasks=393538560
	Map-Reduce Framework
		Map input records=1179594
		Map output records=1009901268
		Map output bytes=19265183218
		Map output materialized bytes=789509164
		Input split bytes=9630
		Combine input records=1034891965
		Combine output records=47597616
		Reduce input groups=9841803
		Reduce shuffle bytes=789509164
		Reduce input records=22606919
		Reduce output records=9841803
		Spilled Records=70882807
		Shuffled Maps =90
		Failed Shuffles=0
		Merged Map outputs=90
		GC time elapsed (ms)=71552
		CPU time spent (ms)=2208250
		Physical memory (bytes) snapshot=25049808896
		Virtual memory (bytes) snapshot=191991910400
		Total committed heap usage (bytes)=18939379712
	Shuffle Errors
		BAD_ID=0
		CONNECTION=0
		IO_ERROR=0
		WRONG_LENGTH=0
		WRONG_MAP=0
		WRONG_REDUCE=0
	File Input Format Counters 
		Bytes Read=11025826970
	File Output Format Counters 
		Bytes Written=472954036
20/06/15 23:32:32 INFO client.RMProxy: Connecting to ResourceManager at master/10.51.17.95:8032
20/06/15 23:32:32 INFO input.FileInputFormat: Total input paths to process : 1
20/06/15 23:32:32 INFO mapreduce.JobSubmitter: number of splits:4
20/06/15 23:32:33 INFO mapreduce.JobSubmitter: Submitting tokens for job: job_1592228295612_0007
20/06/15 23:32:33 INFO impl.YarnClientImpl: Submitted application application_1592228295612_0007
20/06/15 23:32:33 INFO mapreduce.Job: The url to track the job: http://master:8088/proxy/application_1592228295612_0007/
20/06/15 23:32:33 INFO mapreduce.Job: Running job: job_1592228295612_0007
20/06/15 23:32:46 INFO mapreduce.Job: Job job_1592228295612_0007 running in uber mode : false
20/06/15 23:32:46 INFO mapreduce.Job:  map 0% reduce 0%
20/06/15 23:32:57 INFO mapreduce.Job:  map 25% reduce 0%
20/06/15 23:32:59 INFO mapreduce.Job:  map 63% reduce 0%
20/06/15 23:33:01 INFO mapreduce.Job:  map 71% reduce 0%
20/06/15 23:33:02 INFO mapreduce.Job:  map 83% reduce 0%
20/06/15 23:33:04 INFO mapreduce.Job:  map 91% reduce 0%
20/06/15 23:33:05 INFO mapreduce.Job:  map 98% reduce 0%
20/06/15 23:33:07 INFO mapreduce.Job:  map 100% reduce 0%
20/06/15 23:33:09 INFO mapreduce.Job:  map 100% reduce 70%
20/06/15 23:33:12 INFO mapreduce.Job:  map 100% reduce 80%
20/06/15 23:33:15 INFO mapreduce.Job:  map 100% reduce 88%
20/06/15 23:33:17 INFO mapreduce.Job:  map 100% reduce 100%
20/06/15 23:33:19 INFO mapreduce.Job: Job job_1592228295612_0007 completed successfully
20/06/15 23:33:19 INFO mapreduce.Job: Counters: 50
	File System Counters
		FILE: Number of bytes read=754217147
		FILE: Number of bytes written=1164111403
		FILE: Number of read operations=0
		FILE: Number of large read operations=0
		FILE: Number of write operations=0
		HDFS: Number of bytes read=472959501
		HDFS: Number of bytes written=331204946
		HDFS: Number of read operations=19
		HDFS: Number of large read operations=0
		HDFS: Number of write operations=2
	Job Counters 
		Killed map tasks=1
		Launched map tasks=5
		Launched reduce tasks=1
		Data-local map tasks=5
		Total time spent by all maps in occupied slots (ms)=58855
		Total time spent by all reduces in occupied slots (ms)=18032
		Total time spent by all map tasks (ms)=58855
		Total time spent by all reduce tasks (ms)=18032
		Total vcore-milliseconds taken by all map tasks=58855
		Total vcore-milliseconds taken by all reduce tasks=18032
		Total megabyte-milliseconds taken by all map tasks=60267520
		Total megabyte-milliseconds taken by all reduce tasks=18464768
	Map-Reduce Framework
		Map input records=9841803
		Map output records=9841803
		Map output bytes=389598846
		Map output materialized bytes=409282476
		Input split bytes=504
		Combine input records=0
		Combine output records=0
		Reduce input groups=1244
		Reduce shuffle bytes=409282476
		Reduce input records=9841803
		Reduce output records=9841803
		Spilled Records=28647293
		Shuffled Maps =4
		Failed Shuffles=0
		Merged Map outputs=4
		GC time elapsed (ms)=2216
		CPU time spent (ms)=42330
		Physical memory (bytes) snapshot=1291923456
		Virtual memory (bytes) snapshot=10547945472
		Total committed heap usage (bytes)=938475520
	Shuffle Errors
		BAD_ID=0
		CONNECTION=0
		IO_ERROR=0
		WRONG_LENGTH=0
		WRONG_MAP=0
		WRONG_REDUCE=0
	File Input Format Counters 
		Bytes Read=472958997
	File Output Format Counters 
		Bytes Written=331204946
