20/06/10 01:40:52 INFO client.RMProxy: Connecting to ResourceManager at master/10.51.17.95:8032
20/06/10 01:40:53 INFO input.FileInputFormat: Total input paths to process : 10
20/06/10 01:40:53 INFO mapreduce.JobSubmitter: number of splits:90
20/06/10 01:40:54 INFO mapreduce.JobSubmitter: Submitting tokens for job: job_1591720791831_0002
20/06/10 01:40:54 INFO impl.YarnClientImpl: Submitted application application_1591720791831_0002
20/06/10 01:40:54 INFO mapreduce.Job: The url to track the job: http://master:8088/proxy/application_1591720791831_0002/
20/06/10 01:40:54 INFO mapreduce.Job: Running job: job_1591720791831_0002
20/06/10 01:41:04 INFO mapreduce.Job: Job job_1591720791831_0002 running in uber mode : false
20/06/10 01:41:04 INFO mapreduce.Job:  map 0% reduce 0%
20/06/10 01:41:18 INFO mapreduce.Job:  map 1% reduce 0%
20/06/10 01:41:20 INFO mapreduce.Job:  map 2% reduce 0%
20/06/10 01:41:24 INFO mapreduce.Job:  map 3% reduce 0%
20/06/10 01:41:33 INFO mapreduce.Job:  map 4% reduce 0%
20/06/10 01:41:36 INFO mapreduce.Job:  map 5% reduce 0%
20/06/10 01:41:44 INFO mapreduce.Job:  map 6% reduce 0%
20/06/10 01:41:47 INFO mapreduce.Job:  map 7% reduce 0%
20/06/10 01:41:52 INFO mapreduce.Job:  map 8% reduce 0%
20/06/10 01:41:57 INFO mapreduce.Job:  map 9% reduce 0%
20/06/10 01:41:59 INFO mapreduce.Job:  map 10% reduce 0%
20/06/10 01:42:01 INFO mapreduce.Job:  map 11% reduce 0%
20/06/10 01:42:03 INFO mapreduce.Job:  map 12% reduce 0%
20/06/10 01:42:10 INFO mapreduce.Job:  map 13% reduce 0%
20/06/10 01:42:15 INFO mapreduce.Job:  map 14% reduce 0%
20/06/10 01:42:17 INFO mapreduce.Job:  map 15% reduce 0%
20/06/10 01:42:21 INFO mapreduce.Job:  map 16% reduce 0%
20/06/10 01:42:22 INFO mapreduce.Job:  map 17% reduce 0%
20/06/10 01:42:27 INFO mapreduce.Job:  map 18% reduce 0%
20/06/10 01:42:30 INFO mapreduce.Job:  map 18% reduce 5%
20/06/10 01:42:33 INFO mapreduce.Job:  map 19% reduce 5%
20/06/10 01:42:37 INFO mapreduce.Job:  map 20% reduce 5%
20/06/10 01:42:42 INFO mapreduce.Job:  map 21% reduce 5%
20/06/10 01:42:48 INFO mapreduce.Job:  map 22% reduce 5%
20/06/10 01:42:53 INFO mapreduce.Job:  map 23% reduce 5%
20/06/10 01:42:55 INFO mapreduce.Job:  map 23% reduce 6%
20/06/10 01:42:56 INFO mapreduce.Job:  map 24% reduce 6%
20/06/10 01:42:59 INFO mapreduce.Job:  map 25% reduce 6%
20/06/10 01:43:00 INFO mapreduce.Job:  map 25% reduce 7%
20/06/10 01:43:02 INFO mapreduce.Job:  map 26% reduce 7%
20/06/10 01:43:08 INFO mapreduce.Job:  map 27% reduce 7%
20/06/10 01:43:13 INFO mapreduce.Job:  map 28% reduce 7%
20/06/10 01:43:17 INFO mapreduce.Job:  map 29% reduce 7%
20/06/10 01:43:21 INFO mapreduce.Job:  map 30% reduce 8%
20/06/10 01:43:25 INFO mapreduce.Job:  map 31% reduce 8%
20/06/10 01:43:26 INFO mapreduce.Job:  map 32% reduce 8%
20/06/10 01:43:27 INFO mapreduce.Job:  map 32% reduce 9%
20/06/10 01:43:32 INFO mapreduce.Job:  map 33% reduce 9%
20/06/10 01:43:33 INFO mapreduce.Job:  map 33% reduce 10%
20/06/10 01:43:35 INFO mapreduce.Job:  map 34% reduce 10%
20/06/10 01:43:40 INFO mapreduce.Job:  map 35% reduce 10%
20/06/10 01:43:45 INFO mapreduce.Job:  map 36% reduce 10%
20/06/10 01:43:46 INFO mapreduce.Job:  map 36% reduce 11%
20/06/10 01:43:48 INFO mapreduce.Job:  map 37% reduce 11%
20/06/10 01:43:51 INFO mapreduce.Job:  map 38% reduce 11%
20/06/10 01:43:57 INFO mapreduce.Job:  map 39% reduce 11%
20/06/10 01:44:00 INFO mapreduce.Job:  map 40% reduce 11%
20/06/10 01:44:01 INFO mapreduce.Job:  map 40% reduce 12%
20/06/10 01:44:04 INFO mapreduce.Job:  map 41% reduce 12%
20/06/10 01:44:09 INFO mapreduce.Job:  map 42% reduce 12%
20/06/10 01:44:14 INFO mapreduce.Job:  map 43% reduce 12%
20/06/10 01:44:21 INFO mapreduce.Job:  map 44% reduce 12%
20/06/10 01:44:24 INFO mapreduce.Job:  map 45% reduce 12%
20/06/10 01:44:26 INFO mapreduce.Job:  map 45% reduce 13%
20/06/10 01:44:28 INFO mapreduce.Job:  map 46% reduce 13%
20/06/10 01:44:32 INFO mapreduce.Job:  map 47% reduce 14%
20/06/10 01:44:35 INFO mapreduce.Job:  map 48% reduce 14%
20/06/10 01:44:39 INFO mapreduce.Job:  map 49% reduce 14%
20/06/10 01:44:40 INFO mapreduce.Job:  map 49% reduce 15%
20/06/10 01:44:41 INFO mapreduce.Job:  map 50% reduce 15%
20/06/10 01:44:44 INFO mapreduce.Job:  map 51% reduce 15%
20/06/10 01:44:46 INFO mapreduce.Job:  map 51% reduce 16%
20/06/10 01:44:50 INFO mapreduce.Job:  map 52% reduce 16%
20/06/10 01:44:53 INFO mapreduce.Job:  map 53% reduce 16%
20/06/10 01:44:55 INFO mapreduce.Job:  map 53% reduce 17%
20/06/10 01:44:59 INFO mapreduce.Job:  map 54% reduce 17%
20/06/10 01:45:03 INFO mapreduce.Job:  map 55% reduce 17%
20/06/10 01:45:09 INFO mapreduce.Job:  map 56% reduce 17%
20/06/10 01:45:13 INFO mapreduce.Job:  map 57% reduce 17%
20/06/10 01:45:18 INFO mapreduce.Job:  map 58% reduce 17%
20/06/10 01:45:22 INFO mapreduce.Job:  map 59% reduce 17%
20/06/10 01:45:27 INFO mapreduce.Job:  map 60% reduce 17%
20/06/10 01:45:30 INFO mapreduce.Job:  map 61% reduce 17%
20/06/10 01:45:32 INFO mapreduce.Job:  map 62% reduce 18%
20/06/10 01:45:34 INFO mapreduce.Job:  map 63% reduce 18%
20/06/10 01:45:35 INFO mapreduce.Job:  map 63% reduce 19%
20/06/10 01:45:38 INFO mapreduce.Job:  map 63% reduce 20%
20/06/10 01:45:40 INFO mapreduce.Job:  map 64% reduce 20%
20/06/10 01:45:45 INFO mapreduce.Job:  map 65% reduce 20%
20/06/10 01:45:47 INFO mapreduce.Job:  map 66% reduce 20%
20/06/10 01:45:48 INFO mapreduce.Job:  map 66% reduce 21%
20/06/10 01:45:51 INFO mapreduce.Job:  map 67% reduce 21%
20/06/10 01:45:56 INFO mapreduce.Job:  map 68% reduce 21%
20/06/10 01:45:57 INFO mapreduce.Job:  map 68% reduce 22%
20/06/10 01:45:59 INFO mapreduce.Job:  map 69% reduce 22%
20/06/10 01:46:05 INFO mapreduce.Job:  map 70% reduce 22%
20/06/10 01:46:10 INFO mapreduce.Job:  map 71% reduce 22%
20/06/10 01:46:16 INFO mapreduce.Job:  map 72% reduce 22%
20/06/10 01:46:20 INFO mapreduce.Job:  map 73% reduce 22%
20/06/10 01:46:26 INFO mapreduce.Job:  map 74% reduce 22%
20/06/10 01:46:31 INFO mapreduce.Job:  map 75% reduce 22%
20/06/10 01:46:33 INFO mapreduce.Job:  map 75% reduce 23%
20/06/10 01:46:34 INFO mapreduce.Job:  map 76% reduce 23%
20/06/10 01:46:36 INFO mapreduce.Job:  map 77% reduce 23%
20/06/10 01:46:39 INFO mapreduce.Job:  map 77% reduce 24%
20/06/10 01:46:40 INFO mapreduce.Job:  map 78% reduce 24%
20/06/10 01:46:42 INFO mapreduce.Job:  map 78% reduce 25%
20/06/10 01:46:43 INFO mapreduce.Job:  map 79% reduce 25%
20/06/10 01:46:46 INFO mapreduce.Job:  map 80% reduce 26%
20/06/10 01:46:51 INFO mapreduce.Job:  map 81% reduce 26%
20/06/10 01:46:54 INFO mapreduce.Job:  map 83% reduce 27%
20/06/10 01:46:57 INFO mapreduce.Job:  map 84% reduce 27%
20/06/10 01:47:01 INFO mapreduce.Job:  map 85% reduce 27%
20/06/10 01:47:04 INFO mapreduce.Job:  map 86% reduce 27%
20/06/10 01:47:05 INFO mapreduce.Job:  map 87% reduce 27%
20/06/10 01:47:07 INFO mapreduce.Job:  map 88% reduce 27%
20/06/10 01:47:10 INFO mapreduce.Job:  map 88% reduce 28%
20/06/10 01:47:12 INFO mapreduce.Job:  map 89% reduce 28%
20/06/10 01:47:14 INFO mapreduce.Job:  map 90% reduce 28%
20/06/10 01:47:17 INFO mapreduce.Job:  map 91% reduce 28%
20/06/10 01:47:19 INFO mapreduce.Job:  map 92% reduce 29%
20/06/10 01:47:21 INFO mapreduce.Job:  map 93% reduce 29%
20/06/10 01:47:23 INFO mapreduce.Job:  map 94% reduce 29%
20/06/10 01:47:25 INFO mapreduce.Job:  map 94% reduce 30%
20/06/10 01:47:26 INFO mapreduce.Job:  map 95% reduce 30%
20/06/10 01:47:29 INFO mapreduce.Job:  map 97% reduce 30%
20/06/10 01:47:31 INFO mapreduce.Job:  map 97% reduce 31%
20/06/10 01:47:32 INFO mapreduce.Job:  map 98% reduce 31%
20/06/10 01:47:36 INFO mapreduce.Job:  map 99% reduce 31%
20/06/10 01:47:37 INFO mapreduce.Job:  map 99% reduce 32%
20/06/10 01:47:39 INFO mapreduce.Job:  map 100% reduce 32%
20/06/10 01:47:40 INFO mapreduce.Job:  map 100% reduce 33%
20/06/10 01:47:43 INFO mapreduce.Job:  map 100% reduce 70%
20/06/10 01:47:46 INFO mapreduce.Job:  map 100% reduce 75%
20/06/10 01:47:49 INFO mapreduce.Job:  map 100% reduce 80%
20/06/10 01:47:52 INFO mapreduce.Job:  map 100% reduce 85%
20/06/10 01:47:55 INFO mapreduce.Job:  map 100% reduce 92%
20/06/10 01:47:58 INFO mapreduce.Job:  map 100% reduce 100%
20/06/10 01:47:59 INFO mapreduce.Job: Job job_1591720791831_0002 completed successfully
20/06/10 01:47:59 INFO mapreduce.Job: Counters: 51
	File System Counters
		FILE: Number of bytes read=1631348887
		FILE: Number of bytes written=2415436105
		FILE: Number of read operations=0
		FILE: Number of large read operations=0
		FILE: Number of write operations=0
		HDFS: Number of bytes read=11026284632
		HDFS: Number of bytes written=458721667
		HDFS: Number of read operations=273
		HDFS: Number of large read operations=0
		HDFS: Number of write operations=2
	Job Counters 
		Killed map tasks=1
		Launched map tasks=91
		Launched reduce tasks=1
		Data-local map tasks=89
		Rack-local map tasks=2
		Total time spent by all maps in occupied slots (ms)=5024684
		Total time spent by all reduces in occupied slots (ms)=341214
		Total time spent by all map tasks (ms)=5024684
		Total time spent by all reduce tasks (ms)=341214
		Total vcore-milliseconds taken by all map tasks=5024684
		Total vcore-milliseconds taken by all reduce tasks=341214
		Total megabyte-milliseconds taken by all map tasks=5145276416
		Total megabyte-milliseconds taken by all reduce tasks=349403136
	Map-Reduce Framework
		Map input records=1179426
		Map output records=1010348570
		Map output bytes=19264131201
		Map output materialized bytes=772876721
		Input split bytes=10530
		Combine input records=1035335684
		Combine output records=47589761
		Reduce input groups=9840829
		Reduce shuffle bytes=772876721
		Reduce input records=22602647
		Reduce output records=9840829
		Spilled Records=70869683
		Shuffled Maps =90
		Failed Shuffles=0
		Merged Map outputs=90
		GC time elapsed (ms)=107446
		CPU time spent (ms)=2028540
		Physical memory (bytes) snapshot=25082503168
		Virtual memory (bytes) snapshot=191940079616
		Total committed heap usage (bytes)=18933612544
	Shuffle Errors
		BAD_ID=0
		CONNECTION=0
		IO_ERROR=0
		WRONG_LENGTH=0
		WRONG_MAP=0
		WRONG_REDUCE=0
	File Input Format Counters 
		Bytes Read=11026274102
	File Output Format Counters 
		Bytes Written=458721667
20/06/10 01:47:59 INFO client.RMProxy: Connecting to ResourceManager at master/10.51.17.95:8032
20/06/10 01:48:00 INFO input.FileInputFormat: Total input paths to process : 1
20/06/10 01:48:00 INFO mapreduce.JobSubmitter: number of splits:4
20/06/10 01:48:00 INFO mapreduce.JobSubmitter: Submitting tokens for job: job_1591720791831_0003
20/06/10 01:48:00 INFO impl.YarnClientImpl: Submitted application application_1591720791831_0003
20/06/10 01:48:00 INFO mapreduce.Job: The url to track the job: http://master:8088/proxy/application_1591720791831_0003/
20/06/10 01:48:00 INFO mapreduce.Job: Running job: job_1591720791831_0003
20/06/10 01:48:10 INFO mapreduce.Job: Job job_1591720791831_0003 running in uber mode : false
20/06/10 01:48:10 INFO mapreduce.Job:  map 0% reduce 0%
20/06/10 01:48:19 INFO mapreduce.Job:  map 25% reduce 0%
20/06/10 01:48:21 INFO mapreduce.Job:  map 54% reduce 0%
20/06/10 01:48:24 INFO mapreduce.Job:  map 67% reduce 0%
20/06/10 01:48:26 INFO mapreduce.Job:  map 75% reduce 0%
20/06/10 01:48:27 INFO mapreduce.Job:  map 81% reduce 0%
20/06/10 01:48:29 INFO mapreduce.Job:  map 90% reduce 0%
20/06/10 01:48:30 INFO mapreduce.Job:  map 96% reduce 0%
20/06/10 01:48:31 INFO mapreduce.Job:  map 100% reduce 0%
20/06/10 01:48:32 INFO mapreduce.Job:  map 100% reduce 67%
20/06/10 01:48:35 INFO mapreduce.Job:  map 100% reduce 81%
20/06/10 01:48:38 INFO mapreduce.Job:  map 100% reduce 92%
20/06/10 01:48:39 INFO mapreduce.Job:  map 100% reduce 100%
20/06/10 01:48:40 INFO mapreduce.Job: Job job_1591720791831_0003 completed successfully
20/06/10 01:48:40 INFO mapreduce.Job: Counters: 50
	File System Counters
		FILE: Number of bytes read=739217467
		FILE: Number of bytes written=1135023478
		FILE: Number of read operations=0
		FILE: Number of large read operations=0
		FILE: Number of write operations=0
		HDFS: Number of bytes read=458725537
		HDFS: Number of bytes written=317123273
		HDFS: Number of read operations=19
		HDFS: Number of large read operations=0
		HDFS: Number of write operations=2
	Job Counters 
		Killed map tasks=1
		Launched map tasks=5
		Launched reduce tasks=1
		Data-local map tasks=5
		Total time spent by all maps in occupied slots (ms)=68248
		Total time spent by all reduces in occupied slots (ms)=17909
		Total time spent by all map tasks (ms)=68248
		Total time spent by all reduce tasks (ms)=17909
		Total vcore-milliseconds taken by all map tasks=68248
		Total vcore-milliseconds taken by all reduce tasks=17909
		Total megabyte-milliseconds taken by all map tasks=69885952
		Total megabyte-milliseconds taken by all reduce tasks=18338816
	Map-Reduce Framework
		Map input records=9840829
		Map output records=9840829
		Map output bytes=375510989
		Map output materialized bytes=395192671
		Input split bytes=508
		Combine input records=0
		Combine output records=0
		Reduce input groups=1234
		Reduce shuffle bytes=395192671
		Reduce input records=9840829
		Reduce output records=9840829
		Spilled Records=28796624
		Shuffled Maps =4
		Failed Shuffles=0
		Merged Map outputs=4
		GC time elapsed (ms)=1938
		CPU time spent (ms)=45810
		Physical memory (bytes) snapshot=1260789760
		Virtual memory (bytes) snapshot=10542759936
		Total committed heap usage (bytes)=936378368
	Shuffle Errors
		BAD_ID=0
		CONNECTION=0
		IO_ERROR=0
		WRONG_LENGTH=0
		WRONG_MAP=0
		WRONG_REDUCE=0
	File Input Format Counters 
		Bytes Read=458725029
	File Output Format Counters 
		Bytes Written=317123273
