20/06/09 02:07:06 INFO client.RMProxy: Connecting to ResourceManager at master/10.51.17.95:8032
20/06/09 02:07:06 INFO input.FileInputFormat: Total input paths to process : 16
20/06/09 02:07:07 INFO mapreduce.JobSubmitter: number of splits:16
20/06/09 02:07:07 INFO mapreduce.JobSubmitter: Submitting tokens for job: job_1591634591910_0008
20/06/09 02:07:07 INFO impl.YarnClientImpl: Submitted application application_1591634591910_0008
20/06/09 02:07:07 INFO mapreduce.Job: The url to track the job: http://master:8088/proxy/application_1591634591910_0008/
20/06/09 02:07:07 INFO mapreduce.Job: Running job: job_1591634591910_0008
20/06/09 02:07:12 INFO mapreduce.Job: Job job_1591634591910_0008 running in uber mode : false
20/06/09 02:07:12 INFO mapreduce.Job:  map 0% reduce 0%
20/06/09 02:07:27 INFO mapreduce.Job:  map 25% reduce 0%
20/06/09 02:07:29 INFO mapreduce.Job:  map 33% reduce 0%
20/06/09 02:07:30 INFO mapreduce.Job:  map 58% reduce 0%
20/06/09 02:08:19 INFO mapreduce.Job:  map 65% reduce 0%
20/06/09 02:08:20 INFO mapreduce.Job:  map 71% reduce 0%
20/06/09 02:08:28 INFO mapreduce.Job:  map 79% reduce 0%
20/06/09 02:08:31 INFO mapreduce.Job:  map 79% reduce 13%
20/06/09 02:08:42 INFO mapreduce.Job:  map 83% reduce 13%
20/06/09 02:08:44 INFO mapreduce.Job:  map 85% reduce 13%
20/06/09 02:08:45 INFO mapreduce.Job:  map 90% reduce 13%
20/06/09 02:08:46 INFO mapreduce.Job:  map 92% reduce 19%
20/06/09 02:08:48 INFO mapreduce.Job:  map 96% reduce 19%
20/06/09 02:08:50 INFO mapreduce.Job:  map 96% reduce 29%
20/06/09 02:08:51 INFO mapreduce.Job:  map 98% reduce 29%
20/06/09 02:08:52 INFO mapreduce.Job:  map 100% reduce 29%
20/06/09 02:08:53 INFO mapreduce.Job:  map 100% reduce 100%
20/06/09 02:08:53 INFO mapreduce.Job: Job job_1591634591910_0008 completed successfully
20/06/09 02:08:53 INFO mapreduce.Job: Counters: 49
	File System Counters
		FILE: Number of bytes read=358
		FILE: Number of bytes written=2094188
		FILE: Number of read operations=0
		FILE: Number of large read operations=0
		FILE: Number of write operations=0
		HDFS: Number of bytes read=4182
		HDFS: Number of bytes written=215
		HDFS: Number of read operations=67
		HDFS: Number of large read operations=0
		HDFS: Number of write operations=3
	Job Counters 
		Launched map tasks=16
		Launched reduce tasks=1
		Data-local map tasks=16
		Total time spent by all maps in occupied slots (ms)=1172990
		Total time spent by all reduces in occupied slots (ms)=30288
		Total time spent by all map tasks (ms)=1172990
		Total time spent by all reduce tasks (ms)=30288
		Total vcore-milliseconds taken by all map tasks=1172990
		Total vcore-milliseconds taken by all reduce tasks=30288
		Total megabyte-milliseconds taken by all map tasks=1201141760
		Total megabyte-milliseconds taken by all reduce tasks=31014912
	Map-Reduce Framework
		Map input records=16
		Map output records=32
		Map output bytes=288
		Map output materialized bytes=448
		Input split bytes=2294
		Combine input records=0
		Combine output records=0
		Reduce input groups=2
		Reduce shuffle bytes=448
		Reduce input records=32
		Reduce output records=0
		Spilled Records=64
		Shuffled Maps =16
		Failed Shuffles=0
		Merged Map outputs=16
		GC time elapsed (ms)=10591
		CPU time spent (ms)=480190
		Physical memory (bytes) snapshot=4426510336
		Virtual memory (bytes) snapshot=35809898496
		Total committed heap usage (bytes)=3351773184
	Shuffle Errors
		BAD_ID=0
		CONNECTION=0
		IO_ERROR=0
		WRONG_LENGTH=0
		WRONG_MAP=0
		WRONG_REDUCE=0
	File Input Format Counters 
		Bytes Read=1888
	File Output Format Counters 
		Bytes Written=97
