20/06/15 23:34:44 INFO client.RMProxy: Connecting to ResourceManager at master/10.51.17.95:8032
20/06/15 23:34:45 INFO client.RMProxy: Connecting to ResourceManager at master/10.51.17.95:8032
20/06/15 23:34:46 INFO input.FileInputFormat: Total input paths to process : 10
20/06/15 23:34:46 INFO mapreduce.JobSubmitter: number of splits:80
20/06/15 23:34:46 INFO mapreduce.JobSubmitter: Submitting tokens for job: job_1592228295612_0008
20/06/15 23:34:46 INFO impl.YarnClientImpl: Submitted application application_1592228295612_0008
20/06/15 23:34:47 INFO mapreduce.Job: The url to track the job: http://master:8088/proxy/application_1592228295612_0008/
20/06/15 23:34:47 INFO mapreduce.Job: Running job: job_1592228295612_0008
20/06/15 23:34:56 INFO mapreduce.Job: Job job_1592228295612_0008 running in uber mode : false
20/06/15 23:34:56 INFO mapreduce.Job:  map 0% reduce 0%
20/06/15 23:35:04 INFO mapreduce.Job:  map 1% reduce 0%
20/06/15 23:35:05 INFO mapreduce.Job:  map 4% reduce 0%
20/06/15 23:35:07 INFO mapreduce.Job:  map 8% reduce 0%
20/06/15 23:35:08 INFO mapreduce.Job:  map 9% reduce 0%
20/06/15 23:35:09 INFO mapreduce.Job:  map 10% reduce 0%
20/06/15 23:35:10 INFO mapreduce.Job:  map 13% reduce 0%
20/06/15 23:35:14 INFO mapreduce.Job:  map 16% reduce 0%
20/06/15 23:35:16 INFO mapreduce.Job:  map 17% reduce 0%
20/06/15 23:35:17 INFO mapreduce.Job:  map 19% reduce 0%
20/06/15 23:35:21 INFO mapreduce.Job:  map 20% reduce 0%
20/06/15 23:35:22 INFO mapreduce.Job:  map 23% reduce 0%
20/06/15 23:35:23 INFO mapreduce.Job:  map 25% reduce 2%
20/06/15 23:35:25 INFO mapreduce.Job:  map 26% reduce 2%
20/06/15 23:35:27 INFO mapreduce.Job:  map 27% reduce 2%
20/06/15 23:35:29 INFO mapreduce.Job:  map 27% reduce 3%
20/06/15 23:35:30 INFO mapreduce.Job:  map 28% reduce 3%
20/06/15 23:35:33 INFO mapreduce.Job:  map 29% reduce 3%
20/06/15 23:35:34 INFO mapreduce.Job:  map 30% reduce 3%
20/06/15 23:35:35 INFO mapreduce.Job:  map 31% reduce 5%
20/06/15 23:35:38 INFO mapreduce.Job:  map 32% reduce 5%
20/06/15 23:35:40 INFO mapreduce.Job:  map 33% reduce 5%
20/06/15 23:35:42 INFO mapreduce.Job:  map 34% reduce 5%
20/06/15 23:35:45 INFO mapreduce.Job:  map 35% reduce 6%
20/06/15 23:35:51 INFO mapreduce.Job:  map 37% reduce 8%
20/06/15 23:35:54 INFO mapreduce.Job:  map 37% reduce 9%
20/06/15 23:35:56 INFO mapreduce.Job:  map 38% reduce 9%
20/06/15 23:35:58 INFO mapreduce.Job:  map 39% reduce 9%
20/06/15 23:36:00 INFO mapreduce.Job:  map 39% reduce 10%
20/06/15 23:36:06 INFO mapreduce.Job:  map 41% reduce 10%
20/06/15 23:36:07 INFO mapreduce.Job:  map 42% reduce 10%
20/06/15 23:36:12 INFO mapreduce.Job:  map 42% reduce 11%
20/06/15 23:36:13 INFO mapreduce.Job:  map 44% reduce 11%
20/06/15 23:36:15 INFO mapreduce.Job:  map 45% reduce 11%
20/06/15 23:36:19 INFO mapreduce.Job:  map 47% reduce 11%
20/06/15 23:36:21 INFO mapreduce.Job:  map 47% reduce 12%
20/06/15 23:36:26 INFO mapreduce.Job:  map 48% reduce 12%
20/06/15 23:36:29 INFO mapreduce.Job:  map 49% reduce 12%
20/06/15 23:36:35 INFO mapreduce.Job:  map 51% reduce 12%
20/06/15 23:36:39 INFO mapreduce.Job:  map 52% reduce 13%
20/06/15 23:36:45 INFO mapreduce.Job:  map 53% reduce 13%
20/06/15 23:36:48 INFO mapreduce.Job:  map 54% reduce 13%
20/06/15 23:36:49 INFO mapreduce.Job:  map 55% reduce 13%
20/06/15 23:36:51 INFO mapreduce.Job:  map 55% reduce 14%
20/06/15 23:36:54 INFO mapreduce.Job:  map 56% reduce 14%
20/06/15 23:36:55 INFO mapreduce.Job:  map 57% reduce 14%
20/06/15 23:36:56 INFO mapreduce.Job:  map 58% reduce 14%
20/06/15 23:36:57 INFO mapreduce.Job:  map 58% reduce 15%
20/06/15 23:36:59 INFO mapreduce.Job:  map 60% reduce 15%
20/06/15 23:37:02 INFO mapreduce.Job:  map 62% reduce 15%
20/06/15 23:37:03 INFO mapreduce.Job:  map 62% reduce 16%
20/06/15 23:37:06 INFO mapreduce.Job:  map 62% reduce 17%
20/06/15 23:37:07 INFO mapreduce.Job:  map 64% reduce 17%
20/06/15 23:37:09 INFO mapreduce.Job:  map 65% reduce 17%
20/06/15 23:37:13 INFO mapreduce.Job:  map 66% reduce 17%
20/06/15 23:37:16 INFO mapreduce.Job:  map 67% reduce 17%
20/06/15 23:37:18 INFO mapreduce.Job:  map 67% reduce 18%
20/06/15 23:37:19 INFO mapreduce.Job:  map 68% reduce 18%
20/06/15 23:37:20 INFO mapreduce.Job:  map 69% reduce 18%
20/06/15 23:37:22 INFO mapreduce.Job:  map 70% reduce 18%
20/06/15 23:37:24 INFO mapreduce.Job:  map 71% reduce 18%
20/06/15 23:37:28 INFO mapreduce.Job:  map 72% reduce 18%
20/06/15 23:37:29 INFO mapreduce.Job:  map 73% reduce 18%
20/06/15 23:37:30 INFO mapreduce.Job:  map 73% reduce 19%
20/06/15 23:37:31 INFO mapreduce.Job:  map 74% reduce 19%
20/06/15 23:37:34 INFO mapreduce.Job:  map 75% reduce 19%
20/06/15 23:37:36 INFO mapreduce.Job:  map 76% reduce 20%
20/06/15 23:37:41 INFO mapreduce.Job:  map 77% reduce 20%
20/06/15 23:37:42 INFO mapreduce.Job:  map 77% reduce 21%
20/06/15 23:37:45 INFO mapreduce.Job:  map 78% reduce 21%
20/06/15 23:37:49 INFO mapreduce.Job:  map 79% reduce 21%
20/06/15 23:37:54 INFO mapreduce.Job:  map 80% reduce 21%
20/06/15 23:37:57 INFO mapreduce.Job:  map 82% reduce 21%
20/06/15 23:38:00 INFO mapreduce.Job:  map 82% reduce 22%
20/06/15 23:38:02 INFO mapreduce.Job:  map 83% reduce 22%
20/06/15 23:38:03 INFO mapreduce.Job:  map 84% reduce 22%
20/06/15 23:38:07 INFO mapreduce.Job:  map 85% reduce 22%
20/06/15 23:38:09 INFO mapreduce.Job:  map 86% reduce 22%
20/06/15 23:38:16 INFO mapreduce.Job:  map 87% reduce 22%
20/06/15 23:38:18 INFO mapreduce.Job:  map 87% reduce 23%
20/06/15 23:38:26 INFO mapreduce.Job:  map 88% reduce 23%
20/06/15 23:38:41 INFO mapreduce.Job:  map 89% reduce 23%
20/06/15 23:38:42 INFO mapreduce.Job:  map 89% reduce 24%
20/06/15 23:38:44 INFO mapreduce.Job:  map 90% reduce 24%
20/06/15 23:38:46 INFO mapreduce.Job:  map 91% reduce 24%
20/06/15 23:38:59 INFO mapreduce.Job:  map 93% reduce 24%
20/06/15 23:39:01 INFO mapreduce.Job:  map 94% reduce 24%
20/06/15 23:39:20 INFO mapreduce.Job:  map 95% reduce 24%
20/06/15 23:39:22 INFO mapreduce.Job:  map 95% reduce 25%
20/06/15 23:39:24 INFO mapreduce.Job:  map 96% reduce 25%
20/06/15 23:39:49 INFO mapreduce.Job:  map 97% reduce 25%
20/06/15 23:40:19 INFO mapreduce.Job:  map 97% reduce 26%
20/06/15 23:40:20 INFO mapreduce.Job:  map 98% reduce 26%
20/06/15 23:40:22 INFO mapreduce.Job:  map 99% reduce 26%
20/06/15 23:40:43 INFO mapreduce.Job:  map 99% reduce 27%
20/06/15 23:40:55 INFO mapreduce.Job:  map 100% reduce 27%
20/06/15 23:41:07 INFO mapreduce.Job:  map 100% reduce 30%
20/06/15 23:41:10 INFO mapreduce.Job:  map 100% reduce 39%
20/06/15 23:42:37 INFO mapreduce.Job:  map 100% reduce 40%
20/06/15 23:42:40 INFO mapreduce.Job:  map 100% reduce 41%
20/06/15 23:42:55 INFO mapreduce.Job:  map 100% reduce 42%
20/06/15 23:43:37 INFO mapreduce.Job:  map 100% reduce 43%
20/06/15 23:43:49 INFO mapreduce.Job:  map 100% reduce 44%
20/06/15 23:43:55 INFO mapreduce.Job:  map 100% reduce 45%
20/06/15 23:44:19 INFO mapreduce.Job:  map 100% reduce 46%
20/06/15 23:44:31 INFO mapreduce.Job:  map 100% reduce 47%
20/06/15 23:44:43 INFO mapreduce.Job:  map 100% reduce 48%
20/06/15 23:45:13 INFO mapreduce.Job:  map 100% reduce 50%
20/06/15 23:45:49 INFO mapreduce.Job:  map 100% reduce 52%
20/06/15 23:45:55 INFO mapreduce.Job:  map 100% reduce 53%
20/06/15 23:46:07 INFO mapreduce.Job:  map 100% reduce 54%
20/06/15 23:46:13 INFO mapreduce.Job:  map 100% reduce 55%
20/06/15 23:46:28 INFO mapreduce.Job:  map 100% reduce 68%
20/06/15 23:46:31 INFO mapreduce.Job:  map 100% reduce 78%
20/06/15 23:46:56 INFO mapreduce.Job:  map 100% reduce 80%
20/06/15 23:47:11 INFO mapreduce.Job:  map 100% reduce 81%
20/06/15 23:47:17 INFO mapreduce.Job:  map 100% reduce 82%
20/06/15 23:47:20 INFO mapreduce.Job:  map 100% reduce 83%
20/06/15 23:47:35 INFO mapreduce.Job:  map 100% reduce 84%
20/06/15 23:47:38 INFO mapreduce.Job:  map 100% reduce 85%
20/06/15 23:47:41 INFO mapreduce.Job:  map 100% reduce 86%
20/06/15 23:47:50 INFO mapreduce.Job:  map 100% reduce 87%
20/06/15 23:47:59 INFO mapreduce.Job:  map 100% reduce 88%
20/06/15 23:48:11 INFO mapreduce.Job:  map 100% reduce 89%
20/06/15 23:48:26 INFO mapreduce.Job:  map 100% reduce 90%
20/06/15 23:48:31 INFO mapreduce.Job:  map 100% reduce 91%
20/06/15 23:48:38 INFO mapreduce.Job:  map 100% reduce 92%
20/06/15 23:48:44 INFO mapreduce.Job:  map 100% reduce 93%
20/06/15 23:48:50 INFO mapreduce.Job:  map 100% reduce 94%
20/06/15 23:48:59 INFO mapreduce.Job:  map 100% reduce 95%
20/06/15 23:49:02 INFO mapreduce.Job:  map 100% reduce 96%
20/06/15 23:49:05 INFO mapreduce.Job:  map 100% reduce 97%
20/06/15 23:49:08 INFO mapreduce.Job:  map 100% reduce 99%
20/06/15 23:49:11 INFO mapreduce.Job:  map 100% reduce 100%
20/06/15 23:49:12 INFO mapreduce.Job: Job job_1592228295612_0008 completed successfully
20/06/15 23:49:12 INFO mapreduce.Job: Counters: 51
	File System Counters
		FILE: Number of bytes read=31975174254
		FILE: Number of bytes written=42735048567
		FILE: Number of read operations=0
		FILE: Number of large read operations=0
		FILE: Number of write operations=0
		HDFS: Number of bytes read=10774009875
		HDFS: Number of bytes written=10772846837
		HDFS: Number of read operations=329
		HDFS: Number of large read operations=0
		HDFS: Number of write operations=6
	Job Counters 
		Killed map tasks=4
		Launched map tasks=84
		Launched reduce tasks=3
		Data-local map tasks=78
		Rack-local map tasks=6
		Total time spent by all maps in occupied slots (ms)=2340175
		Total time spent by all reduces in occupied slots (ms)=2313857
		Total time spent by all map tasks (ms)=2340175
		Total time spent by all reduce tasks (ms)=2313857
		Total vcore-milliseconds taken by all map tasks=2340175
		Total vcore-milliseconds taken by all reduce tasks=2313857
		Total megabyte-milliseconds taken by all map tasks=2396339200
		Total megabyte-milliseconds taken by all reduce tasks=2369389568
	Map-Reduce Framework
		Map input records=1022600
		Map output records=1022600
		Map output bytes=10745642829
		Map output materialized bytes=10751392560
		Input split bytes=8240
		Combine input records=0
		Combine output records=0
		Reduce input groups=1022600
		Reduce shuffle bytes=10751392560
		Reduce input records=1022600
		Reduce output records=1022600
		Spilled Records=4063920
		Shuffled Maps =240
		Failed Shuffles=0
		Merged Map outputs=240
		GC time elapsed (ms)=11622
		CPU time spent (ms)=251190
		Physical memory (bytes) snapshot=22128967680
		Virtual memory (bytes) snapshot=175148240896
		Total committed heap usage (bytes)=16414408704
	Shuffle Errors
		BAD_ID=0
		CONNECTION=0
		IO_ERROR=0
		WRONG_LENGTH=0
		WRONG_MAP=0
		WRONG_REDUCE=0
	File Input Format Counters 
		Bytes Read=10774001635
	File Output Format Counters 
		Bytes Written=10772846837
