20/06/13 05:33:51 INFO client.RMProxy: Connecting to ResourceManager at master/10.51.17.95:8032
20/06/13 05:33:52 INFO client.RMProxy: Connecting to ResourceManager at master/10.51.17.95:8032
20/06/13 05:33:52 INFO input.FileInputFormat: Total input paths to process : 10
20/06/13 05:33:53 INFO mapreduce.JobSubmitter: number of splits:80
20/06/13 05:33:53 INFO mapreduce.JobSubmitter: Submitting tokens for job: job_1591993540141_0004
20/06/13 05:33:53 INFO impl.YarnClientImpl: Submitted application application_1591993540141_0004
20/06/13 05:33:53 INFO mapreduce.Job: The url to track the job: http://master:8088/proxy/application_1591993540141_0004/
20/06/13 05:33:53 INFO mapreduce.Job: Running job: job_1591993540141_0004
20/06/13 05:34:02 INFO mapreduce.Job: Job job_1591993540141_0004 running in uber mode : false
20/06/13 05:34:02 INFO mapreduce.Job:  map 0% reduce 0%
20/06/13 05:34:16 INFO mapreduce.Job:  map 3% reduce 0%
20/06/13 05:34:17 INFO mapreduce.Job:  map 8% reduce 0%
20/06/13 05:34:18 INFO mapreduce.Job:  map 10% reduce 0%
20/06/13 05:34:19 INFO mapreduce.Job:  map 14% reduce 0%
20/06/13 05:34:23 INFO mapreduce.Job:  map 15% reduce 0%
20/06/13 05:34:26 INFO mapreduce.Job:  map 17% reduce 0%
20/06/13 05:34:29 INFO mapreduce.Job:  map 19% reduce 0%
20/06/13 05:34:30 INFO mapreduce.Job:  map 21% reduce 0%
20/06/13 05:34:32 INFO mapreduce.Job:  map 25% reduce 0%
20/06/13 05:34:33 INFO mapreduce.Job:  map 26% reduce 0%
20/06/13 05:34:34 INFO mapreduce.Job:  map 27% reduce 0%
20/06/13 05:34:35 INFO mapreduce.Job:  map 28% reduce 0%
20/06/13 05:34:36 INFO mapreduce.Job:  map 29% reduce 0%
20/06/13 05:34:37 INFO mapreduce.Job:  map 30% reduce 1%
20/06/13 05:34:39 INFO mapreduce.Job:  map 30% reduce 2%
20/06/13 05:34:40 INFO mapreduce.Job:  map 31% reduce 3%
20/06/13 05:34:41 INFO mapreduce.Job:  map 32% reduce 3%
20/06/13 05:34:43 INFO mapreduce.Job:  map 32% reduce 4%
20/06/13 05:34:44 INFO mapreduce.Job:  map 33% reduce 4%
20/06/13 05:34:46 INFO mapreduce.Job:  map 34% reduce 6%
20/06/13 05:34:49 INFO mapreduce.Job:  map 35% reduce 7%
20/06/13 05:34:51 INFO mapreduce.Job:  map 36% reduce 7%
20/06/13 05:34:52 INFO mapreduce.Job:  map 37% reduce 7%
20/06/13 05:34:53 INFO mapreduce.Job:  map 38% reduce 7%
20/06/13 05:34:54 INFO mapreduce.Job:  map 39% reduce 7%
20/06/13 05:34:55 INFO mapreduce.Job:  map 39% reduce 8%
20/06/13 05:34:56 INFO mapreduce.Job:  map 41% reduce 8%
20/06/13 05:34:58 INFO mapreduce.Job:  map 42% reduce 8%
20/06/13 05:35:00 INFO mapreduce.Job:  map 42% reduce 9%
20/06/13 05:35:01 INFO mapreduce.Job:  map 43% reduce 9%
20/06/13 05:35:03 INFO mapreduce.Job:  map 43% reduce 10%
20/06/13 05:35:05 INFO mapreduce.Job:  map 44% reduce 10%
20/06/13 05:35:06 INFO mapreduce.Job:  map 45% reduce 10%
20/06/13 05:35:09 INFO mapreduce.Job:  map 47% reduce 10%
20/06/13 05:35:12 INFO mapreduce.Job:  map 48% reduce 10%
20/06/13 05:35:14 INFO mapreduce.Job:  map 49% reduce 10%
20/06/13 05:35:15 INFO mapreduce.Job:  map 51% reduce 10%
20/06/13 05:35:16 INFO mapreduce.Job:  map 52% reduce 11%
20/06/13 05:35:17 INFO mapreduce.Job:  map 53% reduce 11%
20/06/13 05:35:19 INFO mapreduce.Job:  map 53% reduce 12%
20/06/13 05:35:21 INFO mapreduce.Job:  map 54% reduce 12%
20/06/13 05:35:25 INFO mapreduce.Job:  map 54% reduce 13%
20/06/13 05:35:28 INFO mapreduce.Job:  map 55% reduce 13%
20/06/13 05:35:29 INFO mapreduce.Job:  map 56% reduce 13%
20/06/13 05:35:30 INFO mapreduce.Job:  map 57% reduce 13%
20/06/13 05:35:31 INFO mapreduce.Job:  map 58% reduce 13%
20/06/13 05:35:32 INFO mapreduce.Job:  map 59% reduce 13%
20/06/13 05:35:34 INFO mapreduce.Job:  map 60% reduce 13%
20/06/13 05:35:35 INFO mapreduce.Job:  map 61% reduce 14%
20/06/13 05:35:36 INFO mapreduce.Job:  map 62% reduce 14%
20/06/13 05:35:38 INFO mapreduce.Job:  map 63% reduce 15%
20/06/13 05:35:43 INFO mapreduce.Job:  map 64% reduce 15%
20/06/13 05:35:45 INFO mapreduce.Job:  map 66% reduce 15%
20/06/13 05:35:46 INFO mapreduce.Job:  map 67% reduce 15%
20/06/13 05:35:47 INFO mapreduce.Job:  map 68% reduce 15%
20/06/13 05:35:50 INFO mapreduce.Job:  map 69% reduce 16%
20/06/13 05:35:52 INFO mapreduce.Job:  map 70% reduce 16%
20/06/13 05:35:55 INFO mapreduce.Job:  map 71% reduce 17%
20/06/13 05:35:58 INFO mapreduce.Job:  map 73% reduce 17%
20/06/13 05:35:59 INFO mapreduce.Job:  map 74% reduce 17%
20/06/13 05:36:00 INFO mapreduce.Job:  map 75% reduce 17%
20/06/13 05:36:01 INFO mapreduce.Job:  map 75% reduce 18%
20/06/13 05:36:02 INFO mapreduce.Job:  map 76% reduce 18%
20/06/13 05:36:05 INFO mapreduce.Job:  map 77% reduce 18%
20/06/13 05:36:10 INFO mapreduce.Job:  map 78% reduce 18%
20/06/13 05:36:11 INFO mapreduce.Job:  map 78% reduce 19%
20/06/13 05:36:13 INFO mapreduce.Job:  map 79% reduce 19%
20/06/13 05:36:15 INFO mapreduce.Job:  map 80% reduce 19%
20/06/13 05:36:17 INFO mapreduce.Job:  map 80% reduce 20%
20/06/13 05:36:21 INFO mapreduce.Job:  map 81% reduce 20%
20/06/13 05:36:22 INFO mapreduce.Job:  map 82% reduce 20%
20/06/13 05:36:25 INFO mapreduce.Job:  map 83% reduce 20%
20/06/13 05:36:26 INFO mapreduce.Job:  map 84% reduce 20%
20/06/13 05:36:28 INFO mapreduce.Job:  map 85% reduce 21%
20/06/13 05:36:31 INFO mapreduce.Job:  map 85% reduce 22%
20/06/13 05:36:36 INFO mapreduce.Job:  map 86% reduce 22%
20/06/13 05:36:38 INFO mapreduce.Job:  map 86% reduce 23%
20/06/13 05:36:39 INFO mapreduce.Job:  map 87% reduce 23%
20/06/13 05:36:42 INFO mapreduce.Job:  map 88% reduce 23%
20/06/13 05:36:45 INFO mapreduce.Job:  map 89% reduce 23%
20/06/13 05:36:46 INFO mapreduce.Job:  map 90% reduce 23%
20/06/13 05:36:48 INFO mapreduce.Job:  map 92% reduce 24%
20/06/13 05:36:50 INFO mapreduce.Job:  map 92% reduce 25%
20/06/13 05:36:58 INFO mapreduce.Job:  map 93% reduce 25%
20/06/13 05:37:00 INFO mapreduce.Job:  map 93% reduce 26%
20/06/13 05:37:02 INFO mapreduce.Job:  map 93% reduce 27%
20/06/13 05:37:05 INFO mapreduce.Job:  map 94% reduce 27%
20/06/13 05:37:06 INFO mapreduce.Job:  map 94% reduce 28%
20/06/13 05:37:17 INFO mapreduce.Job:  map 94% reduce 29%
20/06/13 05:37:22 INFO mapreduce.Job:  map 94% reduce 30%
20/06/13 05:37:23 INFO mapreduce.Job:  map 95% reduce 30%
20/06/13 05:37:27 INFO mapreduce.Job:  map 95% reduce 31%
20/06/13 05:37:36 INFO mapreduce.Job:  map 95% reduce 32%
20/06/13 05:37:46 INFO mapreduce.Job:  map 98% reduce 32%
20/06/13 05:37:47 INFO mapreduce.Job:  map 100% reduce 32%
20/06/13 05:37:50 INFO mapreduce.Job:  map 100% reduce 41%
20/06/13 05:37:51 INFO mapreduce.Job:  map 100% reduce 53%
20/06/13 05:37:53 INFO mapreduce.Job:  map 100% reduce 67%
20/06/13 05:37:57 INFO mapreduce.Job:  map 100% reduce 68%
20/06/13 05:37:59 INFO mapreduce.Job:  map 100% reduce 69%
20/06/13 05:38:02 INFO mapreduce.Job:  map 100% reduce 70%
20/06/13 05:38:03 INFO mapreduce.Job:  map 100% reduce 71%
20/06/13 05:38:05 INFO mapreduce.Job:  map 100% reduce 72%
20/06/13 05:38:08 INFO mapreduce.Job:  map 100% reduce 73%
20/06/13 05:38:11 INFO mapreduce.Job:  map 100% reduce 74%
20/06/13 05:38:12 INFO mapreduce.Job:  map 100% reduce 75%
20/06/13 05:38:15 INFO mapreduce.Job:  map 100% reduce 76%
20/06/13 05:38:18 INFO mapreduce.Job:  map 100% reduce 77%
20/06/13 05:38:21 INFO mapreduce.Job:  map 100% reduce 78%
20/06/13 05:38:24 INFO mapreduce.Job:  map 100% reduce 79%
20/06/13 05:38:26 INFO mapreduce.Job:  map 100% reduce 80%
20/06/13 05:38:27 INFO mapreduce.Job:  map 100% reduce 81%
20/06/13 05:38:29 INFO mapreduce.Job:  map 100% reduce 82%
20/06/13 05:38:32 INFO mapreduce.Job:  map 100% reduce 83%
20/06/13 05:38:35 INFO mapreduce.Job:  map 100% reduce 84%
20/06/13 05:38:36 INFO mapreduce.Job:  map 100% reduce 85%
20/06/13 05:38:38 INFO mapreduce.Job:  map 100% reduce 86%
20/06/13 05:38:41 INFO mapreduce.Job:  map 100% reduce 87%
20/06/13 05:38:42 INFO mapreduce.Job:  map 100% reduce 88%
20/06/13 05:38:44 INFO mapreduce.Job:  map 100% reduce 89%
20/06/13 05:38:47 INFO mapreduce.Job:  map 100% reduce 90%
20/06/13 05:38:50 INFO mapreduce.Job:  map 100% reduce 91%
20/06/13 05:38:51 INFO mapreduce.Job:  map 100% reduce 92%
20/06/13 05:38:53 INFO mapreduce.Job:  map 100% reduce 93%
20/06/13 05:38:56 INFO mapreduce.Job:  map 100% reduce 95%
20/06/13 05:39:02 INFO mapreduce.Job:  map 100% reduce 97%
20/06/13 05:39:05 INFO mapreduce.Job:  map 100% reduce 98%
20/06/13 05:39:08 INFO mapreduce.Job:  map 100% reduce 99%
20/06/13 05:39:11 INFO mapreduce.Job:  map 100% reduce 100%
20/06/13 05:39:12 INFO mapreduce.Job: Job job_1591993540141_0004 completed successfully
20/06/13 05:39:12 INFO mapreduce.Job: Counters: 51
	File System Counters
		FILE: Number of bytes read=31975629334
		FILE: Number of bytes written=42735493046
		FILE: Number of read operations=0
		FILE: Number of large read operations=0
		FILE: Number of write operations=0
		HDFS: Number of bytes read=10774038044
		HDFS: Number of bytes written=10772841057
		HDFS: Number of read operations=329
		HDFS: Number of large read operations=0
		HDFS: Number of write operations=6
	Job Counters 
		Killed map tasks=4
		Launched map tasks=83
		Launched reduce tasks=3
		Data-local map tasks=71
		Rack-local map tasks=12
		Total time spent by all maps in occupied slots (ms)=2125504
		Total time spent by all reduces in occupied slots (ms)=825029
		Total time spent by all map tasks (ms)=2125504
		Total time spent by all reduce tasks (ms)=825029
		Total vcore-milliseconds taken by all map tasks=2125504
		Total vcore-milliseconds taken by all reduce tasks=825029
		Total megabyte-milliseconds taken by all map tasks=2176516096
		Total megabyte-milliseconds taken by all reduce tasks=844829696
	Map-Reduce Framework
		Map input records=1021508
		Map output records=1021508
		Map output bytes=10745663085
		Map output materialized bytes=10751409160
		Input split bytes=9040
		Combine input records=0
		Combine output records=0
		Reduce input groups=1021508
		Reduce shuffle bytes=10751409160
		Reduce input records=1021508
		Reduce output records=1021508
		Spilled Records=4059747
		Shuffled Maps =240
		Failed Shuffles=0
		Merged Map outputs=240
		GC time elapsed (ms)=14295
		CPU time spent (ms)=243650
		Physical memory (bytes) snapshot=21891305472
		Virtual memory (bytes) snapshot=175163375616
		Total committed heap usage (bytes)=16454254592
	Shuffle Errors
		BAD_ID=0
		CONNECTION=0
		IO_ERROR=0
		WRONG_LENGTH=0
		WRONG_MAP=0
		WRONG_REDUCE=0
	File Input Format Counters 
		Bytes Read=10774029004
	File Output Format Counters 
		Bytes Written=10772841057
