20/06/10 14:06:04 INFO client.RMProxy: Connecting to ResourceManager at master/10.51.17.95:8032
20/06/10 14:06:05 INFO client.RMProxy: Connecting to ResourceManager at master/10.51.17.95:8032
20/06/10 14:06:05 INFO input.FileInputFormat: Total input paths to process : 10
20/06/10 14:06:05 INFO mapreduce.JobSubmitter: number of splits:80
20/06/10 14:06:06 INFO mapreduce.JobSubmitter: Submitting tokens for job: job_1591765500174_0002
20/06/10 14:06:06 INFO impl.YarnClientImpl: Submitted application application_1591765500174_0002
20/06/10 14:06:06 INFO mapreduce.Job: The url to track the job: http://master:8088/proxy/application_1591765500174_0002/
20/06/10 14:06:06 INFO mapreduce.Job: Running job: job_1591765500174_0002
20/06/10 14:06:13 INFO mapreduce.Job: Job job_1591765500174_0002 running in uber mode : false
20/06/10 14:06:13 INFO mapreduce.Job:  map 0% reduce 0%
20/06/10 14:06:27 INFO mapreduce.Job:  map 1% reduce 0%
20/06/10 14:06:28 INFO mapreduce.Job:  map 4% reduce 0%
20/06/10 14:06:29 INFO mapreduce.Job:  map 12% reduce 0%
20/06/10 14:06:30 INFO mapreduce.Job:  map 13% reduce 0%
20/06/10 14:06:33 INFO mapreduce.Job:  map 15% reduce 0%
20/06/10 14:06:35 INFO mapreduce.Job:  map 16% reduce 0%
20/06/10 14:06:36 INFO mapreduce.Job:  map 17% reduce 0%
20/06/10 14:06:40 INFO mapreduce.Job:  map 18% reduce 0%
20/06/10 14:06:41 INFO mapreduce.Job:  map 19% reduce 0%
20/06/10 14:06:43 INFO mapreduce.Job:  map 22% reduce 0%
20/06/10 14:06:44 INFO mapreduce.Job:  map 26% reduce 0%
20/06/10 14:06:45 INFO mapreduce.Job:  map 27% reduce 0%
20/06/10 14:06:46 INFO mapreduce.Job:  map 28% reduce 1%
20/06/10 14:06:47 INFO mapreduce.Job:  map 30% reduce 1%
20/06/10 14:06:51 INFO mapreduce.Job:  map 32% reduce 1%
20/06/10 14:06:52 INFO mapreduce.Job:  map 32% reduce 2%
20/06/10 14:06:54 INFO mapreduce.Job:  map 33% reduce 2%
20/06/10 14:06:57 INFO mapreduce.Job:  map 34% reduce 3%
20/06/10 14:07:00 INFO mapreduce.Job:  map 34% reduce 5%
20/06/10 14:07:01 INFO mapreduce.Job:  map 35% reduce 6%
20/06/10 14:07:03 INFO mapreduce.Job:  map 35% reduce 7%
20/06/10 14:07:04 INFO mapreduce.Job:  map 36% reduce 7%
20/06/10 14:07:06 INFO mapreduce.Job:  map 37% reduce 7%
20/06/10 14:07:08 INFO mapreduce.Job:  map 38% reduce 7%
20/06/10 14:07:10 INFO mapreduce.Job:  map 38% reduce 8%
20/06/10 14:07:12 INFO mapreduce.Job:  map 39% reduce 8%
20/06/10 14:07:14 INFO mapreduce.Job:  map 40% reduce 8%
20/06/10 14:07:17 INFO mapreduce.Job:  map 41% reduce 8%
20/06/10 14:07:18 INFO mapreduce.Job:  map 42% reduce 8%
20/06/10 14:07:23 INFO mapreduce.Job:  map 43% reduce 8%
20/06/10 14:07:24 INFO mapreduce.Job:  map 46% reduce 9%
20/06/10 14:07:26 INFO mapreduce.Job:  map 47% reduce 9%
20/06/10 14:07:27 INFO mapreduce.Job:  map 49% reduce 9%
20/06/10 14:07:28 INFO mapreduce.Job:  map 50% reduce 9%
20/06/10 14:07:31 INFO mapreduce.Job:  map 51% reduce 10%
20/06/10 14:07:32 INFO mapreduce.Job:  map 52% reduce 10%
20/06/10 14:07:34 INFO mapreduce.Job:  map 52% reduce 11%
20/06/10 14:07:35 INFO mapreduce.Job:  map 53% reduce 11%
20/06/10 14:07:38 INFO mapreduce.Job:  map 54% reduce 12%
20/06/10 14:07:41 INFO mapreduce.Job:  map 56% reduce 12%
20/06/10 14:07:42 INFO mapreduce.Job:  map 57% reduce 12%
20/06/10 14:07:43 INFO mapreduce.Job:  map 58% reduce 12%
20/06/10 14:07:44 INFO mapreduce.Job:  map 60% reduce 12%
20/06/10 14:07:45 INFO mapreduce.Job:  map 61% reduce 12%
20/06/10 14:07:47 INFO mapreduce.Job:  map 65% reduce 13%
20/06/10 14:07:48 INFO mapreduce.Job:  map 66% reduce 13%
20/06/10 14:07:52 INFO mapreduce.Job:  map 67% reduce 14%
20/06/10 14:07:53 INFO mapreduce.Job:  map 68% reduce 14%
20/06/10 14:07:55 INFO mapreduce.Job:  map 71% reduce 15%
20/06/10 14:07:58 INFO mapreduce.Job:  map 72% reduce 15%
20/06/10 14:07:59 INFO mapreduce.Job:  map 73% reduce 15%
20/06/10 14:08:01 INFO mapreduce.Job:  map 75% reduce 15%
20/06/10 14:08:02 INFO mapreduce.Job:  map 75% reduce 16%
20/06/10 14:08:03 INFO mapreduce.Job:  map 76% reduce 16%
20/06/10 14:08:04 INFO mapreduce.Job:  map 77% reduce 16%
20/06/10 14:08:05 INFO mapreduce.Job:  map 78% reduce 16%
20/06/10 14:08:06 INFO mapreduce.Job:  map 79% reduce 16%
20/06/10 14:08:07 INFO mapreduce.Job:  map 82% reduce 16%
20/06/10 14:08:08 INFO mapreduce.Job:  map 83% reduce 16%
20/06/10 14:08:09 INFO mapreduce.Job:  map 83% reduce 17%
20/06/10 14:08:10 INFO mapreduce.Job:  map 85% reduce 17%
20/06/10 14:08:11 INFO mapreduce.Job:  map 86% reduce 17%
20/06/10 14:08:13 INFO mapreduce.Job:  map 87% reduce 17%
20/06/10 14:08:14 INFO mapreduce.Job:  map 88% reduce 18%
20/06/10 14:08:16 INFO mapreduce.Job:  map 89% reduce 18%
20/06/10 14:08:19 INFO mapreduce.Job:  map 91% reduce 18%
20/06/10 14:08:20 INFO mapreduce.Job:  map 91% reduce 19%
20/06/10 14:08:21 INFO mapreduce.Job:  map 92% reduce 19%
20/06/10 14:08:22 INFO mapreduce.Job:  map 94% reduce 19%
20/06/10 14:08:23 INFO mapreduce.Job:  map 95% reduce 19%
20/06/10 14:08:25 INFO mapreduce.Job:  map 96% reduce 19%
20/06/10 14:08:28 INFO mapreduce.Job:  map 97% reduce 19%
20/06/10 14:08:31 INFO mapreduce.Job:  map 98% reduce 20%
20/06/10 14:08:32 INFO mapreduce.Job:  map 99% reduce 20%
20/06/10 14:08:33 INFO mapreduce.Job:  map 100% reduce 21%
20/06/10 14:08:36 INFO mapreduce.Job:  map 100% reduce 22%
20/06/10 14:08:37 INFO mapreduce.Job:  map 100% reduce 23%
20/06/10 14:08:40 INFO mapreduce.Job:  map 100% reduce 24%
20/06/10 14:08:42 INFO mapreduce.Job:  map 100% reduce 25%
20/06/10 14:08:45 INFO mapreduce.Job:  map 100% reduce 26%
20/06/10 14:08:49 INFO mapreduce.Job:  map 100% reduce 27%
20/06/10 14:08:57 INFO mapreduce.Job:  map 100% reduce 30%
20/06/10 14:08:58 INFO mapreduce.Job:  map 100% reduce 31%
20/06/10 14:08:59 INFO mapreduce.Job:  map 100% reduce 32%
20/06/10 14:09:00 INFO mapreduce.Job:  map 100% reduce 37%
20/06/10 14:09:03 INFO mapreduce.Job:  map 100% reduce 40%
20/06/10 14:09:04 INFO mapreduce.Job:  map 100% reduce 41%
20/06/10 14:09:10 INFO mapreduce.Job:  map 100% reduce 42%
20/06/10 14:09:14 INFO mapreduce.Job:  map 100% reduce 43%
20/06/10 14:09:18 INFO mapreduce.Job:  map 100% reduce 44%
20/06/10 14:09:23 INFO mapreduce.Job:  map 100% reduce 45%
20/06/10 14:09:24 INFO mapreduce.Job:  map 100% reduce 46%
20/06/10 14:09:26 INFO mapreduce.Job:  map 100% reduce 58%
20/06/10 14:09:29 INFO mapreduce.Job:  map 100% reduce 59%
20/06/10 14:09:32 INFO mapreduce.Job:  map 100% reduce 60%
20/06/10 14:09:33 INFO mapreduce.Job:  map 100% reduce 61%
20/06/10 14:09:34 INFO mapreduce.Job:  map 100% reduce 62%
20/06/10 14:09:35 INFO mapreduce.Job:  map 100% reduce 63%
20/06/10 14:09:37 INFO mapreduce.Job:  map 100% reduce 70%
20/06/10 14:09:40 INFO mapreduce.Job:  map 100% reduce 73%
20/06/10 14:09:43 INFO mapreduce.Job:  map 100% reduce 74%
20/06/10 14:09:44 INFO mapreduce.Job:  map 100% reduce 75%
20/06/10 14:09:45 INFO mapreduce.Job:  map 100% reduce 77%
20/06/10 14:09:46 INFO mapreduce.Job:  map 100% reduce 78%
20/06/10 14:09:49 INFO mapreduce.Job:  map 100% reduce 79%
20/06/10 14:09:51 INFO mapreduce.Job:  map 100% reduce 80%
20/06/10 14:09:53 INFO mapreduce.Job:  map 100% reduce 81%
20/06/10 14:09:54 INFO mapreduce.Job:  map 100% reduce 82%
20/06/10 14:09:57 INFO mapreduce.Job:  map 100% reduce 83%
20/06/10 14:09:59 INFO mapreduce.Job:  map 100% reduce 84%
20/06/10 14:10:00 INFO mapreduce.Job:  map 100% reduce 85%
20/06/10 14:10:02 INFO mapreduce.Job:  map 100% reduce 86%
20/06/10 14:10:05 INFO mapreduce.Job:  map 100% reduce 87%
20/06/10 14:10:06 INFO mapreduce.Job:  map 100% reduce 88%
20/06/10 14:10:08 INFO mapreduce.Job:  map 100% reduce 89%
20/06/10 14:10:09 INFO mapreduce.Job:  map 100% reduce 90%
20/06/10 14:10:11 INFO mapreduce.Job:  map 100% reduce 91%
20/06/10 14:10:14 INFO mapreduce.Job:  map 100% reduce 92%
20/06/10 14:10:17 INFO mapreduce.Job:  map 100% reduce 94%
20/06/10 14:10:20 INFO mapreduce.Job:  map 100% reduce 95%
20/06/10 14:10:23 INFO mapreduce.Job:  map 100% reduce 96%
20/06/10 14:10:26 INFO mapreduce.Job:  map 100% reduce 98%
20/06/10 14:10:29 INFO mapreduce.Job:  map 100% reduce 99%
20/06/10 14:10:32 INFO mapreduce.Job:  map 100% reduce 100%
20/06/10 14:10:33 INFO mapreduce.Job: Job job_1591765500174_0002 completed successfully
20/06/10 14:10:33 INFO mapreduce.Job: Counters: 50
	File System Counters
		FILE: Number of bytes read=31976421357
		FILE: Number of bytes written=42736417588
		FILE: Number of read operations=0
		FILE: Number of large read operations=0
		FILE: Number of write operations=0
		HDFS: Number of bytes read=10774000450
		HDFS: Number of bytes written=10772850473
		HDFS: Number of read operations=329
		HDFS: Number of large read operations=0
		HDFS: Number of write operations=6
	Job Counters 
		Killed map tasks=2
		Launched map tasks=81
		Launched reduce tasks=3
		Data-local map tasks=81
		Total time spent by all maps in occupied slots (ms)=1415555
		Total time spent by all reduces in occupied slots (ms)=658873
		Total time spent by all map tasks (ms)=1415555
		Total time spent by all reduce tasks (ms)=658873
		Total vcore-milliseconds taken by all map tasks=1415555
		Total vcore-milliseconds taken by all reduce tasks=658873
		Total megabyte-milliseconds taken by all map tasks=1449528320
		Total megabyte-milliseconds taken by all reduce tasks=674685952
	Map-Reduce Framework
		Map input records=1022044
		Map output records=1022044
		Map output bytes=10745666953
		Map output materialized bytes=10751414237
		Input split bytes=9040
		Combine input records=0
		Combine output records=0
		Reduce input groups=1022044
		Reduce shuffle bytes=10751414237
		Reduce input records=1022044
		Reduce output records=1022044
		Spilled Records=4061933
		Shuffled Maps =240
		Failed Shuffles=0
		Merged Map outputs=240
		GC time elapsed (ms)=15735
		CPU time spent (ms)=220550
		Physical memory (bytes) snapshot=22055026688
		Virtual memory (bytes) snapshot=175139749888
		Total committed heap usage (bytes)=16561733632
	Shuffle Errors
		BAD_ID=0
		CONNECTION=0
		IO_ERROR=0
		WRONG_LENGTH=0
		WRONG_MAP=0
		WRONG_REDUCE=0
	File Input Format Counters 
		Bytes Read=10773991410
	File Output Format Counters 
		Bytes Written=10772850473
