20/06/09 01:51:10 INFO client.RMProxy: Connecting to ResourceManager at master/10.51.17.95:8032
20/06/09 01:51:11 INFO input.FileInputFormat: Total input paths to process : 10
20/06/09 01:51:11 INFO mapreduce.JobSubmitter: number of splits:90
20/06/09 01:51:12 INFO mapreduce.JobSubmitter: Submitting tokens for job: job_1591634591910_0005
20/06/09 01:51:12 INFO impl.YarnClientImpl: Submitted application application_1591634591910_0005
20/06/09 01:51:12 INFO mapreduce.Job: The url to track the job: http://master:8088/proxy/application_1591634591910_0005/
20/06/09 01:51:12 INFO mapreduce.Job: Running job: job_1591634591910_0005
20/06/09 01:51:19 INFO mapreduce.Job: Job job_1591634591910_0005 running in uber mode : false
20/06/09 01:51:19 INFO mapreduce.Job:  map 0% reduce 0%
20/06/09 01:51:35 INFO mapreduce.Job:  map 1% reduce 0%
20/06/09 01:51:36 INFO mapreduce.Job:  map 2% reduce 0%
20/06/09 01:51:37 INFO mapreduce.Job:  map 3% reduce 0%
20/06/09 01:51:48 INFO mapreduce.Job:  map 4% reduce 0%
20/06/09 01:51:51 INFO mapreduce.Job:  map 5% reduce 0%
20/06/09 01:52:00 INFO mapreduce.Job:  map 6% reduce 0%
20/06/09 01:52:03 INFO mapreduce.Job:  map 7% reduce 0%
20/06/09 01:52:12 INFO mapreduce.Job:  map 8% reduce 0%
20/06/09 01:52:16 INFO mapreduce.Job:  map 9% reduce 0%
20/06/09 01:52:19 INFO mapreduce.Job:  map 10% reduce 0%
20/06/09 01:52:27 INFO mapreduce.Job:  map 11% reduce 0%
20/06/09 01:52:30 INFO mapreduce.Job:  map 13% reduce 0%
20/06/09 01:52:32 INFO mapreduce.Job:  map 14% reduce 0%
20/06/09 01:52:34 INFO mapreduce.Job:  map 15% reduce 0%
20/06/09 01:52:35 INFO mapreduce.Job:  map 16% reduce 0%
20/06/09 01:52:44 INFO mapreduce.Job:  map 17% reduce 0%
20/06/09 01:52:48 INFO mapreduce.Job:  map 17% reduce 5%
20/06/09 01:52:49 INFO mapreduce.Job:  map 18% reduce 5%
20/06/09 01:52:56 INFO mapreduce.Job:  map 19% reduce 5%
20/06/09 01:53:00 INFO mapreduce.Job:  map 20% reduce 5%
20/06/09 01:53:06 INFO mapreduce.Job:  map 21% reduce 5%
20/06/09 01:53:11 INFO mapreduce.Job:  map 22% reduce 5%
20/06/09 01:53:17 INFO mapreduce.Job:  map 23% reduce 5%
20/06/09 01:53:23 INFO mapreduce.Job:  map 24% reduce 5%
20/06/09 01:53:27 INFO mapreduce.Job:  map 25% reduce 5%
20/06/09 01:53:35 INFO mapreduce.Job:  map 26% reduce 5%
20/06/09 01:53:36 INFO mapreduce.Job:  map 27% reduce 5%
20/06/09 01:53:37 INFO mapreduce.Job:  map 28% reduce 6%
20/06/09 01:53:39 INFO mapreduce.Job:  map 29% reduce 6%
20/06/09 01:53:40 INFO mapreduce.Job:  map 29% reduce 9%
20/06/09 01:53:43 INFO mapreduce.Job:  map 30% reduce 9%
20/06/09 01:53:46 INFO mapreduce.Job:  map 30% reduce 10%
20/06/09 01:53:49 INFO mapreduce.Job:  map 31% reduce 10%
20/06/09 01:53:51 INFO mapreduce.Job:  map 32% reduce 10%
20/06/09 01:53:57 INFO mapreduce.Job:  map 33% reduce 10%
20/06/09 01:54:03 INFO mapreduce.Job:  map 34% reduce 10%
20/06/09 01:54:10 INFO mapreduce.Job:  map 35% reduce 10%
20/06/09 01:54:14 INFO mapreduce.Job:  map 36% reduce 10%
20/06/09 01:54:22 INFO mapreduce.Job:  map 37% reduce 10%
20/06/09 01:54:26 INFO mapreduce.Job:  map 38% reduce 10%
20/06/09 01:54:32 INFO mapreduce.Job:  map 39% reduce 10%
20/06/09 01:54:35 INFO mapreduce.Job:  map 40% reduce 10%
20/06/09 01:54:40 INFO mapreduce.Job:  map 41% reduce 10%
20/06/09 01:54:41 INFO mapreduce.Job:  map 41% reduce 11%
20/06/09 01:54:42 INFO mapreduce.Job:  map 42% reduce 11%
20/06/09 01:54:44 INFO mapreduce.Job:  map 42% reduce 12%
20/06/09 01:54:45 INFO mapreduce.Job:  map 43% reduce 12%
20/06/09 01:54:47 INFO mapreduce.Job:  map 43% reduce 14%
20/06/09 01:54:50 INFO mapreduce.Job:  map 44% reduce 14%
20/06/09 01:54:52 INFO mapreduce.Job:  map 45% reduce 14%
20/06/09 01:54:57 INFO mapreduce.Job:  map 46% reduce 14%
20/06/09 01:55:00 INFO mapreduce.Job:  map 47% reduce 14%
20/06/09 01:55:02 INFO mapreduce.Job:  map 47% reduce 15%
20/06/09 01:55:07 INFO mapreduce.Job:  map 48% reduce 15%
20/06/09 01:55:12 INFO mapreduce.Job:  map 49% reduce 15%
20/06/09 01:55:17 INFO mapreduce.Job:  map 50% reduce 15%
20/06/09 01:55:23 INFO mapreduce.Job:  map 51% reduce 15%
20/06/09 01:55:30 INFO mapreduce.Job:  map 52% reduce 15%
20/06/09 01:55:35 INFO mapreduce.Job:  map 53% reduce 15%
20/06/09 01:55:38 INFO mapreduce.Job:  map 54% reduce 15%
20/06/09 01:55:39 INFO mapreduce.Job:  map 54% reduce 16%
20/06/09 01:55:41 INFO mapreduce.Job:  map 55% reduce 16%
20/06/09 01:55:44 INFO mapreduce.Job:  map 56% reduce 16%
20/06/09 01:55:45 INFO mapreduce.Job:  map 56% reduce 17%
20/06/09 01:55:48 INFO mapreduce.Job:  map 57% reduce 17%
20/06/09 01:55:51 INFO mapreduce.Job:  map 58% reduce 17%
20/06/09 01:55:55 INFO mapreduce.Job:  map 58% reduce 18%
20/06/09 01:55:57 INFO mapreduce.Job:  map 59% reduce 18%
20/06/09 01:55:58 INFO mapreduce.Job:  map 59% reduce 19%
20/06/09 01:56:01 INFO mapreduce.Job:  map 60% reduce 19%
20/06/09 01:56:04 INFO mapreduce.Job:  map 61% reduce 19%
20/06/09 01:56:10 INFO mapreduce.Job:  map 62% reduce 19%
20/06/09 01:56:13 INFO mapreduce.Job:  map 62% reduce 20%
20/06/09 01:56:15 INFO mapreduce.Job:  map 63% reduce 20%
20/06/09 01:56:20 INFO mapreduce.Job:  map 64% reduce 20%
20/06/09 01:56:24 INFO mapreduce.Job:  map 65% reduce 20%
20/06/09 01:56:31 INFO mapreduce.Job:  map 66% reduce 20%
20/06/09 01:56:37 INFO mapreduce.Job:  map 67% reduce 20%
20/06/09 01:56:42 INFO mapreduce.Job:  map 68% reduce 20%
20/06/09 01:56:45 INFO mapreduce.Job:  map 69% reduce 20%
20/06/09 01:56:46 INFO mapreduce.Job:  map 69% reduce 21%
20/06/09 01:56:51 INFO mapreduce.Job:  map 70% reduce 21%
20/06/09 01:56:53 INFO mapreduce.Job:  map 71% reduce 21%
20/06/09 01:56:54 INFO mapreduce.Job:  map 72% reduce 21%
20/06/09 01:56:55 INFO mapreduce.Job:  map 72% reduce 23%
20/06/09 01:56:59 INFO mapreduce.Job:  map 73% reduce 23%
20/06/09 01:57:05 INFO mapreduce.Job:  map 74% reduce 23%
20/06/09 01:57:08 INFO mapreduce.Job:  map 75% reduce 23%
20/06/09 01:57:10 INFO mapreduce.Job:  map 75% reduce 24%
20/06/09 01:57:11 INFO mapreduce.Job:  map 76% reduce 24%
20/06/09 01:57:17 INFO mapreduce.Job:  map 77% reduce 24%
20/06/09 01:57:21 INFO mapreduce.Job:  map 78% reduce 24%
20/06/09 01:57:23 INFO mapreduce.Job:  map 79% reduce 24%
20/06/09 01:57:25 INFO mapreduce.Job:  map 80% reduce 24%
20/06/09 01:57:29 INFO mapreduce.Job:  map 81% reduce 24%
20/06/09 01:57:31 INFO mapreduce.Job:  map 82% reduce 24%
20/06/09 01:57:32 INFO mapreduce.Job:  map 82% reduce 25%
20/06/09 01:57:35 INFO mapreduce.Job:  map 82% reduce 26%
20/06/09 01:57:36 INFO mapreduce.Job:  map 83% reduce 26%
20/06/09 01:57:41 INFO mapreduce.Job:  map 84% reduce 26%
20/06/09 01:57:43 INFO mapreduce.Job:  map 86% reduce 26%
20/06/09 01:57:45 INFO mapreduce.Job:  map 87% reduce 26%
20/06/09 01:57:47 INFO mapreduce.Job:  map 87% reduce 27%
20/06/09 01:57:49 INFO mapreduce.Job:  map 88% reduce 27%
20/06/09 01:57:52 INFO mapreduce.Job:  map 89% reduce 27%
20/06/09 01:57:53 INFO mapreduce.Job:  map 89% reduce 29%
20/06/09 01:57:58 INFO mapreduce.Job:  map 90% reduce 29%
20/06/09 01:58:00 INFO mapreduce.Job:  map 91% reduce 29%
20/06/09 01:58:02 INFO mapreduce.Job:  map 92% reduce 29%
20/06/09 01:58:03 INFO mapreduce.Job:  map 93% reduce 29%
20/06/09 01:58:05 INFO mapreduce.Job:  map 94% reduce 29%
20/06/09 01:58:06 INFO mapreduce.Job:  map 95% reduce 30%
20/06/09 01:58:08 INFO mapreduce.Job:  map 96% reduce 30%
20/06/09 01:58:09 INFO mapreduce.Job:  map 96% reduce 31%
20/06/09 01:58:10 INFO mapreduce.Job:  map 97% reduce 31%
20/06/09 01:58:11 INFO mapreduce.Job:  map 97% reduce 32%
20/06/09 01:58:14 INFO mapreduce.Job:  map 98% reduce 32%
20/06/09 01:58:22 INFO mapreduce.Job:  map 99% reduce 32%
20/06/09 01:58:26 INFO mapreduce.Job:  map 99% reduce 33%
20/06/09 01:58:27 INFO mapreduce.Job:  map 100% reduce 33%
20/06/09 01:58:32 INFO mapreduce.Job:  map 100% reduce 70%
20/06/09 01:58:35 INFO mapreduce.Job:  map 100% reduce 76%
20/06/09 01:58:38 INFO mapreduce.Job:  map 100% reduce 81%
20/06/09 01:58:41 INFO mapreduce.Job:  map 100% reduce 87%
20/06/09 01:58:44 INFO mapreduce.Job:  map 100% reduce 96%
20/06/09 01:58:46 INFO mapreduce.Job:  map 100% reduce 100%
20/06/09 01:58:46 INFO mapreduce.Job: Job job_1591634591910_0005 completed successfully
20/06/09 01:58:46 INFO mapreduce.Job: Counters: 51
	File System Counters
		FILE: Number of bytes read=1478842502
		FILE: Number of bytes written=2205595305
		FILE: Number of read operations=0
		FILE: Number of large read operations=0
		FILE: Number of write operations=0
		HDFS: Number of bytes read=11025520012
		HDFS: Number of bytes written=345809454
		HDFS: Number of read operations=273
		HDFS: Number of large read operations=0
		HDFS: Number of write operations=2
	Job Counters 
		Killed map tasks=2
		Launched map tasks=92
		Launched reduce tasks=1
		Data-local map tasks=88
		Rack-local map tasks=4
		Total time spent by all maps in occupied slots (ms)=5361042
		Total time spent by all reduces in occupied slots (ms)=370498
		Total time spent by all map tasks (ms)=5361042
		Total time spent by all reduce tasks (ms)=370498
		Total vcore-milliseconds taken by all map tasks=5361042
		Total vcore-milliseconds taken by all reduce tasks=370498
		Total megabyte-milliseconds taken by all map tasks=5489707008
		Total megabyte-milliseconds taken by all reduce tasks=379389952
	Map-Reduce Framework
		Map input records=265330
		Map output records=1009294756
		Map output bytes=15219020984
		Map output materialized bytes=715573159
		Input split bytes=10530
		Combine input records=1034066548
		Combine output records=47416884
		Reduce input groups=9906579
		Reduce shuffle bytes=715573159
		Reduce input records=22645092
		Reduce output records=9906579
		Spilled Records=70061976
		Shuffled Maps =90
		Failed Shuffles=0
		Merged Map outputs=90
		GC time elapsed (ms)=107647
		CPU time spent (ms)=2172530
		Physical memory (bytes) snapshot=25184575488
		Virtual memory (bytes) snapshot=191939051520
		Total committed heap usage (bytes)=18912641024
	Shuffle Errors
		BAD_ID=0
		CONNECTION=0
		IO_ERROR=0
		WRONG_LENGTH=0
		WRONG_MAP=0
		WRONG_REDUCE=0
	File Input Format Counters 
		Bytes Read=11025509482
	File Output Format Counters 
		Bytes Written=345809454
