20/06/09 02:38:04 INFO client.RMProxy: Connecting to ResourceManager at master/10.51.17.95:8032
20/06/09 02:38:05 INFO input.FileInputFormat: Total input paths to process : 10
20/06/09 02:38:05 INFO mapreduce.JobSubmitter: number of splits:90
20/06/09 02:38:05 INFO mapreduce.JobSubmitter: Submitting tokens for job: job_1591634591910_0019
20/06/09 02:38:05 INFO impl.YarnClientImpl: Submitted application application_1591634591910_0019
20/06/09 02:38:05 INFO mapreduce.Job: The url to track the job: http://master:8088/proxy/application_1591634591910_0019/
20/06/09 02:38:05 INFO mapreduce.Job: Running job: job_1591634591910_0019
20/06/09 02:38:13 INFO mapreduce.Job: Job job_1591634591910_0019 running in uber mode : false
20/06/09 02:38:13 INFO mapreduce.Job:  map 0% reduce 0%
20/06/09 02:38:27 INFO mapreduce.Job:  map 1% reduce 0%
20/06/09 02:38:28 INFO mapreduce.Job:  map 2% reduce 0%
20/06/09 02:38:30 INFO mapreduce.Job:  map 3% reduce 0%
20/06/09 02:38:40 INFO mapreduce.Job:  map 4% reduce 0%
20/06/09 02:38:46 INFO mapreduce.Job:  map 5% reduce 0%
20/06/09 02:38:49 INFO mapreduce.Job:  map 6% reduce 0%
20/06/09 02:38:57 INFO mapreduce.Job:  map 7% reduce 0%
20/06/09 02:39:00 INFO mapreduce.Job:  map 8% reduce 0%
20/06/09 02:39:08 INFO mapreduce.Job:  map 9% reduce 0%
20/06/09 02:39:11 INFO mapreduce.Job:  map 10% reduce 0%
20/06/09 02:39:13 INFO mapreduce.Job:  map 11% reduce 0%
20/06/09 02:39:14 INFO mapreduce.Job:  map 12% reduce 0%
20/06/09 02:39:22 INFO mapreduce.Job:  map 13% reduce 0%
20/06/09 02:39:26 INFO mapreduce.Job:  map 14% reduce 0%
20/06/09 02:39:27 INFO mapreduce.Job:  map 15% reduce 0%
20/06/09 02:39:29 INFO mapreduce.Job:  map 16% reduce 0%
20/06/09 02:39:32 INFO mapreduce.Job:  map 17% reduce 0%
20/06/09 02:39:38 INFO mapreduce.Job:  map 18% reduce 0%
20/06/09 02:39:42 INFO mapreduce.Job:  map 18% reduce 5%
20/06/09 02:39:43 INFO mapreduce.Job:  map 19% reduce 5%
20/06/09 02:39:48 INFO mapreduce.Job:  map 20% reduce 5%
20/06/09 02:39:54 INFO mapreduce.Job:  map 21% reduce 5%
20/06/09 02:39:57 INFO mapreduce.Job:  map 22% reduce 5%
20/06/09 02:40:01 INFO mapreduce.Job:  map 23% reduce 5%
20/06/09 02:40:04 INFO mapreduce.Job:  map 23% reduce 6%
20/06/09 02:40:08 INFO mapreduce.Job:  map 24% reduce 6%
20/06/09 02:40:09 INFO mapreduce.Job:  map 25% reduce 6%
20/06/09 02:40:13 INFO mapreduce.Job:  map 25% reduce 7%
20/06/09 02:40:14 INFO mapreduce.Job:  map 26% reduce 7%
20/06/09 02:40:19 INFO mapreduce.Job:  map 27% reduce 7%
20/06/09 02:40:21 INFO mapreduce.Job:  map 28% reduce 7%
20/06/09 02:40:29 INFO mapreduce.Job:  map 29% reduce 7%
20/06/09 02:40:32 INFO mapreduce.Job:  map 30% reduce 8%
20/06/09 02:40:34 INFO mapreduce.Job:  map 31% reduce 8%
20/06/09 02:40:35 INFO mapreduce.Job:  map 31% reduce 9%
20/06/09 02:40:38 INFO mapreduce.Job:  map 32% reduce 9%
20/06/09 02:40:41 INFO mapreduce.Job:  map 33% reduce 10%
20/06/09 02:40:47 INFO mapreduce.Job:  map 34% reduce 10%
20/06/09 02:40:51 INFO mapreduce.Job:  map 35% reduce 10%
20/06/09 02:40:54 INFO mapreduce.Job:  map 36% reduce 10%
20/06/09 02:41:01 INFO mapreduce.Job:  map 37% reduce 10%
20/06/09 02:41:05 INFO mapreduce.Job:  map 38% reduce 10%
20/06/09 02:41:06 INFO mapreduce.Job:  map 38% reduce 11%
20/06/09 02:41:09 INFO mapreduce.Job:  map 39% reduce 11%
20/06/09 02:41:14 INFO mapreduce.Job:  map 40% reduce 11%
20/06/09 02:41:17 INFO mapreduce.Job:  map 41% reduce 11%
20/06/09 02:41:18 INFO mapreduce.Job:  map 41% reduce 12%
20/06/09 02:41:22 INFO mapreduce.Job:  map 42% reduce 12%
20/06/09 02:41:28 INFO mapreduce.Job:  map 43% reduce 12%
20/06/09 02:41:32 INFO mapreduce.Job:  map 44% reduce 12%
20/06/09 02:41:35 INFO mapreduce.Job:  map 45% reduce 12%
20/06/09 02:41:36 INFO mapreduce.Job:  map 45% reduce 13%
20/06/09 02:41:40 INFO mapreduce.Job:  map 46% reduce 13%
20/06/09 02:41:42 INFO mapreduce.Job:  map 46% reduce 14%
20/06/09 02:41:45 INFO mapreduce.Job:  map 47% reduce 14%
20/06/09 02:41:47 INFO mapreduce.Job:  map 48% reduce 14%
20/06/09 02:41:49 INFO mapreduce.Job:  map 48% reduce 15%
20/06/09 02:41:51 INFO mapreduce.Job:  map 49% reduce 15%
20/06/09 02:41:58 INFO mapreduce.Job:  map 50% reduce 15%
20/06/09 02:42:00 INFO mapreduce.Job:  map 51% reduce 15%
20/06/09 02:42:02 INFO mapreduce.Job:  map 52% reduce 15%
20/06/09 02:42:04 INFO mapreduce.Job:  map 52% reduce 16%
20/06/09 02:42:08 INFO mapreduce.Job:  map 53% reduce 16%
20/06/09 02:42:13 INFO mapreduce.Job:  map 54% reduce 17%
20/06/09 02:42:16 INFO mapreduce.Job:  map 55% reduce 17%
20/06/09 02:42:23 INFO mapreduce.Job:  map 56% reduce 17%
20/06/09 02:42:27 INFO mapreduce.Job:  map 57% reduce 17%
20/06/09 02:42:31 INFO mapreduce.Job:  map 58% reduce 17%
20/06/09 02:42:35 INFO mapreduce.Job:  map 59% reduce 17%
20/06/09 02:42:43 INFO mapreduce.Job:  map 60% reduce 17%
20/06/09 02:42:45 INFO mapreduce.Job:  map 61% reduce 17%
20/06/09 02:42:47 INFO mapreduce.Job:  map 62% reduce 19%
20/06/09 02:42:52 INFO mapreduce.Job:  map 63% reduce 19%
20/06/09 02:42:55 INFO mapreduce.Job:  map 64% reduce 19%
20/06/09 02:42:56 INFO mapreduce.Job:  map 64% reduce 20%
20/06/09 02:42:58 INFO mapreduce.Job:  map 65% reduce 20%
20/06/09 02:43:01 INFO mapreduce.Job:  map 66% reduce 20%
20/06/09 02:43:03 INFO mapreduce.Job:  map 66% reduce 21%
20/06/09 02:43:08 INFO mapreduce.Job:  map 67% reduce 21%
20/06/09 02:43:12 INFO mapreduce.Job:  map 68% reduce 21%
20/06/09 02:43:15 INFO mapreduce.Job:  map 69% reduce 21%
20/06/09 02:43:17 INFO mapreduce.Job:  map 69% reduce 22%
20/06/09 02:43:20 INFO mapreduce.Job:  map 70% reduce 22%
20/06/09 02:43:26 INFO mapreduce.Job:  map 71% reduce 22%
20/06/09 02:43:31 INFO mapreduce.Job:  map 72% reduce 22%
20/06/09 02:43:35 INFO mapreduce.Job:  map 73% reduce 22%
20/06/09 02:43:39 INFO mapreduce.Job:  map 74% reduce 22%
20/06/09 02:43:48 INFO mapreduce.Job:  map 75% reduce 22%
20/06/09 02:43:49 INFO mapreduce.Job:  map 76% reduce 22%
20/06/09 02:43:51 INFO mapreduce.Job:  map 76% reduce 23%
20/06/09 02:43:53 INFO mapreduce.Job:  map 77% reduce 23%
20/06/09 02:43:56 INFO mapreduce.Job:  map 78% reduce 23%
20/06/09 02:43:57 INFO mapreduce.Job:  map 78% reduce 24%
20/06/09 02:43:58 INFO mapreduce.Job:  map 79% reduce 24%
20/06/09 02:44:00 INFO mapreduce.Job:  map 79% reduce 25%
20/06/09 02:44:01 INFO mapreduce.Job:  map 80% reduce 25%
20/06/09 02:44:03 INFO mapreduce.Job:  map 80% reduce 26%
20/06/09 02:44:05 INFO mapreduce.Job:  map 81% reduce 26%
20/06/09 02:44:07 INFO mapreduce.Job:  map 82% reduce 26%
20/06/09 02:44:11 INFO mapreduce.Job:  map 83% reduce 26%
20/06/09 02:44:15 INFO mapreduce.Job:  map 84% reduce 26%
20/06/09 02:44:16 INFO mapreduce.Job:  map 85% reduce 27%
20/06/09 02:44:17 INFO mapreduce.Job:  map 86% reduce 27%
20/06/09 02:44:22 INFO mapreduce.Job:  map 87% reduce 27%
20/06/09 02:44:25 INFO mapreduce.Job:  map 88% reduce 27%
20/06/09 02:44:27 INFO mapreduce.Job:  map 89% reduce 27%
20/06/09 02:44:28 INFO mapreduce.Job:  map 90% reduce 28%
20/06/09 02:44:32 INFO mapreduce.Job:  map 91% reduce 28%
20/06/09 02:44:34 INFO mapreduce.Job:  map 91% reduce 29%
20/06/09 02:44:35 INFO mapreduce.Job:  map 92% reduce 29%
20/06/09 02:44:38 INFO mapreduce.Job:  map 93% reduce 29%
20/06/09 02:44:41 INFO mapreduce.Job:  map 94% reduce 29%
20/06/09 02:44:42 INFO mapreduce.Job:  map 95% reduce 29%
20/06/09 02:44:44 INFO mapreduce.Job:  map 96% reduce 29%
20/06/09 02:44:45 INFO mapreduce.Job:  map 96% reduce 30%
20/06/09 02:44:46 INFO mapreduce.Job:  map 97% reduce 30%
20/06/09 02:44:48 INFO mapreduce.Job:  map 98% reduce 30%
20/06/09 02:44:49 INFO mapreduce.Job:  map 100% reduce 30%
20/06/09 02:44:51 INFO mapreduce.Job:  map 100% reduce 33%
20/06/09 02:44:54 INFO mapreduce.Job:  map 100% reduce 69%
20/06/09 02:44:57 INFO mapreduce.Job:  map 100% reduce 75%
20/06/09 02:45:00 INFO mapreduce.Job:  map 100% reduce 81%
20/06/09 02:45:03 INFO mapreduce.Job:  map 100% reduce 87%
20/06/09 02:45:06 INFO mapreduce.Job:  map 100% reduce 98%
20/06/09 02:45:07 INFO mapreduce.Job:  map 100% reduce 100%
20/06/09 02:45:07 INFO mapreduce.Job: Job job_1591634591910_0019 completed successfully
20/06/09 02:45:07 INFO mapreduce.Job: Counters: 51
	File System Counters
		FILE: Number of bytes read=1511333848
		FILE: Number of bytes written=2254358155
		FILE: Number of read operations=0
		FILE: Number of large read operations=0
		FILE: Number of write operations=0
		HDFS: Number of bytes read=11025469256
		HDFS: Number of bytes written=359854902
		HDFS: Number of read operations=273
		HDFS: Number of large read operations=0
		HDFS: Number of write operations=2
	Job Counters 
		Killed map tasks=1
		Launched map tasks=91
		Launched reduce tasks=1
		Data-local map tasks=89
		Rack-local map tasks=2
		Total time spent by all maps in occupied slots (ms)=5112307
		Total time spent by all reduces in occupied slots (ms)=338495
		Total time spent by all map tasks (ms)=5112307
		Total time spent by all reduce tasks (ms)=338495
		Total vcore-milliseconds taken by all map tasks=5112307
		Total vcore-milliseconds taken by all reduce tasks=338495
		Total megabyte-milliseconds taken by all map tasks=5235002368
		Total megabyte-milliseconds taken by all reduce tasks=346618880
	Map-Reduce Framework
		Map input records=722928
		Map output records=1009320257
		Map output bytes=15227766362
		Map output materialized bytes=731844663
		Input split bytes=10530
		Combine input records=1034082337
		Combine output records=47396907
		Reduce input groups=9903553
		Reduce shuffle bytes=731844663
		Reduce input records=22634827
		Reduce output records=9903553
		Spilled Records=70031734
		Shuffled Maps =90
		Failed Shuffles=0
		Merged Map outputs=90
		GC time elapsed (ms)=99133
		CPU time spent (ms)=2056780
		Physical memory (bytes) snapshot=25154637824
		Virtual memory (bytes) snapshot=192009687040
		Total committed heap usage (bytes)=18919456768
	Shuffle Errors
		BAD_ID=0
		CONNECTION=0
		IO_ERROR=0
		WRONG_LENGTH=0
		WRONG_MAP=0
		WRONG_REDUCE=0
	File Input Format Counters 
		Bytes Read=11025458726
	File Output Format Counters 
		Bytes Written=359854902
