20/06/10 00:10:07 INFO client.RMProxy: Connecting to ResourceManager at master/10.51.17.95:8032
20/06/10 00:10:07 INFO input.FileInputFormat: Total input paths to process : 10
20/06/10 00:10:07 INFO mapreduce.JobSubmitter: number of splits:90
20/06/10 00:10:07 INFO mapreduce.JobSubmitter: Submitting tokens for job: job_1591714977085_0002
20/06/10 00:10:07 INFO impl.YarnClientImpl: Submitted application application_1591714977085_0002
20/06/10 00:10:07 INFO mapreduce.Job: The url to track the job: http://master:8088/proxy/application_1591714977085_0002/
20/06/10 00:10:07 INFO mapreduce.Job: Running job: job_1591714977085_0002
20/06/10 00:10:15 INFO mapreduce.Job: Job job_1591714977085_0002 running in uber mode : false
20/06/10 00:10:15 INFO mapreduce.Job:  map 0% reduce 0%
20/06/10 00:10:30 INFO mapreduce.Job:  map 1% reduce 0%
20/06/10 00:10:33 INFO mapreduce.Job:  map 2% reduce 0%
20/06/10 00:10:37 INFO mapreduce.Job:  map 3% reduce 0%
20/06/10 00:10:45 INFO mapreduce.Job:  map 4% reduce 0%
20/06/10 00:10:51 INFO mapreduce.Job:  map 5% reduce 0%
20/06/10 00:10:55 INFO mapreduce.Job:  map 6% reduce 0%
20/06/10 00:11:04 INFO mapreduce.Job:  map 7% reduce 0%
20/06/10 00:11:08 INFO mapreduce.Job:  map 8% reduce 0%
20/06/10 00:11:13 INFO mapreduce.Job:  map 9% reduce 0%
20/06/10 00:11:19 INFO mapreduce.Job:  map 10% reduce 0%
20/06/10 00:11:22 INFO mapreduce.Job:  map 11% reduce 0%
20/06/10 00:11:25 INFO mapreduce.Job:  map 12% reduce 0%
20/06/10 00:11:28 INFO mapreduce.Job:  map 13% reduce 0%
