20/06/08 22:38:05 INFO client.RMProxy: Connecting to ResourceManager at master/10.51.17.95:8032
20/06/08 22:38:06 INFO input.FileInputFormat: Total input paths to process : 10
20/06/08 22:38:07 INFO mapreduce.JobSubmitter: number of splits:90
20/06/08 22:38:07 INFO mapreduce.JobSubmitter: Submitting tokens for job: job_1591621296179_0013
20/06/08 22:38:07 INFO impl.YarnClientImpl: Submitted application application_1591621296179_0013
20/06/08 22:38:07 INFO mapreduce.Job: The url to track the job: http://master:8088/proxy/application_1591621296179_0013/
20/06/08 22:38:07 INFO mapreduce.Job: Running job: job_1591621296179_0013
20/06/08 22:38:11 INFO mapreduce.Job: Job job_1591621296179_0013 running in uber mode : false
20/06/08 22:38:11 INFO mapreduce.Job:  map 0% reduce 0%
20/06/08 22:38:26 INFO mapreduce.Job:  map 1% reduce 0%
20/06/08 22:38:28 INFO mapreduce.Job:  map 2% reduce 0%
20/06/08 22:38:32 INFO mapreduce.Job:  map 3% reduce 0%
20/06/08 22:38:41 INFO mapreduce.Job:  map 4% reduce 0%
20/06/08 22:38:44 INFO mapreduce.Job:  map 5% reduce 0%
20/06/08 22:38:47 INFO mapreduce.Job:  map 6% reduce 0%
20/06/08 22:38:56 INFO mapreduce.Job:  map 7% reduce 0%
20/06/08 22:39:00 INFO mapreduce.Job:  map 8% reduce 0%
20/06/08 22:39:05 INFO mapreduce.Job:  map 9% reduce 0%
20/06/08 22:39:09 INFO mapreduce.Job:  map 10% reduce 0%
20/06/08 22:39:12 INFO mapreduce.Job:  map 11% reduce 0%
20/06/08 22:39:13 INFO mapreduce.Job:  map 12% reduce 0%
20/06/08 22:39:20 INFO mapreduce.Job:  map 13% reduce 0%
20/06/08 22:39:23 INFO mapreduce.Job:  map 14% reduce 0%
20/06/08 22:39:26 INFO mapreduce.Job:  map 15% reduce 0%
20/06/08 22:39:28 INFO mapreduce.Job:  map 16% reduce 0%
20/06/08 22:39:32 INFO mapreduce.Job:  map 17% reduce 0%
20/06/08 22:39:36 INFO mapreduce.Job:  map 18% reduce 0%
20/06/08 22:39:39 INFO mapreduce.Job:  map 18% reduce 5%
20/06/08 22:39:41 INFO mapreduce.Job:  map 19% reduce 5%
20/06/08 22:39:46 INFO mapreduce.Job:  map 20% reduce 5%
20/06/08 22:39:52 INFO mapreduce.Job:  map 21% reduce 5%
20/06/08 22:39:58 INFO mapreduce.Job:  map 22% reduce 5%
20/06/08 22:40:00 INFO mapreduce.Job:  map 23% reduce 6%
20/06/08 22:40:05 INFO mapreduce.Job:  map 24% reduce 6%
20/06/08 22:40:07 INFO mapreduce.Job:  map 25% reduce 6%
20/06/08 22:40:08 INFO mapreduce.Job:  map 25% reduce 7%
20/06/08 22:40:10 INFO mapreduce.Job:  map 26% reduce 7%
20/06/08 22:40:18 INFO mapreduce.Job:  map 27% reduce 7%
20/06/08 22:40:20 INFO mapreduce.Job:  map 28% reduce 7%
20/06/08 22:40:27 INFO mapreduce.Job:  map 29% reduce 7%
20/06/08 22:40:32 INFO mapreduce.Job:  map 30% reduce 7%
20/06/08 22:40:33 INFO mapreduce.Job:  map 30% reduce 8%
20/06/08 22:40:34 INFO mapreduce.Job:  map 31% reduce 8%
20/06/08 22:40:35 INFO mapreduce.Job:  map 32% reduce 8%
20/06/08 22:40:36 INFO mapreduce.Job:  map 32% reduce 9%
20/06/08 22:40:39 INFO mapreduce.Job:  map 33% reduce 10%
20/06/08 22:40:45 INFO mapreduce.Job:  map 34% reduce 10%
20/06/08 22:40:50 INFO mapreduce.Job:  map 35% reduce 10%
20/06/08 22:40:53 INFO mapreduce.Job:  map 36% reduce 10%
20/06/08 22:41:00 INFO mapreduce.Job:  map 37% reduce 10%
20/06/08 22:41:01 INFO mapreduce.Job:  map 37% reduce 11%
20/06/08 22:41:02 INFO mapreduce.Job:  map 38% reduce 11%
20/06/08 22:41:04 INFO mapreduce.Job:  map 39% reduce 11%
20/06/08 22:41:07 INFO mapreduce.Job:  map 39% reduce 12%
20/06/08 22:41:11 INFO mapreduce.Job:  map 40% reduce 12%
20/06/08 22:41:14 INFO mapreduce.Job:  map 41% reduce 12%
20/06/08 22:41:20 INFO mapreduce.Job:  map 42% reduce 12%
20/06/08 22:41:24 INFO mapreduce.Job:  map 43% reduce 12%
20/06/08 22:41:31 INFO mapreduce.Job:  map 44% reduce 12%
20/06/08 22:41:35 INFO mapreduce.Job:  map 45% reduce 12%
20/06/08 22:41:38 INFO mapreduce.Job:  map 45% reduce 13%
20/06/08 22:41:40 INFO mapreduce.Job:  map 46% reduce 13%
20/06/08 22:41:41 INFO mapreduce.Job:  map 47% reduce 13%
20/06/08 22:41:43 INFO mapreduce.Job:  map 48% reduce 13%
20/06/08 22:41:44 INFO mapreduce.Job:  map 48% reduce 14%
20/06/08 22:41:47 INFO mapreduce.Job:  map 49% reduce 15%
20/06/08 22:41:52 INFO mapreduce.Job:  map 50% reduce 15%
20/06/08 22:41:53 INFO mapreduce.Job:  map 50% reduce 16%
20/06/08 22:41:56 INFO mapreduce.Job:  map 51% reduce 16%
20/06/08 22:42:01 INFO mapreduce.Job:  map 52% reduce 16%
20/06/08 22:42:04 INFO mapreduce.Job:  map 53% reduce 16%
20/06/08 22:42:05 INFO mapreduce.Job:  map 53% reduce 17%
20/06/08 22:42:11 INFO mapreduce.Job:  map 54% reduce 17%
20/06/08 22:42:16 INFO mapreduce.Job:  map 55% reduce 17%
20/06/08 22:42:20 INFO mapreduce.Job:  map 56% reduce 17%
20/06/08 22:42:25 INFO mapreduce.Job:  map 57% reduce 17%
20/06/08 22:42:29 INFO mapreduce.Job:  map 58% reduce 17%
20/06/08 22:42:34 INFO mapreduce.Job:  map 59% reduce 17%
20/06/08 22:42:38 INFO mapreduce.Job:  map 60% reduce 18%
20/06/08 22:42:41 INFO mapreduce.Job:  map 61% reduce 18%
20/06/08 22:42:44 INFO mapreduce.Job:  map 61% reduce 19%
20/06/08 22:42:45 INFO mapreduce.Job:  map 62% reduce 19%
20/06/08 22:42:48 INFO mapreduce.Job:  map 63% reduce 19%
20/06/08 22:42:49 INFO mapreduce.Job:  map 64% reduce 19%
20/06/08 22:42:50 INFO mapreduce.Job:  map 64% reduce 20%
20/06/08 22:42:52 INFO mapreduce.Job:  map 65% reduce 20%
20/06/08 22:42:57 INFO mapreduce.Job:  map 65% reduce 21%
20/06/08 22:43:00 INFO mapreduce.Job:  map 66% reduce 21%
20/06/08 22:43:03 INFO mapreduce.Job:  map 67% reduce 21%
20/06/08 22:43:06 INFO mapreduce.Job:  map 68% reduce 21%
20/06/08 22:43:13 INFO mapreduce.Job:  map 69% reduce 21%
20/06/08 22:43:17 INFO mapreduce.Job:  map 70% reduce 21%
20/06/08 22:43:22 INFO mapreduce.Job:  map 71% reduce 21%
20/06/08 22:43:24 INFO mapreduce.Job:  map 71% reduce 22%
20/06/08 22:43:25 INFO mapreduce.Job:  map 72% reduce 22%
20/06/08 22:43:31 INFO mapreduce.Job:  map 73% reduce 22%
20/06/08 22:43:34 INFO mapreduce.Job:  map 74% reduce 22%
20/06/08 22:43:39 INFO mapreduce.Job:  map 75% reduce 22%
20/06/08 22:43:40 INFO mapreduce.Job:  map 75% reduce 23%
20/06/08 22:43:44 INFO mapreduce.Job:  map 76% reduce 23%
20/06/08 22:43:47 INFO mapreduce.Job:  map 77% reduce 23%
20/06/08 22:43:49 INFO mapreduce.Job:  map 78% reduce 24%
20/06/08 22:43:52 INFO mapreduce.Job:  map 79% reduce 25%
20/06/08 22:43:55 INFO mapreduce.Job:  map 80% reduce 26%
20/06/08 22:43:59 INFO mapreduce.Job:  map 81% reduce 26%
20/06/08 22:44:03 INFO mapreduce.Job:  map 82% reduce 26%
20/06/08 22:44:05 INFO mapreduce.Job:  map 83% reduce 26%
20/06/08 22:44:06 INFO mapreduce.Job:  map 84% reduce 26%
20/06/08 22:44:10 INFO mapreduce.Job:  map 86% reduce 26%
20/06/08 22:44:14 INFO mapreduce.Job:  map 87% reduce 27%
20/06/08 22:44:16 INFO mapreduce.Job:  map 87% reduce 28%
20/06/08 22:44:18 INFO mapreduce.Job:  map 88% reduce 28%
20/06/08 22:44:22 INFO mapreduce.Job:  map 89% reduce 28%
20/06/08 22:44:24 INFO mapreduce.Job:  map 90% reduce 28%
20/06/08 22:44:25 INFO mapreduce.Job:  map 90% reduce 29%
20/06/08 22:44:26 INFO mapreduce.Job:  map 91% reduce 29%
20/06/08 22:44:28 INFO mapreduce.Job:  map 92% reduce 29%
20/06/08 22:44:31 INFO mapreduce.Job:  map 93% reduce 29%
20/06/08 22:44:32 INFO mapreduce.Job:  map 94% reduce 29%
20/06/08 22:44:34 INFO mapreduce.Job:  map 95% reduce 30%
20/06/08 22:44:35 INFO mapreduce.Job:  map 96% reduce 30%
20/06/08 22:44:38 INFO mapreduce.Job:  map 97% reduce 30%
20/06/08 22:44:40 INFO mapreduce.Job:  map 98% reduce 31%
20/06/08 22:44:43 INFO mapreduce.Job:  map 99% reduce 31%
20/06/08 22:44:44 INFO mapreduce.Job:  map 99% reduce 32%
20/06/08 22:44:47 INFO mapreduce.Job:  map 100% reduce 32%
20/06/08 22:44:50 INFO mapreduce.Job:  map 100% reduce 67%
20/06/08 22:44:53 INFO mapreduce.Job:  map 100% reduce 73%
20/06/08 22:44:56 INFO mapreduce.Job:  map 100% reduce 78%
20/06/08 22:44:59 INFO mapreduce.Job:  map 100% reduce 84%
20/06/08 22:45:02 INFO mapreduce.Job:  map 100% reduce 90%
20/06/08 22:45:05 INFO mapreduce.Job:  map 100% reduce 99%
20/06/08 22:45:06 INFO mapreduce.Job:  map 100% reduce 100%
20/06/08 22:45:07 INFO mapreduce.Job: Job job_1591621296179_0013 completed successfully
20/06/08 22:45:07 INFO mapreduce.Job: Counters: 51
	File System Counters
		FILE: Number of bytes read=1675383352
		FILE: Number of bytes written=2481221246
		FILE: Number of read operations=0
		FILE: Number of large read operations=0
		FILE: Number of write operations=0
		HDFS: Number of bytes read=11025367633
		HDFS: Number of bytes written=477368526
		HDFS: Number of read operations=273
		HDFS: Number of large read operations=0
		HDFS: Number of write operations=2
	Job Counters 
		Killed map tasks=1
		Launched map tasks=91
		Launched reduce tasks=1
		Data-local map tasks=90
		Rack-local map tasks=1
		Total time spent by all maps in occupied slots (ms)=5019217
		Total time spent by all reduces in occupied slots (ms)=339792
		Total time spent by all map tasks (ms)=5019217
		Total time spent by all reduce tasks (ms)=339792
		Total vcore-milliseconds taken by all map tasks=5019217
		Total vcore-milliseconds taken by all reduce tasks=339792
		Total megabyte-milliseconds taken by all map tasks=5139678208
		Total megabyte-milliseconds taken by all reduce tasks=347947008
	Map-Reduce Framework
		Map input records=1636703
		Map output records=1010366623
		Map output bytes=19261111481
		Map output materialized bytes=794627397
		Input split bytes=10530
		Combine input records=1035357185
		Combine output records=47596098
		Reduce input groups=9840327
		Reduce shuffle bytes=794627397
		Reduce input records=22605536
		Reduce output records=9840327
		Spilled Records=70880515
		Shuffled Maps =90
		Failed Shuffles=0
		Merged Map outputs=90
		GC time elapsed (ms)=109219
		CPU time spent (ms)=2045560
		Physical memory (bytes) snapshot=25136525312
		Virtual memory (bytes) snapshot=191886499840
		Total committed heap usage (bytes)=18939379712
	Shuffle Errors
		BAD_ID=0
		CONNECTION=0
		IO_ERROR=0
		WRONG_LENGTH=0
		WRONG_MAP=0
		WRONG_REDUCE=0
	File Input Format Counters 
		Bytes Read=11025357103
	File Output Format Counters 
		Bytes Written=477368526
20/06/08 22:45:07 INFO client.RMProxy: Connecting to ResourceManager at master/10.51.17.95:8032
20/06/08 22:45:08 INFO input.FileInputFormat: Total input paths to process : 1
20/06/08 22:45:08 INFO mapreduce.JobSubmitter: number of splits:4
20/06/08 22:45:09 INFO mapreduce.JobSubmitter: Submitting tokens for job: job_1591621296179_0014
20/06/08 22:45:09 INFO impl.YarnClientImpl: Submitted application application_1591621296179_0014
20/06/08 22:45:09 INFO mapreduce.Job: The url to track the job: http://master:8088/proxy/application_1591621296179_0014/
20/06/08 22:45:09 INFO mapreduce.Job: Running job: job_1591621296179_0014
20/06/08 22:45:17 INFO mapreduce.Job: Job job_1591621296179_0014 running in uber mode : false
20/06/08 22:45:17 INFO mapreduce.Job:  map 0% reduce 0%
20/06/08 22:45:27 INFO mapreduce.Job:  map 31% reduce 0%
20/06/08 22:45:29 INFO mapreduce.Job:  map 38% reduce 0%
20/06/08 22:45:30 INFO mapreduce.Job:  map 68% reduce 0%
20/06/08 22:45:32 INFO mapreduce.Job:  map 71% reduce 0%
20/06/08 22:45:33 INFO mapreduce.Job:  map 77% reduce 0%
20/06/08 22:45:35 INFO mapreduce.Job:  map 84% reduce 0%
20/06/08 22:45:36 INFO mapreduce.Job:  map 92% reduce 0%
20/06/08 22:45:37 INFO mapreduce.Job:  map 100% reduce 0%
20/06/08 22:45:38 INFO mapreduce.Job:  map 100% reduce 25%
20/06/08 22:45:41 INFO mapreduce.Job:  map 100% reduce 75%
20/06/08 22:45:44 INFO mapreduce.Job:  map 100% reduce 84%
20/06/08 22:45:47 INFO mapreduce.Job:  map 100% reduce 100%
20/06/08 22:45:48 INFO mapreduce.Job: Job job_1591621296179_0014 completed successfully
20/06/08 22:45:48 INFO mapreduce.Job: Counters: 50
	File System Counters
		FILE: Number of bytes read=759416909
		FILE: Number of bytes written=1173692831
		FILE: Number of read operations=0
		FILE: Number of large read operations=0
		FILE: Number of write operations=0
		HDFS: Number of bytes read=477371281
		HDFS: Number of bytes written=335596971
		HDFS: Number of read operations=19
		HDFS: Number of large read operations=0
		HDFS: Number of write operations=2
	Job Counters 
		Killed map tasks=1
		Launched map tasks=5
		Launched reduce tasks=1
		Data-local map tasks=5
		Total time spent by all maps in occupied slots (ms)=63218
		Total time spent by all reduces in occupied slots (ms)=17191
		Total time spent by all map tasks (ms)=63218
		Total time spent by all reduce tasks (ms)=17191
		Total vcore-milliseconds taken by all map tasks=63218
		Total vcore-milliseconds taken by all reduce tasks=17191
		Total megabyte-milliseconds taken by all map tasks=64735232
		Total megabyte-milliseconds taken by all reduce tasks=17603584
	Map-Reduce Framework
		Map input records=9840327
		Map output records=9840327
		Map output bytes=393981904
		Map output materialized bytes=413662582
		Input split bytes=508
		Combine input records=0
		Combine output records=0
		Reduce input groups=1244
		Reduce shuffle bytes=413662582
		Reduce input records=9840327
		Reduce output records=9840327
		Spilled Records=28507612
		Shuffled Maps =4
		Failed Shuffles=0
		Merged Map outputs=4
		GC time elapsed (ms)=1479
		CPU time spent (ms)=46260
		Physical memory (bytes) snapshot=1299046400
		Virtual memory (bytes) snapshot=10595016704
		Total committed heap usage (bytes)=941096960
	Shuffle Errors
		BAD_ID=0
		CONNECTION=0
		IO_ERROR=0
		WRONG_LENGTH=0
		WRONG_MAP=0
		WRONG_REDUCE=0
	File Input Format Counters 
		Bytes Read=477370773
	File Output Format Counters 
		Bytes Written=335596971
