20/06/08 23:00:01 INFO client.RMProxy: Connecting to ResourceManager at master/10.51.17.95:8032
20/06/08 23:00:01 INFO input.FileInputFormat: Total input paths to process : 10
20/06/08 23:00:01 INFO mapreduce.JobSubmitter: number of splits:90
20/06/08 23:00:02 INFO mapreduce.JobSubmitter: Submitting tokens for job: job_1591621296179_0020
20/06/08 23:00:02 INFO impl.YarnClientImpl: Submitted application application_1591621296179_0020
20/06/08 23:00:02 INFO mapreduce.Job: The url to track the job: http://master:8088/proxy/application_1591621296179_0020/
20/06/08 23:00:02 INFO mapreduce.Job: Running job: job_1591621296179_0020
20/06/08 23:00:07 INFO mapreduce.Job: Job job_1591621296179_0020 running in uber mode : false
20/06/08 23:00:07 INFO mapreduce.Job:  map 0% reduce 0%
20/06/08 23:00:21 INFO mapreduce.Job:  map 1% reduce 0%
20/06/08 23:00:23 INFO mapreduce.Job:  map 2% reduce 0%
20/06/08 23:00:26 INFO mapreduce.Job:  map 3% reduce 0%
20/06/08 23:00:35 INFO mapreduce.Job:  map 4% reduce 0%
20/06/08 23:00:39 INFO mapreduce.Job:  map 5% reduce 0%
20/06/08 23:00:46 INFO mapreduce.Job:  map 6% reduce 0%
20/06/08 23:00:50 INFO mapreduce.Job:  map 7% reduce 0%
20/06/08 23:00:54 INFO mapreduce.Job:  map 8% reduce 0%
20/06/08 23:00:59 INFO mapreduce.Job:  map 9% reduce 0%
20/06/08 23:01:03 INFO mapreduce.Job:  map 10% reduce 0%
20/06/08 23:01:05 INFO mapreduce.Job:  map 11% reduce 0%
20/06/08 23:01:08 INFO mapreduce.Job:  map 12% reduce 0%
20/06/08 23:01:15 INFO mapreduce.Job:  map 13% reduce 0%
20/06/08 23:01:19 INFO mapreduce.Job:  map 14% reduce 0%
20/06/08 23:01:23 INFO mapreduce.Job:  map 15% reduce 0%
20/06/08 23:01:24 INFO mapreduce.Job:  map 16% reduce 0%
20/06/08 23:01:28 INFO mapreduce.Job:  map 17% reduce 0%
20/06/08 23:01:31 INFO mapreduce.Job:  map 18% reduce 0%
20/06/08 23:01:35 INFO mapreduce.Job:  map 18% reduce 5%
20/06/08 23:01:37 INFO mapreduce.Job:  map 19% reduce 5%
20/06/08 23:01:43 INFO mapreduce.Job:  map 20% reduce 5%
20/06/08 23:01:46 INFO mapreduce.Job:  map 21% reduce 5%
20/06/08 23:01:50 INFO mapreduce.Job:  map 22% reduce 5%
20/06/08 23:01:54 INFO mapreduce.Job:  map 22% reduce 6%
20/06/08 23:01:56 INFO mapreduce.Job:  map 23% reduce 6%
20/06/08 23:02:01 INFO mapreduce.Job:  map 24% reduce 6%
20/06/08 23:02:03 INFO mapreduce.Job:  map 25% reduce 6%
20/06/08 23:02:06 INFO mapreduce.Job:  map 25% reduce 7%
20/06/08 23:02:07 INFO mapreduce.Job:  map 26% reduce 7%
20/06/08 23:02:12 INFO mapreduce.Job:  map 27% reduce 7%
20/06/08 23:02:18 INFO mapreduce.Job:  map 28% reduce 7%
20/06/08 23:02:21 INFO mapreduce.Job:  map 29% reduce 7%
20/06/08 23:02:28 INFO mapreduce.Job:  map 30% reduce 7%
20/06/08 23:02:29 INFO mapreduce.Job:  map 30% reduce 8%
20/06/08 23:02:30 INFO mapreduce.Job:  map 31% reduce 8%
20/06/08 23:02:32 INFO mapreduce.Job:  map 32% reduce 9%
20/06/08 23:02:37 INFO mapreduce.Job:  map 33% reduce 9%
20/06/08 23:02:39 INFO mapreduce.Job:  map 33% reduce 10%
20/06/08 23:02:41 INFO mapreduce.Job:  map 34% reduce 10%
20/06/08 23:02:46 INFO mapreduce.Job:  map 35% reduce 10%
20/06/08 23:02:49 INFO mapreduce.Job:  map 36% reduce 10%
20/06/08 23:02:55 INFO mapreduce.Job:  map 37% reduce 10%
20/06/08 23:02:58 INFO mapreduce.Job:  map 38% reduce 11%
20/06/08 23:03:00 INFO mapreduce.Job:  map 39% reduce 11%
20/06/08 23:03:03 INFO mapreduce.Job:  map 39% reduce 12%
20/06/08 23:03:06 INFO mapreduce.Job:  map 40% reduce 12%
20/06/08 23:03:11 INFO mapreduce.Job:  map 41% reduce 12%
20/06/08 23:03:17 INFO mapreduce.Job:  map 42% reduce 12%
20/06/08 23:03:22 INFO mapreduce.Job:  map 43% reduce 12%
20/06/08 23:03:27 INFO mapreduce.Job:  map 44% reduce 12%
20/06/08 23:03:32 INFO mapreduce.Job:  map 45% reduce 12%
20/06/08 23:03:35 INFO mapreduce.Job:  map 46% reduce 12%
20/06/08 23:03:37 INFO mapreduce.Job:  map 46% reduce 13%
20/06/08 23:03:38 INFO mapreduce.Job:  map 47% reduce 13%
20/06/08 23:03:40 INFO mapreduce.Job:  map 48% reduce 14%
20/06/08 23:03:43 INFO mapreduce.Job:  map 49% reduce 14%
20/06/08 23:03:46 INFO mapreduce.Job:  map 49% reduce 15%
20/06/08 23:03:50 INFO mapreduce.Job:  map 50% reduce 15%
20/06/08 23:03:52 INFO mapreduce.Job:  map 50% reduce 16%
20/06/08 23:03:53 INFO mapreduce.Job:  map 51% reduce 16%
20/06/08 23:03:54 INFO mapreduce.Job:  map 52% reduce 16%
20/06/08 23:04:01 INFO mapreduce.Job:  map 53% reduce 16%
20/06/08 23:04:02 INFO mapreduce.Job:  map 53% reduce 17%
20/06/08 23:04:06 INFO mapreduce.Job:  map 54% reduce 17%
20/06/08 23:04:11 INFO mapreduce.Job:  map 55% reduce 17%
20/06/08 23:04:16 INFO mapreduce.Job:  map 56% reduce 17%
20/06/08 23:04:21 INFO mapreduce.Job:  map 57% reduce 17%
20/06/08 23:04:26 INFO mapreduce.Job:  map 58% reduce 17%
20/06/08 23:04:30 INFO mapreduce.Job:  map 59% reduce 17%
20/06/08 23:04:38 INFO mapreduce.Job:  map 60% reduce 17%
20/06/08 23:04:39 INFO mapreduce.Job:  map 61% reduce 17%
20/06/08 23:04:42 INFO mapreduce.Job:  map 61% reduce 18%
20/06/08 23:04:44 INFO mapreduce.Job:  map 62% reduce 18%
20/06/08 23:04:46 INFO mapreduce.Job:  map 63% reduce 18%
20/06/08 23:04:48 INFO mapreduce.Job:  map 63% reduce 19%
20/06/08 23:04:49 INFO mapreduce.Job:  map 64% reduce 19%
20/06/08 23:04:50 INFO mapreduce.Job:  map 65% reduce 20%
20/06/08 23:04:53 INFO mapreduce.Job:  map 65% reduce 21%
20/06/08 23:04:54 INFO mapreduce.Job:  map 66% reduce 21%
20/06/08 23:04:56 INFO mapreduce.Job:  map 66% reduce 22%
20/06/08 23:05:00 INFO mapreduce.Job:  map 67% reduce 22%
20/06/08 23:05:03 INFO mapreduce.Job:  map 68% reduce 22%
20/06/08 23:05:09 INFO mapreduce.Job:  map 69% reduce 22%
20/06/08 23:05:14 INFO mapreduce.Job:  map 70% reduce 22%
20/06/08 23:05:21 INFO mapreduce.Job:  map 71% reduce 22%
20/06/08 23:05:25 INFO mapreduce.Job:  map 72% reduce 22%
20/06/08 23:05:31 INFO mapreduce.Job:  map 73% reduce 22%
20/06/08 23:05:35 INFO mapreduce.Job:  map 74% reduce 22%
20/06/08 23:05:39 INFO mapreduce.Job:  map 75% reduce 22%
20/06/08 23:05:43 INFO mapreduce.Job:  map 76% reduce 22%
20/06/08 23:05:45 INFO mapreduce.Job:  map 76% reduce 23%
20/06/08 23:05:46 INFO mapreduce.Job:  map 77% reduce 23%
20/06/08 23:05:49 INFO mapreduce.Job:  map 78% reduce 23%
20/06/08 23:05:51 INFO mapreduce.Job:  map 78% reduce 24%
20/06/08 23:05:52 INFO mapreduce.Job:  map 79% reduce 24%
20/06/08 23:05:54 INFO mapreduce.Job:  map 79% reduce 26%
20/06/08 23:05:55 INFO mapreduce.Job:  map 80% reduce 26%
20/06/08 23:06:01 INFO mapreduce.Job:  map 81% reduce 26%
20/06/08 23:06:04 INFO mapreduce.Job:  map 82% reduce 27%
20/06/08 23:06:05 INFO mapreduce.Job:  map 83% reduce 27%
20/06/08 23:06:08 INFO mapreduce.Job:  map 84% reduce 27%
20/06/08 23:06:10 INFO mapreduce.Job:  map 85% reduce 27%
20/06/08 23:06:11 INFO mapreduce.Job:  map 86% reduce 27%
20/06/08 23:06:14 INFO mapreduce.Job:  map 87% reduce 27%
20/06/08 23:06:19 INFO mapreduce.Job:  map 88% reduce 27%
20/06/08 23:06:21 INFO mapreduce.Job:  map 89% reduce 27%
20/06/08 23:06:22 INFO mapreduce.Job:  map 90% reduce 28%
20/06/08 23:06:25 INFO mapreduce.Job:  map 90% reduce 29%
20/06/08 23:06:26 INFO mapreduce.Job:  map 91% reduce 29%
20/06/08 23:06:30 INFO mapreduce.Job:  map 92% reduce 29%
20/06/08 23:06:32 INFO mapreduce.Job:  map 94% reduce 29%
20/06/08 23:06:36 INFO mapreduce.Job:  map 95% reduce 29%
20/06/08 23:06:37 INFO mapreduce.Job:  map 96% reduce 30%
20/06/08 23:06:41 INFO mapreduce.Job:  map 97% reduce 30%
20/06/08 23:06:43 INFO mapreduce.Job:  map 98% reduce 31%
20/06/08 23:06:47 INFO mapreduce.Job:  map 98% reduce 32%
20/06/08 23:06:48 INFO mapreduce.Job:  map 99% reduce 32%
20/06/08 23:06:51 INFO mapreduce.Job:  map 100% reduce 32%
20/06/08 23:06:53 INFO mapreduce.Job:  map 100% reduce 67%
20/06/08 23:06:56 INFO mapreduce.Job:  map 100% reduce 73%
20/06/08 23:06:59 INFO mapreduce.Job:  map 100% reduce 78%
20/06/08 23:07:02 INFO mapreduce.Job:  map 100% reduce 83%
20/06/08 23:07:05 INFO mapreduce.Job:  map 100% reduce 90%
20/06/08 23:07:08 INFO mapreduce.Job:  map 100% reduce 98%
20/06/08 23:07:09 INFO mapreduce.Job:  map 100% reduce 100%
20/06/08 23:07:09 INFO mapreduce.Job: Job job_1591621296179_0020 completed successfully
20/06/08 23:07:09 INFO mapreduce.Job: Counters: 51
	File System Counters
		FILE: Number of bytes read=1636731031
		FILE: Number of bytes written=2423434611
		FILE: Number of read operations=0
		FILE: Number of large read operations=0
		FILE: Number of write operations=0
		HDFS: Number of bytes read=11025982697
		HDFS: Number of bytes written=460917118
		HDFS: Number of read operations=273
		HDFS: Number of large read operations=0
		HDFS: Number of write operations=2
	Job Counters 
		Killed map tasks=1
		Launched map tasks=91
		Launched reduce tasks=1
		Data-local map tasks=90
		Rack-local map tasks=1
		Total time spent by all maps in occupied slots (ms)=5108695
		Total time spent by all reduces in occupied slots (ms)=345335
		Total time spent by all map tasks (ms)=5108695
		Total time spent by all reduce tasks (ms)=345335
		Total vcore-milliseconds taken by all map tasks=5108695
		Total vcore-milliseconds taken by all reduce tasks=345335
		Total megabyte-milliseconds taken by all map tasks=5231303680
		Total megabyte-milliseconds taken by all reduce tasks=353623040
	Map-Reduce Framework
		Map input records=1179701
		Map output records=1011284177
		Map output bytes=19272097624
		Map output materialized bytes=775493083
		Input split bytes=10530
		Combine input records=1036276519
		Combine output records=47597972
		Reduce input groups=9840744
		Reduce shuffle bytes=775493083
		Reduce input records=22605630
		Reduce output records=9840744
		Spilled Records=70882241
		Shuffled Maps =90
		Failed Shuffles=0
		Merged Map outputs=90
		GC time elapsed (ms)=108562
		CPU time spent (ms)=2081530
		Physical memory (bytes) snapshot=25188089856
		Virtual memory (bytes) snapshot=191953870848
		Total committed heap usage (bytes)=18938331136
	Shuffle Errors
		BAD_ID=0
		CONNECTION=0
		IO_ERROR=0
		WRONG_LENGTH=0
		WRONG_MAP=0
		WRONG_REDUCE=0
	File Input Format Counters 
		Bytes Read=11025972167
	File Output Format Counters 
		Bytes Written=460917118
20/06/08 23:07:09 INFO client.RMProxy: Connecting to ResourceManager at master/10.51.17.95:8032
20/06/08 23:07:09 INFO input.FileInputFormat: Total input paths to process : 1
20/06/08 23:07:09 INFO mapreduce.JobSubmitter: number of splits:4
20/06/08 23:07:09 INFO mapreduce.JobSubmitter: Submitting tokens for job: job_1591621296179_0021
20/06/08 23:07:09 INFO impl.YarnClientImpl: Submitted application application_1591621296179_0021
20/06/08 23:07:09 INFO mapreduce.Job: The url to track the job: http://master:8088/proxy/application_1591621296179_0021/
20/06/08 23:07:09 INFO mapreduce.Job: Running job: job_1591621296179_0021
20/06/08 23:07:18 INFO mapreduce.Job: Job job_1591621296179_0021 running in uber mode : false
20/06/08 23:07:18 INFO mapreduce.Job:  map 0% reduce 0%
20/06/08 23:07:28 INFO mapreduce.Job:  map 25% reduce 0%
20/06/08 23:07:29 INFO mapreduce.Job:  map 36% reduce 0%
20/06/08 23:07:31 INFO mapreduce.Job:  map 59% reduce 0%
20/06/08 23:07:33 INFO mapreduce.Job:  map 72% reduce 0%
20/06/08 23:07:34 INFO mapreduce.Job:  map 86% reduce 0%
20/06/08 23:07:35 INFO mapreduce.Job:  map 92% reduce 0%
20/06/08 23:07:37 INFO mapreduce.Job:  map 100% reduce 0%
20/06/08 23:07:39 INFO mapreduce.Job:  map 100% reduce 73%
20/06/08 23:07:42 INFO mapreduce.Job:  map 100% reduce 87%
20/06/08 23:07:45 INFO mapreduce.Job:  map 100% reduce 100%
20/06/08 23:07:46 INFO mapreduce.Job: Job job_1591621296179_0021 completed successfully
20/06/08 23:07:46 INFO mapreduce.Job: Counters: 50
	File System Counters
		FILE: Number of bytes read=741784466
		FILE: Number of bytes written=1139765118
		FILE: Number of read operations=0
		FILE: Number of large read operations=0
		FILE: Number of write operations=0
		HDFS: Number of bytes read=460921465
		HDFS: Number of bytes written=319298814
		HDFS: Number of read operations=19
		HDFS: Number of large read operations=0
		HDFS: Number of write operations=2
	Job Counters 
		Killed map tasks=1
		Launched map tasks=5
		Launched reduce tasks=1
		Data-local map tasks=5
		Total time spent by all maps in occupied slots (ms)=52488
		Total time spent by all reduces in occupied slots (ms)=13870
		Total time spent by all map tasks (ms)=52488
		Total time spent by all reduce tasks (ms)=13870
		Total vcore-milliseconds taken by all map tasks=52488
		Total vcore-milliseconds taken by all reduce tasks=13870
		Total megabyte-milliseconds taken by all map tasks=53747712
		Total megabyte-milliseconds taken by all reduce tasks=14202880
	Map-Reduce Framework
		Map input records=9840744
		Map output records=9840744
		Map output bytes=377685800
		Map output materialized bytes=397367312
		Input split bytes=508
		Combine input records=0
		Combine output records=0
		Reduce input groups=1257
		Reduce shuffle bytes=397367312
		Reduce input records=9840744
		Reduce output records=9840744
		Spilled Records=28731285
		Shuffled Maps =4
		Failed Shuffles=0
		Merged Map outputs=4
		GC time elapsed (ms)=1431
		CPU time spent (ms)=41390
		Physical memory (bytes) snapshot=1285464064
		Virtual memory (bytes) snapshot=10547535872
		Total committed heap usage (bytes)=940572672
	Shuffle Errors
		BAD_ID=0
		CONNECTION=0
		IO_ERROR=0
		WRONG_LENGTH=0
		WRONG_MAP=0
		WRONG_REDUCE=0
	File Input Format Counters 
		Bytes Read=460920957
	File Output Format Counters 
		Bytes Written=319298814
