20/06/13 04:33:51 INFO client.RMProxy: Connecting to ResourceManager at master/10.51.17.95:8032
20/06/13 04:33:51 INFO client.RMProxy: Connecting to ResourceManager at master/10.51.17.95:8032
20/06/13 04:33:52 INFO input.FileInputFormat: Total input paths to process : 10
20/06/13 04:33:52 INFO mapreduce.JobSubmitter: number of splits:80
20/06/13 04:33:52 INFO mapreduce.JobSubmitter: Submitting tokens for job: job_1591989886391_0004
20/06/13 04:33:53 INFO impl.YarnClientImpl: Submitted application application_1591989886391_0004
20/06/13 04:33:53 INFO mapreduce.Job: The url to track the job: http://master:8088/proxy/application_1591989886391_0004/
20/06/13 04:33:53 INFO mapreduce.Job: Running job: job_1591989886391_0004
20/06/13 04:34:04 INFO mapreduce.Job: Job job_1591989886391_0004 running in uber mode : false
20/06/13 04:34:04 INFO mapreduce.Job:  map 0% reduce 0%
20/06/13 04:34:18 INFO mapreduce.Job:  map 4% reduce 0%
20/06/13 04:34:19 INFO mapreduce.Job:  map 7% reduce 0%
20/06/13 04:34:20 INFO mapreduce.Job:  map 8% reduce 0%
20/06/13 04:34:21 INFO mapreduce.Job:  map 13% reduce 0%
20/06/13 04:34:22 INFO mapreduce.Job:  map 15% reduce 0%
20/06/13 04:34:28 INFO mapreduce.Job:  map 16% reduce 0%
20/06/13 04:34:31 INFO mapreduce.Job:  map 17% reduce 0%
20/06/13 04:34:32 INFO mapreduce.Job:  map 19% reduce 0%
20/06/13 04:34:34 INFO mapreduce.Job:  map 20% reduce 0%
20/06/13 04:34:35 INFO mapreduce.Job:  map 21% reduce 0%
20/06/13 04:34:37 INFO mapreduce.Job:  map 22% reduce 0%
20/06/13 04:34:38 INFO mapreduce.Job:  map 23% reduce 2%
20/06/13 04:34:42 INFO mapreduce.Job:  map 24% reduce 2%
20/06/13 04:34:44 INFO mapreduce.Job:  map 25% reduce 2%
20/06/13 04:34:46 INFO mapreduce.Job:  map 27% reduce 2%
20/06/13 04:34:47 INFO mapreduce.Job:  map 28% reduce 2%
20/06/13 04:34:48 INFO mapreduce.Job:  map 29% reduce 2%
20/06/13 04:34:49 INFO mapreduce.Job:  map 30% reduce 2%
20/06/13 04:34:50 INFO mapreduce.Job:  map 31% reduce 3%
20/06/13 04:34:53 INFO mapreduce.Job:  map 31% reduce 4%
20/06/13 04:34:54 INFO mapreduce.Job:  map 32% reduce 4%
20/06/13 04:34:56 INFO mapreduce.Job:  map 32% reduce 5%
20/06/13 04:34:57 INFO mapreduce.Job:  map 33% reduce 5%
20/06/13 04:35:02 INFO mapreduce.Job:  map 33% reduce 6%
20/06/13 04:35:03 INFO mapreduce.Job:  map 34% reduce 6%
20/06/13 04:35:06 INFO mapreduce.Job:  map 35% reduce 6%
20/06/13 04:35:07 INFO mapreduce.Job:  map 35% reduce 8%
20/06/13 04:35:09 INFO mapreduce.Job:  map 36% reduce 8%
20/06/13 04:35:10 INFO mapreduce.Job:  map 37% reduce 8%
20/06/13 04:35:12 INFO mapreduce.Job:  map 38% reduce 8%
20/06/13 04:35:14 INFO mapreduce.Job:  map 39% reduce 8%
20/06/13 04:35:15 INFO mapreduce.Job:  map 40% reduce 8%
20/06/13 04:35:17 INFO mapreduce.Job:  map 40% reduce 9%
20/06/13 04:35:19 INFO mapreduce.Job:  map 41% reduce 9%
20/06/13 04:35:20 INFO mapreduce.Job:  map 41% reduce 10%
20/06/13 04:35:24 INFO mapreduce.Job:  map 42% reduce 10%
20/06/13 04:35:26 INFO mapreduce.Job:  map 43% reduce 10%
20/06/13 04:35:27 INFO mapreduce.Job:  map 45% reduce 10%
20/06/13 04:35:30 INFO mapreduce.Job:  map 47% reduce 10%
20/06/13 04:35:32 INFO mapreduce.Job:  map 48% reduce 10%
20/06/13 04:35:33 INFO mapreduce.Job:  map 50% reduce 10%
20/06/13 04:35:35 INFO mapreduce.Job:  map 50% reduce 11%
20/06/13 04:35:36 INFO mapreduce.Job:  map 52% reduce 11%
20/06/13 04:35:39 INFO mapreduce.Job:  map 53% reduce 11%
20/06/13 04:35:40 INFO mapreduce.Job:  map 53% reduce 12%
20/06/13 04:35:46 INFO mapreduce.Job:  map 54% reduce 12%
20/06/13 04:35:47 INFO mapreduce.Job:  map 55% reduce 12%
20/06/13 04:35:49 INFO mapreduce.Job:  map 56% reduce 12%
20/06/13 04:35:50 INFO mapreduce.Job:  map 57% reduce 12%
20/06/13 04:35:52 INFO mapreduce.Job:  map 58% reduce 12%
20/06/13 04:35:55 INFO mapreduce.Job:  map 59% reduce 12%
20/06/13 04:35:56 INFO mapreduce.Job:  map 60% reduce 12%
20/06/13 04:35:57 INFO mapreduce.Job:  map 60% reduce 13%
20/06/13 04:35:58 INFO mapreduce.Job:  map 61% reduce 13%
20/06/13 04:35:59 INFO mapreduce.Job:  map 62% reduce 13%
20/06/13 04:36:01 INFO mapreduce.Job:  map 63% reduce 13%
20/06/13 04:36:02 INFO mapreduce.Job:  map 63% reduce 14%
20/06/13 04:36:04 INFO mapreduce.Job:  map 64% reduce 14%
20/06/13 04:36:07 INFO mapreduce.Job:  map 65% reduce 14%
20/06/13 04:36:09 INFO mapreduce.Job:  map 66% reduce 14%
20/06/13 04:36:12 INFO mapreduce.Job:  map 68% reduce 14%
20/06/13 04:36:14 INFO mapreduce.Job:  map 69% reduce 14%
20/06/13 04:36:18 INFO mapreduce.Job:  map 70% reduce 14%
20/06/13 04:36:19 INFO mapreduce.Job:  map 71% reduce 15%
20/06/13 04:36:20 INFO mapreduce.Job:  map 72% reduce 15%
20/06/13 04:36:21 INFO mapreduce.Job:  map 73% reduce 15%
20/06/13 04:36:24 INFO mapreduce.Job:  map 73% reduce 16%
20/06/13 04:36:26 INFO mapreduce.Job:  map 74% reduce 16%
20/06/13 04:36:31 INFO mapreduce.Job:  map 75% reduce 16%
20/06/13 04:36:35 INFO mapreduce.Job:  map 76% reduce 16%
20/06/13 04:36:39 INFO mapreduce.Job:  map 77% reduce 16%
20/06/13 04:36:40 INFO mapreduce.Job:  map 78% reduce 16%
20/06/13 04:36:41 INFO mapreduce.Job:  map 79% reduce 16%
20/06/13 04:36:44 INFO mapreduce.Job:  map 80% reduce 16%
20/06/13 04:36:52 INFO mapreduce.Job:  map 81% reduce 16%
20/06/13 04:36:55 INFO mapreduce.Job:  map 82% reduce 16%
20/06/13 04:36:59 INFO mapreduce.Job:  map 83% reduce 17%
20/06/13 04:37:00 INFO mapreduce.Job:  map 84% reduce 17%
20/06/13 04:37:03 INFO mapreduce.Job:  map 84% reduce 18%
20/06/13 04:37:04 INFO mapreduce.Job:  map 85% reduce 18%
20/06/13 04:37:10 INFO mapreduce.Job:  map 86% reduce 18%
20/06/13 04:37:12 INFO mapreduce.Job:  map 87% reduce 18%
20/06/13 04:37:24 INFO mapreduce.Job:  map 88% reduce 18%
20/06/13 04:37:27 INFO mapreduce.Job:  map 89% reduce 18%
20/06/13 04:37:34 INFO mapreduce.Job:  map 90% reduce 19%
20/06/13 04:37:38 INFO mapreduce.Job:  map 91% reduce 20%
20/06/13 04:37:43 INFO mapreduce.Job:  map 92% reduce 21%
20/06/13 04:37:45 INFO mapreduce.Job:  map 93% reduce 21%
20/06/13 04:37:53 INFO mapreduce.Job:  map 94% reduce 21%
20/06/13 04:37:57 INFO mapreduce.Job:  map 95% reduce 21%
20/06/13 04:38:03 INFO mapreduce.Job:  map 96% reduce 21%
20/06/13 04:38:10 INFO mapreduce.Job:  map 97% reduce 22%
20/06/13 04:38:15 INFO mapreduce.Job:  map 98% reduce 22%
20/06/13 04:38:18 INFO mapreduce.Job:  map 99% reduce 22%
20/06/13 04:38:19 INFO mapreduce.Job:  map 100% reduce 22%
20/06/13 04:38:23 INFO mapreduce.Job:  map 100% reduce 23%
20/06/13 04:38:42 INFO mapreduce.Job:  map 100% reduce 24%
20/06/13 04:38:46 INFO mapreduce.Job:  map 100% reduce 25%
20/06/13 04:38:57 INFO mapreduce.Job:  map 100% reduce 26%
20/06/13 04:39:04 INFO mapreduce.Job:  map 100% reduce 27%
20/06/13 04:39:16 INFO mapreduce.Job:  map 100% reduce 28%
20/06/13 04:39:18 INFO mapreduce.Job:  map 100% reduce 29%
20/06/13 04:39:21 INFO mapreduce.Job:  map 100% reduce 30%
20/06/13 04:39:27 INFO mapreduce.Job:  map 100% reduce 34%
20/06/13 04:39:30 INFO mapreduce.Job:  map 100% reduce 37%
20/06/13 04:39:33 INFO mapreduce.Job:  map 100% reduce 39%
20/06/13 04:39:36 INFO mapreduce.Job:  map 100% reduce 42%
20/06/13 04:39:44 INFO mapreduce.Job:  map 100% reduce 43%
20/06/13 04:39:45 INFO mapreduce.Job:  map 100% reduce 48%
20/06/13 04:39:47 INFO mapreduce.Job:  map 100% reduce 49%
20/06/13 04:39:48 INFO mapreduce.Job:  map 100% reduce 54%
20/06/13 04:39:51 INFO mapreduce.Job:  map 100% reduce 56%
20/06/13 04:39:53 INFO mapreduce.Job:  map 100% reduce 61%
20/06/13 04:39:56 INFO mapreduce.Job:  map 100% reduce 63%
20/06/13 04:39:59 INFO mapreduce.Job:  map 100% reduce 64%
20/06/13 04:40:06 INFO mapreduce.Job:  map 100% reduce 67%
20/06/13 04:40:08 INFO mapreduce.Job:  map 100% reduce 70%
20/06/13 04:40:09 INFO mapreduce.Job:  map 100% reduce 71%
20/06/13 04:40:15 INFO mapreduce.Job:  map 100% reduce 72%
20/06/13 04:40:25 INFO mapreduce.Job:  map 100% reduce 74%
20/06/13 04:40:28 INFO mapreduce.Job:  map 100% reduce 75%
20/06/13 04:40:31 INFO mapreduce.Job:  map 100% reduce 76%
20/06/13 04:40:37 INFO mapreduce.Job:  map 100% reduce 77%
20/06/13 04:40:40 INFO mapreduce.Job:  map 100% reduce 78%
20/06/13 04:40:42 INFO mapreduce.Job:  map 100% reduce 79%
20/06/13 04:40:43 INFO mapreduce.Job:  map 100% reduce 80%
20/06/13 04:40:48 INFO mapreduce.Job:  map 100% reduce 81%
20/06/13 04:40:55 INFO mapreduce.Job:  map 100% reduce 82%
20/06/13 04:40:57 INFO mapreduce.Job:  map 100% reduce 83%
20/06/13 04:40:58 INFO mapreduce.Job:  map 100% reduce 84%
20/06/13 04:41:01 INFO mapreduce.Job:  map 100% reduce 85%
20/06/13 04:41:09 INFO mapreduce.Job:  map 100% reduce 86%
20/06/13 04:41:13 INFO mapreduce.Job:  map 100% reduce 87%
20/06/13 04:41:16 INFO mapreduce.Job:  map 100% reduce 88%
20/06/13 04:41:18 INFO mapreduce.Job:  map 100% reduce 89%
20/06/13 04:41:22 INFO mapreduce.Job:  map 100% reduce 90%
20/06/13 04:41:27 INFO mapreduce.Job:  map 100% reduce 91%
20/06/13 04:41:33 INFO mapreduce.Job:  map 100% reduce 92%
20/06/13 04:41:39 INFO mapreduce.Job:  map 100% reduce 93%
20/06/13 04:41:42 INFO mapreduce.Job:  map 100% reduce 94%
20/06/13 04:41:45 INFO mapreduce.Job:  map 100% reduce 95%
20/06/13 04:41:49 INFO mapreduce.Job:  map 100% reduce 96%
20/06/13 04:41:54 INFO mapreduce.Job:  map 100% reduce 97%
20/06/13 04:41:57 INFO mapreduce.Job:  map 100% reduce 98%
20/06/13 04:42:03 INFO mapreduce.Job:  map 100% reduce 99%
20/06/13 04:42:06 INFO mapreduce.Job:  map 100% reduce 100%
20/06/13 04:42:09 INFO mapreduce.Job: Job job_1591989886391_0004 completed successfully
20/06/13 04:42:09 INFO mapreduce.Job: Counters: 51
	File System Counters
		FILE: Number of bytes read=31976638089
		FILE: Number of bytes written=42737169405
		FILE: Number of read operations=0
		FILE: Number of large read operations=0
		FILE: Number of write operations=0
		HDFS: Number of bytes read=10774078784
		HDFS: Number of bytes written=10772836773
		HDFS: Number of read operations=329
		HDFS: Number of large read operations=0
		HDFS: Number of write operations=6
	Job Counters 
		Killed map tasks=4
		Launched map tasks=84
		Launched reduce tasks=3
		Data-local map tasks=79
		Rack-local map tasks=5
		Total time spent by all maps in occupied slots (ms)=2622318
		Total time spent by all reduces in occupied slots (ms)=1307495
		Total time spent by all map tasks (ms)=2622318
		Total time spent by all reduce tasks (ms)=1307495
		Total vcore-milliseconds taken by all map tasks=2622318
		Total vcore-milliseconds taken by all reduce tasks=1307495
		Total megabyte-milliseconds taken by all map tasks=2685253632
		Total megabyte-milliseconds taken by all reduce tasks=1338874880
	Map-Reduce Framework
		Map input records=1021980
		Map output records=1021980
		Map output bytes=10745655045
		Map output materialized bytes=10751402439
		Input split bytes=9040
		Combine input records=0
		Combine output records=0
		Reduce input groups=1021980
		Reduce shuffle bytes=10751402439
		Reduce input records=1021980
		Reduce output records=1021980
		Spilled Records=4061514
		Shuffled Maps =240
		Failed Shuffles=0
		Merged Map outputs=240
		GC time elapsed (ms)=16454
		CPU time spent (ms)=261930
		Physical memory (bytes) snapshot=22028201984
		Virtual memory (bytes) snapshot=175094304768
		Total committed heap usage (bytes)=16079912960
	Shuffle Errors
		BAD_ID=0
		CONNECTION=0
		IO_ERROR=0
		WRONG_LENGTH=0
		WRONG_MAP=0
		WRONG_REDUCE=0
	File Input Format Counters 
		Bytes Read=10774069744
	File Output Format Counters 
		Bytes Written=10772836773
