20/06/10 13:42:04 INFO client.RMProxy: Connecting to ResourceManager at master/10.51.17.95:8032
20/06/10 13:42:05 INFO client.RMProxy: Connecting to ResourceManager at master/10.51.17.95:8032
20/06/10 13:42:05 INFO input.FileInputFormat: Total input paths to process : 10
20/06/10 13:42:05 INFO mapreduce.JobSubmitter: number of splits:80
20/06/10 13:42:06 INFO mapreduce.JobSubmitter: Submitting tokens for job: job_1591764064829_0002
20/06/10 13:42:06 INFO impl.YarnClientImpl: Submitted application application_1591764064829_0002
20/06/10 13:42:06 INFO mapreduce.Job: The url to track the job: http://master:8088/proxy/application_1591764064829_0002/
20/06/10 13:42:06 INFO mapreduce.Job: Running job: job_1591764064829_0002
20/06/10 13:42:15 INFO mapreduce.Job: Job job_1591764064829_0002 running in uber mode : false
20/06/10 13:42:15 INFO mapreduce.Job:  map 0% reduce 0%
20/06/10 13:42:27 INFO mapreduce.Job:  map 1% reduce 0%
20/06/10 13:42:28 INFO mapreduce.Job:  map 3% reduce 0%
20/06/10 13:42:29 INFO mapreduce.Job:  map 7% reduce 0%
20/06/10 13:42:30 INFO mapreduce.Job:  map 9% reduce 0%
20/06/10 13:42:31 INFO mapreduce.Job:  map 16% reduce 0%
20/06/10 13:42:35 INFO mapreduce.Job:  map 17% reduce 0%
20/06/10 13:42:37 INFO mapreduce.Job:  map 18% reduce 0%
20/06/10 13:42:38 INFO mapreduce.Job:  map 19% reduce 0%
20/06/10 13:42:39 INFO mapreduce.Job:  map 20% reduce 0%
20/06/10 13:42:42 INFO mapreduce.Job:  map 23% reduce 0%
20/06/10 13:42:43 INFO mapreduce.Job:  map 25% reduce 0%
20/06/10 13:42:45 INFO mapreduce.Job:  map 26% reduce 0%
20/06/10 13:42:46 INFO mapreduce.Job:  map 26% reduce 2%
20/06/10 13:42:47 INFO mapreduce.Job:  map 28% reduce 2%
20/06/10 13:42:48 INFO mapreduce.Job:  map 29% reduce 2%
20/06/10 13:42:49 INFO mapreduce.Job:  map 29% reduce 3%
20/06/10 13:42:50 INFO mapreduce.Job:  map 30% reduce 3%
20/06/10 13:42:51 INFO mapreduce.Job:  map 31% reduce 3%
20/06/10 13:42:52 INFO mapreduce.Job:  map 32% reduce 3%
20/06/10 13:42:53 INFO mapreduce.Job:  map 33% reduce 3%
20/06/10 13:42:54 INFO mapreduce.Job:  map 33% reduce 5%
20/06/10 13:42:55 INFO mapreduce.Job:  map 34% reduce 5%
20/06/10 13:42:56 INFO mapreduce.Job:  map 35% reduce 6%
20/06/10 13:42:57 INFO mapreduce.Job:  map 36% reduce 6%
20/06/10 13:42:58 INFO mapreduce.Job:  map 37% reduce 6%
20/06/10 13:42:59 INFO mapreduce.Job:  map 38% reduce 6%
20/06/10 13:43:01 INFO mapreduce.Job:  map 39% reduce 6%
20/06/10 13:43:02 INFO mapreduce.Job:  map 40% reduce 7%
20/06/10 13:43:04 INFO mapreduce.Job:  map 41% reduce 7%
20/06/10 13:43:06 INFO mapreduce.Job:  map 41% reduce 8%
20/06/10 13:43:09 INFO mapreduce.Job:  map 42% reduce 8%
20/06/10 13:43:11 INFO mapreduce.Job:  map 42% reduce 9%
20/06/10 13:43:12 INFO mapreduce.Job:  map 43% reduce 9%
20/06/10 13:43:14 INFO mapreduce.Job:  map 44% reduce 9%
20/06/10 13:43:16 INFO mapreduce.Job:  map 45% reduce 9%
20/06/10 13:43:17 INFO mapreduce.Job:  map 46% reduce 10%
20/06/10 13:43:18 INFO mapreduce.Job:  map 47% reduce 10%
20/06/10 13:43:22 INFO mapreduce.Job:  map 48% reduce 11%
20/06/10 13:43:26 INFO mapreduce.Job:  map 49% reduce 11%
20/06/10 13:43:27 INFO mapreduce.Job:  map 50% reduce 12%
20/06/10 13:43:30 INFO mapreduce.Job:  map 52% reduce 12%
20/06/10 13:43:32 INFO mapreduce.Job:  map 53% reduce 12%
20/06/10 13:43:33 INFO mapreduce.Job:  map 54% reduce 12%
20/06/10 13:43:34 INFO mapreduce.Job:  map 55% reduce 13%
20/06/10 13:43:41 INFO mapreduce.Job:  map 57% reduce 13%
20/06/10 13:43:43 INFO mapreduce.Job:  map 58% reduce 14%
20/06/10 13:43:46 INFO mapreduce.Job:  map 59% reduce 14%
20/06/10 13:43:47 INFO mapreduce.Job:  map 60% reduce 14%
20/06/10 13:43:49 INFO mapreduce.Job:  map 61% reduce 14%
20/06/10 13:43:50 INFO mapreduce.Job:  map 62% reduce 14%
20/06/10 13:43:52 INFO mapreduce.Job:  map 63% reduce 15%
20/06/10 13:43:55 INFO mapreduce.Job:  map 64% reduce 16%
20/06/10 13:43:58 INFO mapreduce.Job:  map 64% reduce 17%
20/06/10 13:44:00 INFO mapreduce.Job:  map 66% reduce 17%
20/06/10 13:44:02 INFO mapreduce.Job:  map 67% reduce 17%
20/06/10 13:44:04 INFO mapreduce.Job:  map 68% reduce 18%
20/06/10 13:44:05 INFO mapreduce.Job:  map 69% reduce 18%
20/06/10 13:44:10 INFO mapreduce.Job:  map 70% reduce 18%
20/06/10 13:44:11 INFO mapreduce.Job:  map 71% reduce 19%
20/06/10 13:44:12 INFO mapreduce.Job:  map 72% reduce 19%
20/06/10 13:44:14 INFO mapreduce.Job:  map 73% reduce 19%
20/06/10 13:44:15 INFO mapreduce.Job:  map 74% reduce 19%
20/06/10 13:44:16 INFO mapreduce.Job:  map 74% reduce 20%
20/06/10 13:44:17 INFO mapreduce.Job:  map 75% reduce 20%
20/06/10 13:44:20 INFO mapreduce.Job:  map 76% reduce 20%
20/06/10 13:44:21 INFO mapreduce.Job:  map 77% reduce 20%
20/06/10 13:44:23 INFO mapreduce.Job:  map 78% reduce 21%
20/06/10 13:44:26 INFO mapreduce.Job:  map 79% reduce 21%
20/06/10 13:44:31 INFO mapreduce.Job:  map 79% reduce 22%
20/06/10 13:44:32 INFO mapreduce.Job:  map 81% reduce 22%
20/06/10 13:44:34 INFO mapreduce.Job:  map 82% reduce 22%
20/06/10 13:44:35 INFO mapreduce.Job:  map 83% reduce 22%
20/06/10 13:44:37 INFO mapreduce.Job:  map 84% reduce 23%
20/06/10 13:44:39 INFO mapreduce.Job:  map 85% reduce 23%
20/06/10 13:44:41 INFO mapreduce.Job:  map 86% reduce 23%
20/06/10 13:44:42 INFO mapreduce.Job:  map 87% reduce 23%
20/06/10 13:44:43 INFO mapreduce.Job:  map 87% reduce 24%
20/06/10 13:44:46 INFO mapreduce.Job:  map 87% reduce 25%
20/06/10 13:44:52 INFO mapreduce.Job:  map 88% reduce 25%
20/06/10 13:44:55 INFO mapreduce.Job:  map 89% reduce 25%
20/06/10 13:44:56 INFO mapreduce.Job:  map 90% reduce 26%
20/06/10 13:44:57 INFO mapreduce.Job:  map 91% reduce 26%
20/06/10 13:44:58 INFO mapreduce.Job:  map 92% reduce 26%
20/06/10 13:44:59 INFO mapreduce.Job:  map 92% reduce 27%
20/06/10 13:45:01 INFO mapreduce.Job:  map 93% reduce 27%
20/06/10 13:45:02 INFO mapreduce.Job:  map 93% reduce 28%
20/06/10 13:45:06 INFO mapreduce.Job:  map 94% reduce 28%
20/06/10 13:45:08 INFO mapreduce.Job:  map 94% reduce 29%
20/06/10 13:45:14 INFO mapreduce.Job:  map 95% reduce 29%
20/06/10 13:45:16 INFO mapreduce.Job:  map 95% reduce 30%
20/06/10 13:45:20 INFO mapreduce.Job:  map 95% reduce 31%
20/06/10 13:45:26 INFO mapreduce.Job:  map 95% reduce 32%
20/06/10 13:45:28 INFO mapreduce.Job:  map 96% reduce 32%
20/06/10 13:45:35 INFO mapreduce.Job:  map 98% reduce 32%
20/06/10 13:45:36 INFO mapreduce.Job:  map 100% reduce 36%
20/06/10 13:45:38 INFO mapreduce.Job:  map 100% reduce 42%
20/06/10 13:45:39 INFO mapreduce.Job:  map 100% reduce 59%
20/06/10 13:45:41 INFO mapreduce.Job:  map 100% reduce 64%
20/06/10 13:45:42 INFO mapreduce.Job:  map 100% reduce 67%
20/06/10 13:45:44 INFO mapreduce.Job:  map 100% reduce 68%
20/06/10 13:45:47 INFO mapreduce.Job:  map 100% reduce 69%
20/06/10 13:45:48 INFO mapreduce.Job:  map 100% reduce 70%
20/06/10 13:45:50 INFO mapreduce.Job:  map 100% reduce 71%
20/06/10 13:45:51 INFO mapreduce.Job:  map 100% reduce 72%
20/06/10 13:45:54 INFO mapreduce.Job:  map 100% reduce 74%
20/06/10 13:45:56 INFO mapreduce.Job:  map 100% reduce 75%
20/06/10 13:46:00 INFO mapreduce.Job:  map 100% reduce 77%
20/06/10 13:46:02 INFO mapreduce.Job:  map 100% reduce 78%
20/06/10 13:46:03 INFO mapreduce.Job:  map 100% reduce 79%
20/06/10 13:46:05 INFO mapreduce.Job:  map 100% reduce 80%
20/06/10 13:46:08 INFO mapreduce.Job:  map 100% reduce 81%
20/06/10 13:46:11 INFO mapreduce.Job:  map 100% reduce 82%
20/06/10 13:46:12 INFO mapreduce.Job:  map 100% reduce 83%
20/06/10 13:46:14 INFO mapreduce.Job:  map 100% reduce 84%
20/06/10 13:46:15 INFO mapreduce.Job:  map 100% reduce 85%
20/06/10 13:46:18 INFO mapreduce.Job:  map 100% reduce 86%
20/06/10 13:46:20 INFO mapreduce.Job:  map 100% reduce 87%
20/06/10 13:46:21 INFO mapreduce.Job:  map 100% reduce 88%
20/06/10 13:46:26 INFO mapreduce.Job:  map 100% reduce 89%
20/06/10 13:46:27 INFO mapreduce.Job:  map 100% reduce 90%
20/06/10 13:46:29 INFO mapreduce.Job:  map 100% reduce 91%
20/06/10 13:46:30 INFO mapreduce.Job:  map 100% reduce 92%
20/06/10 13:46:36 INFO mapreduce.Job:  map 100% reduce 93%
20/06/10 13:46:39 INFO mapreduce.Job:  map 100% reduce 95%
20/06/10 13:46:42 INFO mapreduce.Job:  map 100% reduce 96%
20/06/10 13:46:45 INFO mapreduce.Job:  map 100% reduce 98%
20/06/10 13:46:48 INFO mapreduce.Job:  map 100% reduce 99%
20/06/10 13:46:51 INFO mapreduce.Job:  map 100% reduce 100%
20/06/10 13:46:52 INFO mapreduce.Job: Job job_1591764064829_0002 completed successfully
20/06/10 13:46:52 INFO mapreduce.Job: Counters: 51
	File System Counters
		FILE: Number of bytes read=31975687830
		FILE: Number of bytes written=42736284115
		FILE: Number of read operations=0
		FILE: Number of large read operations=0
		FILE: Number of write operations=0
		HDFS: Number of bytes read=10774144712
		HDFS: Number of bytes written=10772873817
		HDFS: Number of read operations=329
		HDFS: Number of large read operations=0
		HDFS: Number of write operations=6
	Job Counters 
		Killed map tasks=3
		Launched map tasks=82
		Launched reduce tasks=3
		Data-local map tasks=69
		Rack-local map tasks=13
		Total time spent by all maps in occupied slots (ms)=1928165
		Total time spent by all reduces in occupied slots (ms)=725040
		Total time spent by all map tasks (ms)=1928165
		Total time spent by all reduce tasks (ms)=725040
		Total vcore-milliseconds taken by all map tasks=1928165
		Total vcore-milliseconds taken by all reduce tasks=725040
		Total megabyte-milliseconds taken by all map tasks=1974440960
		Total megabyte-milliseconds taken by all reduce tasks=742440960
	Map-Reduce Framework
		Map input records=1022416
		Map output records=1022416
		Map output bytes=10745681541
		Map output materialized bytes=10751430610
		Input split bytes=9040
		Combine input records=0
		Combine output records=0
		Reduce input groups=1022416
		Reduce shuffle bytes=10751430610
		Reduce input records=1022416
		Reduce output records=1022416
		Spilled Records=4063077
		Shuffled Maps =240
		Failed Shuffles=0
		Merged Map outputs=240
		GC time elapsed (ms)=13675
		CPU time spent (ms)=223680
		Physical memory (bytes) snapshot=21965209600
		Virtual memory (bytes) snapshot=175150907392
		Total committed heap usage (bytes)=16490430464
	Shuffle Errors
		BAD_ID=0
		CONNECTION=0
		IO_ERROR=0
		WRONG_LENGTH=0
		WRONG_MAP=0
		WRONG_REDUCE=0
	File Input Format Counters 
		Bytes Read=10774135672
	File Output Format Counters 
		Bytes Written=10772873817
