20/06/10 11:57:02 INFO client.RMProxy: Connecting to ResourceManager at master/10.51.17.95:8032
20/06/10 11:57:03 INFO client.RMProxy: Connecting to ResourceManager at master/10.51.17.95:8032
20/06/10 11:57:03 INFO input.FileInputFormat: Total input paths to process : 10
20/06/10 11:57:03 INFO mapreduce.JobSubmitter: number of splits:80
20/06/10 11:57:03 INFO mapreduce.JobSubmitter: Submitting tokens for job: job_1591757760736_0002
20/06/10 11:57:04 INFO impl.YarnClientImpl: Submitted application application_1591757760736_0002
20/06/10 11:57:04 INFO mapreduce.Job: The url to track the job: http://master:8088/proxy/application_1591757760736_0002/
20/06/10 11:57:04 INFO mapreduce.Job: Running job: job_1591757760736_0002
20/06/10 11:57:13 INFO mapreduce.Job: Job job_1591757760736_0002 running in uber mode : false
20/06/10 11:57:13 INFO mapreduce.Job:  map 0% reduce 0%
20/06/10 11:57:25 INFO mapreduce.Job:  map 4% reduce 0%
20/06/10 11:57:26 INFO mapreduce.Job:  map 8% reduce 0%
20/06/10 11:57:27 INFO mapreduce.Job:  map 9% reduce 0%
20/06/10 11:57:28 INFO mapreduce.Job:  map 13% reduce 0%
20/06/10 11:57:29 INFO mapreduce.Job:  map 14% reduce 0%
20/06/10 11:57:30 INFO mapreduce.Job:  map 15% reduce 0%
20/06/10 11:57:35 INFO mapreduce.Job:  map 17% reduce 0%
20/06/10 11:57:36 INFO mapreduce.Job:  map 19% reduce 0%
20/06/10 11:57:37 INFO mapreduce.Job:  map 21% reduce 0%
20/06/10 11:57:39 INFO mapreduce.Job:  map 24% reduce 0%
20/06/10 11:57:42 INFO mapreduce.Job:  map 27% reduce 0%
20/06/10 11:57:43 INFO mapreduce.Job:  map 28% reduce 0%
20/06/10 11:57:46 INFO mapreduce.Job:  map 29% reduce 0%
20/06/10 11:57:47 INFO mapreduce.Job:  map 30% reduce 0%
20/06/10 11:57:48 INFO mapreduce.Job:  map 31% reduce 1%
20/06/10 11:57:50 INFO mapreduce.Job:  map 32% reduce 1%
20/06/10 11:57:51 INFO mapreduce.Job:  map 33% reduce 2%
20/06/10 11:57:54 INFO mapreduce.Job:  map 33% reduce 3%
20/06/10 11:57:55 INFO mapreduce.Job:  map 34% reduce 3%
20/06/10 11:57:56 INFO mapreduce.Job:  map 35% reduce 3%
20/06/10 11:57:57 INFO mapreduce.Job:  map 35% reduce 6%
20/06/10 11:57:59 INFO mapreduce.Job:  map 36% reduce 6%
20/06/10 11:58:02 INFO mapreduce.Job:  map 38% reduce 6%
20/06/10 11:58:04 INFO mapreduce.Job:  map 39% reduce 6%
20/06/10 11:58:06 INFO mapreduce.Job:  map 39% reduce 7%
20/06/10 11:58:07 INFO mapreduce.Job:  map 40% reduce 7%
20/06/10 11:58:08 INFO mapreduce.Job:  map 41% reduce 7%
20/06/10 11:58:09 INFO mapreduce.Job:  map 42% reduce 7%
20/06/10 11:58:10 INFO mapreduce.Job:  map 43% reduce 7%
20/06/10 11:58:11 INFO mapreduce.Job:  map 43% reduce 8%
20/06/10 11:58:12 INFO mapreduce.Job:  map 44% reduce 8%
20/06/10 11:58:19 INFO mapreduce.Job:  map 48% reduce 8%
20/06/10 11:58:21 INFO mapreduce.Job:  map 49% reduce 8%
20/06/10 11:58:22 INFO mapreduce.Job:  map 52% reduce 8%
20/06/10 11:58:23 INFO mapreduce.Job:  map 53% reduce 8%
20/06/10 11:58:24 INFO mapreduce.Job:  map 53% reduce 9%
20/06/10 11:58:26 INFO mapreduce.Job:  map 53% reduce 10%
20/06/10 11:58:27 INFO mapreduce.Job:  map 54% reduce 10%
20/06/10 11:58:32 INFO mapreduce.Job:  map 55% reduce 10%
20/06/10 11:58:34 INFO mapreduce.Job:  map 56% reduce 10%
20/06/10 11:58:35 INFO mapreduce.Job:  map 57% reduce 11%
20/06/10 11:58:36 INFO mapreduce.Job:  map 58% reduce 11%
20/06/10 11:58:37 INFO mapreduce.Job:  map 59% reduce 11%
20/06/10 11:58:38 INFO mapreduce.Job:  map 60% reduce 11%
20/06/10 11:58:39 INFO mapreduce.Job:  map 61% reduce 12%
20/06/10 11:58:41 INFO mapreduce.Job:  map 62% reduce 13%
20/06/10 11:58:44 INFO mapreduce.Job:  map 63% reduce 13%
20/06/10 11:58:47 INFO mapreduce.Job:  map 64% reduce 13%
20/06/10 11:58:50 INFO mapreduce.Job:  map 65% reduce 13%
20/06/10 11:58:51 INFO mapreduce.Job:  map 66% reduce 13%
20/06/10 11:58:52 INFO mapreduce.Job:  map 67% reduce 13%
20/06/10 11:58:53 INFO mapreduce.Job:  map 69% reduce 13%
20/06/10 11:58:55 INFO mapreduce.Job:  map 71% reduce 13%
20/06/10 11:58:56 INFO mapreduce.Job:  map 72% reduce 14%
20/06/10 11:58:57 INFO mapreduce.Job:  map 72% reduce 15%
20/06/10 11:59:00 INFO mapreduce.Job:  map 73% reduce 15%
20/06/10 11:59:07 INFO mapreduce.Job:  map 74% reduce 15%
20/06/10 11:59:08 INFO mapreduce.Job:  map 75% reduce 15%
20/06/10 11:59:10 INFO mapreduce.Job:  map 75% reduce 16%
20/06/10 11:59:11 INFO mapreduce.Job:  map 78% reduce 16%
20/06/10 11:59:12 INFO mapreduce.Job:  map 79% reduce 16%
20/06/10 11:59:14 INFO mapreduce.Job:  map 81% reduce 16%
20/06/10 11:59:16 INFO mapreduce.Job:  map 81% reduce 18%
20/06/10 11:59:17 INFO mapreduce.Job:  map 82% reduce 18%
20/06/10 11:59:22 INFO mapreduce.Job:  map 83% reduce 19%
20/06/10 11:59:23 INFO mapreduce.Job:  map 84% reduce 19%
20/06/10 11:59:25 INFO mapreduce.Job:  map 85% reduce 19%
20/06/10 11:59:26 INFO mapreduce.Job:  map 86% reduce 19%
20/06/10 11:59:28 INFO mapreduce.Job:  map 86% reduce 20%
20/06/10 11:59:29 INFO mapreduce.Job:  map 87% reduce 20%
20/06/10 11:59:30 INFO mapreduce.Job:  map 88% reduce 20%
20/06/10 11:59:34 INFO mapreduce.Job:  map 89% reduce 20%
20/06/10 11:59:36 INFO mapreduce.Job:  map 90% reduce 20%
20/06/10 11:59:37 INFO mapreduce.Job:  map 90% reduce 21%
20/06/10 11:59:39 INFO mapreduce.Job:  map 91% reduce 21%
20/06/10 11:59:40 INFO mapreduce.Job:  map 92% reduce 21%
20/06/10 11:59:41 INFO mapreduce.Job:  map 92% reduce 22%
20/06/10 11:59:45 INFO mapreduce.Job:  map 93% reduce 22%
20/06/10 11:59:46 INFO mapreduce.Job:  map 93% reduce 23%
20/06/10 11:59:49 INFO mapreduce.Job:  map 94% reduce 23%
20/06/10 11:59:52 INFO mapreduce.Job:  map 94% reduce 24%
20/06/10 11:59:54 INFO mapreduce.Job:  map 95% reduce 24%
20/06/10 11:59:56 INFO mapreduce.Job:  map 95% reduce 25%
20/06/10 12:00:01 INFO mapreduce.Job:  map 95% reduce 26%
20/06/10 12:00:04 INFO mapreduce.Job:  map 95% reduce 27%
20/06/10 12:00:05 INFO mapreduce.Job:  map 96% reduce 27%
20/06/10 12:00:10 INFO mapreduce.Job:  map 97% reduce 27%
20/06/10 12:00:13 INFO mapreduce.Job:  map 97% reduce 28%
20/06/10 12:00:14 INFO mapreduce.Job:  map 98% reduce 28%
20/06/10 12:00:16 INFO mapreduce.Job:  map 98% reduce 29%
20/06/10 12:00:19 INFO mapreduce.Job:  map 98% reduce 30%
20/06/10 12:00:25 INFO mapreduce.Job:  map 98% reduce 31%
20/06/10 12:00:31 INFO mapreduce.Job:  map 98% reduce 32%
20/06/10 12:00:34 INFO mapreduce.Job:  map 98% reduce 33%
20/06/10 12:00:37 INFO mapreduce.Job:  map 99% reduce 33%
20/06/10 12:00:38 INFO mapreduce.Job:  map 100% reduce 35%
20/06/10 12:00:40 INFO mapreduce.Job:  map 100% reduce 56%
20/06/10 12:00:41 INFO mapreduce.Job:  map 100% reduce 65%
20/06/10 12:00:43 INFO mapreduce.Job:  map 100% reduce 68%
20/06/10 12:00:49 INFO mapreduce.Job:  map 100% reduce 70%
20/06/10 12:00:50 INFO mapreduce.Job:  map 100% reduce 71%
20/06/10 12:00:52 INFO mapreduce.Job:  map 100% reduce 72%
20/06/10 12:00:55 INFO mapreduce.Job:  map 100% reduce 73%
20/06/10 12:00:58 INFO mapreduce.Job:  map 100% reduce 75%
20/06/10 12:01:01 INFO mapreduce.Job:  map 100% reduce 76%
20/06/10 12:01:04 INFO mapreduce.Job:  map 100% reduce 77%
20/06/10 12:01:07 INFO mapreduce.Job:  map 100% reduce 79%
20/06/10 12:01:10 INFO mapreduce.Job:  map 100% reduce 80%
20/06/10 12:01:13 INFO mapreduce.Job:  map 100% reduce 81%
20/06/10 12:01:14 INFO mapreduce.Job:  map 100% reduce 82%
20/06/10 12:01:16 INFO mapreduce.Job:  map 100% reduce 83%
20/06/10 12:01:17 INFO mapreduce.Job:  map 100% reduce 84%
20/06/10 12:01:19 INFO mapreduce.Job:  map 100% reduce 85%
20/06/10 12:01:22 INFO mapreduce.Job:  map 100% reduce 86%
20/06/10 12:01:23 INFO mapreduce.Job:  map 100% reduce 87%
20/06/10 12:01:25 INFO mapreduce.Job:  map 100% reduce 88%
20/06/10 12:01:26 INFO mapreduce.Job:  map 100% reduce 89%
20/06/10 12:01:31 INFO mapreduce.Job:  map 100% reduce 90%
20/06/10 12:01:32 INFO mapreduce.Job:  map 100% reduce 91%
20/06/10 12:01:35 INFO mapreduce.Job:  map 100% reduce 92%
20/06/10 12:01:37 INFO mapreduce.Job:  map 100% reduce 93%
20/06/10 12:01:40 INFO mapreduce.Job:  map 100% reduce 94%
20/06/10 12:01:43 INFO mapreduce.Job:  map 100% reduce 95%
20/06/10 12:01:46 INFO mapreduce.Job:  map 100% reduce 96%
20/06/10 12:01:47 INFO mapreduce.Job:  map 100% reduce 97%
20/06/10 12:01:49 INFO mapreduce.Job:  map 100% reduce 98%
20/06/10 12:01:50 INFO mapreduce.Job:  map 100% reduce 99%
20/06/10 12:01:52 INFO mapreduce.Job:  map 100% reduce 100%
20/06/10 12:01:54 INFO mapreduce.Job: Job job_1591757760736_0002 completed successfully
20/06/10 12:01:54 INFO mapreduce.Job: Counters: 51
	File System Counters
		FILE: Number of bytes read=31974647887
		FILE: Number of bytes written=42735238527
		FILE: Number of read operations=0
		FILE: Number of large read operations=0
		FILE: Number of write operations=0
		HDFS: Number of bytes read=10774092154
		HDFS: Number of bytes written=10772851780
		HDFS: Number of read operations=329
		HDFS: Number of large read operations=0
		HDFS: Number of write operations=6
	Job Counters 
		Killed map tasks=4
		Launched map tasks=84
		Launched reduce tasks=3
		Data-local map tasks=75
		Rack-local map tasks=9
		Total time spent by all maps in occupied slots (ms)=1891603
		Total time spent by all reduces in occupied slots (ms)=745813
		Total time spent by all map tasks (ms)=1891603
		Total time spent by all reduce tasks (ms)=745813
		Total vcore-milliseconds taken by all map tasks=1891603
		Total vcore-milliseconds taken by all reduce tasks=745813
		Total megabyte-milliseconds taken by all map tasks=1937001472
		Total megabyte-milliseconds taken by all reduce tasks=763712512
	Map-Reduce Framework
		Map input records=1022157
		Map output records=1022157
		Map output bytes=10745670656
		Map output materialized bytes=10751417879
		Input split bytes=9040
		Combine input records=0
		Combine output records=0
		Reduce input groups=1022157
		Reduce shuffle bytes=10751417879
		Reduce input records=1022157
		Reduce output records=1022157
		Spilled Records=4062023
		Shuffled Maps =240
		Failed Shuffles=0
		Merged Map outputs=240
		GC time elapsed (ms)=13322
		CPU time spent (ms)=211890
		Physical memory (bytes) snapshot=22023897088
		Virtual memory (bytes) snapshot=175102722048
		Total committed heap usage (bytes)=16480993280
	Shuffle Errors
		BAD_ID=0
		CONNECTION=0
		IO_ERROR=0
		WRONG_LENGTH=0
		WRONG_MAP=0
		WRONG_REDUCE=0
	File Input Format Counters 
		Bytes Read=10774083114
	File Output Format Counters 
		Bytes Written=10772851780
