20/06/08 05:19:01 INFO client.RMProxy: Connecting to ResourceManager at master/10.51.17.95:8032
20/06/08 05:19:02 INFO input.FileInputFormat: Total input paths to process : 10
20/06/08 05:19:02 INFO mapreduce.JobSubmitter: number of splits:90
20/06/08 05:19:03 INFO mapreduce.JobSubmitter: Submitting tokens for job: job_1591560692986_0005
20/06/08 05:19:03 INFO impl.YarnClientImpl: Submitted application application_1591560692986_0005
20/06/08 05:19:03 INFO mapreduce.Job: The url to track the job: http://master:8088/proxy/application_1591560692986_0005/
20/06/08 05:19:03 INFO mapreduce.Job: Running job: job_1591560692986_0005
20/06/08 05:19:10 INFO mapreduce.Job: Job job_1591560692986_0005 running in uber mode : false
20/06/08 05:19:10 INFO mapreduce.Job:  map 0% reduce 0%
20/06/08 05:19:24 INFO mapreduce.Job:  map 1% reduce 0%
20/06/08 05:19:25 INFO mapreduce.Job:  map 2% reduce 0%
20/06/08 05:19:26 INFO mapreduce.Job:  map 3% reduce 0%
20/06/08 05:19:36 INFO mapreduce.Job:  map 4% reduce 0%
20/06/08 05:19:42 INFO mapreduce.Job:  map 5% reduce 0%
20/06/08 05:19:45 INFO mapreduce.Job:  map 6% reduce 0%
20/06/08 05:19:53 INFO mapreduce.Job:  map 7% reduce 0%
20/06/08 05:19:54 INFO mapreduce.Job:  map 8% reduce 0%
20/06/08 05:20:02 INFO mapreduce.Job:  map 9% reduce 0%
20/06/08 05:20:04 INFO mapreduce.Job:  map 10% reduce 0%
20/06/08 05:20:05 INFO mapreduce.Job:  map 11% reduce 0%
20/06/08 05:20:07 INFO mapreduce.Job:  map 12% reduce 0%
20/06/08 05:20:17 INFO mapreduce.Job:  map 13% reduce 0%
20/06/08 05:20:20 INFO mapreduce.Job:  map 14% reduce 0%
20/06/08 05:20:21 INFO mapreduce.Job:  map 15% reduce 0%
20/06/08 05:20:23 INFO mapreduce.Job:  map 16% reduce 0%
20/06/08 05:20:26 INFO mapreduce.Job:  map 17% reduce 0%
20/06/08 05:20:30 INFO mapreduce.Job:  map 18% reduce 0%
20/06/08 05:20:36 INFO mapreduce.Job:  map 18% reduce 5%
20/06/08 05:20:37 INFO mapreduce.Job:  map 19% reduce 5%
20/06/08 05:20:40 INFO mapreduce.Job:  map 20% reduce 5%
20/06/08 05:20:47 INFO mapreduce.Job:  map 21% reduce 5%
20/06/08 05:20:51 INFO mapreduce.Job:  map 22% reduce 5%
20/06/08 05:20:55 INFO mapreduce.Job:  map 23% reduce 5%
20/06/08 05:20:57 INFO mapreduce.Job:  map 23% reduce 6%
20/06/08 05:21:00 INFO mapreduce.Job:  map 24% reduce 6%
20/06/08 05:21:02 INFO mapreduce.Job:  map 25% reduce 6%
20/06/08 05:21:03 INFO mapreduce.Job:  map 25% reduce 7%
20/06/08 05:21:04 INFO mapreduce.Job:  map 26% reduce 7%
20/06/08 05:21:11 INFO mapreduce.Job:  map 27% reduce 7%
20/06/08 05:21:15 INFO mapreduce.Job:  map 28% reduce 7%
20/06/08 05:21:20 INFO mapreduce.Job:  map 29% reduce 7%
20/06/08 05:21:24 INFO mapreduce.Job:  map 30% reduce 8%
20/06/08 05:21:26 INFO mapreduce.Job:  map 31% reduce 8%
20/06/08 05:21:28 INFO mapreduce.Job:  map 31% reduce 9%
20/06/08 05:21:29 INFO mapreduce.Job:  map 32% reduce 9%
20/06/08 05:21:33 INFO mapreduce.Job:  map 33% reduce 9%
20/06/08 05:21:34 INFO mapreduce.Job:  map 33% reduce 10%
20/06/08 05:21:38 INFO mapreduce.Job:  map 34% reduce 10%
20/06/08 05:21:42 INFO mapreduce.Job:  map 35% reduce 10%
20/06/08 05:21:47 INFO mapreduce.Job:  map 36% reduce 10%
20/06/08 05:21:52 INFO mapreduce.Job:  map 37% reduce 10%
20/06/08 05:21:54 INFO mapreduce.Job:  map 38% reduce 10%
20/06/08 05:21:55 INFO mapreduce.Job:  map 38% reduce 11%
20/06/08 05:21:56 INFO mapreduce.Job:  map 39% reduce 11%
20/06/08 05:21:58 INFO mapreduce.Job:  map 39% reduce 12%
20/06/08 05:22:02 INFO mapreduce.Job:  map 40% reduce 12%
20/06/08 05:22:06 INFO mapreduce.Job:  map 41% reduce 12%
20/06/08 05:22:10 INFO mapreduce.Job:  map 42% reduce 12%
20/06/08 05:22:16 INFO mapreduce.Job:  map 43% reduce 12%
20/06/08 05:22:21 INFO mapreduce.Job:  map 44% reduce 12%
20/06/08 05:22:26 INFO mapreduce.Job:  map 45% reduce 12%
20/06/08 05:22:29 INFO mapreduce.Job:  map 45% reduce 13%
20/06/08 05:22:30 INFO mapreduce.Job:  map 46% reduce 13%
20/06/08 05:22:31 INFO mapreduce.Job:  map 47% reduce 13%
20/06/08 05:22:32 INFO mapreduce.Job:  map 47% reduce 14%
20/06/08 05:22:34 INFO mapreduce.Job:  map 48% reduce 14%
20/06/08 05:22:40 INFO mapreduce.Job:  map 49% reduce 14%
20/06/08 05:22:41 INFO mapreduce.Job:  map 49% reduce 15%
20/06/08 05:22:45 INFO mapreduce.Job:  map 50% reduce 15%
20/06/08 05:22:46 INFO mapreduce.Job:  map 51% reduce 15%
20/06/08 05:22:48 INFO mapreduce.Job:  map 51% reduce 16%
20/06/08 05:22:50 INFO mapreduce.Job:  map 52% reduce 16%
20/06/08 05:22:54 INFO mapreduce.Job:  map 53% reduce 17%
20/06/08 05:22:58 INFO mapreduce.Job:  map 54% reduce 17%
20/06/08 05:23:04 INFO mapreduce.Job:  map 55% reduce 17%
20/06/08 05:23:09 INFO mapreduce.Job:  map 56% reduce 17%
20/06/08 05:23:12 INFO mapreduce.Job:  map 57% reduce 17%
20/06/08 05:23:18 INFO mapreduce.Job:  map 58% reduce 17%
20/06/08 05:23:21 INFO mapreduce.Job:  map 59% reduce 17%
20/06/08 05:23:27 INFO mapreduce.Job:  map 60% reduce 17%
20/06/08 05:23:32 INFO mapreduce.Job:  map 61% reduce 17%
20/06/08 05:23:34 INFO mapreduce.Job:  map 62% reduce 17%
20/06/08 05:23:36 INFO mapreduce.Job:  map 63% reduce 19%
20/06/08 05:23:39 INFO mapreduce.Job:  map 64% reduce 19%
20/06/08 05:23:40 INFO mapreduce.Job:  map 64% reduce 20%
20/06/08 05:23:41 INFO mapreduce.Job:  map 65% reduce 20%
20/06/08 05:23:43 INFO mapreduce.Job:  map 65% reduce 21%
20/06/08 05:23:45 INFO mapreduce.Job:  map 66% reduce 21%
20/06/08 05:23:49 INFO mapreduce.Job:  map 67% reduce 21%
20/06/08 05:23:52 INFO mapreduce.Job:  map 67% reduce 22%
20/06/08 05:23:53 INFO mapreduce.Job:  map 68% reduce 22%
20/06/08 05:23:58 INFO mapreduce.Job:  map 69% reduce 22%
20/06/08 05:24:03 INFO mapreduce.Job:  map 70% reduce 22%
20/06/08 05:24:08 INFO mapreduce.Job:  map 71% reduce 22%
20/06/08 05:24:14 INFO mapreduce.Job:  map 72% reduce 22%
20/06/08 05:24:19 INFO mapreduce.Job:  map 73% reduce 22%
20/06/08 05:24:23 INFO mapreduce.Job:  map 74% reduce 22%
20/06/08 05:24:26 INFO mapreduce.Job:  map 75% reduce 22%
20/06/08 05:24:30 INFO mapreduce.Job:  map 76% reduce 22%
20/06/08 05:24:31 INFO mapreduce.Job:  map 76% reduce 23%
20/06/08 05:24:32 INFO mapreduce.Job:  map 77% reduce 23%
20/06/08 05:24:34 INFO mapreduce.Job:  map 77% reduce 24%
20/06/08 05:24:36 INFO mapreduce.Job:  map 78% reduce 24%
20/06/08 05:24:38 INFO mapreduce.Job:  map 79% reduce 24%
20/06/08 05:24:41 INFO mapreduce.Job:  map 79% reduce 26%
20/06/08 05:24:43 INFO mapreduce.Job:  map 80% reduce 26%
20/06/08 05:24:47 INFO mapreduce.Job:  map 81% reduce 26%
20/06/08 05:24:49 INFO mapreduce.Job:  map 82% reduce 26%
20/06/08 05:24:50 INFO mapreduce.Job:  map 82% reduce 27%
20/06/08 05:24:52 INFO mapreduce.Job:  map 83% reduce 27%
20/06/08 05:24:55 INFO mapreduce.Job:  map 85% reduce 27%
20/06/08 05:24:59 INFO mapreduce.Job:  map 87% reduce 27%
20/06/08 05:25:02 INFO mapreduce.Job:  map 88% reduce 27%
20/06/08 05:25:05 INFO mapreduce.Job:  map 89% reduce 28%
20/06/08 05:25:07 INFO mapreduce.Job:  map 90% reduce 28%
20/06/08 05:25:08 INFO mapreduce.Job:  map 90% reduce 29%
20/06/08 05:25:10 INFO mapreduce.Job:  map 91% reduce 29%
20/06/08 05:25:14 INFO mapreduce.Job:  map 92% reduce 29%
20/06/08 05:25:16 INFO mapreduce.Job:  map 94% reduce 29%
20/06/08 05:25:19 INFO mapreduce.Job:  map 95% reduce 29%
20/06/08 05:25:21 INFO mapreduce.Job:  map 96% reduce 29%
20/06/08 05:25:24 INFO mapreduce.Job:  map 97% reduce 30%
20/06/08 05:25:26 INFO mapreduce.Job:  map 98% reduce 30%
20/06/08 05:25:27 INFO mapreduce.Job:  map 98% reduce 31%
20/06/08 05:25:30 INFO mapreduce.Job:  map 99% reduce 32%
20/06/08 05:25:31 INFO mapreduce.Job:  map 100% reduce 32%
20/06/08 05:25:33 INFO mapreduce.Job:  map 100% reduce 37%
20/06/08 05:25:36 INFO mapreduce.Job:  map 100% reduce 71%
20/06/08 05:25:39 INFO mapreduce.Job:  map 100% reduce 77%
20/06/08 05:25:42 INFO mapreduce.Job:  map 100% reduce 83%
20/06/08 05:25:45 INFO mapreduce.Job:  map 100% reduce 90%
20/06/08 05:25:48 INFO mapreduce.Job:  map 100% reduce 100%
20/06/08 05:25:48 INFO mapreduce.Job: Job job_1591560692986_0005 completed successfully
20/06/08 05:25:48 INFO mapreduce.Job: Counters: 51
	File System Counters
		FILE: Number of bytes read=1437883615
		FILE: Number of bytes written=2143545506
		FILE: Number of read operations=0
		FILE: Number of large read operations=0
		FILE: Number of write operations=0
		HDFS: Number of bytes read=11025358779
		HDFS: Number of bytes written=324768379
		HDFS: Number of read operations=273
		HDFS: Number of large read operations=0
		HDFS: Number of write operations=2
	Job Counters 
		Killed map tasks=1
		Launched map tasks=91
		Launched reduce tasks=1
		Data-local map tasks=89
		Rack-local map tasks=2
		Total time spent by all maps in occupied slots (ms)=4861179
		Total time spent by all reduces in occupied slots (ms)=324971
		Total time spent by all map tasks (ms)=4861179
		Total time spent by all reduce tasks (ms)=324971
		Total vcore-milliseconds taken by all map tasks=4861179
		Total vcore-milliseconds taken by all reduce tasks=324971
		Total megabyte-milliseconds taken by all map tasks=4977847296
		Total megabyte-milliseconds taken by all reduce tasks=332770304
	Map-Reduce Framework
		Map input records=2094172
		Map output records=1011141319
		Map output bytes=15225964476
		Map output materialized bytes=694482247
		Input split bytes=10530
		Combine input records=1035901320
		Combine output records=47352952
		Reduce input groups=9720966
		Reduce shuffle bytes=694482247
		Reduce input records=22592951
		Reduce output records=9720966
		Spilled Records=69945903
		Shuffled Maps =90
		Failed Shuffles=0
		Merged Map outputs=90
		GC time elapsed (ms)=98439
		CPU time spent (ms)=1952140
		Physical memory (bytes) snapshot=25176678400
		Virtual memory (bytes) snapshot=191936536576
		Total committed heap usage (bytes)=18927845376
	Shuffle Errors
		BAD_ID=0
		CONNECTION=0
		IO_ERROR=0
		WRONG_LENGTH=0
		WRONG_MAP=0
		WRONG_REDUCE=0
	File Input Format Counters 
		Bytes Read=11025348249
	File Output Format Counters 
		Bytes Written=324768379
