20/06/09 08:50:52 INFO client.RMProxy: Connecting to ResourceManager at master/10.51.17.95:8032
20/06/09 08:50:52 INFO input.FileInputFormat: Total input paths to process : 10
20/06/09 08:50:53 INFO mapreduce.JobSubmitter: number of splits:90
20/06/09 08:50:53 INFO mapreduce.JobSubmitter: Submitting tokens for job: job_1591659676464_0005
20/06/09 08:50:53 INFO impl.YarnClientImpl: Submitted application application_1591659676464_0005
20/06/09 08:50:53 INFO mapreduce.Job: The url to track the job: http://master:8088/proxy/application_1591659676464_0005/
20/06/09 08:50:53 INFO mapreduce.Job: Running job: job_1591659676464_0005
20/06/09 08:51:00 INFO mapreduce.Job: Job job_1591659676464_0005 running in uber mode : false
20/06/09 08:51:00 INFO mapreduce.Job:  map 0% reduce 0%
20/06/09 08:51:15 INFO mapreduce.Job:  map 1% reduce 0%
20/06/09 08:51:17 INFO mapreduce.Job:  map 2% reduce 0%
20/06/09 08:51:21 INFO mapreduce.Job:  map 3% reduce 0%
20/06/09 08:51:29 INFO mapreduce.Job:  map 4% reduce 0%
20/06/09 08:51:32 INFO mapreduce.Job:  map 5% reduce 0%
20/06/09 08:51:36 INFO mapreduce.Job:  map 6% reduce 0%
20/06/09 08:51:42 INFO mapreduce.Job:  map 7% reduce 0%
20/06/09 08:51:45 INFO mapreduce.Job:  map 8% reduce 0%
20/06/09 08:51:52 INFO mapreduce.Job:  map 9% reduce 0%
20/06/09 08:51:55 INFO mapreduce.Job:  map 10% reduce 0%
20/06/09 08:51:58 INFO mapreduce.Job:  map 11% reduce 0%
20/06/09 08:52:00 INFO mapreduce.Job:  map 12% reduce 0%
20/06/09 08:52:06 INFO mapreduce.Job:  map 13% reduce 0%
20/06/09 08:52:12 INFO mapreduce.Job:  map 14% reduce 0%
20/06/09 08:52:13 INFO mapreduce.Job:  map 15% reduce 0%
20/06/09 08:52:15 INFO mapreduce.Job:  map 16% reduce 0%
20/06/09 08:52:17 INFO mapreduce.Job:  map 17% reduce 0%
20/06/09 08:52:22 INFO mapreduce.Job:  map 18% reduce 0%
20/06/09 08:52:29 INFO mapreduce.Job:  map 19% reduce 5%
20/06/09 08:52:32 INFO mapreduce.Job:  map 20% reduce 5%
20/06/09 08:52:40 INFO mapreduce.Job:  map 21% reduce 5%
20/06/09 08:52:43 INFO mapreduce.Job:  map 22% reduce 5%
20/06/09 08:52:49 INFO mapreduce.Job:  map 23% reduce 5%
20/06/09 08:52:50 INFO mapreduce.Job:  map 23% reduce 6%
20/06/09 08:52:51 INFO mapreduce.Job:  map 24% reduce 6%
20/06/09 08:52:53 INFO mapreduce.Job:  map 25% reduce 6%
20/06/09 08:52:56 INFO mapreduce.Job:  map 25% reduce 7%
20/06/09 08:52:59 INFO mapreduce.Job:  map 26% reduce 7%
20/06/09 08:53:03 INFO mapreduce.Job:  map 27% reduce 7%
20/06/09 08:53:06 INFO mapreduce.Job:  map 28% reduce 7%
20/06/09 08:53:14 INFO mapreduce.Job:  map 29% reduce 7%
20/06/09 08:53:18 INFO mapreduce.Job:  map 30% reduce 8%
20/06/09 08:53:20 INFO mapreduce.Job:  map 31% reduce 8%
20/06/09 08:53:21 INFO mapreduce.Job:  map 31% reduce 9%
20/06/09 08:53:22 INFO mapreduce.Job:  map 32% reduce 9%
20/06/09 08:53:25 INFO mapreduce.Job:  map 33% reduce 9%
20/06/09 08:53:27 INFO mapreduce.Job:  map 33% reduce 10%
20/06/09 08:53:31 INFO mapreduce.Job:  map 34% reduce 10%
20/06/09 08:53:37 INFO mapreduce.Job:  map 35% reduce 10%
20/06/09 08:53:39 INFO mapreduce.Job:  map 36% reduce 10%
20/06/09 08:53:45 INFO mapreduce.Job:  map 37% reduce 10%
20/06/09 08:53:48 INFO mapreduce.Job:  map 38% reduce 11%
20/06/09 08:53:50 INFO mapreduce.Job:  map 39% reduce 11%
20/06/09 08:53:51 INFO mapreduce.Job:  map 39% reduce 12%
20/06/09 08:53:57 INFO mapreduce.Job:  map 40% reduce 12%
20/06/09 08:54:01 INFO mapreduce.Job:  map 41% reduce 12%
20/06/09 08:54:07 INFO mapreduce.Job:  map 42% reduce 12%
20/06/09 08:54:10 INFO mapreduce.Job:  map 43% reduce 12%
20/06/09 08:54:16 INFO mapreduce.Job:  map 44% reduce 12%
20/06/09 08:54:19 INFO mapreduce.Job:  map 45% reduce 12%
20/06/09 08:54:22 INFO mapreduce.Job:  map 45% reduce 13%
20/06/09 08:54:23 INFO mapreduce.Job:  map 46% reduce 13%
20/06/09 08:54:27 INFO mapreduce.Job:  map 47% reduce 13%
20/06/09 08:54:32 INFO mapreduce.Job:  map 48% reduce 14%
20/06/09 08:54:34 INFO mapreduce.Job:  map 49% reduce 14%
20/06/09 08:54:37 INFO mapreduce.Job:  map 50% reduce 15%
20/06/09 08:54:40 INFO mapreduce.Job:  map 50% reduce 16%
20/06/09 08:54:41 INFO mapreduce.Job:  map 51% reduce 16%
20/06/09 08:54:44 INFO mapreduce.Job:  map 52% reduce 16%
20/06/09 08:54:49 INFO mapreduce.Job:  map 53% reduce 16%
20/06/09 08:54:50 INFO mapreduce.Job:  map 53% reduce 17%
20/06/09 08:54:53 INFO mapreduce.Job:  map 54% reduce 17%
20/06/09 08:54:58 INFO mapreduce.Job:  map 55% reduce 17%
20/06/09 08:55:02 INFO mapreduce.Job:  map 56% reduce 17%
20/06/09 08:55:08 INFO mapreduce.Job:  map 57% reduce 17%
20/06/09 08:55:14 INFO mapreduce.Job:  map 58% reduce 17%
20/06/09 08:55:20 INFO mapreduce.Job:  map 59% reduce 17%
20/06/09 08:55:23 INFO mapreduce.Job:  map 60% reduce 17%
20/06/09 08:55:25 INFO mapreduce.Job:  map 61% reduce 17%
20/06/09 08:55:26 INFO mapreduce.Job:  map 61% reduce 18%
20/06/09 08:55:30 INFO mapreduce.Job:  map 62% reduce 18%
20/06/09 08:55:31 INFO mapreduce.Job:  map 63% reduce 18%
20/06/09 08:55:32 INFO mapreduce.Job:  map 63% reduce 19%
20/06/09 08:55:35 INFO mapreduce.Job:  map 64% reduce 20%
20/06/09 08:55:38 INFO mapreduce.Job:  map 65% reduce 20%
20/06/09 08:55:41 INFO mapreduce.Job:  map 65% reduce 21%
20/06/09 08:55:44 INFO mapreduce.Job:  map 66% reduce 21%
20/06/09 08:55:45 INFO mapreduce.Job:  map 67% reduce 21%
20/06/09 08:55:49 INFO mapreduce.Job:  map 68% reduce 21%
20/06/09 08:55:50 INFO mapreduce.Job:  map 68% reduce 22%
20/06/09 08:55:57 INFO mapreduce.Job:  map 69% reduce 22%
20/06/09 08:56:00 INFO mapreduce.Job:  map 70% reduce 22%
20/06/09 08:56:07 INFO mapreduce.Job:  map 71% reduce 22%
20/06/09 08:56:11 INFO mapreduce.Job:  map 72% reduce 22%
20/06/09 08:56:16 INFO mapreduce.Job:  map 73% reduce 22%
20/06/09 08:56:20 INFO mapreduce.Job:  map 74% reduce 22%
20/06/09 08:56:25 INFO mapreduce.Job:  map 75% reduce 22%
20/06/09 08:56:26 INFO mapreduce.Job:  map 76% reduce 22%
20/06/09 08:56:27 INFO mapreduce.Job:  map 76% reduce 23%
20/06/09 08:56:29 INFO mapreduce.Job:  map 77% reduce 23%
20/06/09 08:56:33 INFO mapreduce.Job:  map 77% reduce 24%
20/06/09 08:56:34 INFO mapreduce.Job:  map 78% reduce 24%
20/06/09 08:56:37 INFO mapreduce.Job:  map 78% reduce 25%
20/06/09 08:56:38 INFO mapreduce.Job:  map 79% reduce 25%
20/06/09 08:56:40 INFO mapreduce.Job:  map 80% reduce 26%
20/06/09 08:56:47 INFO mapreduce.Job:  map 81% reduce 26%
20/06/09 08:56:49 INFO mapreduce.Job:  map 82% reduce 26%
20/06/09 08:56:50 INFO mapreduce.Job:  map 83% reduce 26%
20/06/09 08:56:51 INFO mapreduce.Job:  map 84% reduce 26%
20/06/09 08:56:52 INFO mapreduce.Job:  map 84% reduce 27%
20/06/09 08:56:53 INFO mapreduce.Job:  map 85% reduce 27%
20/06/09 08:56:58 INFO mapreduce.Job:  map 86% reduce 27%
20/06/09 08:56:59 INFO mapreduce.Job:  map 87% reduce 27%
20/06/09 08:57:02 INFO mapreduce.Job:  map 88% reduce 27%
20/06/09 08:57:03 INFO mapreduce.Job:  map 88% reduce 28%
20/06/09 08:57:04 INFO mapreduce.Job:  map 89% reduce 28%
20/06/09 08:57:08 INFO mapreduce.Job:  map 90% reduce 28%
20/06/09 08:57:10 INFO mapreduce.Job:  map 91% reduce 28%
20/06/09 08:57:13 INFO mapreduce.Job:  map 92% reduce 28%
20/06/09 08:57:15 INFO mapreduce.Job:  map 93% reduce 28%
20/06/09 08:57:16 INFO mapreduce.Job:  map 93% reduce 29%
20/06/09 08:57:18 INFO mapreduce.Job:  map 94% reduce 29%
20/06/09 08:57:19 INFO mapreduce.Job:  map 95% reduce 29%
20/06/09 08:57:21 INFO mapreduce.Job:  map 96% reduce 29%
20/06/09 08:57:22 INFO mapreduce.Job:  map 96% reduce 30%
20/06/09 08:57:23 INFO mapreduce.Job:  map 97% reduce 30%
20/06/09 08:57:25 INFO mapreduce.Job:  map 97% reduce 31%
20/06/09 08:57:27 INFO mapreduce.Job:  map 98% reduce 31%
20/06/09 08:57:28 INFO mapreduce.Job:  map 99% reduce 31%
20/06/09 08:57:31 INFO mapreduce.Job:  map 100% reduce 33%
20/06/09 08:57:34 INFO mapreduce.Job:  map 100% reduce 70%
20/06/09 08:57:37 INFO mapreduce.Job:  map 100% reduce 76%
20/06/09 08:57:40 INFO mapreduce.Job:  map 100% reduce 81%
20/06/09 08:57:43 INFO mapreduce.Job:  map 100% reduce 87%
20/06/09 08:57:46 INFO mapreduce.Job:  map 100% reduce 94%
20/06/09 08:57:48 INFO mapreduce.Job:  map 100% reduce 100%
20/06/09 08:57:49 INFO mapreduce.Job: Job job_1591659676464_0005 completed successfully
20/06/09 08:57:49 INFO mapreduce.Job: Counters: 51
	File System Counters
		FILE: Number of bytes read=1660489974
		FILE: Number of bytes written=2458973429
		FILE: Number of read operations=0
		FILE: Number of large read operations=0
		FILE: Number of write operations=0
		HDFS: Number of bytes read=11025261511
		HDFS: Number of bytes written=470918850
		HDFS: Number of read operations=273
		HDFS: Number of large read operations=0
		HDFS: Number of write operations=2
	Job Counters 
		Killed map tasks=1
		Launched map tasks=91
		Launched reduce tasks=1
		Data-local map tasks=89
		Rack-local map tasks=2
		Total time spent by all maps in occupied slots (ms)=4967706
		Total time spent by all reduces in occupied slots (ms)=331644
		Total time spent by all map tasks (ms)=4967706
		Total time spent by all reduce tasks (ms)=331644
		Total vcore-milliseconds taken by all map tasks=4967706
		Total vcore-milliseconds taken by all reduce tasks=331644
		Total megabyte-milliseconds taken by all map tasks=5086930944
		Total megabyte-milliseconds taken by all reduce tasks=339603456
	Map-Reduce Framework
		Map input records=722688
		Map output records=1011271619
		Map output bytes=19267420284
		Map output materialized bytes=787272958
		Input split bytes=10530
		Combine input records=1036263448
		Combine output records=47598742
		Reduce input groups=9838329
		Reduce shuffle bytes=787272958
		Reduce input records=22606913
		Reduce output records=9838329
		Spilled Records=70884045
		Shuffled Maps =90
		Failed Shuffles=0
		Merged Map outputs=90
		GC time elapsed (ms)=107696
		CPU time spent (ms)=2012180
		Physical memory (bytes) snapshot=25087524864
		Virtual memory (bytes) snapshot=191963475968
		Total committed heap usage (bytes)=18933088256
	Shuffle Errors
		BAD_ID=0
		CONNECTION=0
		IO_ERROR=0
		WRONG_LENGTH=0
		WRONG_MAP=0
		WRONG_REDUCE=0
	File Input Format Counters 
		Bytes Read=11025250981
	File Output Format Counters 
		Bytes Written=470918850
20/06/09 08:57:49 INFO client.RMProxy: Connecting to ResourceManager at master/10.51.17.95:8032
20/06/09 08:57:49 INFO input.FileInputFormat: Total input paths to process : 1
20/06/09 08:57:49 INFO mapreduce.JobSubmitter: number of splits:4
20/06/09 08:57:49 INFO mapreduce.JobSubmitter: Submitting tokens for job: job_1591659676464_0006
20/06/09 08:57:50 INFO impl.YarnClientImpl: Submitted application application_1591659676464_0006
20/06/09 08:57:50 INFO mapreduce.Job: The url to track the job: http://master:8088/proxy/application_1591659676464_0006/
20/06/09 08:57:50 INFO mapreduce.Job: Running job: job_1591659676464_0006
20/06/09 08:57:58 INFO mapreduce.Job: Job job_1591659676464_0006 running in uber mode : false
20/06/09 08:57:58 INFO mapreduce.Job:  map 0% reduce 0%
20/06/09 08:58:07 INFO mapreduce.Job:  map 25% reduce 0%
20/06/09 08:58:09 INFO mapreduce.Job:  map 34% reduce 0%
20/06/09 08:58:10 INFO mapreduce.Job:  map 56% reduce 0%
20/06/09 08:58:12 INFO mapreduce.Job:  map 61% reduce 0%
20/06/09 08:58:13 INFO mapreduce.Job:  map 79% reduce 0%
20/06/09 08:58:14 INFO mapreduce.Job:  map 89% reduce 0%
20/06/09 08:58:16 INFO mapreduce.Job:  map 94% reduce 25%
20/06/09 08:58:17 INFO mapreduce.Job:  map 100% reduce 25%
20/06/09 08:58:19 INFO mapreduce.Job:  map 100% reduce 74%
20/06/09 08:58:22 INFO mapreduce.Job:  map 100% reduce 85%
20/06/09 08:58:25 INFO mapreduce.Job:  map 100% reduce 100%
20/06/09 08:58:26 INFO mapreduce.Job: Job job_1591659676464_0006 completed successfully
20/06/09 08:58:26 INFO mapreduce.Job: Counters: 50
	File System Counters
		FILE: Number of bytes read=752152180
		FILE: Number of bytes written=1160052954
		FILE: Number of read operations=0
		FILE: Number of large read operations=0
		FILE: Number of write operations=0
		HDFS: Number of bytes read=470923256
		HDFS: Number of bytes written=329237637
		HDFS: Number of read operations=19
		HDFS: Number of large read operations=0
		HDFS: Number of write operations=2
	Job Counters 
		Killed map tasks=1
		Launched map tasks=5
		Launched reduce tasks=1
		Data-local map tasks=5
		Total time spent by all maps in occupied slots (ms)=58236
		Total time spent by all reduces in occupied slots (ms)=16562
		Total time spent by all map tasks (ms)=58236
		Total time spent by all reduce tasks (ms)=16562
		Total vcore-milliseconds taken by all map tasks=58236
		Total vcore-milliseconds taken by all reduce tasks=16562
		Total megabyte-milliseconds taken by all map tasks=59633664
		Total megabyte-milliseconds taken by all reduce tasks=16959488
	Map-Reduce Framework
		Map input records=9838329
		Map output records=9838329
		Map output bytes=387610752
		Map output materialized bytes=407287434
		Input split bytes=508
		Combine input records=0
		Combine output records=0
		Reduce input groups=1282
		Reduce shuffle bytes=407287434
		Reduce input records=9838329
		Reduce output records=9838329
		Spilled Records=28651684
		Shuffled Maps =4
		Failed Shuffles=0
		Merged Map outputs=4
		GC time elapsed (ms)=1416
		CPU time spent (ms)=43060
		Physical memory (bytes) snapshot=1289551872
		Virtual memory (bytes) snapshot=10540826624
		Total committed heap usage (bytes)=940572672
	Shuffle Errors
		BAD_ID=0
		CONNECTION=0
		IO_ERROR=0
		WRONG_LENGTH=0
		WRONG_MAP=0
		WRONG_REDUCE=0
	File Input Format Counters 
		Bytes Read=470922748
	File Output Format Counters 
		Bytes Written=329237637
