20/06/17 21:51:09 INFO client.RMProxy: Connecting to ResourceManager at master/10.51.17.95:8032
20/06/17 21:51:09 INFO client.RMProxy: Connecting to ResourceManager at master/10.51.17.95:8032
20/06/17 21:51:10 INFO input.FileInputFormat: Total input paths to process : 10
20/06/17 21:51:10 INFO mapreduce.JobSubmitter: number of splits:80
20/06/17 21:51:10 INFO mapreduce.JobSubmitter: Submitting tokens for job: job_1592394267532_0012
20/06/17 21:51:11 INFO impl.YarnClientImpl: Submitted application application_1592394267532_0012
20/06/17 21:51:11 INFO mapreduce.Job: The url to track the job: http://master:8088/proxy/application_1592394267532_0012/
20/06/17 21:51:11 INFO mapreduce.Job: Running job: job_1592394267532_0012
20/06/17 21:51:15 INFO mapreduce.Job: Job job_1592394267532_0012 running in uber mode : false
20/06/17 21:51:15 INFO mapreduce.Job:  map 0% reduce 0%
20/06/17 21:51:25 INFO mapreduce.Job:  map 1% reduce 0%
20/06/17 21:51:26 INFO mapreduce.Job:  map 4% reduce 0%
20/06/17 21:51:27 INFO mapreduce.Job:  map 8% reduce 0%
20/06/17 21:51:28 INFO mapreduce.Job:  map 9% reduce 0%
20/06/17 21:51:35 INFO mapreduce.Job:  map 10% reduce 0%
20/06/17 21:51:40 INFO mapreduce.Job:  map 11% reduce 0%
20/06/17 21:51:44 INFO mapreduce.Job:  map 12% reduce 0%
20/06/17 21:51:45 INFO mapreduce.Job:  map 13% reduce 0%
20/06/17 21:51:46 INFO mapreduce.Job:  map 14% reduce 0%
20/06/17 21:51:47 INFO mapreduce.Job:  map 16% reduce 0%
20/06/17 21:51:48 INFO mapreduce.Job:  map 18% reduce 0%
20/06/17 21:51:50 INFO mapreduce.Job:  map 19% reduce 0%
20/06/17 21:51:51 INFO mapreduce.Job:  map 20% reduce 0%
20/06/17 21:51:54 INFO mapreduce.Job:  map 21% reduce 0%
20/06/17 21:51:56 INFO mapreduce.Job:  map 22% reduce 0%
20/06/17 21:51:58 INFO mapreduce.Job:  map 23% reduce 2%
20/06/17 21:52:00 INFO mapreduce.Job:  map 24% reduce 2%
20/06/17 21:52:01 INFO mapreduce.Job:  map 26% reduce 2%
20/06/17 21:52:03 INFO mapreduce.Job:  map 27% reduce 2%
20/06/17 21:52:04 INFO mapreduce.Job:  map 28% reduce 3%
20/06/17 21:52:07 INFO mapreduce.Job:  map 29% reduce 4%
20/06/17 21:52:11 INFO mapreduce.Job:  map 30% reduce 4%
20/06/17 21:52:12 INFO mapreduce.Job:  map 31% reduce 4%
20/06/17 21:52:14 INFO mapreduce.Job:  map 32% reduce 4%
20/06/17 21:52:16 INFO mapreduce.Job:  map 33% reduce 4%
20/06/17 21:52:18 INFO mapreduce.Job:  map 33% reduce 5%
20/06/17 21:52:19 INFO mapreduce.Job:  map 35% reduce 5%
20/06/17 21:52:23 INFO mapreduce.Job:  map 36% reduce 5%
20/06/17 21:52:26 INFO mapreduce.Job:  map 38% reduce 5%
20/06/17 21:52:29 INFO mapreduce.Job:  map 39% reduce 5%
20/06/17 21:52:30 INFO mapreduce.Job:  map 39% reduce 6%
20/06/17 21:52:32 INFO mapreduce.Job:  map 40% reduce 6%
20/06/17 21:52:33 INFO mapreduce.Job:  map 40% reduce 7%
20/06/17 21:52:36 INFO mapreduce.Job:  map 40% reduce 8%
20/06/17 21:52:37 INFO mapreduce.Job:  map 41% reduce 9%
20/06/17 21:52:40 INFO mapreduce.Job:  map 41% reduce 10%
20/06/17 21:52:41 INFO mapreduce.Job:  map 42% reduce 10%
20/06/17 21:52:46 INFO mapreduce.Job:  map 42% reduce 11%
20/06/17 21:52:48 INFO mapreduce.Job:  map 43% reduce 11%
20/06/17 21:52:55 INFO mapreduce.Job:  map 44% reduce 11%
20/06/17 21:52:56 INFO mapreduce.Job:  map 45% reduce 11%
20/06/17 21:52:59 INFO mapreduce.Job:  map 45% reduce 12%
20/06/17 21:53:00 INFO mapreduce.Job:  map 46% reduce 12%
20/06/17 21:53:01 INFO mapreduce.Job:  map 47% reduce 12%
20/06/17 21:53:02 INFO mapreduce.Job:  map 48% reduce 12%
20/06/17 21:53:04 INFO mapreduce.Job:  map 49% reduce 12%
20/06/17 21:53:05 INFO mapreduce.Job:  map 50% reduce 13%
20/06/17 21:53:07 INFO mapreduce.Job:  map 51% reduce 13%
20/06/17 21:53:08 INFO mapreduce.Job:  map 52% reduce 13%
20/06/17 21:53:10 INFO mapreduce.Job:  map 54% reduce 13%
20/06/17 21:53:11 INFO mapreduce.Job:  map 55% reduce 13%
20/06/17 21:53:13 INFO mapreduce.Job:  map 55% reduce 14%
20/06/17 21:53:16 INFO mapreduce.Job:  map 56% reduce 14%
20/06/17 21:53:20 INFO mapreduce.Job:  map 58% reduce 14%
20/06/17 21:53:21 INFO mapreduce.Job:  map 59% reduce 14%
20/06/17 21:53:22 INFO mapreduce.Job:  map 60% reduce 15%
20/06/17 21:53:24 INFO mapreduce.Job:  map 61% reduce 15%
20/06/17 21:53:26 INFO mapreduce.Job:  map 61% reduce 16%
20/06/17 21:53:29 INFO mapreduce.Job:  map 63% reduce 16%
20/06/17 21:53:33 INFO mapreduce.Job:  map 66% reduce 16%
20/06/17 21:53:35 INFO mapreduce.Job:  map 67% reduce 17%
20/06/17 21:53:37 INFO mapreduce.Job:  map 68% reduce 17%
20/06/17 21:53:40 INFO mapreduce.Job:  map 69% reduce 17%
20/06/17 21:53:43 INFO mapreduce.Job:  map 69% reduce 18%
20/06/17 21:53:48 INFO mapreduce.Job:  map 70% reduce 18%
20/06/17 21:53:49 INFO mapreduce.Job:  map 71% reduce 18%
20/06/17 21:53:50 INFO mapreduce.Job:  map 71% reduce 19%
20/06/17 21:53:51 INFO mapreduce.Job:  map 73% reduce 19%
20/06/17 21:53:52 INFO mapreduce.Job:  map 73% reduce 20%
20/06/17 21:53:55 INFO mapreduce.Job:  map 73% reduce 21%
20/06/17 21:53:57 INFO mapreduce.Job:  map 74% reduce 21%
20/06/17 21:53:58 INFO mapreduce.Job:  map 75% reduce 21%
20/06/17 21:53:59 INFO mapreduce.Job:  map 75% reduce 22%
20/06/17 21:54:00 INFO mapreduce.Job:  map 77% reduce 22%
20/06/17 21:54:02 INFO mapreduce.Job:  map 78% reduce 22%
20/06/17 21:54:04 INFO mapreduce.Job:  map 79% reduce 22%
20/06/17 21:54:06 INFO mapreduce.Job:  map 81% reduce 22%
20/06/17 21:54:09 INFO mapreduce.Job:  map 82% reduce 22%
20/06/17 21:54:10 INFO mapreduce.Job:  map 82% reduce 23%
20/06/17 21:54:12 INFO mapreduce.Job:  map 83% reduce 23%
20/06/17 21:54:13 INFO mapreduce.Job:  map 84% reduce 23%
20/06/17 21:54:14 INFO mapreduce.Job:  map 84% reduce 24%
20/06/17 21:54:16 INFO mapreduce.Job:  map 84% reduce 25%
20/06/17 21:54:23 INFO mapreduce.Job:  map 85% reduce 25%
20/06/17 21:54:24 INFO mapreduce.Job:  map 86% reduce 25%
20/06/17 21:54:25 INFO mapreduce.Job:  map 88% reduce 26%
20/06/17 21:54:28 INFO mapreduce.Job:  map 88% reduce 28%
20/06/17 21:54:29 INFO mapreduce.Job:  map 89% reduce 28%
20/06/17 21:54:31 INFO mapreduce.Job:  map 91% reduce 28%
20/06/17 21:54:33 INFO mapreduce.Job:  map 92% reduce 28%
20/06/17 21:54:35 INFO mapreduce.Job:  map 93% reduce 28%
20/06/17 21:54:38 INFO mapreduce.Job:  map 94% reduce 29%
20/06/17 21:54:41 INFO mapreduce.Job:  map 95% reduce 29%
20/06/17 21:54:42 INFO mapreduce.Job:  map 96% reduce 29%
20/06/17 21:54:43 INFO mapreduce.Job:  map 96% reduce 30%
20/06/17 21:54:49 INFO mapreduce.Job:  map 96% reduce 31%
20/06/17 21:54:58 INFO mapreduce.Job:  map 96% reduce 32%
20/06/17 21:55:13 INFO mapreduce.Job:  map 97% reduce 32%
20/06/17 21:55:21 INFO mapreduce.Job:  map 98% reduce 32%
20/06/17 21:55:22 INFO mapreduce.Job:  map 99% reduce 32%
20/06/17 21:55:24 INFO mapreduce.Job:  map 99% reduce 33%
20/06/17 21:55:25 INFO mapreduce.Job:  map 100% reduce 33%
20/06/17 21:55:29 INFO mapreduce.Job:  map 100% reduce 44%
20/06/17 21:55:30 INFO mapreduce.Job:  map 100% reduce 47%
20/06/17 21:55:32 INFO mapreduce.Job:  map 100% reduce 51%
20/06/17 21:55:33 INFO mapreduce.Job:  map 100% reduce 53%
20/06/17 21:55:35 INFO mapreduce.Job:  map 100% reduce 54%
20/06/17 21:55:36 INFO mapreduce.Job:  map 100% reduce 56%
20/06/17 21:55:41 INFO mapreduce.Job:  map 100% reduce 61%
20/06/17 21:55:42 INFO mapreduce.Job:  map 100% reduce 66%
20/06/17 21:55:44 INFO mapreduce.Job:  map 100% reduce 68%
20/06/17 21:55:47 INFO mapreduce.Job:  map 100% reduce 69%
20/06/17 21:55:50 INFO mapreduce.Job:  map 100% reduce 70%
20/06/17 21:55:57 INFO mapreduce.Job:  map 100% reduce 71%
20/06/17 21:55:59 INFO mapreduce.Job:  map 100% reduce 72%
20/06/17 21:56:02 INFO mapreduce.Job:  map 100% reduce 73%
20/06/17 21:56:08 INFO mapreduce.Job:  map 100% reduce 74%
20/06/17 21:56:20 INFO mapreduce.Job:  map 100% reduce 75%
20/06/17 21:56:21 INFO mapreduce.Job:  map 100% reduce 76%
20/06/17 21:56:23 INFO mapreduce.Job:  map 100% reduce 77%
20/06/17 21:56:26 INFO mapreduce.Job:  map 100% reduce 78%
20/06/17 21:56:45 INFO mapreduce.Job:  map 100% reduce 80%
20/06/17 21:56:47 INFO mapreduce.Job:  map 100% reduce 82%
20/06/17 21:56:56 INFO mapreduce.Job:  map 100% reduce 83%
20/06/17 21:57:05 INFO mapreduce.Job:  map 100% reduce 84%
20/06/17 21:57:08 INFO mapreduce.Job:  map 100% reduce 85%
20/06/17 21:57:11 INFO mapreduce.Job:  map 100% reduce 86%
20/06/17 21:57:17 INFO mapreduce.Job:  map 100% reduce 87%
20/06/17 21:57:18 INFO mapreduce.Job:  map 100% reduce 88%
20/06/17 21:57:24 INFO mapreduce.Job:  map 100% reduce 89%
20/06/17 21:57:39 INFO mapreduce.Job:  map 100% reduce 91%
20/06/17 21:57:42 INFO mapreduce.Job:  map 100% reduce 92%
20/06/17 21:57:51 INFO mapreduce.Job:  map 100% reduce 93%
20/06/17 21:57:57 INFO mapreduce.Job:  map 100% reduce 94%
20/06/17 21:58:03 INFO mapreduce.Job:  map 100% reduce 95%
20/06/17 21:58:15 INFO mapreduce.Job:  map 100% reduce 97%
20/06/17 21:58:21 INFO mapreduce.Job:  map 100% reduce 98%
20/06/17 21:58:30 INFO mapreduce.Job:  map 100% reduce 99%
20/06/17 21:58:33 INFO mapreduce.Job:  map 100% reduce 100%
20/06/17 21:58:37 INFO mapreduce.Job: Job job_1592394267532_0012 completed successfully
20/06/17 21:58:37 INFO mapreduce.Job: Counters: 51
	File System Counters
		FILE: Number of bytes read=31974520677
		FILE: Number of bytes written=42735048567
		FILE: Number of read operations=0
		FILE: Number of large read operations=0
		FILE: Number of write operations=0
		HDFS: Number of bytes read=10774009875
		HDFS: Number of bytes written=10772846837
		HDFS: Number of read operations=329
		HDFS: Number of large read operations=0
		HDFS: Number of write operations=6
	Job Counters 
		Killed map tasks=3
		Launched map tasks=83
		Launched reduce tasks=3
		Data-local map tasks=66
		Rack-local map tasks=17
		Total time spent by all maps in occupied slots (ms)=1627332
		Total time spent by all reduces in occupied slots (ms)=1119895
		Total time spent by all map tasks (ms)=1627332
		Total time spent by all reduce tasks (ms)=1119895
		Total vcore-milliseconds taken by all map tasks=1627332
		Total vcore-milliseconds taken by all reduce tasks=1119895
		Total megabyte-milliseconds taken by all map tasks=1666387968
		Total megabyte-milliseconds taken by all reduce tasks=1146772480
	Map-Reduce Framework
		Map input records=1022600
		Map output records=1022600
		Map output bytes=10745642829
		Map output materialized bytes=10751392560
		Input split bytes=8240
		Combine input records=0
		Combine output records=0
		Reduce input groups=1022600
		Reduce shuffle bytes=10751392560
		Reduce input records=1022600
		Reduce output records=1022600
		Spilled Records=4063920
		Shuffled Maps =240
		Failed Shuffles=0
		Merged Map outputs=240
		GC time elapsed (ms)=10770
		CPU time spent (ms)=240590
		Physical memory (bytes) snapshot=22035382272
		Virtual memory (bytes) snapshot=175208751104
		Total committed heap usage (bytes)=16460546048
	Shuffle Errors
		BAD_ID=0
		CONNECTION=0
		IO_ERROR=0
		WRONG_LENGTH=0
		WRONG_MAP=0
		WRONG_REDUCE=0
	File Input Format Counters 
		Bytes Read=10774001635
	File Output Format Counters 
		Bytes Written=10772846837
