20/06/07 05:49:12 INFO client.RMProxy: Connecting to ResourceManager at master/10.51.17.95:8032
20/06/07 05:49:13 INFO input.FileInputFormat: Total input paths to process : 10
20/06/07 05:49:13 INFO mapreduce.JobSubmitter: number of splits:90
20/06/07 05:49:13 INFO mapreduce.JobSubmitter: Submitting tokens for job: job_1591476103454_0005
20/06/07 05:49:13 INFO impl.YarnClientImpl: Submitted application application_1591476103454_0005
20/06/07 05:49:13 INFO mapreduce.Job: The url to track the job: http://master:8088/proxy/application_1591476103454_0005/
20/06/07 05:49:13 INFO mapreduce.Job: Running job: job_1591476103454_0005
20/06/07 05:49:20 INFO mapreduce.Job: Job job_1591476103454_0005 running in uber mode : false
20/06/07 05:49:20 INFO mapreduce.Job:  map 0% reduce 0%
20/06/07 05:49:35 INFO mapreduce.Job:  map 1% reduce 0%
20/06/07 05:49:36 INFO mapreduce.Job:  map 2% reduce 0%
20/06/07 05:49:38 INFO mapreduce.Job:  map 3% reduce 0%
20/06/07 05:49:47 INFO mapreduce.Job:  map 4% reduce 0%
20/06/07 05:49:52 INFO mapreduce.Job:  map 5% reduce 0%
20/06/07 05:49:55 INFO mapreduce.Job:  map 6% reduce 0%
20/06/07 05:50:03 INFO mapreduce.Job:  map 7% reduce 0%
20/06/07 05:50:06 INFO mapreduce.Job:  map 8% reduce 0%
20/06/07 05:50:11 INFO mapreduce.Job:  map 9% reduce 0%
20/06/07 05:50:15 INFO mapreduce.Job:  map 10% reduce 0%
20/06/07 05:50:17 INFO mapreduce.Job:  map 11% reduce 0%
20/06/07 05:50:19 INFO mapreduce.Job:  map 12% reduce 0%
20/06/07 05:50:25 INFO mapreduce.Job:  map 13% reduce 0%
20/06/07 05:50:31 INFO mapreduce.Job:  map 14% reduce 0%
20/06/07 05:50:34 INFO mapreduce.Job:  map 15% reduce 0%
20/06/07 05:50:35 INFO mapreduce.Job:  map 16% reduce 0%
20/06/07 05:50:37 INFO mapreduce.Job:  map 17% reduce 0%
20/06/07 05:50:39 INFO mapreduce.Job:  map 18% reduce 0%
20/06/07 05:50:49 INFO mapreduce.Job:  map 19% reduce 0%
20/06/07 05:50:51 INFO mapreduce.Job:  map 20% reduce 5%
20/06/07 05:50:57 INFO mapreduce.Job:  map 21% reduce 5%
20/06/07 05:51:01 INFO mapreduce.Job:  map 22% reduce 5%
20/06/07 05:51:04 INFO mapreduce.Job:  map 23% reduce 6%
20/06/07 05:51:08 INFO mapreduce.Job:  map 24% reduce 6%
20/06/07 05:51:12 INFO mapreduce.Job:  map 25% reduce 7%
20/06/07 05:51:14 INFO mapreduce.Job:  map 26% reduce 7%
20/06/07 05:51:20 INFO mapreduce.Job:  map 27% reduce 7%
20/06/07 05:51:25 INFO mapreduce.Job:  map 28% reduce 7%
20/06/07 05:51:30 INFO mapreduce.Job:  map 29% reduce 7%
20/06/07 05:51:34 INFO mapreduce.Job:  map 30% reduce 7%
20/06/07 05:51:38 INFO mapreduce.Job:  map 31% reduce 7%
20/06/07 05:51:40 INFO mapreduce.Job:  map 31% reduce 8%
20/06/07 05:51:42 INFO mapreduce.Job:  map 32% reduce 8%
20/06/07 05:51:43 INFO mapreduce.Job:  map 33% reduce 9%
20/06/07 05:51:46 INFO mapreduce.Job:  map 33% reduce 10%
20/06/07 05:51:47 INFO mapreduce.Job:  map 34% reduce 10%
20/06/07 05:51:52 INFO mapreduce.Job:  map 35% reduce 10%
20/06/07 05:51:55 INFO mapreduce.Job:  map 36% reduce 10%
20/06/07 05:51:58 INFO mapreduce.Job:  map 36% reduce 11%
20/06/07 05:51:59 INFO mapreduce.Job:  map 37% reduce 11%
20/06/07 05:52:03 INFO mapreduce.Job:  map 38% reduce 11%
20/06/07 05:52:07 INFO mapreduce.Job:  map 39% reduce 11%
20/06/07 05:52:08 INFO mapreduce.Job:  map 39% reduce 12%
20/06/07 05:52:11 INFO mapreduce.Job:  map 40% reduce 12%
20/06/07 05:52:16 INFO mapreduce.Job:  map 41% reduce 12%
20/06/07 05:52:20 INFO mapreduce.Job:  map 42% reduce 12%
20/06/07 05:52:25 INFO mapreduce.Job:  map 43% reduce 12%
20/06/07 05:52:31 INFO mapreduce.Job:  map 44% reduce 12%
20/06/07 05:52:35 INFO mapreduce.Job:  map 45% reduce 12%
20/06/07 05:52:38 INFO mapreduce.Job:  map 46% reduce 12%
20/06/07 05:52:42 INFO mapreduce.Job:  map 46% reduce 13%
20/06/07 05:52:45 INFO mapreduce.Job:  map 47% reduce 13%
20/06/07 05:52:46 INFO mapreduce.Job:  map 48% reduce 13%
20/06/07 05:52:48 INFO mapreduce.Job:  map 49% reduce 14%
20/06/07 05:52:51 INFO mapreduce.Job:  map 50% reduce 15%
20/06/07 05:52:54 INFO mapreduce.Job:  map 50% reduce 16%
20/06/07 05:52:57 INFO mapreduce.Job:  map 52% reduce 16%
20/06/07 05:53:00 INFO mapreduce.Job:  map 52% reduce 17%
20/06/07 05:53:02 INFO mapreduce.Job:  map 53% reduce 17%
20/06/07 05:53:08 INFO mapreduce.Job:  map 54% reduce 17%
20/06/07 05:53:12 INFO mapreduce.Job:  map 55% reduce 17%
20/06/07 05:53:18 INFO mapreduce.Job:  map 56% reduce 17%
20/06/07 05:53:22 INFO mapreduce.Job:  map 57% reduce 17%
20/06/07 05:53:28 INFO mapreduce.Job:  map 58% reduce 17%
20/06/07 05:53:32 INFO mapreduce.Job:  map 59% reduce 17%
20/06/07 05:53:36 INFO mapreduce.Job:  map 60% reduce 17%
20/06/07 05:53:39 INFO mapreduce.Job:  map 61% reduce 17%
20/06/07 05:53:42 INFO mapreduce.Job:  map 61% reduce 18%
20/06/07 05:53:44 INFO mapreduce.Job:  map 62% reduce 18%
20/06/07 05:53:48 INFO mapreduce.Job:  map 63% reduce 19%
20/06/07 05:53:49 INFO mapreduce.Job:  map 64% reduce 19%
20/06/07 05:53:51 INFO mapreduce.Job:  map 65% reduce 20%
20/06/07 05:53:54 INFO mapreduce.Job:  map 65% reduce 21%
20/06/07 05:53:56 INFO mapreduce.Job:  map 66% reduce 21%
20/06/07 05:53:59 INFO mapreduce.Job:  map 67% reduce 21%
20/06/07 05:54:00 INFO mapreduce.Job:  map 67% reduce 22%
20/06/07 05:54:04 INFO mapreduce.Job:  map 68% reduce 22%
20/06/07 05:54:08 INFO mapreduce.Job:  map 69% reduce 22%
20/06/07 05:54:13 INFO mapreduce.Job:  map 70% reduce 22%
20/06/07 05:54:18 INFO mapreduce.Job:  map 71% reduce 22%
20/06/07 05:54:21 INFO mapreduce.Job:  map 72% reduce 22%
20/06/07 05:54:26 INFO mapreduce.Job:  map 73% reduce 22%
20/06/07 05:54:32 INFO mapreduce.Job:  map 74% reduce 22%
20/06/07 05:54:35 INFO mapreduce.Job:  map 75% reduce 22%
20/06/07 05:54:36 INFO mapreduce.Job:  map 75% reduce 23%
20/06/07 05:54:39 INFO mapreduce.Job:  map 76% reduce 23%
20/06/07 05:54:42 INFO mapreduce.Job:  map 77% reduce 23%
20/06/07 05:54:46 INFO mapreduce.Job:  map 77% reduce 24%
20/06/07 05:54:49 INFO mapreduce.Job:  map 78% reduce 24%
20/06/07 05:54:51 INFO mapreduce.Job:  map 79% reduce 24%
20/06/07 05:54:53 INFO mapreduce.Job:  map 80% reduce 24%
20/06/07 05:54:55 INFO mapreduce.Job:  map 81% reduce 26%
20/06/07 05:55:00 INFO mapreduce.Job:  map 82% reduce 26%
20/06/07 05:55:01 INFO mapreduce.Job:  map 83% reduce 26%
20/06/07 05:55:03 INFO mapreduce.Job:  map 84% reduce 26%
20/06/07 05:55:04 INFO mapreduce.Job:  map 84% reduce 27%
20/06/07 05:55:06 INFO mapreduce.Job:  map 85% reduce 27%
20/06/07 05:55:09 INFO mapreduce.Job:  map 86% reduce 27%
20/06/07 05:55:12 INFO mapreduce.Job:  map 87% reduce 27%
20/06/07 05:55:13 INFO mapreduce.Job:  map 87% reduce 28%
20/06/07 05:55:14 INFO mapreduce.Job:  map 88% reduce 28%
20/06/07 05:55:17 INFO mapreduce.Job:  map 89% reduce 28%
20/06/07 05:55:18 INFO mapreduce.Job:  map 90% reduce 28%
20/06/07 05:55:19 INFO mapreduce.Job:  map 91% reduce 28%
20/06/07 05:55:22 INFO mapreduce.Job:  map 92% reduce 28%
20/06/07 05:55:23 INFO mapreduce.Job:  map 93% reduce 29%
20/06/07 05:55:26 INFO mapreduce.Job:  map 93% reduce 30%
20/06/07 05:55:27 INFO mapreduce.Job:  map 94% reduce 30%
20/06/07 05:55:28 INFO mapreduce.Job:  map 95% reduce 30%
20/06/07 05:55:29 INFO mapreduce.Job:  map 95% reduce 31%
20/06/07 05:55:31 INFO mapreduce.Job:  map 96% reduce 31%
20/06/07 05:55:32 INFO mapreduce.Job:  map 97% reduce 31%
20/06/07 05:55:35 INFO mapreduce.Job:  map 98% reduce 31%
20/06/07 05:55:38 INFO mapreduce.Job:  map 98% reduce 32%
20/06/07 05:55:40 INFO mapreduce.Job:  map 99% reduce 32%
20/06/07 05:55:44 INFO mapreduce.Job:  map 100% reduce 32%
20/06/07 05:55:47 INFO mapreduce.Job:  map 100% reduce 67%
20/06/07 05:55:50 INFO mapreduce.Job:  map 100% reduce 72%
20/06/07 05:55:53 INFO mapreduce.Job:  map 100% reduce 78%
20/06/07 05:55:56 INFO mapreduce.Job:  map 100% reduce 85%
20/06/07 05:55:59 INFO mapreduce.Job:  map 100% reduce 92%
20/06/07 05:56:01 INFO mapreduce.Job:  map 100% reduce 100%
20/06/07 05:56:02 INFO mapreduce.Job: Job job_1591476103454_0005 completed successfully
20/06/07 05:56:02 INFO mapreduce.Job: Counters: 51
	File System Counters
		FILE: Number of bytes read=1471593857
		FILE: Number of bytes written=2194681365
		FILE: Number of read operations=0
		FILE: Number of large read operations=0
		FILE: Number of write operations=0
		HDFS: Number of bytes read=11025911232
		HDFS: Number of bytes written=342744343
		HDFS: Number of read operations=273
		HDFS: Number of large read operations=0
		HDFS: Number of write operations=2
	Job Counters 
		Killed map tasks=1
		Launched map tasks=91
		Launched reduce tasks=1
		Data-local map tasks=90
		Rack-local map tasks=1
		Total time spent by all maps in occupied slots (ms)=4812234
		Total time spent by all reduces in occupied slots (ms)=323756
		Total time spent by all map tasks (ms)=4812234
		Total time spent by all reduce tasks (ms)=323756
		Total vcore-milliseconds taken by all map tasks=4812234
		Total vcore-milliseconds taken by all reduce tasks=323756
		Total megabyte-milliseconds taken by all map tasks=4927727616
		Total megabyte-milliseconds taken by all reduce tasks=331526144
	Map-Reduce Framework
		Map input records=265588
		Map output records=1009770821
		Map output bytes=15224564256
		Map output materialized bytes=711907864
		Input split bytes=10530
		Combine input records=1034537815
		Combine output records=47405564
		Reduce input groups=9904389
		Reduce shuffle bytes=711907864
		Reduce input records=22638570
		Reduce output records=9904389
		Spilled Records=70044134
		Shuffled Maps =90
		Failed Shuffles=0
		Merged Map outputs=90
		GC time elapsed (ms)=98116
		CPU time spent (ms)=1950340
		Physical memory (bytes) snapshot=25080500224
		Virtual memory (bytes) snapshot=191988539392
		Total committed heap usage (bytes)=18913165312
	Shuffle Errors
		BAD_ID=0
		CONNECTION=0
		IO_ERROR=0
		WRONG_LENGTH=0
		WRONG_MAP=0
		WRONG_REDUCE=0
	File Input Format Counters 
		Bytes Read=11025900702
	File Output Format Counters 
		Bytes Written=342744343
