20/06/09 13:34:37 INFO client.RMProxy: Connecting to ResourceManager at master/10.51.17.95:8032
20/06/09 13:34:38 INFO input.FileInputFormat: Total input paths to process : 10
20/06/09 13:34:38 INFO mapreduce.JobSubmitter: number of splits:90
20/06/09 13:34:38 INFO mapreduce.JobSubmitter: Submitting tokens for job: job_1591675342938_0008
20/06/09 13:34:38 INFO impl.YarnClientImpl: Submitted application application_1591675342938_0008
20/06/09 13:34:38 INFO mapreduce.Job: The url to track the job: http://master:8088/proxy/application_1591675342938_0008/
20/06/09 13:34:38 INFO mapreduce.Job: Running job: job_1591675342938_0008
20/06/09 13:34:45 INFO mapreduce.Job: Job job_1591675342938_0008 running in uber mode : false
20/06/09 13:34:45 INFO mapreduce.Job:  map 0% reduce 0%
20/06/09 13:35:00 INFO mapreduce.Job:  map 1% reduce 0%
20/06/09 13:35:02 INFO mapreduce.Job:  map 2% reduce 0%
20/06/09 13:35:10 INFO mapreduce.Job:  map 3% reduce 0%
20/06/09 13:35:15 INFO mapreduce.Job:  map 4% reduce 0%
20/06/09 13:35:19 INFO mapreduce.Job:  map 5% reduce 0%
20/06/09 13:35:25 INFO mapreduce.Job:  map 6% reduce 0%
20/06/09 13:35:29 INFO mapreduce.Job:  map 7% reduce 0%
20/06/09 13:35:34 INFO mapreduce.Job:  map 8% reduce 0%
20/06/09 13:35:40 INFO mapreduce.Job:  map 9% reduce 0%
20/06/09 13:35:42 INFO mapreduce.Job:  map 10% reduce 0%
20/06/09 13:35:47 INFO mapreduce.Job:  map 11% reduce 0%
20/06/09 13:35:50 INFO mapreduce.Job:  map 12% reduce 0%
20/06/09 13:35:53 INFO mapreduce.Job:  map 13% reduce 0%
20/06/09 13:35:59 INFO mapreduce.Job:  map 14% reduce 0%
20/06/09 13:36:00 INFO mapreduce.Job:  map 15% reduce 0%
20/06/09 13:36:02 INFO mapreduce.Job:  map 16% reduce 0%
20/06/09 13:36:07 INFO mapreduce.Job:  map 17% reduce 0%
20/06/09 13:36:11 INFO mapreduce.Job:  map 17% reduce 5%
20/06/09 13:36:12 INFO mapreduce.Job:  map 18% reduce 5%
20/06/09 13:36:17 INFO mapreduce.Job:  map 19% reduce 5%
20/06/09 13:36:23 INFO mapreduce.Job:  map 20% reduce 5%
20/06/09 13:36:27 INFO mapreduce.Job:  map 21% reduce 5%
20/06/09 13:36:32 INFO mapreduce.Job:  map 22% reduce 5%
20/06/09 13:36:33 INFO mapreduce.Job:  map 22% reduce 6%
20/06/09 13:36:37 INFO mapreduce.Job:  map 23% reduce 6%
20/06/09 13:36:41 INFO mapreduce.Job:  map 24% reduce 6%
20/06/09 13:36:44 INFO mapreduce.Job:  map 25% reduce 6%
20/06/09 13:36:48 INFO mapreduce.Job:  map 26% reduce 6%
20/06/09 13:36:49 INFO mapreduce.Job:  map 26% reduce 7%
20/06/09 13:36:52 INFO mapreduce.Job:  map 27% reduce 7%
20/06/09 13:36:59 INFO mapreduce.Job:  map 28% reduce 7%
20/06/09 13:37:02 INFO mapreduce.Job:  map 29% reduce 7%
20/06/09 13:37:06 INFO mapreduce.Job:  map 30% reduce 7%
20/06/09 13:37:07 INFO mapreduce.Job:  map 30% reduce 8%
20/06/09 13:37:09 INFO mapreduce.Job:  map 31% reduce 8%
20/06/09 13:37:10 INFO mapreduce.Job:  map 31% reduce 9%
20/06/09 13:37:11 INFO mapreduce.Job:  map 32% reduce 9%
20/06/09 13:37:13 INFO mapreduce.Job:  map 32% reduce 10%
20/06/09 13:37:16 INFO mapreduce.Job:  map 33% reduce 10%
20/06/09 13:37:22 INFO mapreduce.Job:  map 34% reduce 10%
20/06/09 13:37:25 INFO mapreduce.Job:  map 35% reduce 10%
20/06/09 13:37:30 INFO mapreduce.Job:  map 36% reduce 10%
20/06/09 13:37:35 INFO mapreduce.Job:  map 37% reduce 10%
20/06/09 13:37:38 INFO mapreduce.Job:  map 37% reduce 11%
20/06/09 13:37:39 INFO mapreduce.Job:  map 38% reduce 11%
20/06/09 13:37:42 INFO mapreduce.Job:  map 39% reduce 11%
20/06/09 13:37:45 INFO mapreduce.Job:  map 40% reduce 11%
20/06/09 13:37:46 INFO mapreduce.Job:  map 40% reduce 12%
20/06/09 13:37:50 INFO mapreduce.Job:  map 41% reduce 12%
20/06/09 13:37:57 INFO mapreduce.Job:  map 42% reduce 12%
20/06/09 13:38:02 INFO mapreduce.Job:  map 43% reduce 12%
20/06/09 13:38:08 INFO mapreduce.Job:  map 44% reduce 12%
20/06/09 13:38:13 INFO mapreduce.Job:  map 45% reduce 12%
20/06/09 13:38:14 INFO mapreduce.Job:  map 45% reduce 13%
20/06/09 13:38:15 INFO mapreduce.Job:  map 46% reduce 13%
20/06/09 13:38:18 INFO mapreduce.Job:  map 47% reduce 13%
20/06/09 13:38:20 INFO mapreduce.Job:  map 47% reduce 14%
20/06/09 13:38:22 INFO mapreduce.Job:  map 48% reduce 14%
20/06/09 13:38:23 INFO mapreduce.Job:  map 48% reduce 15%
20/06/09 13:38:25 INFO mapreduce.Job:  map 49% reduce 15%
20/06/09 13:38:31 INFO mapreduce.Job:  map 46% reduce 0%
20/06/09 13:38:32 INFO mapreduce.Job:  map 24% reduce 0%
20/06/09 13:38:45 INFO mapreduce.Job:  map 25% reduce 0%
20/06/09 13:38:46 INFO mapreduce.Job:  map 26% reduce 0%
20/06/09 13:39:01 INFO mapreduce.Job:  map 27% reduce 0%
20/06/09 13:39:09 INFO mapreduce.Job:  map 28% reduce 0%
20/06/09 13:39:19 INFO mapreduce.Job:  map 29% reduce 0%
20/06/09 13:39:26 INFO mapreduce.Job:  map 30% reduce 0%
20/06/09 13:39:27 INFO mapreduce.Job:  map 31% reduce 0%
20/06/09 13:39:38 INFO mapreduce.Job:  map 32% reduce 0%
20/06/09 13:39:47 INFO mapreduce.Job:  map 33% reduce 0%
20/06/09 13:39:57 INFO mapreduce.Job:  map 34% reduce 0%
20/06/09 13:40:06 INFO mapreduce.Job:  map 35% reduce 0%
20/06/09 13:40:14 INFO mapreduce.Job:  map 36% reduce 0%
20/06/09 13:40:21 INFO mapreduce.Job:  map 37% reduce 0%
20/06/09 13:40:23 INFO mapreduce.Job:  map 38% reduce 0%
20/06/09 13:40:33 INFO mapreduce.Job:  map 39% reduce 0%
20/06/09 13:40:42 INFO mapreduce.Job:  map 40% reduce 0%
20/06/09 13:40:52 INFO mapreduce.Job:  map 41% reduce 0%
20/06/09 13:41:00 INFO mapreduce.Job:  map 42% reduce 0%
20/06/09 13:41:07 INFO mapreduce.Job:  map 43% reduce 0%
20/06/09 13:41:15 INFO mapreduce.Job:  map 44% reduce 0%
20/06/09 13:41:19 INFO mapreduce.Job:  map 45% reduce 0%
20/06/09 13:41:30 INFO mapreduce.Job:  map 46% reduce 0%
20/06/09 13:41:39 INFO mapreduce.Job:  map 47% reduce 0%
20/06/09 13:41:49 INFO mapreduce.Job:  map 48% reduce 0%
20/06/09 13:41:55 INFO mapreduce.Job:  map 49% reduce 0%
20/06/09 13:42:05 INFO mapreduce.Job:  map 50% reduce 0%
20/06/09 13:42:11 INFO mapreduce.Job:  map 51% reduce 0%
20/06/09 13:42:13 INFO mapreduce.Job:  map 51% reduce 9%
20/06/09 13:42:17 INFO mapreduce.Job:  map 51% reduce 12%
20/06/09 13:42:18 INFO mapreduce.Job:  map 52% reduce 12%
20/06/09 13:42:23 INFO mapreduce.Job:  map 52% reduce 15%
20/06/09 13:42:26 INFO mapreduce.Job:  map 52% reduce 17%
20/06/09 13:42:30 INFO mapreduce.Job:  map 53% reduce 17%
20/06/09 13:42:39 INFO mapreduce.Job:  map 54% reduce 17%
20/06/09 13:42:48 INFO mapreduce.Job:  map 55% reduce 17%
20/06/09 13:42:56 INFO mapreduce.Job:  map 56% reduce 18%
20/06/09 13:42:59 INFO mapreduce.Job:  map 57% reduce 19%
20/06/09 13:43:09 INFO mapreduce.Job:  map 58% reduce 19%
20/06/09 13:43:17 INFO mapreduce.Job:  map 59% reduce 19%
20/06/09 13:43:30 INFO mapreduce.Job:  map 60% reduce 19%
20/06/09 13:43:33 INFO mapreduce.Job:  map 61% reduce 20%
20/06/09 13:43:42 INFO mapreduce.Job:  map 62% reduce 20%
20/06/09 13:43:52 INFO mapreduce.Job:  map 63% reduce 20%
20/06/09 13:43:54 INFO mapreduce.Job:  map 63% reduce 21%
20/06/09 13:44:00 INFO mapreduce.Job:  map 64% reduce 21%
20/06/09 13:44:10 INFO mapreduce.Job:  map 65% reduce 21%
20/06/09 13:44:17 INFO mapreduce.Job:  map 66% reduce 21%
20/06/09 13:44:27 INFO mapreduce.Job:  map 67% reduce 21%
20/06/09 13:44:30 INFO mapreduce.Job:  map 67% reduce 22%
20/06/09 13:44:33 INFO mapreduce.Job:  map 68% reduce 22%
20/06/09 13:44:40 INFO mapreduce.Job:  map 69% reduce 22%
20/06/09 13:44:46 INFO mapreduce.Job:  map 69% reduce 23%
20/06/09 13:44:50 INFO mapreduce.Job:  map 70% reduce 23%
20/06/09 13:44:56 INFO mapreduce.Job:  map 71% reduce 23%
20/06/09 13:45:05 INFO mapreduce.Job:  map 72% reduce 23%
20/06/09 13:45:15 INFO mapreduce.Job:  map 73% reduce 23%
20/06/09 13:45:16 INFO mapreduce.Job:  map 73% reduce 24%
20/06/09 13:45:20 INFO mapreduce.Job:  map 74% reduce 24%
20/06/09 13:45:28 INFO mapreduce.Job:  map 75% reduce 24%
20/06/09 13:45:40 INFO mapreduce.Job:  map 76% reduce 24%
20/06/09 13:45:44 INFO mapreduce.Job:  map 77% reduce 25%
20/06/09 13:45:55 INFO mapreduce.Job:  map 78% reduce 25%
20/06/09 13:45:58 INFO mapreduce.Job:  map 78% reduce 26%
20/06/09 13:46:03 INFO mapreduce.Job:  map 79% reduce 26%
20/06/09 13:46:11 INFO mapreduce.Job:  map 80% reduce 26%
20/06/09 13:46:17 INFO mapreduce.Job:  map 81% reduce 26%
20/06/09 13:46:26 INFO mapreduce.Job:  map 82% reduce 27%
20/06/09 13:46:34 INFO mapreduce.Job:  map 83% reduce 27%
20/06/09 13:46:43 INFO mapreduce.Job:  map 84% reduce 27%
20/06/09 13:46:52 INFO mapreduce.Job:  map 85% reduce 27%
20/06/09 13:46:57 INFO mapreduce.Job:  map 85% reduce 28%
20/06/09 13:46:58 INFO mapreduce.Job:  map 86% reduce 28%
20/06/09 13:47:09 INFO mapreduce.Job:  map 88% reduce 28%
20/06/09 13:47:12 INFO mapreduce.Job:  map 88% reduce 29%
20/06/09 13:47:20 INFO mapreduce.Job:  map 89% reduce 29%
20/06/09 13:47:21 INFO mapreduce.Job:  map 90% reduce 29%
20/06/09 13:47:24 INFO mapreduce.Job:  map 90% reduce 30%
20/06/09 13:47:26 INFO mapreduce.Job:  map 91% reduce 30%
20/06/09 13:47:30 INFO mapreduce.Job:  map 92% reduce 30%
20/06/09 13:47:33 INFO mapreduce.Job:  map 93% reduce 30%
20/06/09 13:47:36 INFO mapreduce.Job:  map 94% reduce 30%
20/06/09 13:47:37 INFO mapreduce.Job:  map 95% reduce 30%
20/06/09 13:47:39 INFO mapreduce.Job:  map 95% reduce 31%
20/06/09 13:47:41 INFO mapreduce.Job:  map 96% reduce 31%
20/06/09 13:47:42 INFO mapreduce.Job:  map 96% reduce 32%
20/06/09 13:47:45 INFO mapreduce.Job:  map 97% reduce 32%
20/06/09 13:47:48 INFO mapreduce.Job:  map 98% reduce 32%
20/06/09 13:47:49 INFO mapreduce.Job:  map 99% reduce 32%
20/06/09 13:47:50 INFO mapreduce.Job:  map 100% reduce 32%
20/06/09 13:47:51 INFO mapreduce.Job:  map 100% reduce 33%
20/06/09 13:47:54 INFO mapreduce.Job:  map 100% reduce 70%
20/06/09 13:47:57 INFO mapreduce.Job:  map 100% reduce 76%
20/06/09 13:48:00 INFO mapreduce.Job:  map 100% reduce 81%
20/06/09 13:48:03 INFO mapreduce.Job:  map 100% reduce 87%
20/06/09 13:48:06 INFO mapreduce.Job:  map 100% reduce 95%
20/06/09 13:48:08 INFO mapreduce.Job:  map 100% reduce 100%
20/06/09 13:48:09 INFO mapreduce.Job: Job job_1591675342938_0008 completed successfully
20/06/09 13:48:09 INFO mapreduce.Job: Counters: 51
	File System Counters
		FILE: Number of bytes read=1657537624
		FILE: Number of bytes written=2453895307
		FILE: Number of read operations=0
		FILE: Number of large read operations=0
		FILE: Number of write operations=0
		HDFS: Number of bytes read=11024267433
		HDFS: Number of bytes written=463751668
		HDFS: Number of read operations=273
		HDFS: Number of large read operations=0
		HDFS: Number of write operations=2
	Job Counters 
		Killed map tasks=20
		Launched map tasks=110
		Launched reduce tasks=1
		Other local map tasks=19
		Data-local map tasks=50
		Total time spent by all maps in occupied slots (ms)=5459381
		Total time spent by all reduces in occupied slots (ms)=366371
		Total time spent by all map tasks (ms)=5459381
		Total time spent by all reduce tasks (ms)=366371
		Total vcore-milliseconds taken by all map tasks=5459381
		Total vcore-milliseconds taken by all reduce tasks=366371
		Total megabyte-milliseconds taken by all map tasks=5590406144
		Total megabyte-milliseconds taken by all reduce tasks=375163904
	Map-Reduce Framework
		Map input records=1636630
		Map output records=1010821361
		Map output bytes=19276142067
		Map output materialized bytes=785146979
		Input split bytes=10530
		Combine input records=1035801333
		Combine output records=47533371
		Reduce input groups=9657194
		Reduce shuffle bytes=785146979
		Reduce input records=22553399
		Reduce output records=9657194
		Spilled Records=70764732
		Shuffled Maps =90
		Failed Shuffles=0
		Merged Map outputs=90
		GC time elapsed (ms)=91885
		CPU time spent (ms)=2001340
		Physical memory (bytes) snapshot=25102688256
		Virtual memory (bytes) snapshot=191966162944
		Total committed heap usage (bytes)=18942001152
	Shuffle Errors
		BAD_ID=0
		CONNECTION=0
		IO_ERROR=0
		WRONG_LENGTH=0
		WRONG_MAP=0
		WRONG_REDUCE=0
	File Input Format Counters 
		Bytes Read=11024256903
	File Output Format Counters 
		Bytes Written=463751668
20/06/09 13:48:09 INFO client.RMProxy: Connecting to ResourceManager at master/10.51.17.95:8032
20/06/09 13:48:09 INFO input.FileInputFormat: Total input paths to process : 1
20/06/09 13:48:10 INFO mapreduce.JobSubmitter: number of splits:4
20/06/09 13:48:10 INFO mapreduce.JobSubmitter: Submitting tokens for job: job_1591675342938_0009
20/06/09 13:48:10 INFO impl.YarnClientImpl: Submitted application application_1591675342938_0009
20/06/09 13:48:10 INFO mapreduce.Job: The url to track the job: http://master:8088/proxy/application_1591675342938_0009/
20/06/09 13:48:10 INFO mapreduce.Job: Running job: job_1591675342938_0009
20/06/09 13:48:19 INFO mapreduce.Job: Job job_1591675342938_0009 running in uber mode : false
20/06/09 13:48:19 INFO mapreduce.Job:  map 0% reduce 0%
20/06/09 13:48:29 INFO mapreduce.Job:  map 25% reduce 0%
20/06/09 13:48:31 INFO mapreduce.Job:  map 55% reduce 0%
20/06/09 13:48:34 INFO mapreduce.Job:  map 76% reduce 0%
20/06/09 13:48:37 INFO mapreduce.Job:  map 87% reduce 0%
20/06/09 13:48:38 INFO mapreduce.Job:  map 92% reduce 0%
20/06/09 13:48:39 INFO mapreduce.Job:  map 100% reduce 17%
20/06/09 13:48:42 INFO mapreduce.Job:  map 100% reduce 77%
20/06/09 13:48:45 INFO mapreduce.Job:  map 100% reduce 91%
20/06/09 13:48:49 INFO mapreduce.Job:  map 100% reduce 100%
20/06/09 13:48:49 INFO mapreduce.Job: Job job_1591675342938_0009 completed successfully
20/06/09 13:48:49 INFO mapreduce.Job: Counters: 50
	File System Counters
		FILE: Number of bytes read=746617893
		FILE: Number of bytes written=1148510455
		FILE: Number of read operations=0
		FILE: Number of large read operations=0
		FILE: Number of write operations=0
		HDFS: Number of bytes read=463754811
		HDFS: Number of bytes written=324680959
		HDFS: Number of read operations=19
		HDFS: Number of large read operations=0
		HDFS: Number of write operations=2
	Job Counters 
		Killed map tasks=1
		Launched map tasks=5
		Launched reduce tasks=1
		Data-local map tasks=5
		Total time spent by all maps in occupied slots (ms)=61776
		Total time spent by all reduces in occupied slots (ms)=16579
		Total time spent by all map tasks (ms)=61776
		Total time spent by all reduce tasks (ms)=16579
		Total vcore-milliseconds taken by all map tasks=61776
		Total vcore-milliseconds taken by all reduce tasks=16579
		Total megabyte-milliseconds taken by all map tasks=63258624
		Total megabyte-milliseconds taken by all reduce tasks=16976896
	Map-Reduce Framework
		Map input records=9657194
		Map output records=9657194
		Map output bytes=381964810
		Map output materialized bytes=401279222
		Input split bytes=508
		Combine input records=0
		Combine output records=0
		Reduce input groups=1248
		Reduce shuffle bytes=401279222
		Reduce input records=9657194
		Reduce output records=9657194
		Spilled Records=28210962
		Shuffled Maps =4
		Failed Shuffles=0
		Merged Map outputs=4
		GC time elapsed (ms)=1665
		CPU time spent (ms)=46030
		Physical memory (bytes) snapshot=1296367616
		Virtual memory (bytes) snapshot=10551996416
		Total committed heap usage (bytes)=936378368
	Shuffle Errors
		BAD_ID=0
		CONNECTION=0
		IO_ERROR=0
		WRONG_LENGTH=0
		WRONG_MAP=0
		WRONG_REDUCE=0
	File Input Format Counters 
		Bytes Read=463754303
	File Output Format Counters 
		Bytes Written=324680959
