20/06/08 02:40:08 INFO client.RMProxy: Connecting to ResourceManager at master/10.51.17.95:8032
20/06/08 02:40:09 INFO input.FileInputFormat: Total input paths to process : 10
20/06/08 02:40:09 INFO mapreduce.JobSubmitter: number of splits:90
20/06/08 02:40:09 INFO mapreduce.JobSubmitter: Submitting tokens for job: job_1591548455229_0019
20/06/08 02:40:09 INFO impl.YarnClientImpl: Submitted application application_1591548455229_0019
20/06/08 02:40:09 INFO mapreduce.Job: The url to track the job: http://master:8088/proxy/application_1591548455229_0019/
20/06/08 02:40:09 INFO mapreduce.Job: Running job: job_1591548455229_0019
20/06/08 02:40:17 INFO mapreduce.Job: Job job_1591548455229_0019 running in uber mode : false
20/06/08 02:40:17 INFO mapreduce.Job:  map 0% reduce 0%
20/06/08 02:40:31 INFO mapreduce.Job:  map 1% reduce 0%
20/06/08 02:40:32 INFO mapreduce.Job:  map 2% reduce 0%
20/06/08 02:40:33 INFO mapreduce.Job:  map 3% reduce 0%
20/06/08 02:40:44 INFO mapreduce.Job:  map 4% reduce 0%
20/06/08 02:40:49 INFO mapreduce.Job:  map 5% reduce 0%
20/06/08 02:40:52 INFO mapreduce.Job:  map 6% reduce 0%
20/06/08 02:41:01 INFO mapreduce.Job:  map 7% reduce 0%
20/06/08 02:41:03 INFO mapreduce.Job:  map 8% reduce 0%
20/06/08 02:41:08 INFO mapreduce.Job:  map 9% reduce 0%
20/06/08 02:41:12 INFO mapreduce.Job:  map 10% reduce 0%
20/06/08 02:41:13 INFO mapreduce.Job:  map 11% reduce 0%
20/06/08 02:41:15 INFO mapreduce.Job:  map 12% reduce 0%
20/06/08 02:41:25 INFO mapreduce.Job:  map 13% reduce 0%
20/06/08 02:41:27 INFO mapreduce.Job:  map 14% reduce 0%
20/06/08 02:41:30 INFO mapreduce.Job:  map 15% reduce 0%
20/06/08 02:41:33 INFO mapreduce.Job:  map 16% reduce 0%
20/06/08 02:41:34 INFO mapreduce.Job:  map 17% reduce 0%
20/06/08 02:41:37 INFO mapreduce.Job:  map 18% reduce 0%
20/06/08 02:41:44 INFO mapreduce.Job:  map 19% reduce 5%
20/06/08 02:41:48 INFO mapreduce.Job:  map 20% reduce 5%
20/06/08 02:41:54 INFO mapreduce.Job:  map 21% reduce 5%
20/06/08 02:41:59 INFO mapreduce.Job:  map 22% reduce 5%
20/06/08 02:42:03 INFO mapreduce.Job:  map 23% reduce 5%
20/06/08 02:42:06 INFO mapreduce.Job:  map 23% reduce 6%
20/06/08 02:42:07 INFO mapreduce.Job:  map 24% reduce 6%
20/06/08 02:42:10 INFO mapreduce.Job:  map 25% reduce 6%
20/06/08 02:42:12 INFO mapreduce.Job:  map 25% reduce 7%
20/06/08 02:42:14 INFO mapreduce.Job:  map 26% reduce 7%
20/06/08 02:42:18 INFO mapreduce.Job:  map 27% reduce 7%
20/06/08 02:42:24 INFO mapreduce.Job:  map 28% reduce 7%
20/06/08 02:42:28 INFO mapreduce.Job:  map 29% reduce 7%
20/06/08 02:42:33 INFO mapreduce.Job:  map 30% reduce 8%
20/06/08 02:42:36 INFO mapreduce.Job:  map 31% reduce 8%
20/06/08 02:42:38 INFO mapreduce.Job:  map 32% reduce 8%
20/06/08 02:42:39 INFO mapreduce.Job:  map 32% reduce 9%
20/06/08 02:42:44 INFO mapreduce.Job:  map 33% reduce 9%
20/06/08 02:42:46 INFO mapreduce.Job:  map 34% reduce 10%
20/06/08 02:42:52 INFO mapreduce.Job:  map 35% reduce 10%
20/06/08 02:42:55 INFO mapreduce.Job:  map 36% reduce 10%
20/06/08 02:42:58 INFO mapreduce.Job:  map 37% reduce 10%
20/06/08 02:43:00 INFO mapreduce.Job:  map 37% reduce 11%
20/06/08 02:43:03 INFO mapreduce.Job:  map 38% reduce 11%
20/06/08 02:43:07 INFO mapreduce.Job:  map 39% reduce 11%
20/06/08 02:43:09 INFO mapreduce.Job:  map 39% reduce 12%
20/06/08 02:43:11 INFO mapreduce.Job:  map 40% reduce 12%
20/06/08 02:43:16 INFO mapreduce.Job:  map 41% reduce 12%
20/06/08 02:43:20 INFO mapreduce.Job:  map 42% reduce 12%
20/06/08 02:43:26 INFO mapreduce.Job:  map 43% reduce 12%
20/06/08 02:43:31 INFO mapreduce.Job:  map 44% reduce 12%
20/06/08 02:43:36 INFO mapreduce.Job:  map 45% reduce 12%
20/06/08 02:43:37 INFO mapreduce.Job:  map 45% reduce 13%
20/06/08 02:43:39 INFO mapreduce.Job:  map 46% reduce 13%
20/06/08 02:43:40 INFO mapreduce.Job:  map 47% reduce 13%
20/06/08 02:43:43 INFO mapreduce.Job:  map 47% reduce 14%
20/06/08 02:43:47 INFO mapreduce.Job:  map 48% reduce 14%
20/06/08 02:43:49 INFO mapreduce.Job:  map 49% reduce 14%
20/06/08 02:43:52 INFO mapreduce.Job:  map 49% reduce 15%
20/06/08 02:43:53 INFO mapreduce.Job:  map 50% reduce 15%
20/06/08 02:43:55 INFO mapreduce.Job:  map 50% reduce 16%
20/06/08 02:43:56 INFO mapreduce.Job:  map 51% reduce 16%
20/06/08 02:44:02 INFO mapreduce.Job:  map 52% reduce 16%
20/06/08 02:44:04 INFO mapreduce.Job:  map 53% reduce 16%
20/06/08 02:44:05 INFO mapreduce.Job:  map 53% reduce 17%
20/06/08 02:44:08 INFO mapreduce.Job:  map 54% reduce 17%
20/06/08 02:44:14 INFO mapreduce.Job:  map 55% reduce 17%
20/06/08 02:44:19 INFO mapreduce.Job:  map 56% reduce 17%
20/06/08 02:44:23 INFO mapreduce.Job:  map 57% reduce 17%
20/06/08 02:44:28 INFO mapreduce.Job:  map 58% reduce 17%
20/06/08 02:44:33 INFO mapreduce.Job:  map 59% reduce 17%
20/06/08 02:44:37 INFO mapreduce.Job:  map 60% reduce 17%
20/06/08 02:44:42 INFO mapreduce.Job:  map 61% reduce 17%
20/06/08 02:44:44 INFO mapreduce.Job:  map 61% reduce 18%
20/06/08 02:44:45 INFO mapreduce.Job:  map 62% reduce 18%
20/06/08 02:44:46 INFO mapreduce.Job:  map 63% reduce 18%
20/06/08 02:44:47 INFO mapreduce.Job:  map 63% reduce 20%
20/06/08 02:44:49 INFO mapreduce.Job:  map 64% reduce 20%
20/06/08 02:44:55 INFO mapreduce.Job:  map 65% reduce 20%
20/06/08 02:44:56 INFO mapreduce.Job:  map 65% reduce 21%
20/06/08 02:44:57 INFO mapreduce.Job:  map 66% reduce 21%
20/06/08 02:45:01 INFO mapreduce.Job:  map 67% reduce 21%
20/06/08 02:45:05 INFO mapreduce.Job:  map 67% reduce 22%
20/06/08 02:45:06 INFO mapreduce.Job:  map 68% reduce 22%
20/06/08 02:45:09 INFO mapreduce.Job:  map 69% reduce 22%
20/06/08 02:45:16 INFO mapreduce.Job:  map 70% reduce 22%
20/06/08 02:45:21 INFO mapreduce.Job:  map 71% reduce 22%
20/06/08 02:45:25 INFO mapreduce.Job:  map 72% reduce 22%
20/06/08 02:45:31 INFO mapreduce.Job:  map 73% reduce 22%
20/06/08 02:45:36 INFO mapreduce.Job:  map 74% reduce 22%
20/06/08 02:45:39 INFO mapreduce.Job:  map 75% reduce 22%
20/06/08 02:45:43 INFO mapreduce.Job:  map 76% reduce 22%
20/06/08 02:45:45 INFO mapreduce.Job:  map 77% reduce 23%
20/06/08 02:45:48 INFO mapreduce.Job:  map 77% reduce 24%
20/06/08 02:45:49 INFO mapreduce.Job:  map 78% reduce 24%
20/06/08 02:45:51 INFO mapreduce.Job:  map 78% reduce 25%
20/06/08 02:45:52 INFO mapreduce.Job:  map 79% reduce 25%
20/06/08 02:45:54 INFO mapreduce.Job:  map 80% reduce 26%
20/06/08 02:46:00 INFO mapreduce.Job:  map 81% reduce 26%
20/06/08 02:46:03 INFO mapreduce.Job:  map 82% reduce 27%
20/06/08 02:46:04 INFO mapreduce.Job:  map 83% reduce 27%
20/06/08 02:46:06 INFO mapreduce.Job:  map 84% reduce 27%
20/06/08 02:46:10 INFO mapreduce.Job:  map 85% reduce 27%
20/06/08 02:46:12 INFO mapreduce.Job:  map 86% reduce 27%
20/06/08 02:46:13 INFO mapreduce.Job:  map 87% reduce 27%
20/06/08 02:46:15 INFO mapreduce.Job:  map 88% reduce 27%
20/06/08 02:46:18 INFO mapreduce.Job:  map 89% reduce 28%
20/06/08 02:46:23 INFO mapreduce.Job:  map 90% reduce 28%
20/06/08 02:46:24 INFO mapreduce.Job:  map 91% reduce 29%
20/06/08 02:46:26 INFO mapreduce.Job:  map 92% reduce 29%
20/06/08 02:46:29 INFO mapreduce.Job:  map 93% reduce 29%
20/06/08 02:46:31 INFO mapreduce.Job:  map 94% reduce 29%
20/06/08 02:46:33 INFO mapreduce.Job:  map 95% reduce 29%
20/06/08 02:46:35 INFO mapreduce.Job:  map 96% reduce 29%
20/06/08 02:46:36 INFO mapreduce.Job:  map 97% reduce 29%
20/06/08 02:46:37 INFO mapreduce.Job:  map 98% reduce 30%
20/06/08 02:46:40 INFO mapreduce.Job:  map 98% reduce 31%
20/06/08 02:46:43 INFO mapreduce.Job:  map 99% reduce 32%
20/06/08 02:46:45 INFO mapreduce.Job:  map 100% reduce 32%
20/06/08 02:46:46 INFO mapreduce.Job:  map 100% reduce 33%
20/06/08 02:46:49 INFO mapreduce.Job:  map 100% reduce 69%
20/06/08 02:46:52 INFO mapreduce.Job:  map 100% reduce 74%
20/06/08 02:46:55 INFO mapreduce.Job:  map 100% reduce 80%
20/06/08 02:46:58 INFO mapreduce.Job:  map 100% reduce 86%
20/06/08 02:47:01 INFO mapreduce.Job:  map 100% reduce 96%
20/06/08 02:47:02 INFO mapreduce.Job:  map 100% reduce 100%
20/06/08 02:47:03 INFO mapreduce.Job: Job job_1591548455229_0019 completed successfully
20/06/08 02:47:03 INFO mapreduce.Job: Counters: 51
	File System Counters
		FILE: Number of bytes read=1507146823
		FILE: Number of bytes written=2248083269
		FILE: Number of read operations=0
		FILE: Number of large read operations=0
		FILE: Number of write operations=0
		HDFS: Number of bytes read=11024973321
		HDFS: Number of bytes written=358043203
		HDFS: Number of read operations=273
		HDFS: Number of large read operations=0
		HDFS: Number of write operations=2
	Job Counters 
		Killed map tasks=1
		Launched map tasks=90
		Launched reduce tasks=1
		Data-local map tasks=89
		Rack-local map tasks=1
		Total time spent by all maps in occupied slots (ms)=4934750
		Total time spent by all reduces in occupied slots (ms)=330363
		Total time spent by all map tasks (ms)=4934750
		Total time spent by all reduce tasks (ms)=330363
		Total vcore-milliseconds taken by all map tasks=4934750
		Total vcore-milliseconds taken by all reduce tasks=330363
		Total megabyte-milliseconds taken by all map tasks=5053184000
		Total megabyte-milliseconds taken by all reduce tasks=338291712
	Map-Reduce Framework
		Map input records=1179871
		Map output records=1009776377
		Map output bytes=15230054859
		Map output materialized bytes=729756802
		Input split bytes=10530
		Combine input records=1034542025
		Combine output records=47404514
		Reduce input groups=9906574
		Reduce shuffle bytes=729756802
		Reduce input records=22638866
		Reduce output records=9906574
		Spilled Records=70043380
		Shuffled Maps =90
		Failed Shuffles=0
		Merged Map outputs=90
		GC time elapsed (ms)=98507
		CPU time spent (ms)=1991930
		Physical memory (bytes) snapshot=25102716928
		Virtual memory (bytes) snapshot=191970140160
		Total committed heap usage (bytes)=18916835328
	Shuffle Errors
		BAD_ID=0
		CONNECTION=0
		IO_ERROR=0
		WRONG_LENGTH=0
		WRONG_MAP=0
		WRONG_REDUCE=0
	File Input Format Counters 
		Bytes Read=11024962791
	File Output Format Counters 
		Bytes Written=358043203
