20/06/09 23:37:01 INFO client.RMProxy: Connecting to ResourceManager at master/10.51.17.95:8032
20/06/09 23:37:01 INFO input.FileInputFormat: Total input paths to process : 10
20/06/09 23:37:02 INFO mapreduce.JobSubmitter: number of splits:90
20/06/09 23:37:02 INFO mapreduce.JobSubmitter: Submitting tokens for job: job_1591713361741_0002
20/06/09 23:37:02 INFO impl.YarnClientImpl: Submitted application application_1591713361741_0002
20/06/09 23:37:02 INFO mapreduce.Job: The url to track the job: http://master:8088/proxy/application_1591713361741_0002/
20/06/09 23:37:02 INFO mapreduce.Job: Running job: job_1591713361741_0002
20/06/09 23:37:10 INFO mapreduce.Job: Job job_1591713361741_0002 running in uber mode : false
20/06/09 23:37:10 INFO mapreduce.Job:  map 0% reduce 0%
20/06/09 23:37:26 INFO mapreduce.Job:  map 1% reduce 0%
20/06/09 23:37:30 INFO mapreduce.Job:  map 2% reduce 0%
20/06/09 23:37:36 INFO mapreduce.Job:  map 3% reduce 0%
20/06/09 23:37:40 INFO mapreduce.Job:  map 4% reduce 0%
20/06/09 23:37:45 INFO mapreduce.Job:  map 5% reduce 0%
20/06/09 23:37:51 INFO mapreduce.Job:  map 6% reduce 0%
20/06/09 23:37:54 INFO mapreduce.Job:  map 7% reduce 0%
20/06/09 23:38:01 INFO mapreduce.Job:  map 8% reduce 0%
20/06/09 23:38:04 INFO mapreduce.Job:  map 9% reduce 0%
20/06/09 23:38:07 INFO mapreduce.Job:  map 10% reduce 0%
20/06/09 23:38:09 INFO mapreduce.Job:  map 11% reduce 0%
20/06/09 23:38:13 INFO mapreduce.Job:  map 12% reduce 0%
20/06/09 23:38:19 INFO mapreduce.Job:  map 13% reduce 0%
20/06/09 23:38:22 INFO mapreduce.Job:  map 14% reduce 0%
20/06/09 23:38:23 INFO mapreduce.Job:  map 15% reduce 0%
20/06/09 23:38:25 INFO mapreduce.Job:  map 16% reduce 0%
20/06/09 23:38:27 INFO mapreduce.Job:  map 17% reduce 0%
20/06/09 23:38:35 INFO mapreduce.Job:  map 18% reduce 0%
20/06/09 23:38:39 INFO mapreduce.Job:  map 18% reduce 5%
20/06/09 23:38:42 INFO mapreduce.Job:  map 19% reduce 5%
20/06/09 23:38:47 INFO mapreduce.Job:  map 20% reduce 5%
20/06/09 23:38:52 INFO mapreduce.Job:  map 21% reduce 5%
20/06/09 23:38:56 INFO mapreduce.Job:  map 22% reduce 5%
20/06/09 23:38:59 INFO mapreduce.Job:  map 23% reduce 5%
20/06/09 23:39:00 INFO mapreduce.Job:  map 23% reduce 6%
20/06/09 23:39:02 INFO mapreduce.Job:  map 24% reduce 6%
20/06/09 23:39:04 INFO mapreduce.Job:  map 25% reduce 6%
20/06/09 23:39:06 INFO mapreduce.Job:  map 25% reduce 7%
20/06/09 23:39:10 INFO mapreduce.Job:  map 26% reduce 7%
20/06/09 23:39:15 INFO mapreduce.Job:  map 27% reduce 7%
20/06/09 23:39:20 INFO mapreduce.Job:  map 28% reduce 7%
20/06/09 23:39:25 INFO mapreduce.Job:  map 29% reduce 7%
20/06/09 23:39:28 INFO mapreduce.Job:  map 30% reduce 7%
20/06/09 23:39:30 INFO mapreduce.Job:  map 31% reduce 9%
20/06/09 23:39:34 INFO mapreduce.Job:  map 32% reduce 9%
20/06/09 23:39:36 INFO mapreduce.Job:  map 33% reduce 10%
20/06/09 23:39:43 INFO mapreduce.Job:  map 34% reduce 10%
20/06/09 23:39:46 INFO mapreduce.Job:  map 35% reduce 10%
20/06/09 23:39:52 INFO mapreduce.Job:  map 36% reduce 10%
20/06/09 23:39:55 INFO mapreduce.Job:  map 37% reduce 10%
20/06/09 23:39:57 INFO mapreduce.Job:  map 37% reduce 11%
20/06/09 23:39:58 INFO mapreduce.Job:  map 38% reduce 11%
20/06/09 23:40:02 INFO mapreduce.Job:  map 39% reduce 11%
20/06/09 23:40:03 INFO mapreduce.Job:  map 39% reduce 12%
20/06/09 23:40:07 INFO mapreduce.Job:  map 40% reduce 12%
20/06/09 23:40:14 INFO mapreduce.Job:  map 41% reduce 12%
20/06/09 23:40:18 INFO mapreduce.Job:  map 42% reduce 12%
20/06/09 23:40:23 INFO mapreduce.Job:  map 43% reduce 12%
20/06/09 23:40:28 INFO mapreduce.Job:  map 44% reduce 12%
20/06/09 23:40:31 INFO mapreduce.Job:  map 45% reduce 12%
20/06/09 23:40:34 INFO mapreduce.Job:  map 46% reduce 13%
20/06/09 23:40:37 INFO mapreduce.Job:  map 47% reduce 13%
20/06/09 23:40:39 INFO mapreduce.Job:  map 48% reduce 13%
20/06/09 23:40:40 INFO mapreduce.Job:  map 48% reduce 14%
20/06/09 23:40:41 INFO mapreduce.Job:  map 49% reduce 14%
20/06/09 23:40:43 INFO mapreduce.Job:  map 49% reduce 16%
20/06/09 23:40:48 INFO mapreduce.Job:  map 50% reduce 16%
20/06/09 23:40:53 INFO mapreduce.Job:  map 51% reduce 16%
20/06/09 23:40:56 INFO mapreduce.Job:  map 52% reduce 16%
20/06/09 23:40:58 INFO mapreduce.Job:  map 53% reduce 16%
20/06/09 23:40:59 INFO mapreduce.Job:  map 53% reduce 17%
20/06/09 23:41:05 INFO mapreduce.Job:  map 54% reduce 17%
20/06/09 23:41:10 INFO mapreduce.Job:  map 55% reduce 17%
20/06/09 23:41:15 INFO mapreduce.Job:  map 56% reduce 17%
20/06/09 23:41:20 INFO mapreduce.Job:  map 57% reduce 17%
20/06/09 23:41:24 INFO mapreduce.Job:  map 58% reduce 17%
20/06/09 23:41:30 INFO mapreduce.Job:  map 59% reduce 17%
20/06/09 23:41:34 INFO mapreduce.Job:  map 60% reduce 17%
20/06/09 23:41:36 INFO mapreduce.Job:  map 61% reduce 17%
20/06/09 23:41:37 INFO mapreduce.Job:  map 62% reduce 17%
20/06/09 23:41:38 INFO mapreduce.Job:  map 62% reduce 19%
20/06/09 23:41:41 INFO mapreduce.Job:  map 63% reduce 19%
20/06/09 23:41:43 INFO mapreduce.Job:  map 64% reduce 19%
20/06/09 23:41:45 INFO mapreduce.Job:  map 64% reduce 20%
20/06/09 23:41:47 INFO mapreduce.Job:  map 64% reduce 21%
20/06/09 23:41:48 INFO mapreduce.Job:  map 65% reduce 21%
20/06/09 23:41:53 INFO mapreduce.Job:  map 66% reduce 21%
20/06/09 23:41:56 INFO mapreduce.Job:  map 67% reduce 22%
20/06/09 23:42:02 INFO mapreduce.Job:  map 68% reduce 22%
20/06/09 23:42:06 INFO mapreduce.Job:  map 69% reduce 22%
20/06/09 23:42:11 INFO mapreduce.Job:  map 70% reduce 22%
20/06/09 23:42:18 INFO mapreduce.Job:  map 71% reduce 22%
20/06/09 23:42:22 INFO mapreduce.Job:  map 72% reduce 22%
20/06/09 23:42:27 INFO mapreduce.Job:  map 73% reduce 22%
20/06/09 23:42:29 INFO mapreduce.Job:  map 74% reduce 22%
20/06/09 23:42:32 INFO mapreduce.Job:  map 75% reduce 22%
20/06/09 23:42:33 INFO mapreduce.Job:  map 75% reduce 23%
20/06/09 23:42:36 INFO mapreduce.Job:  map 76% reduce 23%
20/06/09 23:42:41 INFO mapreduce.Job:  map 77% reduce 23%
20/06/09 23:42:42 INFO mapreduce.Job:  map 78% reduce 24%
20/06/09 23:42:44 INFO mapreduce.Job:  map 79% reduce 24%
20/06/09 23:42:45 INFO mapreduce.Job:  map 79% reduce 25%
20/06/09 23:42:46 INFO mapreduce.Job:  map 80% reduce 25%
20/06/09 23:42:48 INFO mapreduce.Job:  map 80% reduce 26%
20/06/09 23:42:50 INFO mapreduce.Job:  map 81% reduce 26%
20/06/09 23:42:51 INFO mapreduce.Job:  map 81% reduce 27%
20/06/09 23:42:58 INFO mapreduce.Job:  map 82% reduce 27%
20/06/09 23:43:00 INFO mapreduce.Job:  map 83% reduce 27%
20/06/09 23:43:02 INFO mapreduce.Job:  map 84% reduce 27%
20/06/09 23:43:04 INFO mapreduce.Job:  map 85% reduce 27%
20/06/09 23:43:05 INFO mapreduce.Job:  map 86% reduce 27%
20/06/09 23:43:08 INFO mapreduce.Job:  map 87% reduce 27%
20/06/09 23:43:09 INFO mapreduce.Job:  map 88% reduce 27%
20/06/09 23:43:10 INFO mapreduce.Job:  map 88% reduce 28%
20/06/09 23:43:13 INFO mapreduce.Job:  map 89% reduce 28%
20/06/09 23:43:16 INFO mapreduce.Job:  map 90% reduce 29%
20/06/09 23:43:20 INFO mapreduce.Job:  map 91% reduce 29%
20/06/09 23:43:22 INFO mapreduce.Job:  map 92% reduce 29%
20/06/09 23:43:23 INFO mapreduce.Job:  map 93% reduce 29%
20/06/09 23:43:25 INFO mapreduce.Job:  map 94% reduce 29%
20/06/09 23:43:26 INFO mapreduce.Job:  map 95% reduce 29%
20/06/09 23:43:27 INFO mapreduce.Job:  map 96% reduce 29%
20/06/09 23:43:28 INFO mapreduce.Job:  map 96% reduce 30%
20/06/09 23:43:29 INFO mapreduce.Job:  map 97% reduce 30%
20/06/09 23:43:31 INFO mapreduce.Job:  map 97% reduce 31%
20/06/09 23:43:33 INFO mapreduce.Job:  map 98% reduce 31%
20/06/09 23:43:37 INFO mapreduce.Job:  map 98% reduce 32%
20/06/09 23:43:38 INFO mapreduce.Job:  map 99% reduce 32%
20/06/09 23:43:40 INFO mapreduce.Job:  map 100% reduce 32%
20/06/09 23:43:43 INFO mapreduce.Job:  map 100% reduce 69%
20/06/09 23:43:46 INFO mapreduce.Job:  map 100% reduce 75%
20/06/09 23:43:50 INFO mapreduce.Job:  map 100% reduce 80%
20/06/09 23:43:53 INFO mapreduce.Job:  map 100% reduce 87%
20/06/09 23:43:56 INFO mapreduce.Job:  map 100% reduce 94%
20/06/09 23:43:58 INFO mapreduce.Job:  map 100% reduce 100%
20/06/09 23:43:59 INFO mapreduce.Job: Job job_1591713361741_0002 completed successfully
20/06/09 23:43:59 INFO mapreduce.Job: Counters: 51
	File System Counters
		FILE: Number of bytes read=1885098960
		FILE: Number of bytes written=2710181128
		FILE: Number of read operations=0
		FILE: Number of large read operations=0
		FILE: Number of write operations=0
		HDFS: Number of bytes read=11025219922
		HDFS: Number of bytes written=494797870
		HDFS: Number of read operations=273
		HDFS: Number of large read operations=0
		HDFS: Number of write operations=2
	Job Counters 
		Killed map tasks=1
		Launched map tasks=91
		Launched reduce tasks=1
		Data-local map tasks=89
		Rack-local map tasks=2
		Total time spent by all maps in occupied slots (ms)=4952025
		Total time spent by all reduces in occupied slots (ms)=332440
		Total time spent by all map tasks (ms)=4952025
		Total time spent by all reduce tasks (ms)=332440
		Total vcore-milliseconds taken by all map tasks=4952025
		Total vcore-milliseconds taken by all reduce tasks=332440
		Total megabyte-milliseconds taken by all map tasks=5070873600
		Total megabyte-milliseconds taken by all reduce tasks=340418560
	Map-Reduce Framework
		Map input records=266487
		Map output records=1009435668
		Map output bytes=19262300731
		Map output materialized bytes=813871762
		Input split bytes=10530
		Combine input records=1037070615
		Combine output records=50212926
		Reduce input groups=9846096
		Reduce shuffle bytes=813871762
		Reduce input records=22577979
		Reduce output records=9846096
		Spilled Records=76256471
		Shuffled Maps =90
		Failed Shuffles=0
		Merged Map outputs=90
		GC time elapsed (ms)=126450
		CPU time spent (ms)=1984890
		Physical memory (bytes) snapshot=24254930944
		Virtual memory (bytes) snapshot=191955451904
		Total committed heap usage (bytes)=18227920896
	Shuffle Errors
		BAD_ID=0
		CONNECTION=0
		IO_ERROR=0
		WRONG_LENGTH=0
		WRONG_MAP=0
		WRONG_REDUCE=0
	File Input Format Counters 
		Bytes Read=11025209392
	File Output Format Counters 
		Bytes Written=494797870
20/06/09 23:43:59 INFO client.RMProxy: Connecting to ResourceManager at master/10.51.17.95:8032
20/06/09 23:43:59 INFO input.FileInputFormat: Total input paths to process : 1
20/06/09 23:43:59 INFO mapreduce.JobSubmitter: number of splits:4
20/06/09 23:44:00 INFO mapreduce.JobSubmitter: Submitting tokens for job: job_1591713361741_0003
20/06/09 23:44:00 INFO impl.YarnClientImpl: Submitted application application_1591713361741_0003
20/06/09 23:44:00 INFO mapreduce.Job: The url to track the job: http://master:8088/proxy/application_1591713361741_0003/
20/06/09 23:44:00 INFO mapreduce.Job: Running job: job_1591713361741_0003
20/06/09 23:44:09 INFO mapreduce.Job: Job job_1591713361741_0003 running in uber mode : false
20/06/09 23:44:09 INFO mapreduce.Job:  map 0% reduce 0%
20/06/09 23:44:20 INFO mapreduce.Job:  map 21% reduce 0%
20/06/09 23:44:21 INFO mapreduce.Job:  map 51% reduce 0%
20/06/09 23:44:23 INFO mapreduce.Job:  map 67% reduce 0%
20/06/09 23:44:24 INFO mapreduce.Job:  map 72% reduce 0%
20/06/09 23:44:26 INFO mapreduce.Job:  map 76% reduce 0%
20/06/09 23:44:27 INFO mapreduce.Job:  map 82% reduce 0%
20/06/09 23:44:29 INFO mapreduce.Job:  map 88% reduce 0%
20/06/09 23:44:30 INFO mapreduce.Job:  map 100% reduce 0%
20/06/09 23:44:33 INFO mapreduce.Job:  map 100% reduce 79%
20/06/09 23:44:36 INFO mapreduce.Job:  map 100% reduce 91%
20/06/09 23:44:39 INFO mapreduce.Job:  map 100% reduce 100%
20/06/09 23:44:40 INFO mapreduce.Job: Job job_1591713361741_0003 completed successfully
20/06/09 23:44:40 INFO mapreduce.Job: Counters: 50
	File System Counters
		FILE: Number of bytes read=861780690
		FILE: Number of bytes written=1293284337
		FILE: Number of read operations=0
		FILE: Number of large read operations=0
		FILE: Number of write operations=0
		HDFS: Number of bytes read=494800565
		HDFS: Number of bytes written=352778603
		HDFS: Number of read operations=19
		HDFS: Number of large read operations=0
		HDFS: Number of write operations=2
	Job Counters 
		Killed map tasks=1
		Launched map tasks=5
		Launched reduce tasks=1
		Data-local map tasks=5
		Total time spent by all maps in occupied slots (ms)=69439
		Total time spent by all reduces in occupied slots (ms)=15503
		Total time spent by all map tasks (ms)=69439
		Total time spent by all reduce tasks (ms)=15503
		Total vcore-milliseconds taken by all map tasks=69439
		Total vcore-milliseconds taken by all reduce tasks=15503
		Total megabyte-milliseconds taken by all map tasks=71105536
		Total megabyte-milliseconds taken by all reduce tasks=15875072
	Map-Reduce Framework
		Map input records=9846096
		Map output records=9846096
		Map output bytes=411198096
		Map output materialized bytes=430890312
		Input split bytes=508
		Combine input records=0
		Combine output records=0
		Reduce input groups=1264
		Reduce shuffle bytes=430890312
		Reduce input records=9846096
		Reduce output records=9846096
		Spilled Records=29538288
		Shuffled Maps =4
		Failed Shuffles=0
		Merged Map outputs=4
		GC time elapsed (ms)=2231
		CPU time spent (ms)=47230
		Physical memory (bytes) snapshot=1179557888
		Virtual memory (bytes) snapshot=10555846656
		Total committed heap usage (bytes)=861929472
	Shuffle Errors
		BAD_ID=0
		CONNECTION=0
		IO_ERROR=0
		WRONG_LENGTH=0
		WRONG_MAP=0
		WRONG_REDUCE=0
	File Input Format Counters 
		Bytes Read=494800057
	File Output Format Counters 
		Bytes Written=352778603
