20/06/09 23:45:46 INFO client.RMProxy: Connecting to ResourceManager at master/10.51.17.95:8032
20/06/09 23:45:47 INFO input.FileInputFormat: Total input paths to process : 10
20/06/09 23:45:47 INFO mapreduce.JobSubmitter: number of splits:90
20/06/09 23:45:47 INFO mapreduce.JobSubmitter: Submitting tokens for job: job_1591713361741_0005
20/06/09 23:45:47 INFO impl.YarnClientImpl: Submitted application application_1591713361741_0005
20/06/09 23:45:47 INFO mapreduce.Job: The url to track the job: http://master:8088/proxy/application_1591713361741_0005/
20/06/09 23:45:47 INFO mapreduce.Job: Running job: job_1591713361741_0005
20/06/09 23:45:55 INFO mapreduce.Job: Job job_1591713361741_0005 running in uber mode : false
20/06/09 23:45:55 INFO mapreduce.Job:  map 0% reduce 0%
20/06/09 23:46:10 INFO mapreduce.Job:  map 1% reduce 0%
20/06/09 23:46:16 INFO mapreduce.Job:  map 2% reduce 0%
20/06/09 23:46:20 INFO mapreduce.Job:  map 3% reduce 0%
20/06/09 23:46:26 INFO mapreduce.Job:  map 4% reduce 0%
20/06/09 23:46:30 INFO mapreduce.Job:  map 5% reduce 0%
20/06/09 23:46:35 INFO mapreduce.Job:  map 6% reduce 0%
20/06/09 23:46:39 INFO mapreduce.Job:  map 7% reduce 0%
20/06/09 23:46:43 INFO mapreduce.Job:  map 8% reduce 0%
20/06/09 23:46:49 INFO mapreduce.Job:  map 9% reduce 0%
20/06/09 23:46:51 INFO mapreduce.Job:  map 10% reduce 0%
20/06/09 23:46:52 INFO mapreduce.Job:  map 11% reduce 0%
20/06/09 23:46:55 INFO mapreduce.Job:  map 12% reduce 0%
20/06/09 23:47:03 INFO mapreduce.Job:  map 13% reduce 0%
20/06/09 23:47:06 INFO mapreduce.Job:  map 14% reduce 0%
20/06/09 23:47:09 INFO mapreduce.Job:  map 15% reduce 0%
20/06/09 23:47:10 INFO mapreduce.Job:  map 16% reduce 0%
20/06/09 23:47:11 INFO mapreduce.Job:  map 17% reduce 0%
20/06/09 23:47:20 INFO mapreduce.Job:  map 18% reduce 0%
20/06/09 23:47:22 INFO mapreduce.Job:  map 18% reduce 5%
20/06/09 23:47:25 INFO mapreduce.Job:  map 19% reduce 5%
20/06/09 23:47:31 INFO mapreduce.Job:  map 20% reduce 5%
20/06/09 23:47:36 INFO mapreduce.Job:  map 21% reduce 5%
20/06/09 23:47:40 INFO mapreduce.Job:  map 22% reduce 5%
20/06/09 23:47:43 INFO mapreduce.Job:  map 23% reduce 5%
20/06/09 23:47:44 INFO mapreduce.Job:  map 23% reduce 6%
20/06/09 23:47:45 INFO mapreduce.Job:  map 24% reduce 6%
20/06/09 23:47:46 INFO mapreduce.Job:  map 25% reduce 6%
20/06/09 23:47:47 INFO mapreduce.Job:  map 25% reduce 7%
20/06/09 23:47:55 INFO mapreduce.Job:  map 26% reduce 7%
20/06/09 23:47:59 INFO mapreduce.Job:  map 27% reduce 7%
20/06/09 23:48:05 INFO mapreduce.Job:  map 28% reduce 7%
20/06/09 23:48:10 INFO mapreduce.Job:  map 29% reduce 7%
20/06/09 23:48:13 INFO mapreduce.Job:  map 30% reduce 7%
20/06/09 23:48:15 INFO mapreduce.Job:  map 31% reduce 9%
20/06/09 23:48:17 INFO mapreduce.Job:  map 32% reduce 9%
20/06/09 23:48:20 INFO mapreduce.Job:  map 33% reduce 9%
20/06/09 23:48:21 INFO mapreduce.Job:  map 33% reduce 10%
20/06/09 23:48:26 INFO mapreduce.Job:  map 34% reduce 10%
20/06/09 23:48:32 INFO mapreduce.Job:  map 35% reduce 10%
20/06/09 23:48:35 INFO mapreduce.Job:  map 36% reduce 10%
20/06/09 23:48:39 INFO mapreduce.Job:  map 37% reduce 10%
20/06/09 23:48:41 INFO mapreduce.Job:  map 38% reduce 10%
20/06/09 23:48:42 INFO mapreduce.Job:  map 38% reduce 11%
20/06/09 23:48:44 INFO mapreduce.Job:  map 39% reduce 11%
20/06/09 23:48:45 INFO mapreduce.Job:  map 39% reduce 12%
20/06/09 23:48:52 INFO mapreduce.Job:  map 40% reduce 12%
20/06/09 23:48:58 INFO mapreduce.Job:  map 41% reduce 12%
20/06/09 23:49:02 INFO mapreduce.Job:  map 42% reduce 12%
20/06/09 23:49:08 INFO mapreduce.Job:  map 43% reduce 12%
20/06/09 23:49:12 INFO mapreduce.Job:  map 44% reduce 12%
20/06/09 23:49:15 INFO mapreduce.Job:  map 45% reduce 12%
20/06/09 23:49:18 INFO mapreduce.Job:  map 46% reduce 13%
20/06/09 23:49:20 INFO mapreduce.Job:  map 47% reduce 13%
20/06/09 23:49:21 INFO mapreduce.Job:  map 47% reduce 14%
20/06/09 23:49:23 INFO mapreduce.Job:  map 48% reduce 14%
20/06/09 23:49:24 INFO mapreduce.Job:  map 48% reduce 15%
20/06/09 23:49:27 INFO mapreduce.Job:  map 49% reduce 15%
20/06/09 23:49:33 INFO mapreduce.Job:  map 50% reduce 15%
20/06/09 23:49:34 INFO mapreduce.Job:  map 50% reduce 16%
20/06/09 23:49:35 INFO mapreduce.Job:  map 51% reduce 16%
20/06/09 23:49:37 INFO mapreduce.Job:  map 51% reduce 17%
20/06/09 23:49:38 INFO mapreduce.Job:  map 52% reduce 17%
20/06/09 23:49:44 INFO mapreduce.Job:  map 53% reduce 17%
20/06/09 23:49:49 INFO mapreduce.Job:  map 54% reduce 17%
20/06/09 23:49:55 INFO mapreduce.Job:  map 55% reduce 17%
20/06/09 23:49:59 INFO mapreduce.Job:  map 56% reduce 17%
20/06/09 23:50:04 INFO mapreduce.Job:  map 57% reduce 17%
20/06/09 23:50:08 INFO mapreduce.Job:  map 58% reduce 17%
20/06/09 23:50:14 INFO mapreduce.Job:  map 59% reduce 17%
20/06/09 23:50:17 INFO mapreduce.Job:  map 60% reduce 17%
20/06/09 23:50:22 INFO mapreduce.Job:  map 61% reduce 17%
20/06/09 23:50:23 INFO mapreduce.Job:  map 62% reduce 17%
20/06/09 23:50:25 INFO mapreduce.Job:  map 63% reduce 17%
20/06/09 23:50:26 INFO mapreduce.Job:  map 63% reduce 19%
20/06/09 23:50:27 INFO mapreduce.Job:  map 64% reduce 19%
20/06/09 23:50:29 INFO mapreduce.Job:  map 64% reduce 21%
20/06/09 23:50:32 INFO mapreduce.Job:  map 65% reduce 21%
20/06/09 23:50:35 INFO mapreduce.Job:  map 66% reduce 21%
20/06/09 23:50:38 INFO mapreduce.Job:  map 66% reduce 22%
20/06/09 23:50:41 INFO mapreduce.Job:  map 67% reduce 22%
20/06/09 23:50:47 INFO mapreduce.Job:  map 68% reduce 22%
20/06/09 23:50:50 INFO mapreduce.Job:  map 69% reduce 22%
20/06/09 23:50:57 INFO mapreduce.Job:  map 70% reduce 22%
20/06/09 23:51:00 INFO mapreduce.Job:  map 71% reduce 22%
20/06/09 23:51:06 INFO mapreduce.Job:  map 72% reduce 22%
20/06/09 23:51:09 INFO mapreduce.Job:  map 73% reduce 22%
20/06/09 23:51:15 INFO mapreduce.Job:  map 74% reduce 22%
20/06/09 23:51:18 INFO mapreduce.Job:  map 75% reduce 22%
20/06/09 23:51:19 INFO mapreduce.Job:  map 76% reduce 22%
20/06/09 23:51:21 INFO mapreduce.Job:  map 77% reduce 23%
20/06/09 23:51:24 INFO mapreduce.Job:  map 77% reduce 24%
20/06/09 23:51:26 INFO mapreduce.Job:  map 78% reduce 24%
20/06/09 23:51:27 INFO mapreduce.Job:  map 79% reduce 24%
20/06/09 23:51:30 INFO mapreduce.Job:  map 80% reduce 25%
20/06/09 23:51:33 INFO mapreduce.Job:  map 80% reduce 26%
20/06/09 23:51:34 INFO mapreduce.Job:  map 81% reduce 26%
20/06/09 23:51:37 INFO mapreduce.Job:  map 81% reduce 27%
20/06/09 23:51:40 INFO mapreduce.Job:  map 82% reduce 27%
20/06/09 23:51:44 INFO mapreduce.Job:  map 84% reduce 27%
20/06/09 23:51:47 INFO mapreduce.Job:  map 85% reduce 27%
20/06/09 23:51:50 INFO mapreduce.Job:  map 86% reduce 27%
20/06/09 23:51:51 INFO mapreduce.Job:  map 87% reduce 27%
20/06/09 23:51:54 INFO mapreduce.Job:  map 88% reduce 27%
20/06/09 23:51:55 INFO mapreduce.Job:  map 88% reduce 28%
20/06/09 23:51:57 INFO mapreduce.Job:  map 89% reduce 28%
20/06/09 23:52:00 INFO mapreduce.Job:  map 90% reduce 28%
20/06/09 23:52:01 INFO mapreduce.Job:  map 90% reduce 29%
20/06/09 23:52:02 INFO mapreduce.Job:  map 91% reduce 29%
20/06/09 23:52:05 INFO mapreduce.Job:  map 92% reduce 29%
20/06/09 23:52:07 INFO mapreduce.Job:  map 93% reduce 29%
20/06/09 23:52:08 INFO mapreduce.Job:  map 94% reduce 29%
20/06/09 23:52:10 INFO mapreduce.Job:  map 94% reduce 30%
20/06/09 23:52:12 INFO mapreduce.Job:  map 96% reduce 30%
20/06/09 23:52:15 INFO mapreduce.Job:  map 97% reduce 30%
20/06/09 23:52:16 INFO mapreduce.Job:  map 97% reduce 31%
20/06/09 23:52:18 INFO mapreduce.Job:  map 98% reduce 31%
20/06/09 23:52:21 INFO mapreduce.Job:  map 99% reduce 31%
20/06/09 23:52:22 INFO mapreduce.Job:  map 99% reduce 32%
20/06/09 23:52:23 INFO mapreduce.Job:  map 100% reduce 32%
20/06/09 23:52:25 INFO mapreduce.Job:  map 100% reduce 33%
20/06/09 23:52:28 INFO mapreduce.Job:  map 100% reduce 69%
20/06/09 23:52:31 INFO mapreduce.Job:  map 100% reduce 75%
20/06/09 23:52:34 INFO mapreduce.Job:  map 100% reduce 80%
20/06/09 23:52:37 INFO mapreduce.Job:  map 100% reduce 86%
20/06/09 23:52:40 INFO mapreduce.Job:  map 100% reduce 93%
20/06/09 23:52:42 INFO mapreduce.Job:  map 100% reduce 100%
20/06/09 23:52:43 INFO mapreduce.Job: Job job_1591713361741_0005 completed successfully
20/06/09 23:52:44 INFO mapreduce.Job: Counters: 51
	File System Counters
		FILE: Number of bytes read=1860558755
		FILE: Number of bytes written=2673981300
		FILE: Number of read operations=0
		FILE: Number of large read operations=0
		FILE: Number of write operations=0
		HDFS: Number of bytes read=11024891423
		HDFS: Number of bytes written=484375332
		HDFS: Number of read operations=273
		HDFS: Number of large read operations=0
		HDFS: Number of write operations=2
	Job Counters 
		Killed map tasks=1
		Launched map tasks=91
		Launched reduce tasks=1
		Data-local map tasks=89
		Rack-local map tasks=2
		Total time spent by all maps in occupied slots (ms)=4948696
		Total time spent by all reduces in occupied slots (ms)=333095
		Total time spent by all map tasks (ms)=4948696
		Total time spent by all reduce tasks (ms)=333095
		Total vcore-milliseconds taken by all map tasks=4948696
		Total vcore-milliseconds taken by all reduce tasks=333095
		Total megabyte-milliseconds taken by all map tasks=5067464704
		Total megabyte-milliseconds taken by all reduce tasks=341089280
	Map-Reduce Framework
		Map input records=1636551
		Map output records=1009906573
		Map output bytes=19269316207
		Map output materialized bytes=802212230
		Input split bytes=10530
		Combine input records=1037550804
		Combine output records=50224363
		Reduce input groups=9838896
		Reduce shuffle bytes=802212230
		Reduce input records=22580132
		Reduce output records=9838896
		Spilled Records=76280544
		Shuffled Maps =90
		Failed Shuffles=0
		Merged Map outputs=90
		GC time elapsed (ms)=128429
		CPU time spent (ms)=1989120
		Physical memory (bytes) snapshot=24178790400
		Virtual memory (bytes) snapshot=191923773440
		Total committed heap usage (bytes)=18203279360
	Shuffle Errors
		BAD_ID=0
		CONNECTION=0
		IO_ERROR=0
		WRONG_LENGTH=0
		WRONG_MAP=0
		WRONG_REDUCE=0
	File Input Format Counters 
		Bytes Read=11024880893
	File Output Format Counters 
		Bytes Written=484375332
20/06/09 23:52:44 INFO client.RMProxy: Connecting to ResourceManager at master/10.51.17.95:8032
20/06/09 23:52:44 INFO input.FileInputFormat: Total input paths to process : 1
20/06/09 23:52:44 INFO mapreduce.JobSubmitter: number of splits:4
20/06/09 23:52:44 INFO mapreduce.JobSubmitter: Submitting tokens for job: job_1591713361741_0006
20/06/09 23:52:44 INFO impl.YarnClientImpl: Submitted application application_1591713361741_0006
20/06/09 23:52:44 INFO mapreduce.Job: The url to track the job: http://master:8088/proxy/application_1591713361741_0006/
20/06/09 23:52:44 INFO mapreduce.Job: Running job: job_1591713361741_0006
20/06/09 23:52:53 INFO mapreduce.Job: Job job_1591713361741_0006 running in uber mode : false
20/06/09 23:52:53 INFO mapreduce.Job:  map 0% reduce 0%
20/06/09 23:53:04 INFO mapreduce.Job:  map 48% reduce 0%
20/06/09 23:53:05 INFO mapreduce.Job:  map 54% reduce 0%
20/06/09 23:53:07 INFO mapreduce.Job:  map 76% reduce 0%
20/06/09 23:53:10 INFO mapreduce.Job:  map 88% reduce 0%
20/06/09 23:53:11 INFO mapreduce.Job:  map 89% reduce 0%
20/06/09 23:53:13 INFO mapreduce.Job:  map 96% reduce 0%
20/06/09 23:53:14 INFO mapreduce.Job:  map 100% reduce 0%
20/06/09 23:53:17 INFO mapreduce.Job:  map 100% reduce 81%
20/06/09 23:53:20 INFO mapreduce.Job:  map 100% reduce 93%
20/06/09 23:53:24 INFO mapreduce.Job:  map 100% reduce 100%
20/06/09 23:53:24 INFO mapreduce.Job: Job job_1591713361741_0006 completed successfully
20/06/09 23:53:24 INFO mapreduce.Job: Counters: 50
	File System Counters
		FILE: Number of bytes read=841219654
		FILE: Number of bytes written=1262442778
		FILE: Number of read operations=0
		FILE: Number of large read operations=0
		FILE: Number of write operations=0
		HDFS: Number of bytes read=484378183
		HDFS: Number of bytes written=342555659
		HDFS: Number of read operations=19
		HDFS: Number of large read operations=0
		HDFS: Number of write operations=2
	Job Counters 
		Killed map tasks=1
		Launched map tasks=5
		Launched reduce tasks=1
		Data-local map tasks=5
		Total time spent by all maps in occupied slots (ms)=67426
		Total time spent by all reduces in occupied slots (ms)=15238
		Total time spent by all map tasks (ms)=67426
		Total time spent by all reduce tasks (ms)=15238
		Total vcore-milliseconds taken by all map tasks=67426
		Total vcore-milliseconds taken by all reduce tasks=15238
		Total megabyte-milliseconds taken by all map tasks=69044224
		Total megabyte-milliseconds taken by all reduce tasks=15603712
	Map-Reduce Framework
		Map input records=9838896
		Map output records=9838896
		Map output bytes=400931978
		Map output materialized bytes=420609794
		Input split bytes=504
		Combine input records=0
		Combine output records=0
		Reduce input groups=1276
		Reduce shuffle bytes=420609794
		Reduce input records=9838896
		Reduce output records=9838896
		Spilled Records=29516688
		Shuffled Maps =4
		Failed Shuffles=0
		Merged Map outputs=4
		GC time elapsed (ms)=2734
		CPU time spent (ms)=45490
		Physical memory (bytes) snapshot=1298989056
		Virtual memory (bytes) snapshot=10551582720
		Total committed heap usage (bytes)=941621248
	Shuffle Errors
		BAD_ID=0
		CONNECTION=0
		IO_ERROR=0
		WRONG_LENGTH=0
		WRONG_MAP=0
		WRONG_REDUCE=0
	File Input Format Counters 
		Bytes Read=484377679
	File Output Format Counters 
		Bytes Written=342555659
