20/06/10 13:35:20 INFO client.RMProxy: Connecting to ResourceManager at master/10.51.17.95:8032
20/06/10 13:35:21 INFO client.RMProxy: Connecting to ResourceManager at master/10.51.17.95:8032
20/06/10 13:35:21 INFO input.FileInputFormat: Total input paths to process : 10
20/06/10 13:35:21 INFO mapreduce.JobSubmitter: number of splits:80
20/06/10 13:35:21 INFO mapreduce.JobSubmitter: Submitting tokens for job: job_1591763655280_0002
20/06/10 13:35:22 INFO impl.YarnClientImpl: Submitted application application_1591763655280_0002
20/06/10 13:35:22 INFO mapreduce.Job: The url to track the job: http://master:8088/proxy/application_1591763655280_0002/
20/06/10 13:35:22 INFO mapreduce.Job: Running job: job_1591763655280_0002
20/06/10 13:35:30 INFO mapreduce.Job: Job job_1591763655280_0002 running in uber mode : false
20/06/10 13:35:30 INFO mapreduce.Job:  map 0% reduce 0%
20/06/10 13:35:42 INFO mapreduce.Job:  map 1% reduce 0%
20/06/10 13:35:43 INFO mapreduce.Job:  map 3% reduce 0%
20/06/10 13:35:44 INFO mapreduce.Job:  map 7% reduce 0%
20/06/10 13:35:45 INFO mapreduce.Job:  map 9% reduce 0%
20/06/10 13:35:46 INFO mapreduce.Job:  map 13% reduce 0%
20/06/10 13:35:47 INFO mapreduce.Job:  map 15% reduce 0%
20/06/10 13:35:49 INFO mapreduce.Job:  map 16% reduce 0%
20/06/10 13:35:50 INFO mapreduce.Job:  map 17% reduce 0%
20/06/10 13:35:53 INFO mapreduce.Job:  map 20% reduce 0%
20/06/10 13:35:54 INFO mapreduce.Job:  map 21% reduce 0%
20/06/10 13:35:55 INFO mapreduce.Job:  map 22% reduce 0%
20/06/10 13:35:58 INFO mapreduce.Job:  map 23% reduce 1%
20/06/10 13:35:59 INFO mapreduce.Job:  map 24% reduce 1%
20/06/10 13:36:01 INFO mapreduce.Job:  map 25% reduce 2%
20/06/10 13:36:02 INFO mapreduce.Job:  map 26% reduce 2%
20/06/10 13:36:03 INFO mapreduce.Job:  map 27% reduce 2%
20/06/10 13:36:04 INFO mapreduce.Job:  map 29% reduce 2%
20/06/10 13:36:05 INFO mapreduce.Job:  map 29% reduce 3%
20/06/10 13:36:06 INFO mapreduce.Job:  map 30% reduce 3%
20/06/10 13:36:07 INFO mapreduce.Job:  map 31% reduce 4%
20/06/10 13:36:11 INFO mapreduce.Job:  map 32% reduce 4%
20/06/10 13:36:12 INFO mapreduce.Job:  map 32% reduce 5%
20/06/10 13:36:13 INFO mapreduce.Job:  map 33% reduce 5%
20/06/10 13:36:14 INFO mapreduce.Job:  map 34% reduce 7%
20/06/10 13:36:17 INFO mapreduce.Job:  map 35% reduce 7%
20/06/10 13:36:18 INFO mapreduce.Job:  map 35% reduce 8%
20/06/10 13:36:22 INFO mapreduce.Job:  map 36% reduce 8%
20/06/10 13:36:23 INFO mapreduce.Job:  map 37% reduce 8%
20/06/10 13:36:26 INFO mapreduce.Job:  map 39% reduce 8%
20/06/10 13:36:27 INFO mapreduce.Job:  map 39% reduce 9%
20/06/10 13:36:28 INFO mapreduce.Job:  map 40% reduce 9%
20/06/10 13:36:29 INFO mapreduce.Job:  map 41% reduce 10%
20/06/10 13:36:32 INFO mapreduce.Job:  map 42% reduce 10%
20/06/10 13:36:33 INFO mapreduce.Job:  map 42% reduce 11%
20/06/10 13:36:40 INFO mapreduce.Job:  map 43% reduce 11%
20/06/10 13:36:41 INFO mapreduce.Job:  map 45% reduce 11%
20/06/10 13:36:42 INFO mapreduce.Job:  map 46% reduce 11%
20/06/10 13:36:44 INFO mapreduce.Job:  map 47% reduce 11%
20/06/10 13:36:45 INFO mapreduce.Job:  map 48% reduce 12%
20/06/10 13:36:47 INFO mapreduce.Job:  map 49% reduce 12%
20/06/10 13:36:48 INFO mapreduce.Job:  map 49% reduce 13%
20/06/10 13:36:53 INFO mapreduce.Job:  map 50% reduce 13%
20/06/10 13:36:56 INFO mapreduce.Job:  map 51% reduce 14%
20/06/10 13:36:57 INFO mapreduce.Job:  map 53% reduce 14%
20/06/10 13:36:58 INFO mapreduce.Job:  map 54% reduce 14%
20/06/10 13:37:00 INFO mapreduce.Job:  map 55% reduce 14%
20/06/10 13:37:01 INFO mapreduce.Job:  map 56% reduce 14%
20/06/10 13:37:02 INFO mapreduce.Job:  map 56% reduce 15%
20/06/10 13:37:07 INFO mapreduce.Job:  map 57% reduce 15%
20/06/10 13:37:10 INFO mapreduce.Job:  map 59% reduce 15%
20/06/10 13:37:11 INFO mapreduce.Job:  map 59% reduce 16%
20/06/10 13:37:12 INFO mapreduce.Job:  map 61% reduce 16%
20/06/10 13:37:14 INFO mapreduce.Job:  map 61% reduce 17%
20/06/10 13:37:15 INFO mapreduce.Job:  map 62% reduce 17%
20/06/10 13:37:17 INFO mapreduce.Job:  map 63% reduce 17%
20/06/10 13:37:21 INFO mapreduce.Job:  map 63% reduce 18%
20/06/10 13:37:25 INFO mapreduce.Job:  map 64% reduce 18%
20/06/10 13:37:28 INFO mapreduce.Job:  map 66% reduce 18%
20/06/10 13:37:29 INFO mapreduce.Job:  map 67% reduce 18%
20/06/10 13:37:31 INFO mapreduce.Job:  map 68% reduce 18%
20/06/10 13:37:33 INFO mapreduce.Job:  map 68% reduce 19%
20/06/10 13:37:34 INFO mapreduce.Job:  map 70% reduce 19%
20/06/10 13:37:36 INFO mapreduce.Job:  map 70% reduce 20%
20/06/10 13:37:42 INFO mapreduce.Job:  map 71% reduce 21%
20/06/10 13:37:46 INFO mapreduce.Job:  map 72% reduce 21%
20/06/10 13:37:49 INFO mapreduce.Job:  map 73% reduce 21%
20/06/10 13:37:51 INFO mapreduce.Job:  map 74% reduce 22%
20/06/10 13:37:52 INFO mapreduce.Job:  map 75% reduce 22%
20/06/10 13:37:53 INFO mapreduce.Job:  map 76% reduce 22%
20/06/10 13:37:54 INFO mapreduce.Job:  map 76% reduce 23%
20/06/10 13:37:57 INFO mapreduce.Job:  map 76% reduce 24%
20/06/10 13:38:01 INFO mapreduce.Job:  map 77% reduce 24%
20/06/10 13:38:03 INFO mapreduce.Job:  map 78% reduce 24%
20/06/10 13:38:04 INFO mapreduce.Job:  map 79% reduce 25%
20/06/10 13:38:06 INFO mapreduce.Job:  map 81% reduce 25%
20/06/10 13:38:09 INFO mapreduce.Job:  map 82% reduce 26%
20/06/10 13:38:12 INFO mapreduce.Job:  map 82% reduce 27%
20/06/10 13:38:16 INFO mapreduce.Job:  map 83% reduce 27%
20/06/10 13:38:20 INFO mapreduce.Job:  map 84% reduce 27%
20/06/10 13:38:21 INFO mapreduce.Job:  map 85% reduce 28%
20/06/10 13:38:23 INFO mapreduce.Job:  map 88% reduce 28%
20/06/10 13:38:24 INFO mapreduce.Job:  map 89% reduce 28%
20/06/10 13:38:25 INFO mapreduce.Job:  map 90% reduce 28%
20/06/10 13:38:26 INFO mapreduce.Job:  map 91% reduce 28%
20/06/10 13:38:27 INFO mapreduce.Job:  map 92% reduce 28%
20/06/10 13:38:28 INFO mapreduce.Job:  map 93% reduce 28%
20/06/10 13:38:29 INFO mapreduce.Job:  map 94% reduce 28%
20/06/10 13:38:30 INFO mapreduce.Job:  map 94% reduce 29%
20/06/10 13:38:32 INFO mapreduce.Job:  map 95% reduce 29%
20/06/10 13:38:36 INFO mapreduce.Job:  map 96% reduce 29%
20/06/10 13:38:37 INFO mapreduce.Job:  map 96% reduce 30%
20/06/10 13:38:38 INFO mapreduce.Job:  map 96% reduce 31%
20/06/10 13:38:41 INFO mapreduce.Job:  map 97% reduce 31%
20/06/10 13:38:45 INFO mapreduce.Job:  map 98% reduce 31%
20/06/10 13:38:47 INFO mapreduce.Job:  map 99% reduce 32%
20/06/10 13:38:49 INFO mapreduce.Job:  map 100% reduce 33%
20/06/10 13:38:52 INFO mapreduce.Job:  map 100% reduce 44%
20/06/10 13:38:53 INFO mapreduce.Job:  map 100% reduce 49%
20/06/10 13:38:55 INFO mapreduce.Job:  map 100% reduce 60%
20/06/10 13:38:56 INFO mapreduce.Job:  map 100% reduce 67%
20/06/10 13:39:01 INFO mapreduce.Job:  map 100% reduce 68%
20/06/10 13:39:04 INFO mapreduce.Job:  map 100% reduce 69%
20/06/10 13:39:05 INFO mapreduce.Job:  map 100% reduce 70%
20/06/10 13:39:07 INFO mapreduce.Job:  map 100% reduce 71%
20/06/10 13:39:08 INFO mapreduce.Job:  map 100% reduce 72%
20/06/10 13:39:10 INFO mapreduce.Job:  map 100% reduce 73%
20/06/10 13:39:13 INFO mapreduce.Job:  map 100% reduce 74%
20/06/10 13:39:14 INFO mapreduce.Job:  map 100% reduce 75%
20/06/10 13:39:16 INFO mapreduce.Job:  map 100% reduce 76%
20/06/10 13:39:19 INFO mapreduce.Job:  map 100% reduce 78%
20/06/10 13:39:22 INFO mapreduce.Job:  map 100% reduce 80%
20/06/10 13:39:25 INFO mapreduce.Job:  map 100% reduce 81%
20/06/10 13:39:28 INFO mapreduce.Job:  map 100% reduce 83%
20/06/10 13:39:29 INFO mapreduce.Job:  map 100% reduce 84%
20/06/10 13:39:34 INFO mapreduce.Job:  map 100% reduce 86%
20/06/10 13:39:35 INFO mapreduce.Job:  map 100% reduce 87%
20/06/10 13:39:37 INFO mapreduce.Job:  map 100% reduce 88%
20/06/10 13:39:40 INFO mapreduce.Job:  map 100% reduce 90%
20/06/10 13:39:43 INFO mapreduce.Job:  map 100% reduce 91%
20/06/10 13:39:46 INFO mapreduce.Job:  map 100% reduce 92%
20/06/10 13:39:47 INFO mapreduce.Job:  map 100% reduce 93%
20/06/10 13:39:49 INFO mapreduce.Job:  map 100% reduce 94%
20/06/10 13:39:50 INFO mapreduce.Job:  map 100% reduce 95%
20/06/10 13:39:53 INFO mapreduce.Job:  map 100% reduce 96%
20/06/10 13:39:55 INFO mapreduce.Job:  map 100% reduce 97%
20/06/10 13:39:56 INFO mapreduce.Job:  map 100% reduce 98%
20/06/10 13:39:58 INFO mapreduce.Job:  map 100% reduce 99%
20/06/10 13:39:59 INFO mapreduce.Job:  map 100% reduce 100%
20/06/10 13:40:00 INFO mapreduce.Job: Job job_1591763655280_0002 completed successfully
20/06/10 13:40:00 INFO mapreduce.Job: Counters: 51
	File System Counters
		FILE: Number of bytes read=31976612610
		FILE: Number of bytes written=42736142241
		FILE: Number of read operations=0
		FILE: Number of large read operations=0
		FILE: Number of write operations=0
		HDFS: Number of bytes read=10774222887
		HDFS: Number of bytes written=10772865505
		HDFS: Number of read operations=329
		HDFS: Number of large read operations=0
		HDFS: Number of write operations=6
	Job Counters 
		Killed map tasks=1
		Launched map tasks=81
		Launched reduce tasks=3
		Data-local map tasks=62
		Rack-local map tasks=19
		Total time spent by all maps in occupied slots (ms)=2010938
		Total time spent by all reduces in occupied slots (ms)=710415
		Total time spent by all map tasks (ms)=2010938
		Total time spent by all reduce tasks (ms)=710415
		Total vcore-milliseconds taken by all map tasks=2010938
		Total vcore-milliseconds taken by all reduce tasks=710415
		Total megabyte-milliseconds taken by all map tasks=2059200512
		Total megabyte-milliseconds taken by all reduce tasks=727464960
	Map-Reduce Framework
		Map input records=1022520
		Map output records=1022520
		Map output bytes=10745670617
		Map output materialized bytes=10751419537
		Input split bytes=9040
		Combine input records=0
		Combine output records=0
		Reduce input groups=1022520
		Reduce shuffle bytes=10751419537
		Reduce input records=1022520
		Reduce output records=1022520
		Spilled Records=4063508
		Shuffled Maps =240
		Failed Shuffles=0
		Merged Map outputs=240
		GC time elapsed (ms)=30931
		CPU time spent (ms)=273460
		Physical memory (bytes) snapshot=20992147456
		Virtual memory (bytes) snapshot=175102971904
		Total committed heap usage (bytes)=15074328576
	Shuffle Errors
		BAD_ID=0
		CONNECTION=0
		IO_ERROR=0
		WRONG_LENGTH=0
		WRONG_MAP=0
		WRONG_REDUCE=0
	File Input Format Counters 
		Bytes Read=10774213847
	File Output Format Counters 
		Bytes Written=10772865505
