20/06/16 20:17:44 INFO client.RMProxy: Connecting to ResourceManager at master/10.51.17.95:8032
20/06/16 20:17:45 INFO client.RMProxy: Connecting to ResourceManager at master/10.51.17.95:8032
20/06/16 20:17:45 INFO input.FileInputFormat: Total input paths to process : 10
20/06/16 20:17:45 INFO mapreduce.JobSubmitter: number of splits:80
20/06/16 20:17:45 INFO mapreduce.JobSubmitter: Submitting tokens for job: job_1592305510924_0003
20/06/16 20:17:45 INFO impl.YarnClientImpl: Submitted application application_1592305510924_0003
20/06/16 20:17:45 INFO mapreduce.Job: The url to track the job: http://master:8088/proxy/application_1592305510924_0003/
20/06/16 20:17:45 INFO mapreduce.Job: Running job: job_1592305510924_0003
20/06/16 20:17:52 INFO mapreduce.Job: Job job_1592305510924_0003 running in uber mode : false
20/06/16 20:17:52 INFO mapreduce.Job:  map 0% reduce 0%
20/06/16 20:18:00 INFO mapreduce.Job:  map 1% reduce 0%
20/06/16 20:18:02 INFO mapreduce.Job:  map 4% reduce 0%
20/06/16 20:18:03 INFO mapreduce.Job:  map 5% reduce 0%
20/06/16 20:18:05 INFO mapreduce.Job:  map 10% reduce 0%
20/06/16 20:18:06 INFO mapreduce.Job:  map 11% reduce 0%
20/06/16 20:18:07 INFO mapreduce.Job:  map 13% reduce 0%
20/06/16 20:18:10 INFO mapreduce.Job:  map 14% reduce 0%
20/06/16 20:18:12 INFO mapreduce.Job:  map 16% reduce 0%
20/06/16 20:18:13 INFO mapreduce.Job:  map 17% reduce 0%
20/06/16 20:18:14 INFO mapreduce.Job:  map 19% reduce 0%
20/06/16 20:18:16 INFO mapreduce.Job:  map 20% reduce 0%
20/06/16 20:18:18 INFO mapreduce.Job:  map 21% reduce 0%
20/06/16 20:18:19 INFO mapreduce.Job:  map 22% reduce 0%
20/06/16 20:18:20 INFO mapreduce.Job:  map 25% reduce 1%
20/06/16 20:18:21 INFO mapreduce.Job:  map 26% reduce 1%
20/06/16 20:18:22 INFO mapreduce.Job:  map 27% reduce 1%
20/06/16 20:18:23 INFO mapreduce.Job:  map 28% reduce 2%
20/06/16 20:18:24 INFO mapreduce.Job:  map 29% reduce 2%
20/06/16 20:18:25 INFO mapreduce.Job:  map 30% reduce 2%
20/06/16 20:18:26 INFO mapreduce.Job:  map 30% reduce 3%
20/06/16 20:18:28 INFO mapreduce.Job:  map 30% reduce 5%
20/06/16 20:18:31 INFO mapreduce.Job:  map 31% reduce 5%
20/06/16 20:18:32 INFO mapreduce.Job:  map 31% reduce 6%
20/06/16 20:18:34 INFO mapreduce.Job:  map 32% reduce 6%
20/06/16 20:18:36 INFO mapreduce.Job:  map 33% reduce 6%
20/06/16 20:18:37 INFO mapreduce.Job:  map 34% reduce 6%
20/06/16 20:18:39 INFO mapreduce.Job:  map 35% reduce 6%
20/06/16 20:18:40 INFO mapreduce.Job:  map 36% reduce 6%
20/06/16 20:18:42 INFO mapreduce.Job:  map 37% reduce 6%
20/06/16 20:18:43 INFO mapreduce.Job:  map 37% reduce 7%
20/06/16 20:18:48 INFO mapreduce.Job:  map 39% reduce 7%
20/06/16 20:18:52 INFO mapreduce.Job:  map 41% reduce 7%
20/06/16 20:18:53 INFO mapreduce.Job:  map 42% reduce 8%
20/06/16 20:18:55 INFO mapreduce.Job:  map 43% reduce 8%
20/06/16 20:18:56 INFO mapreduce.Job:  map 44% reduce 8%
20/06/16 20:18:59 INFO mapreduce.Job:  map 45% reduce 8%
20/06/16 20:19:01 INFO mapreduce.Job:  map 46% reduce 9%
20/06/16 20:19:03 INFO mapreduce.Job:  map 47% reduce 9%
20/06/16 20:19:04 INFO mapreduce.Job:  map 49% reduce 9%
20/06/16 20:19:05 INFO mapreduce.Job:  map 51% reduce 10%
20/06/16 20:19:08 INFO mapreduce.Job:  map 52% reduce 10%
20/06/16 20:19:11 INFO mapreduce.Job:  map 53% reduce 11%
20/06/16 20:19:15 INFO mapreduce.Job:  map 54% reduce 11%
20/06/16 20:19:16 INFO mapreduce.Job:  map 55% reduce 11%
20/06/16 20:19:17 INFO mapreduce.Job:  map 56% reduce 11%
20/06/16 20:19:18 INFO mapreduce.Job:  map 57% reduce 12%
20/06/16 20:19:20 INFO mapreduce.Job:  map 58% reduce 12%
20/06/16 20:19:21 INFO mapreduce.Job:  map 59% reduce 12%
20/06/16 20:19:23 INFO mapreduce.Job:  map 61% reduce 13%
20/06/16 20:19:25 INFO mapreduce.Job:  map 62% reduce 13%
20/06/16 20:19:27 INFO mapreduce.Job:  map 64% reduce 13%
20/06/16 20:19:28 INFO mapreduce.Job:  map 65% reduce 13%
20/06/16 20:19:29 INFO mapreduce.Job:  map 65% reduce 14%
20/06/16 20:19:31 INFO mapreduce.Job:  map 66% reduce 14%
20/06/16 20:19:32 INFO mapreduce.Job:  map 67% reduce 15%
20/06/16 20:19:35 INFO mapreduce.Job:  map 68% reduce 15%
20/06/16 20:19:36 INFO mapreduce.Job:  map 69% reduce 15%
20/06/16 20:19:37 INFO mapreduce.Job:  map 70% reduce 15%
20/06/16 20:19:38 INFO mapreduce.Job:  map 70% reduce 16%
20/06/16 20:19:39 INFO mapreduce.Job:  map 71% reduce 16%
20/06/16 20:19:40 INFO mapreduce.Job:  map 74% reduce 16%
20/06/16 20:19:42 INFO mapreduce.Job:  map 75% reduce 16%
20/06/16 20:19:44 INFO mapreduce.Job:  map 75% reduce 17%
20/06/16 20:19:47 INFO mapreduce.Job:  map 75% reduce 18%
20/06/16 20:19:52 INFO mapreduce.Job:  map 77% reduce 18%
20/06/16 20:19:53 INFO mapreduce.Job:  map 78% reduce 18%
20/06/16 20:19:55 INFO mapreduce.Job:  map 80% reduce 18%
20/06/16 20:19:56 INFO mapreduce.Job:  map 80% reduce 19%
20/06/16 20:19:58 INFO mapreduce.Job:  map 81% reduce 19%
20/06/16 20:20:00 INFO mapreduce.Job:  map 82% reduce 19%
20/06/16 20:20:03 INFO mapreduce.Job:  map 83% reduce 20%
20/06/16 20:20:04 INFO mapreduce.Job:  map 84% reduce 20%
20/06/16 20:20:06 INFO mapreduce.Job:  map 85% reduce 21%
20/06/16 20:20:07 INFO mapreduce.Job:  map 86% reduce 21%
20/06/16 20:20:09 INFO mapreduce.Job:  map 87% reduce 21%
20/06/16 20:20:11 INFO mapreduce.Job:  map 88% reduce 22%
20/06/16 20:20:15 INFO mapreduce.Job:  map 88% reduce 23%
20/06/16 20:20:17 INFO mapreduce.Job:  map 90% reduce 23%
20/06/16 20:20:20 INFO mapreduce.Job:  map 92% reduce 23%
20/06/16 20:20:23 INFO mapreduce.Job:  map 93% reduce 24%
20/06/16 20:20:25 INFO mapreduce.Job:  map 94% reduce 24%
20/06/16 20:20:27 INFO mapreduce.Job:  map 96% reduce 24%
20/06/16 20:20:30 INFO mapreduce.Job:  map 98% reduce 25%
20/06/16 20:20:31 INFO mapreduce.Job:  map 99% reduce 25%
20/06/16 20:20:33 INFO mapreduce.Job:  map 99% reduce 26%
20/06/16 20:20:34 INFO mapreduce.Job:  map 100% reduce 26%
20/06/16 20:20:36 INFO mapreduce.Job:  map 100% reduce 27%
20/06/16 20:20:42 INFO mapreduce.Job:  map 100% reduce 34%
20/06/16 20:20:45 INFO mapreduce.Job:  map 100% reduce 40%
20/06/16 20:20:48 INFO mapreduce.Job:  map 100% reduce 41%
20/06/16 20:20:51 INFO mapreduce.Job:  map 100% reduce 42%
20/06/16 20:20:54 INFO mapreduce.Job:  map 100% reduce 43%
20/06/16 20:20:57 INFO mapreduce.Job:  map 100% reduce 44%
20/06/16 20:20:59 INFO mapreduce.Job:  map 100% reduce 45%
20/06/16 20:21:00 INFO mapreduce.Job:  map 100% reduce 46%
20/06/16 20:21:03 INFO mapreduce.Job:  map 100% reduce 47%
20/06/16 20:21:09 INFO mapreduce.Job:  map 100% reduce 49%
20/06/16 20:21:12 INFO mapreduce.Job:  map 100% reduce 50%
20/06/16 20:21:15 INFO mapreduce.Job:  map 100% reduce 51%
20/06/16 20:21:18 INFO mapreduce.Job:  map 100% reduce 53%
20/06/16 20:21:20 INFO mapreduce.Job:  map 100% reduce 64%
20/06/16 20:21:21 INFO mapreduce.Job:  map 100% reduce 65%
20/06/16 20:21:23 INFO mapreduce.Job:  map 100% reduce 66%
20/06/16 20:21:24 INFO mapreduce.Job:  map 100% reduce 70%
20/06/16 20:21:26 INFO mapreduce.Job:  map 100% reduce 71%
20/06/16 20:21:27 INFO mapreduce.Job:  map 100% reduce 79%
20/06/16 20:21:29 INFO mapreduce.Job:  map 100% reduce 80%
20/06/16 20:21:32 INFO mapreduce.Job:  map 100% reduce 82%
20/06/16 20:21:33 INFO mapreduce.Job:  map 100% reduce 83%
20/06/16 20:21:35 INFO mapreduce.Job:  map 100% reduce 84%
20/06/16 20:21:36 INFO mapreduce.Job:  map 100% reduce 85%
20/06/16 20:21:41 INFO mapreduce.Job:  map 100% reduce 86%
20/06/16 20:21:42 INFO mapreduce.Job:  map 100% reduce 87%
20/06/16 20:21:44 INFO mapreduce.Job:  map 100% reduce 88%
20/06/16 20:21:45 INFO mapreduce.Job:  map 100% reduce 89%
20/06/16 20:21:47 INFO mapreduce.Job:  map 100% reduce 90%
20/06/16 20:21:50 INFO mapreduce.Job:  map 100% reduce 91%
20/06/16 20:21:52 INFO mapreduce.Job:  map 100% reduce 92%
20/06/16 20:21:54 INFO mapreduce.Job:  map 100% reduce 93%
20/06/16 20:21:57 INFO mapreduce.Job:  map 100% reduce 94%
20/06/16 20:21:58 INFO mapreduce.Job:  map 100% reduce 95%
20/06/16 20:22:01 INFO mapreduce.Job:  map 100% reduce 96%
20/06/16 20:22:03 INFO mapreduce.Job:  map 100% reduce 98%
20/06/16 20:22:04 INFO mapreduce.Job:  map 100% reduce 99%
20/06/16 20:22:07 INFO mapreduce.Job:  map 100% reduce 100%
20/06/16 20:22:08 INFO mapreduce.Job: Job job_1592305510924_0003 completed successfully
20/06/16 20:22:08 INFO mapreduce.Job: Counters: 51
	File System Counters
		FILE: Number of bytes read=31975536720
		FILE: Number of bytes written=42735051364
		FILE: Number of read operations=0
		FILE: Number of large read operations=0
		FILE: Number of write operations=0
		HDFS: Number of bytes read=10774009875
		HDFS: Number of bytes written=10772846837
		HDFS: Number of read operations=329
		HDFS: Number of large read operations=0
		HDFS: Number of write operations=6
	Job Counters 
		Killed map tasks=1
		Launched map tasks=81
		Launched reduce tasks=3
		Data-local map tasks=71
		Rack-local map tasks=10
		Total time spent by all maps in occupied slots (ms)=1064182
		Total time spent by all reduces in occupied slots (ms)=635462
		Total time spent by all map tasks (ms)=1064182
		Total time spent by all reduce tasks (ms)=635462
		Total vcore-milliseconds taken by all map tasks=1064182
		Total vcore-milliseconds taken by all reduce tasks=635462
		Total megabyte-milliseconds taken by all map tasks=1089722368
		Total megabyte-milliseconds taken by all reduce tasks=650713088
	Map-Reduce Framework
		Map input records=1022600
		Map output records=1022600
		Map output bytes=10745642829
		Map output materialized bytes=10751392560
		Input split bytes=8240
		Combine input records=0
		Combine output records=0
		Reduce input groups=1022600
		Reduce shuffle bytes=10751392560
		Reduce input records=1022600
		Reduce output records=1022600
		Spilled Records=4063920
		Shuffled Maps =240
		Failed Shuffles=0
		Merged Map outputs=240
		GC time elapsed (ms)=20639
		CPU time spent (ms)=241490
		Physical memory (bytes) snapshot=21551161344
		Virtual memory (bytes) snapshot=175123910656
		Total committed heap usage (bytes)=15353774080
	Shuffle Errors
		BAD_ID=0
		CONNECTION=0
		IO_ERROR=0
		WRONG_LENGTH=0
		WRONG_MAP=0
		WRONG_REDUCE=0
	File Input Format Counters 
		Bytes Read=10774001635
	File Output Format Counters 
		Bytes Written=10772846837
