20/06/08 21:03:06 INFO client.RMProxy: Connecting to ResourceManager at master/10.51.17.95:8032
20/06/08 21:03:07 INFO input.FileInputFormat: Total input paths to process : 10
20/06/08 21:03:07 INFO mapreduce.JobSubmitter: number of splits:90
20/06/08 21:03:08 INFO mapreduce.JobSubmitter: Submitting tokens for job: job_1591617330479_0005
20/06/08 21:03:08 INFO impl.YarnClientImpl: Submitted application application_1591617330479_0005
20/06/08 21:03:08 INFO mapreduce.Job: The url to track the job: http://master:8088/proxy/application_1591617330479_0005/
20/06/08 21:03:08 INFO mapreduce.Job: Running job: job_1591617330479_0005
20/06/08 21:03:15 INFO mapreduce.Job: Job job_1591617330479_0005 running in uber mode : false
20/06/08 21:03:15 INFO mapreduce.Job:  map 0% reduce 0%
20/06/08 21:03:29 INFO mapreduce.Job:  map 1% reduce 0%
20/06/08 21:03:32 INFO mapreduce.Job:  map 2% reduce 0%
20/06/08 21:03:39 INFO mapreduce.Job:  map 3% reduce 0%
20/06/08 21:03:44 INFO mapreduce.Job:  map 4% reduce 0%
20/06/08 21:03:48 INFO mapreduce.Job:  map 5% reduce 0%
20/06/08 21:03:53 INFO mapreduce.Job:  map 6% reduce 0%
20/06/08 21:03:58 INFO mapreduce.Job:  map 7% reduce 0%
20/06/08 21:04:02 INFO mapreduce.Job:  map 8% reduce 0%
20/06/08 21:04:05 INFO mapreduce.Job:  map 9% reduce 0%
20/06/08 21:04:08 INFO mapreduce.Job:  map 10% reduce 0%
20/06/08 21:04:10 INFO mapreduce.Job:  map 11% reduce 0%
20/06/08 21:04:13 INFO mapreduce.Job:  map 12% reduce 0%
20/06/08 21:04:19 INFO mapreduce.Job:  map 13% reduce 0%
20/06/08 21:04:23 INFO mapreduce.Job:  map 14% reduce 0%
20/06/08 21:04:24 INFO mapreduce.Job:  map 15% reduce 0%
20/06/08 21:04:27 INFO mapreduce.Job:  map 16% reduce 0%
20/06/08 21:04:30 INFO mapreduce.Job:  map 17% reduce 0%
20/06/08 21:04:34 INFO mapreduce.Job:  map 18% reduce 0%
20/06/08 21:04:36 INFO mapreduce.Job:  map 18% reduce 5%
20/06/08 21:04:40 INFO mapreduce.Job:  map 19% reduce 5%
20/06/08 21:04:45 INFO mapreduce.Job:  map 20% reduce 5%
20/06/08 21:04:50 INFO mapreduce.Job:  map 21% reduce 5%
20/06/08 21:04:55 INFO mapreduce.Job:  map 22% reduce 5%
20/06/08 21:04:56 INFO mapreduce.Job:  map 23% reduce 5%
20/06/08 21:04:58 INFO mapreduce.Job:  map 23% reduce 6%
20/06/08 21:05:00 INFO mapreduce.Job:  map 24% reduce 6%
20/06/08 21:05:02 INFO mapreduce.Job:  map 25% reduce 6%
20/06/08 21:05:04 INFO mapreduce.Job:  map 25% reduce 7%
20/06/08 21:05:06 INFO mapreduce.Job:  map 26% reduce 7%
20/06/08 21:05:13 INFO mapreduce.Job:  map 27% reduce 7%
20/06/08 21:05:17 INFO mapreduce.Job:  map 28% reduce 7%
20/06/08 21:05:19 INFO mapreduce.Job:  map 28% reduce 8%
20/06/08 21:05:20 INFO mapreduce.Job:  map 29% reduce 8%
20/06/08 21:05:23 INFO mapreduce.Job:  map 30% reduce 8%
20/06/08 21:05:27 INFO mapreduce.Job:  map 31% reduce 8%
20/06/08 21:05:32 INFO mapreduce.Job:  map 32% reduce 9%
20/06/08 21:05:33 INFO mapreduce.Job:  map 33% reduce 9%
20/06/08 21:05:35 INFO mapreduce.Job:  map 33% reduce 10%
20/06/08 21:05:37 INFO mapreduce.Job:  map 34% reduce 10%
20/06/08 21:05:43 INFO mapreduce.Job:  map 35% reduce 10%
20/06/08 21:05:46 INFO mapreduce.Job:  map 36% reduce 10%
20/06/08 21:05:49 INFO mapreduce.Job:  map 37% reduce 11%
20/06/08 21:05:52 INFO mapreduce.Job:  map 38% reduce 11%
20/06/08 21:05:55 INFO mapreduce.Job:  map 39% reduce 12%
20/06/08 21:06:01 INFO mapreduce.Job:  map 40% reduce 12%
20/06/08 21:06:06 INFO mapreduce.Job:  map 41% reduce 12%
20/06/08 21:06:10 INFO mapreduce.Job:  map 42% reduce 12%
20/06/08 21:06:15 INFO mapreduce.Job:  map 43% reduce 12%
20/06/08 21:06:19 INFO mapreduce.Job:  map 44% reduce 12%
20/06/08 21:06:20 INFO mapreduce.Job:  map 44% reduce 13%
20/06/08 21:06:22 INFO mapreduce.Job:  map 45% reduce 13%
20/06/08 21:06:27 INFO mapreduce.Job:  map 46% reduce 13%
20/06/08 21:06:29 INFO mapreduce.Job:  map 47% reduce 13%
20/06/08 21:06:32 INFO mapreduce.Job:  map 48% reduce 14%
20/06/08 21:06:34 INFO mapreduce.Job:  map 49% reduce 14%
20/06/08 21:06:35 INFO mapreduce.Job:  map 49% reduce 15%
20/06/08 21:06:37 INFO mapreduce.Job:  map 50% reduce 15%
20/06/08 21:06:38 INFO mapreduce.Job:  map 50% reduce 16%
20/06/08 21:06:42 INFO mapreduce.Job:  map 51% reduce 16%
20/06/08 21:06:45 INFO mapreduce.Job:  map 52% reduce 16%
20/06/08 21:06:47 INFO mapreduce.Job:  map 52% reduce 17%
20/06/08 21:06:48 INFO mapreduce.Job:  map 53% reduce 17%
20/06/08 21:06:55 INFO mapreduce.Job:  map 54% reduce 17%
20/06/08 21:07:00 INFO mapreduce.Job:  map 55% reduce 17%
20/06/08 21:07:04 INFO mapreduce.Job:  map 56% reduce 17%
20/06/08 21:07:08 INFO mapreduce.Job:  map 57% reduce 17%
20/06/08 21:07:13 INFO mapreduce.Job:  map 58% reduce 17%
20/06/08 21:07:17 INFO mapreduce.Job:  map 59% reduce 17%
20/06/08 21:07:21 INFO mapreduce.Job:  map 60% reduce 17%
20/06/08 21:07:22 INFO mapreduce.Job:  map 61% reduce 17%
20/06/08 21:07:24 INFO mapreduce.Job:  map 61% reduce 19%
20/06/08 21:07:25 INFO mapreduce.Job:  map 62% reduce 19%
20/06/08 21:07:29 INFO mapreduce.Job:  map 63% reduce 19%
20/06/08 21:07:33 INFO mapreduce.Job:  map 64% reduce 19%
20/06/08 21:07:34 INFO mapreduce.Job:  map 64% reduce 20%
20/06/08 21:07:36 INFO mapreduce.Job:  map 65% reduce 20%
20/06/08 21:07:39 INFO mapreduce.Job:  map 66% reduce 20%
20/06/08 21:07:40 INFO mapreduce.Job:  map 66% reduce 21%
20/06/08 21:07:41 INFO mapreduce.Job:  map 67% reduce 21%
20/06/08 21:07:43 INFO mapreduce.Job:  map 67% reduce 22%
20/06/08 21:07:48 INFO mapreduce.Job:  map 68% reduce 22%
20/06/08 21:07:53 INFO mapreduce.Job:  map 69% reduce 22%
20/06/08 21:07:58 INFO mapreduce.Job:  map 70% reduce 22%
20/06/08 21:08:02 INFO mapreduce.Job:  map 71% reduce 22%
20/06/08 21:08:06 INFO mapreduce.Job:  map 72% reduce 22%
20/06/08 21:08:11 INFO mapreduce.Job:  map 73% reduce 22%
20/06/08 21:08:12 INFO mapreduce.Job:  map 74% reduce 22%
20/06/08 21:08:17 INFO mapreduce.Job:  map 74% reduce 23%
20/06/08 21:08:19 INFO mapreduce.Job:  map 75% reduce 23%
20/06/08 21:08:22 INFO mapreduce.Job:  map 76% reduce 23%
20/06/08 21:08:25 INFO mapreduce.Job:  map 77% reduce 23%
20/06/08 21:08:27 INFO mapreduce.Job:  map 78% reduce 23%
20/06/08 21:08:28 INFO mapreduce.Job:  map 78% reduce 24%
20/06/08 21:08:30 INFO mapreduce.Job:  map 79% reduce 24%
20/06/08 21:08:31 INFO mapreduce.Job:  map 79% reduce 25%
20/06/08 21:08:33 INFO mapreduce.Job:  map 80% reduce 25%
20/06/08 21:08:34 INFO mapreduce.Job:  map 80% reduce 26%
20/06/08 21:08:36 INFO mapreduce.Job:  map 81% reduce 26%
20/06/08 21:08:40 INFO mapreduce.Job:  map 82% reduce 27%
20/06/08 21:08:43 INFO mapreduce.Job:  map 83% reduce 27%
20/06/08 21:08:46 INFO mapreduce.Job:  map 85% reduce 27%
20/06/08 21:08:49 INFO mapreduce.Job:  map 86% reduce 27%
20/06/08 21:08:52 INFO mapreduce.Job:  map 87% reduce 27%
20/06/08 21:08:53 INFO mapreduce.Job:  map 88% reduce 27%
20/06/08 21:08:56 INFO mapreduce.Job:  map 88% reduce 28%
20/06/08 21:08:57 INFO mapreduce.Job:  map 89% reduce 28%
20/06/08 21:09:01 INFO mapreduce.Job:  map 90% reduce 28%
20/06/08 21:09:02 INFO mapreduce.Job:  map 90% reduce 29%
20/06/08 21:09:03 INFO mapreduce.Job:  map 91% reduce 29%
20/06/08 21:09:04 INFO mapreduce.Job:  map 92% reduce 29%
20/06/08 21:09:05 INFO mapreduce.Job:  map 93% reduce 29%
20/06/08 21:09:07 INFO mapreduce.Job:  map 94% reduce 29%
20/06/08 21:09:08 INFO mapreduce.Job:  map 94% reduce 30%
20/06/08 21:09:09 INFO mapreduce.Job:  map 95% reduce 30%
20/06/08 21:09:11 INFO mapreduce.Job:  map 96% reduce 30%
20/06/08 21:09:14 INFO mapreduce.Job:  map 96% reduce 31%
20/06/08 21:09:15 INFO mapreduce.Job:  map 97% reduce 31%
20/06/08 21:09:17 INFO mapreduce.Job:  map 98% reduce 31%
20/06/08 21:09:20 INFO mapreduce.Job:  map 98% reduce 32%
20/06/08 21:09:21 INFO mapreduce.Job:  map 99% reduce 32%
20/06/08 21:09:22 INFO mapreduce.Job:  map 100% reduce 32%
20/06/08 21:09:23 INFO mapreduce.Job:  map 100% reduce 33%
20/06/08 21:09:26 INFO mapreduce.Job:  map 100% reduce 68%
20/06/08 21:09:29 INFO mapreduce.Job:  map 100% reduce 74%
20/06/08 21:09:32 INFO mapreduce.Job:  map 100% reduce 80%
20/06/08 21:09:35 INFO mapreduce.Job:  map 100% reduce 86%
20/06/08 21:09:38 INFO mapreduce.Job:  map 100% reduce 95%
20/06/08 21:09:40 INFO mapreduce.Job:  map 100% reduce 100%
20/06/08 21:09:41 INFO mapreduce.Job: Job job_1591617330479_0005 completed successfully
20/06/08 21:09:41 INFO mapreduce.Job: Counters: 51
	File System Counters
		FILE: Number of bytes read=1563988566
		FILE: Number of bytes written=2303133511
		FILE: Number of read operations=0
		FILE: Number of large read operations=0
		FILE: Number of write operations=0
		HDFS: Number of bytes read=11025488764
		HDFS: Number of bytes written=355412320
		HDFS: Number of read operations=273
		HDFS: Number of large read operations=0
		HDFS: Number of write operations=2
	Job Counters 
		Killed map tasks=1
		Launched map tasks=91
		Launched reduce tasks=1
		Data-local map tasks=89
		Rack-local map tasks=2
		Total time spent by all maps in occupied slots (ms)=4647936
		Total time spent by all reduces in occupied slots (ms)=316390
		Total time spent by all map tasks (ms)=4647936
		Total time spent by all reduce tasks (ms)=316390
		Total vcore-milliseconds taken by all map tasks=4647936
		Total vcore-milliseconds taken by all reduce tasks=316390
		Total megabyte-milliseconds taken by all map tasks=4759486464
		Total megabyte-milliseconds taken by all reduce tasks=323983360
	Map-Reduce Framework
		Map input records=265718
		Map output records=1009322184
		Map output bytes=15222310121
		Map output materialized bytes=727965432
		Input split bytes=10530
		Combine input records=1035885418
		Combine output records=49257732
		Reduce input groups=9906065
		Reduce shuffle bytes=727965432
		Reduce input records=22694498
		Reduce output records=9906065
		Spilled Records=72656277
		Shuffled Maps =90
		Failed Shuffles=0
		Merged Map outputs=90
		GC time elapsed (ms)=113207
		CPU time spent (ms)=1857760
		Physical memory (bytes) snapshot=24369528832
		Virtual memory (bytes) snapshot=191956684800
		Total committed heap usage (bytes)=18151899136
	Shuffle Errors
		BAD_ID=0
		CONNECTION=0
		IO_ERROR=0
		WRONG_LENGTH=0
		WRONG_MAP=0
		WRONG_REDUCE=0
	File Input Format Counters 
		Bytes Read=11025478234
	File Output Format Counters 
		Bytes Written=355412320
