20/06/08 21:24:50 INFO client.RMProxy: Connecting to ResourceManager at master/10.51.17.95:8032
20/06/08 21:24:51 INFO input.FileInputFormat: Total input paths to process : 10
20/06/08 21:24:51 INFO mapreduce.JobSubmitter: number of splits:90
20/06/08 21:24:51 INFO mapreduce.JobSubmitter: Submitting tokens for job: job_1591617330479_0012
20/06/08 21:24:51 INFO impl.YarnClientImpl: Submitted application application_1591617330479_0012
20/06/08 21:24:51 INFO mapreduce.Job: The url to track the job: http://master:8088/proxy/application_1591617330479_0012/
20/06/08 21:24:51 INFO mapreduce.Job: Running job: job_1591617330479_0012
20/06/08 21:24:59 INFO mapreduce.Job: Job job_1591617330479_0012 running in uber mode : false
20/06/08 21:24:59 INFO mapreduce.Job:  map 0% reduce 0%
20/06/08 21:25:14 INFO mapreduce.Job:  map 1% reduce 0%
20/06/08 21:25:17 INFO mapreduce.Job:  map 2% reduce 0%
20/06/08 21:25:23 INFO mapreduce.Job:  map 3% reduce 0%
20/06/08 21:25:28 INFO mapreduce.Job:  map 4% reduce 0%
20/06/08 21:25:32 INFO mapreduce.Job:  map 5% reduce 0%
20/06/08 21:25:36 INFO mapreduce.Job:  map 6% reduce 0%
20/06/08 21:25:41 INFO mapreduce.Job:  map 7% reduce 0%
20/06/08 21:25:47 INFO mapreduce.Job:  map 8% reduce 0%
20/06/08 21:25:51 INFO mapreduce.Job:  map 9% reduce 0%
20/06/08 21:25:55 INFO mapreduce.Job:  map 10% reduce 0%
20/06/08 21:25:56 INFO mapreduce.Job:  map 11% reduce 0%
20/06/08 21:25:59 INFO mapreduce.Job:  map 12% reduce 0%
20/06/08 21:26:03 INFO mapreduce.Job:  map 13% reduce 0%
20/06/08 21:26:08 INFO mapreduce.Job:  map 14% reduce 0%
20/06/08 21:26:09 INFO mapreduce.Job:  map 15% reduce 0%
20/06/08 21:26:11 INFO mapreduce.Job:  map 16% reduce 0%
20/06/08 21:26:15 INFO mapreduce.Job:  map 17% reduce 0%
20/06/08 21:26:20 INFO mapreduce.Job:  map 17% reduce 5%
20/06/08 21:26:24 INFO mapreduce.Job:  map 18% reduce 5%
20/06/08 21:26:30 INFO mapreduce.Job:  map 19% reduce 5%
20/06/08 21:26:34 INFO mapreduce.Job:  map 20% reduce 5%
20/06/08 21:26:39 INFO mapreduce.Job:  map 21% reduce 5%
20/06/08 21:26:45 INFO mapreduce.Job:  map 22% reduce 5%
20/06/08 21:26:49 INFO mapreduce.Job:  map 23% reduce 5%
20/06/08 21:26:54 INFO mapreduce.Job:  map 24% reduce 5%
20/06/08 21:26:57 INFO mapreduce.Job:  map 25% reduce 5%
20/06/08 21:26:59 INFO mapreduce.Job:  map 26% reduce 5%
20/06/08 21:27:00 INFO mapreduce.Job:  map 27% reduce 6%
20/06/08 21:27:04 INFO mapreduce.Job:  map 27% reduce 8%
20/06/08 21:27:06 INFO mapreduce.Job:  map 28% reduce 8%
20/06/08 21:27:11 INFO mapreduce.Job:  map 29% reduce 8%
20/06/08 21:27:13 INFO mapreduce.Job:  map 29% reduce 9%
20/06/08 21:27:14 INFO mapreduce.Job:  map 30% reduce 9%
20/06/08 21:27:18 INFO mapreduce.Job:  map 31% reduce 9%
20/06/08 21:27:19 INFO mapreduce.Job:  map 31% reduce 10%
20/06/08 21:27:22 INFO mapreduce.Job:  map 32% reduce 10%
20/06/08 21:27:27 INFO mapreduce.Job:  map 33% reduce 10%
20/06/08 21:27:32 INFO mapreduce.Job:  map 34% reduce 10%
20/06/08 21:27:37 INFO mapreduce.Job:  map 35% reduce 10%
20/06/08 21:27:42 INFO mapreduce.Job:  map 36% reduce 10%
20/06/08 21:27:46 INFO mapreduce.Job:  map 37% reduce 10%
20/06/08 21:27:50 INFO mapreduce.Job:  map 38% reduce 10%
20/06/08 21:27:53 INFO mapreduce.Job:  map 39% reduce 10%
20/06/08 21:27:54 INFO mapreduce.Job:  map 40% reduce 10%
20/06/08 21:27:55 INFO mapreduce.Job:  map 40% reduce 11%
20/06/08 21:27:56 INFO mapreduce.Job:  map 41% reduce 11%
20/06/08 21:27:58 INFO mapreduce.Job:  map 41% reduce 12%
20/06/08 21:28:03 INFO mapreduce.Job:  map 42% reduce 12%
20/06/08 21:28:04 INFO mapreduce.Job:  map 42% reduce 13%
20/06/08 21:28:06 INFO mapreduce.Job:  map 43% reduce 13%
20/06/08 21:28:09 INFO mapreduce.Job:  map 44% reduce 13%
20/06/08 21:28:13 INFO mapreduce.Job:  map 45% reduce 13%
20/06/08 21:28:16 INFO mapreduce.Job:  map 45% reduce 14%
20/06/08 21:28:18 INFO mapreduce.Job:  map 46% reduce 14%
20/06/08 21:28:20 INFO mapreduce.Job:  map 47% reduce 14%
20/06/08 21:28:23 INFO mapreduce.Job:  map 47% reduce 15%
20/06/08 21:28:27 INFO mapreduce.Job:  map 48% reduce 15%
20/06/08 21:28:31 INFO mapreduce.Job:  map 49% reduce 15%
20/06/08 21:28:36 INFO mapreduce.Job:  map 50% reduce 15%
20/06/08 21:28:39 INFO mapreduce.Job:  map 51% reduce 15%
20/06/08 21:28:42 INFO mapreduce.Job:  map 52% reduce 15%
20/06/08 21:28:46 INFO mapreduce.Job:  map 53% reduce 15%
20/06/08 21:28:47 INFO mapreduce.Job:  map 53% reduce 16%
20/06/08 21:28:48 INFO mapreduce.Job:  map 54% reduce 16%
20/06/08 21:28:50 INFO mapreduce.Job:  map 54% reduce 17%
20/06/08 21:28:51 INFO mapreduce.Job:  map 55% reduce 17%
20/06/08 21:28:57 INFO mapreduce.Job:  map 56% reduce 17%
20/06/08 21:29:01 INFO mapreduce.Job:  map 57% reduce 17%
20/06/08 21:29:04 INFO mapreduce.Job:  map 58% reduce 17%
20/06/08 21:29:05 INFO mapreduce.Job:  map 58% reduce 18%
20/06/08 21:29:09 INFO mapreduce.Job:  map 59% reduce 18%
20/06/08 21:29:14 INFO mapreduce.Job:  map 60% reduce 18%
20/06/08 21:29:16 INFO mapreduce.Job:  map 61% reduce 18%
20/06/08 21:29:17 INFO mapreduce.Job:  map 61% reduce 19%
20/06/08 21:29:20 INFO mapreduce.Job:  map 62% reduce 19%
20/06/08 21:29:22 INFO mapreduce.Job:  map 63% reduce 19%
20/06/08 21:29:23 INFO mapreduce.Job:  map 63% reduce 20%
20/06/08 21:29:28 INFO mapreduce.Job:  map 64% reduce 20%
20/06/08 21:29:31 INFO mapreduce.Job:  map 65% reduce 20%
20/06/08 21:29:35 INFO mapreduce.Job:  map 66% reduce 20%
20/06/08 21:29:37 INFO mapreduce.Job:  map 67% reduce 20%
20/06/08 21:29:38 INFO mapreduce.Job:  map 67% reduce 21%
20/06/08 21:29:39 INFO mapreduce.Job:  map 68% reduce 21%
20/06/08 21:29:42 INFO mapreduce.Job:  map 68% reduce 22%
20/06/08 21:29:48 INFO mapreduce.Job:  map 69% reduce 22%
20/06/08 21:29:52 INFO mapreduce.Job:  map 70% reduce 22%
20/06/08 21:29:55 INFO mapreduce.Job:  map 71% reduce 22%
20/06/08 21:30:01 INFO mapreduce.Job:  map 72% reduce 22%
20/06/08 21:30:03 INFO mapreduce.Job:  map 73% reduce 22%
20/06/08 21:30:06 INFO mapreduce.Job:  map 74% reduce 23%
20/06/08 21:30:10 INFO mapreduce.Job:  map 75% reduce 23%
20/06/08 21:30:15 INFO mapreduce.Job:  map 76% reduce 23%
20/06/08 21:30:17 INFO mapreduce.Job:  map 77% reduce 23%
20/06/08 21:30:18 INFO mapreduce.Job:  map 77% reduce 24%
20/06/08 21:30:22 INFO mapreduce.Job:  map 78% reduce 24%
20/06/08 21:30:24 INFO mapreduce.Job:  map 79% reduce 24%
20/06/08 21:30:25 INFO mapreduce.Job:  map 79% reduce 25%
20/06/08 21:30:28 INFO mapreduce.Job:  map 80% reduce 26%
20/06/08 21:30:30 INFO mapreduce.Job:  map 81% reduce 26%
20/06/08 21:30:33 INFO mapreduce.Job:  map 82% reduce 27%
20/06/08 21:30:35 INFO mapreduce.Job:  map 83% reduce 27%
20/06/08 21:30:39 INFO mapreduce.Job:  map 84% reduce 27%
20/06/08 21:30:41 INFO mapreduce.Job:  map 86% reduce 27%
20/06/08 21:30:44 INFO mapreduce.Job:  map 87% reduce 27%
20/06/08 21:30:45 INFO mapreduce.Job:  map 88% reduce 28%
20/06/08 21:30:49 INFO mapreduce.Job:  map 89% reduce 28%
20/06/08 21:30:51 INFO mapreduce.Job:  map 89% reduce 29%
20/06/08 21:30:52 INFO mapreduce.Job:  map 90% reduce 29%
20/06/08 21:30:55 INFO mapreduce.Job:  map 91% reduce 29%
20/06/08 21:30:59 INFO mapreduce.Job:  map 92% reduce 29%
20/06/08 21:31:01 INFO mapreduce.Job:  map 94% reduce 29%
20/06/08 21:31:03 INFO mapreduce.Job:  map 95% reduce 29%
20/06/08 21:31:04 INFO mapreduce.Job:  map 96% reduce 30%
20/06/08 21:31:06 INFO mapreduce.Job:  map 97% reduce 30%
20/06/08 21:31:07 INFO mapreduce.Job:  map 98% reduce 31%
20/06/08 21:31:10 INFO mapreduce.Job:  map 98% reduce 32%
20/06/08 21:31:11 INFO mapreduce.Job:  map 99% reduce 32%
20/06/08 21:31:12 INFO mapreduce.Job:  map 100% reduce 32%
20/06/08 21:31:13 INFO mapreduce.Job:  map 100% reduce 33%
20/06/08 21:31:16 INFO mapreduce.Job:  map 100% reduce 67%
20/06/08 21:31:19 INFO mapreduce.Job:  map 100% reduce 72%
20/06/08 21:31:22 INFO mapreduce.Job:  map 100% reduce 78%
20/06/08 21:31:25 INFO mapreduce.Job:  map 100% reduce 84%
20/06/08 21:31:28 INFO mapreduce.Job:  map 100% reduce 91%
20/06/08 21:31:31 INFO mapreduce.Job:  map 100% reduce 100%
20/06/08 21:31:31 INFO mapreduce.Job: Job job_1591617330479_0012 completed successfully
20/06/08 21:31:31 INFO mapreduce.Job: Counters: 51
	File System Counters
		FILE: Number of bytes read=1590188705
		FILE: Number of bytes written=2342285310
		FILE: Number of read operations=0
		FILE: Number of large read operations=0
		FILE: Number of write operations=0
		HDFS: Number of bytes read=11025255068
		HDFS: Number of bytes written=366557443
		HDFS: Number of read operations=273
		HDFS: Number of large read operations=0
		HDFS: Number of write operations=2
	Job Counters 
		Killed map tasks=1
		Launched map tasks=91
		Launched reduce tasks=1
		Data-local map tasks=89
		Rack-local map tasks=2
		Total time spent by all maps in occupied slots (ms)=4758978
		Total time spent by all reduces in occupied slots (ms)=321986
		Total time spent by all map tasks (ms)=4758978
		Total time spent by all reduce tasks (ms)=321986
		Total vcore-milliseconds taken by all map tasks=4758978
		Total vcore-milliseconds taken by all reduce tasks=321986
		Total megabyte-milliseconds taken by all map tasks=4873193472
		Total megabyte-milliseconds taken by all reduce tasks=329713664
	Map-Reduce Framework
		Map input records=722752
		Map output records=1008867157
		Map output bytes=15223656729
		Map output materialized bytes=740917092
		Input split bytes=10530
		Combine input records=1035425081
		Combine output records=49248375
		Reduce input groups=9906036
		Reduce shuffle bytes=740917092
		Reduce input records=22690451
		Reduce output records=9906036
		Spilled Records=72642360
		Shuffled Maps =90
		Failed Shuffles=0
		Merged Map outputs=90
		GC time elapsed (ms)=114636
		CPU time spent (ms)=1913070
		Physical memory (bytes) snapshot=24393965568
		Virtual memory (bytes) snapshot=191999385600
		Total committed heap usage (bytes)=18227396608
	Shuffle Errors
		BAD_ID=0
		CONNECTION=0
		IO_ERROR=0
		WRONG_LENGTH=0
		WRONG_MAP=0
		WRONG_REDUCE=0
	File Input Format Counters 
		Bytes Read=11025244538
	File Output Format Counters 
		Bytes Written=366557443
