20/06/15 20:43:52 INFO client.RMProxy: Connecting to ResourceManager at master/10.51.17.95:8032
20/06/15 20:43:53 INFO input.FileInputFormat: Total input paths to process : 10
20/06/15 20:43:53 INFO mapreduce.JobSubmitter: number of splits:90
20/06/15 20:43:54 INFO mapreduce.JobSubmitter: Submitting tokens for job: job_1592219182938_0009
20/06/15 20:43:54 INFO impl.YarnClientImpl: Submitted application application_1592219182938_0009
20/06/15 20:43:54 INFO mapreduce.Job: The url to track the job: http://master:8088/proxy/application_1592219182938_0009/
20/06/15 20:43:54 INFO mapreduce.Job: Running job: job_1592219182938_0009
20/06/15 20:44:00 INFO mapreduce.Job: Job job_1592219182938_0009 running in uber mode : false
20/06/15 20:44:00 INFO mapreduce.Job:  map 0% reduce 0%
20/06/15 20:44:13 INFO mapreduce.Job:  map 1% reduce 0%
20/06/15 20:44:18 INFO mapreduce.Job:  map 2% reduce 0%
20/06/15 20:44:21 INFO mapreduce.Job:  map 3% reduce 0%
20/06/15 20:44:28 INFO mapreduce.Job:  map 4% reduce 0%
20/06/15 20:44:34 INFO mapreduce.Job:  map 5% reduce 0%
20/06/15 20:44:36 INFO mapreduce.Job:  map 6% reduce 0%
20/06/15 20:44:40 INFO mapreduce.Job:  map 7% reduce 0%
20/06/15 20:44:44 INFO mapreduce.Job:  map 8% reduce 0%
20/06/15 20:44:48 INFO mapreduce.Job:  map 9% reduce 0%
20/06/15 20:44:54 INFO mapreduce.Job:  map 10% reduce 0%
20/06/15 20:44:56 INFO mapreduce.Job:  map 11% reduce 0%
20/06/15 20:44:58 INFO mapreduce.Job:  map 12% reduce 0%
20/06/15 20:45:01 INFO mapreduce.Job:  map 13% reduce 0%
20/06/15 20:45:08 INFO mapreduce.Job:  map 14% reduce 0%
20/06/15 20:45:13 INFO mapreduce.Job:  map 15% reduce 0%
20/06/15 20:45:14 INFO mapreduce.Job:  map 15% reduce 4%
20/06/15 20:45:16 INFO mapreduce.Job:  map 16% reduce 4%
20/06/15 20:45:17 INFO mapreduce.Job:  map 16% reduce 5%
20/06/15 20:45:22 INFO mapreduce.Job:  map 17% reduce 5%
20/06/15 20:45:26 INFO mapreduce.Job:  map 18% reduce 5%
20/06/15 20:45:32 INFO mapreduce.Job:  map 19% reduce 5%
20/06/15 20:45:36 INFO mapreduce.Job:  map 20% reduce 5%
20/06/15 20:45:42 INFO mapreduce.Job:  map 21% reduce 5%
20/06/15 20:45:45 INFO mapreduce.Job:  map 21% reduce 6%
20/06/15 20:45:46 INFO mapreduce.Job:  map 22% reduce 6%
20/06/15 20:45:47 INFO mapreduce.Job:  map 23% reduce 6%
20/06/15 20:45:51 INFO mapreduce.Job:  map 24% reduce 7%
20/06/15 20:45:53 INFO mapreduce.Job:  map 25% reduce 7%
20/06/15 20:45:57 INFO mapreduce.Job:  map 25% reduce 8%
20/06/15 20:46:01 INFO mapreduce.Job:  map 26% reduce 8%
20/06/15 20:46:04 INFO mapreduce.Job:  map 27% reduce 8%
20/06/15 20:46:06 INFO mapreduce.Job:  map 27% reduce 9%
20/06/15 20:46:09 INFO mapreduce.Job:  map 28% reduce 9%
20/06/15 20:46:15 INFO mapreduce.Job:  map 29% reduce 9%
20/06/15 20:46:19 INFO mapreduce.Job:  map 30% reduce 9%
20/06/15 20:46:25 INFO mapreduce.Job:  map 31% reduce 9%
20/06/15 20:46:29 INFO mapreduce.Job:  map 32% reduce 9%
20/06/15 20:46:31 INFO mapreduce.Job:  map 33% reduce 9%
20/06/15 20:46:33 INFO mapreduce.Job:  map 34% reduce 9%
20/06/15 20:46:34 INFO mapreduce.Job:  map 34% reduce 10%
20/06/15 20:46:35 INFO mapreduce.Job:  map 35% reduce 10%
20/06/15 20:46:37 INFO mapreduce.Job:  map 35% reduce 11%
20/06/15 20:46:40 INFO mapreduce.Job:  map 36% reduce 11%
20/06/15 20:46:43 INFO mapreduce.Job:  map 36% reduce 12%
20/06/15 20:46:46 INFO mapreduce.Job:  map 37% reduce 12%
20/06/15 20:46:51 INFO mapreduce.Job:  map 38% reduce 12%
20/06/15 20:46:55 INFO mapreduce.Job:  map 39% reduce 12%
20/06/15 20:47:00 INFO mapreduce.Job:  map 40% reduce 12%
20/06/15 20:47:03 INFO mapreduce.Job:  map 41% reduce 12%
20/06/15 20:47:08 INFO mapreduce.Job:  map 42% reduce 12%
20/06/15 20:47:11 INFO mapreduce.Job:  map 42% reduce 13%
20/06/15 20:47:13 INFO mapreduce.Job:  map 43% reduce 13%
20/06/15 20:47:16 INFO mapreduce.Job:  map 44% reduce 13%
20/06/15 20:47:19 INFO mapreduce.Job:  map 44% reduce 14%
20/06/15 20:47:20 INFO mapreduce.Job:  map 45% reduce 14%
20/06/15 20:47:22 INFO mapreduce.Job:  map 46% reduce 14%
20/06/15 20:47:25 INFO mapreduce.Job:  map 46% reduce 15%
20/06/15 20:47:26 INFO mapreduce.Job:  map 47% reduce 15%
20/06/15 20:47:32 INFO mapreduce.Job:  map 48% reduce 15%
20/06/15 20:47:37 INFO mapreduce.Job:  map 49% reduce 15%
20/06/15 20:47:40 INFO mapreduce.Job:  map 50% reduce 15%
20/06/15 20:47:43 INFO mapreduce.Job:  map 50% reduce 16%
20/06/15 20:47:45 INFO mapreduce.Job:  map 51% reduce 16%
20/06/15 20:47:49 INFO mapreduce.Job:  map 52% reduce 16%
20/06/15 20:47:53 INFO mapreduce.Job:  map 53% reduce 17%
20/06/15 20:47:59 INFO mapreduce.Job:  map 54% reduce 17%
20/06/15 20:48:02 INFO mapreduce.Job:  map 55% reduce 17%
20/06/15 20:48:06 INFO mapreduce.Job:  map 56% reduce 17%
20/06/15 20:48:08 INFO mapreduce.Job:  map 57% reduce 18%
20/06/15 20:48:11 INFO mapreduce.Job:  map 58% reduce 19%
20/06/15 20:48:16 INFO mapreduce.Job:  map 59% reduce 19%
20/06/15 20:48:20 INFO mapreduce.Job:  map 60% reduce 19%
20/06/15 20:48:25 INFO mapreduce.Job:  map 61% reduce 19%
20/06/15 20:48:27 INFO mapreduce.Job:  map 61% reduce 20%
20/06/15 20:48:31 INFO mapreduce.Job:  map 62% reduce 20%
20/06/15 20:48:35 INFO mapreduce.Job:  map 63% reduce 20%
20/06/15 20:48:39 INFO mapreduce.Job:  map 64% reduce 20%
20/06/15 20:48:44 INFO mapreduce.Job:  map 65% reduce 20%
20/06/15 20:48:49 INFO mapreduce.Job:  map 66% reduce 20%
20/06/15 20:48:50 INFO mapreduce.Job:  map 67% reduce 21%
20/06/15 20:48:51 INFO mapreduce.Job:  map 68% reduce 21%
20/06/15 20:48:54 INFO mapreduce.Job:  map 68% reduce 22%
20/06/15 20:48:57 INFO mapreduce.Job:  map 69% reduce 22%
20/06/15 20:49:00 INFO mapreduce.Job:  map 69% reduce 23%
20/06/15 20:49:01 INFO mapreduce.Job:  map 70% reduce 23%
20/06/15 20:49:06 INFO mapreduce.Job:  map 71% reduce 23%
20/06/15 20:49:09 INFO mapreduce.Job:  map 72% reduce 23%
20/06/15 20:49:15 INFO mapreduce.Job:  map 73% reduce 23%
20/06/15 20:49:20 INFO mapreduce.Job:  map 74% reduce 23%
20/06/15 20:49:24 INFO mapreduce.Job:  map 75% reduce 23%
20/06/15 20:49:27 INFO mapreduce.Job:  map 76% reduce 24%
20/06/15 20:49:33 INFO mapreduce.Job:  map 77% reduce 24%
20/06/15 20:49:35 INFO mapreduce.Job:  map 78% reduce 24%
20/06/15 20:49:36 INFO mapreduce.Job:  map 79% reduce 24%
20/06/15 20:49:37 INFO mapreduce.Job:  map 79% reduce 26%
20/06/15 20:49:42 INFO mapreduce.Job:  map 80% reduce 26%
20/06/15 20:49:47 INFO mapreduce.Job:  map 81% reduce 26%
20/06/15 20:49:48 INFO mapreduce.Job:  map 82% reduce 26%
20/06/15 20:49:49 INFO mapreduce.Job:  map 82% reduce 27%
20/06/15 20:49:51 INFO mapreduce.Job:  map 83% reduce 27%
20/06/15 20:49:53 INFO mapreduce.Job:  map 84% reduce 27%
20/06/15 20:49:56 INFO mapreduce.Job:  map 85% reduce 27%
20/06/15 20:50:00 INFO mapreduce.Job:  map 86% reduce 27%
20/06/15 20:50:03 INFO mapreduce.Job:  map 87% reduce 27%
20/06/15 20:50:04 INFO mapreduce.Job:  map 87% reduce 28%
20/06/15 20:50:05 INFO mapreduce.Job:  map 88% reduce 28%
20/06/15 20:50:06 INFO mapreduce.Job:  map 89% reduce 28%
20/06/15 20:50:08 INFO mapreduce.Job:  map 90% reduce 28%
20/06/15 20:50:10 INFO mapreduce.Job:  map 91% reduce 29%
20/06/15 20:50:14 INFO mapreduce.Job:  map 91% reduce 30%
20/06/15 20:50:16 INFO mapreduce.Job:  map 92% reduce 30%
20/06/15 20:50:18 INFO mapreduce.Job:  map 93% reduce 30%
20/06/15 20:50:19 INFO mapreduce.Job:  map 93% reduce 31%
20/06/15 20:50:21 INFO mapreduce.Job:  map 94% reduce 31%
20/06/15 20:50:22 INFO mapreduce.Job:  map 95% reduce 31%
20/06/15 20:50:24 INFO mapreduce.Job:  map 96% reduce 31%
20/06/15 20:50:25 INFO mapreduce.Job:  map 98% reduce 31%
20/06/15 20:50:28 INFO mapreduce.Job:  map 99% reduce 33%
20/06/15 20:50:33 INFO mapreduce.Job:  map 100% reduce 33%
20/06/15 20:50:37 INFO mapreduce.Job:  map 100% reduce 67%
20/06/15 20:50:40 INFO mapreduce.Job:  map 100% reduce 72%
20/06/15 20:50:43 INFO mapreduce.Job:  map 100% reduce 78%
20/06/15 20:50:46 INFO mapreduce.Job:  map 100% reduce 83%
20/06/15 20:50:49 INFO mapreduce.Job:  map 100% reduce 90%
20/06/15 20:50:52 INFO mapreduce.Job:  map 100% reduce 100%
20/06/15 20:50:53 INFO mapreduce.Job: Job job_1592219182938_0009 completed successfully
20/06/15 20:50:53 INFO mapreduce.Job: Counters: 51
	File System Counters
		FILE: Number of bytes read=1511227832
		FILE: Number of bytes written=2224275739
		FILE: Number of read operations=0
		FILE: Number of large read operations=0
		FILE: Number of write operations=0
		HDFS: Number of bytes read=11025668664
		HDFS: Number of bytes written=333229171
		HDFS: Number of read operations=273
		HDFS: Number of large read operations=0
		HDFS: Number of write operations=2
	Job Counters 
		Killed map tasks=1
		Launched map tasks=91
		Launched reduce tasks=1
		Data-local map tasks=87
		Rack-local map tasks=4
		Total time spent by all maps in occupied slots (ms)=3456174
		Total time spent by all reduces in occupied slots (ms)=351664
		Total time spent by all map tasks (ms)=3456174
		Total time spent by all reduce tasks (ms)=351664
		Total vcore-milliseconds taken by all map tasks=3456174
		Total vcore-milliseconds taken by all reduce tasks=351664
		Total megabyte-milliseconds taken by all map tasks=3539122176
		Total megabyte-milliseconds taken by all reduce tasks=360103936
	Map-Reduce Framework
		Map input records=1179594
		Map output records=1009767860
		Map output bytes=15225044514
		Map output materialized bytes=701897925
		Input split bytes=9630
		Combine input records=1036331974
		Combine output records=49258180
		Reduce input groups=9908198
		Reduce shuffle bytes=701897925
		Reduce input records=22694066
		Reduce output records=9908198
		Spilled Records=72655851
		Shuffled Maps =90
		Failed Shuffles=0
		Merged Map outputs=90
		GC time elapsed (ms)=79405
		CPU time spent (ms)=2003320
		Physical memory (bytes) snapshot=24560627712
		Virtual memory (bytes) snapshot=192022794240
		Total committed heap usage (bytes)=18307612672
	Shuffle Errors
		BAD_ID=0
		CONNECTION=0
		IO_ERROR=0
		WRONG_LENGTH=0
		WRONG_MAP=0
		WRONG_REDUCE=0
	File Input Format Counters 
		Bytes Read=11025659034
	File Output Format Counters 
		Bytes Written=333229171
