20/06/14 12:05:22 INFO client.RMProxy: Connecting to ResourceManager at master/10.51.17.95:8032
20/06/14 12:05:22 INFO input.FileInputFormat: Total input paths to process : 10
20/06/14 12:05:22 INFO mapreduce.JobSubmitter: number of splits:90
20/06/14 12:05:23 INFO mapreduce.JobSubmitter: Submitting tokens for job: job_1592100944136_0013
20/06/14 12:05:23 INFO impl.YarnClientImpl: Submitted application application_1592100944136_0013
20/06/14 12:05:23 INFO mapreduce.Job: The url to track the job: http://master:8088/proxy/application_1592100944136_0013/
20/06/14 12:05:23 INFO mapreduce.Job: Running job: job_1592100944136_0013
20/06/14 12:05:28 INFO mapreduce.Job: Job job_1592100944136_0013 running in uber mode : false
20/06/14 12:05:28 INFO mapreduce.Job:  map 0% reduce 0%
20/06/14 12:05:41 INFO mapreduce.Job:  map 1% reduce 0%
20/06/14 12:05:43 INFO mapreduce.Job:  map 2% reduce 0%
20/06/14 12:05:51 INFO mapreduce.Job:  map 3% reduce 0%
20/06/14 12:05:55 INFO mapreduce.Job:  map 4% reduce 0%
20/06/14 12:06:01 INFO mapreduce.Job:  map 5% reduce 0%
20/06/14 12:06:05 INFO mapreduce.Job:  map 6% reduce 0%
20/06/14 12:06:10 INFO mapreduce.Job:  map 7% reduce 0%
20/06/14 12:06:11 INFO mapreduce.Job:  map 8% reduce 0%
20/06/14 12:06:19 INFO mapreduce.Job:  map 9% reduce 0%
20/06/14 12:06:24 INFO mapreduce.Job:  map 10% reduce 0%
20/06/14 12:06:28 INFO mapreduce.Job:  map 11% reduce 0%
20/06/14 12:06:29 INFO mapreduce.Job:  map 12% reduce 0%
20/06/14 12:06:31 INFO mapreduce.Job:  map 13% reduce 0%
20/06/14 12:06:39 INFO mapreduce.Job:  map 14% reduce 0%
20/06/14 12:06:44 INFO mapreduce.Job:  map 15% reduce 0%
20/06/14 12:06:50 INFO mapreduce.Job:  map 16% reduce 0%
20/06/14 12:06:53 INFO mapreduce.Job:  map 17% reduce 0%
20/06/14 12:06:57 INFO mapreduce.Job:  map 18% reduce 0%
20/06/14 12:06:58 INFO mapreduce.Job:  map 18% reduce 5%
20/06/14 12:07:05 INFO mapreduce.Job:  map 19% reduce 5%
20/06/14 12:07:08 INFO mapreduce.Job:  map 20% reduce 5%
20/06/14 12:07:14 INFO mapreduce.Job:  map 21% reduce 5%
20/06/14 12:07:20 INFO mapreduce.Job:  map 22% reduce 5%
20/06/14 12:07:22 INFO mapreduce.Job:  map 22% reduce 6%
20/06/14 12:07:24 INFO mapreduce.Job:  map 23% reduce 6%
20/06/14 12:07:27 INFO mapreduce.Job:  map 24% reduce 6%
20/06/14 12:07:29 INFO mapreduce.Job:  map 25% reduce 7%
20/06/14 12:07:32 INFO mapreduce.Job:  map 26% reduce 8%
20/06/14 12:07:35 INFO mapreduce.Job:  map 26% reduce 9%
20/06/14 12:07:40 INFO mapreduce.Job:  map 27% reduce 9%
20/06/14 12:07:44 INFO mapreduce.Job:  map 28% reduce 9%
20/06/14 12:07:50 INFO mapreduce.Job:  map 29% reduce 9%
20/06/14 12:07:53 INFO mapreduce.Job:  map 30% reduce 9%
20/06/14 12:07:58 INFO mapreduce.Job:  map 31% reduce 9%
20/06/14 12:08:02 INFO mapreduce.Job:  map 32% reduce 10%
20/06/14 12:08:08 INFO mapreduce.Job:  map 33% reduce 10%
20/06/14 12:08:14 INFO mapreduce.Job:  map 34% reduce 10%
20/06/14 12:08:20 INFO mapreduce.Job:  map 35% reduce 10%
20/06/14 12:08:24 INFO mapreduce.Job:  map 36% reduce 10%
20/06/14 12:08:27 INFO mapreduce.Job:  map 37% reduce 10%
20/06/14 12:08:29 INFO mapreduce.Job:  map 38% reduce 11%
20/06/14 12:08:30 INFO mapreduce.Job:  map 39% reduce 11%
20/06/14 12:08:32 INFO mapreduce.Job:  map 39% reduce 13%
20/06/14 12:08:40 INFO mapreduce.Job:  map 40% reduce 13%
20/06/14 12:08:42 INFO mapreduce.Job:  map 41% reduce 13%
20/06/14 12:08:47 INFO mapreduce.Job:  map 42% reduce 13%
20/06/14 12:08:53 INFO mapreduce.Job:  map 43% reduce 13%
20/06/14 12:08:59 INFO mapreduce.Job:  map 44% reduce 13%
20/06/14 12:09:01 INFO mapreduce.Job:  map 45% reduce 13%
20/06/14 12:09:03 INFO mapreduce.Job:  map 45% reduce 14%
20/06/14 12:09:09 INFO mapreduce.Job:  map 46% reduce 14%
20/06/14 12:09:11 INFO mapreduce.Job:  map 47% reduce 14%
20/06/14 12:09:17 INFO mapreduce.Job:  map 48% reduce 14%
20/06/14 12:09:23 INFO mapreduce.Job:  map 49% reduce 14%
20/06/14 12:09:26 INFO mapreduce.Job:  map 50% reduce 14%
20/06/14 12:09:27 INFO mapreduce.Job:  map 50% reduce 15%
20/06/14 12:09:28 INFO mapreduce.Job:  map 51% reduce 15%
20/06/14 12:09:31 INFO mapreduce.Job:  map 51% reduce 16%
20/06/14 12:09:32 INFO mapreduce.Job:  map 52% reduce 16%
20/06/14 12:09:34 INFO mapreduce.Job:  map 52% reduce 17%
20/06/14 12:09:38 INFO mapreduce.Job:  map 53% reduce 17%
20/06/14 12:09:43 INFO mapreduce.Job:  map 54% reduce 17%
20/06/14 12:09:48 INFO mapreduce.Job:  map 55% reduce 17%
20/06/14 12:09:55 INFO mapreduce.Job:  map 56% reduce 17%
20/06/14 12:09:58 INFO mapreduce.Job:  map 57% reduce 18%
20/06/14 12:10:03 INFO mapreduce.Job:  map 58% reduce 18%
20/06/14 12:10:06 INFO mapreduce.Job:  map 58% reduce 19%
20/06/14 12:10:08 INFO mapreduce.Job:  map 59% reduce 19%
20/06/14 12:10:15 INFO mapreduce.Job:  map 60% reduce 19%
20/06/14 12:10:18 INFO mapreduce.Job:  map 61% reduce 19%
20/06/14 12:10:23 INFO mapreduce.Job:  map 62% reduce 19%
20/06/14 12:10:26 INFO mapreduce.Job:  map 63% reduce 19%
20/06/14 12:10:28 INFO mapreduce.Job:  map 63% reduce 20%
20/06/14 12:10:31 INFO mapreduce.Job:  map 64% reduce 20%
20/06/14 12:10:34 INFO mapreduce.Job:  map 65% reduce 21%
20/06/14 12:10:38 INFO mapreduce.Job:  map 66% reduce 21%
20/06/14 12:10:44 INFO mapreduce.Job:  map 67% reduce 21%
20/06/14 12:10:49 INFO mapreduce.Job:  map 68% reduce 21%
20/06/14 12:10:55 INFO mapreduce.Job:  map 69% reduce 21%
20/06/14 12:10:57 INFO mapreduce.Job:  map 70% reduce 21%
20/06/14 12:10:59 INFO mapreduce.Job:  map 70% reduce 22%
20/06/14 12:11:01 INFO mapreduce.Job:  map 71% reduce 22%
20/06/14 12:11:04 INFO mapreduce.Job:  map 72% reduce 23%
20/06/14 12:11:05 INFO mapreduce.Job:  map 73% reduce 23%
20/06/14 12:11:10 INFO mapreduce.Job:  map 74% reduce 24%
20/06/14 12:11:13 INFO mapreduce.Job:  map 76% reduce 24%
20/06/14 12:11:14 INFO mapreduce.Job:  map 77% reduce 24%
20/06/14 12:11:16 INFO mapreduce.Job:  map 77% reduce 25%
20/06/14 12:11:21 INFO mapreduce.Job:  map 78% reduce 25%
20/06/14 12:11:24 INFO mapreduce.Job:  map 79% reduce 25%
20/06/14 12:11:26 INFO mapreduce.Job:  map 80% reduce 25%
20/06/14 12:11:29 INFO mapreduce.Job:  map 80% reduce 26%
20/06/14 12:11:32 INFO mapreduce.Job:  map 81% reduce 26%
20/06/14 12:11:35 INFO mapreduce.Job:  map 82% reduce 26%
20/06/14 12:11:39 INFO mapreduce.Job:  map 83% reduce 26%
20/06/14 12:11:41 INFO mapreduce.Job:  map 83% reduce 27%
20/06/14 12:11:43 INFO mapreduce.Job:  map 84% reduce 27%
20/06/14 12:11:49 INFO mapreduce.Job:  map 85% reduce 27%
20/06/14 12:11:53 INFO mapreduce.Job:  map 86% reduce 27%
20/06/14 12:11:56 INFO mapreduce.Job:  map 86% reduce 28%
20/06/14 12:11:58 INFO mapreduce.Job:  map 87% reduce 28%
20/06/14 12:12:04 INFO mapreduce.Job:  map 88% reduce 28%
20/06/14 12:12:08 INFO mapreduce.Job:  map 89% reduce 28%
20/06/14 12:12:11 INFO mapreduce.Job:  map 90% reduce 29%
20/06/14 12:12:17 INFO mapreduce.Job:  map 91% reduce 29%
20/06/14 12:12:21 INFO mapreduce.Job:  map 92% reduce 30%
20/06/14 12:12:22 INFO mapreduce.Job:  map 93% reduce 30%
20/06/14 12:12:24 INFO mapreduce.Job:  map 94% reduce 30%
20/06/14 12:12:25 INFO mapreduce.Job:  map 95% reduce 30%
20/06/14 12:12:27 INFO mapreduce.Job:  map 95% reduce 31%
20/06/14 12:12:28 INFO mapreduce.Job:  map 96% reduce 31%
20/06/14 12:12:29 INFO mapreduce.Job:  map 97% reduce 31%
20/06/14 12:12:30 INFO mapreduce.Job:  map 98% reduce 32%
20/06/14 12:12:32 INFO mapreduce.Job:  map 99% reduce 32%
20/06/14 12:12:33 INFO mapreduce.Job:  map 100% reduce 32%
20/06/14 12:12:36 INFO mapreduce.Job:  map 100% reduce 33%
20/06/14 12:12:39 INFO mapreduce.Job:  map 100% reduce 67%
20/06/14 12:12:42 INFO mapreduce.Job:  map 100% reduce 72%
20/06/14 12:12:45 INFO mapreduce.Job:  map 100% reduce 77%
20/06/14 12:12:48 INFO mapreduce.Job:  map 100% reduce 82%
20/06/14 12:12:51 INFO mapreduce.Job:  map 100% reduce 87%
20/06/14 12:12:54 INFO mapreduce.Job:  map 100% reduce 94%
20/06/14 12:12:56 INFO mapreduce.Job:  map 100% reduce 100%
20/06/14 12:12:58 INFO mapreduce.Job: Job job_1592100944136_0013 completed successfully
20/06/14 12:12:58 INFO mapreduce.Job: Counters: 51
	File System Counters
		FILE: Number of bytes read=1609584131
		FILE: Number of bytes written=2382795977
		FILE: Number of read operations=0
		FILE: Number of large read operations=0
		FILE: Number of write operations=0
		HDFS: Number of bytes read=11024265519
		HDFS: Number of bytes written=449416303
		HDFS: Number of read operations=273
		HDFS: Number of large read operations=0
		HDFS: Number of write operations=2
	Job Counters 
		Killed map tasks=1
		Launched map tasks=91
		Launched reduce tasks=1
		Data-local map tasks=81
		Rack-local map tasks=10
		Total time spent by all maps in occupied slots (ms)=3762818
		Total time spent by all reduces in occupied slots (ms)=368202
		Total time spent by all map tasks (ms)=3762818
		Total time spent by all reduce tasks (ms)=368202
		Total vcore-milliseconds taken by all map tasks=3762818
		Total vcore-milliseconds taken by all reduce tasks=368202
		Total megabyte-milliseconds taken by all map tasks=3853125632
		Total megabyte-milliseconds taken by all reduce tasks=377038848
	Map-Reduce Framework
		Map input records=2550517
		Map output records=1011737494
		Map output bytes=19280287611
		Map output materialized bytes=762028831
		Input split bytes=10530
		Combine input records=1036729833
		Combine output records=47595591
		Reduce input groups=9842381
		Reduce shuffle bytes=762028831
		Reduce input records=22603252
		Reduce output records=9842381
		Spilled Records=70877612
		Shuffled Maps =90
		Failed Shuffles=0
		Merged Map outputs=90
		GC time elapsed (ms)=71555
		CPU time spent (ms)=2189180
		Physical memory (bytes) snapshot=25132507136
		Virtual memory (bytes) snapshot=191934148608
		Total committed heap usage (bytes)=18942001152
	Shuffle Errors
		BAD_ID=0
		CONNECTION=0
		IO_ERROR=0
		WRONG_LENGTH=0
		WRONG_MAP=0
		WRONG_REDUCE=0
	File Input Format Counters 
		Bytes Read=11024254989
	File Output Format Counters 
		Bytes Written=449416303
20/06/14 12:12:58 INFO client.RMProxy: Connecting to ResourceManager at master/10.51.17.95:8032
20/06/14 12:12:58 INFO input.FileInputFormat: Total input paths to process : 1
20/06/14 12:12:58 INFO mapreduce.JobSubmitter: number of splits:4
20/06/14 12:12:59 INFO mapreduce.JobSubmitter: Submitting tokens for job: job_1592100944136_0014
20/06/14 12:12:59 INFO impl.YarnClientImpl: Submitted application application_1592100944136_0014
20/06/14 12:12:59 INFO mapreduce.Job: The url to track the job: http://master:8088/proxy/application_1592100944136_0014/
20/06/14 12:12:59 INFO mapreduce.Job: Running job: job_1592100944136_0014
20/06/14 12:13:09 INFO mapreduce.Job: Job job_1592100944136_0014 running in uber mode : false
20/06/14 12:13:09 INFO mapreduce.Job:  map 0% reduce 0%
20/06/14 12:13:19 INFO mapreduce.Job:  map 25% reduce 0%
20/06/14 12:13:22 INFO mapreduce.Job:  map 62% reduce 0%
20/06/14 12:13:24 INFO mapreduce.Job:  map 70% reduce 0%
20/06/14 12:13:25 INFO mapreduce.Job:  map 83% reduce 0%
20/06/14 12:13:28 INFO mapreduce.Job:  map 98% reduce 0%
20/06/14 12:13:29 INFO mapreduce.Job:  map 100% reduce 0%
20/06/14 12:13:32 INFO mapreduce.Job:  map 100% reduce 72%
20/06/14 12:13:35 INFO mapreduce.Job:  map 100% reduce 84%
20/06/14 12:13:38 INFO mapreduce.Job:  map 100% reduce 97%
20/06/14 12:13:39 INFO mapreduce.Job:  map 100% reduce 100%
20/06/14 12:13:39 INFO mapreduce.Job: Job job_1592100944136_0014 completed successfully
20/06/14 12:13:39 INFO mapreduce.Job: Counters: 50
	File System Counters
		FILE: Number of bytes read=729280795
		FILE: Number of bytes written=1115858980
		FILE: Number of read operations=0
		FILE: Number of large read operations=0
		FILE: Number of write operations=0
		HDFS: Number of bytes read=449420169
		HDFS: Number of bytes written=307884176
		HDFS: Number of read operations=19
		HDFS: Number of large read operations=0
		HDFS: Number of write operations=2
	Job Counters 
		Killed map tasks=1
		Launched map tasks=5
		Launched reduce tasks=1
		Data-local map tasks=5
		Total time spent by all maps in occupied slots (ms)=56283
		Total time spent by all reduces in occupied slots (ms)=16589
		Total time spent by all map tasks (ms)=56283
		Total time spent by all reduce tasks (ms)=16589
		Total vcore-milliseconds taken by all map tasks=56283
		Total vcore-milliseconds taken by all reduce tasks=16589
		Total megabyte-milliseconds taken by all map tasks=57633792
		Total megabyte-milliseconds taken by all reduce tasks=16987136
	Map-Reduce Framework
		Map input records=9842381
		Map output records=9842381
		Map output bytes=366281569
		Map output materialized bytes=385966355
		Input split bytes=504
		Combine input records=0
		Combine output records=0
		Reduce input groups=1248
		Reduce shuffle bytes=385966355
		Reduce input records=9842381
		Reduce output records=9842381
		Spilled Records=28917797
		Shuffled Maps =4
		Failed Shuffles=0
		Merged Map outputs=4
		GC time elapsed (ms)=1648
		CPU time spent (ms)=43870
		Physical memory (bytes) snapshot=1297391616
		Virtual memory (bytes) snapshot=10557677568
		Total committed heap usage (bytes)=937951232
	Shuffle Errors
		BAD_ID=0
		CONNECTION=0
		IO_ERROR=0
		WRONG_LENGTH=0
		WRONG_MAP=0
		WRONG_REDUCE=0
	File Input Format Counters 
		Bytes Read=449419665
	File Output Format Counters 
		Bytes Written=307884176
