20/06/14 11:32:47 INFO client.RMProxy: Connecting to ResourceManager at master/10.51.17.95:8032
20/06/14 11:32:49 INFO input.FileInputFormat: Total input paths to process : 10
20/06/14 11:32:50 INFO mapreduce.JobSubmitter: number of splits:90
20/06/14 11:32:51 INFO mapreduce.JobSubmitter: Submitting tokens for job: job_1592100944136_0005
20/06/14 11:32:51 INFO impl.YarnClientImpl: Submitted application application_1592100944136_0005
20/06/14 11:32:51 INFO mapreduce.Job: The url to track the job: http://master:8088/proxy/application_1592100944136_0005/
20/06/14 11:32:51 INFO mapreduce.Job: Running job: job_1592100944136_0005
20/06/14 11:32:56 INFO mapreduce.Job: Job job_1592100944136_0005 running in uber mode : false
20/06/14 11:32:56 INFO mapreduce.Job:  map 0% reduce 0%
20/06/14 11:33:08 INFO mapreduce.Job:  map 1% reduce 0%
20/06/14 11:33:11 INFO mapreduce.Job:  map 2% reduce 0%
20/06/14 11:33:19 INFO mapreduce.Job:  map 3% reduce 0%
20/06/14 11:33:23 INFO mapreduce.Job:  map 4% reduce 0%
20/06/14 11:33:29 INFO mapreduce.Job:  map 5% reduce 0%
20/06/14 11:33:33 INFO mapreduce.Job:  map 6% reduce 0%
20/06/14 11:33:38 INFO mapreduce.Job:  map 7% reduce 0%
20/06/14 11:33:40 INFO mapreduce.Job:  map 8% reduce 0%
20/06/14 11:33:47 INFO mapreduce.Job:  map 9% reduce 0%
20/06/14 11:33:52 INFO mapreduce.Job:  map 10% reduce 0%
20/06/14 11:33:56 INFO mapreduce.Job:  map 11% reduce 0%
20/06/14 11:33:59 INFO mapreduce.Job:  map 12% reduce 0%
20/06/14 11:34:00 INFO mapreduce.Job:  map 13% reduce 0%
20/06/14 11:34:08 INFO mapreduce.Job:  map 14% reduce 0%
20/06/14 11:34:14 INFO mapreduce.Job:  map 15% reduce 0%
20/06/14 11:34:16 INFO mapreduce.Job:  map 16% reduce 0%
20/06/14 11:34:20 INFO mapreduce.Job:  map 17% reduce 0%
20/06/14 11:34:27 INFO mapreduce.Job:  map 18% reduce 5%
20/06/14 11:34:33 INFO mapreduce.Job:  map 19% reduce 5%
20/06/14 11:34:36 INFO mapreduce.Job:  map 20% reduce 5%
20/06/14 11:34:42 INFO mapreduce.Job:  map 21% reduce 5%
20/06/14 11:34:46 INFO mapreduce.Job:  map 22% reduce 5%
20/06/14 11:34:49 INFO mapreduce.Job:  map 23% reduce 5%
20/06/14 11:34:50 INFO mapreduce.Job:  map 23% reduce 6%
20/06/14 11:34:53 INFO mapreduce.Job:  map 24% reduce 7%
20/06/14 11:34:57 INFO mapreduce.Job:  map 25% reduce 7%
20/06/14 11:35:03 INFO mapreduce.Job:  map 26% reduce 8%
20/06/14 11:35:04 INFO mapreduce.Job:  map 27% reduce 8%
20/06/14 11:35:09 INFO mapreduce.Job:  map 27% reduce 9%
20/06/14 11:35:12 INFO mapreduce.Job:  map 28% reduce 9%
20/06/14 11:35:18 INFO mapreduce.Job:  map 29% reduce 9%
20/06/14 11:35:20 INFO mapreduce.Job:  map 30% reduce 9%
20/06/14 11:35:24 INFO mapreduce.Job:  map 31% reduce 9%
20/06/14 11:35:27 INFO mapreduce.Job:  map 31% reduce 10%
20/06/14 11:35:31 INFO mapreduce.Job:  map 32% reduce 10%
20/06/14 11:35:33 INFO mapreduce.Job:  map 33% reduce 10%
20/06/14 11:35:37 INFO mapreduce.Job:  map 34% reduce 10%
20/06/14 11:35:43 INFO mapreduce.Job:  map 36% reduce 10%
20/06/14 11:35:50 INFO mapreduce.Job:  map 37% reduce 10%
20/06/14 11:35:52 INFO mapreduce.Job:  map 37% reduce 11%
20/06/14 11:35:53 INFO mapreduce.Job:  map 38% reduce 11%
20/06/14 11:35:55 INFO mapreduce.Job:  map 39% reduce 12%
20/06/14 11:36:00 INFO mapreduce.Job:  map 40% reduce 12%
20/06/14 11:36:04 INFO mapreduce.Job:  map 40% reduce 13%
20/06/14 11:36:06 INFO mapreduce.Job:  map 41% reduce 13%
20/06/14 11:36:07 INFO mapreduce.Job:  map 42% reduce 13%
20/06/14 11:36:15 INFO mapreduce.Job:  map 43% reduce 13%
20/06/14 11:36:18 INFO mapreduce.Job:  map 44% reduce 13%
20/06/14 11:36:19 INFO mapreduce.Job:  map 44% reduce 14%
20/06/14 11:36:24 INFO mapreduce.Job:  map 45% reduce 14%
20/06/14 11:36:30 INFO mapreduce.Job:  map 46% reduce 14%
20/06/14 11:36:35 INFO mapreduce.Job:  map 47% reduce 14%
20/06/14 11:36:43 INFO mapreduce.Job:  map 48% reduce 14%
20/06/14 11:36:47 INFO mapreduce.Job:  map 49% reduce 14%
20/06/14 11:36:51 INFO mapreduce.Job:  map 50% reduce 14%
20/06/14 11:36:52 INFO mapreduce.Job:  map 50% reduce 15%
20/06/14 11:36:54 INFO mapreduce.Job:  map 51% reduce 15%
20/06/14 11:36:55 INFO mapreduce.Job:  map 51% reduce 16%
20/06/14 11:36:57 INFO mapreduce.Job:  map 52% reduce 16%
20/06/14 11:37:01 INFO mapreduce.Job:  map 52% reduce 17%
20/06/14 11:37:05 INFO mapreduce.Job:  map 53% reduce 17%
20/06/14 11:37:06 INFO mapreduce.Job:  map 54% reduce 17%
20/06/14 11:37:11 INFO mapreduce.Job:  map 55% reduce 17%
20/06/14 11:37:13 INFO mapreduce.Job:  map 55% reduce 18%
20/06/14 11:37:19 INFO mapreduce.Job:  map 56% reduce 18%
20/06/14 11:37:23 INFO mapreduce.Job:  map 57% reduce 18%
20/06/14 11:37:28 INFO mapreduce.Job:  map 58% reduce 18%
20/06/14 11:37:29 INFO mapreduce.Job:  map 58% reduce 19%
20/06/14 11:37:32 INFO mapreduce.Job:  map 59% reduce 19%
20/06/14 11:37:39 INFO mapreduce.Job:  map 60% reduce 19%
20/06/14 11:37:42 INFO mapreduce.Job:  map 61% reduce 19%
20/06/14 11:37:49 INFO mapreduce.Job:  map 62% reduce 19%
20/06/14 11:37:52 INFO mapreduce.Job:  map 63% reduce 19%
20/06/14 11:37:56 INFO mapreduce.Job:  map 64% reduce 20%
20/06/14 11:37:57 INFO mapreduce.Job:  map 65% reduce 20%
20/06/14 11:37:59 INFO mapreduce.Job:  map 65% reduce 21%
20/06/14 11:38:03 INFO mapreduce.Job:  map 66% reduce 21%
20/06/14 11:38:09 INFO mapreduce.Job:  map 67% reduce 21%
20/06/14 11:38:13 INFO mapreduce.Job:  map 68% reduce 21%
20/06/14 11:38:14 INFO mapreduce.Job:  map 68% reduce 22%
20/06/14 11:38:18 INFO mapreduce.Job:  map 69% reduce 22%
20/06/14 11:38:24 INFO mapreduce.Job:  map 70% reduce 22%
20/06/14 11:38:30 INFO mapreduce.Job:  map 71% reduce 22%
20/06/14 11:38:32 INFO mapreduce.Job:  map 72% reduce 23%
20/06/14 11:38:40 INFO mapreduce.Job:  map 73% reduce 23%
20/06/14 11:38:46 INFO mapreduce.Job:  map 74% reduce 23%
20/06/14 11:38:49 INFO mapreduce.Job:  map 75% reduce 23%
20/06/14 11:38:54 INFO mapreduce.Job:  map 76% reduce 24%
20/06/14 11:38:59 INFO mapreduce.Job:  map 77% reduce 24%
20/06/14 11:39:02 INFO mapreduce.Job:  map 78% reduce 24%
20/06/14 11:39:03 INFO mapreduce.Job:  map 78% reduce 26%
20/06/14 11:39:04 INFO mapreduce.Job:  map 79% reduce 26%
20/06/14 11:39:11 INFO mapreduce.Job:  map 80% reduce 26%
20/06/14 11:39:14 INFO mapreduce.Job:  map 81% reduce 26%
20/06/14 11:39:18 INFO mapreduce.Job:  map 82% reduce 26%
20/06/14 11:39:21 INFO mapreduce.Job:  map 82% reduce 27%
20/06/14 11:39:24 INFO mapreduce.Job:  map 83% reduce 27%
20/06/14 11:39:31 INFO mapreduce.Job:  map 84% reduce 27%
20/06/14 11:39:35 INFO mapreduce.Job:  map 85% reduce 27%
20/06/14 11:39:39 INFO mapreduce.Job:  map 86% reduce 27%
20/06/14 11:39:45 INFO mapreduce.Job:  map 87% reduce 27%
20/06/14 11:39:49 INFO mapreduce.Job:  map 87% reduce 28%
20/06/14 11:39:50 INFO mapreduce.Job:  map 88% reduce 28%
20/06/14 11:39:51 INFO mapreduce.Job:  map 89% reduce 28%
20/06/14 11:39:52 INFO mapreduce.Job:  map 90% reduce 28%
20/06/14 11:39:55 INFO mapreduce.Job:  map 90% reduce 29%
20/06/14 11:39:57 INFO mapreduce.Job:  map 91% reduce 29%
20/06/14 11:39:58 INFO mapreduce.Job:  map 91% reduce 30%
20/06/14 11:39:59 INFO mapreduce.Job:  map 92% reduce 30%
20/06/14 11:40:00 INFO mapreduce.Job:  map 93% reduce 30%
20/06/14 11:40:05 INFO mapreduce.Job:  map 94% reduce 30%
20/06/14 11:40:06 INFO mapreduce.Job:  map 96% reduce 30%
20/06/14 11:40:07 INFO mapreduce.Job:  map 96% reduce 31%
20/06/14 11:40:09 INFO mapreduce.Job:  map 97% reduce 31%
20/06/14 11:40:10 INFO mapreduce.Job:  map 99% reduce 31%
20/06/14 11:40:11 INFO mapreduce.Job:  map 100% reduce 31%
20/06/14 11:40:13 INFO mapreduce.Job:  map 100% reduce 46%
20/06/14 11:40:16 INFO mapreduce.Job:  map 100% reduce 70%
20/06/14 11:40:19 INFO mapreduce.Job:  map 100% reduce 76%
20/06/14 11:40:22 INFO mapreduce.Job:  map 100% reduce 80%
20/06/14 11:40:25 INFO mapreduce.Job:  map 100% reduce 87%
20/06/14 11:40:28 INFO mapreduce.Job:  map 100% reduce 94%
20/06/14 11:40:31 INFO mapreduce.Job:  map 100% reduce 100%
20/06/14 11:40:32 INFO mapreduce.Job: Job job_1592100944136_0005 completed successfully
20/06/14 11:40:32 INFO mapreduce.Job: Counters: 51
	File System Counters
		FILE: Number of bytes read=1705754663
		FILE: Number of bytes written=2526616815
		FILE: Number of read operations=0
		FILE: Number of large read operations=0
		FILE: Number of write operations=0
		HDFS: Number of bytes read=11025551708
		HDFS: Number of bytes written=490455722
		HDFS: Number of read operations=273
		HDFS: Number of large read operations=0
		HDFS: Number of write operations=2
	Job Counters 
		Killed map tasks=1
		Launched map tasks=91
		Launched reduce tasks=1
		Data-local map tasks=64
		Rack-local map tasks=27
		Total time spent by all maps in occupied slots (ms)=3823086
		Total time spent by all reduces in occupied slots (ms)=375009
		Total time spent by all map tasks (ms)=3823086
		Total time spent by all reduce tasks (ms)=375009
		Total vcore-milliseconds taken by all map tasks=3823086
		Total vcore-milliseconds taken by all reduce tasks=375009
		Total megabyte-milliseconds taken by all map tasks=3914840064
		Total megabyte-milliseconds taken by all reduce tasks=384009216
	Map-Reduce Framework
		Map input records=723127
		Map output records=1009900264
		Map output bytes=19264684380
		Map output materialized bytes=809679046
		Input split bytes=10530
		Combine input records=1034886807
		Combine output records=47588248
		Reduce input groups=9840779
		Reduce shuffle bytes=809679046
		Reduce input records=22601705
		Reduce output records=9840779
		Spilled Records=70867502
		Shuffled Maps =90
		Failed Shuffles=0
		Merged Map outputs=90
		GC time elapsed (ms)=70860
		CPU time spent (ms)=2218490
		Physical memory (bytes) snapshot=25060020224
		Virtual memory (bytes) snapshot=191927029760
		Total committed heap usage (bytes)=18930466816
	Shuffle Errors
		BAD_ID=0
		CONNECTION=0
		IO_ERROR=0
		WRONG_LENGTH=0
		WRONG_MAP=0
		WRONG_REDUCE=0
	File Input Format Counters 
		Bytes Read=11025541178
	File Output Format Counters 
		Bytes Written=490455722
20/06/14 11:40:32 INFO client.RMProxy: Connecting to ResourceManager at master/10.51.17.95:8032
20/06/14 11:40:33 INFO input.FileInputFormat: Total input paths to process : 1
20/06/14 11:40:33 INFO mapreduce.JobSubmitter: number of splits:4
20/06/14 11:40:34 INFO mapreduce.JobSubmitter: Submitting tokens for job: job_1592100944136_0006
20/06/14 11:40:34 INFO impl.YarnClientImpl: Submitted application application_1592100944136_0006
20/06/14 11:40:34 INFO mapreduce.Job: The url to track the job: http://master:8088/proxy/application_1592100944136_0006/
20/06/14 11:40:34 INFO mapreduce.Job: Running job: job_1592100944136_0006
20/06/14 11:40:42 INFO mapreduce.Job: Job job_1592100944136_0006 running in uber mode : false
20/06/14 11:40:42 INFO mapreduce.Job:  map 0% reduce 0%
20/06/14 11:40:55 INFO mapreduce.Job:  map 61% reduce 0%
20/06/14 11:40:57 INFO mapreduce.Job:  map 69% reduce 0%
20/06/14 11:40:58 INFO mapreduce.Job:  map 83% reduce 0%
20/06/14 11:41:00 INFO mapreduce.Job:  map 91% reduce 0%
20/06/14 11:41:01 INFO mapreduce.Job:  map 100% reduce 0%
20/06/14 11:41:05 INFO mapreduce.Job:  map 100% reduce 78%
20/06/14 11:41:08 INFO mapreduce.Job:  map 100% reduce 89%
20/06/14 11:41:11 INFO mapreduce.Job:  map 100% reduce 99%
20/06/14 11:41:12 INFO mapreduce.Job:  map 100% reduce 100%
20/06/14 11:41:13 INFO mapreduce.Job: Job job_1592100944136_0006 completed successfully
20/06/14 11:41:13 INFO mapreduce.Job: Counters: 50
	File System Counters
		FILE: Number of bytes read=853243956
		FILE: Number of bytes written=1280477757
		FILE: Number of read operations=0
		FILE: Number of large read operations=0
		FILE: Number of write operations=0
		HDFS: Number of bytes read=490460070
		HDFS: Number of bytes written=348553056
		HDFS: Number of read operations=19
		HDFS: Number of large read operations=0
		HDFS: Number of write operations=2
	Job Counters 
		Killed map tasks=1
		Launched map tasks=5
		Launched reduce tasks=1
		Data-local map tasks=5
		Total time spent by all maps in occupied slots (ms)=59362
		Total time spent by all reduces in occupied slots (ms)=14711
		Total time spent by all map tasks (ms)=59362
		Total time spent by all reduce tasks (ms)=14711
		Total vcore-milliseconds taken by all map tasks=59362
		Total vcore-milliseconds taken by all reduce tasks=14711
		Total megabyte-milliseconds taken by all map tasks=60786688
		Total megabyte-milliseconds taken by all reduce tasks=15064064
	Map-Reduce Framework
		Map input records=9840779
		Map output records=9840779
		Map output bytes=406940384
		Map output materialized bytes=426621966
		Input split bytes=508
		Combine input records=0
		Combine output records=0
		Reduce input groups=1250
		Reduce shuffle bytes=426621966
		Reduce input records=9840779
		Reduce output records=9840779
		Spilled Records=29522337
		Shuffled Maps =4
		Failed Shuffles=0
		Merged Map outputs=4
		GC time elapsed (ms)=1913
		CPU time spent (ms)=43320
		Physical memory (bytes) snapshot=1280679936
		Virtual memory (bytes) snapshot=10575101952
		Total committed heap usage (bytes)=941096960
	Shuffle Errors
		BAD_ID=0
		CONNECTION=0
		IO_ERROR=0
		WRONG_LENGTH=0
		WRONG_MAP=0
		WRONG_REDUCE=0
	File Input Format Counters 
		Bytes Read=490459562
	File Output Format Counters 
		Bytes Written=348553056
