20/06/14 11:48:24 INFO client.RMProxy: Connecting to ResourceManager at master/10.51.17.95:8032
20/06/14 11:48:25 INFO input.FileInputFormat: Total input paths to process : 16
20/06/14 11:48:25 INFO mapreduce.JobSubmitter: number of splits:16
20/06/14 11:48:25 INFO mapreduce.JobSubmitter: Submitting tokens for job: job_1592100944136_0009
20/06/14 11:48:25 INFO impl.YarnClientImpl: Submitted application application_1592100944136_0009
20/06/14 11:48:25 INFO mapreduce.Job: The url to track the job: http://master:8088/proxy/application_1592100944136_0009/
20/06/14 11:48:25 INFO mapreduce.Job: Running job: job_1592100944136_0009
20/06/14 11:48:30 INFO mapreduce.Job: Job job_1592100944136_0009 running in uber mode : false
20/06/14 11:48:30 INFO mapreduce.Job:  map 0% reduce 0%
20/06/14 11:48:43 INFO mapreduce.Job:  map 8% reduce 0%
20/06/14 11:48:44 INFO mapreduce.Job:  map 17% reduce 0%
20/06/14 11:48:47 INFO mapreduce.Job:  map 42% reduce 0%
20/06/14 11:49:16 INFO mapreduce.Job:  map 44% reduce 0%
20/06/14 11:49:19 INFO mapreduce.Job:  map 48% reduce 0%
20/06/14 11:49:21 INFO mapreduce.Job:  map 50% reduce 0%
20/06/14 11:49:26 INFO mapreduce.Job:  map 54% reduce 0%
20/06/14 11:49:29 INFO mapreduce.Job:  map 63% reduce 0%
20/06/14 11:49:31 INFO mapreduce.Job:  map 63% reduce 8%
20/06/14 11:49:40 INFO mapreduce.Job:  map 65% reduce 8%
20/06/14 11:49:41 INFO mapreduce.Job:  map 67% reduce 8%
20/06/14 11:49:42 INFO mapreduce.Job:  map 71% reduce 8%
20/06/14 11:49:43 INFO mapreduce.Job:  map 75% reduce 17%
20/06/14 11:49:46 INFO mapreduce.Job:  map 75% reduce 21%
20/06/14 11:49:51 INFO mapreduce.Job:  map 79% reduce 21%
20/06/14 11:49:52 INFO mapreduce.Job:  map 88% reduce 21%
20/06/14 11:49:53 INFO mapreduce.Job:  map 90% reduce 21%
20/06/14 11:49:54 INFO mapreduce.Job:  map 92% reduce 21%
20/06/14 11:49:55 INFO mapreduce.Job:  map 94% reduce 23%
20/06/14 11:49:58 INFO mapreduce.Job:  map 94% reduce 27%
20/06/14 11:50:16 INFO mapreduce.Job:  map 96% reduce 27%
20/06/14 11:50:17 INFO mapreduce.Job:  map 96% reduce 29%
20/06/14 11:50:18 INFO mapreduce.Job:  map 100% reduce 29%
20/06/14 11:50:19 INFO mapreduce.Job:  map 100% reduce 100%
20/06/14 11:50:20 INFO mapreduce.Job: Job job_1592100944136_0009 completed successfully
20/06/14 11:50:20 INFO mapreduce.Job: Counters: 50
	File System Counters
		FILE: Number of bytes read=358
		FILE: Number of bytes written=2088969
		FILE: Number of read operations=0
		FILE: Number of large read operations=0
		FILE: Number of write operations=0
		HDFS: Number of bytes read=4166
		HDFS: Number of bytes written=215
		HDFS: Number of read operations=67
		HDFS: Number of large read operations=0
		HDFS: Number of write operations=3
	Job Counters 
		Launched map tasks=16
		Launched reduce tasks=1
		Data-local map tasks=13
		Rack-local map tasks=3
		Total time spent by all maps in occupied slots (ms)=803111
		Total time spent by all reduces in occupied slots (ms)=56885
		Total time spent by all map tasks (ms)=803111
		Total time spent by all reduce tasks (ms)=56885
		Total vcore-milliseconds taken by all map tasks=803111
		Total vcore-milliseconds taken by all reduce tasks=56885
		Total megabyte-milliseconds taken by all map tasks=822385664
		Total megabyte-milliseconds taken by all reduce tasks=58250240
	Map-Reduce Framework
		Map input records=16
		Map output records=32
		Map output bytes=288
		Map output materialized bytes=448
		Input split bytes=2278
		Combine input records=0
		Combine output records=0
		Reduce input groups=2
		Reduce shuffle bytes=448
		Reduce input records=32
		Reduce output records=0
		Spilled Records=64
		Shuffled Maps =16
		Failed Shuffles=0
		Merged Map outputs=16
		GC time elapsed (ms)=5999
		CPU time spent (ms)=493250
		Physical memory (bytes) snapshot=4351082496
		Virtual memory (bytes) snapshot=35830484992
		Total committed heap usage (bytes)=3337617408
	Shuffle Errors
		BAD_ID=0
		CONNECTION=0
		IO_ERROR=0
		WRONG_LENGTH=0
		WRONG_MAP=0
		WRONG_REDUCE=0
	File Input Format Counters 
		Bytes Read=1888
	File Output Format Counters 
		Bytes Written=97
