20/06/16 22:05:08 INFO client.RMProxy: Connecting to ResourceManager at master/10.51.17.95:8032
20/06/16 22:05:09 INFO client.RMProxy: Connecting to ResourceManager at master/10.51.17.95:8032
20/06/16 22:05:09 INFO input.FileInputFormat: Total input paths to process : 10
20/06/16 22:05:10 INFO mapreduce.JobSubmitter: number of splits:80
20/06/16 22:05:10 INFO mapreduce.JobSubmitter: Submitting tokens for job: job_1592311827394_0003
20/06/16 22:05:10 INFO impl.YarnClientImpl: Submitted application application_1592311827394_0003
20/06/16 22:05:10 INFO mapreduce.Job: The url to track the job: http://master:8088/proxy/application_1592311827394_0003/
20/06/16 22:05:10 INFO mapreduce.Job: Running job: job_1592311827394_0003
20/06/16 22:05:18 INFO mapreduce.Job: Job job_1592311827394_0003 running in uber mode : false
20/06/16 22:05:18 INFO mapreduce.Job:  map 0% reduce 0%
20/06/16 22:05:27 INFO mapreduce.Job:  map 1% reduce 0%
20/06/16 22:05:28 INFO mapreduce.Job:  map 5% reduce 0%
20/06/16 22:05:30 INFO mapreduce.Job:  map 8% reduce 0%
20/06/16 22:05:31 INFO mapreduce.Job:  map 9% reduce 0%
20/06/16 22:05:32 INFO mapreduce.Job:  map 12% reduce 0%
20/06/16 22:05:33 INFO mapreduce.Job:  map 13% reduce 0%
20/06/16 22:05:35 INFO mapreduce.Job:  map 14% reduce 0%
20/06/16 22:05:36 INFO mapreduce.Job:  map 16% reduce 0%
20/06/16 22:05:37 INFO mapreduce.Job:  map 17% reduce 0%
20/06/16 22:05:39 INFO mapreduce.Job:  map 19% reduce 0%
20/06/16 22:05:40 INFO mapreduce.Job:  map 21% reduce 0%
20/06/16 22:05:44 INFO mapreduce.Job:  map 24% reduce 0%
20/06/16 22:05:45 INFO mapreduce.Job:  map 26% reduce 0%
20/06/16 22:05:46 INFO mapreduce.Job:  map 28% reduce 0%
20/06/16 22:05:47 INFO mapreduce.Job:  map 28% reduce 2%
20/06/16 22:05:48 INFO mapreduce.Job:  map 29% reduce 2%
20/06/16 22:05:50 INFO mapreduce.Job:  map 31% reduce 3%
20/06/16 22:05:52 INFO mapreduce.Job:  map 32% reduce 3%
20/06/16 22:05:54 INFO mapreduce.Job:  map 33% reduce 5%
20/06/16 22:05:56 INFO mapreduce.Job:  map 34% reduce 5%
20/06/16 22:05:57 INFO mapreduce.Job:  map 36% reduce 5%
20/06/16 22:06:00 INFO mapreduce.Job:  map 37% reduce 6%
20/06/16 22:06:02 INFO mapreduce.Job:  map 37% reduce 8%
20/06/16 22:06:03 INFO mapreduce.Job:  map 38% reduce 8%
20/06/16 22:06:06 INFO mapreduce.Job:  map 38% reduce 9%
20/06/16 22:06:07 INFO mapreduce.Job:  map 39% reduce 9%
20/06/16 22:06:10 INFO mapreduce.Job:  map 40% reduce 9%
20/06/16 22:06:11 INFO mapreduce.Job:  map 41% reduce 9%
20/06/16 22:06:12 INFO mapreduce.Job:  map 42% reduce 9%
20/06/16 22:06:14 INFO mapreduce.Job:  map 42% reduce 10%
20/06/16 22:06:15 INFO mapreduce.Job:  map 43% reduce 10%
20/06/16 22:06:17 INFO mapreduce.Job:  map 43% reduce 11%
20/06/16 22:06:18 INFO mapreduce.Job:  map 44% reduce 11%
20/06/16 22:06:22 INFO mapreduce.Job:  map 45% reduce 11%
20/06/16 22:06:24 INFO mapreduce.Job:  map 46% reduce 11%
20/06/16 22:06:25 INFO mapreduce.Job:  map 49% reduce 11%
20/06/16 22:06:26 INFO mapreduce.Job:  map 49% reduce 12%
20/06/16 22:06:29 INFO mapreduce.Job:  map 50% reduce 13%
20/06/16 22:06:33 INFO mapreduce.Job:  map 52% reduce 13%
20/06/16 22:06:35 INFO mapreduce.Job:  map 54% reduce 13%
20/06/16 22:06:36 INFO mapreduce.Job:  map 55% reduce 13%
20/06/16 22:06:38 INFO mapreduce.Job:  map 55% reduce 14%
20/06/16 22:06:39 INFO mapreduce.Job:  map 56% reduce 14%
20/06/16 22:06:40 INFO mapreduce.Job:  map 59% reduce 14%
20/06/16 22:06:42 INFO mapreduce.Job:  map 59% reduce 15%
20/06/16 22:06:46 INFO mapreduce.Job:  map 61% reduce 15%
20/06/16 22:06:50 INFO mapreduce.Job:  map 63% reduce 15%
20/06/16 22:06:52 INFO mapreduce.Job:  map 64% reduce 15%
20/06/16 22:06:53 INFO mapreduce.Job:  map 64% reduce 16%
20/06/16 22:06:54 INFO mapreduce.Job:  map 65% reduce 16%
20/06/16 22:06:56 INFO mapreduce.Job:  map 65% reduce 17%
20/06/16 22:06:58 INFO mapreduce.Job:  map 66% reduce 17%
20/06/16 22:06:59 INFO mapreduce.Job:  map 68% reduce 17%
20/06/16 22:07:01 INFO mapreduce.Job:  map 69% reduce 17%
20/06/16 22:07:03 INFO mapreduce.Job:  map 69% reduce 18%
20/06/16 22:07:04 INFO mapreduce.Job:  map 70% reduce 18%
20/06/16 22:07:07 INFO mapreduce.Job:  map 71% reduce 18%
20/06/16 22:07:09 INFO mapreduce.Job:  map 72% reduce 18%
20/06/16 22:07:10 INFO mapreduce.Job:  map 74% reduce 18%
20/06/16 22:07:11 INFO mapreduce.Job:  map 75% reduce 18%
20/06/16 22:07:12 INFO mapreduce.Job:  map 75% reduce 19%
20/06/16 22:07:13 INFO mapreduce.Job:  map 76% reduce 19%
20/06/16 22:07:14 INFO mapreduce.Job:  map 77% reduce 19%
20/06/16 22:07:17 INFO mapreduce.Job:  map 79% reduce 20%
20/06/16 22:07:19 INFO mapreduce.Job:  map 80% reduce 20%
20/06/16 22:07:21 INFO mapreduce.Job:  map 80% reduce 21%
20/06/16 22:07:22 INFO mapreduce.Job:  map 81% reduce 21%
20/06/16 22:07:26 INFO mapreduce.Job:  map 81% reduce 22%
20/06/16 22:07:29 INFO mapreduce.Job:  map 82% reduce 22%
20/06/16 22:07:31 INFO mapreduce.Job:  map 83% reduce 22%
20/06/16 22:07:34 INFO mapreduce.Job:  map 84% reduce 22%
20/06/16 22:07:36 INFO mapreduce.Job:  map 84% reduce 23%
20/06/16 22:07:39 INFO mapreduce.Job:  map 85% reduce 23%
20/06/16 22:07:40 INFO mapreduce.Job:  map 86% reduce 24%
20/06/16 22:07:43 INFO mapreduce.Job:  map 86% reduce 25%
20/06/16 22:07:44 INFO mapreduce.Job:  map 88% reduce 25%
20/06/16 22:07:46 INFO mapreduce.Job:  map 89% reduce 25%
20/06/16 22:07:47 INFO mapreduce.Job:  map 92% reduce 25%
20/06/16 22:07:48 INFO mapreduce.Job:  map 92% reduce 26%
20/06/16 22:07:50 INFO mapreduce.Job:  map 93% reduce 26%
20/06/16 22:07:54 INFO mapreduce.Job:  map 93% reduce 27%
20/06/16 22:07:55 INFO mapreduce.Job:  map 94% reduce 27%
20/06/16 22:07:57 INFO mapreduce.Job:  map 94% reduce 28%
20/06/16 22:08:00 INFO mapreduce.Job:  map 95% reduce 28%
20/06/16 22:08:03 INFO mapreduce.Job:  map 97% reduce 29%
20/06/16 22:08:06 INFO mapreduce.Job:  map 98% reduce 29%
20/06/16 22:08:08 INFO mapreduce.Job:  map 99% reduce 29%
20/06/16 22:08:09 INFO mapreduce.Job:  map 100% reduce 29%
20/06/16 22:08:12 INFO mapreduce.Job:  map 100% reduce 30%
20/06/16 22:08:15 INFO mapreduce.Job:  map 100% reduce 41%
20/06/16 22:08:18 INFO mapreduce.Job:  map 100% reduce 43%
20/06/16 22:08:21 INFO mapreduce.Job:  map 100% reduce 44%
20/06/16 22:08:24 INFO mapreduce.Job:  map 100% reduce 45%
20/06/16 22:08:25 INFO mapreduce.Job:  map 100% reduce 56%
20/06/16 22:08:28 INFO mapreduce.Job:  map 100% reduce 57%
20/06/16 22:08:30 INFO mapreduce.Job:  map 100% reduce 68%
20/06/16 22:08:33 INFO mapreduce.Job:  map 100% reduce 70%
20/06/16 22:08:34 INFO mapreduce.Job:  map 100% reduce 71%
20/06/16 22:08:36 INFO mapreduce.Job:  map 100% reduce 73%
20/06/16 22:08:39 INFO mapreduce.Job:  map 100% reduce 75%
20/06/16 22:08:42 INFO mapreduce.Job:  map 100% reduce 76%
20/06/16 22:08:45 INFO mapreduce.Job:  map 100% reduce 78%
20/06/16 22:08:48 INFO mapreduce.Job:  map 100% reduce 79%
20/06/16 22:08:51 INFO mapreduce.Job:  map 100% reduce 81%
20/06/16 22:08:54 INFO mapreduce.Job:  map 100% reduce 83%
20/06/16 22:08:57 INFO mapreduce.Job:  map 100% reduce 84%
20/06/16 22:08:58 INFO mapreduce.Job:  map 100% reduce 85%
20/06/16 22:09:00 INFO mapreduce.Job:  map 100% reduce 86%
20/06/16 22:09:01 INFO mapreduce.Job:  map 100% reduce 87%
20/06/16 22:09:03 INFO mapreduce.Job:  map 100% reduce 88%
20/06/16 22:09:07 INFO mapreduce.Job:  map 100% reduce 89%
20/06/16 22:09:09 INFO mapreduce.Job:  map 100% reduce 91%
20/06/16 22:09:10 INFO mapreduce.Job:  map 100% reduce 92%
20/06/16 22:09:12 INFO mapreduce.Job:  map 100% reduce 93%
20/06/16 22:09:15 INFO mapreduce.Job:  map 100% reduce 94%
20/06/16 22:09:16 INFO mapreduce.Job:  map 100% reduce 95%
20/06/16 22:09:18 INFO mapreduce.Job:  map 100% reduce 96%
20/06/16 22:09:19 INFO mapreduce.Job:  map 100% reduce 97%
20/06/16 22:09:22 INFO mapreduce.Job:  map 100% reduce 98%
20/06/16 22:09:25 INFO mapreduce.Job:  map 100% reduce 100%
20/06/16 22:09:28 INFO mapreduce.Job: Job job_1592311827394_0003 completed successfully
20/06/16 22:09:28 INFO mapreduce.Job: Counters: 51
	File System Counters
		FILE: Number of bytes read=31974520677
		FILE: Number of bytes written=42735048567
		FILE: Number of read operations=0
		FILE: Number of large read operations=0
		FILE: Number of write operations=0
		HDFS: Number of bytes read=10774009875
		HDFS: Number of bytes written=10772846837
		HDFS: Number of read operations=329
		HDFS: Number of large read operations=0
		HDFS: Number of write operations=6
	Job Counters 
		Killed map tasks=2
		Launched map tasks=81
		Launched reduce tasks=3
		Data-local map tasks=73
		Rack-local map tasks=8
		Total time spent by all maps in occupied slots (ms)=1129283
		Total time spent by all reduces in occupied slots (ms)=653478
		Total time spent by all map tasks (ms)=1129283
		Total time spent by all reduce tasks (ms)=653478
		Total vcore-milliseconds taken by all map tasks=1129283
		Total vcore-milliseconds taken by all reduce tasks=653478
		Total megabyte-milliseconds taken by all map tasks=1156385792
		Total megabyte-milliseconds taken by all reduce tasks=669161472
	Map-Reduce Framework
		Map input records=1022600
		Map output records=1022600
		Map output bytes=10745642829
		Map output materialized bytes=10751392560
		Input split bytes=8240
		Combine input records=0
		Combine output records=0
		Reduce input groups=1022600
		Reduce shuffle bytes=10751392560
		Reduce input records=1022600
		Reduce output records=1022600
		Spilled Records=4063920
		Shuffled Maps =240
		Failed Shuffles=0
		Merged Map outputs=240
		GC time elapsed (ms)=11689
		CPU time spent (ms)=229610
		Physical memory (bytes) snapshot=21937287168
		Virtual memory (bytes) snapshot=175069040640
		Total committed heap usage (bytes)=16563306496
	Shuffle Errors
		BAD_ID=0
		CONNECTION=0
		IO_ERROR=0
		WRONG_LENGTH=0
		WRONG_MAP=0
		WRONG_REDUCE=0
	File Input Format Counters 
		Bytes Read=10774001635
	File Output Format Counters 
		Bytes Written=10772846837
