20/06/14 12:16:06 INFO client.RMProxy: Connecting to ResourceManager at master/10.51.17.95:8032
20/06/14 12:16:06 INFO client.RMProxy: Connecting to ResourceManager at master/10.51.17.95:8032
20/06/14 12:16:08 INFO input.FileInputFormat: Total input paths to process : 10
20/06/14 12:16:21 INFO mapreduce.JobSubmitter: number of splits:80
20/06/14 12:16:21 INFO mapreduce.JobSubmitter: Submitting tokens for job: job_1592100944136_0016
20/06/14 12:16:21 INFO impl.YarnClientImpl: Submitted application application_1592100944136_0016
20/06/14 12:16:21 INFO mapreduce.Job: The url to track the job: http://master:8088/proxy/application_1592100944136_0016/
20/06/14 12:16:21 INFO mapreduce.Job: Running job: job_1592100944136_0016
20/06/14 12:16:36 INFO mapreduce.Job: Job job_1592100944136_0016 running in uber mode : false
20/06/14 12:16:36 INFO mapreduce.Job:  map 0% reduce 0%
20/06/14 12:16:45 INFO mapreduce.Job:  map 1% reduce 0%
20/06/14 12:16:47 INFO mapreduce.Job:  map 3% reduce 0%
20/06/14 12:16:48 INFO mapreduce.Job:  map 4% reduce 0%
20/06/14 12:16:49 INFO mapreduce.Job:  map 6% reduce 0%
20/06/14 12:16:50 INFO mapreduce.Job:  map 7% reduce 0%
20/06/14 12:16:52 INFO mapreduce.Job:  map 8% reduce 0%
20/06/14 12:16:53 INFO mapreduce.Job:  map 9% reduce 0%
20/06/14 12:16:55 INFO mapreduce.Job:  map 10% reduce 0%
20/06/14 12:16:56 INFO mapreduce.Job:  map 13% reduce 0%
20/06/14 12:16:59 INFO mapreduce.Job:  map 16% reduce 0%
20/06/14 12:17:02 INFO mapreduce.Job:  map 17% reduce 0%
20/06/14 12:17:03 INFO mapreduce.Job:  map 18% reduce 0%
20/06/14 12:17:04 INFO mapreduce.Job:  map 19% reduce 0%
20/06/14 12:17:06 INFO mapreduce.Job:  map 21% reduce 2%
20/06/14 12:17:08 INFO mapreduce.Job:  map 22% reduce 2%
20/06/14 12:17:10 INFO mapreduce.Job:  map 23% reduce 2%
20/06/14 12:17:11 INFO mapreduce.Job:  map 24% reduce 2%
20/06/14 12:17:14 INFO mapreduce.Job:  map 26% reduce 2%
20/06/14 12:17:17 INFO mapreduce.Job:  map 27% reduce 2%
20/06/14 12:17:18 INFO mapreduce.Job:  map 27% reduce 3%
20/06/14 12:17:19 INFO mapreduce.Job:  map 29% reduce 3%
20/06/14 12:17:20 INFO mapreduce.Job:  map 30% reduce 3%
20/06/14 12:17:23 INFO mapreduce.Job:  map 31% reduce 3%
20/06/14 12:17:26 INFO mapreduce.Job:  map 32% reduce 3%
20/06/14 12:17:27 INFO mapreduce.Job:  map 33% reduce 3%
20/06/14 12:17:30 INFO mapreduce.Job:  map 34% reduce 3%
20/06/14 12:17:33 INFO mapreduce.Job:  map 36% reduce 4%
20/06/14 12:17:35 INFO mapreduce.Job:  map 37% reduce 4%
20/06/14 12:17:37 INFO mapreduce.Job:  map 38% reduce 4%
20/06/14 12:17:40 INFO mapreduce.Job:  map 39% reduce 5%
20/06/14 12:17:42 INFO mapreduce.Job:  map 40% reduce 5%
20/06/14 12:17:45 INFO mapreduce.Job:  map 41% reduce 5%
20/06/14 12:17:48 INFO mapreduce.Job:  map 42% reduce 5%
20/06/14 12:17:49 INFO mapreduce.Job:  map 42% reduce 6%
20/06/14 12:17:50 INFO mapreduce.Job:  map 44% reduce 6%
20/06/14 12:17:52 INFO mapreduce.Job:  map 45% reduce 6%
20/06/14 12:17:53 INFO mapreduce.Job:  map 46% reduce 6%
20/06/14 12:17:55 INFO mapreduce.Job:  map 47% reduce 6%
20/06/14 12:17:59 INFO mapreduce.Job:  map 48% reduce 6%
20/06/14 12:18:00 INFO mapreduce.Job:  map 49% reduce 6%
20/06/14 12:18:01 INFO mapreduce.Job:  map 49% reduce 7%
20/06/14 12:18:04 INFO mapreduce.Job:  map 50% reduce 7%
20/06/14 12:18:06 INFO mapreduce.Job:  map 51% reduce 7%
20/06/14 12:18:08 INFO mapreduce.Job:  map 52% reduce 7%
20/06/14 12:18:10 INFO mapreduce.Job:  map 53% reduce 7%
20/06/14 12:18:12 INFO mapreduce.Job:  map 55% reduce 7%
20/06/14 12:18:17 INFO mapreduce.Job:  map 56% reduce 7%
20/06/14 12:18:22 INFO mapreduce.Job:  map 57% reduce 7%
20/06/14 12:18:23 INFO mapreduce.Job:  map 58% reduce 7%
20/06/14 12:18:24 INFO mapreduce.Job:  map 59% reduce 7%
20/06/14 12:18:30 INFO mapreduce.Job:  map 61% reduce 7%
20/06/14 12:18:32 INFO mapreduce.Job:  map 62% reduce 7%
20/06/14 12:18:33 INFO mapreduce.Job:  map 63% reduce 8%
20/06/14 12:18:34 INFO mapreduce.Job:  map 64% reduce 8%
20/06/14 12:18:39 INFO mapreduce.Job:  map 65% reduce 8%
20/06/14 12:18:41 INFO mapreduce.Job:  map 66% reduce 8%
20/06/14 12:18:42 INFO mapreduce.Job:  map 67% reduce 8%
20/06/14 12:18:46 INFO mapreduce.Job:  map 68% reduce 8%
20/06/14 12:18:47 INFO mapreduce.Job:  map 69% reduce 8%
20/06/14 12:18:49 INFO mapreduce.Job:  map 70% reduce 8%
20/06/14 12:18:53 INFO mapreduce.Job:  map 71% reduce 8%
20/06/14 12:18:54 INFO mapreduce.Job:  map 72% reduce 8%
20/06/14 12:18:56 INFO mapreduce.Job:  map 73% reduce 8%
20/06/14 12:18:59 INFO mapreduce.Job:  map 75% reduce 8%
20/06/14 12:19:04 INFO mapreduce.Job:  map 76% reduce 8%
20/06/14 12:19:05 INFO mapreduce.Job:  map 77% reduce 8%
20/06/14 12:19:06 INFO mapreduce.Job:  map 77% reduce 9%
20/06/14 12:19:10 INFO mapreduce.Job:  map 78% reduce 9%
20/06/14 12:19:14 INFO mapreduce.Job:  map 79% reduce 9%
20/06/14 12:19:15 INFO mapreduce.Job:  map 81% reduce 9%
20/06/14 12:19:18 INFO mapreduce.Job:  map 82% reduce 9%
20/06/14 12:19:20 INFO mapreduce.Job:  map 83% reduce 9%
20/06/14 12:19:21 INFO mapreduce.Job:  map 84% reduce 9%
20/06/14 12:19:25 INFO mapreduce.Job:  map 85% reduce 9%
20/06/14 12:19:30 INFO mapreduce.Job:  map 86% reduce 9%
20/06/14 12:19:31 INFO mapreduce.Job:  map 86% reduce 10%
20/06/14 12:19:33 INFO mapreduce.Job:  map 87% reduce 10%
20/06/14 12:19:34 INFO mapreduce.Job:  map 88% reduce 10%
20/06/14 12:19:37 INFO mapreduce.Job:  map 89% reduce 11%
20/06/14 12:19:40 INFO mapreduce.Job:  map 90% reduce 11%
20/06/14 12:19:44 INFO mapreduce.Job:  map 91% reduce 11%
20/06/14 12:19:46 INFO mapreduce.Job:  map 92% reduce 11%
20/06/14 12:19:49 INFO mapreduce.Job:  map 93% reduce 11%
20/06/14 12:19:53 INFO mapreduce.Job:  map 94% reduce 11%
20/06/14 12:19:54 INFO mapreduce.Job:  map 95% reduce 12%
20/06/14 12:19:56 INFO mapreduce.Job:  map 96% reduce 12%
20/06/14 12:19:57 INFO mapreduce.Job:  map 97% reduce 12%
20/06/14 12:20:00 INFO mapreduce.Job:  map 98% reduce 12%
20/06/14 12:20:03 INFO mapreduce.Job:  map 99% reduce 12%
20/06/14 12:20:06 INFO mapreduce.Job:  map 100% reduce 12%
20/06/14 12:20:31 INFO mapreduce.Job:  map 100% reduce 13%
20/06/14 12:21:18 INFO mapreduce.Job:  map 100% reduce 14%
20/06/14 12:21:52 INFO mapreduce.Job:  map 100% reduce 15%
20/06/14 12:22:23 INFO mapreduce.Job:  map 100% reduce 16%
20/06/14 12:22:39 INFO mapreduce.Job:  map 100% reduce 17%
20/06/14 12:22:50 INFO mapreduce.Job:  map 100% reduce 18%
20/06/14 12:23:00 INFO mapreduce.Job:  map 100% reduce 19%
20/06/14 12:23:10 INFO mapreduce.Job:  map 100% reduce 20%
20/06/14 12:23:19 INFO mapreduce.Job:  map 100% reduce 21%
20/06/14 12:23:26 INFO mapreduce.Job:  map 100% reduce 22%
20/06/14 12:23:33 INFO mapreduce.Job:  map 100% reduce 23%
20/06/14 12:23:43 INFO mapreduce.Job:  map 100% reduce 24%
20/06/14 12:23:49 INFO mapreduce.Job:  map 100% reduce 25%
20/06/14 12:23:55 INFO mapreduce.Job:  map 100% reduce 26%
20/06/14 12:24:01 INFO mapreduce.Job:  map 100% reduce 27%
20/06/14 12:24:07 INFO mapreduce.Job:  map 100% reduce 28%
20/06/14 12:24:15 INFO mapreduce.Job:  map 100% reduce 29%
20/06/14 12:24:25 INFO mapreduce.Job:  map 100% reduce 30%
20/06/14 12:24:32 INFO mapreduce.Job:  map 100% reduce 31%
20/06/14 12:24:39 INFO mapreduce.Job:  map 100% reduce 32%
20/06/14 12:24:47 INFO mapreduce.Job:  map 100% reduce 33%
20/06/14 12:26:38 INFO mapreduce.Job:  map 100% reduce 37%
20/06/14 12:26:41 INFO mapreduce.Job:  map 100% reduce 38%
20/06/14 12:26:47 INFO mapreduce.Job:  map 100% reduce 44%
20/06/14 12:26:48 INFO mapreduce.Job:  map 100% reduce 47%
20/06/14 12:26:49 INFO mapreduce.Job:  map 100% reduce 53%
20/06/14 12:26:51 INFO mapreduce.Job:  map 100% reduce 60%
20/06/14 12:26:52 INFO mapreduce.Job:  map 100% reduce 65%
20/06/14 12:26:54 INFO mapreduce.Job:  map 100% reduce 67%
20/06/14 12:26:59 INFO mapreduce.Job:  map 100% reduce 68%
20/06/14 12:27:01 INFO mapreduce.Job:  map 100% reduce 69%
20/06/14 12:27:04 INFO mapreduce.Job:  map 100% reduce 70%
20/06/14 12:27:06 INFO mapreduce.Job:  map 100% reduce 71%
20/06/14 12:27:08 INFO mapreduce.Job:  map 100% reduce 72%
20/06/14 12:27:11 INFO mapreduce.Job:  map 100% reduce 73%
20/06/14 12:27:16 INFO mapreduce.Job:  map 100% reduce 74%
20/06/14 12:27:25 INFO mapreduce.Job:  map 100% reduce 75%
20/06/14 12:27:30 INFO mapreduce.Job:  map 100% reduce 76%
20/06/14 12:27:33 INFO mapreduce.Job:  map 100% reduce 77%
20/06/14 12:27:36 INFO mapreduce.Job:  map 100% reduce 78%
20/06/14 12:27:42 INFO mapreduce.Job:  map 100% reduce 79%
20/06/14 12:27:51 INFO mapreduce.Job:  map 100% reduce 80%
20/06/14 12:27:52 INFO mapreduce.Job:  map 100% reduce 81%
20/06/14 12:28:18 INFO mapreduce.Job:  map 100% reduce 82%
20/06/14 12:28:19 INFO mapreduce.Job:  map 100% reduce 83%
20/06/14 12:28:36 INFO mapreduce.Job:  map 100% reduce 84%
20/06/14 12:28:39 INFO mapreduce.Job:  map 100% reduce 85%
20/06/14 12:28:42 INFO mapreduce.Job:  map 100% reduce 86%
20/06/14 12:30:27 INFO mapreduce.Job:  map 100% reduce 87%
20/06/14 12:30:28 INFO mapreduce.Job:  map 100% reduce 88%
20/06/14 12:31:21 INFO mapreduce.Job:  map 100% reduce 89%
20/06/14 12:32:11 INFO mapreduce.Job:  map 100% reduce 90%
20/06/14 12:32:12 INFO mapreduce.Job:  map 100% reduce 92%
20/06/14 12:32:45 INFO mapreduce.Job:  map 100% reduce 93%
20/06/14 12:32:56 INFO mapreduce.Job:  map 100% reduce 94%
20/06/14 12:33:02 INFO mapreduce.Job:  map 100% reduce 95%
20/06/14 12:33:12 INFO mapreduce.Job:  map 100% reduce 96%
20/06/14 12:33:15 INFO mapreduce.Job:  map 100% reduce 97%
20/06/14 12:33:18 INFO mapreduce.Job:  map 100% reduce 98%
20/06/14 12:33:48 INFO mapreduce.Job:  map 100% reduce 99%
20/06/14 12:33:51 INFO mapreduce.Job:  map 100% reduce 100%
20/06/14 12:33:52 INFO mapreduce.Job: Job job_1592100944136_0016 completed successfully
20/06/14 12:33:52 INFO mapreduce.Job: Counters: 51
	File System Counters
		FILE: Number of bytes read=31975612037
		FILE: Number of bytes written=42736109019
		FILE: Number of read operations=0
		FILE: Number of large read operations=0
		FILE: Number of write operations=0
		HDFS: Number of bytes read=10774048939
		HDFS: Number of bytes written=10772856877
		HDFS: Number of read operations=329
		HDFS: Number of large read operations=0
		HDFS: Number of write operations=6
	Job Counters 
		Killed map tasks=2
		Launched map tasks=81
		Launched reduce tasks=3
		Data-local map tasks=70
		Rack-local map tasks=11
		Total time spent by all maps in occupied slots (ms)=1429171
		Total time spent by all reduces in occupied slots (ms)=2983771
		Total time spent by all map tasks (ms)=1429171
		Total time spent by all reduce tasks (ms)=2983771
		Total vcore-milliseconds taken by all map tasks=1429171
		Total vcore-milliseconds taken by all reduce tasks=2983771
		Total megabyte-milliseconds taken by all map tasks=1463471104
		Total megabyte-milliseconds taken by all reduce tasks=3055381504
	Map-Reduce Framework
		Map input records=1022122
		Map output records=1022122
		Map output bytes=10745669193
		Map output materialized bytes=10751416641
		Input split bytes=9040
		Combine input records=0
		Combine output records=0
		Reduce input groups=1022122
		Reduce shuffle bytes=10751416641
		Reduce input records=1022122
		Reduce output records=1022122
		Spilled Records=4061987
		Shuffled Maps =240
		Failed Shuffles=0
		Merged Map outputs=240
		GC time elapsed (ms)=10761
		CPU time spent (ms)=266260
		Physical memory (bytes) snapshot=22114099200
		Virtual memory (bytes) snapshot=175172534272
		Total committed heap usage (bytes)=16491479040
	Shuffle Errors
		BAD_ID=0
		CONNECTION=0
		IO_ERROR=0
		WRONG_LENGTH=0
		WRONG_MAP=0
		WRONG_REDUCE=0
	File Input Format Counters 
		Bytes Read=10774039899
	File Output Format Counters 
		Bytes Written=10772856877
