20/06/14 11:25:11 INFO client.RMProxy: Connecting to ResourceManager at master/10.51.17.95:8032
20/06/14 11:25:12 INFO input.FileInputFormat: Total input paths to process : 10
20/06/14 11:25:12 INFO mapreduce.JobSubmitter: number of splits:90
20/06/14 11:25:12 INFO mapreduce.JobSubmitter: Submitting tokens for job: job_1592100944136_0004
20/06/14 11:25:13 INFO impl.YarnClientImpl: Submitted application application_1592100944136_0004
20/06/14 11:25:13 INFO mapreduce.Job: The url to track the job: http://master:8088/proxy/application_1592100944136_0004/
20/06/14 11:25:13 INFO mapreduce.Job: Running job: job_1592100944136_0004
20/06/14 11:25:22 INFO mapreduce.Job: Job job_1592100944136_0004 running in uber mode : false
20/06/14 11:25:22 INFO mapreduce.Job:  map 0% reduce 0%
20/06/14 11:25:34 INFO mapreduce.Job:  map 1% reduce 0%
20/06/14 11:25:38 INFO mapreduce.Job:  map 2% reduce 0%
20/06/14 11:25:40 INFO mapreduce.Job:  map 3% reduce 0%
20/06/14 11:25:50 INFO mapreduce.Job:  map 4% reduce 0%
20/06/14 11:25:53 INFO mapreduce.Job:  map 5% reduce 0%
20/06/14 11:25:58 INFO mapreduce.Job:  map 6% reduce 0%
20/06/14 11:26:02 INFO mapreduce.Job:  map 7% reduce 0%
20/06/14 11:26:04 INFO mapreduce.Job:  map 8% reduce 0%
20/06/14 11:26:12 INFO mapreduce.Job:  map 9% reduce 0%
20/06/14 11:26:16 INFO mapreduce.Job:  map 10% reduce 0%
20/06/14 11:26:21 INFO mapreduce.Job:  map 11% reduce 0%
20/06/14 11:26:22 INFO mapreduce.Job:  map 12% reduce 0%
20/06/14 11:26:23 INFO mapreduce.Job:  map 13% reduce 0%
20/06/14 11:26:35 INFO mapreduce.Job:  map 14% reduce 0%
20/06/14 11:26:37 INFO mapreduce.Job:  map 15% reduce 0%
20/06/14 11:26:39 INFO mapreduce.Job:  map 15% reduce 4%
20/06/14 11:26:43 INFO mapreduce.Job:  map 16% reduce 4%
20/06/14 11:26:45 INFO mapreduce.Job:  map 17% reduce 5%
20/06/14 11:26:50 INFO mapreduce.Job:  map 18% reduce 5%
20/06/14 11:26:55 INFO mapreduce.Job:  map 19% reduce 5%
20/06/14 11:27:00 INFO mapreduce.Job:  map 20% reduce 5%
20/06/14 11:27:07 INFO mapreduce.Job:  map 21% reduce 5%
20/06/14 11:27:12 INFO mapreduce.Job:  map 22% reduce 5%
20/06/14 11:27:13 INFO mapreduce.Job:  map 22% reduce 6%
20/06/14 11:27:15 INFO mapreduce.Job:  map 23% reduce 6%
20/06/14 11:27:17 INFO mapreduce.Job:  map 24% reduce 6%
20/06/14 11:27:18 INFO mapreduce.Job:  map 25% reduce 6%
20/06/14 11:27:19 INFO mapreduce.Job:  map 25% reduce 8%
20/06/14 11:27:27 INFO mapreduce.Job:  map 26% reduce 8%
20/06/14 11:27:28 INFO mapreduce.Job:  map 27% reduce 8%
20/06/14 11:27:31 INFO mapreduce.Job:  map 27% reduce 9%
20/06/14 11:27:33 INFO mapreduce.Job:  map 28% reduce 9%
20/06/14 11:27:38 INFO mapreduce.Job:  map 29% reduce 9%
20/06/14 11:27:45 INFO mapreduce.Job:  map 30% reduce 9%
20/06/14 11:27:50 INFO mapreduce.Job:  map 31% reduce 9%
20/06/14 11:27:54 INFO mapreduce.Job:  map 32% reduce 9%
20/06/14 11:27:57 INFO mapreduce.Job:  map 33% reduce 9%
20/06/14 11:27:59 INFO mapreduce.Job:  map 33% reduce 10%
20/06/14 11:28:01 INFO mapreduce.Job:  map 34% reduce 10%
20/06/14 11:28:05 INFO mapreduce.Job:  map 35% reduce 10%
20/06/14 11:28:06 INFO mapreduce.Job:  map 36% reduce 10%
20/06/14 11:28:07 INFO mapreduce.Job:  map 38% reduce 10%
20/06/14 11:28:08 INFO mapreduce.Job:  map 38% reduce 12%
20/06/14 11:28:11 INFO mapreduce.Job:  map 38% reduce 13%
20/06/14 11:28:16 INFO mapreduce.Job:  map 39% reduce 13%
20/06/14 11:28:21 INFO mapreduce.Job:  map 40% reduce 13%
20/06/14 11:28:28 INFO mapreduce.Job:  map 41% reduce 13%
20/06/14 11:28:32 INFO mapreduce.Job:  map 42% reduce 13%
20/06/14 11:28:38 INFO mapreduce.Job:  map 43% reduce 13%
20/06/14 11:28:41 INFO mapreduce.Job:  map 44% reduce 13%
20/06/14 11:28:43 INFO mapreduce.Job:  map 45% reduce 13%
20/06/14 11:28:45 INFO mapreduce.Job:  map 45% reduce 14%
20/06/14 11:28:49 INFO mapreduce.Job:  map 46% reduce 14%
20/06/14 11:28:54 INFO mapreduce.Job:  map 47% reduce 14%
20/06/14 11:28:56 INFO mapreduce.Job:  map 48% reduce 14%
20/06/14 11:28:57 INFO mapreduce.Job:  map 48% reduce 16%
20/06/14 11:28:58 INFO mapreduce.Job:  map 49% reduce 16%
20/06/14 11:29:09 INFO mapreduce.Job:  map 50% reduce 16%
20/06/14 11:29:11 INFO mapreduce.Job:  map 51% reduce 16%
20/06/14 11:29:17 INFO mapreduce.Job:  map 52% reduce 16%
20/06/14 11:29:20 INFO mapreduce.Job:  map 53% reduce 16%
20/06/14 11:29:24 INFO mapreduce.Job:  map 54% reduce 16%
20/06/14 11:29:25 INFO mapreduce.Job:  map 54% reduce 17%
20/06/14 11:29:29 INFO mapreduce.Job:  map 55% reduce 17%
20/06/14 11:29:33 INFO mapreduce.Job:  map 56% reduce 17%
20/06/14 11:29:36 INFO mapreduce.Job:  map 57% reduce 17%
20/06/14 11:29:40 INFO mapreduce.Job:  map 57% reduce 18%
20/06/14 11:29:42 INFO mapreduce.Job:  map 58% reduce 18%
20/06/14 11:29:45 INFO mapreduce.Job:  map 59% reduce 18%
20/06/14 11:29:46 INFO mapreduce.Job:  map 59% reduce 19%
20/06/14 11:29:48 INFO mapreduce.Job:  map 60% reduce 19%
20/06/14 11:29:56 INFO mapreduce.Job:  map 61% reduce 19%
20/06/14 11:29:58 INFO mapreduce.Job:  map 61% reduce 20%
20/06/14 11:29:59 INFO mapreduce.Job:  map 62% reduce 20%
20/06/14 11:30:01 INFO mapreduce.Job:  map 63% reduce 20%
20/06/14 11:30:08 INFO mapreduce.Job:  map 64% reduce 20%
20/06/14 11:30:11 INFO mapreduce.Job:  map 65% reduce 20%
20/06/14 11:30:13 INFO mapreduce.Job:  map 65% reduce 21%
20/06/14 11:30:18 INFO mapreduce.Job:  map 66% reduce 21%
20/06/14 11:30:24 INFO mapreduce.Job:  map 67% reduce 21%
20/06/14 11:30:27 INFO mapreduce.Job:  map 68% reduce 21%
20/06/14 11:30:31 INFO mapreduce.Job:  map 69% reduce 21%
20/06/14 11:30:35 INFO mapreduce.Job:  map 70% reduce 22%
20/06/14 11:30:38 INFO mapreduce.Job:  map 70% reduce 23%
20/06/14 11:30:39 INFO mapreduce.Job:  map 71% reduce 23%
20/06/14 11:30:42 INFO mapreduce.Job:  map 72% reduce 23%
20/06/14 11:30:47 INFO mapreduce.Job:  map 72% reduce 24%
20/06/14 11:30:48 INFO mapreduce.Job:  map 73% reduce 24%
20/06/14 11:30:51 INFO mapreduce.Job:  map 74% reduce 24%
20/06/14 11:30:58 INFO mapreduce.Job:  map 75% reduce 24%
20/06/14 11:31:02 INFO mapreduce.Job:  map 76% reduce 24%
20/06/14 11:31:08 INFO mapreduce.Job:  map 77% reduce 24%
20/06/14 11:31:14 INFO mapreduce.Job:  map 78% reduce 24%
20/06/14 11:31:17 INFO mapreduce.Job:  map 79% reduce 24%
20/06/14 11:31:21 INFO mapreduce.Job:  map 79% reduce 25%
20/06/14 11:31:22 INFO mapreduce.Job:  map 80% reduce 25%
20/06/14 11:31:25 INFO mapreduce.Job:  map 81% reduce 25%
20/06/14 11:31:27 INFO mapreduce.Job:  map 82% reduce 26%
20/06/14 11:31:30 INFO mapreduce.Job:  map 83% reduce 27%
20/06/14 11:31:40 INFO mapreduce.Job:  map 84% reduce 27%
20/06/14 11:31:45 INFO mapreduce.Job:  map 85% reduce 27%
20/06/14 11:31:46 INFO mapreduce.Job:  map 86% reduce 27%
20/06/14 11:31:51 INFO mapreduce.Job:  map 87% reduce 27%
20/06/14 11:31:52 INFO mapreduce.Job:  map 87% reduce 28%
20/06/14 11:31:55 INFO mapreduce.Job:  map 88% reduce 28%
20/06/14 11:32:02 INFO mapreduce.Job:  map 89% reduce 28%
20/06/14 11:32:04 INFO mapreduce.Job:  map 90% reduce 28%
20/06/14 11:32:06 INFO mapreduce.Job:  map 90% reduce 29%
20/06/14 11:32:07 INFO mapreduce.Job:  map 91% reduce 29%
20/06/14 11:32:08 INFO mapreduce.Job:  map 92% reduce 29%
20/06/14 11:32:12 INFO mapreduce.Job:  map 93% reduce 30%
20/06/14 11:32:17 INFO mapreduce.Job:  map 94% reduce 30%
20/06/14 11:32:19 INFO mapreduce.Job:  map 95% reduce 31%
20/06/14 11:32:20 INFO mapreduce.Job:  map 96% reduce 31%
20/06/14 11:32:22 INFO mapreduce.Job:  map 97% reduce 32%
20/06/14 11:32:23 INFO mapreduce.Job:  map 98% reduce 32%
20/06/14 11:32:24 INFO mapreduce.Job:  map 99% reduce 32%
20/06/14 11:32:25 INFO mapreduce.Job:  map 100% reduce 33%
20/06/14 11:32:28 INFO mapreduce.Job:  map 100% reduce 70%
20/06/14 11:32:31 INFO mapreduce.Job:  map 100% reduce 75%
20/06/14 11:32:34 INFO mapreduce.Job:  map 100% reduce 81%
20/06/14 11:32:37 INFO mapreduce.Job:  map 100% reduce 87%
20/06/14 11:32:40 INFO mapreduce.Job:  map 100% reduce 96%
20/06/14 11:32:41 INFO mapreduce.Job:  map 100% reduce 100%
20/06/14 11:32:42 INFO mapreduce.Job: Job job_1592100944136_0004 completed successfully
20/06/14 11:32:42 INFO mapreduce.Job: Counters: 51
	File System Counters
		FILE: Number of bytes read=1504582203
		FILE: Number of bytes written=2244211842
		FILE: Number of read operations=0
		FILE: Number of large read operations=0
		FILE: Number of write operations=0
		HDFS: Number of bytes read=11025551708
		HDFS: Number of bytes written=356963387
		HDFS: Number of read operations=273
		HDFS: Number of large read operations=0
		HDFS: Number of write operations=2
	Job Counters 
		Killed map tasks=1
		Launched map tasks=91
		Launched reduce tasks=1
		Data-local map tasks=61
		Rack-local map tasks=30
		Total time spent by all maps in occupied slots (ms)=3675477
		Total time spent by all reduces in occupied slots (ms)=375226
		Total time spent by all map tasks (ms)=3675477
		Total time spent by all reduce tasks (ms)=375226
		Total vcore-milliseconds taken by all map tasks=3675477
		Total vcore-milliseconds taken by all reduce tasks=375226
		Total megabyte-milliseconds taken by all map tasks=3763688448
		Total megabyte-milliseconds taken by all reduce tasks=384231424
	Map-Reduce Framework
		Map input records=723127
		Map output records=1009309682
		Map output bytes=15222720996
		Map output materialized bytes=728477746
		Input split bytes=10530
		Combine input records=1034076577
		Combine output records=47406623
		Reduce input groups=9906534
		Reduce shuffle bytes=728477746
		Reduce input records=22639728
		Reduce output records=9906534
		Spilled Records=70046351
		Shuffled Maps =90
		Failed Shuffles=0
		Merged Map outputs=90
		GC time elapsed (ms)=65644
		CPU time spent (ms)=2157670
		Physical memory (bytes) snapshot=25108299776
		Virtual memory (bytes) snapshot=191969935360
		Total committed heap usage (bytes)=18919981056
	Shuffle Errors
		BAD_ID=0
		CONNECTION=0
		IO_ERROR=0
		WRONG_LENGTH=0
		WRONG_MAP=0
		WRONG_REDUCE=0
	File Input Format Counters 
		Bytes Read=11025541178
	File Output Format Counters 
		Bytes Written=356963387
