20/06/14 11:57:33 INFO client.RMProxy: Connecting to ResourceManager at master/10.51.17.95:8032
20/06/14 11:57:34 INFO input.FileInputFormat: Total input paths to process : 10
20/06/14 11:57:34 INFO mapreduce.JobSubmitter: number of splits:90
20/06/14 11:57:35 INFO mapreduce.JobSubmitter: Submitting tokens for job: job_1592100944136_0012
20/06/14 11:57:35 INFO impl.YarnClientImpl: Submitted application application_1592100944136_0012
20/06/14 11:57:35 INFO mapreduce.Job: The url to track the job: http://master:8088/proxy/application_1592100944136_0012/
20/06/14 11:57:35 INFO mapreduce.Job: Running job: job_1592100944136_0012
20/06/14 11:57:45 INFO mapreduce.Job: Job job_1592100944136_0012 running in uber mode : false
20/06/14 11:57:45 INFO mapreduce.Job:  map 0% reduce 0%
20/06/14 11:57:59 INFO mapreduce.Job:  map 1% reduce 0%
20/06/14 11:58:02 INFO mapreduce.Job:  map 2% reduce 0%
20/06/14 11:58:05 INFO mapreduce.Job:  map 3% reduce 0%
20/06/14 11:58:12 INFO mapreduce.Job:  map 4% reduce 0%
20/06/14 11:58:17 INFO mapreduce.Job:  map 5% reduce 0%
20/06/14 11:58:22 INFO mapreduce.Job:  map 6% reduce 0%
20/06/14 11:58:25 INFO mapreduce.Job:  map 7% reduce 0%
20/06/14 11:58:28 INFO mapreduce.Job:  map 8% reduce 0%
20/06/14 11:58:33 INFO mapreduce.Job:  map 9% reduce 0%
20/06/14 11:58:41 INFO mapreduce.Job:  map 10% reduce 0%
20/06/14 11:58:44 INFO mapreduce.Job:  map 11% reduce 0%
20/06/14 11:58:45 INFO mapreduce.Job:  map 12% reduce 0%
20/06/14 11:58:47 INFO mapreduce.Job:  map 13% reduce 0%
20/06/14 11:58:54 INFO mapreduce.Job:  map 14% reduce 0%
20/06/14 11:58:59 INFO mapreduce.Job:  map 15% reduce 0%
20/06/14 11:59:02 INFO mapreduce.Job:  map 16% reduce 0%
20/06/14 11:59:08 INFO mapreduce.Job:  map 17% reduce 0%
20/06/14 11:59:10 INFO mapreduce.Job:  map 17% reduce 5%
20/06/14 11:59:11 INFO mapreduce.Job:  map 18% reduce 5%
20/06/14 11:59:19 INFO mapreduce.Job:  map 19% reduce 5%
20/06/14 11:59:22 INFO mapreduce.Job:  map 20% reduce 5%
20/06/14 11:59:28 INFO mapreduce.Job:  map 21% reduce 5%
20/06/14 11:59:33 INFO mapreduce.Job:  map 22% reduce 5%
20/06/14 11:59:38 INFO mapreduce.Job:  map 22% reduce 6%
20/06/14 11:59:39 INFO mapreduce.Job:  map 23% reduce 6%
20/06/14 11:59:40 INFO mapreduce.Job:  map 24% reduce 6%
20/06/14 11:59:41 INFO mapreduce.Job:  map 24% reduce 7%
20/06/14 11:59:43 INFO mapreduce.Job:  map 25% reduce 7%
20/06/14 11:59:44 INFO mapreduce.Job:  map 25% reduce 8%
20/06/14 11:59:47 INFO mapreduce.Job:  map 26% reduce 8%
20/06/14 11:59:50 INFO mapreduce.Job:  map 26% reduce 9%
20/06/14 11:59:52 INFO mapreduce.Job:  map 27% reduce 9%
20/06/14 11:59:55 INFO mapreduce.Job:  map 28% reduce 9%
20/06/14 12:00:01 INFO mapreduce.Job:  map 29% reduce 9%
20/06/14 12:00:05 INFO mapreduce.Job:  map 30% reduce 9%
20/06/14 12:00:09 INFO mapreduce.Job:  map 31% reduce 9%
20/06/14 12:00:15 INFO mapreduce.Job:  map 32% reduce 10%
20/06/14 12:00:20 INFO mapreduce.Job:  map 33% reduce 10%
20/06/14 12:00:24 INFO mapreduce.Job:  map 34% reduce 10%
20/06/14 12:00:30 INFO mapreduce.Job:  map 35% reduce 10%
20/06/14 12:00:36 INFO mapreduce.Job:  map 36% reduce 10%
20/06/14 12:00:39 INFO mapreduce.Job:  map 37% reduce 10%
20/06/14 12:00:41 INFO mapreduce.Job:  map 38% reduce 10%
20/06/14 12:00:42 INFO mapreduce.Job:  map 38% reduce 12%
20/06/14 12:00:43 INFO mapreduce.Job:  map 39% reduce 12%
20/06/14 12:00:46 INFO mapreduce.Job:  map 39% reduce 13%
20/06/14 12:00:51 INFO mapreduce.Job:  map 40% reduce 13%
20/06/14 12:00:55 INFO mapreduce.Job:  map 41% reduce 13%
20/06/14 12:01:00 INFO mapreduce.Job:  map 42% reduce 13%
20/06/14 12:01:06 INFO mapreduce.Job:  map 43% reduce 13%
20/06/14 12:01:11 INFO mapreduce.Job:  map 44% reduce 13%
20/06/14 12:01:14 INFO mapreduce.Job:  map 45% reduce 13%
20/06/14 12:01:15 INFO mapreduce.Job:  map 45% reduce 14%
20/06/14 12:01:21 INFO mapreduce.Job:  map 46% reduce 14%
20/06/14 12:01:26 INFO mapreduce.Job:  map 47% reduce 14%
20/06/14 12:01:29 INFO mapreduce.Job:  map 48% reduce 14%
20/06/14 12:01:34 INFO mapreduce.Job:  map 49% reduce 14%
20/06/14 12:01:37 INFO mapreduce.Job:  map 50% reduce 15%
20/06/14 12:01:40 INFO mapreduce.Job:  map 50% reduce 16%
20/06/14 12:01:41 INFO mapreduce.Job:  map 51% reduce 16%
20/06/14 12:01:44 INFO mapreduce.Job:  map 52% reduce 16%
20/06/14 12:01:46 INFO mapreduce.Job:  map 53% reduce 17%
20/06/14 12:01:54 INFO mapreduce.Job:  map 54% reduce 17%
20/06/14 12:01:59 INFO mapreduce.Job:  map 55% reduce 17%
20/06/14 12:02:06 INFO mapreduce.Job:  map 56% reduce 17%
20/06/14 12:02:08 INFO mapreduce.Job:  map 56% reduce 18%
20/06/14 12:02:09 INFO mapreduce.Job:  map 57% reduce 18%
20/06/14 12:02:15 INFO mapreduce.Job:  map 58% reduce 18%
20/06/14 12:02:18 INFO mapreduce.Job:  map 59% reduce 18%
20/06/14 12:02:20 INFO mapreduce.Job:  map 59% reduce 19%
20/06/14 12:02:25 INFO mapreduce.Job:  map 60% reduce 19%
20/06/14 12:02:30 INFO mapreduce.Job:  map 61% reduce 19%
20/06/14 12:02:36 INFO mapreduce.Job:  map 62% reduce 19%
20/06/14 12:02:39 INFO mapreduce.Job:  map 63% reduce 19%
20/06/14 12:02:41 INFO mapreduce.Job:  map 63% reduce 20%
20/06/14 12:02:42 INFO mapreduce.Job:  map 64% reduce 20%
20/06/14 12:02:43 INFO mapreduce.Job:  map 65% reduce 20%
20/06/14 12:02:44 INFO mapreduce.Job:  map 65% reduce 21%
20/06/14 12:02:48 INFO mapreduce.Job:  map 66% reduce 21%
20/06/14 12:02:50 INFO mapreduce.Job:  map 66% reduce 22%
20/06/14 12:02:56 INFO mapreduce.Job:  map 67% reduce 22%
20/06/14 12:02:58 INFO mapreduce.Job:  map 68% reduce 22%
20/06/14 12:03:07 INFO mapreduce.Job:  map 69% reduce 22%
20/06/14 12:03:12 INFO mapreduce.Job:  map 70% reduce 22%
20/06/14 12:03:18 INFO mapreduce.Job:  map 71% reduce 22%
20/06/14 12:03:19 INFO mapreduce.Job:  map 72% reduce 22%
20/06/14 12:03:20 INFO mapreduce.Job:  map 72% reduce 23%
20/06/14 12:03:24 INFO mapreduce.Job:  map 73% reduce 23%
20/06/14 12:03:29 INFO mapreduce.Job:  map 74% reduce 23%
20/06/14 12:03:30 INFO mapreduce.Job:  map 76% reduce 23%
20/06/14 12:03:33 INFO mapreduce.Job:  map 76% reduce 24%
20/06/14 12:03:35 INFO mapreduce.Job:  map 77% reduce 24%
20/06/14 12:03:36 INFO mapreduce.Job:  map 78% reduce 24%
20/06/14 12:03:42 INFO mapreduce.Job:  map 79% reduce 25%
20/06/14 12:03:44 INFO mapreduce.Job:  map 80% reduce 25%
20/06/14 12:03:45 INFO mapreduce.Job:  map 80% reduce 26%
20/06/14 12:03:46 INFO mapreduce.Job:  map 81% reduce 26%
20/06/14 12:03:48 INFO mapreduce.Job:  map 81% reduce 27%
20/06/14 12:03:52 INFO mapreduce.Job:  map 82% reduce 27%
20/06/14 12:03:58 INFO mapreduce.Job:  map 83% reduce 27%
20/06/14 12:04:02 INFO mapreduce.Job:  map 84% reduce 27%
20/06/14 12:04:07 INFO mapreduce.Job:  map 85% reduce 27%
20/06/14 12:04:10 INFO mapreduce.Job:  map 85% reduce 28%
20/06/14 12:04:14 INFO mapreduce.Job:  map 86% reduce 28%
20/06/14 12:04:19 INFO mapreduce.Job:  map 87% reduce 28%
20/06/14 12:04:23 INFO mapreduce.Job:  map 88% reduce 28%
20/06/14 12:04:31 INFO mapreduce.Job:  map 89% reduce 28%
20/06/14 12:04:35 INFO mapreduce.Job:  map 90% reduce 28%
20/06/14 12:04:40 INFO mapreduce.Job:  map 91% reduce 28%
20/06/14 12:04:42 INFO mapreduce.Job:  map 92% reduce 28%
20/06/14 12:04:43 INFO mapreduce.Job:  map 92% reduce 29%
20/06/14 12:04:44 INFO mapreduce.Job:  map 93% reduce 29%
20/06/14 12:04:46 INFO mapreduce.Job:  map 93% reduce 30%
20/06/14 12:04:47 INFO mapreduce.Job:  map 94% reduce 30%
20/06/14 12:04:49 INFO mapreduce.Job:  map 94% reduce 31%
20/06/14 12:04:52 INFO mapreduce.Job:  map 96% reduce 31%
20/06/14 12:04:55 INFO mapreduce.Job:  map 98% reduce 32%
20/06/14 12:04:56 INFO mapreduce.Job:  map 99% reduce 32%
20/06/14 12:04:59 INFO mapreduce.Job:  map 100% reduce 32%
20/06/14 12:05:01 INFO mapreduce.Job:  map 100% reduce 35%
20/06/14 12:05:04 INFO mapreduce.Job:  map 100% reduce 71%
20/06/14 12:05:07 INFO mapreduce.Job:  map 100% reduce 77%
20/06/14 12:05:10 INFO mapreduce.Job:  map 100% reduce 83%
20/06/14 12:05:13 INFO mapreduce.Job:  map 100% reduce 89%
20/06/14 12:05:16 INFO mapreduce.Job:  map 100% reduce 100%
20/06/14 12:05:17 INFO mapreduce.Job: Job job_1592100944136_0012 completed successfully
20/06/14 12:05:17 INFO mapreduce.Job: Counters: 51
	File System Counters
		FILE: Number of bytes read=1421236162
		FILE: Number of bytes written=2119081104
		FILE: Number of read operations=0
		FILE: Number of large read operations=0
		FILE: Number of write operations=0
		HDFS: Number of bytes read=11024265519
		HDFS: Number of bytes written=321280030
		HDFS: Number of read operations=273
		HDFS: Number of large read operations=0
		HDFS: Number of write operations=2
	Job Counters 
		Killed map tasks=1
		Launched map tasks=91
		Launched reduce tasks=1
		Data-local map tasks=82
		Rack-local map tasks=9
		Total time spent by all maps in occupied slots (ms)=3812882
		Total time spent by all reduces in occupied slots (ms)=376365
		Total time spent by all map tasks (ms)=3812882
		Total time spent by all reduce tasks (ms)=376365
		Total vcore-milliseconds taken by all map tasks=3812882
		Total vcore-milliseconds taken by all reduce tasks=376365
		Total megabyte-milliseconds taken by all map tasks=3904391168
		Total megabyte-milliseconds taken by all reduce tasks=385397760
	Map-Reduce Framework
		Map input records=2550517
		Map output records=1011146834
		Map output bytes=15230974995
		Map output materialized bytes=686693049
		Input split bytes=10530
		Combine input records=1035913970
		Combine output records=47407517
		Reduce input groups=9908570
		Reduce shuffle bytes=686693049
		Reduce input records=22640381
		Reduce output records=9908570
		Spilled Records=70047898
		Shuffled Maps =90
		Failed Shuffles=0
		Merged Map outputs=90
		GC time elapsed (ms)=67209
		CPU time spent (ms)=2195560
		Physical memory (bytes) snapshot=25127567360
		Virtual memory (bytes) snapshot=191905525760
		Total committed heap usage (bytes)=18929942528
	Shuffle Errors
		BAD_ID=0
		CONNECTION=0
		IO_ERROR=0
		WRONG_LENGTH=0
		WRONG_MAP=0
		WRONG_REDUCE=0
	File Input Format Counters 
		Bytes Read=11024254989
	File Output Format Counters 
		Bytes Written=321280030
