20/06/09 11:17:17 INFO client.RMProxy: Connecting to ResourceManager at master/10.51.17.95:8032
20/06/09 11:17:18 INFO input.FileInputFormat: Total input paths to process : 10
20/06/09 11:17:18 INFO mapreduce.JobSubmitter: number of splits:90
20/06/09 11:17:18 INFO mapreduce.JobSubmitter: Submitting tokens for job: job_1591667925481_0005
20/06/09 11:17:18 INFO impl.YarnClientImpl: Submitted application application_1591667925481_0005
20/06/09 11:17:18 INFO mapreduce.Job: The url to track the job: http://master:8088/proxy/application_1591667925481_0005/
20/06/09 11:17:18 INFO mapreduce.Job: Running job: job_1591667925481_0005
20/06/09 11:17:26 INFO mapreduce.Job: Job job_1591667925481_0005 running in uber mode : false
20/06/09 11:17:26 INFO mapreduce.Job:  map 0% reduce 0%
20/06/09 11:17:42 INFO mapreduce.Job:  map 1% reduce 0%
20/06/09 11:17:44 INFO mapreduce.Job:  map 2% reduce 0%
20/06/09 11:17:51 INFO mapreduce.Job:  map 3% reduce 0%
20/06/09 11:17:57 INFO mapreduce.Job:  map 4% reduce 0%
20/06/09 11:18:00 INFO mapreduce.Job:  map 5% reduce 0%
20/06/09 11:18:08 INFO mapreduce.Job:  map 6% reduce 0%
20/06/09 11:18:12 INFO mapreduce.Job:  map 7% reduce 0%
20/06/09 11:18:17 INFO mapreduce.Job:  map 8% reduce 0%
20/06/09 11:18:22 INFO mapreduce.Job:  map 9% reduce 0%
20/06/09 11:18:26 INFO mapreduce.Job:  map 10% reduce 0%
20/06/09 11:18:28 INFO mapreduce.Job:  map 11% reduce 0%
20/06/09 11:18:34 INFO mapreduce.Job:  map 12% reduce 0%
20/06/09 11:18:36 INFO mapreduce.Job:  map 13% reduce 0%
20/06/09 11:18:41 INFO mapreduce.Job:  map 14% reduce 0%
20/06/09 11:18:44 INFO mapreduce.Job:  map 15% reduce 0%
20/06/09 11:18:47 INFO mapreduce.Job:  map 16% reduce 0%
20/06/09 11:18:49 INFO mapreduce.Job:  map 17% reduce 0%
20/06/09 11:18:53 INFO mapreduce.Job:  map 17% reduce 5%
20/06/09 11:18:55 INFO mapreduce.Job:  map 18% reduce 5%
20/06/09 11:19:00 INFO mapreduce.Job:  map 19% reduce 5%
20/06/09 11:19:04 INFO mapreduce.Job:  map 20% reduce 5%
20/06/09 11:19:11 INFO mapreduce.Job:  map 21% reduce 5%
20/06/09 11:19:13 INFO mapreduce.Job:  map 22% reduce 5%
20/06/09 11:19:14 INFO mapreduce.Job:  map 22% reduce 6%
20/06/09 11:19:16 INFO mapreduce.Job:  map 23% reduce 6%
20/06/09 11:19:25 INFO mapreduce.Job:  map 24% reduce 6%
20/06/09 11:19:26 INFO mapreduce.Job:  map 25% reduce 6%
20/06/09 11:19:27 INFO mapreduce.Job:  map 25% reduce 7%
20/06/09 11:19:31 INFO mapreduce.Job:  map 26% reduce 7%
20/06/09 11:19:38 INFO mapreduce.Job:  map 27% reduce 7%
20/06/09 11:19:41 INFO mapreduce.Job:  map 28% reduce 7%
20/06/09 11:19:48 INFO mapreduce.Job:  map 29% reduce 7%
20/06/09 11:19:55 INFO mapreduce.Job:  map 30% reduce 7%
20/06/09 11:19:56 INFO mapreduce.Job:  map 31% reduce 7%
20/06/09 11:19:57 INFO mapreduce.Job:  map 31% reduce 8%
20/06/09 11:19:59 INFO mapreduce.Job:  map 32% reduce 8%
20/06/09 11:20:00 INFO mapreduce.Job:  map 32% reduce 9%
20/06/09 11:20:01 INFO mapreduce.Job:  map 33% reduce 9%
20/06/09 11:20:03 INFO mapreduce.Job:  map 34% reduce 10%
20/06/09 11:20:06 INFO mapreduce.Job:  map 35% reduce 11%
20/06/09 11:20:09 INFO mapreduce.Job:  map 36% reduce 11%
20/06/09 11:20:12 INFO mapreduce.Job:  map 36% reduce 12%
20/06/09 11:20:16 INFO mapreduce.Job:  map 37% reduce 12%
20/06/09 11:20:21 INFO mapreduce.Job:  map 38% reduce 12%
20/06/09 11:20:27 INFO mapreduce.Job:  map 39% reduce 12%
20/06/09 11:20:32 INFO mapreduce.Job:  map 40% reduce 12%
20/06/09 11:20:39 INFO mapreduce.Job:  map 41% reduce 12%
20/06/09 11:20:43 INFO mapreduce.Job:  map 42% reduce 12%
20/06/09 11:20:48 INFO mapreduce.Job:  map 43% reduce 12%
20/06/09 11:20:53 INFO mapreduce.Job:  map 44% reduce 12%
20/06/09 11:20:54 INFO mapreduce.Job:  map 45% reduce 12%
20/06/09 11:20:55 INFO mapreduce.Job:  map 45% reduce 13%
20/06/09 11:20:58 INFO mapreduce.Job:  map 46% reduce 13%
20/06/09 11:21:01 INFO mapreduce.Job:  map 46% reduce 14%
20/06/09 11:21:05 INFO mapreduce.Job:  map 47% reduce 14%
20/06/09 11:21:09 INFO mapreduce.Job:  map 48% reduce 14%
20/06/09 11:21:14 INFO mapreduce.Job:  map 49% reduce 14%
20/06/09 11:21:18 INFO mapreduce.Job:  map 50% reduce 14%
20/06/09 11:21:19 INFO mapreduce.Job:  map 51% reduce 15%
20/06/09 11:21:22 INFO mapreduce.Job:  map 52% reduce 16%
20/06/09 11:21:25 INFO mapreduce.Job:  map 52% reduce 17%
20/06/09 11:21:26 INFO mapreduce.Job:  map 53% reduce 17%
20/06/09 11:21:32 INFO mapreduce.Job:  map 54% reduce 17%
20/06/09 11:21:36 INFO mapreduce.Job:  map 55% reduce 17%
20/06/09 11:21:40 INFO mapreduce.Job:  map 56% reduce 17%
20/06/09 11:21:46 INFO mapreduce.Job:  map 57% reduce 18%
20/06/09 11:21:49 INFO mapreduce.Job:  map 58% reduce 18%
20/06/09 11:21:53 INFO mapreduce.Job:  map 59% reduce 19%
20/06/09 11:22:00 INFO mapreduce.Job:  map 60% reduce 19%
20/06/09 11:22:05 INFO mapreduce.Job:  map 61% reduce 19%
20/06/09 11:22:11 INFO mapreduce.Job:  map 62% reduce 19%
20/06/09 11:22:15 INFO mapreduce.Job:  map 63% reduce 19%
20/06/09 11:22:20 INFO mapreduce.Job:  map 64% reduce 19%
20/06/09 11:22:25 INFO mapreduce.Job:  map 65% reduce 19%
20/06/09 11:22:27 INFO mapreduce.Job:  map 66% reduce 19%
20/06/09 11:22:32 INFO mapreduce.Job:  map 67% reduce 20%
20/06/09 11:22:34 INFO mapreduce.Job:  map 68% reduce 20%
20/06/09 11:22:35 INFO mapreduce.Job:  map 69% reduce 21%
20/06/09 11:22:38 INFO mapreduce.Job:  map 69% reduce 23%
20/06/09 11:22:39 INFO mapreduce.Job:  map 70% reduce 23%
20/06/09 11:22:42 INFO mapreduce.Job:  map 71% reduce 23%
20/06/09 11:22:48 INFO mapreduce.Job:  map 72% reduce 23%
20/06/09 11:22:53 INFO mapreduce.Job:  map 73% reduce 23%
20/06/09 11:22:59 INFO mapreduce.Job:  map 74% reduce 23%
20/06/09 11:23:03 INFO mapreduce.Job:  map 75% reduce 23%
20/06/09 11:23:05 INFO mapreduce.Job:  map 75% reduce 24%
20/06/09 11:23:06 INFO mapreduce.Job:  map 76% reduce 24%
20/06/09 11:23:13 INFO mapreduce.Job:  map 77% reduce 24%
20/06/09 11:23:19 INFO mapreduce.Job:  map 78% reduce 24%
20/06/09 11:23:23 INFO mapreduce.Job:  map 79% reduce 24%
20/06/09 11:23:27 INFO mapreduce.Job:  map 80% reduce 24%
20/06/09 11:23:29 INFO mapreduce.Job:  map 80% reduce 25%
20/06/09 11:23:31 INFO mapreduce.Job:  map 81% reduce 25%
20/06/09 11:23:34 INFO mapreduce.Job:  map 82% reduce 25%
20/06/09 11:23:41 INFO mapreduce.Job:  map 83% reduce 25%
20/06/09 11:23:46 INFO mapreduce.Job:  map 85% reduce 25%
20/06/09 11:23:48 INFO mapreduce.Job:  map 85% reduce 26%
20/06/09 11:23:49 INFO mapreduce.Job:  map 86% reduce 26%
20/06/09 11:23:51 INFO mapreduce.Job:  map 87% reduce 27%
20/06/09 11:23:54 INFO mapreduce.Job:  map 87% reduce 28%
20/06/09 11:23:55 INFO mapreduce.Job:  map 88% reduce 28%
20/06/09 11:23:57 INFO mapreduce.Job:  map 88% reduce 29%
20/06/09 11:23:58 INFO mapreduce.Job:  map 89% reduce 29%
20/06/09 11:23:59 INFO mapreduce.Job:  map 90% reduce 29%
20/06/09 11:24:00 INFO mapreduce.Job:  map 92% reduce 29%
20/06/09 11:24:02 INFO mapreduce.Job:  map 93% reduce 29%
20/06/09 11:24:06 INFO mapreduce.Job:  map 95% reduce 29%
20/06/09 11:24:08 INFO mapreduce.Job:  map 97% reduce 29%
20/06/09 11:24:09 INFO mapreduce.Job:  map 98% reduce 30%
20/06/09 11:24:10 INFO mapreduce.Job:  map 99% reduce 30%
20/06/09 11:24:12 INFO mapreduce.Job:  map 100% reduce 32%
20/06/09 11:24:15 INFO mapreduce.Job:  map 100% reduce 71%
20/06/09 11:24:18 INFO mapreduce.Job:  map 100% reduce 76%
20/06/09 11:24:21 INFO mapreduce.Job:  map 100% reduce 82%
20/06/09 11:24:24 INFO mapreduce.Job:  map 100% reduce 88%
20/06/09 11:24:27 INFO mapreduce.Job:  map 100% reduce 96%
20/06/09 11:24:28 INFO mapreduce.Job:  map 100% reduce 100%
20/06/09 11:24:29 INFO mapreduce.Job: Job job_1591667925481_0005 completed successfully
20/06/09 11:24:29 INFO mapreduce.Job: Counters: 51
	File System Counters
		FILE: Number of bytes read=1643441066
		FILE: Number of bytes written=2433499182
		FILE: Number of read operations=0
		FILE: Number of large read operations=0
		FILE: Number of write operations=0
		HDFS: Number of bytes read=11024813780
		HDFS: Number of bytes written=463868674
		HDFS: Number of read operations=273
		HDFS: Number of large read operations=0
		HDFS: Number of write operations=2
	Job Counters 
		Killed map tasks=1
		Launched map tasks=91
		Launched reduce tasks=1
		Data-local map tasks=47
		Rack-local map tasks=44
		Total time spent by all maps in occupied slots (ms)=5031060
		Total time spent by all reduces in occupied slots (ms)=347696
		Total time spent by all map tasks (ms)=5031060
		Total time spent by all reduce tasks (ms)=347696
		Total vcore-milliseconds taken by all map tasks=5031060
		Total vcore-milliseconds taken by all reduce tasks=347696
		Total megabyte-milliseconds taken by all map tasks=5151805440
		Total megabyte-milliseconds taken by all reduce tasks=356040704
	Map-Reduce Framework
		Map input records=1638371
		Map output records=1010344237
		Map output bytes=19256355406
		Map output materialized bytes=778847710
		Input split bytes=10530
		Combine input records=1035329459
		Combine output records=47585783
		Reduce input groups=9838569
		Reduce shuffle bytes=778847710
		Reduce input records=22600561
		Reduce output records=9838569
		Spilled Records=70864576
		Shuffled Maps =90
		Failed Shuffles=0
		Merged Map outputs=90
		GC time elapsed (ms)=104636
		CPU time spent (ms)=2093940
		Physical memory (bytes) snapshot=25145524224
		Virtual memory (bytes) snapshot=191910899712
		Total committed heap usage (bytes)=18942525440
	Shuffle Errors
		BAD_ID=0
		CONNECTION=0
		IO_ERROR=0
		WRONG_LENGTH=0
		WRONG_MAP=0
		WRONG_REDUCE=0
	File Input Format Counters 
		Bytes Read=11024803250
	File Output Format Counters 
		Bytes Written=463868674
20/06/09 11:24:29 INFO client.RMProxy: Connecting to ResourceManager at master/10.51.17.95:8032
20/06/09 11:24:29 INFO input.FileInputFormat: Total input paths to process : 1
20/06/09 11:24:30 INFO mapreduce.JobSubmitter: number of splits:4
20/06/09 11:24:30 INFO mapreduce.JobSubmitter: Submitting tokens for job: job_1591667925481_0006
20/06/09 11:24:30 INFO impl.YarnClientImpl: Submitted application application_1591667925481_0006
20/06/09 11:24:30 INFO mapreduce.Job: The url to track the job: http://master:8088/proxy/application_1591667925481_0006/
20/06/09 11:24:30 INFO mapreduce.Job: Running job: job_1591667925481_0006
20/06/09 11:24:39 INFO mapreduce.Job: Job job_1591667925481_0006 running in uber mode : false
20/06/09 11:24:39 INFO mapreduce.Job:  map 0% reduce 0%
20/06/09 11:24:49 INFO mapreduce.Job:  map 25% reduce 0%
20/06/09 11:24:50 INFO mapreduce.Job:  map 32% reduce 0%
20/06/09 11:24:51 INFO mapreduce.Job:  map 63% reduce 0%
20/06/09 11:24:53 INFO mapreduce.Job:  map 78% reduce 0%
20/06/09 11:24:54 INFO mapreduce.Job:  map 85% reduce 0%
20/06/09 11:24:55 INFO mapreduce.Job:  map 89% reduce 0%
20/06/09 11:24:56 INFO mapreduce.Job:  map 98% reduce 0%
20/06/09 11:24:57 INFO mapreduce.Job:  map 100% reduce 0%
20/06/09 11:24:59 INFO mapreduce.Job:  map 100% reduce 73%
20/06/09 11:25:02 INFO mapreduce.Job:  map 100% reduce 84%
20/06/09 11:25:05 INFO mapreduce.Job:  map 100% reduce 100%
20/06/09 11:25:06 INFO mapreduce.Job: Job job_1591667925481_0006 completed successfully
20/06/09 11:25:06 INFO mapreduce.Job: Counters: 50
	File System Counters
		FILE: Number of bytes read=744743919
		FILE: Number of bytes written=1145659552
		FILE: Number of read operations=0
		FILE: Number of large read operations=0
		FILE: Number of write operations=0
		HDFS: Number of bytes read=463874715
		HDFS: Number of bytes written=322250989
		HDFS: Number of read operations=19
		HDFS: Number of large read operations=0
		HDFS: Number of write operations=2
	Job Counters 
		Killed map tasks=1
		Launched map tasks=5
		Launched reduce tasks=1
		Data-local map tasks=5
		Total time spent by all maps in occupied slots (ms)=51778
		Total time spent by all reduces in occupied slots (ms)=13550
		Total time spent by all map tasks (ms)=51778
		Total time spent by all reduce tasks (ms)=13550
		Total vcore-milliseconds taken by all map tasks=51778
		Total vcore-milliseconds taken by all reduce tasks=13550
		Total megabyte-milliseconds taken by all map tasks=53020672
		Total megabyte-milliseconds taken by all reduce tasks=13875200
	Map-Reduce Framework
		Map input records=9838569
		Map output records=9838569
		Map output bytes=380625136
		Map output materialized bytes=400302298
		Input split bytes=508
		Combine input records=0
		Combine output records=0
		Reduce input groups=1238
		Reduce shuffle bytes=400302298
		Reduce input records=9838569
		Reduce output records=9838569
		Spilled Records=28722616
		Shuffled Maps =4
		Failed Shuffles=0
		Merged Map outputs=4
		GC time elapsed (ms)=1391
		CPU time spent (ms)=40620
		Physical memory (bytes) snapshot=1282752512
		Virtual memory (bytes) snapshot=10539999232
		Total committed heap usage (bytes)=940572672
	Shuffle Errors
		BAD_ID=0
		CONNECTION=0
		IO_ERROR=0
		WRONG_LENGTH=0
		WRONG_MAP=0
		WRONG_REDUCE=0
	File Input Format Counters 
		Bytes Read=463874207
	File Output Format Counters 
		Bytes Written=322250989
