20/06/09 11:26:10 INFO client.RMProxy: Connecting to ResourceManager at master/10.51.17.95:8032
20/06/09 11:26:11 INFO input.FileInputFormat: Total input paths to process : 10
20/06/09 11:26:11 INFO mapreduce.JobSubmitter: number of splits:90
20/06/09 11:26:11 INFO mapreduce.JobSubmitter: Submitting tokens for job: job_1591667925481_0008
20/06/09 11:26:11 INFO impl.YarnClientImpl: Submitted application application_1591667925481_0008
20/06/09 11:26:11 INFO mapreduce.Job: The url to track the job: http://master:8088/proxy/application_1591667925481_0008/
20/06/09 11:26:11 INFO mapreduce.Job: Running job: job_1591667925481_0008
20/06/09 11:26:18 INFO mapreduce.Job: Job job_1591667925481_0008 running in uber mode : false
20/06/09 11:26:18 INFO mapreduce.Job:  map 0% reduce 0%
20/06/09 11:26:33 INFO mapreduce.Job:  map 1% reduce 0%
20/06/09 11:26:35 INFO mapreduce.Job:  map 2% reduce 0%
20/06/09 11:26:39 INFO mapreduce.Job:  map 3% reduce 0%
20/06/09 11:26:47 INFO mapreduce.Job:  map 4% reduce 0%
20/06/09 11:26:51 INFO mapreduce.Job:  map 5% reduce 0%
20/06/09 11:26:57 INFO mapreduce.Job:  map 6% reduce 0%
20/06/09 11:27:01 INFO mapreduce.Job:  map 7% reduce 0%
20/06/09 11:27:07 INFO mapreduce.Job:  map 8% reduce 0%
20/06/09 11:27:12 INFO mapreduce.Job:  map 9% reduce 0%
20/06/09 11:27:15 INFO mapreduce.Job:  map 10% reduce 0%
20/06/09 11:27:17 INFO mapreduce.Job:  map 11% reduce 0%
20/06/09 11:27:18 INFO mapreduce.Job:  map 12% reduce 0%
20/06/09 11:27:26 INFO mapreduce.Job:  map 13% reduce 0%
20/06/09 11:27:30 INFO mapreduce.Job:  map 14% reduce 0%
20/06/09 11:27:33 INFO mapreduce.Job:  map 15% reduce 0%
20/06/09 11:27:37 INFO mapreduce.Job:  map 16% reduce 0%
20/06/09 11:27:38 INFO mapreduce.Job:  map 17% reduce 0%
20/06/09 11:27:43 INFO mapreduce.Job:  map 18% reduce 0%
20/06/09 11:27:45 INFO mapreduce.Job:  map 18% reduce 5%
20/06/09 11:27:49 INFO mapreduce.Job:  map 19% reduce 5%
20/06/09 11:27:54 INFO mapreduce.Job:  map 20% reduce 5%
20/06/09 11:27:59 INFO mapreduce.Job:  map 21% reduce 5%
20/06/09 11:28:04 INFO mapreduce.Job:  map 22% reduce 5%
20/06/09 11:28:10 INFO mapreduce.Job:  map 23% reduce 5%
20/06/09 11:28:11 INFO mapreduce.Job:  map 23% reduce 6%
20/06/09 11:28:12 INFO mapreduce.Job:  map 24% reduce 6%
20/06/09 11:28:13 INFO mapreduce.Job:  map 25% reduce 6%
20/06/09 11:28:14 INFO mapreduce.Job:  map 25% reduce 7%
20/06/09 11:28:20 INFO mapreduce.Job:  map 26% reduce 7%
20/06/09 11:28:24 INFO mapreduce.Job:  map 27% reduce 7%
20/06/09 11:28:29 INFO mapreduce.Job:  map 28% reduce 7%
20/06/09 11:28:34 INFO mapreduce.Job:  map 29% reduce 7%
20/06/09 11:28:37 INFO mapreduce.Job:  map 30% reduce 7%
20/06/09 11:28:39 INFO mapreduce.Job:  map 30% reduce 8%
20/06/09 11:28:41 INFO mapreduce.Job:  map 31% reduce 8%
20/06/09 11:28:42 INFO mapreduce.Job:  map 31% reduce 9%
20/06/09 11:28:43 INFO mapreduce.Job:  map 32% reduce 9%
20/06/09 11:28:47 INFO mapreduce.Job:  map 33% reduce 9%
20/06/09 11:28:48 INFO mapreduce.Job:  map 33% reduce 10%
20/06/09 11:28:49 INFO mapreduce.Job:  map 24% reduce 100%
20/06/09 11:28:50 INFO mapreduce.Job:  map 16% reduce 0%
20/06/09 11:28:52 INFO mapreduce.Job:  map 17% reduce 0%
20/06/09 11:29:05 INFO mapreduce.Job:  map 18% reduce 0%
20/06/09 11:29:07 INFO mapreduce.Job:  map 19% reduce 0%
20/06/09 11:29:13 INFO mapreduce.Job:  map 20% reduce 0%
20/06/09 11:29:18 INFO mapreduce.Job:  map 21% reduce 0%
20/06/09 11:29:30 INFO mapreduce.Job:  map 22% reduce 0%
20/06/09 11:29:41 INFO mapreduce.Job:  map 23% reduce 0%
20/06/09 11:29:52 INFO mapreduce.Job:  map 24% reduce 0%
20/06/09 11:29:59 INFO mapreduce.Job:  map 25% reduce 0%
20/06/09 11:30:02 INFO mapreduce.Job:  map 26% reduce 0%
20/06/09 11:30:09 INFO mapreduce.Job:  map 27% reduce 0%
20/06/09 11:30:20 INFO mapreduce.Job:  map 28% reduce 0%
20/06/09 11:30:30 INFO mapreduce.Job:  map 29% reduce 0%
20/06/09 11:30:39 INFO mapreduce.Job:  map 30% reduce 0%
20/06/09 11:30:50 INFO mapreduce.Job:  map 31% reduce 0%
20/06/09 11:30:57 INFO mapreduce.Job:  map 32% reduce 0%
20/06/09 11:31:00 INFO mapreduce.Job:  map 33% reduce 0%
20/06/09 11:31:07 INFO mapreduce.Job:  map 34% reduce 0%
20/06/09 11:31:16 INFO mapreduce.Job:  map 35% reduce 0%
20/06/09 11:31:28 INFO mapreduce.Job:  map 36% reduce 0%
20/06/09 11:31:37 INFO mapreduce.Job:  map 37% reduce 0%
20/06/09 11:31:47 INFO mapreduce.Job:  map 38% reduce 0%
20/06/09 11:31:52 INFO mapreduce.Job:  map 39% reduce 0%
20/06/09 11:31:54 INFO mapreduce.Job:  map 40% reduce 0%
20/06/09 11:32:05 INFO mapreduce.Job:  map 41% reduce 0%
20/06/09 11:32:15 INFO mapreduce.Job:  map 41% reduce 8%
20/06/09 11:32:16 INFO mapreduce.Job:  map 42% reduce 8%
20/06/09 11:32:18 INFO mapreduce.Job:  map 42% reduce 11%
20/06/09 11:32:21 INFO mapreduce.Job:  map 42% reduce 13%
20/06/09 11:32:26 INFO mapreduce.Job:  map 43% reduce 13%
20/06/09 11:32:38 INFO mapreduce.Job:  map 44% reduce 13%
20/06/09 11:32:42 INFO mapreduce.Job:  map 45% reduce 13%
20/06/09 11:32:43 INFO mapreduce.Job:  map 46% reduce 14%
20/06/09 11:32:46 INFO mapreduce.Job:  map 46% reduce 15%
20/06/09 11:32:57 INFO mapreduce.Job:  map 47% reduce 15%
20/06/09 11:33:07 INFO mapreduce.Job:  map 48% reduce 15%
20/06/09 11:33:18 INFO mapreduce.Job:  map 49% reduce 15%
20/06/09 11:33:23 INFO mapreduce.Job:  map 50% reduce 15%
20/06/09 11:33:25 INFO mapreduce.Job:  map 50% reduce 16%
20/06/09 11:33:28 INFO mapreduce.Job:  map 51% reduce 16%
20/06/09 11:33:31 INFO mapreduce.Job:  map 51% reduce 17%
20/06/09 11:33:39 INFO mapreduce.Job:  map 52% reduce 17%
20/06/09 11:33:47 INFO mapreduce.Job:  map 53% reduce 17%
20/06/09 11:33:58 INFO mapreduce.Job:  map 54% reduce 17%
20/06/09 11:34:06 INFO mapreduce.Job:  map 55% reduce 17%
20/06/09 11:34:12 INFO mapreduce.Job:  map 56% reduce 17%
20/06/09 11:34:13 INFO mapreduce.Job:  map 56% reduce 18%
20/06/09 11:34:16 INFO mapreduce.Job:  map 56% reduce 19%
20/06/09 11:34:19 INFO mapreduce.Job:  map 57% reduce 19%
20/06/09 11:34:26 INFO mapreduce.Job:  map 58% reduce 19%
20/06/09 11:34:38 INFO mapreduce.Job:  map 59% reduce 19%
20/06/09 11:34:47 INFO mapreduce.Job:  map 60% reduce 19%
20/06/09 11:34:55 INFO mapreduce.Job:  map 61% reduce 19%
20/06/09 11:34:58 INFO mapreduce.Job:  map 62% reduce 19%
20/06/09 11:34:59 INFO mapreduce.Job:  map 62% reduce 20%
20/06/09 11:35:04 INFO mapreduce.Job:  map 63% reduce 20%
20/06/09 11:35:05 INFO mapreduce.Job:  map 63% reduce 21%
20/06/09 11:35:14 INFO mapreduce.Job:  map 64% reduce 21%
20/06/09 11:35:26 INFO mapreduce.Job:  map 65% reduce 21%
20/06/09 11:35:36 INFO mapreduce.Job:  map 66% reduce 21%
20/06/09 11:35:42 INFO mapreduce.Job:  map 67% reduce 21%
20/06/09 11:35:47 INFO mapreduce.Job:  map 68% reduce 22%
20/06/09 11:35:50 INFO mapreduce.Job:  map 68% reduce 23%
20/06/09 11:35:53 INFO mapreduce.Job:  map 69% reduce 23%
20/06/09 11:35:57 INFO mapreduce.Job:  map 70% reduce 23%
20/06/09 11:35:58 INFO mapreduce.Job:  map 71% reduce 23%
20/06/09 11:36:00 INFO mapreduce.Job:  map 72% reduce 23%
20/06/09 11:36:03 INFO mapreduce.Job:  map 73% reduce 23%
20/06/09 11:36:06 INFO mapreduce.Job:  map 73% reduce 24%
20/06/09 11:36:09 INFO mapreduce.Job:  map 74% reduce 24%
20/06/09 11:36:14 INFO mapreduce.Job:  map 75% reduce 24%
20/06/09 11:36:24 INFO mapreduce.Job:  map 75% reduce 25%
20/06/09 11:36:26 INFO mapreduce.Job:  map 76% reduce 25%
20/06/09 11:36:33 INFO mapreduce.Job:  map 77% reduce 25%
20/06/09 11:36:44 INFO mapreduce.Job:  map 78% reduce 25%
20/06/09 11:36:49 INFO mapreduce.Job:  map 79% reduce 26%
20/06/09 11:37:01 INFO mapreduce.Job:  map 80% reduce 26%
20/06/09 11:37:06 INFO mapreduce.Job:  map 81% reduce 26%
20/06/09 11:37:07 INFO mapreduce.Job:  map 81% reduce 27%
20/06/09 11:37:17 INFO mapreduce.Job:  map 82% reduce 27%
20/06/09 11:37:25 INFO mapreduce.Job:  map 83% reduce 27%
20/06/09 11:37:31 INFO mapreduce.Job:  map 84% reduce 27%
20/06/09 11:37:40 INFO mapreduce.Job:  map 85% reduce 27%
20/06/09 11:37:43 INFO mapreduce.Job:  map 85% reduce 28%
20/06/09 11:37:49 INFO mapreduce.Job:  map 86% reduce 28%
20/06/09 11:37:54 INFO mapreduce.Job:  map 87% reduce 28%
20/06/09 11:37:56 INFO mapreduce.Job:  map 87% reduce 29%
20/06/09 11:38:06 INFO mapreduce.Job:  map 88% reduce 29%
20/06/09 11:38:12 INFO mapreduce.Job:  map 89% reduce 29%
20/06/09 11:38:22 INFO mapreduce.Job:  map 90% reduce 29%
20/06/09 11:38:30 INFO mapreduce.Job:  map 91% reduce 30%
20/06/09 11:38:38 INFO mapreduce.Job:  map 92% reduce 30%
20/06/09 11:38:43 INFO mapreduce.Job:  map 93% reduce 30%
20/06/09 11:38:48 INFO mapreduce.Job:  map 94% reduce 30%
20/06/09 11:38:50 INFO mapreduce.Job:  map 94% reduce 31%
20/06/09 11:38:54 INFO mapreduce.Job:  map 95% reduce 31%
20/06/09 11:38:58 INFO mapreduce.Job:  map 96% reduce 31%
20/06/09 11:39:00 INFO mapreduce.Job:  map 97% reduce 31%
20/06/09 11:39:03 INFO mapreduce.Job:  map 97% reduce 32%
20/06/09 11:39:07 INFO mapreduce.Job:  map 98% reduce 32%
20/06/09 11:39:08 INFO mapreduce.Job:  map 99% reduce 32%
20/06/09 11:39:09 INFO mapreduce.Job:  map 99% reduce 33%
20/06/09 11:39:11 INFO mapreduce.Job:  map 100% reduce 33%
20/06/09 11:39:12 INFO mapreduce.Job:  map 100% reduce 67%
20/06/09 11:39:15 INFO mapreduce.Job:  map 100% reduce 72%
20/06/09 11:39:18 INFO mapreduce.Job:  map 100% reduce 77%
20/06/09 11:39:21 INFO mapreduce.Job:  map 100% reduce 83%
20/06/09 11:39:24 INFO mapreduce.Job:  map 100% reduce 89%
20/06/09 11:39:27 INFO mapreduce.Job:  map 100% reduce 98%
20/06/09 11:39:28 INFO mapreduce.Job:  map 100% reduce 100%
20/06/09 11:39:28 INFO mapreduce.Job: Job job_1591667925481_0008 completed successfully
20/06/09 11:39:28 INFO mapreduce.Job: Counters: 53
	File System Counters
		FILE: Number of bytes read=1722252113
		FILE: Number of bytes written=2551290761
		FILE: Number of read operations=0
		FILE: Number of large read operations=0
		FILE: Number of write operations=0
		HDFS: Number of bytes read=11025892803
		HDFS: Number of bytes written=497422102
		HDFS: Number of read operations=273
		HDFS: Number of large read operations=0
		HDFS: Number of write operations=2
	Job Counters 
		Killed map tasks=23
		Killed reduce tasks=1
		Launched map tasks=113
		Launched reduce tasks=2
		Other local map tasks=22
		Data-local map tasks=67
		Rack-local map tasks=24
		Total time spent by all maps in occupied slots (ms)=5186864
		Total time spent by all reduces in occupied slots (ms)=521616
		Total time spent by all map tasks (ms)=5186864
		Total time spent by all reduce tasks (ms)=521616
		Total vcore-milliseconds taken by all map tasks=5186864
		Total vcore-milliseconds taken by all reduce tasks=521616
		Total megabyte-milliseconds taken by all map tasks=5311348736
		Total megabyte-milliseconds taken by all reduce tasks=534134784
	Map-Reduce Framework
		Map input records=266684
		Map output records=1008998133
		Map output bytes=19258802795
		Map output materialized bytes=817828242
		Input split bytes=10530
		Combine input records=1033983341
		Combine output records=47585383
		Reduce input groups=9838775
		Reduce shuffle bytes=817828242
		Reduce input records=22600175
		Reduce output records=9838775
		Spilled Records=70861657
		Shuffled Maps =90
		Failed Shuffles=0
		Merged Map outputs=90
		GC time elapsed (ms)=87011
		CPU time spent (ms)=2019420
		Physical memory (bytes) snapshot=25109422080
		Virtual memory (bytes) snapshot=191949709312
		Total committed heap usage (bytes)=18936233984
	Shuffle Errors
		BAD_ID=0
		CONNECTION=0
		IO_ERROR=0
		WRONG_LENGTH=0
		WRONG_MAP=0
		WRONG_REDUCE=0
	File Input Format Counters 
		Bytes Read=11025882273
	File Output Format Counters 
		Bytes Written=497422102
20/06/09 11:39:28 INFO client.RMProxy: Connecting to ResourceManager at master/10.51.17.95:8032
20/06/09 11:39:28 INFO input.FileInputFormat: Total input paths to process : 1
20/06/09 11:39:28 INFO mapreduce.JobSubmitter: number of splits:4
20/06/09 11:39:28 INFO mapreduce.JobSubmitter: Submitting tokens for job: job_1591667925481_0009
20/06/09 11:39:28 INFO impl.YarnClientImpl: Submitted application application_1591667925481_0009
20/06/09 11:39:28 INFO mapreduce.Job: The url to track the job: http://master:8088/proxy/application_1591667925481_0009/
20/06/09 11:39:28 INFO mapreduce.Job: Running job: job_1591667925481_0009
20/06/09 11:39:38 INFO mapreduce.Job: Job job_1591667925481_0009 running in uber mode : false
20/06/09 11:39:38 INFO mapreduce.Job:  map 0% reduce 0%
20/06/09 11:39:50 INFO mapreduce.Job:  map 49% reduce 0%
20/06/09 11:39:51 INFO mapreduce.Job:  map 58% reduce 0%
20/06/09 11:39:52 INFO mapreduce.Job:  map 66% reduce 0%
20/06/09 11:39:53 INFO mapreduce.Job:  map 80% reduce 0%
20/06/09 11:39:54 INFO mapreduce.Job:  map 89% reduce 0%
20/06/09 11:39:57 INFO mapreduce.Job:  map 94% reduce 0%
20/06/09 11:39:58 INFO mapreduce.Job:  map 100% reduce 0%
20/06/09 11:40:03 INFO mapreduce.Job:  map 100% reduce 87%
20/06/09 11:40:06 INFO mapreduce.Job:  map 100% reduce 95%
20/06/09 11:40:08 INFO mapreduce.Job:  map 100% reduce 100%
20/06/09 11:40:08 INFO mapreduce.Job: Job job_1591667925481_0009 completed successfully
20/06/09 11:40:08 INFO mapreduce.Job: Counters: 50
	File System Counters
		FILE: Number of bytes read=867062764
		FILE: Number of bytes written=1301207469
		FILE: Number of read operations=0
		FILE: Number of large read operations=0
		FILE: Number of write operations=0
		HDFS: Number of bytes read=497428388
		HDFS: Number of bytes written=355478436
		HDFS: Number of read operations=19
		HDFS: Number of large read operations=0
		HDFS: Number of write operations=2
	Job Counters 
		Killed map tasks=1
		Launched map tasks=5
		Launched reduce tasks=1
		Data-local map tasks=5
		Total time spent by all maps in occupied slots (ms)=60073
		Total time spent by all reduces in occupied slots (ms)=13090
		Total time spent by all map tasks (ms)=60073
		Total time spent by all reduce tasks (ms)=13090
		Total vcore-milliseconds taken by all map tasks=60073
		Total vcore-milliseconds taken by all reduce tasks=13090
		Total megabyte-milliseconds taken by all map tasks=61514752
		Total megabyte-milliseconds taken by all reduce tasks=13404160
	Map-Reduce Framework
		Map input records=9838775
		Map output records=9838775
		Map output bytes=413853796
		Map output materialized bytes=433531370
		Input split bytes=508
		Combine input records=0
		Combine output records=0
		Reduce input groups=1230
		Reduce shuffle bytes=433531370
		Reduce input records=9838775
		Reduce output records=9838775
		Spilled Records=29516325
		Shuffled Maps =4
		Failed Shuffles=0
		Merged Map outputs=4
		GC time elapsed (ms)=2034
		CPU time spent (ms)=43600
		Physical memory (bytes) snapshot=1272406016
		Virtual memory (bytes) snapshot=10548989952
		Total committed heap usage (bytes)=941621248
	Shuffle Errors
		BAD_ID=0
		CONNECTION=0
		IO_ERROR=0
		WRONG_LENGTH=0
		WRONG_MAP=0
		WRONG_REDUCE=0
	File Input Format Counters 
		Bytes Read=497427880
	File Output Format Counters 
		Bytes Written=355478436
