20/06/14 05:23:40 INFO client.RMProxy: Connecting to ResourceManager at master/10.51.17.95:8032
20/06/14 05:23:40 INFO input.FileInputFormat: Total input paths to process : 10
20/06/14 05:23:41 INFO mapreduce.JobSubmitter: number of splits:90
20/06/14 05:23:41 INFO mapreduce.JobSubmitter: Submitting tokens for job: job_1592078933122_0005
20/06/14 05:23:41 INFO impl.YarnClientImpl: Submitted application application_1592078933122_0005
20/06/14 05:23:41 INFO mapreduce.Job: The url to track the job: http://master:8088/proxy/application_1592078933122_0005/
20/06/14 05:23:41 INFO mapreduce.Job: Running job: job_1592078933122_0005
20/06/14 05:23:45 INFO mapreduce.Job: Job job_1592078933122_0005 running in uber mode : false
20/06/14 05:23:45 INFO mapreduce.Job:  map 0% reduce 0%
20/06/14 05:23:58 INFO mapreduce.Job:  map 1% reduce 0%
20/06/14 05:24:01 INFO mapreduce.Job:  map 2% reduce 0%
20/06/14 05:24:07 INFO mapreduce.Job:  map 3% reduce 0%
20/06/14 05:24:11 INFO mapreduce.Job:  map 4% reduce 0%
20/06/14 05:24:17 INFO mapreduce.Job:  map 5% reduce 0%
20/06/14 05:24:22 INFO mapreduce.Job:  map 6% reduce 0%
20/06/14 05:24:23 INFO mapreduce.Job:  map 7% reduce 0%
20/06/14 05:24:27 INFO mapreduce.Job:  map 8% reduce 0%
20/06/14 05:24:34 INFO mapreduce.Job:  map 9% reduce 0%
20/06/14 05:24:38 INFO mapreduce.Job:  map 10% reduce 0%
20/06/14 05:24:41 INFO mapreduce.Job:  map 11% reduce 0%
20/06/14 05:24:44 INFO mapreduce.Job:  map 12% reduce 0%
20/06/14 05:24:46 INFO mapreduce.Job:  map 13% reduce 0%
20/06/14 05:24:52 INFO mapreduce.Job:  map 14% reduce 0%
20/06/14 05:24:57 INFO mapreduce.Job:  map 15% reduce 0%
20/06/14 05:25:00 INFO mapreduce.Job:  map 16% reduce 0%
20/06/14 05:25:06 INFO mapreduce.Job:  map 17% reduce 0%
20/06/14 05:25:09 INFO mapreduce.Job:  map 18% reduce 0%
20/06/14 05:25:15 INFO mapreduce.Job:  map 19% reduce 0%
20/06/14 05:25:20 INFO mapreduce.Job:  map 20% reduce 0%
20/06/14 05:25:25 INFO mapreduce.Job:  map 21% reduce 0%
20/06/14 05:25:30 INFO mapreduce.Job:  map 22% reduce 0%
20/06/14 05:25:35 INFO mapreduce.Job:  map 23% reduce 0%
20/06/14 05:25:37 INFO mapreduce.Job:  map 24% reduce 0%
20/06/14 05:25:40 INFO mapreduce.Job:  map 25% reduce 0%
20/06/14 05:25:41 INFO mapreduce.Job:  map 26% reduce 0%
20/06/14 05:25:47 INFO mapreduce.Job:  map 27% reduce 0%
20/06/14 05:25:52 INFO mapreduce.Job:  map 27% reduce 8%
20/06/14 05:25:53 INFO mapreduce.Job:  map 28% reduce 8%
20/06/14 05:25:55 INFO mapreduce.Job:  map 28% reduce 9%
20/06/14 05:25:57 INFO mapreduce.Job:  map 29% reduce 9%
20/06/14 05:26:02 INFO mapreduce.Job:  map 30% reduce 9%
20/06/14 05:26:08 INFO mapreduce.Job:  map 31% reduce 9%
20/06/14 05:26:09 INFO mapreduce.Job:  map 32% reduce 9%
20/06/14 05:26:13 INFO mapreduce.Job:  map 32% reduce 10%
20/06/14 05:26:15 INFO mapreduce.Job:  map 33% reduce 10%
20/06/14 05:26:21 INFO mapreduce.Job:  map 34% reduce 10%
20/06/14 05:26:24 INFO mapreduce.Job:  map 35% reduce 10%
20/06/14 05:26:31 INFO mapreduce.Job:  map 36% reduce 10%
20/06/14 05:26:34 INFO mapreduce.Job:  map 37% reduce 10%
20/06/14 05:26:37 INFO mapreduce.Job:  map 37% reduce 11%
20/06/14 05:26:38 INFO mapreduce.Job:  map 38% reduce 11%
20/06/14 05:26:40 INFO mapreduce.Job:  map 39% reduce 11%
20/06/14 05:26:41 INFO mapreduce.Job:  map 40% reduce 11%
20/06/14 05:26:43 INFO mapreduce.Job:  map 40% reduce 13%
20/06/14 05:26:47 INFO mapreduce.Job:  map 41% reduce 13%
20/06/14 05:26:53 INFO mapreduce.Job:  map 42% reduce 13%
20/06/14 05:26:59 INFO mapreduce.Job:  map 43% reduce 13%
20/06/14 05:27:02 INFO mapreduce.Job:  map 44% reduce 13%
20/06/14 05:27:07 INFO mapreduce.Job:  map 45% reduce 13%
20/06/14 05:27:08 INFO mapreduce.Job:  map 45% reduce 14%
20/06/14 05:27:13 INFO mapreduce.Job:  map 46% reduce 14%
20/06/14 05:27:15 INFO mapreduce.Job:  map 47% reduce 14%
20/06/14 05:27:21 INFO mapreduce.Job:  map 48% reduce 14%
20/06/14 05:27:26 INFO mapreduce.Job:  map 49% reduce 14%
20/06/14 05:27:30 INFO mapreduce.Job:  map 50% reduce 14%
20/06/14 05:27:32 INFO mapreduce.Job:  map 50% reduce 15%
20/06/14 05:27:34 INFO mapreduce.Job:  map 51% reduce 15%
20/06/14 05:27:36 INFO mapreduce.Job:  map 52% reduce 15%
20/06/14 05:27:37 INFO mapreduce.Job:  map 53% reduce 15%
20/06/14 05:27:38 INFO mapreduce.Job:  map 53% reduce 16%
20/06/14 05:27:41 INFO mapreduce.Job:  map 54% reduce 17%
20/06/14 05:27:45 INFO mapreduce.Job:  map 54% reduce 18%
20/06/14 05:27:50 INFO mapreduce.Job:  map 55% reduce 18%
20/06/14 05:27:54 INFO mapreduce.Job:  map 56% reduce 18%
20/06/14 05:27:59 INFO mapreduce.Job:  map 57% reduce 18%
20/06/14 05:28:04 INFO mapreduce.Job:  map 58% reduce 18%
20/06/14 05:28:07 INFO mapreduce.Job:  map 59% reduce 18%
20/06/14 05:28:08 INFO mapreduce.Job:  map 59% reduce 19%
20/06/14 05:28:12 INFO mapreduce.Job:  map 60% reduce 19%
20/06/14 05:28:17 INFO mapreduce.Job:  map 61% reduce 19%
20/06/14 05:28:23 INFO mapreduce.Job:  map 62% reduce 19%
20/06/14 05:28:27 INFO mapreduce.Job:  map 63% reduce 19%
20/06/14 05:28:29 INFO mapreduce.Job:  map 64% reduce 19%
20/06/14 05:28:33 INFO mapreduce.Job:  map 65% reduce 20%
20/06/14 05:28:35 INFO mapreduce.Job:  map 66% reduce 20%
20/06/14 05:28:36 INFO mapreduce.Job:  map 66% reduce 21%
20/06/14 05:28:39 INFO mapreduce.Job:  map 67% reduce 22%
20/06/14 05:28:46 INFO mapreduce.Job:  map 68% reduce 22%
20/06/14 05:28:47 INFO mapreduce.Job:  map 69% reduce 22%
20/06/14 05:28:48 INFO mapreduce.Job:  map 69% reduce 23%
20/06/14 05:28:50 INFO mapreduce.Job:  map 70% reduce 23%
20/06/14 05:28:57 INFO mapreduce.Job:  map 72% reduce 23%
20/06/14 05:29:00 INFO mapreduce.Job:  map 73% reduce 23%
20/06/14 05:29:06 INFO mapreduce.Job:  map 75% reduce 23%
20/06/14 05:29:07 INFO mapreduce.Job:  map 75% reduce 24%
20/06/14 05:29:11 INFO mapreduce.Job:  map 76% reduce 24%
20/06/14 05:29:13 INFO mapreduce.Job:  map 77% reduce 24%
20/06/14 05:29:18 INFO mapreduce.Job:  map 78% reduce 24%
20/06/14 05:29:22 INFO mapreduce.Job:  map 79% reduce 24%
20/06/14 05:29:24 INFO mapreduce.Job:  map 79% reduce 25%
20/06/14 05:29:27 INFO mapreduce.Job:  map 80% reduce 25%
20/06/14 05:29:30 INFO mapreduce.Job:  map 81% reduce 25%
20/06/14 05:29:33 INFO mapreduce.Job:  map 82% reduce 26%
20/06/14 05:29:35 INFO mapreduce.Job:  map 83% reduce 26%
20/06/14 05:29:36 INFO mapreduce.Job:  map 83% reduce 27%
20/06/14 05:29:44 INFO mapreduce.Job:  map 84% reduce 27%
20/06/14 05:29:46 INFO mapreduce.Job:  map 84% reduce 28%
20/06/14 05:29:47 INFO mapreduce.Job:  map 85% reduce 28%
20/06/14 05:29:51 INFO mapreduce.Job:  map 86% reduce 28%
20/06/14 05:29:58 INFO mapreduce.Job:  map 87% reduce 28%
20/06/14 05:30:02 INFO mapreduce.Job:  map 88% reduce 28%
20/06/14 05:30:06 INFO mapreduce.Job:  map 89% reduce 28%
20/06/14 05:30:09 INFO mapreduce.Job:  map 89% reduce 29%
20/06/14 05:30:12 INFO mapreduce.Job:  map 90% reduce 29%
20/06/14 05:30:14 INFO mapreduce.Job:  map 91% reduce 29%
20/06/14 05:30:17 INFO mapreduce.Job:  map 92% reduce 29%
20/06/14 05:30:18 INFO mapreduce.Job:  map 93% reduce 29%
20/06/14 05:30:22 INFO mapreduce.Job:  map 93% reduce 30%
20/06/14 05:30:23 INFO mapreduce.Job:  map 94% reduce 30%
20/06/14 05:30:24 INFO mapreduce.Job:  map 95% reduce 30%
20/06/14 05:30:25 INFO mapreduce.Job:  map 95% reduce 31%
20/06/14 05:30:26 INFO mapreduce.Job:  map 96% reduce 31%
20/06/14 05:30:27 INFO mapreduce.Job:  map 97% reduce 31%
20/06/14 05:30:29 INFO mapreduce.Job:  map 98% reduce 31%
20/06/14 05:30:31 INFO mapreduce.Job:  map 98% reduce 32%
20/06/14 05:30:32 INFO mapreduce.Job:  map 100% reduce 32%
20/06/14 05:30:34 INFO mapreduce.Job:  map 100% reduce 55%
20/06/14 05:30:37 INFO mapreduce.Job:  map 100% reduce 71%
20/06/14 05:30:40 INFO mapreduce.Job:  map 100% reduce 76%
20/06/14 05:30:43 INFO mapreduce.Job:  map 100% reduce 81%
20/06/14 05:30:46 INFO mapreduce.Job:  map 100% reduce 87%
20/06/14 05:30:49 INFO mapreduce.Job:  map 100% reduce 94%
20/06/14 05:30:51 INFO mapreduce.Job:  map 100% reduce 100%
20/06/14 05:30:52 INFO mapreduce.Job: Job job_1592078933122_0005 completed successfully
20/06/14 05:30:52 INFO mapreduce.Job: Counters: 51
	File System Counters
		FILE: Number of bytes read=1710856938
		FILE: Number of bytes written=2534259247
		FILE: Number of read operations=0
		FILE: Number of large read operations=0
		FILE: Number of write operations=0
		HDFS: Number of bytes read=11025092064
		HDFS: Number of bytes written=492717995
		HDFS: Number of read operations=273
		HDFS: Number of large read operations=0
		HDFS: Number of write operations=2
	Job Counters 
		Killed map tasks=1
		Launched map tasks=90
		Launched reduce tasks=1
		Data-local map tasks=79
		Rack-local map tasks=11
		Total time spent by all maps in occupied slots (ms)=3638126
		Total time spent by all reduces in occupied slots (ms)=309656
		Total time spent by all map tasks (ms)=3638126
		Total time spent by all reduce tasks (ms)=309656
		Total vcore-milliseconds taken by all map tasks=3638126
		Total vcore-milliseconds taken by all reduce tasks=309656
		Total megabyte-milliseconds taken by all map tasks=1862720512
		Total megabyte-milliseconds taken by all reduce tasks=317087744
	Map-Reduce Framework
		Map input records=1179217
		Map output records=1009443717
		Map output bytes=19261443986
		Map output materialized bytes=812219294
		Input split bytes=10530
		Combine input records=1034424296
		Combine output records=47579126
		Reduce input groups=9840852
		Reduce shuffle bytes=812219294
		Reduce input records=22598547
		Reduce output records=9840852
		Spilled Records=70855792
		Shuffled Maps =90
		Failed Shuffles=0
		Merged Map outputs=90
		GC time elapsed (ms)=71579
		CPU time spent (ms)=2096870
		Physical memory (bytes) snapshot=25075482624
		Virtual memory (bytes) snapshot=191892197376
		Total committed heap usage (bytes)=18936758272
	Shuffle Errors
		BAD_ID=0
		CONNECTION=0
		IO_ERROR=0
		WRONG_LENGTH=0
		WRONG_MAP=0
		WRONG_REDUCE=0
	File Input Format Counters 
		Bytes Read=11025081534
	File Output Format Counters 
		Bytes Written=492717995
20/06/14 05:30:52 INFO client.RMProxy: Connecting to ResourceManager at master/10.51.17.95:8032
20/06/14 05:30:52 INFO input.FileInputFormat: Total input paths to process : 1
20/06/14 05:30:53 INFO mapreduce.JobSubmitter: number of splits:4
20/06/14 05:30:53 INFO mapreduce.JobSubmitter: Submitting tokens for job: job_1592078933122_0006
20/06/14 05:30:53 INFO impl.YarnClientImpl: Submitted application application_1592078933122_0006
20/06/14 05:30:53 INFO mapreduce.Job: The url to track the job: http://master:8088/proxy/application_1592078933122_0006/
20/06/14 05:30:53 INFO mapreduce.Job: Running job: job_1592078933122_0006
20/06/14 05:31:01 INFO mapreduce.Job: Job job_1592078933122_0006 running in uber mode : false
20/06/14 05:31:01 INFO mapreduce.Job:  map 0% reduce 0%
20/06/14 05:31:13 INFO mapreduce.Job:  map 54% reduce 0%
20/06/14 05:31:14 INFO mapreduce.Job:  map 58% reduce 0%
20/06/14 05:31:15 INFO mapreduce.Job:  map 66% reduce 0%
20/06/14 05:31:16 INFO mapreduce.Job:  map 78% reduce 0%
20/06/14 05:31:19 INFO mapreduce.Job:  map 92% reduce 0%
20/06/14 05:31:22 INFO mapreduce.Job:  map 100% reduce 0%
20/06/14 05:31:24 INFO mapreduce.Job:  map 100% reduce 68%
20/06/14 05:31:27 INFO mapreduce.Job:  map 100% reduce 83%
20/06/14 05:31:30 INFO mapreduce.Job:  map 100% reduce 96%
20/06/14 05:31:31 INFO mapreduce.Job:  map 100% reduce 100%
20/06/14 05:31:32 INFO mapreduce.Job: Job job_1592078933122_0006 completed successfully
20/06/14 05:31:32 INFO mapreduce.Job: Counters: 50
	File System Counters
		FILE: Number of bytes read=857724706
		FILE: Number of bytes written=1287198877
		FILE: Number of read operations=0
		FILE: Number of large read operations=0
		FILE: Number of write operations=0
		HDFS: Number of bytes read=492721934
		HDFS: Number of bytes written=350792473
		HDFS: Number of read operations=19
		HDFS: Number of large read operations=0
		HDFS: Number of write operations=2
	Job Counters 
		Killed map tasks=1
		Launched map tasks=5
		Launched reduce tasks=1
		Data-local map tasks=5
		Total time spent by all maps in occupied slots (ms)=63662
		Total time spent by all reduces in occupied slots (ms)=15132
		Total time spent by all map tasks (ms)=63662
		Total time spent by all reduce tasks (ms)=15132
		Total vcore-milliseconds taken by all map tasks=63662
		Total vcore-milliseconds taken by all reduce tasks=15132
		Total megabyte-milliseconds taken by all map tasks=32594944
		Total megabyte-milliseconds taken by all reduce tasks=15495168
	Map-Reduce Framework
		Map input records=9840852
		Map output records=9840852
		Map output bytes=409180613
		Map output materialized bytes=428862341
		Input split bytes=508
		Combine input records=0
		Combine output records=0
		Reduce input groups=1242
		Reduce shuffle bytes=428862341
		Reduce input records=9840852
		Reduce output records=9840852
		Spilled Records=29522556
		Shuffled Maps =4
		Failed Shuffles=0
		Merged Map outputs=4
		GC time elapsed (ms)=1695
		CPU time spent (ms)=46540
		Physical memory (bytes) snapshot=1279479808
		Virtual memory (bytes) snapshot=10595041280
		Total committed heap usage (bytes)=940572672
	Shuffle Errors
		BAD_ID=0
		CONNECTION=0
		IO_ERROR=0
		WRONG_LENGTH=0
		WRONG_MAP=0
		WRONG_REDUCE=0
	File Input Format Counters 
		Bytes Read=492721426
	File Output Format Counters 
		Bytes Written=350792473
