20/06/14 06:04:19 INFO client.RMProxy: Connecting to ResourceManager at master/10.51.17.95:8032
20/06/14 06:04:19 INFO input.FileInputFormat: Total input paths to process : 16
20/06/14 06:04:19 INFO mapreduce.JobSubmitter: number of splits:16
20/06/14 06:04:20 INFO mapreduce.JobSubmitter: Submitting tokens for job: job_1592078933122_0017
20/06/14 06:04:20 INFO impl.YarnClientImpl: Submitted application application_1592078933122_0017
20/06/14 06:04:20 INFO mapreduce.Job: The url to track the job: http://master:8088/proxy/application_1592078933122_0017/
20/06/14 06:04:20 INFO mapreduce.Job: Running job: job_1592078933122_0017
20/06/14 06:04:26 INFO mapreduce.Job: Job job_1592078933122_0017 running in uber mode : false
20/06/14 06:04:26 INFO mapreduce.Job:  map 0% reduce 0%
20/06/14 06:04:38 INFO mapreduce.Job:  map 17% reduce 0%
20/06/14 06:04:40 INFO mapreduce.Job:  map 21% reduce 0%
20/06/14 06:04:41 INFO mapreduce.Job:  map 42% reduce 0%
20/06/14 06:05:08 INFO mapreduce.Job:  map 44% reduce 0%
20/06/14 06:05:13 INFO mapreduce.Job:  map 46% reduce 0%
20/06/14 06:05:16 INFO mapreduce.Job:  map 48% reduce 0%
20/06/14 06:05:17 INFO mapreduce.Job:  map 50% reduce 0%
20/06/14 06:05:19 INFO mapreduce.Job:  map 54% reduce 0%
20/06/14 06:05:23 INFO mapreduce.Job:  map 58% reduce 0%
20/06/14 06:05:26 INFO mapreduce.Job:  map 63% reduce 0%
20/06/14 06:05:28 INFO mapreduce.Job:  map 67% reduce 0%
20/06/14 06:05:37 INFO mapreduce.Job:  map 71% reduce 0%
20/06/14 06:05:38 INFO mapreduce.Job:  map 79% reduce 0%
20/06/14 06:05:46 INFO mapreduce.Job:  map 83% reduce 21%
20/06/14 06:05:47 INFO mapreduce.Job:  map 88% reduce 21%
20/06/14 06:05:56 INFO mapreduce.Job:  map 90% reduce 21%
20/06/14 06:05:57 INFO mapreduce.Job:  map 92% reduce 21%
20/06/14 06:05:58 INFO mapreduce.Job:  map 92% reduce 25%
20/06/14 06:05:59 INFO mapreduce.Job:  map 94% reduce 25%
20/06/14 06:06:00 INFO mapreduce.Job:  map 96% reduce 25%
20/06/14 06:06:01 INFO mapreduce.Job:  map 96% reduce 27%
20/06/14 06:06:04 INFO mapreduce.Job:  map 96% reduce 29%
20/06/14 06:06:09 INFO mapreduce.Job:  map 98% reduce 29%
20/06/14 06:06:10 INFO mapreduce.Job:  map 98% reduce 31%
20/06/14 06:06:11 INFO mapreduce.Job:  map 100% reduce 31%
20/06/14 06:06:12 INFO mapreduce.Job:  map 100% reduce 100%
20/06/14 06:06:12 INFO mapreduce.Job: Job job_1592078933122_0017 completed successfully
20/06/14 06:06:12 INFO mapreduce.Job: Counters: 50
	File System Counters
		FILE: Number of bytes read=358
		FILE: Number of bytes written=2088986
		FILE: Number of read operations=0
		FILE: Number of large read operations=0
		FILE: Number of write operations=0
		HDFS: Number of bytes read=4182
		HDFS: Number of bytes written=215
		HDFS: Number of read operations=67
		HDFS: Number of large read operations=0
		HDFS: Number of write operations=3
	Job Counters 
		Launched map tasks=16
		Launched reduce tasks=1
		Data-local map tasks=15
		Rack-local map tasks=1
		Total time spent by all maps in occupied slots (ms)=834692
		Total time spent by all reduces in occupied slots (ms)=34699
		Total time spent by all map tasks (ms)=834692
		Total time spent by all reduce tasks (ms)=34699
		Total vcore-milliseconds taken by all map tasks=834692
		Total vcore-milliseconds taken by all reduce tasks=34699
		Total megabyte-milliseconds taken by all map tasks=427362304
		Total megabyte-milliseconds taken by all reduce tasks=35531776
	Map-Reduce Framework
		Map input records=16
		Map output records=32
		Map output bytes=288
		Map output materialized bytes=448
		Input split bytes=2294
		Combine input records=0
		Combine output records=0
		Reduce input groups=2
		Reduce shuffle bytes=448
		Reduce input records=32
		Reduce output records=0
		Spilled Records=64
		Shuffled Maps =16
		Failed Shuffles=0
		Merged Map outputs=16
		GC time elapsed (ms)=6343
		CPU time spent (ms)=491960
		Physical memory (bytes) snapshot=4392001536
		Virtual memory (bytes) snapshot=35822837760
		Total committed heap usage (bytes)=3348103168
	Shuffle Errors
		BAD_ID=0
		CONNECTION=0
		IO_ERROR=0
		WRONG_LENGTH=0
		WRONG_MAP=0
		WRONG_REDUCE=0
	File Input Format Counters 
		Bytes Read=1888
	File Output Format Counters 
		Bytes Written=97
