20/06/12 22:12:36 INFO client.RMProxy: Connecting to ResourceManager at master/10.51.17.95:8032
20/06/12 22:12:37 INFO client.RMProxy: Connecting to ResourceManager at master/10.51.17.95:8032
20/06/12 22:12:37 INFO input.FileInputFormat: Total input paths to process : 10
20/06/12 22:12:38 INFO mapreduce.JobSubmitter: number of splits:80
20/06/12 22:12:38 INFO mapreduce.JobSubmitter: Submitting tokens for job: job_1591967482232_0002
20/06/12 22:12:39 INFO impl.YarnClientImpl: Submitted application application_1591967482232_0002
20/06/12 22:12:39 INFO mapreduce.Job: The url to track the job: http://master:8088/proxy/application_1591967482232_0002/
20/06/12 22:12:39 INFO mapreduce.Job: Running job: job_1591967482232_0002
20/06/12 22:12:46 INFO mapreduce.Job: Job job_1591967482232_0002 running in uber mode : false
20/06/12 22:12:46 INFO mapreduce.Job:  map 0% reduce 0%
20/06/12 22:12:58 INFO mapreduce.Job:  map 1% reduce 0%
20/06/12 22:12:59 INFO mapreduce.Job:  map 3% reduce 0%
20/06/12 22:13:00 INFO mapreduce.Job:  map 5% reduce 0%
20/06/12 22:13:01 INFO mapreduce.Job:  map 8% reduce 0%
20/06/12 22:13:02 INFO mapreduce.Job:  map 11% reduce 0%
20/06/12 22:13:03 INFO mapreduce.Job:  map 14% reduce 0%
20/06/12 22:13:05 INFO mapreduce.Job:  map 15% reduce 0%
20/06/12 22:13:07 INFO mapreduce.Job:  map 16% reduce 0%
20/06/12 22:13:08 INFO mapreduce.Job:  map 17% reduce 0%
20/06/12 22:13:09 INFO mapreduce.Job:  map 18% reduce 0%
20/06/12 22:13:11 INFO mapreduce.Job:  map 19% reduce 0%
20/06/12 22:13:12 INFO mapreduce.Job:  map 20% reduce 0%
20/06/12 22:13:14 INFO mapreduce.Job:  map 21% reduce 0%
20/06/12 22:13:17 INFO mapreduce.Job:  map 22% reduce 0%
20/06/12 22:13:18 INFO mapreduce.Job:  map 24% reduce 0%
20/06/12 22:13:20 INFO mapreduce.Job:  map 26% reduce 0%
20/06/12 22:13:21 INFO mapreduce.Job:  map 27% reduce 0%
20/06/12 22:13:23 INFO mapreduce.Job:  map 30% reduce 0%
20/06/12 22:13:24 INFO mapreduce.Job:  map 31% reduce 0%
20/06/12 22:13:25 INFO mapreduce.Job:  map 32% reduce 0%
20/06/12 22:13:27 INFO mapreduce.Job:  map 33% reduce 1%
20/06/12 22:13:29 INFO mapreduce.Job:  map 34% reduce 1%
20/06/12 22:13:30 INFO mapreduce.Job:  map 36% reduce 2%
20/06/12 22:13:33 INFO mapreduce.Job:  map 37% reduce 3%
20/06/12 22:13:36 INFO mapreduce.Job:  map 37% reduce 4%
20/06/12 22:13:37 INFO mapreduce.Job:  map 38% reduce 4%
20/06/12 22:13:38 INFO mapreduce.Job:  map 40% reduce 4%
20/06/12 22:13:39 INFO mapreduce.Job:  map 41% reduce 5%
20/06/12 22:13:41 INFO mapreduce.Job:  map 44% reduce 5%
20/06/12 22:13:43 INFO mapreduce.Job:  map 45% reduce 5%
20/06/12 22:13:46 INFO mapreduce.Job:  map 46% reduce 5%
20/06/12 22:13:49 INFO mapreduce.Job:  map 47% reduce 5%
20/06/12 22:13:51 INFO mapreduce.Job:  map 47% reduce 6%
20/06/12 22:13:52 INFO mapreduce.Job:  map 49% reduce 6%
20/06/12 22:13:53 INFO mapreduce.Job:  map 50% reduce 6%
20/06/12 22:13:55 INFO mapreduce.Job:  map 52% reduce 6%
20/06/12 22:13:56 INFO mapreduce.Job:  map 53% reduce 6%
20/06/12 22:13:59 INFO mapreduce.Job:  map 54% reduce 6%
20/06/12 22:14:03 INFO mapreduce.Job:  map 56% reduce 6%
20/06/12 22:14:05 INFO mapreduce.Job:  map 57% reduce 6%
20/06/12 22:14:07 INFO mapreduce.Job:  map 58% reduce 6%
20/06/12 22:14:09 INFO mapreduce.Job:  map 58% reduce 7%
20/06/12 22:14:10 INFO mapreduce.Job:  map 60% reduce 7%
20/06/12 22:14:12 INFO mapreduce.Job:  map 61% reduce 7%
20/06/12 22:14:15 INFO mapreduce.Job:  map 62% reduce 7%
20/06/12 22:14:16 INFO mapreduce.Job:  map 63% reduce 7%
20/06/12 22:14:17 INFO mapreduce.Job:  map 64% reduce 7%
20/06/12 22:14:19 INFO mapreduce.Job:  map 66% reduce 7%
20/06/12 22:14:20 INFO mapreduce.Job:  map 67% reduce 7%
20/06/12 22:14:21 INFO mapreduce.Job:  map 68% reduce 7%
20/06/12 22:14:22 INFO mapreduce.Job:  map 69% reduce 7%
20/06/12 22:14:23 INFO mapreduce.Job:  map 69% reduce 8%
20/06/12 22:14:24 INFO mapreduce.Job:  map 70% reduce 8%
20/06/12 22:14:26 INFO mapreduce.Job:  map 71% reduce 8%
20/06/12 22:14:28 INFO mapreduce.Job:  map 72% reduce 8%
20/06/12 22:14:29 INFO mapreduce.Job:  map 73% reduce 8%
20/06/12 22:14:31 INFO mapreduce.Job:  map 75% reduce 8%
20/06/12 22:14:32 INFO mapreduce.Job:  map 77% reduce 8%
20/06/12 22:14:33 INFO mapreduce.Job:  map 77% reduce 9%
20/06/12 22:14:34 INFO mapreduce.Job:  map 78% reduce 9%
20/06/12 22:14:37 INFO mapreduce.Job:  map 80% reduce 9%
20/06/12 22:14:40 INFO mapreduce.Job:  map 81% reduce 9%
20/06/12 22:14:41 INFO mapreduce.Job:  map 82% reduce 9%
20/06/12 22:14:43 INFO mapreduce.Job:  map 83% reduce 9%
20/06/12 22:14:46 INFO mapreduce.Job:  map 85% reduce 10%
20/06/12 22:14:47 INFO mapreduce.Job:  map 86% reduce 10%
20/06/12 22:14:48 INFO mapreduce.Job:  map 87% reduce 10%
20/06/12 22:14:50 INFO mapreduce.Job:  map 88% reduce 10%
20/06/12 22:14:52 INFO mapreduce.Job:  map 89% reduce 10%
20/06/12 22:14:54 INFO mapreduce.Job:  map 90% reduce 11%
20/06/12 22:14:56 INFO mapreduce.Job:  map 91% reduce 11%
20/06/12 22:14:58 INFO mapreduce.Job:  map 91% reduce 12%
20/06/12 22:14:59 INFO mapreduce.Job:  map 92% reduce 12%
20/06/12 22:15:02 INFO mapreduce.Job:  map 93% reduce 12%
20/06/12 22:15:09 INFO mapreduce.Job:  map 94% reduce 12%
20/06/12 22:15:10 INFO mapreduce.Job:  map 94% reduce 13%
20/06/12 22:15:13 INFO mapreduce.Job:  map 96% reduce 13%
20/06/12 22:15:15 INFO mapreduce.Job:  map 97% reduce 13%
20/06/12 22:15:16 INFO mapreduce.Job:  map 97% reduce 14%
20/06/12 22:15:19 INFO mapreduce.Job:  map 98% reduce 14%
20/06/12 22:15:21 INFO mapreduce.Job:  map 98% reduce 15%
20/06/12 22:15:22 INFO mapreduce.Job:  map 99% reduce 15%
20/06/12 22:15:25 INFO mapreduce.Job:  map 100% reduce 16%
20/06/12 22:15:31 INFO mapreduce.Job:  map 100% reduce 17%
20/06/12 22:15:34 INFO mapreduce.Job:  map 100% reduce 18%
20/06/12 22:15:37 INFO mapreduce.Job:  map 100% reduce 19%
20/06/12 22:15:48 INFO mapreduce.Job:  map 100% reduce 20%
20/06/12 22:15:51 INFO mapreduce.Job:  map 100% reduce 21%
20/06/12 22:15:55 INFO mapreduce.Job:  map 100% reduce 22%
20/06/12 22:16:00 INFO mapreduce.Job:  map 100% reduce 23%
20/06/12 22:16:04 INFO mapreduce.Job:  map 100% reduce 24%
20/06/12 22:16:06 INFO mapreduce.Job:  map 100% reduce 25%
20/06/12 22:16:07 INFO mapreduce.Job:  map 100% reduce 27%
20/06/12 22:16:16 INFO mapreduce.Job:  map 100% reduce 28%
20/06/12 22:16:19 INFO mapreduce.Job:  map 100% reduce 29%
20/06/12 22:16:25 INFO mapreduce.Job:  map 100% reduce 30%
20/06/12 22:16:28 INFO mapreduce.Job:  map 100% reduce 31%
20/06/12 22:16:39 INFO mapreduce.Job:  map 100% reduce 32%
20/06/12 22:16:40 INFO mapreduce.Job:  map 100% reduce 33%
20/06/12 22:16:42 INFO mapreduce.Job:  map 100% reduce 39%
20/06/12 22:16:43 INFO mapreduce.Job:  map 100% reduce 54%
20/06/12 22:16:45 INFO mapreduce.Job:  map 100% reduce 59%
20/06/12 22:16:46 INFO mapreduce.Job:  map 100% reduce 67%
20/06/12 22:16:49 INFO mapreduce.Job:  map 100% reduce 69%
20/06/12 22:16:52 INFO mapreduce.Job:  map 100% reduce 70%
20/06/12 22:16:58 INFO mapreduce.Job:  map 100% reduce 71%
20/06/12 22:17:01 INFO mapreduce.Job:  map 100% reduce 73%
20/06/12 22:17:03 INFO mapreduce.Job:  map 100% reduce 74%
20/06/12 22:17:04 INFO mapreduce.Job:  map 100% reduce 75%
20/06/12 22:17:10 INFO mapreduce.Job:  map 100% reduce 76%
20/06/12 22:17:13 INFO mapreduce.Job:  map 100% reduce 78%
20/06/12 22:17:16 INFO mapreduce.Job:  map 100% reduce 79%
20/06/12 22:17:19 INFO mapreduce.Job:  map 100% reduce 80%
20/06/12 22:17:22 INFO mapreduce.Job:  map 100% reduce 81%
20/06/12 22:17:24 INFO mapreduce.Job:  map 100% reduce 82%
20/06/12 22:17:25 INFO mapreduce.Job:  map 100% reduce 83%
20/06/12 22:17:31 INFO mapreduce.Job:  map 100% reduce 86%
20/06/12 22:17:34 INFO mapreduce.Job:  map 100% reduce 87%
20/06/12 22:17:37 INFO mapreduce.Job:  map 100% reduce 88%
20/06/12 22:17:42 INFO mapreduce.Job:  map 100% reduce 89%
20/06/12 22:17:43 INFO mapreduce.Job:  map 100% reduce 90%
20/06/12 22:17:46 INFO mapreduce.Job:  map 100% reduce 91%
20/06/12 22:17:48 INFO mapreduce.Job:  map 100% reduce 92%
20/06/12 22:17:52 INFO mapreduce.Job:  map 100% reduce 94%
20/06/12 22:17:55 INFO mapreduce.Job:  map 100% reduce 95%
20/06/12 22:17:58 INFO mapreduce.Job:  map 100% reduce 97%
20/06/12 22:18:01 INFO mapreduce.Job:  map 100% reduce 98%
20/06/12 22:18:04 INFO mapreduce.Job:  map 100% reduce 99%
20/06/12 22:18:06 INFO mapreduce.Job:  map 100% reduce 100%
20/06/12 22:18:08 INFO mapreduce.Job: Job job_1591967482232_0002 completed successfully
20/06/12 22:18:09 INFO mapreduce.Job: Counters: 51
	File System Counters
		FILE: Number of bytes read=31975537369
		FILE: Number of bytes written=42736098826
		FILE: Number of read operations=0
		FILE: Number of large read operations=0
		FILE: Number of write operations=0
		HDFS: Number of bytes read=10774201843
		HDFS: Number of bytes written=10772861157
		HDFS: Number of read operations=329
		HDFS: Number of large read operations=0
		HDFS: Number of write operations=6
	Job Counters 
		Killed map tasks=1
		Launched map tasks=82
		Launched reduce tasks=3
		Data-local map tasks=77
		Rack-local map tasks=5
		Total time spent by all maps in occupied slots (ms)=1691410
		Total time spent by all reduces in occupied slots (ms)=842427
		Total time spent by all map tasks (ms)=1691410
		Total time spent by all reduce tasks (ms)=842427
		Total vcore-milliseconds taken by all map tasks=1691410
		Total vcore-milliseconds taken by all reduce tasks=842427
		Total megabyte-milliseconds taken by all map tasks=1732003840
		Total megabyte-milliseconds taken by all reduce tasks=862645248
	Map-Reduce Framework
		Map input records=1022028
		Map output records=1022028
		Map output bytes=10745673805
		Map output materialized bytes=10751421036
		Input split bytes=9040
		Combine input records=0
		Combine output records=0
		Reduce input groups=1022028
		Reduce shuffle bytes=10751421036
		Reduce input records=1022028
		Reduce output records=1022028
		Spilled Records=4061407
		Shuffled Maps =240
		Failed Shuffles=0
		Merged Map outputs=240
		GC time elapsed (ms)=16424
		CPU time spent (ms)=262640
		Physical memory (bytes) snapshot=22122164224
		Virtual memory (bytes) snapshot=175136403456
		Total committed heap usage (bytes)=16454778880
	Shuffle Errors
		BAD_ID=0
		CONNECTION=0
		IO_ERROR=0
		WRONG_LENGTH=0
		WRONG_MAP=0
		WRONG_REDUCE=0
	File Input Format Counters 
		Bytes Read=10774192803
	File Output Format Counters 
		Bytes Written=10772861157
