20/06/16 17:28:29 INFO client.RMProxy: Connecting to ResourceManager at master/10.51.17.95:8032
20/06/16 17:28:30 INFO client.RMProxy: Connecting to ResourceManager at master/10.51.17.95:8032
20/06/16 17:28:30 INFO input.FileInputFormat: Total input paths to process : 10
20/06/16 17:28:30 INFO mapreduce.JobSubmitter: number of splits:80
20/06/16 17:28:31 INFO mapreduce.JobSubmitter: Submitting tokens for job: job_1592295336872_0003
20/06/16 17:28:31 INFO impl.YarnClientImpl: Submitted application application_1592295336872_0003
20/06/16 17:28:31 INFO mapreduce.Job: The url to track the job: http://master:8088/proxy/application_1592295336872_0003/
20/06/16 17:28:31 INFO mapreduce.Job: Running job: job_1592295336872_0003
20/06/16 17:28:37 INFO mapreduce.Job: Job job_1592295336872_0003 running in uber mode : false
20/06/16 17:28:37 INFO mapreduce.Job:  map 0% reduce 0%
20/06/16 17:28:45 INFO mapreduce.Job:  map 1% reduce 0%
20/06/16 17:28:46 INFO mapreduce.Job:  map 4% reduce 0%
20/06/16 17:28:47 INFO mapreduce.Job:  map 5% reduce 0%
20/06/16 17:28:48 INFO mapreduce.Job:  map 8% reduce 0%
20/06/16 17:28:50 INFO mapreduce.Job:  map 11% reduce 0%
20/06/16 17:28:51 INFO mapreduce.Job:  map 13% reduce 0%
20/06/16 17:28:53 INFO mapreduce.Job:  map 14% reduce 0%
20/06/16 17:28:55 INFO mapreduce.Job:  map 15% reduce 0%
20/06/16 17:28:56 INFO mapreduce.Job:  map 17% reduce 0%
20/06/16 17:28:58 INFO mapreduce.Job:  map 21% reduce 0%
20/06/16 17:29:00 INFO mapreduce.Job:  map 22% reduce 0%
20/06/16 17:29:02 INFO mapreduce.Job:  map 24% reduce 0%
20/06/16 17:29:03 INFO mapreduce.Job:  map 28% reduce 0%
20/06/16 17:29:05 INFO mapreduce.Job:  map 30% reduce 0%
20/06/16 17:29:06 INFO mapreduce.Job:  map 31% reduce 0%
20/06/16 17:29:09 INFO mapreduce.Job:  map 32% reduce 0%
20/06/16 17:29:10 INFO mapreduce.Job:  map 32% reduce 3%
20/06/16 17:29:11 INFO mapreduce.Job:  map 35% reduce 3%
20/06/16 17:29:12 INFO mapreduce.Job:  map 36% reduce 3%
20/06/16 17:29:15 INFO mapreduce.Job:  map 38% reduce 3%
20/06/16 17:29:16 INFO mapreduce.Job:  map 38% reduce 4%
20/06/16 17:29:18 INFO mapreduce.Job:  map 40% reduce 4%
20/06/16 17:29:20 INFO mapreduce.Job:  map 41% reduce 4%
20/06/16 17:29:23 INFO mapreduce.Job:  map 42% reduce 4%
20/06/16 17:29:24 INFO mapreduce.Job:  map 43% reduce 4%
20/06/16 17:29:25 INFO mapreduce.Job:  map 45% reduce 4%
20/06/16 17:29:28 INFO mapreduce.Job:  map 47% reduce 4%
20/06/16 17:29:29 INFO mapreduce.Job:  map 47% reduce 5%
20/06/16 17:29:31 INFO mapreduce.Job:  map 48% reduce 5%
20/06/16 17:29:33 INFO mapreduce.Job:  map 51% reduce 5%
20/06/16 17:29:35 INFO mapreduce.Job:  map 51% reduce 6%
20/06/16 17:29:36 INFO mapreduce.Job:  map 52% reduce 6%
20/06/16 17:29:38 INFO mapreduce.Job:  map 53% reduce 7%
20/06/16 17:29:40 INFO mapreduce.Job:  map 55% reduce 7%
20/06/16 17:29:43 INFO mapreduce.Job:  map 57% reduce 7%
20/06/16 17:29:44 INFO mapreduce.Job:  map 57% reduce 8%
20/06/16 17:29:45 INFO mapreduce.Job:  map 59% reduce 8%
20/06/16 17:29:46 INFO mapreduce.Job:  map 60% reduce 8%
20/06/16 17:29:48 INFO mapreduce.Job:  map 62% reduce 8%
20/06/16 17:29:49 INFO mapreduce.Job:  map 63% reduce 8%
20/06/16 17:29:50 INFO mapreduce.Job:  map 63% reduce 9%
20/06/16 17:29:51 INFO mapreduce.Job:  map 64% reduce 9%
20/06/16 17:29:53 INFO mapreduce.Job:  map 64% reduce 10%
20/06/16 17:29:54 INFO mapreduce.Job:  map 66% reduce 10%
20/06/16 17:29:56 INFO mapreduce.Job:  map 67% reduce 10%
20/06/16 17:29:57 INFO mapreduce.Job:  map 68% reduce 10%
20/06/16 17:29:59 INFO mapreduce.Job:  map 69% reduce 11%
20/06/16 17:30:00 INFO mapreduce.Job:  map 70% reduce 11%
20/06/16 17:30:03 INFO mapreduce.Job:  map 71% reduce 11%
20/06/16 17:30:04 INFO mapreduce.Job:  map 73% reduce 11%
20/06/16 17:30:05 INFO mapreduce.Job:  map 74% reduce 11%
20/06/16 17:30:06 INFO mapreduce.Job:  map 75% reduce 11%
20/06/16 17:30:08 INFO mapreduce.Job:  map 76% reduce 12%
20/06/16 17:30:09 INFO mapreduce.Job:  map 77% reduce 12%
20/06/16 17:30:11 INFO mapreduce.Job:  map 79% reduce 13%
20/06/16 17:30:14 INFO mapreduce.Job:  map 81% reduce 14%
20/06/16 17:30:16 INFO mapreduce.Job:  map 82% reduce 14%
20/06/16 17:30:19 INFO mapreduce.Job:  map 83% reduce 14%
20/06/16 17:30:20 INFO mapreduce.Job:  map 84% reduce 14%
20/06/16 17:30:22 INFO mapreduce.Job:  map 85% reduce 14%
20/06/16 17:30:23 INFO mapreduce.Job:  map 85% reduce 15%
20/06/16 17:30:24 INFO mapreduce.Job:  map 86% reduce 15%
20/06/16 17:30:25 INFO mapreduce.Job:  map 87% reduce 15%
20/06/16 17:30:26 INFO mapreduce.Job:  map 87% reduce 16%
20/06/16 17:30:27 INFO mapreduce.Job:  map 88% reduce 16%
20/06/16 17:30:28 INFO mapreduce.Job:  map 89% reduce 16%
20/06/16 17:30:32 INFO mapreduce.Job:  map 90% reduce 18%
20/06/16 17:30:34 INFO mapreduce.Job:  map 91% reduce 18%
20/06/16 17:30:37 INFO mapreduce.Job:  map 92% reduce 18%
20/06/16 17:30:38 INFO mapreduce.Job:  map 92% reduce 19%
20/06/16 17:30:39 INFO mapreduce.Job:  map 93% reduce 19%
20/06/16 17:30:43 INFO mapreduce.Job:  map 94% reduce 19%
20/06/16 17:30:44 INFO mapreduce.Job:  map 94% reduce 20%
20/06/16 17:30:45 INFO mapreduce.Job:  map 95% reduce 20%
20/06/16 17:30:48 INFO mapreduce.Job:  map 96% reduce 20%
20/06/16 17:30:49 INFO mapreduce.Job:  map 97% reduce 20%
20/06/16 17:30:50 INFO mapreduce.Job:  map 98% reduce 22%
20/06/16 17:30:59 INFO mapreduce.Job:  map 99% reduce 24%
20/06/16 17:31:05 INFO mapreduce.Job:  map 99% reduce 25%
20/06/16 17:31:11 INFO mapreduce.Job:  map 99% reduce 26%
20/06/16 17:31:14 INFO mapreduce.Job:  map 99% reduce 27%
20/06/16 17:31:17 INFO mapreduce.Job:  map 99% reduce 28%
20/06/16 17:31:20 INFO mapreduce.Job:  map 99% reduce 29%
20/06/16 17:31:23 INFO mapreduce.Job:  map 99% reduce 30%
20/06/16 17:31:30 INFO mapreduce.Job:  map 99% reduce 31%
20/06/16 17:31:33 INFO mapreduce.Job:  map 99% reduce 32%
20/06/16 17:31:42 INFO mapreduce.Job:  map 100% reduce 33%
20/06/16 17:31:45 INFO mapreduce.Job:  map 100% reduce 57%
20/06/16 17:31:48 INFO mapreduce.Job:  map 100% reduce 67%
20/06/16 17:31:51 INFO mapreduce.Job:  map 100% reduce 69%
20/06/16 17:31:54 INFO mapreduce.Job:  map 100% reduce 71%
20/06/16 17:31:57 INFO mapreduce.Job:  map 100% reduce 73%
20/06/16 17:32:00 INFO mapreduce.Job:  map 100% reduce 75%
20/06/16 17:32:03 INFO mapreduce.Job:  map 100% reduce 76%
20/06/16 17:32:06 INFO mapreduce.Job:  map 100% reduce 78%
20/06/16 17:32:09 INFO mapreduce.Job:  map 100% reduce 80%
20/06/16 17:32:15 INFO mapreduce.Job:  map 100% reduce 81%
20/06/16 17:32:18 INFO mapreduce.Job:  map 100% reduce 84%
20/06/16 17:32:21 INFO mapreduce.Job:  map 100% reduce 85%
20/06/16 17:32:24 INFO mapreduce.Job:  map 100% reduce 86%
20/06/16 17:32:27 INFO mapreduce.Job:  map 100% reduce 88%
20/06/16 17:32:30 INFO mapreduce.Job:  map 100% reduce 90%
20/06/16 17:32:36 INFO mapreduce.Job:  map 100% reduce 92%
20/06/16 17:32:39 INFO mapreduce.Job:  map 100% reduce 94%
20/06/16 17:32:42 INFO mapreduce.Job:  map 100% reduce 96%
20/06/16 17:32:45 INFO mapreduce.Job:  map 100% reduce 97%
20/06/16 17:32:48 INFO mapreduce.Job:  map 100% reduce 99%
20/06/16 17:32:51 INFO mapreduce.Job:  map 100% reduce 100%
20/06/16 17:32:52 INFO mapreduce.Job: Job job_1592295336872_0003 completed successfully
20/06/16 17:32:52 INFO mapreduce.Job: Counters: 51
	File System Counters
		FILE: Number of bytes read=31974520677
		FILE: Number of bytes written=42735048484
		FILE: Number of read operations=0
		FILE: Number of large read operations=0
		FILE: Number of write operations=0
		HDFS: Number of bytes read=10774009875
		HDFS: Number of bytes written=10772846837
		HDFS: Number of read operations=329
		HDFS: Number of large read operations=0
		HDFS: Number of write operations=6
	Job Counters 
		Killed map tasks=3
		Launched map tasks=83
		Launched reduce tasks=3
		Data-local map tasks=77
		Rack-local map tasks=6
		Total time spent by all maps in occupied slots (ms)=1051660
		Total time spent by all reduces in occupied slots (ms)=611005
		Total time spent by all map tasks (ms)=1051660
		Total time spent by all reduce tasks (ms)=611005
		Total vcore-milliseconds taken by all map tasks=1051660
		Total vcore-milliseconds taken by all reduce tasks=611005
		Total megabyte-milliseconds taken by all map tasks=538449920
		Total megabyte-milliseconds taken by all reduce tasks=625669120
	Map-Reduce Framework
		Map input records=1022600
		Map output records=1022600
		Map output bytes=10745642829
		Map output materialized bytes=10751392560
		Input split bytes=8240
		Combine input records=0
		Combine output records=0
		Reduce input groups=1022600
		Reduce shuffle bytes=10751392560
		Reduce input records=1022600
		Reduce output records=1022600
		Spilled Records=4063920
		Shuffled Maps =240
		Failed Shuffles=0
		Merged Map outputs=240
		GC time elapsed (ms)=11125
		CPU time spent (ms)=231070
		Physical memory (bytes) snapshot=21959192576
		Virtual memory (bytes) snapshot=175087607808
		Total committed heap usage (bytes)=16594763776
	Shuffle Errors
		BAD_ID=0
		CONNECTION=0
		IO_ERROR=0
		WRONG_LENGTH=0
		WRONG_MAP=0
		WRONG_REDUCE=0
	File Input Format Counters 
		Bytes Read=10774001635
	File Output Format Counters 
		Bytes Written=10772846837
