20/06/10 11:15:50 INFO client.RMProxy: Connecting to ResourceManager at master/10.51.17.95:8032
20/06/10 11:15:51 INFO client.RMProxy: Connecting to ResourceManager at master/10.51.17.95:8032
20/06/10 11:15:51 INFO input.FileInputFormat: Total input paths to process : 10
20/06/10 11:15:51 INFO mapreduce.JobSubmitter: number of splits:80
20/06/10 11:15:52 INFO mapreduce.JobSubmitter: Submitting tokens for job: job_1591755290953_0002
20/06/10 11:15:52 INFO impl.YarnClientImpl: Submitted application application_1591755290953_0002
20/06/10 11:15:52 INFO mapreduce.Job: The url to track the job: http://master:8088/proxy/application_1591755290953_0002/
20/06/10 11:15:52 INFO mapreduce.Job: Running job: job_1591755290953_0002
20/06/10 11:16:01 INFO mapreduce.Job: Job job_1591755290953_0002 running in uber mode : false
20/06/10 11:16:01 INFO mapreduce.Job:  map 0% reduce 0%
20/06/10 11:16:13 INFO mapreduce.Job:  map 4% reduce 0%
20/06/10 11:16:14 INFO mapreduce.Job:  map 8% reduce 0%
20/06/10 11:16:15 INFO mapreduce.Job:  map 10% reduce 0%
20/06/10 11:16:16 INFO mapreduce.Job:  map 13% reduce 0%
20/06/10 11:16:17 INFO mapreduce.Job:  map 16% reduce 0%
20/06/10 11:16:19 INFO mapreduce.Job:  map 17% reduce 0%
20/06/10 11:16:22 INFO mapreduce.Job:  map 19% reduce 0%
20/06/10 11:16:24 INFO mapreduce.Job:  map 20% reduce 0%
20/06/10 11:16:26 INFO mapreduce.Job:  map 22% reduce 0%
20/06/10 11:16:27 INFO mapreduce.Job:  map 23% reduce 0%
20/06/10 11:16:28 INFO mapreduce.Job:  map 24% reduce 0%
20/06/10 11:16:29 INFO mapreduce.Job:  map 27% reduce 0%
20/06/10 11:16:32 INFO mapreduce.Job:  map 29% reduce 1%
20/06/10 11:16:33 INFO mapreduce.Job:  map 30% reduce 1%
20/06/10 11:16:36 INFO mapreduce.Job:  map 30% reduce 3%
20/06/10 11:16:38 INFO mapreduce.Job:  map 31% reduce 3%
20/06/10 11:16:39 INFO mapreduce.Job:  map 32% reduce 3%
20/06/10 11:16:42 INFO mapreduce.Job:  map 33% reduce 5%
20/06/10 11:16:45 INFO mapreduce.Job:  map 33% reduce 6%
20/06/10 11:16:46 INFO mapreduce.Job:  map 34% reduce 6%
20/06/10 11:16:48 INFO mapreduce.Job:  map 35% reduce 6%
20/06/10 11:16:49 INFO mapreduce.Job:  map 36% reduce 6%
20/06/10 11:16:51 INFO mapreduce.Job:  map 37% reduce 6%
20/06/10 11:16:53 INFO mapreduce.Job:  map 38% reduce 6%
20/06/10 11:16:54 INFO mapreduce.Job:  map 39% reduce 7%
20/06/10 11:16:56 INFO mapreduce.Job:  map 40% reduce 7%
20/06/10 11:16:57 INFO mapreduce.Job:  map 40% reduce 8%
20/06/10 11:17:07 INFO mapreduce.Job:  map 41% reduce 8%
20/06/10 11:17:08 INFO mapreduce.Job:  map 44% reduce 8%
20/06/10 11:17:10 INFO mapreduce.Job:  map 45% reduce 8%
20/06/10 11:17:11 INFO mapreduce.Job:  map 46% reduce 8%
20/06/10 11:17:12 INFO mapreduce.Job:  map 46% reduce 10%
20/06/10 11:17:15 INFO mapreduce.Job:  map 47% reduce 11%
20/06/10 11:17:18 INFO mapreduce.Job:  map 48% reduce 11%
20/06/10 11:17:19 INFO mapreduce.Job:  map 49% reduce 11%
20/06/10 11:17:22 INFO mapreduce.Job:  map 51% reduce 11%
20/06/10 11:17:24 INFO mapreduce.Job:  map 53% reduce 12%
20/06/10 11:17:25 INFO mapreduce.Job:  map 54% reduce 12%
20/06/10 11:17:27 INFO mapreduce.Job:  map 55% reduce 13%
20/06/10 11:17:35 INFO mapreduce.Job:  map 56% reduce 13%
20/06/10 11:17:39 INFO mapreduce.Job:  map 57% reduce 13%
20/06/10 11:17:40 INFO mapreduce.Job:  map 58% reduce 14%
20/06/10 11:17:41 INFO mapreduce.Job:  map 59% reduce 14%
20/06/10 11:17:42 INFO mapreduce.Job:  map 60% reduce 14%
20/06/10 11:17:43 INFO mapreduce.Job:  map 60% reduce 15%
20/06/10 11:17:44 INFO mapreduce.Job:  map 61% reduce 15%
20/06/10 11:17:45 INFO mapreduce.Job:  map 61% reduce 16%
20/06/10 11:17:46 INFO mapreduce.Job:  map 61% reduce 17%
20/06/10 11:17:50 INFO mapreduce.Job:  map 62% reduce 17%
20/06/10 11:17:56 INFO mapreduce.Job:  map 63% reduce 17%
20/06/10 11:17:58 INFO mapreduce.Job:  map 65% reduce 17%
20/06/10 11:18:00 INFO mapreduce.Job:  map 67% reduce 18%
20/06/10 11:18:01 INFO mapreduce.Job:  map 68% reduce 18%
20/06/10 11:18:03 INFO mapreduce.Job:  map 70% reduce 19%
20/06/10 11:18:05 INFO mapreduce.Job:  map 70% reduce 20%
20/06/10 11:18:08 INFO mapreduce.Job:  map 71% reduce 20%
20/06/10 11:18:11 INFO mapreduce.Job:  map 72% reduce 20%
20/06/10 11:18:12 INFO mapreduce.Job:  map 73% reduce 20%
20/06/10 11:18:15 INFO mapreduce.Job:  map 74% reduce 20%
20/06/10 11:18:17 INFO mapreduce.Job:  map 75% reduce 20%
20/06/10 11:18:18 INFO mapreduce.Job:  map 76% reduce 21%
20/06/10 11:18:20 INFO mapreduce.Job:  map 77% reduce 21%
20/06/10 11:18:22 INFO mapreduce.Job:  map 78% reduce 21%
20/06/10 11:18:23 INFO mapreduce.Job:  map 79% reduce 21%
20/06/10 11:18:25 INFO mapreduce.Job:  map 80% reduce 22%
20/06/10 11:18:28 INFO mapreduce.Job:  map 80% reduce 23%
20/06/10 11:18:34 INFO mapreduce.Job:  map 82% reduce 24%
20/06/10 11:18:37 INFO mapreduce.Job:  map 83% reduce 25%
20/06/10 11:18:40 INFO mapreduce.Job:  map 84% reduce 25%
20/06/10 11:18:43 INFO mapreduce.Job:  map 85% reduce 25%
20/06/10 11:18:47 INFO mapreduce.Job:  map 85% reduce 26%
20/06/10 11:18:48 INFO mapreduce.Job:  map 86% reduce 26%
20/06/10 11:18:49 INFO mapreduce.Job:  map 87% reduce 26%
20/06/10 11:18:52 INFO mapreduce.Job:  map 87% reduce 27%
20/06/10 11:18:56 INFO mapreduce.Job:  map 88% reduce 27%
20/06/10 11:18:59 INFO mapreduce.Job:  map 90% reduce 27%
20/06/10 11:19:04 INFO mapreduce.Job:  map 91% reduce 27%
20/06/10 11:19:05 INFO mapreduce.Job:  map 93% reduce 27%
20/06/10 11:19:07 INFO mapreduce.Job:  map 93% reduce 28%
20/06/10 11:19:08 INFO mapreduce.Job:  map 94% reduce 29%
20/06/10 11:19:11 INFO mapreduce.Job:  map 95% reduce 30%
20/06/10 11:19:13 INFO mapreduce.Job:  map 95% reduce 31%
20/06/10 11:19:18 INFO mapreduce.Job:  map 96% reduce 31%
20/06/10 11:19:20 INFO mapreduce.Job:  map 96% reduce 32%
20/06/10 11:19:30 INFO mapreduce.Job:  map 98% reduce 32%
20/06/10 11:19:31 INFO mapreduce.Job:  map 100% reduce 32%
20/06/10 11:19:32 INFO mapreduce.Job:  map 100% reduce 39%
20/06/10 11:19:34 INFO mapreduce.Job:  map 100% reduce 50%
20/06/10 11:19:35 INFO mapreduce.Job:  map 100% reduce 66%
20/06/10 11:19:37 INFO mapreduce.Job:  map 100% reduce 67%
20/06/10 11:19:38 INFO mapreduce.Job:  map 100% reduce 68%
20/06/10 11:19:41 INFO mapreduce.Job:  map 100% reduce 69%
20/06/10 11:19:43 INFO mapreduce.Job:  map 100% reduce 70%
20/06/10 11:19:44 INFO mapreduce.Job:  map 100% reduce 72%
20/06/10 11:19:47 INFO mapreduce.Job:  map 100% reduce 74%
20/06/10 11:19:49 INFO mapreduce.Job:  map 100% reduce 75%
20/06/10 11:19:50 INFO mapreduce.Job:  map 100% reduce 76%
20/06/10 11:19:52 INFO mapreduce.Job:  map 100% reduce 77%
20/06/10 11:19:53 INFO mapreduce.Job:  map 100% reduce 78%
20/06/10 11:19:55 INFO mapreduce.Job:  map 100% reduce 79%
20/06/10 11:19:56 INFO mapreduce.Job:  map 100% reduce 80%
20/06/10 11:20:02 INFO mapreduce.Job:  map 100% reduce 82%
20/06/10 11:20:04 INFO mapreduce.Job:  map 100% reduce 83%
20/06/10 11:20:07 INFO mapreduce.Job:  map 100% reduce 84%
20/06/10 11:20:08 INFO mapreduce.Job:  map 100% reduce 85%
20/06/10 11:20:11 INFO mapreduce.Job:  map 100% reduce 86%
20/06/10 11:20:13 INFO mapreduce.Job:  map 100% reduce 87%
20/06/10 11:20:14 INFO mapreduce.Job:  map 100% reduce 88%
20/06/10 11:20:17 INFO mapreduce.Job:  map 100% reduce 89%
20/06/10 11:20:20 INFO mapreduce.Job:  map 100% reduce 90%
20/06/10 11:20:22 INFO mapreduce.Job:  map 100% reduce 91%
20/06/10 11:20:23 INFO mapreduce.Job:  map 100% reduce 92%
20/06/10 11:20:25 INFO mapreduce.Job:  map 100% reduce 93%
20/06/10 11:20:26 INFO mapreduce.Job:  map 100% reduce 94%
20/06/10 11:20:29 INFO mapreduce.Job:  map 100% reduce 95%
20/06/10 11:20:32 INFO mapreduce.Job:  map 100% reduce 96%
20/06/10 11:20:34 INFO mapreduce.Job:  map 100% reduce 97%
20/06/10 11:20:35 INFO mapreduce.Job:  map 100% reduce 98%
20/06/10 11:20:37 INFO mapreduce.Job:  map 100% reduce 99%
20/06/10 11:20:38 INFO mapreduce.Job:  map 100% reduce 100%
20/06/10 11:20:39 INFO mapreduce.Job: Job job_1591755290953_0002 completed successfully
20/06/10 11:20:39 INFO mapreduce.Job: Counters: 51
	File System Counters
		FILE: Number of bytes read=31974052164
		FILE: Number of bytes written=42734598754
		FILE: Number of read operations=0
		FILE: Number of large read operations=0
		FILE: Number of write operations=0
		HDFS: Number of bytes read=10774190327
		HDFS: Number of bytes written=10772849576
		HDFS: Number of read operations=329
		HDFS: Number of large read operations=0
		HDFS: Number of write operations=6
	Job Counters 
		Killed map tasks=2
		Launched map tasks=81
		Launched reduce tasks=3
		Data-local map tasks=65
		Rack-local map tasks=16
		Total time spent by all maps in occupied slots (ms)=2051058
		Total time spent by all reduces in occupied slots (ms)=748333
		Total time spent by all map tasks (ms)=2051058
		Total time spent by all reduce tasks (ms)=748333
		Total vcore-milliseconds taken by all map tasks=2051058
		Total vcore-milliseconds taken by all reduce tasks=748333
		Total megabyte-milliseconds taken by all map tasks=2100283392
		Total megabyte-milliseconds taken by all reduce tasks=766292992
	Map-Reduce Framework
		Map input records=1021935
		Map output records=1021935
		Map output bytes=10745665828
		Map output materialized bytes=10751411944
		Input split bytes=9040
		Combine input records=0
		Combine output records=0
		Reduce input groups=1021935
		Reduce shuffle bytes=10751411944
		Reduce input records=1021935
		Reduce output records=1021935
		Spilled Records=4061153
		Shuffled Maps =240
		Failed Shuffles=0
		Merged Map outputs=240
		GC time elapsed (ms)=16139
		CPU time spent (ms)=272630
		Physical memory (bytes) snapshot=21874130944
		Virtual memory (bytes) snapshot=175092064256
		Total committed heap usage (bytes)=16541286400
	Shuffle Errors
		BAD_ID=0
		CONNECTION=0
		IO_ERROR=0
		WRONG_LENGTH=0
		WRONG_MAP=0
		WRONG_REDUCE=0
	File Input Format Counters 
		Bytes Read=10774181287
	File Output Format Counters 
		Bytes Written=10772849576
