20/06/07 22:55:55 INFO client.RMProxy: Connecting to ResourceManager at master/10.51.17.95:8032
20/06/07 22:55:55 INFO input.FileInputFormat: Total input paths to process : 10
20/06/07 22:55:55 INFO mapreduce.JobSubmitter: number of splits:90
20/06/07 22:55:56 INFO mapreduce.JobSubmitter: Submitting tokens for job: job_1591536387227_0012
20/06/07 22:55:56 INFO impl.YarnClientImpl: Submitted application application_1591536387227_0012
20/06/07 22:55:56 INFO mapreduce.Job: The url to track the job: http://master:8088/proxy/application_1591536387227_0012/
20/06/07 22:55:56 INFO mapreduce.Job: Running job: job_1591536387227_0012
20/06/07 22:56:04 INFO mapreduce.Job: Job job_1591536387227_0012 running in uber mode : false
20/06/07 22:56:04 INFO mapreduce.Job:  map 0% reduce 0%
20/06/07 22:56:18 INFO mapreduce.Job:  map 1% reduce 0%
20/06/07 22:56:19 INFO mapreduce.Job:  map 2% reduce 0%
20/06/07 22:56:21 INFO mapreduce.Job:  map 3% reduce 0%
20/06/07 22:56:30 INFO mapreduce.Job:  map 4% reduce 0%
20/06/07 22:56:36 INFO mapreduce.Job:  map 5% reduce 0%
20/06/07 22:56:39 INFO mapreduce.Job:  map 6% reduce 0%
20/06/07 22:56:47 INFO mapreduce.Job:  map 7% reduce 0%
20/06/07 22:56:49 INFO mapreduce.Job:  map 8% reduce 0%
20/06/07 22:56:57 INFO mapreduce.Job:  map 9% reduce 0%
20/06/07 22:57:00 INFO mapreduce.Job:  map 10% reduce 0%
20/06/07 22:57:01 INFO mapreduce.Job:  map 12% reduce 0%
20/06/07 22:57:10 INFO mapreduce.Job:  map 13% reduce 0%
20/06/07 22:57:15 INFO mapreduce.Job:  map 15% reduce 0%
20/06/07 22:57:16 INFO mapreduce.Job:  map 16% reduce 0%
20/06/07 22:57:18 INFO mapreduce.Job:  map 17% reduce 0%
20/06/07 22:57:26 INFO mapreduce.Job:  map 18% reduce 0%
20/06/07 22:57:30 INFO mapreduce.Job:  map 19% reduce 0%
20/06/07 22:57:31 INFO mapreduce.Job:  map 19% reduce 5%
20/06/07 22:57:33 INFO mapreduce.Job:  map 20% reduce 5%
20/06/07 22:57:41 INFO mapreduce.Job:  map 21% reduce 5%
20/06/07 22:57:45 INFO mapreduce.Job:  map 22% reduce 5%
20/06/07 22:57:52 INFO mapreduce.Job:  map 23% reduce 5%
20/06/07 22:57:54 INFO mapreduce.Job:  map 24% reduce 5%
20/06/07 22:57:55 INFO mapreduce.Job:  map 24% reduce 6%
20/06/07 22:57:56 INFO mapreduce.Job:  map 25% reduce 6%
20/06/07 22:57:58 INFO mapreduce.Job:  map 25% reduce 7%
20/06/07 22:57:59 INFO mapreduce.Job:  map 26% reduce 7%
20/06/07 22:58:06 INFO mapreduce.Job:  map 27% reduce 7%
20/06/07 22:58:10 INFO mapreduce.Job:  map 28% reduce 7%
20/06/07 22:58:13 INFO mapreduce.Job:  map 29% reduce 7%
20/06/07 22:58:16 INFO mapreduce.Job:  map 29% reduce 8%
20/06/07 22:58:18 INFO mapreduce.Job:  map 30% reduce 8%
20/06/07 22:58:20 INFO mapreduce.Job:  map 31% reduce 8%
20/06/07 22:58:22 INFO mapreduce.Job:  map 31% reduce 9%
20/06/07 22:58:25 INFO mapreduce.Job:  map 32% reduce 9%
20/06/07 22:58:27 INFO mapreduce.Job:  map 33% reduce 9%
20/06/07 22:58:29 INFO mapreduce.Job:  map 33% reduce 10%
20/06/07 22:58:34 INFO mapreduce.Job:  map 34% reduce 10%
20/06/07 22:58:38 INFO mapreduce.Job:  map 35% reduce 10%
20/06/07 22:58:43 INFO mapreduce.Job:  map 36% reduce 10%
20/06/07 22:58:47 INFO mapreduce.Job:  map 37% reduce 10%
20/06/07 22:58:50 INFO mapreduce.Job:  map 38% reduce 11%
20/06/07 22:58:53 INFO mapreduce.Job:  map 39% reduce 11%
20/06/07 22:58:56 INFO mapreduce.Job:  map 39% reduce 12%
20/06/07 22:58:58 INFO mapreduce.Job:  map 40% reduce 12%
20/06/07 22:59:01 INFO mapreduce.Job:  map 41% reduce 12%
20/06/07 22:59:08 INFO mapreduce.Job:  map 42% reduce 12%
20/06/07 22:59:11 INFO mapreduce.Job:  map 43% reduce 12%
20/06/07 22:59:16 INFO mapreduce.Job:  map 44% reduce 12%
20/06/07 22:59:18 INFO mapreduce.Job:  map 44% reduce 13%
20/06/07 22:59:21 INFO mapreduce.Job:  map 45% reduce 13%
20/06/07 22:59:24 INFO mapreduce.Job:  map 46% reduce 13%
20/06/07 22:59:27 INFO mapreduce.Job:  map 47% reduce 14%
20/06/07 22:59:29 INFO mapreduce.Job:  map 48% reduce 14%
20/06/07 22:59:35 INFO mapreduce.Job:  map 49% reduce 14%
20/06/07 22:59:36 INFO mapreduce.Job:  map 49% reduce 15%
20/06/07 22:59:39 INFO mapreduce.Job:  map 50% reduce 15%
20/06/07 22:59:41 INFO mapreduce.Job:  map 51% reduce 15%
20/06/07 22:59:46 INFO mapreduce.Job:  map 51% reduce 16%
20/06/07 22:59:48 INFO mapreduce.Job:  map 52% reduce 16%
20/06/07 22:59:50 INFO mapreduce.Job:  map 53% reduce 16%
20/06/07 22:59:52 INFO mapreduce.Job:  map 53% reduce 17%
20/06/07 22:59:53 INFO mapreduce.Job:  map 54% reduce 17%
20/06/07 23:00:01 INFO mapreduce.Job:  map 55% reduce 17%
20/06/07 23:00:04 INFO mapreduce.Job:  map 56% reduce 17%
20/06/07 23:00:09 INFO mapreduce.Job:  map 57% reduce 17%
20/06/07 23:00:13 INFO mapreduce.Job:  map 58% reduce 17%
20/06/07 23:00:18 INFO mapreduce.Job:  map 59% reduce 17%
20/06/07 23:00:22 INFO mapreduce.Job:  map 60% reduce 17%
20/06/07 23:00:27 INFO mapreduce.Job:  map 61% reduce 17%
20/06/07 23:00:29 INFO mapreduce.Job:  map 62% reduce 18%
20/06/07 23:00:32 INFO mapreduce.Job:  map 63% reduce 19%
20/06/07 23:00:36 INFO mapreduce.Job:  map 64% reduce 19%
20/06/07 23:00:38 INFO mapreduce.Job:  map 64% reduce 20%
20/06/07 23:00:40 INFO mapreduce.Job:  map 65% reduce 20%
20/06/07 23:00:42 INFO mapreduce.Job:  map 66% reduce 20%
20/06/07 23:00:43 INFO mapreduce.Job:  map 66% reduce 21%
20/06/07 23:00:47 INFO mapreduce.Job:  map 67% reduce 21%
20/06/07 23:00:52 INFO mapreduce.Job:  map 67% reduce 22%
20/06/07 23:00:53 INFO mapreduce.Job:  map 68% reduce 22%
20/06/07 23:00:55 INFO mapreduce.Job:  map 69% reduce 22%
20/06/07 23:00:59 INFO mapreduce.Job:  map 70% reduce 22%
20/06/07 23:01:06 INFO mapreduce.Job:  map 71% reduce 22%
20/06/07 23:01:11 INFO mapreduce.Job:  map 72% reduce 22%
20/06/07 23:01:16 INFO mapreduce.Job:  map 73% reduce 22%
20/06/07 23:01:20 INFO mapreduce.Job:  map 74% reduce 22%
20/06/07 23:01:25 INFO mapreduce.Job:  map 75% reduce 22%
20/06/07 23:01:26 INFO mapreduce.Job:  map 75% reduce 23%
20/06/07 23:01:28 INFO mapreduce.Job:  map 76% reduce 23%
20/06/07 23:01:30 INFO mapreduce.Job:  map 77% reduce 23%
20/06/07 23:01:32 INFO mapreduce.Job:  map 78% reduce 24%
20/06/07 23:01:35 INFO mapreduce.Job:  map 78% reduce 25%
20/06/07 23:01:36 INFO mapreduce.Job:  map 79% reduce 25%
20/06/07 23:01:39 INFO mapreduce.Job:  map 79% reduce 26%
20/06/07 23:01:42 INFO mapreduce.Job:  map 80% reduce 26%
20/06/07 23:01:44 INFO mapreduce.Job:  map 81% reduce 26%
20/06/07 23:01:46 INFO mapreduce.Job:  map 82% reduce 26%
20/06/07 23:01:48 INFO mapreduce.Job:  map 83% reduce 26%
20/06/07 23:01:51 INFO mapreduce.Job:  map 84% reduce 27%
20/06/07 23:01:56 INFO mapreduce.Job:  map 85% reduce 27%
20/06/07 23:01:57 INFO mapreduce.Job:  map 86% reduce 27%
20/06/07 23:01:59 INFO mapreduce.Job:  map 87% reduce 27%
20/06/07 23:02:00 INFO mapreduce.Job:  map 88% reduce 27%
20/06/07 23:02:03 INFO mapreduce.Job:  map 88% reduce 28%
20/06/07 23:02:04 INFO mapreduce.Job:  map 89% reduce 28%
20/06/07 23:02:07 INFO mapreduce.Job:  map 90% reduce 28%
20/06/07 23:02:09 INFO mapreduce.Job:  map 91% reduce 29%
20/06/07 23:02:12 INFO mapreduce.Job:  map 92% reduce 29%
20/06/07 23:02:13 INFO mapreduce.Job:  map 93% reduce 29%
20/06/07 23:02:16 INFO mapreduce.Job:  map 94% reduce 29%
20/06/07 23:02:19 INFO mapreduce.Job:  map 96% reduce 29%
20/06/07 23:02:22 INFO mapreduce.Job:  map 97% reduce 30%
20/06/07 23:02:24 INFO mapreduce.Job:  map 98% reduce 30%
20/06/07 23:02:25 INFO mapreduce.Job:  map 99% reduce 31%
20/06/07 23:02:26 INFO mapreduce.Job:  map 100% reduce 31%
20/06/07 23:02:28 INFO mapreduce.Job:  map 100% reduce 33%
20/06/07 23:02:31 INFO mapreduce.Job:  map 100% reduce 69%
20/06/07 23:02:34 INFO mapreduce.Job:  map 100% reduce 75%
20/06/07 23:02:37 INFO mapreduce.Job:  map 100% reduce 80%
20/06/07 23:02:40 INFO mapreduce.Job:  map 100% reduce 87%
20/06/07 23:02:43 INFO mapreduce.Job:  map 100% reduce 100%
20/06/07 23:02:44 INFO mapreduce.Job: Job job_1591536387227_0012 completed successfully
20/06/07 23:02:44 INFO mapreduce.Job: Counters: 51
	File System Counters
		FILE: Number of bytes read=1515482246
		FILE: Number of bytes written=2260595013
		FILE: Number of read operations=0
		FILE: Number of large read operations=0
		FILE: Number of write operations=0
		HDFS: Number of bytes read=11026210823
		HDFS: Number of bytes written=361428603
		HDFS: Number of read operations=273
		HDFS: Number of large read operations=0
		HDFS: Number of write operations=2
	Job Counters 
		Killed map tasks=1
		Launched map tasks=91
		Launched reduce tasks=1
		Data-local map tasks=90
		Rack-local map tasks=1
		Total time spent by all maps in occupied slots (ms)=4898093
		Total time spent by all reduces in occupied slots (ms)=325720
		Total time spent by all map tasks (ms)=4898093
		Total time spent by all reduce tasks (ms)=325720
		Total vcore-milliseconds taken by all map tasks=4898093
		Total vcore-milliseconds taken by all reduce tasks=325720
		Total megabyte-milliseconds taken by all map tasks=5015647232
		Total megabyte-milliseconds taken by all reduce tasks=333537280
	Map-Reduce Framework
		Map input records=266059
		Map output records=1009313669
		Map output bytes=15223245456
		Map output materialized bytes=733933254
		Input split bytes=10530
		Combine input records=1034088122
		Combine output records=47422777
		Reduce input groups=9910228
		Reduce shuffle bytes=733933254
		Reduce input records=22648324
		Reduce output records=9910228
		Spilled Records=70071101
		Shuffled Maps =90
		Failed Shuffles=0
		Merged Map outputs=90
		GC time elapsed (ms)=98044
		CPU time spent (ms)=1981450
		Physical memory (bytes) snapshot=25130061824
		Virtual memory (bytes) snapshot=191943585792
		Total committed heap usage (bytes)=18911592448
	Shuffle Errors
		BAD_ID=0
		CONNECTION=0
		IO_ERROR=0
		WRONG_LENGTH=0
		WRONG_MAP=0
		WRONG_REDUCE=0
	File Input Format Counters 
		Bytes Read=11026200293
	File Output Format Counters 
		Bytes Written=361428603
