20/06/15 10:40:01 INFO client.RMProxy: Connecting to ResourceManager at master/10.51.17.95:8032
20/06/15 10:40:01 INFO input.FileInputFormat: Total input paths to process : 10
20/06/15 10:40:02 INFO mapreduce.JobSubmitter: number of splits:90
20/06/15 10:40:02 INFO mapreduce.JobSubmitter: Submitting tokens for job: job_1592185111267_0001
20/06/15 10:40:03 INFO impl.YarnClientImpl: Submitted application application_1592185111267_0001
20/06/15 10:40:03 INFO mapreduce.Job: The url to track the job: http://master:8088/proxy/application_1592185111267_0001/
20/06/15 10:40:03 INFO mapreduce.Job: Running job: job_1592185111267_0001
20/06/15 10:40:09 INFO mapreduce.Job: Job job_1592185111267_0001 running in uber mode : false
20/06/15 10:40:09 INFO mapreduce.Job:  map 0% reduce 0%
20/06/15 10:40:22 INFO mapreduce.Job:  map 1% reduce 0%
20/06/15 10:40:27 INFO mapreduce.Job:  map 2% reduce 0%
20/06/15 10:40:32 INFO mapreduce.Job:  map 3% reduce 0%
20/06/15 10:40:38 INFO mapreduce.Job:  map 4% reduce 0%
20/06/15 10:40:43 INFO mapreduce.Job:  map 5% reduce 0%
20/06/15 10:40:50 INFO mapreduce.Job:  map 6% reduce 0%
20/06/15 10:40:52 INFO mapreduce.Job:  map 7% reduce 0%
20/06/15 10:40:54 INFO mapreduce.Job:  map 8% reduce 0%
20/06/15 10:41:01 INFO mapreduce.Job:  map 9% reduce 0%
20/06/15 10:41:08 INFO mapreduce.Job:  map 10% reduce 0%
20/06/15 10:41:12 INFO mapreduce.Job:  map 11% reduce 0%
20/06/15 10:41:13 INFO mapreduce.Job:  map 12% reduce 0%
20/06/15 10:41:14 INFO mapreduce.Job:  map 13% reduce 0%
20/06/15 10:41:22 INFO mapreduce.Job:  map 14% reduce 0%
20/06/15 10:41:28 INFO mapreduce.Job:  map 15% reduce 0%
20/06/15 10:41:30 INFO mapreduce.Job:  map 16% reduce 0%
20/06/15 10:41:33 INFO mapreduce.Job:  map 17% reduce 0%
20/06/15 10:41:40 INFO mapreduce.Job:  map 18% reduce 0%
20/06/15 10:41:45 INFO mapreduce.Job:  map 19% reduce 0%
20/06/15 10:41:50 INFO mapreduce.Job:  map 20% reduce 0%
20/06/15 10:41:55 INFO mapreduce.Job:  map 21% reduce 0%
20/06/15 10:41:59 INFO mapreduce.Job:  map 22% reduce 0%
20/06/15 10:42:04 INFO mapreduce.Job:  map 23% reduce 0%
20/06/15 10:42:07 INFO mapreduce.Job:  map 24% reduce 0%
20/06/15 10:42:10 INFO mapreduce.Job:  map 25% reduce 0%
20/06/15 10:42:12 INFO mapreduce.Job:  map 26% reduce 0%
20/06/15 10:42:15 INFO mapreduce.Job:  map 27% reduce 0%
20/06/15 10:42:20 INFO mapreduce.Job:  map 28% reduce 0%
20/06/15 10:42:23 INFO mapreduce.Job:  map 28% reduce 6%
20/06/15 10:42:26 INFO mapreduce.Job:  map 28% reduce 9%
20/06/15 10:42:27 INFO mapreduce.Job:  map 29% reduce 9%
20/06/15 10:42:31 INFO mapreduce.Job:  map 30% reduce 9%
20/06/15 10:42:36 INFO mapreduce.Job:  map 31% reduce 9%
20/06/15 10:42:42 INFO mapreduce.Job:  map 32% reduce 9%
20/06/15 10:42:45 INFO mapreduce.Job:  map 33% reduce 9%
20/06/15 10:42:47 INFO mapreduce.Job:  map 34% reduce 10%
20/06/15 10:42:54 INFO mapreduce.Job:  map 35% reduce 10%
20/06/15 10:42:57 INFO mapreduce.Job:  map 36% reduce 11%
20/06/15 10:43:01 INFO mapreduce.Job:  map 37% reduce 11%
20/06/15 10:43:04 INFO mapreduce.Job:  map 38% reduce 11%
20/06/15 10:43:06 INFO mapreduce.Job:  map 38% reduce 12%
20/06/15 10:43:09 INFO mapreduce.Job:  map 39% reduce 12%
20/06/15 10:43:14 INFO mapreduce.Job:  map 40% reduce 12%
20/06/15 10:43:19 INFO mapreduce.Job:  map 41% reduce 12%
20/06/15 10:43:21 INFO mapreduce.Job:  map 41% reduce 13%
20/06/15 10:43:22 INFO mapreduce.Job:  map 42% reduce 13%
20/06/15 10:43:23 INFO mapreduce.Job:  map 43% reduce 13%
20/06/15 10:43:30 INFO mapreduce.Job:  map 44% reduce 13%
20/06/15 10:43:35 INFO mapreduce.Job:  map 45% reduce 13%
20/06/15 10:43:36 INFO mapreduce.Job:  map 45% reduce 14%
20/06/15 10:43:39 INFO mapreduce.Job:  map 46% reduce 14%
20/06/15 10:43:44 INFO mapreduce.Job:  map 47% reduce 14%
20/06/15 10:43:47 INFO mapreduce.Job:  map 48% reduce 14%
20/06/15 10:43:49 INFO mapreduce.Job:  map 49% reduce 14%
20/06/15 10:43:51 INFO mapreduce.Job:  map 49% reduce 16%
20/06/15 10:43:53 INFO mapreduce.Job:  map 50% reduce 16%
20/06/15 10:43:59 INFO mapreduce.Job:  map 51% reduce 16%
20/06/15 10:44:01 INFO mapreduce.Job:  map 52% reduce 16%
20/06/15 10:44:03 INFO mapreduce.Job:  map 52% reduce 17%
20/06/15 10:44:08 INFO mapreduce.Job:  map 53% reduce 17%
20/06/15 10:44:11 INFO mapreduce.Job:  map 54% reduce 17%
20/06/15 10:44:17 INFO mapreduce.Job:  map 55% reduce 17%
20/06/15 10:44:20 INFO mapreduce.Job:  map 56% reduce 17%
20/06/15 10:44:24 INFO mapreduce.Job:  map 57% reduce 17%
20/06/15 10:44:28 INFO mapreduce.Job:  map 58% reduce 18%
20/06/15 10:44:34 INFO mapreduce.Job:  map 59% reduce 18%
20/06/15 10:44:36 INFO mapreduce.Job:  map 60% reduce 18%
20/06/15 10:44:37 INFO mapreduce.Job:  map 60% reduce 19%
20/06/15 10:44:38 INFO mapreduce.Job:  map 61% reduce 19%
20/06/15 10:44:40 INFO mapreduce.Job:  map 61% reduce 20%
20/06/15 10:44:42 INFO mapreduce.Job:  map 62% reduce 20%
20/06/15 10:44:50 INFO mapreduce.Job:  map 63% reduce 20%
20/06/15 10:44:54 INFO mapreduce.Job:  map 64% reduce 20%
20/06/15 10:44:59 INFO mapreduce.Job:  map 65% reduce 20%
20/06/15 10:45:03 INFO mapreduce.Job:  map 66% reduce 20%
20/06/15 10:45:08 INFO mapreduce.Job:  map 67% reduce 20%
20/06/15 10:45:11 INFO mapreduce.Job:  map 68% reduce 21%
20/06/15 10:45:14 INFO mapreduce.Job:  map 69% reduce 21%
20/06/15 10:45:18 INFO mapreduce.Job:  map 69% reduce 22%
20/06/15 10:45:20 INFO mapreduce.Job:  map 70% reduce 22%
20/06/15 10:45:23 INFO mapreduce.Job:  map 71% reduce 23%
20/06/15 10:45:26 INFO mapreduce.Job:  map 72% reduce 23%
20/06/15 10:45:29 INFO mapreduce.Job:  map 72% reduce 24%
20/06/15 10:45:32 INFO mapreduce.Job:  map 73% reduce 24%
20/06/15 10:45:36 INFO mapreduce.Job:  map 74% reduce 24%
20/06/15 10:45:39 INFO mapreduce.Job:  map 75% reduce 24%
20/06/15 10:45:44 INFO mapreduce.Job:  map 76% reduce 24%
20/06/15 10:45:47 INFO mapreduce.Job:  map 77% reduce 24%
20/06/15 10:45:51 INFO mapreduce.Job:  map 78% reduce 24%
20/06/15 10:45:54 INFO mapreduce.Job:  map 78% reduce 25%
20/06/15 10:45:57 INFO mapreduce.Job:  map 79% reduce 25%
20/06/15 10:45:58 INFO mapreduce.Job:  map 80% reduce 25%
20/06/15 10:46:00 INFO mapreduce.Job:  map 81% reduce 26%
20/06/15 10:46:04 INFO mapreduce.Job:  map 82% reduce 26%
20/06/15 10:46:06 INFO mapreduce.Job:  map 82% reduce 27%
20/06/15 10:46:08 INFO mapreduce.Job:  map 83% reduce 27%
20/06/15 10:46:11 INFO mapreduce.Job:  map 84% reduce 27%
20/06/15 10:46:12 INFO mapreduce.Job:  map 85% reduce 27%
20/06/15 10:46:15 INFO mapreduce.Job:  map 85% reduce 28%
20/06/15 10:46:16 INFO mapreduce.Job:  map 87% reduce 28%
20/06/15 10:46:18 INFO mapreduce.Job:  map 87% reduce 29%
20/06/15 10:46:19 INFO mapreduce.Job:  map 88% reduce 29%
20/06/15 10:46:24 INFO mapreduce.Job:  map 89% reduce 29%
20/06/15 10:46:31 INFO mapreduce.Job:  map 90% reduce 29%
20/06/15 10:46:32 INFO mapreduce.Job:  map 91% reduce 29%
20/06/15 10:46:35 INFO mapreduce.Job:  map 92% reduce 29%
20/06/15 10:46:37 INFO mapreduce.Job:  map 93% reduce 29%
20/06/15 10:46:38 INFO mapreduce.Job:  map 94% reduce 29%
20/06/15 10:46:40 INFO mapreduce.Job:  map 94% reduce 30%
20/06/15 10:46:43 INFO mapreduce.Job:  map 94% reduce 31%
20/06/15 10:46:45 INFO mapreduce.Job:  map 95% reduce 31%
20/06/15 10:46:47 INFO mapreduce.Job:  map 96% reduce 31%
20/06/15 10:46:48 INFO mapreduce.Job:  map 97% reduce 31%
20/06/15 10:46:49 INFO mapreduce.Job:  map 98% reduce 31%
20/06/15 10:46:53 INFO mapreduce.Job:  map 99% reduce 31%
20/06/15 10:46:54 INFO mapreduce.Job:  map 99% reduce 32%
20/06/15 10:46:55 INFO mapreduce.Job:  map 100% reduce 32%
20/06/15 10:46:58 INFO mapreduce.Job:  map 100% reduce 67%
20/06/15 10:47:01 INFO mapreduce.Job:  map 100% reduce 72%
20/06/15 10:47:04 INFO mapreduce.Job:  map 100% reduce 78%
20/06/15 10:47:07 INFO mapreduce.Job:  map 100% reduce 84%
20/06/15 10:47:10 INFO mapreduce.Job:  map 100% reduce 91%
20/06/15 10:47:12 INFO mapreduce.Job:  map 100% reduce 100%
20/06/15 10:47:13 INFO mapreduce.Job: Job job_1592185111267_0001 completed successfully
20/06/15 10:47:13 INFO mapreduce.Job: Counters: 51
	File System Counters
		FILE: Number of bytes read=1449326147
		FILE: Number of bytes written=2161253510
		FILE: Number of read operations=0
		FILE: Number of large read operations=0
		FILE: Number of write operations=0
		HDFS: Number of bytes read=11025668664
		HDFS: Number of bytes written=333229171
		HDFS: Number of read operations=273
		HDFS: Number of large read operations=0
		HDFS: Number of write operations=2
	Job Counters 
		Killed map tasks=1
		Launched map tasks=91
		Launched reduce tasks=1
		Data-local map tasks=86
		Rack-local map tasks=5
		Total time spent by all maps in occupied slots (ms)=3634297
		Total time spent by all reduces in occupied slots (ms)=299819
		Total time spent by all map tasks (ms)=3634297
		Total time spent by all reduce tasks (ms)=299819
		Total vcore-milliseconds taken by all map tasks=3634297
		Total vcore-milliseconds taken by all reduce tasks=299819
		Total megabyte-milliseconds taken by all map tasks=1860760064
		Total megabyte-milliseconds taken by all reduce tasks=307014656
	Map-Reduce Framework
		Map input records=1179594
		Map output records=1009767860
		Map output bytes=15225044514
		Map output materialized bytes=700777381
		Input split bytes=9630
		Combine input records=1034538483
		Combine output records=47414618
		Reduce input groups=9908198
		Reduce shuffle bytes=700777381
		Reduce input records=22643995
		Reduce output records=9908198
		Spilled Records=70058613
		Shuffled Maps =90
		Failed Shuffles=0
		Merged Map outputs=90
		GC time elapsed (ms)=67716
		CPU time spent (ms)=2066620
		Physical memory (bytes) snapshot=25115197440
		Virtual memory (bytes) snapshot=191950974976
		Total committed heap usage (bytes)=18921553920
	Shuffle Errors
		BAD_ID=0
		CONNECTION=0
		IO_ERROR=0
		WRONG_LENGTH=0
		WRONG_MAP=0
		WRONG_REDUCE=0
	File Input Format Counters 
		Bytes Read=11025659034
	File Output Format Counters 
		Bytes Written=333229171
