20/06/15 17:47:45 INFO client.RMProxy: Connecting to ResourceManager at master/10.51.17.95:8032
20/06/15 17:47:46 INFO input.FileInputFormat: Total input paths to process : 10
20/06/15 17:47:46 INFO mapreduce.JobSubmitter: number of splits:90
20/06/15 17:47:46 INFO mapreduce.JobSubmitter: Submitting tokens for job: job_1592209258695_0006
20/06/15 17:47:46 INFO impl.YarnClientImpl: Submitted application application_1592209258695_0006
20/06/15 17:47:46 INFO mapreduce.Job: The url to track the job: http://master:8088/proxy/application_1592209258695_0006/
20/06/15 17:47:46 INFO mapreduce.Job: Running job: job_1592209258695_0006
20/06/15 17:47:51 INFO mapreduce.Job: Job job_1592209258695_0006 running in uber mode : false
20/06/15 17:47:51 INFO mapreduce.Job:  map 0% reduce 0%
20/06/15 17:48:04 INFO mapreduce.Job:  map 1% reduce 0%
20/06/15 17:48:06 INFO mapreduce.Job:  map 2% reduce 0%
20/06/15 17:48:13 INFO mapreduce.Job:  map 3% reduce 0%
20/06/15 17:48:17 INFO mapreduce.Job:  map 4% reduce 0%
20/06/15 17:48:22 INFO mapreduce.Job:  map 5% reduce 0%
20/06/15 17:48:27 INFO mapreduce.Job:  map 6% reduce 0%
20/06/15 17:48:29 INFO mapreduce.Job:  map 7% reduce 0%
20/06/15 17:48:33 INFO mapreduce.Job:  map 8% reduce 0%
20/06/15 17:48:40 INFO mapreduce.Job:  map 9% reduce 0%
20/06/15 17:48:44 INFO mapreduce.Job:  map 10% reduce 0%
20/06/15 17:48:49 INFO mapreduce.Job:  map 11% reduce 0%
20/06/15 17:48:50 INFO mapreduce.Job:  map 12% reduce 0%
20/06/15 17:48:51 INFO mapreduce.Job:  map 13% reduce 0%
20/06/15 17:48:59 INFO mapreduce.Job:  map 14% reduce 0%
20/06/15 17:49:02 INFO mapreduce.Job:  map 15% reduce 0%
20/06/15 17:49:05 INFO mapreduce.Job:  map 16% reduce 0%
20/06/15 17:49:11 INFO mapreduce.Job:  map 17% reduce 0%
20/06/15 17:49:14 INFO mapreduce.Job:  map 17% reduce 5%
20/06/15 17:49:15 INFO mapreduce.Job:  map 18% reduce 5%
20/06/15 17:49:23 INFO mapreduce.Job:  map 19% reduce 5%
20/06/15 17:49:27 INFO mapreduce.Job:  map 20% reduce 5%
20/06/15 17:49:32 INFO mapreduce.Job:  map 21% reduce 5%
20/06/15 17:49:35 INFO mapreduce.Job:  map 22% reduce 5%
20/06/15 17:49:38 INFO mapreduce.Job:  map 22% reduce 6%
20/06/15 17:49:41 INFO mapreduce.Job:  map 23% reduce 6%
20/06/15 17:49:43 INFO mapreduce.Job:  map 24% reduce 6%
20/06/15 17:49:44 INFO mapreduce.Job:  map 24% reduce 7%
20/06/15 17:49:46 INFO mapreduce.Job:  map 25% reduce 7%
20/06/15 17:49:49 INFO mapreduce.Job:  map 26% reduce 8%
20/06/15 17:49:53 INFO mapreduce.Job:  map 27% reduce 8%
20/06/15 17:49:56 INFO mapreduce.Job:  map 27% reduce 9%
20/06/15 17:49:59 INFO mapreduce.Job:  map 28% reduce 9%
20/06/15 17:50:03 INFO mapreduce.Job:  map 29% reduce 9%
20/06/15 17:50:06 INFO mapreduce.Job:  map 30% reduce 9%
20/06/15 17:50:11 INFO mapreduce.Job:  map 31% reduce 9%
20/06/15 17:50:14 INFO mapreduce.Job:  map 31% reduce 10%
20/06/15 17:50:16 INFO mapreduce.Job:  map 32% reduce 10%
20/06/15 17:50:21 INFO mapreduce.Job:  map 33% reduce 10%
20/06/15 17:50:27 INFO mapreduce.Job:  map 34% reduce 10%
20/06/15 17:50:29 INFO mapreduce.Job:  map 35% reduce 10%
20/06/15 17:50:34 INFO mapreduce.Job:  map 36% reduce 10%
20/06/15 17:50:39 INFO mapreduce.Job:  map 37% reduce 10%
20/06/15 17:50:42 INFO mapreduce.Job:  map 37% reduce 11%
20/06/15 17:50:43 INFO mapreduce.Job:  map 38% reduce 11%
20/06/15 17:50:46 INFO mapreduce.Job:  map 39% reduce 11%
20/06/15 17:50:48 INFO mapreduce.Job:  map 40% reduce 12%
20/06/15 17:50:51 INFO mapreduce.Job:  map 40% reduce 13%
20/06/15 17:50:54 INFO mapreduce.Job:  map 41% reduce 13%
20/06/15 17:50:58 INFO mapreduce.Job:  map 42% reduce 13%
20/06/15 17:51:01 INFO mapreduce.Job:  map 43% reduce 13%
20/06/15 17:51:02 INFO mapreduce.Job:  map 43% reduce 14%
20/06/15 17:51:08 INFO mapreduce.Job:  map 44% reduce 14%
20/06/15 17:51:12 INFO mapreduce.Job:  map 45% reduce 14%
20/06/15 17:51:16 INFO mapreduce.Job:  map 46% reduce 14%
20/06/15 17:51:21 INFO mapreduce.Job:  map 47% reduce 14%
20/06/15 17:51:26 INFO mapreduce.Job:  map 48% reduce 14%
20/06/15 17:51:29 INFO mapreduce.Job:  map 49% reduce 14%
20/06/15 17:51:30 INFO mapreduce.Job:  map 49% reduce 15%
20/06/15 17:51:34 INFO mapreduce.Job:  map 50% reduce 15%
20/06/15 17:51:38 INFO mapreduce.Job:  map 51% reduce 15%
20/06/15 17:51:40 INFO mapreduce.Job:  map 52% reduce 15%
20/06/15 17:51:42 INFO mapreduce.Job:  map 53% reduce 17%
20/06/15 17:51:49 INFO mapreduce.Job:  map 54% reduce 17%
20/06/15 17:51:54 INFO mapreduce.Job:  map 55% reduce 17%
20/06/15 17:51:58 INFO mapreduce.Job:  map 56% reduce 18%
20/06/15 17:52:02 INFO mapreduce.Job:  map 57% reduce 18%
20/06/15 17:52:07 INFO mapreduce.Job:  map 58% reduce 19%
20/06/15 17:52:12 INFO mapreduce.Job:  map 59% reduce 19%
20/06/15 17:52:16 INFO mapreduce.Job:  map 60% reduce 19%
20/06/15 17:52:21 INFO mapreduce.Job:  map 61% reduce 19%
20/06/15 17:52:25 INFO mapreduce.Job:  map 62% reduce 19%
20/06/15 17:52:30 INFO mapreduce.Job:  map 63% reduce 19%
20/06/15 17:52:34 INFO mapreduce.Job:  map 63% reduce 20%
20/06/15 17:52:35 INFO mapreduce.Job:  map 64% reduce 20%
20/06/15 17:52:36 INFO mapreduce.Job:  map 65% reduce 20%
20/06/15 17:52:39 INFO mapreduce.Job:  map 66% reduce 20%
20/06/15 17:52:40 INFO mapreduce.Job:  map 66% reduce 21%
20/06/15 17:52:45 INFO mapreduce.Job:  map 67% reduce 21%
20/06/15 17:52:46 INFO mapreduce.Job:  map 67% reduce 22%
20/06/15 17:52:49 INFO mapreduce.Job:  map 68% reduce 22%
20/06/15 17:52:52 INFO mapreduce.Job:  map 69% reduce 22%
20/06/15 17:52:56 INFO mapreduce.Job:  map 70% reduce 22%
20/06/15 17:52:58 INFO mapreduce.Job:  map 70% reduce 23%
20/06/15 17:53:02 INFO mapreduce.Job:  map 71% reduce 23%
20/06/15 17:53:07 INFO mapreduce.Job:  map 72% reduce 23%
20/06/15 17:53:13 INFO mapreduce.Job:  map 73% reduce 23%
20/06/15 17:53:17 INFO mapreduce.Job:  map 74% reduce 23%
20/06/15 17:53:22 INFO mapreduce.Job:  map 75% reduce 23%
20/06/15 17:53:26 INFO mapreduce.Job:  map 76% reduce 23%
20/06/15 17:53:29 INFO mapreduce.Job:  map 76% reduce 24%
20/06/15 17:53:32 INFO mapreduce.Job:  map 77% reduce 24%
20/06/15 17:53:33 INFO mapreduce.Job:  map 78% reduce 24%
20/06/15 17:53:35 INFO mapreduce.Job:  map 78% reduce 25%
20/06/15 17:53:36 INFO mapreduce.Job:  map 79% reduce 25%
20/06/15 17:53:38 INFO mapreduce.Job:  map 79% reduce 26%
20/06/15 17:53:42 INFO mapreduce.Job:  map 80% reduce 26%
20/06/15 17:53:45 INFO mapreduce.Job:  map 81% reduce 26%
20/06/15 17:53:50 INFO mapreduce.Job:  map 82% reduce 26%
20/06/15 17:53:53 INFO mapreduce.Job:  map 82% reduce 27%
20/06/15 17:53:55 INFO mapreduce.Job:  map 83% reduce 27%
20/06/15 17:54:01 INFO mapreduce.Job:  map 85% reduce 27%
20/06/15 17:54:06 INFO mapreduce.Job:  map 85% reduce 28%
20/06/15 17:54:07 INFO mapreduce.Job:  map 87% reduce 28%
20/06/15 17:54:10 INFO mapreduce.Job:  map 88% reduce 28%
20/06/15 17:54:12 INFO mapreduce.Job:  map 89% reduce 29%
20/06/15 17:54:14 INFO mapreduce.Job:  map 90% reduce 29%
20/06/15 17:54:16 INFO mapreduce.Job:  map 91% reduce 29%
20/06/15 17:54:20 INFO mapreduce.Job:  map 92% reduce 29%
20/06/15 17:54:21 INFO mapreduce.Job:  map 93% reduce 29%
20/06/15 17:54:23 INFO mapreduce.Job:  map 94% reduce 30%
20/06/15 17:54:26 INFO mapreduce.Job:  map 95% reduce 30%
20/06/15 17:54:28 INFO mapreduce.Job:  map 96% reduce 30%
20/06/15 17:54:31 INFO mapreduce.Job:  map 98% reduce 30%
20/06/15 17:54:32 INFO mapreduce.Job:  map 99% reduce 31%
20/06/15 17:54:33 INFO mapreduce.Job:  map 100% reduce 31%
20/06/15 17:54:35 INFO mapreduce.Job:  map 100% reduce 33%
20/06/15 17:54:38 INFO mapreduce.Job:  map 100% reduce 68%
20/06/15 17:54:41 INFO mapreduce.Job:  map 100% reduce 73%
20/06/15 17:54:44 INFO mapreduce.Job:  map 100% reduce 79%
20/06/15 17:54:47 INFO mapreduce.Job:  map 100% reduce 83%
20/06/15 17:54:50 INFO mapreduce.Job:  map 100% reduce 90%
20/06/15 17:54:53 INFO mapreduce.Job:  map 100% reduce 98%
20/06/15 17:54:54 INFO mapreduce.Job:  map 100% reduce 100%
20/06/15 17:54:55 INFO mapreduce.Job: Job job_1592209258695_0006 completed successfully
20/06/15 17:54:55 INFO mapreduce.Job: Counters: 51
	File System Counters
		FILE: Number of bytes read=1664983330
		FILE: Number of bytes written=2465674690
		FILE: Number of read operations=0
		FILE: Number of large read operations=0
		FILE: Number of write operations=0
		HDFS: Number of bytes read=11025668664
		HDFS: Number of bytes written=472954036
		HDFS: Number of read operations=273
		HDFS: Number of large read operations=0
		HDFS: Number of write operations=2
	Job Counters 
		Killed map tasks=1
		Launched map tasks=90
		Launched reduce tasks=1
		Data-local map tasks=85
		Rack-local map tasks=5
		Total time spent by all maps in occupied slots (ms)=3582151
		Total time spent by all reduces in occupied slots (ms)=350628
		Total time spent by all map tasks (ms)=3582151
		Total time spent by all reduce tasks (ms)=350628
		Total vcore-milliseconds taken by all map tasks=3582151
		Total vcore-milliseconds taken by all reduce tasks=350628
		Total megabyte-milliseconds taken by all map tasks=3668122624
		Total megabyte-milliseconds taken by all reduce tasks=359043072
	Map-Reduce Framework
		Map input records=1179594
		Map output records=1009901268
		Map output bytes=19265183218
		Map output materialized bytes=789509164
		Input split bytes=9630
		Combine input records=1034891965
		Combine output records=47597616
		Reduce input groups=9841803
		Reduce shuffle bytes=789509164
		Reduce input records=22606919
		Reduce output records=9841803
		Spilled Records=70882807
		Shuffled Maps =90
		Failed Shuffles=0
		Merged Map outputs=90
		GC time elapsed (ms)=67938
		CPU time spent (ms)=2087130
		Physical memory (bytes) snapshot=25055510528
		Virtual memory (bytes) snapshot=191939604480
		Total committed heap usage (bytes)=18924175360
	Shuffle Errors
		BAD_ID=0
		CONNECTION=0
		IO_ERROR=0
		WRONG_LENGTH=0
		WRONG_MAP=0
		WRONG_REDUCE=0
	File Input Format Counters 
		Bytes Read=11025659034
	File Output Format Counters 
		Bytes Written=472954036
20/06/15 17:54:55 INFO client.RMProxy: Connecting to ResourceManager at master/10.51.17.95:8032
20/06/15 17:54:55 INFO input.FileInputFormat: Total input paths to process : 1
20/06/15 17:54:56 INFO mapreduce.JobSubmitter: number of splits:4
20/06/15 17:54:57 INFO mapreduce.JobSubmitter: Submitting tokens for job: job_1592209258695_0007
20/06/15 17:54:57 INFO impl.YarnClientImpl: Submitted application application_1592209258695_0007
20/06/15 17:54:57 INFO mapreduce.Job: The url to track the job: http://master:8088/proxy/application_1592209258695_0007/
20/06/15 17:54:57 INFO mapreduce.Job: Running job: job_1592209258695_0007
20/06/15 17:55:05 INFO mapreduce.Job: Job job_1592209258695_0007 running in uber mode : false
20/06/15 17:55:05 INFO mapreduce.Job:  map 0% reduce 0%
20/06/15 17:55:16 INFO mapreduce.Job:  map 25% reduce 0%
20/06/15 17:55:17 INFO mapreduce.Job:  map 50% reduce 0%
20/06/15 17:55:18 INFO mapreduce.Job:  map 63% reduce 0%
20/06/15 17:55:19 INFO mapreduce.Job:  map 70% reduce 0%
20/06/15 17:55:20 INFO mapreduce.Job:  map 75% reduce 0%
20/06/15 17:55:21 INFO mapreduce.Job:  map 87% reduce 0%
20/06/15 17:55:23 INFO mapreduce.Job:  map 92% reduce 0%
20/06/15 17:55:25 INFO mapreduce.Job:  map 100% reduce 0%
20/06/15 17:55:26 INFO mapreduce.Job:  map 100% reduce 25%
20/06/15 17:55:29 INFO mapreduce.Job:  map 100% reduce 78%
20/06/15 17:55:32 INFO mapreduce.Job:  map 100% reduce 88%
20/06/15 17:55:34 INFO mapreduce.Job:  map 100% reduce 100%
20/06/15 17:55:35 INFO mapreduce.Job: Job job_1592209258695_0007 completed successfully
20/06/15 17:55:35 INFO mapreduce.Job: Counters: 50
	File System Counters
		FILE: Number of bytes read=754217147
		FILE: Number of bytes written=1164111408
		FILE: Number of read operations=0
		FILE: Number of large read operations=0
		FILE: Number of write operations=0
		HDFS: Number of bytes read=472959505
		HDFS: Number of bytes written=331204946
		HDFS: Number of read operations=19
		HDFS: Number of large read operations=0
		HDFS: Number of write operations=2
	Job Counters 
		Killed map tasks=1
		Launched map tasks=5
		Launched reduce tasks=1
		Data-local map tasks=5
		Total time spent by all maps in occupied slots (ms)=51878
		Total time spent by all reduces in occupied slots (ms)=15899
		Total time spent by all map tasks (ms)=51878
		Total time spent by all reduce tasks (ms)=15899
		Total vcore-milliseconds taken by all map tasks=51878
		Total vcore-milliseconds taken by all reduce tasks=15899
		Total megabyte-milliseconds taken by all map tasks=53123072
		Total megabyte-milliseconds taken by all reduce tasks=16280576
	Map-Reduce Framework
		Map input records=9841803
		Map output records=9841803
		Map output bytes=389598846
		Map output materialized bytes=409282476
		Input split bytes=508
		Combine input records=0
		Combine output records=0
		Reduce input groups=1244
		Reduce shuffle bytes=409282476
		Reduce input records=9841803
		Reduce output records=9841803
		Spilled Records=28647293
		Shuffled Maps =4
		Failed Shuffles=0
		Merged Map outputs=4
		GC time elapsed (ms)=1677
		CPU time spent (ms)=43480
		Physical memory (bytes) snapshot=1279811584
		Virtual memory (bytes) snapshot=10581401600
		Total committed heap usage (bytes)=942669824
	Shuffle Errors
		BAD_ID=0
		CONNECTION=0
		IO_ERROR=0
		WRONG_LENGTH=0
		WRONG_MAP=0
		WRONG_REDUCE=0
	File Input Format Counters 
		Bytes Read=472958997
	File Output Format Counters 
		Bytes Written=331204946
