20/06/15 18:06:12 INFO client.RMProxy: Connecting to ResourceManager at master/10.51.17.95:8032
20/06/15 18:06:13 INFO input.FileInputFormat: Total input paths to process : 10
20/06/15 18:06:13 INFO mapreduce.JobSubmitter: number of splits:90
20/06/15 18:06:13 INFO mapreduce.JobSubmitter: Submitting tokens for job: job_1592209258695_0010
20/06/15 18:06:13 INFO impl.YarnClientImpl: Submitted application application_1592209258695_0010
20/06/15 18:06:13 INFO mapreduce.Job: The url to track the job: http://master:8088/proxy/application_1592209258695_0010/
20/06/15 18:06:13 INFO mapreduce.Job: Running job: job_1592209258695_0010
20/06/15 18:06:18 INFO mapreduce.Job: Job job_1592209258695_0010 running in uber mode : false
20/06/15 18:06:18 INFO mapreduce.Job:  map 0% reduce 0%
20/06/15 18:06:30 INFO mapreduce.Job:  map 1% reduce 0%
20/06/15 18:06:32 INFO mapreduce.Job:  map 2% reduce 0%
20/06/15 18:06:39 INFO mapreduce.Job:  map 3% reduce 0%
20/06/15 18:06:42 INFO mapreduce.Job:  map 4% reduce 0%
20/06/15 18:06:49 INFO mapreduce.Job:  map 5% reduce 0%
20/06/15 18:06:52 INFO mapreduce.Job:  map 6% reduce 0%
20/06/15 18:06:56 INFO mapreduce.Job:  map 7% reduce 0%
20/06/15 18:06:59 INFO mapreduce.Job:  map 8% reduce 0%
20/06/15 18:07:06 INFO mapreduce.Job:  map 9% reduce 0%
20/06/15 18:07:09 INFO mapreduce.Job:  map 10% reduce 0%
20/06/15 18:07:14 INFO mapreduce.Job:  map 12% reduce 0%
20/06/15 18:07:15 INFO mapreduce.Job:  map 13% reduce 0%
20/06/15 18:07:23 INFO mapreduce.Job:  map 14% reduce 0%
20/06/15 18:07:27 INFO mapreduce.Job:  map 15% reduce 0%
20/06/15 18:07:29 INFO mapreduce.Job:  map 15% reduce 4%
20/06/15 18:07:30 INFO mapreduce.Job:  map 16% reduce 4%
20/06/15 18:07:35 INFO mapreduce.Job:  map 17% reduce 4%
20/06/15 18:07:38 INFO mapreduce.Job:  map 17% reduce 5%
20/06/15 18:07:41 INFO mapreduce.Job:  map 18% reduce 5%
20/06/15 18:07:46 INFO mapreduce.Job:  map 19% reduce 5%
20/06/15 18:07:51 INFO mapreduce.Job:  map 20% reduce 5%
20/06/15 18:07:54 INFO mapreduce.Job:  map 21% reduce 5%
20/06/15 18:07:57 INFO mapreduce.Job:  map 21% reduce 6%
20/06/15 18:07:59 INFO mapreduce.Job:  map 22% reduce 6%
20/06/15 18:08:02 INFO mapreduce.Job:  map 23% reduce 6%
20/06/15 18:08:05 INFO mapreduce.Job:  map 24% reduce 6%
20/06/15 18:08:07 INFO mapreduce.Job:  map 25% reduce 6%
20/06/15 18:08:08 INFO mapreduce.Job:  map 25% reduce 7%
20/06/15 18:08:11 INFO mapreduce.Job:  map 26% reduce 8%
20/06/15 18:08:14 INFO mapreduce.Job:  map 26% reduce 9%
20/06/15 18:08:16 INFO mapreduce.Job:  map 27% reduce 9%
20/06/15 18:08:22 INFO mapreduce.Job:  map 28% reduce 9%
20/06/15 18:08:26 INFO mapreduce.Job:  map 29% reduce 9%
20/06/15 18:08:31 INFO mapreduce.Job:  map 30% reduce 9%
20/06/15 18:08:37 INFO mapreduce.Job:  map 31% reduce 9%
20/06/15 18:08:40 INFO mapreduce.Job:  map 32% reduce 9%
20/06/15 18:08:43 INFO mapreduce.Job:  map 33% reduce 9%
20/06/15 18:08:45 INFO mapreduce.Job:  map 33% reduce 10%
20/06/15 18:08:47 INFO mapreduce.Job:  map 34% reduce 10%
20/06/15 18:08:49 INFO mapreduce.Job:  map 35% reduce 10%
20/06/15 18:08:51 INFO mapreduce.Job:  map 35% reduce 11%
20/06/15 18:08:55 INFO mapreduce.Job:  map 36% reduce 11%
20/06/15 18:08:59 INFO mapreduce.Job:  map 37% reduce 11%
20/06/15 18:09:01 INFO mapreduce.Job:  map 37% reduce 12%
20/06/15 18:09:03 INFO mapreduce.Job:  map 38% reduce 12%
20/06/15 18:09:09 INFO mapreduce.Job:  map 39% reduce 12%
20/06/15 18:09:13 INFO mapreduce.Job:  map 40% reduce 12%
20/06/15 18:09:19 INFO mapreduce.Job:  map 41% reduce 12%
20/06/15 18:09:21 INFO mapreduce.Job:  map 42% reduce 12%
20/06/15 18:09:23 INFO mapreduce.Job:  map 43% reduce 12%
20/06/15 18:09:25 INFO mapreduce.Job:  map 43% reduce 13%
20/06/15 18:09:27 INFO mapreduce.Job:  map 44% reduce 13%
20/06/15 18:09:31 INFO mapreduce.Job:  map 44% reduce 14%
20/06/15 18:09:33 INFO mapreduce.Job:  map 45% reduce 14%
20/06/15 18:09:36 INFO mapreduce.Job:  map 46% reduce 14%
20/06/15 18:09:41 INFO mapreduce.Job:  map 47% reduce 15%
20/06/15 18:09:47 INFO mapreduce.Job:  map 48% reduce 15%
20/06/15 18:09:50 INFO mapreduce.Job:  map 49% reduce 15%
20/06/15 18:09:55 INFO mapreduce.Job:  map 50% reduce 15%
20/06/15 18:09:58 INFO mapreduce.Job:  map 51% reduce 15%
20/06/15 18:09:59 INFO mapreduce.Job:  map 51% reduce 16%
20/06/15 18:10:03 INFO mapreduce.Job:  map 52% reduce 16%
20/06/15 18:10:05 INFO mapreduce.Job:  map 53% reduce 17%
20/06/15 18:10:11 INFO mapreduce.Job:  map 54% reduce 17%
20/06/15 18:10:15 INFO mapreduce.Job:  map 55% reduce 17%
20/06/15 18:10:20 INFO mapreduce.Job:  map 56% reduce 17%
20/06/15 18:10:25 INFO mapreduce.Job:  map 57% reduce 17%
20/06/15 18:10:27 INFO mapreduce.Job:  map 57% reduce 18%
20/06/15 18:10:28 INFO mapreduce.Job:  map 58% reduce 18%
20/06/15 18:10:32 INFO mapreduce.Job:  map 59% reduce 18%
20/06/15 18:10:36 INFO mapreduce.Job:  map 60% reduce 19%
20/06/15 18:10:38 INFO mapreduce.Job:  map 61% reduce 19%
20/06/15 18:10:42 INFO mapreduce.Job:  map 61% reduce 20%
20/06/15 18:10:43 INFO mapreduce.Job:  map 62% reduce 20%
20/06/15 18:10:49 INFO mapreduce.Job:  map 63% reduce 20%
20/06/15 18:10:53 INFO mapreduce.Job:  map 64% reduce 20%
20/06/15 18:10:59 INFO mapreduce.Job:  map 65% reduce 20%
20/06/15 18:11:02 INFO mapreduce.Job:  map 66% reduce 20%
20/06/15 18:11:06 INFO mapreduce.Job:  map 66% reduce 21%
20/06/15 18:11:07 INFO mapreduce.Job:  map 67% reduce 21%
20/06/15 18:11:10 INFO mapreduce.Job:  map 68% reduce 21%
20/06/15 18:11:15 INFO mapreduce.Job:  map 69% reduce 21%
20/06/15 18:11:17 INFO mapreduce.Job:  map 70% reduce 21%
20/06/15 18:11:18 INFO mapreduce.Job:  map 71% reduce 23%
20/06/15 18:11:27 INFO mapreduce.Job:  map 72% reduce 23%
20/06/15 18:11:29 INFO mapreduce.Job:  map 74% reduce 23%
20/06/15 18:11:32 INFO mapreduce.Job:  map 75% reduce 23%
20/06/15 18:11:36 INFO mapreduce.Job:  map 76% reduce 24%
20/06/15 18:11:42 INFO mapreduce.Job:  map 77% reduce 24%
20/06/15 18:11:44 INFO mapreduce.Job:  map 78% reduce 24%
20/06/15 18:11:45 INFO mapreduce.Job:  map 79% reduce 24%
20/06/15 18:11:46 INFO mapreduce.Job:  map 80% reduce 24%
20/06/15 18:11:49 INFO mapreduce.Job:  map 81% reduce 26%
20/06/15 18:11:53 INFO mapreduce.Job:  map 82% reduce 26%
20/06/15 18:11:55 INFO mapreduce.Job:  map 83% reduce 26%
20/06/15 18:11:57 INFO mapreduce.Job:  map 84% reduce 26%
20/06/15 18:11:58 INFO mapreduce.Job:  map 84% reduce 27%
20/06/15 18:11:59 INFO mapreduce.Job:  map 85% reduce 27%
20/06/15 18:12:00 INFO mapreduce.Job:  map 86% reduce 27%
20/06/15 18:12:01 INFO mapreduce.Job:  map 87% reduce 28%
20/06/15 18:12:04 INFO mapreduce.Job:  map 88% reduce 29%
20/06/15 18:12:08 INFO mapreduce.Job:  map 89% reduce 29%
20/06/15 18:12:13 INFO mapreduce.Job:  map 90% reduce 29%
20/06/15 18:12:21 INFO mapreduce.Job:  map 91% reduce 29%
20/06/15 18:12:24 INFO mapreduce.Job:  map 92% reduce 29%
20/06/15 18:12:28 INFO mapreduce.Job:  map 93% reduce 29%
20/06/15 18:12:31 INFO mapreduce.Job:  map 93% reduce 30%
20/06/15 18:12:32 INFO mapreduce.Job:  map 94% reduce 30%
20/06/15 18:12:36 INFO mapreduce.Job:  map 95% reduce 30%
20/06/15 18:12:37 INFO mapreduce.Job:  map 95% reduce 31%
20/06/15 18:12:40 INFO mapreduce.Job:  map 96% reduce 31%
20/06/15 18:12:43 INFO mapreduce.Job:  map 97% reduce 31%
20/06/15 18:12:44 INFO mapreduce.Job:  map 98% reduce 31%
20/06/15 18:12:46 INFO mapreduce.Job:  map 98% reduce 32%
20/06/15 18:12:48 INFO mapreduce.Job:  map 99% reduce 32%
20/06/15 18:12:50 INFO mapreduce.Job:  map 99% reduce 33%
20/06/15 18:12:58 INFO mapreduce.Job:  map 100% reduce 33%
20/06/15 18:13:05 INFO mapreduce.Job:  map 100% reduce 67%
20/06/15 18:13:08 INFO mapreduce.Job:  map 100% reduce 73%
20/06/15 18:13:11 INFO mapreduce.Job:  map 100% reduce 78%
20/06/15 18:13:14 INFO mapreduce.Job:  map 100% reduce 83%
20/06/15 18:13:17 INFO mapreduce.Job:  map 100% reduce 90%
20/06/15 18:13:20 INFO mapreduce.Job:  map 100% reduce 100%
20/06/15 18:13:21 INFO mapreduce.Job: Job job_1592209258695_0010 completed successfully
20/06/15 18:13:21 INFO mapreduce.Job: Counters: 51
	File System Counters
		FILE: Number of bytes read=1664983330
		FILE: Number of bytes written=2465674599
		FILE: Number of read operations=0
		FILE: Number of large read operations=0
		FILE: Number of write operations=0
		HDFS: Number of bytes read=11025668664
		HDFS: Number of bytes written=472954036
		HDFS: Number of read operations=273
		HDFS: Number of large read operations=0
		HDFS: Number of write operations=2
	Job Counters 
		Killed map tasks=2
		Launched map tasks=92
		Launched reduce tasks=1
		Data-local map tasks=87
		Rack-local map tasks=5
		Total time spent by all maps in occupied slots (ms)=3465030
		Total time spent by all reduces in occupied slots (ms)=363385
		Total time spent by all map tasks (ms)=3465030
		Total time spent by all reduce tasks (ms)=363385
		Total vcore-milliseconds taken by all map tasks=3465030
		Total vcore-milliseconds taken by all reduce tasks=363385
		Total megabyte-milliseconds taken by all map tasks=3548190720
		Total megabyte-milliseconds taken by all reduce tasks=372106240
	Map-Reduce Framework
		Map input records=1179594
		Map output records=1009901268
		Map output bytes=19265183218
		Map output materialized bytes=789509164
		Input split bytes=9630
		Combine input records=1034891965
		Combine output records=47597616
		Reduce input groups=9841803
		Reduce shuffle bytes=789509164
		Reduce input records=22606919
		Reduce output records=9841803
		Spilled Records=70882807
		Shuffled Maps =90
		Failed Shuffles=0
		Merged Map outputs=90
		GC time elapsed (ms)=67302
		CPU time spent (ms)=2037580
		Physical memory (bytes) snapshot=25045905408
		Virtual memory (bytes) snapshot=191985717248
		Total committed heap usage (bytes)=18938855424
	Shuffle Errors
		BAD_ID=0
		CONNECTION=0
		IO_ERROR=0
		WRONG_LENGTH=0
		WRONG_MAP=0
		WRONG_REDUCE=0
	File Input Format Counters 
		Bytes Read=11025659034
	File Output Format Counters 
		Bytes Written=472954036
20/06/15 18:13:21 INFO client.RMProxy: Connecting to ResourceManager at master/10.51.17.95:8032
20/06/15 18:13:21 INFO input.FileInputFormat: Total input paths to process : 1
20/06/15 18:13:22 INFO mapreduce.JobSubmitter: number of splits:4
20/06/15 18:13:22 INFO mapreduce.JobSubmitter: Submitting tokens for job: job_1592209258695_0011
20/06/15 18:13:22 INFO impl.YarnClientImpl: Submitted application application_1592209258695_0011
20/06/15 18:13:22 INFO mapreduce.Job: The url to track the job: http://master:8088/proxy/application_1592209258695_0011/
20/06/15 18:13:22 INFO mapreduce.Job: Running job: job_1592209258695_0011
20/06/15 18:13:31 INFO mapreduce.Job: Job job_1592209258695_0011 running in uber mode : false
20/06/15 18:13:31 INFO mapreduce.Job:  map 0% reduce 0%
20/06/15 18:13:43 INFO mapreduce.Job:  map 25% reduce 0%
20/06/15 18:13:44 INFO mapreduce.Job:  map 65% reduce 0%
20/06/15 18:13:47 INFO mapreduce.Job:  map 77% reduce 0%
20/06/15 18:13:50 INFO mapreduce.Job:  map 94% reduce 0%
20/06/15 18:13:51 INFO mapreduce.Job:  map 100% reduce 0%
20/06/15 18:13:53 INFO mapreduce.Job:  map 100% reduce 73%
20/06/15 18:13:56 INFO mapreduce.Job:  map 100% reduce 85%
20/06/15 18:13:59 INFO mapreduce.Job:  map 100% reduce 97%
20/06/15 18:14:00 INFO mapreduce.Job:  map 100% reduce 100%
20/06/15 18:14:00 INFO mapreduce.Job: Job job_1592209258695_0011 completed successfully
20/06/15 18:14:00 INFO mapreduce.Job: Counters: 50
	File System Counters
		FILE: Number of bytes read=754217147
		FILE: Number of bytes written=1164111403
		FILE: Number of read operations=0
		FILE: Number of large read operations=0
		FILE: Number of write operations=0
		HDFS: Number of bytes read=472959501
		HDFS: Number of bytes written=331204946
		HDFS: Number of read operations=19
		HDFS: Number of large read operations=0
		HDFS: Number of write operations=2
	Job Counters 
		Killed map tasks=1
		Launched map tasks=4
		Launched reduce tasks=1
		Data-local map tasks=4
		Total time spent by all maps in occupied slots (ms)=53656
		Total time spent by all reduces in occupied slots (ms)=14074
		Total time spent by all map tasks (ms)=53656
		Total time spent by all reduce tasks (ms)=14074
		Total vcore-milliseconds taken by all map tasks=53656
		Total vcore-milliseconds taken by all reduce tasks=14074
		Total megabyte-milliseconds taken by all map tasks=54943744
		Total megabyte-milliseconds taken by all reduce tasks=14411776
	Map-Reduce Framework
		Map input records=9841803
		Map output records=9841803
		Map output bytes=389598846
		Map output materialized bytes=409282476
		Input split bytes=504
		Combine input records=0
		Combine output records=0
		Reduce input groups=1244
		Reduce shuffle bytes=409282476
		Reduce input records=9841803
		Reduce output records=9841803
		Spilled Records=28647293
		Shuffled Maps =4
		Failed Shuffles=0
		Merged Map outputs=4
		GC time elapsed (ms)=1474
		CPU time spent (ms)=46170
		Physical memory (bytes) snapshot=1291890688
		Virtual memory (bytes) snapshot=10588397568
		Total committed heap usage (bytes)=938999808
	Shuffle Errors
		BAD_ID=0
		CONNECTION=0
		IO_ERROR=0
		WRONG_LENGTH=0
		WRONG_MAP=0
		WRONG_REDUCE=0
	File Input Format Counters 
		Bytes Read=472958997
	File Output Format Counters 
		Bytes Written=331204946
