20/06/15 18:15:36 INFO client.RMProxy: Connecting to ResourceManager at master/10.51.17.95:8032
20/06/15 18:15:36 INFO client.RMProxy: Connecting to ResourceManager at master/10.51.17.95:8032
20/06/15 18:15:37 INFO input.FileInputFormat: Total input paths to process : 5
20/06/15 18:15:37 INFO mapreduce.JobSubmitter: Cleaning up the staging area /tmp/hadoop-yarn/staging/root/.staging/job_1592209258695_0012
java.io.FileNotFoundException: File does not exist: hdfs://master:9000/random/random/data
	at org.apache.hadoop.hdfs.DistributedFileSystem$22.doCall(DistributedFileSystem.java:1309)
	at org.apache.hadoop.hdfs.DistributedFileSystem$22.doCall(DistributedFileSystem.java:1301)
	at org.apache.hadoop.fs.FileSystemLinkResolver.resolve(FileSystemLinkResolver.java:81)
	at org.apache.hadoop.hdfs.DistributedFileSystem.getFileStatus(DistributedFileSystem.java:1317)
	at org.apache.hadoop.mapreduce.lib.input.SequenceFileInputFormat.listStatus(SequenceFileInputFormat.java:67)
	at org.apache.hadoop.mapreduce.lib.input.FileInputFormat.getSplits(FileInputFormat.java:387)
	at org.apache.hadoop.mapreduce.JobSubmitter.writeNewSplits(JobSubmitter.java:301)
	at org.apache.hadoop.mapreduce.JobSubmitter.writeSplits(JobSubmitter.java:318)
	at org.apache.hadoop.mapreduce.JobSubmitter.submitJobInternal(JobSubmitter.java:196)
	at org.apache.hadoop.mapreduce.Job$10.run(Job.java:1290)
	at org.apache.hadoop.mapreduce.Job$10.run(Job.java:1287)
	at java.security.AccessController.doPrivileged(Native Method)
	at javax.security.auth.Subject.doAs(Subject.java:422)
	at org.apache.hadoop.security.UserGroupInformation.doAs(UserGroupInformation.java:1758)
	at org.apache.hadoop.mapreduce.Job.submit(Job.java:1287)
	at org.apache.hadoop.mapreduce.Job.waitForCompletion(Job.java:1308)
	at org.apache.hadoop.examples.Sort.run(Sort.java:180)
	at org.apache.hadoop.util.ToolRunner.run(ToolRunner.java:70)
	at org.apache.hadoop.examples.Sort.main(Sort.java:191)
	at sun.reflect.NativeMethodAccessorImpl.invoke0(Native Method)
	at sun.reflect.NativeMethodAccessorImpl.invoke(NativeMethodAccessorImpl.java:62)
	at sun.reflect.DelegatingMethodAccessorImpl.invoke(DelegatingMethodAccessorImpl.java:43)
	at java.lang.reflect.Method.invoke(Method.java:498)
	at org.apache.hadoop.util.ProgramDriver$ProgramDescription.invoke(ProgramDriver.java:71)
	at org.apache.hadoop.util.ProgramDriver.run(ProgramDriver.java:144)
	at org.apache.hadoop.examples.ExampleDriver.main(ExampleDriver.java:74)
	at sun.reflect.NativeMethodAccessorImpl.invoke0(Native Method)
	at sun.reflect.NativeMethodAccessorImpl.invoke(NativeMethodAccessorImpl.java:62)
	at sun.reflect.DelegatingMethodAccessorImpl.invoke(DelegatingMethodAccessorImpl.java:43)
	at java.lang.reflect.Method.invoke(Method.java:498)
	at org.apache.hadoop.util.RunJar.run(RunJar.java:221)
	at org.apache.hadoop.util.RunJar.main(RunJar.java:136)
