20/06/09 16:02:14 INFO client.RMProxy: Connecting to ResourceManager at master/10.51.17.95:8032
20/06/09 16:02:14 INFO input.FileInputFormat: Total input paths to process : 10
20/06/09 16:02:15 INFO mapreduce.JobSubmitter: number of splits:90
20/06/09 16:02:15 INFO mapreduce.JobSubmitter: Submitting tokens for job: job_1591686073574_0002
20/06/09 16:02:15 INFO impl.YarnClientImpl: Submitted application application_1591686073574_0002
20/06/09 16:02:15 INFO mapreduce.Job: The url to track the job: http://master:8088/proxy/application_1591686073574_0002/
20/06/09 16:02:15 INFO mapreduce.Job: Running job: job_1591686073574_0002
20/06/09 16:02:22 INFO mapreduce.Job: Job job_1591686073574_0002 running in uber mode : false
20/06/09 16:02:22 INFO mapreduce.Job:  map 0% reduce 0%
20/06/09 16:02:37 INFO mapreduce.Job:  map 1% reduce 0%
20/06/09 16:02:39 INFO mapreduce.Job:  map 2% reduce 0%
20/06/09 16:02:43 INFO mapreduce.Job:  map 3% reduce 0%
20/06/09 16:02:51 INFO mapreduce.Job:  map 4% reduce 0%
20/06/09 16:02:55 INFO mapreduce.Job:  map 5% reduce 0%
20/06/09 16:03:01 INFO mapreduce.Job:  map 6% reduce 0%
20/06/09 16:03:06 INFO mapreduce.Job:  map 7% reduce 0%
20/06/09 16:03:10 INFO mapreduce.Job:  map 8% reduce 0%
20/06/09 16:03:17 INFO mapreduce.Job:  map 9% reduce 0%
20/06/09 16:03:19 INFO mapreduce.Job:  map 10% reduce 0%
20/06/09 16:03:22 INFO mapreduce.Job:  map 11% reduce 0%
20/06/09 16:03:24 INFO mapreduce.Job:  map 12% reduce 0%
20/06/09 16:03:31 INFO mapreduce.Job:  map 13% reduce 0%
20/06/09 16:03:34 INFO mapreduce.Job:  map 14% reduce 0%
20/06/09 16:03:38 INFO mapreduce.Job:  map 15% reduce 0%
20/06/09 16:03:41 INFO mapreduce.Job:  map 16% reduce 0%
20/06/09 16:03:43 INFO mapreduce.Job:  map 17% reduce 0%
20/06/09 16:03:46 INFO mapreduce.Job:  map 18% reduce 0%
20/06/09 16:03:51 INFO mapreduce.Job:  map 18% reduce 5%
20/06/09 16:03:54 INFO mapreduce.Job:  map 19% reduce 5%
20/06/09 16:03:58 INFO mapreduce.Job:  map 20% reduce 5%
20/06/09 16:04:04 INFO mapreduce.Job:  map 21% reduce 5%
20/06/09 16:04:10 INFO mapreduce.Job:  map 22% reduce 5%
20/06/09 16:04:13 INFO mapreduce.Job:  map 23% reduce 6%
20/06/09 16:04:17 INFO mapreduce.Job:  map 24% reduce 6%
20/06/09 16:04:20 INFO mapreduce.Job:  map 25% reduce 6%
20/06/09 16:04:22 INFO mapreduce.Job:  map 26% reduce 7%
20/06/09 16:04:29 INFO mapreduce.Job:  map 27% reduce 7%
20/06/09 16:04:34 INFO mapreduce.Job:  map 28% reduce 7%
20/06/09 16:04:37 INFO mapreduce.Job:  map 29% reduce 8%
20/06/09 16:04:44 INFO mapreduce.Job:  map 30% reduce 8%
20/06/09 16:04:49 INFO mapreduce.Job:  map 31% reduce 9%
20/06/09 16:04:52 INFO mapreduce.Job:  map 32% reduce 9%
20/06/09 16:04:54 INFO mapreduce.Job:  map 33% reduce 9%
20/06/09 16:04:55 INFO mapreduce.Job:  map 33% reduce 10%
20/06/09 16:04:56 INFO mapreduce.Job:  map 34% reduce 10%
20/06/09 16:05:03 INFO mapreduce.Job:  map 35% reduce 10%
20/06/09 16:05:06 INFO mapreduce.Job:  map 36% reduce 10%
20/06/09 16:05:11 INFO mapreduce.Job:  map 37% reduce 10%
20/06/09 16:05:12 INFO mapreduce.Job:  map 38% reduce 10%
20/06/09 16:05:13 INFO mapreduce.Job:  map 38% reduce 11%
20/06/09 16:05:18 INFO mapreduce.Job:  map 39% reduce 11%
20/06/09 16:05:19 INFO mapreduce.Job:  map 39% reduce 12%
20/06/09 16:05:24 INFO mapreduce.Job:  map 40% reduce 12%
20/06/09 16:05:28 INFO mapreduce.Job:  map 41% reduce 12%
20/06/09 16:05:33 INFO mapreduce.Job:  map 42% reduce 12%
20/06/09 16:05:38 INFO mapreduce.Job:  map 43% reduce 12%
20/06/09 16:05:43 INFO mapreduce.Job:  map 44% reduce 12%
20/06/09 16:05:47 INFO mapreduce.Job:  map 45% reduce 13%
20/06/09 16:05:50 INFO mapreduce.Job:  map 46% reduce 13%
20/06/09 16:05:55 INFO mapreduce.Job:  map 47% reduce 13%
20/06/09 16:05:57 INFO mapreduce.Job:  map 48% reduce 13%
20/06/09 16:05:58 INFO mapreduce.Job:  map 49% reduce 13%
20/06/09 16:06:00 INFO mapreduce.Job:  map 49% reduce 14%
20/06/09 16:06:03 INFO mapreduce.Job:  map 49% reduce 15%
20/06/09 16:06:04 INFO mapreduce.Job:  map 50% reduce 15%
20/06/09 16:06:08 INFO mapreduce.Job:  map 51% reduce 16%
20/06/09 16:06:12 INFO mapreduce.Job:  map 52% reduce 16%
20/06/09 16:06:14 INFO mapreduce.Job:  map 53% reduce 17%
20/06/09 16:06:20 INFO mapreduce.Job:  map 54% reduce 17%
20/06/09 16:06:26 INFO mapreduce.Job:  map 55% reduce 17%
20/06/09 16:06:29 INFO mapreduce.Job:  map 56% reduce 17%
20/06/09 16:06:35 INFO mapreduce.Job:  map 57% reduce 17%
20/06/09 16:06:42 INFO mapreduce.Job:  map 58% reduce 17%
20/06/09 16:06:46 INFO mapreduce.Job:  map 59% reduce 17%
20/06/09 16:06:50 INFO mapreduce.Job:  map 60% reduce 17%
20/06/09 16:06:51 INFO mapreduce.Job:  map 61% reduce 17%
20/06/09 16:06:54 INFO mapreduce.Job:  map 61% reduce 18%
20/06/09 16:07:00 INFO mapreduce.Job:  map 62% reduce 18%
20/06/09 16:07:01 INFO mapreduce.Job:  map 63% reduce 18%
20/06/09 16:07:02 INFO mapreduce.Job:  map 64% reduce 18%
20/06/09 16:07:03 INFO mapreduce.Job:  map 64% reduce 20%
20/06/09 16:07:06 INFO mapreduce.Job:  map 65% reduce 20%
20/06/09 16:07:09 INFO mapreduce.Job:  map 65% reduce 21%
20/06/09 16:07:10 INFO mapreduce.Job:  map 66% reduce 21%
20/06/09 16:07:13 INFO mapreduce.Job:  map 67% reduce 21%
20/06/09 16:07:15 INFO mapreduce.Job:  map 67% reduce 22%
20/06/09 16:07:18 INFO mapreduce.Job:  map 68% reduce 22%
20/06/09 16:07:25 INFO mapreduce.Job:  map 69% reduce 22%
20/06/09 16:07:29 INFO mapreduce.Job:  map 70% reduce 22%
20/06/09 16:07:34 INFO mapreduce.Job:  map 71% reduce 22%
20/06/09 16:07:39 INFO mapreduce.Job:  map 72% reduce 22%
20/06/09 16:07:43 INFO mapreduce.Job:  map 73% reduce 22%
20/06/09 16:07:48 INFO mapreduce.Job:  map 74% reduce 22%
20/06/09 16:07:52 INFO mapreduce.Job:  map 75% reduce 22%
20/06/09 16:07:55 INFO mapreduce.Job:  map 76% reduce 22%
20/06/09 16:07:59 INFO mapreduce.Job:  map 77% reduce 23%
20/06/09 16:08:02 INFO mapreduce.Job:  map 77% reduce 24%
20/06/09 16:08:03 INFO mapreduce.Job:  map 78% reduce 24%
20/06/09 16:08:09 INFO mapreduce.Job:  map 79% reduce 24%
20/06/09 16:08:10 INFO mapreduce.Job:  map 80% reduce 25%
20/06/09 16:08:12 INFO mapreduce.Job:  map 81% reduce 25%
20/06/09 16:08:14 INFO mapreduce.Job:  map 81% reduce 27%
20/06/09 16:08:15 INFO mapreduce.Job:  map 82% reduce 27%
20/06/09 16:08:19 INFO mapreduce.Job:  map 83% reduce 27%
20/06/09 16:08:21 INFO mapreduce.Job:  map 84% reduce 27%
20/06/09 16:08:24 INFO mapreduce.Job:  map 86% reduce 27%
20/06/09 16:08:27 INFO mapreduce.Job:  map 87% reduce 27%
20/06/09 16:08:31 INFO mapreduce.Job:  map 88% reduce 27%
20/06/09 16:08:34 INFO mapreduce.Job:  map 89% reduce 27%
20/06/09 16:08:35 INFO mapreduce.Job:  map 90% reduce 27%
20/06/09 16:08:38 INFO mapreduce.Job:  map 90% reduce 28%
20/06/09 16:08:40 INFO mapreduce.Job:  map 92% reduce 28%
20/06/09 16:08:41 INFO mapreduce.Job:  map 92% reduce 29%
20/06/09 16:08:44 INFO mapreduce.Job:  map 93% reduce 29%
20/06/09 16:08:47 INFO mapreduce.Job:  map 94% reduce 30%
20/06/09 16:08:48 INFO mapreduce.Job:  map 96% reduce 30%
20/06/09 16:08:51 INFO mapreduce.Job:  map 97% reduce 30%
20/06/09 16:08:53 INFO mapreduce.Job:  map 97% reduce 31%
20/06/09 16:08:57 INFO mapreduce.Job:  map 98% reduce 31%
20/06/09 16:08:58 INFO mapreduce.Job:  map 99% reduce 31%
20/06/09 16:09:02 INFO mapreduce.Job:  map 99% reduce 33%
20/06/09 16:09:04 INFO mapreduce.Job:  map 100% reduce 33%
20/06/09 16:09:08 INFO mapreduce.Job:  map 100% reduce 70%
20/06/09 16:09:11 INFO mapreduce.Job:  map 100% reduce 76%
20/06/09 16:09:14 INFO mapreduce.Job:  map 100% reduce 81%
20/06/09 16:09:17 INFO mapreduce.Job:  map 100% reduce 88%
20/06/09 16:09:20 INFO mapreduce.Job:  map 100% reduce 96%
20/06/09 16:09:22 INFO mapreduce.Job:  map 100% reduce 100%
20/06/09 16:09:23 INFO mapreduce.Job: Job job_1591686073574_0002 completed successfully
20/06/09 16:09:23 INFO mapreduce.Job: Counters: 51
	File System Counters
		FILE: Number of bytes read=1657491682
		FILE: Number of bytes written=2453893809
		FILE: Number of read operations=0
		FILE: Number of large read operations=0
		FILE: Number of write operations=0
		HDFS: Number of bytes read=11025078258
		HDFS: Number of bytes written=463682788
		HDFS: Number of read operations=273
		HDFS: Number of large read operations=0
		HDFS: Number of write operations=2
	Job Counters 
		Killed map tasks=1
		Launched map tasks=91
		Launched reduce tasks=1
		Data-local map tasks=90
		Rack-local map tasks=1
		Total time spent by all maps in occupied slots (ms)=5067562
		Total time spent by all reduces in occupied slots (ms)=343025
		Total time spent by all map tasks (ms)=5067562
		Total time spent by all reduce tasks (ms)=343025
		Total vcore-milliseconds taken by all map tasks=5067562
		Total vcore-milliseconds taken by all reduce tasks=343025
		Total megabyte-milliseconds taken by all map tasks=5189183488
		Total megabyte-milliseconds taken by all reduce tasks=351257600
	Map-Reduce Framework
		Map input records=1180314
		Map output records=1010366827
		Map output bytes=19265652448
		Map output materialized bytes=785191721
		Input split bytes=10530
		Combine input records=1035342588
		Combine output records=47528653
		Reduce input groups=9655084
		Reduce shuffle bytes=785191721
		Reduce input records=22552892
		Reduce output records=9655084
		Spilled Records=70759310
		Shuffled Maps =90
		Failed Shuffles=0
		Merged Map outputs=90
		GC time elapsed (ms)=106168
		CPU time spent (ms)=2043840
		Physical memory (bytes) snapshot=25093455872
		Virtual memory (bytes) snapshot=191969939456
		Total committed heap usage (bytes)=18937282560
	Shuffle Errors
		BAD_ID=0
		CONNECTION=0
		IO_ERROR=0
		WRONG_LENGTH=0
		WRONG_MAP=0
		WRONG_REDUCE=0
	File Input Format Counters 
		Bytes Read=11025067728
	File Output Format Counters 
		Bytes Written=463682788
20/06/09 16:09:23 INFO client.RMProxy: Connecting to ResourceManager at master/10.51.17.95:8032
20/06/09 16:09:23 INFO input.FileInputFormat: Total input paths to process : 1
20/06/09 16:09:24 INFO mapreduce.JobSubmitter: number of splits:4
20/06/09 16:09:25 INFO mapreduce.JobSubmitter: Submitting tokens for job: job_1591686073574_0003
20/06/09 16:09:25 INFO impl.YarnClientImpl: Submitted application application_1591686073574_0003
20/06/09 16:09:25 INFO mapreduce.Job: The url to track the job: http://master:8088/proxy/application_1591686073574_0003/
20/06/09 16:09:25 INFO mapreduce.Job: Running job: job_1591686073574_0003
20/06/09 16:09:33 INFO mapreduce.Job: Job job_1591686073574_0003 running in uber mode : false
20/06/09 16:09:33 INFO mapreduce.Job:  map 0% reduce 0%
20/06/09 16:09:43 INFO mapreduce.Job:  map 25% reduce 0%
20/06/09 16:09:46 INFO mapreduce.Job:  map 71% reduce 0%
20/06/09 16:09:49 INFO mapreduce.Job:  map 83% reduce 0%
20/06/09 16:09:51 INFO mapreduce.Job:  map 100% reduce 0%
20/06/09 16:09:54 INFO mapreduce.Job:  map 100% reduce 71%
20/06/09 16:09:57 INFO mapreduce.Job:  map 100% reduce 86%
20/06/09 16:10:00 INFO mapreduce.Job:  map 100% reduce 100%
20/06/09 16:10:01 INFO mapreduce.Job: Job job_1591686073574_0003 completed successfully
20/06/09 16:10:01 INFO mapreduce.Job: Counters: 50
	File System Counters
		FILE: Number of bytes read=746625633
		FILE: Number of bytes written=1148458410
		FILE: Number of read operations=0
		FILE: Number of large read operations=0
		FILE: Number of write operations=0
		HDFS: Number of bytes read=463685350
		HDFS: Number of bytes written=324637826
		HDFS: Number of read operations=19
		HDFS: Number of large read operations=0
		HDFS: Number of write operations=2
	Job Counters 
		Killed map tasks=1
		Launched map tasks=5
		Launched reduce tasks=1
		Data-local map tasks=5
		Total time spent by all maps in occupied slots (ms)=51754
		Total time spent by all reduces in occupied slots (ms)=14123
		Total time spent by all map tasks (ms)=51754
		Total time spent by all reduce tasks (ms)=14123
		Total vcore-milliseconds taken by all map tasks=51754
		Total vcore-milliseconds taken by all reduce tasks=14123
		Total megabyte-milliseconds taken by all map tasks=52996096
		Total megabyte-milliseconds taken by all reduce tasks=14461952
	Map-Reduce Framework
		Map input records=9655084
		Map output records=9655084
		Map output bytes=381909250
		Map output materialized bytes=401219442
		Input split bytes=504
		Combine input records=0
		Combine output records=0
		Reduce input groups=1255
		Reduce shuffle bytes=401219442
		Reduce input records=9655084
		Reduce output records=9655084
		Spilled Records=28194907
		Shuffled Maps =4
		Failed Shuffles=0
		Merged Map outputs=4
		GC time elapsed (ms)=2142
		CPU time spent (ms)=40340
		Physical memory (bytes) snapshot=1262870528
		Virtual memory (bytes) snapshot=10572013568
		Total committed heap usage (bytes)=940048384
	Shuffle Errors
		BAD_ID=0
		CONNECTION=0
		IO_ERROR=0
		WRONG_LENGTH=0
		WRONG_MAP=0
		WRONG_REDUCE=0
	File Input Format Counters 
		Bytes Read=463684846
	File Output Format Counters 
		Bytes Written=324637826
