20/06/09 16:20:47 INFO client.RMProxy: Connecting to ResourceManager at master/10.51.17.95:8032
20/06/09 16:20:47 INFO input.FileInputFormat: Total input paths to process : 10
20/06/09 16:20:47 INFO mapreduce.JobSubmitter: number of splits:90
20/06/09 16:20:47 INFO mapreduce.JobSubmitter: Submitting tokens for job: job_1591686073574_0008
20/06/09 16:20:48 INFO impl.YarnClientImpl: Submitted application application_1591686073574_0008
20/06/09 16:20:48 INFO mapreduce.Job: The url to track the job: http://master:8088/proxy/application_1591686073574_0008/
20/06/09 16:20:48 INFO mapreduce.Job: Running job: job_1591686073574_0008
20/06/09 16:20:55 INFO mapreduce.Job: Job job_1591686073574_0008 running in uber mode : false
20/06/09 16:20:55 INFO mapreduce.Job:  map 0% reduce 0%
20/06/09 16:21:09 INFO mapreduce.Job:  map 1% reduce 0%
20/06/09 16:21:11 INFO mapreduce.Job:  map 2% reduce 0%
20/06/09 16:21:14 INFO mapreduce.Job:  map 3% reduce 0%
20/06/09 16:21:23 INFO mapreduce.Job:  map 4% reduce 0%
20/06/09 16:21:27 INFO mapreduce.Job:  map 5% reduce 0%
20/06/09 16:21:34 INFO mapreduce.Job:  map 6% reduce 0%
20/06/09 16:21:37 INFO mapreduce.Job:  map 7% reduce 0%
20/06/09 16:21:43 INFO mapreduce.Job:  map 8% reduce 0%
20/06/09 16:21:47 INFO mapreduce.Job:  map 9% reduce 0%
20/06/09 16:21:51 INFO mapreduce.Job:  map 10% reduce 0%
20/06/09 16:21:52 INFO mapreduce.Job:  map 12% reduce 0%
20/06/09 16:22:04 INFO mapreduce.Job:  map 13% reduce 0%
20/06/09 16:22:05 INFO mapreduce.Job:  map 14% reduce 0%
20/06/09 16:22:10 INFO mapreduce.Job:  map 15% reduce 0%
20/06/09 16:22:11 INFO mapreduce.Job:  map 16% reduce 0%
20/06/09 16:22:13 INFO mapreduce.Job:  map 17% reduce 0%
20/06/09 16:22:17 INFO mapreduce.Job:  map 18% reduce 0%
20/06/09 16:22:22 INFO mapreduce.Job:  map 18% reduce 5%
20/06/09 16:22:25 INFO mapreduce.Job:  map 19% reduce 5%
20/06/09 16:22:29 INFO mapreduce.Job:  map 20% reduce 5%
20/06/09 16:22:35 INFO mapreduce.Job:  map 21% reduce 5%
20/06/09 16:22:41 INFO mapreduce.Job:  map 22% reduce 5%
20/06/09 16:22:44 INFO mapreduce.Job:  map 23% reduce 5%
20/06/09 16:22:47 INFO mapreduce.Job:  map 24% reduce 6%
20/06/09 16:22:51 INFO mapreduce.Job:  map 25% reduce 6%
20/06/09 16:22:53 INFO mapreduce.Job:  map 25% reduce 7%
20/06/09 16:22:56 INFO mapreduce.Job:  map 26% reduce 7%
20/06/09 16:22:59 INFO mapreduce.Job:  map 27% reduce 7%
20/06/09 16:23:05 INFO mapreduce.Job:  map 28% reduce 7%
20/06/09 16:23:10 INFO mapreduce.Job:  map 29% reduce 7%
20/06/09 16:23:14 INFO mapreduce.Job:  map 30% reduce 7%
20/06/09 16:23:17 INFO mapreduce.Job:  map 31% reduce 9%
20/06/09 16:23:18 INFO mapreduce.Job:  map 32% reduce 9%
20/06/09 16:23:20 INFO mapreduce.Job:  map 32% reduce 10%
20/06/09 16:23:25 INFO mapreduce.Job:  map 33% reduce 10%
20/06/09 16:23:29 INFO mapreduce.Job:  map 34% reduce 10%
20/06/09 16:23:32 INFO mapreduce.Job:  map 35% reduce 10%
20/06/09 16:23:39 INFO mapreduce.Job:  map 36% reduce 10%
20/06/09 16:23:42 INFO mapreduce.Job:  map 37% reduce 10%
20/06/09 16:23:45 INFO mapreduce.Job:  map 38% reduce 11%
20/06/09 16:23:50 INFO mapreduce.Job:  map 39% reduce 11%
20/06/09 16:23:51 INFO mapreduce.Job:  map 39% reduce 12%
20/06/09 16:23:53 INFO mapreduce.Job:  map 40% reduce 12%
20/06/09 16:23:57 INFO mapreduce.Job:  map 41% reduce 12%
20/06/09 16:24:03 INFO mapreduce.Job:  map 42% reduce 12%
20/06/09 16:24:09 INFO mapreduce.Job:  map 43% reduce 12%
20/06/09 16:24:13 INFO mapreduce.Job:  map 44% reduce 12%
20/06/09 16:24:19 INFO mapreduce.Job:  map 45% reduce 12%
20/06/09 16:24:21 INFO mapreduce.Job:  map 46% reduce 12%
20/06/09 16:24:22 INFO mapreduce.Job:  map 46% reduce 13%
20/06/09 16:24:24 INFO mapreduce.Job:  map 47% reduce 13%
20/06/09 16:24:27 INFO mapreduce.Job:  map 48% reduce 14%
20/06/09 16:24:32 INFO mapreduce.Job:  map 49% reduce 14%
20/06/09 16:24:34 INFO mapreduce.Job:  map 50% reduce 15%
20/06/09 16:24:39 INFO mapreduce.Job:  map 51% reduce 15%
20/06/09 16:24:41 INFO mapreduce.Job:  map 52% reduce 15%
20/06/09 16:24:42 INFO mapreduce.Job:  map 52% reduce 17%
20/06/09 16:24:47 INFO mapreduce.Job:  map 53% reduce 17%
20/06/09 16:24:52 INFO mapreduce.Job:  map 54% reduce 17%
20/06/09 16:24:56 INFO mapreduce.Job:  map 55% reduce 17%
20/06/09 16:25:03 INFO mapreduce.Job:  map 56% reduce 17%
20/06/09 16:25:07 INFO mapreduce.Job:  map 57% reduce 17%
20/06/09 16:25:12 INFO mapreduce.Job:  map 58% reduce 17%
20/06/09 16:25:17 INFO mapreduce.Job:  map 59% reduce 17%
20/06/09 16:25:22 INFO mapreduce.Job:  map 60% reduce 17%
20/06/09 16:25:25 INFO mapreduce.Job:  map 61% reduce 17%
20/06/09 16:25:28 INFO mapreduce.Job:  map 62% reduce 17%
20/06/09 16:25:30 INFO mapreduce.Job:  map 62% reduce 19%
20/06/09 16:25:32 INFO mapreduce.Job:  map 63% reduce 19%
20/06/09 16:25:35 INFO mapreduce.Job:  map 64% reduce 20%
20/06/09 16:25:38 INFO mapreduce.Job:  map 65% reduce 21%
20/06/09 16:25:42 INFO mapreduce.Job:  map 66% reduce 21%
20/06/09 16:25:47 INFO mapreduce.Job:  map 67% reduce 21%
20/06/09 16:25:50 INFO mapreduce.Job:  map 68% reduce 22%
20/06/09 16:25:55 INFO mapreduce.Job:  map 69% reduce 22%
20/06/09 16:26:00 INFO mapreduce.Job:  map 70% reduce 22%
20/06/09 16:26:06 INFO mapreduce.Job:  map 71% reduce 22%
20/06/09 16:26:10 INFO mapreduce.Job:  map 72% reduce 22%
20/06/09 16:26:16 INFO mapreduce.Job:  map 73% reduce 22%
20/06/09 16:26:21 INFO mapreduce.Job:  map 74% reduce 22%
20/06/09 16:26:25 INFO mapreduce.Job:  map 75% reduce 22%
20/06/09 16:26:27 INFO mapreduce.Job:  map 76% reduce 22%
20/06/09 16:26:30 INFO mapreduce.Job:  map 76% reduce 23%
20/06/09 16:26:31 INFO mapreduce.Job:  map 77% reduce 23%
20/06/09 16:26:33 INFO mapreduce.Job:  map 78% reduce 24%
20/06/09 16:26:35 INFO mapreduce.Job:  map 79% reduce 24%
20/06/09 16:26:36 INFO mapreduce.Job:  map 79% reduce 25%
20/06/09 16:26:39 INFO mapreduce.Job:  map 79% reduce 26%
20/06/09 16:26:43 INFO mapreduce.Job:  map 80% reduce 26%
20/06/09 16:26:44 INFO mapreduce.Job:  map 81% reduce 26%
20/06/09 16:26:46 INFO mapreduce.Job:  map 82% reduce 26%
20/06/09 16:26:47 INFO mapreduce.Job:  map 83% reduce 26%
20/06/09 16:26:48 INFO mapreduce.Job:  map 83% reduce 27%
20/06/09 16:26:53 INFO mapreduce.Job:  map 84% reduce 27%
20/06/09 16:26:57 INFO mapreduce.Job:  map 85% reduce 27%
20/06/09 16:26:58 INFO mapreduce.Job:  map 87% reduce 27%
20/06/09 16:27:02 INFO mapreduce.Job:  map 88% reduce 27%
20/06/09 16:27:06 INFO mapreduce.Job:  map 89% reduce 27%
20/06/09 16:27:07 INFO mapreduce.Job:  map 90% reduce 28%
20/06/09 16:27:10 INFO mapreduce.Job:  map 91% reduce 29%
20/06/09 16:27:14 INFO mapreduce.Job:  map 92% reduce 29%
20/06/09 16:27:16 INFO mapreduce.Job:  map 93% reduce 29%
20/06/09 16:27:19 INFO mapreduce.Job:  map 94% reduce 29%
20/06/09 16:27:20 INFO mapreduce.Job:  map 95% reduce 29%
20/06/09 16:27:21 INFO mapreduce.Job:  map 96% reduce 29%
20/06/09 16:27:22 INFO mapreduce.Job:  map 97% reduce 29%
20/06/09 16:27:25 INFO mapreduce.Job:  map 97% reduce 31%
20/06/09 16:27:26 INFO mapreduce.Job:  map 98% reduce 31%
20/06/09 16:27:28 INFO mapreduce.Job:  map 98% reduce 32%
20/06/09 16:27:31 INFO mapreduce.Job:  map 99% reduce 32%
20/06/09 16:27:33 INFO mapreduce.Job:  map 100% reduce 32%
20/06/09 16:27:34 INFO mapreduce.Job:  map 100% reduce 33%
20/06/09 16:27:37 INFO mapreduce.Job:  map 100% reduce 70%
20/06/09 16:27:40 INFO mapreduce.Job:  map 100% reduce 76%
20/06/09 16:27:43 INFO mapreduce.Job:  map 100% reduce 81%
20/06/09 16:27:46 INFO mapreduce.Job:  map 100% reduce 87%
20/06/09 16:27:49 INFO mapreduce.Job:  map 100% reduce 96%
20/06/09 16:27:51 INFO mapreduce.Job:  map 100% reduce 100%
20/06/09 16:27:51 INFO mapreduce.Job: Job job_1591686073574_0008 completed successfully
20/06/09 16:27:51 INFO mapreduce.Job: Counters: 51
	File System Counters
		FILE: Number of bytes read=1681608576
		FILE: Number of bytes written=2490488071
		FILE: Number of read operations=0
		FILE: Number of large read operations=0
		FILE: Number of write operations=0
		HDFS: Number of bytes read=11026090927
		HDFS: Number of bytes written=479920887
		HDFS: Number of read operations=273
		HDFS: Number of large read operations=0
		HDFS: Number of write operations=2
	Job Counters 
		Killed map tasks=1
		Launched map tasks=91
		Launched reduce tasks=1
		Data-local map tasks=89
		Rack-local map tasks=2
		Total time spent by all maps in occupied slots (ms)=5064030
		Total time spent by all reduces in occupied slots (ms)=340944
		Total time spent by all map tasks (ms)=5064030
		Total time spent by all reduce tasks (ms)=340944
		Total vcore-milliseconds taken by all map tasks=5064030
		Total vcore-milliseconds taken by all reduce tasks=340944
		Total megabyte-milliseconds taken by all map tasks=5185566720
		Total megabyte-milliseconds taken by all reduce tasks=349126656
	Map-Reduce Framework
		Map input records=265829
		Map output records=1010819166
		Map output bytes=19279383373
		Map output materialized bytes=797668998
		Input split bytes=10530
		Combine input records=1035813036
		Combine output records=47600264
		Reduce input groups=9839558
		Reduce shuffle bytes=797668998
		Reduce input records=22606394
		Reduce output records=9839558
		Spilled Records=70885377
		Shuffled Maps =90
		Failed Shuffles=0
		Merged Map outputs=90
		GC time elapsed (ms)=107807
		CPU time spent (ms)=2052220
		Physical memory (bytes) snapshot=25054953472
		Virtual memory (bytes) snapshot=191911976960
		Total committed heap usage (bytes)=18930991104
	Shuffle Errors
		BAD_ID=0
		CONNECTION=0
		IO_ERROR=0
		WRONG_LENGTH=0
		WRONG_MAP=0
		WRONG_REDUCE=0
	File Input Format Counters 
		Bytes Read=11026080397
	File Output Format Counters 
		Bytes Written=479920887
20/06/09 16:27:51 INFO client.RMProxy: Connecting to ResourceManager at master/10.51.17.95:8032
20/06/09 16:27:52 INFO input.FileInputFormat: Total input paths to process : 1
20/06/09 16:27:52 INFO mapreduce.JobSubmitter: number of splits:4
20/06/09 16:27:52 INFO mapreduce.JobSubmitter: Submitting tokens for job: job_1591686073574_0009
20/06/09 16:27:53 INFO impl.YarnClientImpl: Submitted application application_1591686073574_0009
20/06/09 16:27:53 INFO mapreduce.Job: The url to track the job: http://master:8088/proxy/application_1591686073574_0009/
20/06/09 16:27:53 INFO mapreduce.Job: Running job: job_1591686073574_0009
20/06/09 16:28:02 INFO mapreduce.Job: Job job_1591686073574_0009 running in uber mode : false
20/06/09 16:28:02 INFO mapreduce.Job:  map 0% reduce 0%
20/06/09 16:28:13 INFO mapreduce.Job:  map 23% reduce 0%
20/06/09 16:28:14 INFO mapreduce.Job:  map 59% reduce 0%
20/06/09 16:28:16 INFO mapreduce.Job:  map 68% reduce 0%
20/06/09 16:28:17 INFO mapreduce.Job:  map 80% reduce 0%
20/06/09 16:28:18 INFO mapreduce.Job:  map 86% reduce 0%
20/06/09 16:28:20 INFO mapreduce.Job:  map 92% reduce 0%
20/06/09 16:28:22 INFO mapreduce.Job:  map 100% reduce 0%
20/06/09 16:28:24 INFO mapreduce.Job:  map 100% reduce 73%
20/06/09 16:28:27 INFO mapreduce.Job:  map 100% reduce 87%
20/06/09 16:28:30 INFO mapreduce.Job:  map 100% reduce 100%
20/06/09 16:28:31 INFO mapreduce.Job: Job job_1591686073574_0009 completed successfully
20/06/09 16:28:31 INFO mapreduce.Job: Counters: 50
	File System Counters
		FILE: Number of bytes read=832392378
		FILE: Number of bytes written=1249201895
		FILE: Number of read operations=0
		FILE: Number of large read operations=0
		FILE: Number of write operations=0
		HDFS: Number of bytes read=479924462
		HDFS: Number of bytes written=338136792
		HDFS: Number of read operations=19
		HDFS: Number of large read operations=0
		HDFS: Number of write operations=2
	Job Counters 
		Killed map tasks=1
		Launched map tasks=5
		Launched reduce tasks=1
		Data-local map tasks=5
		Total time spent by all maps in occupied slots (ms)=54760
		Total time spent by all reduces in occupied slots (ms)=13985
		Total time spent by all map tasks (ms)=54760
		Total time spent by all reduce tasks (ms)=13985
		Total vcore-milliseconds taken by all map tasks=54760
		Total vcore-milliseconds taken by all reduce tasks=13985
		Total megabyte-milliseconds taken by all map tasks=56074240
		Total megabyte-milliseconds taken by all reduce tasks=14320640
	Map-Reduce Framework
		Map input records=9839558
		Map output records=9839558
		Map output bytes=396517037
		Map output materialized bytes=416196177
		Input split bytes=508
		Combine input records=0
		Combine output records=0
		Reduce input groups=1251
		Reduce shuffle bytes=416196177
		Reduce input records=9839558
		Reduce output records=9839558
		Spilled Records=29518674
		Shuffled Maps =4
		Failed Shuffles=0
		Merged Map outputs=4
		GC time elapsed (ms)=1439
		CPU time spent (ms)=43630
		Physical memory (bytes) snapshot=1271111680
		Virtual memory (bytes) snapshot=10579976192
		Total committed heap usage (bytes)=943718400
	Shuffle Errors
		BAD_ID=0
		CONNECTION=0
		IO_ERROR=0
		WRONG_LENGTH=0
		WRONG_MAP=0
		WRONG_REDUCE=0
	File Input Format Counters 
		Bytes Read=479923954
	File Output Format Counters 
		Bytes Written=338136792
