20/06/09 16:11:05 INFO client.RMProxy: Connecting to ResourceManager at master/10.51.17.95:8032
20/06/09 16:11:05 INFO input.FileInputFormat: Total input paths to process : 10
20/06/09 16:11:05 INFO mapreduce.JobSubmitter: number of splits:90
20/06/09 16:11:06 INFO mapreduce.JobSubmitter: Submitting tokens for job: job_1591686073574_0005
20/06/09 16:11:06 INFO impl.YarnClientImpl: Submitted application application_1591686073574_0005
20/06/09 16:11:06 INFO mapreduce.Job: The url to track the job: http://master:8088/proxy/application_1591686073574_0005/
20/06/09 16:11:06 INFO mapreduce.Job: Running job: job_1591686073574_0005
20/06/09 16:11:15 INFO mapreduce.Job: Job job_1591686073574_0005 running in uber mode : false
20/06/09 16:11:15 INFO mapreduce.Job:  map 0% reduce 0%
20/06/09 16:11:29 INFO mapreduce.Job:  map 1% reduce 0%
20/06/09 16:11:33 INFO mapreduce.Job:  map 2% reduce 0%
20/06/09 16:11:37 INFO mapreduce.Job:  map 3% reduce 0%
20/06/09 16:11:45 INFO mapreduce.Job:  map 4% reduce 0%
20/06/09 16:11:51 INFO mapreduce.Job:  map 5% reduce 0%
20/06/09 16:11:55 INFO mapreduce.Job:  map 6% reduce 0%
20/06/09 16:12:03 INFO mapreduce.Job:  map 7% reduce 0%
20/06/09 16:12:08 INFO mapreduce.Job:  map 8% reduce 0%
20/06/09 16:12:15 INFO mapreduce.Job:  map 9% reduce 0%
20/06/09 16:12:17 INFO mapreduce.Job:  map 10% reduce 0%
20/06/09 16:12:19 INFO mapreduce.Job:  map 11% reduce 0%
20/06/09 16:12:21 INFO mapreduce.Job:  map 12% reduce 0%
20/06/09 16:12:28 INFO mapreduce.Job:  map 13% reduce 0%
20/06/09 16:12:35 INFO mapreduce.Job:  map 14% reduce 0%
20/06/09 16:12:38 INFO mapreduce.Job:  map 15% reduce 0%
20/06/09 16:12:39 INFO mapreduce.Job:  map 16% reduce 0%
20/06/09 16:12:40 INFO mapreduce.Job:  map 17% reduce 0%
20/06/09 16:12:50 INFO mapreduce.Job:  map 18% reduce 0%
20/06/09 16:12:55 INFO mapreduce.Job:  map 19% reduce 5%
20/06/09 16:13:02 INFO mapreduce.Job:  map 20% reduce 5%
20/06/09 16:13:07 INFO mapreduce.Job:  map 21% reduce 5%
20/06/09 16:13:12 INFO mapreduce.Job:  map 22% reduce 5%
20/06/09 16:13:18 INFO mapreduce.Job:  map 23% reduce 5%
20/06/09 16:13:25 INFO mapreduce.Job:  map 24% reduce 5%
20/06/09 16:13:28 INFO mapreduce.Job:  map 25% reduce 5%
20/06/09 16:13:29 INFO mapreduce.Job:  map 25% reduce 6%
20/06/09 16:13:31 INFO mapreduce.Job:  map 26% reduce 6%
20/06/09 16:13:35 INFO mapreduce.Job:  map 26% reduce 7%
20/06/09 16:13:36 INFO mapreduce.Job:  map 27% reduce 7%
20/06/09 16:13:39 INFO mapreduce.Job:  map 28% reduce 7%
20/06/09 16:13:41 INFO mapreduce.Job:  map 28% reduce 8%
20/06/09 16:13:43 INFO mapreduce.Job:  map 29% reduce 8%
20/06/09 16:13:46 INFO mapreduce.Job:  map 30% reduce 8%
20/06/09 16:13:47 INFO mapreduce.Job:  map 30% reduce 9%
20/06/09 16:13:48 INFO mapreduce.Job:  map 31% reduce 9%
20/06/09 16:13:50 INFO mapreduce.Job:  map 31% reduce 10%
20/06/09 16:13:53 INFO mapreduce.Job:  map 32% reduce 10%
20/06/09 16:14:00 INFO mapreduce.Job:  map 33% reduce 10%
20/06/09 16:14:04 INFO mapreduce.Job:  map 34% reduce 10%
20/06/09 16:14:12 INFO mapreduce.Job:  map 35% reduce 10%
20/06/09 16:14:17 INFO mapreduce.Job:  map 36% reduce 10%
20/06/09 16:14:23 INFO mapreduce.Job:  map 37% reduce 10%
20/06/09 16:14:29 INFO mapreduce.Job:  map 38% reduce 10%
20/06/09 16:14:35 INFO mapreduce.Job:  map 39% reduce 10%
20/06/09 16:14:38 INFO mapreduce.Job:  map 40% reduce 11%
20/06/09 16:14:42 INFO mapreduce.Job:  map 41% reduce 11%
20/06/09 16:14:43 INFO mapreduce.Job:  map 42% reduce 11%
20/06/09 16:14:44 INFO mapreduce.Job:  map 42% reduce 12%
20/06/09 16:14:48 INFO mapreduce.Job:  map 43% reduce 13%
20/06/09 16:14:52 INFO mapreduce.Job:  map 44% reduce 13%
20/06/09 16:14:54 INFO mapreduce.Job:  map 45% reduce 14%
20/06/09 16:15:00 INFO mapreduce.Job:  map 46% reduce 14%
20/06/09 16:15:03 INFO mapreduce.Job:  map 46% reduce 15%
20/06/09 16:15:05 INFO mapreduce.Job:  map 47% reduce 15%
20/06/09 16:15:12 INFO mapreduce.Job:  map 48% reduce 15%
20/06/09 16:15:17 INFO mapreduce.Job:  map 49% reduce 15%
20/06/09 16:15:25 INFO mapreduce.Job:  map 50% reduce 15%
20/06/09 16:15:31 INFO mapreduce.Job:  map 51% reduce 15%
20/06/09 16:15:34 INFO mapreduce.Job:  map 52% reduce 15%
20/06/09 16:15:42 INFO mapreduce.Job:  map 53% reduce 15%
20/06/09 16:15:46 INFO mapreduce.Job:  map 54% reduce 15%
20/06/09 16:15:49 INFO mapreduce.Job:  map 54% reduce 16%
20/06/09 16:15:51 INFO mapreduce.Job:  map 55% reduce 16%
20/06/09 16:15:52 INFO mapreduce.Job:  map 56% reduce 16%
20/06/09 16:15:55 INFO mapreduce.Job:  map 57% reduce 17%
20/06/09 16:15:58 INFO mapreduce.Job:  map 57% reduce 18%
20/06/09 16:15:59 INFO mapreduce.Job:  map 58% reduce 18%
20/06/09 16:16:01 INFO mapreduce.Job:  map 58% reduce 19%
20/06/09 16:16:07 INFO mapreduce.Job:  map 59% reduce 19%
20/06/09 16:16:09 INFO mapreduce.Job:  map 60% reduce 19%
20/06/09 16:16:13 INFO mapreduce.Job:  map 61% reduce 19%
20/06/09 16:16:21 INFO mapreduce.Job:  map 62% reduce 19%
20/06/09 16:16:23 INFO mapreduce.Job:  map 63% reduce 20%
20/06/09 16:16:31 INFO mapreduce.Job:  map 64% reduce 20%
20/06/09 16:16:34 INFO mapreduce.Job:  map 65% reduce 20%
20/06/09 16:16:42 INFO mapreduce.Job:  map 66% reduce 20%
20/06/09 16:16:47 INFO mapreduce.Job:  map 67% reduce 20%
20/06/09 16:16:52 INFO mapreduce.Job:  map 68% reduce 20%
20/06/09 16:16:55 INFO mapreduce.Job:  map 69% reduce 20%
20/06/09 16:17:00 INFO mapreduce.Job:  map 70% reduce 20%
20/06/09 16:17:02 INFO mapreduce.Job:  map 71% reduce 22%
20/06/09 16:17:03 INFO mapreduce.Job:  map 72% reduce 22%
20/06/09 16:17:06 INFO mapreduce.Job:  map 73% reduce 23%
20/06/09 16:17:13 INFO mapreduce.Job:  map 74% reduce 23%
20/06/09 16:17:14 INFO mapreduce.Job:  map 74% reduce 24%
20/06/09 16:17:16 INFO mapreduce.Job:  map 75% reduce 24%
20/06/09 16:17:17 INFO mapreduce.Job:  map 76% reduce 24%
20/06/09 16:17:25 INFO mapreduce.Job:  map 77% reduce 24%
20/06/09 16:17:27 INFO mapreduce.Job:  map 77% reduce 25%
20/06/09 16:17:28 INFO mapreduce.Job:  map 78% reduce 25%
20/06/09 16:17:31 INFO mapreduce.Job:  map 79% reduce 25%
20/06/09 16:17:36 INFO mapreduce.Job:  map 80% reduce 25%
20/06/09 16:17:38 INFO mapreduce.Job:  map 82% reduce 25%
20/06/09 16:17:45 INFO mapreduce.Job:  map 83% reduce 25%
20/06/09 16:17:48 INFO mapreduce.Job:  map 83% reduce 26%
20/06/09 16:17:49 INFO mapreduce.Job:  map 84% reduce 26%
20/06/09 16:17:51 INFO mapreduce.Job:  map 85% reduce 26%
20/06/09 16:17:56 INFO mapreduce.Job:  map 86% reduce 26%
20/06/09 16:18:00 INFO mapreduce.Job:  map 87% reduce 27%
20/06/09 16:18:04 INFO mapreduce.Job:  map 88% reduce 27%
20/06/09 16:18:06 INFO mapreduce.Job:  map 89% reduce 27%
20/06/09 16:18:07 INFO mapreduce.Job:  map 89% reduce 28%
20/06/09 16:18:08 INFO mapreduce.Job:  map 90% reduce 28%
20/06/09 16:18:10 INFO mapreduce.Job:  map 90% reduce 29%
20/06/09 16:18:13 INFO mapreduce.Job:  map 90% reduce 30%
20/06/09 16:18:14 INFO mapreduce.Job:  map 91% reduce 30%
20/06/09 16:18:16 INFO mapreduce.Job:  map 92% reduce 30%
20/06/09 16:18:17 INFO mapreduce.Job:  map 93% reduce 30%
20/06/09 16:18:18 INFO mapreduce.Job:  map 94% reduce 30%
20/06/09 16:18:21 INFO mapreduce.Job:  map 96% reduce 30%
20/06/09 16:18:25 INFO mapreduce.Job:  map 97% reduce 31%
20/06/09 16:18:27 INFO mapreduce.Job:  map 98% reduce 31%
20/06/09 16:18:28 INFO mapreduce.Job:  map 98% reduce 32%
20/06/09 16:18:33 INFO mapreduce.Job:  map 99% reduce 32%
20/06/09 16:18:40 INFO mapreduce.Job:  map 99% reduce 33%
20/06/09 16:18:43 INFO mapreduce.Job:  map 100% reduce 33%
20/06/09 16:18:46 INFO mapreduce.Job:  map 100% reduce 69%
20/06/09 16:18:49 INFO mapreduce.Job:  map 100% reduce 75%
20/06/09 16:18:52 INFO mapreduce.Job:  map 100% reduce 80%
20/06/09 16:18:55 INFO mapreduce.Job:  map 100% reduce 85%
20/06/09 16:18:58 INFO mapreduce.Job:  map 100% reduce 92%
20/06/09 16:19:01 INFO mapreduce.Job:  map 100% reduce 100%
20/06/09 16:19:02 INFO mapreduce.Job: Job job_1591686073574_0005 completed successfully
20/06/09 16:19:02 INFO mapreduce.Job: Counters: 51
	File System Counters
		FILE: Number of bytes read=1720834314
		FILE: Number of bytes written=2549177451
		FILE: Number of read operations=0
		FILE: Number of large read operations=0
		FILE: Number of write operations=0
		HDFS: Number of bytes read=11025847844
		HDFS: Number of bytes written=496934865
		HDFS: Number of read operations=273
		HDFS: Number of large read operations=0
		HDFS: Number of write operations=2
	Job Counters 
		Killed map tasks=2
		Launched map tasks=92
		Launched reduce tasks=1
		Data-local map tasks=87
		Rack-local map tasks=5
		Total time spent by all maps in occupied slots (ms)=5619702
		Total time spent by all reduces in occupied slots (ms)=380336
		Total time spent by all map tasks (ms)=5619702
		Total time spent by all reduce tasks (ms)=380336
		Total vcore-milliseconds taken by all map tasks=5619702
		Total vcore-milliseconds taken by all reduce tasks=380336
		Total megabyte-milliseconds taken by all map tasks=5754574848
		Total megabyte-milliseconds taken by all reduce tasks=389464064
	Map-Reduce Framework
		Map input records=722497
		Map output records=1009901207
		Map output bytes=19271947254
		Map output materialized bytes=817132640
		Input split bytes=10530
		Combine input records=1034888334
		Combine output records=47590827
		Reduce input groups=9843167
		Reduce shuffle bytes=817132640
		Reduce input records=22603700
		Reduce output records=9843167
		Spilled Records=70873217
		Shuffled Maps =90
		Failed Shuffles=0
		Merged Map outputs=90
		GC time elapsed (ms)=113552
		CPU time spent (ms)=2291350
		Physical memory (bytes) snapshot=25035325440
		Virtual memory (bytes) snapshot=191928025088
		Total committed heap usage (bytes)=18935185408
	Shuffle Errors
		BAD_ID=0
		CONNECTION=0
		IO_ERROR=0
		WRONG_LENGTH=0
		WRONG_MAP=0
		WRONG_REDUCE=0
	File Input Format Counters 
		Bytes Read=11025837314
	File Output Format Counters 
		Bytes Written=496934865
20/06/09 16:19:02 INFO client.RMProxy: Connecting to ResourceManager at master/10.51.17.95:8032
20/06/09 16:19:02 INFO input.FileInputFormat: Total input paths to process : 1
20/06/09 16:19:02 INFO mapreduce.JobSubmitter: number of splits:4
20/06/09 16:19:03 INFO mapreduce.JobSubmitter: Submitting tokens for job: job_1591686073574_0006
20/06/09 16:19:03 INFO impl.YarnClientImpl: Submitted application application_1591686073574_0006
20/06/09 16:19:03 INFO mapreduce.Job: The url to track the job: http://master:8088/proxy/application_1591686073574_0006/
20/06/09 16:19:03 INFO mapreduce.Job: Running job: job_1591686073574_0006
20/06/09 16:19:12 INFO mapreduce.Job: Job job_1591686073574_0006 running in uber mode : false
20/06/09 16:19:12 INFO mapreduce.Job:  map 0% reduce 0%
20/06/09 16:19:24 INFO mapreduce.Job:  map 48% reduce 0%
20/06/09 16:19:25 INFO mapreduce.Job:  map 60% reduce 0%
20/06/09 16:19:27 INFO mapreduce.Job:  map 78% reduce 0%
20/06/09 16:19:28 INFO mapreduce.Job:  map 86% reduce 0%
20/06/09 16:19:29 INFO mapreduce.Job:  map 92% reduce 0%
20/06/09 16:19:31 INFO mapreduce.Job:  map 100% reduce 0%
20/06/09 16:19:37 INFO mapreduce.Job:  map 100% reduce 90%
20/06/09 16:19:40 INFO mapreduce.Job:  map 100% reduce 100%
20/06/09 16:19:40 INFO mapreduce.Job: Job job_1591686073574_0006 completed successfully
20/06/09 16:19:40 INFO mapreduce.Job: Counters: 50
	File System Counters
		FILE: Number of bytes read=866053746
		FILE: Number of bytes written=1299693947
		FILE: Number of read operations=0
		FILE: Number of large read operations=0
		FILE: Number of write operations=0
		HDFS: Number of bytes read=496937784
		HDFS: Number of bytes written=354938398
		HDFS: Number of read operations=19
		HDFS: Number of large read operations=0
		HDFS: Number of write operations=2
	Job Counters 
		Killed map tasks=1
		Launched map tasks=5
		Launched reduce tasks=1
		Data-local map tasks=5
		Total time spent by all maps in occupied slots (ms)=60086
		Total time spent by all reduces in occupied slots (ms)=12619
		Total time spent by all map tasks (ms)=60086
		Total time spent by all reduce tasks (ms)=12619
		Total vcore-milliseconds taken by all map tasks=60086
		Total vcore-milliseconds taken by all reduce tasks=12619
		Total megabyte-milliseconds taken by all map tasks=61528064
		Total megabyte-milliseconds taken by all reduce tasks=12921856
	Map-Reduce Framework
		Map input records=9843167
		Map output records=9843167
		Map output bytes=413340503
		Map output materialized bytes=433026861
		Input split bytes=508
		Combine input records=0
		Combine output records=0
		Reduce input groups=1252
		Reduce shuffle bytes=433026861
		Reduce input records=9843167
		Reduce output records=9843167
		Spilled Records=29529501
		Shuffled Maps =4
		Failed Shuffles=0
		Merged Map outputs=4
		GC time elapsed (ms)=1868
		CPU time spent (ms)=41050
		Physical memory (bytes) snapshot=1260204032
		Virtual memory (bytes) snapshot=10561675264
		Total committed heap usage (bytes)=938475520
	Shuffle Errors
		BAD_ID=0
		CONNECTION=0
		IO_ERROR=0
		WRONG_LENGTH=0
		WRONG_MAP=0
		WRONG_REDUCE=0
	File Input Format Counters 
		Bytes Read=496937276
	File Output Format Counters 
		Bytes Written=354938398
