20/06/13 00:45:48 INFO client.RMProxy: Connecting to ResourceManager at master/10.51.17.95:8032
20/06/13 00:45:49 INFO client.RMProxy: Connecting to ResourceManager at master/10.51.17.95:8032
20/06/13 00:45:49 INFO input.FileInputFormat: Total input paths to process : 10
20/06/13 00:45:49 INFO mapreduce.JobSubmitter: number of splits:80
20/06/13 00:45:51 INFO mapreduce.JobSubmitter: Submitting tokens for job: job_1591976332163_0004
20/06/13 00:45:51 INFO impl.YarnClientImpl: Submitted application application_1591976332163_0004
20/06/13 00:45:51 INFO mapreduce.Job: The url to track the job: http://master:8088/proxy/application_1591976332163_0004/
20/06/13 00:45:51 INFO mapreduce.Job: Running job: job_1591976332163_0004
20/06/13 00:45:58 INFO mapreduce.Job: Job job_1591976332163_0004 running in uber mode : false
20/06/13 00:45:58 INFO mapreduce.Job:  map 0% reduce 0%
20/06/13 00:46:11 INFO mapreduce.Job:  map 1% reduce 0%
20/06/13 00:46:12 INFO mapreduce.Job:  map 5% reduce 0%
20/06/13 00:46:13 INFO mapreduce.Job:  map 8% reduce 0%
20/06/13 00:46:14 INFO mapreduce.Job:  map 9% reduce 0%
20/06/13 00:46:16 INFO mapreduce.Job:  map 15% reduce 0%
20/06/13 00:46:19 INFO mapreduce.Job:  map 16% reduce 0%
20/06/13 00:46:22 INFO mapreduce.Job:  map 18% reduce 0%
20/06/13 00:46:23 INFO mapreduce.Job:  map 19% reduce 0%
20/06/13 00:46:25 INFO mapreduce.Job:  map 21% reduce 0%
20/06/13 00:46:27 INFO mapreduce.Job:  map 22% reduce 0%
20/06/13 00:46:28 INFO mapreduce.Job:  map 23% reduce 2%
20/06/13 00:46:30 INFO mapreduce.Job:  map 24% reduce 2%
20/06/13 00:46:31 INFO mapreduce.Job:  map 27% reduce 2%
20/06/13 00:46:34 INFO mapreduce.Job:  map 28% reduce 3%
20/06/13 00:46:36 INFO mapreduce.Job:  map 30% reduce 3%
20/06/13 00:46:37 INFO mapreduce.Job:  map 31% reduce 3%
20/06/13 00:46:39 INFO mapreduce.Job:  map 32% reduce 3%
20/06/13 00:46:40 INFO mapreduce.Job:  map 33% reduce 3%
20/06/13 00:46:41 INFO mapreduce.Job:  map 33% reduce 4%
20/06/13 00:46:44 INFO mapreduce.Job:  map 34% reduce 5%
20/06/13 00:46:45 INFO mapreduce.Job:  map 34% reduce 6%
20/06/13 00:46:48 INFO mapreduce.Job:  map 35% reduce 7%
20/06/13 00:46:50 INFO mapreduce.Job:  map 36% reduce 8%
20/06/13 00:46:51 INFO mapreduce.Job:  map 39% reduce 8%
20/06/13 00:46:52 INFO mapreduce.Job:  map 40% reduce 8%
20/06/13 00:46:53 INFO mapreduce.Job:  map 41% reduce 8%
20/06/13 00:46:54 INFO mapreduce.Job:  map 43% reduce 9%
20/06/13 00:46:57 INFO mapreduce.Job:  map 44% reduce 9%
20/06/13 00:46:58 INFO mapreduce.Job:  map 45% reduce 9%
20/06/13 00:47:01 INFO mapreduce.Job:  map 46% reduce 10%
20/06/13 00:47:03 INFO mapreduce.Job:  map 47% reduce 10%
20/06/13 00:47:06 INFO mapreduce.Job:  map 47% reduce 11%
20/06/13 00:47:07 INFO mapreduce.Job:  map 48% reduce 11%
20/06/13 00:47:10 INFO mapreduce.Job:  map 50% reduce 11%
20/06/13 00:47:11 INFO mapreduce.Job:  map 51% reduce 12%
20/06/13 00:47:15 INFO mapreduce.Job:  map 52% reduce 12%
20/06/13 00:47:17 INFO mapreduce.Job:  map 53% reduce 12%
20/06/13 00:47:18 INFO mapreduce.Job:  map 55% reduce 12%
20/06/13 00:47:20 INFO mapreduce.Job:  map 56% reduce 12%
20/06/13 00:47:21 INFO mapreduce.Job:  map 57% reduce 13%
20/06/13 00:47:22 INFO mapreduce.Job:  map 58% reduce 13%
20/06/13 00:47:25 INFO mapreduce.Job:  map 59% reduce 13%
20/06/13 00:47:26 INFO mapreduce.Job:  map 60% reduce 13%
20/06/13 00:47:28 INFO mapreduce.Job:  map 61% reduce 14%
20/06/13 00:47:30 INFO mapreduce.Job:  map 62% reduce 14%
20/06/13 00:47:31 INFO mapreduce.Job:  map 62% reduce 15%
20/06/13 00:47:33 INFO mapreduce.Job:  map 63% reduce 15%
20/06/13 00:47:34 INFO mapreduce.Job:  map 63% reduce 16%
20/06/13 00:47:37 INFO mapreduce.Job:  map 64% reduce 16%
20/06/13 00:47:38 INFO mapreduce.Job:  map 65% reduce 16%
20/06/13 00:47:39 INFO mapreduce.Job:  map 66% reduce 16%
20/06/13 00:47:41 INFO mapreduce.Job:  map 68% reduce 16%
20/06/13 00:47:42 INFO mapreduce.Job:  map 69% reduce 17%
20/06/13 00:47:44 INFO mapreduce.Job:  map 70% reduce 17%
20/06/13 00:47:46 INFO mapreduce.Job:  map 71% reduce 17%
20/06/13 00:47:47 INFO mapreduce.Job:  map 72% reduce 17%
20/06/13 00:47:49 INFO mapreduce.Job:  map 73% reduce 17%
20/06/13 00:47:51 INFO mapreduce.Job:  map 73% reduce 18%
20/06/13 00:47:52 INFO mapreduce.Job:  map 74% reduce 18%
20/06/13 00:47:55 INFO mapreduce.Job:  map 74% reduce 19%
20/06/13 00:47:56 INFO mapreduce.Job:  map 75% reduce 19%
20/06/13 00:47:59 INFO mapreduce.Job:  map 76% reduce 19%
20/06/13 00:48:01 INFO mapreduce.Job:  map 77% reduce 20%
20/06/13 00:48:03 INFO mapreduce.Job:  map 78% reduce 20%
20/06/13 00:48:05 INFO mapreduce.Job:  map 79% reduce 20%
20/06/13 00:48:06 INFO mapreduce.Job:  map 80% reduce 20%
20/06/13 00:48:07 INFO mapreduce.Job:  map 81% reduce 20%
20/06/13 00:48:09 INFO mapreduce.Job:  map 83% reduce 20%
20/06/13 00:48:10 INFO mapreduce.Job:  map 83% reduce 21%
20/06/13 00:48:11 INFO mapreduce.Job:  map 84% reduce 21%
20/06/13 00:48:13 INFO mapreduce.Job:  map 85% reduce 21%
20/06/13 00:48:14 INFO mapreduce.Job:  map 86% reduce 21%
20/06/13 00:48:16 INFO mapreduce.Job:  map 87% reduce 22%
20/06/13 00:48:19 INFO mapreduce.Job:  map 87% reduce 23%
20/06/13 00:48:24 INFO mapreduce.Job:  map 88% reduce 23%
20/06/13 00:48:27 INFO mapreduce.Job:  map 89% reduce 23%
20/06/13 00:48:28 INFO mapreduce.Job:  map 91% reduce 24%
20/06/13 00:48:33 INFO mapreduce.Job:  map 93% reduce 24%
20/06/13 00:48:36 INFO mapreduce.Job:  map 95% reduce 24%
20/06/13 00:48:37 INFO mapreduce.Job:  map 97% reduce 24%
20/06/13 00:48:39 INFO mapreduce.Job:  map 98% reduce 24%
20/06/13 00:48:40 INFO mapreduce.Job:  map 99% reduce 25%
20/06/13 00:48:46 INFO mapreduce.Job:  map 100% reduce 26%
20/06/13 00:48:49 INFO mapreduce.Job:  map 100% reduce 27%
20/06/13 00:48:55 INFO mapreduce.Job:  map 100% reduce 37%
20/06/13 00:48:58 INFO mapreduce.Job:  map 100% reduce 40%
20/06/13 00:49:01 INFO mapreduce.Job:  map 100% reduce 41%
20/06/13 00:49:10 INFO mapreduce.Job:  map 100% reduce 42%
20/06/13 00:49:13 INFO mapreduce.Job:  map 100% reduce 44%
20/06/13 00:49:16 INFO mapreduce.Job:  map 100% reduce 45%
20/06/13 00:49:19 INFO mapreduce.Job:  map 100% reduce 47%
20/06/13 00:49:22 INFO mapreduce.Job:  map 100% reduce 48%
20/06/13 00:49:25 INFO mapreduce.Job:  map 100% reduce 49%
20/06/13 00:49:28 INFO mapreduce.Job:  map 100% reduce 50%
20/06/13 00:49:31 INFO mapreduce.Job:  map 100% reduce 53%
20/06/13 00:49:34 INFO mapreduce.Job:  map 100% reduce 54%
20/06/13 00:49:37 INFO mapreduce.Job:  map 100% reduce 58%
20/06/13 00:49:40 INFO mapreduce.Job:  map 100% reduce 66%
20/06/13 00:49:43 INFO mapreduce.Job:  map 100% reduce 67%
20/06/13 00:49:46 INFO mapreduce.Job:  map 100% reduce 80%
20/06/13 00:49:52 INFO mapreduce.Job:  map 100% reduce 81%
20/06/13 00:49:55 INFO mapreduce.Job:  map 100% reduce 82%
20/06/13 00:50:04 INFO mapreduce.Job:  map 100% reduce 83%
20/06/13 00:50:07 INFO mapreduce.Job:  map 100% reduce 84%
20/06/13 00:50:17 INFO mapreduce.Job:  map 100% reduce 86%
20/06/13 00:50:23 INFO mapreduce.Job:  map 100% reduce 88%
20/06/13 00:50:26 INFO mapreduce.Job:  map 100% reduce 89%
20/06/13 00:50:29 INFO mapreduce.Job:  map 100% reduce 90%
20/06/13 00:50:32 INFO mapreduce.Job:  map 100% reduce 91%
20/06/13 00:50:35 INFO mapreduce.Job:  map 100% reduce 92%
20/06/13 00:50:38 INFO mapreduce.Job:  map 100% reduce 94%
20/06/13 00:50:41 INFO mapreduce.Job:  map 100% reduce 95%
20/06/13 00:50:47 INFO mapreduce.Job:  map 100% reduce 97%
20/06/13 00:50:50 INFO mapreduce.Job:  map 100% reduce 98%
20/06/13 00:50:53 INFO mapreduce.Job:  map 100% reduce 99%
20/06/13 00:50:56 INFO mapreduce.Job:  map 100% reduce 100%
20/06/13 00:50:57 INFO mapreduce.Job: Job job_1591976332163_0004 completed successfully
20/06/13 00:50:57 INFO mapreduce.Job: Counters: 52
	File System Counters
		FILE: Number of bytes read=31976203273
		FILE: Number of bytes written=42736748764
		FILE: Number of read operations=0
		FILE: Number of large read operations=0
		FILE: Number of write operations=0
		HDFS: Number of bytes read=10774082175
		HDFS: Number of bytes written=10772842880
		HDFS: Number of read operations=329
		HDFS: Number of large read operations=0
		HDFS: Number of write operations=6
	Job Counters 
		Killed map tasks=1
		Killed reduce tasks=1
		Launched map tasks=81
		Launched reduce tasks=4
		Data-local map tasks=78
		Rack-local map tasks=3
		Total time spent by all maps in occupied slots (ms)=1687768
		Total time spent by all reduces in occupied slots (ms)=806551
		Total time spent by all map tasks (ms)=1687768
		Total time spent by all reduce tasks (ms)=806551
		Total vcore-milliseconds taken by all map tasks=1687768
		Total vcore-milliseconds taken by all reduce tasks=806551
		Total megabyte-milliseconds taken by all map tasks=1728274432
		Total megabyte-milliseconds taken by all reduce tasks=825908224
	Map-Reduce Framework
		Map input records=1021579
		Map output records=1021579
		Map output bytes=10745669200
		Map output materialized bytes=10751413548
		Input split bytes=9040
		Combine input records=0
		Combine output records=0
		Reduce input groups=1021579
		Reduce shuffle bytes=10751413548
		Reduce input records=1021579
		Reduce output records=1021579
		Spilled Records=4059738
		Shuffled Maps =240
		Failed Shuffles=0
		Merged Map outputs=240
		GC time elapsed (ms)=17424
		CPU time spent (ms)=256250
		Physical memory (bytes) snapshot=21983891456
		Virtual memory (bytes) snapshot=175104692224
		Total committed heap usage (bytes)=16398680064
	Shuffle Errors
		BAD_ID=0
		CONNECTION=0
		IO_ERROR=0
		WRONG_LENGTH=0
		WRONG_MAP=0
		WRONG_REDUCE=0
	File Input Format Counters 
		Bytes Read=10774073135
	File Output Format Counters 
		Bytes Written=10772842880
