20/06/16 19:10:39 INFO client.RMProxy: Connecting to ResourceManager at master/10.51.17.95:8032
20/06/16 19:10:40 INFO client.RMProxy: Connecting to ResourceManager at master/10.51.17.95:8032
20/06/16 19:10:40 INFO input.FileInputFormat: Total input paths to process : 10
20/06/16 19:10:41 INFO mapreduce.JobSubmitter: number of splits:80
20/06/16 19:10:41 INFO mapreduce.JobSubmitter: Submitting tokens for job: job_1592301837015_0002
20/06/16 19:10:41 INFO impl.YarnClientImpl: Submitted application application_1592301837015_0002
20/06/16 19:10:41 INFO mapreduce.Job: The url to track the job: http://master:8088/proxy/application_1592301837015_0002/
20/06/16 19:10:41 INFO mapreduce.Job: Running job: job_1592301837015_0002
20/06/16 19:10:49 INFO mapreduce.Job: Job job_1592301837015_0002 running in uber mode : false
20/06/16 19:10:49 INFO mapreduce.Job:  map 0% reduce 0%
20/06/16 19:10:58 INFO mapreduce.Job:  map 3% reduce 0%
20/06/16 19:10:59 INFO mapreduce.Job:  map 4% reduce 0%
20/06/16 19:11:00 INFO mapreduce.Job:  map 5% reduce 0%
20/06/16 19:11:04 INFO mapreduce.Job:  map 12% reduce 0%
20/06/16 19:11:06 INFO mapreduce.Job:  map 13% reduce 0%
20/06/16 19:11:07 INFO mapreduce.Job:  map 14% reduce 0%
20/06/16 19:11:08 INFO mapreduce.Job:  map 15% reduce 0%
20/06/16 19:11:09 INFO mapreduce.Job:  map 17% reduce 0%
20/06/16 19:11:14 INFO mapreduce.Job:  map 19% reduce 0%
20/06/16 19:11:15 INFO mapreduce.Job:  map 20% reduce 0%
20/06/16 19:11:17 INFO mapreduce.Job:  map 22% reduce 0%
20/06/16 19:11:18 INFO mapreduce.Job:  map 27% reduce 0%
20/06/16 19:11:19 INFO mapreduce.Job:  map 28% reduce 2%
20/06/16 19:11:21 INFO mapreduce.Job:  map 30% reduce 2%
20/06/16 19:11:22 INFO mapreduce.Job:  map 30% reduce 3%
20/06/16 19:11:24 INFO mapreduce.Job:  map 31% reduce 3%
20/06/16 19:11:28 INFO mapreduce.Job:  map 32% reduce 3%
20/06/16 19:11:29 INFO mapreduce.Job:  map 34% reduce 3%
20/06/16 19:11:30 INFO mapreduce.Job:  map 35% reduce 5%
20/06/16 19:11:31 INFO mapreduce.Job:  map 36% reduce 5%
20/06/16 19:11:33 INFO mapreduce.Job:  map 37% reduce 5%
20/06/16 19:11:34 INFO mapreduce.Job:  map 37% reduce 6%
20/06/16 19:11:35 INFO mapreduce.Job:  map 37% reduce 7%
20/06/16 19:11:36 INFO mapreduce.Job:  map 38% reduce 8%
20/06/16 19:11:38 INFO mapreduce.Job:  map 39% reduce 8%
20/06/16 19:11:39 INFO mapreduce.Job:  map 39% reduce 9%
20/06/16 19:11:41 INFO mapreduce.Job:  map 40% reduce 9%
20/06/16 19:11:44 INFO mapreduce.Job:  map 41% reduce 9%
20/06/16 19:11:45 INFO mapreduce.Job:  map 42% reduce 9%
20/06/16 19:11:46 INFO mapreduce.Job:  map 43% reduce 9%
20/06/16 19:11:49 INFO mapreduce.Job:  map 43% reduce 10%
20/06/16 19:11:51 INFO mapreduce.Job:  map 44% reduce 10%
20/06/16 19:11:52 INFO mapreduce.Job:  map 44% reduce 11%
20/06/16 19:11:55 INFO mapreduce.Job:  map 45% reduce 11%
20/06/16 19:11:57 INFO mapreduce.Job:  map 46% reduce 11%
20/06/16 19:11:58 INFO mapreduce.Job:  map 47% reduce 11%
20/06/16 19:12:00 INFO mapreduce.Job:  map 47% reduce 12%
20/06/16 19:12:01 INFO mapreduce.Job:  map 49% reduce 12%
20/06/16 19:12:02 INFO mapreduce.Job:  map 49% reduce 13%
20/06/16 19:12:03 INFO mapreduce.Job:  map 51% reduce 13%
20/06/16 19:12:04 INFO mapreduce.Job:  map 52% reduce 13%
20/06/16 19:12:06 INFO mapreduce.Job:  map 53% reduce 13%
20/06/16 19:12:07 INFO mapreduce.Job:  map 55% reduce 13%
20/06/16 19:12:09 INFO mapreduce.Job:  map 56% reduce 13%
20/06/16 19:12:10 INFO mapreduce.Job:  map 56% reduce 14%
20/06/16 19:12:14 INFO mapreduce.Job:  map 57% reduce 14%
20/06/16 19:12:16 INFO mapreduce.Job:  map 58% reduce 14%
20/06/16 19:12:17 INFO mapreduce.Job:  map 59% reduce 14%
20/06/16 19:12:19 INFO mapreduce.Job:  map 60% reduce 14%
20/06/16 19:12:20 INFO mapreduce.Job:  map 60% reduce 16%
20/06/16 19:12:24 INFO mapreduce.Job:  map 61% reduce 17%
20/06/16 19:12:25 INFO mapreduce.Job:  map 64% reduce 17%
20/06/16 19:12:27 INFO mapreduce.Job:  map 66% reduce 17%
20/06/16 19:12:29 INFO mapreduce.Job:  map 67% reduce 17%
20/06/16 19:12:30 INFO mapreduce.Job:  map 68% reduce 17%
20/06/16 19:12:31 INFO mapreduce.Job:  map 68% reduce 18%
20/06/16 19:12:33 INFO mapreduce.Job:  map 69% reduce 18%
20/06/16 19:12:34 INFO mapreduce.Job:  map 70% reduce 18%
20/06/16 19:12:35 INFO mapreduce.Job:  map 70% reduce 19%
20/06/16 19:12:36 INFO mapreduce.Job:  map 71% reduce 19%
20/06/16 19:12:41 INFO mapreduce.Job:  map 72% reduce 20%
20/06/16 19:12:42 INFO mapreduce.Job:  map 73% reduce 20%
20/06/16 19:12:43 INFO mapreduce.Job:  map 75% reduce 20%
20/06/16 19:12:45 INFO mapreduce.Job:  map 77% reduce 20%
20/06/16 19:12:46 INFO mapreduce.Job:  map 77% reduce 21%
20/06/16 19:12:48 INFO mapreduce.Job:  map 78% reduce 22%
20/06/16 19:12:50 INFO mapreduce.Job:  map 79% reduce 22%
20/06/16 19:12:51 INFO mapreduce.Job:  map 80% reduce 22%
20/06/16 19:12:52 INFO mapreduce.Job:  map 81% reduce 22%
20/06/16 19:12:54 INFO mapreduce.Job:  map 82% reduce 22%
20/06/16 19:12:55 INFO mapreduce.Job:  map 82% reduce 23%
20/06/16 19:12:57 INFO mapreduce.Job:  map 83% reduce 23%
20/06/16 19:12:59 INFO mapreduce.Job:  map 84% reduce 24%
20/06/16 19:13:04 INFO mapreduce.Job:  map 84% reduce 25%
20/06/16 19:13:06 INFO mapreduce.Job:  map 87% reduce 25%
20/06/16 19:13:07 INFO mapreduce.Job:  map 88% reduce 25%
20/06/16 19:13:10 INFO mapreduce.Job:  map 90% reduce 25%
20/06/16 19:13:11 INFO mapreduce.Job:  map 92% reduce 26%
20/06/16 19:13:13 INFO mapreduce.Job:  map 93% reduce 26%
20/06/16 19:13:14 INFO mapreduce.Job:  map 93% reduce 27%
20/06/16 19:13:17 INFO mapreduce.Job:  map 93% reduce 28%
20/06/16 19:13:18 INFO mapreduce.Job:  map 94% reduce 28%
20/06/16 19:13:24 INFO mapreduce.Job:  map 95% reduce 28%
20/06/16 19:13:27 INFO mapreduce.Job:  map 97% reduce 28%
20/06/16 19:13:28 INFO mapreduce.Job:  map 97% reduce 29%
20/06/16 19:13:29 INFO mapreduce.Job:  map 98% reduce 29%
20/06/16 19:13:30 INFO mapreduce.Job:  map 100% reduce 29%
20/06/16 19:13:32 INFO mapreduce.Job:  map 100% reduce 30%
20/06/16 19:13:35 INFO mapreduce.Job:  map 100% reduce 42%
20/06/16 19:13:38 INFO mapreduce.Job:  map 100% reduce 43%
20/06/16 19:13:44 INFO mapreduce.Job:  map 100% reduce 44%
20/06/16 19:13:46 INFO mapreduce.Job:  map 100% reduce 46%
20/06/16 19:13:47 INFO mapreduce.Job:  map 100% reduce 48%
20/06/16 19:13:49 INFO mapreduce.Job:  map 100% reduce 58%
20/06/16 19:13:50 INFO mapreduce.Job:  map 100% reduce 70%
20/06/16 19:13:55 INFO mapreduce.Job:  map 100% reduce 71%
20/06/16 19:13:56 INFO mapreduce.Job:  map 100% reduce 72%
20/06/16 19:13:58 INFO mapreduce.Job:  map 100% reduce 73%
20/06/16 19:13:59 INFO mapreduce.Job:  map 100% reduce 74%
20/06/16 19:14:01 INFO mapreduce.Job:  map 100% reduce 75%
20/06/16 19:14:02 INFO mapreduce.Job:  map 100% reduce 76%
20/06/16 19:14:05 INFO mapreduce.Job:  map 100% reduce 78%
20/06/16 19:14:08 INFO mapreduce.Job:  map 100% reduce 79%
20/06/16 19:14:10 INFO mapreduce.Job:  map 100% reduce 80%
20/06/16 19:14:11 INFO mapreduce.Job:  map 100% reduce 82%
20/06/16 19:14:13 INFO mapreduce.Job:  map 100% reduce 83%
20/06/16 19:14:16 INFO mapreduce.Job:  map 100% reduce 84%
20/06/16 19:14:17 INFO mapreduce.Job:  map 100% reduce 86%
20/06/16 19:14:20 INFO mapreduce.Job:  map 100% reduce 88%
20/06/16 19:14:23 INFO mapreduce.Job:  map 100% reduce 89%
20/06/16 19:14:26 INFO mapreduce.Job:  map 100% reduce 91%
20/06/16 19:14:28 INFO mapreduce.Job:  map 100% reduce 92%
20/06/16 19:14:32 INFO mapreduce.Job:  map 100% reduce 93%
20/06/16 19:14:34 INFO mapreduce.Job:  map 100% reduce 95%
20/06/16 19:14:37 INFO mapreduce.Job:  map 100% reduce 96%
20/06/16 19:14:40 INFO mapreduce.Job:  map 100% reduce 98%
20/06/16 19:14:43 INFO mapreduce.Job:  map 100% reduce 99%
20/06/16 19:14:46 INFO mapreduce.Job:  map 100% reduce 100%
20/06/16 19:14:46 INFO mapreduce.Job: Job job_1592301837015_0002 completed successfully
20/06/16 19:14:46 INFO mapreduce.Job: Counters: 51
	File System Counters
		FILE: Number of bytes read=31974520677
		FILE: Number of bytes written=42735048567
		FILE: Number of read operations=0
		FILE: Number of large read operations=0
		FILE: Number of write operations=0
		HDFS: Number of bytes read=10774009875
		HDFS: Number of bytes written=10772846837
		HDFS: Number of read operations=329
		HDFS: Number of large read operations=0
		HDFS: Number of write operations=6
	Job Counters 
		Killed map tasks=1
		Launched map tasks=81
		Launched reduce tasks=3
		Data-local map tasks=73
		Rack-local map tasks=8
		Total time spent by all maps in occupied slots (ms)=1078613
		Total time spent by all reduces in occupied slots (ms)=609890
		Total time spent by all map tasks (ms)=1078613
		Total time spent by all reduce tasks (ms)=609890
		Total vcore-milliseconds taken by all map tasks=1078613
		Total vcore-milliseconds taken by all reduce tasks=609890
		Total megabyte-milliseconds taken by all map tasks=1104499712
		Total megabyte-milliseconds taken by all reduce tasks=624527360
	Map-Reduce Framework
		Map input records=1022600
		Map output records=1022600
		Map output bytes=10745642829
		Map output materialized bytes=10751392560
		Input split bytes=8240
		Combine input records=0
		Combine output records=0
		Reduce input groups=1022600
		Reduce shuffle bytes=10751392560
		Reduce input records=1022600
		Reduce output records=1022600
		Spilled Records=4063920
		Shuffled Maps =240
		Failed Shuffles=0
		Merged Map outputs=240
		GC time elapsed (ms)=12645
		CPU time spent (ms)=232280
		Physical memory (bytes) snapshot=22042411008
		Virtual memory (bytes) snapshot=175124893696
		Total committed heap usage (bytes)=16646668288
	Shuffle Errors
		BAD_ID=0
		CONNECTION=0
		IO_ERROR=0
		WRONG_LENGTH=0
		WRONG_MAP=0
		WRONG_REDUCE=0
	File Input Format Counters 
		Bytes Read=10774001635
	File Output Format Counters 
		Bytes Written=10772846837
