20/06/16 05:19:49 INFO client.RMProxy: Connecting to ResourceManager at master/10.51.17.95:8032
20/06/16 05:19:50 INFO input.FileInputFormat: Total input paths to process : 10
20/06/16 05:19:50 INFO mapreduce.JobSubmitter: number of splits:90
20/06/16 05:19:50 INFO mapreduce.JobSubmitter: Submitting tokens for job: job_1592248339253_0010
20/06/16 05:19:50 INFO impl.YarnClientImpl: Submitted application application_1592248339253_0010
20/06/16 05:19:50 INFO mapreduce.Job: The url to track the job: http://master:8088/proxy/application_1592248339253_0010/
20/06/16 05:19:50 INFO mapreduce.Job: Running job: job_1592248339253_0010
20/06/16 05:19:55 INFO mapreduce.Job: Job job_1592248339253_0010 running in uber mode : false
20/06/16 05:19:55 INFO mapreduce.Job:  map 0% reduce 0%
20/06/16 05:20:07 INFO mapreduce.Job:  map 1% reduce 0%
20/06/16 05:20:10 INFO mapreduce.Job:  map 2% reduce 0%
20/06/16 05:20:17 INFO mapreduce.Job:  map 3% reduce 0%
20/06/16 05:20:23 INFO mapreduce.Job:  map 4% reduce 0%
20/06/16 05:20:29 INFO mapreduce.Job:  map 5% reduce 0%
20/06/16 05:20:32 INFO mapreduce.Job:  map 6% reduce 0%
20/06/16 05:20:35 INFO mapreduce.Job:  map 7% reduce 0%
20/06/16 05:20:39 INFO mapreduce.Job:  map 8% reduce 0%
20/06/16 05:20:45 INFO mapreduce.Job:  map 9% reduce 0%
20/06/16 05:20:50 INFO mapreduce.Job:  map 10% reduce 0%
20/06/16 05:20:55 INFO mapreduce.Job:  map 11% reduce 0%
20/06/16 05:20:58 INFO mapreduce.Job:  map 13% reduce 0%
20/06/16 05:21:07 INFO mapreduce.Job:  map 14% reduce 0%
20/06/16 05:21:10 INFO mapreduce.Job:  map 15% reduce 0%
20/06/16 05:21:14 INFO mapreduce.Job:  map 16% reduce 0%
20/06/16 05:21:18 INFO mapreduce.Job:  map 17% reduce 0%
20/06/16 05:21:23 INFO mapreduce.Job:  map 18% reduce 0%
20/06/16 05:21:24 INFO mapreduce.Job:  map 18% reduce 5%
20/06/16 05:21:31 INFO mapreduce.Job:  map 19% reduce 5%
20/06/16 05:21:35 INFO mapreduce.Job:  map 20% reduce 5%
20/06/16 05:21:41 INFO mapreduce.Job:  map 21% reduce 5%
20/06/16 05:21:44 INFO mapreduce.Job:  map 22% reduce 5%
20/06/16 05:21:46 INFO mapreduce.Job:  map 22% reduce 6%
20/06/16 05:21:49 INFO mapreduce.Job:  map 23% reduce 6%
20/06/16 05:21:52 INFO mapreduce.Job:  map 24% reduce 6%
20/06/16 05:21:54 INFO mapreduce.Job:  map 25% reduce 6%
20/06/16 05:21:55 INFO mapreduce.Job:  map 25% reduce 7%
20/06/16 05:21:58 INFO mapreduce.Job:  map 26% reduce 8%
20/06/16 05:22:02 INFO mapreduce.Job:  map 27% reduce 8%
20/06/16 05:22:04 INFO mapreduce.Job:  map 27% reduce 9%
20/06/16 05:22:08 INFO mapreduce.Job:  map 28% reduce 9%
20/06/16 05:22:14 INFO mapreduce.Job:  map 29% reduce 9%
20/06/16 05:22:16 INFO mapreduce.Job:  map 30% reduce 9%
20/06/16 05:22:20 INFO mapreduce.Job:  map 31% reduce 9%
20/06/16 05:22:23 INFO mapreduce.Job:  map 31% reduce 10%
20/06/16 05:22:26 INFO mapreduce.Job:  map 32% reduce 10%
20/06/16 05:22:30 INFO mapreduce.Job:  map 33% reduce 10%
20/06/16 05:22:35 INFO mapreduce.Job:  map 34% reduce 10%
20/06/16 05:22:41 INFO mapreduce.Job:  map 35% reduce 10%
20/06/16 05:22:43 INFO mapreduce.Job:  map 36% reduce 10%
20/06/16 05:22:47 INFO mapreduce.Job:  map 37% reduce 10%
20/06/16 05:22:48 INFO mapreduce.Job:  map 38% reduce 10%
20/06/16 05:22:49 INFO mapreduce.Job:  map 38% reduce 12%
20/06/16 05:22:55 INFO mapreduce.Job:  map 39% reduce 12%
20/06/16 05:22:56 INFO mapreduce.Job:  map 39% reduce 13%
20/06/16 05:22:59 INFO mapreduce.Job:  map 40% reduce 13%
20/06/16 05:23:04 INFO mapreduce.Job:  map 41% reduce 13%
20/06/16 05:23:07 INFO mapreduce.Job:  map 42% reduce 13%
20/06/16 05:23:11 INFO mapreduce.Job:  map 43% reduce 13%
20/06/16 05:23:14 INFO mapreduce.Job:  map 43% reduce 14%
20/06/16 05:23:17 INFO mapreduce.Job:  map 44% reduce 14%
20/06/16 05:23:20 INFO mapreduce.Job:  map 45% reduce 14%
20/06/16 05:23:26 INFO mapreduce.Job:  map 46% reduce 14%
20/06/16 05:23:30 INFO mapreduce.Job:  map 47% reduce 14%
20/06/16 05:23:36 INFO mapreduce.Job:  map 48% reduce 14%
20/06/16 05:23:39 INFO mapreduce.Job:  map 49% reduce 14%
20/06/16 05:23:42 INFO mapreduce.Job:  map 49% reduce 15%
20/06/16 05:23:43 INFO mapreduce.Job:  map 50% reduce 15%
20/06/16 05:23:45 INFO mapreduce.Job:  map 50% reduce 16%
20/06/16 05:23:46 INFO mapreduce.Job:  map 51% reduce 16%
20/06/16 05:23:48 INFO mapreduce.Job:  map 52% reduce 16%
20/06/16 05:23:51 INFO mapreduce.Job:  map 52% reduce 17%
20/06/16 05:23:54 INFO mapreduce.Job:  map 53% reduce 17%
20/06/16 05:23:59 INFO mapreduce.Job:  map 54% reduce 17%
20/06/16 05:24:02 INFO mapreduce.Job:  map 55% reduce 17%
20/06/16 05:24:06 INFO mapreduce.Job:  map 56% reduce 17%
20/06/16 05:24:09 INFO mapreduce.Job:  map 57% reduce 18%
20/06/16 05:24:14 INFO mapreduce.Job:  map 57% reduce 19%
20/06/16 05:24:17 INFO mapreduce.Job:  map 58% reduce 19%
20/06/16 05:24:22 INFO mapreduce.Job:  map 59% reduce 19%
20/06/16 05:24:26 INFO mapreduce.Job:  map 60% reduce 19%
20/06/16 05:24:32 INFO mapreduce.Job:  map 61% reduce 19%
20/06/16 05:24:36 INFO mapreduce.Job:  map 62% reduce 19%
20/06/16 05:24:41 INFO mapreduce.Job:  map 63% reduce 19%
20/06/16 05:24:42 INFO mapreduce.Job:  map 63% reduce 20%
20/06/16 05:24:43 INFO mapreduce.Job:  map 64% reduce 20%
20/06/16 05:24:45 INFO mapreduce.Job:  map 65% reduce 21%
20/06/16 05:24:52 INFO mapreduce.Job:  map 66% reduce 21%
20/06/16 05:24:55 INFO mapreduce.Job:  map 67% reduce 21%
20/06/16 05:25:02 INFO mapreduce.Job:  map 68% reduce 21%
20/06/16 05:25:05 INFO mapreduce.Job:  map 69% reduce 21%
20/06/16 05:25:07 INFO mapreduce.Job:  map 69% reduce 22%
20/06/16 05:25:08 INFO mapreduce.Job:  map 70% reduce 22%
20/06/16 05:25:10 INFO mapreduce.Job:  map 70% reduce 23%
20/06/16 05:25:15 INFO mapreduce.Job:  map 71% reduce 23%
20/06/16 05:25:20 INFO mapreduce.Job:  map 72% reduce 23%
20/06/16 05:25:24 INFO mapreduce.Job:  map 73% reduce 23%
20/06/16 05:25:30 INFO mapreduce.Job:  map 74% reduce 23%
20/06/16 05:25:36 INFO mapreduce.Job:  map 75% reduce 23%
20/06/16 05:25:40 INFO mapreduce.Job:  map 76% reduce 23%
20/06/16 05:25:41 INFO mapreduce.Job:  map 77% reduce 24%
20/06/16 05:25:47 INFO mapreduce.Job:  map 77% reduce 25%
20/06/16 05:25:49 INFO mapreduce.Job:  map 78% reduce 25%
20/06/16 05:25:50 INFO mapreduce.Job:  map 79% reduce 25%
20/06/16 05:25:53 INFO mapreduce.Job:  map 79% reduce 26%
20/06/16 05:25:55 INFO mapreduce.Job:  map 80% reduce 26%
20/06/16 05:25:57 INFO mapreduce.Job:  map 81% reduce 26%
20/06/16 05:26:03 INFO mapreduce.Job:  map 82% reduce 26%
20/06/16 05:26:07 INFO mapreduce.Job:  map 83% reduce 26%
20/06/16 05:26:08 INFO mapreduce.Job:  map 84% reduce 26%
20/06/16 05:26:10 INFO mapreduce.Job:  map 85% reduce 26%
20/06/16 05:26:11 INFO mapreduce.Job:  map 85% reduce 28%
20/06/16 05:26:16 INFO mapreduce.Job:  map 86% reduce 28%
20/06/16 05:26:20 INFO mapreduce.Job:  map 87% reduce 28%
20/06/16 05:26:23 INFO mapreduce.Job:  map 88% reduce 28%
20/06/16 05:26:26 INFO mapreduce.Job:  map 89% reduce 29%
20/06/16 05:26:29 INFO mapreduce.Job:  map 90% reduce 29%
20/06/16 05:26:34 INFO mapreduce.Job:  map 91% reduce 29%
20/06/16 05:26:36 INFO mapreduce.Job:  map 92% reduce 29%
20/06/16 05:26:40 INFO mapreduce.Job:  map 93% reduce 29%
20/06/16 05:26:41 INFO mapreduce.Job:  map 93% reduce 30%
20/06/16 05:26:42 INFO mapreduce.Job:  map 95% reduce 30%
20/06/16 05:26:44 INFO mapreduce.Job:  map 95% reduce 31%
20/06/16 05:26:47 INFO mapreduce.Job:  map 96% reduce 31%
20/06/16 05:26:49 INFO mapreduce.Job:  map 97% reduce 31%
20/06/16 05:26:50 INFO mapreduce.Job:  map 98% reduce 32%
20/06/16 05:26:53 INFO mapreduce.Job:  map 99% reduce 32%
20/06/16 05:26:55 INFO mapreduce.Job:  map 100% reduce 32%
20/06/16 05:26:56 INFO mapreduce.Job:  map 100% reduce 33%
20/06/16 05:27:02 INFO mapreduce.Job:  map 100% reduce 68%
20/06/16 05:27:05 INFO mapreduce.Job:  map 100% reduce 73%
20/06/16 05:27:08 INFO mapreduce.Job:  map 100% reduce 78%
20/06/16 05:27:11 INFO mapreduce.Job:  map 100% reduce 83%
20/06/16 05:27:14 INFO mapreduce.Job:  map 100% reduce 89%
20/06/16 05:27:17 INFO mapreduce.Job:  map 100% reduce 98%
20/06/16 05:27:18 INFO mapreduce.Job:  map 100% reduce 100%
20/06/16 05:27:19 INFO mapreduce.Job: Job job_1592248339253_0010 completed successfully
20/06/16 05:27:19 INFO mapreduce.Job: Counters: 51
	File System Counters
		FILE: Number of bytes read=1664983330
		FILE: Number of bytes written=2465674690
		FILE: Number of read operations=0
		FILE: Number of large read operations=0
		FILE: Number of write operations=0
		HDFS: Number of bytes read=11025668664
		HDFS: Number of bytes written=472954036
		HDFS: Number of read operations=273
		HDFS: Number of large read operations=0
		HDFS: Number of write operations=2
	Job Counters 
		Killed map tasks=1
		Launched map tasks=91
		Launched reduce tasks=1
		Data-local map tasks=84
		Rack-local map tasks=7
		Total time spent by all maps in occupied slots (ms)=3732536
		Total time spent by all reduces in occupied slots (ms)=364661
		Total time spent by all map tasks (ms)=3732536
		Total time spent by all reduce tasks (ms)=364661
		Total vcore-milliseconds taken by all map tasks=3732536
		Total vcore-milliseconds taken by all reduce tasks=364661
		Total megabyte-milliseconds taken by all map tasks=3822116864
		Total megabyte-milliseconds taken by all reduce tasks=373412864
	Map-Reduce Framework
		Map input records=1179594
		Map output records=1009901268
		Map output bytes=19265183218
		Map output materialized bytes=789509164
		Input split bytes=9630
		Combine input records=1034891965
		Combine output records=47597616
		Reduce input groups=9841803
		Reduce shuffle bytes=789509164
		Reduce input records=22606919
		Reduce output records=9841803
		Spilled Records=70882807
		Shuffled Maps =90
		Failed Shuffles=0
		Merged Map outputs=90
		GC time elapsed (ms)=71023
		CPU time spent (ms)=2155390
		Physical memory (bytes) snapshot=25078435840
		Virtual memory (bytes) snapshot=191912673280
		Total committed heap usage (bytes)=18938855424
	Shuffle Errors
		BAD_ID=0
		CONNECTION=0
		IO_ERROR=0
		WRONG_LENGTH=0
		WRONG_MAP=0
		WRONG_REDUCE=0
	File Input Format Counters 
		Bytes Read=11025659034
	File Output Format Counters 
		Bytes Written=472954036
20/06/16 05:27:19 INFO client.RMProxy: Connecting to ResourceManager at master/10.51.17.95:8032
20/06/16 05:27:19 INFO input.FileInputFormat: Total input paths to process : 1
20/06/16 05:27:20 INFO mapreduce.JobSubmitter: number of splits:4
20/06/16 05:27:21 INFO mapreduce.JobSubmitter: Submitting tokens for job: job_1592248339253_0011
20/06/16 05:27:21 INFO impl.YarnClientImpl: Submitted application application_1592248339253_0011
20/06/16 05:27:21 INFO mapreduce.Job: The url to track the job: http://master:8088/proxy/application_1592248339253_0011/
20/06/16 05:27:21 INFO mapreduce.Job: Running job: job_1592248339253_0011
20/06/16 05:27:32 INFO mapreduce.Job: Job job_1592248339253_0011 running in uber mode : false
20/06/16 05:27:32 INFO mapreduce.Job:  map 0% reduce 0%
20/06/16 05:27:42 INFO mapreduce.Job:  map 25% reduce 0%
20/06/16 05:27:44 INFO mapreduce.Job:  map 36% reduce 0%
20/06/16 05:27:45 INFO mapreduce.Job:  map 65% reduce 0%
20/06/16 05:27:46 INFO mapreduce.Job:  map 72% reduce 0%
20/06/16 05:27:47 INFO mapreduce.Job:  map 78% reduce 0%
20/06/16 05:27:48 INFO mapreduce.Job:  map 86% reduce 0%
20/06/16 05:27:50 INFO mapreduce.Job:  map 100% reduce 0%
20/06/16 05:27:53 INFO mapreduce.Job:  map 100% reduce 73%
20/06/16 05:27:56 INFO mapreduce.Job:  map 100% reduce 84%
20/06/16 05:27:59 INFO mapreduce.Job:  map 100% reduce 93%
20/06/16 05:28:01 INFO mapreduce.Job:  map 100% reduce 100%
20/06/16 05:28:01 INFO mapreduce.Job: Job job_1592248339253_0011 completed successfully
20/06/16 05:28:01 INFO mapreduce.Job: Counters: 50
	File System Counters
		FILE: Number of bytes read=754217147
		FILE: Number of bytes written=1164111408
		FILE: Number of read operations=0
		FILE: Number of large read operations=0
		FILE: Number of write operations=0
		HDFS: Number of bytes read=472959505
		HDFS: Number of bytes written=331204946
		HDFS: Number of read operations=19
		HDFS: Number of large read operations=0
		HDFS: Number of write operations=2
	Job Counters 
		Killed map tasks=1
		Launched map tasks=5
		Launched reduce tasks=1
		Data-local map tasks=5
		Total time spent by all maps in occupied slots (ms)=50961
		Total time spent by all reduces in occupied slots (ms)=15724
		Total time spent by all map tasks (ms)=50961
		Total time spent by all reduce tasks (ms)=15724
		Total vcore-milliseconds taken by all map tasks=50961
		Total vcore-milliseconds taken by all reduce tasks=15724
		Total megabyte-milliseconds taken by all map tasks=52184064
		Total megabyte-milliseconds taken by all reduce tasks=16101376
	Map-Reduce Framework
		Map input records=9841803
		Map output records=9841803
		Map output bytes=389598846
		Map output materialized bytes=409282476
		Input split bytes=508
		Combine input records=0
		Combine output records=0
		Reduce input groups=1244
		Reduce shuffle bytes=409282476
		Reduce input records=9841803
		Reduce output records=9841803
		Spilled Records=28647293
		Shuffled Maps =4
		Failed Shuffles=0
		Merged Map outputs=4
		GC time elapsed (ms)=1808
		CPU time spent (ms)=40050
		Physical memory (bytes) snapshot=1273696256
		Virtual memory (bytes) snapshot=10552647680
		Total committed heap usage (bytes)=939524096
	Shuffle Errors
		BAD_ID=0
		CONNECTION=0
		IO_ERROR=0
		WRONG_LENGTH=0
		WRONG_MAP=0
		WRONG_REDUCE=0
	File Input Format Counters 
		Bytes Read=472958997
	File Output Format Counters 
		Bytes Written=331204946
