20/06/16 04:54:20 INFO client.RMProxy: Connecting to ResourceManager at master/10.51.17.95:8032
20/06/16 04:54:20 INFO input.FileInputFormat: Total input paths to process : 10
20/06/16 04:54:20 INFO mapreduce.JobSubmitter: number of splits:90
20/06/16 04:54:21 INFO mapreduce.JobSubmitter: Submitting tokens for job: job_1592248339253_0006
20/06/16 04:54:21 INFO impl.YarnClientImpl: Submitted application application_1592248339253_0006
20/06/16 04:54:21 INFO mapreduce.Job: The url to track the job: http://master:8088/proxy/application_1592248339253_0006/
20/06/16 04:54:21 INFO mapreduce.Job: Running job: job_1592248339253_0006
20/06/16 04:54:28 INFO mapreduce.Job: Job job_1592248339253_0006 running in uber mode : false
20/06/16 04:54:28 INFO mapreduce.Job:  map 0% reduce 0%
20/06/16 04:54:42 INFO mapreduce.Job:  map 1% reduce 0%
20/06/16 04:54:44 INFO mapreduce.Job:  map 2% reduce 0%
20/06/16 04:54:52 INFO mapreduce.Job:  map 3% reduce 0%
20/06/16 04:54:56 INFO mapreduce.Job:  map 4% reduce 0%
20/06/16 04:55:03 INFO mapreduce.Job:  map 5% reduce 0%
20/06/16 04:55:08 INFO mapreduce.Job:  map 6% reduce 0%
20/06/16 04:55:11 INFO mapreduce.Job:  map 7% reduce 0%
20/06/16 04:55:15 INFO mapreduce.Job:  map 8% reduce 0%
20/06/16 04:55:22 INFO mapreduce.Job:  map 9% reduce 0%
20/06/16 04:55:26 INFO mapreduce.Job:  map 10% reduce 0%
20/06/16 04:55:31 INFO mapreduce.Job:  map 11% reduce 0%
20/06/16 04:55:32 INFO mapreduce.Job:  map 12% reduce 0%
20/06/16 04:55:33 INFO mapreduce.Job:  map 13% reduce 0%
20/06/16 04:55:43 INFO mapreduce.Job:  map 14% reduce 0%
20/06/16 04:55:47 INFO mapreduce.Job:  map 15% reduce 0%
20/06/16 04:55:54 INFO mapreduce.Job:  map 16% reduce 0%
20/06/16 04:55:56 INFO mapreduce.Job:  map 17% reduce 0%
20/06/16 04:55:57 INFO mapreduce.Job:  map 17% reduce 5%
20/06/16 04:56:02 INFO mapreduce.Job:  map 18% reduce 5%
20/06/16 04:56:07 INFO mapreduce.Job:  map 19% reduce 5%
20/06/16 04:56:13 INFO mapreduce.Job:  map 20% reduce 5%
20/06/16 04:56:17 INFO mapreduce.Job:  map 21% reduce 5%
20/06/16 04:56:25 INFO mapreduce.Job:  map 22% reduce 5%
20/06/16 04:56:26 INFO mapreduce.Job:  map 23% reduce 5%
20/06/16 04:56:28 INFO mapreduce.Job:  map 23% reduce 6%
20/06/16 04:56:33 INFO mapreduce.Job:  map 24% reduce 6%
20/06/16 04:56:34 INFO mapreduce.Job:  map 25% reduce 7%
20/06/16 04:56:35 INFO mapreduce.Job:  map 26% reduce 7%
20/06/16 04:56:37 INFO mapreduce.Job:  map 26% reduce 9%
20/06/16 04:56:43 INFO mapreduce.Job:  map 27% reduce 9%
20/06/16 04:56:47 INFO mapreduce.Job:  map 28% reduce 9%
20/06/16 04:56:52 INFO mapreduce.Job:  map 29% reduce 9%
20/06/16 04:56:55 INFO mapreduce.Job:  map 30% reduce 9%
20/06/16 04:57:01 INFO mapreduce.Job:  map 31% reduce 9%
20/06/16 04:57:02 INFO mapreduce.Job:  map 31% reduce 10%
20/06/16 04:57:07 INFO mapreduce.Job:  map 32% reduce 10%
20/06/16 04:57:11 INFO mapreduce.Job:  map 33% reduce 10%
20/06/16 04:57:19 INFO mapreduce.Job:  map 34% reduce 10%
20/06/16 04:57:22 INFO mapreduce.Job:  map 35% reduce 10%
20/06/16 04:57:27 INFO mapreduce.Job:  map 36% reduce 10%
20/06/16 04:57:30 INFO mapreduce.Job:  map 37% reduce 10%
20/06/16 04:57:31 INFO mapreduce.Job:  map 37% reduce 11%
20/06/16 04:57:35 INFO mapreduce.Job:  map 38% reduce 11%
20/06/16 04:57:37 INFO mapreduce.Job:  map 38% reduce 12%
20/06/16 04:57:38 INFO mapreduce.Job:  map 39% reduce 12%
20/06/16 04:57:41 INFO mapreduce.Job:  map 39% reduce 13%
20/06/16 04:57:42 INFO mapreduce.Job:  map 40% reduce 13%
20/06/16 04:57:48 INFO mapreduce.Job:  map 41% reduce 13%
20/06/16 04:57:52 INFO mapreduce.Job:  map 42% reduce 13%
20/06/16 04:57:57 INFO mapreduce.Job:  map 43% reduce 13%
20/06/16 04:58:02 INFO mapreduce.Job:  map 43% reduce 14%
20/06/16 04:58:03 INFO mapreduce.Job:  map 44% reduce 14%
20/06/16 04:58:09 INFO mapreduce.Job:  map 45% reduce 14%
20/06/16 04:58:13 INFO mapreduce.Job:  map 46% reduce 14%
20/06/16 04:58:20 INFO mapreduce.Job:  map 47% reduce 14%
20/06/16 04:58:24 INFO mapreduce.Job:  map 48% reduce 14%
20/06/16 04:58:30 INFO mapreduce.Job:  map 49% reduce 14%
20/06/16 04:58:32 INFO mapreduce.Job:  map 50% reduce 14%
20/06/16 04:58:33 INFO mapreduce.Job:  map 50% reduce 15%
20/06/16 04:58:38 INFO mapreduce.Job:  map 51% reduce 15%
20/06/16 04:58:39 INFO mapreduce.Job:  map 51% reduce 16%
20/06/16 04:58:40 INFO mapreduce.Job:  map 52% reduce 16%
20/06/16 04:58:41 INFO mapreduce.Job:  map 52% reduce 17%
20/06/16 04:58:43 INFO mapreduce.Job:  map 53% reduce 17%
20/06/16 04:58:49 INFO mapreduce.Job:  map 54% reduce 17%
20/06/16 04:58:53 INFO mapreduce.Job:  map 55% reduce 17%
20/06/16 04:59:00 INFO mapreduce.Job:  map 56% reduce 17%
20/06/16 04:59:03 INFO mapreduce.Job:  map 56% reduce 18%
20/06/16 04:59:05 INFO mapreduce.Job:  map 57% reduce 18%
20/06/16 04:59:09 INFO mapreduce.Job:  map 58% reduce 19%
20/06/16 04:59:15 INFO mapreduce.Job:  map 59% reduce 19%
20/06/16 04:59:21 INFO mapreduce.Job:  map 60% reduce 19%
20/06/16 04:59:25 INFO mapreduce.Job:  map 61% reduce 19%
20/06/16 04:59:30 INFO mapreduce.Job:  map 62% reduce 19%
20/06/16 04:59:32 INFO mapreduce.Job:  map 63% reduce 19%
20/06/16 04:59:37 INFO mapreduce.Job:  map 63% reduce 20%
20/06/16 04:59:39 INFO mapreduce.Job:  map 64% reduce 20%
20/06/16 04:59:40 INFO mapreduce.Job:  map 65% reduce 20%
20/06/16 04:59:43 INFO mapreduce.Job:  map 66% reduce 21%
20/06/16 04:59:46 INFO mapreduce.Job:  map 66% reduce 22%
20/06/16 04:59:49 INFO mapreduce.Job:  map 67% reduce 22%
20/06/16 04:59:53 INFO mapreduce.Job:  map 68% reduce 22%
20/06/16 04:59:58 INFO mapreduce.Job:  map 69% reduce 22%
20/06/16 05:00:04 INFO mapreduce.Job:  map 70% reduce 22%
20/06/16 05:00:07 INFO mapreduce.Job:  map 71% reduce 23%
20/06/16 05:00:14 INFO mapreduce.Job:  map 72% reduce 23%
20/06/16 05:00:19 INFO mapreduce.Job:  map 73% reduce 23%
20/06/16 05:00:24 INFO mapreduce.Job:  map 74% reduce 23%
20/06/16 05:00:28 INFO mapreduce.Job:  map 75% reduce 23%
20/06/16 05:00:33 INFO mapreduce.Job:  map 76% reduce 23%
20/06/16 05:00:35 INFO mapreduce.Job:  map 77% reduce 23%
20/06/16 05:00:37 INFO mapreduce.Job:  map 77% reduce 24%
20/06/16 05:00:39 INFO mapreduce.Job:  map 78% reduce 24%
20/06/16 05:00:40 INFO mapreduce.Job:  map 78% reduce 25%
20/06/16 05:00:42 INFO mapreduce.Job:  map 79% reduce 25%
20/06/16 05:00:43 INFO mapreduce.Job:  map 79% reduce 26%
20/06/16 05:00:46 INFO mapreduce.Job:  map 80% reduce 26%
20/06/16 05:00:51 INFO mapreduce.Job:  map 81% reduce 26%
20/06/16 05:00:56 INFO mapreduce.Job:  map 82% reduce 26%
20/06/16 05:01:00 INFO mapreduce.Job:  map 83% reduce 26%
20/06/16 05:01:02 INFO mapreduce.Job:  map 83% reduce 27%
20/06/16 05:01:05 INFO mapreduce.Job:  map 84% reduce 27%
20/06/16 05:01:08 INFO mapreduce.Job:  map 85% reduce 27%
20/06/16 05:01:09 INFO mapreduce.Job:  map 86% reduce 27%
20/06/16 05:01:11 INFO mapreduce.Job:  map 86% reduce 28%
20/06/16 05:01:13 INFO mapreduce.Job:  map 87% reduce 28%
20/06/16 05:01:17 INFO mapreduce.Job:  map 89% reduce 28%
20/06/16 05:01:18 INFO mapreduce.Job:  map 90% reduce 28%
20/06/16 05:01:20 INFO mapreduce.Job:  map 90% reduce 29%
20/06/16 05:01:23 INFO mapreduce.Job:  map 92% reduce 29%
20/06/16 05:01:26 INFO mapreduce.Job:  map 93% reduce 29%
20/06/16 05:01:28 INFO mapreduce.Job:  map 94% reduce 29%
20/06/16 05:01:29 INFO mapreduce.Job:  map 94% reduce 30%
20/06/16 05:01:31 INFO mapreduce.Job:  map 95% reduce 30%
20/06/16 05:01:34 INFO mapreduce.Job:  map 96% reduce 30%
20/06/16 05:01:35 INFO mapreduce.Job:  map 97% reduce 31%
20/06/16 05:01:36 INFO mapreduce.Job:  map 98% reduce 31%
20/06/16 05:01:37 INFO mapreduce.Job:  map 100% reduce 31%
20/06/16 05:01:38 INFO mapreduce.Job:  map 100% reduce 32%
20/06/16 05:01:41 INFO mapreduce.Job:  map 100% reduce 70%
20/06/16 05:01:44 INFO mapreduce.Job:  map 100% reduce 76%
20/06/16 05:01:47 INFO mapreduce.Job:  map 100% reduce 81%
20/06/16 05:01:50 INFO mapreduce.Job:  map 100% reduce 87%
20/06/16 05:01:53 INFO mapreduce.Job:  map 100% reduce 94%
20/06/16 05:01:55 INFO mapreduce.Job:  map 100% reduce 100%
20/06/16 05:01:56 INFO mapreduce.Job: Job job_1592248339253_0006 completed successfully
20/06/16 05:01:57 INFO mapreduce.Job: Counters: 51
	File System Counters
		FILE: Number of bytes read=1664983330
		FILE: Number of bytes written=2465674690
		FILE: Number of read operations=0
		FILE: Number of large read operations=0
		FILE: Number of write operations=0
		HDFS: Number of bytes read=11025668664
		HDFS: Number of bytes written=472954036
		HDFS: Number of read operations=273
		HDFS: Number of large read operations=0
		HDFS: Number of write operations=2
	Job Counters 
		Killed map tasks=1
		Launched map tasks=91
		Launched reduce tasks=1
		Data-local map tasks=88
		Rack-local map tasks=3
		Total time spent by all maps in occupied slots (ms)=3833361
		Total time spent by all reduces in occupied slots (ms)=368759
		Total time spent by all map tasks (ms)=3833361
		Total time spent by all reduce tasks (ms)=368759
		Total vcore-milliseconds taken by all map tasks=3833361
		Total vcore-milliseconds taken by all reduce tasks=368759
		Total megabyte-milliseconds taken by all map tasks=3925361664
		Total megabyte-milliseconds taken by all reduce tasks=377609216
	Map-Reduce Framework
		Map input records=1179594
		Map output records=1009901268
		Map output bytes=19265183218
		Map output materialized bytes=789509164
		Input split bytes=9630
		Combine input records=1034891965
		Combine output records=47597616
		Reduce input groups=9841803
		Reduce shuffle bytes=789509164
		Reduce input records=22606919
		Reduce output records=9841803
		Spilled Records=70882807
		Shuffled Maps =90
		Failed Shuffles=0
		Merged Map outputs=90
		GC time elapsed (ms)=72874
		CPU time spent (ms)=2222840
		Physical memory (bytes) snapshot=25108484096
		Virtual memory (bytes) snapshot=191937318912
		Total committed heap usage (bytes)=18936233984
	Shuffle Errors
		BAD_ID=0
		CONNECTION=0
		IO_ERROR=0
		WRONG_LENGTH=0
		WRONG_MAP=0
		WRONG_REDUCE=0
	File Input Format Counters 
		Bytes Read=11025659034
	File Output Format Counters 
		Bytes Written=472954036
20/06/16 05:01:57 INFO client.RMProxy: Connecting to ResourceManager at master/10.51.17.95:8032
20/06/16 05:01:57 INFO input.FileInputFormat: Total input paths to process : 1
20/06/16 05:01:57 INFO mapreduce.JobSubmitter: number of splits:4
20/06/16 05:01:58 INFO mapreduce.JobSubmitter: Submitting tokens for job: job_1592248339253_0007
20/06/16 05:01:58 INFO impl.YarnClientImpl: Submitted application application_1592248339253_0007
20/06/16 05:01:58 INFO mapreduce.Job: The url to track the job: http://master:8088/proxy/application_1592248339253_0007/
20/06/16 05:01:58 INFO mapreduce.Job: Running job: job_1592248339253_0007
20/06/16 05:02:07 INFO mapreduce.Job: Job job_1592248339253_0007 running in uber mode : false
20/06/16 05:02:07 INFO mapreduce.Job:  map 0% reduce 0%
20/06/16 05:02:18 INFO mapreduce.Job:  map 34% reduce 0%
20/06/16 05:02:19 INFO mapreduce.Job:  map 61% reduce 0%
20/06/16 05:02:21 INFO mapreduce.Job:  map 67% reduce 0%
20/06/16 05:02:22 INFO mapreduce.Job:  map 82% reduce 0%
20/06/16 05:02:24 INFO mapreduce.Job:  map 84% reduce 0%
20/06/16 05:02:25 INFO mapreduce.Job:  map 92% reduce 0%
20/06/16 05:02:27 INFO mapreduce.Job:  map 100% reduce 0%
20/06/16 05:02:30 INFO mapreduce.Job:  map 100% reduce 81%
20/06/16 05:02:33 INFO mapreduce.Job:  map 100% reduce 90%
20/06/16 05:02:36 INFO mapreduce.Job:  map 100% reduce 100%
20/06/16 05:02:36 INFO mapreduce.Job: Job job_1592248339253_0007 completed successfully
20/06/16 05:02:36 INFO mapreduce.Job: Counters: 50
	File System Counters
		FILE: Number of bytes read=754217147
		FILE: Number of bytes written=1164111408
		FILE: Number of read operations=0
		FILE: Number of large read operations=0
		FILE: Number of write operations=0
		HDFS: Number of bytes read=472959505
		HDFS: Number of bytes written=331204946
		HDFS: Number of read operations=19
		HDFS: Number of large read operations=0
		HDFS: Number of write operations=2
	Job Counters 
		Killed map tasks=1
		Launched map tasks=5
		Launched reduce tasks=1
		Data-local map tasks=5
		Total time spent by all maps in occupied slots (ms)=61747
		Total time spent by all reduces in occupied slots (ms)=15854
		Total time spent by all map tasks (ms)=61747
		Total time spent by all reduce tasks (ms)=15854
		Total vcore-milliseconds taken by all map tasks=61747
		Total vcore-milliseconds taken by all reduce tasks=15854
		Total megabyte-milliseconds taken by all map tasks=63228928
		Total megabyte-milliseconds taken by all reduce tasks=16234496
	Map-Reduce Framework
		Map input records=9841803
		Map output records=9841803
		Map output bytes=389598846
		Map output materialized bytes=409282476
		Input split bytes=508
		Combine input records=0
		Combine output records=0
		Reduce input groups=1244
		Reduce shuffle bytes=409282476
		Reduce input records=9841803
		Reduce output records=9841803
		Spilled Records=28647293
		Shuffled Maps =4
		Failed Shuffles=0
		Merged Map outputs=4
		GC time elapsed (ms)=1565
		CPU time spent (ms)=42280
		Physical memory (bytes) snapshot=1275097088
		Virtual memory (bytes) snapshot=10556887040
		Total committed heap usage (bytes)=935854080
	Shuffle Errors
		BAD_ID=0
		CONNECTION=0
		IO_ERROR=0
		WRONG_LENGTH=0
		WRONG_MAP=0
		WRONG_REDUCE=0
	File Input Format Counters 
		Bytes Read=472958997
	File Output Format Counters 
		Bytes Written=331204946
