20/06/14 15:11:30 INFO client.RMProxy: Connecting to ResourceManager at master/10.51.17.95:8032
20/06/14 15:11:31 INFO input.FileInputFormat: Total input paths to process : 10
20/06/14 15:11:31 INFO mapreduce.JobSubmitter: number of splits:90
20/06/14 15:11:31 INFO mapreduce.JobSubmitter: Submitting tokens for job: job_1592114187211_0005
20/06/14 15:11:32 INFO impl.YarnClientImpl: Submitted application application_1592114187211_0005
20/06/14 15:11:32 INFO mapreduce.Job: The url to track the job: http://master:8088/proxy/application_1592114187211_0005/
20/06/14 15:11:32 INFO mapreduce.Job: Running job: job_1592114187211_0005
20/06/14 15:11:37 INFO mapreduce.Job: Job job_1592114187211_0005 running in uber mode : false
20/06/14 15:11:37 INFO mapreduce.Job:  map 0% reduce 0%
20/06/14 15:11:49 INFO mapreduce.Job:  map 1% reduce 0%
20/06/14 15:11:51 INFO mapreduce.Job:  map 2% reduce 0%
20/06/14 15:11:58 INFO mapreduce.Job:  map 3% reduce 0%
20/06/14 15:12:01 INFO mapreduce.Job:  map 4% reduce 0%
20/06/14 15:12:09 INFO mapreduce.Job:  map 5% reduce 0%
20/06/14 15:12:14 INFO mapreduce.Job:  map 6% reduce 0%
20/06/14 15:12:16 INFO mapreduce.Job:  map 7% reduce 0%
20/06/14 15:12:19 INFO mapreduce.Job:  map 8% reduce 0%
20/06/14 15:12:26 INFO mapreduce.Job:  map 9% reduce 0%
20/06/14 15:12:30 INFO mapreduce.Job:  map 10% reduce 0%
20/06/14 15:12:34 INFO mapreduce.Job:  map 11% reduce 0%
20/06/14 15:12:35 INFO mapreduce.Job:  map 12% reduce 0%
20/06/14 15:12:37 INFO mapreduce.Job:  map 13% reduce 0%
20/06/14 15:12:44 INFO mapreduce.Job:  map 14% reduce 0%
20/06/14 15:12:49 INFO mapreduce.Job:  map 15% reduce 0%
20/06/14 15:12:54 INFO mapreduce.Job:  map 16% reduce 0%
20/06/14 15:12:56 INFO mapreduce.Job:  map 17% reduce 0%
20/06/14 15:13:01 INFO mapreduce.Job:  map 18% reduce 5%
20/06/14 15:13:07 INFO mapreduce.Job:  map 19% reduce 5%
20/06/14 15:13:11 INFO mapreduce.Job:  map 20% reduce 5%
20/06/14 15:13:16 INFO mapreduce.Job:  map 21% reduce 5%
20/06/14 15:13:21 INFO mapreduce.Job:  map 22% reduce 5%
20/06/14 15:13:24 INFO mapreduce.Job:  map 23% reduce 5%
20/06/14 15:13:25 INFO mapreduce.Job:  map 23% reduce 6%
20/06/14 15:13:28 INFO mapreduce.Job:  map 24% reduce 6%
20/06/14 15:13:31 INFO mapreduce.Job:  map 25% reduce 6%
20/06/14 15:13:32 INFO mapreduce.Job:  map 25% reduce 7%
20/06/14 15:13:34 INFO mapreduce.Job:  map 26% reduce 7%
20/06/14 15:13:35 INFO mapreduce.Job:  map 26% reduce 8%
20/06/14 15:13:38 INFO mapreduce.Job:  map 26% reduce 9%
20/06/14 15:13:40 INFO mapreduce.Job:  map 27% reduce 9%
20/06/14 15:13:43 INFO mapreduce.Job:  map 28% reduce 9%
20/06/14 15:13:49 INFO mapreduce.Job:  map 29% reduce 9%
20/06/14 15:13:52 INFO mapreduce.Job:  map 30% reduce 9%
20/06/14 15:13:57 INFO mapreduce.Job:  map 31% reduce 9%
20/06/14 15:13:58 INFO mapreduce.Job:  map 31% reduce 10%
20/06/14 15:14:03 INFO mapreduce.Job:  map 32% reduce 10%
20/06/14 15:14:06 INFO mapreduce.Job:  map 33% reduce 10%
20/06/14 15:14:13 INFO mapreduce.Job:  map 34% reduce 10%
20/06/14 15:14:17 INFO mapreduce.Job:  map 35% reduce 10%
20/06/14 15:14:21 INFO mapreduce.Job:  map 36% reduce 10%
20/06/14 15:14:23 INFO mapreduce.Job:  map 37% reduce 11%
20/06/14 15:14:27 INFO mapreduce.Job:  map 38% reduce 11%
20/06/14 15:14:29 INFO mapreduce.Job:  map 38% reduce 12%
20/06/14 15:14:30 INFO mapreduce.Job:  map 39% reduce 12%
20/06/14 15:14:32 INFO mapreduce.Job:  map 39% reduce 13%
20/06/14 15:14:33 INFO mapreduce.Job:  map 40% reduce 13%
20/06/14 15:14:39 INFO mapreduce.Job:  map 41% reduce 13%
20/06/14 15:14:43 INFO mapreduce.Job:  map 42% reduce 13%
20/06/14 15:14:48 INFO mapreduce.Job:  map 43% reduce 13%
20/06/14 15:14:52 INFO mapreduce.Job:  map 44% reduce 13%
20/06/14 15:14:54 INFO mapreduce.Job:  map 44% reduce 14%
20/06/14 15:14:57 INFO mapreduce.Job:  map 45% reduce 14%
20/06/14 15:15:02 INFO mapreduce.Job:  map 46% reduce 14%
20/06/14 15:15:07 INFO mapreduce.Job:  map 47% reduce 14%
20/06/14 15:15:11 INFO mapreduce.Job:  map 48% reduce 14%
20/06/14 15:15:15 INFO mapreduce.Job:  map 49% reduce 14%
20/06/14 15:15:19 INFO mapreduce.Job:  map 50% reduce 14%
20/06/14 15:15:20 INFO mapreduce.Job:  map 50% reduce 15%
20/06/14 15:15:23 INFO mapreduce.Job:  map 51% reduce 16%
20/06/14 15:15:26 INFO mapreduce.Job:  map 52% reduce 17%
20/06/14 15:15:30 INFO mapreduce.Job:  map 53% reduce 17%
20/06/14 15:15:35 INFO mapreduce.Job:  map 54% reduce 17%
20/06/14 15:15:40 INFO mapreduce.Job:  map 55% reduce 17%
20/06/14 15:15:44 INFO mapreduce.Job:  map 56% reduce 17%
20/06/14 15:15:45 INFO mapreduce.Job:  map 56% reduce 18%
20/06/14 15:15:49 INFO mapreduce.Job:  map 57% reduce 18%
20/06/14 15:15:53 INFO mapreduce.Job:  map 58% reduce 18%
20/06/14 15:15:54 INFO mapreduce.Job:  map 58% reduce 19%
20/06/14 15:15:58 INFO mapreduce.Job:  map 59% reduce 19%
20/06/14 15:16:02 INFO mapreduce.Job:  map 60% reduce 19%
20/06/14 15:16:08 INFO mapreduce.Job:  map 61% reduce 19%
20/06/14 15:16:11 INFO mapreduce.Job:  map 62% reduce 19%
20/06/14 15:16:14 INFO mapreduce.Job:  map 63% reduce 19%
20/06/14 15:16:18 INFO mapreduce.Job:  map 64% reduce 19%
20/06/14 15:16:19 INFO mapreduce.Job:  map 64% reduce 20%
20/06/14 15:16:21 INFO mapreduce.Job:  map 65% reduce 20%
20/06/14 15:16:22 INFO mapreduce.Job:  map 65% reduce 21%
20/06/14 15:16:24 INFO mapreduce.Job:  map 66% reduce 21%
20/06/14 15:16:29 INFO mapreduce.Job:  map 67% reduce 21%
20/06/14 15:16:31 INFO mapreduce.Job:  map 67% reduce 22%
20/06/14 15:16:33 INFO mapreduce.Job:  map 68% reduce 22%
20/06/14 15:16:39 INFO mapreduce.Job:  map 69% reduce 22%
20/06/14 15:16:42 INFO mapreduce.Job:  map 70% reduce 22%
20/06/14 15:16:47 INFO mapreduce.Job:  map 71% reduce 22%
20/06/14 15:16:49 INFO mapreduce.Job:  map 71% reduce 23%
20/06/14 15:16:50 INFO mapreduce.Job:  map 72% reduce 23%
20/06/14 15:16:52 INFO mapreduce.Job:  map 73% reduce 23%
20/06/14 15:16:56 INFO mapreduce.Job:  map 74% reduce 23%
20/06/14 15:16:58 INFO mapreduce.Job:  map 74% reduce 24%
20/06/14 15:16:59 INFO mapreduce.Job:  map 76% reduce 24%
20/06/14 15:17:00 INFO mapreduce.Job:  map 77% reduce 24%
20/06/14 15:17:08 INFO mapreduce.Job:  map 78% reduce 24%
20/06/14 15:17:12 INFO mapreduce.Job:  map 79% reduce 24%
20/06/14 15:17:13 INFO mapreduce.Job:  map 80% reduce 25%
20/06/14 15:17:16 INFO mapreduce.Job:  map 80% reduce 26%
20/06/14 15:17:18 INFO mapreduce.Job:  map 81% reduce 26%
20/06/14 15:17:22 INFO mapreduce.Job:  map 82% reduce 26%
20/06/14 15:17:26 INFO mapreduce.Job:  map 83% reduce 26%
20/06/14 15:17:27 INFO mapreduce.Job:  map 84% reduce 26%
20/06/14 15:17:28 INFO mapreduce.Job:  map 84% reduce 27%
20/06/14 15:17:31 INFO mapreduce.Job:  map 84% reduce 28%
20/06/14 15:17:34 INFO mapreduce.Job:  map 85% reduce 28%
20/06/14 15:17:41 INFO mapreduce.Job:  map 86% reduce 28%
20/06/14 15:17:44 INFO mapreduce.Job:  map 87% reduce 28%
20/06/14 15:17:50 INFO mapreduce.Job:  map 88% reduce 28%
20/06/14 15:17:55 INFO mapreduce.Job:  map 89% reduce 28%
20/06/14 15:17:58 INFO mapreduce.Job:  map 90% reduce 28%
20/06/14 15:18:01 INFO mapreduce.Job:  map 91% reduce 28%
20/06/14 15:18:02 INFO mapreduce.Job:  map 91% reduce 29%
20/06/14 15:18:05 INFO mapreduce.Job:  map 92% reduce 29%
20/06/14 15:18:06 INFO mapreduce.Job:  map 93% reduce 29%
20/06/14 15:18:08 INFO mapreduce.Job:  map 93% reduce 30%
20/06/14 15:18:09 INFO mapreduce.Job:  map 94% reduce 30%
20/06/14 15:18:10 INFO mapreduce.Job:  map 95% reduce 31%
20/06/14 15:18:11 INFO mapreduce.Job:  map 96% reduce 31%
20/06/14 15:18:13 INFO mapreduce.Job:  map 96% reduce 32%
20/06/14 15:18:16 INFO mapreduce.Job:  map 97% reduce 32%
20/06/14 15:18:17 INFO mapreduce.Job:  map 99% reduce 32%
20/06/14 15:18:18 INFO mapreduce.Job:  map 100% reduce 32%
20/06/14 15:18:19 INFO mapreduce.Job:  map 100% reduce 68%
20/06/14 15:18:22 INFO mapreduce.Job:  map 100% reduce 73%
20/06/14 15:18:25 INFO mapreduce.Job:  map 100% reduce 78%
20/06/14 15:18:28 INFO mapreduce.Job:  map 100% reduce 83%
20/06/14 15:18:32 INFO mapreduce.Job:  map 100% reduce 90%
20/06/14 15:18:35 INFO mapreduce.Job:  map 100% reduce 98%
20/06/14 15:18:36 INFO mapreduce.Job:  map 100% reduce 100%
20/06/14 15:18:38 INFO mapreduce.Job: Job job_1592114187211_0005 completed successfully
20/06/14 15:18:38 INFO mapreduce.Job: Counters: 51
	File System Counters
		FILE: Number of bytes read=1641672696
		FILE: Number of bytes written=2429491974
		FILE: Number of read operations=0
		FILE: Number of large read operations=0
		FILE: Number of write operations=0
		HDFS: Number of bytes read=11025123705
		HDFS: Number of bytes written=450575790
		HDFS: Number of read operations=273
		HDFS: Number of large read operations=0
		HDFS: Number of write operations=2
	Job Counters 
		Killed map tasks=1
		Launched map tasks=90
		Launched reduce tasks=1
		Data-local map tasks=80
		Rack-local map tasks=10
		Total time spent by all maps in occupied slots (ms)=3535498
		Total time spent by all reduces in occupied slots (ms)=345025
		Total time spent by all map tasks (ms)=3535498
		Total time spent by all reduce tasks (ms)=345025
		Total vcore-milliseconds taken by all map tasks=3535498
		Total vcore-milliseconds taken by all reduce tasks=345025
		Total megabyte-milliseconds taken by all map tasks=3620349952
		Total megabyte-milliseconds taken by all reduce tasks=353305600
	Map-Reduce Framework
		Map input records=1635849
		Map output records=1011720659
		Map output bytes=19280187318
		Map output materialized bytes=776636172
		Input split bytes=10530
		Combine input records=1036692831
		Combine output records=47475934
		Reduce input groups=9466596
		Reduce shuffle bytes=776636172
		Reduce input records=22503762
		Reduce output records=9466596
		Spilled Records=70657759
		Shuffled Maps =90
		Failed Shuffles=0
		Merged Map outputs=90
		GC time elapsed (ms)=68272
		CPU time spent (ms)=2063000
		Physical memory (bytes) snapshot=25130143744
		Virtual memory (bytes) snapshot=191941730304
		Total committed heap usage (bytes)=18930991104
	Shuffle Errors
		BAD_ID=0
		CONNECTION=0
		IO_ERROR=0
		WRONG_LENGTH=0
		WRONG_MAP=0
		WRONG_REDUCE=0
	File Input Format Counters 
		Bytes Read=11025113175
	File Output Format Counters 
		Bytes Written=450575790
20/06/14 15:18:38 INFO client.RMProxy: Connecting to ResourceManager at master/10.51.17.95:8032
20/06/14 15:18:38 INFO input.FileInputFormat: Total input paths to process : 1
20/06/14 15:18:38 INFO mapreduce.JobSubmitter: number of splits:4
20/06/14 15:18:39 INFO mapreduce.JobSubmitter: Submitting tokens for job: job_1592114187211_0006
20/06/14 15:18:39 INFO impl.YarnClientImpl: Submitted application application_1592114187211_0006
20/06/14 15:18:39 INFO mapreduce.Job: The url to track the job: http://master:8088/proxy/application_1592114187211_0006/
20/06/14 15:18:39 INFO mapreduce.Job: Running job: job_1592114187211_0006
20/06/14 15:18:47 INFO mapreduce.Job: Job job_1592114187211_0006 running in uber mode : false
20/06/14 15:18:47 INFO mapreduce.Job:  map 0% reduce 0%
20/06/14 15:18:56 INFO mapreduce.Job:  map 25% reduce 0%
20/06/14 15:18:59 INFO mapreduce.Job:  map 63% reduce 0%
20/06/14 15:19:01 INFO mapreduce.Job:  map 73% reduce 0%
20/06/14 15:19:02 INFO mapreduce.Job:  map 85% reduce 0%
20/06/14 15:19:03 INFO mapreduce.Job:  map 89% reduce 0%
20/06/14 15:19:05 INFO mapreduce.Job:  map 95% reduce 0%
20/06/14 15:19:06 INFO mapreduce.Job:  map 100% reduce 0%
20/06/14 15:19:07 INFO mapreduce.Job:  map 100% reduce 25%
20/06/14 15:19:10 INFO mapreduce.Job:  map 100% reduce 76%
20/06/14 15:19:13 INFO mapreduce.Job:  map 100% reduce 92%
20/06/14 15:19:15 INFO mapreduce.Job:  map 100% reduce 100%
20/06/14 15:19:16 INFO mapreduce.Job: Job job_1592114187211_0006 completed successfully
20/06/14 15:19:16 INFO mapreduce.Job: Counters: 50
	File System Counters
		FILE: Number of bytes read=734857656
		FILE: Number of bytes written=1124841503
		FILE: Number of read operations=0
		FILE: Number of large read operations=0
		FILE: Number of write operations=0
		HDFS: Number of bytes read=450580191
		HDFS: Number of bytes written=314301118
		HDFS: Number of read operations=19
		HDFS: Number of large read operations=0
		HDFS: Number of write operations=2
	Job Counters 
		Killed map tasks=1
		Launched map tasks=5
		Launched reduce tasks=1
		Data-local map tasks=5
		Total time spent by all maps in occupied slots (ms)=55645
		Total time spent by all reduces in occupied slots (ms)=15662
		Total time spent by all map tasks (ms)=55645
		Total time spent by all reduce tasks (ms)=15662
		Total vcore-milliseconds taken by all map tasks=55645
		Total vcore-milliseconds taken by all reduce tasks=15662
		Total megabyte-milliseconds taken by all map tasks=56980480
		Total megabyte-milliseconds taken by all reduce tasks=16037888
	Map-Reduce Framework
		Map input records=9466596
		Map output records=9466596
		Map output bytes=370438796
		Map output materialized bytes=389372012
		Input split bytes=508
		Combine input records=0
		Combine output records=0
		Reduce input groups=1244
		Reduce shuffle bytes=389372012
		Reduce input records=9466596
		Reduce output records=9466596
		Spilled Records=27805053
		Shuffled Maps =4
		Failed Shuffles=0
		Merged Map outputs=4
		GC time elapsed (ms)=1398
		CPU time spent (ms)=41320
		Physical memory (bytes) snapshot=1280720896
		Virtual memory (bytes) snapshot=10585030656
		Total committed heap usage (bytes)=940572672
	Shuffle Errors
		BAD_ID=0
		CONNECTION=0
		IO_ERROR=0
		WRONG_LENGTH=0
		WRONG_MAP=0
		WRONG_REDUCE=0
	File Input Format Counters 
		Bytes Read=450579683
	File Output Format Counters 
		Bytes Written=314301118
