20/06/14 16:00:21 INFO client.RMProxy: Connecting to ResourceManager at master/10.51.17.95:8032
20/06/14 16:00:21 INFO input.FileInputFormat: Total input paths to process : 16
20/06/14 16:00:22 INFO mapreduce.JobSubmitter: number of splits:16
20/06/14 16:00:23 INFO mapreduce.JobSubmitter: Submitting tokens for job: job_1592114187211_0017
20/06/14 16:00:23 INFO impl.YarnClientImpl: Submitted application application_1592114187211_0017
20/06/14 16:00:23 INFO mapreduce.Job: The url to track the job: http://master:8088/proxy/application_1592114187211_0017/
20/06/14 16:00:23 INFO mapreduce.Job: Running job: job_1592114187211_0017
20/06/14 16:00:36 INFO mapreduce.Job: Job job_1592114187211_0017 running in uber mode : false
20/06/14 16:00:36 INFO mapreduce.Job:  map 0% reduce 0%
20/06/14 16:00:49 INFO mapreduce.Job:  map 17% reduce 0%
20/06/14 16:01:00 INFO mapreduce.Job:  map 42% reduce 0%
20/06/14 16:01:29 INFO mapreduce.Job:  map 44% reduce 0%
20/06/14 16:01:30 INFO mapreduce.Job:  map 48% reduce 0%
20/06/14 16:01:34 INFO mapreduce.Job:  map 50% reduce 0%
20/06/14 16:01:40 INFO mapreduce.Job:  map 54% reduce 0%
20/06/14 16:01:44 INFO mapreduce.Job:  map 58% reduce 8%
20/06/14 16:01:45 INFO mapreduce.Job:  map 63% reduce 8%
20/06/14 16:02:02 INFO mapreduce.Job:  map 65% reduce 8%
20/06/14 16:02:04 INFO mapreduce.Job:  map 69% reduce 8%
20/06/14 16:02:05 INFO mapreduce.Job:  map 75% reduce 15%
20/06/14 16:02:08 INFO mapreduce.Job:  map 75% reduce 21%
20/06/14 16:02:11 INFO mapreduce.Job:  map 77% reduce 21%
20/06/14 16:02:13 INFO mapreduce.Job:  map 83% reduce 21%
20/06/14 16:02:14 INFO mapreduce.Job:  map 90% reduce 25%
20/06/14 16:02:15 INFO mapreduce.Job:  map 94% reduce 25%
20/06/14 16:02:17 INFO mapreduce.Job:  map 94% reduce 27%
20/06/14 16:02:40 INFO mapreduce.Job:  map 96% reduce 27%
20/06/14 16:02:41 INFO mapreduce.Job:  map 96% reduce 29%
20/06/14 16:02:42 INFO mapreduce.Job:  map 100% reduce 29%
20/06/14 16:02:43 INFO mapreduce.Job:  map 100% reduce 100%
20/06/14 16:02:44 INFO mapreduce.Job: Job job_1592114187211_0017 completed successfully
20/06/14 16:02:44 INFO mapreduce.Job: Counters: 50
	File System Counters
		FILE: Number of bytes read=358
		FILE: Number of bytes written=2089003
		FILE: Number of read operations=0
		FILE: Number of large read operations=0
		FILE: Number of write operations=0
		HDFS: Number of bytes read=4182
		HDFS: Number of bytes written=215
		HDFS: Number of read operations=67
		HDFS: Number of large read operations=0
		HDFS: Number of write operations=3
	Job Counters 
		Launched map tasks=16
		Launched reduce tasks=1
		Data-local map tasks=15
		Rack-local map tasks=1
		Total time spent by all maps in occupied slots (ms)=958320
		Total time spent by all reduces in occupied slots (ms)=69437
		Total time spent by all map tasks (ms)=958320
		Total time spent by all reduce tasks (ms)=69437
		Total vcore-milliseconds taken by all map tasks=958320
		Total vcore-milliseconds taken by all reduce tasks=69437
		Total megabyte-milliseconds taken by all map tasks=981319680
		Total megabyte-milliseconds taken by all reduce tasks=71103488
	Map-Reduce Framework
		Map input records=16
		Map output records=32
		Map output bytes=288
		Map output materialized bytes=448
		Input split bytes=2294
		Combine input records=0
		Combine output records=0
		Reduce input groups=2
		Reduce shuffle bytes=448
		Reduce input records=32
		Reduce output records=0
		Spilled Records=64
		Shuffled Maps =16
		Failed Shuffles=0
		Merged Map outputs=16
		GC time elapsed (ms)=6933
		CPU time spent (ms)=558190
		Physical memory (bytes) snapshot=4331331584
		Virtual memory (bytes) snapshot=35819962368
		Total committed heap usage (bytes)=3340238848
	Shuffle Errors
		BAD_ID=0
		CONNECTION=0
		IO_ERROR=0
		WRONG_LENGTH=0
		WRONG_MAP=0
		WRONG_REDUCE=0
	File Input Format Counters 
		Bytes Read=1888
	File Output Format Counters 
		Bytes Written=97
