20/06/16 22:28:57 INFO client.RMProxy: Connecting to ResourceManager at master/10.51.17.95:8032
20/06/16 22:28:57 INFO client.RMProxy: Connecting to ResourceManager at master/10.51.17.95:8032
20/06/16 22:28:58 INFO input.FileInputFormat: Total input paths to process : 10
20/06/16 22:28:58 INFO mapreduce.JobSubmitter: number of splits:80
20/06/16 22:28:59 INFO mapreduce.JobSubmitter: Submitting tokens for job: job_1592313025828_0003
20/06/16 22:28:59 INFO impl.YarnClientImpl: Submitted application application_1592313025828_0003
20/06/16 22:28:59 INFO mapreduce.Job: The url to track the job: http://master:8088/proxy/application_1592313025828_0003/
20/06/16 22:28:59 INFO mapreduce.Job: Running job: job_1592313025828_0003
20/06/16 22:29:05 INFO mapreduce.Job: Job job_1592313025828_0003 running in uber mode : false
20/06/16 22:29:05 INFO mapreduce.Job:  map 0% reduce 0%
20/06/16 22:29:15 INFO mapreduce.Job:  map 1% reduce 0%
20/06/16 22:29:17 INFO mapreduce.Job:  map 4% reduce 0%
20/06/16 22:29:18 INFO mapreduce.Job:  map 6% reduce 0%
20/06/16 22:29:20 INFO mapreduce.Job:  map 7% reduce 0%
20/06/16 22:29:21 INFO mapreduce.Job:  map 8% reduce 0%
20/06/16 22:29:24 INFO mapreduce.Job:  map 9% reduce 0%
20/06/16 22:29:27 INFO mapreduce.Job:  map 10% reduce 0%
20/06/16 22:29:32 INFO mapreduce.Job:  map 11% reduce 0%
20/06/16 22:29:33 INFO mapreduce.Job:  map 12% reduce 0%
20/06/16 22:29:35 INFO mapreduce.Job:  map 13% reduce 0%
20/06/16 22:29:36 INFO mapreduce.Job:  map 14% reduce 0%
20/06/16 22:29:38 INFO mapreduce.Job:  map 15% reduce 0%
20/06/16 22:29:42 INFO mapreduce.Job:  map 16% reduce 0%
20/06/16 22:29:44 INFO mapreduce.Job:  map 17% reduce 0%
20/06/16 22:29:46 INFO mapreduce.Job:  map 18% reduce 0%
20/06/16 22:29:50 INFO mapreduce.Job:  map 20% reduce 0%
20/06/16 22:29:51 INFO mapreduce.Job:  map 21% reduce 2%
20/06/16 22:29:53 INFO mapreduce.Job:  map 22% reduce 2%
20/06/16 22:30:00 INFO mapreduce.Job:  map 23% reduce 2%
20/06/16 22:30:06 INFO mapreduce.Job:  map 23% reduce 3%
20/06/16 22:30:07 INFO mapreduce.Job:  map 24% reduce 3%
20/06/16 22:30:11 INFO mapreduce.Job:  map 25% reduce 3%
20/06/16 22:30:14 INFO mapreduce.Job:  map 26% reduce 3%
20/06/16 22:30:19 INFO mapreduce.Job:  map 27% reduce 3%
20/06/16 22:30:21 INFO mapreduce.Job:  map 28% reduce 3%
20/06/16 22:30:23 INFO mapreduce.Job:  map 29% reduce 3%
20/06/16 22:30:27 INFO mapreduce.Job:  map 30% reduce 3%
20/06/16 22:30:29 INFO mapreduce.Job:  map 31% reduce 3%
20/06/16 22:30:31 INFO mapreduce.Job:  map 32% reduce 3%
20/06/16 22:30:45 INFO mapreduce.Job:  map 33% reduce 3%
20/06/16 22:30:47 INFO mapreduce.Job:  map 33% reduce 4%
20/06/16 22:30:50 INFO mapreduce.Job:  map 34% reduce 4%
20/06/16 22:30:53 INFO mapreduce.Job:  map 35% reduce 4%
20/06/16 22:30:54 INFO mapreduce.Job:  map 36% reduce 4%
20/06/16 22:30:56 INFO mapreduce.Job:  map 37% reduce 4%
20/06/16 22:31:00 INFO mapreduce.Job:  map 38% reduce 4%
20/06/16 22:31:05 INFO mapreduce.Job:  map 39% reduce 4%
20/06/16 22:31:07 INFO mapreduce.Job:  map 39% reduce 5%
20/06/16 22:31:09 INFO mapreduce.Job:  map 40% reduce 5%
20/06/16 22:31:11 INFO mapreduce.Job:  map 41% reduce 5%
20/06/16 22:31:17 INFO mapreduce.Job:  map 42% reduce 5%
20/06/16 22:31:29 INFO mapreduce.Job:  map 44% reduce 5%
20/06/16 22:31:30 INFO mapreduce.Job:  map 44% reduce 6%
20/06/16 22:31:31 INFO mapreduce.Job:  map 45% reduce 6%
20/06/16 22:31:33 INFO mapreduce.Job:  map 47% reduce 6%
20/06/16 22:31:38 INFO mapreduce.Job:  map 48% reduce 6%
20/06/16 22:31:41 INFO mapreduce.Job:  map 50% reduce 6%
20/06/16 22:31:42 INFO mapreduce.Job:  map 51% reduce 6%
20/06/16 22:31:44 INFO mapreduce.Job:  map 51% reduce 7%
20/06/16 22:31:53 INFO mapreduce.Job:  map 52% reduce 7%
20/06/16 22:32:04 INFO mapreduce.Job:  map 53% reduce 7%
20/06/16 22:32:07 INFO mapreduce.Job:  map 54% reduce 7%
20/06/16 22:32:08 INFO mapreduce.Job:  map 55% reduce 8%
20/06/16 22:32:10 INFO mapreduce.Job:  map 56% reduce 8%
20/06/16 22:32:16 INFO mapreduce.Job:  map 57% reduce 8%
20/06/16 22:32:22 INFO mapreduce.Job:  map 58% reduce 8%
20/06/16 22:32:23 INFO mapreduce.Job:  map 60% reduce 8%
20/06/16 22:32:26 INFO mapreduce.Job:  map 61% reduce 8%
20/06/16 22:32:37 INFO mapreduce.Job:  map 62% reduce 9%
20/06/16 22:32:42 INFO mapreduce.Job:  map 63% reduce 9%
20/06/16 22:32:44 INFO mapreduce.Job:  map 66% reduce 9%
20/06/16 22:32:46 INFO mapreduce.Job:  map 67% reduce 9%
20/06/16 22:32:50 INFO mapreduce.Job:  map 67% reduce 10%
20/06/16 22:32:53 INFO mapreduce.Job:  map 68% reduce 10%
20/06/16 22:32:56 INFO mapreduce.Job:  map 70% reduce 10%
20/06/16 22:32:59 INFO mapreduce.Job:  map 71% reduce 10%
20/06/16 22:33:11 INFO mapreduce.Job:  map 72% reduce 10%
20/06/16 22:33:14 INFO mapreduce.Job:  map 73% reduce 10%
20/06/16 22:33:17 INFO mapreduce.Job:  map 75% reduce 11%
20/06/16 22:33:20 INFO mapreduce.Job:  map 76% reduce 11%
20/06/16 22:33:22 INFO mapreduce.Job:  map 77% reduce 11%
20/06/16 22:33:23 INFO mapreduce.Job:  map 78% reduce 11%
20/06/16 22:33:27 INFO mapreduce.Job:  map 79% reduce 11%
20/06/16 22:33:31 INFO mapreduce.Job:  map 80% reduce 11%
20/06/16 22:33:33 INFO mapreduce.Job:  map 81% reduce 12%
20/06/16 22:33:34 INFO mapreduce.Job:  map 83% reduce 12%
20/06/16 22:33:35 INFO mapreduce.Job:  map 84% reduce 12%
20/06/16 22:33:36 INFO mapreduce.Job:  map 85% reduce 12%
20/06/16 22:33:37 INFO mapreduce.Job:  map 86% reduce 12%
20/06/16 22:33:40 INFO mapreduce.Job:  map 87% reduce 12%
20/06/16 22:33:41 INFO mapreduce.Job:  map 88% reduce 13%
20/06/16 22:33:43 INFO mapreduce.Job:  map 89% reduce 13%
20/06/16 22:33:44 INFO mapreduce.Job:  map 90% reduce 13%
20/06/16 22:33:47 INFO mapreduce.Job:  map 90% reduce 14%
20/06/16 22:33:49 INFO mapreduce.Job:  map 91% reduce 14%
20/06/16 22:33:50 INFO mapreduce.Job:  map 93% reduce 15%
20/06/16 22:33:52 INFO mapreduce.Job:  map 94% reduce 15%
20/06/16 22:33:54 INFO mapreduce.Job:  map 95% reduce 15%
20/06/16 22:33:58 INFO mapreduce.Job:  map 96% reduce 15%
20/06/16 22:33:59 INFO mapreduce.Job:  map 98% reduce 16%
20/06/16 22:34:01 INFO mapreduce.Job:  map 99% reduce 16%
20/06/16 22:34:02 INFO mapreduce.Job:  map 99% reduce 17%
20/06/16 22:34:03 INFO mapreduce.Job:  map 100% reduce 17%
20/06/16 22:34:09 INFO mapreduce.Job:  map 100% reduce 18%
20/06/16 22:34:14 INFO mapreduce.Job:  map 100% reduce 19%
20/06/16 22:34:15 INFO mapreduce.Job:  map 100% reduce 20%
20/06/16 22:34:20 INFO mapreduce.Job:  map 100% reduce 22%
20/06/16 22:34:23 INFO mapreduce.Job:  map 100% reduce 23%
20/06/16 22:34:27 INFO mapreduce.Job:  map 100% reduce 24%
20/06/16 22:34:29 INFO mapreduce.Job:  map 100% reduce 26%
20/06/16 22:34:32 INFO mapreduce.Job:  map 100% reduce 33%
20/06/16 22:34:35 INFO mapreduce.Job:  map 100% reduce 38%
20/06/16 22:34:38 INFO mapreduce.Job:  map 100% reduce 39%
20/06/16 22:34:41 INFO mapreduce.Job:  map 100% reduce 40%
20/06/16 22:34:44 INFO mapreduce.Job:  map 100% reduce 41%
20/06/16 22:34:47 INFO mapreduce.Job:  map 100% reduce 42%
20/06/16 22:34:48 INFO mapreduce.Job:  map 100% reduce 43%
20/06/16 22:34:51 INFO mapreduce.Job:  map 100% reduce 44%
20/06/16 22:34:53 INFO mapreduce.Job:  map 100% reduce 45%
20/06/16 22:34:54 INFO mapreduce.Job:  map 100% reduce 51%
20/06/16 22:34:56 INFO mapreduce.Job:  map 100% reduce 52%
20/06/16 22:34:57 INFO mapreduce.Job:  map 100% reduce 57%
20/06/16 22:35:00 INFO mapreduce.Job:  map 100% reduce 58%
20/06/16 22:35:02 INFO mapreduce.Job:  map 100% reduce 59%
20/06/16 22:35:03 INFO mapreduce.Job:  map 100% reduce 60%
20/06/16 22:35:05 INFO mapreduce.Job:  map 100% reduce 61%
20/06/16 22:35:06 INFO mapreduce.Job:  map 100% reduce 62%
20/06/16 22:35:09 INFO mapreduce.Job:  map 100% reduce 63%
20/06/16 22:35:10 INFO mapreduce.Job:  map 100% reduce 64%
20/06/16 22:35:13 INFO mapreduce.Job:  map 100% reduce 65%
20/06/16 22:35:15 INFO mapreduce.Job:  map 100% reduce 66%
20/06/16 22:35:16 INFO mapreduce.Job:  map 100% reduce 67%
20/06/16 22:35:18 INFO mapreduce.Job:  map 100% reduce 68%
20/06/16 22:35:19 INFO mapreduce.Job:  map 100% reduce 69%
20/06/16 22:35:24 INFO mapreduce.Job:  map 100% reduce 70%
20/06/16 22:35:25 INFO mapreduce.Job:  map 100% reduce 71%
20/06/16 22:35:27 INFO mapreduce.Job:  map 100% reduce 72%
20/06/16 22:35:28 INFO mapreduce.Job:  map 100% reduce 73%
20/06/16 22:35:31 INFO mapreduce.Job:  map 100% reduce 74%
20/06/16 22:35:33 INFO mapreduce.Job:  map 100% reduce 75%
20/06/16 22:35:34 INFO mapreduce.Job:  map 100% reduce 76%
20/06/16 22:35:36 INFO mapreduce.Job:  map 100% reduce 85%
20/06/16 22:35:39 INFO mapreduce.Job:  map 100% reduce 88%
20/06/16 22:35:40 INFO mapreduce.Job:  map 100% reduce 89%
20/06/16 22:35:43 INFO mapreduce.Job:  map 100% reduce 90%
20/06/16 22:35:45 INFO mapreduce.Job:  map 100% reduce 91%
20/06/16 22:35:48 INFO mapreduce.Job:  map 100% reduce 93%
20/06/16 22:35:51 INFO mapreduce.Job:  map 100% reduce 94%
20/06/16 22:35:54 INFO mapreduce.Job:  map 100% reduce 95%
20/06/16 22:35:57 INFO mapreduce.Job:  map 100% reduce 96%
20/06/16 22:36:00 INFO mapreduce.Job:  map 100% reduce 97%
20/06/16 22:36:12 INFO mapreduce.Job:  map 100% reduce 98%
20/06/16 22:36:15 INFO mapreduce.Job:  map 100% reduce 99%
20/06/16 22:36:24 INFO mapreduce.Job:  map 100% reduce 100%
20/06/16 22:36:27 INFO mapreduce.Job: Job job_1592313025828_0003 completed successfully
20/06/16 22:36:27 INFO mapreduce.Job: Counters: 52
	File System Counters
		FILE: Number of bytes read=31974520677
		FILE: Number of bytes written=42735048567
		FILE: Number of read operations=0
		FILE: Number of large read operations=0
		FILE: Number of write operations=0
		HDFS: Number of bytes read=10774009875
		HDFS: Number of bytes written=10772846837
		HDFS: Number of read operations=329
		HDFS: Number of large read operations=0
		HDFS: Number of write operations=6
	Job Counters 
		Killed map tasks=1
		Killed reduce tasks=1
		Launched map tasks=81
		Launched reduce tasks=4
		Data-local map tasks=70
		Rack-local map tasks=11
		Total time spent by all maps in occupied slots (ms)=2078647
		Total time spent by all reduces in occupied slots (ms)=1091978
		Total time spent by all map tasks (ms)=2078647
		Total time spent by all reduce tasks (ms)=1091978
		Total vcore-milliseconds taken by all map tasks=2078647
		Total vcore-milliseconds taken by all reduce tasks=1091978
		Total megabyte-milliseconds taken by all map tasks=2128534528
		Total megabyte-milliseconds taken by all reduce tasks=1118185472
	Map-Reduce Framework
		Map input records=1022600
		Map output records=1022600
		Map output bytes=10745642829
		Map output materialized bytes=10751392560
		Input split bytes=8240
		Combine input records=0
		Combine output records=0
		Reduce input groups=1022600
		Reduce shuffle bytes=10751392560
		Reduce input records=1022600
		Reduce output records=1022600
		Spilled Records=4063920
		Shuffled Maps =240
		Failed Shuffles=0
		Merged Map outputs=240
		GC time elapsed (ms)=12473
		CPU time spent (ms)=251760
		Physical memory (bytes) snapshot=22041702400
		Virtual memory (bytes) snapshot=175102144512
		Total committed heap usage (bytes)=16175857664
	Shuffle Errors
		BAD_ID=0
		CONNECTION=0
		IO_ERROR=0
		WRONG_LENGTH=0
		WRONG_MAP=0
		WRONG_REDUCE=0
	File Input Format Counters 
		Bytes Read=10774001635
	File Output Format Counters 
		Bytes Written=10772846837
