20/06/14 15:20:15 INFO client.RMProxy: Connecting to ResourceManager at master/10.51.17.95:8032
20/06/14 15:20:15 INFO client.RMProxy: Connecting to ResourceManager at master/10.51.17.95:8032
20/06/14 15:20:16 INFO input.FileInputFormat: Total input paths to process : 10
20/06/14 15:20:16 INFO mapreduce.JobSubmitter: number of splits:80
20/06/14 15:20:16 INFO mapreduce.JobSubmitter: Submitting tokens for job: job_1592114187211_0008
20/06/14 15:20:16 INFO impl.YarnClientImpl: Submitted application application_1592114187211_0008
20/06/14 15:20:16 INFO mapreduce.Job: The url to track the job: http://master:8088/proxy/application_1592114187211_0008/
20/06/14 15:20:16 INFO mapreduce.Job: Running job: job_1592114187211_0008
20/06/14 15:20:23 INFO mapreduce.Job: Job job_1592114187211_0008 running in uber mode : false
20/06/14 15:20:23 INFO mapreduce.Job:  map 0% reduce 0%
20/06/14 15:20:33 INFO mapreduce.Job:  map 1% reduce 0%
20/06/14 15:20:34 INFO mapreduce.Job:  map 5% reduce 0%
20/06/14 15:20:36 INFO mapreduce.Job:  map 8% reduce 0%
20/06/14 15:20:37 INFO mapreduce.Job:  map 13% reduce 0%
20/06/14 15:20:39 INFO mapreduce.Job:  map 14% reduce 0%
20/06/14 15:20:40 INFO mapreduce.Job:  map 15% reduce 0%
20/06/14 15:20:42 INFO mapreduce.Job:  map 17% reduce 0%
20/06/14 15:20:46 INFO mapreduce.Job:  map 19% reduce 0%
20/06/14 15:20:47 INFO mapreduce.Job:  map 21% reduce 0%
20/06/14 15:20:49 INFO mapreduce.Job:  map 23% reduce 2%
20/06/14 15:20:50 INFO mapreduce.Job:  map 24% reduce 2%
20/06/14 15:20:51 INFO mapreduce.Job:  map 26% reduce 2%
20/06/14 15:20:52 INFO mapreduce.Job:  map 27% reduce 3%
20/06/14 15:20:54 INFO mapreduce.Job:  map 28% reduce 3%
20/06/14 15:20:56 INFO mapreduce.Job:  map 30% reduce 3%
20/06/14 15:20:59 INFO mapreduce.Job:  map 31% reduce 3%
20/06/14 15:21:00 INFO mapreduce.Job:  map 32% reduce 3%
20/06/14 15:21:01 INFO mapreduce.Job:  map 32% reduce 6%
20/06/14 15:21:03 INFO mapreduce.Job:  map 33% reduce 6%
20/06/14 15:21:04 INFO mapreduce.Job:  map 33% reduce 7%
20/06/14 15:21:05 INFO mapreduce.Job:  map 34% reduce 7%
20/06/14 15:21:06 INFO mapreduce.Job:  map 35% reduce 7%
20/06/14 15:21:07 INFO mapreduce.Job:  map 37% reduce 7%
20/06/14 15:21:08 INFO mapreduce.Job:  map 37% reduce 8%
20/06/14 15:21:11 INFO mapreduce.Job:  map 37% reduce 9%
20/06/14 15:21:12 INFO mapreduce.Job:  map 38% reduce 9%
20/06/14 15:21:13 INFO mapreduce.Job:  map 39% reduce 9%
20/06/14 15:21:16 INFO mapreduce.Job:  map 41% reduce 9%
20/06/14 15:21:18 INFO mapreduce.Job:  map 42% reduce 9%
20/06/14 15:21:19 INFO mapreduce.Job:  map 43% reduce 10%
20/06/14 15:21:21 INFO mapreduce.Job:  map 44% reduce 10%
20/06/14 15:21:23 INFO mapreduce.Job:  map 44% reduce 11%
20/06/14 15:21:24 INFO mapreduce.Job:  map 46% reduce 11%
20/06/14 15:21:26 INFO mapreduce.Job:  map 46% reduce 12%
20/06/14 15:21:27 INFO mapreduce.Job:  map 47% reduce 12%
20/06/14 15:21:30 INFO mapreduce.Job:  map 49% reduce 12%
20/06/14 15:21:31 INFO mapreduce.Job:  map 49% reduce 13%
20/06/14 15:21:34 INFO mapreduce.Job:  map 50% reduce 14%
20/06/14 15:21:36 INFO mapreduce.Job:  map 51% reduce 14%
20/06/14 15:21:37 INFO mapreduce.Job:  map 52% reduce 14%
20/06/14 15:21:38 INFO mapreduce.Job:  map 52% reduce 15%
20/06/14 15:21:39 INFO mapreduce.Job:  map 54% reduce 15%
20/06/14 15:21:42 INFO mapreduce.Job:  map 56% reduce 15%
20/06/14 15:21:43 INFO mapreduce.Job:  map 57% reduce 16%
20/06/14 15:21:46 INFO mapreduce.Job:  map 61% reduce 16%
20/06/14 15:21:48 INFO mapreduce.Job:  map 61% reduce 17%
20/06/14 15:21:50 INFO mapreduce.Job:  map 61% reduce 18%
20/06/14 15:21:51 INFO mapreduce.Job:  map 62% reduce 18%
20/06/14 15:21:55 INFO mapreduce.Job:  map 63% reduce 18%
20/06/14 15:21:57 INFO mapreduce.Job:  map 64% reduce 18%
20/06/14 15:21:58 INFO mapreduce.Job:  map 65% reduce 18%
20/06/14 15:22:00 INFO mapreduce.Job:  map 65% reduce 19%
20/06/14 15:22:02 INFO mapreduce.Job:  map 67% reduce 19%
20/06/14 15:22:03 INFO mapreduce.Job:  map 68% reduce 19%
20/06/14 15:22:05 INFO mapreduce.Job:  map 69% reduce 19%
20/06/14 15:22:06 INFO mapreduce.Job:  map 71% reduce 19%
20/06/14 15:22:07 INFO mapreduce.Job:  map 71% reduce 20%
20/06/14 15:22:08 INFO mapreduce.Job:  map 72% reduce 20%
20/06/14 15:22:12 INFO mapreduce.Job:  map 73% reduce 20%
20/06/14 15:22:14 INFO mapreduce.Job:  map 75% reduce 20%
20/06/14 15:22:15 INFO mapreduce.Job:  map 76% reduce 21%
20/06/14 15:22:16 INFO mapreduce.Job:  map 77% reduce 21%
20/06/14 15:22:20 INFO mapreduce.Job:  map 79% reduce 22%
20/06/14 15:22:23 INFO mapreduce.Job:  map 80% reduce 22%
20/06/14 15:22:24 INFO mapreduce.Job:  map 81% reduce 22%
20/06/14 15:22:25 INFO mapreduce.Job:  map 81% reduce 23%
20/06/14 15:22:27 INFO mapreduce.Job:  map 82% reduce 23%
20/06/14 15:22:29 INFO mapreduce.Job:  map 82% reduce 24%
20/06/14 15:22:30 INFO mapreduce.Job:  map 84% reduce 24%
20/06/14 15:22:34 INFO mapreduce.Job:  map 85% reduce 24%
20/06/14 15:22:37 INFO mapreduce.Job:  map 87% reduce 24%
20/06/14 15:22:38 INFO mapreduce.Job:  map 87% reduce 25%
20/06/14 15:22:39 INFO mapreduce.Job:  map 88% reduce 25%
20/06/14 15:22:42 INFO mapreduce.Job:  map 89% reduce 25%
20/06/14 15:22:43 INFO mapreduce.Job:  map 90% reduce 26%
20/06/14 15:22:44 INFO mapreduce.Job:  map 91% reduce 26%
20/06/14 15:22:46 INFO mapreduce.Job:  map 92% reduce 26%
20/06/14 15:22:47 INFO mapreduce.Job:  map 93% reduce 26%
20/06/14 15:22:48 INFO mapreduce.Job:  map 93% reduce 27%
20/06/14 15:22:49 INFO mapreduce.Job:  map 95% reduce 27%
20/06/14 15:22:50 INFO mapreduce.Job:  map 96% reduce 27%
20/06/14 15:22:53 INFO mapreduce.Job:  map 98% reduce 28%
20/06/14 15:22:57 INFO mapreduce.Job:  map 98% reduce 29%
20/06/14 15:23:02 INFO mapreduce.Job:  map 99% reduce 29%
20/06/14 15:23:04 INFO mapreduce.Job:  map 99% reduce 30%
20/06/14 15:23:07 INFO mapreduce.Job:  map 100% reduce 30%
20/06/14 15:23:11 INFO mapreduce.Job:  map 100% reduce 31%
20/06/14 15:23:14 INFO mapreduce.Job:  map 100% reduce 43%
20/06/14 15:23:19 INFO mapreduce.Job:  map 100% reduce 48%
20/06/14 15:23:22 INFO mapreduce.Job:  map 100% reduce 56%
20/06/14 15:23:24 INFO mapreduce.Job:  map 100% reduce 68%
20/06/14 15:23:26 INFO mapreduce.Job:  map 100% reduce 69%
20/06/14 15:23:27 INFO mapreduce.Job:  map 100% reduce 70%
20/06/14 15:23:29 INFO mapreduce.Job:  map 100% reduce 71%
20/06/14 15:23:31 INFO mapreduce.Job:  map 100% reduce 72%
20/06/14 15:23:33 INFO mapreduce.Job:  map 100% reduce 73%
20/06/14 15:23:34 INFO mapreduce.Job:  map 100% reduce 74%
20/06/14 15:23:35 INFO mapreduce.Job:  map 100% reduce 75%
20/06/14 15:23:37 INFO mapreduce.Job:  map 100% reduce 76%
20/06/14 15:23:40 INFO mapreduce.Job:  map 100% reduce 77%
20/06/14 15:23:41 INFO mapreduce.Job:  map 100% reduce 78%
20/06/14 15:23:43 INFO mapreduce.Job:  map 100% reduce 79%
20/06/14 15:23:46 INFO mapreduce.Job:  map 100% reduce 80%
20/06/14 15:23:55 INFO mapreduce.Job:  map 100% reduce 81%
20/06/14 15:24:18 INFO mapreduce.Job:  map 100% reduce 82%
20/06/14 15:24:25 INFO mapreduce.Job:  map 100% reduce 83%
20/06/14 15:24:28 INFO mapreduce.Job:  map 100% reduce 84%
20/06/14 15:24:34 INFO mapreduce.Job:  map 100% reduce 85%
20/06/14 15:24:40 INFO mapreduce.Job:  map 100% reduce 87%
20/06/14 15:24:46 INFO mapreduce.Job:  map 100% reduce 88%
20/06/14 15:24:55 INFO mapreduce.Job:  map 100% reduce 89%
20/06/14 15:24:58 INFO mapreduce.Job:  map 100% reduce 90%
20/06/14 15:25:04 INFO mapreduce.Job:  map 100% reduce 91%
20/06/14 15:25:10 INFO mapreduce.Job:  map 100% reduce 92%
20/06/14 15:25:19 INFO mapreduce.Job:  map 100% reduce 93%
20/06/14 15:25:28 INFO mapreduce.Job:  map 100% reduce 94%
20/06/14 15:25:31 INFO mapreduce.Job:  map 100% reduce 95%
20/06/14 15:25:34 INFO mapreduce.Job:  map 100% reduce 96%
20/06/14 15:25:55 INFO mapreduce.Job:  map 100% reduce 97%
20/06/14 15:26:10 INFO mapreduce.Job:  map 100% reduce 98%
20/06/14 15:26:31 INFO mapreduce.Job:  map 100% reduce 99%
20/06/14 15:26:58 INFO mapreduce.Job:  map 100% reduce 100%
20/06/14 15:26:59 INFO mapreduce.Job: Job job_1592114187211_0008 completed successfully
20/06/14 15:26:59 INFO mapreduce.Job: Counters: 50
	File System Counters
		FILE: Number of bytes read=31975689696
		FILE: Number of bytes written=42736245572
		FILE: Number of read operations=0
		FILE: Number of large read operations=0
		FILE: Number of write operations=0
		HDFS: Number of bytes read=10774062484
		HDFS: Number of bytes written=10772860825
		HDFS: Number of read operations=329
		HDFS: Number of large read operations=0
		HDFS: Number of write operations=6
	Job Counters 
		Killed map tasks=1
		Launched map tasks=80
		Launched reduce tasks=3
		Data-local map tasks=80
		Total time spent by all maps in occupied slots (ms)=1053831
		Total time spent by all reduces in occupied slots (ms)=985430
		Total time spent by all map tasks (ms)=1053831
		Total time spent by all reduce tasks (ms)=985430
		Total vcore-milliseconds taken by all map tasks=1053831
		Total vcore-milliseconds taken by all reduce tasks=985430
		Total megabyte-milliseconds taken by all map tasks=1079122944
		Total megabyte-milliseconds taken by all reduce tasks=1009080320
	Map-Reduce Framework
		Map input records=1022753
		Map output records=1022753
		Map output bytes=10745658573
		Map output materialized bytes=10751408996
		Input split bytes=9040
		Combine input records=0
		Combine output records=0
		Reduce input groups=1022753
		Reduce shuffle bytes=10751408996
		Reduce input records=1022753
		Reduce output records=1022753
		Spilled Records=4064549
		Shuffled Maps =240
		Failed Shuffles=0
		Merged Map outputs=240
		GC time elapsed (ms)=12357
		CPU time spent (ms)=238960
		Physical memory (bytes) snapshot=21877501952
		Virtual memory (bytes) snapshot=175148306432
		Total committed heap usage (bytes)=16485187584
	Shuffle Errors
		BAD_ID=0
		CONNECTION=0
		IO_ERROR=0
		WRONG_LENGTH=0
		WRONG_MAP=0
		WRONG_REDUCE=0
	File Input Format Counters 
		Bytes Read=10774053444
	File Output Format Counters 
		Bytes Written=10772860825
