20/06/16 04:15:09 INFO client.RMProxy: Connecting to ResourceManager at master/10.51.17.95:8032
20/06/16 04:15:10 INFO input.FileInputFormat: Total input paths to process : 10
20/06/16 04:15:10 INFO mapreduce.JobSubmitter: number of splits:90
20/06/16 04:15:10 INFO mapreduce.JobSubmitter: Submitting tokens for job: job_1592248339253_0001
20/06/16 04:15:11 INFO impl.YarnClientImpl: Submitted application application_1592248339253_0001
20/06/16 04:15:11 INFO mapreduce.Job: The url to track the job: http://master:8088/proxy/application_1592248339253_0001/
20/06/16 04:15:11 INFO mapreduce.Job: Running job: job_1592248339253_0001
20/06/16 04:15:26 INFO mapreduce.Job: Job job_1592248339253_0001 running in uber mode : false
20/06/16 04:15:26 INFO mapreduce.Job:  map 0% reduce 0%
20/06/16 04:15:40 INFO mapreduce.Job:  map 1% reduce 0%
20/06/16 04:15:47 INFO mapreduce.Job:  map 2% reduce 0%
20/06/16 04:15:49 INFO mapreduce.Job:  map 3% reduce 0%
20/06/16 04:15:59 INFO mapreduce.Job:  map 4% reduce 0%
20/06/16 04:16:02 INFO mapreduce.Job:  map 5% reduce 0%
20/06/16 04:16:09 INFO mapreduce.Job:  map 6% reduce 0%
20/06/16 04:16:11 INFO mapreduce.Job:  map 7% reduce 0%
20/06/16 04:16:12 INFO mapreduce.Job:  map 8% reduce 0%
20/06/16 04:16:24 INFO mapreduce.Job:  map 9% reduce 0%
20/06/16 04:16:27 INFO mapreduce.Job:  map 10% reduce 0%
20/06/16 04:16:34 INFO mapreduce.Job:  map 11% reduce 0%
20/06/16 04:16:37 INFO mapreduce.Job:  map 12% reduce 0%
20/06/16 04:16:38 INFO mapreduce.Job:  map 13% reduce 0%
20/06/16 04:16:45 INFO mapreduce.Job:  map 14% reduce 0%
20/06/16 04:16:50 INFO mapreduce.Job:  map 15% reduce 0%
20/06/16 04:16:54 INFO mapreduce.Job:  map 16% reduce 0%
20/06/16 04:16:57 INFO mapreduce.Job:  map 17% reduce 0%
20/06/16 04:17:01 INFO mapreduce.Job:  map 17% reduce 5%
20/06/16 04:17:06 INFO mapreduce.Job:  map 18% reduce 5%
20/06/16 04:17:09 INFO mapreduce.Job:  map 19% reduce 5%
20/06/16 04:17:15 INFO mapreduce.Job:  map 20% reduce 5%
20/06/16 04:17:19 INFO mapreduce.Job:  map 21% reduce 5%
20/06/16 04:17:25 INFO mapreduce.Job:  map 22% reduce 5%
20/06/16 04:17:28 INFO mapreduce.Job:  map 23% reduce 6%
20/06/16 04:17:34 INFO mapreduce.Job:  map 24% reduce 6%
20/06/16 04:17:37 INFO mapreduce.Job:  map 25% reduce 6%
20/06/16 04:17:38 INFO mapreduce.Job:  map 25% reduce 7%
20/06/16 04:17:40 INFO mapreduce.Job:  map 26% reduce 7%
20/06/16 04:17:43 INFO mapreduce.Job:  map 27% reduce 7%
20/06/16 04:17:44 INFO mapreduce.Job:  map 27% reduce 8%
20/06/16 04:17:47 INFO mapreduce.Job:  map 27% reduce 9%
20/06/16 04:17:49 INFO mapreduce.Job:  map 28% reduce 9%
20/06/16 04:17:55 INFO mapreduce.Job:  map 29% reduce 9%
20/06/16 04:17:57 INFO mapreduce.Job:  map 30% reduce 9%
20/06/16 04:18:01 INFO mapreduce.Job:  map 31% reduce 9%
20/06/16 04:18:04 INFO mapreduce.Job:  map 31% reduce 10%
20/06/16 04:18:09 INFO mapreduce.Job:  map 32% reduce 10%
20/06/16 04:18:15 INFO mapreduce.Job:  map 33% reduce 10%
20/06/16 04:18:18 INFO mapreduce.Job:  map 34% reduce 10%
20/06/16 04:18:26 INFO mapreduce.Job:  map 35% reduce 10%
20/06/16 04:18:27 INFO mapreduce.Job:  map 36% reduce 10%
20/06/16 04:18:32 INFO mapreduce.Job:  map 37% reduce 11%
20/06/16 04:18:34 INFO mapreduce.Job:  map 38% reduce 11%
20/06/16 04:18:38 INFO mapreduce.Job:  map 39% reduce 12%
20/06/16 04:18:41 INFO mapreduce.Job:  map 39% reduce 13%
20/06/16 04:18:42 INFO mapreduce.Job:  map 40% reduce 13%
20/06/16 04:18:46 INFO mapreduce.Job:  map 41% reduce 13%
20/06/16 04:18:53 INFO mapreduce.Job:  map 42% reduce 13%
20/06/16 04:18:55 INFO mapreduce.Job:  map 43% reduce 13%
20/06/16 04:19:00 INFO mapreduce.Job:  map 44% reduce 13%
20/06/16 04:19:03 INFO mapreduce.Job:  map 44% reduce 14%
20/06/16 04:19:04 INFO mapreduce.Job:  map 45% reduce 14%
20/06/16 04:19:13 INFO mapreduce.Job:  map 46% reduce 14%
20/06/16 04:19:15 INFO mapreduce.Job:  map 47% reduce 14%
20/06/16 04:19:22 INFO mapreduce.Job:  map 48% reduce 14%
20/06/16 04:19:25 INFO mapreduce.Job:  map 49% reduce 14%
20/06/16 04:19:27 INFO mapreduce.Job:  map 50% reduce 14%
20/06/16 04:19:30 INFO mapreduce.Job:  map 50% reduce 15%
20/06/16 04:19:32 INFO mapreduce.Job:  map 51% reduce 16%
20/06/16 04:19:36 INFO mapreduce.Job:  map 52% reduce 16%
20/06/16 04:19:39 INFO mapreduce.Job:  map 52% reduce 17%
20/06/16 04:19:40 INFO mapreduce.Job:  map 53% reduce 17%
20/06/16 04:19:45 INFO mapreduce.Job:  map 54% reduce 17%
20/06/16 04:19:48 INFO mapreduce.Job:  map 55% reduce 17%
20/06/16 04:19:54 INFO mapreduce.Job:  map 56% reduce 17%
20/06/16 04:19:57 INFO mapreduce.Job:  map 56% reduce 18%
20/06/16 04:20:00 INFO mapreduce.Job:  map 57% reduce 18%
20/06/16 04:20:03 INFO mapreduce.Job:  map 58% reduce 18%
20/06/16 04:20:06 INFO mapreduce.Job:  map 58% reduce 19%
20/06/16 04:20:09 INFO mapreduce.Job:  map 59% reduce 19%
20/06/16 04:20:13 INFO mapreduce.Job:  map 60% reduce 19%
20/06/16 04:20:19 INFO mapreduce.Job:  map 61% reduce 19%
20/06/16 04:20:24 INFO mapreduce.Job:  map 62% reduce 19%
20/06/16 04:20:27 INFO mapreduce.Job:  map 63% reduce 19%
20/06/16 04:20:28 INFO mapreduce.Job:  map 63% reduce 20%
20/06/16 04:20:29 INFO mapreduce.Job:  map 64% reduce 20%
20/06/16 04:20:33 INFO mapreduce.Job:  map 65% reduce 20%
20/06/16 04:20:34 INFO mapreduce.Job:  map 65% reduce 21%
20/06/16 04:20:36 INFO mapreduce.Job:  map 66% reduce 21%
20/06/16 04:20:40 INFO mapreduce.Job:  map 66% reduce 22%
20/06/16 04:20:41 INFO mapreduce.Job:  map 67% reduce 22%
20/06/16 04:20:46 INFO mapreduce.Job:  map 68% reduce 22%
20/06/16 04:20:52 INFO mapreduce.Job:  map 69% reduce 22%
20/06/16 04:20:56 INFO mapreduce.Job:  map 70% reduce 22%
20/06/16 04:21:02 INFO mapreduce.Job:  map 71% reduce 22%
20/06/16 04:21:04 INFO mapreduce.Job:  map 71% reduce 23%
20/06/16 04:21:07 INFO mapreduce.Job:  map 72% reduce 23%
20/06/16 04:21:11 INFO mapreduce.Job:  map 73% reduce 23%
20/06/16 04:21:16 INFO mapreduce.Job:  map 74% reduce 23%
20/06/16 04:21:19 INFO mapreduce.Job:  map 75% reduce 23%
20/06/16 04:21:25 INFO mapreduce.Job:  map 76% reduce 24%
20/06/16 04:21:28 INFO mapreduce.Job:  map 77% reduce 24%
20/06/16 04:21:29 INFO mapreduce.Job:  map 78% reduce 24%
20/06/16 04:21:31 INFO mapreduce.Job:  map 78% reduce 25%
20/06/16 04:21:33 INFO mapreduce.Job:  map 79% reduce 25%
20/06/16 04:21:34 INFO mapreduce.Job:  map 79% reduce 26%
20/06/16 04:21:38 INFO mapreduce.Job:  map 80% reduce 26%
20/06/16 04:21:42 INFO mapreduce.Job:  map 81% reduce 26%
20/06/16 04:21:50 INFO mapreduce.Job:  map 82% reduce 26%
20/06/16 04:21:52 INFO mapreduce.Job:  map 83% reduce 26%
20/06/16 04:21:56 INFO mapreduce.Job:  map 84% reduce 26%
20/06/16 04:21:59 INFO mapreduce.Job:  map 85% reduce 27%
20/06/16 04:22:05 INFO mapreduce.Job:  map 86% reduce 27%
20/06/16 04:22:08 INFO mapreduce.Job:  map 87% reduce 28%
20/06/16 04:22:11 INFO mapreduce.Job:  map 88% reduce 28%
20/06/16 04:22:14 INFO mapreduce.Job:  map 89% reduce 28%
20/06/16 04:22:15 INFO mapreduce.Job:  map 90% reduce 28%
20/06/16 04:22:16 INFO mapreduce.Job:  map 91% reduce 28%
20/06/16 04:22:17 INFO mapreduce.Job:  map 91% reduce 29%
20/06/16 04:22:22 INFO mapreduce.Job:  map 93% reduce 29%
20/06/16 04:22:23 INFO mapreduce.Job:  map 93% reduce 30%
20/06/16 04:22:27 INFO mapreduce.Job:  map 94% reduce 30%
20/06/16 04:22:28 INFO mapreduce.Job:  map 96% reduce 30%
20/06/16 04:22:29 INFO mapreduce.Job:  map 97% reduce 31%
20/06/16 04:22:32 INFO mapreduce.Job:  map 97% reduce 32%
20/06/16 04:22:34 INFO mapreduce.Job:  map 98% reduce 32%
20/06/16 04:22:35 INFO mapreduce.Job:  map 98% reduce 33%
20/06/16 04:22:36 INFO mapreduce.Job:  map 99% reduce 33%
20/06/16 04:22:37 INFO mapreduce.Job:  map 100% reduce 33%
20/06/16 04:22:38 INFO mapreduce.Job:  map 100% reduce 40%
20/06/16 04:22:41 INFO mapreduce.Job:  map 100% reduce 70%
20/06/16 04:22:44 INFO mapreduce.Job:  map 100% reduce 76%
20/06/16 04:22:47 INFO mapreduce.Job:  map 100% reduce 82%
20/06/16 04:22:50 INFO mapreduce.Job:  map 100% reduce 88%
20/06/16 04:22:53 INFO mapreduce.Job:  map 100% reduce 96%
20/06/16 04:22:54 INFO mapreduce.Job:  map 100% reduce 100%
20/06/16 04:22:55 INFO mapreduce.Job: Job job_1592248339253_0001 completed successfully
20/06/16 04:22:55 INFO mapreduce.Job: Counters: 51
	File System Counters
		FILE: Number of bytes read=1449326147
		FILE: Number of bytes written=2161253601
		FILE: Number of read operations=0
		FILE: Number of large read operations=0
		FILE: Number of write operations=0
		HDFS: Number of bytes read=11025668664
		HDFS: Number of bytes written=333229171
		HDFS: Number of read operations=273
		HDFS: Number of large read operations=0
		HDFS: Number of write operations=2
	Job Counters 
		Killed map tasks=1
		Launched map tasks=91
		Launched reduce tasks=1
		Data-local map tasks=89
		Rack-local map tasks=2
		Total time spent by all maps in occupied slots (ms)=3776348
		Total time spent by all reduces in occupied slots (ms)=363464
		Total time spent by all map tasks (ms)=3776348
		Total time spent by all reduce tasks (ms)=363464
		Total vcore-milliseconds taken by all map tasks=3776348
		Total vcore-milliseconds taken by all reduce tasks=363464
		Total megabyte-milliseconds taken by all map tasks=3866980352
		Total megabyte-milliseconds taken by all reduce tasks=372187136
	Map-Reduce Framework
		Map input records=1179594
		Map output records=1009767860
		Map output bytes=15225044514
		Map output materialized bytes=700777381
		Input split bytes=9630
		Combine input records=1034538483
		Combine output records=47414618
		Reduce input groups=9908198
		Reduce shuffle bytes=700777381
		Reduce input records=22643995
		Reduce output records=9908198
		Spilled Records=70058613
		Shuffled Maps =90
		Failed Shuffles=0
		Merged Map outputs=90
		GC time elapsed (ms)=62739
		CPU time spent (ms)=2142740
		Physical memory (bytes) snapshot=25078362112
		Virtual memory (bytes) snapshot=191951597568
		Total committed heap usage (bytes)=18923651072
	Shuffle Errors
		BAD_ID=0
		CONNECTION=0
		IO_ERROR=0
		WRONG_LENGTH=0
		WRONG_MAP=0
		WRONG_REDUCE=0
	File Input Format Counters 
		Bytes Read=11025659034
	File Output Format Counters 
		Bytes Written=333229171
