20/06/14 15:35:40 INFO client.RMProxy: Connecting to ResourceManager at master/10.51.17.95:8032
20/06/14 15:35:41 INFO input.FileInputFormat: Total input paths to process : 10
20/06/14 15:35:41 INFO mapreduce.JobSubmitter: number of splits:90
20/06/14 15:35:41 INFO mapreduce.JobSubmitter: Submitting tokens for job: job_1592114187211_0012
20/06/14 15:35:41 INFO impl.YarnClientImpl: Submitted application application_1592114187211_0012
20/06/14 15:35:42 INFO mapreduce.Job: The url to track the job: http://master:8088/proxy/application_1592114187211_0012/
20/06/14 15:35:42 INFO mapreduce.Job: Running job: job_1592114187211_0012
20/06/14 15:35:50 INFO mapreduce.Job: Job job_1592114187211_0012 running in uber mode : false
20/06/14 15:35:50 INFO mapreduce.Job:  map 0% reduce 0%
20/06/14 15:36:02 INFO mapreduce.Job:  map 1% reduce 0%
20/06/14 15:36:04 INFO mapreduce.Job:  map 2% reduce 0%
20/06/14 15:36:08 INFO mapreduce.Job:  map 3% reduce 0%
20/06/14 15:36:14 INFO mapreduce.Job:  map 4% reduce 0%
20/06/14 15:36:20 INFO mapreduce.Job:  map 5% reduce 0%
20/06/14 15:36:25 INFO mapreduce.Job:  map 6% reduce 0%
20/06/14 15:36:29 INFO mapreduce.Job:  map 7% reduce 0%
20/06/14 15:36:32 INFO mapreduce.Job:  map 8% reduce 0%
20/06/14 15:36:35 INFO mapreduce.Job:  map 9% reduce 0%
20/06/14 15:36:43 INFO mapreduce.Job:  map 10% reduce 0%
20/06/14 15:36:46 INFO mapreduce.Job:  map 11% reduce 0%
20/06/14 15:36:47 INFO mapreduce.Job:  map 12% reduce 0%
20/06/14 15:36:49 INFO mapreduce.Job:  map 13% reduce 0%
20/06/14 15:36:56 INFO mapreduce.Job:  map 14% reduce 0%
20/06/14 15:37:02 INFO mapreduce.Job:  map 15% reduce 0%
20/06/14 15:37:03 INFO mapreduce.Job:  map 16% reduce 0%
20/06/14 15:37:08 INFO mapreduce.Job:  map 17% reduce 0%
20/06/14 15:37:12 INFO mapreduce.Job:  map 17% reduce 5%
20/06/14 15:37:14 INFO mapreduce.Job:  map 18% reduce 5%
20/06/14 15:37:18 INFO mapreduce.Job:  map 19% reduce 5%
20/06/14 15:37:23 INFO mapreduce.Job:  map 20% reduce 5%
20/06/14 15:37:27 INFO mapreduce.Job:  map 21% reduce 5%
20/06/14 15:37:31 INFO mapreduce.Job:  map 22% reduce 5%
20/06/14 15:37:35 INFO mapreduce.Job:  map 23% reduce 6%
20/06/14 15:37:37 INFO mapreduce.Job:  map 24% reduce 6%
20/06/14 15:37:38 INFO mapreduce.Job:  map 24% reduce 7%
20/06/14 15:37:43 INFO mapreduce.Job:  map 25% reduce 7%
20/06/14 15:37:44 INFO mapreduce.Job:  map 26% reduce 7%
20/06/14 15:37:45 INFO mapreduce.Job:  map 26% reduce 8%
20/06/14 15:37:47 INFO mapreduce.Job:  map 27% reduce 8%
20/06/14 15:37:48 INFO mapreduce.Job:  map 27% reduce 9%
20/06/14 15:37:54 INFO mapreduce.Job:  map 28% reduce 9%
20/06/14 15:37:57 INFO mapreduce.Job:  map 29% reduce 9%
20/06/14 15:38:01 INFO mapreduce.Job:  map 30% reduce 9%
20/06/14 15:38:06 INFO mapreduce.Job:  map 31% reduce 9%
20/06/14 15:38:09 INFO mapreduce.Job:  map 31% reduce 10%
20/06/14 15:38:12 INFO mapreduce.Job:  map 32% reduce 10%
20/06/14 15:38:16 INFO mapreduce.Job:  map 33% reduce 10%
20/06/14 15:38:19 INFO mapreduce.Job:  map 34% reduce 10%
20/06/14 15:38:26 INFO mapreduce.Job:  map 35% reduce 10%
20/06/14 15:38:29 INFO mapreduce.Job:  map 36% reduce 10%
20/06/14 15:38:34 INFO mapreduce.Job:  map 37% reduce 11%
20/06/14 15:38:36 INFO mapreduce.Job:  map 38% reduce 11%
20/06/14 15:38:39 INFO mapreduce.Job:  map 39% reduce 11%
20/06/14 15:38:40 INFO mapreduce.Job:  map 39% reduce 12%
20/06/14 15:38:42 INFO mapreduce.Job:  map 40% reduce 12%
20/06/14 15:38:43 INFO mapreduce.Job:  map 40% reduce 13%
20/06/14 15:38:47 INFO mapreduce.Job:  map 41% reduce 13%
20/06/14 15:38:53 INFO mapreduce.Job:  map 42% reduce 13%
20/06/14 15:38:59 INFO mapreduce.Job:  map 43% reduce 13%
20/06/14 15:39:00 INFO mapreduce.Job:  map 43% reduce 14%
20/06/14 15:39:01 INFO mapreduce.Job:  map 44% reduce 14%
20/06/14 15:39:07 INFO mapreduce.Job:  map 45% reduce 14%
20/06/14 15:39:12 INFO mapreduce.Job:  map 46% reduce 14%
20/06/14 15:39:17 INFO mapreduce.Job:  map 47% reduce 14%
20/06/14 15:39:20 INFO mapreduce.Job:  map 48% reduce 14%
20/06/14 15:39:25 INFO mapreduce.Job:  map 49% reduce 14%
20/06/14 15:39:29 INFO mapreduce.Job:  map 50% reduce 14%
20/06/14 15:39:31 INFO mapreduce.Job:  map 50% reduce 15%
20/06/14 15:39:34 INFO mapreduce.Job:  map 51% reduce 15%
20/06/14 15:39:37 INFO mapreduce.Job:  map 52% reduce 16%
20/06/14 15:39:40 INFO mapreduce.Job:  map 53% reduce 17%
20/06/14 15:39:47 INFO mapreduce.Job:  map 54% reduce 17%
20/06/14 15:39:51 INFO mapreduce.Job:  map 55% reduce 17%
20/06/14 15:39:56 INFO mapreduce.Job:  map 56% reduce 17%
20/06/14 15:40:00 INFO mapreduce.Job:  map 57% reduce 17%
20/06/14 15:40:02 INFO mapreduce.Job:  map 57% reduce 18%
20/06/14 15:40:05 INFO mapreduce.Job:  map 58% reduce 18%
20/06/14 15:40:08 INFO mapreduce.Job:  map 58% reduce 19%
20/06/14 15:40:10 INFO mapreduce.Job:  map 59% reduce 19%
20/06/14 15:40:16 INFO mapreduce.Job:  map 60% reduce 19%
20/06/14 15:40:20 INFO mapreduce.Job:  map 61% reduce 19%
20/06/14 15:40:23 INFO mapreduce.Job:  map 62% reduce 19%
20/06/14 15:40:27 INFO mapreduce.Job:  map 63% reduce 19%
20/06/14 15:40:31 INFO mapreduce.Job:  map 64% reduce 19%
20/06/14 15:40:32 INFO mapreduce.Job:  map 64% reduce 20%
20/06/14 15:40:35 INFO mapreduce.Job:  map 64% reduce 21%
20/06/14 15:40:36 INFO mapreduce.Job:  map 65% reduce 21%
20/06/14 15:40:39 INFO mapreduce.Job:  map 66% reduce 21%
20/06/14 15:40:41 INFO mapreduce.Job:  map 66% reduce 22%
20/06/14 15:40:42 INFO mapreduce.Job:  map 67% reduce 22%
20/06/14 15:40:44 INFO mapreduce.Job:  map 68% reduce 22%
20/06/14 15:40:47 INFO mapreduce.Job:  map 69% reduce 22%
20/06/14 15:40:49 INFO mapreduce.Job:  map 70% reduce 22%
20/06/14 15:40:53 INFO mapreduce.Job:  map 72% reduce 22%
20/06/14 15:40:56 INFO mapreduce.Job:  map 73% reduce 23%
20/06/14 15:40:58 INFO mapreduce.Job:  map 74% reduce 23%
20/06/14 15:40:59 INFO mapreduce.Job:  map 74% reduce 24%
20/06/14 15:41:04 INFO mapreduce.Job:  map 75% reduce 24%
20/06/14 15:41:10 INFO mapreduce.Job:  map 76% reduce 24%
20/06/14 15:41:14 INFO mapreduce.Job:  map 77% reduce 24%
20/06/14 15:41:17 INFO mapreduce.Job:  map 78% reduce 24%
20/06/14 15:41:18 INFO mapreduce.Job:  map 78% reduce 25%
20/06/14 15:41:22 INFO mapreduce.Job:  map 79% reduce 25%
20/06/14 15:41:27 INFO mapreduce.Job:  map 80% reduce 25%
20/06/14 15:41:30 INFO mapreduce.Job:  map 81% reduce 26%
20/06/14 15:41:36 INFO mapreduce.Job:  map 82% reduce 26%
20/06/14 15:41:40 INFO mapreduce.Job:  map 83% reduce 26%
20/06/14 15:41:44 INFO mapreduce.Job:  map 84% reduce 27%
20/06/14 15:41:50 INFO mapreduce.Job:  map 85% reduce 27%
20/06/14 15:41:55 INFO mapreduce.Job:  map 86% reduce 27%
20/06/14 15:41:58 INFO mapreduce.Job:  map 87% reduce 27%
20/06/14 15:41:59 INFO mapreduce.Job:  map 88% reduce 27%
20/06/14 15:42:00 INFO mapreduce.Job:  map 88% reduce 29%
20/06/14 15:42:06 INFO mapreduce.Job:  map 89% reduce 29%
20/06/14 15:42:09 INFO mapreduce.Job:  map 90% reduce 29%
20/06/14 15:42:12 INFO mapreduce.Job:  map 90% reduce 30%
20/06/14 15:42:14 INFO mapreduce.Job:  map 91% reduce 30%
20/06/14 15:42:15 INFO mapreduce.Job:  map 92% reduce 30%
20/06/14 15:42:17 INFO mapreduce.Job:  map 93% reduce 30%
20/06/14 15:42:20 INFO mapreduce.Job:  map 94% reduce 30%
20/06/14 15:42:21 INFO mapreduce.Job:  map 95% reduce 30%
20/06/14 15:42:24 INFO mapreduce.Job:  map 96% reduce 31%
20/06/14 15:42:25 INFO mapreduce.Job:  map 97% reduce 31%
20/06/14 15:42:26 INFO mapreduce.Job:  map 98% reduce 31%
20/06/14 15:42:27 INFO mapreduce.Job:  map 99% reduce 31%
20/06/14 15:42:30 INFO mapreduce.Job:  map 100% reduce 33%
20/06/14 15:42:39 INFO mapreduce.Job:  map 100% reduce 68%
20/06/14 15:42:42 INFO mapreduce.Job:  map 100% reduce 73%
20/06/14 15:42:45 INFO mapreduce.Job:  map 100% reduce 80%
20/06/14 15:42:48 INFO mapreduce.Job:  map 100% reduce 86%
20/06/14 15:42:51 INFO mapreduce.Job:  map 100% reduce 94%
20/06/14 15:42:53 INFO mapreduce.Job:  map 100% reduce 100%
20/06/14 15:42:55 INFO mapreduce.Job: Job job_1592114187211_0012 completed successfully
20/06/14 15:42:56 INFO mapreduce.Job: Counters: 51
	File System Counters
		FILE: Number of bytes read=1420559338
		FILE: Number of bytes written=2117550361
		FILE: Number of read operations=0
		FILE: Number of large read operations=0
		FILE: Number of write operations=0
		HDFS: Number of bytes read=11024951797
		HDFS: Number of bytes written=317400765
		HDFS: Number of read operations=273
		HDFS: Number of large read operations=0
		HDFS: Number of write operations=2
	Job Counters 
		Killed map tasks=1
		Launched map tasks=91
		Launched reduce tasks=1
		Data-local map tasks=78
		Rack-local map tasks=13
		Total time spent by all maps in occupied slots (ms)=3537006
		Total time spent by all reduces in occupied slots (ms)=351878
		Total time spent by all map tasks (ms)=3537006
		Total time spent by all reduce tasks (ms)=351878
		Total vcore-milliseconds taken by all map tasks=3537006
		Total vcore-milliseconds taken by all reduce tasks=351878
		Total megabyte-milliseconds taken by all map tasks=3621894144
		Total megabyte-milliseconds taken by all reduce tasks=360323072
	Map-Reduce Framework
		Map input records=1636308
		Map output records=1011141120
		Map output bytes=15227763897
		Map output materialized bytes=685839130
		Input split bytes=10530
		Combine input records=1035900678
		Combine output records=47354523
		Reduce input groups=9723096
		Reduce shuffle bytes=685839130
		Reduce input records=22594965
		Reduce output records=9723096
		Spilled Records=69949488
		Shuffled Maps =90
		Failed Shuffles=0
		Merged Map outputs=90
		GC time elapsed (ms)=63960
		CPU time spent (ms)=2065250
		Physical memory (bytes) snapshot=25197305856
		Virtual memory (bytes) snapshot=192006750208
		Total committed heap usage (bytes)=18919981056
	Shuffle Errors
		BAD_ID=0
		CONNECTION=0
		IO_ERROR=0
		WRONG_LENGTH=0
		WRONG_MAP=0
		WRONG_REDUCE=0
	File Input Format Counters 
		Bytes Read=11024941267
	File Output Format Counters 
		Bytes Written=317400765
