20/06/09 14:03:12 INFO client.RMProxy: Connecting to ResourceManager at master/10.51.17.95:8032
20/06/09 14:03:13 INFO input.FileInputFormat: Total input paths to process : 10
20/06/09 14:03:13 INFO mapreduce.JobSubmitter: number of splits:90
20/06/09 14:03:13 INFO mapreduce.JobSubmitter: Submitting tokens for job: job_1591678186041_0008
20/06/09 14:03:13 INFO impl.YarnClientImpl: Submitted application application_1591678186041_0008
20/06/09 14:03:13 INFO mapreduce.Job: The url to track the job: http://master:8088/proxy/application_1591678186041_0008/
20/06/09 14:03:13 INFO mapreduce.Job: Running job: job_1591678186041_0008
20/06/09 14:03:20 INFO mapreduce.Job: Job job_1591678186041_0008 running in uber mode : false
20/06/09 14:03:20 INFO mapreduce.Job:  map 0% reduce 0%
20/06/09 14:03:34 INFO mapreduce.Job:  map 1% reduce 0%
20/06/09 14:03:36 INFO mapreduce.Job:  map 2% reduce 0%
20/06/09 14:03:40 INFO mapreduce.Job:  map 3% reduce 0%
20/06/09 14:03:48 INFO mapreduce.Job:  map 4% reduce 0%
20/06/09 14:03:52 INFO mapreduce.Job:  map 5% reduce 0%
20/06/09 14:03:58 INFO mapreduce.Job:  map 6% reduce 0%
20/06/09 14:04:01 INFO mapreduce.Job:  map 7% reduce 0%
20/06/09 14:04:08 INFO mapreduce.Job:  map 8% reduce 0%
20/06/09 14:04:13 INFO mapreduce.Job:  map 9% reduce 0%
20/06/09 14:04:16 INFO mapreduce.Job:  map 10% reduce 0%
20/06/09 14:04:17 INFO mapreduce.Job:  map 11% reduce 0%
20/06/09 14:04:19 INFO mapreduce.Job:  map 12% reduce 0%
20/06/09 14:04:28 INFO mapreduce.Job:  map 13% reduce 0%
20/06/09 14:04:31 INFO mapreduce.Job:  map 14% reduce 0%
20/06/09 14:04:33 INFO mapreduce.Job:  map 15% reduce 0%
20/06/09 14:04:37 INFO mapreduce.Job:  map 16% reduce 0%
20/06/09 14:04:39 INFO mapreduce.Job:  map 17% reduce 0%
20/06/09 14:04:40 INFO mapreduce.Job:  map 18% reduce 0%
20/06/09 14:04:48 INFO mapreduce.Job:  map 18% reduce 5%
20/06/09 14:04:49 INFO mapreduce.Job:  map 19% reduce 5%
20/06/09 14:04:54 INFO mapreduce.Job:  map 20% reduce 5%
20/06/09 14:04:58 INFO mapreduce.Job:  map 21% reduce 5%
20/06/09 14:05:04 INFO mapreduce.Job:  map 22% reduce 5%
20/06/09 14:05:07 INFO mapreduce.Job:  map 23% reduce 5%
20/06/09 14:05:09 INFO mapreduce.Job:  map 23% reduce 6%
20/06/09 14:05:10 INFO mapreduce.Job:  map 24% reduce 6%
20/06/09 14:05:14 INFO mapreduce.Job:  map 25% reduce 6%
20/06/09 14:05:15 INFO mapreduce.Job:  map 25% reduce 7%
20/06/09 14:05:18 INFO mapreduce.Job:  map 26% reduce 7%
20/06/09 14:05:23 INFO mapreduce.Job:  map 27% reduce 7%
20/06/09 14:05:28 INFO mapreduce.Job:  map 28% reduce 7%
20/06/09 14:05:34 INFO mapreduce.Job:  map 29% reduce 7%
20/06/09 14:05:39 INFO mapreduce.Job:  map 30% reduce 7%
20/06/09 14:05:40 INFO mapreduce.Job:  map 31% reduce 7%
20/06/09 14:05:43 INFO mapreduce.Job:  map 32% reduce 9%
20/06/09 14:05:46 INFO mapreduce.Job:  map 33% reduce 9%
20/06/09 14:05:49 INFO mapreduce.Job:  map 33% reduce 10%
20/06/09 14:05:51 INFO mapreduce.Job:  map 34% reduce 10%
20/06/09 14:05:55 INFO mapreduce.Job:  map 35% reduce 10%
20/06/09 14:06:00 INFO mapreduce.Job:  map 36% reduce 10%
20/06/09 14:06:04 INFO mapreduce.Job:  map 37% reduce 10%
20/06/09 14:06:05 INFO mapreduce.Job:  map 37% reduce 11%
20/06/09 14:06:08 INFO mapreduce.Job:  map 38% reduce 11%
20/06/09 14:06:12 INFO mapreduce.Job:  map 39% reduce 11%
20/06/09 14:06:14 INFO mapreduce.Job:  map 39% reduce 12%
20/06/09 14:06:15 INFO mapreduce.Job:  map 40% reduce 12%
20/06/09 14:06:21 INFO mapreduce.Job:  map 41% reduce 12%
20/06/09 14:06:25 INFO mapreduce.Job:  map 42% reduce 12%
20/06/09 14:06:30 INFO mapreduce.Job:  map 43% reduce 12%
20/06/09 14:06:36 INFO mapreduce.Job:  map 44% reduce 12%
20/06/09 14:06:41 INFO mapreduce.Job:  map 45% reduce 12%
20/06/09 14:06:42 INFO mapreduce.Job:  map 46% reduce 12%
20/06/09 14:06:44 INFO mapreduce.Job:  map 46% reduce 13%
20/06/09 14:06:49 INFO mapreduce.Job:  map 47% reduce 13%
20/06/09 14:06:51 INFO mapreduce.Job:  map 48% reduce 13%
20/06/09 14:06:53 INFO mapreduce.Job:  map 48% reduce 14%
20/06/09 14:06:54 INFO mapreduce.Job:  map 49% reduce 14%
20/06/09 14:06:56 INFO mapreduce.Job:  map 50% reduce 16%
20/06/09 14:07:01 INFO mapreduce.Job:  map 51% reduce 16%
20/06/09 14:07:05 INFO mapreduce.Job:  map 52% reduce 17%
20/06/09 14:07:07 INFO mapreduce.Job:  map 53% reduce 17%
20/06/09 14:07:13 INFO mapreduce.Job:  map 54% reduce 17%
20/06/09 14:07:17 INFO mapreduce.Job:  map 55% reduce 17%
20/06/09 14:07:23 INFO mapreduce.Job:  map 56% reduce 17%
20/06/09 14:07:28 INFO mapreduce.Job:  map 57% reduce 17%
20/06/09 14:07:34 INFO mapreduce.Job:  map 58% reduce 17%
20/06/09 14:07:38 INFO mapreduce.Job:  map 59% reduce 17%
20/06/09 14:07:42 INFO mapreduce.Job:  map 60% reduce 17%
20/06/09 14:07:46 INFO mapreduce.Job:  map 61% reduce 17%
20/06/09 14:07:47 INFO mapreduce.Job:  map 62% reduce 17%
20/06/09 14:07:48 INFO mapreduce.Job:  map 62% reduce 19%
20/06/09 14:07:53 INFO mapreduce.Job:  map 63% reduce 19%
20/06/09 14:07:56 INFO mapreduce.Job:  map 64% reduce 19%
20/06/09 14:07:57 INFO mapreduce.Job:  map 64% reduce 20%
20/06/09 14:07:59 INFO mapreduce.Job:  map 65% reduce 20%
20/06/09 14:08:01 INFO mapreduce.Job:  map 66% reduce 20%
20/06/09 14:08:03 INFO mapreduce.Job:  map 66% reduce 21%
20/06/09 14:08:05 INFO mapreduce.Job:  map 67% reduce 21%
20/06/09 14:08:06 INFO mapreduce.Job:  map 67% reduce 22%
20/06/09 14:08:11 INFO mapreduce.Job:  map 68% reduce 22%
20/06/09 14:08:16 INFO mapreduce.Job:  map 69% reduce 22%
20/06/09 14:08:21 INFO mapreduce.Job:  map 70% reduce 22%
20/06/09 14:08:25 INFO mapreduce.Job:  map 71% reduce 22%
20/06/09 14:08:31 INFO mapreduce.Job:  map 72% reduce 22%
20/06/09 14:08:34 INFO mapreduce.Job:  map 73% reduce 22%
20/06/09 14:08:40 INFO mapreduce.Job:  map 74% reduce 22%
20/06/09 14:08:44 INFO mapreduce.Job:  map 75% reduce 22%
20/06/09 14:08:46 INFO mapreduce.Job:  map 75% reduce 23%
20/06/09 14:08:47 INFO mapreduce.Job:  map 76% reduce 23%
20/06/09 14:08:48 INFO mapreduce.Job:  map 77% reduce 23%
20/06/09 14:08:49 INFO mapreduce.Job:  map 77% reduce 24%
20/06/09 14:08:55 INFO mapreduce.Job:  map 78% reduce 24%
20/06/09 14:08:59 INFO mapreduce.Job:  map 79% reduce 24%
20/06/09 14:09:02 INFO mapreduce.Job:  map 80% reduce 25%
20/06/09 14:09:05 INFO mapreduce.Job:  map 81% reduce 25%
20/06/09 14:09:07 INFO mapreduce.Job:  map 82% reduce 25%
20/06/09 14:09:08 INFO mapreduce.Job:  map 82% reduce 27%
20/06/09 14:09:09 INFO mapreduce.Job:  map 83% reduce 27%
20/06/09 14:09:11 INFO mapreduce.Job:  map 84% reduce 27%
20/06/09 14:09:16 INFO mapreduce.Job:  map 85% reduce 27%
20/06/09 14:09:18 INFO mapreduce.Job:  map 86% reduce 27%
20/06/09 14:09:19 INFO mapreduce.Job:  map 87% reduce 27%
20/06/09 14:09:20 INFO mapreduce.Job:  map 88% reduce 27%
20/06/09 14:09:26 INFO mapreduce.Job:  map 89% reduce 27%
20/06/09 14:09:27 INFO mapreduce.Job:  map 90% reduce 27%
20/06/09 14:09:30 INFO mapreduce.Job:  map 91% reduce 29%
20/06/09 14:09:31 INFO mapreduce.Job:  map 92% reduce 29%
20/06/09 14:09:34 INFO mapreduce.Job:  map 93% reduce 29%
20/06/09 14:09:36 INFO mapreduce.Job:  map 93% reduce 30%
20/06/09 14:09:37 INFO mapreduce.Job:  map 94% reduce 30%
20/06/09 14:09:39 INFO mapreduce.Job:  map 95% reduce 30%
20/06/09 14:09:40 INFO mapreduce.Job:  map 96% reduce 30%
20/06/09 14:09:41 INFO mapreduce.Job:  map 97% reduce 30%
20/06/09 14:09:42 INFO mapreduce.Job:  map 97% reduce 31%
20/06/09 14:09:49 INFO mapreduce.Job:  map 98% reduce 31%
20/06/09 14:09:51 INFO mapreduce.Job:  map 99% reduce 32%
20/06/09 14:09:54 INFO mapreduce.Job:  map 99% reduce 33%
20/06/09 14:09:55 INFO mapreduce.Job:  map 100% reduce 33%
20/06/09 14:09:57 INFO mapreduce.Job:  map 100% reduce 67%
20/06/09 14:10:00 INFO mapreduce.Job:  map 100% reduce 72%
20/06/09 14:10:03 INFO mapreduce.Job:  map 100% reduce 78%
20/06/09 14:10:06 INFO mapreduce.Job:  map 100% reduce 84%
20/06/09 14:10:09 INFO mapreduce.Job:  map 100% reduce 91%
20/06/09 14:10:12 INFO mapreduce.Job:  map 100% reduce 100%
20/06/09 14:10:12 INFO mapreduce.Job: Job job_1591678186041_0008 completed successfully
20/06/09 14:10:12 INFO mapreduce.Job: Counters: 50
	File System Counters
		FILE: Number of bytes read=1627002155
		FILE: Number of bytes written=2408251775
		FILE: Number of read operations=0
		FILE: Number of large read operations=0
		FILE: Number of write operations=0
		HDFS: Number of bytes read=11025770133
		HDFS: Number of bytes written=450659646
		HDFS: Number of read operations=273
		HDFS: Number of large read operations=0
		HDFS: Number of write operations=2
	Job Counters 
		Killed map tasks=1
		Launched map tasks=91
		Launched reduce tasks=1
		Data-local map tasks=91
		Total time spent by all maps in occupied slots (ms)=4984947
		Total time spent by all reduces in occupied slots (ms)=336525
		Total time spent by all map tasks (ms)=4984947
		Total time spent by all reduce tasks (ms)=336525
		Total vcore-milliseconds taken by all map tasks=4984947
		Total vcore-milliseconds taken by all reduce tasks=673050
		Total megabyte-milliseconds taken by all map tasks=5104585728
		Total megabyte-milliseconds taken by all reduce tasks=344601600
	Map-Reduce Framework
		Map input records=723147
		Map output records=1010806840
		Map output bytes=19265569085
		Map output materialized bytes=770039123
		Input split bytes=10530
		Combine input records=1035788267
		Combine output records=47536197
		Reduce input groups=9656286
		Reduce shuffle bytes=770039123
		Reduce input records=22554770
		Reduce output records=9656286
		Spilled Records=70769271
		Shuffled Maps =90
		Failed Shuffles=0
		Merged Map outputs=90
		GC time elapsed (ms)=107596
		CPU time spent (ms)=2013080
		Physical memory (bytes) snapshot=25100107776
		Virtual memory (bytes) snapshot=191920914432
		Total committed heap usage (bytes)=18933612544
	Shuffle Errors
		BAD_ID=0
		CONNECTION=0
		IO_ERROR=0
		WRONG_LENGTH=0
		WRONG_MAP=0
		WRONG_REDUCE=0
	File Input Format Counters 
		Bytes Read=11025759603
	File Output Format Counters 
		Bytes Written=450659646
20/06/09 14:10:12 INFO client.RMProxy: Connecting to ResourceManager at master/10.51.17.95:8032
20/06/09 14:10:12 INFO input.FileInputFormat: Total input paths to process : 1
20/06/09 14:10:12 INFO mapreduce.JobSubmitter: number of splits:4
20/06/09 14:10:13 INFO mapreduce.JobSubmitter: Submitting tokens for job: job_1591678186041_0009
20/06/09 14:10:13 INFO impl.YarnClientImpl: Submitted application application_1591678186041_0009
20/06/09 14:10:13 INFO mapreduce.Job: The url to track the job: http://master:8088/proxy/application_1591678186041_0009/
20/06/09 14:10:13 INFO mapreduce.Job: Running job: job_1591678186041_0009
20/06/09 14:10:22 INFO mapreduce.Job: Job job_1591678186041_0009 running in uber mode : false
20/06/09 14:10:22 INFO mapreduce.Job:  map 0% reduce 0%
20/06/09 14:10:31 INFO mapreduce.Job:  map 25% reduce 0%
20/06/09 14:10:33 INFO mapreduce.Job:  map 38% reduce 0%
20/06/09 14:10:34 INFO mapreduce.Job:  map 62% reduce 0%
20/06/09 14:10:36 INFO mapreduce.Job:  map 75% reduce 0%
20/06/09 14:10:37 INFO mapreduce.Job:  map 87% reduce 0%
20/06/09 14:10:38 INFO mapreduce.Job:  map 93% reduce 0%
20/06/09 14:10:39 INFO mapreduce.Job:  map 100% reduce 0%
20/06/09 14:10:44 INFO mapreduce.Job:  map 100% reduce 85%
20/06/09 14:10:47 INFO mapreduce.Job:  map 100% reduce 100%
20/06/09 14:10:47 INFO mapreduce.Job: Job job_1591678186041_0009 completed successfully
20/06/09 14:10:47 INFO mapreduce.Job: Counters: 50
	File System Counters
		FILE: Number of bytes read=732795827
		FILE: Number of bytes written=1121725235
		FILE: Number of read operations=0
		FILE: Number of large read operations=0
		FILE: Number of write operations=0
		HDFS: Number of bytes read=450665005
		HDFS: Number of bytes written=311724984
		HDFS: Number of read operations=19
		HDFS: Number of large read operations=0
		HDFS: Number of write operations=2
	Job Counters 
		Killed map tasks=1
		Launched map tasks=5
		Launched reduce tasks=1
		Data-local map tasks=5
		Total time spent by all maps in occupied slots (ms)=51528
		Total time spent by all reduces in occupied slots (ms)=12805
		Total time spent by all map tasks (ms)=51528
		Total time spent by all reduce tasks (ms)=12805
		Total vcore-milliseconds taken by all map tasks=51528
		Total vcore-milliseconds taken by all reduce tasks=25610
		Total megabyte-milliseconds taken by all map tasks=52764672
		Total megabyte-milliseconds taken by all reduce tasks=13112320
	Map-Reduce Framework
		Map input records=9656286
		Map output records=9656286
		Map output bytes=369003472
		Map output materialized bytes=388316068
		Input split bytes=508
		Combine input records=0
		Combine output records=0
		Reduce input groups=1238
		Reduce shuffle bytes=388316068
		Reduce input records=9656286
		Reduce output records=9656286
		Spilled Records=28351655
		Shuffled Maps =4
		Failed Shuffles=0
		Merged Map outputs=4
		GC time elapsed (ms)=1823
		CPU time spent (ms)=38720
		Physical memory (bytes) snapshot=1267277824
		Virtual memory (bytes) snapshot=10544582656
		Total committed heap usage (bytes)=937426944
	Shuffle Errors
		BAD_ID=0
		CONNECTION=0
		IO_ERROR=0
		WRONG_LENGTH=0
		WRONG_MAP=0
		WRONG_REDUCE=0
	File Input Format Counters 
		Bytes Read=450664497
	File Output Format Counters 
		Bytes Written=311724984
