20/06/09 13:53:20 INFO client.RMProxy: Connecting to ResourceManager at master/10.51.17.95:8032
20/06/09 13:53:20 INFO input.FileInputFormat: Total input paths to process : 10
20/06/09 13:53:21 INFO mapreduce.JobSubmitter: number of splits:90
20/06/09 13:53:21 INFO mapreduce.JobSubmitter: Submitting tokens for job: job_1591678186041_0005
20/06/09 13:53:21 INFO impl.YarnClientImpl: Submitted application application_1591678186041_0005
20/06/09 13:53:21 INFO mapreduce.Job: The url to track the job: http://master:8088/proxy/application_1591678186041_0005/
20/06/09 13:53:21 INFO mapreduce.Job: Running job: job_1591678186041_0005
20/06/09 13:53:29 INFO mapreduce.Job: Job job_1591678186041_0005 running in uber mode : false
20/06/09 13:53:29 INFO mapreduce.Job:  map 0% reduce 0%
20/06/09 13:53:44 INFO mapreduce.Job:  map 1% reduce 0%
20/06/09 13:54:00 INFO mapreduce.Job:  map 2% reduce 0%
20/06/09 13:54:06 INFO mapreduce.Job:  map 3% reduce 0%
20/06/09 13:54:12 INFO mapreduce.Job:  map 4% reduce 0%
20/06/09 13:54:18 INFO mapreduce.Job:  map 5% reduce 0%
20/06/09 13:54:22 INFO mapreduce.Job:  map 6% reduce 0%
20/06/09 13:54:30 INFO mapreduce.Job:  map 7% reduce 0%
20/06/09 13:54:33 INFO mapreduce.Job:  map 8% reduce 0%
20/06/09 13:54:41 INFO mapreduce.Job:  map 9% reduce 0%
20/06/09 13:54:44 INFO mapreduce.Job:  map 10% reduce 0%
20/06/09 13:54:45 INFO mapreduce.Job:  map 11% reduce 0%
20/06/09 13:54:49 INFO mapreduce.Job:  map 12% reduce 0%
20/06/09 13:54:54 INFO mapreduce.Job:  map 13% reduce 0%
20/06/09 13:55:00 INFO mapreduce.Job:  map 14% reduce 0%
20/06/09 13:55:04 INFO mapreduce.Job:  map 14% reduce 3%
20/06/09 13:55:05 INFO mapreduce.Job:  map 15% reduce 3%
20/06/09 13:55:07 INFO mapreduce.Job:  map 16% reduce 4%
20/06/09 13:55:11 INFO mapreduce.Job:  map 17% reduce 4%
20/06/09 13:55:14 INFO mapreduce.Job:  map 17% reduce 5%
20/06/09 13:55:15 INFO mapreduce.Job:  map 18% reduce 5%
20/06/09 13:55:22 INFO mapreduce.Job:  map 19% reduce 5%
20/06/09 13:55:28 INFO mapreduce.Job:  map 20% reduce 5%
20/06/09 13:55:34 INFO mapreduce.Job:  map 21% reduce 5%
20/06/09 13:55:40 INFO mapreduce.Job:  map 22% reduce 5%
20/06/09 13:55:44 INFO mapreduce.Job:  map 23% reduce 5%
20/06/09 13:55:46 INFO mapreduce.Job:  map 23% reduce 6%
20/06/09 13:55:51 INFO mapreduce.Job:  map 24% reduce 6%
20/06/09 13:55:57 INFO mapreduce.Job:  map 25% reduce 6%
20/06/09 13:55:59 INFO mapreduce.Job:  map 26% reduce 6%
20/06/09 13:56:02 INFO mapreduce.Job:  map 27% reduce 6%
20/06/09 13:56:05 INFO mapreduce.Job:  map 27% reduce 7%
20/06/09 13:56:06 INFO mapreduce.Job:  map 28% reduce 7%
20/06/09 13:56:08 INFO mapreduce.Job:  map 28% reduce 8%
20/06/09 13:56:10 INFO mapreduce.Job:  map 29% reduce 8%
20/06/09 13:56:11 INFO mapreduce.Job:  map 29% reduce 9%
20/06/09 13:56:12 INFO mapreduce.Job:  map 30% reduce 9%
20/06/09 13:56:14 INFO mapreduce.Job:  map 31% reduce 9%
20/06/09 13:56:17 INFO mapreduce.Job:  map 31% reduce 10%
20/06/09 13:56:20 INFO mapreduce.Job:  map 32% reduce 10%
20/06/09 13:56:26 INFO mapreduce.Job:  map 33% reduce 10%
20/06/09 13:56:33 INFO mapreduce.Job:  map 34% reduce 10%
20/06/09 13:56:39 INFO mapreduce.Job:  map 35% reduce 10%
20/06/09 13:56:46 INFO mapreduce.Job:  map 36% reduce 10%
20/06/09 13:56:50 INFO mapreduce.Job:  map 37% reduce 10%
20/06/09 13:56:57 INFO mapreduce.Job:  map 38% reduce 10%
20/06/09 13:57:01 INFO mapreduce.Job:  map 39% reduce 10%
20/06/09 13:57:05 INFO mapreduce.Job:  map 40% reduce 11%
20/06/09 13:57:10 INFO mapreduce.Job:  map 41% reduce 11%
20/06/09 13:57:14 INFO mapreduce.Job:  map 42% reduce 11%
20/06/09 13:57:15 INFO mapreduce.Job:  map 43% reduce 12%
20/06/09 13:57:18 INFO mapreduce.Job:  map 43% reduce 13%
20/06/09 13:57:19 INFO mapreduce.Job:  map 44% reduce 13%
20/06/09 13:57:21 INFO mapreduce.Job:  map 45% reduce 14%
20/06/09 13:57:24 INFO mapreduce.Job:  map 45% reduce 15%
20/06/09 13:57:26 INFO mapreduce.Job:  map 46% reduce 15%
20/06/09 13:57:33 INFO mapreduce.Job:  map 47% reduce 15%
20/06/09 13:57:38 INFO mapreduce.Job:  map 48% reduce 15%
20/06/09 13:57:44 INFO mapreduce.Job:  map 49% reduce 15%
20/06/09 13:57:50 INFO mapreduce.Job:  map 50% reduce 15%
20/06/09 13:57:56 INFO mapreduce.Job:  map 51% reduce 15%
20/06/09 13:58:02 INFO mapreduce.Job:  map 52% reduce 15%
20/06/09 13:58:05 INFO mapreduce.Job:  map 53% reduce 15%
20/06/09 13:58:10 INFO mapreduce.Job:  map 54% reduce 16%
20/06/09 13:58:13 INFO mapreduce.Job:  map 55% reduce 16%
20/06/09 13:58:18 INFO mapreduce.Job:  map 56% reduce 16%
20/06/09 13:58:19 INFO mapreduce.Job:  map 56% reduce 17%
20/06/09 13:58:23 INFO mapreduce.Job:  map 57% reduce 17%
20/06/09 13:58:25 INFO mapreduce.Job:  map 58% reduce 17%
20/06/09 13:58:27 INFO mapreduce.Job:  map 59% reduce 17%
20/06/09 13:58:28 INFO mapreduce.Job:  map 59% reduce 18%
20/06/09 13:58:32 INFO mapreduce.Job:  map 60% reduce 19%
20/06/09 13:58:39 INFO mapreduce.Job:  map 61% reduce 19%
20/06/09 13:58:44 INFO mapreduce.Job:  map 62% reduce 19%
20/06/09 13:58:46 INFO mapreduce.Job:  map 62% reduce 20%
20/06/09 13:58:48 INFO mapreduce.Job:  map 63% reduce 20%
20/06/09 13:58:54 INFO mapreduce.Job:  map 64% reduce 20%
20/06/09 13:58:59 INFO mapreduce.Job:  map 65% reduce 20%
20/06/09 13:59:06 INFO mapreduce.Job:  map 66% reduce 20%
20/06/09 13:59:11 INFO mapreduce.Job:  map 67% reduce 20%
20/06/09 13:59:14 INFO mapreduce.Job:  map 68% reduce 20%
20/06/09 13:59:18 INFO mapreduce.Job:  map 69% reduce 20%
20/06/09 13:59:20 INFO mapreduce.Job:  map 70% reduce 21%
20/06/09 13:59:23 INFO mapreduce.Job:  map 70% reduce 22%
20/06/09 13:59:27 INFO mapreduce.Job:  map 71% reduce 22%
20/06/09 13:59:30 INFO mapreduce.Job:  map 72% reduce 22%
20/06/09 13:59:32 INFO mapreduce.Job:  map 73% reduce 23%
20/06/09 13:59:40 INFO mapreduce.Job:  map 74% reduce 23%
20/06/09 13:59:43 INFO mapreduce.Job:  map 75% reduce 23%
20/06/09 13:59:44 INFO mapreduce.Job:  map 75% reduce 24%
20/06/09 13:59:47 INFO mapreduce.Job:  map 76% reduce 24%
20/06/09 13:59:55 INFO mapreduce.Job:  map 77% reduce 24%
20/06/09 13:59:59 INFO mapreduce.Job:  map 78% reduce 24%
20/06/09 14:00:04 INFO mapreduce.Job:  map 79% reduce 24%
20/06/09 14:00:10 INFO mapreduce.Job:  map 80% reduce 24%
20/06/09 14:00:15 INFO mapreduce.Job:  map 81% reduce 24%
20/06/09 14:00:18 INFO mapreduce.Job:  map 82% reduce 25%
20/06/09 14:00:20 INFO mapreduce.Job:  map 83% reduce 25%
20/06/09 14:00:21 INFO mapreduce.Job:  map 83% reduce 26%
20/06/09 14:00:26 INFO mapreduce.Job:  map 84% reduce 26%
20/06/09 14:00:29 INFO mapreduce.Job:  map 85% reduce 26%
20/06/09 14:00:30 INFO mapreduce.Job:  map 85% reduce 27%
20/06/09 14:00:32 INFO mapreduce.Job:  map 86% reduce 27%
20/06/09 14:00:34 INFO mapreduce.Job:  map 87% reduce 27%
20/06/09 14:00:36 INFO mapreduce.Job:  map 88% reduce 27%
20/06/09 14:00:37 INFO mapreduce.Job:  map 88% reduce 28%
20/06/09 14:00:38 INFO mapreduce.Job:  map 89% reduce 28%
20/06/09 14:00:40 INFO mapreduce.Job:  map 90% reduce 28%
20/06/09 14:00:43 INFO mapreduce.Job:  map 91% reduce 29%
20/06/09 14:00:45 INFO mapreduce.Job:  map 92% reduce 29%
20/06/09 14:00:46 INFO mapreduce.Job:  map 93% reduce 29%
20/06/09 14:00:48 INFO mapreduce.Job:  map 94% reduce 29%
20/06/09 14:00:49 INFO mapreduce.Job:  map 94% reduce 30%
20/06/09 14:00:50 INFO mapreduce.Job:  map 95% reduce 30%
20/06/09 14:00:52 INFO mapreduce.Job:  map 96% reduce 30%
20/06/09 14:00:53 INFO mapreduce.Job:  map 97% reduce 30%
20/06/09 14:00:54 INFO mapreduce.Job:  map 98% reduce 30%
20/06/09 14:00:55 INFO mapreduce.Job:  map 98% reduce 31%
20/06/09 14:00:56 INFO mapreduce.Job:  map 99% reduce 31%
20/06/09 14:00:58 INFO mapreduce.Job:  map 99% reduce 33%
20/06/09 14:01:00 INFO mapreduce.Job:  map 100% reduce 33%
20/06/09 14:01:07 INFO mapreduce.Job:  map 100% reduce 67%
20/06/09 14:01:10 INFO mapreduce.Job:  map 100% reduce 72%
20/06/09 14:01:13 INFO mapreduce.Job:  map 100% reduce 77%
20/06/09 14:01:16 INFO mapreduce.Job:  map 100% reduce 83%
20/06/09 14:01:19 INFO mapreduce.Job:  map 100% reduce 89%
20/06/09 14:01:22 INFO mapreduce.Job:  map 100% reduce 100%
20/06/09 14:01:23 INFO mapreduce.Job: Job job_1591678186041_0005 completed successfully
20/06/09 14:01:23 INFO mapreduce.Job: Counters: 51
	File System Counters
		FILE: Number of bytes read=1714878890
		FILE: Number of bytes written=2540288195
		FILE: Number of read operations=0
		FILE: Number of large read operations=0
		FILE: Number of write operations=0
		HDFS: Number of bytes read=11025047831
		HDFS: Number of bytes written=494315833
		HDFS: Number of read operations=273
		HDFS: Number of large read operations=0
		HDFS: Number of write operations=2
	Job Counters 
		Killed map tasks=1
		Launched map tasks=91
		Launched reduce tasks=1
		Data-local map tasks=38
		Rack-local map tasks=53
		Total time spent by all maps in occupied slots (ms)=5425161
		Total time spent by all reduces in occupied slots (ms)=390865
		Total time spent by all map tasks (ms)=5425161
		Total time spent by all reduce tasks (ms)=390865
		Total vcore-milliseconds taken by all map tasks=5425161
		Total vcore-milliseconds taken by all reduce tasks=781730
		Total megabyte-milliseconds taken by all map tasks=5555364864
		Total megabyte-milliseconds taken by all reduce tasks=400245760
	Map-Reduce Framework
		Map input records=1180173
		Map output records=1009452729
		Map output bytes=19266158166
		Map output materialized bytes=814198808
		Input split bytes=10530
		Combine input records=1034443577
		Combine output records=47599025
		Reduce input groups=9845267
		Reduce shuffle bytes=814198808
		Reduce input records=22608177
		Reduce output records=9845267
		Spilled Records=70885602
		Shuffled Maps =90
		Failed Shuffles=0
		Merged Map outputs=90
		GC time elapsed (ms)=115339
		CPU time spent (ms)=2286260
		Physical memory (bytes) snapshot=25097367552
		Virtual memory (bytes) snapshot=191920128000
		Total committed heap usage (bytes)=18940428288
	Shuffle Errors
		BAD_ID=0
		CONNECTION=0
		IO_ERROR=0
		WRONG_LENGTH=0
		WRONG_MAP=0
		WRONG_REDUCE=0
	File Input Format Counters 
		Bytes Read=11025037301
	File Output Format Counters 
		Bytes Written=494315833
20/06/09 14:01:23 INFO client.RMProxy: Connecting to ResourceManager at master/10.51.17.95:8032
20/06/09 14:01:24 INFO input.FileInputFormat: Total input paths to process : 1
20/06/09 14:01:24 INFO mapreduce.JobSubmitter: number of splits:4
20/06/09 14:01:25 INFO mapreduce.JobSubmitter: Submitting tokens for job: job_1591678186041_0006
20/06/09 14:01:25 INFO impl.YarnClientImpl: Submitted application application_1591678186041_0006
20/06/09 14:01:25 INFO mapreduce.Job: The url to track the job: http://master:8088/proxy/application_1591678186041_0006/
20/06/09 14:01:25 INFO mapreduce.Job: Running job: job_1591678186041_0006
20/06/09 14:01:33 INFO mapreduce.Job: Job job_1591678186041_0006 running in uber mode : false
20/06/09 14:01:33 INFO mapreduce.Job:  map 0% reduce 0%
20/06/09 14:01:45 INFO mapreduce.Job:  map 47% reduce 0%
20/06/09 14:01:47 INFO mapreduce.Job:  map 55% reduce 0%
20/06/09 14:01:48 INFO mapreduce.Job:  map 76% reduce 0%
20/06/09 14:01:51 INFO mapreduce.Job:  map 86% reduce 0%
20/06/09 14:01:53 INFO mapreduce.Job:  map 92% reduce 0%
20/06/09 14:01:54 INFO mapreduce.Job:  map 100% reduce 0%
20/06/09 14:01:58 INFO mapreduce.Job:  map 100% reduce 82%
20/06/09 14:02:01 INFO mapreduce.Job:  map 100% reduce 91%
20/06/09 14:02:03 INFO mapreduce.Job:  map 100% reduce 100%
20/06/09 14:02:04 INFO mapreduce.Job: Job job_1591678186041_0006 completed successfully
20/06/09 14:02:04 INFO mapreduce.Job: Counters: 50
	File System Counters
		FILE: Number of bytes read=860836322
		FILE: Number of bytes written=1291867811
		FILE: Number of read operations=0
		FILE: Number of large read operations=0
		FILE: Number of write operations=0
		HDFS: Number of bytes read=494318697
		HDFS: Number of bytes written=352313052
		HDFS: Number of read operations=19
		HDFS: Number of large read operations=0
		HDFS: Number of write operations=2
	Job Counters 
		Killed map tasks=1
		Launched map tasks=5
		Launched reduce tasks=1
		Data-local map tasks=5
		Total time spent by all maps in occupied slots (ms)=67570
		Total time spent by all reduces in occupied slots (ms)=13800
		Total time spent by all map tasks (ms)=67570
		Total time spent by all reduce tasks (ms)=13800
		Total vcore-milliseconds taken by all map tasks=67570
		Total vcore-milliseconds taken by all reduce tasks=27600
		Total megabyte-milliseconds taken by all map tasks=69191680
		Total megabyte-milliseconds taken by all reduce tasks=14131200
	Map-Reduce Framework
		Map input records=9845267
		Map output records=9845267
		Map output bytes=410727591
		Map output materialized bytes=430418149
		Input split bytes=508
		Combine input records=0
		Combine output records=0
		Reduce input groups=1238
		Reduce shuffle bytes=430418149
		Reduce input records=9845267
		Reduce output records=9845267
		Spilled Records=29535801
		Shuffled Maps =4
		Failed Shuffles=0
		Merged Map outputs=4
		GC time elapsed (ms)=1916
		CPU time spent (ms)=47130
		Physical memory (bytes) snapshot=1262030848
		Virtual memory (bytes) snapshot=10564763648
		Total committed heap usage (bytes)=937951232
	Shuffle Errors
		BAD_ID=0
		CONNECTION=0
		IO_ERROR=0
		WRONG_LENGTH=0
		WRONG_MAP=0
		WRONG_REDUCE=0
	File Input Format Counters 
		Bytes Read=494318189
	File Output Format Counters 
		Bytes Written=352313052
