20/06/16 17:58:09 INFO client.RMProxy: Connecting to ResourceManager at master/10.51.17.95:8032
20/06/16 17:58:10 INFO client.RMProxy: Connecting to ResourceManager at master/10.51.17.95:8032
20/06/16 17:58:10 INFO input.FileInputFormat: Total input paths to process : 10
20/06/16 17:58:10 INFO mapreduce.JobSubmitter: number of splits:80
20/06/16 17:58:11 INFO mapreduce.JobSubmitter: Submitting tokens for job: job_1592297456701_0002
20/06/16 17:58:11 INFO impl.YarnClientImpl: Submitted application application_1592297456701_0002
20/06/16 17:58:11 INFO mapreduce.Job: The url to track the job: http://master:8088/proxy/application_1592297456701_0002/
20/06/16 17:58:11 INFO mapreduce.Job: Running job: job_1592297456701_0002
20/06/16 17:58:22 INFO mapreduce.Job: Job job_1592297456701_0002 running in uber mode : false
20/06/16 17:58:22 INFO mapreduce.Job:  map 0% reduce 0%
20/06/16 17:58:30 INFO mapreduce.Job:  map 5% reduce 0%
20/06/16 17:58:34 INFO mapreduce.Job:  map 6% reduce 0%
20/06/16 17:58:35 INFO mapreduce.Job:  map 9% reduce 0%
20/06/16 17:58:36 INFO mapreduce.Job:  map 10% reduce 0%
20/06/16 17:58:37 INFO mapreduce.Job:  map 13% reduce 0%
20/06/16 17:58:41 INFO mapreduce.Job:  map 14% reduce 0%
20/06/16 17:58:42 INFO mapreduce.Job:  map 17% reduce 0%
20/06/16 17:58:45 INFO mapreduce.Job:  map 19% reduce 0%
20/06/16 17:58:46 INFO mapreduce.Job:  map 20% reduce 0%
20/06/16 17:58:47 INFO mapreduce.Job:  map 22% reduce 0%
20/06/16 17:58:48 INFO mapreduce.Job:  map 24% reduce 0%
20/06/16 17:58:49 INFO mapreduce.Job:  map 25% reduce 0%
20/06/16 17:58:51 INFO mapreduce.Job:  map 25% reduce 1%
20/06/16 17:58:52 INFO mapreduce.Job:  map 26% reduce 1%
20/06/16 17:58:53 INFO mapreduce.Job:  map 28% reduce 1%
20/06/16 17:58:54 INFO mapreduce.Job:  map 29% reduce 3%
20/06/16 17:58:57 INFO mapreduce.Job:  map 30% reduce 3%
20/06/16 17:58:58 INFO mapreduce.Job:  map 31% reduce 3%
20/06/16 17:59:00 INFO mapreduce.Job:  map 34% reduce 4%
20/06/16 17:59:03 INFO mapreduce.Job:  map 36% reduce 5%
20/06/16 17:59:06 INFO mapreduce.Job:  map 37% reduce 5%
20/06/16 17:59:08 INFO mapreduce.Job:  map 38% reduce 5%
20/06/16 17:59:09 INFO mapreduce.Job:  map 40% reduce 5%
20/06/16 17:59:11 INFO mapreduce.Job:  map 40% reduce 7%
20/06/16 17:59:12 INFO mapreduce.Job:  map 40% reduce 8%
20/06/16 17:59:15 INFO mapreduce.Job:  map 41% reduce 8%
20/06/16 17:59:18 INFO mapreduce.Job:  map 42% reduce 9%
20/06/16 17:59:22 INFO mapreduce.Job:  map 44% reduce 9%
20/06/16 17:59:23 INFO mapreduce.Job:  map 45% reduce 10%
20/06/16 17:59:24 INFO mapreduce.Job:  map 46% reduce 11%
20/06/16 17:59:25 INFO mapreduce.Job:  map 47% reduce 11%
20/06/16 17:59:27 INFO mapreduce.Job:  map 47% reduce 12%
20/06/16 17:59:28 INFO mapreduce.Job:  map 48% reduce 12%
20/06/16 17:59:31 INFO mapreduce.Job:  map 49% reduce 12%
20/06/16 17:59:34 INFO mapreduce.Job:  map 51% reduce 12%
20/06/16 17:59:35 INFO mapreduce.Job:  map 54% reduce 12%
20/06/16 17:59:36 INFO mapreduce.Job:  map 54% reduce 13%
20/06/16 17:59:40 INFO mapreduce.Job:  map 56% reduce 13%
20/06/16 17:59:42 INFO mapreduce.Job:  map 58% reduce 14%
20/06/16 17:59:45 INFO mapreduce.Job:  map 59% reduce 14%
20/06/16 17:59:48 INFO mapreduce.Job:  map 60% reduce 14%
20/06/16 17:59:51 INFO mapreduce.Job:  map 63% reduce 14%
20/06/16 17:59:54 INFO mapreduce.Job:  map 63% reduce 15%
20/06/16 17:59:56 INFO mapreduce.Job:  map 64% reduce 15%
20/06/16 17:59:57 INFO mapreduce.Job:  map 67% reduce 15%
20/06/16 17:59:58 INFO mapreduce.Job:  map 67% reduce 16%
20/06/16 18:00:00 INFO mapreduce.Job:  map 69% reduce 16%
20/06/16 18:00:01 INFO mapreduce.Job:  map 70% reduce 16%
20/06/16 18:00:03 INFO mapreduce.Job:  map 71% reduce 16%
20/06/16 18:00:04 INFO mapreduce.Job:  map 71% reduce 17%
20/06/16 18:00:05 INFO mapreduce.Job:  map 73% reduce 17%
20/06/16 18:00:07 INFO mapreduce.Job:  map 74% reduce 18%
20/06/16 18:00:15 INFO mapreduce.Job:  map 75% reduce 18%
20/06/16 18:00:18 INFO mapreduce.Job:  map 77% reduce 18%
20/06/16 18:00:19 INFO mapreduce.Job:  map 78% reduce 19%
20/06/16 18:00:20 INFO mapreduce.Job:  map 79% reduce 19%
20/06/16 18:00:22 INFO mapreduce.Job:  map 80% reduce 20%
20/06/16 18:00:23 INFO mapreduce.Job:  map 81% reduce 20%
20/06/16 18:00:25 INFO mapreduce.Job:  map 84% reduce 21%
20/06/16 18:00:29 INFO mapreduce.Job:  map 87% reduce 21%
20/06/16 18:00:30 INFO mapreduce.Job:  map 87% reduce 22%
20/06/16 18:00:31 INFO mapreduce.Job:  map 88% reduce 22%
20/06/16 18:00:34 INFO mapreduce.Job:  map 88% reduce 23%
20/06/16 18:00:35 INFO mapreduce.Job:  map 89% reduce 23%
20/06/16 18:00:40 INFO mapreduce.Job:  map 90% reduce 24%
20/06/16 18:00:42 INFO mapreduce.Job:  map 91% reduce 24%
20/06/16 18:00:43 INFO mapreduce.Job:  map 91% reduce 25%
20/06/16 18:00:46 INFO mapreduce.Job:  map 92% reduce 25%
20/06/16 18:00:47 INFO mapreduce.Job:  map 93% reduce 25%
20/06/16 18:00:49 INFO mapreduce.Job:  map 93% reduce 26%
20/06/16 18:00:50 INFO mapreduce.Job:  map 94% reduce 26%
20/06/16 18:00:52 INFO mapreduce.Job:  map 95% reduce 27%
20/06/16 18:00:55 INFO mapreduce.Job:  map 98% reduce 28%
20/06/16 18:00:57 INFO mapreduce.Job:  map 99% reduce 28%
20/06/16 18:00:58 INFO mapreduce.Job:  map 100% reduce 28%
20/06/16 18:01:01 INFO mapreduce.Job:  map 100% reduce 29%
20/06/16 18:01:04 INFO mapreduce.Job:  map 100% reduce 37%
20/06/16 18:01:07 INFO mapreduce.Job:  map 100% reduce 41%
20/06/16 18:01:09 INFO mapreduce.Job:  map 100% reduce 42%
20/06/16 18:01:10 INFO mapreduce.Job:  map 100% reduce 47%
20/06/16 18:01:12 INFO mapreduce.Job:  map 100% reduce 48%
20/06/16 18:01:13 INFO mapreduce.Job:  map 100% reduce 54%
20/06/16 18:01:15 INFO mapreduce.Job:  map 100% reduce 55%
20/06/16 18:01:16 INFO mapreduce.Job:  map 100% reduce 56%
20/06/16 18:01:19 INFO mapreduce.Job:  map 100% reduce 57%
20/06/16 18:01:22 INFO mapreduce.Job:  map 100% reduce 59%
20/06/16 18:01:25 INFO mapreduce.Job:  map 100% reduce 60%
20/06/16 18:01:28 INFO mapreduce.Job:  map 100% reduce 61%
20/06/16 18:01:31 INFO mapreduce.Job:  map 100% reduce 63%
20/06/16 18:01:34 INFO mapreduce.Job:  map 100% reduce 65%
20/06/16 18:01:37 INFO mapreduce.Job:  map 100% reduce 66%
20/06/16 18:01:40 INFO mapreduce.Job:  map 100% reduce 68%
20/06/16 18:01:42 INFO mapreduce.Job:  map 100% reduce 79%
20/06/16 18:01:45 INFO mapreduce.Job:  map 100% reduce 80%
20/06/16 18:01:48 INFO mapreduce.Job:  map 100% reduce 82%
20/06/16 18:01:49 INFO mapreduce.Job:  map 100% reduce 83%
20/06/16 18:01:51 INFO mapreduce.Job:  map 100% reduce 84%
20/06/16 18:01:52 INFO mapreduce.Job:  map 100% reduce 85%
20/06/16 18:01:54 INFO mapreduce.Job:  map 100% reduce 86%
20/06/16 18:01:57 INFO mapreduce.Job:  map 100% reduce 87%
20/06/16 18:01:58 INFO mapreduce.Job:  map 100% reduce 89%
20/06/16 18:02:01 INFO mapreduce.Job:  map 100% reduce 90%
20/06/16 18:02:04 INFO mapreduce.Job:  map 100% reduce 91%
20/06/16 18:02:06 INFO mapreduce.Job:  map 100% reduce 93%
20/06/16 18:02:07 INFO mapreduce.Job:  map 100% reduce 94%
20/06/16 18:02:10 INFO mapreduce.Job:  map 100% reduce 95%
20/06/16 18:02:13 INFO mapreduce.Job:  map 100% reduce 96%
20/06/16 18:02:15 INFO mapreduce.Job:  map 100% reduce 98%
20/06/16 18:02:18 INFO mapreduce.Job:  map 100% reduce 99%
20/06/16 18:02:21 INFO mapreduce.Job:  map 100% reduce 100%
20/06/16 18:02:25 INFO mapreduce.Job: Job job_1592297456701_0002 completed successfully
20/06/16 18:02:25 INFO mapreduce.Job: Counters: 51
	File System Counters
		FILE: Number of bytes read=31974520677
		FILE: Number of bytes written=42735048567
		FILE: Number of read operations=0
		FILE: Number of large read operations=0
		FILE: Number of write operations=0
		HDFS: Number of bytes read=10774009875
		HDFS: Number of bytes written=10772846837
		HDFS: Number of read operations=329
		HDFS: Number of large read operations=0
		HDFS: Number of write operations=6
	Job Counters 
		Killed map tasks=1
		Launched map tasks=81
		Launched reduce tasks=3
		Data-local map tasks=75
		Rack-local map tasks=6
		Total time spent by all maps in occupied slots (ms)=1045513
		Total time spent by all reduces in occupied slots (ms)=617279
		Total time spent by all map tasks (ms)=1045513
		Total time spent by all reduce tasks (ms)=617279
		Total vcore-milliseconds taken by all map tasks=1045513
		Total vcore-milliseconds taken by all reduce tasks=1234558
		Total megabyte-milliseconds taken by all map tasks=1070605312
		Total megabyte-milliseconds taken by all reduce tasks=632093696
	Map-Reduce Framework
		Map input records=1022600
		Map output records=1022600
		Map output bytes=10745642829
		Map output materialized bytes=10751392560
		Input split bytes=8240
		Combine input records=0
		Combine output records=0
		Reduce input groups=1022600
		Reduce shuffle bytes=10751392560
		Reduce input records=1022600
		Reduce output records=1022600
		Spilled Records=4063920
		Shuffled Maps =240
		Failed Shuffles=0
		Merged Map outputs=240
		GC time elapsed (ms)=11987
		CPU time spent (ms)=229830
		Physical memory (bytes) snapshot=21973618688
		Virtual memory (bytes) snapshot=175126552576
		Total committed heap usage (bytes)=16613113856
	Shuffle Errors
		BAD_ID=0
		CONNECTION=0
		IO_ERROR=0
		WRONG_LENGTH=0
		WRONG_MAP=0
		WRONG_REDUCE=0
	File Input Format Counters 
		Bytes Read=10774001635
	File Output Format Counters 
		Bytes Written=10772846837
