20/06/16 17:52:08 INFO client.RMProxy: Connecting to ResourceManager at master/10.51.17.95:8032
20/06/16 17:52:09 INFO client.RMProxy: Connecting to ResourceManager at master/10.51.17.95:8032
20/06/16 17:52:09 INFO input.FileInputFormat: Total input paths to process : 10
20/06/16 17:52:10 INFO mapreduce.JobSubmitter: number of splits:80
20/06/16 17:52:10 INFO mapreduce.JobSubmitter: Submitting tokens for job: job_1592297456701_0001
20/06/16 17:52:11 INFO impl.YarnClientImpl: Submitted application application_1592297456701_0001
20/06/16 17:52:11 INFO mapreduce.Job: The url to track the job: http://master:8088/proxy/application_1592297456701_0001/
20/06/16 17:52:11 INFO mapreduce.Job: Running job: job_1592297456701_0001
20/06/16 17:52:18 INFO mapreduce.Job: Job job_1592297456701_0001 running in uber mode : false
20/06/16 17:52:18 INFO mapreduce.Job:  map 0% reduce 0%
20/06/16 17:52:27 INFO mapreduce.Job:  map 1% reduce 0%
20/06/16 17:52:28 INFO mapreduce.Job:  map 4% reduce 0%
20/06/16 17:52:29 INFO mapreduce.Job:  map 5% reduce 0%
20/06/16 17:52:34 INFO mapreduce.Job:  map 13% reduce 0%
20/06/16 17:52:36 INFO mapreduce.Job:  map 14% reduce 0%
20/06/16 17:52:38 INFO mapreduce.Job:  map 15% reduce 0%
20/06/16 17:52:40 INFO mapreduce.Job:  map 19% reduce 0%
20/06/16 17:52:47 INFO mapreduce.Job:  map 20% reduce 0%
20/06/16 17:52:49 INFO mapreduce.Job:  map 20% reduce 2%
20/06/16 17:52:50 INFO mapreduce.Job:  map 22% reduce 2%
20/06/16 17:52:51 INFO mapreduce.Job:  map 28% reduce 2%
20/06/16 17:52:52 INFO mapreduce.Job:  map 28% reduce 3%
20/06/16 17:52:53 INFO mapreduce.Job:  map 29% reduce 3%
20/06/16 17:52:56 INFO mapreduce.Job:  map 30% reduce 3%
20/06/16 17:52:59 INFO mapreduce.Job:  map 31% reduce 3%
20/06/16 17:53:01 INFO mapreduce.Job:  map 31% reduce 4%
20/06/16 17:53:05 INFO mapreduce.Job:  map 33% reduce 4%
20/06/16 17:53:06 INFO mapreduce.Job:  map 34% reduce 4%
20/06/16 17:53:07 INFO mapreduce.Job:  map 34% reduce 5%
20/06/16 17:53:08 INFO mapreduce.Job:  map 35% reduce 5%
20/06/16 17:53:09 INFO mapreduce.Job:  map 37% reduce 5%
20/06/16 17:53:10 INFO mapreduce.Job:  map 38% reduce 6%
20/06/16 17:53:14 INFO mapreduce.Job:  map 38% reduce 7%
20/06/16 17:53:16 INFO mapreduce.Job:  map 39% reduce 8%
20/06/16 17:53:17 INFO mapreduce.Job:  map 40% reduce 8%
20/06/16 17:53:19 INFO mapreduce.Job:  map 41% reduce 8%
20/06/16 17:53:20 INFO mapreduce.Job:  map 41% reduce 9%
20/06/16 17:53:21 INFO mapreduce.Job:  map 42% reduce 9%
20/06/16 17:53:22 INFO mapreduce.Job:  map 43% reduce 9%
20/06/16 17:53:23 INFO mapreduce.Job:  map 44% reduce 10%
20/06/16 17:53:24 INFO mapreduce.Job:  map 45% reduce 10%
20/06/16 17:53:26 INFO mapreduce.Job:  map 45% reduce 11%
20/06/16 17:53:31 INFO mapreduce.Job:  map 46% reduce 11%
20/06/16 17:53:32 INFO mapreduce.Job:  map 49% reduce 11%
20/06/16 17:53:33 INFO mapreduce.Job:  map 50% reduce 11%
20/06/16 17:53:34 INFO mapreduce.Job:  map 51% reduce 11%
20/06/16 17:53:35 INFO mapreduce.Job:  map 53% reduce 12%
20/06/16 17:53:37 INFO mapreduce.Job:  map 54% reduce 12%
20/06/16 17:53:38 INFO mapreduce.Job:  map 54% reduce 13%
20/06/16 17:53:41 INFO mapreduce.Job:  map 54% reduce 14%
20/06/16 17:53:44 INFO mapreduce.Job:  map 55% reduce 14%
20/06/16 17:53:49 INFO mapreduce.Job:  map 56% reduce 14%
20/06/16 17:53:50 INFO mapreduce.Job:  map 57% reduce 14%
20/06/16 17:53:51 INFO mapreduce.Job:  map 59% reduce 14%
20/06/16 17:53:54 INFO mapreduce.Job:  map 60% reduce 14%
20/06/16 17:53:55 INFO mapreduce.Job:  map 61% reduce 14%
20/06/16 17:53:56 INFO mapreduce.Job:  map 61% reduce 15%
20/06/16 17:53:57 INFO mapreduce.Job:  map 62% reduce 15%
20/06/16 17:53:58 INFO mapreduce.Job:  map 63% reduce 15%
20/06/16 17:54:01 INFO mapreduce.Job:  map 63% reduce 16%
20/06/16 17:54:02 INFO mapreduce.Job:  map 65% reduce 16%
20/06/16 17:54:05 INFO mapreduce.Job:  map 66% reduce 17%
20/06/16 17:54:08 INFO mapreduce.Job:  map 70% reduce 17%
20/06/16 17:54:11 INFO mapreduce.Job:  map 71% reduce 18%
20/06/16 17:54:15 INFO mapreduce.Job:  map 72% reduce 18%
20/06/16 17:54:17 INFO mapreduce.Job:  map 72% reduce 19%
20/06/16 17:54:20 INFO mapreduce.Job:  map 73% reduce 19%
20/06/16 17:54:22 INFO mapreduce.Job:  map 74% reduce 19%
20/06/16 17:54:23 INFO mapreduce.Job:  map 75% reduce 19%
20/06/16 17:54:24 INFO mapreduce.Job:  map 76% reduce 19%
20/06/16 17:54:25 INFO mapreduce.Job:  map 78% reduce 19%
20/06/16 17:54:26 INFO mapreduce.Job:  map 78% reduce 20%
20/06/16 17:54:27 INFO mapreduce.Job:  map 79% reduce 20%
20/06/16 17:54:29 INFO mapreduce.Job:  map 79% reduce 21%
20/06/16 17:54:32 INFO mapreduce.Job:  map 80% reduce 22%
20/06/16 17:54:33 INFO mapreduce.Job:  map 81% reduce 22%
20/06/16 17:54:35 INFO mapreduce.Job:  map 82% reduce 22%
20/06/16 17:54:37 INFO mapreduce.Job:  map 83% reduce 22%
20/06/16 17:54:38 INFO mapreduce.Job:  map 84% reduce 22%
20/06/16 17:54:40 INFO mapreduce.Job:  map 85% reduce 22%
20/06/16 17:54:41 INFO mapreduce.Job:  map 86% reduce 22%
20/06/16 17:54:44 INFO mapreduce.Job:  map 86% reduce 23%
20/06/16 17:54:46 INFO mapreduce.Job:  map 87% reduce 23%
20/06/16 17:54:49 INFO mapreduce.Job:  map 88% reduce 24%
20/06/16 17:54:50 INFO mapreduce.Job:  map 89% reduce 24%
20/06/16 17:54:51 INFO mapreduce.Job:  map 90% reduce 24%
20/06/16 17:54:52 INFO mapreduce.Job:  map 91% reduce 24%
20/06/16 17:54:53 INFO mapreduce.Job:  map 91% reduce 25%
20/06/16 17:54:55 INFO mapreduce.Job:  map 93% reduce 25%
20/06/16 17:54:56 INFO mapreduce.Job:  map 93% reduce 26%
20/06/16 17:54:58 INFO mapreduce.Job:  map 94% reduce 26%
20/06/16 17:55:05 INFO mapreduce.Job:  map 95% reduce 26%
20/06/16 17:55:08 INFO mapreduce.Job:  map 96% reduce 26%
20/06/16 17:55:09 INFO mapreduce.Job:  map 98% reduce 27%
20/06/16 17:55:11 INFO mapreduce.Job:  map 99% reduce 27%
20/06/16 17:55:12 INFO mapreduce.Job:  map 100% reduce 27%
20/06/16 17:55:13 INFO mapreduce.Job:  map 100% reduce 28%
20/06/16 17:55:15 INFO mapreduce.Job:  map 100% reduce 29%
20/06/16 17:55:17 INFO mapreduce.Job:  map 100% reduce 36%
20/06/16 17:55:20 INFO mapreduce.Job:  map 100% reduce 40%
20/06/16 17:55:22 INFO mapreduce.Job:  map 100% reduce 41%
20/06/16 17:55:26 INFO mapreduce.Job:  map 100% reduce 42%
20/06/16 17:55:29 INFO mapreduce.Job:  map 100% reduce 43%
20/06/16 17:55:31 INFO mapreduce.Job:  map 100% reduce 44%
20/06/16 17:55:32 INFO mapreduce.Job:  map 100% reduce 45%
20/06/16 17:55:34 INFO mapreduce.Job:  map 100% reduce 46%
20/06/16 17:55:38 INFO mapreduce.Job:  map 100% reduce 47%
20/06/16 17:55:41 INFO mapreduce.Job:  map 100% reduce 48%
20/06/16 17:55:47 INFO mapreduce.Job:  map 100% reduce 49%
20/06/16 17:55:52 INFO mapreduce.Job:  map 100% reduce 50%
20/06/16 17:55:53 INFO mapreduce.Job:  map 100% reduce 51%
20/06/16 17:55:54 INFO mapreduce.Job:  map 100% reduce 52%
20/06/16 17:55:56 INFO mapreduce.Job:  map 100% reduce 53%
20/06/16 17:55:57 INFO mapreduce.Job:  map 100% reduce 61%
20/06/16 17:55:59 INFO mapreduce.Job:  map 100% reduce 62%
20/06/16 17:56:00 INFO mapreduce.Job:  map 100% reduce 65%
20/06/16 17:56:01 INFO mapreduce.Job:  map 100% reduce 76%
20/06/16 17:56:02 INFO mapreduce.Job:  map 100% reduce 77%
20/06/16 17:56:04 INFO mapreduce.Job:  map 100% reduce 78%
20/06/16 17:56:05 INFO mapreduce.Job:  map 100% reduce 79%
20/06/16 17:56:07 INFO mapreduce.Job:  map 100% reduce 80%
20/06/16 17:56:09 INFO mapreduce.Job:  map 100% reduce 81%
20/06/16 17:56:10 INFO mapreduce.Job:  map 100% reduce 82%
20/06/16 17:56:13 INFO mapreduce.Job:  map 100% reduce 83%
20/06/16 17:56:15 INFO mapreduce.Job:  map 100% reduce 84%
20/06/16 17:56:16 INFO mapreduce.Job:  map 100% reduce 85%
20/06/16 17:56:19 INFO mapreduce.Job:  map 100% reduce 86%
20/06/16 17:56:21 INFO mapreduce.Job:  map 100% reduce 87%
20/06/16 17:56:22 INFO mapreduce.Job:  map 100% reduce 88%
20/06/16 17:56:24 INFO mapreduce.Job:  map 100% reduce 89%
20/06/16 17:56:25 INFO mapreduce.Job:  map 100% reduce 90%
20/06/16 17:56:27 INFO mapreduce.Job:  map 100% reduce 91%
20/06/16 17:56:30 INFO mapreduce.Job:  map 100% reduce 92%
20/06/16 17:56:31 INFO mapreduce.Job:  map 100% reduce 93%
20/06/16 17:56:33 INFO mapreduce.Job:  map 100% reduce 94%
20/06/16 17:56:36 INFO mapreduce.Job:  map 100% reduce 95%
20/06/16 17:56:39 INFO mapreduce.Job:  map 100% reduce 96%
20/06/16 17:56:40 INFO mapreduce.Job:  map 100% reduce 97%
20/06/16 17:56:42 INFO mapreduce.Job:  map 100% reduce 98%
20/06/16 17:56:46 INFO mapreduce.Job:  map 100% reduce 99%
20/06/16 17:56:47 INFO mapreduce.Job:  map 100% reduce 100%
20/06/16 17:56:48 INFO mapreduce.Job: Job job_1592297456701_0001 completed successfully
20/06/16 17:56:48 INFO mapreduce.Job: Counters: 51
	File System Counters
		FILE: Number of bytes read=31974520677
		FILE: Number of bytes written=42735048567
		FILE: Number of read operations=0
		FILE: Number of large read operations=0
		FILE: Number of write operations=0
		HDFS: Number of bytes read=10774009875
		HDFS: Number of bytes written=10772846837
		HDFS: Number of read operations=329
		HDFS: Number of large read operations=0
		HDFS: Number of write operations=6
	Job Counters 
		Killed map tasks=1
		Launched map tasks=81
		Launched reduce tasks=3
		Data-local map tasks=67
		Rack-local map tasks=14
		Total time spent by all maps in occupied slots (ms)=1158391
		Total time spent by all reduces in occupied slots (ms)=664270
		Total time spent by all map tasks (ms)=1158391
		Total time spent by all reduce tasks (ms)=664270
		Total vcore-milliseconds taken by all map tasks=1158391
		Total vcore-milliseconds taken by all reduce tasks=1328540
		Total megabyte-milliseconds taken by all map tasks=1186192384
		Total megabyte-milliseconds taken by all reduce tasks=680212480
	Map-Reduce Framework
		Map input records=1022600
		Map output records=1022600
		Map output bytes=10745642829
		Map output materialized bytes=10751392560
		Input split bytes=8240
		Combine input records=0
		Combine output records=0
		Reduce input groups=1022600
		Reduce shuffle bytes=10751392560
		Reduce input records=1022600
		Reduce output records=1022600
		Spilled Records=4063920
		Shuffled Maps =240
		Failed Shuffles=0
		Merged Map outputs=240
		GC time elapsed (ms)=12675
		CPU time spent (ms)=231600
		Physical memory (bytes) snapshot=22018174976
		Virtual memory (bytes) snapshot=175157252096
		Total committed heap usage (bytes)=16658726912
	Shuffle Errors
		BAD_ID=0
		CONNECTION=0
		IO_ERROR=0
		WRONG_LENGTH=0
		WRONG_MAP=0
		WRONG_REDUCE=0
	File Input Format Counters 
		Bytes Read=10774001635
	File Output Format Counters 
		Bytes Written=10772846837
