20/06/16 18:03:40 INFO client.RMProxy: Connecting to ResourceManager at master/10.51.17.95:8032
20/06/16 18:03:40 INFO client.RMProxy: Connecting to ResourceManager at master/10.51.17.95:8032
20/06/16 18:03:41 INFO input.FileInputFormat: Total input paths to process : 10
20/06/16 18:03:41 INFO mapreduce.JobSubmitter: number of splits:80
20/06/16 18:03:41 INFO mapreduce.JobSubmitter: Submitting tokens for job: job_1592297456701_0003
20/06/16 18:03:41 INFO impl.YarnClientImpl: Submitted application application_1592297456701_0003
20/06/16 18:03:41 INFO mapreduce.Job: The url to track the job: http://master:8088/proxy/application_1592297456701_0003/
20/06/16 18:03:41 INFO mapreduce.Job: Running job: job_1592297456701_0003
20/06/16 18:03:48 INFO mapreduce.Job: Job job_1592297456701_0003 running in uber mode : false
20/06/16 18:03:48 INFO mapreduce.Job:  map 0% reduce 0%
20/06/16 18:03:57 INFO mapreduce.Job:  map 3% reduce 0%
20/06/16 18:03:58 INFO mapreduce.Job:  map 5% reduce 0%
20/06/16 18:04:01 INFO mapreduce.Job:  map 6% reduce 0%
20/06/16 18:04:02 INFO mapreduce.Job:  map 9% reduce 0%
20/06/16 18:04:03 INFO mapreduce.Job:  map 10% reduce 0%
20/06/16 18:04:04 INFO mapreduce.Job:  map 13% reduce 0%
20/06/16 18:04:06 INFO mapreduce.Job:  map 14% reduce 0%
20/06/16 18:04:08 INFO mapreduce.Job:  map 15% reduce 0%
20/06/16 18:04:09 INFO mapreduce.Job:  map 17% reduce 0%
20/06/16 18:04:11 INFO mapreduce.Job:  map 19% reduce 0%
20/06/16 18:04:12 INFO mapreduce.Job:  map 22% reduce 0%
20/06/16 18:04:15 INFO mapreduce.Job:  map 24% reduce 0%
20/06/16 18:04:16 INFO mapreduce.Job:  map 25% reduce 0%
20/06/16 18:04:17 INFO mapreduce.Job:  map 26% reduce 0%
20/06/16 18:04:18 INFO mapreduce.Job:  map 28% reduce 3%
20/06/16 18:04:19 INFO mapreduce.Job:  map 29% reduce 3%
20/06/16 18:04:20 INFO mapreduce.Job:  map 30% reduce 3%
20/06/16 18:04:22 INFO mapreduce.Job:  map 31% reduce 3%
20/06/16 18:04:24 INFO mapreduce.Job:  map 32% reduce 3%
20/06/16 18:04:25 INFO mapreduce.Job:  map 32% reduce 6%
20/06/16 18:04:27 INFO mapreduce.Job:  map 33% reduce 7%
20/06/16 18:04:29 INFO mapreduce.Job:  map 35% reduce 7%
20/06/16 18:04:30 INFO mapreduce.Job:  map 37% reduce 7%
20/06/16 18:04:33 INFO mapreduce.Job:  map 38% reduce 7%
20/06/16 18:04:34 INFO mapreduce.Job:  map 38% reduce 8%
20/06/16 18:04:35 INFO mapreduce.Job:  map 39% reduce 8%
20/06/16 18:04:36 INFO mapreduce.Job:  map 40% reduce 8%
20/06/16 18:04:40 INFO mapreduce.Job:  map 40% reduce 9%
20/06/16 18:04:42 INFO mapreduce.Job:  map 40% reduce 10%
20/06/16 18:04:48 INFO mapreduce.Job:  map 44% reduce 10%
20/06/16 18:04:49 INFO mapreduce.Job:  map 46% reduce 10%
20/06/16 18:04:50 INFO mapreduce.Job:  map 49% reduce 10%
20/06/16 18:04:51 INFO mapreduce.Job:  map 49% reduce 11%
20/06/16 18:04:52 INFO mapreduce.Job:  map 49% reduce 12%
20/06/16 18:04:56 INFO mapreduce.Job:  map 50% reduce 12%
20/06/16 18:04:57 INFO mapreduce.Job:  map 51% reduce 12%
20/06/16 18:04:59 INFO mapreduce.Job:  map 52% reduce 12%
20/06/16 18:05:00 INFO mapreduce.Job:  map 54% reduce 13%
20/06/16 18:05:01 INFO mapreduce.Job:  map 55% reduce 13%
20/06/16 18:05:04 INFO mapreduce.Job:  map 56% reduce 13%
20/06/16 18:05:06 INFO mapreduce.Job:  map 57% reduce 14%
20/06/16 18:05:07 INFO mapreduce.Job:  map 58% reduce 14%
20/06/16 18:05:08 INFO mapreduce.Job:  map 59% reduce 14%
20/06/16 18:05:11 INFO mapreduce.Job:  map 60% reduce 15%
20/06/16 18:05:12 INFO mapreduce.Job:  map 61% reduce 15%
20/06/16 18:05:13 INFO mapreduce.Job:  map 62% reduce 16%
20/06/16 18:05:18 INFO mapreduce.Job:  map 63% reduce 16%
20/06/16 18:05:19 INFO mapreduce.Job:  map 64% reduce 17%
20/06/16 18:05:21 INFO mapreduce.Job:  map 65% reduce 17%
20/06/16 18:05:23 INFO mapreduce.Job:  map 66% reduce 17%
20/06/16 18:05:24 INFO mapreduce.Job:  map 67% reduce 17%
20/06/16 18:05:26 INFO mapreduce.Job:  map 68% reduce 17%
20/06/16 18:05:27 INFO mapreduce.Job:  map 69% reduce 17%
20/06/16 18:05:28 INFO mapreduce.Job:  map 71% reduce 18%
20/06/16 18:05:31 INFO mapreduce.Job:  map 71% reduce 19%
20/06/16 18:05:33 INFO mapreduce.Job:  map 72% reduce 19%
20/06/16 18:05:38 INFO mapreduce.Job:  map 73% reduce 19%
20/06/16 18:05:42 INFO mapreduce.Job:  map 74% reduce 19%
20/06/16 18:05:43 INFO mapreduce.Job:  map 75% reduce 19%
20/06/16 18:05:44 INFO mapreduce.Job:  map 75% reduce 20%
20/06/16 18:05:46 INFO mapreduce.Job:  map 76% reduce 20%
20/06/16 18:05:47 INFO mapreduce.Job:  map 77% reduce 20%
20/06/16 18:05:49 INFO mapreduce.Job:  map 78% reduce 20%
20/06/16 18:05:50 INFO mapreduce.Job:  map 80% reduce 20%
20/06/16 18:05:52 INFO mapreduce.Job:  map 81% reduce 20%
20/06/16 18:05:53 INFO mapreduce.Job:  map 82% reduce 20%
20/06/16 18:05:55 INFO mapreduce.Job:  map 82% reduce 21%
20/06/16 18:05:56 INFO mapreduce.Job:  map 84% reduce 21%
20/06/16 18:06:00 INFO mapreduce.Job:  map 85% reduce 21%
20/06/16 18:06:01 INFO mapreduce.Job:  map 85% reduce 22%
20/06/16 18:06:02 INFO mapreduce.Job:  map 86% reduce 22%
20/06/16 18:06:03 INFO mapreduce.Job:  map 87% reduce 22%
20/06/16 18:06:04 INFO mapreduce.Job:  map 88% reduce 23%
20/06/16 18:06:05 INFO mapreduce.Job:  map 89% reduce 23%
20/06/16 18:06:06 INFO mapreduce.Job:  map 90% reduce 23%
20/06/16 18:06:09 INFO mapreduce.Job:  map 92% reduce 23%
20/06/16 18:06:11 INFO mapreduce.Job:  map 92% reduce 24%
20/06/16 18:06:12 INFO mapreduce.Job:  map 94% reduce 24%
20/06/16 18:06:19 INFO mapreduce.Job:  map 95% reduce 25%
20/06/16 18:06:22 INFO mapreduce.Job:  map 96% reduce 25%
20/06/16 18:06:30 INFO mapreduce.Job:  map 97% reduce 25%
20/06/16 18:06:31 INFO mapreduce.Job:  map 97% reduce 26%
20/06/16 18:06:32 INFO mapreduce.Job:  map 98% reduce 26%
20/06/16 18:06:34 INFO mapreduce.Job:  map 98% reduce 27%
20/06/16 18:06:35 INFO mapreduce.Job:  map 99% reduce 27%
20/06/16 18:06:37 INFO mapreduce.Job:  map 99% reduce 28%
20/06/16 18:06:39 INFO mapreduce.Job:  map 100% reduce 28%
20/06/16 18:06:40 INFO mapreduce.Job:  map 100% reduce 29%
20/06/16 18:06:43 INFO mapreduce.Job:  map 100% reduce 30%
20/06/16 18:06:49 INFO mapreduce.Job:  map 100% reduce 40%
20/06/16 18:06:52 INFO mapreduce.Job:  map 100% reduce 42%
20/06/16 18:06:58 INFO mapreduce.Job:  map 100% reduce 44%
20/06/16 18:07:01 INFO mapreduce.Job:  map 100% reduce 45%
20/06/16 18:07:04 INFO mapreduce.Job:  map 100% reduce 46%
20/06/16 18:07:07 INFO mapreduce.Job:  map 100% reduce 48%
20/06/16 18:07:08 INFO mapreduce.Job:  map 100% reduce 54%
20/06/16 18:07:10 INFO mapreduce.Job:  map 100% reduce 55%
20/06/16 18:07:11 INFO mapreduce.Job:  map 100% reduce 61%
20/06/16 18:07:13 INFO mapreduce.Job:  map 100% reduce 64%
20/06/16 18:07:14 INFO mapreduce.Job:  map 100% reduce 65%
20/06/16 18:07:16 INFO mapreduce.Job:  map 100% reduce 69%
20/06/16 18:07:17 INFO mapreduce.Job:  map 100% reduce 70%
20/06/16 18:07:19 INFO mapreduce.Job:  map 100% reduce 75%
20/06/16 18:07:20 INFO mapreduce.Job:  map 100% reduce 76%
20/06/16 18:07:22 INFO mapreduce.Job:  map 100% reduce 77%
20/06/16 18:07:23 INFO mapreduce.Job:  map 100% reduce 78%
20/06/16 18:07:26 INFO mapreduce.Job:  map 100% reduce 79%
20/06/16 18:07:28 INFO mapreduce.Job:  map 100% reduce 80%
20/06/16 18:07:29 INFO mapreduce.Job:  map 100% reduce 81%
20/06/16 18:07:32 INFO mapreduce.Job:  map 100% reduce 82%
20/06/16 18:07:34 INFO mapreduce.Job:  map 100% reduce 84%
20/06/16 18:07:35 INFO mapreduce.Job:  map 100% reduce 85%
20/06/16 18:07:38 INFO mapreduce.Job:  map 100% reduce 86%
20/06/16 18:07:40 INFO mapreduce.Job:  map 100% reduce 87%
20/06/16 18:07:41 INFO mapreduce.Job:  map 100% reduce 88%
20/06/16 18:07:43 INFO mapreduce.Job:  map 100% reduce 89%
20/06/16 18:07:46 INFO mapreduce.Job:  map 100% reduce 90%
20/06/16 18:07:47 INFO mapreduce.Job:  map 100% reduce 91%
20/06/16 18:07:49 INFO mapreduce.Job:  map 100% reduce 92%
20/06/16 18:07:52 INFO mapreduce.Job:  map 100% reduce 93%
20/06/16 18:07:53 INFO mapreduce.Job:  map 100% reduce 94%
20/06/16 18:07:55 INFO mapreduce.Job:  map 100% reduce 95%
20/06/16 18:07:58 INFO mapreduce.Job:  map 100% reduce 97%
20/06/16 18:08:01 INFO mapreduce.Job:  map 100% reduce 99%
20/06/16 18:08:04 INFO mapreduce.Job:  map 100% reduce 100%
20/06/16 18:08:05 INFO mapreduce.Job: Job job_1592297456701_0003 completed successfully
20/06/16 18:08:05 INFO mapreduce.Job: Counters: 51
	File System Counters
		FILE: Number of bytes read=31974520677
		FILE: Number of bytes written=42735048567
		FILE: Number of read operations=0
		FILE: Number of large read operations=0
		FILE: Number of write operations=0
		HDFS: Number of bytes read=10774009875
		HDFS: Number of bytes written=10772846837
		HDFS: Number of read operations=329
		HDFS: Number of large read operations=0
		HDFS: Number of write operations=6
	Job Counters 
		Killed map tasks=1
		Launched map tasks=81
		Launched reduce tasks=3
		Data-local map tasks=78
		Rack-local map tasks=3
		Total time spent by all maps in occupied slots (ms)=1103207
		Total time spent by all reduces in occupied slots (ms)=651978
		Total time spent by all map tasks (ms)=1103207
		Total time spent by all reduce tasks (ms)=651978
		Total vcore-milliseconds taken by all map tasks=1103207
		Total vcore-milliseconds taken by all reduce tasks=1303956
		Total megabyte-milliseconds taken by all map tasks=1129683968
		Total megabyte-milliseconds taken by all reduce tasks=667625472
	Map-Reduce Framework
		Map input records=1022600
		Map output records=1022600
		Map output bytes=10745642829
		Map output materialized bytes=10751392560
		Input split bytes=8240
		Combine input records=0
		Combine output records=0
		Reduce input groups=1022600
		Reduce shuffle bytes=10751392560
		Reduce input records=1022600
		Reduce output records=1022600
		Spilled Records=4063920
		Shuffled Maps =240
		Failed Shuffles=0
		Merged Map outputs=240
		GC time elapsed (ms)=10632
		CPU time spent (ms)=227190
		Physical memory (bytes) snapshot=21973753856
		Virtual memory (bytes) snapshot=175152848896
		Total committed heap usage (bytes)=16552820736
	Shuffle Errors
		BAD_ID=0
		CONNECTION=0
		IO_ERROR=0
		WRONG_LENGTH=0
		WRONG_MAP=0
		WRONG_REDUCE=0
	File Input Format Counters 
		Bytes Read=10774001635
	File Output Format Counters 
		Bytes Written=10772846837
