20/06/15 13:22:11 INFO client.RMProxy: Connecting to ResourceManager at master/10.51.17.95:8032
20/06/15 13:22:13 INFO input.FileInputFormat: Total input paths to process : 10
20/06/15 13:22:13 INFO mapreduce.JobSubmitter: number of splits:90
20/06/15 13:22:13 INFO mapreduce.JobSubmitter: Submitting tokens for job: job_1592193576025_0005
20/06/15 13:22:13 INFO impl.YarnClientImpl: Submitted application application_1592193576025_0005
20/06/15 13:22:13 INFO mapreduce.Job: The url to track the job: http://master:8088/proxy/application_1592193576025_0005/
20/06/15 13:22:13 INFO mapreduce.Job: Running job: job_1592193576025_0005
20/06/15 13:22:19 INFO mapreduce.Job: Job job_1592193576025_0005 running in uber mode : false
20/06/15 13:22:19 INFO mapreduce.Job:  map 0% reduce 0%
20/06/15 13:22:32 INFO mapreduce.Job:  map 1% reduce 0%
20/06/15 13:22:35 INFO mapreduce.Job:  map 2% reduce 0%
20/06/15 13:22:43 INFO mapreduce.Job:  map 3% reduce 0%
20/06/15 13:22:47 INFO mapreduce.Job:  map 4% reduce 0%
20/06/15 13:22:53 INFO mapreduce.Job:  map 5% reduce 0%
20/06/15 13:22:58 INFO mapreduce.Job:  map 6% reduce 0%
20/06/15 13:23:03 INFO mapreduce.Job:  map 7% reduce 0%
20/06/15 13:23:06 INFO mapreduce.Job:  map 8% reduce 0%
20/06/15 13:23:11 INFO mapreduce.Job:  map 9% reduce 0%
20/06/15 13:23:19 INFO mapreduce.Job:  map 11% reduce 0%
20/06/15 13:23:21 INFO mapreduce.Job:  map 12% reduce 0%
20/06/15 13:23:24 INFO mapreduce.Job:  map 13% reduce 0%
20/06/15 13:23:32 INFO mapreduce.Job:  map 14% reduce 0%
20/06/15 13:23:35 INFO mapreduce.Job:  map 15% reduce 0%
20/06/15 13:23:39 INFO mapreduce.Job:  map 16% reduce 0%
20/06/15 13:23:44 INFO mapreduce.Job:  map 17% reduce 0%
20/06/15 13:23:48 INFO mapreduce.Job:  map 18% reduce 0%
20/06/15 13:23:49 INFO mapreduce.Job:  map 18% reduce 5%
20/06/15 13:23:54 INFO mapreduce.Job:  map 19% reduce 5%
20/06/15 13:23:59 INFO mapreduce.Job:  map 20% reduce 5%
20/06/15 13:24:03 INFO mapreduce.Job:  map 21% reduce 5%
20/06/15 13:24:09 INFO mapreduce.Job:  map 22% reduce 5%
20/06/15 13:24:13 INFO mapreduce.Job:  map 23% reduce 6%
20/06/15 13:24:14 INFO mapreduce.Job:  map 24% reduce 6%
20/06/15 13:24:16 INFO mapreduce.Job:  map 24% reduce 7%
20/06/15 13:24:18 INFO mapreduce.Job:  map 25% reduce 7%
20/06/15 13:24:19 INFO mapreduce.Job:  map 26% reduce 7%
20/06/15 13:24:23 INFO mapreduce.Job:  map 26% reduce 9%
20/06/15 13:24:29 INFO mapreduce.Job:  map 27% reduce 9%
20/06/15 13:24:34 INFO mapreduce.Job:  map 28% reduce 9%
20/06/15 13:24:38 INFO mapreduce.Job:  map 29% reduce 9%
20/06/15 13:24:44 INFO mapreduce.Job:  map 30% reduce 9%
20/06/15 13:24:46 INFO mapreduce.Job:  map 31% reduce 9%
20/06/15 13:24:49 INFO mapreduce.Job:  map 32% reduce 9%
20/06/15 13:24:50 INFO mapreduce.Job:  map 32% reduce 10%
20/06/15 13:24:58 INFO mapreduce.Job:  map 33% reduce 10%
20/06/15 13:25:03 INFO mapreduce.Job:  map 34% reduce 10%
20/06/15 13:25:05 INFO mapreduce.Job:  map 35% reduce 10%
20/06/15 13:25:11 INFO mapreduce.Job:  map 36% reduce 10%
20/06/15 13:25:16 INFO mapreduce.Job:  map 37% reduce 10%
20/06/15 13:25:17 INFO mapreduce.Job:  map 37% reduce 11%
20/06/15 13:25:18 INFO mapreduce.Job:  map 38% reduce 11%
20/06/15 13:25:19 INFO mapreduce.Job:  map 39% reduce 11%
20/06/15 13:25:20 INFO mapreduce.Job:  map 39% reduce 13%
20/06/15 13:25:26 INFO mapreduce.Job:  map 40% reduce 13%
20/06/15 13:25:31 INFO mapreduce.Job:  map 41% reduce 13%
20/06/15 13:25:35 INFO mapreduce.Job:  map 42% reduce 13%
20/06/15 13:25:40 INFO mapreduce.Job:  map 43% reduce 13%
20/06/15 13:25:44 INFO mapreduce.Job:  map 44% reduce 13%
20/06/15 13:25:48 INFO mapreduce.Job:  map 45% reduce 13%
20/06/15 13:25:51 INFO mapreduce.Job:  map 45% reduce 14%
20/06/15 13:25:53 INFO mapreduce.Job:  map 46% reduce 14%
20/06/15 13:25:59 INFO mapreduce.Job:  map 47% reduce 14%
20/06/15 13:26:02 INFO mapreduce.Job:  map 48% reduce 14%
20/06/15 13:26:05 INFO mapreduce.Job:  map 49% reduce 14%
20/06/15 13:26:06 INFO mapreduce.Job:  map 49% reduce 15%
20/06/15 13:26:11 INFO mapreduce.Job:  map 50% reduce 15%
20/06/15 13:26:12 INFO mapreduce.Job:  map 51% reduce 15%
20/06/15 13:26:15 INFO mapreduce.Job:  map 52% reduce 16%
20/06/15 13:26:18 INFO mapreduce.Job:  map 52% reduce 17%
20/06/15 13:26:19 INFO mapreduce.Job:  map 53% reduce 17%
20/06/15 13:26:29 INFO mapreduce.Job:  map 54% reduce 17%
20/06/15 13:26:31 INFO mapreduce.Job:  map 55% reduce 17%
20/06/15 13:26:38 INFO mapreduce.Job:  map 56% reduce 17%
20/06/15 13:26:42 INFO mapreduce.Job:  map 57% reduce 17%
20/06/15 13:26:46 INFO mapreduce.Job:  map 58% reduce 18%
20/06/15 13:26:50 INFO mapreduce.Job:  map 59% reduce 18%
20/06/15 13:26:51 INFO mapreduce.Job:  map 59% reduce 19%
20/06/15 13:26:54 INFO mapreduce.Job:  map 60% reduce 19%
20/06/15 13:26:58 INFO mapreduce.Job:  map 61% reduce 19%
20/06/15 13:27:04 INFO mapreduce.Job:  map 62% reduce 19%
20/06/15 13:27:08 INFO mapreduce.Job:  map 63% reduce 19%
20/06/15 13:27:09 INFO mapreduce.Job:  map 63% reduce 20%
20/06/15 13:27:11 INFO mapreduce.Job:  map 64% reduce 20%
20/06/15 13:27:15 INFO mapreduce.Job:  map 65% reduce 20%
20/06/15 13:27:16 INFO mapreduce.Job:  map 65% reduce 21%
20/06/15 13:27:20 INFO mapreduce.Job:  map 66% reduce 21%
20/06/15 13:27:23 INFO mapreduce.Job:  map 67% reduce 21%
20/06/15 13:27:25 INFO mapreduce.Job:  map 67% reduce 22%
20/06/15 13:27:30 INFO mapreduce.Job:  map 68% reduce 22%
20/06/15 13:27:35 INFO mapreduce.Job:  map 69% reduce 22%
20/06/15 13:27:39 INFO mapreduce.Job:  map 70% reduce 22%
20/06/15 13:27:45 INFO mapreduce.Job:  map 71% reduce 22%
20/06/15 13:27:48 INFO mapreduce.Job:  map 72% reduce 22%
20/06/15 13:27:52 INFO mapreduce.Job:  map 73% reduce 23%
20/06/15 13:27:55 INFO mapreduce.Job:  map 74% reduce 23%
20/06/15 13:28:01 INFO mapreduce.Job:  map 75% reduce 24%
20/06/15 13:28:05 INFO mapreduce.Job:  map 76% reduce 24%
20/06/15 13:28:08 INFO mapreduce.Job:  map 77% reduce 24%
20/06/15 13:28:14 INFO mapreduce.Job:  map 78% reduce 25%
20/06/15 13:28:15 INFO mapreduce.Job:  map 79% reduce 25%
20/06/15 13:28:19 INFO mapreduce.Job:  map 80% reduce 25%
20/06/15 13:28:20 INFO mapreduce.Job:  map 80% reduce 26%
20/06/15 13:28:22 INFO mapreduce.Job:  map 81% reduce 26%
20/06/15 13:28:23 INFO mapreduce.Job:  map 82% reduce 26%
20/06/15 13:28:25 INFO mapreduce.Job:  map 83% reduce 26%
20/06/15 13:28:26 INFO mapreduce.Job:  map 83% reduce 27%
20/06/15 13:28:30 INFO mapreduce.Job:  map 84% reduce 27%
20/06/15 13:28:34 INFO mapreduce.Job:  map 85% reduce 27%
20/06/15 13:28:40 INFO mapreduce.Job:  map 86% reduce 27%
20/06/15 13:28:43 INFO mapreduce.Job:  map 87% reduce 27%
20/06/15 13:28:47 INFO mapreduce.Job:  map 87% reduce 28%
20/06/15 13:28:48 INFO mapreduce.Job:  map 88% reduce 28%
20/06/15 13:28:50 INFO mapreduce.Job:  map 88% reduce 29%
20/06/15 13:28:53 INFO mapreduce.Job:  map 89% reduce 29%
20/06/15 13:28:58 INFO mapreduce.Job:  map 90% reduce 29%
20/06/15 13:29:00 INFO mapreduce.Job:  map 91% reduce 29%
20/06/15 13:29:01 INFO mapreduce.Job:  map 92% reduce 29%
20/06/15 13:29:02 INFO mapreduce.Job:  map 92% reduce 30%
20/06/15 13:29:05 INFO mapreduce.Job:  map 93% reduce 30%
20/06/15 13:29:06 INFO mapreduce.Job:  map 94% reduce 30%
20/06/15 13:29:08 INFO mapreduce.Job:  map 96% reduce 30%
20/06/15 13:29:11 INFO mapreduce.Job:  map 96% reduce 31%
20/06/15 13:29:12 INFO mapreduce.Job:  map 97% reduce 31%
20/06/15 13:29:14 INFO mapreduce.Job:  map 98% reduce 32%
20/06/15 13:29:18 INFO mapreduce.Job:  map 99% reduce 32%
20/06/15 13:29:20 INFO mapreduce.Job:  map 100% reduce 33%
20/06/15 13:29:23 INFO mapreduce.Job:  map 100% reduce 68%
20/06/15 13:29:26 INFO mapreduce.Job:  map 100% reduce 73%
20/06/15 13:29:29 INFO mapreduce.Job:  map 100% reduce 79%
20/06/15 13:29:32 INFO mapreduce.Job:  map 100% reduce 85%
20/06/15 13:29:35 INFO mapreduce.Job:  map 100% reduce 93%
20/06/15 13:29:37 INFO mapreduce.Job:  map 100% reduce 100%
20/06/15 13:29:39 INFO mapreduce.Job: Job job_1592193576025_0005 completed successfully
20/06/15 13:29:39 INFO mapreduce.Job: Counters: 51
	File System Counters
		FILE: Number of bytes read=1449326147
		FILE: Number of bytes written=2161253601
		FILE: Number of read operations=0
		FILE: Number of large read operations=0
		FILE: Number of write operations=0
		HDFS: Number of bytes read=11025668664
		HDFS: Number of bytes written=333229171
		HDFS: Number of read operations=273
		HDFS: Number of large read operations=0
		HDFS: Number of write operations=2
	Job Counters 
		Killed map tasks=1
		Launched map tasks=91
		Launched reduce tasks=1
		Data-local map tasks=84
		Rack-local map tasks=7
		Total time spent by all maps in occupied slots (ms)=3682464
		Total time spent by all reduces in occupied slots (ms)=359010
		Total time spent by all map tasks (ms)=3682464
		Total time spent by all reduce tasks (ms)=359010
		Total vcore-milliseconds taken by all map tasks=3682464
		Total vcore-milliseconds taken by all reduce tasks=718020
		Total megabyte-milliseconds taken by all map tasks=3770843136
		Total megabyte-milliseconds taken by all reduce tasks=367626240
	Map-Reduce Framework
		Map input records=1179594
		Map output records=1009767860
		Map output bytes=15225044514
		Map output materialized bytes=700777381
		Input split bytes=9630
		Combine input records=1034538483
		Combine output records=47414618
		Reduce input groups=9908198
		Reduce shuffle bytes=700777381
		Reduce input records=22643995
		Reduce output records=9908198
		Spilled Records=70058613
		Shuffled Maps =90
		Failed Shuffles=0
		Merged Map outputs=90
		GC time elapsed (ms)=60564
		CPU time spent (ms)=2076610
		Physical memory (bytes) snapshot=25066618880
		Virtual memory (bytes) snapshot=191969280000
		Total committed heap usage (bytes)=18922602496
	Shuffle Errors
		BAD_ID=0
		CONNECTION=0
		IO_ERROR=0
		WRONG_LENGTH=0
		WRONG_MAP=0
		WRONG_REDUCE=0
	File Input Format Counters 
		Bytes Read=11025659034
	File Output Format Counters 
		Bytes Written=333229171
