20/06/08 03:48:53 INFO client.RMProxy: Connecting to ResourceManager at master/10.51.17.95:8032
20/06/08 03:48:53 INFO input.FileInputFormat: Total input paths to process : 10
20/06/08 03:48:53 INFO mapreduce.JobSubmitter: number of splits:90
20/06/08 03:48:53 INFO mapreduce.JobSubmitter: Submitting tokens for job: job_1591552555663_0019
20/06/08 03:48:53 INFO impl.YarnClientImpl: Submitted application application_1591552555663_0019
20/06/08 03:48:53 INFO mapreduce.Job: The url to track the job: http://master:8088/proxy/application_1591552555663_0019/
20/06/08 03:48:53 INFO mapreduce.Job: Running job: job_1591552555663_0019
20/06/08 03:49:00 INFO mapreduce.Job: Job job_1591552555663_0019 running in uber mode : false
20/06/08 03:49:00 INFO mapreduce.Job:  map 0% reduce 0%
20/06/08 03:49:15 INFO mapreduce.Job:  map 1% reduce 0%
20/06/08 03:49:16 INFO mapreduce.Job:  map 2% reduce 0%
20/06/08 03:49:18 INFO mapreduce.Job:  map 3% reduce 0%
20/06/08 03:49:27 INFO mapreduce.Job:  map 4% reduce 0%
20/06/08 03:49:32 INFO mapreduce.Job:  map 5% reduce 0%
20/06/08 03:49:35 INFO mapreduce.Job:  map 6% reduce 0%
20/06/08 03:49:42 INFO mapreduce.Job:  map 7% reduce 0%
20/06/08 03:49:46 INFO mapreduce.Job:  map 8% reduce 0%
20/06/08 03:49:53 INFO mapreduce.Job:  map 9% reduce 0%
20/06/08 03:49:55 INFO mapreduce.Job:  map 10% reduce 0%
20/06/08 03:49:57 INFO mapreduce.Job:  map 11% reduce 0%
20/06/08 03:49:58 INFO mapreduce.Job:  map 12% reduce 0%
20/06/08 03:50:07 INFO mapreduce.Job:  map 13% reduce 0%
20/06/08 03:50:10 INFO mapreduce.Job:  map 14% reduce 0%
20/06/08 03:50:11 INFO mapreduce.Job:  map 15% reduce 0%
20/06/08 03:50:13 INFO mapreduce.Job:  map 16% reduce 0%
20/06/08 03:50:16 INFO mapreduce.Job:  map 17% reduce 0%
20/06/08 03:50:20 INFO mapreduce.Job:  map 18% reduce 0%
20/06/08 03:50:27 INFO mapreduce.Job:  map 19% reduce 0%
20/06/08 03:50:28 INFO mapreduce.Job:  map 19% reduce 5%
20/06/08 03:50:31 INFO mapreduce.Job:  map 20% reduce 5%
20/06/08 03:50:37 INFO mapreduce.Job:  map 21% reduce 5%
20/06/08 03:50:41 INFO mapreduce.Job:  map 22% reduce 5%
20/06/08 03:50:47 INFO mapreduce.Job:  map 23% reduce 5%
20/06/08 03:50:49 INFO mapreduce.Job:  map 24% reduce 6%
20/06/08 03:50:51 INFO mapreduce.Job:  map 25% reduce 6%
20/06/08 03:50:52 INFO mapreduce.Job:  map 25% reduce 7%
20/06/08 03:50:54 INFO mapreduce.Job:  map 26% reduce 7%
20/06/08 03:51:01 INFO mapreduce.Job:  map 27% reduce 7%
20/06/08 03:51:05 INFO mapreduce.Job:  map 28% reduce 7%
20/06/08 03:51:12 INFO mapreduce.Job:  map 29% reduce 7%
20/06/08 03:51:14 INFO mapreduce.Job:  map 30% reduce 7%
20/06/08 03:51:16 INFO mapreduce.Job:  map 30% reduce 8%
20/06/08 03:51:17 INFO mapreduce.Job:  map 31% reduce 8%
20/06/08 03:51:19 INFO mapreduce.Job:  map 31% reduce 9%
20/06/08 03:51:20 INFO mapreduce.Job:  map 32% reduce 9%
20/06/08 03:51:24 INFO mapreduce.Job:  map 33% reduce 9%
20/06/08 03:51:25 INFO mapreduce.Job:  map 33% reduce 10%
20/06/08 03:51:28 INFO mapreduce.Job:  map 34% reduce 10%
20/06/08 03:51:32 INFO mapreduce.Job:  map 35% reduce 10%
20/06/08 03:51:39 INFO mapreduce.Job:  map 36% reduce 10%
20/06/08 03:51:42 INFO mapreduce.Job:  map 37% reduce 10%
20/06/08 03:51:44 INFO mapreduce.Job:  map 38% reduce 10%
20/06/08 03:51:46 INFO mapreduce.Job:  map 39% reduce 10%
20/06/08 03:51:48 INFO mapreduce.Job:  map 39% reduce 12%
20/06/08 03:51:52 INFO mapreduce.Job:  map 40% reduce 12%
20/06/08 03:51:57 INFO mapreduce.Job:  map 41% reduce 12%
20/06/08 03:52:01 INFO mapreduce.Job:  map 42% reduce 12%
20/06/08 03:52:06 INFO mapreduce.Job:  map 43% reduce 12%
20/06/08 03:52:11 INFO mapreduce.Job:  map 44% reduce 12%
20/06/08 03:52:14 INFO mapreduce.Job:  map 45% reduce 12%
20/06/08 03:52:17 INFO mapreduce.Job:  map 45% reduce 13%
20/06/08 03:52:20 INFO mapreduce.Job:  map 46% reduce 13%
20/06/08 03:52:22 INFO mapreduce.Job:  map 47% reduce 13%
20/06/08 03:52:24 INFO mapreduce.Job:  map 47% reduce 14%
20/06/08 03:52:27 INFO mapreduce.Job:  map 48% reduce 14%
20/06/08 03:52:29 INFO mapreduce.Job:  map 49% reduce 14%
20/06/08 03:52:30 INFO mapreduce.Job:  map 49% reduce 15%
20/06/08 03:52:33 INFO mapreduce.Job:  map 50% reduce 15%
20/06/08 03:52:36 INFO mapreduce.Job:  map 51% reduce 15%
20/06/08 03:52:39 INFO mapreduce.Job:  map 52% reduce 16%
20/06/08 03:52:42 INFO mapreduce.Job:  map 52% reduce 17%
20/06/08 03:52:43 INFO mapreduce.Job:  map 53% reduce 17%
20/06/08 03:52:47 INFO mapreduce.Job:  map 54% reduce 17%
20/06/08 03:52:52 INFO mapreduce.Job:  map 55% reduce 17%
20/06/08 03:52:57 INFO mapreduce.Job:  map 56% reduce 17%
20/06/08 03:53:03 INFO mapreduce.Job:  map 57% reduce 17%
20/06/08 03:53:09 INFO mapreduce.Job:  map 58% reduce 17%
20/06/08 03:53:12 INFO mapreduce.Job:  map 59% reduce 17%
20/06/08 03:53:16 INFO mapreduce.Job:  map 60% reduce 17%
20/06/08 03:53:22 INFO mapreduce.Job:  map 61% reduce 17%
20/06/08 03:53:25 INFO mapreduce.Job:  map 62% reduce 18%
20/06/08 03:53:26 INFO mapreduce.Job:  map 63% reduce 18%
20/06/08 03:53:28 INFO mapreduce.Job:  map 64% reduce 19%
20/06/08 03:53:31 INFO mapreduce.Job:  map 64% reduce 20%
20/06/08 03:53:33 INFO mapreduce.Job:  map 65% reduce 20%
20/06/08 03:53:34 INFO mapreduce.Job:  map 65% reduce 21%
20/06/08 03:53:36 INFO mapreduce.Job:  map 66% reduce 21%
20/06/08 03:53:38 INFO mapreduce.Job:  map 66% reduce 22%
20/06/08 03:53:39 INFO mapreduce.Job:  map 67% reduce 22%
20/06/08 03:53:44 INFO mapreduce.Job:  map 68% reduce 22%
20/06/08 03:53:48 INFO mapreduce.Job:  map 69% reduce 22%
20/06/08 03:53:53 INFO mapreduce.Job:  map 70% reduce 22%
20/06/08 03:53:59 INFO mapreduce.Job:  map 71% reduce 22%
20/06/08 03:54:03 INFO mapreduce.Job:  map 72% reduce 22%
20/06/08 03:54:08 INFO mapreduce.Job:  map 73% reduce 22%
20/06/08 03:54:12 INFO mapreduce.Job:  map 74% reduce 22%
20/06/08 03:54:17 INFO mapreduce.Job:  map 75% reduce 22%
20/06/08 03:54:21 INFO mapreduce.Job:  map 76% reduce 23%
20/06/08 03:54:25 INFO mapreduce.Job:  map 77% reduce 23%
20/06/08 03:54:26 INFO mapreduce.Job:  map 77% reduce 24%
20/06/08 03:54:27 INFO mapreduce.Job:  map 78% reduce 24%
20/06/08 03:54:29 INFO mapreduce.Job:  map 79% reduce 24%
20/06/08 03:54:32 INFO mapreduce.Job:  map 80% reduce 24%
20/06/08 03:54:33 INFO mapreduce.Job:  map 80% reduce 26%
20/06/08 03:54:34 INFO mapreduce.Job:  map 81% reduce 26%
20/06/08 03:54:36 INFO mapreduce.Job:  map 81% reduce 27%
20/06/08 03:54:41 INFO mapreduce.Job:  map 82% reduce 27%
20/06/08 03:54:42 INFO mapreduce.Job:  map 83% reduce 27%
20/06/08 03:54:44 INFO mapreduce.Job:  map 84% reduce 27%
20/06/08 03:54:45 INFO mapreduce.Job:  map 85% reduce 27%
20/06/08 03:54:47 INFO mapreduce.Job:  map 86% reduce 27%
20/06/08 03:54:49 INFO mapreduce.Job:  map 87% reduce 27%
20/06/08 03:54:52 INFO mapreduce.Job:  map 88% reduce 27%
20/06/08 03:54:53 INFO mapreduce.Job:  map 88% reduce 28%
20/06/08 03:54:55 INFO mapreduce.Job:  map 89% reduce 28%
20/06/08 03:54:57 INFO mapreduce.Job:  map 89% reduce 29%
20/06/08 03:54:59 INFO mapreduce.Job:  map 90% reduce 29%
20/06/08 03:55:01 INFO mapreduce.Job:  map 91% reduce 29%
20/06/08 03:55:04 INFO mapreduce.Job:  map 92% reduce 29%
20/06/08 03:55:05 INFO mapreduce.Job:  map 94% reduce 29%
20/06/08 03:55:07 INFO mapreduce.Job:  map 95% reduce 29%
20/06/08 03:55:09 INFO mapreduce.Job:  map 95% reduce 30%
20/06/08 03:55:11 INFO mapreduce.Job:  map 96% reduce 30%
20/06/08 03:55:12 INFO mapreduce.Job:  map 97% reduce 30%
20/06/08 03:55:14 INFO mapreduce.Job:  map 98% reduce 30%
20/06/08 03:55:15 INFO mapreduce.Job:  map 98% reduce 31%
20/06/08 03:55:17 INFO mapreduce.Job:  map 99% reduce 31%
20/06/08 03:55:18 INFO mapreduce.Job:  map 99% reduce 32%
20/06/08 03:55:22 INFO mapreduce.Job:  map 100% reduce 32%
20/06/08 03:55:24 INFO mapreduce.Job:  map 100% reduce 67%
20/06/08 03:55:27 INFO mapreduce.Job:  map 100% reduce 73%
20/06/08 03:55:30 INFO mapreduce.Job:  map 100% reduce 79%
20/06/08 03:55:33 INFO mapreduce.Job:  map 100% reduce 86%
20/06/08 03:55:36 INFO mapreduce.Job:  map 100% reduce 95%
20/06/08 03:55:38 INFO mapreduce.Job:  map 100% reduce 100%
20/06/08 03:55:39 INFO mapreduce.Job: Job job_1591552555663_0019 completed successfully
20/06/08 03:55:39 INFO mapreduce.Job: Counters: 51
	File System Counters
		FILE: Number of bytes read=1475275074
		FILE: Number of bytes written=2199735478
		FILE: Number of read operations=0
		FILE: Number of large read operations=0
		FILE: Number of write operations=0
		HDFS: Number of bytes read=11025605735
		HDFS: Number of bytes written=340692646
		HDFS: Number of read operations=273
		HDFS: Number of large read operations=0
		HDFS: Number of write operations=2
	Job Counters 
		Killed map tasks=1
		Launched map tasks=91
		Launched reduce tasks=1
		Data-local map tasks=90
		Rack-local map tasks=1
		Total time spent by all maps in occupied slots (ms)=4830679
		Total time spent by all reduces in occupied slots (ms)=324119
		Total time spent by all map tasks (ms)=4830679
		Total time spent by all reduce tasks (ms)=324119
		Total vcore-milliseconds taken by all map tasks=4830679
		Total vcore-milliseconds taken by all reduce tasks=648238
		Total megabyte-milliseconds taken by all map tasks=4946615296
		Total megabyte-milliseconds taken by all reduce tasks=331897856
	Map-Reduce Framework
		Map input records=265919
		Map output records=1009309142
		Map output bytes=15225483619
		Map output materialized bytes=713280760
		Input split bytes=10530
		Combine input records=1034065274
		Combine output records=47348433
		Reduce input groups=9719410
		Reduce shuffle bytes=713280760
		Reduce input records=22592301
		Reduce output records=9719410
		Spilled Records=69940734
		Shuffled Maps =90
		Failed Shuffles=0
		Merged Map outputs=90
		GC time elapsed (ms)=99092
		CPU time spent (ms)=1953810
		Physical memory (bytes) snapshot=25138225152
		Virtual memory (bytes) snapshot=191929745408
		Total committed heap usage (bytes)=18910019584
	Shuffle Errors
		BAD_ID=0
		CONNECTION=0
		IO_ERROR=0
		WRONG_LENGTH=0
		WRONG_MAP=0
		WRONG_REDUCE=0
	File Input Format Counters 
		Bytes Read=11025595205
	File Output Format Counters 
		Bytes Written=340692646
