20/06/15 18:42:40 INFO client.RMProxy: Connecting to ResourceManager at master/10.51.17.95:8032
20/06/15 18:42:40 INFO input.FileInputFormat: Total input paths to process : 10
20/06/15 18:42:40 INFO mapreduce.JobSubmitter: number of splits:90
20/06/15 18:42:40 INFO mapreduce.JobSubmitter: Submitting tokens for job: job_1592212594914_0006
20/06/15 18:42:40 INFO impl.YarnClientImpl: Submitted application application_1592212594914_0006
20/06/15 18:42:41 INFO mapreduce.Job: The url to track the job: http://master:8088/proxy/application_1592212594914_0006/
20/06/15 18:42:41 INFO mapreduce.Job: Running job: job_1592212594914_0006
20/06/15 18:42:46 INFO mapreduce.Job: Job job_1592212594914_0006 running in uber mode : false
20/06/15 18:42:46 INFO mapreduce.Job:  map 0% reduce 0%
20/06/15 18:42:58 INFO mapreduce.Job:  map 1% reduce 0%
20/06/15 18:43:01 INFO mapreduce.Job:  map 2% reduce 0%
20/06/15 18:43:09 INFO mapreduce.Job:  map 3% reduce 0%
20/06/15 18:43:13 INFO mapreduce.Job:  map 4% reduce 0%
20/06/15 18:43:18 INFO mapreduce.Job:  map 5% reduce 0%
20/06/15 18:43:23 INFO mapreduce.Job:  map 6% reduce 0%
20/06/15 18:43:25 INFO mapreduce.Job:  map 7% reduce 0%
20/06/15 18:43:30 INFO mapreduce.Job:  map 8% reduce 0%
20/06/15 18:43:35 INFO mapreduce.Job:  map 9% reduce 0%
20/06/15 18:43:41 INFO mapreduce.Job:  map 10% reduce 0%
20/06/15 18:43:45 INFO mapreduce.Job:  map 11% reduce 0%
20/06/15 18:43:47 INFO mapreduce.Job:  map 12% reduce 0%
20/06/15 18:43:48 INFO mapreduce.Job:  map 13% reduce 0%
20/06/15 18:43:56 INFO mapreduce.Job:  map 14% reduce 0%
20/06/15 18:44:00 INFO mapreduce.Job:  map 15% reduce 0%
20/06/15 18:44:03 INFO mapreduce.Job:  map 16% reduce 0%
20/06/15 18:44:08 INFO mapreduce.Job:  map 17% reduce 0%
20/06/15 18:44:12 INFO mapreduce.Job:  map 17% reduce 5%
20/06/15 18:44:14 INFO mapreduce.Job:  map 18% reduce 5%
20/06/15 18:44:18 INFO mapreduce.Job:  map 19% reduce 5%
20/06/15 18:44:23 INFO mapreduce.Job:  map 20% reduce 5%
20/06/15 18:44:27 INFO mapreduce.Job:  map 21% reduce 5%
20/06/15 18:44:32 INFO mapreduce.Job:  map 22% reduce 5%
20/06/15 18:44:35 INFO mapreduce.Job:  map 23% reduce 5%
20/06/15 18:44:36 INFO mapreduce.Job:  map 23% reduce 6%
20/06/15 18:44:39 INFO mapreduce.Job:  map 24% reduce 6%
20/06/15 18:44:42 INFO mapreduce.Job:  map 25% reduce 6%
20/06/15 18:44:43 INFO mapreduce.Job:  map 25% reduce 7%
20/06/15 18:44:45 INFO mapreduce.Job:  map 26% reduce 7%
20/06/15 18:44:46 INFO mapreduce.Job:  map 26% reduce 8%
20/06/15 18:44:48 INFO mapreduce.Job:  map 27% reduce 8%
20/06/15 18:44:49 INFO mapreduce.Job:  map 27% reduce 9%
20/06/15 18:44:54 INFO mapreduce.Job:  map 28% reduce 9%
20/06/15 18:45:00 INFO mapreduce.Job:  map 29% reduce 9%
20/06/15 18:45:03 INFO mapreduce.Job:  map 30% reduce 9%
20/06/15 18:45:05 INFO mapreduce.Job:  map 31% reduce 9%
20/06/15 18:45:06 INFO mapreduce.Job:  map 31% reduce 10%
20/06/15 18:45:13 INFO mapreduce.Job:  map 32% reduce 10%
20/06/15 18:45:17 INFO mapreduce.Job:  map 33% reduce 10%
20/06/15 18:45:23 INFO mapreduce.Job:  map 34% reduce 10%
20/06/15 18:45:27 INFO mapreduce.Job:  map 35% reduce 10%
20/06/15 18:45:32 INFO mapreduce.Job:  map 36% reduce 10%
20/06/15 18:45:33 INFO mapreduce.Job:  map 37% reduce 10%
20/06/15 18:45:34 INFO mapreduce.Job:  map 37% reduce 11%
20/06/15 18:45:37 INFO mapreduce.Job:  map 38% reduce 11%
20/06/15 18:45:40 INFO mapreduce.Job:  map 38% reduce 12%
20/06/15 18:45:41 INFO mapreduce.Job:  map 39% reduce 12%
20/06/15 18:45:43 INFO mapreduce.Job:  map 40% reduce 13%
20/06/15 18:45:48 INFO mapreduce.Job:  map 41% reduce 13%
20/06/15 18:45:53 INFO mapreduce.Job:  map 42% reduce 13%
20/06/15 18:45:57 INFO mapreduce.Job:  map 43% reduce 13%
20/06/15 18:46:01 INFO mapreduce.Job:  map 44% reduce 13%
20/06/15 18:46:02 INFO mapreduce.Job:  map 44% reduce 14%
20/06/15 18:46:07 INFO mapreduce.Job:  map 45% reduce 14%
20/06/15 18:46:13 INFO mapreduce.Job:  map 46% reduce 14%
20/06/15 18:46:17 INFO mapreduce.Job:  map 47% reduce 14%
20/06/15 18:46:23 INFO mapreduce.Job:  map 48% reduce 14%
20/06/15 18:46:25 INFO mapreduce.Job:  map 49% reduce 14%
20/06/15 18:46:30 INFO mapreduce.Job:  map 50% reduce 14%
20/06/15 18:46:32 INFO mapreduce.Job:  map 51% reduce 15%
20/06/15 18:46:35 INFO mapreduce.Job:  map 51% reduce 16%
20/06/15 18:46:39 INFO mapreduce.Job:  map 52% reduce 16%
20/06/15 18:46:40 INFO mapreduce.Job:  map 53% reduce 16%
20/06/15 18:46:42 INFO mapreduce.Job:  map 53% reduce 17%
20/06/15 18:46:45 INFO mapreduce.Job:  map 54% reduce 17%
20/06/15 18:46:52 INFO mapreduce.Job:  map 55% reduce 17%
20/06/15 18:46:55 INFO mapreduce.Job:  map 56% reduce 17%
20/06/15 18:46:56 INFO mapreduce.Job:  map 56% reduce 18%
20/06/15 18:46:59 INFO mapreduce.Job:  map 57% reduce 18%
20/06/15 18:47:02 INFO mapreduce.Job:  map 57% reduce 19%
20/06/15 18:47:04 INFO mapreduce.Job:  map 58% reduce 19%
20/06/15 18:47:10 INFO mapreduce.Job:  map 59% reduce 19%
20/06/15 18:47:13 INFO mapreduce.Job:  map 60% reduce 19%
20/06/15 18:47:20 INFO mapreduce.Job:  map 61% reduce 19%
20/06/15 18:47:24 INFO mapreduce.Job:  map 62% reduce 19%
20/06/15 18:47:29 INFO mapreduce.Job:  map 63% reduce 19%
20/06/15 18:47:30 INFO mapreduce.Job:  map 64% reduce 19%
20/06/15 18:47:33 INFO mapreduce.Job:  map 65% reduce 20%
20/06/15 18:47:36 INFO mapreduce.Job:  map 66% reduce 21%
20/06/15 18:47:42 INFO mapreduce.Job:  map 67% reduce 22%
20/06/15 18:47:47 INFO mapreduce.Job:  map 68% reduce 22%
20/06/15 18:47:52 INFO mapreduce.Job:  map 69% reduce 22%
20/06/15 18:47:56 INFO mapreduce.Job:  map 70% reduce 22%
20/06/15 18:48:00 INFO mapreduce.Job:  map 70% reduce 23%
20/06/15 18:48:01 INFO mapreduce.Job:  map 71% reduce 23%
20/06/15 18:48:06 INFO mapreduce.Job:  map 72% reduce 23%
20/06/15 18:48:11 INFO mapreduce.Job:  map 73% reduce 23%
20/06/15 18:48:17 INFO mapreduce.Job:  map 74% reduce 23%
20/06/15 18:48:22 INFO mapreduce.Job:  map 75% reduce 23%
20/06/15 18:48:26 INFO mapreduce.Job:  map 76% reduce 23%
20/06/15 18:48:29 INFO mapreduce.Job:  map 77% reduce 23%
20/06/15 18:48:30 INFO mapreduce.Job:  map 77% reduce 24%
20/06/15 18:48:32 INFO mapreduce.Job:  map 78% reduce 24%
20/06/15 18:48:33 INFO mapreduce.Job:  map 78% reduce 25%
20/06/15 18:48:34 INFO mapreduce.Job:  map 79% reduce 25%
20/06/15 18:48:36 INFO mapreduce.Job:  map 79% reduce 26%
20/06/15 18:48:41 INFO mapreduce.Job:  map 80% reduce 26%
20/06/15 18:48:42 INFO mapreduce.Job:  map 81% reduce 26%
20/06/15 18:48:43 INFO mapreduce.Job:  map 81% reduce 27%
20/06/15 18:48:46 INFO mapreduce.Job:  map 82% reduce 27%
20/06/15 18:48:50 INFO mapreduce.Job:  map 83% reduce 27%
20/06/15 18:48:51 INFO mapreduce.Job:  map 84% reduce 27%
20/06/15 18:48:57 INFO mapreduce.Job:  map 85% reduce 27%
20/06/15 18:48:58 INFO mapreduce.Job:  map 85% reduce 28%
20/06/15 18:48:59 INFO mapreduce.Job:  map 86% reduce 28%
20/06/15 18:49:00 INFO mapreduce.Job:  map 87% reduce 28%
20/06/15 18:49:01 INFO mapreduce.Job:  map 88% reduce 28%
20/06/15 18:49:04 INFO mapreduce.Job:  map 88% reduce 29%
20/06/15 18:49:08 INFO mapreduce.Job:  map 89% reduce 29%
20/06/15 18:49:09 INFO mapreduce.Job:  map 90% reduce 29%
20/06/15 18:49:12 INFO mapreduce.Job:  map 91% reduce 29%
20/06/15 18:49:15 INFO mapreduce.Job:  map 92% reduce 29%
20/06/15 18:49:19 INFO mapreduce.Job:  map 93% reduce 29%
20/06/15 18:49:21 INFO mapreduce.Job:  map 94% reduce 29%
20/06/15 18:49:22 INFO mapreduce.Job:  map 94% reduce 30%
20/06/15 18:49:23 INFO mapreduce.Job:  map 96% reduce 30%
20/06/15 18:49:25 INFO mapreduce.Job:  map 96% reduce 31%
20/06/15 18:49:27 INFO mapreduce.Job:  map 97% reduce 31%
20/06/15 18:49:31 INFO mapreduce.Job:  map 99% reduce 31%
20/06/15 18:49:32 INFO mapreduce.Job:  map 100% reduce 32%
20/06/15 18:49:35 INFO mapreduce.Job:  map 100% reduce 40%
20/06/15 18:49:38 INFO mapreduce.Job:  map 100% reduce 51%
20/06/15 18:49:41 INFO mapreduce.Job:  map 100% reduce 65%
20/06/15 18:49:44 INFO mapreduce.Job:  map 100% reduce 72%
20/06/15 18:49:47 INFO mapreduce.Job:  map 100% reduce 77%
20/06/15 18:49:50 INFO mapreduce.Job:  map 100% reduce 82%
20/06/15 18:49:53 INFO mapreduce.Job:  map 100% reduce 87%
20/06/15 18:49:56 INFO mapreduce.Job:  map 100% reduce 95%
20/06/15 18:49:58 INFO mapreduce.Job:  map 100% reduce 100%
20/06/15 18:49:58 INFO mapreduce.Job: Job job_1592212594914_0006 completed successfully
20/06/15 18:49:58 INFO mapreduce.Job: Counters: 51
	File System Counters
		FILE: Number of bytes read=2212038728
		FILE: Number of bytes written=3012729997
		FILE: Number of read operations=0
		FILE: Number of large read operations=0
		FILE: Number of write operations=0
		HDFS: Number of bytes read=11025668664
		HDFS: Number of bytes written=472954036
		HDFS: Number of read operations=273
		HDFS: Number of large read operations=0
		HDFS: Number of write operations=2
	Job Counters 
		Killed map tasks=1
		Launched map tasks=91
		Launched reduce tasks=1
		Data-local map tasks=83
		Rack-local map tasks=8
		Total time spent by all maps in occupied slots (ms)=3599791
		Total time spent by all reduces in occupied slots (ms)=354912
		Total time spent by all map tasks (ms)=3599791
		Total time spent by all reduce tasks (ms)=354912
		Total vcore-milliseconds taken by all map tasks=3599791
		Total vcore-milliseconds taken by all reduce tasks=354912
		Total megabyte-milliseconds taken by all map tasks=3686185984
		Total megabyte-milliseconds taken by all reduce tasks=363429888
	Map-Reduce Framework
		Map input records=1179594
		Map output records=1009901268
		Map output bytes=19265183218
		Map output materialized bytes=789509164
		Input split bytes=9630
		Combine input records=1034891965
		Combine output records=47597616
		Reduce input groups=9841803
		Reduce shuffle bytes=789509164
		Reduce input records=22606919
		Reduce output records=9841803
		Spilled Records=86981708
		Shuffled Maps =90
		Failed Shuffles=0
		Merged Map outputs=90
		GC time elapsed (ms)=69017
		CPU time spent (ms)=2103040
		Physical memory (bytes) snapshot=25083387904
		Virtual memory (bytes) snapshot=191975497728
		Total committed heap usage (bytes)=18937282560
	Shuffle Errors
		BAD_ID=0
		CONNECTION=0
		IO_ERROR=0
		WRONG_LENGTH=0
		WRONG_MAP=0
		WRONG_REDUCE=0
	File Input Format Counters 
		Bytes Read=11025659034
	File Output Format Counters 
		Bytes Written=472954036
20/06/15 18:49:58 INFO client.RMProxy: Connecting to ResourceManager at master/10.51.17.95:8032
20/06/15 18:49:58 INFO input.FileInputFormat: Total input paths to process : 1
20/06/15 18:49:59 INFO mapreduce.JobSubmitter: number of splits:4
20/06/15 18:49:59 INFO mapreduce.JobSubmitter: Submitting tokens for job: job_1592212594914_0007
20/06/15 18:49:59 INFO impl.YarnClientImpl: Submitted application application_1592212594914_0007
20/06/15 18:49:59 INFO mapreduce.Job: The url to track the job: http://master:8088/proxy/application_1592212594914_0007/
20/06/15 18:49:59 INFO mapreduce.Job: Running job: job_1592212594914_0007
20/06/15 18:50:07 INFO mapreduce.Job: Job job_1592212594914_0007 running in uber mode : false
20/06/15 18:50:07 INFO mapreduce.Job:  map 0% reduce 0%
20/06/15 18:50:19 INFO mapreduce.Job:  map 43% reduce 0%
20/06/15 18:50:20 INFO mapreduce.Job:  map 60% reduce 0%
20/06/15 18:50:22 INFO mapreduce.Job:  map 69% reduce 0%
20/06/15 18:50:23 INFO mapreduce.Job:  map 78% reduce 0%
20/06/15 18:50:25 INFO mapreduce.Job:  map 88% reduce 0%
20/06/15 18:50:26 INFO mapreduce.Job:  map 92% reduce 0%
20/06/15 18:50:27 INFO mapreduce.Job:  map 100% reduce 0%
20/06/15 18:50:29 INFO mapreduce.Job:  map 100% reduce 68%
20/06/15 18:50:32 INFO mapreduce.Job:  map 100% reduce 81%
20/06/15 18:50:35 INFO mapreduce.Job:  map 100% reduce 91%
20/06/15 18:50:37 INFO mapreduce.Job:  map 100% reduce 100%
20/06/15 18:50:37 INFO mapreduce.Job: Job job_1592212594914_0007 completed successfully
20/06/15 18:50:37 INFO mapreduce.Job: Counters: 50
	File System Counters
		FILE: Number of bytes read=754217147
		FILE: Number of bytes written=1164111403
		FILE: Number of read operations=0
		FILE: Number of large read operations=0
		FILE: Number of write operations=0
		HDFS: Number of bytes read=472959505
		HDFS: Number of bytes written=331204946
		HDFS: Number of read operations=19
		HDFS: Number of large read operations=0
		HDFS: Number of write operations=2
	Job Counters 
		Killed map tasks=1
		Launched map tasks=5
		Launched reduce tasks=1
		Data-local map tasks=5
		Total time spent by all maps in occupied slots (ms)=63817
		Total time spent by all reduces in occupied slots (ms)=15925
		Total time spent by all map tasks (ms)=63817
		Total time spent by all reduce tasks (ms)=15925
		Total vcore-milliseconds taken by all map tasks=63817
		Total vcore-milliseconds taken by all reduce tasks=15925
		Total megabyte-milliseconds taken by all map tasks=65348608
		Total megabyte-milliseconds taken by all reduce tasks=16307200
	Map-Reduce Framework
		Map input records=9841803
		Map output records=9841803
		Map output bytes=389598846
		Map output materialized bytes=409282476
		Input split bytes=508
		Combine input records=0
		Combine output records=0
		Reduce input groups=1244
		Reduce shuffle bytes=409282476
		Reduce input records=9841803
		Reduce output records=9841803
		Spilled Records=28647293
		Shuffled Maps =4
		Failed Shuffles=0
		Merged Map outputs=4
		GC time elapsed (ms)=1815
		CPU time spent (ms)=45280
		Physical memory (bytes) snapshot=1278070784
		Virtual memory (bytes) snapshot=10545651712
		Total committed heap usage (bytes)=942669824
	Shuffle Errors
		BAD_ID=0
		CONNECTION=0
		IO_ERROR=0
		WRONG_LENGTH=0
		WRONG_MAP=0
		WRONG_REDUCE=0
	File Input Format Counters 
		Bytes Read=472958997
	File Output Format Counters 
		Bytes Written=331204946
