20/06/15 19:00:13 INFO client.RMProxy: Connecting to ResourceManager at master/10.51.17.95:8032
20/06/15 19:00:13 INFO input.FileInputFormat: Total input paths to process : 10
20/06/15 19:00:13 INFO mapreduce.JobSubmitter: number of splits:90
20/06/15 19:00:14 INFO mapreduce.JobSubmitter: Submitting tokens for job: job_1592212594914_0010
20/06/15 19:00:14 INFO impl.YarnClientImpl: Submitted application application_1592212594914_0010
20/06/15 19:00:14 INFO mapreduce.Job: The url to track the job: http://master:8088/proxy/application_1592212594914_0010/
20/06/15 19:00:14 INFO mapreduce.Job: Running job: job_1592212594914_0010
20/06/15 19:00:19 INFO mapreduce.Job: Job job_1592212594914_0010 running in uber mode : false
20/06/15 19:00:19 INFO mapreduce.Job:  map 0% reduce 0%
20/06/15 19:00:31 INFO mapreduce.Job:  map 1% reduce 0%
20/06/15 19:00:33 INFO mapreduce.Job:  map 2% reduce 0%
20/06/15 19:00:40 INFO mapreduce.Job:  map 3% reduce 0%
20/06/15 19:00:44 INFO mapreduce.Job:  map 4% reduce 0%
20/06/15 19:00:50 INFO mapreduce.Job:  map 5% reduce 0%
20/06/15 19:00:55 INFO mapreduce.Job:  map 6% reduce 0%
20/06/15 19:00:57 INFO mapreduce.Job:  map 7% reduce 0%
20/06/15 19:00:59 INFO mapreduce.Job:  map 8% reduce 0%
20/06/15 19:01:06 INFO mapreduce.Job:  map 9% reduce 0%
20/06/15 19:01:10 INFO mapreduce.Job:  map 10% reduce 0%
20/06/15 19:01:15 INFO mapreduce.Job:  map 11% reduce 0%
20/06/15 19:01:16 INFO mapreduce.Job:  map 12% reduce 0%
20/06/15 19:01:18 INFO mapreduce.Job:  map 13% reduce 0%
20/06/15 19:01:26 INFO mapreduce.Job:  map 14% reduce 0%
20/06/15 19:01:28 INFO mapreduce.Job:  map 15% reduce 0%
20/06/15 19:01:31 INFO mapreduce.Job:  map 15% reduce 4%
20/06/15 19:01:32 INFO mapreduce.Job:  map 16% reduce 4%
20/06/15 19:01:36 INFO mapreduce.Job:  map 17% reduce 4%
20/06/15 19:01:40 INFO mapreduce.Job:  map 17% reduce 5%
20/06/15 19:01:42 INFO mapreduce.Job:  map 18% reduce 5%
20/06/15 19:01:47 INFO mapreduce.Job:  map 19% reduce 5%
20/06/15 19:01:52 INFO mapreduce.Job:  map 20% reduce 5%
20/06/15 19:01:58 INFO mapreduce.Job:  map 21% reduce 5%
20/06/15 19:02:01 INFO mapreduce.Job:  map 22% reduce 5%
20/06/15 19:02:03 INFO mapreduce.Job:  map 23% reduce 5%
20/06/15 19:02:05 INFO mapreduce.Job:  map 24% reduce 7%
20/06/15 19:02:09 INFO mapreduce.Job:  map 25% reduce 7%
20/06/15 19:02:11 INFO mapreduce.Job:  map 25% reduce 8%
20/06/15 19:02:16 INFO mapreduce.Job:  map 26% reduce 8%
20/06/15 19:02:19 INFO mapreduce.Job:  map 27% reduce 8%
20/06/15 19:02:23 INFO mapreduce.Job:  map 28% reduce 9%
20/06/15 19:02:29 INFO mapreduce.Job:  map 29% reduce 9%
20/06/15 19:02:35 INFO mapreduce.Job:  map 30% reduce 9%
20/06/15 19:02:37 INFO mapreduce.Job:  map 31% reduce 9%
20/06/15 19:02:43 INFO mapreduce.Job:  map 32% reduce 9%
20/06/15 19:02:46 INFO mapreduce.Job:  map 33% reduce 9%
20/06/15 19:02:49 INFO mapreduce.Job:  map 34% reduce 9%
20/06/15 19:02:50 INFO mapreduce.Job:  map 34% reduce 10%
20/06/15 19:02:52 INFO mapreduce.Job:  map 35% reduce 10%
20/06/15 19:02:56 INFO mapreduce.Job:  map 35% reduce 11%
20/06/15 19:02:57 INFO mapreduce.Job:  map 36% reduce 11%
20/06/15 19:02:59 INFO mapreduce.Job:  map 36% reduce 12%
20/06/15 19:03:00 INFO mapreduce.Job:  map 37% reduce 12%
20/06/15 19:03:04 INFO mapreduce.Job:  map 38% reduce 12%
20/06/15 19:03:10 INFO mapreduce.Job:  map 39% reduce 12%
20/06/15 19:03:14 INFO mapreduce.Job:  map 40% reduce 12%
20/06/15 19:03:19 INFO mapreduce.Job:  map 41% reduce 12%
20/06/15 19:03:24 INFO mapreduce.Job:  map 42% reduce 12%
20/06/15 19:03:27 INFO mapreduce.Job:  map 43% reduce 13%
20/06/15 19:03:32 INFO mapreduce.Job:  map 44% reduce 13%
20/06/15 19:03:35 INFO mapreduce.Job:  map 45% reduce 13%
20/06/15 19:03:36 INFO mapreduce.Job:  map 45% reduce 14%
20/06/15 19:03:40 INFO mapreduce.Job:  map 46% reduce 14%
20/06/15 19:03:44 INFO mapreduce.Job:  map 47% reduce 14%
20/06/15 19:03:45 INFO mapreduce.Job:  map 47% reduce 15%
20/06/15 19:03:48 INFO mapreduce.Job:  map 48% reduce 15%
20/06/15 19:03:50 INFO mapreduce.Job:  map 49% reduce 15%
20/06/15 19:03:51 INFO mapreduce.Job:  map 49% reduce 16%
20/06/15 19:03:57 INFO mapreduce.Job:  map 50% reduce 16%
20/06/15 19:04:01 INFO mapreduce.Job:  map 51% reduce 16%
20/06/15 19:04:06 INFO mapreduce.Job:  map 52% reduce 16%
20/06/15 19:04:11 INFO mapreduce.Job:  map 53% reduce 16%
20/06/15 19:04:15 INFO mapreduce.Job:  map 54% reduce 16%
20/06/15 19:04:16 INFO mapreduce.Job:  map 55% reduce 17%
20/06/15 19:04:21 INFO mapreduce.Job:  map 56% reduce 17%
20/06/15 19:04:26 INFO mapreduce.Job:  map 57% reduce 17%
20/06/15 19:04:27 INFO mapreduce.Job:  map 57% reduce 18%
20/06/15 19:04:29 INFO mapreduce.Job:  map 58% reduce 18%
20/06/15 19:04:30 INFO mapreduce.Job:  map 58% reduce 19%
20/06/15 19:04:34 INFO mapreduce.Job:  map 59% reduce 19%
20/06/15 19:04:39 INFO mapreduce.Job:  map 60% reduce 19%
20/06/15 19:04:42 INFO mapreduce.Job:  map 61% reduce 19%
20/06/15 19:04:43 INFO mapreduce.Job:  map 61% reduce 20%
20/06/15 19:04:48 INFO mapreduce.Job:  map 62% reduce 20%
20/06/15 19:04:51 INFO mapreduce.Job:  map 63% reduce 20%
20/06/15 19:04:56 INFO mapreduce.Job:  map 64% reduce 20%
20/06/15 19:05:02 INFO mapreduce.Job:  map 65% reduce 20%
20/06/15 19:05:04 INFO mapreduce.Job:  map 66% reduce 20%
20/06/15 19:05:07 INFO mapreduce.Job:  map 66% reduce 21%
20/06/15 19:05:09 INFO mapreduce.Job:  map 67% reduce 21%
20/06/15 19:05:13 INFO mapreduce.Job:  map 68% reduce 21%
20/06/15 19:05:15 INFO mapreduce.Job:  map 69% reduce 21%
20/06/15 19:05:17 INFO mapreduce.Job:  map 69% reduce 22%
20/06/15 19:05:20 INFO mapreduce.Job:  map 69% reduce 23%
20/06/15 19:05:21 INFO mapreduce.Job:  map 70% reduce 23%
20/06/15 19:05:26 INFO mapreduce.Job:  map 71% reduce 23%
20/06/15 19:05:29 INFO mapreduce.Job:  map 72% reduce 23%
20/06/15 19:05:32 INFO mapreduce.Job:  map 73% reduce 23%
20/06/15 19:05:37 INFO mapreduce.Job:  map 74% reduce 23%
20/06/15 19:05:41 INFO mapreduce.Job:  map 74% reduce 24%
20/06/15 19:05:42 INFO mapreduce.Job:  map 75% reduce 24%
20/06/15 19:05:47 INFO mapreduce.Job:  map 76% reduce 24%
20/06/15 19:05:52 INFO mapreduce.Job:  map 77% reduce 24%
20/06/15 19:05:53 INFO mapreduce.Job:  map 78% reduce 24%
20/06/15 19:05:57 INFO mapreduce.Job:  map 78% reduce 25%
20/06/15 19:05:59 INFO mapreduce.Job:  map 79% reduce 25%
20/06/15 19:06:03 INFO mapreduce.Job:  map 80% reduce 26%
20/06/15 19:06:07 INFO mapreduce.Job:  map 81% reduce 26%
20/06/15 19:06:11 INFO mapreduce.Job:  map 82% reduce 26%
20/06/15 19:06:14 INFO mapreduce.Job:  map 82% reduce 27%
20/06/15 19:06:15 INFO mapreduce.Job:  map 83% reduce 27%
20/06/15 19:06:18 INFO mapreduce.Job:  map 84% reduce 27%
20/06/15 19:06:20 INFO mapreduce.Job:  map 85% reduce 27%
20/06/15 19:06:26 INFO mapreduce.Job:  map 86% reduce 27%
20/06/15 19:06:27 INFO mapreduce.Job:  map 87% reduce 27%
20/06/15 19:06:30 INFO mapreduce.Job:  map 88% reduce 28%
20/06/15 19:06:31 INFO mapreduce.Job:  map 89% reduce 28%
20/06/15 19:06:33 INFO mapreduce.Job:  map 89% reduce 29%
20/06/15 19:06:35 INFO mapreduce.Job:  map 90% reduce 29%
20/06/15 19:06:38 INFO mapreduce.Job:  map 91% reduce 29%
20/06/15 19:06:39 INFO mapreduce.Job:  map 92% reduce 30%
20/06/15 19:06:40 INFO mapreduce.Job:  map 93% reduce 30%
20/06/15 19:06:43 INFO mapreduce.Job:  map 94% reduce 30%
20/06/15 19:06:45 INFO mapreduce.Job:  map 94% reduce 31%
20/06/15 19:06:46 INFO mapreduce.Job:  map 95% reduce 31%
20/06/15 19:06:47 INFO mapreduce.Job:  map 97% reduce 31%
20/06/15 19:06:48 INFO mapreduce.Job:  map 98% reduce 32%
20/06/15 19:06:50 INFO mapreduce.Job:  map 100% reduce 32%
20/06/15 19:06:51 INFO mapreduce.Job:  map 100% reduce 33%
20/06/15 19:06:54 INFO mapreduce.Job:  map 100% reduce 34%
20/06/15 19:06:57 INFO mapreduce.Job:  map 100% reduce 46%
20/06/15 19:07:00 INFO mapreduce.Job:  map 100% reduce 57%
20/06/15 19:07:03 INFO mapreduce.Job:  map 100% reduce 69%
20/06/15 19:07:06 INFO mapreduce.Job:  map 100% reduce 74%
20/06/15 19:07:09 INFO mapreduce.Job:  map 100% reduce 79%
20/06/15 19:07:12 INFO mapreduce.Job:  map 100% reduce 84%
20/06/15 19:07:15 INFO mapreduce.Job:  map 100% reduce 90%
20/06/15 19:07:18 INFO mapreduce.Job:  map 100% reduce 98%
20/06/15 19:07:19 INFO mapreduce.Job:  map 100% reduce 100%
20/06/15 19:07:20 INFO mapreduce.Job: Job job_1592212594914_0010 completed successfully
20/06/15 19:07:20 INFO mapreduce.Job: Counters: 51
	File System Counters
		FILE: Number of bytes read=2206762267
		FILE: Number of bytes written=3007453445
		FILE: Number of read operations=0
		FILE: Number of large read operations=0
		FILE: Number of write operations=0
		HDFS: Number of bytes read=11025668664
		HDFS: Number of bytes written=472954036
		HDFS: Number of read operations=273
		HDFS: Number of large read operations=0
		HDFS: Number of write operations=2
	Job Counters 
		Killed map tasks=1
		Launched map tasks=91
		Launched reduce tasks=1
		Data-local map tasks=87
		Rack-local map tasks=4
		Total time spent by all maps in occupied slots (ms)=3467956
		Total time spent by all reduces in occupied slots (ms)=360026
		Total time spent by all map tasks (ms)=3467956
		Total time spent by all reduce tasks (ms)=360026
		Total vcore-milliseconds taken by all map tasks=3467956
		Total vcore-milliseconds taken by all reduce tasks=360026
		Total megabyte-milliseconds taken by all map tasks=3551186944
		Total megabyte-milliseconds taken by all reduce tasks=368666624
	Map-Reduce Framework
		Map input records=1179594
		Map output records=1009901268
		Map output bytes=19265183218
		Map output materialized bytes=789509164
		Input split bytes=9630
		Combine input records=1034891965
		Combine output records=47597616
		Reduce input groups=9841803
		Reduce shuffle bytes=789509164
		Reduce input records=22606919
		Reduce output records=9841803
		Spilled Records=86990242
		Shuffled Maps =90
		Failed Shuffles=0
		Merged Map outputs=90
		GC time elapsed (ms)=70338
		CPU time spent (ms)=2054510
		Physical memory (bytes) snapshot=25089433600
		Virtual memory (bytes) snapshot=192029503488
		Total committed heap usage (bytes)=18938855424
	Shuffle Errors
		BAD_ID=0
		CONNECTION=0
		IO_ERROR=0
		WRONG_LENGTH=0
		WRONG_MAP=0
		WRONG_REDUCE=0
	File Input Format Counters 
		Bytes Read=11025659034
	File Output Format Counters 
		Bytes Written=472954036
20/06/15 19:07:20 INFO client.RMProxy: Connecting to ResourceManager at master/10.51.17.95:8032
20/06/15 19:07:21 INFO input.FileInputFormat: Total input paths to process : 1
20/06/15 19:07:21 INFO mapreduce.JobSubmitter: number of splits:4
20/06/15 19:07:21 INFO mapreduce.JobSubmitter: Submitting tokens for job: job_1592212594914_0011
20/06/15 19:07:21 INFO impl.YarnClientImpl: Submitted application application_1592212594914_0011
20/06/15 19:07:21 INFO mapreduce.Job: The url to track the job: http://master:8088/proxy/application_1592212594914_0011/
20/06/15 19:07:21 INFO mapreduce.Job: Running job: job_1592212594914_0011
20/06/15 19:07:30 INFO mapreduce.Job: Job job_1592212594914_0011 running in uber mode : false
20/06/15 19:07:30 INFO mapreduce.Job:  map 0% reduce 0%
20/06/15 19:07:39 INFO mapreduce.Job:  map 25% reduce 0%
20/06/15 19:07:41 INFO mapreduce.Job:  map 33% reduce 0%
20/06/15 19:07:42 INFO mapreduce.Job:  map 55% reduce 0%
20/06/15 19:07:44 INFO mapreduce.Job:  map 59% reduce 0%
20/06/15 19:07:45 INFO mapreduce.Job:  map 73% reduce 0%
20/06/15 19:07:46 INFO mapreduce.Job:  map 77% reduce 0%
20/06/15 19:07:47 INFO mapreduce.Job:  map 81% reduce 0%
20/06/15 19:07:48 INFO mapreduce.Job:  map 84% reduce 0%
20/06/15 19:07:49 INFO mapreduce.Job:  map 84% reduce 17%
20/06/15 19:07:50 INFO mapreduce.Job:  map 100% reduce 17%
20/06/15 19:07:52 INFO mapreduce.Job:  map 100% reduce 72%
20/06/15 19:07:55 INFO mapreduce.Job:  map 100% reduce 83%
20/06/15 19:07:58 INFO mapreduce.Job:  map 100% reduce 93%
20/06/15 19:08:00 INFO mapreduce.Job:  map 100% reduce 100%
20/06/15 19:08:00 INFO mapreduce.Job: Job job_1592212594914_0011 completed successfully
20/06/15 19:08:00 INFO mapreduce.Job: Counters: 50
	File System Counters
		FILE: Number of bytes read=754217147
		FILE: Number of bytes written=1164111398
		FILE: Number of read operations=0
		FILE: Number of large read operations=0
		FILE: Number of write operations=0
		HDFS: Number of bytes read=472959501
		HDFS: Number of bytes written=331204946
		HDFS: Number of read operations=19
		HDFS: Number of large read operations=0
		HDFS: Number of write operations=2
	Job Counters 
		Killed map tasks=1
		Launched map tasks=5
		Launched reduce tasks=1
		Data-local map tasks=5
		Total time spent by all maps in occupied slots (ms)=64510
		Total time spent by all reduces in occupied slots (ms)=17713
		Total time spent by all map tasks (ms)=64510
		Total time spent by all reduce tasks (ms)=17713
		Total vcore-milliseconds taken by all map tasks=64510
		Total vcore-milliseconds taken by all reduce tasks=17713
		Total megabyte-milliseconds taken by all map tasks=66058240
		Total megabyte-milliseconds taken by all reduce tasks=18138112
	Map-Reduce Framework
		Map input records=9841803
		Map output records=9841803
		Map output bytes=389598846
		Map output materialized bytes=409282476
		Input split bytes=504
		Combine input records=0
		Combine output records=0
		Reduce input groups=1244
		Reduce shuffle bytes=409282476
		Reduce input records=9841803
		Reduce output records=9841803
		Spilled Records=28647293
		Shuffled Maps =4
		Failed Shuffles=0
		Merged Map outputs=4
		GC time elapsed (ms)=1623
		CPU time spent (ms)=47810
		Physical memory (bytes) snapshot=1264218112
		Virtual memory (bytes) snapshot=10544549888
		Total committed heap usage (bytes)=940572672
	Shuffle Errors
		BAD_ID=0
		CONNECTION=0
		IO_ERROR=0
		WRONG_LENGTH=0
		WRONG_MAP=0
		WRONG_REDUCE=0
	File Input Format Counters 
		Bytes Read=472958997
	File Output Format Counters 
		Bytes Written=331204946
