20/06/08 18:17:53 INFO client.RMProxy: Connecting to ResourceManager at master/10.51.17.95:8032
20/06/08 18:17:53 INFO input.FileInputFormat: Total input paths to process : 16
20/06/08 18:17:53 INFO mapreduce.JobSubmitter: number of splits:16
20/06/08 18:17:54 INFO mapreduce.JobSubmitter: Submitting tokens for job: job_1591605173931_0015
20/06/08 18:17:54 INFO impl.YarnClientImpl: Submitted application application_1591605173931_0015
20/06/08 18:17:54 INFO mapreduce.Job: The url to track the job: http://master:8088/proxy/application_1591605173931_0015/
20/06/08 18:17:54 INFO mapreduce.Job: Running job: job_1591605173931_0015
20/06/08 18:17:59 INFO mapreduce.Job: Job job_1591605173931_0015 running in uber mode : false
20/06/08 18:17:59 INFO mapreduce.Job:  map 0% reduce 0%
20/06/08 18:18:12 INFO mapreduce.Job:  map 17% reduce 0%
20/06/08 18:18:13 INFO mapreduce.Job:  map 38% reduce 0%
20/06/08 18:18:14 INFO mapreduce.Job:  map 46% reduce 0%
20/06/08 18:18:15 INFO mapreduce.Job:  map 58% reduce 0%
20/06/08 18:19:05 INFO mapreduce.Job:  map 65% reduce 0%
20/06/08 18:19:06 INFO mapreduce.Job:  map 71% reduce 0%
20/06/08 18:19:14 INFO mapreduce.Job:  map 79% reduce 0%
20/06/08 18:19:16 INFO mapreduce.Job:  map 79% reduce 13%
20/06/08 18:19:24 INFO mapreduce.Job:  map 81% reduce 13%
20/06/08 18:19:25 INFO mapreduce.Job:  map 85% reduce 15%
20/06/08 18:19:26 INFO mapreduce.Job:  map 90% reduce 15%
20/06/08 18:19:27 INFO mapreduce.Job:  map 96% reduce 15%
20/06/08 18:19:28 INFO mapreduce.Job:  map 96% reduce 29%
20/06/08 18:19:36 INFO mapreduce.Job:  map 98% reduce 29%
20/06/08 18:19:37 INFO mapreduce.Job:  map 100% reduce 31%
20/06/08 18:19:38 INFO mapreduce.Job:  map 100% reduce 100%
20/06/08 18:19:38 INFO mapreduce.Job: Job job_1591605173931_0015 completed successfully
20/06/08 18:19:38 INFO mapreduce.Job: Counters: 49
	File System Counters
		FILE: Number of bytes read=358
		FILE: Number of bytes written=2094137
		FILE: Number of read operations=0
		FILE: Number of large read operations=0
		FILE: Number of write operations=0
		HDFS: Number of bytes read=4166
		HDFS: Number of bytes written=215
		HDFS: Number of read operations=67
		HDFS: Number of large read operations=0
		HDFS: Number of write operations=3
	Job Counters 
		Launched map tasks=16
		Launched reduce tasks=1
		Data-local map tasks=16
		Total time spent by all maps in occupied slots (ms)=1128356
		Total time spent by all reduces in occupied slots (ms)=30933
		Total time spent by all map tasks (ms)=1128356
		Total time spent by all reduce tasks (ms)=30933
		Total vcore-milliseconds taken by all map tasks=1128356
		Total vcore-milliseconds taken by all reduce tasks=30933
		Total megabyte-milliseconds taken by all map tasks=1155436544
		Total megabyte-milliseconds taken by all reduce tasks=31675392
	Map-Reduce Framework
		Map input records=16
		Map output records=32
		Map output bytes=288
		Map output materialized bytes=448
		Input split bytes=2278
		Combine input records=0
		Combine output records=0
		Reduce input groups=2
		Reduce shuffle bytes=448
		Reduce input records=32
		Reduce output records=0
		Spilled Records=64
		Shuffled Maps =16
		Failed Shuffles=0
		Merged Map outputs=16
		GC time elapsed (ms)=8809
		CPU time spent (ms)=465410
		Physical memory (bytes) snapshot=4420915200
		Virtual memory (bytes) snapshot=35810533376
		Total committed heap usage (bytes)=3351248896
	Shuffle Errors
		BAD_ID=0
		CONNECTION=0
		IO_ERROR=0
		WRONG_LENGTH=0
		WRONG_MAP=0
		WRONG_REDUCE=0
	File Input Format Counters 
		Bytes Read=1888
	File Output Format Counters 
		Bytes Written=97
