20/06/13 03:17:46 INFO client.RMProxy: Connecting to ResourceManager at master/10.51.17.95:8032
20/06/13 03:17:47 INFO client.RMProxy: Connecting to ResourceManager at master/10.51.17.95:8032
20/06/13 03:17:47 INFO input.FileInputFormat: Total input paths to process : 10
20/06/13 03:17:47 INFO mapreduce.JobSubmitter: number of splits:80
20/06/13 03:17:48 INFO mapreduce.JobSubmitter: Submitting tokens for job: job_1591984840206_0004
20/06/13 03:17:48 INFO impl.YarnClientImpl: Submitted application application_1591984840206_0004
20/06/13 03:17:48 INFO mapreduce.Job: The url to track the job: http://master:8088/proxy/application_1591984840206_0004/
20/06/13 03:17:48 INFO mapreduce.Job: Running job: job_1591984840206_0004
20/06/13 03:17:59 INFO mapreduce.Job: Job job_1591984840206_0004 running in uber mode : false
20/06/13 03:17:59 INFO mapreduce.Job:  map 0% reduce 0%
20/06/13 03:18:13 INFO mapreduce.Job:  map 1% reduce 0%
20/06/13 03:18:14 INFO mapreduce.Job:  map 3% reduce 0%
20/06/13 03:18:15 INFO mapreduce.Job:  map 7% reduce 0%
20/06/13 03:18:17 INFO mapreduce.Job:  map 8% reduce 0%
20/06/13 03:18:18 INFO mapreduce.Job:  map 13% reduce 0%
20/06/13 03:18:21 INFO mapreduce.Job:  map 15% reduce 0%
20/06/13 03:18:23 INFO mapreduce.Job:  map 16% reduce 0%
20/06/13 03:18:25 INFO mapreduce.Job:  map 17% reduce 0%
20/06/13 03:18:26 INFO mapreduce.Job:  map 18% reduce 0%
20/06/13 03:18:28 INFO mapreduce.Job:  map 19% reduce 0%
20/06/13 03:18:29 INFO mapreduce.Job:  map 21% reduce 0%
20/06/13 03:18:30 INFO mapreduce.Job:  map 23% reduce 0%
20/06/13 03:18:33 INFO mapreduce.Job:  map 24% reduce 0%
20/06/13 03:18:34 INFO mapreduce.Job:  map 25% reduce 0%
20/06/13 03:18:35 INFO mapreduce.Job:  map 26% reduce 0%
20/06/13 03:18:38 INFO mapreduce.Job:  map 27% reduce 0%
20/06/13 03:18:41 INFO mapreduce.Job:  map 30% reduce 0%
20/06/13 03:18:42 INFO mapreduce.Job:  map 31% reduce 0%
20/06/13 03:18:43 INFO mapreduce.Job:  map 31% reduce 1%
20/06/13 03:18:44 INFO mapreduce.Job:  map 33% reduce 2%
20/06/13 03:18:45 INFO mapreduce.Job:  map 34% reduce 2%
20/06/13 03:18:47 INFO mapreduce.Job:  map 35% reduce 2%
20/06/13 03:18:49 INFO mapreduce.Job:  map 37% reduce 2%
20/06/13 03:18:50 INFO mapreduce.Job:  map 38% reduce 2%
20/06/13 03:18:51 INFO mapreduce.Job:  map 38% reduce 3%
20/06/13 03:18:53 INFO mapreduce.Job:  map 39% reduce 3%
20/06/13 03:18:54 INFO mapreduce.Job:  map 39% reduce 4%
20/06/13 03:18:57 INFO mapreduce.Job:  map 39% reduce 6%
20/06/13 03:18:59 INFO mapreduce.Job:  map 39% reduce 7%
20/06/13 03:19:00 INFO mapreduce.Job:  map 40% reduce 7%
20/06/13 03:19:02 INFO mapreduce.Job:  map 40% reduce 8%
20/06/13 03:19:04 INFO mapreduce.Job:  map 41% reduce 8%
20/06/13 03:19:05 INFO mapreduce.Job:  map 41% reduce 9%
20/06/13 03:19:07 INFO mapreduce.Job:  map 42% reduce 9%
20/06/13 03:19:09 INFO mapreduce.Job:  map 43% reduce 9%
20/06/13 03:19:11 INFO mapreduce.Job:  map 44% reduce 9%
20/06/13 03:19:14 INFO mapreduce.Job:  map 44% reduce 10%
20/06/13 03:19:15 INFO mapreduce.Job:  map 45% reduce 10%
20/06/13 03:19:18 INFO mapreduce.Job:  map 46% reduce 11%
20/06/13 03:19:20 INFO mapreduce.Job:  map 47% reduce 11%
20/06/13 03:19:24 INFO mapreduce.Job:  map 49% reduce 12%
20/06/13 03:19:25 INFO mapreduce.Job:  map 50% reduce 12%
20/06/13 03:19:28 INFO mapreduce.Job:  map 51% reduce 12%
20/06/13 03:19:30 INFO mapreduce.Job:  map 52% reduce 12%
20/06/13 03:19:31 INFO mapreduce.Job:  map 52% reduce 13%
20/06/13 03:19:33 INFO mapreduce.Job:  map 53% reduce 13%
20/06/13 03:19:36 INFO mapreduce.Job:  map 54% reduce 13%
20/06/13 03:19:38 INFO mapreduce.Job:  map 56% reduce 13%
20/06/13 03:19:39 INFO mapreduce.Job:  map 56% reduce 14%
20/06/13 03:19:41 INFO mapreduce.Job:  map 57% reduce 14%
20/06/13 03:19:45 INFO mapreduce.Job:  map 58% reduce 15%
20/06/13 03:19:47 INFO mapreduce.Job:  map 59% reduce 15%
20/06/13 03:19:50 INFO mapreduce.Job:  map 60% reduce 15%
20/06/13 03:19:51 INFO mapreduce.Job:  map 61% reduce 16%
20/06/13 03:19:53 INFO mapreduce.Job:  map 62% reduce 16%
20/06/13 03:19:55 INFO mapreduce.Job:  map 62% reduce 17%
20/06/13 03:19:56 INFO mapreduce.Job:  map 63% reduce 17%
20/06/13 03:19:58 INFO mapreduce.Job:  map 64% reduce 17%
20/06/13 03:20:00 INFO mapreduce.Job:  map 65% reduce 17%
20/06/13 03:20:01 INFO mapreduce.Job:  map 65% reduce 18%
20/06/13 03:20:02 INFO mapreduce.Job:  map 66% reduce 18%
20/06/13 03:20:04 INFO mapreduce.Job:  map 67% reduce 18%
20/06/13 03:20:07 INFO mapreduce.Job:  map 67% reduce 19%
20/06/13 03:20:08 INFO mapreduce.Job:  map 68% reduce 19%
20/06/13 03:20:15 INFO mapreduce.Job:  map 69% reduce 19%
20/06/13 03:20:18 INFO mapreduce.Job:  map 70% reduce 19%
20/06/13 03:20:22 INFO mapreduce.Job:  map 70% reduce 20%
20/06/13 03:20:23 INFO mapreduce.Job:  map 71% reduce 20%
20/06/13 03:20:24 INFO mapreduce.Job:  map 72% reduce 20%
20/06/13 03:20:25 INFO mapreduce.Job:  map 73% reduce 20%
20/06/13 03:20:27 INFO mapreduce.Job:  map 73% reduce 21%
20/06/13 03:20:29 INFO mapreduce.Job:  map 74% reduce 21%
20/06/13 03:20:30 INFO mapreduce.Job:  map 74% reduce 22%
20/06/13 03:20:38 INFO mapreduce.Job:  map 75% reduce 22%
20/06/13 03:20:39 INFO mapreduce.Job:  map 76% reduce 22%
20/06/13 03:20:40 INFO mapreduce.Job:  map 77% reduce 22%
20/06/13 03:20:41 INFO mapreduce.Job:  map 78% reduce 22%
20/06/13 03:20:42 INFO mapreduce.Job:  map 78% reduce 23%
20/06/13 03:20:51 INFO mapreduce.Job:  map 79% reduce 23%
20/06/13 03:20:52 INFO mapreduce.Job:  map 80% reduce 23%
20/06/13 03:20:54 INFO mapreduce.Job:  map 81% reduce 24%
20/06/13 03:20:56 INFO mapreduce.Job:  map 81% reduce 25%
20/06/13 03:21:04 INFO mapreduce.Job:  map 82% reduce 25%
20/06/13 03:21:07 INFO mapreduce.Job:  map 83% reduce 25%
20/06/13 03:21:10 INFO mapreduce.Job:  map 84% reduce 26%
20/06/13 03:21:13 INFO mapreduce.Job:  map 85% reduce 26%
20/06/13 03:21:14 INFO mapreduce.Job:  map 86% reduce 26%
20/06/13 03:21:16 INFO mapreduce.Job:  map 87% reduce 27%
20/06/13 03:21:22 INFO mapreduce.Job:  map 88% reduce 27%
20/06/13 03:21:24 INFO mapreduce.Job:  map 89% reduce 27%
20/06/13 03:21:25 INFO mapreduce.Job:  map 89% reduce 28%
20/06/13 03:21:30 INFO mapreduce.Job:  map 90% reduce 28%
20/06/13 03:21:33 INFO mapreduce.Job:  map 91% reduce 28%
20/06/13 03:21:36 INFO mapreduce.Job:  map 91% reduce 29%
20/06/13 03:21:39 INFO mapreduce.Job:  map 92% reduce 29%
20/06/13 03:21:40 INFO mapreduce.Job:  map 93% reduce 29%
20/06/13 03:21:42 INFO mapreduce.Job:  map 93% reduce 30%
20/06/13 03:21:52 INFO mapreduce.Job:  map 93% reduce 31%
20/06/13 03:22:01 INFO mapreduce.Job:  map 94% reduce 31%
20/06/13 03:22:29 INFO mapreduce.Job:  map 95% reduce 31%
20/06/13 03:22:33 INFO mapreduce.Job:  map 95% reduce 32%
20/06/13 03:22:42 INFO mapreduce.Job:  map 96% reduce 32%
20/06/13 03:23:42 INFO mapreduce.Job:  map 100% reduce 32%
20/06/13 03:23:46 INFO mapreduce.Job:  map 100% reduce 44%
20/06/13 03:23:49 INFO mapreduce.Job:  map 100% reduce 45%
20/06/13 03:24:04 INFO mapreduce.Job:  map 100% reduce 46%
20/06/13 03:24:07 INFO mapreduce.Job:  map 100% reduce 47%
20/06/13 03:24:16 INFO mapreduce.Job:  map 100% reduce 48%
20/06/13 03:24:18 INFO mapreduce.Job:  map 100% reduce 54%
20/06/13 03:24:19 INFO mapreduce.Job:  map 100% reduce 63%
20/06/13 03:24:21 INFO mapreduce.Job:  map 100% reduce 64%
20/06/13 03:24:22 INFO mapreduce.Job:  map 100% reduce 65%
20/06/13 03:24:25 INFO mapreduce.Job:  map 100% reduce 66%
20/06/13 03:24:34 INFO mapreduce.Job:  map 100% reduce 67%
20/06/13 03:24:37 INFO mapreduce.Job:  map 100% reduce 69%
20/06/13 03:24:39 INFO mapreduce.Job:  map 100% reduce 72%
20/06/13 03:24:40 INFO mapreduce.Job:  map 100% reduce 74%
20/06/13 03:24:49 INFO mapreduce.Job:  map 100% reduce 75%
20/06/13 03:24:55 INFO mapreduce.Job:  map 100% reduce 76%
20/06/13 03:24:58 INFO mapreduce.Job:  map 100% reduce 77%
20/06/13 03:25:01 INFO mapreduce.Job:  map 100% reduce 78%
20/06/13 03:25:04 INFO mapreduce.Job:  map 100% reduce 79%
20/06/13 03:25:11 INFO mapreduce.Job:  map 100% reduce 80%
20/06/13 03:25:14 INFO mapreduce.Job:  map 100% reduce 81%
20/06/13 03:25:15 INFO mapreduce.Job:  map 100% reduce 82%
20/06/13 03:25:20 INFO mapreduce.Job:  map 100% reduce 83%
20/06/13 03:25:30 INFO mapreduce.Job:  map 100% reduce 84%
20/06/13 03:25:32 INFO mapreduce.Job:  map 100% reduce 85%
20/06/13 03:25:33 INFO mapreduce.Job:  map 100% reduce 86%
20/06/13 03:25:36 INFO mapreduce.Job:  map 100% reduce 87%
20/06/13 03:25:44 INFO mapreduce.Job:  map 100% reduce 88%
20/06/13 03:25:45 INFO mapreduce.Job:  map 100% reduce 89%
20/06/13 03:25:48 INFO mapreduce.Job:  map 100% reduce 90%
20/06/13 03:25:56 INFO mapreduce.Job:  map 100% reduce 91%
20/06/13 03:25:57 INFO mapreduce.Job:  map 100% reduce 92%
20/06/13 03:26:02 INFO mapreduce.Job:  map 100% reduce 93%
20/06/13 03:26:11 INFO mapreduce.Job:  map 100% reduce 94%
20/06/13 03:26:12 INFO mapreduce.Job:  map 100% reduce 95%
20/06/13 03:26:18 INFO mapreduce.Job:  map 100% reduce 96%
20/06/13 03:26:24 INFO mapreduce.Job:  map 100% reduce 97%
20/06/13 03:26:26 INFO mapreduce.Job:  map 100% reduce 98%
20/06/13 03:26:29 INFO mapreduce.Job:  map 100% reduce 99%
20/06/13 03:26:37 INFO mapreduce.Job:  map 100% reduce 100%
20/06/13 03:26:38 INFO mapreduce.Job: Job job_1591984840206_0004 completed successfully
20/06/13 03:26:38 INFO mapreduce.Job: Counters: 51
	File System Counters
		FILE: Number of bytes read=43458465574
		FILE: Number of bytes written=54219014324
		FILE: Number of read operations=0
		FILE: Number of large read operations=0
		FILE: Number of write operations=0
		HDFS: Number of bytes read=10774124417
		HDFS: Number of bytes written=10772871260
		HDFS: Number of read operations=329
		HDFS: Number of large read operations=0
		HDFS: Number of write operations=6
	Job Counters 
		Killed map tasks=8
		Launched map tasks=88
		Launched reduce tasks=3
		Data-local map tasks=63
		Rack-local map tasks=25
		Total time spent by all maps in occupied slots (ms)=3055552
		Total time spent by all reduces in occupied slots (ms)=1388693
		Total time spent by all map tasks (ms)=3055552
		Total time spent by all reduce tasks (ms)=1388693
		Total vcore-milliseconds taken by all map tasks=3055552
		Total vcore-milliseconds taken by all reduce tasks=1388693
		Total megabyte-milliseconds taken by all map tasks=3128885248
		Total megabyte-milliseconds taken by all reduce tasks=1422021632
	Map-Reduce Framework
		Map input records=1022884
		Map output records=1022884
		Map output bytes=10745662040
		Map output materialized bytes=10751414117
		Input split bytes=9040
		Combine input records=0
		Combine output records=0
		Reduce input groups=1022884
		Reduce shuffle bytes=10751414117
		Reduce input records=1022884
		Reduce output records=1022884
		Spilled Records=5156798
		Shuffled Maps =240
		Failed Shuffles=0
		Merged Map outputs=240
		GC time elapsed (ms)=14489
		CPU time spent (ms)=282780
		Physical memory (bytes) snapshot=21861318656
		Virtual memory (bytes) snapshot=175114338304
		Total committed heap usage (bytes)=16326852608
	Shuffle Errors
		BAD_ID=0
		CONNECTION=0
		IO_ERROR=0
		WRONG_LENGTH=0
		WRONG_MAP=0
		WRONG_REDUCE=0
	File Input Format Counters 
		Bytes Read=10774115377
	File Output Format Counters 
		Bytes Written=10772871260
