20/06/16 19:30:17 INFO client.RMProxy: Connecting to ResourceManager at master/10.51.17.95:8032
20/06/16 19:30:17 INFO client.RMProxy: Connecting to ResourceManager at master/10.51.17.95:8032
20/06/16 19:30:17 INFO input.FileInputFormat: Total input paths to process : 10
20/06/16 19:30:18 INFO mapreduce.JobSubmitter: number of splits:80
20/06/16 19:30:18 INFO mapreduce.JobSubmitter: Submitting tokens for job: job_1592302907931_0002
20/06/16 19:30:19 INFO impl.YarnClientImpl: Submitted application application_1592302907931_0002
20/06/16 19:30:19 INFO mapreduce.Job: The url to track the job: http://master:8088/proxy/application_1592302907931_0002/
20/06/16 19:30:19 INFO mapreduce.Job: Running job: job_1592302907931_0002
20/06/16 19:30:29 INFO mapreduce.Job: Job job_1592302907931_0002 running in uber mode : false
20/06/16 19:30:29 INFO mapreduce.Job:  map 0% reduce 0%
20/06/16 19:30:37 INFO mapreduce.Job:  map 1% reduce 0%
20/06/16 19:30:38 INFO mapreduce.Job:  map 3% reduce 0%
20/06/16 19:30:39 INFO mapreduce.Job:  map 5% reduce 0%
20/06/16 19:30:42 INFO mapreduce.Job:  map 8% reduce 0%
20/06/16 19:30:43 INFO mapreduce.Job:  map 13% reduce 0%
20/06/16 19:30:45 INFO mapreduce.Job:  map 14% reduce 0%
20/06/16 19:30:49 INFO mapreduce.Job:  map 17% reduce 0%
20/06/16 19:30:52 INFO mapreduce.Job:  map 19% reduce 0%
20/06/16 19:30:56 INFO mapreduce.Job:  map 22% reduce 0%
20/06/16 19:30:58 INFO mapreduce.Job:  map 23% reduce 2%
20/06/16 19:30:59 INFO mapreduce.Job:  map 24% reduce 2%
20/06/16 19:31:00 INFO mapreduce.Job:  map 25% reduce 2%
20/06/16 19:31:01 INFO mapreduce.Job:  map 26% reduce 2%
20/06/16 19:31:02 INFO mapreduce.Job:  map 27% reduce 2%
20/06/16 19:31:04 INFO mapreduce.Job:  map 27% reduce 3%
20/06/16 19:31:05 INFO mapreduce.Job:  map 29% reduce 3%
20/06/16 19:31:11 INFO mapreduce.Job:  map 30% reduce 3%
20/06/16 19:31:13 INFO mapreduce.Job:  map 30% reduce 6%
20/06/16 19:31:14 INFO mapreduce.Job:  map 31% reduce 6%
20/06/16 19:31:18 INFO mapreduce.Job:  map 32% reduce 6%
20/06/16 19:31:22 INFO mapreduce.Job:  map 33% reduce 6%
20/06/16 19:31:24 INFO mapreduce.Job:  map 34% reduce 6%
20/06/16 19:31:25 INFO mapreduce.Job:  map 34% reduce 7%
20/06/16 19:31:26 INFO mapreduce.Job:  map 35% reduce 7%
20/06/16 19:31:27 INFO mapreduce.Job:  map 36% reduce 7%
20/06/16 19:31:29 INFO mapreduce.Job:  map 37% reduce 7%
20/06/16 19:31:31 INFO mapreduce.Job:  map 38% reduce 8%
20/06/16 19:31:33 INFO mapreduce.Job:  map 39% reduce 8%
20/06/16 19:31:35 INFO mapreduce.Job:  map 41% reduce 8%
20/06/16 19:31:37 INFO mapreduce.Job:  map 42% reduce 8%
20/06/16 19:31:40 INFO mapreduce.Job:  map 42% reduce 9%
20/06/16 19:31:41 INFO mapreduce.Job:  map 43% reduce 9%
20/06/16 19:31:46 INFO mapreduce.Job:  map 43% reduce 10%
20/06/16 19:31:49 INFO mapreduce.Job:  map 44% reduce 10%
20/06/16 19:31:52 INFO mapreduce.Job:  map 48% reduce 10%
20/06/16 19:31:55 INFO mapreduce.Job:  map 49% reduce 10%
20/06/16 19:31:56 INFO mapreduce.Job:  map 49% reduce 11%
20/06/16 19:31:58 INFO mapreduce.Job:  map 51% reduce 11%
20/06/16 19:31:59 INFO mapreduce.Job:  map 51% reduce 12%
20/06/16 19:32:02 INFO mapreduce.Job:  map 52% reduce 12%
20/06/16 19:32:03 INFO mapreduce.Job:  map 53% reduce 12%
20/06/16 19:32:05 INFO mapreduce.Job:  map 54% reduce 13%
20/06/16 19:32:09 INFO mapreduce.Job:  map 55% reduce 13%
20/06/16 19:32:10 INFO mapreduce.Job:  map 56% reduce 13%
20/06/16 19:32:11 INFO mapreduce.Job:  map 57% reduce 13%
20/06/16 19:32:12 INFO mapreduce.Job:  map 58% reduce 13%
20/06/16 19:32:14 INFO mapreduce.Job:  map 59% reduce 13%
20/06/16 19:32:15 INFO mapreduce.Job:  map 60% reduce 13%
20/06/16 19:32:16 INFO mapreduce.Job:  map 60% reduce 14%
20/06/16 19:32:17 INFO mapreduce.Job:  map 61% reduce 14%
20/06/16 19:32:19 INFO mapreduce.Job:  map 62% reduce 15%
20/06/16 19:32:20 INFO mapreduce.Job:  map 63% reduce 15%
20/06/16 19:32:25 INFO mapreduce.Job:  map 65% reduce 15%
20/06/16 19:32:26 INFO mapreduce.Job:  map 66% reduce 16%
20/06/16 19:32:28 INFO mapreduce.Job:  map 67% reduce 16%
20/06/16 19:32:29 INFO mapreduce.Job:  map 69% reduce 16%
20/06/16 19:32:31 INFO mapreduce.Job:  map 70% reduce 16%
20/06/16 19:32:32 INFO mapreduce.Job:  map 71% reduce 17%
20/06/16 19:32:33 INFO mapreduce.Job:  map 73% reduce 17%
20/06/16 19:32:37 INFO mapreduce.Job:  map 74% reduce 17%
20/06/16 19:32:40 INFO mapreduce.Job:  map 74% reduce 18%
20/06/16 19:32:41 INFO mapreduce.Job:  map 75% reduce 18%
20/06/16 19:32:42 INFO mapreduce.Job:  map 76% reduce 18%
20/06/16 19:32:43 INFO mapreduce.Job:  map 77% reduce 18%
20/06/16 19:32:44 INFO mapreduce.Job:  map 78% reduce 18%
20/06/16 19:32:47 INFO mapreduce.Job:  map 79% reduce 19%
20/06/16 19:32:49 INFO mapreduce.Job:  map 81% reduce 19%
20/06/16 19:32:51 INFO mapreduce.Job:  map 82% reduce 19%
20/06/16 19:32:52 INFO mapreduce.Job:  map 83% reduce 19%
20/06/16 19:32:53 INFO mapreduce.Job:  map 83% reduce 20%
20/06/16 19:32:54 INFO mapreduce.Job:  map 84% reduce 20%
20/06/16 19:32:58 INFO mapreduce.Job:  map 85% reduce 20%
20/06/16 19:33:00 INFO mapreduce.Job:  map 86% reduce 20%
20/06/16 19:33:01 INFO mapreduce.Job:  map 86% reduce 21%
20/06/16 19:33:02 INFO mapreduce.Job:  map 87% reduce 21%
20/06/16 19:33:04 INFO mapreduce.Job:  map 88% reduce 21%
20/06/16 19:33:05 INFO mapreduce.Job:  map 88% reduce 22%
20/06/16 19:33:06 INFO mapreduce.Job:  map 89% reduce 22%
20/06/16 19:33:07 INFO mapreduce.Job:  map 91% reduce 22%
20/06/16 19:33:09 INFO mapreduce.Job:  map 92% reduce 22%
20/06/16 19:33:10 INFO mapreduce.Job:  map 92% reduce 23%
20/06/16 19:33:11 INFO mapreduce.Job:  map 94% reduce 23%
20/06/16 19:33:16 INFO mapreduce.Job:  map 95% reduce 23%
20/06/16 19:33:17 INFO mapreduce.Job:  map 95% reduce 24%
20/06/16 19:33:19 INFO mapreduce.Job:  map 96% reduce 24%
20/06/16 19:33:21 INFO mapreduce.Job:  map 97% reduce 24%
20/06/16 19:33:22 INFO mapreduce.Job:  map 98% reduce 24%
20/06/16 19:33:23 INFO mapreduce.Job:  map 99% reduce 25%
20/06/16 19:33:25 INFO mapreduce.Job:  map 100% reduce 25%
20/06/16 19:33:26 INFO mapreduce.Job:  map 100% reduce 26%
20/06/16 19:33:35 INFO mapreduce.Job:  map 100% reduce 27%
20/06/16 19:33:43 INFO mapreduce.Job:  map 100% reduce 28%
20/06/16 19:33:52 INFO mapreduce.Job:  map 100% reduce 29%
20/06/16 19:33:58 INFO mapreduce.Job:  map 100% reduce 30%
20/06/16 19:34:07 INFO mapreduce.Job:  map 100% reduce 31%
20/06/16 19:34:14 INFO mapreduce.Job:  map 100% reduce 32%
20/06/16 19:34:16 INFO mapreduce.Job:  map 100% reduce 33%
20/06/16 19:34:19 INFO mapreduce.Job:  map 100% reduce 34%
20/06/16 19:34:20 INFO mapreduce.Job:  map 100% reduce 35%
20/06/16 19:34:25 INFO mapreduce.Job:  map 100% reduce 36%
20/06/16 19:34:26 INFO mapreduce.Job:  map 100% reduce 37%
20/06/16 19:34:28 INFO mapreduce.Job:  map 100% reduce 38%
20/06/16 19:34:29 INFO mapreduce.Job:  map 100% reduce 39%
20/06/16 19:34:32 INFO mapreduce.Job:  map 100% reduce 41%
20/06/16 19:34:35 INFO mapreduce.Job:  map 100% reduce 45%
20/06/16 19:34:37 INFO mapreduce.Job:  map 100% reduce 47%
20/06/16 19:34:38 INFO mapreduce.Job:  map 100% reduce 49%
20/06/16 19:34:40 INFO mapreduce.Job:  map 100% reduce 50%
20/06/16 19:34:41 INFO mapreduce.Job:  map 100% reduce 51%
20/06/16 19:34:46 INFO mapreduce.Job:  map 100% reduce 52%
20/06/16 19:34:49 INFO mapreduce.Job:  map 100% reduce 54%
20/06/16 19:34:50 INFO mapreduce.Job:  map 100% reduce 56%
20/06/16 19:34:52 INFO mapreduce.Job:  map 100% reduce 57%
20/06/16 19:34:56 INFO mapreduce.Job:  map 100% reduce 58%
20/06/16 19:34:59 INFO mapreduce.Job:  map 100% reduce 59%
20/06/16 19:35:01 INFO mapreduce.Job:  map 100% reduce 60%
20/06/16 19:35:02 INFO mapreduce.Job:  map 100% reduce 61%
20/06/16 19:35:04 INFO mapreduce.Job:  map 100% reduce 62%
20/06/16 19:35:07 INFO mapreduce.Job:  map 100% reduce 63%
20/06/16 19:35:08 INFO mapreduce.Job:  map 100% reduce 64%
20/06/16 19:35:10 INFO mapreduce.Job:  map 100% reduce 68%
20/06/16 19:35:11 INFO mapreduce.Job:  map 100% reduce 69%
20/06/16 19:35:14 INFO mapreduce.Job:  map 100% reduce 70%
20/06/16 19:35:17 INFO mapreduce.Job:  map 100% reduce 73%
20/06/16 19:35:18 INFO mapreduce.Job:  map 100% reduce 74%
20/06/16 19:35:20 INFO mapreduce.Job:  map 100% reduce 76%
20/06/16 19:35:21 INFO mapreduce.Job:  map 100% reduce 77%
20/06/16 19:35:23 INFO mapreduce.Job:  map 100% reduce 78%
20/06/16 19:35:26 INFO mapreduce.Job:  map 100% reduce 79%
20/06/16 19:35:29 INFO mapreduce.Job:  map 100% reduce 81%
20/06/16 19:35:30 INFO mapreduce.Job:  map 100% reduce 82%
20/06/16 19:35:33 INFO mapreduce.Job:  map 100% reduce 83%
20/06/16 19:35:38 INFO mapreduce.Job:  map 100% reduce 84%
20/06/16 19:35:39 INFO mapreduce.Job:  map 100% reduce 85%
20/06/16 19:35:41 INFO mapreduce.Job:  map 100% reduce 86%
20/06/16 19:35:42 INFO mapreduce.Job:  map 100% reduce 87%
20/06/16 19:35:44 INFO mapreduce.Job:  map 100% reduce 88%
20/06/16 19:35:47 INFO mapreduce.Job:  map 100% reduce 89%
20/06/16 19:35:48 INFO mapreduce.Job:  map 100% reduce 90%
20/06/16 19:35:51 INFO mapreduce.Job:  map 100% reduce 91%
20/06/16 19:35:53 INFO mapreduce.Job:  map 100% reduce 92%
20/06/16 19:35:56 INFO mapreduce.Job:  map 100% reduce 93%
20/06/16 19:35:57 INFO mapreduce.Job:  map 100% reduce 94%
20/06/16 19:35:59 INFO mapreduce.Job:  map 100% reduce 95%
20/06/16 19:36:02 INFO mapreduce.Job:  map 100% reduce 96%
20/06/16 19:36:03 INFO mapreduce.Job:  map 100% reduce 97%
20/06/16 19:36:06 INFO mapreduce.Job:  map 100% reduce 98%
20/06/16 19:36:09 INFO mapreduce.Job:  map 100% reduce 99%
20/06/16 19:36:11 INFO mapreduce.Job:  map 100% reduce 100%
20/06/16 19:36:13 INFO mapreduce.Job: Job job_1592302907931_0002 completed successfully
20/06/16 19:36:13 INFO mapreduce.Job: Counters: 51
	File System Counters
		FILE: Number of bytes read=43987971732
		FILE: Number of bytes written=54748499539
		FILE: Number of read operations=0
		FILE: Number of large read operations=0
		FILE: Number of write operations=0
		HDFS: Number of bytes read=10774009875
		HDFS: Number of bytes written=10772846837
		HDFS: Number of read operations=329
		HDFS: Number of large read operations=0
		HDFS: Number of write operations=6
	Job Counters 
		Killed map tasks=1
		Launched map tasks=81
		Launched reduce tasks=3
		Data-local map tasks=75
		Rack-local map tasks=6
		Total time spent by all maps in occupied slots (ms)=1199799
		Total time spent by all reduces in occupied slots (ms)=874676
		Total time spent by all map tasks (ms)=1199799
		Total time spent by all reduce tasks (ms)=874676
		Total vcore-milliseconds taken by all map tasks=1199799
		Total vcore-milliseconds taken by all reduce tasks=874676
		Total megabyte-milliseconds taken by all map tasks=1228594176
		Total megabyte-milliseconds taken by all reduce tasks=895668224
	Map-Reduce Framework
		Map input records=1022600
		Map output records=1022600
		Map output bytes=10745642829
		Map output materialized bytes=10751392560
		Input split bytes=8240
		Combine input records=0
		Combine output records=0
		Reduce input groups=1022600
		Reduce shuffle bytes=10751392560
		Reduce input records=1022600
		Reduce output records=1022600
		Spilled Records=5207139
		Shuffled Maps =240
		Failed Shuffles=0
		Merged Map outputs=240
		GC time elapsed (ms)=11486
		CPU time spent (ms)=257660
		Physical memory (bytes) snapshot=22004867072
		Virtual memory (bytes) snapshot=175146049536
		Total committed heap usage (bytes)=16608395264
	Shuffle Errors
		BAD_ID=0
		CONNECTION=0
		IO_ERROR=0
		WRONG_LENGTH=0
		WRONG_MAP=0
		WRONG_REDUCE=0
	File Input Format Counters 
		Bytes Read=10774001635
	File Output Format Counters 
		Bytes Written=10772846837
