20/06/10 13:13:49 INFO client.RMProxy: Connecting to ResourceManager at master/10.51.17.95:8032
20/06/10 13:13:50 INFO client.RMProxy: Connecting to ResourceManager at master/10.51.17.95:8032
20/06/10 13:13:50 INFO input.FileInputFormat: Total input paths to process : 10
20/06/10 13:13:50 INFO mapreduce.JobSubmitter: number of splits:80
20/06/10 13:13:50 INFO mapreduce.JobSubmitter: Submitting tokens for job: job_1591762365998_0002
20/06/10 13:13:50 INFO impl.YarnClientImpl: Submitted application application_1591762365998_0002
20/06/10 13:13:50 INFO mapreduce.Job: The url to track the job: http://master:8088/proxy/application_1591762365998_0002/
20/06/10 13:13:50 INFO mapreduce.Job: Running job: job_1591762365998_0002
20/06/10 13:13:59 INFO mapreduce.Job: Job job_1591762365998_0002 running in uber mode : false
20/06/10 13:13:59 INFO mapreduce.Job:  map 0% reduce 0%
20/06/10 13:14:11 INFO mapreduce.Job:  map 1% reduce 0%
20/06/10 13:14:12 INFO mapreduce.Job:  map 4% reduce 0%
20/06/10 13:14:13 INFO mapreduce.Job:  map 10% reduce 0%
20/06/10 13:14:14 INFO mapreduce.Job:  map 11% reduce 0%
20/06/10 13:14:15 INFO mapreduce.Job:  map 15% reduce 0%
20/06/10 13:14:17 INFO mapreduce.Job:  map 16% reduce 0%
20/06/10 13:14:19 INFO mapreduce.Job:  map 17% reduce 0%
20/06/10 13:14:21 INFO mapreduce.Job:  map 18% reduce 0%
20/06/10 13:14:23 INFO mapreduce.Job:  map 20% reduce 0%
20/06/10 13:14:24 INFO mapreduce.Job:  map 21% reduce 0%
20/06/10 13:14:25 INFO mapreduce.Job:  map 21% reduce 1%
20/06/10 13:14:26 INFO mapreduce.Job:  map 22% reduce 1%
20/06/10 13:14:27 INFO mapreduce.Job:  map 23% reduce 1%
20/06/10 13:14:28 INFO mapreduce.Job:  map 24% reduce 2%
20/06/10 13:14:29 INFO mapreduce.Job:  map 25% reduce 2%
20/06/10 13:14:30 INFO mapreduce.Job:  map 25% reduce 3%
20/06/10 13:14:31 INFO mapreduce.Job:  map 26% reduce 3%
20/06/10 13:14:32 INFO mapreduce.Job:  map 27% reduce 3%
20/06/10 13:14:33 INFO mapreduce.Job:  map 27% reduce 4%
20/06/10 13:14:34 INFO mapreduce.Job:  map 28% reduce 4%
20/06/10 13:14:37 INFO mapreduce.Job:  map 28% reduce 5%
20/06/10 13:14:38 INFO mapreduce.Job:  map 29% reduce 5%
20/06/10 13:14:41 INFO mapreduce.Job:  map 30% reduce 5%
20/06/10 13:14:42 INFO mapreduce.Job:  map 31% reduce 6%
20/06/10 13:14:43 INFO mapreduce.Job:  map 32% reduce 6%
20/06/10 13:14:47 INFO mapreduce.Job:  map 33% reduce 6%
20/06/10 13:14:48 INFO mapreduce.Job:  map 34% reduce 6%
20/06/10 13:14:49 INFO mapreduce.Job:  map 34% reduce 7%
20/06/10 13:14:51 INFO mapreduce.Job:  map 35% reduce 7%
20/06/10 13:14:52 INFO mapreduce.Job:  map 35% reduce 8%
20/06/10 13:14:54 INFO mapreduce.Job:  map 36% reduce 8%
20/06/10 13:14:57 INFO mapreduce.Job:  map 37% reduce 8%
20/06/10 13:14:58 INFO mapreduce.Job:  map 38% reduce 8%
20/06/10 13:15:00 INFO mapreduce.Job:  map 39% reduce 8%
20/06/10 13:15:01 INFO mapreduce.Job:  map 40% reduce 9%
20/06/10 13:15:02 INFO mapreduce.Job:  map 41% reduce 9%
20/06/10 13:15:03 INFO mapreduce.Job:  map 42% reduce 9%
20/06/10 13:15:04 INFO mapreduce.Job:  map 43% reduce 10%
20/06/10 13:15:07 INFO mapreduce.Job:  map 44% reduce 10%
20/06/10 13:15:10 INFO mapreduce.Job:  map 44% reduce 11%
20/06/10 13:15:11 INFO mapreduce.Job:  map 44% reduce 12%
20/06/10 13:15:12 INFO mapreduce.Job:  map 45% reduce 12%
20/06/10 13:15:13 INFO mapreduce.Job:  map 45% reduce 13%
20/06/10 13:15:17 INFO mapreduce.Job:  map 47% reduce 13%
20/06/10 13:15:18 INFO mapreduce.Job:  map 49% reduce 13%
20/06/10 13:15:19 INFO mapreduce.Job:  map 50% reduce 13%
20/06/10 13:15:20 INFO mapreduce.Job:  map 52% reduce 13%
20/06/10 13:15:21 INFO mapreduce.Job:  map 53% reduce 13%
20/06/10 13:15:22 INFO mapreduce.Job:  map 53% reduce 14%
20/06/10 13:15:23 INFO mapreduce.Job:  map 53% reduce 15%
20/06/10 13:15:24 INFO mapreduce.Job:  map 54% reduce 15%
20/06/10 13:15:26 INFO mapreduce.Job:  map 55% reduce 15%
20/06/10 13:15:29 INFO mapreduce.Job:  map 57% reduce 15%
20/06/10 13:15:31 INFO mapreduce.Job:  map 59% reduce 15%
20/06/10 13:15:32 INFO mapreduce.Job:  map 61% reduce 16%
20/06/10 13:15:35 INFO mapreduce.Job:  map 62% reduce 16%
20/06/10 13:15:36 INFO mapreduce.Job:  map 63% reduce 16%
20/06/10 13:15:37 INFO mapreduce.Job:  map 63% reduce 17%
20/06/10 13:15:38 INFO mapreduce.Job:  map 64% reduce 17%
20/06/10 13:15:40 INFO mapreduce.Job:  map 64% reduce 18%
20/06/10 13:15:44 INFO mapreduce.Job:  map 65% reduce 18%
20/06/10 13:15:47 INFO mapreduce.Job:  map 66% reduce 18%
20/06/10 13:15:48 INFO mapreduce.Job:  map 68% reduce 18%
20/06/10 13:15:49 INFO mapreduce.Job:  map 69% reduce 18%
20/06/10 13:15:50 INFO mapreduce.Job:  map 71% reduce 18%
20/06/10 13:15:51 INFO mapreduce.Job:  map 72% reduce 18%
20/06/10 13:15:52 INFO mapreduce.Job:  map 72% reduce 19%
20/06/10 13:15:53 INFO mapreduce.Job:  map 73% reduce 19%
20/06/10 13:15:55 INFO mapreduce.Job:  map 74% reduce 19%
20/06/10 13:15:56 INFO mapreduce.Job:  map 75% reduce 20%
20/06/10 13:15:59 INFO mapreduce.Job:  map 75% reduce 21%
20/06/10 13:16:03 INFO mapreduce.Job:  map 76% reduce 21%
20/06/10 13:16:06 INFO mapreduce.Job:  map 78% reduce 21%
20/06/10 13:16:07 INFO mapreduce.Job:  map 80% reduce 21%
20/06/10 13:16:09 INFO mapreduce.Job:  map 81% reduce 21%
20/06/10 13:16:10 INFO mapreduce.Job:  map 82% reduce 21%
20/06/10 13:16:11 INFO mapreduce.Job:  map 83% reduce 22%
20/06/10 13:16:14 INFO mapreduce.Job:  map 83% reduce 23%
20/06/10 13:16:21 INFO mapreduce.Job:  map 85% reduce 23%
20/06/10 13:16:22 INFO mapreduce.Job:  map 88% reduce 24%
20/06/10 13:16:24 INFO mapreduce.Job:  map 90% reduce 24%
20/06/10 13:16:27 INFO mapreduce.Job:  map 91% reduce 24%
20/06/10 13:16:28 INFO mapreduce.Job:  map 91% reduce 25%
20/06/10 13:16:30 INFO mapreduce.Job:  map 92% reduce 25%
20/06/10 13:16:31 INFO mapreduce.Job:  map 93% reduce 25%
20/06/10 13:16:33 INFO mapreduce.Job:  map 94% reduce 25%
20/06/10 13:16:34 INFO mapreduce.Job:  map 95% reduce 25%
20/06/10 13:16:36 INFO mapreduce.Job:  map 96% reduce 25%
20/06/10 13:16:37 INFO mapreduce.Job:  map 96% reduce 26%
20/06/10 13:16:39 INFO mapreduce.Job:  map 97% reduce 26%
20/06/10 13:16:42 INFO mapreduce.Job:  map 98% reduce 26%
20/06/10 13:16:45 INFO mapreduce.Job:  map 98% reduce 27%
20/06/10 13:16:46 INFO mapreduce.Job:  map 98% reduce 28%
20/06/10 13:16:47 INFO mapreduce.Job:  map 99% reduce 28%
20/06/10 13:16:53 INFO mapreduce.Job:  map 99% reduce 29%
20/06/10 13:17:01 INFO mapreduce.Job:  map 99% reduce 30%
20/06/10 13:17:13 INFO mapreduce.Job:  map 99% reduce 31%
20/06/10 13:17:23 INFO mapreduce.Job:  map 99% reduce 32%
20/06/10 13:17:38 INFO mapreduce.Job:  map 99% reduce 33%
20/06/10 13:17:46 INFO mapreduce.Job:  map 100% reduce 33%
20/06/10 13:17:47 INFO mapreduce.Job:  map 100% reduce 34%
20/06/10 13:17:50 INFO mapreduce.Job:  map 100% reduce 39%
20/06/10 13:17:53 INFO mapreduce.Job:  map 100% reduce 42%
20/06/10 13:17:56 INFO mapreduce.Job:  map 100% reduce 43%
20/06/10 13:18:02 INFO mapreduce.Job:  map 100% reduce 46%
20/06/10 13:18:05 INFO mapreduce.Job:  map 100% reduce 47%
20/06/10 13:18:08 INFO mapreduce.Job:  map 100% reduce 48%
20/06/10 13:18:11 INFO mapreduce.Job:  map 100% reduce 49%
20/06/10 13:18:18 INFO mapreduce.Job:  map 100% reduce 52%
20/06/10 13:18:21 INFO mapreduce.Job:  map 100% reduce 55%
20/06/10 13:18:24 INFO mapreduce.Job:  map 100% reduce 57%
20/06/10 13:18:27 INFO mapreduce.Job:  map 100% reduce 58%
20/06/10 13:18:30 INFO mapreduce.Job:  map 100% reduce 60%
20/06/10 13:18:33 INFO mapreduce.Job:  map 100% reduce 62%
20/06/10 13:18:36 INFO mapreduce.Job:  map 100% reduce 64%
20/06/10 13:18:38 INFO mapreduce.Job:  map 100% reduce 66%
20/06/10 13:18:39 INFO mapreduce.Job:  map 100% reduce 68%
20/06/10 13:18:41 INFO mapreduce.Job:  map 100% reduce 69%
20/06/10 13:18:42 INFO mapreduce.Job:  map 100% reduce 70%
20/06/10 13:18:44 INFO mapreduce.Job:  map 100% reduce 71%
20/06/10 13:18:47 INFO mapreduce.Job:  map 100% reduce 73%
20/06/10 13:18:48 INFO mapreduce.Job:  map 100% reduce 74%
20/06/10 13:18:50 INFO mapreduce.Job:  map 100% reduce 75%
20/06/10 13:18:51 INFO mapreduce.Job:  map 100% reduce 76%
20/06/10 13:18:53 INFO mapreduce.Job:  map 100% reduce 78%
20/06/10 13:18:54 INFO mapreduce.Job:  map 100% reduce 79%
20/06/10 13:18:56 INFO mapreduce.Job:  map 100% reduce 80%
20/06/10 13:18:57 INFO mapreduce.Job:  map 100% reduce 81%
20/06/10 13:19:00 INFO mapreduce.Job:  map 100% reduce 82%
20/06/10 13:19:02 INFO mapreduce.Job:  map 100% reduce 83%
20/06/10 13:19:03 INFO mapreduce.Job:  map 100% reduce 84%
20/06/10 13:19:05 INFO mapreduce.Job:  map 100% reduce 85%
20/06/10 13:19:08 INFO mapreduce.Job:  map 100% reduce 86%
20/06/10 13:19:09 INFO mapreduce.Job:  map 100% reduce 87%
20/06/10 13:19:12 INFO mapreduce.Job:  map 100% reduce 88%
20/06/10 13:19:15 INFO mapreduce.Job:  map 100% reduce 89%
20/06/10 13:19:18 INFO mapreduce.Job:  map 100% reduce 90%
20/06/10 13:19:20 INFO mapreduce.Job:  map 100% reduce 91%
20/06/10 13:19:23 INFO mapreduce.Job:  map 100% reduce 92%
20/06/10 13:19:24 INFO mapreduce.Job:  map 100% reduce 93%
20/06/10 13:19:26 INFO mapreduce.Job:  map 100% reduce 94%
20/06/10 13:19:30 INFO mapreduce.Job:  map 100% reduce 95%
20/06/10 13:19:31 INFO mapreduce.Job:  map 100% reduce 96%
20/06/10 13:19:33 INFO mapreduce.Job:  map 100% reduce 97%
20/06/10 13:19:36 INFO mapreduce.Job:  map 100% reduce 98%
20/06/10 13:19:39 INFO mapreduce.Job:  map 100% reduce 99%
20/06/10 13:19:40 INFO mapreduce.Job:  map 100% reduce 100%
20/06/10 13:19:41 INFO mapreduce.Job: Job job_1591762365998_0002 completed successfully
20/06/10 13:19:41 INFO mapreduce.Job: Counters: 52
	File System Counters
		FILE: Number of bytes read=44182010935
		FILE: Number of bytes written=54942582860
		FILE: Number of read operations=0
		FILE: Number of large read operations=0
		FILE: Number of write operations=0
		HDFS: Number of bytes read=10774077982
		HDFS: Number of bytes written=10772822230
		HDFS: Number of read operations=329
		HDFS: Number of large read operations=0
		HDFS: Number of write operations=6
	Job Counters 
		Killed map tasks=1
		Killed reduce tasks=1
		Launched map tasks=82
		Launched reduce tasks=4
		Data-local map tasks=77
		Rack-local map tasks=5
		Total time spent by all maps in occupied slots (ms)=1811572
		Total time spent by all reduces in occupied slots (ms)=942474
		Total time spent by all map tasks (ms)=1811572
		Total time spent by all reduce tasks (ms)=942474
		Total vcore-milliseconds taken by all map tasks=1811572
		Total vcore-milliseconds taken by all reduce tasks=942474
		Total megabyte-milliseconds taken by all map tasks=1855049728
		Total megabyte-milliseconds taken by all reduce tasks=965093376
	Map-Reduce Framework
		Map input records=1021173
		Map output records=1021173
		Map output bytes=10745660878
		Map output materialized bytes=10751403681
		Input split bytes=9040
		Combine input records=0
		Combine output records=0
		Reduce input groups=1021173
		Reduce shuffle bytes=10751403681
		Reduce input records=1021173
		Reduce output records=1021173
		Spilled Records=5217847
		Shuffled Maps =240
		Failed Shuffles=0
		Merged Map outputs=240
		GC time elapsed (ms)=15514
		CPU time spent (ms)=278830
		Physical memory (bytes) snapshot=22047760384
		Virtual memory (bytes) snapshot=175111708672
		Total committed heap usage (bytes)=16435380224
	Shuffle Errors
		BAD_ID=0
		CONNECTION=0
		IO_ERROR=0
		WRONG_LENGTH=0
		WRONG_MAP=0
		WRONG_REDUCE=0
	File Input Format Counters 
		Bytes Read=10774068942
	File Output Format Counters 
		Bytes Written=10772822230
