20/06/08 17:40:31 INFO client.RMProxy: Connecting to ResourceManager at master/10.51.17.95:8032
20/06/08 17:40:31 INFO input.FileInputFormat: Total input paths to process : 10
20/06/08 17:40:32 INFO mapreduce.JobSubmitter: number of splits:90
20/06/08 17:40:32 INFO mapreduce.JobSubmitter: Submitting tokens for job: job_1591605173931_0005
20/06/08 17:40:32 INFO impl.YarnClientImpl: Submitted application application_1591605173931_0005
20/06/08 17:40:32 INFO mapreduce.Job: The url to track the job: http://master:8088/proxy/application_1591605173931_0005/
20/06/08 17:40:32 INFO mapreduce.Job: Running job: job_1591605173931_0005
20/06/08 17:40:39 INFO mapreduce.Job: Job job_1591605173931_0005 running in uber mode : false
20/06/08 17:40:39 INFO mapreduce.Job:  map 0% reduce 0%
20/06/08 17:40:54 INFO mapreduce.Job:  map 1% reduce 0%
20/06/08 17:40:55 INFO mapreduce.Job:  map 2% reduce 0%
20/06/08 17:40:57 INFO mapreduce.Job:  map 3% reduce 0%
20/06/08 17:41:06 INFO mapreduce.Job:  map 4% reduce 0%
20/06/08 17:41:11 INFO mapreduce.Job:  map 5% reduce 0%
20/06/08 17:41:15 INFO mapreduce.Job:  map 6% reduce 0%
20/06/08 17:41:22 INFO mapreduce.Job:  map 7% reduce 0%
20/06/08 17:41:24 INFO mapreduce.Job:  map 8% reduce 0%
20/06/08 17:41:32 INFO mapreduce.Job:  map 9% reduce 0%
20/06/08 17:41:35 INFO mapreduce.Job:  map 10% reduce 0%
20/06/08 17:41:36 INFO mapreduce.Job:  map 11% reduce 0%
20/06/08 17:41:38 INFO mapreduce.Job:  map 12% reduce 0%
20/06/08 17:41:44 INFO mapreduce.Job:  map 13% reduce 0%
20/06/08 17:41:48 INFO mapreduce.Job:  map 14% reduce 0%
20/06/08 17:41:50 INFO mapreduce.Job:  map 15% reduce 0%
20/06/08 17:41:53 INFO mapreduce.Job:  map 16% reduce 0%
20/06/08 17:41:55 INFO mapreduce.Job:  map 17% reduce 0%
20/06/08 17:42:01 INFO mapreduce.Job:  map 18% reduce 0%
20/06/08 17:42:02 INFO mapreduce.Job:  map 18% reduce 5%
20/06/08 17:42:09 INFO mapreduce.Job:  map 19% reduce 5%
20/06/08 17:42:10 INFO mapreduce.Job:  map 20% reduce 5%
20/06/08 17:42:16 INFO mapreduce.Job:  map 21% reduce 5%
20/06/08 17:42:21 INFO mapreduce.Job:  map 22% reduce 5%
20/06/08 17:42:24 INFO mapreduce.Job:  map 23% reduce 5%
20/06/08 17:42:26 INFO mapreduce.Job:  map 23% reduce 6%
20/06/08 17:42:30 INFO mapreduce.Job:  map 24% reduce 6%
20/06/08 17:42:31 INFO mapreduce.Job:  map 25% reduce 6%
20/06/08 17:42:33 INFO mapreduce.Job:  map 26% reduce 6%
20/06/08 17:42:35 INFO mapreduce.Job:  map 26% reduce 7%
20/06/08 17:42:40 INFO mapreduce.Job:  map 27% reduce 7%
20/06/08 17:42:45 INFO mapreduce.Job:  map 28% reduce 7%
20/06/08 17:42:49 INFO mapreduce.Job:  map 29% reduce 7%
20/06/08 17:42:53 INFO mapreduce.Job:  map 30% reduce 7%
20/06/08 17:42:54 INFO mapreduce.Job:  map 30% reduce 8%
20/06/08 17:42:56 INFO mapreduce.Job:  map 31% reduce 8%
20/06/08 17:42:57 INFO mapreduce.Job:  map 31% reduce 9%
20/06/08 17:42:59 INFO mapreduce.Job:  map 32% reduce 9%
20/06/08 17:43:03 INFO mapreduce.Job:  map 33% reduce 10%
20/06/08 17:43:06 INFO mapreduce.Job:  map 34% reduce 10%
20/06/08 17:43:12 INFO mapreduce.Job:  map 35% reduce 10%
20/06/08 17:43:17 INFO mapreduce.Job:  map 36% reduce 10%
20/06/08 17:43:22 INFO mapreduce.Job:  map 37% reduce 10%
20/06/08 17:43:24 INFO mapreduce.Job:  map 38% reduce 10%
20/06/08 17:43:27 INFO mapreduce.Job:  map 38% reduce 11%
20/06/08 17:43:28 INFO mapreduce.Job:  map 39% reduce 11%
20/06/08 17:43:30 INFO mapreduce.Job:  map 39% reduce 12%
20/06/08 17:43:31 INFO mapreduce.Job:  map 40% reduce 12%
20/06/08 17:43:38 INFO mapreduce.Job:  map 41% reduce 12%
20/06/08 17:43:41 INFO mapreduce.Job:  map 42% reduce 12%
20/06/08 17:43:47 INFO mapreduce.Job:  map 43% reduce 12%
20/06/08 17:43:52 INFO mapreduce.Job:  map 44% reduce 12%
20/06/08 17:43:55 INFO mapreduce.Job:  map 45% reduce 12%
20/06/08 17:43:57 INFO mapreduce.Job:  map 46% reduce 13%
20/06/08 17:44:03 INFO mapreduce.Job:  map 47% reduce 13%
20/06/08 17:44:04 INFO mapreduce.Job:  map 47% reduce 14%
20/06/08 17:44:06 INFO mapreduce.Job:  map 48% reduce 14%
20/06/08 17:44:10 INFO mapreduce.Job:  map 49% reduce 14%
20/06/08 17:44:13 INFO mapreduce.Job:  map 50% reduce 14%
20/06/08 17:44:16 INFO mapreduce.Job:  map 50% reduce 16%
20/06/08 17:44:17 INFO mapreduce.Job:  map 51% reduce 16%
20/06/08 17:44:19 INFO mapreduce.Job:  map 52% reduce 16%
20/06/08 17:44:22 INFO mapreduce.Job:  map 52% reduce 17%
20/06/08 17:44:25 INFO mapreduce.Job:  map 53% reduce 17%
20/06/08 17:44:28 INFO mapreduce.Job:  map 54% reduce 17%
20/06/08 17:44:33 INFO mapreduce.Job:  map 55% reduce 17%
20/06/08 17:44:37 INFO mapreduce.Job:  map 56% reduce 17%
20/06/08 17:44:42 INFO mapreduce.Job:  map 57% reduce 17%
20/06/08 17:44:49 INFO mapreduce.Job:  map 58% reduce 17%
20/06/08 17:44:53 INFO mapreduce.Job:  map 59% reduce 17%
20/06/08 17:44:56 INFO mapreduce.Job:  map 60% reduce 17%
20/06/08 17:44:59 INFO mapreduce.Job:  map 61% reduce 17%
20/06/08 17:45:02 INFO mapreduce.Job:  map 61% reduce 18%
20/06/08 17:45:03 INFO mapreduce.Job:  map 62% reduce 18%
20/06/08 17:45:05 INFO mapreduce.Job:  map 62% reduce 19%
20/06/08 17:45:07 INFO mapreduce.Job:  map 63% reduce 19%
20/06/08 17:45:08 INFO mapreduce.Job:  map 64% reduce 19%
20/06/08 17:45:11 INFO mapreduce.Job:  map 65% reduce 20%
20/06/08 17:45:14 INFO mapreduce.Job:  map 65% reduce 21%
20/06/08 17:45:16 INFO mapreduce.Job:  map 66% reduce 21%
20/06/08 17:45:20 INFO mapreduce.Job:  map 67% reduce 21%
20/06/08 17:45:22 INFO mapreduce.Job:  map 68% reduce 21%
20/06/08 17:45:24 INFO mapreduce.Job:  map 68% reduce 22%
20/06/08 17:45:29 INFO mapreduce.Job:  map 69% reduce 22%
20/06/08 17:45:33 INFO mapreduce.Job:  map 70% reduce 22%
20/06/08 17:45:39 INFO mapreduce.Job:  map 71% reduce 22%
20/06/08 17:45:44 INFO mapreduce.Job:  map 72% reduce 22%
20/06/08 17:45:48 INFO mapreduce.Job:  map 73% reduce 22%
20/06/08 17:45:52 INFO mapreduce.Job:  map 74% reduce 22%
20/06/08 17:45:58 INFO mapreduce.Job:  map 75% reduce 22%
20/06/08 17:46:00 INFO mapreduce.Job:  map 76% reduce 22%
20/06/08 17:46:02 INFO mapreduce.Job:  map 76% reduce 23%
20/06/08 17:46:05 INFO mapreduce.Job:  map 77% reduce 23%
20/06/08 17:46:06 INFO mapreduce.Job:  map 78% reduce 24%
20/06/08 17:46:09 INFO mapreduce.Job:  map 79% reduce 25%
20/06/08 17:46:12 INFO mapreduce.Job:  map 79% reduce 26%
20/06/08 17:46:13 INFO mapreduce.Job:  map 80% reduce 26%
20/06/08 17:46:18 INFO mapreduce.Job:  map 81% reduce 26%
20/06/08 17:46:21 INFO mapreduce.Job:  map 83% reduce 27%
20/06/08 17:46:23 INFO mapreduce.Job:  map 84% reduce 27%
20/06/08 17:46:26 INFO mapreduce.Job:  map 85% reduce 27%
20/06/08 17:46:28 INFO mapreduce.Job:  map 86% reduce 27%
20/06/08 17:46:30 INFO mapreduce.Job:  map 88% reduce 27%
20/06/08 17:46:33 INFO mapreduce.Job:  map 88% reduce 28%
20/06/08 17:46:35 INFO mapreduce.Job:  map 89% reduce 28%
20/06/08 17:46:39 INFO mapreduce.Job:  map 90% reduce 29%
20/06/08 17:46:40 INFO mapreduce.Job:  map 91% reduce 29%
20/06/08 17:46:43 INFO mapreduce.Job:  map 92% reduce 29%
20/06/08 17:46:45 INFO mapreduce.Job:  map 93% reduce 29%
20/06/08 17:46:48 INFO mapreduce.Job:  map 94% reduce 29%
20/06/08 17:46:49 INFO mapreduce.Job:  map 95% reduce 29%
20/06/08 17:46:52 INFO mapreduce.Job:  map 96% reduce 30%
20/06/08 17:46:54 INFO mapreduce.Job:  map 97% reduce 30%
20/06/08 17:46:55 INFO mapreduce.Job:  map 98% reduce 30%
20/06/08 17:46:58 INFO mapreduce.Job:  map 99% reduce 32%
20/06/08 17:47:01 INFO mapreduce.Job:  map 99% reduce 33%
20/06/08 17:47:02 INFO mapreduce.Job:  map 100% reduce 33%
20/06/08 17:47:04 INFO mapreduce.Job:  map 100% reduce 34%
20/06/08 17:47:07 INFO mapreduce.Job:  map 100% reduce 48%
20/06/08 17:47:10 INFO mapreduce.Job:  map 100% reduce 66%
20/06/08 17:47:13 INFO mapreduce.Job:  map 100% reduce 72%
20/06/08 17:47:16 INFO mapreduce.Job:  map 100% reduce 78%
20/06/08 17:47:19 INFO mapreduce.Job:  map 100% reduce 84%
20/06/08 17:47:22 INFO mapreduce.Job:  map 100% reduce 90%
20/06/08 17:47:25 INFO mapreduce.Job:  map 100% reduce 100%
20/06/08 17:47:25 INFO mapreduce.Job: Job job_1591605173931_0005 completed successfully
20/06/08 17:47:25 INFO mapreduce.Job: Counters: 51
	File System Counters
		FILE: Number of bytes read=1824767454
		FILE: Number of bytes written=2549671060
		FILE: Number of read operations=0
		FILE: Number of large read operations=0
		FILE: Number of write operations=0
		HDFS: Number of bytes read=11025922122
		HDFS: Number of bytes written=344331273
		HDFS: Number of read operations=273
		HDFS: Number of large read operations=0
		HDFS: Number of write operations=2
	Job Counters 
		Killed map tasks=1
		Launched map tasks=91
		Launched reduce tasks=1
		Data-local map tasks=89
		Rack-local map tasks=2
		Total time spent by all maps in occupied slots (ms)=4859118
		Total time spent by all reduces in occupied slots (ms)=333934
		Total time spent by all map tasks (ms)=4859118
		Total time spent by all reduce tasks (ms)=333934
		Total vcore-milliseconds taken by all map tasks=4859118
		Total vcore-milliseconds taken by all reduce tasks=333934
		Total megabyte-milliseconds taken by all map tasks=4975736832
		Total megabyte-milliseconds taken by all reduce tasks=341948416
	Map-Reduce Framework
		Map input records=723024
		Map output records=1009312314
		Map output bytes=15223167147
		Map output materialized bytes=713724093
		Input split bytes=10530
		Combine input records=1034080082
		Combine output records=47409544
		Reduce input groups=9907296
		Reduce shuffle bytes=713724093
		Reduce input records=22641776
		Reduce output records=9907296
		Spilled Records=81150956
		Shuffled Maps =90
		Failed Shuffles=0
		Merged Map outputs=90
		GC time elapsed (ms)=101240
		CPU time spent (ms)=1967410
		Physical memory (bytes) snapshot=25116983296
		Virtual memory (bytes) snapshot=192002154496
		Total committed heap usage (bytes)=18919456768
	Shuffle Errors
		BAD_ID=0
		CONNECTION=0
		IO_ERROR=0
		WRONG_LENGTH=0
		WRONG_MAP=0
		WRONG_REDUCE=0
	File Input Format Counters 
		Bytes Read=11025911592
	File Output Format Counters 
		Bytes Written=344331273
