20/06/13 11:44:03 INFO client.RMProxy: Connecting to ResourceManager at master/10.51.17.95:8032
20/06/13 11:44:04 INFO input.FileInputFormat: Total input paths to process : 10
20/06/13 11:44:04 INFO mapreduce.JobSubmitter: number of splits:90
20/06/13 11:44:05 INFO mapreduce.JobSubmitter: Submitting tokens for job: job_1592012074969_0021
20/06/13 11:44:05 INFO impl.YarnClientImpl: Submitted application application_1592012074969_0021
20/06/13 11:44:05 INFO mapreduce.Job: The url to track the job: http://master:8088/proxy/application_1592012074969_0021/
20/06/13 11:44:05 INFO mapreduce.Job: Running job: job_1592012074969_0021
20/06/13 11:44:09 INFO mapreduce.Job: Job job_1592012074969_0021 running in uber mode : false
20/06/13 11:44:09 INFO mapreduce.Job:  map 0% reduce 0%
20/06/13 11:44:23 INFO mapreduce.Job:  map 1% reduce 0%
20/06/13 11:44:25 INFO mapreduce.Job:  map 2% reduce 0%
20/06/13 11:44:29 INFO mapreduce.Job:  map 3% reduce 0%
20/06/13 11:44:39 INFO mapreduce.Job:  map 4% reduce 0%
20/06/13 11:44:42 INFO mapreduce.Job:  map 5% reduce 0%
20/06/13 11:44:48 INFO mapreduce.Job:  map 6% reduce 0%
20/06/13 11:44:53 INFO mapreduce.Job:  map 7% reduce 0%
20/06/13 11:44:57 INFO mapreduce.Job:  map 8% reduce 0%
20/06/13 11:45:02 INFO mapreduce.Job:  map 9% reduce 0%
20/06/13 11:45:04 INFO mapreduce.Job:  map 10% reduce 0%
20/06/13 11:45:08 INFO mapreduce.Job:  map 11% reduce 0%
20/06/13 11:45:11 INFO mapreduce.Job:  map 12% reduce 0%
20/06/13 11:45:16 INFO mapreduce.Job:  map 13% reduce 0%
20/06/13 11:45:24 INFO mapreduce.Job:  map 14% reduce 0%
20/06/13 11:45:25 INFO mapreduce.Job:  map 15% reduce 0%
20/06/13 11:45:26 INFO mapreduce.Job:  map 16% reduce 0%
20/06/13 11:45:29 INFO mapreduce.Job:  map 17% reduce 0%
20/06/13 11:45:34 INFO mapreduce.Job:  map 18% reduce 0%
20/06/13 11:45:39 INFO mapreduce.Job:  map 18% reduce 5%
20/06/13 11:45:40 INFO mapreduce.Job:  map 19% reduce 5%
20/06/13 11:45:45 INFO mapreduce.Job:  map 20% reduce 5%
20/06/13 11:45:50 INFO mapreduce.Job:  map 21% reduce 5%
20/06/13 11:45:56 INFO mapreduce.Job:  map 22% reduce 5%
20/06/13 11:46:02 INFO mapreduce.Job:  map 23% reduce 5%
20/06/13 11:46:03 INFO mapreduce.Job:  map 24% reduce 6%
20/06/13 11:46:05 INFO mapreduce.Job:  map 25% reduce 6%
20/06/13 11:46:06 INFO mapreduce.Job:  map 25% reduce 7%
20/06/13 11:46:11 INFO mapreduce.Job:  map 26% reduce 7%
20/06/13 11:46:15 INFO mapreduce.Job:  map 27% reduce 7%
20/06/13 11:46:20 INFO mapreduce.Job:  map 28% reduce 7%
20/06/13 11:46:25 INFO mapreduce.Job:  map 29% reduce 7%
20/06/13 11:46:29 INFO mapreduce.Job:  map 30% reduce 7%
20/06/13 11:46:32 INFO mapreduce.Job:  map 31% reduce 7%
20/06/13 11:46:33 INFO mapreduce.Job:  map 31% reduce 9%
20/06/13 11:46:35 INFO mapreduce.Job:  map 32% reduce 9%
20/06/13 11:46:37 INFO mapreduce.Job:  map 33% reduce 9%
20/06/13 11:46:41 INFO mapreduce.Job:  map 33% reduce 10%
20/06/13 11:46:45 INFO mapreduce.Job:  map 34% reduce 10%
20/06/13 11:46:49 INFO mapreduce.Job:  map 35% reduce 10%
20/06/13 11:46:54 INFO mapreduce.Job:  map 36% reduce 10%
20/06/13 11:46:57 INFO mapreduce.Job:  map 37% reduce 10%
20/06/13 11:46:58 INFO mapreduce.Job:  map 37% reduce 11%
20/06/13 11:47:00 INFO mapreduce.Job:  map 38% reduce 11%
20/06/13 11:47:04 INFO mapreduce.Job:  map 39% reduce 12%
20/06/13 11:47:09 INFO mapreduce.Job:  map 40% reduce 12%
20/06/13 11:47:14 INFO mapreduce.Job:  map 41% reduce 12%
20/06/13 11:47:20 INFO mapreduce.Job:  map 42% reduce 12%
20/06/13 11:47:24 INFO mapreduce.Job:  map 43% reduce 12%
20/06/13 11:47:30 INFO mapreduce.Job:  map 44% reduce 12%
20/06/13 11:47:35 INFO mapreduce.Job:  map 45% reduce 12%
20/06/13 11:47:38 INFO mapreduce.Job:  map 46% reduce 13%
20/06/13 11:47:41 INFO mapreduce.Job:  map 47% reduce 13%
20/06/13 11:47:43 INFO mapreduce.Job:  map 48% reduce 13%
20/06/13 11:47:44 INFO mapreduce.Job:  map 48% reduce 14%
20/06/13 11:47:47 INFO mapreduce.Job:  map 49% reduce 15%
20/06/13 11:47:51 INFO mapreduce.Job:  map 50% reduce 15%
20/06/13 11:47:53 INFO mapreduce.Job:  map 50% reduce 16%
20/06/13 11:47:54 INFO mapreduce.Job:  map 51% reduce 16%
20/06/13 11:47:56 INFO mapreduce.Job:  map 52% reduce 16%
20/06/13 11:47:59 INFO mapreduce.Job:  map 52% reduce 17%
20/06/13 11:48:04 INFO mapreduce.Job:  map 53% reduce 17%
20/06/13 11:48:08 INFO mapreduce.Job:  map 54% reduce 17%
20/06/13 11:48:13 INFO mapreduce.Job:  map 55% reduce 17%
20/06/13 11:48:18 INFO mapreduce.Job:  map 56% reduce 17%
20/06/13 11:48:23 INFO mapreduce.Job:  map 57% reduce 17%
20/06/13 11:48:27 INFO mapreduce.Job:  map 58% reduce 17%
20/06/13 11:48:33 INFO mapreduce.Job:  map 59% reduce 17%
20/06/13 11:48:39 INFO mapreduce.Job:  map 60% reduce 17%
20/06/13 11:48:41 INFO mapreduce.Job:  map 61% reduce 17%
20/06/13 11:48:45 INFO mapreduce.Job:  map 62% reduce 17%
20/06/13 11:48:46 INFO mapreduce.Job:  map 62% reduce 19%
20/06/13 11:48:48 INFO mapreduce.Job:  map 63% reduce 19%
20/06/13 11:48:50 INFO mapreduce.Job:  map 64% reduce 19%
20/06/13 11:48:52 INFO mapreduce.Job:  map 65% reduce 20%
20/06/13 11:48:55 INFO mapreduce.Job:  map 65% reduce 21%
20/06/13 11:48:56 INFO mapreduce.Job:  map 66% reduce 21%
20/06/13 11:49:01 INFO mapreduce.Job:  map 66% reduce 22%
20/06/13 11:49:02 INFO mapreduce.Job:  map 67% reduce 22%
20/06/13 11:49:05 INFO mapreduce.Job:  map 68% reduce 22%
20/06/13 11:49:11 INFO mapreduce.Job:  map 69% reduce 22%
20/06/13 11:49:17 INFO mapreduce.Job:  map 70% reduce 22%
20/06/13 11:49:21 INFO mapreduce.Job:  map 71% reduce 22%
20/06/13 11:49:27 INFO mapreduce.Job:  map 72% reduce 22%
20/06/13 11:49:32 INFO mapreduce.Job:  map 73% reduce 22%
20/06/13 11:49:36 INFO mapreduce.Job:  map 74% reduce 22%
20/06/13 11:49:42 INFO mapreduce.Job:  map 75% reduce 22%
20/06/13 11:49:45 INFO mapreduce.Job:  map 76% reduce 22%
20/06/13 11:49:49 INFO mapreduce.Job:  map 77% reduce 23%
20/06/13 11:49:51 INFO mapreduce.Job:  map 78% reduce 23%
20/06/13 11:49:52 INFO mapreduce.Job:  map 79% reduce 24%
20/06/13 11:49:53 INFO mapreduce.Job:  map 80% reduce 24%
20/06/13 11:49:55 INFO mapreduce.Job:  map 80% reduce 26%
20/06/13 11:49:56 INFO mapreduce.Job:  map 81% reduce 26%
20/06/13 11:49:58 INFO mapreduce.Job:  map 81% reduce 27%
20/06/13 11:50:05 INFO mapreduce.Job:  map 82% reduce 27%
20/06/13 11:50:06 INFO mapreduce.Job:  map 84% reduce 27%
20/06/13 11:50:10 INFO mapreduce.Job:  map 85% reduce 27%
20/06/13 11:50:11 INFO mapreduce.Job:  map 86% reduce 27%
20/06/13 11:50:15 INFO mapreduce.Job:  map 87% reduce 27%
20/06/13 11:50:16 INFO mapreduce.Job:  map 88% reduce 27%
20/06/13 11:50:17 INFO mapreduce.Job:  map 88% reduce 28%
20/06/13 11:50:21 INFO mapreduce.Job:  map 89% reduce 28%
20/06/13 11:50:23 INFO mapreduce.Job:  map 89% reduce 29%
20/06/13 11:50:25 INFO mapreduce.Job:  map 90% reduce 29%
20/06/13 11:50:28 INFO mapreduce.Job:  map 92% reduce 29%
20/06/13 11:50:30 INFO mapreduce.Job:  map 93% reduce 29%
20/06/13 11:50:31 INFO mapreduce.Job:  map 94% reduce 29%
20/06/13 11:50:35 INFO mapreduce.Job:  map 96% reduce 30%
20/06/13 11:50:37 INFO mapreduce.Job:  map 97% reduce 30%
20/06/13 11:50:38 INFO mapreduce.Job:  map 97% reduce 31%
20/06/13 11:50:41 INFO mapreduce.Job:  map 98% reduce 31%
20/06/13 11:50:44 INFO mapreduce.Job:  map 98% reduce 32%
20/06/13 11:50:47 INFO mapreduce.Job:  map 99% reduce 32%
20/06/13 11:50:49 INFO mapreduce.Job:  map 100% reduce 32%
20/06/13 11:50:50 INFO mapreduce.Job:  map 100% reduce 33%
20/06/13 11:50:53 INFO mapreduce.Job:  map 100% reduce 69%
20/06/13 11:50:56 INFO mapreduce.Job:  map 100% reduce 74%
20/06/13 11:50:59 INFO mapreduce.Job:  map 100% reduce 79%
20/06/13 11:51:02 INFO mapreduce.Job:  map 100% reduce 85%
20/06/13 11:51:05 INFO mapreduce.Job:  map 100% reduce 92%
20/06/13 11:51:08 INFO mapreduce.Job:  map 100% reduce 100%
20/06/13 11:51:09 INFO mapreduce.Job: Job job_1592012074969_0021 completed successfully
20/06/13 11:51:09 INFO mapreduce.Job: Counters: 51
	File System Counters
		FILE: Number of bytes read=1701502047
		FILE: Number of bytes written=2520308396
		FILE: Number of read operations=0
		FILE: Number of large read operations=0
		FILE: Number of write operations=0
		HDFS: Number of bytes read=11025324060
		HDFS: Number of bytes written=488570677
		HDFS: Number of read operations=273
		HDFS: Number of large read operations=0
		HDFS: Number of write operations=2
	Job Counters 
		Killed map tasks=1
		Launched map tasks=91
		Launched reduce tasks=1
		Data-local map tasks=89
		Rack-local map tasks=2
		Total time spent by all maps in occupied slots (ms)=5079630
		Total time spent by all reduces in occupied slots (ms)=342895
		Total time spent by all map tasks (ms)=5079630
		Total time spent by all reduce tasks (ms)=342895
		Total vcore-milliseconds taken by all map tasks=5079630
		Total vcore-milliseconds taken by all reduce tasks=342895
		Total megabyte-milliseconds taken by all map tasks=5201541120
		Total megabyte-milliseconds taken by all reduce tasks=351124480
	Map-Reduce Framework
		Map input records=722763
		Map output records=1009454789
		Map output bytes=19259760569
		Map output materialized bytes=807623243
		Input split bytes=10530
		Combine input records=1034440446
		Combine output records=47590003
		Reduce input groups=9841526
		Reduce shuffle bytes=807623243
		Reduce input records=22604346
		Reduce output records=9841526
		Spilled Records=70871502
		Shuffled Maps =90
		Failed Shuffles=0
		Merged Map outputs=90
		GC time elapsed (ms)=108474
		CPU time spent (ms)=2061630
		Physical memory (bytes) snapshot=25088319488
		Virtual memory (bytes) snapshot=191954063360
		Total committed heap usage (bytes)=18943574016
	Shuffle Errors
		BAD_ID=0
		CONNECTION=0
		IO_ERROR=0
		WRONG_LENGTH=0
		WRONG_MAP=0
		WRONG_REDUCE=0
	File Input Format Counters 
		Bytes Read=11025313530
	File Output Format Counters 
		Bytes Written=488570677
20/06/13 11:51:09 INFO client.RMProxy: Connecting to ResourceManager at master/10.51.17.95:8032
20/06/13 11:51:10 INFO input.FileInputFormat: Total input paths to process : 1
20/06/13 11:51:10 INFO mapreduce.JobSubmitter: number of splits:4
20/06/13 11:51:10 INFO mapreduce.JobSubmitter: Submitting tokens for job: job_1592012074969_0022
20/06/13 11:51:10 INFO impl.YarnClientImpl: Submitted application application_1592012074969_0022
20/06/13 11:51:10 INFO mapreduce.Job: The url to track the job: http://master:8088/proxy/application_1592012074969_0022/
20/06/13 11:51:10 INFO mapreduce.Job: Running job: job_1592012074969_0022
20/06/13 11:51:19 INFO mapreduce.Job: Job job_1592012074969_0022 running in uber mode : false
20/06/13 11:51:19 INFO mapreduce.Job:  map 0% reduce 0%
20/06/13 11:51:30 INFO mapreduce.Job:  map 40% reduce 0%
20/06/13 11:51:31 INFO mapreduce.Job:  map 51% reduce 0%
20/06/13 11:51:33 INFO mapreduce.Job:  map 61% reduce 0%
20/06/13 11:51:34 INFO mapreduce.Job:  map 75% reduce 0%
20/06/13 11:51:36 INFO mapreduce.Job:  map 85% reduce 0%
20/06/13 11:51:37 INFO mapreduce.Job:  map 89% reduce 0%
20/06/13 11:51:39 INFO mapreduce.Job:  map 94% reduce 0%
20/06/13 11:51:40 INFO mapreduce.Job:  map 100% reduce 25%
20/06/13 11:51:43 INFO mapreduce.Job:  map 100% reduce 73%
20/06/13 11:51:46 INFO mapreduce.Job:  map 100% reduce 82%
20/06/13 11:51:49 INFO mapreduce.Job:  map 100% reduce 98%
20/06/13 11:51:50 INFO mapreduce.Job:  map 100% reduce 100%
20/06/13 11:51:50 INFO mapreduce.Job: Job job_1592012074969_0022 completed successfully
20/06/13 11:51:50 INFO mapreduce.Job: Counters: 50
	File System Counters
		FILE: Number of bytes read=849500342
		FILE: Number of bytes written=1274862336
		FILE: Number of read operations=0
		FILE: Number of large read operations=0
		FILE: Number of write operations=0
		HDFS: Number of bytes read=488574206
		HDFS: Number of bytes written=346675210
		HDFS: Number of read operations=19
		HDFS: Number of large read operations=0
		HDFS: Number of write operations=2
	Job Counters 
		Killed map tasks=1
		Launched map tasks=5
		Launched reduce tasks=1
		Data-local map tasks=5
		Total time spent by all maps in occupied slots (ms)=68861
		Total time spent by all reduces in occupied slots (ms)=16920
		Total time spent by all map tasks (ms)=68861
		Total time spent by all reduce tasks (ms)=16920
		Total vcore-milliseconds taken by all map tasks=68861
		Total vcore-milliseconds taken by all reduce tasks=16920
		Total megabyte-milliseconds taken by all map tasks=70513664
		Total megabyte-milliseconds taken by all reduce tasks=17326080
	Map-Reduce Framework
		Map input records=9841526
		Map output records=9841526
		Map output bytes=405067083
		Map output materialized bytes=424750159
		Input split bytes=508
		Combine input records=0
		Combine output records=0
		Reduce input groups=1241
		Reduce shuffle bytes=424750159
		Reduce input records=9841526
		Reduce output records=9841526
		Spilled Records=29524578
		Shuffled Maps =4
		Failed Shuffles=0
		Merged Map outputs=4
		GC time elapsed (ms)=1546
		CPU time spent (ms)=47490
		Physical memory (bytes) snapshot=1263554560
		Virtual memory (bytes) snapshot=10543022080
		Total committed heap usage (bytes)=940572672
	Shuffle Errors
		BAD_ID=0
		CONNECTION=0
		IO_ERROR=0
		WRONG_LENGTH=0
		WRONG_MAP=0
		WRONG_REDUCE=0
	File Input Format Counters 
		Bytes Read=488573698
	File Output Format Counters 
		Bytes Written=346675210
