20/06/09 11:44:39 INFO client.RMProxy: Connecting to ResourceManager at master/10.51.17.95:8032
20/06/09 11:44:39 INFO input.FileInputFormat: Total input paths to process : 10
20/06/09 11:44:39 INFO mapreduce.JobSubmitter: number of splits:90
20/06/09 11:44:40 INFO mapreduce.JobSubmitter: Submitting tokens for job: job_1591670465466_0005
20/06/09 11:44:40 INFO impl.YarnClientImpl: Submitted application application_1591670465466_0005
20/06/09 11:44:40 INFO mapreduce.Job: The url to track the job: http://master:8088/proxy/application_1591670465466_0005/
20/06/09 11:44:40 INFO mapreduce.Job: Running job: job_1591670465466_0005
20/06/09 11:44:47 INFO mapreduce.Job: Job job_1591670465466_0005 running in uber mode : false
20/06/09 11:44:47 INFO mapreduce.Job:  map 0% reduce 0%
20/06/09 11:45:02 INFO mapreduce.Job:  map 1% reduce 0%
20/06/09 11:45:11 INFO mapreduce.Job:  map 2% reduce 0%
20/06/09 11:45:20 INFO mapreduce.Job:  map 3% reduce 0%
20/06/09 11:45:25 INFO mapreduce.Job:  map 4% reduce 0%
20/06/09 11:45:31 INFO mapreduce.Job:  map 5% reduce 0%
20/06/09 11:45:36 INFO mapreduce.Job:  map 6% reduce 0%
20/06/09 11:45:42 INFO mapreduce.Job:  map 7% reduce 0%
20/06/09 11:45:45 INFO mapreduce.Job:  map 8% reduce 0%
20/06/09 11:45:48 INFO mapreduce.Job:  map 9% reduce 0%
20/06/09 11:45:50 INFO mapreduce.Job:  map 10% reduce 0%
20/06/09 11:45:56 INFO mapreduce.Job:  map 11% reduce 0%
20/06/09 11:46:02 INFO mapreduce.Job:  map 12% reduce 0%
20/06/09 11:46:06 INFO mapreduce.Job:  map 13% reduce 0%
20/06/09 11:46:10 INFO mapreduce.Job:  map 14% reduce 0%
20/06/09 11:46:15 INFO mapreduce.Job:  map 15% reduce 0%
20/06/09 11:46:20 INFO mapreduce.Job:  map 16% reduce 0%
20/06/09 11:46:24 INFO mapreduce.Job:  map 16% reduce 3%
20/06/09 11:46:25 INFO mapreduce.Job:  map 17% reduce 3%
20/06/09 11:46:28 INFO mapreduce.Job:  map 18% reduce 3%
20/06/09 11:46:30 INFO mapreduce.Job:  map 18% reduce 4%
20/06/09 11:46:32 INFO mapreduce.Job:  map 19% reduce 4%
20/06/09 11:46:34 INFO mapreduce.Job:  map 20% reduce 4%
20/06/09 11:46:36 INFO mapreduce.Job:  map 20% reduce 5%
20/06/09 11:46:37 INFO mapreduce.Job:  map 21% reduce 5%
20/06/09 11:46:39 INFO mapreduce.Job:  map 21% reduce 6%
20/06/09 11:46:40 INFO mapreduce.Job:  map 22% reduce 6%
20/06/09 11:46:43 INFO mapreduce.Job:  map 23% reduce 6%
20/06/09 11:46:45 INFO mapreduce.Job:  map 23% reduce 7%
20/06/09 11:46:48 INFO mapreduce.Job:  map 24% reduce 7%
20/06/09 11:46:52 INFO mapreduce.Job:  map 25% reduce 7%
20/06/09 11:46:59 INFO mapreduce.Job:  map 26% reduce 7%
20/06/09 11:47:03 INFO mapreduce.Job:  map 27% reduce 7%
20/06/09 11:47:10 INFO mapreduce.Job:  map 28% reduce 7%
20/06/09 11:47:12 INFO mapreduce.Job:  map 29% reduce 7%
20/06/09 11:47:13 INFO mapreduce.Job:  map 29% reduce 8%
20/06/09 11:47:19 INFO mapreduce.Job:  map 30% reduce 8%
20/06/09 11:47:22 INFO mapreduce.Job:  map 31% reduce 8%
20/06/09 11:47:26 INFO mapreduce.Job:  map 32% reduce 8%
20/06/09 11:47:31 INFO mapreduce.Job:  map 33% reduce 8%
20/06/09 11:47:34 INFO mapreduce.Job:  map 34% reduce 9%
20/06/09 11:47:38 INFO mapreduce.Job:  map 35% reduce 10%
20/06/09 11:47:40 INFO mapreduce.Job:  map 36% reduce 10%
20/06/09 11:47:41 INFO mapreduce.Job:  map 36% reduce 11%
20/06/09 11:47:44 INFO mapreduce.Job:  map 37% reduce 11%
20/06/09 11:47:49 INFO mapreduce.Job:  map 38% reduce 11%
20/06/09 11:47:50 INFO mapreduce.Job:  map 38% reduce 12%
20/06/09 11:47:52 INFO mapreduce.Job:  map 39% reduce 12%
20/06/09 11:47:56 INFO mapreduce.Job:  map 40% reduce 12%
20/06/09 11:48:03 INFO mapreduce.Job:  map 41% reduce 12%
20/06/09 11:48:06 INFO mapreduce.Job:  map 42% reduce 12%
20/06/09 11:48:13 INFO mapreduce.Job:  map 43% reduce 12%
20/06/09 11:48:17 INFO mapreduce.Job:  map 44% reduce 12%
20/06/09 11:48:18 INFO mapreduce.Job:  map 44% reduce 13%
20/06/09 11:48:22 INFO mapreduce.Job:  map 45% reduce 13%
20/06/09 11:48:25 INFO mapreduce.Job:  map 46% reduce 13%
20/06/09 11:48:26 INFO mapreduce.Job:  map 47% reduce 13%
20/06/09 11:48:27 INFO mapreduce.Job:  map 47% reduce 14%
20/06/09 11:48:33 INFO mapreduce.Job:  map 48% reduce 14%
20/06/09 11:48:35 INFO mapreduce.Job:  map 49% reduce 14%
20/06/09 11:48:38 INFO mapreduce.Job:  map 50% reduce 14%
20/06/09 11:48:39 INFO mapreduce.Job:  map 50% reduce 15%
20/06/09 11:48:44 INFO mapreduce.Job:  map 51% reduce 15%
20/06/09 11:48:45 INFO mapreduce.Job:  map 51% reduce 16%
20/06/09 11:48:46 INFO mapreduce.Job:  map 52% reduce 16%
20/06/09 11:48:51 INFO mapreduce.Job:  map 53% reduce 16%
20/06/09 11:48:55 INFO mapreduce.Job:  map 54% reduce 16%
20/06/09 11:48:58 INFO mapreduce.Job:  map 54% reduce 17%
20/06/09 11:49:00 INFO mapreduce.Job:  map 55% reduce 17%
20/06/09 11:49:07 INFO mapreduce.Job:  map 56% reduce 17%
20/06/09 11:49:09 INFO mapreduce.Job:  map 35% reduce 100%
20/06/09 11:49:10 INFO mapreduce.Job:  map 30% reduce 0%
20/06/09 11:49:14 INFO mapreduce.Job:  map 31% reduce 0%
20/06/09 11:49:24 INFO mapreduce.Job:  map 32% reduce 0%
20/06/09 11:49:28 INFO mapreduce.Job:  map 33% reduce 0%
20/06/09 11:49:38 INFO mapreduce.Job:  map 34% reduce 0%
20/06/09 11:49:43 INFO mapreduce.Job:  map 35% reduce 0%
20/06/09 11:49:54 INFO mapreduce.Job:  map 36% reduce 0%
20/06/09 11:50:04 INFO mapreduce.Job:  map 37% reduce 0%
20/06/09 11:50:12 INFO mapreduce.Job:  map 38% reduce 0%
20/06/09 11:50:20 INFO mapreduce.Job:  map 39% reduce 0%
20/06/09 11:50:23 INFO mapreduce.Job:  map 40% reduce 0%
20/06/09 11:50:32 INFO mapreduce.Job:  map 41% reduce 0%
20/06/09 11:50:40 INFO mapreduce.Job:  map 42% reduce 0%
20/06/09 11:50:51 INFO mapreduce.Job:  map 43% reduce 0%
20/06/09 11:50:58 INFO mapreduce.Job:  map 44% reduce 0%
20/06/09 11:51:06 INFO mapreduce.Job:  map 45% reduce 0%
20/06/09 11:51:13 INFO mapreduce.Job:  map 46% reduce 0%
20/06/09 11:51:20 INFO mapreduce.Job:  map 47% reduce 0%
20/06/09 11:51:28 INFO mapreduce.Job:  map 48% reduce 0%
20/06/09 11:51:37 INFO mapreduce.Job:  map 49% reduce 0%
20/06/09 11:51:46 INFO mapreduce.Job:  map 50% reduce 0%
20/06/09 11:51:53 INFO mapreduce.Job:  map 51% reduce 0%
20/06/09 11:52:03 INFO mapreduce.Job:  map 52% reduce 0%
20/06/09 11:52:10 INFO mapreduce.Job:  map 53% reduce 0%
20/06/09 11:52:16 INFO mapreduce.Job:  map 54% reduce 0%
20/06/09 11:52:24 INFO mapreduce.Job:  map 55% reduce 0%
20/06/09 11:52:32 INFO mapreduce.Job:  map 56% reduce 0%
20/06/09 11:52:39 INFO mapreduce.Job:  map 57% reduce 0%
20/06/09 11:52:49 INFO mapreduce.Job:  map 58% reduce 0%
20/06/09 11:52:57 INFO mapreduce.Job:  map 59% reduce 0%
20/06/09 11:53:04 INFO mapreduce.Job:  map 60% reduce 0%
20/06/09 11:53:13 INFO mapreduce.Job:  map 61% reduce 0%
20/06/09 11:53:19 INFO mapreduce.Job:  map 62% reduce 0%
20/06/09 11:53:28 INFO mapreduce.Job:  map 63% reduce 0%
20/06/09 11:53:37 INFO mapreduce.Job:  map 63% reduce 10%
20/06/09 11:53:38 INFO mapreduce.Job:  map 64% reduce 10%
20/06/09 11:53:44 INFO mapreduce.Job:  map 64% reduce 15%
20/06/09 11:53:47 INFO mapreduce.Job:  map 65% reduce 19%
20/06/09 11:53:50 INFO mapreduce.Job:  map 65% reduce 21%
20/06/09 11:53:51 INFO mapreduce.Job:  map 66% reduce 21%
20/06/09 11:53:56 INFO mapreduce.Job:  map 66% reduce 22%
20/06/09 11:54:01 INFO mapreduce.Job:  map 67% reduce 22%
20/06/09 11:54:11 INFO mapreduce.Job:  map 68% reduce 22%
20/06/09 11:54:20 INFO mapreduce.Job:  map 69% reduce 22%
20/06/09 11:54:28 INFO mapreduce.Job:  map 70% reduce 22%
20/06/09 11:54:35 INFO mapreduce.Job:  map 71% reduce 22%
20/06/09 11:54:36 INFO mapreduce.Job:  map 71% reduce 23%
20/06/09 11:54:39 INFO mapreduce.Job:  map 72% reduce 23%
20/06/09 11:54:42 INFO mapreduce.Job:  map 72% reduce 24%
20/06/09 11:54:49 INFO mapreduce.Job:  map 73% reduce 24%
20/06/09 11:54:57 INFO mapreduce.Job:  map 74% reduce 24%
20/06/09 11:55:06 INFO mapreduce.Job:  map 75% reduce 24%
20/06/09 11:55:16 INFO mapreduce.Job:  map 76% reduce 24%
20/06/09 11:55:20 INFO mapreduce.Job:  map 77% reduce 24%
20/06/09 11:55:21 INFO mapreduce.Job:  map 77% reduce 25%
20/06/09 11:55:24 INFO mapreduce.Job:  map 77% reduce 26%
20/06/09 11:55:28 INFO mapreduce.Job:  map 78% reduce 26%
20/06/09 11:55:39 INFO mapreduce.Job:  map 79% reduce 26%
20/06/09 11:55:47 INFO mapreduce.Job:  map 80% reduce 26%
20/06/09 11:55:57 INFO mapreduce.Job:  map 81% reduce 26%
20/06/09 11:56:02 INFO mapreduce.Job:  map 82% reduce 26%
20/06/09 11:56:03 INFO mapreduce.Job:  map 82% reduce 27%
20/06/09 11:56:07 INFO mapreduce.Job:  map 83% reduce 27%
20/06/09 11:56:19 INFO mapreduce.Job:  map 84% reduce 27%
20/06/09 11:56:26 INFO mapreduce.Job:  map 85% reduce 27%
20/06/09 11:56:28 INFO mapreduce.Job:  map 85% reduce 28%
20/06/09 11:56:35 INFO mapreduce.Job:  map 86% reduce 28%
20/06/09 11:56:41 INFO mapreduce.Job:  map 87% reduce 28%
20/06/09 11:56:46 INFO mapreduce.Job:  map 87% reduce 29%
20/06/09 11:56:50 INFO mapreduce.Job:  map 88% reduce 29%
20/06/09 11:56:52 INFO mapreduce.Job:  map 89% reduce 29%
20/06/09 11:56:56 INFO mapreduce.Job:  map 89% reduce 30%
20/06/09 11:56:57 INFO mapreduce.Job:  map 90% reduce 30%
20/06/09 11:57:02 INFO mapreduce.Job:  map 91% reduce 30%
20/06/09 11:57:04 INFO mapreduce.Job:  map 93% reduce 30%
20/06/09 11:57:07 INFO mapreduce.Job:  map 94% reduce 30%
20/06/09 11:57:08 INFO mapreduce.Job:  map 94% reduce 31%
20/06/09 11:57:13 INFO mapreduce.Job:  map 95% reduce 31%
20/06/09 11:57:16 INFO mapreduce.Job:  map 96% reduce 31%
20/06/09 11:57:17 INFO mapreduce.Job:  map 96% reduce 32%
20/06/09 11:57:18 INFO mapreduce.Job:  map 97% reduce 32%
20/06/09 11:57:20 INFO mapreduce.Job:  map 98% reduce 32%
20/06/09 11:57:21 INFO mapreduce.Job:  map 99% reduce 32%
20/06/09 11:57:22 INFO mapreduce.Job:  map 100% reduce 32%
20/06/09 11:57:23 INFO mapreduce.Job:  map 100% reduce 44%
20/06/09 11:57:26 INFO mapreduce.Job:  map 100% reduce 72%
20/06/09 11:57:29 INFO mapreduce.Job:  map 100% reduce 78%
20/06/09 11:57:32 INFO mapreduce.Job:  map 100% reduce 83%
20/06/09 11:57:35 INFO mapreduce.Job:  map 100% reduce 90%
20/06/09 11:57:38 INFO mapreduce.Job:  map 100% reduce 100%
20/06/09 11:57:38 INFO mapreduce.Job: Job job_1591670465466_0005 completed successfully
20/06/09 11:57:38 INFO mapreduce.Job: Counters: 53
	File System Counters
		FILE: Number of bytes read=1606683661
		FILE: Number of bytes written=2377269686
		FILE: Number of read operations=0
		FILE: Number of large read operations=0
		FILE: Number of write operations=0
		HDFS: Number of bytes read=11025454307
		HDFS: Number of bytes written=435743984
		HDFS: Number of read operations=273
		HDFS: Number of large read operations=0
		HDFS: Number of write operations=2
	Job Counters 
		Killed map tasks=30
		Killed reduce tasks=1
		Launched map tasks=119
		Launched reduce tasks=2
		Other local map tasks=29
		Data-local map tasks=61
		Rack-local map tasks=29
		Total time spent by all maps in occupied slots (ms)=5778862
		Total time spent by all reduces in occupied slots (ms)=429721
		Total time spent by all map tasks (ms)=5778862
		Total time spent by all reduce tasks (ms)=429721
		Total vcore-milliseconds taken by all map tasks=5778862
		Total vcore-milliseconds taken by all reduce tasks=429721
		Total megabyte-milliseconds taken by all map tasks=5917554688
		Total megabyte-milliseconds taken by all reduce tasks=440034304
	Map-Reduce Framework
		Map input records=266098
		Map output records=1011260837
		Map output bytes=19273743277
		Map output materialized bytes=759375619
		Input split bytes=10530
		Combine input records=1036233476
		Combine output records=47478959
		Reduce input groups=9468403
		Reduce shuffle bytes=759375619
		Reduce input records=22506320
		Reduce output records=9468403
		Spilled Records=70662755
		Shuffled Maps =90
		Failed Shuffles=0
		Merged Map outputs=90
		GC time elapsed (ms)=84989
		CPU time spent (ms)=1968760
		Physical memory (bytes) snapshot=25128161280
		Virtual memory (bytes) snapshot=191941746688
		Total committed heap usage (bytes)=18938331136
	Shuffle Errors
		BAD_ID=0
		CONNECTION=0
		IO_ERROR=0
		WRONG_LENGTH=0
		WRONG_MAP=0
		WRONG_REDUCE=0
	File Input Format Counters 
		Bytes Read=11025443777
	File Output Format Counters 
		Bytes Written=435743984
20/06/09 11:57:38 INFO client.RMProxy: Connecting to ResourceManager at master/10.51.17.95:8032
20/06/09 11:57:39 INFO input.FileInputFormat: Total input paths to process : 1
20/06/09 11:57:39 INFO mapreduce.JobSubmitter: number of splits:4
20/06/09 11:57:39 INFO mapreduce.JobSubmitter: Submitting tokens for job: job_1591670465466_0006
20/06/09 11:57:39 INFO impl.YarnClientImpl: Submitted application application_1591670465466_0006
20/06/09 11:57:39 INFO mapreduce.Job: The url to track the job: http://master:8088/proxy/application_1591670465466_0006/
20/06/09 11:57:39 INFO mapreduce.Job: Running job: job_1591670465466_0006
20/06/09 11:57:49 INFO mapreduce.Job: Job job_1591670465466_0006 running in uber mode : false
20/06/09 11:57:49 INFO mapreduce.Job:  map 0% reduce 0%
20/06/09 11:57:58 INFO mapreduce.Job:  map 25% reduce 0%
20/06/09 11:58:01 INFO mapreduce.Job:  map 44% reduce 0%
20/06/09 11:58:02 INFO mapreduce.Job:  map 60% reduce 0%
20/06/09 11:58:04 INFO mapreduce.Job:  map 78% reduce 0%
20/06/09 11:58:07 INFO mapreduce.Job:  map 92% reduce 0%
20/06/09 11:58:10 INFO mapreduce.Job:  map 100% reduce 25%
20/06/09 11:58:13 INFO mapreduce.Job:  map 100% reduce 81%
20/06/09 11:58:16 INFO mapreduce.Job:  map 100% reduce 94%
20/06/09 11:58:18 INFO mapreduce.Job:  map 100% reduce 100%
20/06/09 11:58:18 INFO mapreduce.Job: Job job_1591670465466_0006 completed successfully
20/06/09 11:58:18 INFO mapreduce.Job: Counters: 50
	File System Counters
		FILE: Number of bytes read=719056614
		FILE: Number of bytes written=1094343593
		FILE: Number of read operations=0
		FILE: Number of large read operations=0
		FILE: Number of write operations=0
		HDFS: Number of bytes read=435748245
		HDFS: Number of bytes written=299587826
		HDFS: Number of read operations=19
		HDFS: Number of large read operations=0
		HDFS: Number of write operations=2
	Job Counters 
		Killed map tasks=1
		Launched map tasks=5
		Launched reduce tasks=1
		Data-local map tasks=5
		Total time spent by all maps in occupied slots (ms)=59648
		Total time spent by all reduces in occupied slots (ms)=17706
		Total time spent by all map tasks (ms)=59648
		Total time spent by all reduce tasks (ms)=17706
		Total vcore-milliseconds taken by all map tasks=59648
		Total vcore-milliseconds taken by all reduce tasks=17706
		Total megabyte-milliseconds taken by all map tasks=61079552
		Total megabyte-milliseconds taken by all reduce tasks=18130944
	Map-Reduce Framework
		Map input records=9468403
		Map output records=9468403
		Map output bytes=355736814
		Map output materialized bytes=374673644
		Input split bytes=504
		Combine input records=0
		Combine output records=0
		Reduce input groups=1248
		Reduce shuffle bytes=374673644
		Reduce input records=9468403
		Reduce output records=9468403
		Spilled Records=27992271
		Shuffled Maps =4
		Failed Shuffles=0
		Merged Map outputs=4
		GC time elapsed (ms)=1688
		CPU time spent (ms)=41890
		Physical memory (bytes) snapshot=1271861248
		Virtual memory (bytes) snapshot=10543071232
		Total committed heap usage (bytes)=940048384
	Shuffle Errors
		BAD_ID=0
		CONNECTION=0
		IO_ERROR=0
		WRONG_LENGTH=0
		WRONG_MAP=0
		WRONG_REDUCE=0
	File Input Format Counters 
		Bytes Read=435747741
	File Output Format Counters 
		Bytes Written=299587826
