20/06/13 10:49:08 INFO client.RMProxy: Connecting to ResourceManager at master/10.51.17.95:8032
20/06/13 10:49:09 INFO input.FileInputFormat: Total input paths to process : 10
20/06/13 10:49:10 INFO mapreduce.JobSubmitter: number of splits:90
20/06/13 10:49:10 INFO mapreduce.JobSubmitter: Submitting tokens for job: job_1592012074969_0005
20/06/13 10:49:10 INFO impl.YarnClientImpl: Submitted application application_1592012074969_0005
20/06/13 10:49:10 INFO mapreduce.Job: The url to track the job: http://master:8088/proxy/application_1592012074969_0005/
20/06/13 10:49:10 INFO mapreduce.Job: Running job: job_1592012074969_0005
20/06/13 10:49:14 INFO mapreduce.Job: Job job_1592012074969_0005 running in uber mode : false
20/06/13 10:49:14 INFO mapreduce.Job:  map 0% reduce 0%
20/06/13 10:49:28 INFO mapreduce.Job:  map 1% reduce 0%
20/06/13 10:49:30 INFO mapreduce.Job:  map 2% reduce 0%
20/06/13 10:49:34 INFO mapreduce.Job:  map 3% reduce 0%
20/06/13 10:49:42 INFO mapreduce.Job:  map 4% reduce 0%
20/06/13 10:49:47 INFO mapreduce.Job:  map 5% reduce 0%
20/06/13 10:49:51 INFO mapreduce.Job:  map 6% reduce 0%
20/06/13 10:49:56 INFO mapreduce.Job:  map 7% reduce 0%
20/06/13 10:50:02 INFO mapreduce.Job:  map 8% reduce 0%
20/06/13 10:50:08 INFO mapreduce.Job:  map 9% reduce 0%
20/06/13 10:50:10 INFO mapreduce.Job:  map 10% reduce 0%
20/06/13 10:50:12 INFO mapreduce.Job:  map 11% reduce 0%
20/06/13 10:50:14 INFO mapreduce.Job:  map 12% reduce 0%
20/06/13 10:50:22 INFO mapreduce.Job:  map 13% reduce 0%
20/06/13 10:50:25 INFO mapreduce.Job:  map 14% reduce 0%
20/06/13 10:50:29 INFO mapreduce.Job:  map 15% reduce 0%
20/06/13 10:50:32 INFO mapreduce.Job:  map 16% reduce 0%
20/06/13 10:50:34 INFO mapreduce.Job:  map 17% reduce 0%
20/06/13 10:50:38 INFO mapreduce.Job:  map 18% reduce 0%
20/06/13 10:50:40 INFO mapreduce.Job:  map 18% reduce 5%
20/06/13 10:50:45 INFO mapreduce.Job:  map 19% reduce 5%
20/06/13 10:50:49 INFO mapreduce.Job:  map 20% reduce 5%
20/06/13 10:50:56 INFO mapreduce.Job:  map 21% reduce 5%
20/06/13 10:51:01 INFO mapreduce.Job:  map 22% reduce 5%
20/06/13 10:51:05 INFO mapreduce.Job:  map 23% reduce 5%
20/06/13 10:51:07 INFO mapreduce.Job:  map 24% reduce 6%
20/06/13 10:51:10 INFO mapreduce.Job:  map 24% reduce 7%
20/06/13 10:51:12 INFO mapreduce.Job:  map 25% reduce 7%
20/06/13 10:51:15 INFO mapreduce.Job:  map 26% reduce 7%
20/06/13 10:51:20 INFO mapreduce.Job:  map 27% reduce 7%
20/06/13 10:51:25 INFO mapreduce.Job:  map 28% reduce 7%
20/06/13 10:51:30 INFO mapreduce.Job:  map 29% reduce 7%
20/06/13 10:51:34 INFO mapreduce.Job:  map 30% reduce 7%
20/06/13 10:51:35 INFO mapreduce.Job:  map 30% reduce 8%
20/06/13 10:51:37 INFO mapreduce.Job:  map 31% reduce 8%
20/06/13 10:51:38 INFO mapreduce.Job:  map 31% reduce 9%
20/06/13 10:51:40 INFO mapreduce.Job:  map 32% reduce 9%
20/06/13 10:51:45 INFO mapreduce.Job:  map 33% reduce 9%
20/06/13 10:51:47 INFO mapreduce.Job:  map 33% reduce 10%
20/06/13 10:51:49 INFO mapreduce.Job:  map 34% reduce 10%
20/06/13 10:51:53 INFO mapreduce.Job:  map 35% reduce 10%
20/06/13 10:51:58 INFO mapreduce.Job:  map 36% reduce 10%
20/06/13 10:52:01 INFO mapreduce.Job:  map 37% reduce 10%
20/06/13 10:52:02 INFO mapreduce.Job:  map 37% reduce 11%
20/06/13 10:52:06 INFO mapreduce.Job:  map 38% reduce 11%
20/06/13 10:52:11 INFO mapreduce.Job:  map 39% reduce 11%
20/06/13 10:52:13 INFO mapreduce.Job:  map 40% reduce 11%
20/06/13 10:52:15 INFO mapreduce.Job:  map 40% reduce 12%
20/06/13 10:52:20 INFO mapreduce.Job:  map 41% reduce 12%
20/06/13 10:52:24 INFO mapreduce.Job:  map 42% reduce 12%
20/06/13 10:52:29 INFO mapreduce.Job:  map 43% reduce 12%
20/06/13 10:52:35 INFO mapreduce.Job:  map 44% reduce 12%
20/06/13 10:52:38 INFO mapreduce.Job:  map 45% reduce 12%
20/06/13 10:52:39 INFO mapreduce.Job:  map 45% reduce 13%
20/06/13 10:52:42 INFO mapreduce.Job:  map 46% reduce 13%
20/06/13 10:52:44 INFO mapreduce.Job:  map 47% reduce 13%
20/06/13 10:52:45 INFO mapreduce.Job:  map 47% reduce 14%
20/06/13 10:52:49 INFO mapreduce.Job:  map 48% reduce 14%
20/06/13 10:52:54 INFO mapreduce.Job:  map 49% reduce 14%
20/06/13 10:52:58 INFO mapreduce.Job:  map 50% reduce 15%
20/06/13 10:53:00 INFO mapreduce.Job:  map 51% reduce 15%
20/06/13 10:53:01 INFO mapreduce.Job:  map 52% reduce 16%
20/06/13 10:53:08 INFO mapreduce.Job:  map 53% reduce 16%
20/06/13 10:53:12 INFO mapreduce.Job:  map 54% reduce 17%
20/06/13 10:53:18 INFO mapreduce.Job:  map 55% reduce 17%
20/06/13 10:53:22 INFO mapreduce.Job:  map 56% reduce 17%
20/06/13 10:53:28 INFO mapreduce.Job:  map 57% reduce 17%
20/06/13 10:53:34 INFO mapreduce.Job:  map 58% reduce 17%
20/06/13 10:53:39 INFO mapreduce.Job:  map 59% reduce 17%
20/06/13 10:53:43 INFO mapreduce.Job:  map 60% reduce 17%
20/06/13 10:53:45 INFO mapreduce.Job:  map 61% reduce 17%
20/06/13 10:53:46 INFO mapreduce.Job:  map 61% reduce 18%
20/06/13 10:53:48 INFO mapreduce.Job:  map 62% reduce 18%
20/06/13 10:53:49 INFO mapreduce.Job:  map 62% reduce 19%
20/06/13 10:53:54 INFO mapreduce.Job:  map 63% reduce 19%
20/06/13 10:53:55 INFO mapreduce.Job:  map 64% reduce 19%
20/06/13 10:53:58 INFO mapreduce.Job:  map 64% reduce 20%
20/06/13 10:53:59 INFO mapreduce.Job:  map 65% reduce 20%
20/06/13 10:54:00 INFO mapreduce.Job:  map 66% reduce 20%
20/06/13 10:54:04 INFO mapreduce.Job:  map 66% reduce 21%
20/06/13 10:54:07 INFO mapreduce.Job:  map 67% reduce 21%
20/06/13 10:54:10 INFO mapreduce.Job:  map 67% reduce 22%
20/06/13 10:54:11 INFO mapreduce.Job:  map 68% reduce 22%
20/06/13 10:54:17 INFO mapreduce.Job:  map 69% reduce 22%
20/06/13 10:54:22 INFO mapreduce.Job:  map 70% reduce 22%
20/06/13 10:54:28 INFO mapreduce.Job:  map 71% reduce 22%
20/06/13 10:54:32 INFO mapreduce.Job:  map 72% reduce 22%
20/06/13 10:54:37 INFO mapreduce.Job:  map 73% reduce 22%
20/06/13 10:54:43 INFO mapreduce.Job:  map 74% reduce 22%
20/06/13 10:54:47 INFO mapreduce.Job:  map 75% reduce 22%
20/06/13 10:54:51 INFO mapreduce.Job:  map 76% reduce 22%
20/06/13 10:54:52 INFO mapreduce.Job:  map 77% reduce 22%
20/06/13 10:54:53 INFO mapreduce.Job:  map 77% reduce 23%
20/06/13 10:54:54 INFO mapreduce.Job:  map 78% reduce 23%
20/06/13 10:54:57 INFO mapreduce.Job:  map 78% reduce 25%
20/06/13 10:54:58 INFO mapreduce.Job:  map 79% reduce 25%
20/06/13 10:55:02 INFO mapreduce.Job:  map 80% reduce 25%
20/06/13 10:55:03 INFO mapreduce.Job:  map 80% reduce 26%
20/06/13 10:55:06 INFO mapreduce.Job:  map 81% reduce 26%
20/06/13 10:55:09 INFO mapreduce.Job:  map 81% reduce 27%
20/06/13 10:55:10 INFO mapreduce.Job:  map 82% reduce 27%
20/06/13 10:55:13 INFO mapreduce.Job:  map 83% reduce 27%
20/06/13 10:55:14 INFO mapreduce.Job:  map 84% reduce 27%
20/06/13 10:55:17 INFO mapreduce.Job:  map 85% reduce 27%
20/06/13 10:55:18 INFO mapreduce.Job:  map 86% reduce 27%
20/06/13 10:55:19 INFO mapreduce.Job:  map 87% reduce 27%
20/06/13 10:55:23 INFO mapreduce.Job:  map 88% reduce 27%
20/06/13 10:55:26 INFO mapreduce.Job:  map 89% reduce 28%
20/06/13 10:55:28 INFO mapreduce.Job:  map 90% reduce 28%
20/06/13 10:55:29 INFO mapreduce.Job:  map 90% reduce 29%
20/06/13 10:55:31 INFO mapreduce.Job:  map 91% reduce 29%
20/06/13 10:55:34 INFO mapreduce.Job:  map 92% reduce 29%
20/06/13 10:55:36 INFO mapreduce.Job:  map 93% reduce 29%
20/06/13 10:55:37 INFO mapreduce.Job:  map 94% reduce 29%
20/06/13 10:55:41 INFO mapreduce.Job:  map 95% reduce 29%
20/06/13 10:55:43 INFO mapreduce.Job:  map 96% reduce 29%
20/06/13 10:55:45 INFO mapreduce.Job:  map 96% reduce 30%
20/06/13 10:55:46 INFO mapreduce.Job:  map 97% reduce 30%
20/06/13 10:55:47 INFO mapreduce.Job:  map 98% reduce 30%
20/06/13 10:55:48 INFO mapreduce.Job:  map 98% reduce 31%
20/06/13 10:55:51 INFO mapreduce.Job:  map 98% reduce 32%
20/06/13 10:55:52 INFO mapreduce.Job:  map 99% reduce 32%
20/06/13 10:55:53 INFO mapreduce.Job:  map 100% reduce 32%
20/06/13 10:55:54 INFO mapreduce.Job:  map 100% reduce 33%
20/06/13 10:55:57 INFO mapreduce.Job:  map 100% reduce 70%
20/06/13 10:56:00 INFO mapreduce.Job:  map 100% reduce 76%
20/06/13 10:56:03 INFO mapreduce.Job:  map 100% reduce 81%
20/06/13 10:56:06 INFO mapreduce.Job:  map 100% reduce 86%
20/06/13 10:56:09 INFO mapreduce.Job:  map 100% reduce 93%
20/06/13 10:56:12 INFO mapreduce.Job:  map 100% reduce 100%
20/06/13 10:56:12 INFO mapreduce.Job: Job job_1592012074969_0005 completed successfully
20/06/13 10:56:12 INFO mapreduce.Job: Counters: 51
	File System Counters
		FILE: Number of bytes read=1631038056
		FILE: Number of bytes written=2414866327
		FILE: Number of read operations=0
		FILE: Number of large read operations=0
		FILE: Number of write operations=0
		HDFS: Number of bytes read=11025615785
		HDFS: Number of bytes written=458250983
		HDFS: Number of read operations=273
		HDFS: Number of large read operations=0
		HDFS: Number of write operations=2
	Job Counters 
		Killed map tasks=1
		Launched map tasks=91
		Launched reduce tasks=1
		Data-local map tasks=90
		Rack-local map tasks=1
		Total time spent by all maps in occupied slots (ms)=5074740
		Total time spent by all reduces in occupied slots (ms)=343842
		Total time spent by all map tasks (ms)=5074740
		Total time spent by all reduce tasks (ms)=343842
		Total vcore-milliseconds taken by all map tasks=5074740
		Total vcore-milliseconds taken by all reduce tasks=343842
		Total megabyte-milliseconds taken by all map tasks=5196533760
		Total megabyte-milliseconds taken by all reduce tasks=352094208
	Map-Reduce Framework
		Map input records=1637063
		Map output records=1011257290
		Map output bytes=19277421114
		Map output materialized bytes=772645256
		Input split bytes=10530
		Combine input records=1036257101
		Combine output records=47610035
		Reduce input groups=9839282
		Reduce shuffle bytes=772645256
		Reduce input records=22610224
		Reduce output records=9839282
		Spilled Records=70898126
		Shuffled Maps =90
		Failed Shuffles=0
		Merged Map outputs=90
		GC time elapsed (ms)=107775
		CPU time spent (ms)=2062070
		Physical memory (bytes) snapshot=25054973952
		Virtual memory (bytes) snapshot=191949660160
		Total committed heap usage (bytes)=18938855424
	Shuffle Errors
		BAD_ID=0
		CONNECTION=0
		IO_ERROR=0
		WRONG_LENGTH=0
		WRONG_MAP=0
		WRONG_REDUCE=0
	File Input Format Counters 
		Bytes Read=11025605255
	File Output Format Counters 
		Bytes Written=458250983
20/06/13 10:56:12 INFO client.RMProxy: Connecting to ResourceManager at master/10.51.17.95:8032
20/06/13 10:56:12 INFO input.FileInputFormat: Total input paths to process : 1
20/06/13 10:56:13 INFO mapreduce.JobSubmitter: number of splits:4
20/06/13 10:56:13 INFO mapreduce.JobSubmitter: Submitting tokens for job: job_1592012074969_0006
20/06/13 10:56:13 INFO impl.YarnClientImpl: Submitted application application_1592012074969_0006
20/06/13 10:56:13 INFO mapreduce.Job: The url to track the job: http://master:8088/proxy/application_1592012074969_0006/
20/06/13 10:56:13 INFO mapreduce.Job: Running job: job_1592012074969_0006
20/06/13 10:56:21 INFO mapreduce.Job: Job job_1592012074969_0006 running in uber mode : false
20/06/13 10:56:21 INFO mapreduce.Job:  map 0% reduce 0%
20/06/13 10:56:31 INFO mapreduce.Job:  map 25% reduce 0%
20/06/13 10:56:33 INFO mapreduce.Job:  map 45% reduce 0%
20/06/13 10:56:34 INFO mapreduce.Job:  map 57% reduce 0%
20/06/13 10:56:36 INFO mapreduce.Job:  map 71% reduce 0%
20/06/13 10:56:37 INFO mapreduce.Job:  map 76% reduce 0%
20/06/13 10:56:38 INFO mapreduce.Job:  map 81% reduce 0%
20/06/13 10:56:39 INFO mapreduce.Job:  map 93% reduce 0%
20/06/13 10:56:41 INFO mapreduce.Job:  map 100% reduce 25%
20/06/13 10:56:44 INFO mapreduce.Job:  map 100% reduce 78%
20/06/13 10:56:47 INFO mapreduce.Job:  map 100% reduce 92%
20/06/13 10:56:50 INFO mapreduce.Job:  map 100% reduce 100%
20/06/13 10:56:50 INFO mapreduce.Job: Job job_1592012074969_0006 completed successfully
20/06/13 10:56:50 INFO mapreduce.Job: Counters: 50
	File System Counters
		FILE: Number of bytes read=738688153
		FILE: Number of bytes written=1134036692
		FILE: Number of read operations=0
		FILE: Number of large read operations=0
		FILE: Number of write operations=0
		HDFS: Number of bytes read=458255190
		HDFS: Number of bytes written=316679626
		HDFS: Number of read operations=19
		HDFS: Number of large read operations=0
		HDFS: Number of write operations=2
	Job Counters 
		Killed map tasks=1
		Launched map tasks=5
		Launched reduce tasks=1
		Data-local map tasks=5
		Total time spent by all maps in occupied slots (ms)=61023
		Total time spent by all reduces in occupied slots (ms)=16143
		Total time spent by all map tasks (ms)=61023
		Total time spent by all reduce tasks (ms)=16143
		Total vcore-milliseconds taken by all map tasks=61023
		Total vcore-milliseconds taken by all reduce tasks=16143
		Total megabyte-milliseconds taken by all map tasks=62487552
		Total megabyte-milliseconds taken by all reduce tasks=16530432
	Map-Reduce Framework
		Map input records=9839282
		Map output records=9839282
		Map output bytes=375058121
		Map output materialized bytes=394736709
		Input split bytes=504
		Combine input records=0
		Combine output records=0
		Reduce input groups=1254
		Reduce shuffle bytes=394736709
		Reduce input records=9839282
		Reduce output records=9839282
		Spilled Records=28805741
		Shuffled Maps =4
		Failed Shuffles=0
		Merged Map outputs=4
		GC time elapsed (ms)=2048
		CPU time spent (ms)=43840
		Physical memory (bytes) snapshot=1313660928
		Virtual memory (bytes) snapshot=10546356224
		Total committed heap usage (bytes)=940048384
	Shuffle Errors
		BAD_ID=0
		CONNECTION=0
		IO_ERROR=0
		WRONG_LENGTH=0
		WRONG_MAP=0
		WRONG_REDUCE=0
	File Input Format Counters 
		Bytes Read=458254686
	File Output Format Counters 
		Bytes Written=316679626
