20/06/08 00:17:44 INFO client.RMProxy: Connecting to ResourceManager at master/10.51.17.95:8032
20/06/08 00:17:45 INFO input.FileInputFormat: Total input paths to process : 16
20/06/08 00:17:45 INFO mapreduce.JobSubmitter: number of splits:16
20/06/08 00:17:45 INFO mapreduce.JobSubmitter: Submitting tokens for job: job_1591540407500_0015
20/06/08 00:17:45 INFO impl.YarnClientImpl: Submitted application application_1591540407500_0015
20/06/08 00:17:45 INFO mapreduce.Job: The url to track the job: http://master:8088/proxy/application_1591540407500_0015/
20/06/08 00:17:45 INFO mapreduce.Job: Running job: job_1591540407500_0015
20/06/08 00:17:49 INFO mapreduce.Job: Job job_1591540407500_0015 running in uber mode : false
20/06/08 00:17:49 INFO mapreduce.Job:  map 0% reduce 0%
20/06/08 00:18:00 INFO mapreduce.Job:  map 13% reduce 0%
20/06/08 00:18:02 INFO mapreduce.Job:  map 21% reduce 0%
20/06/08 00:18:03 INFO mapreduce.Job:  map 42% reduce 0%
20/06/08 00:18:06 INFO mapreduce.Job:  map 46% reduce 0%
20/06/08 00:18:09 INFO mapreduce.Job:  map 50% reduce 0%
20/06/08 00:18:12 INFO mapreduce.Job:  map 54% reduce 0%
20/06/08 00:18:14 INFO mapreduce.Job:  map 58% reduce 0%
20/06/08 00:18:55 INFO mapreduce.Job:  map 63% reduce 0%
20/06/08 00:18:56 INFO mapreduce.Job:  map 71% reduce 0%
20/06/08 00:19:04 INFO mapreduce.Job:  map 79% reduce 0%
20/06/08 00:19:06 INFO mapreduce.Job:  map 79% reduce 13%
20/06/08 00:19:07 INFO mapreduce.Job:  map 81% reduce 13%
20/06/08 00:19:09 INFO mapreduce.Job:  map 81% reduce 15%
20/06/08 00:19:11 INFO mapreduce.Job:  map 83% reduce 15%
20/06/08 00:19:12 INFO mapreduce.Job:  map 83% reduce 17%
20/06/08 00:19:14 INFO mapreduce.Job:  map 85% reduce 17%
20/06/08 00:19:15 INFO mapreduce.Job:  map 92% reduce 19%
20/06/08 00:19:16 INFO mapreduce.Job:  map 94% reduce 19%
20/06/08 00:19:18 INFO mapreduce.Job:  map 94% reduce 27%
20/06/08 00:19:19 INFO mapreduce.Job:  map 96% reduce 27%
20/06/08 00:19:21 INFO mapreduce.Job:  map 96% reduce 29%
20/06/08 00:19:26 INFO mapreduce.Job:  map 100% reduce 29%
20/06/08 00:19:27 INFO mapreduce.Job:  map 100% reduce 100%
20/06/08 00:19:27 INFO mapreduce.Job: Job job_1591540407500_0015 completed successfully
20/06/08 00:19:27 INFO mapreduce.Job: Counters: 50
	File System Counters
		FILE: Number of bytes read=358
		FILE: Number of bytes written=2094188
		FILE: Number of read operations=0
		FILE: Number of large read operations=0
		FILE: Number of write operations=0
		HDFS: Number of bytes read=4182
		HDFS: Number of bytes written=215
		HDFS: Number of read operations=67
		HDFS: Number of large read operations=0
		HDFS: Number of write operations=3
	Job Counters 
		Launched map tasks=16
		Launched reduce tasks=1
		Data-local map tasks=11
		Rack-local map tasks=5
		Total time spent by all maps in occupied slots (ms)=1072143
		Total time spent by all reduces in occupied slots (ms)=28800
		Total time spent by all map tasks (ms)=1072143
		Total time spent by all reduce tasks (ms)=28800
		Total vcore-milliseconds taken by all map tasks=1072143
		Total vcore-milliseconds taken by all reduce tasks=28800
		Total megabyte-milliseconds taken by all map tasks=1097874432
		Total megabyte-milliseconds taken by all reduce tasks=29491200
	Map-Reduce Framework
		Map input records=16
		Map output records=32
		Map output bytes=288
		Map output materialized bytes=448
		Input split bytes=2294
		Combine input records=0
		Combine output records=0
		Reduce input groups=2
		Reduce shuffle bytes=448
		Reduce input records=32
		Reduce output records=0
		Spilled Records=64
		Shuffled Maps =16
		Failed Shuffles=0
		Merged Map outputs=16
		GC time elapsed (ms)=8311
		CPU time spent (ms)=462350
		Physical memory (bytes) snapshot=4408340480
		Virtual memory (bytes) snapshot=35812823040
		Total committed heap usage (bytes)=3347578880
	Shuffle Errors
		BAD_ID=0
		CONNECTION=0
		IO_ERROR=0
		WRONG_LENGTH=0
		WRONG_MAP=0
		WRONG_REDUCE=0
	File Input Format Counters 
		Bytes Read=1888
	File Output Format Counters 
		Bytes Written=97
