20/06/12 22:26:02 INFO client.RMProxy: Connecting to ResourceManager at master/10.51.17.95:8032
20/06/12 22:26:02 INFO client.RMProxy: Connecting to ResourceManager at master/10.51.17.95:8032
20/06/12 22:26:03 INFO input.FileInputFormat: Total input paths to process : 10
20/06/12 22:26:03 INFO mapreduce.JobSubmitter: number of splits:80
20/06/12 22:26:04 INFO mapreduce.JobSubmitter: Submitting tokens for job: job_1591968290718_0002
20/06/12 22:26:04 INFO impl.YarnClientImpl: Submitted application application_1591968290718_0002
20/06/12 22:26:04 INFO mapreduce.Job: The url to track the job: http://master:8088/proxy/application_1591968290718_0002/
20/06/12 22:26:04 INFO mapreduce.Job: Running job: job_1591968290718_0002
20/06/12 22:26:12 INFO mapreduce.Job: Job job_1591968290718_0002 running in uber mode : false
20/06/12 22:26:12 INFO mapreduce.Job:  map 0% reduce 0%
20/06/12 22:26:24 INFO mapreduce.Job:  map 1% reduce 0%
20/06/12 22:26:25 INFO mapreduce.Job:  map 4% reduce 0%
20/06/12 22:26:26 INFO mapreduce.Job:  map 6% reduce 0%
20/06/12 22:26:27 INFO mapreduce.Job:  map 9% reduce 0%
20/06/12 22:26:28 INFO mapreduce.Job:  map 12% reduce 0%
20/06/12 22:26:29 INFO mapreduce.Job:  map 15% reduce 0%
20/06/12 22:26:32 INFO mapreduce.Job:  map 16% reduce 0%
20/06/12 22:26:33 INFO mapreduce.Job:  map 17% reduce 0%
20/06/12 22:26:35 INFO mapreduce.Job:  map 19% reduce 0%
20/06/12 22:26:36 INFO mapreduce.Job:  map 20% reduce 0%
20/06/12 22:26:37 INFO mapreduce.Job:  map 21% reduce 0%
20/06/12 22:26:38 INFO mapreduce.Job:  map 22% reduce 0%
20/06/12 22:26:40 INFO mapreduce.Job:  map 24% reduce 0%
20/06/12 22:26:41 INFO mapreduce.Job:  map 27% reduce 2%
20/06/12 22:26:44 INFO mapreduce.Job:  map 28% reduce 2%
20/06/12 22:26:45 INFO mapreduce.Job:  map 29% reduce 2%
20/06/12 22:26:47 INFO mapreduce.Job:  map 30% reduce 3%
20/06/12 22:26:48 INFO mapreduce.Job:  map 30% reduce 4%
20/06/12 22:26:49 INFO mapreduce.Job:  map 31% reduce 4%
20/06/12 22:26:50 INFO mapreduce.Job:  map 31% reduce 6%
20/06/12 22:26:52 INFO mapreduce.Job:  map 32% reduce 6%
20/06/12 22:26:53 INFO mapreduce.Job:  map 32% reduce 7%
20/06/12 22:26:54 INFO mapreduce.Job:  map 33% reduce 7%
20/06/12 22:26:58 INFO mapreduce.Job:  map 34% reduce 7%
20/06/12 22:27:00 INFO mapreduce.Job:  map 35% reduce 7%
20/06/12 22:27:01 INFO mapreduce.Job:  map 35% reduce 8%
20/06/12 22:27:03 INFO mapreduce.Job:  map 37% reduce 8%
20/06/12 22:27:05 INFO mapreduce.Job:  map 38% reduce 8%
20/06/12 22:27:06 INFO mapreduce.Job:  map 39% reduce 8%
20/06/12 22:27:07 INFO mapreduce.Job:  map 39% reduce 9%
20/06/12 22:27:09 INFO mapreduce.Job:  map 40% reduce 9%
20/06/12 22:27:10 INFO mapreduce.Job:  map 40% reduce 10%
20/06/12 22:27:12 INFO mapreduce.Job:  map 41% reduce 10%
20/06/12 22:27:13 INFO mapreduce.Job:  map 41% reduce 11%
20/06/12 22:27:17 INFO mapreduce.Job:  map 43% reduce 11%
20/06/12 22:27:18 INFO mapreduce.Job:  map 45% reduce 11%
20/06/12 22:27:20 INFO mapreduce.Job:  map 47% reduce 11%
20/06/12 22:27:21 INFO mapreduce.Job:  map 48% reduce 12%
20/06/12 22:27:24 INFO mapreduce.Job:  map 48% reduce 13%
20/06/12 22:27:26 INFO mapreduce.Job:  map 49% reduce 13%
20/06/12 22:27:27 INFO mapreduce.Job:  map 50% reduce 13%
20/06/12 22:27:28 INFO mapreduce.Job:  map 51% reduce 13%
20/06/12 22:27:30 INFO mapreduce.Job:  map 55% reduce 13%
20/06/12 22:27:33 INFO mapreduce.Job:  map 56% reduce 14%
20/06/12 22:27:36 INFO mapreduce.Job:  map 56% reduce 15%
20/06/12 22:27:38 INFO mapreduce.Job:  map 57% reduce 15%
20/06/12 22:27:41 INFO mapreduce.Job:  map 58% reduce 15%
20/06/12 22:27:44 INFO mapreduce.Job:  map 60% reduce 15%
20/06/12 22:27:45 INFO mapreduce.Job:  map 62% reduce 15%
20/06/12 22:27:47 INFO mapreduce.Job:  map 63% reduce 15%
20/06/12 22:27:48 INFO mapreduce.Job:  map 64% reduce 15%
20/06/12 22:27:49 INFO mapreduce.Job:  map 64% reduce 16%
20/06/12 22:27:51 INFO mapreduce.Job:  map 65% reduce 17%
20/06/12 22:27:55 INFO mapreduce.Job:  map 66% reduce 17%
20/06/12 22:27:56 INFO mapreduce.Job:  map 67% reduce 17%
20/06/12 22:27:57 INFO mapreduce.Job:  map 68% reduce 17%
20/06/12 22:27:58 INFO mapreduce.Job:  map 69% reduce 18%
20/06/12 22:28:01 INFO mapreduce.Job:  map 70% reduce 18%
20/06/12 22:28:02 INFO mapreduce.Job:  map 71% reduce 18%
20/06/12 22:28:04 INFO mapreduce.Job:  map 72% reduce 18%
20/06/12 22:28:05 INFO mapreduce.Job:  map 73% reduce 18%
20/06/12 22:28:06 INFO mapreduce.Job:  map 74% reduce 18%
20/06/12 22:28:07 INFO mapreduce.Job:  map 75% reduce 18%
20/06/12 22:28:09 INFO mapreduce.Job:  map 75% reduce 19%
20/06/12 22:28:10 INFO mapreduce.Job:  map 76% reduce 19%
20/06/12 22:28:13 INFO mapreduce.Job:  map 77% reduce 20%
20/06/12 22:28:16 INFO mapreduce.Job:  map 78% reduce 20%
20/06/12 22:28:17 INFO mapreduce.Job:  map 79% reduce 20%
20/06/12 22:28:20 INFO mapreduce.Job:  map 80% reduce 20%
20/06/12 22:28:23 INFO mapreduce.Job:  map 81% reduce 20%
20/06/12 22:28:24 INFO mapreduce.Job:  map 82% reduce 21%
20/06/12 22:28:27 INFO mapreduce.Job:  map 83% reduce 21%
20/06/12 22:28:30 INFO mapreduce.Job:  map 84% reduce 21%
20/06/12 22:28:32 INFO mapreduce.Job:  map 85% reduce 21%
20/06/12 22:28:33 INFO mapreduce.Job:  map 86% reduce 21%
20/06/12 22:28:34 INFO mapreduce.Job:  map 87% reduce 22%
20/06/12 22:28:36 INFO mapreduce.Job:  map 88% reduce 22%
20/06/12 22:28:37 INFO mapreduce.Job:  map 89% reduce 22%
20/06/12 22:28:38 INFO mapreduce.Job:  map 90% reduce 22%
20/06/12 22:28:40 INFO mapreduce.Job:  map 91% reduce 22%
20/06/12 22:28:41 INFO mapreduce.Job:  map 91% reduce 23%
20/06/12 22:28:43 INFO mapreduce.Job:  map 92% reduce 23%
20/06/12 22:28:44 INFO mapreduce.Job:  map 93% reduce 23%
20/06/12 22:28:49 INFO mapreduce.Job:  map 94% reduce 24%
20/06/12 22:28:51 INFO mapreduce.Job:  map 95% reduce 24%
20/06/12 22:28:56 INFO mapreduce.Job:  map 96% reduce 25%
20/06/12 22:29:01 INFO mapreduce.Job:  map 96% reduce 26%
20/06/12 22:29:05 INFO mapreduce.Job:  map 96% reduce 27%
20/06/12 22:29:09 INFO mapreduce.Job:  map 96% reduce 28%
20/06/12 22:29:12 INFO mapreduce.Job:  map 96% reduce 29%
20/06/12 22:29:18 INFO mapreduce.Job:  map 96% reduce 30%
20/06/12 22:29:21 INFO mapreduce.Job:  map 96% reduce 31%
20/06/12 22:29:25 INFO mapreduce.Job:  map 96% reduce 32%
20/06/12 22:29:34 INFO mapreduce.Job:  map 99% reduce 32%
20/06/12 22:29:35 INFO mapreduce.Job:  map 100% reduce 32%
20/06/12 22:29:36 INFO mapreduce.Job:  map 100% reduce 33%
20/06/12 22:29:37 INFO mapreduce.Job:  map 100% reduce 44%
20/06/12 22:29:38 INFO mapreduce.Job:  map 100% reduce 48%
20/06/12 22:29:39 INFO mapreduce.Job:  map 100% reduce 54%
20/06/12 22:29:40 INFO mapreduce.Job:  map 100% reduce 55%
20/06/12 22:29:41 INFO mapreduce.Job:  map 100% reduce 60%
20/06/12 22:29:42 INFO mapreduce.Job:  map 100% reduce 66%
20/06/12 22:29:44 INFO mapreduce.Job:  map 100% reduce 68%
20/06/12 22:29:46 INFO mapreduce.Job:  map 100% reduce 70%
20/06/12 22:29:49 INFO mapreduce.Job:  map 100% reduce 71%
20/06/12 22:29:51 INFO mapreduce.Job:  map 100% reduce 72%
20/06/12 22:29:52 INFO mapreduce.Job:  map 100% reduce 73%
20/06/12 22:29:53 INFO mapreduce.Job:  map 100% reduce 74%
20/06/12 22:29:55 INFO mapreduce.Job:  map 100% reduce 75%
20/06/12 22:29:58 INFO mapreduce.Job:  map 100% reduce 76%
20/06/12 22:29:59 INFO mapreduce.Job:  map 100% reduce 77%
20/06/12 22:30:00 INFO mapreduce.Job:  map 100% reduce 78%
20/06/12 22:30:02 INFO mapreduce.Job:  map 100% reduce 79%
20/06/12 22:30:05 INFO mapreduce.Job:  map 100% reduce 80%
20/06/12 22:30:07 INFO mapreduce.Job:  map 100% reduce 81%
20/06/12 22:30:08 INFO mapreduce.Job:  map 100% reduce 82%
20/06/12 22:30:10 INFO mapreduce.Job:  map 100% reduce 83%
20/06/12 22:30:11 INFO mapreduce.Job:  map 100% reduce 84%
20/06/12 22:30:13 INFO mapreduce.Job:  map 100% reduce 85%
20/06/12 22:30:15 INFO mapreduce.Job:  map 100% reduce 86%
20/06/12 22:30:16 INFO mapreduce.Job:  map 100% reduce 87%
20/06/12 22:30:20 INFO mapreduce.Job:  map 100% reduce 88%
20/06/12 22:30:22 INFO mapreduce.Job:  map 100% reduce 90%
20/06/12 22:30:24 INFO mapreduce.Job:  map 100% reduce 91%
20/06/12 22:30:26 INFO mapreduce.Job:  map 100% reduce 92%
20/06/12 22:30:27 INFO mapreduce.Job:  map 100% reduce 93%
20/06/12 22:30:33 INFO mapreduce.Job:  map 100% reduce 94%
20/06/12 22:30:35 INFO mapreduce.Job:  map 100% reduce 95%
20/06/12 22:30:36 INFO mapreduce.Job:  map 100% reduce 96%
20/06/12 22:30:38 INFO mapreduce.Job:  map 100% reduce 97%
20/06/12 22:30:39 INFO mapreduce.Job:  map 100% reduce 98%
20/06/12 22:30:42 INFO mapreduce.Job:  map 100% reduce 99%
20/06/12 22:30:44 INFO mapreduce.Job:  map 100% reduce 100%
20/06/12 22:30:45 INFO mapreduce.Job: Job job_1591968290718_0002 completed successfully
20/06/12 22:30:45 INFO mapreduce.Job: Counters: 51
	File System Counters
		FILE: Number of bytes read=31974420708
		FILE: Number of bytes written=42734987754
		FILE: Number of read operations=0
		FILE: Number of large read operations=0
		FILE: Number of write operations=0
		HDFS: Number of bytes read=10774004796
		HDFS: Number of bytes written=10772841703
		HDFS: Number of read operations=329
		HDFS: Number of large read operations=0
		HDFS: Number of write operations=6
	Job Counters 
		Killed map tasks=4
		Launched map tasks=84
		Launched reduce tasks=3
		Data-local map tasks=74
		Rack-local map tasks=10
		Total time spent by all maps in occupied slots (ms)=1829753
		Total time spent by all reduces in occupied slots (ms)=720309
		Total time spent by all map tasks (ms)=1829753
		Total time spent by all reduce tasks (ms)=720309
		Total vcore-milliseconds taken by all map tasks=1829753
		Total vcore-milliseconds taken by all reduce tasks=720309
		Total megabyte-milliseconds taken by all map tasks=1873667072
		Total megabyte-milliseconds taken by all reduce tasks=737596416
	Map-Reduce Framework
		Map input records=1022436
		Map output records=1022436
		Map output bytes=10745646287
		Map output materialized bytes=10751395662
		Input split bytes=9040
		Combine input records=0
		Combine output records=0
		Reduce input groups=1022436
		Reduce shuffle bytes=10751395662
		Reduce input records=1022436
		Reduce output records=1022436
		Spilled Records=4063170
		Shuffled Maps =240
		Failed Shuffles=0
		Merged Map outputs=240
		GC time elapsed (ms)=15855
		CPU time spent (ms)=261630
		Physical memory (bytes) snapshot=22007828480
		Virtual memory (bytes) snapshot=175101972480
		Total committed heap usage (bytes)=16422273024
	Shuffle Errors
		BAD_ID=0
		CONNECTION=0
		IO_ERROR=0
		WRONG_LENGTH=0
		WRONG_MAP=0
		WRONG_REDUCE=0
	File Input Format Counters 
		Bytes Read=10773995756
	File Output Format Counters 
		Bytes Written=10772841703
