20/06/13 11:09:28 INFO client.RMProxy: Connecting to ResourceManager at master/10.51.17.95:8032
20/06/13 11:09:29 INFO input.FileInputFormat: Total input paths to process : 10
20/06/13 11:09:29 INFO mapreduce.JobSubmitter: number of splits:90
20/06/13 11:09:29 INFO mapreduce.JobSubmitter: Submitting tokens for job: job_1592012074969_0012
20/06/13 11:09:29 INFO impl.YarnClientImpl: Submitted application application_1592012074969_0012
20/06/13 11:09:29 INFO mapreduce.Job: The url to track the job: http://master:8088/proxy/application_1592012074969_0012/
20/06/13 11:09:29 INFO mapreduce.Job: Running job: job_1592012074969_0012
20/06/13 11:09:37 INFO mapreduce.Job: Job job_1592012074969_0012 running in uber mode : false
20/06/13 11:09:37 INFO mapreduce.Job:  map 0% reduce 0%
20/06/13 11:09:51 INFO mapreduce.Job:  map 1% reduce 0%
20/06/13 11:09:53 INFO mapreduce.Job:  map 2% reduce 0%
20/06/13 11:09:54 INFO mapreduce.Job:  map 3% reduce 0%
20/06/13 11:10:04 INFO mapreduce.Job:  map 4% reduce 0%
20/06/13 11:10:09 INFO mapreduce.Job:  map 5% reduce 0%
20/06/13 11:10:13 INFO mapreduce.Job:  map 6% reduce 0%
20/06/13 11:10:20 INFO mapreduce.Job:  map 7% reduce 0%
20/06/13 11:10:22 INFO mapreduce.Job:  map 8% reduce 0%
20/06/13 11:10:27 INFO mapreduce.Job:  map 9% reduce 0%
20/06/13 11:10:32 INFO mapreduce.Job:  map 10% reduce 0%
20/06/13 11:10:34 INFO mapreduce.Job:  map 11% reduce 0%
20/06/13 11:10:37 INFO mapreduce.Job:  map 12% reduce 0%
20/06/13 11:10:43 INFO mapreduce.Job:  map 13% reduce 0%
20/06/13 11:10:48 INFO mapreduce.Job:  map 14% reduce 0%
20/06/13 11:10:49 INFO mapreduce.Job:  map 15% reduce 0%
20/06/13 11:10:52 INFO mapreduce.Job:  map 16% reduce 0%
20/06/13 11:10:53 INFO mapreduce.Job:  map 17% reduce 0%
20/06/13 11:10:58 INFO mapreduce.Job:  map 18% reduce 0%
20/06/13 11:11:02 INFO mapreduce.Job:  map 18% reduce 5%
20/06/13 11:11:05 INFO mapreduce.Job:  map 19% reduce 5%
20/06/13 11:11:08 INFO mapreduce.Job:  map 20% reduce 5%
20/06/13 11:11:15 INFO mapreduce.Job:  map 21% reduce 5%
20/06/13 11:11:19 INFO mapreduce.Job:  map 22% reduce 5%
20/06/13 11:11:24 INFO mapreduce.Job:  map 23% reduce 6%
20/06/13 11:11:27 INFO mapreduce.Job:  map 24% reduce 6%
20/06/13 11:11:30 INFO mapreduce.Job:  map 25% reduce 6%
20/06/13 11:11:32 INFO mapreduce.Job:  map 26% reduce 6%
20/06/13 11:11:33 INFO mapreduce.Job:  map 26% reduce 7%
20/06/13 11:11:38 INFO mapreduce.Job:  map 27% reduce 7%
20/06/13 11:11:43 INFO mapreduce.Job:  map 28% reduce 7%
20/06/13 11:11:47 INFO mapreduce.Job:  map 29% reduce 7%
20/06/13 11:11:52 INFO mapreduce.Job:  map 29% reduce 8%
20/06/13 11:11:53 INFO mapreduce.Job:  map 30% reduce 8%
20/06/13 11:11:58 INFO mapreduce.Job:  map 31% reduce 8%
20/06/13 11:12:00 INFO mapreduce.Job:  map 32% reduce 8%
20/06/13 11:12:01 INFO mapreduce.Job:  map 32% reduce 9%
20/06/13 11:12:02 INFO mapreduce.Job:  map 33% reduce 9%
20/06/13 11:12:04 INFO mapreduce.Job:  map 33% reduce 10%
20/06/13 11:12:07 INFO mapreduce.Job:  map 34% reduce 10%
20/06/13 11:12:11 INFO mapreduce.Job:  map 35% reduce 10%
20/06/13 11:12:16 INFO mapreduce.Job:  map 36% reduce 10%
20/06/13 11:12:20 INFO mapreduce.Job:  map 37% reduce 10%
20/06/13 11:12:22 INFO mapreduce.Job:  map 38% reduce 10%
20/06/13 11:12:24 INFO mapreduce.Job:  map 38% reduce 12%
20/06/13 11:12:25 INFO mapreduce.Job:  map 39% reduce 12%
20/06/13 11:12:32 INFO mapreduce.Job:  map 40% reduce 12%
20/06/13 11:12:34 INFO mapreduce.Job:  map 41% reduce 12%
20/06/13 11:12:40 INFO mapreduce.Job:  map 42% reduce 12%
20/06/13 11:12:45 INFO mapreduce.Job:  map 43% reduce 12%
20/06/13 11:12:50 INFO mapreduce.Job:  map 44% reduce 12%
20/06/13 11:12:52 INFO mapreduce.Job:  map 44% reduce 13%
20/06/13 11:12:54 INFO mapreduce.Job:  map 45% reduce 13%
20/06/13 11:12:59 INFO mapreduce.Job:  map 46% reduce 13%
20/06/13 11:13:02 INFO mapreduce.Job:  map 47% reduce 13%
20/06/13 11:13:04 INFO mapreduce.Job:  map 47% reduce 14%
20/06/13 11:13:05 INFO mapreduce.Job:  map 48% reduce 14%
20/06/13 11:13:09 INFO mapreduce.Job:  map 49% reduce 14%
20/06/13 11:13:12 INFO mapreduce.Job:  map 50% reduce 14%
20/06/13 11:13:13 INFO mapreduce.Job:  map 50% reduce 16%
20/06/13 11:13:16 INFO mapreduce.Job:  map 51% reduce 16%
20/06/13 11:13:17 INFO mapreduce.Job:  map 52% reduce 16%
20/06/13 11:13:19 INFO mapreduce.Job:  map 52% reduce 17%
20/06/13 11:13:23 INFO mapreduce.Job:  map 53% reduce 17%
20/06/13 11:13:28 INFO mapreduce.Job:  map 54% reduce 17%
20/06/13 11:13:33 INFO mapreduce.Job:  map 55% reduce 17%
20/06/13 11:13:37 INFO mapreduce.Job:  map 56% reduce 17%
20/06/13 11:13:42 INFO mapreduce.Job:  map 57% reduce 17%
20/06/13 11:13:48 INFO mapreduce.Job:  map 58% reduce 17%
20/06/13 11:13:51 INFO mapreduce.Job:  map 59% reduce 17%
20/06/13 11:13:57 INFO mapreduce.Job:  map 60% reduce 17%
20/06/13 11:14:01 INFO mapreduce.Job:  map 61% reduce 17%
20/06/13 11:14:02 INFO mapreduce.Job:  map 61% reduce 18%
20/06/13 11:14:05 INFO mapreduce.Job:  map 62% reduce 18%
20/06/13 11:14:06 INFO mapreduce.Job:  map 62% reduce 19%
20/06/13 11:14:07 INFO mapreduce.Job:  map 63% reduce 19%
20/06/13 11:14:10 INFO mapreduce.Job:  map 64% reduce 19%
20/06/13 11:14:11 INFO mapreduce.Job:  map 65% reduce 19%
20/06/13 11:14:12 INFO mapreduce.Job:  map 65% reduce 20%
20/06/13 11:14:15 INFO mapreduce.Job:  map 66% reduce 21%
20/06/13 11:14:17 INFO mapreduce.Job:  map 67% reduce 21%
20/06/13 11:14:19 INFO mapreduce.Job:  map 67% reduce 22%
20/06/13 11:14:24 INFO mapreduce.Job:  map 68% reduce 22%
20/06/13 11:14:28 INFO mapreduce.Job:  map 69% reduce 22%
20/06/13 11:14:34 INFO mapreduce.Job:  map 70% reduce 22%
20/06/13 11:14:38 INFO mapreduce.Job:  map 71% reduce 22%
20/06/13 11:14:44 INFO mapreduce.Job:  map 72% reduce 22%
20/06/13 11:14:48 INFO mapreduce.Job:  map 73% reduce 22%
20/06/13 11:14:52 INFO mapreduce.Job:  map 74% reduce 22%
20/06/13 11:14:58 INFO mapreduce.Job:  map 75% reduce 22%
20/06/13 11:15:00 INFO mapreduce.Job:  map 76% reduce 22%
20/06/13 11:15:01 INFO mapreduce.Job:  map 76% reduce 23%
20/06/13 11:15:04 INFO mapreduce.Job:  map 77% reduce 23%
20/06/13 11:15:08 INFO mapreduce.Job:  map 78% reduce 23%
20/06/13 11:15:10 INFO mapreduce.Job:  map 78% reduce 24%
20/06/13 11:15:11 INFO mapreduce.Job:  map 79% reduce 24%
20/06/13 11:15:12 INFO mapreduce.Job:  map 80% reduce 24%
20/06/13 11:15:13 INFO mapreduce.Job:  map 80% reduce 26%
20/06/13 11:15:15 INFO mapreduce.Job:  map 81% reduce 26%
20/06/13 11:15:19 INFO mapreduce.Job:  map 81% reduce 27%
20/06/13 11:15:20 INFO mapreduce.Job:  map 82% reduce 27%
20/06/13 11:15:22 INFO mapreduce.Job:  map 83% reduce 27%
20/06/13 11:15:25 INFO mapreduce.Job:  map 84% reduce 27%
20/06/13 11:15:26 INFO mapreduce.Job:  map 85% reduce 27%
20/06/13 11:15:29 INFO mapreduce.Job:  map 87% reduce 27%
20/06/13 11:15:33 INFO mapreduce.Job:  map 88% reduce 27%
20/06/13 11:15:35 INFO mapreduce.Job:  map 88% reduce 28%
20/06/13 11:15:38 INFO mapreduce.Job:  map 90% reduce 28%
20/06/13 11:15:41 INFO mapreduce.Job:  map 91% reduce 29%
20/06/13 11:15:44 INFO mapreduce.Job:  map 92% reduce 29%
20/06/13 11:15:47 INFO mapreduce.Job:  map 93% reduce 29%
20/06/13 11:15:49 INFO mapreduce.Job:  map 94% reduce 29%
20/06/13 11:15:50 INFO mapreduce.Job:  map 95% reduce 29%
20/06/13 11:15:52 INFO mapreduce.Job:  map 96% reduce 29%
20/06/13 11:15:53 INFO mapreduce.Job:  map 97% reduce 30%
20/06/13 11:15:56 INFO mapreduce.Job:  map 98% reduce 31%
20/06/13 11:15:57 INFO mapreduce.Job:  map 99% reduce 31%
20/06/13 11:15:59 INFO mapreduce.Job:  map 99% reduce 32%
20/06/13 11:16:02 INFO mapreduce.Job:  map 100% reduce 32%
20/06/13 11:16:05 INFO mapreduce.Job:  map 100% reduce 68%
20/06/13 11:16:08 INFO mapreduce.Job:  map 100% reduce 73%
20/06/13 11:16:11 INFO mapreduce.Job:  map 100% reduce 79%
20/06/13 11:16:14 INFO mapreduce.Job:  map 100% reduce 86%
20/06/13 11:16:17 INFO mapreduce.Job:  map 100% reduce 93%
20/06/13 11:16:19 INFO mapreduce.Job:  map 100% reduce 100%
20/06/13 11:16:20 INFO mapreduce.Job: Job job_1592012074969_0012 completed successfully
20/06/13 11:16:20 INFO mapreduce.Job: Counters: 51
	File System Counters
		FILE: Number of bytes read=1397583267
		FILE: Number of bytes written=2083543268
		FILE: Number of read operations=0
		FILE: Number of large read operations=0
		FILE: Number of write operations=0
		HDFS: Number of bytes read=11025076670
		HDFS: Number of bytes written=311168191
		HDFS: Number of read operations=273
		HDFS: Number of large read operations=0
		HDFS: Number of write operations=2
	Job Counters 
		Killed map tasks=1
		Launched map tasks=91
		Launched reduce tasks=1
		Data-local map tasks=89
		Rack-local map tasks=2
		Total time spent by all maps in occupied slots (ms)=4897049
		Total time spent by all reduces in occupied slots (ms)=330001
		Total time spent by all map tasks (ms)=4897049
		Total time spent by all reduce tasks (ms)=330001
		Total vcore-milliseconds taken by all map tasks=4897049
		Total vcore-milliseconds taken by all reduce tasks=330001
		Total megabyte-milliseconds taken by all map tasks=5014578176
		Total megabyte-milliseconds taken by all reduce tasks=337921024
	Map-Reduce Framework
		Map input records=2093335
		Map output records=1012058240
		Map output bytes=15228611843
		Map output materialized bytes=674808108
		Input split bytes=10530
		Combine input records=1036822208
		Combine output records=47399528
		Reduce input groups=9903362
		Reduce shuffle bytes=674808108
		Reduce input records=22635560
		Reduce output records=9903362
		Spilled Records=70035088
		Shuffled Maps =90
		Failed Shuffles=0
		Merged Map outputs=90
		GC time elapsed (ms)=97489
		CPU time spent (ms)=1978910
		Physical memory (bytes) snapshot=25068863488
		Virtual memory (bytes) snapshot=191927156736
		Total committed heap usage (bytes)=18927845376
	Shuffle Errors
		BAD_ID=0
		CONNECTION=0
		IO_ERROR=0
		WRONG_LENGTH=0
		WRONG_MAP=0
		WRONG_REDUCE=0
	File Input Format Counters 
		Bytes Read=11025066140
	File Output Format Counters 
		Bytes Written=311168191
