20/06/08 00:24:56 INFO client.RMProxy: Connecting to ResourceManager at master/10.51.17.95:8032
20/06/08 00:24:57 INFO input.FileInputFormat: Total input paths to process : 10
20/06/08 00:24:57 INFO mapreduce.JobSubmitter: number of splits:90
20/06/08 00:24:57 INFO mapreduce.JobSubmitter: Submitting tokens for job: job_1591540407500_0019
20/06/08 00:24:57 INFO impl.YarnClientImpl: Submitted application application_1591540407500_0019
20/06/08 00:24:57 INFO mapreduce.Job: The url to track the job: http://master:8088/proxy/application_1591540407500_0019/
20/06/08 00:24:57 INFO mapreduce.Job: Running job: job_1591540407500_0019
20/06/08 00:25:05 INFO mapreduce.Job: Job job_1591540407500_0019 running in uber mode : false
20/06/08 00:25:05 INFO mapreduce.Job:  map 0% reduce 0%
20/06/08 00:25:19 INFO mapreduce.Job:  map 1% reduce 0%
20/06/08 00:25:21 INFO mapreduce.Job:  map 2% reduce 0%
20/06/08 00:25:22 INFO mapreduce.Job:  map 3% reduce 0%
20/06/08 00:25:31 INFO mapreduce.Job:  map 4% reduce 0%
20/06/08 00:25:36 INFO mapreduce.Job:  map 5% reduce 0%
20/06/08 00:25:39 INFO mapreduce.Job:  map 6% reduce 0%
20/06/08 00:25:46 INFO mapreduce.Job:  map 7% reduce 0%
20/06/08 00:25:49 INFO mapreduce.Job:  map 8% reduce 0%
20/06/08 00:25:54 INFO mapreduce.Job:  map 9% reduce 0%
20/06/08 00:25:58 INFO mapreduce.Job:  map 10% reduce 0%
20/06/08 00:26:01 INFO mapreduce.Job:  map 11% reduce 0%
20/06/08 00:26:02 INFO mapreduce.Job:  map 12% reduce 0%
20/06/08 00:26:08 INFO mapreduce.Job:  map 13% reduce 0%
20/06/08 00:26:13 INFO mapreduce.Job:  map 14% reduce 0%
20/06/08 00:26:15 INFO mapreduce.Job:  map 15% reduce 0%
20/06/08 00:26:16 INFO mapreduce.Job:  map 16% reduce 0%
20/06/08 00:26:17 INFO mapreduce.Job:  map 17% reduce 0%
20/06/08 00:26:22 INFO mapreduce.Job:  map 18% reduce 0%
20/06/08 00:26:31 INFO mapreduce.Job:  map 19% reduce 5%
20/06/08 00:26:33 INFO mapreduce.Job:  map 20% reduce 5%
20/06/08 00:26:39 INFO mapreduce.Job:  map 21% reduce 5%
20/06/08 00:26:43 INFO mapreduce.Job:  map 22% reduce 5%
20/06/08 00:26:48 INFO mapreduce.Job:  map 23% reduce 5%
20/06/08 00:26:49 INFO mapreduce.Job:  map 24% reduce 6%
20/06/08 00:26:54 INFO mapreduce.Job:  map 25% reduce 6%
20/06/08 00:26:55 INFO mapreduce.Job:  map 25% reduce 7%
20/06/08 00:26:56 INFO mapreduce.Job:  map 26% reduce 7%
20/06/08 00:27:00 INFO mapreduce.Job:  map 27% reduce 7%
20/06/08 00:27:07 INFO mapreduce.Job:  map 28% reduce 7%
20/06/08 00:27:10 INFO mapreduce.Job:  map 29% reduce 7%
20/06/08 00:27:16 INFO mapreduce.Job:  map 30% reduce 7%
20/06/08 00:27:17 INFO mapreduce.Job:  map 30% reduce 8%
20/06/08 00:27:19 INFO mapreduce.Job:  map 31% reduce 9%
20/06/08 00:27:21 INFO mapreduce.Job:  map 32% reduce 9%
20/06/08 00:27:23 INFO mapreduce.Job:  map 33% reduce 9%
20/06/08 00:27:25 INFO mapreduce.Job:  map 33% reduce 10%
20/06/08 00:27:30 INFO mapreduce.Job:  map 34% reduce 10%
20/06/08 00:27:33 INFO mapreduce.Job:  map 35% reduce 10%
20/06/08 00:27:37 INFO mapreduce.Job:  map 36% reduce 10%
20/06/08 00:27:42 INFO mapreduce.Job:  map 37% reduce 10%
20/06/08 00:27:43 INFO mapreduce.Job:  map 38% reduce 10%
20/06/08 00:27:47 INFO mapreduce.Job:  map 39% reduce 12%
20/06/08 00:27:54 INFO mapreduce.Job:  map 40% reduce 12%
20/06/08 00:27:56 INFO mapreduce.Job:  map 41% reduce 12%
20/06/08 00:28:00 INFO mapreduce.Job:  map 42% reduce 12%
20/06/08 00:28:05 INFO mapreduce.Job:  map 43% reduce 12%
20/06/08 00:28:11 INFO mapreduce.Job:  map 44% reduce 12%
20/06/08 00:28:16 INFO mapreduce.Job:  map 45% reduce 12%
20/06/08 00:28:18 INFO mapreduce.Job:  map 46% reduce 12%
20/06/08 00:28:19 INFO mapreduce.Job:  map 47% reduce 12%
20/06/08 00:28:20 INFO mapreduce.Job:  map 47% reduce 14%
20/06/08 00:28:23 INFO mapreduce.Job:  map 48% reduce 14%
20/06/08 00:28:30 INFO mapreduce.Job:  map 49% reduce 15%
20/06/08 00:28:33 INFO mapreduce.Job:  map 50% reduce 15%
20/06/08 00:28:39 INFO mapreduce.Job:  map 51% reduce 15%
20/06/08 00:28:42 INFO mapreduce.Job:  map 52% reduce 16%
20/06/08 00:28:45 INFO mapreduce.Job:  map 53% reduce 17%
20/06/08 00:28:52 INFO mapreduce.Job:  map 54% reduce 17%
20/06/08 00:28:54 INFO mapreduce.Job:  map 55% reduce 17%
20/06/08 00:28:58 INFO mapreduce.Job:  map 56% reduce 17%
20/06/08 00:29:04 INFO mapreduce.Job:  map 57% reduce 17%
20/06/08 00:29:09 INFO mapreduce.Job:  map 58% reduce 17%
20/06/08 00:29:14 INFO mapreduce.Job:  map 59% reduce 17%
20/06/08 00:29:18 INFO mapreduce.Job:  map 60% reduce 17%
20/06/08 00:29:20 INFO mapreduce.Job:  map 61% reduce 17%
20/06/08 00:29:21 INFO mapreduce.Job:  map 61% reduce 18%
20/06/08 00:29:22 INFO mapreduce.Job:  map 62% reduce 18%
20/06/08 00:29:24 INFO mapreduce.Job:  map 62% reduce 19%
20/06/08 00:29:27 INFO mapreduce.Job:  map 63% reduce 19%
20/06/08 00:29:31 INFO mapreduce.Job:  map 65% reduce 19%
20/06/08 00:29:33 INFO mapreduce.Job:  map 65% reduce 21%
20/06/08 00:29:34 INFO mapreduce.Job:  map 66% reduce 21%
20/06/08 00:29:44 INFO mapreduce.Job:  map 67% reduce 21%
20/06/08 00:29:45 INFO mapreduce.Job:  map 68% reduce 21%
20/06/08 00:29:49 INFO mapreduce.Job:  map 68% reduce 22%
20/06/08 00:29:50 INFO mapreduce.Job:  map 69% reduce 22%
20/06/08 00:29:54 INFO mapreduce.Job:  map 70% reduce 22%
20/06/08 00:29:59 INFO mapreduce.Job:  map 71% reduce 22%
20/06/08 00:30:04 INFO mapreduce.Job:  map 72% reduce 22%
20/06/08 00:30:08 INFO mapreduce.Job:  map 73% reduce 22%
20/06/08 00:30:14 INFO mapreduce.Job:  map 74% reduce 22%
20/06/08 00:30:16 INFO mapreduce.Job:  map 75% reduce 22%
20/06/08 00:30:23 INFO mapreduce.Job:  map 76% reduce 22%
20/06/08 00:30:24 INFO mapreduce.Job:  map 77% reduce 22%
20/06/08 00:30:26 INFO mapreduce.Job:  map 78% reduce 23%
20/06/08 00:30:28 INFO mapreduce.Job:  map 79% reduce 23%
20/06/08 00:30:29 INFO mapreduce.Job:  map 79% reduce 26%
20/06/08 00:30:33 INFO mapreduce.Job:  map 80% reduce 26%
20/06/08 00:30:35 INFO mapreduce.Job:  map 81% reduce 26%
20/06/08 00:30:38 INFO mapreduce.Job:  map 82% reduce 27%
20/06/08 00:30:40 INFO mapreduce.Job:  map 83% reduce 27%
20/06/08 00:30:43 INFO mapreduce.Job:  map 84% reduce 27%
20/06/08 00:30:46 INFO mapreduce.Job:  map 86% reduce 27%
20/06/08 00:30:47 INFO mapreduce.Job:  map 87% reduce 27%
20/06/08 00:30:49 INFO mapreduce.Job:  map 88% reduce 27%
20/06/08 00:30:52 INFO mapreduce.Job:  map 88% reduce 28%
20/06/08 00:30:54 INFO mapreduce.Job:  map 89% reduce 28%
20/06/08 00:30:55 INFO mapreduce.Job:  map 89% reduce 29%
20/06/08 00:30:59 INFO mapreduce.Job:  map 90% reduce 29%
20/06/08 00:31:01 INFO mapreduce.Job:  map 91% reduce 29%
20/06/08 00:31:02 INFO mapreduce.Job:  map 92% reduce 29%
20/06/08 00:31:06 INFO mapreduce.Job:  map 93% reduce 29%
20/06/08 00:31:07 INFO mapreduce.Job:  map 94% reduce 29%
20/06/08 00:31:08 INFO mapreduce.Job:  map 95% reduce 29%
20/06/08 00:31:10 INFO mapreduce.Job:  map 96% reduce 29%
20/06/08 00:31:11 INFO mapreduce.Job:  map 96% reduce 30%
20/06/08 00:31:12 INFO mapreduce.Job:  map 97% reduce 30%
20/06/08 00:31:15 INFO mapreduce.Job:  map 99% reduce 30%
20/06/08 00:31:16 INFO mapreduce.Job:  map 100% reduce 30%
20/06/08 00:31:17 INFO mapreduce.Job:  map 100% reduce 33%
20/06/08 00:31:20 INFO mapreduce.Job:  map 100% reduce 68%
20/06/08 00:31:23 INFO mapreduce.Job:  map 100% reduce 73%
20/06/08 00:31:26 INFO mapreduce.Job:  map 100% reduce 79%
20/06/08 00:31:29 INFO mapreduce.Job:  map 100% reduce 86%
20/06/08 00:31:32 INFO mapreduce.Job:  map 100% reduce 94%
20/06/08 00:31:34 INFO mapreduce.Job:  map 100% reduce 100%
20/06/08 00:31:34 INFO mapreduce.Job: Job job_1591540407500_0019 completed successfully
20/06/08 00:31:34 INFO mapreduce.Job: Counters: 51
	File System Counters
		FILE: Number of bytes read=1471155665
		FILE: Number of bytes written=2194055630
		FILE: Number of read operations=0
		FILE: Number of large read operations=0
		FILE: Number of write operations=0
		HDFS: Number of bytes read=11026213266
		HDFS: Number of bytes written=342545225
		HDFS: Number of read operations=273
		HDFS: Number of large read operations=0
		HDFS: Number of write operations=2
	Job Counters 
		Killed map tasks=1
		Launched map tasks=91
		Launched reduce tasks=1
		Data-local map tasks=89
		Rack-local map tasks=2
		Total time spent by all maps in occupied slots (ms)=4755505
		Total time spent by all reduces in occupied slots (ms)=316294
		Total time spent by all map tasks (ms)=4755505
		Total time spent by all reduce tasks (ms)=316294
		Total vcore-milliseconds taken by all map tasks=4755505
		Total vcore-milliseconds taken by all reduce tasks=316294
		Total megabyte-milliseconds taken by all map tasks=4869637120
		Total megabyte-milliseconds taken by all reduce tasks=323885056
	Map-Reduce Framework
		Map input records=266074
		Map output records=1009773099
		Map output bytes=15227822344
		Map output materialized bytes=711720321
		Input split bytes=10530
		Combine input records=1034546484
		Combine output records=47420012
		Reduce input groups=9907757
		Reduce shuffle bytes=711720321
		Reduce input records=22646627
		Reduce output records=9907757
		Spilled Records=70066639
		Shuffled Maps =90
		Failed Shuffles=0
		Merged Map outputs=90
		GC time elapsed (ms)=98317
		CPU time spent (ms)=1927700
		Physical memory (bytes) snapshot=25081409536
		Virtual memory (bytes) snapshot=191910526976
		Total committed heap usage (bytes)=18913689600
	Shuffle Errors
		BAD_ID=0
		CONNECTION=0
		IO_ERROR=0
		WRONG_LENGTH=0
		WRONG_MAP=0
		WRONG_REDUCE=0
	File Input Format Counters 
		Bytes Read=11026202736
	File Output Format Counters 
		Bytes Written=342545225
