20/06/15 16:31:46 INFO client.RMProxy: Connecting to ResourceManager at master/10.51.17.95:8032
20/06/15 16:31:47 INFO input.FileInputFormat: Total input paths to process : 10
20/06/15 16:31:47 INFO mapreduce.JobSubmitter: number of splits:90
20/06/15 16:31:48 INFO mapreduce.JobSubmitter: Submitting tokens for job: job_1592205715886_0002
20/06/15 16:31:48 INFO impl.YarnClientImpl: Submitted application application_1592205715886_0002
20/06/15 16:31:48 INFO mapreduce.Job: The url to track the job: http://master:8088/proxy/application_1592205715886_0002/
20/06/15 16:31:48 INFO mapreduce.Job: Running job: job_1592205715886_0002
20/06/15 16:31:54 INFO mapreduce.Job: Job job_1592205715886_0002 running in uber mode : false
20/06/15 16:31:54 INFO mapreduce.Job:  map 0% reduce 0%
20/06/15 16:32:07 INFO mapreduce.Job:  map 1% reduce 0%
20/06/15 16:32:11 INFO mapreduce.Job:  map 2% reduce 0%
20/06/15 16:32:17 INFO mapreduce.Job:  map 3% reduce 0%
20/06/15 16:32:23 INFO mapreduce.Job:  map 4% reduce 0%
20/06/15 16:32:29 INFO mapreduce.Job:  map 5% reduce 0%
20/06/15 16:32:33 INFO mapreduce.Job:  map 6% reduce 0%
20/06/15 16:32:37 INFO mapreduce.Job:  map 7% reduce 0%
20/06/15 16:32:41 INFO mapreduce.Job:  map 8% reduce 0%
20/06/15 16:32:46 INFO mapreduce.Job:  map 9% reduce 0%
20/06/15 16:32:52 INFO mapreduce.Job:  map 10% reduce 0%
20/06/15 16:32:57 INFO mapreduce.Job:  map 11% reduce 0%
20/06/15 16:32:59 INFO mapreduce.Job:  map 12% reduce 0%
20/06/15 16:33:01 INFO mapreduce.Job:  map 13% reduce 0%
20/06/15 16:33:07 INFO mapreduce.Job:  map 14% reduce 0%
20/06/15 16:33:13 INFO mapreduce.Job:  map 15% reduce 0%
20/06/15 16:33:17 INFO mapreduce.Job:  map 16% reduce 0%
20/06/15 16:33:20 INFO mapreduce.Job:  map 17% reduce 0%
20/06/15 16:33:25 INFO mapreduce.Job:  map 17% reduce 5%
20/06/15 16:33:27 INFO mapreduce.Job:  map 18% reduce 5%
20/06/15 16:33:32 INFO mapreduce.Job:  map 19% reduce 5%
20/06/15 16:33:37 INFO mapreduce.Job:  map 20% reduce 5%
20/06/15 16:33:42 INFO mapreduce.Job:  map 21% reduce 5%
20/06/15 16:33:47 INFO mapreduce.Job:  map 22% reduce 5%
20/06/15 16:33:49 INFO mapreduce.Job:  map 22% reduce 6%
20/06/15 16:33:51 INFO mapreduce.Job:  map 23% reduce 6%
20/06/15 16:33:54 INFO mapreduce.Job:  map 24% reduce 6%
20/06/15 16:33:57 INFO mapreduce.Job:  map 25% reduce 6%
20/06/15 16:33:58 INFO mapreduce.Job:  map 25% reduce 8%
20/06/15 16:33:59 INFO mapreduce.Job:  map 26% reduce 8%
20/06/15 16:34:02 INFO mapreduce.Job:  map 26% reduce 9%
20/06/15 16:34:07 INFO mapreduce.Job:  map 27% reduce 9%
20/06/15 16:34:12 INFO mapreduce.Job:  map 28% reduce 9%
20/06/15 16:34:17 INFO mapreduce.Job:  map 29% reduce 9%
20/06/15 16:34:21 INFO mapreduce.Job:  map 30% reduce 9%
20/06/15 16:34:27 INFO mapreduce.Job:  map 31% reduce 9%
20/06/15 16:34:29 INFO mapreduce.Job:  map 31% reduce 10%
20/06/15 16:34:33 INFO mapreduce.Job:  map 32% reduce 10%
20/06/15 16:34:36 INFO mapreduce.Job:  map 33% reduce 10%
20/06/15 16:34:43 INFO mapreduce.Job:  map 34% reduce 10%
20/06/15 16:34:48 INFO mapreduce.Job:  map 35% reduce 10%
20/06/15 16:34:52 INFO mapreduce.Job:  map 36% reduce 10%
20/06/15 16:34:55 INFO mapreduce.Job:  map 37% reduce 10%
20/06/15 16:34:56 INFO mapreduce.Job:  map 37% reduce 11%
20/06/15 16:34:57 INFO mapreduce.Job:  map 38% reduce 11%
20/06/15 16:34:59 INFO mapreduce.Job:  map 38% reduce 12%
20/06/15 16:35:00 INFO mapreduce.Job:  map 39% reduce 12%
20/06/15 16:35:02 INFO mapreduce.Job:  map 39% reduce 13%
20/06/15 16:35:06 INFO mapreduce.Job:  map 40% reduce 13%
20/06/15 16:35:11 INFO mapreduce.Job:  map 41% reduce 13%
20/06/15 16:35:14 INFO mapreduce.Job:  map 42% reduce 13%
20/06/15 16:35:20 INFO mapreduce.Job:  map 43% reduce 13%
20/06/15 16:35:27 INFO mapreduce.Job:  map 44% reduce 13%
20/06/15 16:35:30 INFO mapreduce.Job:  map 44% reduce 14%
20/06/15 16:35:31 INFO mapreduce.Job:  map 45% reduce 14%
20/06/15 16:35:36 INFO mapreduce.Job:  map 46% reduce 14%
20/06/15 16:35:41 INFO mapreduce.Job:  map 47% reduce 14%
20/06/15 16:35:45 INFO mapreduce.Job:  map 48% reduce 14%
20/06/15 16:35:50 INFO mapreduce.Job:  map 49% reduce 14%
20/06/15 16:35:53 INFO mapreduce.Job:  map 50% reduce 14%
20/06/15 16:35:54 INFO mapreduce.Job:  map 50% reduce 15%
20/06/15 16:35:57 INFO mapreduce.Job:  map 51% reduce 15%
20/06/15 16:35:59 INFO mapreduce.Job:  map 52% reduce 15%
20/06/15 16:36:00 INFO mapreduce.Job:  map 52% reduce 17%
20/06/15 16:36:03 INFO mapreduce.Job:  map 53% reduce 17%
20/06/15 16:36:11 INFO mapreduce.Job:  map 54% reduce 17%
20/06/15 16:36:14 INFO mapreduce.Job:  map 55% reduce 17%
20/06/15 16:36:19 INFO mapreduce.Job:  map 56% reduce 17%
20/06/15 16:36:24 INFO mapreduce.Job:  map 57% reduce 18%
20/06/15 16:36:28 INFO mapreduce.Job:  map 58% reduce 18%
20/06/15 16:36:32 INFO mapreduce.Job:  map 59% reduce 18%
20/06/15 16:36:33 INFO mapreduce.Job:  map 59% reduce 19%
20/06/15 16:36:39 INFO mapreduce.Job:  map 60% reduce 19%
20/06/15 16:36:43 INFO mapreduce.Job:  map 61% reduce 19%
20/06/15 16:36:49 INFO mapreduce.Job:  map 62% reduce 19%
20/06/15 16:36:52 INFO mapreduce.Job:  map 63% reduce 19%
20/06/15 16:36:54 INFO mapreduce.Job:  map 64% reduce 19%
20/06/15 16:36:55 INFO mapreduce.Job:  map 64% reduce 20%
20/06/15 16:36:58 INFO mapreduce.Job:  map 65% reduce 21%
20/06/15 16:37:02 INFO mapreduce.Job:  map 66% reduce 21%
20/06/15 16:37:06 INFO mapreduce.Job:  map 67% reduce 21%
20/06/15 16:37:07 INFO mapreduce.Job:  map 67% reduce 22%
20/06/15 16:37:10 INFO mapreduce.Job:  map 68% reduce 22%
20/06/15 16:37:17 INFO mapreduce.Job:  map 69% reduce 22%
20/06/15 16:37:19 INFO mapreduce.Job:  map 70% reduce 22%
20/06/15 16:37:22 INFO mapreduce.Job:  map 71% reduce 22%
20/06/15 16:37:25 INFO mapreduce.Job:  map 72% reduce 22%
20/06/15 16:37:29 INFO mapreduce.Job:  map 72% reduce 23%
20/06/15 16:37:31 INFO mapreduce.Job:  map 73% reduce 23%
20/06/15 16:37:37 INFO mapreduce.Job:  map 74% reduce 23%
20/06/15 16:37:38 INFO mapreduce.Job:  map 75% reduce 23%
20/06/15 16:37:43 INFO mapreduce.Job:  map 76% reduce 23%
20/06/15 16:37:44 INFO mapreduce.Job:  map 76% reduce 24%
20/06/15 16:37:45 INFO mapreduce.Job:  map 77% reduce 24%
20/06/15 16:37:48 INFO mapreduce.Job:  map 78% reduce 24%
20/06/15 16:37:50 INFO mapreduce.Job:  map 78% reduce 25%
20/06/15 16:37:51 INFO mapreduce.Job:  map 79% reduce 25%
20/06/15 16:37:53 INFO mapreduce.Job:  map 79% reduce 26%
20/06/15 16:37:54 INFO mapreduce.Job:  map 80% reduce 26%
20/06/15 16:37:56 INFO mapreduce.Job:  map 81% reduce 26%
20/06/15 16:37:58 INFO mapreduce.Job:  map 82% reduce 26%
20/06/15 16:38:00 INFO mapreduce.Job:  map 83% reduce 26%
20/06/15 16:38:01 INFO mapreduce.Job:  map 84% reduce 27%
20/06/15 16:38:04 INFO mapreduce.Job:  map 85% reduce 27%
20/06/15 16:38:05 INFO mapreduce.Job:  map 85% reduce 28%
20/06/15 16:38:10 INFO mapreduce.Job:  map 86% reduce 28%
20/06/15 16:38:16 INFO mapreduce.Job:  map 87% reduce 28%
20/06/15 16:38:20 INFO mapreduce.Job:  map 88% reduce 28%
20/06/15 16:38:23 INFO mapreduce.Job:  map 88% reduce 29%
20/06/15 16:38:24 INFO mapreduce.Job:  map 89% reduce 29%
20/06/15 16:38:30 INFO mapreduce.Job:  map 90% reduce 29%
20/06/15 16:38:33 INFO mapreduce.Job:  map 91% reduce 29%
20/06/15 16:38:37 INFO mapreduce.Job:  map 92% reduce 29%
20/06/15 16:38:38 INFO mapreduce.Job:  map 92% reduce 30%
20/06/15 16:38:41 INFO mapreduce.Job:  map 93% reduce 30%
20/06/15 16:38:42 INFO mapreduce.Job:  map 94% reduce 30%
20/06/15 16:38:48 INFO mapreduce.Job:  map 96% reduce 30%
20/06/15 16:38:53 INFO mapreduce.Job:  map 98% reduce 30%
20/06/15 16:38:54 INFO mapreduce.Job:  map 98% reduce 31%
20/06/15 16:38:57 INFO mapreduce.Job:  map 99% reduce 31%
20/06/15 16:39:00 INFO mapreduce.Job:  map 99% reduce 33%
20/06/15 16:39:01 INFO mapreduce.Job:  map 100% reduce 33%
20/06/15 16:39:03 INFO mapreduce.Job:  map 100% reduce 39%
20/06/15 16:39:06 INFO mapreduce.Job:  map 100% reduce 70%
20/06/15 16:39:09 INFO mapreduce.Job:  map 100% reduce 76%
20/06/15 16:39:12 INFO mapreduce.Job:  map 100% reduce 81%
20/06/15 16:39:15 INFO mapreduce.Job:  map 100% reduce 87%
20/06/15 16:39:18 INFO mapreduce.Job:  map 100% reduce 94%
20/06/15 16:39:21 INFO mapreduce.Job:  map 100% reduce 100%
20/06/15 16:39:23 INFO mapreduce.Job: Job job_1592205715886_0002 completed successfully
20/06/15 16:39:23 INFO mapreduce.Job: Counters: 51
	File System Counters
		FILE: Number of bytes read=1664983330
		FILE: Number of bytes written=2465674508
		FILE: Number of read operations=0
		FILE: Number of large read operations=0
		FILE: Number of write operations=0
		HDFS: Number of bytes read=11025668664
		HDFS: Number of bytes written=472954036
		HDFS: Number of read operations=273
		HDFS: Number of large read operations=0
		HDFS: Number of write operations=2
	Job Counters 
		Killed map tasks=1
		Launched map tasks=91
		Launched reduce tasks=1
		Data-local map tasks=85
		Rack-local map tasks=6
		Total time spent by all maps in occupied slots (ms)=3764416
		Total time spent by all reduces in occupied slots (ms)=366023
		Total time spent by all map tasks (ms)=3764416
		Total time spent by all reduce tasks (ms)=366023
		Total vcore-milliseconds taken by all map tasks=11293248
		Total vcore-milliseconds taken by all reduce tasks=366023
		Total megabyte-milliseconds taken by all map tasks=3854761984
		Total megabyte-milliseconds taken by all reduce tasks=374807552
	Map-Reduce Framework
		Map input records=1179594
		Map output records=1009901268
		Map output bytes=19265183218
		Map output materialized bytes=789509164
		Input split bytes=9630
		Combine input records=1034891965
		Combine output records=47597616
		Reduce input groups=9841803
		Reduce shuffle bytes=789509164
		Reduce input records=22606919
		Reduce output records=9841803
		Spilled Records=70882807
		Shuffled Maps =90
		Failed Shuffles=0
		Merged Map outputs=90
		GC time elapsed (ms)=72771
		CPU time spent (ms)=2176880
		Physical memory (bytes) snapshot=25126084608
		Virtual memory (bytes) snapshot=191946559488
		Total committed heap usage (bytes)=18937282560
	Shuffle Errors
		BAD_ID=0
		CONNECTION=0
		IO_ERROR=0
		WRONG_LENGTH=0
		WRONG_MAP=0
		WRONG_REDUCE=0
	File Input Format Counters 
		Bytes Read=11025659034
	File Output Format Counters 
		Bytes Written=472954036
20/06/15 16:39:23 INFO client.RMProxy: Connecting to ResourceManager at master/10.51.17.95:8032
20/06/15 16:39:24 INFO input.FileInputFormat: Total input paths to process : 1
20/06/15 16:39:24 INFO mapreduce.JobSubmitter: number of splits:4
20/06/15 16:39:25 INFO mapreduce.JobSubmitter: Submitting tokens for job: job_1592205715886_0003
20/06/15 16:39:25 INFO impl.YarnClientImpl: Submitted application application_1592205715886_0003
20/06/15 16:39:25 INFO mapreduce.Job: The url to track the job: http://master:8088/proxy/application_1592205715886_0003/
20/06/15 16:39:25 INFO mapreduce.Job: Running job: job_1592205715886_0003
20/06/15 16:39:33 INFO mapreduce.Job: Job job_1592205715886_0003 running in uber mode : false
20/06/15 16:39:33 INFO mapreduce.Job:  map 0% reduce 0%
20/06/15 16:39:43 INFO mapreduce.Job:  map 25% reduce 0%
20/06/15 16:39:45 INFO mapreduce.Job:  map 51% reduce 0%
20/06/15 16:39:46 INFO mapreduce.Job:  map 61% reduce 0%
20/06/15 16:39:48 INFO mapreduce.Job:  map 74% reduce 0%
20/06/15 16:39:49 INFO mapreduce.Job:  map 80% reduce 0%
20/06/15 16:39:51 INFO mapreduce.Job:  map 85% reduce 0%
20/06/15 16:39:52 INFO mapreduce.Job:  map 93% reduce 0%
20/06/15 16:39:53 INFO mapreduce.Job:  map 100% reduce 0%
20/06/15 16:39:56 INFO mapreduce.Job:  map 100% reduce 77%
20/06/15 16:39:59 INFO mapreduce.Job:  map 100% reduce 85%
20/06/15 16:40:02 INFO mapreduce.Job:  map 100% reduce 100%
20/06/15 16:40:03 INFO mapreduce.Job: Job job_1592205715886_0003 completed successfully
20/06/15 16:40:03 INFO mapreduce.Job: Counters: 50
	File System Counters
		FILE: Number of bytes read=754217147
		FILE: Number of bytes written=1164111398
		FILE: Number of read operations=0
		FILE: Number of large read operations=0
		FILE: Number of write operations=0
		HDFS: Number of bytes read=472959497
		HDFS: Number of bytes written=331204946
		HDFS: Number of read operations=19
		HDFS: Number of large read operations=0
		HDFS: Number of write operations=2
	Job Counters 
		Killed map tasks=1
		Launched map tasks=5
		Launched reduce tasks=1
		Data-local map tasks=5
		Total time spent by all maps in occupied slots (ms)=56030
		Total time spent by all reduces in occupied slots (ms)=16398
		Total time spent by all map tasks (ms)=56030
		Total time spent by all reduce tasks (ms)=16398
		Total vcore-milliseconds taken by all map tasks=168090
		Total vcore-milliseconds taken by all reduce tasks=16398
		Total megabyte-milliseconds taken by all map tasks=57374720
		Total megabyte-milliseconds taken by all reduce tasks=16791552
	Map-Reduce Framework
		Map input records=9841803
		Map output records=9841803
		Map output bytes=389598846
		Map output materialized bytes=409282476
		Input split bytes=500
		Combine input records=0
		Combine output records=0
		Reduce input groups=1244
		Reduce shuffle bytes=409282476
		Reduce input records=9841803
		Reduce output records=9841803
		Spilled Records=28647293
		Shuffled Maps =4
		Failed Shuffles=0
		Merged Map outputs=4
		GC time elapsed (ms)=2149
		CPU time spent (ms)=44380
		Physical memory (bytes) snapshot=1282437120
		Virtual memory (bytes) snapshot=10556256256
		Total committed heap usage (bytes)=944242688
	Shuffle Errors
		BAD_ID=0
		CONNECTION=0
		IO_ERROR=0
		WRONG_LENGTH=0
		WRONG_MAP=0
		WRONG_REDUCE=0
	File Input Format Counters 
		Bytes Read=472958997
	File Output Format Counters 
		Bytes Written=331204946
