20/06/09 15:52:31 INFO client.RMProxy: Connecting to ResourceManager at master/10.51.17.95:8032
20/06/09 15:52:31 INFO input.FileInputFormat: Total input paths to process : 10
20/06/09 15:52:31 INFO mapreduce.JobSubmitter: number of splits:90
20/06/09 15:52:31 INFO mapreduce.JobSubmitter: Submitting tokens for job: job_1591684376349_0008
20/06/09 15:52:31 INFO impl.YarnClientImpl: Submitted application application_1591684376349_0008
20/06/09 15:52:32 INFO mapreduce.Job: The url to track the job: http://master:8088/proxy/application_1591684376349_0008/
20/06/09 15:52:32 INFO mapreduce.Job: Running job: job_1591684376349_0008
20/06/09 15:52:40 INFO mapreduce.Job: Job job_1591684376349_0008 running in uber mode : false
20/06/09 15:52:40 INFO mapreduce.Job:  map 0% reduce 0%
20/06/09 15:52:54 INFO mapreduce.Job:  map 1% reduce 0%
20/06/09 15:52:56 INFO mapreduce.Job:  map 2% reduce 0%
20/06/09 15:52:59 INFO mapreduce.Job:  map 3% reduce 0%
20/06/09 15:53:08 INFO mapreduce.Job:  map 4% reduce 0%
20/06/09 15:53:12 INFO mapreduce.Job:  map 5% reduce 0%
20/06/09 15:53:16 INFO mapreduce.Job:  map 6% reduce 0%
20/06/09 15:53:24 INFO mapreduce.Job:  map 7% reduce 0%
20/06/09 15:53:27 INFO mapreduce.Job:  map 8% reduce 0%
20/06/09 15:53:33 INFO mapreduce.Job:  map 9% reduce 0%
20/06/09 15:53:38 INFO mapreduce.Job:  map 10% reduce 0%
20/06/09 15:53:42 INFO mapreduce.Job:  map 12% reduce 0%
20/06/09 15:53:48 INFO mapreduce.Job:  map 13% reduce 0%
20/06/09 15:53:55 INFO mapreduce.Job:  map 14% reduce 0%
20/06/09 15:53:56 INFO mapreduce.Job:  map 15% reduce 0%
20/06/09 15:53:57 INFO mapreduce.Job:  map 16% reduce 0%
20/06/09 15:53:59 INFO mapreduce.Job:  map 17% reduce 0%
20/06/09 15:54:06 INFO mapreduce.Job:  map 18% reduce 0%
20/06/09 15:54:10 INFO mapreduce.Job:  map 18% reduce 5%
20/06/09 15:54:14 INFO mapreduce.Job:  map 19% reduce 5%
20/06/09 15:54:16 INFO mapreduce.Job:  map 20% reduce 5%
20/06/09 15:54:24 INFO mapreduce.Job:  map 21% reduce 5%
20/06/09 15:54:27 INFO mapreduce.Job:  map 22% reduce 5%
20/06/09 15:54:30 INFO mapreduce.Job:  map 23% reduce 5%
20/06/09 15:54:31 INFO mapreduce.Job:  map 23% reduce 6%
20/06/09 15:54:37 INFO mapreduce.Job:  map 24% reduce 6%
20/06/09 15:54:40 INFO mapreduce.Job:  map 25% reduce 6%
20/06/09 15:54:42 INFO mapreduce.Job:  map 26% reduce 6%
20/06/09 15:54:44 INFO mapreduce.Job:  map 26% reduce 7%
20/06/09 15:54:49 INFO mapreduce.Job:  map 27% reduce 7%
20/06/09 15:54:52 INFO mapreduce.Job:  map 28% reduce 7%
20/06/09 15:54:53 INFO mapreduce.Job:  map 28% reduce 8%
20/06/09 15:54:56 INFO mapreduce.Job:  map 29% reduce 8%
20/06/09 15:55:03 INFO mapreduce.Job:  map 30% reduce 8%
20/06/09 15:55:05 INFO mapreduce.Job:  map 31% reduce 8%
20/06/09 15:55:08 INFO mapreduce.Job:  map 31% reduce 9%
20/06/09 15:55:09 INFO mapreduce.Job:  map 32% reduce 9%
20/06/09 15:55:13 INFO mapreduce.Job:  map 33% reduce 9%
20/06/09 15:55:15 INFO mapreduce.Job:  map 33% reduce 10%
20/06/09 15:55:17 INFO mapreduce.Job:  map 34% reduce 10%
20/06/09 15:55:23 INFO mapreduce.Job:  map 35% reduce 10%
20/06/09 15:55:26 INFO mapreduce.Job:  map 36% reduce 10%
20/06/09 15:55:29 INFO mapreduce.Job:  map 37% reduce 10%
20/06/09 15:55:30 INFO mapreduce.Job:  map 37% reduce 11%
20/06/09 15:55:35 INFO mapreduce.Job:  map 38% reduce 11%
20/06/09 15:55:39 INFO mapreduce.Job:  map 39% reduce 11%
20/06/09 15:55:42 INFO mapreduce.Job:  map 40% reduce 11%
20/06/09 15:55:45 INFO mapreduce.Job:  map 40% reduce 12%
20/06/09 15:55:47 INFO mapreduce.Job:  map 41% reduce 12%
20/06/09 15:55:50 INFO mapreduce.Job:  map 42% reduce 12%
20/06/09 15:55:58 INFO mapreduce.Job:  map 43% reduce 12%
20/06/09 15:56:00 INFO mapreduce.Job:  map 44% reduce 12%
20/06/09 15:56:01 INFO mapreduce.Job:  map 44% reduce 13%
20/06/09 15:56:07 INFO mapreduce.Job:  map 45% reduce 13%
20/06/09 15:56:09 INFO mapreduce.Job:  map 46% reduce 13%
20/06/09 15:56:12 INFO mapreduce.Job:  map 47% reduce 13%
20/06/09 15:56:13 INFO mapreduce.Job:  map 47% reduce 14%
20/06/09 15:56:17 INFO mapreduce.Job:  map 48% reduce 14%
20/06/09 15:56:21 INFO mapreduce.Job:  map 49% reduce 14%
20/06/09 15:56:24 INFO mapreduce.Job:  map 50% reduce 15%
20/06/09 15:56:25 INFO mapreduce.Job:  map 51% reduce 15%
20/06/09 15:56:27 INFO mapreduce.Job:  map 51% reduce 16%
20/06/09 15:56:32 INFO mapreduce.Job:  map 52% reduce 16%
20/06/09 15:56:35 INFO mapreduce.Job:  map 53% reduce 16%
20/06/09 15:56:40 INFO mapreduce.Job:  map 54% reduce 16%
20/06/09 15:56:41 INFO mapreduce.Job:  map 54% reduce 17%
20/06/09 15:56:45 INFO mapreduce.Job:  map 55% reduce 17%
20/06/09 15:56:50 INFO mapreduce.Job:  map 56% reduce 17%
20/06/09 15:56:55 INFO mapreduce.Job:  map 57% reduce 17%
20/06/09 15:56:59 INFO mapreduce.Job:  map 58% reduce 17%
20/06/09 15:57:04 INFO mapreduce.Job:  map 59% reduce 17%
20/06/09 15:57:08 INFO mapreduce.Job:  map 60% reduce 17%
20/06/09 15:57:14 INFO mapreduce.Job:  map 61% reduce 18%
20/06/09 15:57:16 INFO mapreduce.Job:  map 62% reduce 18%
20/06/09 15:57:17 INFO mapreduce.Job:  map 62% reduce 19%
20/06/09 15:57:18 INFO mapreduce.Job:  map 63% reduce 19%
20/06/09 15:57:25 INFO mapreduce.Job:  map 64% reduce 19%
20/06/09 15:57:26 INFO mapreduce.Job:  map 65% reduce 20%
20/06/09 15:57:29 INFO mapreduce.Job:  map 65% reduce 21%
20/06/09 15:57:30 INFO mapreduce.Job:  map 66% reduce 21%
20/06/09 15:57:34 INFO mapreduce.Job:  map 67% reduce 21%
20/06/09 15:57:35 INFO mapreduce.Job:  map 67% reduce 22%
20/06/09 15:57:37 INFO mapreduce.Job:  map 68% reduce 22%
20/06/09 15:57:42 INFO mapreduce.Job:  map 69% reduce 22%
20/06/09 15:57:48 INFO mapreduce.Job:  map 70% reduce 22%
20/06/09 15:57:53 INFO mapreduce.Job:  map 71% reduce 22%
20/06/09 15:57:58 INFO mapreduce.Job:  map 72% reduce 22%
20/06/09 15:58:03 INFO mapreduce.Job:  map 73% reduce 22%
20/06/09 15:58:06 INFO mapreduce.Job:  map 74% reduce 22%
20/06/09 15:58:11 INFO mapreduce.Job:  map 75% reduce 22%
20/06/09 15:58:13 INFO mapreduce.Job:  map 76% reduce 22%
20/06/09 15:58:14 INFO mapreduce.Job:  map 76% reduce 23%
20/06/09 15:58:19 INFO mapreduce.Job:  map 77% reduce 23%
20/06/09 15:58:20 INFO mapreduce.Job:  map 78% reduce 24%
20/06/09 15:58:23 INFO mapreduce.Job:  map 79% reduce 25%
20/06/09 15:58:26 INFO mapreduce.Job:  map 80% reduce 25%
20/06/09 15:58:29 INFO mapreduce.Job:  map 80% reduce 26%
20/06/09 15:58:31 INFO mapreduce.Job:  map 81% reduce 26%
20/06/09 15:58:33 INFO mapreduce.Job:  map 82% reduce 26%
20/06/09 15:58:35 INFO mapreduce.Job:  map 82% reduce 27%
20/06/09 15:58:37 INFO mapreduce.Job:  map 83% reduce 27%
20/06/09 15:58:40 INFO mapreduce.Job:  map 84% reduce 27%
20/06/09 15:58:42 INFO mapreduce.Job:  map 85% reduce 27%
20/06/09 15:58:44 INFO mapreduce.Job:  map 86% reduce 27%
20/06/09 15:58:46 INFO mapreduce.Job:  map 88% reduce 27%
20/06/09 15:58:51 INFO mapreduce.Job:  map 89% reduce 28%
20/06/09 15:58:54 INFO mapreduce.Job:  map 90% reduce 28%
20/06/09 15:58:55 INFO mapreduce.Job:  map 91% reduce 28%
20/06/09 15:58:57 INFO mapreduce.Job:  map 91% reduce 29%
20/06/09 15:58:59 INFO mapreduce.Job:  map 93% reduce 29%
20/06/09 15:59:04 INFO mapreduce.Job:  map 94% reduce 29%
20/06/09 15:59:05 INFO mapreduce.Job:  map 95% reduce 29%
20/06/09 15:59:08 INFO mapreduce.Job:  map 97% reduce 29%
20/06/09 15:59:09 INFO mapreduce.Job:  map 97% reduce 31%
20/06/09 15:59:10 INFO mapreduce.Job:  map 98% reduce 31%
20/06/09 15:59:14 INFO mapreduce.Job:  map 99% reduce 31%
20/06/09 15:59:15 INFO mapreduce.Job:  map 99% reduce 32%
20/06/09 15:59:18 INFO mapreduce.Job:  map 100% reduce 33%
20/06/09 15:59:21 INFO mapreduce.Job:  map 100% reduce 68%
20/06/09 15:59:24 INFO mapreduce.Job:  map 100% reduce 74%
20/06/09 15:59:27 INFO mapreduce.Job:  map 100% reduce 80%
20/06/09 15:59:30 INFO mapreduce.Job:  map 100% reduce 85%
20/06/09 15:59:33 INFO mapreduce.Job:  map 100% reduce 93%
20/06/09 15:59:36 INFO mapreduce.Job:  map 100% reduce 100%
20/06/09 15:59:37 INFO mapreduce.Job: Job job_1591684376349_0008 completed successfully
20/06/09 15:59:37 INFO mapreduce.Job: Counters: 51
	File System Counters
		FILE: Number of bytes read=1664771114
		FILE: Number of bytes written=2465368795
		FILE: Number of read operations=0
		FILE: Number of large read operations=0
		FILE: Number of write operations=0
		HDFS: Number of bytes read=11024985282
		HDFS: Number of bytes written=472993051
		HDFS: Number of read operations=273
		HDFS: Number of large read operations=0
		HDFS: Number of write operations=2
	Job Counters 
		Killed map tasks=1
		Launched map tasks=91
		Launched reduce tasks=1
		Data-local map tasks=89
		Rack-local map tasks=2
		Total time spent by all maps in occupied slots (ms)=5041766
		Total time spent by all reduces in occupied slots (ms)=339166
		Total time spent by all map tasks (ms)=5041766
		Total time spent by all reduce tasks (ms)=339166
		Total vcore-milliseconds taken by all map tasks=15125298
		Total vcore-milliseconds taken by all reduce tasks=339166
		Total megabyte-milliseconds taken by all map tasks=5162768384
		Total megabyte-milliseconds taken by all reduce tasks=347305984
	Map-Reduce Framework
		Map input records=1180740
		Map output records=1010366836
		Map output bytes=19258858827
		Map output materialized bytes=789387184
		Input split bytes=10530
		Combine input records=1035356685
		Combine output records=47595293
		Reduce input groups=9842996
		Reduce shuffle bytes=789387184
		Reduce input records=22605444
		Reduce output records=9842996
		Spilled Records=70879211
		Shuffled Maps =90
		Failed Shuffles=0
		Merged Map outputs=90
		GC time elapsed (ms)=104045
		CPU time spent (ms)=2052900
		Physical memory (bytes) snapshot=25071104000
		Virtual memory (bytes) snapshot=191937101824
		Total committed heap usage (bytes)=18938855424
	Shuffle Errors
		BAD_ID=0
		CONNECTION=0
		IO_ERROR=0
		WRONG_LENGTH=0
		WRONG_MAP=0
		WRONG_REDUCE=0
	File Input Format Counters 
		Bytes Read=11024974752
	File Output Format Counters 
		Bytes Written=472993051
20/06/09 15:59:37 INFO client.RMProxy: Connecting to ResourceManager at master/10.51.17.95:8032
20/06/09 15:59:38 INFO input.FileInputFormat: Total input paths to process : 1
20/06/09 15:59:38 INFO mapreduce.JobSubmitter: number of splits:4
20/06/09 15:59:39 INFO mapreduce.JobSubmitter: Submitting tokens for job: job_1591684376349_0009
20/06/09 15:59:39 INFO impl.YarnClientImpl: Submitted application application_1591684376349_0009
20/06/09 15:59:39 INFO mapreduce.Job: The url to track the job: http://master:8088/proxy/application_1591684376349_0009/
20/06/09 15:59:39 INFO mapreduce.Job: Running job: job_1591684376349_0009
20/06/09 15:59:47 INFO mapreduce.Job: Job job_1591684376349_0009 running in uber mode : false
20/06/09 15:59:47 INFO mapreduce.Job:  map 0% reduce 0%
20/06/09 15:59:58 INFO mapreduce.Job:  map 25% reduce 0%
20/06/09 15:59:59 INFO mapreduce.Job:  map 57% reduce 0%
20/06/09 16:00:01 INFO mapreduce.Job:  map 67% reduce 0%
20/06/09 16:00:02 INFO mapreduce.Job:  map 77% reduce 0%
20/06/09 16:00:05 INFO mapreduce.Job:  map 92% reduce 0%
20/06/09 16:00:07 INFO mapreduce.Job:  map 100% reduce 0%
20/06/09 16:00:10 INFO mapreduce.Job:  map 100% reduce 74%
20/06/09 16:00:13 INFO mapreduce.Job:  map 100% reduce 88%
20/06/09 16:00:15 INFO mapreduce.Job:  map 100% reduce 100%
20/06/09 16:00:16 INFO mapreduce.Job: Job job_1591684376349_0009 completed successfully
20/06/09 16:00:16 INFO mapreduce.Job: Counters: 51
	File System Counters
		FILE: Number of bytes read=754308946
		FILE: Number of bytes written=1164234119
		FILE: Number of read operations=0
		FILE: Number of large read operations=0
		FILE: Number of write operations=0
		HDFS: Number of bytes read=472996485
		HDFS: Number of bytes written=331225309
		HDFS: Number of read operations=19
		HDFS: Number of large read operations=0
		HDFS: Number of write operations=2
	Job Counters 
		Killed map tasks=1
		Launched map tasks=5
		Launched reduce tasks=1
		Data-local map tasks=4
		Rack-local map tasks=1
		Total time spent by all maps in occupied slots (ms)=61281
		Total time spent by all reduces in occupied slots (ms)=15183
		Total time spent by all map tasks (ms)=61281
		Total time spent by all reduce tasks (ms)=15183
		Total vcore-milliseconds taken by all map tasks=183843
		Total vcore-milliseconds taken by all reduce tasks=15183
		Total megabyte-milliseconds taken by all map tasks=62751744
		Total megabyte-milliseconds taken by all reduce tasks=15547392
	Map-Reduce Framework
		Map input records=9842996
		Map output records=9842996
		Map output bytes=389625817
		Map output materialized bytes=409311833
		Input split bytes=508
		Combine input records=0
		Combine output records=0
		Reduce input groups=1251
		Reduce shuffle bytes=409311833
		Reduce input records=9842996
		Reduce output records=9842996
		Spilled Records=28638769
		Shuffled Maps =4
		Failed Shuffles=0
		Merged Map outputs=4
		GC time elapsed (ms)=1731
		CPU time spent (ms)=44010
		Physical memory (bytes) snapshot=1281150976
		Virtual memory (bytes) snapshot=10558242816
		Total committed heap usage (bytes)=940048384
	Shuffle Errors
		BAD_ID=0
		CONNECTION=0
		IO_ERROR=0
		WRONG_LENGTH=0
		WRONG_MAP=0
		WRONG_REDUCE=0
	File Input Format Counters 
		Bytes Read=472995977
	File Output Format Counters 
		Bytes Written=331225309
