20/06/09 15:43:32 INFO client.RMProxy: Connecting to ResourceManager at master/10.51.17.95:8032
20/06/09 15:43:32 INFO input.FileInputFormat: Total input paths to process : 10
20/06/09 15:43:33 INFO mapreduce.JobSubmitter: number of splits:90
20/06/09 15:43:33 INFO mapreduce.JobSubmitter: Submitting tokens for job: job_1591684376349_0005
20/06/09 15:43:33 INFO impl.YarnClientImpl: Submitted application application_1591684376349_0005
20/06/09 15:43:33 INFO mapreduce.Job: The url to track the job: http://master:8088/proxy/application_1591684376349_0005/
20/06/09 15:43:33 INFO mapreduce.Job: Running job: job_1591684376349_0005
20/06/09 15:43:39 INFO mapreduce.Job: Job job_1591684376349_0005 running in uber mode : false
20/06/09 15:43:39 INFO mapreduce.Job:  map 0% reduce 0%
20/06/09 15:43:54 INFO mapreduce.Job:  map 1% reduce 0%
20/06/09 15:43:56 INFO mapreduce.Job:  map 2% reduce 0%
20/06/09 15:44:00 INFO mapreduce.Job:  map 3% reduce 0%
20/06/09 15:44:07 INFO mapreduce.Job:  map 4% reduce 0%
20/06/09 15:44:11 INFO mapreduce.Job:  map 5% reduce 0%
20/06/09 15:44:18 INFO mapreduce.Job:  map 6% reduce 0%
20/06/09 15:44:21 INFO mapreduce.Job:  map 7% reduce 0%
20/06/09 15:44:27 INFO mapreduce.Job:  map 8% reduce 0%
20/06/09 15:44:33 INFO mapreduce.Job:  map 9% reduce 0%
20/06/09 15:44:35 INFO mapreduce.Job:  map 10% reduce 0%
20/06/09 15:44:38 INFO mapreduce.Job:  map 12% reduce 0%
20/06/09 15:44:46 INFO mapreduce.Job:  map 13% reduce 0%
20/06/09 15:44:51 INFO mapreduce.Job:  map 14% reduce 0%
20/06/09 15:44:54 INFO mapreduce.Job:  map 15% reduce 0%
20/06/09 15:44:55 INFO mapreduce.Job:  map 16% reduce 0%
20/06/09 15:44:57 INFO mapreduce.Job:  map 17% reduce 0%
20/06/09 15:45:03 INFO mapreduce.Job:  map 18% reduce 0%
20/06/09 15:45:09 INFO mapreduce.Job:  map 19% reduce 0%
20/06/09 15:45:11 INFO mapreduce.Job:  map 19% reduce 5%
20/06/09 15:45:13 INFO mapreduce.Job:  map 20% reduce 5%
20/06/09 15:45:20 INFO mapreduce.Job:  map 21% reduce 5%
20/06/09 15:45:24 INFO mapreduce.Job:  map 22% reduce 5%
20/06/09 15:45:27 INFO mapreduce.Job:  map 23% reduce 5%
20/06/09 15:45:29 INFO mapreduce.Job:  map 23% reduce 6%
20/06/09 15:45:32 INFO mapreduce.Job:  map 24% reduce 6%
20/06/09 15:45:33 INFO mapreduce.Job:  map 25% reduce 6%
20/06/09 15:45:35 INFO mapreduce.Job:  map 25% reduce 7%
20/06/09 15:45:37 INFO mapreduce.Job:  map 26% reduce 7%
20/06/09 15:45:43 INFO mapreduce.Job:  map 27% reduce 7%
20/06/09 15:45:46 INFO mapreduce.Job:  map 28% reduce 7%
20/06/09 15:45:54 INFO mapreduce.Job:  map 29% reduce 7%
20/06/09 15:45:58 INFO mapreduce.Job:  map 30% reduce 7%
20/06/09 15:46:01 INFO mapreduce.Job:  map 31% reduce 7%
20/06/09 15:46:02 INFO mapreduce.Job:  map 32% reduce 7%
20/06/09 15:46:03 INFO mapreduce.Job:  map 32% reduce 9%
20/06/09 15:46:05 INFO mapreduce.Job:  map 33% reduce 9%
20/06/09 15:46:06 INFO mapreduce.Job:  map 33% reduce 10%
20/06/09 15:46:13 INFO mapreduce.Job:  map 34% reduce 10%
20/06/09 15:46:15 INFO mapreduce.Job:  map 35% reduce 10%
20/06/09 15:46:20 INFO mapreduce.Job:  map 36% reduce 10%
20/06/09 15:46:24 INFO mapreduce.Job:  map 37% reduce 11%
20/06/09 15:46:27 INFO mapreduce.Job:  map 38% reduce 11%
20/06/09 15:46:30 INFO mapreduce.Job:  map 39% reduce 11%
20/06/09 15:46:31 INFO mapreduce.Job:  map 39% reduce 12%
20/06/09 15:46:36 INFO mapreduce.Job:  map 40% reduce 12%
20/06/09 15:46:40 INFO mapreduce.Job:  map 41% reduce 12%
20/06/09 15:46:47 INFO mapreduce.Job:  map 42% reduce 12%
20/06/09 15:46:51 INFO mapreduce.Job:  map 43% reduce 12%
20/06/09 15:46:58 INFO mapreduce.Job:  map 44% reduce 12%
20/06/09 15:47:03 INFO mapreduce.Job:  map 45% reduce 12%
20/06/09 15:47:07 INFO mapreduce.Job:  map 46% reduce 12%
20/06/09 15:47:08 INFO mapreduce.Job:  map 47% reduce 12%
20/06/09 15:47:10 INFO mapreduce.Job:  map 47% reduce 14%
20/06/09 15:47:13 INFO mapreduce.Job:  map 48% reduce 14%
20/06/09 15:47:17 INFO mapreduce.Job:  map 49% reduce 15%
20/06/09 15:47:19 INFO mapreduce.Job:  map 50% reduce 15%
20/06/09 15:47:20 INFO mapreduce.Job:  map 50% reduce 16%
20/06/09 15:47:25 INFO mapreduce.Job:  map 51% reduce 16%
20/06/09 15:47:27 INFO mapreduce.Job:  map 52% reduce 16%
20/06/09 15:47:28 INFO mapreduce.Job:  map 52% reduce 17%
20/06/09 15:47:29 INFO mapreduce.Job:  map 53% reduce 17%
20/06/09 15:47:36 INFO mapreduce.Job:  map 54% reduce 17%
20/06/09 15:47:40 INFO mapreduce.Job:  map 55% reduce 17%
20/06/09 15:47:46 INFO mapreduce.Job:  map 56% reduce 17%
20/06/09 15:47:51 INFO mapreduce.Job:  map 57% reduce 17%
20/06/09 15:47:57 INFO mapreduce.Job:  map 58% reduce 17%
20/06/09 15:48:02 INFO mapreduce.Job:  map 59% reduce 17%
20/06/09 15:48:07 INFO mapreduce.Job:  map 60% reduce 17%
20/06/09 15:48:11 INFO mapreduce.Job:  map 61% reduce 17%
20/06/09 15:48:14 INFO mapreduce.Job:  map 62% reduce 18%
20/06/09 15:48:16 INFO mapreduce.Job:  map 63% reduce 18%
20/06/09 15:48:17 INFO mapreduce.Job:  map 64% reduce 19%
20/06/09 15:48:20 INFO mapreduce.Job:  map 64% reduce 20%
20/06/09 15:48:22 INFO mapreduce.Job:  map 65% reduce 20%
20/06/09 15:48:23 INFO mapreduce.Job:  map 66% reduce 21%
20/06/09 15:48:26 INFO mapreduce.Job:  map 66% reduce 22%
20/06/09 15:48:28 INFO mapreduce.Job:  map 67% reduce 22%
20/06/09 15:48:34 INFO mapreduce.Job:  map 68% reduce 22%
20/06/09 15:48:40 INFO mapreduce.Job:  map 69% reduce 22%
20/06/09 15:48:45 INFO mapreduce.Job:  map 70% reduce 22%
20/06/09 15:48:49 INFO mapreduce.Job:  map 71% reduce 22%
20/06/09 15:48:55 INFO mapreduce.Job:  map 72% reduce 22%
20/06/09 15:49:00 INFO mapreduce.Job:  map 73% reduce 22%
20/06/09 15:49:04 INFO mapreduce.Job:  map 74% reduce 22%
20/06/09 15:49:09 INFO mapreduce.Job:  map 75% reduce 22%
20/06/09 15:49:11 INFO mapreduce.Job:  map 76% reduce 23%
20/06/09 15:49:15 INFO mapreduce.Job:  map 77% reduce 23%
20/06/09 15:49:18 INFO mapreduce.Job:  map 78% reduce 23%
20/06/09 15:49:21 INFO mapreduce.Job:  map 79% reduce 24%
20/06/09 15:49:22 INFO mapreduce.Job:  map 80% reduce 24%
20/06/09 15:49:24 INFO mapreduce.Job:  map 81% reduce 26%
20/06/09 15:49:27 INFO mapreduce.Job:  map 81% reduce 27%
20/06/09 15:49:33 INFO mapreduce.Job:  map 82% reduce 27%
20/06/09 15:49:34 INFO mapreduce.Job:  map 83% reduce 27%
20/06/09 15:49:35 INFO mapreduce.Job:  map 84% reduce 27%
20/06/09 15:49:36 INFO mapreduce.Job:  map 85% reduce 27%
20/06/09 15:49:39 INFO mapreduce.Job:  map 86% reduce 27%
20/06/09 15:49:41 INFO mapreduce.Job:  map 87% reduce 27%
20/06/09 15:49:44 INFO mapreduce.Job:  map 88% reduce 27%
20/06/09 15:49:45 INFO mapreduce.Job:  map 88% reduce 28%
20/06/09 15:49:46 INFO mapreduce.Job:  map 89% reduce 28%
20/06/09 15:49:48 INFO mapreduce.Job:  map 89% reduce 29%
20/06/09 15:49:50 INFO mapreduce.Job:  map 90% reduce 29%
20/06/09 15:49:55 INFO mapreduce.Job:  map 91% reduce 29%
20/06/09 15:49:56 INFO mapreduce.Job:  map 93% reduce 29%
20/06/09 15:49:57 INFO mapreduce.Job:  map 94% reduce 29%
20/06/09 15:50:01 INFO mapreduce.Job:  map 95% reduce 29%
20/06/09 15:50:02 INFO mapreduce.Job:  map 96% reduce 29%
20/06/09 15:50:03 INFO mapreduce.Job:  map 97% reduce 30%
20/06/09 15:50:06 INFO mapreduce.Job:  map 97% reduce 31%
20/06/09 15:50:07 INFO mapreduce.Job:  map 98% reduce 31%
20/06/09 15:50:12 INFO mapreduce.Job:  map 98% reduce 32%
20/06/09 15:50:13 INFO mapreduce.Job:  map 99% reduce 32%
20/06/09 15:50:18 INFO mapreduce.Job:  map 100% reduce 33%
20/06/09 15:50:21 INFO mapreduce.Job:  map 100% reduce 69%
20/06/09 15:50:25 INFO mapreduce.Job:  map 100% reduce 74%
20/06/09 15:50:28 INFO mapreduce.Job:  map 100% reduce 79%
20/06/09 15:50:31 INFO mapreduce.Job:  map 100% reduce 85%
20/06/09 15:50:34 INFO mapreduce.Job:  map 100% reduce 92%
20/06/09 15:50:37 INFO mapreduce.Job:  map 100% reduce 100%
20/06/09 15:50:38 INFO mapreduce.Job: Job job_1591684376349_0005 completed successfully
20/06/09 15:50:38 INFO mapreduce.Job: Counters: 51
	File System Counters
		FILE: Number of bytes read=1689994665
		FILE: Number of bytes written=2502476163
		FILE: Number of read operations=0
		FILE: Number of large read operations=0
		FILE: Number of write operations=0
		HDFS: Number of bytes read=11025464823
		HDFS: Number of bytes written=477464745
		HDFS: Number of read operations=273
		HDFS: Number of large read operations=0
		HDFS: Number of write operations=2
	Job Counters 
		Killed map tasks=2
		Launched map tasks=91
		Launched reduce tasks=1
		Data-local map tasks=90
		Rack-local map tasks=1
		Total time spent by all maps in occupied slots (ms)=5032071
		Total time spent by all reduces in occupied slots (ms)=340026
		Total time spent by all map tasks (ms)=5032071
		Total time spent by all reduce tasks (ms)=340026
		Total vcore-milliseconds taken by all map tasks=15096213
		Total vcore-milliseconds taken by all reduce tasks=340026
		Total megabyte-milliseconds taken by all map tasks=5152840704
		Total megabyte-milliseconds taken by all reduce tasks=348186624
	Map-Reduce Framework
		Map input records=1179208
		Map output records=1009453257
		Map output bytes=19265677578
		Map output materialized bytes=801271001
		Input split bytes=10530
		Combine input records=1034431670
		Combine output records=47534951
		Reduce input groups=9655075
		Reduce shuffle bytes=801271001
		Reduce input records=22556538
		Reduce output records=9655075
		Spilled Records=70769062
		Shuffled Maps =90
		Failed Shuffles=0
		Merged Map outputs=90
		GC time elapsed (ms)=107041
		CPU time spent (ms)=2038020
		Physical memory (bytes) snapshot=25089478656
		Virtual memory (bytes) snapshot=191858638848
		Total committed heap usage (bytes)=18941476864
	Shuffle Errors
		BAD_ID=0
		CONNECTION=0
		IO_ERROR=0
		WRONG_LENGTH=0
		WRONG_MAP=0
		WRONG_REDUCE=0
	File Input Format Counters 
		Bytes Read=11025454293
	File Output Format Counters 
		Bytes Written=477464745
20/06/09 15:50:38 INFO client.RMProxy: Connecting to ResourceManager at master/10.51.17.95:8032
20/06/09 15:50:38 INFO input.FileInputFormat: Total input paths to process : 1
20/06/09 15:50:38 INFO mapreduce.JobSubmitter: number of splits:4
20/06/09 15:50:38 INFO mapreduce.JobSubmitter: Submitting tokens for job: job_1591684376349_0006
20/06/09 15:50:38 INFO impl.YarnClientImpl: Submitted application application_1591684376349_0006
20/06/09 15:50:38 INFO mapreduce.Job: The url to track the job: http://master:8088/proxy/application_1591684376349_0006/
20/06/09 15:50:38 INFO mapreduce.Job: Running job: job_1591684376349_0006
20/06/09 15:50:48 INFO mapreduce.Job: Job job_1591684376349_0006 running in uber mode : false
20/06/09 15:50:48 INFO mapreduce.Job:  map 0% reduce 0%
20/06/09 15:50:58 INFO mapreduce.Job:  map 25% reduce 0%
20/06/09 15:51:01 INFO mapreduce.Job:  map 63% reduce 0%
20/06/09 15:51:03 INFO mapreduce.Job:  map 71% reduce 0%
20/06/09 15:51:04 INFO mapreduce.Job:  map 83% reduce 0%
20/06/09 15:51:06 INFO mapreduce.Job:  map 92% reduce 0%
20/06/09 15:51:07 INFO mapreduce.Job:  map 100% reduce 0%
20/06/09 15:51:11 INFO mapreduce.Job:  map 100% reduce 80%
20/06/09 15:51:14 INFO mapreduce.Job:  map 100% reduce 92%
20/06/09 15:51:16 INFO mapreduce.Job:  map 100% reduce 100%
20/06/09 15:51:17 INFO mapreduce.Job: Job job_1591684376349_0006 completed successfully
20/06/09 15:51:17 INFO mapreduce.Job: Counters: 50
	File System Counters
		FILE: Number of bytes read=761337842
		FILE: Number of bytes written=1176823175
		FILE: Number of read operations=0
		FILE: Number of large read operations=0
		FILE: Number of write operations=0
		HDFS: Number of bytes read=477470075
		HDFS: Number of bytes written=338290609
		HDFS: Number of read operations=19
		HDFS: Number of large read operations=0
		HDFS: Number of write operations=2
	Job Counters 
		Killed map tasks=1
		Launched map tasks=5
		Launched reduce tasks=1
		Data-local map tasks=5
		Total time spent by all maps in occupied slots (ms)=54254
		Total time spent by all reduces in occupied slots (ms)=14303
		Total time spent by all map tasks (ms)=54254
		Total time spent by all reduce tasks (ms)=14303
		Total vcore-milliseconds taken by all map tasks=162762
		Total vcore-milliseconds taken by all reduce tasks=14303
		Total megabyte-milliseconds taken by all map tasks=55556096
		Total megabyte-milliseconds taken by all reduce tasks=14646272
	Map-Reduce Framework
		Map input records=9655075
		Map output records=9655075
		Map output bytes=395561819
		Map output materialized bytes=414871993
		Input split bytes=508
		Combine input records=0
		Combine output records=0
		Reduce input groups=1254
		Reduce shuffle bytes=414871993
		Reduce input records=9655075
		Reduce output records=9655075
		Spilled Records=28018992
		Shuffled Maps =4
		Failed Shuffles=0
		Merged Map outputs=4
		GC time elapsed (ms)=2242
		CPU time spent (ms)=41010
		Physical memory (bytes) snapshot=1289179136
		Virtual memory (bytes) snapshot=10548666368
		Total committed heap usage (bytes)=940048384
	Shuffle Errors
		BAD_ID=0
		CONNECTION=0
		IO_ERROR=0
		WRONG_LENGTH=0
		WRONG_MAP=0
		WRONG_REDUCE=0
	File Input Format Counters 
		Bytes Read=477469567
	File Output Format Counters 
		Bytes Written=338290609
