20/06/16 18:51:52 INFO client.RMProxy: Connecting to ResourceManager at master/10.51.17.95:8032
20/06/16 18:51:52 INFO client.RMProxy: Connecting to ResourceManager at master/10.51.17.95:8032
20/06/16 18:51:53 INFO input.FileInputFormat: Total input paths to process : 10
20/06/16 18:51:54 INFO mapreduce.JobSubmitter: number of splits:80
20/06/16 18:51:55 INFO mapreduce.JobSubmitter: Submitting tokens for job: job_1592300726935_0002
20/06/16 18:51:55 INFO impl.YarnClientImpl: Submitted application application_1592300726935_0002
20/06/16 18:51:55 INFO mapreduce.Job: The url to track the job: http://master:8088/proxy/application_1592300726935_0002/
20/06/16 18:51:55 INFO mapreduce.Job: Running job: job_1592300726935_0002
20/06/16 18:52:01 INFO mapreduce.Job: Job job_1592300726935_0002 running in uber mode : false
20/06/16 18:52:01 INFO mapreduce.Job:  map 0% reduce 0%
20/06/16 18:52:10 INFO mapreduce.Job:  map 4% reduce 0%
20/06/16 18:52:11 INFO mapreduce.Job:  map 5% reduce 0%
20/06/16 18:52:13 INFO mapreduce.Job:  map 6% reduce 0%
20/06/16 18:52:14 INFO mapreduce.Job:  map 9% reduce 0%
20/06/16 18:52:15 INFO mapreduce.Job:  map 14% reduce 0%
20/06/16 18:52:21 INFO mapreduce.Job:  map 16% reduce 0%
20/06/16 18:52:23 INFO mapreduce.Job:  map 20% reduce 0%
20/06/16 18:52:27 INFO mapreduce.Job:  map 21% reduce 0%
20/06/16 18:52:28 INFO mapreduce.Job:  map 22% reduce 2%
20/06/16 18:52:30 INFO mapreduce.Job:  map 23% reduce 2%
20/06/16 18:52:31 INFO mapreduce.Job:  map 24% reduce 2%
20/06/16 18:52:33 INFO mapreduce.Job:  map 26% reduce 2%
20/06/16 18:52:34 INFO mapreduce.Job:  map 27% reduce 3%
20/06/16 18:52:35 INFO mapreduce.Job:  map 30% reduce 3%
20/06/16 18:52:36 INFO mapreduce.Job:  map 31% reduce 3%
20/06/16 18:52:40 INFO mapreduce.Job:  map 31% reduce 5%
20/06/16 18:52:43 INFO mapreduce.Job:  map 31% reduce 6%
20/06/16 18:52:44 INFO mapreduce.Job:  map 31% reduce 7%
20/06/16 18:52:45 INFO mapreduce.Job:  map 32% reduce 7%
20/06/16 18:52:46 INFO mapreduce.Job:  map 33% reduce 7%
20/06/16 18:52:48 INFO mapreduce.Job:  map 34% reduce 7%
20/06/16 18:52:49 INFO mapreduce.Job:  map 35% reduce 7%
20/06/16 18:52:50 INFO mapreduce.Job:  map 38% reduce 7%
20/06/16 18:52:51 INFO mapreduce.Job:  map 39% reduce 7%
20/06/16 18:52:52 INFO mapreduce.Job:  map 40% reduce 8%
20/06/16 18:52:55 INFO mapreduce.Job:  map 40% reduce 9%
20/06/16 18:53:02 INFO mapreduce.Job:  map 42% reduce 9%
20/06/16 18:53:03 INFO mapreduce.Job:  map 44% reduce 9%
20/06/16 18:53:04 INFO mapreduce.Job:  map 44% reduce 10%
20/06/16 18:53:05 INFO mapreduce.Job:  map 45% reduce 10%
20/06/16 18:53:07 INFO mapreduce.Job:  map 47% reduce 10%
20/06/16 18:53:10 INFO mapreduce.Job:  map 48% reduce 10%
20/06/16 18:53:11 INFO mapreduce.Job:  map 48% reduce 11%
20/06/16 18:53:14 INFO mapreduce.Job:  map 49% reduce 11%
20/06/16 18:53:16 INFO mapreduce.Job:  map 49% reduce 12%
20/06/16 18:53:17 INFO mapreduce.Job:  map 50% reduce 12%
20/06/16 18:53:19 INFO mapreduce.Job:  map 51% reduce 12%
20/06/16 18:53:22 INFO mapreduce.Job:  map 52% reduce 12%
20/06/16 18:53:23 INFO mapreduce.Job:  map 54% reduce 12%
20/06/16 18:53:25 INFO mapreduce.Job:  map 55% reduce 13%
20/06/16 18:53:26 INFO mapreduce.Job:  map 56% reduce 13%
20/06/16 18:53:27 INFO mapreduce.Job:  map 57% reduce 13%
20/06/16 18:53:31 INFO mapreduce.Job:  map 59% reduce 14%
20/06/16 18:53:32 INFO mapreduce.Job:  map 59% reduce 15%
20/06/16 18:53:34 INFO mapreduce.Job:  map 60% reduce 15%
20/06/16 18:53:36 INFO mapreduce.Job:  map 61% reduce 15%
20/06/16 18:53:37 INFO mapreduce.Job:  map 62% reduce 15%
20/06/16 18:53:39 INFO mapreduce.Job:  map 63% reduce 15%
20/06/16 18:53:40 INFO mapreduce.Job:  map 64% reduce 16%
20/06/16 18:53:41 INFO mapreduce.Job:  map 65% reduce 16%
20/06/16 18:53:42 INFO mapreduce.Job:  map 66% reduce 16%
20/06/16 18:53:43 INFO mapreduce.Job:  map 66% reduce 17%
20/06/16 18:53:47 INFO mapreduce.Job:  map 69% reduce 17%
20/06/16 18:53:50 INFO mapreduce.Job:  map 69% reduce 18%
20/06/16 18:53:51 INFO mapreduce.Job:  map 70% reduce 18%
20/06/16 18:53:53 INFO mapreduce.Job:  map 71% reduce 18%
20/06/16 18:53:55 INFO mapreduce.Job:  map 72% reduce 18%
20/06/16 18:53:56 INFO mapreduce.Job:  map 74% reduce 18%
20/06/16 18:53:57 INFO mapreduce.Job:  map 76% reduce 18%
20/06/16 18:53:58 INFO mapreduce.Job:  map 76% reduce 19%
20/06/16 18:53:59 INFO mapreduce.Job:  map 77% reduce 19%
20/06/16 18:54:00 INFO mapreduce.Job:  map 78% reduce 19%
20/06/16 18:54:01 INFO mapreduce.Job:  map 78% reduce 20%
20/06/16 18:54:02 INFO mapreduce.Job:  map 79% reduce 21%
20/06/16 18:54:05 INFO mapreduce.Job:  map 80% reduce 21%
20/06/16 18:54:06 INFO mapreduce.Job:  map 81% reduce 21%
20/06/16 18:54:07 INFO mapreduce.Job:  map 82% reduce 22%
20/06/16 18:54:09 INFO mapreduce.Job:  map 83% reduce 22%
20/06/16 18:54:11 INFO mapreduce.Job:  map 85% reduce 22%
20/06/16 18:54:13 INFO mapreduce.Job:  map 86% reduce 22%
20/06/16 18:54:15 INFO mapreduce.Job:  map 87% reduce 22%
20/06/16 18:54:16 INFO mapreduce.Job:  map 87% reduce 23%
20/06/16 18:54:21 INFO mapreduce.Job:  map 88% reduce 23%
20/06/16 18:54:22 INFO mapreduce.Job:  map 89% reduce 23%
20/06/16 18:54:24 INFO mapreduce.Job:  map 90% reduce 23%
20/06/16 18:54:25 INFO mapreduce.Job:  map 91% reduce 23%
20/06/16 18:54:28 INFO mapreduce.Job:  map 91% reduce 24%
20/06/16 18:54:31 INFO mapreduce.Job:  map 93% reduce 24%
20/06/16 18:54:34 INFO mapreduce.Job:  map 95% reduce 24%
20/06/16 18:54:35 INFO mapreduce.Job:  map 96% reduce 26%
20/06/16 18:54:39 INFO mapreduce.Job:  map 99% reduce 26%
20/06/16 18:54:40 INFO mapreduce.Job:  map 99% reduce 27%
20/06/16 18:54:45 INFO mapreduce.Job:  map 100% reduce 27%
20/06/16 18:54:46 INFO mapreduce.Job:  map 100% reduce 28%
20/06/16 18:54:49 INFO mapreduce.Job:  map 100% reduce 29%
20/06/16 18:54:52 INFO mapreduce.Job:  map 100% reduce 30%
20/06/16 18:54:55 INFO mapreduce.Job:  map 100% reduce 42%
20/06/16 18:54:56 INFO mapreduce.Job:  map 100% reduce 46%
20/06/16 18:54:58 INFO mapreduce.Job:  map 100% reduce 47%
20/06/16 18:54:59 INFO mapreduce.Job:  map 100% reduce 53%
20/06/16 18:55:01 INFO mapreduce.Job:  map 100% reduce 54%
20/06/16 18:55:07 INFO mapreduce.Job:  map 100% reduce 55%
20/06/16 18:55:10 INFO mapreduce.Job:  map 100% reduce 56%
20/06/16 18:55:14 INFO mapreduce.Job:  map 100% reduce 57%
20/06/16 18:55:16 INFO mapreduce.Job:  map 100% reduce 58%
20/06/16 18:55:17 INFO mapreduce.Job:  map 100% reduce 59%
20/06/16 18:55:19 INFO mapreduce.Job:  map 100% reduce 60%
20/06/16 18:55:20 INFO mapreduce.Job:  map 100% reduce 61%
20/06/16 18:55:22 INFO mapreduce.Job:  map 100% reduce 62%
20/06/16 18:55:25 INFO mapreduce.Job:  map 100% reduce 64%
20/06/16 18:55:26 INFO mapreduce.Job:  map 100% reduce 65%
20/06/16 18:55:29 INFO mapreduce.Job:  map 100% reduce 66%
20/06/16 18:55:31 INFO mapreduce.Job:  map 100% reduce 67%
20/06/16 18:55:32 INFO mapreduce.Job:  map 100% reduce 68%
20/06/16 18:55:34 INFO mapreduce.Job:  map 100% reduce 69%
20/06/16 18:55:37 INFO mapreduce.Job:  map 100% reduce 70%
20/06/16 18:55:40 INFO mapreduce.Job:  map 100% reduce 71%
20/06/16 18:55:41 INFO mapreduce.Job:  map 100% reduce 72%
20/06/16 18:55:44 INFO mapreduce.Job:  map 100% reduce 73%
20/06/16 18:55:47 INFO mapreduce.Job:  map 100% reduce 74%
20/06/16 18:55:48 INFO mapreduce.Job:  map 100% reduce 75%
20/06/16 18:55:51 INFO mapreduce.Job:  map 100% reduce 76%
20/06/16 18:55:54 INFO mapreduce.Job:  map 100% reduce 78%
20/06/16 18:55:57 INFO mapreduce.Job:  map 100% reduce 89%
20/06/16 18:56:00 INFO mapreduce.Job:  map 100% reduce 91%
20/06/16 18:56:03 INFO mapreduce.Job:  map 100% reduce 93%
20/06/16 18:56:06 INFO mapreduce.Job:  map 100% reduce 94%
20/06/16 18:56:09 INFO mapreduce.Job:  map 100% reduce 97%
20/06/16 18:56:12 INFO mapreduce.Job:  map 100% reduce 98%
20/06/16 18:56:14 INFO mapreduce.Job:  map 100% reduce 100%
20/06/16 18:56:15 INFO mapreduce.Job: Job job_1592300726935_0002 completed successfully
20/06/16 18:56:15 INFO mapreduce.Job: Counters: 52
	File System Counters
		FILE: Number of bytes read=31974520677
		FILE: Number of bytes written=42735048567
		FILE: Number of read operations=0
		FILE: Number of large read operations=0
		FILE: Number of write operations=0
		HDFS: Number of bytes read=10774009875
		HDFS: Number of bytes written=10772846837
		HDFS: Number of read operations=329
		HDFS: Number of large read operations=0
		HDFS: Number of write operations=6
	Job Counters 
		Killed map tasks=1
		Killed reduce tasks=1
		Launched map tasks=80
		Launched reduce tasks=4
		Data-local map tasks=78
		Rack-local map tasks=2
		Total time spent by all maps in occupied slots (ms)=1102822
		Total time spent by all reduces in occupied slots (ms)=647816
		Total time spent by all map tasks (ms)=1102822
		Total time spent by all reduce tasks (ms)=647816
		Total vcore-milliseconds taken by all map tasks=3308466
		Total vcore-milliseconds taken by all reduce tasks=647816
		Total megabyte-milliseconds taken by all map tasks=1129289728
		Total megabyte-milliseconds taken by all reduce tasks=663363584
	Map-Reduce Framework
		Map input records=1022600
		Map output records=1022600
		Map output bytes=10745642829
		Map output materialized bytes=10751392560
		Input split bytes=8240
		Combine input records=0
		Combine output records=0
		Reduce input groups=1022600
		Reduce shuffle bytes=10751392560
		Reduce input records=1022600
		Reduce output records=1022600
		Spilled Records=4063920
		Shuffled Maps =240
		Failed Shuffles=0
		Merged Map outputs=240
		GC time elapsed (ms)=11257
		CPU time spent (ms)=229240
		Physical memory (bytes) snapshot=21959798784
		Virtual memory (bytes) snapshot=175102119936
		Total committed heap usage (bytes)=16616259584
	Shuffle Errors
		BAD_ID=0
		CONNECTION=0
		IO_ERROR=0
		WRONG_LENGTH=0
		WRONG_MAP=0
		WRONG_REDUCE=0
	File Input Format Counters 
		Bytes Read=10774001635
	File Output Format Counters 
		Bytes Written=10772846837
