20/06/10 12:11:14 INFO client.RMProxy: Connecting to ResourceManager at master/10.51.17.95:8032
20/06/10 12:11:15 INFO client.RMProxy: Connecting to ResourceManager at master/10.51.17.95:8032
20/06/10 12:11:15 INFO input.FileInputFormat: Total input paths to process : 10
20/06/10 12:11:15 INFO mapreduce.JobSubmitter: number of splits:80
20/06/10 12:11:16 INFO mapreduce.JobSubmitter: Submitting tokens for job: job_1591758602803_0002
20/06/10 12:11:16 INFO impl.YarnClientImpl: Submitted application application_1591758602803_0002
20/06/10 12:11:16 INFO mapreduce.Job: The url to track the job: http://master:8088/proxy/application_1591758602803_0002/
20/06/10 12:11:16 INFO mapreduce.Job: Running job: job_1591758602803_0002
20/06/10 12:11:23 INFO mapreduce.Job: Job job_1591758602803_0002 running in uber mode : false
20/06/10 12:11:23 INFO mapreduce.Job:  map 0% reduce 0%
20/06/10 12:11:35 INFO mapreduce.Job:  map 3% reduce 0%
20/06/10 12:11:36 INFO mapreduce.Job:  map 5% reduce 0%
20/06/10 12:11:37 INFO mapreduce.Job:  map 7% reduce 0%
20/06/10 12:11:38 INFO mapreduce.Job:  map 13% reduce 0%
20/06/10 12:11:39 INFO mapreduce.Job:  map 15% reduce 0%
20/06/10 12:11:42 INFO mapreduce.Job:  map 16% reduce 0%
20/06/10 12:11:45 INFO mapreduce.Job:  map 17% reduce 0%
20/06/10 12:11:47 INFO mapreduce.Job:  map 19% reduce 0%
20/06/10 12:11:49 INFO mapreduce.Job:  map 20% reduce 0%
20/06/10 12:11:50 INFO mapreduce.Job:  map 23% reduce 0%
20/06/10 12:11:52 INFO mapreduce.Job:  map 24% reduce 0%
20/06/10 12:11:53 INFO mapreduce.Job:  map 25% reduce 0%
20/06/10 12:11:55 INFO mapreduce.Job:  map 27% reduce 0%
20/06/10 12:11:56 INFO mapreduce.Job:  map 28% reduce 0%
20/06/10 12:11:59 INFO mapreduce.Job:  map 29% reduce 1%
20/06/10 12:12:01 INFO mapreduce.Job:  map 30% reduce 3%
20/06/10 12:12:03 INFO mapreduce.Job:  map 31% reduce 3%
20/06/10 12:12:05 INFO mapreduce.Job:  map 31% reduce 4%
20/06/10 12:12:06 INFO mapreduce.Job:  map 32% reduce 4%
20/06/10 12:12:08 INFO mapreduce.Job:  map 34% reduce 6%
20/06/10 12:12:11 INFO mapreduce.Job:  map 36% reduce 6%
20/06/10 12:12:14 INFO mapreduce.Job:  map 38% reduce 7%
20/06/10 12:12:15 INFO mapreduce.Job:  map 39% reduce 7%
20/06/10 12:12:17 INFO mapreduce.Job:  map 39% reduce 8%
20/06/10 12:12:18 INFO mapreduce.Job:  map 40% reduce 8%
20/06/10 12:12:22 INFO mapreduce.Job:  map 40% reduce 9%
20/06/10 12:12:27 INFO mapreduce.Job:  map 42% reduce 9%
20/06/10 12:12:29 INFO mapreduce.Job:  map 43% reduce 9%
20/06/10 12:12:30 INFO mapreduce.Job:  map 44% reduce 9%
20/06/10 12:12:31 INFO mapreduce.Job:  map 45% reduce 9%
20/06/10 12:12:32 INFO mapreduce.Job:  map 46% reduce 9%
20/06/10 12:12:33 INFO mapreduce.Job:  map 46% reduce 10%
20/06/10 12:12:34 INFO mapreduce.Job:  map 46% reduce 11%
20/06/10 12:12:38 INFO mapreduce.Job:  map 47% reduce 11%
20/06/10 12:12:40 INFO mapreduce.Job:  map 48% reduce 11%
20/06/10 12:12:43 INFO mapreduce.Job:  map 49% reduce 11%
20/06/10 12:12:44 INFO mapreduce.Job:  map 50% reduce 11%
20/06/10 12:12:46 INFO mapreduce.Job:  map 53% reduce 11%
20/06/10 12:12:48 INFO mapreduce.Job:  map 54% reduce 12%
20/06/10 12:12:49 INFO mapreduce.Job:  map 54% reduce 13%
20/06/10 12:12:51 INFO mapreduce.Job:  map 55% reduce 13%
20/06/10 12:12:55 INFO mapreduce.Job:  map 56% reduce 13%
20/06/10 12:12:57 INFO mapreduce.Job:  map 57% reduce 13%
20/06/10 12:12:58 INFO mapreduce.Job:  map 59% reduce 13%
20/06/10 12:12:59 INFO mapreduce.Job:  map 60% reduce 13%
20/06/10 12:13:00 INFO mapreduce.Job:  map 61% reduce 14%
20/06/10 12:13:01 INFO mapreduce.Job:  map 62% reduce 14%
20/06/10 12:13:04 INFO mapreduce.Job:  map 63% reduce 15%
20/06/10 12:13:08 INFO mapreduce.Job:  map 64% reduce 15%
20/06/10 12:13:11 INFO mapreduce.Job:  map 64% reduce 16%
20/06/10 12:13:12 INFO mapreduce.Job:  map 66% reduce 16%
20/06/10 12:13:14 INFO mapreduce.Job:  map 67% reduce 16%
20/06/10 12:13:17 INFO mapreduce.Job:  map 69% reduce 16%
20/06/10 12:13:18 INFO mapreduce.Job:  map 69% reduce 17%
20/06/10 12:13:25 INFO mapreduce.Job:  map 70% reduce 17%
20/06/10 12:13:26 INFO mapreduce.Job:  map 70% reduce 18%
20/06/10 12:13:27 INFO mapreduce.Job:  map 71% reduce 18%
20/06/10 12:13:30 INFO mapreduce.Job:  map 72% reduce 18%
20/06/10 12:13:31 INFO mapreduce.Job:  map 73% reduce 18%
20/06/10 12:13:33 INFO mapreduce.Job:  map 74% reduce 19%
20/06/10 12:13:35 INFO mapreduce.Job:  map 75% reduce 19%
20/06/10 12:13:36 INFO mapreduce.Job:  map 75% reduce 20%
20/06/10 12:13:41 INFO mapreduce.Job:  map 76% reduce 20%
20/06/10 12:13:42 INFO mapreduce.Job:  map 76% reduce 21%
20/06/10 12:13:47 INFO mapreduce.Job:  map 77% reduce 21%
20/06/10 12:13:49 INFO mapreduce.Job:  map 78% reduce 21%
20/06/10 12:13:50 INFO mapreduce.Job:  map 80% reduce 21%
20/06/10 12:13:51 INFO mapreduce.Job:  map 81% reduce 22%
20/06/10 12:13:54 INFO mapreduce.Job:  map 81% reduce 23%
20/06/10 12:13:58 INFO mapreduce.Job:  map 82% reduce 23%
20/06/10 12:13:59 INFO mapreduce.Job:  map 82% reduce 24%
20/06/10 12:14:01 INFO mapreduce.Job:  map 83% reduce 24%
20/06/10 12:14:04 INFO mapreduce.Job:  map 85% reduce 24%
20/06/10 12:14:07 INFO mapreduce.Job:  map 86% reduce 24%
20/06/10 12:14:08 INFO mapreduce.Job:  map 87% reduce 24%
20/06/10 12:14:09 INFO mapreduce.Job:  map 87% reduce 25%
20/06/10 12:14:12 INFO mapreduce.Job:  map 88% reduce 26%
20/06/10 12:14:13 INFO mapreduce.Job:  map 88% reduce 27%
20/06/10 12:14:19 INFO mapreduce.Job:  map 89% reduce 27%
20/06/10 12:14:21 INFO mapreduce.Job:  map 90% reduce 27%
20/06/10 12:14:22 INFO mapreduce.Job:  map 91% reduce 27%
20/06/10 12:14:25 INFO mapreduce.Job:  map 92% reduce 28%
20/06/10 12:14:28 INFO mapreduce.Job:  map 93% reduce 28%
20/06/10 12:14:30 INFO mapreduce.Job:  map 93% reduce 29%
20/06/10 12:14:31 INFO mapreduce.Job:  map 93% reduce 30%
20/06/10 12:14:36 INFO mapreduce.Job:  map 93% reduce 31%
20/06/10 12:14:40 INFO mapreduce.Job:  map 94% reduce 31%
20/06/10 12:14:52 INFO mapreduce.Job:  map 99% reduce 31%
20/06/10 12:14:53 INFO mapreduce.Job:  map 100% reduce 31%
20/06/10 12:14:54 INFO mapreduce.Job:  map 100% reduce 32%
20/06/10 12:14:55 INFO mapreduce.Job:  map 100% reduce 43%
20/06/10 12:14:57 INFO mapreduce.Job:  map 100% reduce 50%
20/06/10 12:14:58 INFO mapreduce.Job:  map 100% reduce 62%
20/06/10 12:15:00 INFO mapreduce.Job:  map 100% reduce 67%
20/06/10 12:15:01 INFO mapreduce.Job:  map 100% reduce 68%
20/06/10 12:15:04 INFO mapreduce.Job:  map 100% reduce 70%
20/06/10 12:15:07 INFO mapreduce.Job:  map 100% reduce 71%
20/06/10 12:15:10 INFO mapreduce.Job:  map 100% reduce 72%
20/06/10 12:15:12 INFO mapreduce.Job:  map 100% reduce 73%
20/06/10 12:15:13 INFO mapreduce.Job:  map 100% reduce 74%
20/06/10 12:15:16 INFO mapreduce.Job:  map 100% reduce 75%
20/06/10 12:15:19 INFO mapreduce.Job:  map 100% reduce 76%
20/06/10 12:15:21 INFO mapreduce.Job:  map 100% reduce 77%
20/06/10 12:15:22 INFO mapreduce.Job:  map 100% reduce 78%
20/06/10 12:15:25 INFO mapreduce.Job:  map 100% reduce 79%
20/06/10 12:15:28 INFO mapreduce.Job:  map 100% reduce 81%
20/06/10 12:15:31 INFO mapreduce.Job:  map 100% reduce 82%
20/06/10 12:15:33 INFO mapreduce.Job:  map 100% reduce 83%
20/06/10 12:15:34 INFO mapreduce.Job:  map 100% reduce 84%
20/06/10 12:15:39 INFO mapreduce.Job:  map 100% reduce 85%
20/06/10 12:15:40 INFO mapreduce.Job:  map 100% reduce 87%
20/06/10 12:15:43 INFO mapreduce.Job:  map 100% reduce 88%
20/06/10 12:15:46 INFO mapreduce.Job:  map 100% reduce 89%
20/06/10 12:15:48 INFO mapreduce.Job:  map 100% reduce 90%
20/06/10 12:15:51 INFO mapreduce.Job:  map 100% reduce 91%
20/06/10 12:15:52 INFO mapreduce.Job:  map 100% reduce 92%
20/06/10 12:15:54 INFO mapreduce.Job:  map 100% reduce 93%
20/06/10 12:15:55 INFO mapreduce.Job:  map 100% reduce 94%
20/06/10 12:15:58 INFO mapreduce.Job:  map 100% reduce 95%
20/06/10 12:16:00 INFO mapreduce.Job:  map 100% reduce 96%
20/06/10 12:16:01 INFO mapreduce.Job:  map 100% reduce 97%
20/06/10 12:16:04 INFO mapreduce.Job:  map 100% reduce 98%
20/06/10 12:16:06 INFO mapreduce.Job:  map 100% reduce 99%
20/06/10 12:16:07 INFO mapreduce.Job:  map 100% reduce 100%
20/06/10 12:16:08 INFO mapreduce.Job: Job job_1591758602803_0002 completed successfully
20/06/10 12:16:08 INFO mapreduce.Job: Counters: 51
	File System Counters
		FILE: Number of bytes read=31974464749
		FILE: Number of bytes written=42735012916
		FILE: Number of read operations=0
		FILE: Number of large read operations=0
		FILE: Number of write operations=0
		HDFS: Number of bytes read=10774016358
		HDFS: Number of bytes written=10772842438
		HDFS: Number of read operations=329
		HDFS: Number of large read operations=0
		HDFS: Number of write operations=6
	Job Counters 
		Killed map tasks=3
		Launched map tasks=83
		Launched reduce tasks=3
		Data-local map tasks=66
		Rack-local map tasks=17
		Total time spent by all maps in occupied slots (ms)=2085551
		Total time spent by all reduces in occupied slots (ms)=755875
		Total time spent by all map tasks (ms)=2085551
		Total time spent by all reduce tasks (ms)=755875
		Total vcore-milliseconds taken by all map tasks=6256653
		Total vcore-milliseconds taken by all reduce tasks=755875
		Total megabyte-milliseconds taken by all map tasks=2135604224
		Total megabyte-milliseconds taken by all reduce tasks=774016000
	Map-Reduce Framework
		Map input records=1022028
		Map output records=1022028
		Map output bytes=10745655866
		Map output materialized bytes=10751402476
		Input split bytes=9040
		Combine input records=0
		Combine output records=0
		Reduce input groups=1022028
		Reduce shuffle bytes=10751402476
		Reduce input records=1022028
		Reduce output records=1022028
		Spilled Records=4061505
		Shuffled Maps =240
		Failed Shuffles=0
		Merged Map outputs=240
		GC time elapsed (ms)=12267
		CPU time spent (ms)=232820
		Physical memory (bytes) snapshot=22005071872
		Virtual memory (bytes) snapshot=175115034624
		Total committed heap usage (bytes)=16572743680
	Shuffle Errors
		BAD_ID=0
		CONNECTION=0
		IO_ERROR=0
		WRONG_LENGTH=0
		WRONG_MAP=0
		WRONG_REDUCE=0
	File Input Format Counters 
		Bytes Read=10774007318
	File Output Format Counters 
		Bytes Written=10772842438
