20/06/08 07:55:00 INFO client.RMProxy: Connecting to ResourceManager at master/10.51.17.95:8032
20/06/08 07:55:01 INFO input.FileInputFormat: Total input paths to process : 10
20/06/08 07:55:01 INFO mapreduce.JobSubmitter: number of splits:90
20/06/08 07:55:01 INFO mapreduce.JobSubmitter: Submitting tokens for job: job_1591568727503_0012
20/06/08 07:55:01 INFO impl.YarnClientImpl: Submitted application application_1591568727503_0012
20/06/08 07:55:01 INFO mapreduce.Job: The url to track the job: http://master:8088/proxy/application_1591568727503_0012/
20/06/08 07:55:01 INFO mapreduce.Job: Running job: job_1591568727503_0012
20/06/08 07:55:10 INFO mapreduce.Job: Job job_1591568727503_0012 running in uber mode : false
20/06/08 07:55:10 INFO mapreduce.Job:  map 0% reduce 0%
20/06/08 07:55:23 INFO mapreduce.Job:  map 1% reduce 0%
20/06/08 07:55:25 INFO mapreduce.Job:  map 2% reduce 0%
20/06/08 07:55:27 INFO mapreduce.Job:  map 3% reduce 0%
20/06/08 07:55:35 INFO mapreduce.Job:  map 4% reduce 0%
20/06/08 07:55:40 INFO mapreduce.Job:  map 5% reduce 0%
20/06/08 07:55:44 INFO mapreduce.Job:  map 6% reduce 0%
20/06/08 07:55:51 INFO mapreduce.Job:  map 7% reduce 0%
20/06/08 07:55:54 INFO mapreduce.Job:  map 8% reduce 0%
20/06/08 07:56:00 INFO mapreduce.Job:  map 9% reduce 0%
20/06/08 07:56:03 INFO mapreduce.Job:  map 10% reduce 0%
20/06/08 07:56:05 INFO mapreduce.Job:  map 11% reduce 0%
20/06/08 07:56:07 INFO mapreduce.Job:  map 12% reduce 0%
20/06/08 07:56:15 INFO mapreduce.Job:  map 13% reduce 0%
20/06/08 07:56:19 INFO mapreduce.Job:  map 14% reduce 0%
20/06/08 07:56:20 INFO mapreduce.Job:  map 15% reduce 0%
20/06/08 07:56:22 INFO mapreduce.Job:  map 16% reduce 0%
20/06/08 07:56:27 INFO mapreduce.Job:  map 17% reduce 0%
20/06/08 07:56:29 INFO mapreduce.Job:  map 18% reduce 0%
20/06/08 07:56:35 INFO mapreduce.Job:  map 18% reduce 5%
20/06/08 07:56:36 INFO mapreduce.Job:  map 19% reduce 5%
20/06/08 07:56:39 INFO mapreduce.Job:  map 20% reduce 5%
20/06/08 07:56:45 INFO mapreduce.Job:  map 21% reduce 5%
20/06/08 07:56:49 INFO mapreduce.Job:  map 22% reduce 5%
20/06/08 07:56:54 INFO mapreduce.Job:  map 23% reduce 5%
20/06/08 07:56:56 INFO mapreduce.Job:  map 24% reduce 6%
20/06/08 07:56:58 INFO mapreduce.Job:  map 25% reduce 6%
20/06/08 07:56:59 INFO mapreduce.Job:  map 25% reduce 7%
20/06/08 07:57:02 INFO mapreduce.Job:  map 26% reduce 7%
20/06/08 07:57:09 INFO mapreduce.Job:  map 27% reduce 7%
20/06/08 07:57:12 INFO mapreduce.Job:  map 28% reduce 7%
20/06/08 07:57:18 INFO mapreduce.Job:  map 29% reduce 7%
20/06/08 07:57:22 INFO mapreduce.Job:  map 30% reduce 7%
20/06/08 07:57:24 INFO mapreduce.Job:  map 30% reduce 8%
20/06/08 07:57:25 INFO mapreduce.Job:  map 31% reduce 8%
20/06/08 07:57:27 INFO mapreduce.Job:  map 32% reduce 9%
20/06/08 07:57:31 INFO mapreduce.Job:  map 33% reduce 9%
20/06/08 07:57:33 INFO mapreduce.Job:  map 33% reduce 10%
20/06/08 07:57:35 INFO mapreduce.Job:  map 34% reduce 10%
20/06/08 07:57:39 INFO mapreduce.Job:  map 35% reduce 10%
20/06/08 07:57:47 INFO mapreduce.Job:  map 36% reduce 10%
20/06/08 07:57:50 INFO mapreduce.Job:  map 37% reduce 10%
20/06/08 07:57:51 INFO mapreduce.Job:  map 38% reduce 11%
20/06/08 07:57:54 INFO mapreduce.Job:  map 39% reduce 12%
20/06/08 07:58:00 INFO mapreduce.Job:  map 40% reduce 12%
20/06/08 07:58:04 INFO mapreduce.Job:  map 41% reduce 12%
20/06/08 07:58:08 INFO mapreduce.Job:  map 42% reduce 12%
20/06/08 07:58:14 INFO mapreduce.Job:  map 43% reduce 12%
20/06/08 07:58:17 INFO mapreduce.Job:  map 44% reduce 12%
20/06/08 07:58:24 INFO mapreduce.Job:  map 45% reduce 12%
20/06/08 07:58:25 INFO mapreduce.Job:  map 45% reduce 13%
20/06/08 07:58:26 INFO mapreduce.Job:  map 46% reduce 13%
20/06/08 07:58:31 INFO mapreduce.Job:  map 47% reduce 13%
20/06/08 07:58:32 INFO mapreduce.Job:  map 48% reduce 13%
20/06/08 07:58:34 INFO mapreduce.Job:  map 48% reduce 15%
20/06/08 07:58:36 INFO mapreduce.Job:  map 49% reduce 15%
20/06/08 07:58:40 INFO mapreduce.Job:  map 50% reduce 15%
20/06/08 07:58:43 INFO mapreduce.Job:  map 50% reduce 16%
20/06/08 07:58:44 INFO mapreduce.Job:  map 51% reduce 16%
20/06/08 07:58:47 INFO mapreduce.Job:  map 53% reduce 16%
20/06/08 07:58:49 INFO mapreduce.Job:  map 53% reduce 17%
20/06/08 07:58:55 INFO mapreduce.Job:  map 54% reduce 17%
20/06/08 07:59:01 INFO mapreduce.Job:  map 55% reduce 17%
20/06/08 07:59:06 INFO mapreduce.Job:  map 56% reduce 17%
20/06/08 07:59:10 INFO mapreduce.Job:  map 57% reduce 17%
20/06/08 07:59:15 INFO mapreduce.Job:  map 58% reduce 17%
20/06/08 07:59:19 INFO mapreduce.Job:  map 59% reduce 17%
20/06/08 07:59:24 INFO mapreduce.Job:  map 60% reduce 17%
20/06/08 07:59:27 INFO mapreduce.Job:  map 61% reduce 17%
20/06/08 07:59:28 INFO mapreduce.Job:  map 61% reduce 18%
20/06/08 07:59:30 INFO mapreduce.Job:  map 62% reduce 18%
20/06/08 07:59:31 INFO mapreduce.Job:  map 62% reduce 19%
20/06/08 07:59:35 INFO mapreduce.Job:  map 63% reduce 19%
20/06/08 07:59:37 INFO mapreduce.Job:  map 64% reduce 19%
20/06/08 07:59:40 INFO mapreduce.Job:  map 65% reduce 19%
20/06/08 07:59:42 INFO mapreduce.Job:  map 66% reduce 21%
20/06/08 07:59:49 INFO mapreduce.Job:  map 67% reduce 21%
20/06/08 07:59:51 INFO mapreduce.Job:  map 67% reduce 22%
20/06/08 07:59:52 INFO mapreduce.Job:  map 68% reduce 22%
20/06/08 07:59:55 INFO mapreduce.Job:  map 69% reduce 22%
20/06/08 08:00:01 INFO mapreduce.Job:  map 70% reduce 22%
20/06/08 08:00:05 INFO mapreduce.Job:  map 71% reduce 22%
20/06/08 08:00:10 INFO mapreduce.Job:  map 72% reduce 22%
20/06/08 08:00:16 INFO mapreduce.Job:  map 73% reduce 22%
20/06/08 08:00:20 INFO mapreduce.Job:  map 74% reduce 22%
20/06/08 08:00:26 INFO mapreduce.Job:  map 75% reduce 22%
20/06/08 08:00:28 INFO mapreduce.Job:  map 76% reduce 22%
20/06/08 08:00:30 INFO mapreduce.Job:  map 77% reduce 23%
20/06/08 08:00:32 INFO mapreduce.Job:  map 78% reduce 23%
20/06/08 08:00:33 INFO mapreduce.Job:  map 78% reduce 24%
20/06/08 08:00:36 INFO mapreduce.Job:  map 78% reduce 25%
20/06/08 08:00:37 INFO mapreduce.Job:  map 79% reduce 25%
20/06/08 08:00:42 INFO mapreduce.Job:  map 80% reduce 25%
20/06/08 08:00:43 INFO mapreduce.Job:  map 81% reduce 25%
20/06/08 08:00:45 INFO mapreduce.Job:  map 81% reduce 26%
20/06/08 08:00:46 INFO mapreduce.Job:  map 82% reduce 26%
20/06/08 08:00:48 INFO mapreduce.Job:  map 82% reduce 27%
20/06/08 08:00:49 INFO mapreduce.Job:  map 83% reduce 27%
20/06/08 08:00:54 INFO mapreduce.Job:  map 84% reduce 27%
20/06/08 08:00:55 INFO mapreduce.Job:  map 85% reduce 27%
20/06/08 08:00:56 INFO mapreduce.Job:  map 86% reduce 27%
20/06/08 08:00:59 INFO mapreduce.Job:  map 87% reduce 27%
20/06/08 08:01:02 INFO mapreduce.Job:  map 88% reduce 27%
20/06/08 08:01:05 INFO mapreduce.Job:  map 89% reduce 27%
20/06/08 08:01:07 INFO mapreduce.Job:  map 90% reduce 28%
20/06/08 08:01:09 INFO mapreduce.Job:  map 91% reduce 28%
20/06/08 08:01:10 INFO mapreduce.Job:  map 91% reduce 29%
20/06/08 08:01:14 INFO mapreduce.Job:  map 93% reduce 29%
20/06/08 08:01:18 INFO mapreduce.Job:  map 94% reduce 29%
20/06/08 08:01:19 INFO mapreduce.Job:  map 95% reduce 29%
20/06/08 08:01:20 INFO mapreduce.Job:  map 96% reduce 29%
20/06/08 08:01:22 INFO mapreduce.Job:  map 96% reduce 30%
20/06/08 08:01:23 INFO mapreduce.Job:  map 97% reduce 30%
20/06/08 08:01:25 INFO mapreduce.Job:  map 97% reduce 31%
20/06/08 08:01:26 INFO mapreduce.Job:  map 98% reduce 31%
20/06/08 08:01:28 INFO mapreduce.Job:  map 99% reduce 32%
20/06/08 08:01:29 INFO mapreduce.Job:  map 100% reduce 32%
20/06/08 08:01:31 INFO mapreduce.Job:  map 100% reduce 33%
20/06/08 08:01:34 INFO mapreduce.Job:  map 100% reduce 68%
20/06/08 08:01:37 INFO mapreduce.Job:  map 100% reduce 74%
20/06/08 08:01:40 INFO mapreduce.Job:  map 100% reduce 80%
20/06/08 08:01:43 INFO mapreduce.Job:  map 100% reduce 86%
20/06/08 08:01:46 INFO mapreduce.Job:  map 100% reduce 95%
20/06/08 08:01:47 INFO mapreduce.Job:  map 100% reduce 100%
20/06/08 08:01:48 INFO mapreduce.Job: Job job_1591568727503_0012 completed successfully
20/06/08 08:01:48 INFO mapreduce.Job: Counters: 51
	File System Counters
		FILE: Number of bytes read=1425729748
		FILE: Number of bytes written=2125858190
		FILE: Number of read operations=0
		FILE: Number of large read operations=0
		FILE: Number of write operations=0
		HDFS: Number of bytes read=11024705254
		HDFS: Number of bytes written=323165712
		HDFS: Number of read operations=273
		HDFS: Number of large read operations=0
		HDFS: Number of write operations=2
	Job Counters 
		Killed map tasks=1
		Launched map tasks=91
		Launched reduce tasks=1
		Data-local map tasks=89
		Rack-local map tasks=2
		Total time spent by all maps in occupied slots (ms)=4861363
		Total time spent by all reduces in occupied slots (ms)=325914
		Total time spent by all map tasks (ms)=4861363
		Total time spent by all reduce tasks (ms)=325914
		Total vcore-milliseconds taken by all map tasks=14584089
		Total vcore-milliseconds taken by all reduce tasks=325914
		Total megabyte-milliseconds taken by all map tasks=4978035712
		Total megabyte-milliseconds taken by all reduce tasks=333735936
	Map-Reduce Framework
		Map input records=1179653
		Map output records=1010223619
		Map output bytes=15229120575
		Map output materialized bytes=688948798
		Input split bytes=10530
		Combine input records=1034993448
		Combine output records=47413917
		Reduce input groups=9907181
		Reduce shuffle bytes=688948798
		Reduce input records=22644088
		Reduce output records=9907181
		Spilled Records=70058005
		Shuffled Maps =90
		Failed Shuffles=0
		Merged Map outputs=90
		GC time elapsed (ms)=99348
		CPU time spent (ms)=1952130
		Physical memory (bytes) snapshot=25081528320
		Virtual memory (bytes) snapshot=191965560832
		Total committed heap usage (bytes)=18923126784
	Shuffle Errors
		BAD_ID=0
		CONNECTION=0
		IO_ERROR=0
		WRONG_LENGTH=0
		WRONG_MAP=0
		WRONG_REDUCE=0
	File Input Format Counters 
		Bytes Read=11024694724
	File Output Format Counters 
		Bytes Written=323165712
