20/06/08 07:33:01 INFO client.RMProxy: Connecting to ResourceManager at master/10.51.17.95:8032
20/06/08 07:33:02 INFO input.FileInputFormat: Total input paths to process : 10
20/06/08 07:33:02 INFO mapreduce.JobSubmitter: number of splits:90
20/06/08 07:33:02 INFO mapreduce.JobSubmitter: Submitting tokens for job: job_1591568727503_0005
20/06/08 07:33:03 INFO impl.YarnClientImpl: Submitted application application_1591568727503_0005
20/06/08 07:33:03 INFO mapreduce.Job: The url to track the job: http://master:8088/proxy/application_1591568727503_0005/
20/06/08 07:33:03 INFO mapreduce.Job: Running job: job_1591568727503_0005
20/06/08 07:33:10 INFO mapreduce.Job: Job job_1591568727503_0005 running in uber mode : false
20/06/08 07:33:10 INFO mapreduce.Job:  map 0% reduce 0%
20/06/08 07:33:24 INFO mapreduce.Job:  map 1% reduce 0%
20/06/08 07:33:26 INFO mapreduce.Job:  map 3% reduce 0%
20/06/08 07:33:35 INFO mapreduce.Job:  map 4% reduce 0%
20/06/08 07:33:41 INFO mapreduce.Job:  map 5% reduce 0%
20/06/08 07:33:43 INFO mapreduce.Job:  map 6% reduce 0%
20/06/08 07:33:52 INFO mapreduce.Job:  map 7% reduce 0%
20/06/08 07:33:54 INFO mapreduce.Job:  map 8% reduce 0%
20/06/08 07:34:01 INFO mapreduce.Job:  map 9% reduce 0%
20/06/08 07:34:04 INFO mapreduce.Job:  map 10% reduce 0%
20/06/08 07:34:05 INFO mapreduce.Job:  map 11% reduce 0%
20/06/08 07:34:06 INFO mapreduce.Job:  map 12% reduce 0%
20/06/08 07:34:15 INFO mapreduce.Job:  map 13% reduce 0%
20/06/08 07:34:18 INFO mapreduce.Job:  map 14% reduce 0%
20/06/08 07:34:22 INFO mapreduce.Job:  map 15% reduce 0%
20/06/08 07:34:23 INFO mapreduce.Job:  map 16% reduce 0%
20/06/08 07:34:24 INFO mapreduce.Job:  map 17% reduce 0%
20/06/08 07:34:31 INFO mapreduce.Job:  map 18% reduce 0%
20/06/08 07:34:36 INFO mapreduce.Job:  map 18% reduce 5%
20/06/08 07:34:37 INFO mapreduce.Job:  map 19% reduce 5%
20/06/08 07:34:39 INFO mapreduce.Job:  map 20% reduce 5%
20/06/08 07:34:44 INFO mapreduce.Job:  map 21% reduce 5%
20/06/08 07:34:49 INFO mapreduce.Job:  map 22% reduce 5%
20/06/08 07:34:54 INFO mapreduce.Job:  map 23% reduce 5%
20/06/08 07:34:56 INFO mapreduce.Job:  map 24% reduce 5%
20/06/08 07:34:57 INFO mapreduce.Job:  map 24% reduce 6%
20/06/08 07:35:01 INFO mapreduce.Job:  map 24% reduce 7%
20/06/08 07:35:02 INFO mapreduce.Job:  map 25% reduce 7%
20/06/08 07:35:04 INFO mapreduce.Job:  map 26% reduce 7%
20/06/08 07:35:09 INFO mapreduce.Job:  map 27% reduce 7%
20/06/08 07:35:13 INFO mapreduce.Job:  map 28% reduce 7%
20/06/08 07:35:18 INFO mapreduce.Job:  map 29% reduce 7%
20/06/08 07:35:24 INFO mapreduce.Job:  map 30% reduce 7%
20/06/08 07:35:25 INFO mapreduce.Job:  map 31% reduce 7%
20/06/08 07:35:27 INFO mapreduce.Job:  map 32% reduce 9%
20/06/08 07:35:29 INFO mapreduce.Job:  map 33% reduce 9%
20/06/08 07:35:30 INFO mapreduce.Job:  map 33% reduce 10%
20/06/08 07:35:37 INFO mapreduce.Job:  map 34% reduce 10%
20/06/08 07:35:41 INFO mapreduce.Job:  map 35% reduce 10%
20/06/08 07:35:45 INFO mapreduce.Job:  map 36% reduce 10%
20/06/08 07:35:49 INFO mapreduce.Job:  map 37% reduce 10%
20/06/08 07:35:51 INFO mapreduce.Job:  map 38% reduce 10%
20/06/08 07:35:52 INFO mapreduce.Job:  map 38% reduce 11%
20/06/08 07:35:54 INFO mapreduce.Job:  map 39% reduce 11%
20/06/08 07:35:55 INFO mapreduce.Job:  map 39% reduce 12%
20/06/08 07:36:01 INFO mapreduce.Job:  map 40% reduce 12%
20/06/08 07:36:04 INFO mapreduce.Job:  map 41% reduce 12%
20/06/08 07:36:10 INFO mapreduce.Job:  map 42% reduce 12%
20/06/08 07:36:13 INFO mapreduce.Job:  map 43% reduce 12%
20/06/08 07:36:19 INFO mapreduce.Job:  map 44% reduce 12%
20/06/08 07:36:25 INFO mapreduce.Job:  map 45% reduce 12%
20/06/08 07:36:27 INFO mapreduce.Job:  map 46% reduce 12%
20/06/08 07:36:29 INFO mapreduce.Job:  map 46% reduce 13%
20/06/08 07:36:30 INFO mapreduce.Job:  map 47% reduce 13%
20/06/08 07:36:32 INFO mapreduce.Job:  map 48% reduce 14%
20/06/08 07:36:35 INFO mapreduce.Job:  map 48% reduce 15%
20/06/08 07:36:37 INFO mapreduce.Job:  map 49% reduce 15%
20/06/08 07:36:42 INFO mapreduce.Job:  map 50% reduce 15%
20/06/08 07:36:44 INFO mapreduce.Job:  map 51% reduce 15%
20/06/08 07:36:45 INFO mapreduce.Job:  map 52% reduce 15%
20/06/08 07:36:47 INFO mapreduce.Job:  map 52% reduce 17%
20/06/08 07:36:48 INFO mapreduce.Job:  map 53% reduce 17%
20/06/08 07:36:56 INFO mapreduce.Job:  map 54% reduce 17%
20/06/08 07:36:59 INFO mapreduce.Job:  map 55% reduce 17%
20/06/08 07:37:06 INFO mapreduce.Job:  map 56% reduce 17%
20/06/08 07:37:10 INFO mapreduce.Job:  map 57% reduce 17%
20/06/08 07:37:15 INFO mapreduce.Job:  map 58% reduce 17%
20/06/08 07:37:19 INFO mapreduce.Job:  map 59% reduce 17%
20/06/08 07:37:24 INFO mapreduce.Job:  map 60% reduce 17%
20/06/08 07:37:28 INFO mapreduce.Job:  map 61% reduce 17%
20/06/08 07:37:31 INFO mapreduce.Job:  map 62% reduce 17%
20/06/08 07:37:32 INFO mapreduce.Job:  map 63% reduce 19%
20/06/08 07:37:35 INFO mapreduce.Job:  map 63% reduce 20%
20/06/08 07:37:36 INFO mapreduce.Job:  map 64% reduce 20%
20/06/08 07:37:39 INFO mapreduce.Job:  map 65% reduce 21%
20/06/08 07:37:43 INFO mapreduce.Job:  map 66% reduce 21%
20/06/08 07:37:45 INFO mapreduce.Job:  map 66% reduce 22%
20/06/08 07:37:46 INFO mapreduce.Job:  map 67% reduce 22%
20/06/08 07:37:51 INFO mapreduce.Job:  map 68% reduce 22%
20/06/08 07:37:57 INFO mapreduce.Job:  map 69% reduce 22%
20/06/08 07:38:00 INFO mapreduce.Job:  map 70% reduce 22%
20/06/08 07:38:07 INFO mapreduce.Job:  map 71% reduce 22%
20/06/08 07:38:11 INFO mapreduce.Job:  map 72% reduce 22%
20/06/08 07:38:19 INFO mapreduce.Job:  map 73% reduce 22%
20/06/08 07:38:21 INFO mapreduce.Job:  map 74% reduce 22%
20/06/08 07:38:28 INFO mapreduce.Job:  map 75% reduce 22%
20/06/08 07:38:30 INFO mapreduce.Job:  map 76% reduce 22%
20/06/08 07:38:32 INFO mapreduce.Job:  map 77% reduce 22%
20/06/08 07:38:34 INFO mapreduce.Job:  map 78% reduce 24%
20/06/08 07:38:36 INFO mapreduce.Job:  map 79% reduce 24%
20/06/08 07:38:37 INFO mapreduce.Job:  map 80% reduce 26%
20/06/08 07:38:44 INFO mapreduce.Job:  map 81% reduce 26%
20/06/08 07:38:47 INFO mapreduce.Job:  map 82% reduce 26%
20/06/08 07:38:48 INFO mapreduce.Job:  map 83% reduce 26%
20/06/08 07:38:51 INFO mapreduce.Job:  map 84% reduce 26%
20/06/08 07:38:52 INFO mapreduce.Job:  map 85% reduce 27%
20/06/08 07:38:54 INFO mapreduce.Job:  map 86% reduce 27%
20/06/08 07:39:00 INFO mapreduce.Job:  map 87% reduce 27%
20/06/08 07:39:02 INFO mapreduce.Job:  map 88% reduce 28%
20/06/08 07:39:04 INFO mapreduce.Job:  map 89% reduce 28%
20/06/08 07:39:07 INFO mapreduce.Job:  map 90% reduce 28%
20/06/08 07:39:10 INFO mapreduce.Job:  map 91% reduce 28%
20/06/08 07:39:11 INFO mapreduce.Job:  map 91% reduce 29%
20/06/08 07:39:12 INFO mapreduce.Job:  map 92% reduce 29%
20/06/08 07:39:13 INFO mapreduce.Job:  map 93% reduce 29%
20/06/08 07:39:14 INFO mapreduce.Job:  map 94% reduce 29%
20/06/08 07:39:19 INFO mapreduce.Job:  map 95% reduce 29%
20/06/08 07:39:21 INFO mapreduce.Job:  map 96% reduce 29%
20/06/08 07:39:22 INFO mapreduce.Job:  map 97% reduce 29%
20/06/08 07:39:23 INFO mapreduce.Job:  map 98% reduce 31%
20/06/08 07:39:26 INFO mapreduce.Job:  map 98% reduce 32%
20/06/08 07:39:29 INFO mapreduce.Job:  map 100% reduce 32%
20/06/08 07:39:32 INFO mapreduce.Job:  map 100% reduce 67%
20/06/08 07:39:35 INFO mapreduce.Job:  map 100% reduce 72%
20/06/08 07:39:38 INFO mapreduce.Job:  map 100% reduce 78%
20/06/08 07:39:41 INFO mapreduce.Job:  map 100% reduce 84%
20/06/08 07:39:44 INFO mapreduce.Job:  map 100% reduce 91%
20/06/08 07:39:46 INFO mapreduce.Job:  map 100% reduce 100%
20/06/08 07:39:46 INFO mapreduce.Job: Job job_1591568727503_0005 completed successfully
20/06/08 07:39:46 INFO mapreduce.Job: Counters: 50
	File System Counters
		FILE: Number of bytes read=1533488493
		FILE: Number of bytes written=2287646111
		FILE: Number of read operations=0
		FILE: Number of large read operations=0
		FILE: Number of write operations=0
		HDFS: Number of bytes read=11025727212
		HDFS: Number of bytes written=369290133
		HDFS: Number of read operations=273
		HDFS: Number of large read operations=0
		HDFS: Number of write operations=2
	Job Counters 
		Killed map tasks=1
		Launched map tasks=91
		Launched reduce tasks=1
		Data-local map tasks=91
		Total time spent by all maps in occupied slots (ms)=4824763
		Total time spent by all reduces in occupied slots (ms)=323412
		Total time spent by all map tasks (ms)=4824763
		Total time spent by all reduce tasks (ms)=323412
		Total vcore-milliseconds taken by all map tasks=14474289
		Total vcore-milliseconds taken by all reduce tasks=323412
		Total megabyte-milliseconds taken by all map tasks=4940557312
		Total megabyte-milliseconds taken by all reduce tasks=331173888
	Map-Reduce Framework
		Map input records=723040
		Map output records=1008863303
		Map output bytes=15230550456
		Map output materialized bytes=742977974
		Input split bytes=10530
		Combine input records=1033631266
		Combine output records=47409947
		Reduce input groups=9907895
		Reduce shuffle bytes=742977974
		Reduce input records=22641984
		Reduce output records=9907895
		Spilled Records=70051931
		Shuffled Maps =90
		Failed Shuffles=0
		Merged Map outputs=90
		GC time elapsed (ms)=97599
		CPU time spent (ms)=1953220
		Physical memory (bytes) snapshot=25040228352
		Virtual memory (bytes) snapshot=192000557056
		Total committed heap usage (bytes)=18918932480
	Shuffle Errors
		BAD_ID=0
		CONNECTION=0
		IO_ERROR=0
		WRONG_LENGTH=0
		WRONG_MAP=0
		WRONG_REDUCE=0
	File Input Format Counters 
		Bytes Read=11025716682
	File Output Format Counters 
		Bytes Written=369290133
