20/06/15 00:07:35 INFO client.RMProxy: Connecting to ResourceManager at master/10.51.17.95:8032
20/06/15 00:07:35 INFO client.RMProxy: Connecting to ResourceManager at master/10.51.17.95:8032
20/06/15 00:07:36 INFO input.FileInputFormat: Total input paths to process : 10
20/06/15 00:07:37 INFO mapreduce.JobSubmitter: number of splits:80
20/06/15 00:07:37 INFO mapreduce.JobSubmitter: Submitting tokens for job: job_1592143748615_0016
20/06/15 00:07:38 INFO impl.YarnClientImpl: Submitted application application_1592143748615_0016
20/06/15 00:07:38 INFO mapreduce.Job: The url to track the job: http://master:8088/proxy/application_1592143748615_0016/
20/06/15 00:07:38 INFO mapreduce.Job: Running job: job_1592143748615_0016
20/06/15 00:07:51 INFO mapreduce.Job: Job job_1592143748615_0016 running in uber mode : false
20/06/15 00:07:51 INFO mapreduce.Job:  map 0% reduce 0%
20/06/15 00:08:02 INFO mapreduce.Job:  map 4% reduce 0%
20/06/15 00:08:03 INFO mapreduce.Job:  map 5% reduce 0%
20/06/15 00:08:04 INFO mapreduce.Job:  map 6% reduce 0%
20/06/15 00:08:05 INFO mapreduce.Job:  map 9% reduce 0%
20/06/15 00:08:06 INFO mapreduce.Job:  map 11% reduce 0%
20/06/15 00:08:09 INFO mapreduce.Job:  map 12% reduce 0%
20/06/15 00:08:11 INFO mapreduce.Job:  map 14% reduce 0%
20/06/15 00:08:18 INFO mapreduce.Job:  map 15% reduce 0%
20/06/15 00:08:21 INFO mapreduce.Job:  map 16% reduce 0%
20/06/15 00:08:23 INFO mapreduce.Job:  map 17% reduce 0%
20/06/15 00:08:24 INFO mapreduce.Job:  map 18% reduce 0%
20/06/15 00:08:26 INFO mapreduce.Job:  map 19% reduce 1%
20/06/15 00:08:27 INFO mapreduce.Job:  map 20% reduce 1%
20/06/15 00:08:29 INFO mapreduce.Job:  map 20% reduce 2%
20/06/15 00:08:32 INFO mapreduce.Job:  map 21% reduce 2%
20/06/15 00:08:37 INFO mapreduce.Job:  map 22% reduce 2%
20/06/15 00:08:41 INFO mapreduce.Job:  map 23% reduce 2%
20/06/15 00:08:43 INFO mapreduce.Job:  map 24% reduce 2%
20/06/15 00:08:45 INFO mapreduce.Job:  map 25% reduce 2%
20/06/15 00:08:47 INFO mapreduce.Job:  map 26% reduce 2%
20/06/15 00:08:48 INFO mapreduce.Job:  map 27% reduce 2%
20/06/15 00:08:50 INFO mapreduce.Job:  map 27% reduce 3%
20/06/15 00:08:52 INFO mapreduce.Job:  map 28% reduce 3%
20/06/15 00:08:57 INFO mapreduce.Job:  map 29% reduce 3%
20/06/15 00:08:59 INFO mapreduce.Job:  map 29% reduce 4%
20/06/15 00:09:00 INFO mapreduce.Job:  map 30% reduce 4%
20/06/15 00:09:04 INFO mapreduce.Job:  map 31% reduce 4%
20/06/15 00:09:08 INFO mapreduce.Job:  map 32% reduce 4%
20/06/15 00:09:11 INFO mapreduce.Job:  map 33% reduce 4%
20/06/15 00:09:18 INFO mapreduce.Job:  map 35% reduce 5%
20/06/15 00:09:19 INFO mapreduce.Job:  map 36% reduce 5%
20/06/15 00:09:30 INFO mapreduce.Job:  map 37% reduce 5%
20/06/15 00:09:32 INFO mapreduce.Job:  map 37% reduce 6%
20/06/15 00:09:33 INFO mapreduce.Job:  map 38% reduce 6%
20/06/15 00:09:37 INFO mapreduce.Job:  map 39% reduce 6%
20/06/15 00:09:39 INFO mapreduce.Job:  map 41% reduce 6%
20/06/15 00:09:42 INFO mapreduce.Job:  map 42% reduce 6%
20/06/15 00:09:44 INFO mapreduce.Job:  map 42% reduce 7%
20/06/15 00:09:55 INFO mapreduce.Job:  map 43% reduce 7%
20/06/15 00:09:57 INFO mapreduce.Job:  map 43% reduce 8%
20/06/15 00:09:58 INFO mapreduce.Job:  map 44% reduce 8%
20/06/15 00:10:00 INFO mapreduce.Job:  map 46% reduce 8%
20/06/15 00:10:03 INFO mapreduce.Job:  map 47% reduce 8%
20/06/15 00:10:07 INFO mapreduce.Job:  map 48% reduce 8%
20/06/15 00:10:11 INFO mapreduce.Job:  map 49% reduce 8%
20/06/15 00:10:12 INFO mapreduce.Job:  map 49% reduce 9%
20/06/15 00:10:16 INFO mapreduce.Job:  map 50% reduce 9%
20/06/15 00:10:17 INFO mapreduce.Job:  map 51% reduce 9%
20/06/15 00:10:26 INFO mapreduce.Job:  map 52% reduce 9%
20/06/15 00:10:29 INFO mapreduce.Job:  map 53% reduce 9%
20/06/15 00:10:34 INFO mapreduce.Job:  map 54% reduce 9%
20/06/15 00:10:36 INFO mapreduce.Job:  map 54% reduce 10%
20/06/15 00:10:38 INFO mapreduce.Job:  map 55% reduce 10%
20/06/15 00:10:44 INFO mapreduce.Job:  map 56% reduce 10%
20/06/15 00:10:45 INFO mapreduce.Job:  map 56% reduce 11%
20/06/15 00:10:46 INFO mapreduce.Job:  map 57% reduce 11%
20/06/15 00:10:50 INFO mapreduce.Job:  map 58% reduce 11%
20/06/15 00:10:51 INFO mapreduce.Job:  map 58% reduce 12%
20/06/15 00:10:57 INFO mapreduce.Job:  map 59% reduce 12%
20/06/15 00:10:59 INFO mapreduce.Job:  map 60% reduce 12%
20/06/15 00:11:02 INFO mapreduce.Job:  map 61% reduce 12%
20/06/15 00:11:03 INFO mapreduce.Job:  map 61% reduce 13%
20/06/15 00:11:05 INFO mapreduce.Job:  map 62% reduce 13%
20/06/15 00:11:09 INFO mapreduce.Job:  map 63% reduce 13%
20/06/15 00:11:11 INFO mapreduce.Job:  map 64% reduce 13%
20/06/15 00:11:21 INFO mapreduce.Job:  map 65% reduce 13%
20/06/15 00:11:24 INFO mapreduce.Job:  map 66% reduce 13%
20/06/15 00:11:27 INFO mapreduce.Job:  map 66% reduce 14%
20/06/15 00:11:35 INFO mapreduce.Job:  map 67% reduce 14%
20/06/15 00:11:36 INFO mapreduce.Job:  map 68% reduce 14%
20/06/15 00:11:41 INFO mapreduce.Job:  map 69% reduce 14%
20/06/15 00:11:51 INFO mapreduce.Job:  map 70% reduce 14%
20/06/15 00:11:54 INFO mapreduce.Job:  map 71% reduce 14%
20/06/15 00:11:58 INFO mapreduce.Job:  map 72% reduce 14%
20/06/15 00:12:00 INFO mapreduce.Job:  map 72% reduce 15%
20/06/15 00:12:01 INFO mapreduce.Job:  map 73% reduce 15%
20/06/15 00:12:07 INFO mapreduce.Job:  map 74% reduce 15%
20/06/15 00:12:13 INFO mapreduce.Job:  map 75% reduce 15%
20/06/15 00:12:16 INFO mapreduce.Job:  map 76% reduce 15%
20/06/15 00:12:19 INFO mapreduce.Job:  map 76% reduce 16%
20/06/15 00:12:28 INFO mapreduce.Job:  map 77% reduce 16%
20/06/15 00:12:31 INFO mapreduce.Job:  map 77% reduce 17%
20/06/15 00:12:37 INFO mapreduce.Job:  map 78% reduce 17%
20/06/15 00:12:52 INFO mapreduce.Job:  map 79% reduce 17%
20/06/15 00:12:56 INFO mapreduce.Job:  map 80% reduce 17%
20/06/15 00:13:05 INFO mapreduce.Job:  map 81% reduce 17%
20/06/15 00:13:19 INFO mapreduce.Job:  map 82% reduce 17%
20/06/15 00:13:20 INFO mapreduce.Job:  map 83% reduce 17%
20/06/15 00:13:21 INFO mapreduce.Job:  map 84% reduce 17%
20/06/15 00:13:22 INFO mapreduce.Job:  map 84% reduce 18%
20/06/15 00:13:24 INFO mapreduce.Job:  map 85% reduce 18%
20/06/15 00:13:26 INFO mapreduce.Job:  map 86% reduce 18%
20/06/15 00:13:31 INFO mapreduce.Job:  map 87% reduce 18%
20/06/15 00:13:35 INFO mapreduce.Job:  map 88% reduce 18%
20/06/15 00:13:40 INFO mapreduce.Job:  map 88% reduce 19%
20/06/15 00:13:43 INFO mapreduce.Job:  map 88% reduce 20%
20/06/15 00:13:45 INFO mapreduce.Job:  map 89% reduce 20%
20/06/15 00:13:48 INFO mapreduce.Job:  map 90% reduce 20%
20/06/15 00:14:01 INFO mapreduce.Job:  map 91% reduce 20%
20/06/15 00:14:07 INFO mapreduce.Job:  map 91% reduce 21%
20/06/15 00:14:16 INFO mapreduce.Job:  map 92% reduce 21%
20/06/15 00:14:34 INFO mapreduce.Job:  map 94% reduce 22%
20/06/15 00:14:37 INFO mapreduce.Job:  map 95% reduce 22%
20/06/15 00:14:43 INFO mapreduce.Job:  map 96% reduce 22%
20/06/15 00:14:46 INFO mapreduce.Job:  map 97% reduce 23%
20/06/15 00:14:59 INFO mapreduce.Job:  map 98% reduce 23%
20/06/15 00:15:03 INFO mapreduce.Job:  map 99% reduce 23%
20/06/15 00:15:19 INFO mapreduce.Job:  map 99% reduce 24%
20/06/15 00:15:30 INFO mapreduce.Job:  map 100% reduce 24%
20/06/15 00:15:40 INFO mapreduce.Job:  map 100% reduce 25%
20/06/15 00:15:43 INFO mapreduce.Job:  map 100% reduce 26%
20/06/15 00:16:01 INFO mapreduce.Job:  map 100% reduce 27%
20/06/15 00:16:07 INFO mapreduce.Job:  map 100% reduce 28%
20/06/15 00:16:19 INFO mapreduce.Job:  map 100% reduce 29%
20/06/15 00:16:37 INFO mapreduce.Job:  map 100% reduce 34%
20/06/15 00:16:40 INFO mapreduce.Job:  map 100% reduce 41%
20/06/15 00:16:49 INFO mapreduce.Job:  map 100% reduce 42%
20/06/15 00:17:04 INFO mapreduce.Job:  map 100% reduce 44%
20/06/15 00:17:07 INFO mapreduce.Job:  map 100% reduce 45%
20/06/15 00:17:10 INFO mapreduce.Job:  map 100% reduce 52%
20/06/15 00:17:13 INFO mapreduce.Job:  map 100% reduce 55%
20/06/15 00:17:22 INFO mapreduce.Job:  map 100% reduce 56%
20/06/15 00:17:37 INFO mapreduce.Job:  map 100% reduce 57%
20/06/15 00:17:43 INFO mapreduce.Job:  map 100% reduce 58%
20/06/15 00:18:02 INFO mapreduce.Job:  map 100% reduce 59%
20/06/15 00:18:10 INFO mapreduce.Job:  map 100% reduce 60%
20/06/15 00:18:32 INFO mapreduce.Job:  map 100% reduce 61%
20/06/15 00:18:40 INFO mapreduce.Job:  map 100% reduce 62%
20/06/15 00:18:53 INFO mapreduce.Job:  map 100% reduce 63%
20/06/15 00:18:58 INFO mapreduce.Job:  map 100% reduce 64%
20/06/15 00:19:14 INFO mapreduce.Job:  map 100% reduce 65%
20/06/15 00:19:22 INFO mapreduce.Job:  map 100% reduce 66%
20/06/15 00:19:36 INFO mapreduce.Job:  map 100% reduce 67%
20/06/15 00:19:44 INFO mapreduce.Job:  map 100% reduce 68%
20/06/15 00:19:54 INFO mapreduce.Job:  map 100% reduce 69%
20/06/15 00:19:55 INFO mapreduce.Job:  map 100% reduce 70%
20/06/15 00:19:57 INFO mapreduce.Job:  map 100% reduce 80%
20/06/15 00:19:58 INFO mapreduce.Job:  map 100% reduce 81%
20/06/15 00:20:09 INFO mapreduce.Job:  map 100% reduce 82%
20/06/15 00:20:17 INFO mapreduce.Job:  map 100% reduce 83%
20/06/15 00:20:21 INFO mapreduce.Job:  map 100% reduce 84%
20/06/15 00:20:24 INFO mapreduce.Job:  map 100% reduce 85%
20/06/15 00:20:28 INFO mapreduce.Job:  map 100% reduce 86%
20/06/15 00:20:36 INFO mapreduce.Job:  map 100% reduce 87%
20/06/15 00:20:52 INFO mapreduce.Job:  map 100% reduce 88%
20/06/15 00:20:54 INFO mapreduce.Job:  map 100% reduce 89%
20/06/15 00:20:58 INFO mapreduce.Job:  map 100% reduce 90%
20/06/15 00:21:03 INFO mapreduce.Job:  map 100% reduce 91%
20/06/15 00:21:11 INFO mapreduce.Job:  map 100% reduce 92%
20/06/15 00:21:12 INFO mapreduce.Job:  map 100% reduce 93%
20/06/15 00:21:14 INFO mapreduce.Job:  map 100% reduce 94%
20/06/15 00:21:16 INFO mapreduce.Job:  map 100% reduce 95%
20/06/15 00:21:24 INFO mapreduce.Job:  map 100% reduce 96%
20/06/15 00:21:25 INFO mapreduce.Job:  map 100% reduce 97%
20/06/15 00:21:27 INFO mapreduce.Job:  map 100% reduce 98%
20/06/15 00:21:30 INFO mapreduce.Job:  map 100% reduce 99%
20/06/15 00:21:48 INFO mapreduce.Job:  map 100% reduce 100%
20/06/15 00:21:51 INFO mapreduce.Job: Job job_1592143748615_0016 completed successfully
20/06/15 00:21:51 INFO mapreduce.Job: Counters: 51
	File System Counters
		FILE: Number of bytes read=31975049687
		FILE: Number of bytes written=42735561323
		FILE: Number of read operations=0
		FILE: Number of large read operations=0
		FILE: Number of write operations=0
		HDFS: Number of bytes read=10774122572
		HDFS: Number of bytes written=10772872578
		HDFS: Number of read operations=329
		HDFS: Number of large read operations=0
		HDFS: Number of write operations=6
	Job Counters 
		Killed map tasks=2
		Launched map tasks=82
		Launched reduce tasks=3
		Data-local map tasks=78
		Rack-local map tasks=4
		Total time spent by all maps in occupied slots (ms)=3122481
		Total time spent by all reduces in occupied slots (ms)=2293182
		Total time spent by all map tasks (ms)=3122481
		Total time spent by all reduce tasks (ms)=2293182
		Total vcore-milliseconds taken by all map tasks=3122481
		Total vcore-milliseconds taken by all reduce tasks=2293182
		Total megabyte-milliseconds taken by all map tasks=3197420544
		Total megabyte-milliseconds taken by all reduce tasks=2348218368
	Map-Reduce Framework
		Map input records=1022620
		Map output records=1022620
		Map output bytes=10745672090
		Map output materialized bytes=10751422394
		Input split bytes=9040
		Combine input records=0
		Combine output records=0
		Reduce input groups=1022620
		Reduce shuffle bytes=10751422394
		Reduce input records=1022620
		Reduce output records=1022620
		Spilled Records=4064080
		Shuffled Maps =240
		Failed Shuffles=0
		Merged Map outputs=240
		GC time elapsed (ms)=11566
		CPU time spent (ms)=287900
		Physical memory (bytes) snapshot=22074920960
		Virtual memory (bytes) snapshot=175165313024
		Total committed heap usage (bytes)=16134438912
	Shuffle Errors
		BAD_ID=0
		CONNECTION=0
		IO_ERROR=0
		WRONG_LENGTH=0
		WRONG_MAP=0
		WRONG_REDUCE=0
	File Input Format Counters 
		Bytes Read=10774113532
	File Output Format Counters 
		Bytes Written=10772872578
