20/06/15 00:30:43 INFO client.RMProxy: Connecting to ResourceManager at master/10.51.17.95:8032
20/06/15 00:30:43 INFO input.FileInputFormat: Total input paths to process : 10
20/06/15 00:30:43 INFO mapreduce.JobSubmitter: number of splits:90
20/06/15 00:30:43 INFO mapreduce.JobSubmitter: Submitting tokens for job: job_1592143748615_0020
20/06/15 00:30:43 INFO impl.YarnClientImpl: Submitted application application_1592143748615_0020
20/06/15 00:30:43 INFO mapreduce.Job: The url to track the job: http://master:8088/proxy/application_1592143748615_0020/
20/06/15 00:30:43 INFO mapreduce.Job: Running job: job_1592143748615_0020
20/06/15 00:30:50 INFO mapreduce.Job: Job job_1592143748615_0020 running in uber mode : false
20/06/15 00:30:50 INFO mapreduce.Job:  map 0% reduce 0%
20/06/15 00:31:03 INFO mapreduce.Job:  map 1% reduce 0%
20/06/15 00:31:05 INFO mapreduce.Job:  map 2% reduce 0%
20/06/15 00:31:09 INFO mapreduce.Job:  map 3% reduce 0%
20/06/15 00:31:14 INFO mapreduce.Job:  map 4% reduce 0%
20/06/15 00:31:18 INFO mapreduce.Job:  map 5% reduce 0%
20/06/15 00:31:25 INFO mapreduce.Job:  map 6% reduce 0%
20/06/15 00:31:27 INFO mapreduce.Job:  map 7% reduce 0%
20/06/15 00:31:30 INFO mapreduce.Job:  map 8% reduce 0%
20/06/15 00:31:35 INFO mapreduce.Job:  map 9% reduce 0%
20/06/15 00:31:42 INFO mapreduce.Job:  map 10% reduce 0%
20/06/15 00:31:46 INFO mapreduce.Job:  map 11% reduce 0%
20/06/15 00:31:48 INFO mapreduce.Job:  map 12% reduce 0%
20/06/15 00:31:49 INFO mapreduce.Job:  map 13% reduce 0%
20/06/15 00:31:57 INFO mapreduce.Job:  map 14% reduce 0%
20/06/15 00:32:03 INFO mapreduce.Job:  map 15% reduce 0%
20/06/15 00:32:04 INFO mapreduce.Job:  map 16% reduce 0%
20/06/15 00:32:08 INFO mapreduce.Job:  map 17% reduce 0%
20/06/15 00:32:14 INFO mapreduce.Job:  map 17% reduce 5%
20/06/15 00:32:16 INFO mapreduce.Job:  map 18% reduce 5%
20/06/15 00:32:20 INFO mapreduce.Job:  map 19% reduce 5%
20/06/15 00:32:26 INFO mapreduce.Job:  map 20% reduce 5%
20/06/15 00:32:30 INFO mapreduce.Job:  map 21% reduce 5%
20/06/15 00:32:38 INFO mapreduce.Job:  map 22% reduce 5%
20/06/15 00:32:40 INFO mapreduce.Job:  map 23% reduce 5%
20/06/15 00:32:42 INFO mapreduce.Job:  map 23% reduce 6%
20/06/15 00:32:45 INFO mapreduce.Job:  map 24% reduce 6%
20/06/15 00:32:47 INFO mapreduce.Job:  map 25% reduce 6%
20/06/15 00:32:48 INFO mapreduce.Job:  map 25% reduce 7%
20/06/15 00:32:51 INFO mapreduce.Job:  map 26% reduce 8%
20/06/15 00:32:54 INFO mapreduce.Job:  map 26% reduce 9%
20/06/15 00:32:58 INFO mapreduce.Job:  map 27% reduce 9%
20/06/15 00:33:05 INFO mapreduce.Job:  map 28% reduce 9%
20/06/15 00:33:11 INFO mapreduce.Job:  map 29% reduce 9%
20/06/15 00:33:16 INFO mapreduce.Job:  map 30% reduce 9%
20/06/15 00:33:17 INFO mapreduce.Job:  map 31% reduce 9%
20/06/15 00:33:19 INFO mapreduce.Job:  map 31% reduce 10%
20/06/15 00:33:24 INFO mapreduce.Job:  map 32% reduce 10%
20/06/15 00:33:31 INFO mapreduce.Job:  map 33% reduce 10%
20/06/15 00:33:36 INFO mapreduce.Job:  map 34% reduce 10%
20/06/15 00:33:41 INFO mapreduce.Job:  map 35% reduce 10%
20/06/15 00:33:47 INFO mapreduce.Job:  map 36% reduce 10%
20/06/15 00:33:50 INFO mapreduce.Job:  map 37% reduce 10%
20/06/15 00:33:51 INFO mapreduce.Job:  map 38% reduce 10%
20/06/15 00:33:52 INFO mapreduce.Job:  map 38% reduce 12%
20/06/15 00:33:53 INFO mapreduce.Job:  map 39% reduce 12%
20/06/15 00:33:55 INFO mapreduce.Job:  map 39% reduce 13%
20/06/15 00:34:01 INFO mapreduce.Job:  map 40% reduce 13%
20/06/15 00:34:06 INFO mapreduce.Job:  map 41% reduce 13%
20/06/15 00:34:11 INFO mapreduce.Job:  map 42% reduce 13%
20/06/15 00:34:16 INFO mapreduce.Job:  map 43% reduce 13%
20/06/15 00:34:20 INFO mapreduce.Job:  map 44% reduce 13%
20/06/15 00:34:23 INFO mapreduce.Job:  map 45% reduce 13%
20/06/15 00:34:25 INFO mapreduce.Job:  map 45% reduce 14%
20/06/15 00:34:31 INFO mapreduce.Job:  map 46% reduce 14%
20/06/15 00:34:35 INFO mapreduce.Job:  map 47% reduce 14%
20/06/15 00:34:41 INFO mapreduce.Job:  map 48% reduce 14%
20/06/15 00:34:46 INFO mapreduce.Job:  map 49% reduce 14%
20/06/15 00:34:47 INFO mapreduce.Job:  map 50% reduce 15%
20/06/15 00:34:51 INFO mapreduce.Job:  map 51% reduce 15%
20/06/15 00:34:53 INFO mapreduce.Job:  map 52% reduce 16%
20/06/15 00:34:56 INFO mapreduce.Job:  map 52% reduce 17%
20/06/15 00:34:58 INFO mapreduce.Job:  map 53% reduce 17%
20/06/15 00:35:04 INFO mapreduce.Job:  map 54% reduce 17%
20/06/15 00:35:08 INFO mapreduce.Job:  map 55% reduce 17%
20/06/15 00:35:14 INFO mapreduce.Job:  map 56% reduce 17%
20/06/15 00:35:20 INFO mapreduce.Job:  map 57% reduce 17%
20/06/15 00:35:22 INFO mapreduce.Job:  map 58% reduce 17%
20/06/15 00:35:24 INFO mapreduce.Job:  map 58% reduce 18%
20/06/15 00:35:29 INFO mapreduce.Job:  map 59% reduce 18%
20/06/15 00:35:30 INFO mapreduce.Job:  map 59% reduce 19%
20/06/15 00:35:32 INFO mapreduce.Job:  map 60% reduce 19%
20/06/15 00:35:40 INFO mapreduce.Job:  map 61% reduce 19%
20/06/15 00:35:43 INFO mapreduce.Job:  map 62% reduce 19%
20/06/15 00:35:46 INFO mapreduce.Job:  map 63% reduce 19%
20/06/15 00:35:47 INFO mapreduce.Job:  map 63% reduce 20%
20/06/15 00:35:49 INFO mapreduce.Job:  map 64% reduce 20%
20/06/15 00:35:52 INFO mapreduce.Job:  map 65% reduce 20%
20/06/15 00:35:54 INFO mapreduce.Job:  map 65% reduce 21%
20/06/15 00:35:59 INFO mapreduce.Job:  map 66% reduce 21%
20/06/15 00:36:00 INFO mapreduce.Job:  map 66% reduce 22%
20/06/15 00:36:01 INFO mapreduce.Job:  map 67% reduce 22%
20/06/15 00:36:02 INFO mapreduce.Job:  map 68% reduce 22%
20/06/15 00:36:05 INFO mapreduce.Job:  map 69% reduce 22%
20/06/15 00:36:09 INFO mapreduce.Job:  map 70% reduce 22%
20/06/15 00:36:10 INFO mapreduce.Job:  map 71% reduce 22%
20/06/15 00:36:12 INFO mapreduce.Job:  map 71% reduce 23%
20/06/15 00:36:13 INFO mapreduce.Job:  map 72% reduce 23%
20/06/15 00:36:16 INFO mapreduce.Job:  map 73% reduce 23%
20/06/15 00:36:24 INFO mapreduce.Job:  map 74% reduce 24%
20/06/15 00:36:26 INFO mapreduce.Job:  map 75% reduce 24%
20/06/15 00:36:33 INFO mapreduce.Job:  map 76% reduce 24%
20/06/15 00:36:40 INFO mapreduce.Job:  map 77% reduce 24%
20/06/15 00:36:43 INFO mapreduce.Job:  map 77% reduce 25%
20/06/15 00:36:44 INFO mapreduce.Job:  map 78% reduce 25%
20/06/15 00:36:47 INFO mapreduce.Job:  map 79% reduce 25%
20/06/15 00:36:54 INFO mapreduce.Job:  map 80% reduce 25%
20/06/15 00:36:58 INFO mapreduce.Job:  map 81% reduce 26%
20/06/15 00:37:02 INFO mapreduce.Job:  map 82% reduce 26%
20/06/15 00:37:08 INFO mapreduce.Job:  map 83% reduce 26%
20/06/15 00:37:12 INFO mapreduce.Job:  map 84% reduce 27%
20/06/15 00:37:14 INFO mapreduce.Job:  map 85% reduce 27%
20/06/15 00:37:15 INFO mapreduce.Job:  map 85% reduce 28%
20/06/15 00:37:19 INFO mapreduce.Job:  map 86% reduce 28%
20/06/15 00:37:27 INFO mapreduce.Job:  map 87% reduce 28%
20/06/15 00:37:31 INFO mapreduce.Job:  map 88% reduce 28%
20/06/15 00:37:37 INFO mapreduce.Job:  map 89% reduce 29%
20/06/15 00:37:39 INFO mapreduce.Job:  map 91% reduce 29%
20/06/15 00:37:40 INFO mapreduce.Job:  map 91% reduce 30%
20/06/15 00:37:44 INFO mapreduce.Job:  map 92% reduce 30%
20/06/15 00:37:45 INFO mapreduce.Job:  map 93% reduce 30%
20/06/15 00:37:52 INFO mapreduce.Job:  map 95% reduce 30%
20/06/15 00:37:53 INFO mapreduce.Job:  map 96% reduce 30%
20/06/15 00:37:55 INFO mapreduce.Job:  map 96% reduce 31%
20/06/15 00:37:57 INFO mapreduce.Job:  map 97% reduce 31%
20/06/15 00:38:00 INFO mapreduce.Job:  map 98% reduce 31%
20/06/15 00:38:04 INFO mapreduce.Job:  map 98% reduce 32%
20/06/15 00:38:07 INFO mapreduce.Job:  map 99% reduce 32%
20/06/15 00:38:10 INFO mapreduce.Job:  map 100% reduce 33%
20/06/15 00:38:13 INFO mapreduce.Job:  map 100% reduce 54%
20/06/15 00:38:16 INFO mapreduce.Job:  map 100% reduce 70%
20/06/15 00:38:19 INFO mapreduce.Job:  map 100% reduce 76%
20/06/15 00:38:22 INFO mapreduce.Job:  map 100% reduce 81%
20/06/15 00:38:25 INFO mapreduce.Job:  map 100% reduce 87%
20/06/15 00:38:28 INFO mapreduce.Job:  map 100% reduce 95%
20/06/15 00:38:30 INFO mapreduce.Job:  map 100% reduce 100%
20/06/15 00:38:31 INFO mapreduce.Job: Job job_1592143748615_0020 completed successfully
20/06/15 00:38:32 INFO mapreduce.Job: Counters: 51
	File System Counters
		FILE: Number of bytes read=1411671860
		FILE: Number of bytes written=2104193823
		FILE: Number of read operations=0
		FILE: Number of large read operations=0
		FILE: Number of write operations=0
		HDFS: Number of bytes read=11025619094
		HDFS: Number of bytes written=313637959
		HDFS: Number of read operations=273
		HDFS: Number of large read operations=0
		HDFS: Number of write operations=2
	Job Counters 
		Killed map tasks=2
		Launched map tasks=92
		Launched reduce tasks=1
		Data-local map tasks=80
		Rack-local map tasks=12
		Total time spent by all maps in occupied slots (ms)=3827295
		Total time spent by all reduces in occupied slots (ms)=385551
		Total time spent by all map tasks (ms)=3827295
		Total time spent by all reduce tasks (ms)=385551
		Total vcore-milliseconds taken by all map tasks=3827295
		Total vcore-milliseconds taken by all reduce tasks=385551
		Total megabyte-milliseconds taken by all map tasks=3919150080
		Total megabyte-milliseconds taken by all reduce tasks=394804224
	Map-Reduce Framework
		Map input records=723218
		Map output records=1010222459
		Map output bytes=15214516454
		Map output materialized bytes=681370070
		Input split bytes=10530
		Combine input records=1034977624
		Combine output records=47345477
		Reduce input groups=9721054
		Reduce shuffle bytes=681370070
		Reduce input records=22590312
		Reduce output records=9721054
		Spilled Records=69935789
		Shuffled Maps =90
		Failed Shuffles=0
		Merged Map outputs=90
		GC time elapsed (ms)=64084
		CPU time spent (ms)=2170730
		Physical memory (bytes) snapshot=25071616000
		Virtual memory (bytes) snapshot=191992360960
		Total committed heap usage (bytes)=18918932480
	Shuffle Errors
		BAD_ID=0
		CONNECTION=0
		IO_ERROR=0
		WRONG_LENGTH=0
		WRONG_MAP=0
		WRONG_REDUCE=0
	File Input Format Counters 
		Bytes Read=11025608564
	File Output Format Counters 
		Bytes Written=313637959
