20/06/14 23:49:38 INFO client.RMProxy: Connecting to ResourceManager at master/10.51.17.95:8032
20/06/14 23:49:38 INFO input.FileInputFormat: Total input paths to process : 10
20/06/14 23:49:39 INFO mapreduce.JobSubmitter: number of splits:90
20/06/14 23:49:39 INFO mapreduce.JobSubmitter: Submitting tokens for job: job_1592143748615_0012
20/06/14 23:49:39 INFO impl.YarnClientImpl: Submitted application application_1592143748615_0012
20/06/14 23:49:39 INFO mapreduce.Job: The url to track the job: http://master:8088/proxy/application_1592143748615_0012/
20/06/14 23:49:39 INFO mapreduce.Job: Running job: job_1592143748615_0012
20/06/14 23:49:46 INFO mapreduce.Job: Job job_1592143748615_0012 running in uber mode : false
20/06/14 23:49:46 INFO mapreduce.Job:  map 0% reduce 0%
20/06/14 23:49:58 INFO mapreduce.Job:  map 1% reduce 0%
20/06/14 23:50:01 INFO mapreduce.Job:  map 2% reduce 0%
20/06/14 23:50:04 INFO mapreduce.Job:  map 3% reduce 0%
20/06/14 23:50:14 INFO mapreduce.Job:  map 4% reduce 0%
20/06/14 23:50:17 INFO mapreduce.Job:  map 5% reduce 0%
20/06/14 23:50:23 INFO mapreduce.Job:  map 6% reduce 0%
20/06/14 23:50:26 INFO mapreduce.Job:  map 7% reduce 0%
20/06/14 23:50:29 INFO mapreduce.Job:  map 8% reduce 0%
20/06/14 23:50:37 INFO mapreduce.Job:  map 9% reduce 0%
20/06/14 23:50:40 INFO mapreduce.Job:  map 10% reduce 0%
20/06/14 23:50:47 INFO mapreduce.Job:  map 11% reduce 0%
20/06/14 23:50:53 INFO mapreduce.Job:  map 12% reduce 0%
20/06/14 23:50:56 INFO mapreduce.Job:  map 14% reduce 0%
20/06/14 23:51:03 INFO mapreduce.Job:  map 15% reduce 0%
20/06/14 23:51:05 INFO mapreduce.Job:  map 16% reduce 0%
20/06/14 23:51:09 INFO mapreduce.Job:  map 17% reduce 5%
20/06/14 23:51:16 INFO mapreduce.Job:  map 18% reduce 5%
20/06/14 23:51:21 INFO mapreduce.Job:  map 19% reduce 5%
20/06/14 23:51:25 INFO mapreduce.Job:  map 20% reduce 5%
20/06/14 23:51:32 INFO mapreduce.Job:  map 21% reduce 5%
20/06/14 23:51:34 INFO mapreduce.Job:  map 22% reduce 6%
20/06/14 23:51:43 INFO mapreduce.Job:  map 23% reduce 6%
20/06/14 23:51:46 INFO mapreduce.Job:  map 24% reduce 6%
20/06/14 23:51:51 INFO mapreduce.Job:  map 25% reduce 6%
20/06/14 23:51:58 INFO mapreduce.Job:  map 26% reduce 6%
20/06/14 23:52:00 INFO mapreduce.Job:  map 27% reduce 7%
20/06/14 23:52:02 INFO mapreduce.Job:  map 28% reduce 7%
20/06/14 23:52:03 INFO mapreduce.Job:  map 29% reduce 9%
20/06/14 23:52:06 INFO mapreduce.Job:  map 29% reduce 10%
20/06/14 23:52:12 INFO mapreduce.Job:  map 30% reduce 10%
20/06/14 23:52:15 INFO mapreduce.Job:  map 31% reduce 10%
20/06/14 23:52:20 INFO mapreduce.Job:  map 32% reduce 10%
20/06/14 23:52:25 INFO mapreduce.Job:  map 33% reduce 10%
20/06/14 23:52:29 INFO mapreduce.Job:  map 34% reduce 10%
20/06/14 23:52:31 INFO mapreduce.Job:  map 34% reduce 11%
20/06/14 23:52:32 INFO mapreduce.Job:  map 35% reduce 11%
20/06/14 23:52:39 INFO mapreduce.Job:  map 36% reduce 11%
20/06/14 23:52:44 INFO mapreduce.Job:  map 37% reduce 11%
20/06/14 23:52:49 INFO mapreduce.Job:  map 38% reduce 11%
20/06/14 23:52:53 INFO mapreduce.Job:  map 39% reduce 11%
20/06/14 23:52:56 INFO mapreduce.Job:  map 40% reduce 11%
20/06/14 23:52:58 INFO mapreduce.Job:  map 41% reduce 11%
20/06/14 23:52:59 INFO mapreduce.Job:  map 41% reduce 13%
20/06/14 23:53:01 INFO mapreduce.Job:  map 42% reduce 14%
20/06/14 23:53:07 INFO mapreduce.Job:  map 43% reduce 14%
20/06/14 23:53:10 INFO mapreduce.Job:  map 44% reduce 14%
20/06/14 23:53:14 INFO mapreduce.Job:  map 45% reduce 14%
20/06/14 23:53:21 INFO mapreduce.Job:  map 46% reduce 14%
20/06/14 23:53:24 INFO mapreduce.Job:  map 47% reduce 14%
20/06/14 23:53:26 INFO mapreduce.Job:  map 47% reduce 15%
20/06/14 23:53:27 INFO mapreduce.Job:  map 48% reduce 15%
20/06/14 23:53:33 INFO mapreduce.Job:  map 49% reduce 15%
20/06/14 23:53:37 INFO mapreduce.Job:  map 50% reduce 15%
20/06/14 23:53:41 INFO mapreduce.Job:  map 51% reduce 15%
20/06/14 23:53:46 INFO mapreduce.Job:  map 52% reduce 15%
20/06/14 23:53:49 INFO mapreduce.Job:  map 53% reduce 15%
20/06/14 23:53:50 INFO mapreduce.Job:  map 53% reduce 16%
20/06/14 23:53:52 INFO mapreduce.Job:  map 54% reduce 16%
20/06/14 23:53:53 INFO mapreduce.Job:  map 55% reduce 17%
20/06/14 23:53:57 INFO mapreduce.Job:  map 55% reduce 18%
20/06/14 23:53:58 INFO mapreduce.Job:  map 56% reduce 18%
20/06/14 23:54:00 INFO mapreduce.Job:  map 56% reduce 19%
20/06/14 23:54:03 INFO mapreduce.Job:  map 57% reduce 19%
20/06/14 23:54:07 INFO mapreduce.Job:  map 58% reduce 19%
20/06/14 23:54:12 INFO mapreduce.Job:  map 59% reduce 19%
20/06/14 23:54:16 INFO mapreduce.Job:  map 60% reduce 19%
20/06/14 23:54:20 INFO mapreduce.Job:  map 61% reduce 19%
20/06/14 23:54:24 INFO mapreduce.Job:  map 62% reduce 20%
20/06/14 23:54:29 INFO mapreduce.Job:  map 63% reduce 20%
20/06/14 23:54:32 INFO mapreduce.Job:  map 64% reduce 20%
20/06/14 23:54:39 INFO mapreduce.Job:  map 65% reduce 20%
20/06/14 23:54:43 INFO mapreduce.Job:  map 66% reduce 20%
20/06/14 23:54:44 INFO mapreduce.Job:  map 67% reduce 20%
20/06/14 23:54:47 INFO mapreduce.Job:  map 68% reduce 20%
20/06/14 23:54:48 INFO mapreduce.Job:  map 68% reduce 22%
20/06/14 23:54:50 INFO mapreduce.Job:  map 69% reduce 22%
20/06/14 23:54:51 INFO mapreduce.Job:  map 69% reduce 23%
20/06/14 23:54:55 INFO mapreduce.Job:  map 70% reduce 23%
20/06/14 23:54:56 INFO mapreduce.Job:  map 71% reduce 23%
20/06/14 23:55:00 INFO mapreduce.Job:  map 73% reduce 23%
20/06/14 23:55:05 INFO mapreduce.Job:  map 74% reduce 23%
20/06/14 23:55:07 INFO mapreduce.Job:  map 75% reduce 23%
20/06/14 23:55:08 INFO mapreduce.Job:  map 76% reduce 23%
20/06/14 23:55:09 INFO mapreduce.Job:  map 76% reduce 24%
20/06/14 23:55:14 INFO mapreduce.Job:  map 77% reduce 24%
20/06/14 23:55:15 INFO mapreduce.Job:  map 78% reduce 24%
20/06/14 23:55:16 INFO mapreduce.Job:  map 78% reduce 25%
20/06/14 23:55:19 INFO mapreduce.Job:  map 78% reduce 26%
20/06/14 23:55:21 INFO mapreduce.Job:  map 79% reduce 26%
20/06/14 23:55:25 INFO mapreduce.Job:  map 80% reduce 26%
20/06/14 23:55:31 INFO mapreduce.Job:  map 81% reduce 26%
20/06/14 23:55:34 INFO mapreduce.Job:  map 82% reduce 26%
20/06/14 23:55:37 INFO mapreduce.Job:  map 83% reduce 26%
20/06/14 23:55:39 INFO mapreduce.Job:  map 83% reduce 27%
20/06/14 23:55:40 INFO mapreduce.Job:  map 84% reduce 27%
20/06/14 23:55:46 INFO mapreduce.Job:  map 85% reduce 27%
20/06/14 23:55:50 INFO mapreduce.Job:  map 86% reduce 27%
20/06/14 23:55:55 INFO mapreduce.Job:  map 87% reduce 28%
20/06/14 23:55:59 INFO mapreduce.Job:  map 88% reduce 28%
20/06/14 23:56:04 INFO mapreduce.Job:  map 89% reduce 28%
20/06/14 23:56:06 INFO mapreduce.Job:  map 90% reduce 28%
20/06/14 23:56:07 INFO mapreduce.Job:  map 90% reduce 29%
20/06/14 23:56:10 INFO mapreduce.Job:  map 91% reduce 29%
20/06/14 23:56:13 INFO mapreduce.Job:  map 92% reduce 30%
20/06/14 23:56:14 INFO mapreduce.Job:  map 93% reduce 30%
20/06/14 23:56:16 INFO mapreduce.Job:  map 94% reduce 30%
20/06/14 23:56:17 INFO mapreduce.Job:  map 95% reduce 30%
20/06/14 23:56:19 INFO mapreduce.Job:  map 95% reduce 31%
20/06/14 23:56:20 INFO mapreduce.Job:  map 96% reduce 31%
20/06/14 23:56:21 INFO mapreduce.Job:  map 97% reduce 31%
20/06/14 23:56:23 INFO mapreduce.Job:  map 98% reduce 31%
20/06/14 23:56:24 INFO mapreduce.Job:  map 99% reduce 31%
20/06/14 23:56:25 INFO mapreduce.Job:  map 99% reduce 32%
20/06/14 23:56:28 INFO mapreduce.Job:  map 99% reduce 33%
20/06/14 23:56:29 INFO mapreduce.Job:  map 100% reduce 33%
20/06/14 23:56:34 INFO mapreduce.Job:  map 100% reduce 67%
20/06/14 23:56:37 INFO mapreduce.Job:  map 100% reduce 72%
20/06/14 23:56:40 INFO mapreduce.Job:  map 100% reduce 78%
20/06/14 23:56:43 INFO mapreduce.Job:  map 100% reduce 83%
20/06/14 23:56:46 INFO mapreduce.Job:  map 100% reduce 91%
20/06/14 23:56:49 INFO mapreduce.Job:  map 100% reduce 100%
20/06/14 23:56:50 INFO mapreduce.Job: Job job_1592143748615_0012 completed successfully
20/06/14 23:56:50 INFO mapreduce.Job: Counters: 51
	File System Counters
		FILE: Number of bytes read=1534253745
		FILE: Number of bytes written=2288718661
		FILE: Number of read operations=0
		FILE: Number of large read operations=0
		FILE: Number of write operations=0
		HDFS: Number of bytes read=11026464288
		HDFS: Number of bytes written=369491689
		HDFS: Number of read operations=273
		HDFS: Number of large read operations=0
		HDFS: Number of write operations=2
	Job Counters 
		Killed map tasks=1
		Launched map tasks=91
		Launched reduce tasks=1
		Data-local map tasks=81
		Rack-local map tasks=10
		Total time spent by all maps in occupied slots (ms)=3531770
		Total time spent by all reduces in occupied slots (ms)=349720
		Total time spent by all map tasks (ms)=3531770
		Total time spent by all reduce tasks (ms)=349720
		Total vcore-milliseconds taken by all map tasks=3531770
		Total vcore-milliseconds taken by all reduce tasks=349720
		Total megabyte-milliseconds taken by all map tasks=3616532480
		Total megabyte-milliseconds taken by all reduce tasks=358113280
	Map-Reduce Framework
		Map input records=266143
		Map output records=1008387052
		Map output bytes=15218137062
		Map output materialized bytes=743313023
		Input split bytes=10530
		Combine input records=1033156141
		Combine output records=47409527
		Reduce input groups=9904184
		Reduce shuffle bytes=743313023
		Reduce input records=22640438
		Reduce output records=9904184
		Spilled Records=70049965
		Shuffled Maps =90
		Failed Shuffles=0
		Merged Map outputs=90
		GC time elapsed (ms)=63499
		CPU time spent (ms)=2064320
		Physical memory (bytes) snapshot=25091690496
		Virtual memory (bytes) snapshot=191957704704
		Total committed heap usage (bytes)=18893242368
	Shuffle Errors
		BAD_ID=0
		CONNECTION=0
		IO_ERROR=0
		WRONG_LENGTH=0
		WRONG_MAP=0
		WRONG_REDUCE=0
	File Input Format Counters 
		Bytes Read=11026453758
	File Output Format Counters 
		Bytes Written=369491689
