20/06/14 23:19:04 INFO client.RMProxy: Connecting to ResourceManager at master/10.51.17.95:8032
20/06/14 23:19:05 INFO input.FileInputFormat: Total input paths to process : 10
20/06/14 23:19:05 INFO mapreduce.JobSubmitter: number of splits:90
20/06/14 23:19:06 INFO mapreduce.JobSubmitter: Submitting tokens for job: job_1592143748615_0004
20/06/14 23:19:06 INFO impl.YarnClientImpl: Submitted application application_1592143748615_0004
20/06/14 23:19:06 INFO mapreduce.Job: The url to track the job: http://master:8088/proxy/application_1592143748615_0004/
20/06/14 23:19:06 INFO mapreduce.Job: Running job: job_1592143748615_0004
20/06/14 23:19:14 INFO mapreduce.Job: Job job_1592143748615_0004 running in uber mode : false
20/06/14 23:19:14 INFO mapreduce.Job:  map 0% reduce 0%
20/06/14 23:19:27 INFO mapreduce.Job:  map 1% reduce 0%
20/06/14 23:19:29 INFO mapreduce.Job:  map 2% reduce 0%
20/06/14 23:19:36 INFO mapreduce.Job:  map 3% reduce 0%
20/06/14 23:19:42 INFO mapreduce.Job:  map 4% reduce 0%
20/06/14 23:19:49 INFO mapreduce.Job:  map 5% reduce 0%
20/06/14 23:19:54 INFO mapreduce.Job:  map 6% reduce 0%
20/06/14 23:19:58 INFO mapreduce.Job:  map 7% reduce 0%
20/06/14 23:20:01 INFO mapreduce.Job:  map 8% reduce 0%
20/06/14 23:20:07 INFO mapreduce.Job:  map 9% reduce 0%
20/06/14 23:20:14 INFO mapreduce.Job:  map 10% reduce 0%
20/06/14 23:20:17 INFO mapreduce.Job:  map 11% reduce 0%
20/06/14 23:20:21 INFO mapreduce.Job:  map 13% reduce 0%
20/06/14 23:20:29 INFO mapreduce.Job:  map 14% reduce 0%
20/06/14 23:20:35 INFO mapreduce.Job:  map 15% reduce 0%
20/06/14 23:20:38 INFO mapreduce.Job:  map 16% reduce 0%
20/06/14 23:20:44 INFO mapreduce.Job:  map 17% reduce 0%
20/06/14 23:20:47 INFO mapreduce.Job:  map 18% reduce 0%
20/06/14 23:20:49 INFO mapreduce.Job:  map 18% reduce 5%
20/06/14 23:20:54 INFO mapreduce.Job:  map 19% reduce 5%
20/06/14 23:20:58 INFO mapreduce.Job:  map 20% reduce 5%
20/06/14 23:21:03 INFO mapreduce.Job:  map 21% reduce 5%
20/06/14 23:21:09 INFO mapreduce.Job:  map 22% reduce 5%
20/06/14 23:21:11 INFO mapreduce.Job:  map 23% reduce 6%
20/06/14 23:21:15 INFO mapreduce.Job:  map 24% reduce 6%
20/06/14 23:21:17 INFO mapreduce.Job:  map 24% reduce 7%
20/06/14 23:21:19 INFO mapreduce.Job:  map 25% reduce 7%
20/06/14 23:21:21 INFO mapreduce.Job:  map 26% reduce 7%
20/06/14 23:21:23 INFO mapreduce.Job:  map 26% reduce 8%
20/06/14 23:21:26 INFO mapreduce.Job:  map 26% reduce 9%
20/06/14 23:21:27 INFO mapreduce.Job:  map 27% reduce 9%
20/06/14 23:21:30 INFO mapreduce.Job:  map 28% reduce 9%
20/06/14 23:21:36 INFO mapreduce.Job:  map 29% reduce 9%
20/06/14 23:21:40 INFO mapreduce.Job:  map 30% reduce 9%
20/06/14 23:21:43 INFO mapreduce.Job:  map 31% reduce 9%
20/06/14 23:21:48 INFO mapreduce.Job:  map 31% reduce 10%
20/06/14 23:21:50 INFO mapreduce.Job:  map 32% reduce 10%
20/06/14 23:21:55 INFO mapreduce.Job:  map 33% reduce 10%
20/06/14 23:21:56 INFO mapreduce.Job:  map 34% reduce 10%
20/06/14 23:22:02 INFO mapreduce.Job:  map 35% reduce 10%
20/06/14 23:22:04 INFO mapreduce.Job:  map 36% reduce 10%
20/06/14 23:22:07 INFO mapreduce.Job:  map 37% reduce 10%
20/06/14 23:22:08 INFO mapreduce.Job:  map 37% reduce 11%
20/06/14 23:22:11 INFO mapreduce.Job:  map 38% reduce 11%
20/06/14 23:22:14 INFO mapreduce.Job:  map 39% reduce 11%
20/06/14 23:22:15 INFO mapreduce.Job:  map 39% reduce 12%
20/06/14 23:22:17 INFO mapreduce.Job:  map 40% reduce 12%
20/06/14 23:22:20 INFO mapreduce.Job:  map 40% reduce 13%
20/06/14 23:22:21 INFO mapreduce.Job:  map 41% reduce 13%
20/06/14 23:22:27 INFO mapreduce.Job:  map 42% reduce 13%
20/06/14 23:22:31 INFO mapreduce.Job:  map 43% reduce 13%
20/06/14 23:22:34 INFO mapreduce.Job:  map 44% reduce 13%
20/06/14 23:22:36 INFO mapreduce.Job:  map 44% reduce 14%
20/06/14 23:22:39 INFO mapreduce.Job:  map 45% reduce 14%
20/06/14 23:22:44 INFO mapreduce.Job:  map 46% reduce 14%
20/06/14 23:22:49 INFO mapreduce.Job:  map 47% reduce 14%
20/06/14 23:22:54 INFO mapreduce.Job:  map 48% reduce 14%
20/06/14 23:23:00 INFO mapreduce.Job:  map 49% reduce 14%
20/06/14 23:23:02 INFO mapreduce.Job:  map 50% reduce 14%
20/06/14 23:23:03 INFO mapreduce.Job:  map 50% reduce 15%
20/06/14 23:23:05 INFO mapreduce.Job:  map 51% reduce 15%
20/06/14 23:23:06 INFO mapreduce.Job:  map 51% reduce 16%
20/06/14 23:23:10 INFO mapreduce.Job:  map 52% reduce 16%
20/06/14 23:23:14 INFO mapreduce.Job:  map 53% reduce 16%
20/06/14 23:23:16 INFO mapreduce.Job:  map 53% reduce 17%
20/06/14 23:23:17 INFO mapreduce.Job:  map 54% reduce 17%
20/06/14 23:23:22 INFO mapreduce.Job:  map 55% reduce 17%
20/06/14 23:23:25 INFO mapreduce.Job:  map 55% reduce 18%
20/06/14 23:23:26 INFO mapreduce.Job:  map 56% reduce 18%
20/06/14 23:23:31 INFO mapreduce.Job:  map 57% reduce 18%
20/06/14 23:23:34 INFO mapreduce.Job:  map 58% reduce 18%
20/06/14 23:23:36 INFO mapreduce.Job:  map 58% reduce 19%
20/06/14 23:23:39 INFO mapreduce.Job:  map 59% reduce 19%
20/06/14 23:23:45 INFO mapreduce.Job:  map 60% reduce 19%
20/06/14 23:23:48 INFO mapreduce.Job:  map 61% reduce 19%
20/06/14 23:23:55 INFO mapreduce.Job:  map 62% reduce 19%
20/06/14 23:23:58 INFO mapreduce.Job:  map 63% reduce 19%
20/06/14 23:24:01 INFO mapreduce.Job:  map 64% reduce 19%
20/06/14 23:24:04 INFO mapreduce.Job:  map 64% reduce 20%
20/06/14 23:24:05 INFO mapreduce.Job:  map 65% reduce 20%
20/06/14 23:24:10 INFO mapreduce.Job:  map 66% reduce 21%
20/06/14 23:24:11 INFO mapreduce.Job:  map 67% reduce 21%
20/06/14 23:24:13 INFO mapreduce.Job:  map 67% reduce 22%
20/06/14 23:24:18 INFO mapreduce.Job:  map 68% reduce 22%
20/06/14 23:24:23 INFO mapreduce.Job:  map 69% reduce 22%
20/06/14 23:24:27 INFO mapreduce.Job:  map 70% reduce 22%
20/06/14 23:24:31 INFO mapreduce.Job:  map 71% reduce 22%
20/06/14 23:24:34 INFO mapreduce.Job:  map 72% reduce 23%
20/06/14 23:24:42 INFO mapreduce.Job:  map 73% reduce 23%
20/06/14 23:24:46 INFO mapreduce.Job:  map 74% reduce 23%
20/06/14 23:24:51 INFO mapreduce.Job:  map 75% reduce 23%
20/06/14 23:24:55 INFO mapreduce.Job:  map 76% reduce 24%
20/06/14 23:25:00 INFO mapreduce.Job:  map 77% reduce 24%
20/06/14 23:25:02 INFO mapreduce.Job:  map 78% reduce 24%
20/06/14 23:25:04 INFO mapreduce.Job:  map 78% reduce 25%
20/06/14 23:25:05 INFO mapreduce.Job:  map 79% reduce 25%
20/06/14 23:25:07 INFO mapreduce.Job:  map 79% reduce 26%
20/06/14 23:25:08 INFO mapreduce.Job:  map 80% reduce 26%
20/06/14 23:25:13 INFO mapreduce.Job:  map 81% reduce 27%
20/06/14 23:25:20 INFO mapreduce.Job:  map 82% reduce 27%
20/06/14 23:25:24 INFO mapreduce.Job:  map 83% reduce 27%
20/06/14 23:25:29 INFO mapreduce.Job:  map 84% reduce 27%
20/06/14 23:25:33 INFO mapreduce.Job:  map 85% reduce 27%
20/06/14 23:25:36 INFO mapreduce.Job:  map 86% reduce 27%
20/06/14 23:25:43 INFO mapreduce.Job:  map 87% reduce 27%
20/06/14 23:25:44 INFO mapreduce.Job:  map 88% reduce 28%
20/06/14 23:25:46 INFO mapreduce.Job:  map 89% reduce 28%
20/06/14 23:25:50 INFO mapreduce.Job:  map 89% reduce 29%
20/06/14 23:25:52 INFO mapreduce.Job:  map 91% reduce 29%
20/06/14 23:25:54 INFO mapreduce.Job:  map 92% reduce 29%
20/06/14 23:25:56 INFO mapreduce.Job:  map 93% reduce 30%
20/06/14 23:26:01 INFO mapreduce.Job:  map 94% reduce 30%
20/06/14 23:26:03 INFO mapreduce.Job:  map 96% reduce 30%
20/06/14 23:26:06 INFO mapreduce.Job:  map 98% reduce 32%
20/06/14 23:26:07 INFO mapreduce.Job:  map 100% reduce 32%
20/06/14 23:26:09 INFO mapreduce.Job:  map 100% reduce 33%
20/06/14 23:26:12 INFO mapreduce.Job:  map 100% reduce 69%
20/06/14 23:26:15 INFO mapreduce.Job:  map 100% reduce 75%
20/06/14 23:26:18 INFO mapreduce.Job:  map 100% reduce 80%
20/06/14 23:26:21 INFO mapreduce.Job:  map 100% reduce 86%
20/06/14 23:26:24 INFO mapreduce.Job:  map 100% reduce 94%
20/06/14 23:26:26 INFO mapreduce.Job:  map 100% reduce 100%
20/06/14 23:26:26 INFO mapreduce.Job: Job job_1592143748615_0004 completed successfully
20/06/14 23:26:26 INFO mapreduce.Job: Counters: 51
	File System Counters
		FILE: Number of bytes read=1482306874
		FILE: Number of bytes written=2210761253
		FILE: Number of read operations=0
		FILE: Number of large read operations=0
		FILE: Number of write operations=0
		HDFS: Number of bytes read=11025540221
		HDFS: Number of bytes written=347354117
		HDFS: Number of read operations=273
		HDFS: Number of large read operations=0
		HDFS: Number of write operations=2
	Job Counters 
		Killed map tasks=1
		Launched map tasks=91
		Launched reduce tasks=1
		Data-local map tasks=63
		Rack-local map tasks=28
		Total time spent by all maps in occupied slots (ms)=3640912
		Total time spent by all reduces in occupied slots (ms)=346205
		Total time spent by all map tasks (ms)=3640912
		Total time spent by all reduce tasks (ms)=346205
		Total vcore-milliseconds taken by all map tasks=3640912
		Total vcore-milliseconds taken by all reduce tasks=346205
		Total megabyte-milliseconds taken by all map tasks=3728293888
		Total megabyte-milliseconds taken by all reduce tasks=354513920
	Map-Reduce Framework
		Map input records=266135
		Map output records=1009302746
		Map output bytes=15216278814
		Map output materialized bytes=717302486
		Input split bytes=10530
		Combine input records=1034075248
		Combine output records=47417814
		Reduce input groups=9909070
		Reduce shuffle bytes=717302486
		Reduce input records=22645312
		Reduce output records=9909070
		Spilled Records=70063126
		Shuffled Maps =90
		Failed Shuffles=0
		Merged Map outputs=90
		GC time elapsed (ms)=64832
		CPU time spent (ms)=2096880
		Physical memory (bytes) snapshot=25078231040
		Virtual memory (bytes) snapshot=191962030080
		Total committed heap usage (bytes)=18913689600
	Shuffle Errors
		BAD_ID=0
		CONNECTION=0
		IO_ERROR=0
		WRONG_LENGTH=0
		WRONG_MAP=0
		WRONG_REDUCE=0
	File Input Format Counters 
		Bytes Read=11025529691
	File Output Format Counters 
		Bytes Written=347354117
