20/06/15 02:28:01 INFO client.RMProxy: Connecting to ResourceManager at master/10.51.17.95:8032
20/06/15 02:28:01 INFO input.FileInputFormat: Total input paths to process : 10
20/06/15 02:28:02 INFO mapreduce.JobSubmitter: number of splits:90
20/06/15 02:28:02 INFO mapreduce.JobSubmitter: Submitting tokens for job: job_1592151190790_0013
20/06/15 02:28:02 INFO impl.YarnClientImpl: Submitted application application_1592151190790_0013
20/06/15 02:28:02 INFO mapreduce.Job: The url to track the job: http://master:8088/proxy/application_1592151190790_0013/
20/06/15 02:28:02 INFO mapreduce.Job: Running job: job_1592151190790_0013
20/06/15 02:28:07 INFO mapreduce.Job: Job job_1592151190790_0013 running in uber mode : false
20/06/15 02:28:07 INFO mapreduce.Job:  map 0% reduce 0%
20/06/15 02:28:21 INFO mapreduce.Job:  map 1% reduce 0%
20/06/15 02:28:23 INFO mapreduce.Job:  map 2% reduce 0%
20/06/15 02:28:29 INFO mapreduce.Job:  map 3% reduce 0%
20/06/15 02:28:37 INFO mapreduce.Job:  map 4% reduce 0%
20/06/15 02:28:41 INFO mapreduce.Job:  map 5% reduce 0%
20/06/15 02:28:47 INFO mapreduce.Job:  map 6% reduce 0%
20/06/15 02:28:52 INFO mapreduce.Job:  map 7% reduce 0%
20/06/15 02:28:56 INFO mapreduce.Job:  map 8% reduce 0%
20/06/15 02:29:02 INFO mapreduce.Job:  map 9% reduce 0%
20/06/15 02:29:04 INFO mapreduce.Job:  map 10% reduce 0%
20/06/15 02:29:08 INFO mapreduce.Job:  map 12% reduce 0%
20/06/15 02:29:18 INFO mapreduce.Job:  map 13% reduce 0%
20/06/15 02:29:23 INFO mapreduce.Job:  map 14% reduce 0%
20/06/15 02:29:24 INFO mapreduce.Job:  map 15% reduce 0%
20/06/15 02:29:25 INFO mapreduce.Job:  map 16% reduce 0%
20/06/15 02:29:28 INFO mapreduce.Job:  map 17% reduce 0%
20/06/15 02:29:36 INFO mapreduce.Job:  map 18% reduce 0%
20/06/15 02:29:41 INFO mapreduce.Job:  map 18% reduce 5%
20/06/15 02:29:42 INFO mapreduce.Job:  map 19% reduce 5%
20/06/15 02:29:45 INFO mapreduce.Job:  map 20% reduce 5%
20/06/15 02:29:54 INFO mapreduce.Job:  map 21% reduce 5%
20/06/15 02:29:57 INFO mapreduce.Job:  map 22% reduce 5%
20/06/15 02:30:03 INFO mapreduce.Job:  map 23% reduce 6%
20/06/15 02:30:06 INFO mapreduce.Job:  map 24% reduce 6%
20/06/15 02:30:11 INFO mapreduce.Job:  map 25% reduce 6%
20/06/15 02:30:14 INFO mapreduce.Job:  map 26% reduce 6%
20/06/15 02:30:15 INFO mapreduce.Job:  map 26% reduce 7%
20/06/15 02:30:18 INFO mapreduce.Job:  map 27% reduce 7%
20/06/15 02:30:25 INFO mapreduce.Job:  map 28% reduce 7%
20/06/15 02:30:28 INFO mapreduce.Job:  map 29% reduce 7%
20/06/15 02:30:33 INFO mapreduce.Job:  map 30% reduce 7%
20/06/15 02:30:37 INFO mapreduce.Job:  map 31% reduce 8%
20/06/15 02:30:39 INFO mapreduce.Job:  map 32% reduce 8%
20/06/15 02:30:40 INFO mapreduce.Job:  map 32% reduce 9%
20/06/15 02:30:42 INFO mapreduce.Job:  map 33% reduce 9%
20/06/15 02:30:43 INFO mapreduce.Job:  map 33% reduce 10%
20/06/15 02:30:50 INFO mapreduce.Job:  map 34% reduce 10%
20/06/15 02:30:55 INFO mapreduce.Job:  map 35% reduce 10%
20/06/15 02:30:58 INFO mapreduce.Job:  map 36% reduce 10%
20/06/15 02:31:03 INFO mapreduce.Job:  map 37% reduce 10%
20/06/15 02:31:04 INFO mapreduce.Job:  map 37% reduce 11%
20/06/15 02:31:07 INFO mapreduce.Job:  map 38% reduce 11%
20/06/15 02:31:15 INFO mapreduce.Job:  map 39% reduce 11%
20/06/15 02:31:16 INFO mapreduce.Job:  map 40% reduce 12%
20/06/15 02:31:20 INFO mapreduce.Job:  map 41% reduce 12%
20/06/15 02:31:27 INFO mapreduce.Job:  map 42% reduce 12%
20/06/15 02:31:31 INFO mapreduce.Job:  map 43% reduce 12%
20/06/15 02:31:37 INFO mapreduce.Job:  map 44% reduce 12%
20/06/15 02:31:40 INFO mapreduce.Job:  map 44% reduce 13%
20/06/15 02:31:41 INFO mapreduce.Job:  map 45% reduce 13%
20/06/15 02:31:43 INFO mapreduce.Job:  map 46% reduce 13%
20/06/15 02:31:48 INFO mapreduce.Job:  map 47% reduce 13%
20/06/15 02:31:49 INFO mapreduce.Job:  map 47% reduce 14%
20/06/15 02:31:53 INFO mapreduce.Job:  map 48% reduce 14%
20/06/15 02:31:55 INFO mapreduce.Job:  map 49% reduce 15%
20/06/15 02:31:58 INFO mapreduce.Job:  map 50% reduce 15%
20/06/15 02:32:02 INFO mapreduce.Job:  map 50% reduce 16%
20/06/15 02:32:04 INFO mapreduce.Job:  map 51% reduce 16%
20/06/15 02:32:09 INFO mapreduce.Job:  map 52% reduce 16%
20/06/15 02:32:14 INFO mapreduce.Job:  map 53% reduce 16%
20/06/15 02:32:18 INFO mapreduce.Job:  map 54% reduce 16%
20/06/15 02:32:20 INFO mapreduce.Job:  map 54% reduce 17%
20/06/15 02:32:22 INFO mapreduce.Job:  map 55% reduce 17%
20/06/15 02:32:29 INFO mapreduce.Job:  map 56% reduce 17%
20/06/15 02:32:32 INFO mapreduce.Job:  map 57% reduce 17%
20/06/15 02:32:41 INFO mapreduce.Job:  map 58% reduce 17%
20/06/15 02:32:44 INFO mapreduce.Job:  map 59% reduce 17%
20/06/15 02:32:49 INFO mapreduce.Job:  map 60% reduce 17%
20/06/15 02:32:52 INFO mapreduce.Job:  map 61% reduce 17%
20/06/15 02:32:54 INFO mapreduce.Job:  map 62% reduce 18%
20/06/15 02:32:56 INFO mapreduce.Job:  map 63% reduce 18%
20/06/15 02:32:57 INFO mapreduce.Job:  map 63% reduce 20%
20/06/15 02:33:03 INFO mapreduce.Job:  map 64% reduce 20%
20/06/15 02:33:08 INFO mapreduce.Job:  map 65% reduce 20%
20/06/15 02:33:09 INFO mapreduce.Job:  map 66% reduce 21%
20/06/15 02:33:19 INFO mapreduce.Job:  map 67% reduce 21%
20/06/15 02:33:20 INFO mapreduce.Job:  map 68% reduce 21%
20/06/15 02:33:22 INFO mapreduce.Job:  map 68% reduce 22%
20/06/15 02:33:26 INFO mapreduce.Job:  map 69% reduce 22%
20/06/15 02:33:32 INFO mapreduce.Job:  map 70% reduce 22%
20/06/15 02:33:37 INFO mapreduce.Job:  map 71% reduce 22%
20/06/15 02:33:43 INFO mapreduce.Job:  map 72% reduce 22%
20/06/15 02:33:48 INFO mapreduce.Job:  map 73% reduce 22%
20/06/15 02:33:54 INFO mapreduce.Job:  map 74% reduce 22%
20/06/15 02:33:57 INFO mapreduce.Job:  map 75% reduce 22%
20/06/15 02:33:58 INFO mapreduce.Job:  map 75% reduce 23%
20/06/15 02:34:01 INFO mapreduce.Job:  map 76% reduce 23%
20/06/15 02:34:07 INFO mapreduce.Job:  map 77% reduce 23%
20/06/15 02:34:08 INFO mapreduce.Job:  map 77% reduce 24%
20/06/15 02:34:09 INFO mapreduce.Job:  map 78% reduce 24%
20/06/15 02:34:10 INFO mapreduce.Job:  map 79% reduce 24%
20/06/15 02:34:14 INFO mapreduce.Job:  map 79% reduce 25%
20/06/15 02:34:18 INFO mapreduce.Job:  map 80% reduce 25%
20/06/15 02:34:20 INFO mapreduce.Job:  map 81% reduce 26%
20/06/15 02:34:23 INFO mapreduce.Job:  map 82% reduce 26%
20/06/15 02:34:25 INFO mapreduce.Job:  map 83% reduce 26%
20/06/15 02:34:26 INFO mapreduce.Job:  map 83% reduce 27%
20/06/15 02:34:30 INFO mapreduce.Job:  map 84% reduce 27%
20/06/15 02:34:34 INFO mapreduce.Job:  map 85% reduce 27%
20/06/15 02:34:35 INFO mapreduce.Job:  map 86% reduce 27%
20/06/15 02:34:38 INFO mapreduce.Job:  map 88% reduce 27%
20/06/15 02:34:43 INFO mapreduce.Job:  map 89% reduce 27%
20/06/15 02:34:47 INFO mapreduce.Job:  map 90% reduce 27%
20/06/15 02:34:48 INFO mapreduce.Job:  map 91% reduce 29%
20/06/15 02:34:51 INFO mapreduce.Job:  map 92% reduce 29%
20/06/15 02:34:56 INFO mapreduce.Job:  map 93% reduce 29%
20/06/15 02:34:57 INFO mapreduce.Job:  map 94% reduce 29%
20/06/15 02:34:58 INFO mapreduce.Job:  map 95% reduce 29%
20/06/15 02:34:59 INFO mapreduce.Job:  map 95% reduce 30%
20/06/15 02:35:00 INFO mapreduce.Job:  map 97% reduce 30%
20/06/15 02:35:04 INFO mapreduce.Job:  map 98% reduce 30%
20/06/15 02:35:06 INFO mapreduce.Job:  map 98% reduce 31%
20/06/15 02:35:07 INFO mapreduce.Job:  map 99% reduce 31%
20/06/15 02:35:09 INFO mapreduce.Job:  map 100% reduce 32%
20/06/15 02:35:12 INFO mapreduce.Job:  map 100% reduce 67%
20/06/15 02:35:15 INFO mapreduce.Job:  map 100% reduce 71%
20/06/15 02:35:18 INFO mapreduce.Job:  map 100% reduce 76%
20/06/15 02:35:21 INFO mapreduce.Job:  map 100% reduce 81%
20/06/15 02:35:24 INFO mapreduce.Job:  map 100% reduce 87%
20/06/15 02:35:27 INFO mapreduce.Job:  map 100% reduce 95%
20/06/15 02:35:30 INFO mapreduce.Job:  map 100% reduce 100%
20/06/15 02:35:36 INFO mapreduce.Job: Job job_1592151190790_0013 completed successfully
20/06/15 02:35:36 INFO mapreduce.Job: Counters: 51
	File System Counters
		FILE: Number of bytes read=1746970146
		FILE: Number of bytes written=2588178371
		FILE: Number of read operations=0
		FILE: Number of large read operations=0
		FILE: Number of write operations=0
		HDFS: Number of bytes read=11025808917
		HDFS: Number of bytes written=508018589
		HDFS: Number of read operations=273
		HDFS: Number of large read operations=0
		HDFS: Number of write operations=2
	Job Counters 
		Killed map tasks=1
		Launched map tasks=91
		Launched reduce tasks=1
		Data-local map tasks=89
		Rack-local map tasks=2
		Total time spent by all maps in occupied slots (ms)=5371868
		Total time spent by all reduces in occupied slots (ms)=365799
		Total time spent by all map tasks (ms)=5371868
		Total time spent by all reduce tasks (ms)=365799
		Total vcore-milliseconds taken by all map tasks=5371868
		Total vcore-milliseconds taken by all reduce tasks=365799
		Total megabyte-milliseconds taken by all map tasks=5500792832
		Total megabyte-milliseconds taken by all reduce tasks=374578176
	Map-Reduce Framework
		Map input records=723909
		Map output records=1009452896
		Map output bytes=19272496597
		Map output materialized bytes=830025119
		Input split bytes=10530
		Combine input records=1034439016
		Combine output records=47586699
		Reduce input groups=9841634
		Reduce shuffle bytes=830025119
		Reduce input records=22600579
		Reduce output records=9841634
		Spilled Records=70865130
		Shuffled Maps =90
		Failed Shuffles=0
		Merged Map outputs=90
		GC time elapsed (ms)=111896
		CPU time spent (ms)=2185320
		Physical memory (bytes) snapshot=25072050176
		Virtual memory (bytes) snapshot=191885180928
		Total committed heap usage (bytes)=18938331136
	Shuffle Errors
		BAD_ID=0
		CONNECTION=0
		IO_ERROR=0
		WRONG_LENGTH=0
		WRONG_MAP=0
		WRONG_REDUCE=0
	File Input Format Counters 
		Bytes Read=11025798387
	File Output Format Counters 
		Bytes Written=508018589
20/06/15 02:35:36 INFO client.RMProxy: Connecting to ResourceManager at master/10.51.17.95:8032
20/06/15 02:35:37 INFO input.FileInputFormat: Total input paths to process : 1
20/06/15 02:35:37 INFO mapreduce.JobSubmitter: number of splits:4
20/06/15 02:35:37 INFO mapreduce.JobSubmitter: Submitting tokens for job: job_1592151190790_0014
20/06/15 02:35:38 INFO impl.YarnClientImpl: Submitted application application_1592151190790_0014
20/06/15 02:35:38 INFO mapreduce.Job: The url to track the job: http://master:8088/proxy/application_1592151190790_0014/
20/06/15 02:35:38 INFO mapreduce.Job: Running job: job_1592151190790_0014
20/06/15 02:35:46 INFO mapreduce.Job: Job job_1592151190790_0014 running in uber mode : false
20/06/15 02:35:46 INFO mapreduce.Job:  map 0% reduce 0%
20/06/15 02:35:58 INFO mapreduce.Job:  map 55% reduce 0%
20/06/15 02:36:01 INFO mapreduce.Job:  map 81% reduce 0%
20/06/15 02:36:04 INFO mapreduce.Job:  map 96% reduce 0%
20/06/15 02:36:07 INFO mapreduce.Job:  map 100% reduce 0%
20/06/15 02:36:12 INFO mapreduce.Job:  map 100% reduce 78%
20/06/15 02:36:15 INFO mapreduce.Job:  map 100% reduce 81%
20/06/15 02:36:18 INFO mapreduce.Job:  map 100% reduce 86%
20/06/15 02:36:21 INFO mapreduce.Job:  map 100% reduce 92%
20/06/15 02:36:24 INFO mapreduce.Job:  map 100% reduce 96%
20/06/15 02:36:26 INFO mapreduce.Job:  map 100% reduce 100%
20/06/15 02:36:27 INFO mapreduce.Job: Job job_1592151190790_0014 completed successfully
20/06/15 02:36:27 INFO mapreduce.Job: Counters: 49
	File System Counters
		FILE: Number of bytes read=888024150
		FILE: Number of bytes written=1332648048
		FILE: Number of read operations=0
		FILE: Number of large read operations=0
		FILE: Number of write operations=0
		HDFS: Number of bytes read=508021626
		HDFS: Number of bytes written=365936045
		HDFS: Number of read operations=19
		HDFS: Number of large read operations=0
		HDFS: Number of write operations=2
	Job Counters 
		Launched map tasks=4
		Launched reduce tasks=1
		Data-local map tasks=4
		Total time spent by all maps in occupied slots (ms)=68096
		Total time spent by all reduces in occupied slots (ms)=22032
		Total time spent by all map tasks (ms)=68096
		Total time spent by all reduce tasks (ms)=22032
		Total vcore-milliseconds taken by all map tasks=68096
		Total vcore-milliseconds taken by all reduce tasks=22032
		Total megabyte-milliseconds taken by all map tasks=69730304
		Total megabyte-milliseconds taken by all reduce tasks=22560768
	Map-Reduce Framework
		Map input records=9841634
		Map output records=9841634
		Map output bytes=424328771
		Map output materialized bytes=444012063
		Input split bytes=508
		Combine input records=0
		Combine output records=0
		Reduce input groups=1235
		Reduce shuffle bytes=444012063
		Reduce input records=9841634
		Reduce output records=9841634
		Spilled Records=29524902
		Shuffled Maps =4
		Failed Shuffles=0
		Merged Map outputs=4
		GC time elapsed (ms)=2088
		CPU time spent (ms)=46230
		Physical memory (bytes) snapshot=1273094144
		Virtual memory (bytes) snapshot=10556882944
		Total committed heap usage (bytes)=943194112
	Shuffle Errors
		BAD_ID=0
		CONNECTION=0
		IO_ERROR=0
		WRONG_LENGTH=0
		WRONG_MAP=0
		WRONG_REDUCE=0
	File Input Format Counters 
		Bytes Read=508021118
	File Output Format Counters 
		Bytes Written=365936045
