20/06/15 03:04:00 INFO client.RMProxy: Connecting to ResourceManager at master/10.51.17.95:8032
20/06/15 03:04:01 INFO input.FileInputFormat: Total input paths to process : 10
20/06/15 03:04:01 INFO mapreduce.JobSubmitter: number of splits:90
20/06/15 03:04:02 INFO mapreduce.JobSubmitter: Submitting tokens for job: job_1592151190790_0021
20/06/15 03:04:02 INFO impl.YarnClientImpl: Submitted application application_1592151190790_0021
20/06/15 03:04:02 INFO mapreduce.Job: The url to track the job: http://master:8088/proxy/application_1592151190790_0021/
20/06/15 03:04:02 INFO mapreduce.Job: Running job: job_1592151190790_0021
20/06/15 03:04:07 INFO mapreduce.Job: Job job_1592151190790_0021 running in uber mode : false
20/06/15 03:04:07 INFO mapreduce.Job:  map 0% reduce 0%
20/06/15 03:04:21 INFO mapreduce.Job:  map 1% reduce 0%
20/06/15 03:04:23 INFO mapreduce.Job:  map 2% reduce 0%
20/06/15 03:04:27 INFO mapreduce.Job:  map 3% reduce 0%
20/06/15 03:04:35 INFO mapreduce.Job:  map 4% reduce 0%
20/06/15 03:04:40 INFO mapreduce.Job:  map 5% reduce 0%
20/06/15 03:04:47 INFO mapreduce.Job:  map 6% reduce 0%
20/06/15 03:04:51 INFO mapreduce.Job:  map 7% reduce 0%
20/06/15 03:04:55 INFO mapreduce.Job:  map 8% reduce 0%
20/06/15 03:05:01 INFO mapreduce.Job:  map 9% reduce 0%
20/06/15 03:05:03 INFO mapreduce.Job:  map 10% reduce 0%
20/06/15 03:05:07 INFO mapreduce.Job:  map 11% reduce 0%
20/06/15 03:05:08 INFO mapreduce.Job:  map 12% reduce 0%
20/06/15 03:05:16 INFO mapreduce.Job:  map 13% reduce 0%
20/06/15 03:05:21 INFO mapreduce.Job:  map 14% reduce 0%
20/06/15 03:05:23 INFO mapreduce.Job:  map 15% reduce 0%
20/06/15 03:05:25 INFO mapreduce.Job:  map 16% reduce 0%
20/06/15 03:05:30 INFO mapreduce.Job:  map 17% reduce 0%
20/06/15 03:05:35 INFO mapreduce.Job:  map 18% reduce 0%
20/06/15 03:05:37 INFO mapreduce.Job:  map 18% reduce 5%
20/06/15 03:05:39 INFO mapreduce.Job:  map 19% reduce 5%
20/06/15 03:05:44 INFO mapreduce.Job:  map 20% reduce 5%
20/06/15 03:05:49 INFO mapreduce.Job:  map 21% reduce 5%
20/06/15 03:05:56 INFO mapreduce.Job:  map 22% reduce 5%
20/06/15 03:06:02 INFO mapreduce.Job:  map 23% reduce 5%
20/06/15 03:06:04 INFO mapreduce.Job:  map 24% reduce 5%
20/06/15 03:06:05 INFO mapreduce.Job:  map 24% reduce 6%
20/06/15 03:06:06 INFO mapreduce.Job:  map 25% reduce 6%
20/06/15 03:06:08 INFO mapreduce.Job:  map 25% reduce 7%
20/06/15 03:06:12 INFO mapreduce.Job:  map 26% reduce 7%
20/06/15 03:06:17 INFO mapreduce.Job:  map 27% reduce 7%
20/06/15 03:06:22 INFO mapreduce.Job:  map 28% reduce 7%
20/06/15 03:06:28 INFO mapreduce.Job:  map 29% reduce 7%
20/06/15 03:06:33 INFO mapreduce.Job:  map 30% reduce 7%
20/06/15 03:06:35 INFO mapreduce.Job:  map 31% reduce 9%
20/06/15 03:06:37 INFO mapreduce.Job:  map 32% reduce 9%
20/06/15 03:06:42 INFO mapreduce.Job:  map 32% reduce 10%
20/06/15 03:06:43 INFO mapreduce.Job:  map 33% reduce 10%
20/06/15 03:06:48 INFO mapreduce.Job:  map 34% reduce 10%
20/06/15 03:06:52 INFO mapreduce.Job:  map 35% reduce 10%
20/06/15 03:06:57 INFO mapreduce.Job:  map 36% reduce 10%
20/06/15 03:07:02 INFO mapreduce.Job:  map 37% reduce 10%
20/06/15 03:07:04 INFO mapreduce.Job:  map 38% reduce 10%
20/06/15 03:07:06 INFO mapreduce.Job:  map 38% reduce 11%
20/06/15 03:07:08 INFO mapreduce.Job:  map 39% reduce 11%
20/06/15 03:07:09 INFO mapreduce.Job:  map 39% reduce 12%
20/06/15 03:07:14 INFO mapreduce.Job:  map 40% reduce 12%
20/06/15 03:07:17 INFO mapreduce.Job:  map 41% reduce 12%
20/06/15 03:07:24 INFO mapreduce.Job:  map 42% reduce 12%
20/06/15 03:07:29 INFO mapreduce.Job:  map 43% reduce 12%
20/06/15 03:07:34 INFO mapreduce.Job:  map 44% reduce 12%
20/06/15 03:07:39 INFO mapreduce.Job:  map 45% reduce 12%
20/06/15 03:07:42 INFO mapreduce.Job:  map 46% reduce 12%
20/06/15 03:07:44 INFO mapreduce.Job:  map 47% reduce 12%
20/06/15 03:07:46 INFO mapreduce.Job:  map 47% reduce 14%
20/06/15 03:07:47 INFO mapreduce.Job:  map 48% reduce 14%
20/06/15 03:07:52 INFO mapreduce.Job:  map 49% reduce 15%
20/06/15 03:07:56 INFO mapreduce.Job:  map 50% reduce 15%
20/06/15 03:07:58 INFO mapreduce.Job:  map 50% reduce 16%
20/06/15 03:07:59 INFO mapreduce.Job:  map 51% reduce 16%
20/06/15 03:08:05 INFO mapreduce.Job:  map 52% reduce 16%
20/06/15 03:08:08 INFO mapreduce.Job:  map 52% reduce 17%
20/06/15 03:08:09 INFO mapreduce.Job:  map 53% reduce 17%
20/06/15 03:08:14 INFO mapreduce.Job:  map 54% reduce 17%
20/06/15 03:08:18 INFO mapreduce.Job:  map 55% reduce 17%
20/06/15 03:08:25 INFO mapreduce.Job:  map 56% reduce 17%
20/06/15 03:08:29 INFO mapreduce.Job:  map 57% reduce 17%
20/06/15 03:08:35 INFO mapreduce.Job:  map 58% reduce 17%
20/06/15 03:08:40 INFO mapreduce.Job:  map 59% reduce 17%
20/06/15 03:08:45 INFO mapreduce.Job:  map 60% reduce 17%
20/06/15 03:08:50 INFO mapreduce.Job:  map 61% reduce 17%
20/06/15 03:08:53 INFO mapreduce.Job:  map 63% reduce 18%
20/06/15 03:08:55 INFO mapreduce.Job:  map 64% reduce 18%
20/06/15 03:08:56 INFO mapreduce.Job:  map 64% reduce 20%
20/06/15 03:08:59 INFO mapreduce.Job:  map 65% reduce 20%
20/06/15 03:09:02 INFO mapreduce.Job:  map 65% reduce 21%
20/06/15 03:09:03 INFO mapreduce.Job:  map 66% reduce 21%
20/06/15 03:09:08 INFO mapreduce.Job:  map 67% reduce 21%
20/06/15 03:09:11 INFO mapreduce.Job:  map 67% reduce 22%
20/06/15 03:09:12 INFO mapreduce.Job:  map 68% reduce 22%
20/06/15 03:09:20 INFO mapreduce.Job:  map 69% reduce 22%
20/06/15 03:09:23 INFO mapreduce.Job:  map 70% reduce 22%
20/06/15 03:09:30 INFO mapreduce.Job:  map 71% reduce 22%
20/06/15 03:09:34 INFO mapreduce.Job:  map 72% reduce 22%
20/06/15 03:09:39 INFO mapreduce.Job:  map 73% reduce 22%
20/06/15 03:09:45 INFO mapreduce.Job:  map 74% reduce 22%
20/06/15 03:09:48 INFO mapreduce.Job:  map 75% reduce 23%
20/06/15 03:09:54 INFO mapreduce.Job:  map 76% reduce 23%
20/06/15 03:09:57 INFO mapreduce.Job:  map 77% reduce 23%
20/06/15 03:09:58 INFO mapreduce.Job:  map 78% reduce 23%
20/06/15 03:10:00 INFO mapreduce.Job:  map 78% reduce 24%
20/06/15 03:10:01 INFO mapreduce.Job:  map 79% reduce 24%
20/06/15 03:10:03 INFO mapreduce.Job:  map 79% reduce 25%
20/06/15 03:10:07 INFO mapreduce.Job:  map 79% reduce 26%
20/06/15 03:10:08 INFO mapreduce.Job:  map 80% reduce 26%
20/06/15 03:10:10 INFO mapreduce.Job:  map 81% reduce 26%
20/06/15 03:10:11 INFO mapreduce.Job:  map 82% reduce 26%
20/06/15 03:10:13 INFO mapreduce.Job:  map 82% reduce 27%
20/06/15 03:10:16 INFO mapreduce.Job:  map 83% reduce 27%
20/06/15 03:10:18 INFO mapreduce.Job:  map 84% reduce 27%
20/06/15 03:10:20 INFO mapreduce.Job:  map 85% reduce 27%
20/06/15 03:10:23 INFO mapreduce.Job:  map 86% reduce 27%
20/06/15 03:10:24 INFO mapreduce.Job:  map 87% reduce 27%
20/06/15 03:10:28 INFO mapreduce.Job:  map 88% reduce 27%
20/06/15 03:10:30 INFO mapreduce.Job:  map 89% reduce 27%
20/06/15 03:10:31 INFO mapreduce.Job:  map 89% reduce 28%
20/06/15 03:10:32 INFO mapreduce.Job:  map 90% reduce 28%
20/06/15 03:10:34 INFO mapreduce.Job:  map 90% reduce 29%
20/06/15 03:10:37 INFO mapreduce.Job:  map 91% reduce 29%
20/06/15 03:10:38 INFO mapreduce.Job:  map 92% reduce 29%
20/06/15 03:10:41 INFO mapreduce.Job:  map 93% reduce 29%
20/06/15 03:10:43 INFO mapreduce.Job:  map 94% reduce 29%
20/06/15 03:10:45 INFO mapreduce.Job:  map 95% reduce 30%
20/06/15 03:10:46 INFO mapreduce.Job:  map 96% reduce 30%
20/06/15 03:10:50 INFO mapreduce.Job:  map 97% reduce 30%
20/06/15 03:10:52 INFO mapreduce.Job:  map 97% reduce 31%
20/06/15 03:10:53 INFO mapreduce.Job:  map 98% reduce 31%
20/06/15 03:10:59 INFO mapreduce.Job:  map 99% reduce 32%
20/06/15 03:11:02 INFO mapreduce.Job:  map 100% reduce 32%
20/06/15 03:11:05 INFO mapreduce.Job:  map 100% reduce 69%
20/06/15 03:11:08 INFO mapreduce.Job:  map 100% reduce 74%
20/06/15 03:11:11 INFO mapreduce.Job:  map 100% reduce 80%
20/06/15 03:11:14 INFO mapreduce.Job:  map 100% reduce 86%
20/06/15 03:11:17 INFO mapreduce.Job:  map 100% reduce 93%
20/06/15 03:11:19 INFO mapreduce.Job:  map 100% reduce 100%
20/06/15 03:11:20 INFO mapreduce.Job: Job job_1592151190790_0021 completed successfully
20/06/15 03:11:20 INFO mapreduce.Job: Counters: 51
	File System Counters
		FILE: Number of bytes read=1638336214
		FILE: Number of bytes written=2425785634
		FILE: Number of read operations=0
		FILE: Number of large read operations=0
		FILE: Number of write operations=0
		HDFS: Number of bytes read=11024207202
		HDFS: Number of bytes written=461670212
		HDFS: Number of read operations=273
		HDFS: Number of large read operations=0
		HDFS: Number of write operations=2
	Job Counters 
		Killed map tasks=1
		Launched map tasks=91
		Launched reduce tasks=1
		Data-local map tasks=89
		Rack-local map tasks=2
		Total time spent by all maps in occupied slots (ms)=5262426
		Total time spent by all reduces in occupied slots (ms)=354620
		Total time spent by all map tasks (ms)=5262426
		Total time spent by all reduce tasks (ms)=354620
		Total vcore-milliseconds taken by all map tasks=5262426
		Total vcore-milliseconds taken by all reduce tasks=354620
		Total megabyte-milliseconds taken by all map tasks=5388724224
		Total megabyte-milliseconds taken by all reduce tasks=363130880
	Map-Reduce Framework
		Map input records=1179742
		Map output records=1011723241
		Map output bytes=19267815856
		Map output materialized bytes=776266405
		Input split bytes=10530
		Combine input records=1036712271
		Combine output records=47590517
		Reduce input groups=9840893
		Reduce shuffle bytes=776266405
		Reduce input records=22601487
		Reduce output records=9840893
		Spilled Records=70870797
		Shuffled Maps =90
		Failed Shuffles=0
		Merged Map outputs=90
		GC time elapsed (ms)=109787
		CPU time spent (ms)=2124400
		Physical memory (bytes) snapshot=25101320192
		Virtual memory (bytes) snapshot=191950716928
		Total committed heap usage (bytes)=18938855424
	Shuffle Errors
		BAD_ID=0
		CONNECTION=0
		IO_ERROR=0
		WRONG_LENGTH=0
		WRONG_MAP=0
		WRONG_REDUCE=0
	File Input Format Counters 
		Bytes Read=11024196672
	File Output Format Counters 
		Bytes Written=461670212
20/06/15 03:11:20 INFO client.RMProxy: Connecting to ResourceManager at master/10.51.17.95:8032
20/06/15 03:11:20 INFO input.FileInputFormat: Total input paths to process : 1
20/06/15 03:11:20 INFO mapreduce.JobSubmitter: number of splits:4
20/06/15 03:11:21 INFO mapreduce.JobSubmitter: Submitting tokens for job: job_1592151190790_0022
20/06/15 03:11:21 INFO impl.YarnClientImpl: Submitted application application_1592151190790_0022
20/06/15 03:11:21 INFO mapreduce.Job: The url to track the job: http://master:8088/proxy/application_1592151190790_0022/
20/06/15 03:11:21 INFO mapreduce.Job: Running job: job_1592151190790_0022
20/06/15 03:11:29 INFO mapreduce.Job: Job job_1592151190790_0022 running in uber mode : false
20/06/15 03:11:29 INFO mapreduce.Job:  map 0% reduce 0%
20/06/15 03:11:39 INFO mapreduce.Job:  map 25% reduce 0%
20/06/15 03:11:41 INFO mapreduce.Job:  map 44% reduce 0%
20/06/15 03:11:42 INFO mapreduce.Job:  map 58% reduce 0%
20/06/15 03:11:44 INFO mapreduce.Job:  map 72% reduce 0%
20/06/15 03:11:45 INFO mapreduce.Job:  map 88% reduce 0%
20/06/15 03:11:47 INFO mapreduce.Job:  map 92% reduce 0%
20/06/15 03:11:49 INFO mapreduce.Job:  map 100% reduce 25%
20/06/15 03:11:52 INFO mapreduce.Job:  map 100% reduce 73%
20/06/15 03:11:55 INFO mapreduce.Job:  map 100% reduce 84%
20/06/15 03:11:58 INFO mapreduce.Job:  map 100% reduce 98%
20/06/15 03:11:59 INFO mapreduce.Job:  map 100% reduce 100%
20/06/15 03:11:59 INFO mapreduce.Job: Job job_1592151190790_0022 completed successfully
20/06/15 03:11:59 INFO mapreduce.Job: Counters: 50
	File System Counters
		FILE: Number of bytes read=742928073
		FILE: Number of bytes written=1141650295
		FILE: Number of read operations=0
		FILE: Number of large read operations=0
		FILE: Number of write operations=0
		HDFS: Number of bytes read=461676156
		HDFS: Number of bytes written=320040338
		HDFS: Number of read operations=19
		HDFS: Number of large read operations=0
		HDFS: Number of write operations=2
	Job Counters 
		Killed map tasks=1
		Launched map tasks=5
		Launched reduce tasks=1
		Data-local map tasks=5
		Total time spent by all maps in occupied slots (ms)=59975
		Total time spent by all reduces in occupied slots (ms)=17278
		Total time spent by all map tasks (ms)=59975
		Total time spent by all reduce tasks (ms)=17278
		Total vcore-milliseconds taken by all map tasks=59975
		Total vcore-milliseconds taken by all reduce tasks=17278
		Total megabyte-milliseconds taken by all map tasks=61414400
		Total megabyte-milliseconds taken by all reduce tasks=17692672
	Map-Reduce Framework
		Map input records=9840893
		Map output records=9840893
		Map output bytes=378428582
		Map output materialized bytes=398110392
		Input split bytes=504
		Combine input records=0
		Combine output records=0
		Reduce input groups=1281
		Reduce shuffle bytes=398110392
		Reduce input records=9840893
		Reduce output records=9840893
		Spilled Records=28664752
		Shuffled Maps =4
		Failed Shuffles=0
		Merged Map outputs=4
		GC time elapsed (ms)=1503
		CPU time spent (ms)=44460
		Physical memory (bytes) snapshot=1292337152
		Virtual memory (bytes) snapshot=10549809152
		Total committed heap usage (bytes)=940048384
	Shuffle Errors
		BAD_ID=0
		CONNECTION=0
		IO_ERROR=0
		WRONG_LENGTH=0
		WRONG_MAP=0
		WRONG_REDUCE=0
	File Input Format Counters 
		Bytes Read=461675652
	File Output Format Counters 
		Bytes Written=320040338
