20/06/15 01:13:22 INFO client.RMProxy: Connecting to ResourceManager at master/10.51.17.95:8032
20/06/15 01:13:23 INFO input.FileInputFormat: Total input paths to process : 16
20/06/15 01:13:24 INFO mapreduce.JobSubmitter: number of splits:16
20/06/15 01:13:29 INFO mapreduce.JobSubmitter: Submitting tokens for job: job_1592151190790_0001
20/06/15 01:13:30 INFO impl.YarnClientImpl: Submitted application application_1592151190790_0001
20/06/15 01:13:30 INFO mapreduce.Job: The url to track the job: http://master:8088/proxy/application_1592151190790_0001/
20/06/15 01:13:30 INFO mapreduce.Job: Running job: job_1592151190790_0001
20/06/15 01:13:38 INFO mapreduce.Job: Job job_1592151190790_0001 running in uber mode : false
20/06/15 01:13:38 INFO mapreduce.Job:  map 0% reduce 0%
20/06/15 01:13:49 INFO mapreduce.Job:  map 13% reduce 0%
20/06/15 01:13:54 INFO mapreduce.Job:  map 17% reduce 0%
20/06/15 01:13:55 INFO mapreduce.Job:  map 21% reduce 0%
20/06/15 01:13:56 INFO mapreduce.Job:  map 25% reduce 0%
20/06/15 01:13:57 INFO mapreduce.Job:  map 58% reduce 0%
20/06/15 01:14:55 INFO mapreduce.Job:  map 63% reduce 0%
20/06/15 01:14:58 INFO mapreduce.Job:  map 67% reduce 0%
20/06/15 01:15:00 INFO mapreduce.Job:  map 69% reduce 0%
20/06/15 01:15:01 INFO mapreduce.Job:  map 71% reduce 0%
20/06/15 01:15:07 INFO mapreduce.Job:  map 71% reduce 13%
20/06/15 01:15:10 INFO mapreduce.Job:  map 79% reduce 13%
20/06/15 01:15:25 INFO mapreduce.Job:  map 83% reduce 13%
20/06/15 01:15:27 INFO mapreduce.Job:  map 85% reduce 13%
20/06/15 01:15:29 INFO mapreduce.Job:  map 85% reduce 19%
20/06/15 01:15:30 INFO mapreduce.Job:  map 92% reduce 19%
20/06/15 01:15:31 INFO mapreduce.Job:  map 96% reduce 19%
20/06/15 01:15:32 INFO mapreduce.Job:  map 96% reduce 29%
20/06/15 01:15:38 INFO mapreduce.Job:  map 98% reduce 31%
20/06/15 01:15:41 INFO mapreduce.Job:  map 100% reduce 33%
20/06/15 01:15:43 INFO mapreduce.Job:  map 100% reduce 100%
20/06/15 01:15:44 INFO mapreduce.Job: Job job_1592151190790_0001 completed successfully
20/06/15 01:15:44 INFO mapreduce.Job: Counters: 50
	File System Counters
		FILE: Number of bytes read=358
		FILE: Number of bytes written=2088969
		FILE: Number of read operations=0
		FILE: Number of large read operations=0
		FILE: Number of write operations=0
		HDFS: Number of bytes read=4166
		HDFS: Number of bytes written=215
		HDFS: Number of read operations=67
		HDFS: Number of large read operations=0
		HDFS: Number of write operations=3
	Job Counters 
		Launched map tasks=16
		Launched reduce tasks=1
		Data-local map tasks=11
		Rack-local map tasks=5
		Total time spent by all maps in occupied slots (ms)=1397112
		Total time spent by all reduces in occupied slots (ms)=44187
		Total time spent by all map tasks (ms)=1397112
		Total time spent by all reduce tasks (ms)=44187
		Total vcore-milliseconds taken by all map tasks=1397112
		Total vcore-milliseconds taken by all reduce tasks=44187
		Total megabyte-milliseconds taken by all map tasks=1430642688
		Total megabyte-milliseconds taken by all reduce tasks=45247488
	Map-Reduce Framework
		Map input records=16
		Map output records=32
		Map output bytes=288
		Map output materialized bytes=448
		Input split bytes=2278
		Combine input records=0
		Combine output records=0
		Reduce input groups=2
		Reduce shuffle bytes=448
		Reduce input records=32
		Reduce output records=0
		Spilled Records=64
		Shuffled Maps =16
		Failed Shuffles=0
		Merged Map outputs=16
		GC time elapsed (ms)=9900
		CPU time spent (ms)=572800
		Physical memory (bytes) snapshot=4413779968
		Virtual memory (bytes) snapshot=35805929472
		Total committed heap usage (bytes)=3352297472
	Shuffle Errors
		BAD_ID=0
		CONNECTION=0
		IO_ERROR=0
		WRONG_LENGTH=0
		WRONG_MAP=0
		WRONG_REDUCE=0
	File Input Format Counters 
		Bytes Read=1888
	File Output Format Counters 
		Bytes Written=97
