20/06/15 02:09:46 INFO client.RMProxy: Connecting to ResourceManager at master/10.51.17.95:8032
20/06/15 02:09:47 INFO input.FileInputFormat: Total input paths to process : 16
20/06/15 02:09:48 INFO mapreduce.JobSubmitter: number of splits:16
20/06/15 02:09:48 INFO mapreduce.JobSubmitter: Submitting tokens for job: job_1592151190790_0009
20/06/15 02:09:48 INFO impl.YarnClientImpl: Submitted application application_1592151190790_0009
20/06/15 02:09:48 INFO mapreduce.Job: The url to track the job: http://master:8088/proxy/application_1592151190790_0009/
20/06/15 02:09:48 INFO mapreduce.Job: Running job: job_1592151190790_0009
20/06/15 02:09:57 INFO mapreduce.Job: Job job_1592151190790_0009 running in uber mode : false
20/06/15 02:09:57 INFO mapreduce.Job:  map 0% reduce 0%
20/06/15 02:10:11 INFO mapreduce.Job:  map 17% reduce 0%
20/06/15 02:10:12 INFO mapreduce.Job:  map 25% reduce 0%
20/06/15 02:10:13 INFO mapreduce.Job:  map 29% reduce 0%
20/06/15 02:10:14 INFO mapreduce.Job:  map 33% reduce 0%
20/06/15 02:10:15 INFO mapreduce.Job:  map 46% reduce 0%
20/06/15 02:10:18 INFO mapreduce.Job:  map 50% reduce 0%
20/06/15 02:10:19 INFO mapreduce.Job:  map 54% reduce 0%
20/06/15 02:10:21 INFO mapreduce.Job:  map 58% reduce 0%
20/06/15 02:11:10 INFO mapreduce.Job:  map 60% reduce 0%
20/06/15 02:11:13 INFO mapreduce.Job:  map 63% reduce 0%
20/06/15 02:11:14 INFO mapreduce.Job:  map 65% reduce 0%
20/06/15 02:11:15 INFO mapreduce.Job:  map 69% reduce 0%
20/06/15 02:11:17 INFO mapreduce.Job:  map 71% reduce 0%
20/06/15 02:11:22 INFO mapreduce.Job:  map 75% reduce 0%
20/06/15 02:11:24 INFO mapreduce.Job:  map 79% reduce 0%
20/06/15 02:11:26 INFO mapreduce.Job:  map 79% reduce 13%
20/06/15 02:11:31 INFO mapreduce.Job:  map 81% reduce 13%
20/06/15 02:11:32 INFO mapreduce.Job:  map 83% reduce 15%
20/06/15 02:11:33 INFO mapreduce.Job:  map 85% reduce 15%
20/06/15 02:11:35 INFO mapreduce.Job:  map 85% reduce 19%
20/06/15 02:11:36 INFO mapreduce.Job:  map 92% reduce 19%
20/06/15 02:11:37 INFO mapreduce.Job:  map 96% reduce 19%
20/06/15 02:11:38 INFO mapreduce.Job:  map 96% reduce 29%
20/06/15 02:11:48 INFO mapreduce.Job:  map 98% reduce 29%
20/06/15 02:11:50 INFO mapreduce.Job:  map 98% reduce 31%
20/06/15 02:11:51 INFO mapreduce.Job:  map 100% reduce 31%
20/06/15 02:11:52 INFO mapreduce.Job:  map 100% reduce 100%
20/06/15 02:11:53 INFO mapreduce.Job: Job job_1592151190790_0009 completed successfully
20/06/15 02:11:53 INFO mapreduce.Job: Counters: 50
	File System Counters
		FILE: Number of bytes read=358
		FILE: Number of bytes written=2089003
		FILE: Number of read operations=0
		FILE: Number of large read operations=0
		FILE: Number of write operations=0
		HDFS: Number of bytes read=4182
		HDFS: Number of bytes written=215
		HDFS: Number of read operations=67
		HDFS: Number of large read operations=0
		HDFS: Number of write operations=3
	Job Counters 
		Launched map tasks=16
		Launched reduce tasks=1
		Data-local map tasks=12
		Rack-local map tasks=4
		Total time spent by all maps in occupied slots (ms)=1256140
		Total time spent by all reduces in occupied slots (ms)=34612
		Total time spent by all map tasks (ms)=1256140
		Total time spent by all reduce tasks (ms)=34612
		Total vcore-milliseconds taken by all map tasks=1256140
		Total vcore-milliseconds taken by all reduce tasks=34612
		Total megabyte-milliseconds taken by all map tasks=1286287360
		Total megabyte-milliseconds taken by all reduce tasks=35442688
	Map-Reduce Framework
		Map input records=16
		Map output records=32
		Map output bytes=288
		Map output materialized bytes=448
		Input split bytes=2294
		Combine input records=0
		Combine output records=0
		Reduce input groups=2
		Reduce shuffle bytes=448
		Reduce input records=32
		Reduce output records=0
		Spilled Records=64
		Shuffled Maps =16
		Failed Shuffles=0
		Merged Map outputs=16
		GC time elapsed (ms)=9119
		CPU time spent (ms)=524450
		Physical memory (bytes) snapshot=4413911040
		Virtual memory (bytes) snapshot=35826843648
		Total committed heap usage (bytes)=3353870336
	Shuffle Errors
		BAD_ID=0
		CONNECTION=0
		IO_ERROR=0
		WRONG_LENGTH=0
		WRONG_MAP=0
		WRONG_REDUCE=0
	File Input Format Counters 
		Bytes Read=1888
	File Output Format Counters 
		Bytes Written=97
