20/06/15 03:13:09 INFO client.RMProxy: Connecting to ResourceManager at master/10.51.17.95:8032
20/06/15 03:13:10 INFO client.RMProxy: Connecting to ResourceManager at master/10.51.17.95:8032
20/06/15 03:13:10 INFO input.FileInputFormat: Total input paths to process : 10
20/06/15 03:13:11 INFO mapreduce.JobSubmitter: number of splits:80
20/06/15 03:13:11 INFO mapreduce.JobSubmitter: Submitting tokens for job: job_1592151190790_0024
20/06/15 03:13:11 INFO impl.YarnClientImpl: Submitted application application_1592151190790_0024
20/06/15 03:13:11 INFO mapreduce.Job: The url to track the job: http://master:8088/proxy/application_1592151190790_0024/
20/06/15 03:13:11 INFO mapreduce.Job: Running job: job_1592151190790_0024
20/06/15 03:13:19 INFO mapreduce.Job: Job job_1592151190790_0024 running in uber mode : false
20/06/15 03:13:19 INFO mapreduce.Job:  map 0% reduce 0%
20/06/15 03:13:30 INFO mapreduce.Job:  map 3% reduce 0%
20/06/15 03:13:31 INFO mapreduce.Job:  map 4% reduce 0%
20/06/15 03:13:32 INFO mapreduce.Job:  map 5% reduce 0%
20/06/15 03:13:34 INFO mapreduce.Job:  map 9% reduce 0%
20/06/15 03:13:35 INFO mapreduce.Job:  map 12% reduce 0%
20/06/15 03:13:36 INFO mapreduce.Job:  map 16% reduce 0%
20/06/15 03:13:38 INFO mapreduce.Job:  map 17% reduce 0%
20/06/15 03:13:40 INFO mapreduce.Job:  map 19% reduce 0%
20/06/15 03:13:42 INFO mapreduce.Job:  map 21% reduce 0%
20/06/15 03:13:43 INFO mapreduce.Job:  map 22% reduce 0%
20/06/15 03:13:44 INFO mapreduce.Job:  map 24% reduce 0%
20/06/15 03:13:47 INFO mapreduce.Job:  map 27% reduce 0%
20/06/15 03:13:48 INFO mapreduce.Job:  map 28% reduce 0%
20/06/15 03:13:49 INFO mapreduce.Job:  map 29% reduce 2%
20/06/15 03:13:51 INFO mapreduce.Job:  map 30% reduce 2%
20/06/15 03:13:53 INFO mapreduce.Job:  map 32% reduce 3%
20/06/15 03:13:54 INFO mapreduce.Job:  map 34% reduce 3%
20/06/15 03:13:55 INFO mapreduce.Job:  map 36% reduce 3%
20/06/15 03:13:57 INFO mapreduce.Job:  map 37% reduce 3%
20/06/15 03:13:58 INFO mapreduce.Job:  map 37% reduce 4%
20/06/15 03:13:59 INFO mapreduce.Job:  map 38% reduce 4%
20/06/15 03:14:02 INFO mapreduce.Job:  map 40% reduce 4%
20/06/15 03:14:03 INFO mapreduce.Job:  map 41% reduce 4%
20/06/15 03:14:04 INFO mapreduce.Job:  map 42% reduce 4%
20/06/15 03:14:05 INFO mapreduce.Job:  map 44% reduce 4%
20/06/15 03:14:06 INFO mapreduce.Job:  map 45% reduce 4%
20/06/15 03:14:07 INFO mapreduce.Job:  map 45% reduce 5%
20/06/15 03:14:08 INFO mapreduce.Job:  map 47% reduce 5%
20/06/15 03:14:10 INFO mapreduce.Job:  map 47% reduce 6%
20/06/15 03:14:13 INFO mapreduce.Job:  map 49% reduce 6%
20/06/15 03:14:15 INFO mapreduce.Job:  map 50% reduce 6%
20/06/15 03:14:17 INFO mapreduce.Job:  map 51% reduce 7%
20/06/15 03:14:18 INFO mapreduce.Job:  map 52% reduce 7%
20/06/15 03:14:19 INFO mapreduce.Job:  map 53% reduce 7%
20/06/15 03:14:20 INFO mapreduce.Job:  map 54% reduce 7%
20/06/15 03:14:22 INFO mapreduce.Job:  map 55% reduce 7%
20/06/15 03:14:23 INFO mapreduce.Job:  map 56% reduce 7%
20/06/15 03:14:25 INFO mapreduce.Job:  map 57% reduce 7%
20/06/15 03:14:26 INFO mapreduce.Job:  map 58% reduce 8%
20/06/15 03:14:28 INFO mapreduce.Job:  map 59% reduce 8%
20/06/15 03:14:30 INFO mapreduce.Job:  map 60% reduce 8%
20/06/15 03:14:31 INFO mapreduce.Job:  map 61% reduce 8%
20/06/15 03:14:32 INFO mapreduce.Job:  map 62% reduce 8%
20/06/15 03:14:33 INFO mapreduce.Job:  map 63% reduce 8%
20/06/15 03:14:34 INFO mapreduce.Job:  map 64% reduce 8%
20/06/15 03:14:36 INFO mapreduce.Job:  map 66% reduce 8%
20/06/15 03:14:39 INFO mapreduce.Job:  map 67% reduce 8%
20/06/15 03:14:40 INFO mapreduce.Job:  map 69% reduce 8%
20/06/15 03:14:42 INFO mapreduce.Job:  map 70% reduce 8%
20/06/15 03:14:43 INFO mapreduce.Job:  map 71% reduce 8%
20/06/15 03:14:45 INFO mapreduce.Job:  map 73% reduce 8%
20/06/15 03:14:47 INFO mapreduce.Job:  map 74% reduce 8%
20/06/15 03:14:48 INFO mapreduce.Job:  map 74% reduce 9%
20/06/15 03:14:49 INFO mapreduce.Job:  map 75% reduce 9%
20/06/15 03:14:50 INFO mapreduce.Job:  map 76% reduce 9%
20/06/15 03:14:51 INFO mapreduce.Job:  map 77% reduce 9%
20/06/15 03:14:52 INFO mapreduce.Job:  map 78% reduce 9%
20/06/15 03:14:54 INFO mapreduce.Job:  map 79% reduce 9%
20/06/15 03:14:55 INFO mapreduce.Job:  map 81% reduce 9%
20/06/15 03:14:57 INFO mapreduce.Job:  map 82% reduce 9%
20/06/15 03:14:59 INFO mapreduce.Job:  map 83% reduce 9%
20/06/15 03:15:01 INFO mapreduce.Job:  map 84% reduce 9%
20/06/15 03:15:04 INFO mapreduce.Job:  map 85% reduce 9%
20/06/15 03:15:06 INFO mapreduce.Job:  map 85% reduce 10%
20/06/15 03:15:07 INFO mapreduce.Job:  map 86% reduce 10%
20/06/15 03:15:11 INFO mapreduce.Job:  map 87% reduce 10%
20/06/15 03:15:15 INFO mapreduce.Job:  map 87% reduce 11%
20/06/15 03:15:16 INFO mapreduce.Job:  map 88% reduce 11%
20/06/15 03:15:17 INFO mapreduce.Job:  map 90% reduce 11%
20/06/15 03:15:19 INFO mapreduce.Job:  map 91% reduce 11%
20/06/15 03:15:20 INFO mapreduce.Job:  map 92% reduce 11%
20/06/15 03:15:22 INFO mapreduce.Job:  map 93% reduce 11%
20/06/15 03:15:26 INFO mapreduce.Job:  map 94% reduce 11%
20/06/15 03:15:28 INFO mapreduce.Job:  map 95% reduce 11%
20/06/15 03:15:29 INFO mapreduce.Job:  map 96% reduce 12%
20/06/15 03:15:30 INFO mapreduce.Job:  map 97% reduce 12%
20/06/15 03:15:33 INFO mapreduce.Job:  map 98% reduce 12%
20/06/15 03:15:35 INFO mapreduce.Job:  map 99% reduce 12%
20/06/15 03:15:36 INFO mapreduce.Job:  map 99% reduce 13%
20/06/15 03:15:37 INFO mapreduce.Job:  map 100% reduce 13%
20/06/15 03:15:45 INFO mapreduce.Job:  map 100% reduce 14%
20/06/15 03:15:48 INFO mapreduce.Job:  map 100% reduce 15%
20/06/15 03:15:56 INFO mapreduce.Job:  map 100% reduce 16%
20/06/15 03:15:57 INFO mapreduce.Job:  map 100% reduce 17%
20/06/15 03:16:09 INFO mapreduce.Job:  map 100% reduce 18%
20/06/15 03:16:13 INFO mapreduce.Job:  map 100% reduce 19%
20/06/15 03:16:15 INFO mapreduce.Job:  map 100% reduce 20%
20/06/15 03:16:19 INFO mapreduce.Job:  map 100% reduce 21%
20/06/15 03:16:28 INFO mapreduce.Job:  map 100% reduce 22%
20/06/15 03:16:29 INFO mapreduce.Job:  map 100% reduce 23%
20/06/15 03:16:31 INFO mapreduce.Job:  map 100% reduce 24%
20/06/15 03:16:34 INFO mapreduce.Job:  map 100% reduce 25%
20/06/15 03:16:42 INFO mapreduce.Job:  map 100% reduce 26%
20/06/15 03:16:46 INFO mapreduce.Job:  map 100% reduce 27%
20/06/15 03:16:48 INFO mapreduce.Job:  map 100% reduce 28%
20/06/15 03:16:55 INFO mapreduce.Job:  map 100% reduce 29%
20/06/15 03:17:00 INFO mapreduce.Job:  map 100% reduce 30%
20/06/15 03:17:08 INFO mapreduce.Job:  map 100% reduce 31%
20/06/15 03:17:18 INFO mapreduce.Job:  map 100% reduce 32%
20/06/15 03:17:20 INFO mapreduce.Job:  map 100% reduce 41%
20/06/15 03:17:21 INFO mapreduce.Job:  map 100% reduce 51%
20/06/15 03:17:22 INFO mapreduce.Job:  map 100% reduce 57%
20/06/15 03:17:23 INFO mapreduce.Job:  map 100% reduce 60%
20/06/15 03:17:25 INFO mapreduce.Job:  map 100% reduce 67%
20/06/15 03:17:28 INFO mapreduce.Job:  map 100% reduce 69%
20/06/15 03:17:38 INFO mapreduce.Job:  map 100% reduce 71%
20/06/15 03:17:41 INFO mapreduce.Job:  map 100% reduce 72%
20/06/15 03:17:44 INFO mapreduce.Job:  map 100% reduce 73%
20/06/15 03:17:47 INFO mapreduce.Job:  map 100% reduce 74%
20/06/15 03:17:48 INFO mapreduce.Job:  map 100% reduce 75%
20/06/15 03:17:50 INFO mapreduce.Job:  map 100% reduce 76%
20/06/15 03:17:51 INFO mapreduce.Job:  map 100% reduce 77%
20/06/15 03:17:54 INFO mapreduce.Job:  map 100% reduce 78%
20/06/15 03:17:59 INFO mapreduce.Job:  map 100% reduce 79%
20/06/15 03:18:02 INFO mapreduce.Job:  map 100% reduce 81%
20/06/15 03:18:03 INFO mapreduce.Job:  map 100% reduce 82%
20/06/15 03:18:08 INFO mapreduce.Job:  map 100% reduce 83%
20/06/15 03:18:11 INFO mapreduce.Job:  map 100% reduce 84%
20/06/15 03:18:14 INFO mapreduce.Job:  map 100% reduce 86%
20/06/15 03:18:17 INFO mapreduce.Job:  map 100% reduce 87%
20/06/15 03:18:20 INFO mapreduce.Job:  map 100% reduce 88%
20/06/15 03:18:26 INFO mapreduce.Job:  map 100% reduce 89%
20/06/15 03:18:28 INFO mapreduce.Job:  map 100% reduce 90%
20/06/15 03:18:31 INFO mapreduce.Job:  map 100% reduce 91%
20/06/15 03:18:34 INFO mapreduce.Job:  map 100% reduce 92%
20/06/15 03:18:35 INFO mapreduce.Job:  map 100% reduce 93%
20/06/15 03:18:38 INFO mapreduce.Job:  map 100% reduce 94%
20/06/15 03:18:41 INFO mapreduce.Job:  map 100% reduce 95%
20/06/15 03:18:43 INFO mapreduce.Job:  map 100% reduce 96%
20/06/15 03:18:46 INFO mapreduce.Job:  map 100% reduce 97%
20/06/15 03:18:47 INFO mapreduce.Job:  map 100% reduce 98%
20/06/15 03:18:50 INFO mapreduce.Job:  map 100% reduce 99%
20/06/15 03:18:53 INFO mapreduce.Job:  map 100% reduce 100%
20/06/15 03:18:56 INFO mapreduce.Job: Job job_1592151190790_0024 completed successfully
20/06/15 03:18:56 INFO mapreduce.Job: Counters: 51
	File System Counters
		FILE: Number of bytes read=31975703113
		FILE: Number of bytes written=42736252899
		FILE: Number of read operations=0
		FILE: Number of large read operations=0
		FILE: Number of write operations=0
		HDFS: Number of bytes read=10774183568
		HDFS: Number of bytes written=10772865437
		HDFS: Number of read operations=329
		HDFS: Number of large read operations=0
		HDFS: Number of write operations=6
	Job Counters 
		Killed map tasks=2
		Launched map tasks=81
		Launched reduce tasks=3
		Data-local map tasks=75
		Rack-local map tasks=6
		Total time spent by all maps in occupied slots (ms)=1445221
		Total time spent by all reduces in occupied slots (ms)=900293
		Total time spent by all map tasks (ms)=1445221
		Total time spent by all reduce tasks (ms)=900293
		Total vcore-milliseconds taken by all map tasks=1445221
		Total vcore-milliseconds taken by all reduce tasks=900293
		Total megabyte-milliseconds taken by all map tasks=1479906304
		Total megabyte-milliseconds taken by all reduce tasks=921900032
	Map-Reduce Framework
		Map input records=1022472
		Map output records=1022472
		Map output bytes=10745670653
		Map output materialized bytes=10751419697
		Input split bytes=9040
		Combine input records=0
		Combine output records=0
		Reduce input groups=1022472
		Reduce shuffle bytes=10751419697
		Reduce input records=1022472
		Reduce output records=1022472
		Spilled Records=4063433
		Shuffled Maps =240
		Failed Shuffles=0
		Merged Map outputs=240
		GC time elapsed (ms)=17608
		CPU time spent (ms)=246480
		Physical memory (bytes) snapshot=22048980992
		Virtual memory (bytes) snapshot=175111905280
		Total committed heap usage (bytes)=16460021760
	Shuffle Errors
		BAD_ID=0
		CONNECTION=0
		IO_ERROR=0
		WRONG_LENGTH=0
		WRONG_MAP=0
		WRONG_REDUCE=0
	File Input Format Counters 
		Bytes Read=10774174528
	File Output Format Counters 
		Bytes Written=10772865437
