20/06/16 23:30:35 INFO client.RMProxy: Connecting to ResourceManager at master/10.51.17.95:8032
20/06/16 23:30:36 INFO client.RMProxy: Connecting to ResourceManager at master/10.51.17.95:8032
20/06/16 23:30:37 INFO input.FileInputFormat: Total input paths to process : 10
20/06/16 23:30:38 INFO mapreduce.JobSubmitter: number of splits:80
20/06/16 23:30:38 INFO mapreduce.JobSubmitter: Submitting tokens for job: job_1592317752014_0001
20/06/16 23:30:38 INFO impl.YarnClientImpl: Submitted application application_1592317752014_0001
20/06/16 23:30:38 INFO mapreduce.Job: The url to track the job: http://master:8088/proxy/application_1592317752014_0001/
20/06/16 23:30:38 INFO mapreduce.Job: Running job: job_1592317752014_0001
20/06/16 23:30:45 INFO mapreduce.Job: Job job_1592317752014_0001 running in uber mode : false
20/06/16 23:30:45 INFO mapreduce.Job:  map 0% reduce 0%
20/06/16 23:30:56 INFO mapreduce.Job:  map 1% reduce 0%
20/06/16 23:30:58 INFO mapreduce.Job:  map 4% reduce 0%
20/06/16 23:30:59 INFO mapreduce.Job:  map 8% reduce 0%
20/06/16 23:31:02 INFO mapreduce.Job:  map 9% reduce 0%
20/06/16 23:31:03 INFO mapreduce.Job:  map 10% reduce 0%
20/06/16 23:31:04 INFO mapreduce.Job:  map 16% reduce 0%
20/06/16 23:31:05 INFO mapreduce.Job:  map 17% reduce 0%
20/06/16 23:31:06 INFO mapreduce.Job:  map 19% reduce 0%
20/06/16 23:31:10 INFO mapreduce.Job:  map 20% reduce 0%
20/06/16 23:31:11 INFO mapreduce.Job:  map 22% reduce 0%
20/06/16 23:31:12 INFO mapreduce.Job:  map 24% reduce 0%
20/06/16 23:31:14 INFO mapreduce.Job:  map 25% reduce 1%
20/06/16 23:31:16 INFO mapreduce.Job:  map 26% reduce 1%
20/06/16 23:31:17 INFO mapreduce.Job:  map 26% reduce 3%
20/06/16 23:31:18 INFO mapreduce.Job:  map 27% reduce 3%
20/06/16 23:31:20 INFO mapreduce.Job:  map 28% reduce 3%
20/06/16 23:31:22 INFO mapreduce.Job:  map 29% reduce 3%
20/06/16 23:31:23 INFO mapreduce.Job:  map 30% reduce 3%
20/06/16 23:31:24 INFO mapreduce.Job:  map 30% reduce 4%
20/06/16 23:31:27 INFO mapreduce.Job:  map 30% reduce 5%
20/06/16 23:31:28 INFO mapreduce.Job:  map 31% reduce 7%
20/06/16 23:31:29 INFO mapreduce.Job:  map 32% reduce 7%
20/06/16 23:31:30 INFO mapreduce.Job:  map 33% reduce 7%
20/06/16 23:31:32 INFO mapreduce.Job:  map 34% reduce 7%
20/06/16 23:31:33 INFO mapreduce.Job:  map 35% reduce 7%
20/06/16 23:31:34 INFO mapreduce.Job:  map 36% reduce 7%
20/06/16 23:31:36 INFO mapreduce.Job:  map 37% reduce 8%
20/06/16 23:31:37 INFO mapreduce.Job:  map 38% reduce 8%
20/06/16 23:31:39 INFO mapreduce.Job:  map 39% reduce 8%
20/06/16 23:31:41 INFO mapreduce.Job:  map 40% reduce 9%
20/06/16 23:31:43 INFO mapreduce.Job:  map 41% reduce 9%
20/06/16 23:31:46 INFO mapreduce.Job:  map 41% reduce 10%
20/06/16 23:31:49 INFO mapreduce.Job:  map 42% reduce 10%
20/06/16 23:31:51 INFO mapreduce.Job:  map 44% reduce 10%
20/06/16 23:31:52 INFO mapreduce.Job:  map 45% reduce 10%
20/06/16 23:31:53 INFO mapreduce.Job:  map 46% reduce 10%
20/06/16 23:31:54 INFO mapreduce.Job:  map 48% reduce 10%
20/06/16 23:31:55 INFO mapreduce.Job:  map 49% reduce 11%
20/06/16 23:31:56 INFO mapreduce.Job:  map 50% reduce 11%
20/06/16 23:31:58 INFO mapreduce.Job:  map 51% reduce 12%
20/06/16 23:32:02 INFO mapreduce.Job:  map 52% reduce 12%
20/06/16 23:32:03 INFO mapreduce.Job:  map 53% reduce 12%
20/06/16 23:32:04 INFO mapreduce.Job:  map 54% reduce 12%
20/06/16 23:32:05 INFO mapreduce.Job:  map 55% reduce 12%
20/06/16 23:32:06 INFO mapreduce.Job:  map 57% reduce 12%
20/06/16 23:32:07 INFO mapreduce.Job:  map 58% reduce 12%
20/06/16 23:32:08 INFO mapreduce.Job:  map 59% reduce 13%
20/06/16 23:32:11 INFO mapreduce.Job:  map 60% reduce 14%
20/06/16 23:32:15 INFO mapreduce.Job:  map 61% reduce 14%
20/06/16 23:32:22 INFO mapreduce.Job:  map 62% reduce 14%
20/06/16 23:32:23 INFO mapreduce.Job:  map 63% reduce 15%
20/06/16 23:32:24 INFO mapreduce.Job:  map 65% reduce 15%
20/06/16 23:32:25 INFO mapreduce.Job:  map 66% reduce 15%
20/06/16 23:32:27 INFO mapreduce.Job:  map 68% reduce 15%
20/06/16 23:32:29 INFO mapreduce.Job:  map 68% reduce 16%
20/06/16 23:32:30 INFO mapreduce.Job:  map 68% reduce 17%
20/06/16 23:32:31 INFO mapreduce.Job:  map 69% reduce 17%
20/06/16 23:32:33 INFO mapreduce.Job:  map 72% reduce 17%
20/06/16 23:32:35 INFO mapreduce.Job:  map 72% reduce 18%
20/06/16 23:32:36 INFO mapreduce.Job:  map 73% reduce 18%
20/06/16 23:32:38 INFO mapreduce.Job:  map 74% reduce 18%
20/06/16 23:32:39 INFO mapreduce.Job:  map 76% reduce 18%
20/06/16 23:32:42 INFO mapreduce.Job:  map 77% reduce 18%
20/06/16 23:32:43 INFO mapreduce.Job:  map 78% reduce 18%
20/06/16 23:32:44 INFO mapreduce.Job:  map 79% reduce 18%
20/06/16 23:32:46 INFO mapreduce.Job:  map 80% reduce 19%
20/06/16 23:32:52 INFO mapreduce.Job:  map 82% reduce 19%
20/06/16 23:32:54 INFO mapreduce.Job:  map 82% reduce 20%
20/06/16 23:32:56 INFO mapreduce.Job:  map 83% reduce 20%
20/06/16 23:32:57 INFO mapreduce.Job:  map 83% reduce 21%
20/06/16 23:32:59 INFO mapreduce.Job:  map 84% reduce 21%
20/06/16 23:33:02 INFO mapreduce.Job:  map 85% reduce 21%
20/06/16 23:33:03 INFO mapreduce.Job:  map 87% reduce 21%
20/06/16 23:33:04 INFO mapreduce.Job:  map 88% reduce 21%
20/06/16 23:33:05 INFO mapreduce.Job:  map 90% reduce 21%
20/06/16 23:33:06 INFO mapreduce.Job:  map 92% reduce 21%
20/06/16 23:33:07 INFO mapreduce.Job:  map 92% reduce 22%
20/06/16 23:33:09 INFO mapreduce.Job:  map 93% reduce 22%
20/06/16 23:33:10 INFO mapreduce.Job:  map 94% reduce 22%
20/06/16 23:33:11 INFO mapreduce.Job:  map 94% reduce 23%
20/06/16 23:33:14 INFO mapreduce.Job:  map 95% reduce 23%
20/06/16 23:33:15 INFO mapreduce.Job:  map 95% reduce 24%
20/06/16 23:33:18 INFO mapreduce.Job:  map 96% reduce 24%
20/06/16 23:33:19 INFO mapreduce.Job:  map 96% reduce 25%
20/06/16 23:33:29 INFO mapreduce.Job:  map 96% reduce 26%
20/06/16 23:33:38 INFO mapreduce.Job:  map 96% reduce 27%
20/06/16 23:33:39 INFO mapreduce.Job:  map 98% reduce 27%
20/06/16 23:33:42 INFO mapreduce.Job:  map 98% reduce 28%
20/06/16 23:33:45 INFO mapreduce.Job:  map 99% reduce 28%
20/06/16 23:33:47 INFO mapreduce.Job:  map 99% reduce 29%
20/06/16 23:33:52 INFO mapreduce.Job:  map 99% reduce 30%
20/06/16 23:33:56 INFO mapreduce.Job:  map 99% reduce 31%
20/06/16 23:33:58 INFO mapreduce.Job:  map 99% reduce 32%
20/06/16 23:33:59 INFO mapreduce.Job:  map 99% reduce 33%
20/06/16 23:34:03 INFO mapreduce.Job:  map 100% reduce 33%
20/06/16 23:34:05 INFO mapreduce.Job:  map 100% reduce 45%
20/06/16 23:34:07 INFO mapreduce.Job:  map 100% reduce 49%
20/06/16 23:34:08 INFO mapreduce.Job:  map 100% reduce 57%
20/06/16 23:34:10 INFO mapreduce.Job:  map 100% reduce 64%
20/06/16 23:34:11 INFO mapreduce.Job:  map 100% reduce 67%
20/06/16 23:34:14 INFO mapreduce.Job:  map 100% reduce 68%
20/06/16 23:34:19 INFO mapreduce.Job:  map 100% reduce 69%
20/06/16 23:34:20 INFO mapreduce.Job:  map 100% reduce 70%
20/06/16 23:34:22 INFO mapreduce.Job:  map 100% reduce 71%
20/06/16 23:34:25 INFO mapreduce.Job:  map 100% reduce 72%
20/06/16 23:34:26 INFO mapreduce.Job:  map 100% reduce 74%
20/06/16 23:34:29 INFO mapreduce.Job:  map 100% reduce 75%
20/06/16 23:34:32 INFO mapreduce.Job:  map 100% reduce 77%
20/06/16 23:34:34 INFO mapreduce.Job:  map 100% reduce 78%
20/06/16 23:34:38 INFO mapreduce.Job:  map 100% reduce 80%
20/06/16 23:34:41 INFO mapreduce.Job:  map 100% reduce 81%
20/06/16 23:34:43 INFO mapreduce.Job:  map 100% reduce 82%
20/06/16 23:34:44 INFO mapreduce.Job:  map 100% reduce 83%
20/06/16 23:34:49 INFO mapreduce.Job:  map 100% reduce 84%
20/06/16 23:34:50 INFO mapreduce.Job:  map 100% reduce 86%
20/06/16 23:34:53 INFO mapreduce.Job:  map 100% reduce 87%
20/06/16 23:34:55 INFO mapreduce.Job:  map 100% reduce 88%
20/06/16 23:34:59 INFO mapreduce.Job:  map 100% reduce 89%
20/06/16 23:35:02 INFO mapreduce.Job:  map 100% reduce 90%
20/06/16 23:35:04 INFO mapreduce.Job:  map 100% reduce 91%
20/06/16 23:35:05 INFO mapreduce.Job:  map 100% reduce 92%
20/06/16 23:35:07 INFO mapreduce.Job:  map 100% reduce 93%
20/06/16 23:35:11 INFO mapreduce.Job:  map 100% reduce 94%
20/06/16 23:35:12 INFO mapreduce.Job:  map 100% reduce 95%
20/06/16 23:35:15 INFO mapreduce.Job:  map 100% reduce 96%
20/06/16 23:35:18 INFO mapreduce.Job:  map 100% reduce 97%
20/06/16 23:35:20 INFO mapreduce.Job:  map 100% reduce 98%
20/06/16 23:35:23 INFO mapreduce.Job:  map 100% reduce 99%
20/06/16 23:35:25 INFO mapreduce.Job:  map 100% reduce 100%
20/06/16 23:35:27 INFO mapreduce.Job: Job job_1592317752014_0001 completed successfully
20/06/16 23:35:27 INFO mapreduce.Job: Counters: 51
	File System Counters
		FILE: Number of bytes read=31974520677
		FILE: Number of bytes written=42735048567
		FILE: Number of read operations=0
		FILE: Number of large read operations=0
		FILE: Number of write operations=0
		HDFS: Number of bytes read=10774009875
		HDFS: Number of bytes written=10772846837
		HDFS: Number of read operations=329
		HDFS: Number of large read operations=0
		HDFS: Number of write operations=6
	Job Counters 
		Killed map tasks=3
		Launched map tasks=83
		Launched reduce tasks=3
		Data-local map tasks=76
		Rack-local map tasks=7
		Total time spent by all maps in occupied slots (ms)=1651410
		Total time spent by all reduces in occupied slots (ms)=736708
		Total time spent by all map tasks (ms)=1651410
		Total time spent by all reduce tasks (ms)=736708
		Total vcore-milliseconds taken by all map tasks=1651410
		Total vcore-milliseconds taken by all reduce tasks=736708
		Total megabyte-milliseconds taken by all map tasks=1691043840
		Total megabyte-milliseconds taken by all reduce tasks=754388992
	Map-Reduce Framework
		Map input records=1022600
		Map output records=1022600
		Map output bytes=10745642829
		Map output materialized bytes=10751392560
		Input split bytes=8240
		Combine input records=0
		Combine output records=0
		Reduce input groups=1022600
		Reduce shuffle bytes=10751392560
		Reduce input records=1022600
		Reduce output records=1022600
		Spilled Records=4063920
		Shuffled Maps =240
		Failed Shuffles=0
		Merged Map outputs=240
		GC time elapsed (ms)=14469
		CPU time spent (ms)=231350
		Physical memory (bytes) snapshot=21920813056
		Virtual memory (bytes) snapshot=175116165120
		Total committed heap usage (bytes)=16371417088
	Shuffle Errors
		BAD_ID=0
		CONNECTION=0
		IO_ERROR=0
		WRONG_LENGTH=0
		WRONG_MAP=0
		WRONG_REDUCE=0
	File Input Format Counters 
		Bytes Read=10774001635
	File Output Format Counters 
		Bytes Written=10772846837
