20/06/16 14:30:10 INFO client.RMProxy: Connecting to ResourceManager at master/10.51.17.95:8032
20/06/16 14:30:11 INFO input.FileInputFormat: Total input paths to process : 10
20/06/16 14:30:11 INFO mapreduce.JobSubmitter: number of splits:90
20/06/16 14:30:11 INFO mapreduce.JobSubmitter: Submitting tokens for job: job_1592284422769_0004
20/06/16 14:30:11 INFO impl.YarnClientImpl: Submitted application application_1592284422769_0004
20/06/16 14:30:11 INFO mapreduce.Job: The url to track the job: http://master:8088/proxy/application_1592284422769_0004/
20/06/16 14:30:11 INFO mapreduce.Job: Running job: job_1592284422769_0004
20/06/16 14:30:16 INFO mapreduce.Job: Job job_1592284422769_0004 running in uber mode : false
20/06/16 14:30:16 INFO mapreduce.Job:  map 0% reduce 0%
20/06/16 14:30:30 INFO mapreduce.Job:  map 1% reduce 0%
20/06/16 14:30:33 INFO mapreduce.Job:  map 3% reduce 0%
20/06/16 14:30:42 INFO mapreduce.Job:  map 4% reduce 0%
20/06/16 14:30:48 INFO mapreduce.Job:  map 5% reduce 0%
20/06/16 14:30:51 INFO mapreduce.Job:  map 6% reduce 0%
20/06/16 14:31:00 INFO mapreduce.Job:  map 7% reduce 0%
20/06/16 14:31:01 INFO mapreduce.Job:  map 8% reduce 0%
20/06/16 14:31:05 INFO mapreduce.Job:  map 9% reduce 0%
20/06/16 14:31:11 INFO mapreduce.Job:  map 10% reduce 0%
20/06/16 14:31:13 INFO mapreduce.Job:  map 11% reduce 0%
20/06/16 14:31:14 INFO mapreduce.Job:  map 12% reduce 0%
20/06/16 14:31:22 INFO mapreduce.Job:  map 13% reduce 0%
20/06/16 14:31:25 INFO mapreduce.Job:  map 14% reduce 0%
20/06/16 14:31:27 INFO mapreduce.Job:  map 15% reduce 0%
20/06/16 14:31:30 INFO mapreduce.Job:  map 16% reduce 0%
20/06/16 14:31:33 INFO mapreduce.Job:  map 17% reduce 0%
20/06/16 14:31:35 INFO mapreduce.Job:  map 18% reduce 0%
20/06/16 14:31:41 INFO mapreduce.Job:  map 18% reduce 5%
20/06/16 14:31:45 INFO mapreduce.Job:  map 19% reduce 5%
20/06/16 14:31:47 INFO mapreduce.Job:  map 20% reduce 5%
20/06/16 14:31:53 INFO mapreduce.Job:  map 21% reduce 5%
20/06/16 14:31:57 INFO mapreduce.Job:  map 22% reduce 5%
20/06/16 14:32:01 INFO mapreduce.Job:  map 23% reduce 5%
20/06/16 14:32:02 INFO mapreduce.Job:  map 23% reduce 6%
20/06/16 14:32:05 INFO mapreduce.Job:  map 24% reduce 6%
20/06/16 14:32:07 INFO mapreduce.Job:  map 25% reduce 6%
20/06/16 14:32:08 INFO mapreduce.Job:  map 25% reduce 7%
20/06/16 14:32:10 INFO mapreduce.Job:  map 26% reduce 7%
20/06/16 14:32:18 INFO mapreduce.Job:  map 27% reduce 7%
20/06/16 14:32:22 INFO mapreduce.Job:  map 28% reduce 7%
20/06/16 14:32:26 INFO mapreduce.Job:  map 29% reduce 7%
20/06/16 14:32:27 INFO mapreduce.Job:  map 29% reduce 8%
20/06/16 14:32:30 INFO mapreduce.Job:  map 30% reduce 8%
20/06/16 14:32:34 INFO mapreduce.Job:  map 31% reduce 8%
20/06/16 14:32:35 INFO mapreduce.Job:  map 31% reduce 9%
20/06/16 14:32:37 INFO mapreduce.Job:  map 32% reduce 9%
20/06/16 14:32:40 INFO mapreduce.Job:  map 33% reduce 9%
20/06/16 14:32:41 INFO mapreduce.Job:  map 33% reduce 10%
20/06/16 14:32:44 INFO mapreduce.Job:  map 34% reduce 10%
20/06/16 14:32:48 INFO mapreduce.Job:  map 35% reduce 10%
20/06/16 14:32:53 INFO mapreduce.Job:  map 36% reduce 10%
20/06/16 14:32:56 INFO mapreduce.Job:  map 37% reduce 10%
20/06/16 14:33:00 INFO mapreduce.Job:  map 38% reduce 11%
20/06/16 14:33:03 INFO mapreduce.Job:  map 39% reduce 12%
20/06/16 14:33:09 INFO mapreduce.Job:  map 40% reduce 12%
20/06/16 14:33:12 INFO mapreduce.Job:  map 41% reduce 12%
20/06/16 14:33:18 INFO mapreduce.Job:  map 42% reduce 12%
20/06/16 14:33:22 INFO mapreduce.Job:  map 43% reduce 12%
20/06/16 14:33:27 INFO mapreduce.Job:  map 44% reduce 12%
20/06/16 14:33:30 INFO mapreduce.Job:  map 45% reduce 12%
20/06/16 14:33:33 INFO mapreduce.Job:  map 45% reduce 13%
20/06/16 14:33:34 INFO mapreduce.Job:  map 46% reduce 13%
20/06/16 14:33:36 INFO mapreduce.Job:  map 47% reduce 13%
20/06/16 14:33:40 INFO mapreduce.Job:  map 47% reduce 14%
20/06/16 14:33:43 INFO mapreduce.Job:  map 48% reduce 14%
20/06/16 14:33:46 INFO mapreduce.Job:  map 49% reduce 14%
20/06/16 14:33:48 INFO mapreduce.Job:  map 50% reduce 14%
20/06/16 14:33:49 INFO mapreduce.Job:  map 50% reduce 15%
20/06/16 14:33:50 INFO mapreduce.Job:  map 51% reduce 15%
20/06/16 14:33:52 INFO mapreduce.Job:  map 51% reduce 16%
20/06/16 14:33:55 INFO mapreduce.Job:  map 52% reduce 16%
20/06/16 14:33:57 INFO mapreduce.Job:  map 52% reduce 17%
20/06/16 14:33:59 INFO mapreduce.Job:  map 53% reduce 17%
20/06/16 14:34:02 INFO mapreduce.Job:  map 54% reduce 17%
20/06/16 14:34:10 INFO mapreduce.Job:  map 55% reduce 17%
20/06/16 14:34:13 INFO mapreduce.Job:  map 56% reduce 17%
20/06/16 14:34:20 INFO mapreduce.Job:  map 57% reduce 17%
20/06/16 14:34:23 INFO mapreduce.Job:  map 58% reduce 17%
20/06/16 14:34:27 INFO mapreduce.Job:  map 59% reduce 17%
20/06/16 14:34:33 INFO mapreduce.Job:  map 60% reduce 17%
20/06/16 14:34:36 INFO mapreduce.Job:  map 61% reduce 17%
20/06/16 14:34:37 INFO mapreduce.Job:  map 61% reduce 18%
20/06/16 14:34:38 INFO mapreduce.Job:  map 62% reduce 18%
20/06/16 14:34:40 INFO mapreduce.Job:  map 62% reduce 19%
20/06/16 14:34:41 INFO mapreduce.Job:  map 63% reduce 19%
20/06/16 14:34:43 INFO mapreduce.Job:  map 64% reduce 20%
20/06/16 14:34:48 INFO mapreduce.Job:  map 65% reduce 20%
20/06/16 14:34:49 INFO mapreduce.Job:  map 65% reduce 21%
20/06/16 14:34:52 INFO mapreduce.Job:  map 66% reduce 21%
20/06/16 14:34:55 INFO mapreduce.Job:  map 67% reduce 21%
20/06/16 14:34:59 INFO mapreduce.Job:  map 67% reduce 22%
20/06/16 14:35:01 INFO mapreduce.Job:  map 68% reduce 22%
20/06/16 14:35:05 INFO mapreduce.Job:  map 69% reduce 22%
20/06/16 14:35:08 INFO mapreduce.Job:  map 70% reduce 22%
20/06/16 14:35:12 INFO mapreduce.Job:  map 71% reduce 22%
20/06/16 14:35:14 INFO mapreduce.Job:  map 72% reduce 22%
20/06/16 14:35:20 INFO mapreduce.Job:  map 73% reduce 22%
20/06/16 14:35:23 INFO mapreduce.Job:  map 74% reduce 22%
20/06/16 14:35:26 INFO mapreduce.Job:  map 75% reduce 22%
20/06/16 14:35:32 INFO mapreduce.Job:  map 76% reduce 22%
20/06/16 14:35:33 INFO mapreduce.Job:  map 76% reduce 23%
20/06/16 14:35:34 INFO mapreduce.Job:  map 77% reduce 23%
20/06/16 14:35:36 INFO mapreduce.Job:  map 78% reduce 24%
20/06/16 14:35:40 INFO mapreduce.Job:  map 79% reduce 24%
20/06/16 14:35:42 INFO mapreduce.Job:  map 79% reduce 25%
20/06/16 14:35:43 INFO mapreduce.Job:  map 81% reduce 25%
20/06/16 14:35:44 INFO mapreduce.Job:  map 82% reduce 25%
20/06/16 14:35:45 INFO mapreduce.Job:  map 82% reduce 26%
20/06/16 14:35:48 INFO mapreduce.Job:  map 83% reduce 27%
20/06/16 14:35:50 INFO mapreduce.Job:  map 84% reduce 27%
20/06/16 14:35:56 INFO mapreduce.Job:  map 85% reduce 27%
20/06/16 14:36:00 INFO mapreduce.Job:  map 86% reduce 27%
20/06/16 14:36:02 INFO mapreduce.Job:  map 87% reduce 27%
20/06/16 14:36:04 INFO mapreduce.Job:  map 88% reduce 27%
20/06/16 14:36:05 INFO mapreduce.Job:  map 89% reduce 28%
20/06/16 14:36:09 INFO mapreduce.Job:  map 90% reduce 28%
20/06/16 14:36:12 INFO mapreduce.Job:  map 91% reduce 29%
20/06/16 14:36:18 INFO mapreduce.Job:  map 92% reduce 29%
20/06/16 14:36:20 INFO mapreduce.Job:  map 93% reduce 29%
20/06/16 14:36:22 INFO mapreduce.Job:  map 95% reduce 29%
20/06/16 14:36:26 INFO mapreduce.Job:  map 96% reduce 29%
20/06/16 14:36:27 INFO mapreduce.Job:  map 97% reduce 30%
20/06/16 14:36:30 INFO mapreduce.Job:  map 97% reduce 31%
20/06/16 14:36:31 INFO mapreduce.Job:  map 98% reduce 31%
20/06/16 14:36:36 INFO mapreduce.Job:  map 99% reduce 31%
20/06/16 14:36:37 INFO mapreduce.Job:  map 99% reduce 32%
20/06/16 14:36:39 INFO mapreduce.Job:  map 100% reduce 32%
20/06/16 14:36:40 INFO mapreduce.Job:  map 100% reduce 33%
20/06/16 14:36:43 INFO mapreduce.Job:  map 100% reduce 70%
20/06/16 14:36:46 INFO mapreduce.Job:  map 100% reduce 76%
20/06/16 14:36:49 INFO mapreduce.Job:  map 100% reduce 82%
20/06/16 14:36:52 INFO mapreduce.Job:  map 100% reduce 88%
20/06/16 14:36:55 INFO mapreduce.Job:  map 100% reduce 100%
20/06/16 14:36:56 INFO mapreduce.Job: Job job_1592284422769_0004 completed successfully
20/06/16 14:36:56 INFO mapreduce.Job: Counters: 51
	File System Counters
		FILE: Number of bytes read=1449326147
		FILE: Number of bytes written=2161253601
		FILE: Number of read operations=0
		FILE: Number of large read operations=0
		FILE: Number of write operations=0
		HDFS: Number of bytes read=11025668664
		HDFS: Number of bytes written=333229171
		HDFS: Number of read operations=273
		HDFS: Number of large read operations=0
		HDFS: Number of write operations=2
	Job Counters 
		Killed map tasks=1
		Launched map tasks=91
		Launched reduce tasks=1
		Data-local map tasks=83
		Rack-local map tasks=8
		Total time spent by all maps in occupied slots (ms)=4835817
		Total time spent by all reduces in occupied slots (ms)=327359
		Total time spent by all map tasks (ms)=4835817
		Total time spent by all reduce tasks (ms)=327359
		Total vcore-milliseconds taken by all map tasks=4835817
		Total vcore-milliseconds taken by all reduce tasks=327359
		Total megabyte-milliseconds taken by all map tasks=4951876608
		Total megabyte-milliseconds taken by all reduce tasks=335215616
	Map-Reduce Framework
		Map input records=1179594
		Map output records=1009767860
		Map output bytes=15225044514
		Map output materialized bytes=700777381
		Input split bytes=9630
		Combine input records=1034538483
		Combine output records=47414618
		Reduce input groups=9908198
		Reduce shuffle bytes=700777381
		Reduce input records=22643995
		Reduce output records=9908198
		Spilled Records=70058613
		Shuffled Maps =90
		Failed Shuffles=0
		Merged Map outputs=90
		GC time elapsed (ms)=96361
		CPU time spent (ms)=1950700
		Physical memory (bytes) snapshot=25092972544
		Virtual memory (bytes) snapshot=191963279360
		Total committed heap usage (bytes)=18923126784
	Shuffle Errors
		BAD_ID=0
		CONNECTION=0
		IO_ERROR=0
		WRONG_LENGTH=0
		WRONG_MAP=0
		WRONG_REDUCE=0
	File Input Format Counters 
		Bytes Read=11025659034
	File Output Format Counters 
		Bytes Written=333229171
