20/06/15 02:56:41 INFO client.RMProxy: Connecting to ResourceManager at master/10.51.17.95:8032
20/06/15 02:56:42 INFO input.FileInputFormat: Total input paths to process : 10
20/06/15 02:56:42 INFO mapreduce.JobSubmitter: number of splits:90
20/06/15 02:56:43 INFO mapreduce.JobSubmitter: Submitting tokens for job: job_1592151190790_0020
20/06/15 02:56:43 INFO impl.YarnClientImpl: Submitted application application_1592151190790_0020
20/06/15 02:56:43 INFO mapreduce.Job: The url to track the job: http://master:8088/proxy/application_1592151190790_0020/
20/06/15 02:56:43 INFO mapreduce.Job: Running job: job_1592151190790_0020
20/06/15 02:56:53 INFO mapreduce.Job: Job job_1592151190790_0020 running in uber mode : false
20/06/15 02:56:53 INFO mapreduce.Job:  map 0% reduce 0%
20/06/15 02:57:08 INFO mapreduce.Job:  map 1% reduce 0%
20/06/15 02:57:11 INFO mapreduce.Job:  map 2% reduce 0%
20/06/15 02:57:12 INFO mapreduce.Job:  map 3% reduce 0%
20/06/15 02:57:21 INFO mapreduce.Job:  map 4% reduce 0%
20/06/15 02:57:28 INFO mapreduce.Job:  map 5% reduce 0%
20/06/15 02:57:30 INFO mapreduce.Job:  map 6% reduce 0%
20/06/15 02:57:38 INFO mapreduce.Job:  map 7% reduce 0%
20/06/15 02:57:41 INFO mapreduce.Job:  map 8% reduce 0%
20/06/15 02:57:50 INFO mapreduce.Job:  map 9% reduce 0%
20/06/15 02:57:54 INFO mapreduce.Job:  map 11% reduce 0%
20/06/15 02:57:55 INFO mapreduce.Job:  map 12% reduce 0%
20/06/15 02:58:05 INFO mapreduce.Job:  map 13% reduce 0%
20/06/15 02:58:08 INFO mapreduce.Job:  map 14% reduce 0%
20/06/15 02:58:10 INFO mapreduce.Job:  map 15% reduce 0%
20/06/15 02:58:12 INFO mapreduce.Job:  map 16% reduce 0%
20/06/15 02:58:14 INFO mapreduce.Job:  map 17% reduce 0%
20/06/15 02:58:20 INFO mapreduce.Job:  map 18% reduce 0%
20/06/15 02:58:25 INFO mapreduce.Job:  map 19% reduce 0%
20/06/15 02:58:27 INFO mapreduce.Job:  map 19% reduce 5%
20/06/15 02:58:30 INFO mapreduce.Job:  map 20% reduce 5%
20/06/15 02:58:35 INFO mapreduce.Job:  map 21% reduce 5%
20/06/15 02:58:42 INFO mapreduce.Job:  map 22% reduce 5%
20/06/15 02:58:47 INFO mapreduce.Job:  map 23% reduce 5%
20/06/15 02:58:49 INFO mapreduce.Job:  map 24% reduce 5%
20/06/15 02:58:50 INFO mapreduce.Job:  map 24% reduce 6%
20/06/15 02:58:52 INFO mapreduce.Job:  map 25% reduce 6%
20/06/15 02:58:53 INFO mapreduce.Job:  map 25% reduce 7%
20/06/15 02:58:57 INFO mapreduce.Job:  map 26% reduce 7%
20/06/15 02:59:01 INFO mapreduce.Job:  map 27% reduce 7%
20/06/15 02:59:06 INFO mapreduce.Job:  map 28% reduce 7%
20/06/15 02:59:11 INFO mapreduce.Job:  map 29% reduce 7%
20/06/15 02:59:15 INFO mapreduce.Job:  map 29% reduce 8%
20/06/15 02:59:18 INFO mapreduce.Job:  map 30% reduce 8%
20/06/15 02:59:20 INFO mapreduce.Job:  map 31% reduce 8%
20/06/15 02:59:24 INFO mapreduce.Job:  map 32% reduce 9%
20/06/15 02:59:26 INFO mapreduce.Job:  map 33% reduce 9%
20/06/15 02:59:27 INFO mapreduce.Job:  map 33% reduce 10%
20/06/15 02:59:30 INFO mapreduce.Job:  map 34% reduce 10%
20/06/15 02:59:35 INFO mapreduce.Job:  map 35% reduce 10%
20/06/15 02:59:42 INFO mapreduce.Job:  map 36% reduce 10%
20/06/15 02:59:45 INFO mapreduce.Job:  map 37% reduce 10%
20/06/15 02:59:49 INFO mapreduce.Job:  map 38% reduce 11%
20/06/15 02:59:52 INFO mapreduce.Job:  map 39% reduce 11%
20/06/15 02:59:55 INFO mapreduce.Job:  map 39% reduce 12%
20/06/15 02:59:57 INFO mapreduce.Job:  map 40% reduce 12%
20/06/15 03:00:01 INFO mapreduce.Job:  map 41% reduce 12%
20/06/15 03:00:08 INFO mapreduce.Job:  map 42% reduce 12%
20/06/15 03:00:10 INFO mapreduce.Job:  map 43% reduce 12%
20/06/15 03:00:13 INFO mapreduce.Job:  map 43% reduce 13%
20/06/15 03:00:17 INFO mapreduce.Job:  map 44% reduce 13%
20/06/15 03:00:22 INFO mapreduce.Job:  map 45% reduce 13%
20/06/15 03:00:28 INFO mapreduce.Job:  map 46% reduce 13%
20/06/15 03:00:31 INFO mapreduce.Job:  map 47% reduce 14%
20/06/15 03:00:33 INFO mapreduce.Job:  map 48% reduce 14%
20/06/15 03:00:37 INFO mapreduce.Job:  map 49% reduce 14%
20/06/15 03:00:40 INFO mapreduce.Job:  map 49% reduce 15%
20/06/15 03:00:42 INFO mapreduce.Job:  map 50% reduce 15%
20/06/15 03:00:44 INFO mapreduce.Job:  map 51% reduce 15%
20/06/15 03:00:46 INFO mapreduce.Job:  map 52% reduce 16%
20/06/15 03:00:49 INFO mapreduce.Job:  map 52% reduce 17%
20/06/15 03:00:56 INFO mapreduce.Job:  map 53% reduce 17%
20/06/15 03:00:58 INFO mapreduce.Job:  map 54% reduce 17%
20/06/15 03:01:02 INFO mapreduce.Job:  map 55% reduce 17%
20/06/15 03:01:09 INFO mapreduce.Job:  map 56% reduce 17%
20/06/15 03:01:12 INFO mapreduce.Job:  map 57% reduce 17%
20/06/15 03:01:17 INFO mapreduce.Job:  map 58% reduce 17%
20/06/15 03:01:21 INFO mapreduce.Job:  map 59% reduce 17%
20/06/15 03:01:27 INFO mapreduce.Job:  map 60% reduce 17%
20/06/15 03:01:31 INFO mapreduce.Job:  map 61% reduce 17%
20/06/15 03:01:38 INFO mapreduce.Job:  map 62% reduce 17%
20/06/15 03:01:39 INFO mapreduce.Job:  map 62% reduce 18%
20/06/15 03:01:40 INFO mapreduce.Job:  map 63% reduce 18%
20/06/15 03:01:42 INFO mapreduce.Job:  map 64% reduce 19%
20/06/15 03:01:43 INFO mapreduce.Job:  map 65% reduce 19%
20/06/15 03:01:45 INFO mapreduce.Job:  map 66% reduce 21%
20/06/15 03:01:48 INFO mapreduce.Job:  map 66% reduce 22%
20/06/15 03:01:52 INFO mapreduce.Job:  map 67% reduce 22%
20/06/15 03:01:56 INFO mapreduce.Job:  map 68% reduce 22%
20/06/15 03:01:59 INFO mapreduce.Job:  map 69% reduce 22%
20/06/15 03:02:07 INFO mapreduce.Job:  map 70% reduce 22%
20/06/15 03:02:11 INFO mapreduce.Job:  map 71% reduce 22%
20/06/15 03:02:17 INFO mapreduce.Job:  map 72% reduce 22%
20/06/15 03:02:22 INFO mapreduce.Job:  map 73% reduce 22%
20/06/15 03:02:26 INFO mapreduce.Job:  map 74% reduce 22%
20/06/15 03:02:32 INFO mapreduce.Job:  map 75% reduce 22%
20/06/15 03:02:35 INFO mapreduce.Job:  map 76% reduce 22%
20/06/15 03:02:37 INFO mapreduce.Job:  map 76% reduce 23%
20/06/15 03:02:38 INFO mapreduce.Job:  map 77% reduce 23%
20/06/15 03:02:40 INFO mapreduce.Job:  map 78% reduce 24%
20/06/15 03:02:42 INFO mapreduce.Job:  map 79% reduce 24%
20/06/15 03:02:43 INFO mapreduce.Job:  map 79% reduce 25%
20/06/15 03:02:48 INFO mapreduce.Job:  map 80% reduce 25%
20/06/15 03:02:49 INFO mapreduce.Job:  map 80% reduce 26%
20/06/15 03:02:50 INFO mapreduce.Job:  map 81% reduce 26%
20/06/15 03:02:53 INFO mapreduce.Job:  map 83% reduce 26%
20/06/15 03:02:55 INFO mapreduce.Job:  map 83% reduce 27%
20/06/15 03:02:59 INFO mapreduce.Job:  map 84% reduce 27%
20/06/15 03:03:01 INFO mapreduce.Job:  map 86% reduce 27%
20/06/15 03:03:06 INFO mapreduce.Job:  map 87% reduce 27%
20/06/15 03:03:09 INFO mapreduce.Job:  map 88% reduce 27%
20/06/15 03:03:12 INFO mapreduce.Job:  map 90% reduce 27%
20/06/15 03:03:13 INFO mapreduce.Job:  map 91% reduce 28%
20/06/15 03:03:16 INFO mapreduce.Job:  map 91% reduce 29%
20/06/15 03:03:18 INFO mapreduce.Job:  map 92% reduce 29%
20/06/15 03:03:22 INFO mapreduce.Job:  map 93% reduce 29%
20/06/15 03:03:23 INFO mapreduce.Job:  map 94% reduce 29%
20/06/15 03:03:26 INFO mapreduce.Job:  map 95% reduce 29%
20/06/15 03:03:29 INFO mapreduce.Job:  map 96% reduce 29%
20/06/15 03:03:30 INFO mapreduce.Job:  map 97% reduce 29%
20/06/15 03:03:31 INFO mapreduce.Job:  map 98% reduce 31%
20/06/15 03:03:32 INFO mapreduce.Job:  map 99% reduce 31%
20/06/15 03:03:34 INFO mapreduce.Job:  map 99% reduce 32%
20/06/15 03:03:37 INFO mapreduce.Job:  map 100% reduce 33%
20/06/15 03:03:40 INFO mapreduce.Job:  map 100% reduce 68%
20/06/15 03:03:43 INFO mapreduce.Job:  map 100% reduce 73%
20/06/15 03:03:46 INFO mapreduce.Job:  map 100% reduce 79%
20/06/15 03:03:49 INFO mapreduce.Job:  map 100% reduce 85%
20/06/15 03:03:52 INFO mapreduce.Job:  map 100% reduce 92%
20/06/15 03:03:55 INFO mapreduce.Job:  map 100% reduce 100%
20/06/15 03:03:55 INFO mapreduce.Job: Job job_1592151190790_0020 completed successfully
20/06/15 03:03:55 INFO mapreduce.Job: Counters: 51
	File System Counters
		FILE: Number of bytes read=1454991039
		FILE: Number of bytes written=2169753347
		FILE: Number of read operations=0
		FILE: Number of large read operations=0
		FILE: Number of write operations=0
		HDFS: Number of bytes read=11024207202
		HDFS: Number of bytes written=335733300
		HDFS: Number of read operations=273
		HDFS: Number of large read operations=0
		HDFS: Number of write operations=2
	Job Counters 
		Killed map tasks=1
		Launched map tasks=91
		Launched reduce tasks=1
		Data-local map tasks=89
		Rack-local map tasks=2
		Total time spent by all maps in occupied slots (ms)=5155451
		Total time spent by all reduces in occupied slots (ms)=342176
		Total time spent by all map tasks (ms)=5155451
		Total time spent by all reduce tasks (ms)=342176
		Total vcore-milliseconds taken by all map tasks=5155451
		Total vcore-milliseconds taken by all reduce tasks=342176
		Total megabyte-milliseconds taken by all map tasks=5279181824
		Total megabyte-milliseconds taken by all reduce tasks=350388224
	Map-Reduce Framework
		Map input records=1179742
		Map output records=1010219435
		Map output bytes=15214907668
		Map output materialized bytes=703610415
		Input split bytes=10530
		Combine input records=1034984770
		Combine output records=47404056
		Reduce input groups=9906953
		Reduce shuffle bytes=703610415
		Reduce input records=22638721
		Reduce output records=9906953
		Spilled Records=70042777
		Shuffled Maps =90
		Failed Shuffles=0
		Merged Map outputs=90
		GC time elapsed (ms)=102783
		CPU time spent (ms)=2069080
		Physical memory (bytes) snapshot=25072111616
		Virtual memory (bytes) snapshot=191933751296
		Total committed heap usage (bytes)=18919981056
	Shuffle Errors
		BAD_ID=0
		CONNECTION=0
		IO_ERROR=0
		WRONG_LENGTH=0
		WRONG_MAP=0
		WRONG_REDUCE=0
	File Input Format Counters 
		Bytes Read=11024196672
	File Output Format Counters 
		Bytes Written=335733300
