20/06/09 15:15:26 INFO client.RMProxy: Connecting to ResourceManager at master/10.51.17.95:8032
20/06/09 15:15:27 INFO input.FileInputFormat: Total input paths to process : 10
20/06/09 15:15:27 INFO mapreduce.JobSubmitter: number of splits:90
20/06/09 15:15:28 INFO mapreduce.JobSubmitter: Submitting tokens for job: job_1591682739617_0005
20/06/09 15:15:28 INFO impl.YarnClientImpl: Submitted application application_1591682739617_0005
20/06/09 15:15:28 INFO mapreduce.Job: The url to track the job: http://master:8088/proxy/application_1591682739617_0005/
20/06/09 15:15:28 INFO mapreduce.Job: Running job: job_1591682739617_0005
20/06/09 15:15:35 INFO mapreduce.Job: Job job_1591682739617_0005 running in uber mode : false
20/06/09 15:15:35 INFO mapreduce.Job:  map 0% reduce 0%
20/06/09 15:15:49 INFO mapreduce.Job:  map 1% reduce 0%
20/06/09 15:15:51 INFO mapreduce.Job:  map 2% reduce 0%
20/06/09 15:15:56 INFO mapreduce.Job:  map 3% reduce 0%
20/06/09 15:16:04 INFO mapreduce.Job:  map 4% reduce 0%
20/06/09 15:16:08 INFO mapreduce.Job:  map 5% reduce 0%
20/06/09 15:16:14 INFO mapreduce.Job:  map 6% reduce 0%
20/06/09 15:16:17 INFO mapreduce.Job:  map 7% reduce 0%
20/06/09 15:16:23 INFO mapreduce.Job:  map 8% reduce 0%
20/06/09 15:16:28 INFO mapreduce.Job:  map 9% reduce 0%
20/06/09 15:16:31 INFO mapreduce.Job:  map 10% reduce 0%
20/06/09 15:16:33 INFO mapreduce.Job:  map 11% reduce 0%
20/06/09 15:16:34 INFO mapreduce.Job:  map 12% reduce 0%
20/06/09 15:16:43 INFO mapreduce.Job:  map 13% reduce 0%
20/06/09 15:16:47 INFO mapreduce.Job:  map 14% reduce 0%
20/06/09 15:16:51 INFO mapreduce.Job:  map 15% reduce 0%
20/06/09 15:16:52 INFO mapreduce.Job:  map 16% reduce 0%
20/06/09 15:16:55 INFO mapreduce.Job:  map 17% reduce 0%
20/06/09 15:16:59 INFO mapreduce.Job:  map 18% reduce 0%
20/06/09 15:17:05 INFO mapreduce.Job:  map 19% reduce 5%
20/06/09 15:17:11 INFO mapreduce.Job:  map 20% reduce 5%
20/06/09 15:17:16 INFO mapreduce.Job:  map 21% reduce 5%
20/06/09 15:17:21 INFO mapreduce.Job:  map 22% reduce 5%
20/06/09 15:17:27 INFO mapreduce.Job:  map 23% reduce 5%
20/06/09 15:17:28 INFO mapreduce.Job:  map 24% reduce 5%
20/06/09 15:17:30 INFO mapreduce.Job:  map 25% reduce 6%
20/06/09 15:17:33 INFO mapreduce.Job:  map 25% reduce 7%
20/06/09 15:17:37 INFO mapreduce.Job:  map 26% reduce 7%
20/06/09 15:17:41 INFO mapreduce.Job:  map 27% reduce 7%
20/06/09 15:17:44 INFO mapreduce.Job:  map 28% reduce 7%
20/06/09 15:17:51 INFO mapreduce.Job:  map 29% reduce 7%
20/06/09 15:17:53 INFO mapreduce.Job:  map 30% reduce 7%
20/06/09 15:17:54 INFO mapreduce.Job:  map 30% reduce 8%
20/06/09 15:18:00 INFO mapreduce.Job:  map 31% reduce 8%
20/06/09 15:18:01 INFO mapreduce.Job:  map 32% reduce 9%
20/06/09 15:18:05 INFO mapreduce.Job:  map 33% reduce 9%
20/06/09 15:18:07 INFO mapreduce.Job:  map 33% reduce 10%
20/06/09 15:18:08 INFO mapreduce.Job:  map 34% reduce 10%
20/06/09 15:18:16 INFO mapreduce.Job:  map 35% reduce 10%
20/06/09 15:18:19 INFO mapreduce.Job:  map 36% reduce 10%
20/06/09 15:18:24 INFO mapreduce.Job:  map 37% reduce 10%
20/06/09 15:18:25 INFO mapreduce.Job:  map 38% reduce 10%
20/06/09 15:18:27 INFO mapreduce.Job:  map 38% reduce 12%
20/06/09 15:18:28 INFO mapreduce.Job:  map 39% reduce 12%
20/06/09 15:18:36 INFO mapreduce.Job:  map 40% reduce 12%
20/06/09 15:18:39 INFO mapreduce.Job:  map 41% reduce 12%
20/06/09 15:18:46 INFO mapreduce.Job:  map 42% reduce 12%
20/06/09 15:18:49 INFO mapreduce.Job:  map 43% reduce 12%
20/06/09 15:18:55 INFO mapreduce.Job:  map 44% reduce 12%
20/06/09 15:19:00 INFO mapreduce.Job:  map 45% reduce 12%
20/06/09 15:19:03 INFO mapreduce.Job:  map 46% reduce 12%
20/06/09 15:19:04 INFO mapreduce.Job:  map 46% reduce 13%
20/06/09 15:19:05 INFO mapreduce.Job:  map 47% reduce 13%
20/06/09 15:19:07 INFO mapreduce.Job:  map 47% reduce 14%
20/06/09 15:19:10 INFO mapreduce.Job:  map 48% reduce 14%
20/06/09 15:19:14 INFO mapreduce.Job:  map 49% reduce 14%
20/06/09 15:19:20 INFO mapreduce.Job:  map 50% reduce 15%
20/06/09 15:19:21 INFO mapreduce.Job:  map 51% reduce 15%
20/06/09 15:19:22 INFO mapreduce.Job:  map 52% reduce 15%
20/06/09 15:19:23 INFO mapreduce.Job:  map 52% reduce 17%
20/06/09 15:19:29 INFO mapreduce.Job:  map 53% reduce 17%
20/06/09 15:19:34 INFO mapreduce.Job:  map 54% reduce 17%
20/06/09 15:19:38 INFO mapreduce.Job:  map 55% reduce 17%
20/06/09 15:19:44 INFO mapreduce.Job:  map 56% reduce 17%
20/06/09 15:19:48 INFO mapreduce.Job:  map 57% reduce 17%
20/06/09 15:19:53 INFO mapreduce.Job:  map 58% reduce 17%
20/06/09 15:20:00 INFO mapreduce.Job:  map 59% reduce 17%
20/06/09 15:20:03 INFO mapreduce.Job:  map 60% reduce 17%
20/06/09 15:20:07 INFO mapreduce.Job:  map 61% reduce 17%
20/06/09 15:20:09 INFO mapreduce.Job:  map 61% reduce 18%
20/06/09 15:20:12 INFO mapreduce.Job:  map 62% reduce 18%
20/06/09 15:20:14 INFO mapreduce.Job:  map 63% reduce 18%
20/06/09 15:20:15 INFO mapreduce.Job:  map 63% reduce 19%
20/06/09 15:20:17 INFO mapreduce.Job:  map 64% reduce 19%
20/06/09 15:20:18 INFO mapreduce.Job:  map 65% reduce 20%
20/06/09 15:20:19 INFO mapreduce.Job:  map 66% reduce 20%
20/06/09 15:20:21 INFO mapreduce.Job:  map 66% reduce 21%
20/06/09 15:20:27 INFO mapreduce.Job:  map 67% reduce 21%
20/06/09 15:20:30 INFO mapreduce.Job:  map 67% reduce 22%
20/06/09 15:20:31 INFO mapreduce.Job:  map 68% reduce 22%
20/06/09 15:20:36 INFO mapreduce.Job:  map 69% reduce 22%
20/06/09 15:20:42 INFO mapreduce.Job:  map 70% reduce 22%
20/06/09 15:20:47 INFO mapreduce.Job:  map 71% reduce 22%
20/06/09 15:20:52 INFO mapreduce.Job:  map 72% reduce 22%
20/06/09 15:20:57 INFO mapreduce.Job:  map 73% reduce 22%
20/06/09 15:21:03 INFO mapreduce.Job:  map 74% reduce 22%
20/06/09 15:21:05 INFO mapreduce.Job:  map 75% reduce 22%
20/06/09 15:21:09 INFO mapreduce.Job:  map 76% reduce 22%
20/06/09 15:21:10 INFO mapreduce.Job:  map 76% reduce 23%
20/06/09 15:21:12 INFO mapreduce.Job:  map 77% reduce 23%
20/06/09 15:21:13 INFO mapreduce.Job:  map 78% reduce 23%
20/06/09 15:21:16 INFO mapreduce.Job:  map 78% reduce 24%
20/06/09 15:21:18 INFO mapreduce.Job:  map 79% reduce 24%
20/06/09 15:21:19 INFO mapreduce.Job:  map 79% reduce 25%
20/06/09 15:21:22 INFO mapreduce.Job:  map 80% reduce 26%
20/06/09 15:21:26 INFO mapreduce.Job:  map 81% reduce 26%
20/06/09 15:21:28 INFO mapreduce.Job:  map 82% reduce 26%
20/06/09 15:21:31 INFO mapreduce.Job:  map 83% reduce 26%
20/06/09 15:21:35 INFO mapreduce.Job:  map 84% reduce 26%
20/06/09 15:21:36 INFO mapreduce.Job:  map 85% reduce 26%
20/06/09 15:21:37 INFO mapreduce.Job:  map 86% reduce 26%
20/06/09 15:21:38 INFO mapreduce.Job:  map 86% reduce 27%
20/06/09 15:21:40 INFO mapreduce.Job:  map 87% reduce 27%
20/06/09 15:21:44 INFO mapreduce.Job:  map 88% reduce 27%
20/06/09 15:21:47 INFO mapreduce.Job:  map 89% reduce 28%
20/06/09 15:21:49 INFO mapreduce.Job:  map 90% reduce 28%
20/06/09 15:21:50 INFO mapreduce.Job:  map 91% reduce 28%
20/06/09 15:21:54 INFO mapreduce.Job:  map 92% reduce 28%
20/06/09 15:21:55 INFO mapreduce.Job:  map 92% reduce 29%
20/06/09 15:21:56 INFO mapreduce.Job:  map 93% reduce 29%
20/06/09 15:21:57 INFO mapreduce.Job:  map 94% reduce 29%
20/06/09 15:21:58 INFO mapreduce.Job:  map 94% reduce 30%
20/06/09 15:21:59 INFO mapreduce.Job:  map 95% reduce 30%
20/06/09 15:22:04 INFO mapreduce.Job:  map 97% reduce 30%
20/06/09 15:22:06 INFO mapreduce.Job:  map 98% reduce 30%
20/06/09 15:22:07 INFO mapreduce.Job:  map 98% reduce 32%
20/06/09 15:22:10 INFO mapreduce.Job:  map 99% reduce 32%
20/06/09 15:22:11 INFO mapreduce.Job:  map 99% reduce 33%
20/06/09 15:22:13 INFO mapreduce.Job:  map 100% reduce 33%
20/06/09 15:22:17 INFO mapreduce.Job:  map 100% reduce 67%
20/06/09 15:22:21 INFO mapreduce.Job:  map 100% reduce 73%
20/06/09 15:22:24 INFO mapreduce.Job:  map 100% reduce 78%
20/06/09 15:22:27 INFO mapreduce.Job:  map 100% reduce 83%
20/06/09 15:22:30 INFO mapreduce.Job:  map 100% reduce 90%
20/06/09 15:22:33 INFO mapreduce.Job:  map 100% reduce 100%
20/06/09 15:22:35 INFO mapreduce.Job: Job job_1591682739617_0005 completed successfully
20/06/09 15:22:35 INFO mapreduce.Job: Counters: 50
	File System Counters
		FILE: Number of bytes read=1618174919
		FILE: Number of bytes written=2395042647
		FILE: Number of read operations=0
		FILE: Number of large read operations=0
		FILE: Number of write operations=0
		HDFS: Number of bytes read=11025510188
		HDFS: Number of bytes written=446945725
		HDFS: Number of read operations=273
		HDFS: Number of large read operations=0
		HDFS: Number of write operations=2
	Job Counters 
		Killed map tasks=1
		Launched map tasks=91
		Launched reduce tasks=1
		Data-local map tasks=91
		Total time spent by all maps in occupied slots (ms)=5059067
		Total time spent by all reduces in occupied slots (ms)=341127
		Total time spent by all map tasks (ms)=5059067
		Total time spent by all reduce tasks (ms)=341127
		Total vcore-milliseconds taken by all map tasks=10118134
		Total vcore-milliseconds taken by all reduce tasks=341127
		Total megabyte-milliseconds taken by all map tasks=5180484608
		Total megabyte-milliseconds taken by all reduce tasks=349314048
	Map-Reduce Framework
		Map input records=1637233
		Map output records=1011288334
		Map output bytes=19268966261
		Map output materialized bytes=765657231
		Input split bytes=10530
		Combine input records=1036269578
		Combine output records=47535312
		Reduce input groups=9657217
		Reduce shuffle bytes=765657231
		Reduce input records=22554068
		Reduce output records=9657217
		Spilled Records=70768487
		Shuffled Maps =90
		Failed Shuffles=0
		Merged Map outputs=90
		GC time elapsed (ms)=109550
		CPU time spent (ms)=2054080
		Physical memory (bytes) snapshot=25128157184
		Virtual memory (bytes) snapshot=191911559168
		Total committed heap usage (bytes)=18938855424
	Shuffle Errors
		BAD_ID=0
		CONNECTION=0
		IO_ERROR=0
		WRONG_LENGTH=0
		WRONG_MAP=0
		WRONG_REDUCE=0
	File Input Format Counters 
		Bytes Read=11025499658
	File Output Format Counters 
		Bytes Written=446945725
20/06/09 15:22:35 INFO client.RMProxy: Connecting to ResourceManager at master/10.51.17.95:8032
20/06/09 15:22:35 INFO input.FileInputFormat: Total input paths to process : 1
20/06/09 15:22:36 INFO mapreduce.JobSubmitter: number of splits:4
20/06/09 15:22:36 INFO mapreduce.JobSubmitter: Submitting tokens for job: job_1591682739617_0006
20/06/09 15:22:36 INFO impl.YarnClientImpl: Submitted application application_1591682739617_0006
20/06/09 15:22:36 INFO mapreduce.Job: The url to track the job: http://master:8088/proxy/application_1591682739617_0006/
20/06/09 15:22:36 INFO mapreduce.Job: Running job: job_1591682739617_0006
20/06/09 15:22:44 INFO mapreduce.Job: Job job_1591682739617_0006 running in uber mode : false
20/06/09 15:22:44 INFO mapreduce.Job:  map 0% reduce 0%
20/06/09 15:22:53 INFO mapreduce.Job:  map 25% reduce 0%
20/06/09 15:22:55 INFO mapreduce.Job:  map 41% reduce 0%
20/06/09 15:22:56 INFO mapreduce.Job:  map 68% reduce 0%
20/06/09 15:22:58 INFO mapreduce.Job:  map 85% reduce 0%
20/06/09 15:22:59 INFO mapreduce.Job:  map 92% reduce 0%
20/06/09 15:23:01 INFO mapreduce.Job:  map 100% reduce 0%
20/06/09 15:23:03 INFO mapreduce.Job:  map 100% reduce 74%
20/06/09 15:23:06 INFO mapreduce.Job:  map 100% reduce 91%
20/06/09 15:23:09 INFO mapreduce.Job:  map 100% reduce 100%
20/06/09 15:23:09 INFO mapreduce.Job: Job job_1591682739617_0006 completed successfully
20/06/09 15:23:09 INFO mapreduce.Job: Counters: 50
	File System Counters
		FILE: Number of bytes read=728678679
		FILE: Number of bytes written=1113927820
		FILE: Number of read operations=0
		FILE: Number of large read operations=0
		FILE: Number of write operations=0
		HDFS: Number of bytes read=446949083
		HDFS: Number of bytes written=308037604
		HDFS: Number of read operations=19
		HDFS: Number of large read operations=0
		HDFS: Number of write operations=2
	Job Counters 
		Killed map tasks=1
		Launched map tasks=5
		Launched reduce tasks=1
		Data-local map tasks=5
		Total time spent by all maps in occupied slots (ms)=50470
		Total time spent by all reduces in occupied slots (ms)=13369
		Total time spent by all map tasks (ms)=50470
		Total time spent by all reduce tasks (ms)=13369
		Total vcore-milliseconds taken by all map tasks=100940
		Total vcore-milliseconds taken by all reduce tasks=13369
		Total megabyte-milliseconds taken by all map tasks=51681280
		Total megabyte-milliseconds taken by all reduce tasks=13689856
	Map-Reduce Framework
		Map input records=9657217
		Map output records=9657217
		Map output bytes=365321343
		Map output materialized bytes=384635801
		Input split bytes=508
		Combine input records=0
		Combine output records=0
		Reduce input groups=1267
		Reduce shuffle bytes=384635801
		Reduce input records=9657217
		Reduce output records=9657217
		Spilled Records=28426642
		Shuffled Maps =4
		Failed Shuffles=0
		Merged Map outputs=4
		GC time elapsed (ms)=1386
		CPU time spent (ms)=38750
		Physical memory (bytes) snapshot=1250103296
		Virtual memory (bytes) snapshot=10578866176
		Total committed heap usage (bytes)=938475520
	Shuffle Errors
		BAD_ID=0
		CONNECTION=0
		IO_ERROR=0
		WRONG_LENGTH=0
		WRONG_MAP=0
		WRONG_REDUCE=0
	File Input Format Counters 
		Bytes Read=446948575
	File Output Format Counters 
		Bytes Written=308037604
