20/06/15 15:22:06 INFO client.RMProxy: Connecting to ResourceManager at master/10.51.17.95:8032
20/06/15 15:22:08 INFO input.FileInputFormat: Total input paths to process : 10
20/06/15 15:22:09 INFO mapreduce.JobSubmitter: number of splits:90
20/06/15 15:22:09 INFO mapreduce.JobSubmitter: Submitting tokens for job: job_1592201519211_0002
20/06/15 15:22:09 INFO impl.YarnClientImpl: Submitted application application_1592201519211_0002
20/06/15 15:22:09 INFO mapreduce.Job: The url to track the job: http://master:8088/proxy/application_1592201519211_0002/
20/06/15 15:22:09 INFO mapreduce.Job: Running job: job_1592201519211_0002
20/06/15 15:22:15 INFO mapreduce.Job: Job job_1592201519211_0002 running in uber mode : false
20/06/15 15:22:15 INFO mapreduce.Job:  map 0% reduce 0%
20/06/15 15:22:28 INFO mapreduce.Job:  map 1% reduce 0%
20/06/15 15:22:30 INFO mapreduce.Job:  map 2% reduce 0%
20/06/15 15:22:38 INFO mapreduce.Job:  map 3% reduce 0%
20/06/15 15:22:43 INFO mapreduce.Job:  map 4% reduce 0%
20/06/15 15:22:49 INFO mapreduce.Job:  map 5% reduce 0%
20/06/15 15:22:52 INFO mapreduce.Job:  map 6% reduce 0%
20/06/15 15:22:55 INFO mapreduce.Job:  map 7% reduce 0%
20/06/15 15:22:59 INFO mapreduce.Job:  map 8% reduce 0%
20/06/15 15:23:06 INFO mapreduce.Job:  map 9% reduce 0%
20/06/15 15:23:09 INFO mapreduce.Job:  map 10% reduce 0%
20/06/15 15:23:15 INFO mapreduce.Job:  map 11% reduce 0%
20/06/15 15:23:17 INFO mapreduce.Job:  map 12% reduce 0%
20/06/15 15:23:19 INFO mapreduce.Job:  map 13% reduce 0%
20/06/15 15:23:26 INFO mapreduce.Job:  map 14% reduce 0%
20/06/15 15:23:31 INFO mapreduce.Job:  map 15% reduce 0%
20/06/15 15:23:34 INFO mapreduce.Job:  map 16% reduce 4%
20/06/15 15:23:37 INFO mapreduce.Job:  map 17% reduce 5%
20/06/15 15:23:43 INFO mapreduce.Job:  map 18% reduce 5%
20/06/15 15:23:50 INFO mapreduce.Job:  map 19% reduce 5%
20/06/15 15:23:55 INFO mapreduce.Job:  map 20% reduce 5%
20/06/15 15:24:00 INFO mapreduce.Job:  map 21% reduce 5%
20/06/15 15:24:05 INFO mapreduce.Job:  map 22% reduce 5%
20/06/15 15:24:06 INFO mapreduce.Job:  map 23% reduce 5%
20/06/15 15:24:08 INFO mapreduce.Job:  map 23% reduce 6%
20/06/15 15:24:11 INFO mapreduce.Job:  map 24% reduce 6%
20/06/15 15:24:13 INFO mapreduce.Job:  map 24% reduce 7%
20/06/15 15:24:16 INFO mapreduce.Job:  map 25% reduce 7%
20/06/15 15:24:17 INFO mapreduce.Job:  map 26% reduce 7%
20/06/15 15:24:19 INFO mapreduce.Job:  map 26% reduce 9%
20/06/15 15:24:24 INFO mapreduce.Job:  map 27% reduce 9%
20/06/15 15:24:31 INFO mapreduce.Job:  map 28% reduce 9%
20/06/15 15:24:36 INFO mapreduce.Job:  map 29% reduce 9%
20/06/15 15:24:42 INFO mapreduce.Job:  map 30% reduce 9%
20/06/15 15:24:47 INFO mapreduce.Job:  map 31% reduce 9%
20/06/15 15:24:51 INFO mapreduce.Job:  map 32% reduce 9%
20/06/15 15:24:54 INFO mapreduce.Job:  map 33% reduce 9%
20/06/15 15:24:56 INFO mapreduce.Job:  map 33% reduce 10%
20/06/15 15:24:57 INFO mapreduce.Job:  map 34% reduce 10%
20/06/15 15:25:01 INFO mapreduce.Job:  map 35% reduce 10%
20/06/15 15:25:02 INFO mapreduce.Job:  map 35% reduce 11%
20/06/15 15:25:03 INFO mapreduce.Job:  map 36% reduce 11%
20/06/15 15:25:05 INFO mapreduce.Job:  map 36% reduce 12%
20/06/15 15:25:12 INFO mapreduce.Job:  map 37% reduce 12%
20/06/15 15:25:16 INFO mapreduce.Job:  map 38% reduce 12%
20/06/15 15:25:23 INFO mapreduce.Job:  map 39% reduce 12%
20/06/15 15:25:29 INFO mapreduce.Job:  map 40% reduce 12%
20/06/15 15:25:35 INFO mapreduce.Job:  map 41% reduce 12%
20/06/15 15:25:38 INFO mapreduce.Job:  map 42% reduce 12%
20/06/15 15:25:42 INFO mapreduce.Job:  map 43% reduce 12%
20/06/15 15:25:45 INFO mapreduce.Job:  map 44% reduce 13%
20/06/15 15:25:49 INFO mapreduce.Job:  map 44% reduce 14%
20/06/15 15:25:51 INFO mapreduce.Job:  map 45% reduce 14%
20/06/15 15:25:57 INFO mapreduce.Job:  map 46% reduce 14%
20/06/15 15:25:59 INFO mapreduce.Job:  map 47% reduce 14%
20/06/15 15:26:01 INFO mapreduce.Job:  map 47% reduce 15%
20/06/15 15:26:04 INFO mapreduce.Job:  map 48% reduce 15%
20/06/15 15:26:11 INFO mapreduce.Job:  map 49% reduce 15%
20/06/15 15:26:15 INFO mapreduce.Job:  map 50% reduce 15%
20/06/15 15:26:21 INFO mapreduce.Job:  map 51% reduce 15%
20/06/15 15:26:23 INFO mapreduce.Job:  map 51% reduce 16%
20/06/15 15:26:24 INFO mapreduce.Job:  map 52% reduce 16%
20/06/15 15:26:31 INFO mapreduce.Job:  map 53% reduce 16%
20/06/15 15:26:35 INFO mapreduce.Job:  map 54% reduce 16%
20/06/15 15:26:37 INFO mapreduce.Job:  map 54% reduce 17%
20/06/15 15:26:40 INFO mapreduce.Job:  map 55% reduce 17%
20/06/15 15:26:44 INFO mapreduce.Job:  map 56% reduce 17%
20/06/15 15:26:48 INFO mapreduce.Job:  map 57% reduce 17%
20/06/15 15:26:49 INFO mapreduce.Job:  map 57% reduce 18%
20/06/15 15:26:51 INFO mapreduce.Job:  map 58% reduce 18%
20/06/15 15:26:52 INFO mapreduce.Job:  map 58% reduce 19%
20/06/15 15:26:57 INFO mapreduce.Job:  map 59% reduce 19%
20/06/15 15:27:02 INFO mapreduce.Job:  map 60% reduce 19%
20/06/15 15:27:06 INFO mapreduce.Job:  map 61% reduce 19%
20/06/15 15:27:12 INFO mapreduce.Job:  map 62% reduce 19%
20/06/15 15:27:14 INFO mapreduce.Job:  map 63% reduce 20%
20/06/15 15:27:21 INFO mapreduce.Job:  map 64% reduce 20%
20/06/15 15:27:26 INFO mapreduce.Job:  map 65% reduce 20%
20/06/15 15:27:31 INFO mapreduce.Job:  map 66% reduce 20%
20/06/15 15:27:35 INFO mapreduce.Job:  map 67% reduce 20%
20/06/15 15:27:36 INFO mapreduce.Job:  map 67% reduce 21%
20/06/15 15:27:37 INFO mapreduce.Job:  map 68% reduce 21%
20/06/15 15:27:42 INFO mapreduce.Job:  map 69% reduce 22%
20/06/15 15:27:45 INFO mapreduce.Job:  map 69% reduce 23%
20/06/15 15:27:48 INFO mapreduce.Job:  map 70% reduce 23%
20/06/15 15:27:52 INFO mapreduce.Job:  map 71% reduce 23%
20/06/15 15:27:54 INFO mapreduce.Job:  map 72% reduce 23%
20/06/15 15:28:00 INFO mapreduce.Job:  map 73% reduce 23%
20/06/15 15:28:06 INFO mapreduce.Job:  map 74% reduce 23%
20/06/15 15:28:11 INFO mapreduce.Job:  map 75% reduce 23%
20/06/15 15:28:16 INFO mapreduce.Job:  map 76% reduce 23%
20/06/15 15:28:19 INFO mapreduce.Job:  map 76% reduce 24%
20/06/15 15:28:20 INFO mapreduce.Job:  map 77% reduce 24%
20/06/15 15:28:24 INFO mapreduce.Job:  map 78% reduce 24%
20/06/15 15:28:27 INFO mapreduce.Job:  map 79% reduce 24%
20/06/15 15:28:28 INFO mapreduce.Job:  map 79% reduce 25%
20/06/15 15:28:31 INFO mapreduce.Job:  map 79% reduce 26%
20/06/15 15:28:32 INFO mapreduce.Job:  map 80% reduce 26%
20/06/15 15:28:36 INFO mapreduce.Job:  map 81% reduce 26%
20/06/15 15:28:37 INFO mapreduce.Job:  map 82% reduce 26%
20/06/15 15:28:40 INFO mapreduce.Job:  map 82% reduce 27%
20/06/15 15:28:42 INFO mapreduce.Job:  map 83% reduce 27%
20/06/15 15:28:44 INFO mapreduce.Job:  map 84% reduce 27%
20/06/15 15:28:46 INFO mapreduce.Job:  map 85% reduce 27%
20/06/15 15:28:51 INFO mapreduce.Job:  map 86% reduce 27%
20/06/15 15:28:52 INFO mapreduce.Job:  map 87% reduce 28%
20/06/15 15:28:55 INFO mapreduce.Job:  map 87% reduce 29%
20/06/15 15:28:56 INFO mapreduce.Job:  map 88% reduce 29%
20/06/15 15:29:01 INFO mapreduce.Job:  map 89% reduce 29%
20/06/15 15:29:05 INFO mapreduce.Job:  map 90% reduce 29%
20/06/15 15:29:08 INFO mapreduce.Job:  map 91% reduce 29%
20/06/15 15:29:10 INFO mapreduce.Job:  map 92% reduce 29%
20/06/15 15:29:12 INFO mapreduce.Job:  map 93% reduce 29%
20/06/15 15:29:13 INFO mapreduce.Job:  map 93% reduce 30%
20/06/15 15:29:14 INFO mapreduce.Job:  map 94% reduce 30%
20/06/15 15:29:16 INFO mapreduce.Job:  map 94% reduce 31%
20/06/15 15:29:20 INFO mapreduce.Job:  map 95% reduce 31%
20/06/15 15:29:23 INFO mapreduce.Job:  map 97% reduce 31%
20/06/15 15:29:24 INFO mapreduce.Job:  map 98% reduce 31%
20/06/15 15:29:25 INFO mapreduce.Job:  map 99% reduce 32%
20/06/15 15:29:27 INFO mapreduce.Job:  map 100% reduce 32%
20/06/15 15:29:28 INFO mapreduce.Job:  map 100% reduce 39%
20/06/15 15:29:31 INFO mapreduce.Job:  map 100% reduce 71%
20/06/15 15:29:34 INFO mapreduce.Job:  map 100% reduce 76%
20/06/15 15:29:37 INFO mapreduce.Job:  map 100% reduce 81%
20/06/15 15:29:40 INFO mapreduce.Job:  map 100% reduce 88%
20/06/15 15:29:43 INFO mapreduce.Job:  map 100% reduce 95%
20/06/15 15:29:46 INFO mapreduce.Job:  map 100% reduce 100%
20/06/15 15:29:49 INFO mapreduce.Job: Job job_1592201519211_0002 completed successfully
20/06/15 15:29:50 INFO mapreduce.Job: Counters: 51
	File System Counters
		FILE: Number of bytes read=1664983330
		FILE: Number of bytes written=2465674599
		FILE: Number of read operations=0
		FILE: Number of large read operations=0
		FILE: Number of write operations=0
		HDFS: Number of bytes read=11025668664
		HDFS: Number of bytes written=472954036
		HDFS: Number of read operations=273
		HDFS: Number of large read operations=0
		HDFS: Number of write operations=2
	Job Counters 
		Killed map tasks=1
		Launched map tasks=91
		Launched reduce tasks=1
		Data-local map tasks=85
		Rack-local map tasks=6
		Total time spent by all maps in occupied slots (ms)=3796012
		Total time spent by all reduces in occupied slots (ms)=387849
		Total time spent by all map tasks (ms)=3796012
		Total time spent by all reduce tasks (ms)=387849
		Total vcore-milliseconds taken by all map tasks=7592024
		Total vcore-milliseconds taken by all reduce tasks=387849
		Total megabyte-milliseconds taken by all map tasks=3887116288
		Total megabyte-milliseconds taken by all reduce tasks=397157376
	Map-Reduce Framework
		Map input records=1179594
		Map output records=1009901268
		Map output bytes=19265183218
		Map output materialized bytes=789509164
		Input split bytes=9630
		Combine input records=1034891965
		Combine output records=47597616
		Reduce input groups=9841803
		Reduce shuffle bytes=789509164
		Reduce input records=22606919
		Reduce output records=9841803
		Spilled Records=70882807
		Shuffled Maps =90
		Failed Shuffles=0
		Merged Map outputs=90
		GC time elapsed (ms)=71778
		CPU time spent (ms)=2230720
		Physical memory (bytes) snapshot=25062125568
		Virtual memory (bytes) snapshot=191954231296
		Total committed heap usage (bytes)=18938331136
	Shuffle Errors
		BAD_ID=0
		CONNECTION=0
		IO_ERROR=0
		WRONG_LENGTH=0
		WRONG_MAP=0
		WRONG_REDUCE=0
	File Input Format Counters 
		Bytes Read=11025659034
	File Output Format Counters 
		Bytes Written=472954036
20/06/15 15:29:50 INFO client.RMProxy: Connecting to ResourceManager at master/10.51.17.95:8032
20/06/15 15:29:50 INFO input.FileInputFormat: Total input paths to process : 1
20/06/15 15:29:51 INFO mapreduce.JobSubmitter: number of splits:4
20/06/15 15:29:51 INFO mapreduce.JobSubmitter: Submitting tokens for job: job_1592201519211_0003
20/06/15 15:29:51 INFO impl.YarnClientImpl: Submitted application application_1592201519211_0003
20/06/15 15:29:51 INFO mapreduce.Job: The url to track the job: http://master:8088/proxy/application_1592201519211_0003/
20/06/15 15:29:51 INFO mapreduce.Job: Running job: job_1592201519211_0003
20/06/15 15:30:00 INFO mapreduce.Job: Job job_1592201519211_0003 running in uber mode : false
20/06/15 15:30:00 INFO mapreduce.Job:  map 0% reduce 0%
20/06/15 15:30:10 INFO mapreduce.Job:  map 25% reduce 0%
20/06/15 15:30:12 INFO mapreduce.Job:  map 64% reduce 0%
20/06/15 15:30:14 INFO mapreduce.Job:  map 70% reduce 0%
20/06/15 15:30:15 INFO mapreduce.Job:  map 83% reduce 0%
20/06/15 15:30:18 INFO mapreduce.Job:  map 96% reduce 0%
20/06/15 15:30:21 INFO mapreduce.Job:  map 100% reduce 0%
20/06/15 15:30:22 INFO mapreduce.Job:  map 100% reduce 25%
20/06/15 15:30:25 INFO mapreduce.Job:  map 100% reduce 77%
20/06/15 15:30:28 INFO mapreduce.Job:  map 100% reduce 79%
20/06/15 15:30:31 INFO mapreduce.Job:  map 100% reduce 85%
20/06/15 15:30:34 INFO mapreduce.Job:  map 100% reduce 100%
20/06/15 15:30:35 INFO mapreduce.Job: Job job_1592201519211_0003 completed successfully
20/06/15 15:30:35 INFO mapreduce.Job: Counters: 50
	File System Counters
		FILE: Number of bytes read=754217147
		FILE: Number of bytes written=1164111403
		FILE: Number of read operations=0
		FILE: Number of large read operations=0
		FILE: Number of write operations=0
		HDFS: Number of bytes read=472959501
		HDFS: Number of bytes written=331204946
		HDFS: Number of read operations=19
		HDFS: Number of large read operations=0
		HDFS: Number of write operations=2
	Job Counters 
		Killed map tasks=1
		Launched map tasks=4
		Launched reduce tasks=1
		Data-local map tasks=4
		Total time spent by all maps in occupied slots (ms)=54837
		Total time spent by all reduces in occupied slots (ms)=21712
		Total time spent by all map tasks (ms)=54837
		Total time spent by all reduce tasks (ms)=21712
		Total vcore-milliseconds taken by all map tasks=109674
		Total vcore-milliseconds taken by all reduce tasks=21712
		Total megabyte-milliseconds taken by all map tasks=56153088
		Total megabyte-milliseconds taken by all reduce tasks=22233088
	Map-Reduce Framework
		Map input records=9841803
		Map output records=9841803
		Map output bytes=389598846
		Map output materialized bytes=409282476
		Input split bytes=504
		Combine input records=0
		Combine output records=0
		Reduce input groups=1244
		Reduce shuffle bytes=409282476
		Reduce input records=9841803
		Reduce output records=9841803
		Spilled Records=28647293
		Shuffled Maps =4
		Failed Shuffles=0
		Merged Map outputs=4
		GC time elapsed (ms)=1809
		CPU time spent (ms)=41350
		Physical memory (bytes) snapshot=1287106560
		Virtual memory (bytes) snapshot=10542837760
		Total committed heap usage (bytes)=933756928
	Shuffle Errors
		BAD_ID=0
		CONNECTION=0
		IO_ERROR=0
		WRONG_LENGTH=0
		WRONG_MAP=0
		WRONG_REDUCE=0
	File Input Format Counters 
		Bytes Read=472958997
	File Output Format Counters 
		Bytes Written=331204946
