20/06/09 15:24:15 INFO client.RMProxy: Connecting to ResourceManager at master/10.51.17.95:8032
20/06/09 15:24:16 INFO input.FileInputFormat: Total input paths to process : 10
20/06/09 15:24:17 INFO mapreduce.JobSubmitter: number of splits:90
20/06/09 15:24:17 INFO mapreduce.JobSubmitter: Submitting tokens for job: job_1591682739617_0008
20/06/09 15:24:17 INFO impl.YarnClientImpl: Submitted application application_1591682739617_0008
20/06/09 15:24:17 INFO mapreduce.Job: The url to track the job: http://master:8088/proxy/application_1591682739617_0008/
20/06/09 15:24:17 INFO mapreduce.Job: Running job: job_1591682739617_0008
20/06/09 15:24:25 INFO mapreduce.Job: Job job_1591682739617_0008 running in uber mode : false
20/06/09 15:24:25 INFO mapreduce.Job:  map 0% reduce 0%
20/06/09 15:24:39 INFO mapreduce.Job:  map 1% reduce 0%
20/06/09 15:24:41 INFO mapreduce.Job:  map 2% reduce 0%
20/06/09 15:24:45 INFO mapreduce.Job:  map 3% reduce 0%
20/06/09 15:24:54 INFO mapreduce.Job:  map 4% reduce 0%
20/06/09 15:24:58 INFO mapreduce.Job:  map 5% reduce 0%
20/06/09 15:25:05 INFO mapreduce.Job:  map 6% reduce 0%
20/06/09 15:25:07 INFO mapreduce.Job:  map 7% reduce 0%
20/06/09 15:25:13 INFO mapreduce.Job:  map 8% reduce 0%
20/06/09 15:25:18 INFO mapreduce.Job:  map 9% reduce 0%
20/06/09 15:25:22 INFO mapreduce.Job:  map 10% reduce 0%
20/06/09 15:25:23 INFO mapreduce.Job:  map 12% reduce 0%
20/06/09 15:25:34 INFO mapreduce.Job:  map 13% reduce 0%
20/06/09 15:25:37 INFO mapreduce.Job:  map 14% reduce 0%
20/06/09 15:25:40 INFO mapreduce.Job:  map 15% reduce 0%
20/06/09 15:25:41 INFO mapreduce.Job:  map 16% reduce 0%
20/06/09 15:25:43 INFO mapreduce.Job:  map 17% reduce 0%
20/06/09 15:25:49 INFO mapreduce.Job:  map 18% reduce 0%
20/06/09 15:25:55 INFO mapreduce.Job:  map 19% reduce 5%
20/06/09 15:25:58 INFO mapreduce.Job:  map 20% reduce 5%
20/06/09 15:26:04 INFO mapreduce.Job:  map 21% reduce 5%
20/06/09 15:26:10 INFO mapreduce.Job:  map 22% reduce 5%
20/06/09 15:26:17 INFO mapreduce.Job:  map 23% reduce 5%
20/06/09 15:26:18 INFO mapreduce.Job:  map 24% reduce 5%
20/06/09 15:26:19 INFO mapreduce.Job:  map 25% reduce 5%
20/06/09 15:26:20 INFO mapreduce.Job:  map 25% reduce 6%
20/06/09 15:26:23 INFO mapreduce.Job:  map 26% reduce 7%
20/06/09 15:26:30 INFO mapreduce.Job:  map 27% reduce 7%
20/06/09 15:26:34 INFO mapreduce.Job:  map 28% reduce 7%
20/06/09 15:26:40 INFO mapreduce.Job:  map 29% reduce 7%
20/06/09 15:26:44 INFO mapreduce.Job:  map 30% reduce 7%
20/06/09 15:26:45 INFO mapreduce.Job:  map 31% reduce 7%
20/06/09 15:26:47 INFO mapreduce.Job:  map 31% reduce 9%
20/06/09 15:26:50 INFO mapreduce.Job:  map 32% reduce 9%
20/06/09 15:26:54 INFO mapreduce.Job:  map 33% reduce 9%
20/06/09 15:26:57 INFO mapreduce.Job:  map 33% reduce 10%
20/06/09 15:26:59 INFO mapreduce.Job:  map 34% reduce 10%
20/06/09 15:27:03 INFO mapreduce.Job:  map 35% reduce 10%
20/06/09 15:27:08 INFO mapreduce.Job:  map 36% reduce 10%
20/06/09 15:27:14 INFO mapreduce.Job:  map 37% reduce 10%
20/06/09 15:27:16 INFO mapreduce.Job:  map 38% reduce 10%
20/06/09 15:27:18 INFO mapreduce.Job:  map 39% reduce 11%
20/06/09 15:27:21 INFO mapreduce.Job:  map 39% reduce 12%
20/06/09 15:27:22 INFO mapreduce.Job:  map 40% reduce 12%
20/06/09 15:27:28 INFO mapreduce.Job:  map 41% reduce 12%
20/06/09 15:27:33 INFO mapreduce.Job:  map 42% reduce 12%
20/06/09 15:27:37 INFO mapreduce.Job:  map 43% reduce 12%
20/06/09 15:27:44 INFO mapreduce.Job:  map 44% reduce 12%
20/06/09 15:27:47 INFO mapreduce.Job:  map 45% reduce 12%
20/06/09 15:27:48 INFO mapreduce.Job:  map 45% reduce 13%
20/06/09 15:27:51 INFO mapreduce.Job:  map 46% reduce 13%
20/06/09 15:27:54 INFO mapreduce.Job:  map 47% reduce 14%
20/06/09 15:27:59 INFO mapreduce.Job:  map 48% reduce 14%
20/06/09 15:28:03 INFO mapreduce.Job:  map 49% reduce 14%
20/06/09 15:28:04 INFO mapreduce.Job:  map 50% reduce 14%
20/06/09 15:28:06 INFO mapreduce.Job:  map 50% reduce 16%
20/06/09 15:28:10 INFO mapreduce.Job:  map 51% reduce 16%
20/06/09 15:28:14 INFO mapreduce.Job:  map 52% reduce 16%
20/06/09 15:28:16 INFO mapreduce.Job:  map 52% reduce 17%
20/06/09 15:28:17 INFO mapreduce.Job:  map 53% reduce 17%
20/06/09 15:28:21 INFO mapreduce.Job:  map 54% reduce 17%
20/06/09 15:28:27 INFO mapreduce.Job:  map 55% reduce 17%
20/06/09 15:28:32 INFO mapreduce.Job:  map 56% reduce 17%
20/06/09 15:28:37 INFO mapreduce.Job:  map 57% reduce 17%
20/06/09 15:28:42 INFO mapreduce.Job:  map 58% reduce 17%
20/06/09 15:28:48 INFO mapreduce.Job:  map 59% reduce 17%
20/06/09 15:28:52 INFO mapreduce.Job:  map 60% reduce 17%
20/06/09 15:28:55 INFO mapreduce.Job:  map 61% reduce 17%
20/06/09 15:28:56 INFO mapreduce.Job:  map 61% reduce 18%
20/06/09 15:28:57 INFO mapreduce.Job:  map 62% reduce 18%
20/06/09 15:28:59 INFO mapreduce.Job:  map 62% reduce 19%
20/06/09 15:29:00 INFO mapreduce.Job:  map 63% reduce 19%
20/06/09 15:29:02 INFO mapreduce.Job:  map 63% reduce 20%
20/06/09 15:29:04 INFO mapreduce.Job:  map 64% reduce 20%
20/06/09 15:29:09 INFO mapreduce.Job:  map 65% reduce 20%
20/06/09 15:29:10 INFO mapreduce.Job:  map 66% reduce 20%
20/06/09 15:29:11 INFO mapreduce.Job:  map 66% reduce 21%
20/06/09 15:29:15 INFO mapreduce.Job:  map 67% reduce 21%
20/06/09 15:29:20 INFO mapreduce.Job:  map 68% reduce 22%
20/06/09 15:29:25 INFO mapreduce.Job:  map 69% reduce 22%
20/06/09 15:29:31 INFO mapreduce.Job:  map 70% reduce 22%
20/06/09 15:29:36 INFO mapreduce.Job:  map 71% reduce 22%
20/06/09 15:29:40 INFO mapreduce.Job:  map 72% reduce 22%
20/06/09 15:29:46 INFO mapreduce.Job:  map 73% reduce 22%
20/06/09 15:29:51 INFO mapreduce.Job:  map 74% reduce 22%
20/06/09 15:29:55 INFO mapreduce.Job:  map 75% reduce 22%
20/06/09 15:29:57 INFO mapreduce.Job:  map 76% reduce 22%
20/06/09 15:29:59 INFO mapreduce.Job:  map 77% reduce 22%
20/06/09 15:30:00 INFO mapreduce.Job:  map 77% reduce 23%
20/06/09 15:30:02 INFO mapreduce.Job:  map 77% reduce 24%
20/06/09 15:30:04 INFO mapreduce.Job:  map 78% reduce 24%
20/06/09 15:30:08 INFO mapreduce.Job:  map 79% reduce 24%
20/06/09 15:30:09 INFO mapreduce.Job:  map 79% reduce 25%
20/06/09 15:30:13 INFO mapreduce.Job:  map 80% reduce 25%
20/06/09 15:30:15 INFO mapreduce.Job:  map 81% reduce 26%
20/06/09 15:30:18 INFO mapreduce.Job:  map 81% reduce 27%
20/06/09 15:30:19 INFO mapreduce.Job:  map 82% reduce 27%
20/06/09 15:30:20 INFO mapreduce.Job:  map 83% reduce 27%
20/06/09 15:30:26 INFO mapreduce.Job:  map 85% reduce 27%
20/06/09 15:30:28 INFO mapreduce.Job:  map 86% reduce 27%
20/06/09 15:30:29 INFO mapreduce.Job:  map 87% reduce 27%
20/06/09 15:30:33 INFO mapreduce.Job:  map 88% reduce 27%
20/06/09 15:30:34 INFO mapreduce.Job:  map 89% reduce 27%
20/06/09 15:30:36 INFO mapreduce.Job:  map 89% reduce 28%
20/06/09 15:30:39 INFO mapreduce.Job:  map 90% reduce 28%
20/06/09 15:30:42 INFO mapreduce.Job:  map 91% reduce 29%
20/06/09 15:30:44 INFO mapreduce.Job:  map 92% reduce 29%
20/06/09 15:30:45 INFO mapreduce.Job:  map 93% reduce 29%
20/06/09 15:30:48 INFO mapreduce.Job:  map 94% reduce 29%
20/06/09 15:30:52 INFO mapreduce.Job:  map 95% reduce 29%
20/06/09 15:30:53 INFO mapreduce.Job:  map 96% reduce 29%
20/06/09 15:30:54 INFO mapreduce.Job:  map 97% reduce 29%
20/06/09 15:30:55 INFO mapreduce.Job:  map 97% reduce 30%
20/06/09 15:30:56 INFO mapreduce.Job:  map 98% reduce 30%
20/06/09 15:30:58 INFO mapreduce.Job:  map 98% reduce 31%
20/06/09 15:31:00 INFO mapreduce.Job:  map 99% reduce 31%
20/06/09 15:31:01 INFO mapreduce.Job:  map 99% reduce 32%
20/06/09 15:31:03 INFO mapreduce.Job:  map 100% reduce 32%
20/06/09 15:31:04 INFO mapreduce.Job:  map 100% reduce 33%
20/06/09 15:31:07 INFO mapreduce.Job:  map 100% reduce 69%
20/06/09 15:31:10 INFO mapreduce.Job:  map 100% reduce 75%
20/06/09 15:31:13 INFO mapreduce.Job:  map 100% reduce 80%
20/06/09 15:31:16 INFO mapreduce.Job:  map 100% reduce 86%
20/06/09 15:31:19 INFO mapreduce.Job:  map 100% reduce 94%
20/06/09 15:31:21 INFO mapreduce.Job:  map 100% reduce 100%
20/06/09 15:31:21 INFO mapreduce.Job: Job job_1591682739617_0008 completed successfully
20/06/09 15:31:21 INFO mapreduce.Job: Counters: 51
	File System Counters
		FILE: Number of bytes read=1672630082
		FILE: Number of bytes written=2477101377
		FILE: Number of read operations=0
		FILE: Number of large read operations=0
		FILE: Number of write operations=0
		HDFS: Number of bytes read=11024975121
		HDFS: Number of bytes written=476203077
		HDFS: Number of read operations=273
		HDFS: Number of large read operations=0
		HDFS: Number of write operations=2
	Job Counters 
		Killed map tasks=1
		Launched map tasks=91
		Launched reduce tasks=1
		Data-local map tasks=89
		Rack-local map tasks=2
		Total time spent by all maps in occupied slots (ms)=5079335
		Total time spent by all reduces in occupied slots (ms)=339292
		Total time spent by all map tasks (ms)=5079335
		Total time spent by all reduce tasks (ms)=339292
		Total vcore-milliseconds taken by all map tasks=10158670
		Total vcore-milliseconds taken by all reduce tasks=339292
		Total megabyte-milliseconds taken by all map tasks=5201239040
		Total megabyte-milliseconds taken by all reduce tasks=347435008
	Map-Reduce Framework
		Map input records=2094032
		Map output records=1010815158
		Map output bytes=19271078346
		Map output materialized bytes=793260798
		Input split bytes=10530
		Combine input records=1035805836
		Combine output records=47595901
		Reduce input groups=9839151
		Reduce shuffle bytes=793260798
		Reduce input records=22605223
		Reduce output records=9839151
		Spilled Records=70879471
		Shuffled Maps =90
		Failed Shuffles=0
		Merged Map outputs=90
		GC time elapsed (ms)=105809
		CPU time spent (ms)=2050080
		Physical memory (bytes) snapshot=25104498688
		Virtual memory (bytes) snapshot=191945535488
		Total committed heap usage (bytes)=18946719744
	Shuffle Errors
		BAD_ID=0
		CONNECTION=0
		IO_ERROR=0
		WRONG_LENGTH=0
		WRONG_MAP=0
		WRONG_REDUCE=0
	File Input Format Counters 
		Bytes Read=11024964591
	File Output Format Counters 
		Bytes Written=476203077
20/06/09 15:31:21 INFO client.RMProxy: Connecting to ResourceManager at master/10.51.17.95:8032
20/06/09 15:31:21 INFO input.FileInputFormat: Total input paths to process : 1
20/06/09 15:31:21 INFO mapreduce.JobSubmitter: number of splits:4
20/06/09 15:31:22 INFO mapreduce.JobSubmitter: Submitting tokens for job: job_1591682739617_0009
20/06/09 15:31:22 INFO impl.YarnClientImpl: Submitted application application_1591682739617_0009
20/06/09 15:31:22 INFO mapreduce.Job: The url to track the job: http://master:8088/proxy/application_1591682739617_0009/
20/06/09 15:31:22 INFO mapreduce.Job: Running job: job_1591682739617_0009
20/06/09 15:31:31 INFO mapreduce.Job: Job job_1591682739617_0009 running in uber mode : false
20/06/09 15:31:31 INFO mapreduce.Job:  map 0% reduce 0%
20/06/09 15:31:42 INFO mapreduce.Job:  map 33% reduce 0%
20/06/09 15:31:43 INFO mapreduce.Job:  map 56% reduce 0%
20/06/09 15:31:45 INFO mapreduce.Job:  map 71% reduce 0%
20/06/09 15:31:46 INFO mapreduce.Job:  map 75% reduce 0%
20/06/09 15:31:48 INFO mapreduce.Job:  map 81% reduce 0%
20/06/09 15:31:49 INFO mapreduce.Job:  map 85% reduce 0%
20/06/09 15:31:50 INFO mapreduce.Job:  map 93% reduce 0%
20/06/09 15:31:51 INFO mapreduce.Job:  map 100% reduce 0%
20/06/09 15:31:52 INFO mapreduce.Job:  map 100% reduce 68%
20/06/09 15:31:55 INFO mapreduce.Job:  map 100% reduce 86%
20/06/09 15:31:58 INFO mapreduce.Job:  map 100% reduce 96%
20/06/09 15:31:59 INFO mapreduce.Job:  map 100% reduce 100%
20/06/09 15:31:59 INFO mapreduce.Job: Job job_1591682739617_0009 completed successfully
20/06/09 15:31:59 INFO mapreduce.Job: Counters: 50
	File System Counters
		FILE: Number of bytes read=757569202
		FILE: Number of bytes written=1170697011
		FILE: Number of read operations=0
		FILE: Number of large read operations=0
		FILE: Number of write operations=0
		HDFS: Number of bytes read=476208546
		HDFS: Number of bytes written=334458828
		HDFS: Number of read operations=19
		HDFS: Number of large read operations=0
		HDFS: Number of write operations=2
	Job Counters 
		Killed map tasks=1
		Launched map tasks=5
		Launched reduce tasks=1
		Data-local map tasks=5
		Total time spent by all maps in occupied slots (ms)=63006
		Total time spent by all reduces in occupied slots (ms)=14658
		Total time spent by all map tasks (ms)=63006
		Total time spent by all reduce tasks (ms)=14658
		Total vcore-milliseconds taken by all map tasks=126012
		Total vcore-milliseconds taken by all reduce tasks=14658
		Total megabyte-milliseconds taken by all map tasks=64518144
		Total megabyte-milliseconds taken by all reduce tasks=15009792
	Map-Reduce Framework
		Map input records=9839151
		Map output records=9839151
		Map output bytes=392836143
		Map output materialized bytes=412514469
		Input split bytes=508
		Combine input records=0
		Combine output records=0
		Reduce input groups=1254
		Reduce shuffle bytes=412514469
		Reduce input records=9839151
		Reduce output records=9839151
		Spilled Records=28621926
		Shuffled Maps =4
		Failed Shuffles=0
		Merged Map outputs=4
		GC time elapsed (ms)=1551
		CPU time spent (ms)=45630
		Physical memory (bytes) snapshot=1270390784
		Virtual memory (bytes) snapshot=10539864064
		Total committed heap usage (bytes)=940572672
	Shuffle Errors
		BAD_ID=0
		CONNECTION=0
		IO_ERROR=0
		WRONG_LENGTH=0
		WRONG_MAP=0
		WRONG_REDUCE=0
	File Input Format Counters 
		Bytes Read=476208038
	File Output Format Counters 
		Bytes Written=334458828
