20/06/16 18:33:43 INFO client.RMProxy: Connecting to ResourceManager at master/10.51.17.95:8032
20/06/16 18:33:44 INFO client.RMProxy: Connecting to ResourceManager at master/10.51.17.95:8032
20/06/16 18:33:44 INFO input.FileInputFormat: Total input paths to process : 10
20/06/16 18:33:45 INFO mapreduce.JobSubmitter: number of splits:80
20/06/16 18:33:45 INFO mapreduce.JobSubmitter: Submitting tokens for job: job_1592299609155_0002
20/06/16 18:33:45 INFO impl.YarnClientImpl: Submitted application application_1592299609155_0002
20/06/16 18:33:45 INFO mapreduce.Job: The url to track the job: http://master:8088/proxy/application_1592299609155_0002/
20/06/16 18:33:45 INFO mapreduce.Job: Running job: job_1592299609155_0002
20/06/16 18:33:53 INFO mapreduce.Job: Job job_1592299609155_0002 running in uber mode : false
20/06/16 18:33:53 INFO mapreduce.Job:  map 0% reduce 0%
20/06/16 18:34:00 INFO mapreduce.Job:  map 1% reduce 0%
20/06/16 18:34:01 INFO mapreduce.Job:  map 4% reduce 0%
20/06/16 18:34:02 INFO mapreduce.Job:  map 5% reduce 0%
20/06/16 18:34:04 INFO mapreduce.Job:  map 6% reduce 0%
20/06/16 18:34:05 INFO mapreduce.Job:  map 9% reduce 0%
20/06/16 18:34:06 INFO mapreduce.Job:  map 13% reduce 0%
20/06/16 18:34:09 INFO mapreduce.Job:  map 14% reduce 0%
20/06/16 18:34:10 INFO mapreduce.Job:  map 16% reduce 0%
20/06/16 18:34:11 INFO mapreduce.Job:  map 17% reduce 0%
20/06/16 18:34:15 INFO mapreduce.Job:  map 19% reduce 0%
20/06/16 18:34:16 INFO mapreduce.Job:  map 20% reduce 0%
20/06/16 18:34:17 INFO mapreduce.Job:  map 21% reduce 2%
20/06/16 18:34:19 INFO mapreduce.Job:  map 25% reduce 2%
20/06/16 18:34:20 INFO mapreduce.Job:  map 29% reduce 3%
20/06/16 18:34:24 INFO mapreduce.Job:  map 30% reduce 3%
20/06/16 18:34:26 INFO mapreduce.Job:  map 31% reduce 3%
20/06/16 18:34:29 INFO mapreduce.Job:  map 31% reduce 5%
20/06/16 18:34:30 INFO mapreduce.Job:  map 33% reduce 5%
20/06/16 18:34:31 INFO mapreduce.Job:  map 34% reduce 5%
20/06/16 18:34:32 INFO mapreduce.Job:  map 35% reduce 6%
20/06/16 18:34:33 INFO mapreduce.Job:  map 36% reduce 6%
20/06/16 18:34:34 INFO mapreduce.Job:  map 37% reduce 6%
20/06/16 18:34:35 INFO mapreduce.Job:  map 37% reduce 7%
20/06/16 18:34:38 INFO mapreduce.Job:  map 38% reduce 7%
20/06/16 18:34:39 INFO mapreduce.Job:  map 38% reduce 8%
20/06/16 18:34:44 INFO mapreduce.Job:  map 39% reduce 8%
20/06/16 18:34:45 INFO mapreduce.Job:  map 41% reduce 8%
20/06/16 18:34:46 INFO mapreduce.Job:  map 42% reduce 8%
20/06/16 18:34:47 INFO mapreduce.Job:  map 43% reduce 8%
20/06/16 18:34:48 INFO mapreduce.Job:  map 44% reduce 9%
20/06/16 18:34:51 INFO mapreduce.Job:  map 46% reduce 10%
20/06/16 18:34:54 INFO mapreduce.Job:  map 47% reduce 11%
20/06/16 18:34:56 INFO mapreduce.Job:  map 48% reduce 11%
20/06/16 18:34:57 INFO mapreduce.Job:  map 49% reduce 11%
20/06/16 18:34:58 INFO mapreduce.Job:  map 50% reduce 11%
20/06/16 18:35:01 INFO mapreduce.Job:  map 51% reduce 11%
20/06/16 18:35:03 INFO mapreduce.Job:  map 52% reduce 12%
20/06/16 18:35:04 INFO mapreduce.Job:  map 53% reduce 12%
20/06/16 18:35:06 INFO mapreduce.Job:  map 55% reduce 13%
20/06/16 18:35:09 INFO mapreduce.Job:  map 56% reduce 13%
20/06/16 18:35:10 INFO mapreduce.Job:  map 57% reduce 13%
20/06/16 18:35:11 INFO mapreduce.Job:  map 58% reduce 13%
20/06/16 18:35:12 INFO mapreduce.Job:  map 58% reduce 14%
20/06/16 18:35:13 INFO mapreduce.Job:  map 59% reduce 14%
20/06/16 18:35:14 INFO mapreduce.Job:  map 60% reduce 14%
20/06/16 18:35:15 INFO mapreduce.Job:  map 61% reduce 15%
20/06/16 18:35:16 INFO mapreduce.Job:  map 62% reduce 15%
20/06/16 18:35:17 INFO mapreduce.Job:  map 63% reduce 15%
20/06/16 18:35:19 INFO mapreduce.Job:  map 64% reduce 15%
20/06/16 18:35:22 INFO mapreduce.Job:  map 65% reduce 15%
20/06/16 18:35:23 INFO mapreduce.Job:  map 66% reduce 15%
20/06/16 18:35:24 INFO mapreduce.Job:  map 67% reduce 16%
20/06/16 18:35:25 INFO mapreduce.Job:  map 68% reduce 16%
20/06/16 18:35:27 INFO mapreduce.Job:  map 68% reduce 17%
20/06/16 18:35:28 INFO mapreduce.Job:  map 69% reduce 17%
20/06/16 18:35:29 INFO mapreduce.Job:  map 70% reduce 17%
20/06/16 18:35:30 INFO mapreduce.Job:  map 71% reduce 17%
20/06/16 18:35:31 INFO mapreduce.Job:  map 72% reduce 17%
20/06/16 18:35:32 INFO mapreduce.Job:  map 73% reduce 17%
20/06/16 18:35:33 INFO mapreduce.Job:  map 73% reduce 18%
20/06/16 18:35:34 INFO mapreduce.Job:  map 74% reduce 18%
20/06/16 18:35:36 INFO mapreduce.Job:  map 76% reduce 18%
20/06/16 18:35:37 INFO mapreduce.Job:  map 77% reduce 18%
20/06/16 18:35:39 INFO mapreduce.Job:  map 77% reduce 19%
20/06/16 18:35:41 INFO mapreduce.Job:  map 78% reduce 19%
20/06/16 18:35:42 INFO mapreduce.Job:  map 78% reduce 20%
20/06/16 18:35:44 INFO mapreduce.Job:  map 79% reduce 20%
20/06/16 18:35:45 INFO mapreduce.Job:  map 80% reduce 21%
20/06/16 18:35:47 INFO mapreduce.Job:  map 82% reduce 21%
20/06/16 18:35:48 INFO mapreduce.Job:  map 84% reduce 21%
20/06/16 18:35:50 INFO mapreduce.Job:  map 85% reduce 21%
20/06/16 18:35:51 INFO mapreduce.Job:  map 85% reduce 22%
20/06/16 18:35:54 INFO mapreduce.Job:  map 86% reduce 22%
20/06/16 18:35:56 INFO mapreduce.Job:  map 87% reduce 22%
20/06/16 18:35:57 INFO mapreduce.Job:  map 88% reduce 22%
20/06/16 18:35:58 INFO mapreduce.Job:  map 88% reduce 23%
20/06/16 18:35:59 INFO mapreduce.Job:  map 89% reduce 23%
20/06/16 18:36:00 INFO mapreduce.Job:  map 90% reduce 23%
20/06/16 18:36:03 INFO mapreduce.Job:  map 90% reduce 24%
20/06/16 18:36:05 INFO mapreduce.Job:  map 91% reduce 24%
20/06/16 18:36:07 INFO mapreduce.Job:  map 93% reduce 24%
20/06/16 18:36:09 INFO mapreduce.Job:  map 93% reduce 25%
20/06/16 18:36:10 INFO mapreduce.Job:  map 94% reduce 25%
20/06/16 18:36:12 INFO mapreduce.Job:  map 94% reduce 26%
20/06/16 18:36:17 INFO mapreduce.Job:  map 95% reduce 26%
20/06/16 18:36:18 INFO mapreduce.Job:  map 95% reduce 27%
20/06/16 18:36:24 INFO mapreduce.Job:  map 95% reduce 28%
20/06/16 18:36:27 INFO mapreduce.Job:  map 96% reduce 28%
20/06/16 18:36:29 INFO mapreduce.Job:  map 99% reduce 28%
20/06/16 18:36:30 INFO mapreduce.Job:  map 99% reduce 29%
20/06/16 18:36:32 INFO mapreduce.Job:  map 100% reduce 29%
20/06/16 18:36:33 INFO mapreduce.Job:  map 100% reduce 30%
20/06/16 18:36:39 INFO mapreduce.Job:  map 100% reduce 31%
20/06/16 18:36:46 INFO mapreduce.Job:  map 100% reduce 41%
20/06/16 18:36:49 INFO mapreduce.Job:  map 100% reduce 43%
20/06/16 18:36:51 INFO mapreduce.Job:  map 100% reduce 45%
20/06/16 18:36:54 INFO mapreduce.Job:  map 100% reduce 54%
20/06/16 18:36:57 INFO mapreduce.Job:  map 100% reduce 55%
20/06/16 18:36:58 INFO mapreduce.Job:  map 100% reduce 57%
20/06/16 18:37:00 INFO mapreduce.Job:  map 100% reduce 65%
20/06/16 18:37:01 INFO mapreduce.Job:  map 100% reduce 66%
20/06/16 18:37:03 INFO mapreduce.Job:  map 100% reduce 71%
20/06/16 18:37:10 INFO mapreduce.Job:  map 100% reduce 72%
20/06/16 18:37:12 INFO mapreduce.Job:  map 100% reduce 74%
20/06/16 18:37:13 INFO mapreduce.Job:  map 100% reduce 75%
20/06/16 18:37:15 INFO mapreduce.Job:  map 100% reduce 76%
20/06/16 18:37:18 INFO mapreduce.Job:  map 100% reduce 77%
20/06/16 18:37:19 INFO mapreduce.Job:  map 100% reduce 78%
20/06/16 18:37:21 INFO mapreduce.Job:  map 100% reduce 80%
20/06/16 18:37:24 INFO mapreduce.Job:  map 100% reduce 81%
20/06/16 18:37:28 INFO mapreduce.Job:  map 100% reduce 83%
20/06/16 18:37:29 INFO mapreduce.Job:  map 100% reduce 84%
20/06/16 18:37:31 INFO mapreduce.Job:  map 100% reduce 85%
20/06/16 18:37:32 INFO mapreduce.Job:  map 100% reduce 86%
20/06/16 18:37:34 INFO mapreduce.Job:  map 100% reduce 87%
20/06/16 18:37:37 INFO mapreduce.Job:  map 100% reduce 88%
20/06/16 18:37:38 INFO mapreduce.Job:  map 100% reduce 89%
20/06/16 18:37:40 INFO mapreduce.Job:  map 100% reduce 90%
20/06/16 18:37:43 INFO mapreduce.Job:  map 100% reduce 91%
20/06/16 18:37:46 INFO mapreduce.Job:  map 100% reduce 93%
20/06/16 18:37:47 INFO mapreduce.Job:  map 100% reduce 94%
20/06/16 18:37:49 INFO mapreduce.Job:  map 100% reduce 95%
20/06/16 18:37:52 INFO mapreduce.Job:  map 100% reduce 97%
20/06/16 18:37:55 INFO mapreduce.Job:  map 100% reduce 99%
20/06/16 18:37:58 INFO mapreduce.Job:  map 100% reduce 100%
20/06/16 18:37:59 INFO mapreduce.Job: Job job_1592299609155_0002 completed successfully
20/06/16 18:37:59 INFO mapreduce.Job: Counters: 51
	File System Counters
		FILE: Number of bytes read=31974520677
		FILE: Number of bytes written=42735048567
		FILE: Number of read operations=0
		FILE: Number of large read operations=0
		FILE: Number of write operations=0
		HDFS: Number of bytes read=10774009875
		HDFS: Number of bytes written=10772846837
		HDFS: Number of read operations=329
		HDFS: Number of large read operations=0
		HDFS: Number of write operations=6
	Job Counters 
		Killed map tasks=1
		Launched map tasks=81
		Launched reduce tasks=3
		Data-local map tasks=79
		Rack-local map tasks=2
		Total time spent by all maps in occupied slots (ms)=1045273
		Total time spent by all reduces in occupied slots (ms)=632681
		Total time spent by all map tasks (ms)=1045273
		Total time spent by all reduce tasks (ms)=632681
		Total vcore-milliseconds taken by all map tasks=2090546
		Total vcore-milliseconds taken by all reduce tasks=632681
		Total megabyte-milliseconds taken by all map tasks=1070359552
		Total megabyte-milliseconds taken by all reduce tasks=647865344
	Map-Reduce Framework
		Map input records=1022600
		Map output records=1022600
		Map output bytes=10745642829
		Map output materialized bytes=10751392560
		Input split bytes=8240
		Combine input records=0
		Combine output records=0
		Reduce input groups=1022600
		Reduce shuffle bytes=10751392560
		Reduce input records=1022600
		Reduce output records=1022600
		Spilled Records=4063920
		Shuffled Maps =240
		Failed Shuffles=0
		Merged Map outputs=240
		GC time elapsed (ms)=11695
		CPU time spent (ms)=230850
		Physical memory (bytes) snapshot=21990289408
		Virtual memory (bytes) snapshot=175146082304
		Total committed heap usage (bytes)=16623075328
	Shuffle Errors
		BAD_ID=0
		CONNECTION=0
		IO_ERROR=0
		WRONG_LENGTH=0
		WRONG_MAP=0
		WRONG_REDUCE=0
	File Input Format Counters 
		Bytes Read=10774001635
	File Output Format Counters 
		Bytes Written=10772846837
