20/06/10 12:04:02 INFO client.RMProxy: Connecting to ResourceManager at master/10.51.17.95:8032
20/06/10 12:04:03 INFO client.RMProxy: Connecting to ResourceManager at master/10.51.17.95:8032
20/06/10 12:04:03 INFO input.FileInputFormat: Total input paths to process : 10
20/06/10 12:04:04 INFO mapreduce.JobSubmitter: number of splits:80
20/06/10 12:04:04 INFO mapreduce.JobSubmitter: Submitting tokens for job: job_1591758178632_0002
20/06/10 12:04:04 INFO impl.YarnClientImpl: Submitted application application_1591758178632_0002
20/06/10 12:04:05 INFO mapreduce.Job: The url to track the job: http://master:8088/proxy/application_1591758178632_0002/
20/06/10 12:04:05 INFO mapreduce.Job: Running job: job_1591758178632_0002
20/06/10 12:04:12 INFO mapreduce.Job: Job job_1591758178632_0002 running in uber mode : false
20/06/10 12:04:12 INFO mapreduce.Job:  map 0% reduce 0%
20/06/10 12:04:23 INFO mapreduce.Job:  map 1% reduce 0%
20/06/10 12:04:24 INFO mapreduce.Job:  map 3% reduce 0%
20/06/10 12:04:25 INFO mapreduce.Job:  map 8% reduce 0%
20/06/10 12:04:26 INFO mapreduce.Job:  map 12% reduce 0%
20/06/10 12:04:27 INFO mapreduce.Job:  map 15% reduce 0%
20/06/10 12:04:29 INFO mapreduce.Job:  map 16% reduce 0%
20/06/10 12:04:30 INFO mapreduce.Job:  map 17% reduce 0%
20/06/10 12:04:32 INFO mapreduce.Job:  map 18% reduce 0%
20/06/10 12:04:34 INFO mapreduce.Job:  map 20% reduce 0%
20/06/10 12:04:35 INFO mapreduce.Job:  map 21% reduce 0%
20/06/10 12:04:37 INFO mapreduce.Job:  map 22% reduce 0%
20/06/10 12:04:38 INFO mapreduce.Job:  map 24% reduce 0%
20/06/10 12:04:39 INFO mapreduce.Job:  map 26% reduce 0%
20/06/10 12:04:40 INFO mapreduce.Job:  map 29% reduce 0%
20/06/10 12:04:41 INFO mapreduce.Job:  map 30% reduce 0%
20/06/10 12:04:42 INFO mapreduce.Job:  map 31% reduce 0%
20/06/10 12:04:43 INFO mapreduce.Job:  map 32% reduce 1%
20/06/10 12:04:44 INFO mapreduce.Job:  map 33% reduce 1%
20/06/10 12:04:45 INFO mapreduce.Job:  map 34% reduce 1%
20/06/10 12:04:46 INFO mapreduce.Job:  map 36% reduce 2%
20/06/10 12:04:47 INFO mapreduce.Job:  map 36% reduce 3%
20/06/10 12:04:49 INFO mapreduce.Job:  map 37% reduce 3%
20/06/10 12:04:52 INFO mapreduce.Job:  map 38% reduce 4%
20/06/10 12:04:53 INFO mapreduce.Job:  map 39% reduce 4%
20/06/10 12:04:55 INFO mapreduce.Job:  map 40% reduce 5%
20/06/10 12:04:57 INFO mapreduce.Job:  map 43% reduce 5%
20/06/10 12:04:59 INFO mapreduce.Job:  map 44% reduce 5%
20/06/10 12:05:02 INFO mapreduce.Job:  map 45% reduce 5%
20/06/10 12:05:04 INFO mapreduce.Job:  map 46% reduce 5%
20/06/10 12:05:05 INFO mapreduce.Job:  map 47% reduce 6%
20/06/10 12:05:07 INFO mapreduce.Job:  map 48% reduce 6%
20/06/10 12:05:08 INFO mapreduce.Job:  map 49% reduce 6%
20/06/10 12:05:09 INFO mapreduce.Job:  map 50% reduce 6%
20/06/10 12:05:10 INFO mapreduce.Job:  map 51% reduce 6%
20/06/10 12:05:11 INFO mapreduce.Job:  map 51% reduce 7%
20/06/10 12:05:13 INFO mapreduce.Job:  map 53% reduce 7%
20/06/10 12:05:16 INFO mapreduce.Job:  map 55% reduce 7%
20/06/10 12:05:17 INFO mapreduce.Job:  map 56% reduce 7%
20/06/10 12:05:19 INFO mapreduce.Job:  map 57% reduce 7%
20/06/10 12:05:20 INFO mapreduce.Job:  map 58% reduce 7%
20/06/10 12:05:21 INFO mapreduce.Job:  map 59% reduce 7%
20/06/10 12:05:23 INFO mapreduce.Job:  map 60% reduce 7%
20/06/10 12:05:26 INFO mapreduce.Job:  map 63% reduce 8%
20/06/10 12:05:28 INFO mapreduce.Job:  map 64% reduce 8%
20/06/10 12:05:29 INFO mapreduce.Job:  map 66% reduce 8%
20/06/10 12:05:30 INFO mapreduce.Job:  map 67% reduce 8%
20/06/10 12:05:31 INFO mapreduce.Job:  map 68% reduce 8%
20/06/10 12:05:32 INFO mapreduce.Job:  map 69% reduce 8%
20/06/10 12:05:33 INFO mapreduce.Job:  map 70% reduce 8%
20/06/10 12:05:34 INFO mapreduce.Job:  map 71% reduce 8%
20/06/10 12:05:35 INFO mapreduce.Job:  map 72% reduce 9%
20/06/10 12:05:37 INFO mapreduce.Job:  map 73% reduce 9%
20/06/10 12:05:39 INFO mapreduce.Job:  map 74% reduce 9%
20/06/10 12:05:40 INFO mapreduce.Job:  map 75% reduce 9%
20/06/10 12:05:41 INFO mapreduce.Job:  map 76% reduce 9%
20/06/10 12:05:42 INFO mapreduce.Job:  map 77% reduce 10%
20/06/10 12:05:43 INFO mapreduce.Job:  map 78% reduce 10%
20/06/10 12:05:44 INFO mapreduce.Job:  map 79% reduce 10%
20/06/10 12:05:46 INFO mapreduce.Job:  map 81% reduce 10%
20/06/10 12:05:47 INFO mapreduce.Job:  map 82% reduce 10%
20/06/10 12:05:49 INFO mapreduce.Job:  map 84% reduce 10%
20/06/10 12:05:50 INFO mapreduce.Job:  map 85% reduce 10%
20/06/10 12:05:51 INFO mapreduce.Job:  map 85% reduce 11%
20/06/10 12:05:52 INFO mapreduce.Job:  map 87% reduce 11%
20/06/10 12:05:55 INFO mapreduce.Job:  map 88% reduce 11%
20/06/10 12:05:56 INFO mapreduce.Job:  map 88% reduce 12%
20/06/10 12:05:58 INFO mapreduce.Job:  map 89% reduce 12%
20/06/10 12:05:59 INFO mapreduce.Job:  map 90% reduce 12%
20/06/10 12:06:02 INFO mapreduce.Job:  map 90% reduce 13%
20/06/10 12:06:04 INFO mapreduce.Job:  map 91% reduce 13%
20/06/10 12:06:05 INFO mapreduce.Job:  map 92% reduce 13%
20/06/10 12:06:07 INFO mapreduce.Job:  map 94% reduce 13%
20/06/10 12:06:11 INFO mapreduce.Job:  map 95% reduce 14%
20/06/10 12:06:12 INFO mapreduce.Job:  map 96% reduce 14%
20/06/10 12:06:13 INFO mapreduce.Job:  map 97% reduce 14%
20/06/10 12:06:17 INFO mapreduce.Job:  map 98% reduce 14%
20/06/10 12:06:18 INFO mapreduce.Job:  map 98% reduce 15%
20/06/10 12:06:19 INFO mapreduce.Job:  map 99% reduce 15%
20/06/10 12:06:24 INFO mapreduce.Job:  map 99% reduce 16%
20/06/10 12:06:26 INFO mapreduce.Job:  map 100% reduce 16%
20/06/10 12:06:27 INFO mapreduce.Job:  map 100% reduce 17%
20/06/10 12:06:33 INFO mapreduce.Job:  map 100% reduce 18%
20/06/10 12:06:36 INFO mapreduce.Job:  map 100% reduce 19%
20/06/10 12:06:39 INFO mapreduce.Job:  map 100% reduce 20%
20/06/10 12:06:42 INFO mapreduce.Job:  map 100% reduce 21%
20/06/10 12:06:45 INFO mapreduce.Job:  map 100% reduce 22%
20/06/10 12:06:46 INFO mapreduce.Job:  map 100% reduce 23%
20/06/10 12:06:51 INFO mapreduce.Job:  map 100% reduce 24%
20/06/10 12:06:54 INFO mapreduce.Job:  map 100% reduce 25%
20/06/10 12:06:57 INFO mapreduce.Job:  map 100% reduce 26%
20/06/10 12:07:00 INFO mapreduce.Job:  map 100% reduce 27%
20/06/10 12:07:03 INFO mapreduce.Job:  map 100% reduce 28%
20/06/10 12:07:07 INFO mapreduce.Job:  map 100% reduce 29%
20/06/10 12:07:10 INFO mapreduce.Job:  map 100% reduce 30%
20/06/10 12:07:13 INFO mapreduce.Job:  map 100% reduce 31%
20/06/10 12:07:16 INFO mapreduce.Job:  map 100% reduce 32%
20/06/10 12:07:19 INFO mapreduce.Job:  map 100% reduce 33%
20/06/10 12:07:28 INFO mapreduce.Job:  map 100% reduce 34%
20/06/10 12:07:31 INFO mapreduce.Job:  map 100% reduce 38%
20/06/10 12:07:34 INFO mapreduce.Job:  map 100% reduce 44%
20/06/10 12:07:36 INFO mapreduce.Job:  map 100% reduce 46%
20/06/10 12:07:37 INFO mapreduce.Job:  map 100% reduce 47%
20/06/10 12:07:39 INFO mapreduce.Job:  map 100% reduce 56%
20/06/10 12:07:44 INFO mapreduce.Job:  map 100% reduce 67%
20/06/10 12:07:49 INFO mapreduce.Job:  map 100% reduce 68%
20/06/10 12:07:50 INFO mapreduce.Job:  map 100% reduce 69%
20/06/10 12:07:52 INFO mapreduce.Job:  map 100% reduce 70%
20/06/10 12:07:53 INFO mapreduce.Job:  map 100% reduce 71%
20/06/10 12:07:56 INFO mapreduce.Job:  map 100% reduce 72%
20/06/10 12:07:58 INFO mapreduce.Job:  map 100% reduce 73%
20/06/10 12:07:59 INFO mapreduce.Job:  map 100% reduce 74%
20/06/10 12:08:02 INFO mapreduce.Job:  map 100% reduce 75%
20/06/10 12:08:05 INFO mapreduce.Job:  map 100% reduce 76%
20/06/10 12:08:08 INFO mapreduce.Job:  map 100% reduce 77%
20/06/10 12:08:10 INFO mapreduce.Job:  map 100% reduce 78%
20/06/10 12:08:11 INFO mapreduce.Job:  map 100% reduce 79%
20/06/10 12:08:14 INFO mapreduce.Job:  map 100% reduce 80%
20/06/10 12:08:16 INFO mapreduce.Job:  map 100% reduce 81%
20/06/10 12:08:17 INFO mapreduce.Job:  map 100% reduce 82%
20/06/10 12:08:20 INFO mapreduce.Job:  map 100% reduce 83%
20/06/10 12:08:23 INFO mapreduce.Job:  map 100% reduce 84%
20/06/10 12:08:26 INFO mapreduce.Job:  map 100% reduce 85%
20/06/10 12:08:28 INFO mapreduce.Job:  map 100% reduce 86%
20/06/10 12:08:29 INFO mapreduce.Job:  map 100% reduce 87%
20/06/10 12:08:31 INFO mapreduce.Job:  map 100% reduce 88%
20/06/10 12:08:34 INFO mapreduce.Job:  map 100% reduce 89%
20/06/10 12:08:35 INFO mapreduce.Job:  map 100% reduce 90%
20/06/10 12:08:38 INFO mapreduce.Job:  map 100% reduce 92%
20/06/10 12:08:41 INFO mapreduce.Job:  map 100% reduce 93%
20/06/10 12:08:44 INFO mapreduce.Job:  map 100% reduce 94%
20/06/10 12:08:46 INFO mapreduce.Job:  map 100% reduce 95%
20/06/10 12:08:49 INFO mapreduce.Job:  map 100% reduce 96%
20/06/10 12:08:50 INFO mapreduce.Job:  map 100% reduce 97%
20/06/10 12:08:53 INFO mapreduce.Job:  map 100% reduce 98%
20/06/10 12:08:56 INFO mapreduce.Job:  map 100% reduce 99%
20/06/10 12:08:59 INFO mapreduce.Job:  map 100% reduce 100%
20/06/10 12:09:00 INFO mapreduce.Job: Job job_1591758178632_0002 completed successfully
20/06/10 12:09:00 INFO mapreduce.Job: Counters: 51
	File System Counters
		FILE: Number of bytes read=31975628560
		FILE: Number of bytes written=42736193066
		FILE: Number of read operations=0
		FILE: Number of large read operations=0
		FILE: Number of write operations=0
		HDFS: Number of bytes read=10774127453
		HDFS: Number of bytes written=10772870546
		HDFS: Number of read operations=329
		HDFS: Number of large read operations=0
		HDFS: Number of write operations=6
	Job Counters 
		Killed map tasks=2
		Launched map tasks=82
		Launched reduce tasks=3
		Data-local map tasks=75
		Rack-local map tasks=7
		Total time spent by all maps in occupied slots (ms)=1357413
		Total time spent by all reduces in occupied slots (ms)=777892
		Total time spent by all map tasks (ms)=1357413
		Total time spent by all reduce tasks (ms)=777892
		Total vcore-milliseconds taken by all map tasks=2714826
		Total vcore-milliseconds taken by all reduce tasks=777892
		Total megabyte-milliseconds taken by all map tasks=1389990912
		Total megabyte-milliseconds taken by all reduce tasks=796561408
	Map-Reduce Framework
		Map input records=1022561
		Map output records=1022561
		Map output bytes=10745669390
		Map output materialized bytes=10751418737
		Input split bytes=9040
		Combine input records=0
		Combine output records=0
		Reduce input groups=1022561
		Reduce shuffle bytes=10751418737
		Reduce input records=1022561
		Reduce output records=1022561
		Spilled Records=4063670
		Shuffled Maps =240
		Failed Shuffles=0
		Merged Map outputs=240
		GC time elapsed (ms)=13524
		CPU time spent (ms)=245970
		Physical memory (bytes) snapshot=22053175296
		Virtual memory (bytes) snapshot=175116840960
		Total committed heap usage (bytes)=16548626432
	Shuffle Errors
		BAD_ID=0
		CONNECTION=0
		IO_ERROR=0
		WRONG_LENGTH=0
		WRONG_MAP=0
		WRONG_REDUCE=0
	File Input Format Counters 
		Bytes Read=10774118413
	File Output Format Counters 
		Bytes Written=10772870546
