20/06/15 15:37:57 INFO client.RMProxy: Connecting to ResourceManager at master/10.51.17.95:8032
20/06/15 15:37:57 INFO input.FileInputFormat: Total input paths to process : 10
20/06/15 15:37:58 INFO mapreduce.JobSubmitter: number of splits:90
20/06/15 15:37:58 INFO mapreduce.JobSubmitter: Submitting tokens for job: job_1592201519211_0005
20/06/15 15:37:58 INFO impl.YarnClientImpl: Submitted application application_1592201519211_0005
20/06/15 15:37:58 INFO mapreduce.Job: The url to track the job: http://master:8088/proxy/application_1592201519211_0005/
20/06/15 15:37:58 INFO mapreduce.Job: Running job: job_1592201519211_0005
20/06/15 15:38:11 INFO mapreduce.Job: Job job_1592201519211_0005 running in uber mode : false
20/06/15 15:38:11 INFO mapreduce.Job:  map 0% reduce 0%
20/06/15 15:38:24 INFO mapreduce.Job:  map 1% reduce 0%
20/06/15 15:38:27 INFO mapreduce.Job:  map 2% reduce 0%
20/06/15 15:38:33 INFO mapreduce.Job:  map 3% reduce 0%
20/06/15 15:38:39 INFO mapreduce.Job:  map 4% reduce 0%
20/06/15 15:38:45 INFO mapreduce.Job:  map 5% reduce 0%
20/06/15 15:38:50 INFO mapreduce.Job:  map 6% reduce 0%
20/06/15 15:38:53 INFO mapreduce.Job:  map 7% reduce 0%
20/06/15 15:38:58 INFO mapreduce.Job:  map 8% reduce 0%
20/06/15 15:39:04 INFO mapreduce.Job:  map 9% reduce 0%
20/06/15 15:39:11 INFO mapreduce.Job:  map 10% reduce 0%
20/06/15 15:39:14 INFO mapreduce.Job:  map 11% reduce 0%
20/06/15 15:39:16 INFO mapreduce.Job:  map 12% reduce 0%
20/06/15 15:39:19 INFO mapreduce.Job:  map 13% reduce 0%
20/06/15 15:39:26 INFO mapreduce.Job:  map 14% reduce 0%
20/06/15 15:39:31 INFO mapreduce.Job:  map 15% reduce 0%
20/06/15 15:39:33 INFO mapreduce.Job:  map 16% reduce 0%
20/06/15 15:39:39 INFO mapreduce.Job:  map 17% reduce 0%
20/06/15 15:39:44 INFO mapreduce.Job:  map 17% reduce 5%
20/06/15 15:39:45 INFO mapreduce.Job:  map 18% reduce 5%
20/06/15 15:39:51 INFO mapreduce.Job:  map 19% reduce 5%
20/06/15 15:39:57 INFO mapreduce.Job:  map 20% reduce 5%
20/06/15 15:40:02 INFO mapreduce.Job:  map 21% reduce 5%
20/06/15 15:40:07 INFO mapreduce.Job:  map 22% reduce 5%
20/06/15 15:40:10 INFO mapreduce.Job:  map 23% reduce 6%
20/06/15 15:40:14 INFO mapreduce.Job:  map 24% reduce 6%
20/06/15 15:40:16 INFO mapreduce.Job:  map 24% reduce 7%
20/06/15 15:40:20 INFO mapreduce.Job:  map 25% reduce 7%
20/06/15 15:40:23 INFO mapreduce.Job:  map 26% reduce 8%
20/06/15 15:40:26 INFO mapreduce.Job:  map 26% reduce 9%
20/06/15 15:40:27 INFO mapreduce.Job:  map 27% reduce 9%
20/06/15 15:40:32 INFO mapreduce.Job:  map 28% reduce 9%
20/06/15 15:40:36 INFO mapreduce.Job:  map 29% reduce 9%
20/06/15 15:40:40 INFO mapreduce.Job:  map 30% reduce 9%
20/06/15 15:40:44 INFO mapreduce.Job:  map 31% reduce 9%
20/06/15 15:40:47 INFO mapreduce.Job:  map 31% reduce 10%
20/06/15 15:40:50 INFO mapreduce.Job:  map 32% reduce 10%
20/06/15 15:40:54 INFO mapreduce.Job:  map 33% reduce 10%
20/06/15 15:40:59 INFO mapreduce.Job:  map 34% reduce 10%
20/06/15 15:41:07 INFO mapreduce.Job:  map 35% reduce 10%
20/06/15 15:41:09 INFO mapreduce.Job:  map 36% reduce 10%
20/06/15 15:41:13 INFO mapreduce.Job:  map 37% reduce 10%
20/06/15 15:41:14 INFO mapreduce.Job:  map 38% reduce 10%
20/06/15 15:41:15 INFO mapreduce.Job:  map 38% reduce 11%
20/06/15 15:41:18 INFO mapreduce.Job:  map 38% reduce 12%
20/06/15 15:41:19 INFO mapreduce.Job:  map 39% reduce 12%
20/06/15 15:41:21 INFO mapreduce.Job:  map 39% reduce 13%
20/06/15 15:41:24 INFO mapreduce.Job:  map 40% reduce 13%
20/06/15 15:41:27 INFO mapreduce.Job:  map 41% reduce 13%
20/06/15 15:41:33 INFO mapreduce.Job:  map 42% reduce 13%
20/06/15 15:41:37 INFO mapreduce.Job:  map 43% reduce 13%
20/06/15 15:41:41 INFO mapreduce.Job:  map 44% reduce 14%
20/06/15 15:41:48 INFO mapreduce.Job:  map 45% reduce 14%
20/06/15 15:41:52 INFO mapreduce.Job:  map 46% reduce 14%
20/06/15 15:41:57 INFO mapreduce.Job:  map 47% reduce 14%
20/06/15 15:42:02 INFO mapreduce.Job:  map 48% reduce 14%
20/06/15 15:42:06 INFO mapreduce.Job:  map 49% reduce 14%
20/06/15 15:42:10 INFO mapreduce.Job:  map 50% reduce 14%
20/06/15 15:42:12 INFO mapreduce.Job:  map 51% reduce 16%
20/06/15 15:42:15 INFO mapreduce.Job:  map 52% reduce 17%
20/06/15 15:42:20 INFO mapreduce.Job:  map 53% reduce 17%
20/06/15 15:42:23 INFO mapreduce.Job:  map 54% reduce 17%
20/06/15 15:42:30 INFO mapreduce.Job:  map 55% reduce 17%
20/06/15 15:42:35 INFO mapreduce.Job:  map 56% reduce 17%
20/06/15 15:42:37 INFO mapreduce.Job:  map 56% reduce 18%
20/06/15 15:42:38 INFO mapreduce.Job:  map 57% reduce 18%
20/06/15 15:42:42 INFO mapreduce.Job:  map 58% reduce 18%
20/06/15 15:42:43 INFO mapreduce.Job:  map 58% reduce 19%
20/06/15 15:42:48 INFO mapreduce.Job:  map 59% reduce 19%
20/06/15 15:42:52 INFO mapreduce.Job:  map 60% reduce 19%
20/06/15 15:42:57 INFO mapreduce.Job:  map 61% reduce 19%
20/06/15 15:43:02 INFO mapreduce.Job:  map 62% reduce 19%
20/06/15 15:43:03 INFO mapreduce.Job:  map 63% reduce 19%
20/06/15 15:43:10 INFO mapreduce.Job:  map 64% reduce 20%
20/06/15 15:43:13 INFO mapreduce.Job:  map 65% reduce 21%
20/06/15 15:43:15 INFO mapreduce.Job:  map 66% reduce 21%
20/06/15 15:43:16 INFO mapreduce.Job:  map 66% reduce 22%
20/06/15 15:43:21 INFO mapreduce.Job:  map 67% reduce 22%
20/06/15 15:43:25 INFO mapreduce.Job:  map 68% reduce 22%
20/06/15 15:43:29 INFO mapreduce.Job:  map 69% reduce 22%
20/06/15 15:43:34 INFO mapreduce.Job:  map 70% reduce 22%
20/06/15 15:43:38 INFO mapreduce.Job:  map 71% reduce 22%
20/06/15 15:43:40 INFO mapreduce.Job:  map 71% reduce 23%
20/06/15 15:43:42 INFO mapreduce.Job:  map 72% reduce 23%
20/06/15 15:43:48 INFO mapreduce.Job:  map 73% reduce 23%
20/06/15 15:43:53 INFO mapreduce.Job:  map 74% reduce 23%
20/06/15 15:43:59 INFO mapreduce.Job:  map 75% reduce 23%
20/06/15 15:44:01 INFO mapreduce.Job:  map 76% reduce 23%
20/06/15 15:44:02 INFO mapreduce.Job:  map 76% reduce 24%
20/06/15 15:44:08 INFO mapreduce.Job:  map 77% reduce 24%
20/06/15 15:44:10 INFO mapreduce.Job:  map 78% reduce 24%
20/06/15 15:44:11 INFO mapreduce.Job:  map 78% reduce 25%
20/06/15 15:44:12 INFO mapreduce.Job:  map 79% reduce 25%
20/06/15 15:44:14 INFO mapreduce.Job:  map 79% reduce 26%
20/06/15 15:44:16 INFO mapreduce.Job:  map 80% reduce 26%
20/06/15 15:44:22 INFO mapreduce.Job:  map 81% reduce 26%
20/06/15 15:44:24 INFO mapreduce.Job:  map 83% reduce 26%
20/06/15 15:44:27 INFO mapreduce.Job:  map 84% reduce 26%
20/06/15 15:44:30 INFO mapreduce.Job:  map 85% reduce 26%
20/06/15 15:44:32 INFO mapreduce.Job:  map 85% reduce 27%
20/06/15 15:44:33 INFO mapreduce.Job:  map 86% reduce 27%
20/06/15 15:44:36 INFO mapreduce.Job:  map 86% reduce 28%
20/06/15 15:44:39 INFO mapreduce.Job:  map 87% reduce 28%
20/06/15 15:44:44 INFO mapreduce.Job:  map 88% reduce 28%
20/06/15 15:44:48 INFO mapreduce.Job:  map 89% reduce 29%
20/06/15 15:44:49 INFO mapreduce.Job:  map 90% reduce 29%
20/06/15 15:44:53 INFO mapreduce.Job:  map 91% reduce 29%
20/06/15 15:44:56 INFO mapreduce.Job:  map 92% reduce 29%
20/06/15 15:44:57 INFO mapreduce.Job:  map 93% reduce 29%
20/06/15 15:44:59 INFO mapreduce.Job:  map 94% reduce 29%
20/06/15 15:45:00 INFO mapreduce.Job:  map 95% reduce 30%
20/06/15 15:45:02 INFO mapreduce.Job:  map 96% reduce 30%
20/06/15 15:45:03 INFO mapreduce.Job:  map 96% reduce 31%
20/06/15 15:45:08 INFO mapreduce.Job:  map 97% reduce 31%
20/06/15 15:45:10 INFO mapreduce.Job:  map 98% reduce 31%
20/06/15 15:45:11 INFO mapreduce.Job:  map 99% reduce 31%
20/06/15 15:45:12 INFO mapreduce.Job:  map 99% reduce 32%
20/06/15 15:45:14 INFO mapreduce.Job:  map 100% reduce 32%
20/06/15 15:45:15 INFO mapreduce.Job:  map 100% reduce 33%
20/06/15 15:45:18 INFO mapreduce.Job:  map 100% reduce 68%
20/06/15 15:45:21 INFO mapreduce.Job:  map 100% reduce 73%
20/06/15 15:45:24 INFO mapreduce.Job:  map 100% reduce 80%
20/06/15 15:45:27 INFO mapreduce.Job:  map 100% reduce 83%
20/06/15 15:45:30 INFO mapreduce.Job:  map 100% reduce 87%
20/06/15 15:45:33 INFO mapreduce.Job:  map 100% reduce 96%
20/06/15 15:45:34 INFO mapreduce.Job:  map 100% reduce 100%
20/06/15 15:45:37 INFO mapreduce.Job: Job job_1592201519211_0005 completed successfully
20/06/15 15:45:37 INFO mapreduce.Job: Counters: 51
	File System Counters
		FILE: Number of bytes read=1449326147
		FILE: Number of bytes written=2161253601
		FILE: Number of read operations=0
		FILE: Number of large read operations=0
		FILE: Number of write operations=0
		HDFS: Number of bytes read=11025668664
		HDFS: Number of bytes written=333229171
		HDFS: Number of read operations=273
		HDFS: Number of large read operations=0
		HDFS: Number of write operations=2
	Job Counters 
		Killed map tasks=1
		Launched map tasks=91
		Launched reduce tasks=1
		Data-local map tasks=86
		Rack-local map tasks=5
		Total time spent by all maps in occupied slots (ms)=3727089
		Total time spent by all reduces in occupied slots (ms)=361312
		Total time spent by all map tasks (ms)=3727089
		Total time spent by all reduce tasks (ms)=361312
		Total vcore-milliseconds taken by all map tasks=7454178
		Total vcore-milliseconds taken by all reduce tasks=361312
		Total megabyte-milliseconds taken by all map tasks=3816539136
		Total megabyte-milliseconds taken by all reduce tasks=369983488
	Map-Reduce Framework
		Map input records=1179594
		Map output records=1009767860
		Map output bytes=15225044514
		Map output materialized bytes=700777381
		Input split bytes=9630
		Combine input records=1034538483
		Combine output records=47414618
		Reduce input groups=9908198
		Reduce shuffle bytes=700777381
		Reduce input records=22643995
		Reduce output records=9908198
		Spilled Records=70058613
		Shuffled Maps =90
		Failed Shuffles=0
		Merged Map outputs=90
		GC time elapsed (ms)=65132
		CPU time spent (ms)=2147650
		Physical memory (bytes) snapshot=25081384960
		Virtual memory (bytes) snapshot=191973351424
		Total committed heap usage (bytes)=18922078208
	Shuffle Errors
		BAD_ID=0
		CONNECTION=0
		IO_ERROR=0
		WRONG_LENGTH=0
		WRONG_MAP=0
		WRONG_REDUCE=0
	File Input Format Counters 
		Bytes Read=11025659034
	File Output Format Counters 
		Bytes Written=333229171
