20/06/09 07:24:40 INFO client.RMProxy: Connecting to ResourceManager at master/10.51.17.95:8032
20/06/09 07:24:41 INFO input.FileInputFormat: Total input paths to process : 10
20/06/09 07:24:41 INFO mapreduce.JobSubmitter: number of splits:90
20/06/09 07:24:41 INFO mapreduce.JobSubmitter: Submitting tokens for job: job_1591654294601_0005
20/06/09 07:24:41 INFO impl.YarnClientImpl: Submitted application application_1591654294601_0005
20/06/09 07:24:41 INFO mapreduce.Job: The url to track the job: http://master:8088/proxy/application_1591654294601_0005/
20/06/09 07:24:41 INFO mapreduce.Job: Running job: job_1591654294601_0005
20/06/09 07:24:48 INFO mapreduce.Job: Job job_1591654294601_0005 running in uber mode : false
20/06/09 07:24:48 INFO mapreduce.Job:  map 0% reduce 0%
20/06/09 07:25:03 INFO mapreduce.Job:  map 1% reduce 0%
20/06/09 07:25:04 INFO mapreduce.Job:  map 2% reduce 0%
20/06/09 07:25:08 INFO mapreduce.Job:  map 3% reduce 0%
20/06/09 07:25:15 INFO mapreduce.Job:  map 4% reduce 0%
20/06/09 07:25:19 INFO mapreduce.Job:  map 5% reduce 0%
20/06/09 07:25:25 INFO mapreduce.Job:  map 6% reduce 0%
20/06/09 07:25:29 INFO mapreduce.Job:  map 7% reduce 0%
20/06/09 07:25:34 INFO mapreduce.Job:  map 8% reduce 0%
20/06/09 07:25:40 INFO mapreduce.Job:  map 9% reduce 0%
20/06/09 07:25:42 INFO mapreduce.Job:  map 10% reduce 0%
20/06/09 07:25:46 INFO mapreduce.Job:  map 11% reduce 0%
20/06/09 07:25:47 INFO mapreduce.Job:  map 12% reduce 0%
20/06/09 07:25:53 INFO mapreduce.Job:  map 13% reduce 0%
20/06/09 07:25:59 INFO mapreduce.Job:  map 14% reduce 0%
20/06/09 07:26:01 INFO mapreduce.Job:  map 15% reduce 0%
20/06/09 07:26:02 INFO mapreduce.Job:  map 16% reduce 0%
20/06/09 07:26:04 INFO mapreduce.Job:  map 17% reduce 0%
20/06/09 07:26:08 INFO mapreduce.Job:  map 18% reduce 0%
20/06/09 07:26:14 INFO mapreduce.Job:  map 19% reduce 0%
20/06/09 07:26:16 INFO mapreduce.Job:  map 19% reduce 5%
20/06/09 07:26:20 INFO mapreduce.Job:  map 20% reduce 5%
20/06/09 07:26:27 INFO mapreduce.Job:  map 21% reduce 5%
20/06/09 07:26:31 INFO mapreduce.Job:  map 22% reduce 5%
20/06/09 07:26:35 INFO mapreduce.Job:  map 23% reduce 6%
20/06/09 07:26:37 INFO mapreduce.Job:  map 24% reduce 6%
20/06/09 07:26:42 INFO mapreduce.Job:  map 25% reduce 6%
20/06/09 07:26:44 INFO mapreduce.Job:  map 26% reduce 7%
20/06/09 07:26:49 INFO mapreduce.Job:  map 27% reduce 7%
20/06/09 07:26:55 INFO mapreduce.Job:  map 28% reduce 7%
20/06/09 07:27:01 INFO mapreduce.Job:  map 29% reduce 7%
20/06/09 07:27:05 INFO mapreduce.Job:  map 30% reduce 7%
20/06/09 07:27:06 INFO mapreduce.Job:  map 31% reduce 8%
20/06/09 07:27:09 INFO mapreduce.Job:  map 31% reduce 9%
20/06/09 07:27:10 INFO mapreduce.Job:  map 32% reduce 9%
20/06/09 07:27:14 INFO mapreduce.Job:  map 33% reduce 9%
20/06/09 07:27:15 INFO mapreduce.Job:  map 33% reduce 10%
20/06/09 07:27:18 INFO mapreduce.Job:  map 34% reduce 10%
20/06/09 07:27:22 INFO mapreduce.Job:  map 35% reduce 10%
20/06/09 07:27:26 INFO mapreduce.Job:  map 36% reduce 10%
20/06/09 07:27:30 INFO mapreduce.Job:  map 37% reduce 11%
20/06/09 07:27:35 INFO mapreduce.Job:  map 38% reduce 11%
20/06/09 07:27:39 INFO mapreduce.Job:  map 39% reduce 11%
20/06/09 07:27:42 INFO mapreduce.Job:  map 40% reduce 11%
20/06/09 07:27:43 INFO mapreduce.Job:  map 40% reduce 12%
20/06/09 07:27:48 INFO mapreduce.Job:  map 41% reduce 12%
20/06/09 07:27:52 INFO mapreduce.Job:  map 42% reduce 12%
20/06/09 07:27:57 INFO mapreduce.Job:  map 43% reduce 12%
20/06/09 07:28:02 INFO mapreduce.Job:  map 44% reduce 12%
20/06/09 07:28:06 INFO mapreduce.Job:  map 45% reduce 12%
20/06/09 07:28:10 INFO mapreduce.Job:  map 45% reduce 13%
20/06/09 07:28:11 INFO mapreduce.Job:  map 46% reduce 13%
20/06/09 07:28:12 INFO mapreduce.Job:  map 47% reduce 13%
20/06/09 07:28:16 INFO mapreduce.Job:  map 48% reduce 13%
20/06/09 07:28:17 INFO mapreduce.Job:  map 48% reduce 14%
20/06/09 07:28:20 INFO mapreduce.Job:  map 49% reduce 15%
20/06/09 07:28:25 INFO mapreduce.Job:  map 50% reduce 15%
20/06/09 07:28:26 INFO mapreduce.Job:  map 51% reduce 15%
20/06/09 07:28:29 INFO mapreduce.Job:  map 52% reduce 16%
20/06/09 07:28:32 INFO mapreduce.Job:  map 52% reduce 17%
20/06/09 07:28:34 INFO mapreduce.Job:  map 53% reduce 17%
20/06/09 07:28:40 INFO mapreduce.Job:  map 54% reduce 17%
20/06/09 07:28:45 INFO mapreduce.Job:  map 55% reduce 17%
20/06/09 07:28:50 INFO mapreduce.Job:  map 56% reduce 17%
20/06/09 07:28:55 INFO mapreduce.Job:  map 57% reduce 17%
20/06/09 07:29:00 INFO mapreduce.Job:  map 58% reduce 17%
20/06/09 07:29:05 INFO mapreduce.Job:  map 59% reduce 17%
20/06/09 07:29:10 INFO mapreduce.Job:  map 60% reduce 17%
20/06/09 07:29:14 INFO mapreduce.Job:  map 61% reduce 17%
20/06/09 07:29:15 INFO mapreduce.Job:  map 62% reduce 17%
20/06/09 07:29:18 INFO mapreduce.Job:  map 62% reduce 19%
20/06/09 07:29:19 INFO mapreduce.Job:  map 63% reduce 19%
20/06/09 07:29:21 INFO mapreduce.Job:  map 64% reduce 20%
20/06/09 07:29:24 INFO mapreduce.Job:  map 65% reduce 21%
20/06/09 07:29:28 INFO mapreduce.Job:  map 66% reduce 21%
20/06/09 07:29:31 INFO mapreduce.Job:  map 67% reduce 21%
20/06/09 07:29:33 INFO mapreduce.Job:  map 67% reduce 22%
20/06/09 07:29:37 INFO mapreduce.Job:  map 68% reduce 22%
20/06/09 07:29:43 INFO mapreduce.Job:  map 69% reduce 22%
20/06/09 07:29:48 INFO mapreduce.Job:  map 70% reduce 22%
20/06/09 07:29:53 INFO mapreduce.Job:  map 71% reduce 22%
20/06/09 07:29:57 INFO mapreduce.Job:  map 72% reduce 22%
20/06/09 07:30:02 INFO mapreduce.Job:  map 73% reduce 22%
20/06/09 07:30:07 INFO mapreduce.Job:  map 74% reduce 22%
20/06/09 07:30:09 INFO mapreduce.Job:  map 74% reduce 23%
20/06/09 07:30:10 INFO mapreduce.Job:  map 75% reduce 23%
20/06/09 07:30:14 INFO mapreduce.Job:  map 76% reduce 23%
20/06/09 07:30:19 INFO mapreduce.Job:  map 77% reduce 23%
20/06/09 07:30:21 INFO mapreduce.Job:  map 78% reduce 23%
20/06/09 07:30:22 INFO mapreduce.Job:  map 78% reduce 24%
20/06/09 07:30:24 INFO mapreduce.Job:  map 79% reduce 24%
20/06/09 07:30:25 INFO mapreduce.Job:  map 79% reduce 25%
20/06/09 07:30:28 INFO mapreduce.Job:  map 80% reduce 25%
20/06/09 07:30:31 INFO mapreduce.Job:  map 81% reduce 26%
20/06/09 07:30:33 INFO mapreduce.Job:  map 82% reduce 26%
20/06/09 07:30:34 INFO mapreduce.Job:  map 82% reduce 27%
20/06/09 07:30:38 INFO mapreduce.Job:  map 83% reduce 27%
20/06/09 07:30:40 INFO mapreduce.Job:  map 84% reduce 27%
20/06/09 07:30:41 INFO mapreduce.Job:  map 85% reduce 27%
20/06/09 07:30:42 INFO mapreduce.Job:  map 86% reduce 27%
20/06/09 07:30:46 INFO mapreduce.Job:  map 88% reduce 27%
20/06/09 07:30:49 INFO mapreduce.Job:  map 89% reduce 27%
20/06/09 07:30:52 INFO mapreduce.Job:  map 89% reduce 28%
20/06/09 07:30:55 INFO mapreduce.Job:  map 90% reduce 28%
20/06/09 07:30:58 INFO mapreduce.Job:  map 91% reduce 28%
20/06/09 07:30:59 INFO mapreduce.Job:  map 91% reduce 29%
20/06/09 07:31:00 INFO mapreduce.Job:  map 92% reduce 29%
20/06/09 07:31:03 INFO mapreduce.Job:  map 94% reduce 29%
20/06/09 07:31:05 INFO mapreduce.Job:  map 95% reduce 29%
20/06/09 07:31:08 INFO mapreduce.Job:  map 96% reduce 30%
20/06/09 07:31:09 INFO mapreduce.Job:  map 97% reduce 30%
20/06/09 07:31:10 INFO mapreduce.Job:  map 98% reduce 30%
20/06/09 07:31:12 INFO mapreduce.Job:  map 99% reduce 30%
20/06/09 07:31:14 INFO mapreduce.Job:  map 99% reduce 32%
20/06/09 07:31:17 INFO mapreduce.Job:  map 100% reduce 33%
20/06/09 07:31:20 INFO mapreduce.Job:  map 100% reduce 67%
20/06/09 07:31:23 INFO mapreduce.Job:  map 100% reduce 72%
20/06/09 07:31:26 INFO mapreduce.Job:  map 100% reduce 77%
20/06/09 07:31:29 INFO mapreduce.Job:  map 100% reduce 83%
20/06/09 07:31:32 INFO mapreduce.Job:  map 100% reduce 90%
20/06/09 07:31:35 INFO mapreduce.Job:  map 100% reduce 100%
20/06/09 07:31:35 INFO mapreduce.Job: Job job_1591654294601_0005 completed successfully
20/06/09 07:31:35 INFO mapreduce.Job: Counters: 50
	File System Counters
		FILE: Number of bytes read=1715454469
		FILE: Number of bytes written=2541161844
		FILE: Number of read operations=0
		FILE: Number of large read operations=0
		FILE: Number of write operations=0
		HDFS: Number of bytes read=11025586018
		HDFS: Number of bytes written=494553140
		HDFS: Number of read operations=273
		HDFS: Number of large read operations=0
		HDFS: Number of write operations=2
	Job Counters 
		Killed map tasks=1
		Launched map tasks=91
		Launched reduce tasks=1
		Data-local map tasks=91
		Total time spent by all maps in occupied slots (ms)=4945324
		Total time spent by all reduces in occupied slots (ms)=331722
		Total time spent by all map tasks (ms)=4945324
		Total time spent by all reduce tasks (ms)=331722
		Total vcore-milliseconds taken by all map tasks=4945324
		Total vcore-milliseconds taken by all reduce tasks=331722
		Total megabyte-milliseconds taken by all map tasks=5064011776
		Total megabyte-milliseconds taken by all reduce tasks=339683328
	Map-Reduce Framework
		Map input records=265624
		Map output records=1008981046
		Map output bytes=19253191642
		Map output materialized bytes=814497060
		Input split bytes=10530
		Combine input records=1033963154
		Combine output records=47584581
		Reduce input groups=9841185
		Reduce shuffle bytes=814497060
		Reduce input records=22602473
		Reduce output records=9841185
		Spilled Records=70866440
		Shuffled Maps =90
		Failed Shuffles=0
		Merged Map outputs=90
		GC time elapsed (ms)=106245
		CPU time spent (ms)=2006440
		Physical memory (bytes) snapshot=25196019712
		Virtual memory (bytes) snapshot=191942725632
		Total committed heap usage (bytes)=18930991104
	Shuffle Errors
		BAD_ID=0
		CONNECTION=0
		IO_ERROR=0
		WRONG_LENGTH=0
		WRONG_MAP=0
		WRONG_REDUCE=0
	File Input Format Counters 
		Bytes Read=11025575488
	File Output Format Counters 
		Bytes Written=494553140
20/06/09 07:31:35 INFO client.RMProxy: Connecting to ResourceManager at master/10.51.17.95:8032
20/06/09 07:31:35 INFO input.FileInputFormat: Total input paths to process : 1
20/06/09 07:31:35 INFO mapreduce.JobSubmitter: number of splits:4
20/06/09 07:31:35 INFO mapreduce.JobSubmitter: Submitting tokens for job: job_1591654294601_0006
20/06/09 07:31:36 INFO impl.YarnClientImpl: Submitted application application_1591654294601_0006
20/06/09 07:31:36 INFO mapreduce.Job: The url to track the job: http://master:8088/proxy/application_1591654294601_0006/
20/06/09 07:31:36 INFO mapreduce.Job: Running job: job_1591654294601_0006
20/06/09 07:31:46 INFO mapreduce.Job: Job job_1591654294601_0006 running in uber mode : false
20/06/09 07:31:46 INFO mapreduce.Job:  map 0% reduce 0%
20/06/09 07:31:57 INFO mapreduce.Job:  map 53% reduce 0%
20/06/09 07:32:00 INFO mapreduce.Job:  map 71% reduce 0%
20/06/09 07:32:03 INFO mapreduce.Job:  map 82% reduce 0%
20/06/09 07:32:06 INFO mapreduce.Job:  map 98% reduce 0%
20/06/09 07:32:07 INFO mapreduce.Job:  map 100% reduce 0%
20/06/09 07:32:09 INFO mapreduce.Job:  map 100% reduce 71%
20/06/09 07:32:12 INFO mapreduce.Job:  map 100% reduce 88%
20/06/09 07:32:15 INFO mapreduce.Job:  map 100% reduce 98%
20/06/09 07:32:16 INFO mapreduce.Job:  map 100% reduce 100%
20/06/09 07:32:16 INFO mapreduce.Job: Job job_1591654294601_0006 completed successfully
20/06/09 07:32:16 INFO mapreduce.Job: Counters: 50
	File System Counters
		FILE: Number of bytes read=861354520
		FILE: Number of bytes written=1292645098
		FILE: Number of read operations=0
		FILE: Number of large read operations=0
		FILE: Number of write operations=0
		HDFS: Number of bytes read=494556652
		HDFS: Number of bytes written=352604717
		HDFS: Number of read operations=19
		HDFS: Number of large read operations=0
		HDFS: Number of write operations=2
	Job Counters 
		Killed map tasks=1
		Launched map tasks=5
		Launched reduce tasks=1
		Data-local map tasks=5
		Total time spent by all maps in occupied slots (ms)=69449
		Total time spent by all reduces in occupied slots (ms)=16647
		Total time spent by all map tasks (ms)=69449
		Total time spent by all reduce tasks (ms)=16647
		Total vcore-milliseconds taken by all map tasks=69449
		Total vcore-milliseconds taken by all reduce tasks=16647
		Total megabyte-milliseconds taken by all map tasks=71115776
		Total megabyte-milliseconds taken by all reduce tasks=17046528
	Map-Reduce Framework
		Map input records=9841185
		Map output records=9841185
		Map output bytes=410994854
		Map output materialized bytes=430677248
		Input split bytes=504
		Combine input records=0
		Combine output records=0
		Reduce input groups=1255
		Reduce shuffle bytes=430677248
		Reduce input records=9841185
		Reduce output records=9841185
		Spilled Records=29523555
		Shuffled Maps =4
		Failed Shuffles=0
		Merged Map outputs=4
		GC time elapsed (ms)=1682
		CPU time spent (ms)=46990
		Physical memory (bytes) snapshot=1281765376
		Virtual memory (bytes) snapshot=10555252736
		Total committed heap usage (bytes)=938475520
	Shuffle Errors
		BAD_ID=0
		CONNECTION=0
		IO_ERROR=0
		WRONG_LENGTH=0
		WRONG_MAP=0
		WRONG_REDUCE=0
	File Input Format Counters 
		Bytes Read=494556148
	File Output Format Counters 
		Bytes Written=352604717
