20/06/09 07:33:53 INFO client.RMProxy: Connecting to ResourceManager at master/10.51.17.95:8032
20/06/09 07:33:53 INFO input.FileInputFormat: Total input paths to process : 10
20/06/09 07:33:53 INFO mapreduce.JobSubmitter: number of splits:90
20/06/09 07:33:54 INFO mapreduce.JobSubmitter: Submitting tokens for job: job_1591654294601_0008
20/06/09 07:33:54 INFO impl.YarnClientImpl: Submitted application application_1591654294601_0008
20/06/09 07:33:54 INFO mapreduce.Job: The url to track the job: http://master:8088/proxy/application_1591654294601_0008/
20/06/09 07:33:54 INFO mapreduce.Job: Running job: job_1591654294601_0008
20/06/09 07:34:02 INFO mapreduce.Job: Job job_1591654294601_0008 running in uber mode : false
20/06/09 07:34:02 INFO mapreduce.Job:  map 0% reduce 0%
20/06/09 07:34:17 INFO mapreduce.Job:  map 1% reduce 0%
20/06/09 07:34:19 INFO mapreduce.Job:  map 2% reduce 0%
20/06/09 07:34:23 INFO mapreduce.Job:  map 3% reduce 0%
20/06/09 07:34:31 INFO mapreduce.Job:  map 4% reduce 0%
20/06/09 07:34:34 INFO mapreduce.Job:  map 5% reduce 0%
20/06/09 07:34:40 INFO mapreduce.Job:  map 6% reduce 0%
20/06/09 07:34:44 INFO mapreduce.Job:  map 7% reduce 0%
20/06/09 07:34:49 INFO mapreduce.Job:  map 8% reduce 0%
20/06/09 07:34:55 INFO mapreduce.Job:  map 9% reduce 0%
20/06/09 07:34:57 INFO mapreduce.Job:  map 10% reduce 0%
20/06/09 07:34:59 INFO mapreduce.Job:  map 11% reduce 0%
20/06/09 07:35:01 INFO mapreduce.Job:  map 12% reduce 0%
20/06/09 07:35:07 INFO mapreduce.Job:  map 13% reduce 0%
20/06/09 07:35:13 INFO mapreduce.Job:  map 14% reduce 0%
20/06/09 07:35:16 INFO mapreduce.Job:  map 16% reduce 0%
20/06/09 07:35:19 INFO mapreduce.Job:  map 17% reduce 0%
20/06/09 07:35:25 INFO mapreduce.Job:  map 18% reduce 0%
20/06/09 07:35:29 INFO mapreduce.Job:  map 19% reduce 0%
20/06/09 07:35:30 INFO mapreduce.Job:  map 19% reduce 5%
20/06/09 07:35:35 INFO mapreduce.Job:  map 20% reduce 5%
20/06/09 07:35:41 INFO mapreduce.Job:  map 21% reduce 5%
20/06/09 07:35:44 INFO mapreduce.Job:  map 22% reduce 5%
20/06/09 07:35:50 INFO mapreduce.Job:  map 23% reduce 5%
20/06/09 07:35:51 INFO mapreduce.Job:  map 24% reduce 5%
20/06/09 07:35:52 INFO mapreduce.Job:  map 24% reduce 6%
20/06/09 07:35:54 INFO mapreduce.Job:  map 25% reduce 6%
20/06/09 07:35:55 INFO mapreduce.Job:  map 25% reduce 7%
20/06/09 07:36:00 INFO mapreduce.Job:  map 26% reduce 7%
20/06/09 07:36:05 INFO mapreduce.Job:  map 27% reduce 7%
20/06/09 07:36:09 INFO mapreduce.Job:  map 28% reduce 7%
20/06/09 07:36:14 INFO mapreduce.Job:  map 29% reduce 7%
20/06/09 07:36:17 INFO mapreduce.Job:  map 29% reduce 8%
20/06/09 07:36:18 INFO mapreduce.Job:  map 30% reduce 8%
20/06/09 07:36:24 INFO mapreduce.Job:  map 31% reduce 8%
20/06/09 07:36:26 INFO mapreduce.Job:  map 32% reduce 8%
20/06/09 07:36:27 INFO mapreduce.Job:  map 33% reduce 8%
20/06/09 07:36:29 INFO mapreduce.Job:  map 33% reduce 10%
20/06/09 07:36:33 INFO mapreduce.Job:  map 34% reduce 10%
20/06/09 07:36:38 INFO mapreduce.Job:  map 35% reduce 10%
20/06/09 07:36:41 INFO mapreduce.Job:  map 36% reduce 10%
20/06/09 07:36:45 INFO mapreduce.Job:  map 37% reduce 10%
20/06/09 07:36:47 INFO mapreduce.Job:  map 37% reduce 11%
20/06/09 07:36:49 INFO mapreduce.Job:  map 38% reduce 11%
20/06/09 07:36:50 INFO mapreduce.Job:  map 39% reduce 11%
20/06/09 07:36:53 INFO mapreduce.Job:  map 39% reduce 12%
20/06/09 07:36:57 INFO mapreduce.Job:  map 40% reduce 12%
20/06/09 07:37:03 INFO mapreduce.Job:  map 41% reduce 12%
20/06/09 07:37:06 INFO mapreduce.Job:  map 42% reduce 12%
20/06/09 07:37:12 INFO mapreduce.Job:  map 43% reduce 12%
20/06/09 07:37:17 INFO mapreduce.Job:  map 44% reduce 12%
20/06/09 07:37:20 INFO mapreduce.Job:  map 45% reduce 13%
20/06/09 07:37:24 INFO mapreduce.Job:  map 46% reduce 13%
20/06/09 07:37:28 INFO mapreduce.Job:  map 47% reduce 13%
20/06/09 07:37:29 INFO mapreduce.Job:  map 47% reduce 14%
20/06/09 07:37:30 INFO mapreduce.Job:  map 48% reduce 14%
20/06/09 07:37:34 INFO mapreduce.Job:  map 49% reduce 14%
20/06/09 07:37:36 INFO mapreduce.Job:  map 49% reduce 15%
20/06/09 07:37:38 INFO mapreduce.Job:  map 50% reduce 15%
20/06/09 07:37:42 INFO mapreduce.Job:  map 51% reduce 15%
20/06/09 07:37:45 INFO mapreduce.Job:  map 52% reduce 16%
20/06/09 07:37:46 INFO mapreduce.Job:  map 53% reduce 16%
20/06/09 07:37:48 INFO mapreduce.Job:  map 53% reduce 17%
20/06/09 07:37:54 INFO mapreduce.Job:  map 54% reduce 17%
20/06/09 07:37:58 INFO mapreduce.Job:  map 55% reduce 17%
20/06/09 07:38:05 INFO mapreduce.Job:  map 56% reduce 17%
20/06/09 07:38:09 INFO mapreduce.Job:  map 57% reduce 17%
20/06/09 07:38:14 INFO mapreduce.Job:  map 58% reduce 17%
20/06/09 07:38:19 INFO mapreduce.Job:  map 59% reduce 17%
20/06/09 07:38:23 INFO mapreduce.Job:  map 60% reduce 17%
20/06/09 07:38:28 INFO mapreduce.Job:  map 61% reduce 17%
20/06/09 07:38:30 INFO mapreduce.Job:  map 61% reduce 18%
20/06/09 07:38:31 INFO mapreduce.Job:  map 62% reduce 18%
20/06/09 07:38:33 INFO mapreduce.Job:  map 63% reduce 19%
20/06/09 07:38:36 INFO mapreduce.Job:  map 64% reduce 20%
20/06/09 07:38:37 INFO mapreduce.Job:  map 65% reduce 20%
20/06/09 07:38:39 INFO mapreduce.Job:  map 65% reduce 21%
20/06/09 07:38:40 INFO mapreduce.Job:  map 66% reduce 21%
20/06/09 07:38:42 INFO mapreduce.Job:  map 66% reduce 22%
20/06/09 07:38:47 INFO mapreduce.Job:  map 67% reduce 22%
20/06/09 07:38:51 INFO mapreduce.Job:  map 68% reduce 22%
20/06/09 07:38:56 INFO mapreduce.Job:  map 69% reduce 22%
20/06/09 07:39:01 INFO mapreduce.Job:  map 70% reduce 22%
20/06/09 07:39:06 INFO mapreduce.Job:  map 71% reduce 22%
20/06/09 07:39:12 INFO mapreduce.Job:  map 72% reduce 22%
20/06/09 07:39:16 INFO mapreduce.Job:  map 73% reduce 22%
20/06/09 07:39:22 INFO mapreduce.Job:  map 74% reduce 22%
20/06/09 07:39:25 INFO mapreduce.Job:  map 75% reduce 22%
20/06/09 07:39:28 INFO mapreduce.Job:  map 76% reduce 22%
20/06/09 07:39:29 INFO mapreduce.Job:  map 76% reduce 23%
20/06/09 07:39:31 INFO mapreduce.Job:  map 77% reduce 23%
20/06/09 07:39:34 INFO mapreduce.Job:  map 78% reduce 23%
20/06/09 07:39:35 INFO mapreduce.Job:  map 78% reduce 24%
20/06/09 07:39:38 INFO mapreduce.Job:  map 79% reduce 25%
20/06/09 07:39:42 INFO mapreduce.Job:  map 80% reduce 25%
20/06/09 07:39:43 INFO mapreduce.Job:  map 80% reduce 26%
20/06/09 07:39:44 INFO mapreduce.Job:  map 81% reduce 26%
20/06/09 07:39:47 INFO mapreduce.Job:  map 82% reduce 26%
20/06/09 07:39:49 INFO mapreduce.Job:  map 82% reduce 27%
20/06/09 07:39:50 INFO mapreduce.Job:  map 83% reduce 27%
20/06/09 07:39:54 INFO mapreduce.Job:  map 84% reduce 27%
20/06/09 07:39:56 INFO mapreduce.Job:  map 85% reduce 27%
20/06/09 07:39:58 INFO mapreduce.Job:  map 86% reduce 27%
20/06/09 07:40:00 INFO mapreduce.Job:  map 87% reduce 27%
20/06/09 07:40:03 INFO mapreduce.Job:  map 88% reduce 27%
20/06/09 07:40:07 INFO mapreduce.Job:  map 89% reduce 27%
20/06/09 07:40:08 INFO mapreduce.Job:  map 89% reduce 28%
20/06/09 07:40:09 INFO mapreduce.Job:  map 90% reduce 28%
20/06/09 07:40:11 INFO mapreduce.Job:  map 91% reduce 29%
20/06/09 07:40:15 INFO mapreduce.Job:  map 92% reduce 29%
20/06/09 07:40:18 INFO mapreduce.Job:  map 93% reduce 29%
20/06/09 07:40:20 INFO mapreduce.Job:  map 94% reduce 29%
20/06/09 07:40:21 INFO mapreduce.Job:  map 95% reduce 29%
20/06/09 07:40:22 INFO mapreduce.Job:  map 96% reduce 29%
20/06/09 07:40:23 INFO mapreduce.Job:  map 96% reduce 30%
20/06/09 07:40:24 INFO mapreduce.Job:  map 97% reduce 30%
20/06/09 07:40:26 INFO mapreduce.Job:  map 97% reduce 31%
20/06/09 07:40:27 INFO mapreduce.Job:  map 98% reduce 31%
20/06/09 07:40:28 INFO mapreduce.Job:  map 99% reduce 31%
20/06/09 07:40:29 INFO mapreduce.Job:  map 99% reduce 33%
20/06/09 07:40:31 INFO mapreduce.Job:  map 100% reduce 33%
20/06/09 07:40:35 INFO mapreduce.Job:  map 100% reduce 70%
20/06/09 07:40:38 INFO mapreduce.Job:  map 100% reduce 76%
20/06/09 07:40:41 INFO mapreduce.Job:  map 100% reduce 81%
20/06/09 07:40:44 INFO mapreduce.Job:  map 100% reduce 87%
20/06/09 07:40:47 INFO mapreduce.Job:  map 100% reduce 95%
20/06/09 07:40:49 INFO mapreduce.Job:  map 100% reduce 100%
20/06/09 07:40:49 INFO mapreduce.Job: Job job_1591654294601_0008 completed successfully
20/06/09 07:40:49 INFO mapreduce.Job: Counters: 50
	File System Counters
		FILE: Number of bytes read=1612968876
		FILE: Number of bytes written=2387879715
		FILE: Number of read operations=0
		FILE: Number of large read operations=0
		FILE: Number of write operations=0
		HDFS: Number of bytes read=11025754701
		HDFS: Number of bytes written=450868732
		HDFS: Number of read operations=273
		HDFS: Number of large read operations=0
		HDFS: Number of write operations=2
	Job Counters 
		Killed map tasks=1
		Launched map tasks=91
		Launched reduce tasks=1
		Data-local map tasks=91
		Total time spent by all maps in occupied slots (ms)=4978971
		Total time spent by all reduces in occupied slots (ms)=332031
		Total time spent by all map tasks (ms)=4978971
		Total time spent by all reduce tasks (ms)=332031
		Total vcore-milliseconds taken by all map tasks=4978971
		Total vcore-milliseconds taken by all reduce tasks=332031
		Total megabyte-milliseconds taken by all map tasks=5098466304
		Total megabyte-milliseconds taken by all reduce tasks=339999744
	Map-Reduce Framework
		Map input records=723354
		Map output records=1011727762
		Map output bytes=19273339903
		Map output materialized bytes=763700433
		Input split bytes=10530
		Combine input records=1036719773
		Combine output records=47594227
		Reduce input groups=9841338
		Reduce shuffle bytes=763700433
		Reduce input records=22602216
		Reduce output records=9841338
		Spilled Records=70874578
		Shuffled Maps =90
		Failed Shuffles=0
		Merged Map outputs=90
		GC time elapsed (ms)=107595
		CPU time spent (ms)=2010370
		Physical memory (bytes) snapshot=25130815488
		Virtual memory (bytes) snapshot=191930793984
		Total committed heap usage (bytes)=18934136832
	Shuffle Errors
		BAD_ID=0
		CONNECTION=0
		IO_ERROR=0
		WRONG_LENGTH=0
		WRONG_MAP=0
		WRONG_REDUCE=0
	File Input Format Counters 
		Bytes Read=11025744171
	File Output Format Counters 
		Bytes Written=450868732
20/06/09 07:40:49 INFO client.RMProxy: Connecting to ResourceManager at master/10.51.17.95:8032
20/06/09 07:40:49 INFO input.FileInputFormat: Total input paths to process : 1
20/06/09 07:40:49 INFO mapreduce.JobSubmitter: number of splits:4
20/06/09 07:40:49 INFO mapreduce.JobSubmitter: Submitting tokens for job: job_1591654294601_0009
20/06/09 07:40:49 INFO impl.YarnClientImpl: Submitted application application_1591654294601_0009
20/06/09 07:40:49 INFO mapreduce.Job: The url to track the job: http://master:8088/proxy/application_1591654294601_0009/
20/06/09 07:40:49 INFO mapreduce.Job: Running job: job_1591654294601_0009
20/06/09 07:40:59 INFO mapreduce.Job: Job job_1591654294601_0009 running in uber mode : false
20/06/09 07:40:59 INFO mapreduce.Job:  map 0% reduce 0%
20/06/09 07:41:09 INFO mapreduce.Job:  map 25% reduce 0%
20/06/09 07:41:10 INFO mapreduce.Job:  map 34% reduce 0%
20/06/09 07:41:11 INFO mapreduce.Job:  map 59% reduce 0%
20/06/09 07:41:13 INFO mapreduce.Job:  map 63% reduce 0%
20/06/09 07:41:14 INFO mapreduce.Job:  map 75% reduce 0%
20/06/09 07:41:15 INFO mapreduce.Job:  map 77% reduce 0%
20/06/09 07:41:16 INFO mapreduce.Job:  map 80% reduce 0%
20/06/09 07:41:17 INFO mapreduce.Job:  map 84% reduce 0%
20/06/09 07:41:18 INFO mapreduce.Job:  map 92% reduce 0%
20/06/09 07:41:19 INFO mapreduce.Job:  map 100% reduce 0%
20/06/09 07:41:21 INFO mapreduce.Job:  map 100% reduce 71%
20/06/09 07:41:24 INFO mapreduce.Job:  map 100% reduce 87%
20/06/09 07:41:27 INFO mapreduce.Job:  map 100% reduce 97%
20/06/09 07:41:28 INFO mapreduce.Job:  map 100% reduce 100%
20/06/09 07:41:28 INFO mapreduce.Job: Job job_1591654294601_0009 completed successfully
20/06/09 07:41:28 INFO mapreduce.Job: Counters: 50
	File System Counters
		FILE: Number of bytes read=730497161
		FILE: Number of bytes written=1118521998
		FILE: Number of read operations=0
		FILE: Number of large read operations=0
		FILE: Number of write operations=0
		HDFS: Number of bytes read=450874415
		HDFS: Number of bytes written=309337649
		HDFS: Number of read operations=19
		HDFS: Number of large read operations=0
		HDFS: Number of write operations=2
	Job Counters 
		Killed map tasks=1
		Launched map tasks=5
		Launched reduce tasks=1
		Data-local map tasks=5
		Total time spent by all maps in occupied slots (ms)=63592
		Total time spent by all reduces in occupied slots (ms)=16774
		Total time spent by all map tasks (ms)=63592
		Total time spent by all reduce tasks (ms)=16774
		Total vcore-milliseconds taken by all map tasks=63592
		Total vcore-milliseconds taken by all reduce tasks=16774
		Total megabyte-milliseconds taken by all map tasks=65118208
		Total megabyte-milliseconds taken by all reduce tasks=17176576
	Map-Reduce Framework
		Map input records=9841338
		Map output records=9841338
		Map output bytes=367728802
		Map output materialized bytes=387411502
		Input split bytes=508
		Combine input records=0
		Combine output records=0
		Reduce input groups=1278
		Reduce shuffle bytes=387411502
		Reduce input records=9841338
		Reduce output records=9841338
		Spilled Records=28954015
		Shuffled Maps =4
		Failed Shuffles=0
		Merged Map outputs=4
		GC time elapsed (ms)=1557
		CPU time spent (ms)=45040
		Physical memory (bytes) snapshot=1296896000
		Virtual memory (bytes) snapshot=10545721344
		Total committed heap usage (bytes)=936378368
	Shuffle Errors
		BAD_ID=0
		CONNECTION=0
		IO_ERROR=0
		WRONG_LENGTH=0
		WRONG_MAP=0
		WRONG_REDUCE=0
	File Input Format Counters 
		Bytes Read=450873907
	File Output Format Counters 
		Bytes Written=309337649
