20/06/15 05:46:49 INFO client.RMProxy: Connecting to ResourceManager at master/10.51.17.95:8032
20/06/15 05:46:50 INFO input.FileInputFormat: Total input paths to process : 10
20/06/15 05:46:50 INFO mapreduce.JobSubmitter: number of splits:90
20/06/15 05:46:50 INFO mapreduce.JobSubmitter: Submitting tokens for job: job_1592166997233_0002
20/06/15 05:46:50 INFO impl.YarnClientImpl: Submitted application application_1592166997233_0002
20/06/15 05:46:50 INFO mapreduce.Job: The url to track the job: http://master:8088/proxy/application_1592166997233_0002/
20/06/15 05:46:50 INFO mapreduce.Job: Running job: job_1592166997233_0002
20/06/15 05:46:55 INFO mapreduce.Job: Job job_1592166997233_0002 running in uber mode : false
20/06/15 05:46:55 INFO mapreduce.Job:  map 0% reduce 0%
20/06/15 05:47:07 INFO mapreduce.Job:  map 1% reduce 0%
20/06/15 05:47:11 INFO mapreduce.Job:  map 2% reduce 0%
20/06/15 05:47:19 INFO mapreduce.Job:  map 3% reduce 0%
20/06/15 05:47:22 INFO mapreduce.Job:  map 4% reduce 0%
20/06/15 05:47:28 INFO mapreduce.Job:  map 5% reduce 0%
20/06/15 05:47:32 INFO mapreduce.Job:  map 6% reduce 0%
20/06/15 05:47:35 INFO mapreduce.Job:  map 7% reduce 0%
20/06/15 05:47:37 INFO mapreduce.Job:  map 8% reduce 0%
20/06/15 05:47:44 INFO mapreduce.Job:  map 9% reduce 0%
20/06/15 05:47:50 INFO mapreduce.Job:  map 10% reduce 0%
20/06/15 05:47:54 INFO mapreduce.Job:  map 11% reduce 0%
20/06/15 05:47:56 INFO mapreduce.Job:  map 12% reduce 0%
20/06/15 05:48:00 INFO mapreduce.Job:  map 13% reduce 0%
20/06/15 05:48:05 INFO mapreduce.Job:  map 14% reduce 0%
20/06/15 05:48:09 INFO mapreduce.Job:  map 15% reduce 0%
20/06/15 05:48:11 INFO mapreduce.Job:  map 16% reduce 0%
20/06/15 05:48:13 INFO mapreduce.Job:  map 16% reduce 4%
20/06/15 05:48:18 INFO mapreduce.Job:  map 17% reduce 4%
20/06/15 05:48:20 INFO mapreduce.Job:  map 17% reduce 5%
20/06/15 05:48:21 INFO mapreduce.Job:  map 18% reduce 5%
20/06/15 05:48:29 INFO mapreduce.Job:  map 19% reduce 5%
20/06/15 05:48:33 INFO mapreduce.Job:  map 20% reduce 5%
20/06/15 05:48:38 INFO mapreduce.Job:  map 21% reduce 5%
20/06/15 05:48:42 INFO mapreduce.Job:  map 22% reduce 5%
20/06/15 05:48:44 INFO mapreduce.Job:  map 22% reduce 6%
20/06/15 05:48:45 INFO mapreduce.Job:  map 23% reduce 6%
20/06/15 05:48:47 INFO mapreduce.Job:  map 24% reduce 7%
20/06/15 05:48:51 INFO mapreduce.Job:  map 25% reduce 7%
20/06/15 05:48:53 INFO mapreduce.Job:  map 25% reduce 8%
20/06/15 05:48:57 INFO mapreduce.Job:  map 26% reduce 8%
20/06/15 05:49:02 INFO mapreduce.Job:  map 27% reduce 8%
20/06/15 05:49:03 INFO mapreduce.Job:  map 27% reduce 9%
20/06/15 05:49:06 INFO mapreduce.Job:  map 28% reduce 9%
20/06/15 05:49:12 INFO mapreduce.Job:  map 29% reduce 9%
20/06/15 05:49:17 INFO mapreduce.Job:  map 30% reduce 9%
20/06/15 05:49:21 INFO mapreduce.Job:  map 31% reduce 9%
20/06/15 05:49:23 INFO mapreduce.Job:  map 32% reduce 9%
20/06/15 05:49:31 INFO mapreduce.Job:  map 33% reduce 9%
20/06/15 05:49:33 INFO mapreduce.Job:  map 34% reduce 10%
20/06/15 05:49:34 INFO mapreduce.Job:  map 35% reduce 10%
20/06/15 05:49:36 INFO mapreduce.Job:  map 35% reduce 11%
20/06/15 05:49:41 INFO mapreduce.Job:  map 36% reduce 11%
20/06/15 05:49:44 INFO mapreduce.Job:  map 37% reduce 11%
20/06/15 05:49:46 INFO mapreduce.Job:  map 37% reduce 12%
20/06/15 05:49:50 INFO mapreduce.Job:  map 38% reduce 12%
20/06/15 05:49:55 INFO mapreduce.Job:  map 39% reduce 12%
20/06/15 05:49:59 INFO mapreduce.Job:  map 40% reduce 12%
20/06/15 05:50:01 INFO mapreduce.Job:  map 41% reduce 12%
20/06/15 05:50:03 INFO mapreduce.Job:  map 41% reduce 13%
20/06/15 05:50:07 INFO mapreduce.Job:  map 42% reduce 13%
20/06/15 05:50:13 INFO mapreduce.Job:  map 43% reduce 13%
20/06/15 05:50:18 INFO mapreduce.Job:  map 44% reduce 13%
20/06/15 05:50:20 INFO mapreduce.Job:  map 45% reduce 13%
20/06/15 05:50:22 INFO mapreduce.Job:  map 45% reduce 14%
20/06/15 05:50:23 INFO mapreduce.Job:  map 46% reduce 14%
20/06/15 05:50:28 INFO mapreduce.Job:  map 46% reduce 15%
20/06/15 05:50:29 INFO mapreduce.Job:  map 47% reduce 15%
20/06/15 05:50:33 INFO mapreduce.Job:  map 48% reduce 15%
20/06/15 05:50:37 INFO mapreduce.Job:  map 49% reduce 15%
20/06/15 05:50:40 INFO mapreduce.Job:  map 49% reduce 16%
20/06/15 05:50:41 INFO mapreduce.Job:  map 50% reduce 16%
20/06/15 05:50:47 INFO mapreduce.Job:  map 51% reduce 16%
20/06/15 05:50:53 INFO mapreduce.Job:  map 52% reduce 16%
20/06/15 05:50:58 INFO mapreduce.Job:  map 53% reduce 16%
20/06/15 05:51:00 INFO mapreduce.Job:  map 54% reduce 16%
20/06/15 05:51:02 INFO mapreduce.Job:  map 54% reduce 17%
20/06/15 05:51:05 INFO mapreduce.Job:  map 55% reduce 17%
20/06/15 05:51:09 INFO mapreduce.Job:  map 56% reduce 17%
20/06/15 05:51:13 INFO mapreduce.Job:  map 57% reduce 17%
20/06/15 05:51:15 INFO mapreduce.Job:  map 58% reduce 17%
20/06/15 05:51:16 INFO mapreduce.Job:  map 58% reduce 19%
20/06/15 05:51:20 INFO mapreduce.Job:  map 59% reduce 19%
20/06/15 05:51:25 INFO mapreduce.Job:  map 60% reduce 19%
20/06/15 05:51:31 INFO mapreduce.Job:  map 61% reduce 19%
20/06/15 05:51:35 INFO mapreduce.Job:  map 62% reduce 20%
20/06/15 05:51:41 INFO mapreduce.Job:  map 63% reduce 20%
20/06/15 05:51:44 INFO mapreduce.Job:  map 64% reduce 20%
20/06/15 05:51:50 INFO mapreduce.Job:  map 65% reduce 20%
20/06/15 05:51:53 INFO mapreduce.Job:  map 66% reduce 20%
20/06/15 05:51:55 INFO mapreduce.Job:  map 67% reduce 20%
20/06/15 05:51:59 INFO mapreduce.Job:  map 67% reduce 21%
20/06/15 05:52:01 INFO mapreduce.Job:  map 68% reduce 21%
20/06/15 05:52:02 INFO mapreduce.Job:  map 68% reduce 22%
20/06/15 05:52:06 INFO mapreduce.Job:  map 69% reduce 22%
20/06/15 05:52:09 INFO mapreduce.Job:  map 70% reduce 22%
20/06/15 05:52:12 INFO mapreduce.Job:  map 70% reduce 23%
20/06/15 05:52:13 INFO mapreduce.Job:  map 71% reduce 23%
20/06/15 05:52:18 INFO mapreduce.Job:  map 72% reduce 23%
20/06/15 05:52:22 INFO mapreduce.Job:  map 73% reduce 23%
20/06/15 05:52:28 INFO mapreduce.Job:  map 74% reduce 23%
20/06/15 05:52:32 INFO mapreduce.Job:  map 75% reduce 23%
20/06/15 05:52:35 INFO mapreduce.Job:  map 75% reduce 24%
20/06/15 05:52:37 INFO mapreduce.Job:  map 76% reduce 24%
20/06/15 05:52:41 INFO mapreduce.Job:  map 77% reduce 24%
20/06/15 05:52:46 INFO mapreduce.Job:  map 78% reduce 24%
20/06/15 05:52:50 INFO mapreduce.Job:  map 79% reduce 24%
20/06/15 05:52:52 INFO mapreduce.Job:  map 80% reduce 24%
20/06/15 05:52:54 INFO mapreduce.Job:  map 80% reduce 26%
20/06/15 05:52:57 INFO mapreduce.Job:  map 81% reduce 26%
20/06/15 05:53:00 INFO mapreduce.Job:  map 81% reduce 27%
20/06/15 05:53:02 INFO mapreduce.Job:  map 82% reduce 27%
20/06/15 05:53:06 INFO mapreduce.Job:  map 83% reduce 27%
20/06/15 05:53:08 INFO mapreduce.Job:  map 84% reduce 27%
20/06/15 05:53:11 INFO mapreduce.Job:  map 85% reduce 27%
20/06/15 05:53:18 INFO mapreduce.Job:  map 86% reduce 27%
20/06/15 05:53:22 INFO mapreduce.Job:  map 88% reduce 28%
20/06/15 05:53:24 INFO mapreduce.Job:  map 89% reduce 28%
20/06/15 05:53:28 INFO mapreduce.Job:  map 89% reduce 29%
20/06/15 05:53:29 INFO mapreduce.Job:  map 90% reduce 29%
20/06/15 05:53:31 INFO mapreduce.Job:  map 91% reduce 29%
20/06/15 05:53:34 INFO mapreduce.Job:  map 92% reduce 30%
20/06/15 05:53:35 INFO mapreduce.Job:  map 93% reduce 30%
20/06/15 05:53:36 INFO mapreduce.Job:  map 94% reduce 30%
20/06/15 05:53:40 INFO mapreduce.Job:  map 96% reduce 31%
20/06/15 05:53:42 INFO mapreduce.Job:  map 97% reduce 31%
20/06/15 05:53:43 INFO mapreduce.Job:  map 98% reduce 32%
20/06/15 05:53:44 INFO mapreduce.Job:  map 99% reduce 32%
20/06/15 05:53:45 INFO mapreduce.Job:  map 100% reduce 32%
20/06/15 05:53:46 INFO mapreduce.Job:  map 100% reduce 33%
20/06/15 05:53:49 INFO mapreduce.Job:  map 100% reduce 69%
20/06/15 05:53:52 INFO mapreduce.Job:  map 100% reduce 75%
20/06/15 05:53:55 INFO mapreduce.Job:  map 100% reduce 80%
20/06/15 05:53:58 INFO mapreduce.Job:  map 100% reduce 86%
20/06/15 05:54:01 INFO mapreduce.Job:  map 100% reduce 93%
20/06/15 05:54:04 INFO mapreduce.Job:  map 100% reduce 100%
20/06/15 05:54:05 INFO mapreduce.Job: Job job_1592166997233_0002 completed successfully
20/06/15 05:54:05 INFO mapreduce.Job: Counters: 50
	File System Counters
		FILE: Number of bytes read=1664983330
		FILE: Number of bytes written=2465674599
		FILE: Number of read operations=0
		FILE: Number of large read operations=0
		FILE: Number of write operations=0
		HDFS: Number of bytes read=11025668664
		HDFS: Number of bytes written=472954036
		HDFS: Number of read operations=273
		HDFS: Number of large read operations=0
		HDFS: Number of write operations=2
	Job Counters 
		Killed map tasks=1
		Launched map tasks=91
		Launched reduce tasks=1
		Data-local map tasks=91
		Total time spent by all maps in occupied slots (ms)=3644832
		Total time spent by all reduces in occupied slots (ms)=362817
		Total time spent by all map tasks (ms)=3644832
		Total time spent by all reduce tasks (ms)=362817
		Total vcore-milliseconds taken by all map tasks=3644832
		Total vcore-milliseconds taken by all reduce tasks=362817
		Total megabyte-milliseconds taken by all map tasks=3732307968
		Total megabyte-milliseconds taken by all reduce tasks=371524608
	Map-Reduce Framework
		Map input records=1179594
		Map output records=1009901268
		Map output bytes=19265183218
		Map output materialized bytes=789509164
		Input split bytes=9630
		Combine input records=1034891965
		Combine output records=47597616
		Reduce input groups=9841803
		Reduce shuffle bytes=789509164
		Reduce input records=22606919
		Reduce output records=9841803
		Spilled Records=70882807
		Shuffled Maps =90
		Failed Shuffles=0
		Merged Map outputs=90
		GC time elapsed (ms)=71295
		CPU time spent (ms)=2128220
		Physical memory (bytes) snapshot=25091383296
		Virtual memory (bytes) snapshot=191957954560
		Total committed heap usage (bytes)=18925748224
	Shuffle Errors
		BAD_ID=0
		CONNECTION=0
		IO_ERROR=0
		WRONG_LENGTH=0
		WRONG_MAP=0
		WRONG_REDUCE=0
	File Input Format Counters 
		Bytes Read=11025659034
	File Output Format Counters 
		Bytes Written=472954036
20/06/15 05:54:05 INFO client.RMProxy: Connecting to ResourceManager at master/10.51.17.95:8032
20/06/15 05:54:05 INFO input.FileInputFormat: Total input paths to process : 1
20/06/15 05:54:05 INFO mapreduce.JobSubmitter: number of splits:4
20/06/15 05:54:05 INFO mapreduce.JobSubmitter: Submitting tokens for job: job_1592166997233_0003
20/06/15 05:54:05 INFO impl.YarnClientImpl: Submitted application application_1592166997233_0003
20/06/15 05:54:05 INFO mapreduce.Job: The url to track the job: http://master:8088/proxy/application_1592166997233_0003/
20/06/15 05:54:05 INFO mapreduce.Job: Running job: job_1592166997233_0003
20/06/15 05:54:15 INFO mapreduce.Job: Job job_1592166997233_0003 running in uber mode : false
20/06/15 05:54:15 INFO mapreduce.Job:  map 0% reduce 0%
20/06/15 05:54:25 INFO mapreduce.Job:  map 25% reduce 0%
20/06/15 05:54:27 INFO mapreduce.Job:  map 60% reduce 0%
20/06/15 05:54:30 INFO mapreduce.Job:  map 80% reduce 0%
20/06/15 05:54:33 INFO mapreduce.Job:  map 96% reduce 0%
20/06/15 05:54:34 INFO mapreduce.Job:  map 100% reduce 0%
20/06/15 05:54:35 INFO mapreduce.Job:  map 100% reduce 68%
20/06/15 05:54:38 INFO mapreduce.Job:  map 100% reduce 80%
20/06/15 05:54:41 INFO mapreduce.Job:  map 100% reduce 90%
20/06/15 05:54:43 INFO mapreduce.Job:  map 100% reduce 100%
20/06/15 05:54:43 INFO mapreduce.Job: Job job_1592166997233_0003 completed successfully
20/06/15 05:54:43 INFO mapreduce.Job: Counters: 50
	File System Counters
		FILE: Number of bytes read=754217147
		FILE: Number of bytes written=1164111403
		FILE: Number of read operations=0
		FILE: Number of large read operations=0
		FILE: Number of write operations=0
		HDFS: Number of bytes read=472959505
		HDFS: Number of bytes written=331204946
		HDFS: Number of read operations=19
		HDFS: Number of large read operations=0
		HDFS: Number of write operations=2
	Job Counters 
		Killed map tasks=1
		Launched map tasks=5
		Launched reduce tasks=1
		Data-local map tasks=5
		Total time spent by all maps in occupied slots (ms)=57718
		Total time spent by all reduces in occupied slots (ms)=15847
		Total time spent by all map tasks (ms)=57718
		Total time spent by all reduce tasks (ms)=15847
		Total vcore-milliseconds taken by all map tasks=57718
		Total vcore-milliseconds taken by all reduce tasks=15847
		Total megabyte-milliseconds taken by all map tasks=59103232
		Total megabyte-milliseconds taken by all reduce tasks=16227328
	Map-Reduce Framework
		Map input records=9841803
		Map output records=9841803
		Map output bytes=389598846
		Map output materialized bytes=409282476
		Input split bytes=508
		Combine input records=0
		Combine output records=0
		Reduce input groups=1244
		Reduce shuffle bytes=409282476
		Reduce input records=9841803
		Reduce output records=9841803
		Spilled Records=28647293
		Shuffled Maps =4
		Failed Shuffles=0
		Merged Map outputs=4
		GC time elapsed (ms)=1450
		CPU time spent (ms)=44560
		Physical memory (bytes) snapshot=1273839616
		Virtual memory (bytes) snapshot=10588741632
		Total committed heap usage (bytes)=937426944
	Shuffle Errors
		BAD_ID=0
		CONNECTION=0
		IO_ERROR=0
		WRONG_LENGTH=0
		WRONG_MAP=0
		WRONG_REDUCE=0
	File Input Format Counters 
		Bytes Read=472958997
	File Output Format Counters 
		Bytes Written=331204946
