20/06/06 21:13:47 INFO client.RMProxy: Connecting to ResourceManager at master/10.51.17.95:8032
20/06/06 21:13:47 INFO client.RMProxy: Connecting to ResourceManager at master/10.51.17.95:8032
20/06/06 21:13:48 INFO input.FileInputFormat: Total input paths to process : 10
20/06/06 21:13:48 INFO mapreduce.JobSubmitter: number of splits:80
20/06/06 21:13:48 INFO mapreduce.JobSubmitter: Submitting tokens for job: job_1591439808818_0025
20/06/06 21:13:48 INFO impl.YarnClientImpl: Submitted application application_1591439808818_0025
20/06/06 21:13:48 INFO mapreduce.Job: The url to track the job: http://master:8088/proxy/application_1591439808818_0025/
20/06/06 21:13:48 INFO mapreduce.Job: Running job: job_1591439808818_0025
20/06/06 21:13:55 INFO mapreduce.Job: Job job_1591439808818_0025 running in uber mode : false
20/06/06 21:13:55 INFO mapreduce.Job:  map 0% reduce 0%
20/06/06 21:14:05 INFO mapreduce.Job:  map 1% reduce 0%
20/06/06 21:14:07 INFO mapreduce.Job:  map 6% reduce 0%
20/06/06 21:14:08 INFO mapreduce.Job:  map 9% reduce 0%
20/06/06 21:14:09 INFO mapreduce.Job:  map 11% reduce 0%
20/06/06 21:14:11 INFO mapreduce.Job:  map 16% reduce 0%
20/06/06 21:14:12 INFO mapreduce.Job:  map 18% reduce 0%
20/06/06 21:14:13 INFO mapreduce.Job:  map 19% reduce 0%
20/06/06 21:14:15 INFO mapreduce.Job:  map 21% reduce 0%
20/06/06 21:14:17 INFO mapreduce.Job:  map 22% reduce 0%
20/06/06 21:14:18 INFO mapreduce.Job:  map 25% reduce 0%
20/06/06 21:14:19 INFO mapreduce.Job:  map 26% reduce 0%
20/06/06 21:14:22 INFO mapreduce.Job:  map 29% reduce 3%
20/06/06 21:14:26 INFO mapreduce.Job:  map 32% reduce 3%
20/06/06 21:14:27 INFO mapreduce.Job:  map 33% reduce 3%
20/06/06 21:14:28 INFO mapreduce.Job:  map 33% reduce 5%
20/06/06 21:14:29 INFO mapreduce.Job:  map 34% reduce 5%
20/06/06 21:14:31 INFO mapreduce.Job:  map 35% reduce 8%
20/06/06 21:14:32 INFO mapreduce.Job:  map 36% reduce 8%
20/06/06 21:14:33 INFO mapreduce.Job:  map 37% reduce 8%
20/06/06 21:14:35 INFO mapreduce.Job:  map 40% reduce 8%
20/06/06 21:14:36 INFO mapreduce.Job:  map 42% reduce 8%
20/06/06 21:14:37 INFO mapreduce.Job:  map 42% reduce 9%
20/06/06 21:14:38 INFO mapreduce.Job:  map 43% reduce 9%
20/06/06 21:14:39 INFO mapreduce.Job:  map 44% reduce 9%
20/06/06 21:14:40 INFO mapreduce.Job:  map 44% reduce 10%
20/06/06 21:14:44 INFO mapreduce.Job:  map 45% reduce 10%
20/06/06 21:14:47 INFO mapreduce.Job:  map 46% reduce 10%
20/06/06 21:14:49 INFO mapreduce.Job:  map 47% reduce 10%
20/06/06 21:14:51 INFO mapreduce.Job:  map 48% reduce 10%
20/06/06 21:14:57 INFO mapreduce.Job:  map 46% reduce 0%
20/06/06 21:14:58 INFO mapreduce.Job:  map 20% reduce 0%
20/06/06 21:15:09 INFO mapreduce.Job:  map 25% reduce 0%
20/06/06 21:15:10 INFO mapreduce.Job:  map 28% reduce 0%
20/06/06 21:15:18 INFO mapreduce.Job:  map 31% reduce 0%
20/06/06 21:15:19 INFO mapreduce.Job:  map 34% reduce 0%
20/06/06 21:15:20 INFO mapreduce.Job:  map 35% reduce 0%
20/06/06 21:15:25 INFO mapreduce.Job:  map 36% reduce 0%
20/06/06 21:15:27 INFO mapreduce.Job:  map 38% reduce 0%
20/06/06 21:15:29 INFO mapreduce.Job:  map 39% reduce 0%
20/06/06 21:15:30 INFO mapreduce.Job:  map 41% reduce 0%
20/06/06 21:15:32 INFO mapreduce.Job:  map 43% reduce 0%
20/06/06 21:15:35 INFO mapreduce.Job:  map 44% reduce 0%
20/06/06 21:15:36 INFO mapreduce.Job:  map 45% reduce 0%
20/06/06 21:15:40 INFO mapreduce.Job:  map 50% reduce 0%
20/06/06 21:15:42 INFO mapreduce.Job:  map 51% reduce 0%
20/06/06 21:15:44 INFO mapreduce.Job:  map 52% reduce 0%
20/06/06 21:15:49 INFO mapreduce.Job:  map 54% reduce 0%
20/06/06 21:15:51 INFO mapreduce.Job:  map 54% reduce 2%
20/06/06 21:15:53 INFO mapreduce.Job:  map 55% reduce 4%
20/06/06 21:15:54 INFO mapreduce.Job:  map 56% reduce 4%
20/06/06 21:15:56 INFO mapreduce.Job:  map 56% reduce 6%
20/06/06 21:15:58 INFO mapreduce.Job:  map 57% reduce 6%
20/06/06 21:15:59 INFO mapreduce.Job:  map 57% reduce 7%
20/06/06 21:16:02 INFO mapreduce.Job:  map 59% reduce 8%
20/06/06 21:16:03 INFO mapreduce.Job:  map 60% reduce 8%
20/06/06 21:16:05 INFO mapreduce.Job:  map 60% reduce 9%
20/06/06 21:16:08 INFO mapreduce.Job:  map 61% reduce 9%
20/06/06 21:16:11 INFO mapreduce.Job:  map 61% reduce 10%
20/06/06 21:16:12 INFO mapreduce.Job:  map 62% reduce 11%
20/06/06 21:16:15 INFO mapreduce.Job:  map 62% reduce 12%
20/06/06 21:16:17 INFO mapreduce.Job:  map 63% reduce 12%
20/06/06 21:16:18 INFO mapreduce.Job:  map 63% reduce 13%
20/06/06 21:16:21 INFO mapreduce.Job:  map 63% reduce 14%
20/06/06 21:16:23 INFO mapreduce.Job:  map 63% reduce 15%
20/06/06 21:16:26 INFO mapreduce.Job:  map 63% reduce 16%
20/06/06 21:16:29 INFO mapreduce.Job:  map 63% reduce 17%
20/06/06 21:16:35 INFO mapreduce.Job:  map 63% reduce 18%
20/06/06 21:16:38 INFO mapreduce.Job:  map 63% reduce 19%
20/06/06 21:16:44 INFO mapreduce.Job:  map 63% reduce 20%
20/06/06 21:16:45 INFO mapreduce.Job:  map 63% reduce 21%
20/06/06 21:16:49 INFO mapreduce.Job:  map 64% reduce 21%
20/06/06 21:16:50 INFO mapreduce.Job:  map 65% reduce 21%
20/06/06 21:16:51 INFO mapreduce.Job:  map 66% reduce 21%
20/06/06 21:16:53 INFO mapreduce.Job:  map 66% reduce 22%
20/06/06 21:16:58 INFO mapreduce.Job:  map 68% reduce 22%
20/06/06 21:16:59 INFO mapreduce.Job:  map 69% reduce 22%
20/06/06 21:17:00 INFO mapreduce.Job:  map 70% reduce 23%
20/06/06 21:17:08 INFO mapreduce.Job:  map 72% reduce 23%
20/06/06 21:17:09 INFO mapreduce.Job:  map 74% reduce 24%
20/06/06 21:17:12 INFO mapreduce.Job:  map 74% reduce 25%
20/06/06 21:17:13 INFO mapreduce.Job:  map 75% reduce 25%
20/06/06 21:17:14 INFO mapreduce.Job:  map 76% reduce 25%
20/06/06 21:17:15 INFO mapreduce.Job:  map 77% reduce 25%
20/06/06 21:17:17 INFO mapreduce.Job:  map 79% reduce 25%
20/06/06 21:17:18 INFO mapreduce.Job:  map 79% reduce 26%
20/06/06 21:17:19 INFO mapreduce.Job:  map 80% reduce 26%
20/06/06 21:17:21 INFO mapreduce.Job:  map 80% reduce 27%
20/06/06 21:17:22 INFO mapreduce.Job:  map 81% reduce 27%
20/06/06 21:17:27 INFO mapreduce.Job:  map 82% reduce 27%
20/06/06 21:17:28 INFO mapreduce.Job:  map 84% reduce 27%
20/06/06 21:17:30 INFO mapreduce.Job:  map 85% reduce 28%
20/06/06 21:17:32 INFO mapreduce.Job:  map 86% reduce 28%
20/06/06 21:17:33 INFO mapreduce.Job:  map 86% reduce 29%
20/06/06 21:17:34 INFO mapreduce.Job:  map 88% reduce 29%
20/06/06 21:17:35 INFO mapreduce.Job:  map 89% reduce 29%
20/06/06 21:17:37 INFO mapreduce.Job:  map 90% reduce 29%
20/06/06 21:17:38 INFO mapreduce.Job:  map 90% reduce 30%
20/06/06 21:17:40 INFO mapreduce.Job:  map 93% reduce 30%
20/06/06 21:17:42 INFO mapreduce.Job:  map 93% reduce 31%
20/06/06 21:17:46 INFO mapreduce.Job:  map 94% reduce 31%
20/06/06 21:17:49 INFO mapreduce.Job:  map 95% reduce 31%
20/06/06 21:17:50 INFO mapreduce.Job:  map 96% reduce 31%
20/06/06 21:17:51 INFO mapreduce.Job:  map 96% reduce 32%
20/06/06 21:17:52 INFO mapreduce.Job:  map 98% reduce 32%
20/06/06 21:17:55 INFO mapreduce.Job:  map 99% reduce 33%
20/06/06 21:17:56 INFO mapreduce.Job:  map 100% reduce 33%
20/06/06 21:17:57 INFO mapreduce.Job:  map 100% reduce 38%
20/06/06 21:17:58 INFO mapreduce.Job:  map 100% reduce 41%
20/06/06 21:17:59 INFO mapreduce.Job:  map 100% reduce 52%
20/06/06 21:18:00 INFO mapreduce.Job:  map 100% reduce 58%
20/06/06 21:18:01 INFO mapreduce.Job:  map 100% reduce 67%
20/06/06 21:18:04 INFO mapreduce.Job:  map 100% reduce 68%
20/06/06 21:18:06 INFO mapreduce.Job:  map 100% reduce 69%
20/06/06 21:18:09 INFO mapreduce.Job:  map 100% reduce 70%
20/06/06 21:18:14 INFO mapreduce.Job:  map 100% reduce 71%
20/06/06 21:18:16 INFO mapreduce.Job:  map 100% reduce 72%
20/06/06 21:18:20 INFO mapreduce.Job:  map 100% reduce 73%
20/06/06 21:18:24 INFO mapreduce.Job:  map 100% reduce 74%
20/06/06 21:18:27 INFO mapreduce.Job:  map 100% reduce 75%
20/06/06 21:18:30 INFO mapreduce.Job:  map 100% reduce 76%
20/06/06 21:18:35 INFO mapreduce.Job:  map 100% reduce 77%
20/06/06 21:18:37 INFO mapreduce.Job:  map 100% reduce 78%
20/06/06 21:18:41 INFO mapreduce.Job:  map 100% reduce 79%
20/06/06 21:18:42 INFO mapreduce.Job: Task Id : attempt_1591439808818_0025_r_000001_1000, Status : FAILED
Error: org.apache.hadoop.ipc.RemoteException(java.io.IOException): File /user/root/random_sorted/_temporary/2/_temporary/attempt_1591439808818_0025_r_000001_1000/part-r-00001 could only be replicated to 0 nodes instead of minReplication (=1).  There are 2 datanode(s) running and no node(s) are excluded in this operation.
	at org.apache.hadoop.hdfs.server.blockmanagement.BlockManager.chooseTarget4NewBlock(BlockManager.java:1625)
	at org.apache.hadoop.hdfs.server.namenode.FSNamesystem.getNewBlockTargets(FSNamesystem.java:3132)
	at org.apache.hadoop.hdfs.server.namenode.FSNamesystem.getAdditionalBlock(FSNamesystem.java:3056)
	at org.apache.hadoop.hdfs.server.namenode.NameNodeRpcServer.addBlock(NameNodeRpcServer.java:725)
	at org.apache.hadoop.hdfs.protocolPB.ClientNamenodeProtocolServerSideTranslatorPB.addBlock(ClientNamenodeProtocolServerSideTranslatorPB.java:493)
	at org.apache.hadoop.hdfs.protocol.proto.ClientNamenodeProtocolProtos$ClientNamenodeProtocol$2.callBlockingMethod(ClientNamenodeProtocolProtos.java)
	at org.apache.hadoop.ipc.ProtobufRpcEngine$Server$ProtoBufRpcInvoker.call(ProtobufRpcEngine.java:616)
	at org.apache.hadoop.ipc.RPC$Server.call(RPC.java:982)
	at org.apache.hadoop.ipc.Server$Handler$1.run(Server.java:2217)
	at org.apache.hadoop.ipc.Server$Handler$1.run(Server.java:2213)
	at java.security.AccessController.doPrivileged(Native Method)
	at javax.security.auth.Subject.doAs(Subject.java:422)
	at org.apache.hadoop.security.UserGroupInformation.doAs(UserGroupInformation.java:1758)
	at org.apache.hadoop.ipc.Server$Handler.run(Server.java:2213)

	at org.apache.hadoop.ipc.Client.call(Client.java:1476)
	at org.apache.hadoop.ipc.Client.call(Client.java:1413)
	at org.apache.hadoop.ipc.ProtobufRpcEngine$Invoker.invoke(ProtobufRpcEngine.java:229)
	at com.sun.proxy.$Proxy14.addBlock(Unknown Source)
	at org.apache.hadoop.hdfs.protocolPB.ClientNamenodeProtocolTranslatorPB.addBlock(ClientNamenodeProtocolTranslatorPB.java:418)
	at sun.reflect.NativeMethodAccessorImpl.invoke0(Native Method)
	at sun.reflect.NativeMethodAccessorImpl.invoke(NativeMethodAccessorImpl.java:62)
	at sun.reflect.DelegatingMethodAccessorImpl.invoke(DelegatingMethodAccessorImpl.java:43)
	at java.lang.reflect.Method.invoke(Method.java:498)
	at org.apache.hadoop.io.retry.RetryInvocationHandler.invokeMethod(RetryInvocationHandler.java:191)
	at org.apache.hadoop.io.retry.RetryInvocationHandler.invoke(RetryInvocationHandler.java:102)
	at com.sun.proxy.$Proxy15.addBlock(Unknown Source)
	at org.apache.hadoop.hdfs.DFSOutputStream$DataStreamer.locateFollowingBlock(DFSOutputStream.java:1603)
	at org.apache.hadoop.hdfs.DFSOutputStream$DataStreamer.nextBlockOutputStream(DFSOutputStream.java:1388)
	at org.apache.hadoop.hdfs.DFSOutputStream$DataStreamer.run(DFSOutputStream.java:554)

Container killed by the ApplicationMaster.
Container killed on request. Exit code is 143
Container exited with a non-zero exit code 143

20/06/06 21:18:42 INFO mapreduce.Job: Task Id : attempt_1591439808818_0025_r_000000_1000, Status : FAILED
Error: org.apache.hadoop.ipc.RemoteException(java.io.IOException): File /user/root/random_sorted/_temporary/2/_temporary/attempt_1591439808818_0025_r_000000_1000/part-r-00000 could only be replicated to 0 nodes instead of minReplication (=1).  There are 2 datanode(s) running and no node(s) are excluded in this operation.
	at org.apache.hadoop.hdfs.server.blockmanagement.BlockManager.chooseTarget4NewBlock(BlockManager.java:1625)
	at org.apache.hadoop.hdfs.server.namenode.FSNamesystem.getNewBlockTargets(FSNamesystem.java:3132)
	at org.apache.hadoop.hdfs.server.namenode.FSNamesystem.getAdditionalBlock(FSNamesystem.java:3056)
	at org.apache.hadoop.hdfs.server.namenode.NameNodeRpcServer.addBlock(NameNodeRpcServer.java:725)
	at org.apache.hadoop.hdfs.protocolPB.ClientNamenodeProtocolServerSideTranslatorPB.addBlock(ClientNamenodeProtocolServerSideTranslatorPB.java:493)
	at org.apache.hadoop.hdfs.protocol.proto.ClientNamenodeProtocolProtos$ClientNamenodeProtocol$2.callBlockingMethod(ClientNamenodeProtocolProtos.java)
	at org.apache.hadoop.ipc.ProtobufRpcEngine$Server$ProtoBufRpcInvoker.call(ProtobufRpcEngine.java:616)
	at org.apache.hadoop.ipc.RPC$Server.call(RPC.java:982)
	at org.apache.hadoop.ipc.Server$Handler$1.run(Server.java:2217)
	at org.apache.hadoop.ipc.Server$Handler$1.run(Server.java:2213)
	at java.security.AccessController.doPrivileged(Native Method)
	at javax.security.auth.Subject.doAs(Subject.java:422)
	at org.apache.hadoop.security.UserGroupInformation.doAs(UserGroupInformation.java:1758)
	at org.apache.hadoop.ipc.Server$Handler.run(Server.java:2213)

	at org.apache.hadoop.ipc.Client.call(Client.java:1476)
	at org.apache.hadoop.ipc.Client.call(Client.java:1413)
	at org.apache.hadoop.ipc.ProtobufRpcEngine$Invoker.invoke(ProtobufRpcEngine.java:229)
	at com.sun.proxy.$Proxy14.addBlock(Unknown Source)
	at org.apache.hadoop.hdfs.protocolPB.ClientNamenodeProtocolTranslatorPB.addBlock(ClientNamenodeProtocolTranslatorPB.java:418)
	at sun.reflect.NativeMethodAccessorImpl.invoke0(Native Method)
	at sun.reflect.NativeMethodAccessorImpl.invoke(NativeMethodAccessorImpl.java:62)
	at sun.reflect.DelegatingMethodAccessorImpl.invoke(DelegatingMethodAccessorImpl.java:43)
	at java.lang.reflect.Method.invoke(Method.java:498)
	at org.apache.hadoop.io.retry.RetryInvocationHandler.invokeMethod(RetryInvocationHandler.java:191)
	at org.apache.hadoop.io.retry.RetryInvocationHandler.invoke(RetryInvocationHandler.java:102)
	at com.sun.proxy.$Proxy15.addBlock(Unknown Source)
	at org.apache.hadoop.hdfs.DFSOutputStream$DataStreamer.locateFollowingBlock(DFSOutputStream.java:1603)
	at org.apache.hadoop.hdfs.DFSOutputStream$DataStreamer.nextBlockOutputStream(DFSOutputStream.java:1388)
	at org.apache.hadoop.hdfs.DFSOutputStream$DataStreamer.run(DFSOutputStream.java:554)

Container killed by the ApplicationMaster.
Container killed on request. Exit code is 143
Container exited with a non-zero exit code 143

20/06/06 21:18:42 INFO mapreduce.Job: Task Id : attempt_1591439808818_0025_r_000002_1000, Status : FAILED
Error: org.apache.hadoop.ipc.RemoteException(java.io.IOException): File /user/root/random_sorted/_temporary/2/_temporary/attempt_1591439808818_0025_r_000002_1000/part-r-00002 could only be replicated to 0 nodes instead of minReplication (=1).  There are 2 datanode(s) running and no node(s) are excluded in this operation.
	at org.apache.hadoop.hdfs.server.blockmanagement.BlockManager.chooseTarget4NewBlock(BlockManager.java:1625)
	at org.apache.hadoop.hdfs.server.namenode.FSNamesystem.getNewBlockTargets(FSNamesystem.java:3132)
	at org.apache.hadoop.hdfs.server.namenode.FSNamesystem.getAdditionalBlock(FSNamesystem.java:3056)
	at org.apache.hadoop.hdfs.server.namenode.NameNodeRpcServer.addBlock(NameNodeRpcServer.java:725)
	at org.apache.hadoop.hdfs.protocolPB.ClientNamenodeProtocolServerSideTranslatorPB.addBlock(ClientNamenodeProtocolServerSideTranslatorPB.java:493)
	at org.apache.hadoop.hdfs.protocol.proto.ClientNamenodeProtocolProtos$ClientNamenodeProtocol$2.callBlockingMethod(ClientNamenodeProtocolProtos.java)
	at org.apache.hadoop.ipc.ProtobufRpcEngine$Server$ProtoBufRpcInvoker.call(ProtobufRpcEngine.java:616)
	at org.apache.hadoop.ipc.RPC$Server.call(RPC.java:982)
	at org.apache.hadoop.ipc.Server$Handler$1.run(Server.java:2217)
	at org.apache.hadoop.ipc.Server$Handler$1.run(Server.java:2213)
	at java.security.AccessController.doPrivileged(Native Method)
	at javax.security.auth.Subject.doAs(Subject.java:422)
	at org.apache.hadoop.security.UserGroupInformation.doAs(UserGroupInformation.java:1758)
	at org.apache.hadoop.ipc.Server$Handler.run(Server.java:2213)

	at org.apache.hadoop.ipc.Client.call(Client.java:1476)
	at org.apache.hadoop.ipc.Client.call(Client.java:1413)
	at org.apache.hadoop.ipc.ProtobufRpcEngine$Invoker.invoke(ProtobufRpcEngine.java:229)
	at com.sun.proxy.$Proxy14.addBlock(Unknown Source)
	at org.apache.hadoop.hdfs.protocolPB.ClientNamenodeProtocolTranslatorPB.addBlock(ClientNamenodeProtocolTranslatorPB.java:418)
	at sun.reflect.NativeMethodAccessorImpl.invoke0(Native Method)
	at sun.reflect.NativeMethodAccessorImpl.invoke(NativeMethodAccessorImpl.java:62)
	at sun.reflect.DelegatingMethodAccessorImpl.invoke(DelegatingMethodAccessorImpl.java:43)
	at java.lang.reflect.Method.invoke(Method.java:498)
	at org.apache.hadoop.io.retry.RetryInvocationHandler.invokeMethod(RetryInvocationHandler.java:191)
	at org.apache.hadoop.io.retry.RetryInvocationHandler.invoke(RetryInvocationHandler.java:102)
	at com.sun.proxy.$Proxy15.addBlock(Unknown Source)
	at org.apache.hadoop.hdfs.DFSOutputStream$DataStreamer.locateFollowingBlock(DFSOutputStream.java:1603)
	at org.apache.hadoop.hdfs.DFSOutputStream$DataStreamer.nextBlockOutputStream(DFSOutputStream.java:1388)
	at org.apache.hadoop.hdfs.DFSOutputStream$DataStreamer.run(DFSOutputStream.java:554)

Container killed by the ApplicationMaster.
Container killed on request. Exit code is 143
Container exited with a non-zero exit code 143

20/06/06 21:18:43 INFO mapreduce.Job:  map 100% reduce 0%
20/06/06 21:18:49 INFO mapreduce.Job: Task Id : attempt_1591439808818_0025_r_000002_1001, Status : FAILED
Error: org.apache.hadoop.mapreduce.task.reduce.Shuffle$ShuffleError: error in shuffle in fetcher#5
	at org.apache.hadoop.mapreduce.task.reduce.Shuffle.run(Shuffle.java:134)
	at org.apache.hadoop.mapred.ReduceTask.run(ReduceTask.java:376)
	at org.apache.hadoop.mapred.YarnChild$2.run(YarnChild.java:164)
	at java.security.AccessController.doPrivileged(Native Method)
	at javax.security.auth.Subject.doAs(Subject.java:422)
	at org.apache.hadoop.security.UserGroupInformation.doAs(UserGroupInformation.java:1758)
	at org.apache.hadoop.mapred.YarnChild.main(YarnChild.java:158)
Caused by: org.apache.hadoop.util.DiskChecker$DiskErrorException: Could not find any valid local directory for output/attempt_1591439808818_0025_r_000002_1001/map_22.out
	at org.apache.hadoop.fs.LocalDirAllocator$AllocatorPerContext.getLocalPathForWrite(LocalDirAllocator.java:402)
	at org.apache.hadoop.fs.LocalDirAllocator.getLocalPathForWrite(LocalDirAllocator.java:150)
	at org.apache.hadoop.fs.LocalDirAllocator.getLocalPathForWrite(LocalDirAllocator.java:131)
	at org.apache.hadoop.mapred.YarnOutputFiles.getInputFileForWrite(YarnOutputFiles.java:213)
	at org.apache.hadoop.mapreduce.task.reduce.OnDiskMapOutput.<init>(OnDiskMapOutput.java:67)
	at org.apache.hadoop.mapreduce.task.reduce.MergeManagerImpl.reserve(MergeManagerImpl.java:269)
	at org.apache.hadoop.mapreduce.task.reduce.Fetcher.copyMapOutput(Fetcher.java:511)
	at org.apache.hadoop.mapreduce.task.reduce.Fetcher.copyFromHost(Fetcher.java:333)
	at org.apache.hadoop.mapreduce.task.reduce.Fetcher.run(Fetcher.java:193)

Container killed by the ApplicationMaster.
Container killed on request. Exit code is 143
Container exited with a non-zero exit code 143

20/06/07 01:02:57 INFO mapreduce.Job:  map 0% reduce 0%
20/06/07 01:03:03 INFO mapreduce.Job:  map 1% reduce 0%
20/06/07 01:03:06 INFO mapreduce.Job:  map 3% reduce 0%
20/06/07 01:03:08 INFO mapreduce.Job:  map 4% reduce 0%
20/06/07 01:03:10 INFO mapreduce.Job:  map 6% reduce 0%
20/06/07 01:03:12 INFO mapreduce.Job:  map 8% reduce 0%
20/06/07 01:03:14 INFO mapreduce.Job:  map 9% reduce 0%
20/06/07 01:03:16 INFO mapreduce.Job:  map 10% reduce 0%
20/06/07 01:03:17 INFO mapreduce.Job:  map 11% reduce 0%
20/06/07 01:03:19 INFO mapreduce.Job:  map 13% reduce 0%
20/06/07 01:03:21 INFO mapreduce.Job:  map 14% reduce 0%
20/06/07 01:03:22 INFO mapreduce.Job:  map 15% reduce 0%
20/06/07 01:03:23 INFO mapreduce.Job:  map 16% reduce 0%
20/06/07 01:03:26 INFO mapreduce.Job:  map 17% reduce 0%
20/06/07 01:03:27 INFO mapreduce.Job:  map 20% reduce 0%
20/06/07 01:03:29 INFO mapreduce.Job:  map 21% reduce 0%
20/06/07 01:03:31 INFO mapreduce.Job:  map 22% reduce 0%
20/06/07 01:03:32 INFO mapreduce.Job:  map 24% reduce 0%
20/06/07 01:03:34 INFO mapreduce.Job:  map 25% reduce 0%
20/06/07 01:03:36 INFO mapreduce.Job:  map 26% reduce 0%
20/06/07 01:03:38 INFO mapreduce.Job:  map 28% reduce 0%
20/06/07 01:03:39 INFO mapreduce.Job:  map 29% reduce 0%
20/06/07 01:03:40 INFO mapreduce.Job:  map 30% reduce 0%
20/06/07 01:03:41 INFO mapreduce.Job:  map 31% reduce 0%
20/06/07 01:03:44 INFO mapreduce.Job:  map 32% reduce 0%
20/06/07 01:03:46 INFO mapreduce.Job:  map 34% reduce 0%
20/06/07 01:03:48 INFO mapreduce.Job:  map 35% reduce 0%
20/06/07 01:03:49 INFO mapreduce.Job:  map 36% reduce 0%
20/06/07 01:03:50 INFO mapreduce.Job:  map 39% reduce 0%
20/06/07 01:03:53 INFO mapreduce.Job:  map 40% reduce 0%
20/06/07 01:03:55 INFO mapreduce.Job:  map 41% reduce 0%
20/06/07 01:03:57 INFO mapreduce.Job:  map 43% reduce 0%
20/06/07 01:03:59 INFO mapreduce.Job:  map 44% reduce 0%
20/06/07 01:04:00 INFO mapreduce.Job:  map 46% reduce 0%
20/06/07 01:04:02 INFO mapreduce.Job:  map 47% reduce 0%
20/06/07 01:04:04 INFO mapreduce.Job:  map 49% reduce 0%
20/06/07 01:04:05 INFO mapreduce.Job:  map 50% reduce 0%
20/06/07 01:04:08 INFO mapreduce.Job:  map 52% reduce 0%
20/06/07 01:04:10 INFO mapreduce.Job:  map 54% reduce 0%
20/06/07 01:04:11 INFO mapreduce.Job:  map 55% reduce 0%
20/06/07 01:04:13 INFO mapreduce.Job:  map 57% reduce 0%
20/06/07 01:04:17 INFO mapreduce.Job:  map 59% reduce 0%
20/06/07 01:04:18 INFO mapreduce.Job:  map 60% reduce 0%
20/06/07 01:04:21 INFO mapreduce.Job:  map 63% reduce 0%
20/06/07 01:04:22 INFO mapreduce.Job:  map 64% reduce 0%
20/06/07 01:04:23 INFO mapreduce.Job:  map 65% reduce 0%
20/06/07 01:04:25 INFO mapreduce.Job:  map 66% reduce 0%
20/06/07 01:04:26 INFO mapreduce.Job:  map 68% reduce 0%
20/06/07 01:04:30 INFO mapreduce.Job:  map 69% reduce 0%
20/06/07 01:04:31 INFO mapreduce.Job:  map 71% reduce 0%
20/06/07 01:04:32 INFO mapreduce.Job:  map 73% reduce 0%
20/06/07 01:04:34 INFO mapreduce.Job:  map 75% reduce 0%
20/06/07 01:04:40 INFO mapreduce.Job:  map 77% reduce 0%
20/06/07 01:04:42 INFO mapreduce.Job:  map 80% reduce 0%
20/06/07 01:04:44 INFO mapreduce.Job:  map 81% reduce 0%
20/06/07 01:04:45 INFO mapreduce.Job:  map 82% reduce 0%
20/06/07 01:04:51 INFO mapreduce.Job:  map 86% reduce 0%
20/06/07 01:04:52 INFO mapreduce.Job:  map 88% reduce 0%
20/06/07 01:04:53 INFO mapreduce.Job:  map 90% reduce 0%
20/06/07 01:04:59 INFO mapreduce.Job:  map 91% reduce 0%
20/06/07 01:05:00 INFO mapreduce.Job:  map 93% reduce 0%
20/06/07 01:05:01 INFO mapreduce.Job:  map 95% reduce 0%
20/06/07 01:05:04 INFO mapreduce.Job:  map 98% reduce 0%
20/06/07 01:05:06 INFO mapreduce.Job:  map 99% reduce 0%
20/06/07 01:05:08 INFO mapreduce.Job:  map 100% reduce 0%
20/06/07 01:05:11 INFO mapreduce.Job:  map 100% reduce 2%
20/06/07 01:05:13 INFO mapreduce.Job:  map 100% reduce 3%
20/06/07 01:05:14 INFO mapreduce.Job:  map 100% reduce 6%
20/06/07 01:05:16 INFO mapreduce.Job:  map 100% reduce 7%
20/06/07 01:05:17 INFO mapreduce.Job:  map 100% reduce 8%
20/06/07 01:05:19 INFO mapreduce.Job:  map 100% reduce 9%
20/06/07 01:05:20 INFO mapreduce.Job:  map 100% reduce 10%
20/06/07 01:05:23 INFO mapreduce.Job:  map 100% reduce 11%
20/06/07 01:05:25 INFO mapreduce.Job:  map 100% reduce 12%
20/06/07 01:05:26 INFO mapreduce.Job:  map 100% reduce 13%
20/06/07 01:05:29 INFO mapreduce.Job:  map 100% reduce 14%
20/06/07 01:05:32 INFO mapreduce.Job:  map 100% reduce 15%
20/06/07 01:05:35 INFO mapreduce.Job:  map 100% reduce 16%
20/06/07 01:05:38 INFO mapreduce.Job:  map 100% reduce 17%
20/06/07 01:05:41 INFO mapreduce.Job:  map 100% reduce 18%
20/06/07 01:05:44 INFO mapreduce.Job:  map 100% reduce 19%
20/06/07 01:05:47 INFO mapreduce.Job:  map 100% reduce 20%
20/06/07 01:05:50 INFO mapreduce.Job:  map 100% reduce 21%
20/06/07 01:05:53 INFO mapreduce.Job:  map 100% reduce 22%
20/06/07 01:05:56 INFO mapreduce.Job:  map 100% reduce 23%
20/06/07 01:05:59 INFO mapreduce.Job:  map 100% reduce 24%
20/06/07 01:06:01 INFO mapreduce.Job:  map 100% reduce 25%
20/06/07 01:06:02 INFO mapreduce.Job:  map 100% reduce 26%
20/06/07 01:06:05 INFO mapreduce.Job:  map 100% reduce 27%
20/06/07 01:06:08 INFO mapreduce.Job:  map 100% reduce 28%
20/06/07 01:06:10 INFO mapreduce.Job:  map 100% reduce 29%
20/06/07 01:06:13 INFO mapreduce.Job:  map 100% reduce 30%
20/06/07 01:06:16 INFO mapreduce.Job:  map 100% reduce 31%
20/06/07 01:06:17 INFO mapreduce.Job:  map 100% reduce 32%
20/06/07 01:06:20 INFO mapreduce.Job:  map 100% reduce 33%
20/06/07 01:06:26 INFO mapreduce.Job:  map 100% reduce 34%
20/06/07 01:06:29 INFO mapreduce.Job:  map 100% reduce 49%
20/06/07 01:06:32 INFO mapreduce.Job:  map 100% reduce 67%
20/06/07 01:06:35 INFO mapreduce.Job:  map 100% reduce 68%
20/06/07 01:06:38 INFO mapreduce.Job:  map 100% reduce 69%
20/06/07 01:06:41 INFO mapreduce.Job:  map 100% reduce 70%
20/06/07 01:06:44 INFO mapreduce.Job:  map 100% reduce 71%
20/06/07 01:06:47 INFO mapreduce.Job:  map 100% reduce 72%
20/06/07 01:06:50 INFO mapreduce.Job:  map 100% reduce 73%
20/06/07 01:06:53 INFO mapreduce.Job:  map 100% reduce 74%
