20/06/06 19:44:52 INFO client.RMProxy: Connecting to ResourceManager at master/10.51.17.95:8032
20/06/06 19:44:53 INFO input.FileInputFormat: Total input paths to process : 10
20/06/06 19:44:53 INFO mapreduce.JobSubmitter: number of splits:90
20/06/06 19:44:53 INFO mapreduce.JobSubmitter: Submitting tokens for job: job_1591439808818_0005
20/06/06 19:44:54 INFO impl.YarnClientImpl: Submitted application application_1591439808818_0005
20/06/06 19:44:54 INFO mapreduce.Job: The url to track the job: http://master:8088/proxy/application_1591439808818_0005/
20/06/06 19:44:54 INFO mapreduce.Job: Running job: job_1591439808818_0005
20/06/06 19:45:02 INFO mapreduce.Job: Job job_1591439808818_0005 running in uber mode : false
20/06/06 19:45:02 INFO mapreduce.Job:  map 0% reduce 0%
20/06/06 19:45:15 INFO mapreduce.Job:  map 1% reduce 0%
20/06/06 19:45:17 INFO mapreduce.Job:  map 2% reduce 0%
20/06/06 19:45:18 INFO mapreduce.Job:  map 3% reduce 0%
20/06/06 19:45:27 INFO mapreduce.Job:  map 4% reduce 0%
20/06/06 19:45:32 INFO mapreduce.Job:  map 5% reduce 0%
20/06/06 19:45:36 INFO mapreduce.Job:  map 6% reduce 0%
20/06/06 19:45:43 INFO mapreduce.Job:  map 7% reduce 0%
20/06/06 19:45:46 INFO mapreduce.Job:  map 8% reduce 0%
20/06/06 19:45:51 INFO mapreduce.Job:  map 9% reduce 0%
20/06/06 19:45:55 INFO mapreduce.Job:  map 10% reduce 0%
20/06/06 19:45:57 INFO mapreduce.Job:  map 11% reduce 0%
20/06/06 19:45:59 INFO mapreduce.Job:  map 12% reduce 0%
20/06/06 19:46:06 INFO mapreduce.Job:  map 13% reduce 0%
20/06/06 19:46:09 INFO mapreduce.Job:  map 14% reduce 0%
20/06/06 19:46:12 INFO mapreduce.Job:  map 15% reduce 0%
20/06/06 19:46:14 INFO mapreduce.Job:  map 16% reduce 0%
20/06/06 19:46:16 INFO mapreduce.Job:  map 17% reduce 0%
20/06/06 19:46:20 INFO mapreduce.Job:  map 18% reduce 0%
20/06/06 19:46:25 INFO mapreduce.Job:  map 18% reduce 5%
20/06/06 19:46:28 INFO mapreduce.Job:  map 19% reduce 5%
20/06/06 19:46:31 INFO mapreduce.Job:  map 20% reduce 5%
20/06/06 19:46:35 INFO mapreduce.Job:  map 21% reduce 5%
20/06/06 19:46:40 INFO mapreduce.Job:  map 22% reduce 5%
20/06/06 19:46:46 INFO mapreduce.Job:  map 23% reduce 5%
20/06/06 19:46:48 INFO mapreduce.Job:  map 24% reduce 5%
20/06/06 19:46:49 INFO mapreduce.Job:  map 25% reduce 6%
20/06/06 19:46:52 INFO mapreduce.Job:  map 25% reduce 7%
20/06/06 19:46:55 INFO mapreduce.Job:  map 26% reduce 7%
20/06/06 19:46:59 INFO mapreduce.Job:  map 27% reduce 7%
20/06/06 19:47:03 INFO mapreduce.Job:  map 28% reduce 7%
20/06/06 19:47:09 INFO mapreduce.Job:  map 29% reduce 7%
20/06/06 19:47:11 INFO mapreduce.Job:  map 30% reduce 7%
20/06/06 19:47:14 INFO mapreduce.Job:  map 30% reduce 8%
20/06/06 19:47:16 INFO mapreduce.Job:  map 31% reduce 8%
20/06/06 19:47:17 INFO mapreduce.Job:  map 31% reduce 9%
20/06/06 19:47:21 INFO mapreduce.Job:  map 32% reduce 9%
20/06/06 19:47:23 INFO mapreduce.Job:  map 33% reduce 9%
20/06/06 19:47:25 INFO mapreduce.Job:  map 34% reduce 9%
20/06/06 19:47:26 INFO mapreduce.Job:  map 34% reduce 10%
20/06/06 19:47:30 INFO mapreduce.Job:  map 35% reduce 10%
20/06/06 19:47:35 INFO mapreduce.Job:  map 36% reduce 10%
20/06/06 19:47:39 INFO mapreduce.Job:  map 37% reduce 10%
20/06/06 19:47:40 INFO mapreduce.Job:  map 37% reduce 11%
20/06/06 19:47:41 INFO mapreduce.Job:  map 38% reduce 11%
20/06/06 19:47:46 INFO mapreduce.Job:  map 39% reduce 11%
20/06/06 19:47:47 INFO mapreduce.Job:  map 39% reduce 12%
20/06/06 19:47:51 INFO mapreduce.Job:  map 40% reduce 12%
20/06/06 19:47:54 INFO mapreduce.Job:  map 41% reduce 12%
20/06/06 19:48:00 INFO mapreduce.Job:  map 42% reduce 12%
20/06/06 19:48:03 INFO mapreduce.Job:  map 43% reduce 12%
20/06/06 19:48:10 INFO mapreduce.Job:  map 44% reduce 12%
20/06/06 19:48:12 INFO mapreduce.Job:  map 45% reduce 12%
20/06/06 19:48:14 INFO mapreduce.Job:  map 45% reduce 13%
20/06/06 19:48:16 INFO mapreduce.Job:  map 46% reduce 13%
20/06/06 19:48:19 INFO mapreduce.Job:  map 47% reduce 13%
20/06/06 19:48:20 INFO mapreduce.Job:  map 47% reduce 14%
20/06/06 19:48:25 INFO mapreduce.Job:  map 48% reduce 14%
20/06/06 19:48:29 INFO mapreduce.Job:  map 49% reduce 14%
20/06/06 19:48:30 INFO mapreduce.Job:  map 49% reduce 15%
20/06/06 19:48:31 INFO mapreduce.Job:  map 50% reduce 15%
20/06/06 19:48:32 INFO mapreduce.Job:  map 51% reduce 15%
20/06/06 19:48:33 INFO mapreduce.Job:  map 51% reduce 16%
20/06/06 19:48:38 INFO mapreduce.Job:  map 52% reduce 16%
20/06/06 19:48:41 INFO mapreduce.Job:  map 53% reduce 16%
20/06/06 19:48:42 INFO mapreduce.Job:  map 53% reduce 17%
20/06/06 19:48:44 INFO mapreduce.Job:  map 54% reduce 17%
20/06/06 19:48:51 INFO mapreduce.Job:  map 55% reduce 17%
20/06/06 19:48:56 INFO mapreduce.Job:  map 56% reduce 17%
20/06/06 19:48:59 INFO mapreduce.Job:  map 57% reduce 17%
20/06/06 19:49:06 INFO mapreduce.Job:  map 58% reduce 17%
20/06/06 19:49:10 INFO mapreduce.Job:  map 59% reduce 17%
20/06/06 19:49:14 INFO mapreduce.Job:  map 60% reduce 17%
20/06/06 19:49:19 INFO mapreduce.Job:  map 61% reduce 17%
20/06/06 19:49:21 INFO mapreduce.Job:  map 62% reduce 18%
20/06/06 19:49:23 INFO mapreduce.Job:  map 63% reduce 18%
20/06/06 19:49:24 INFO mapreduce.Job:  map 63% reduce 19%
20/06/06 19:49:26 INFO mapreduce.Job:  map 64% reduce 19%
20/06/06 19:49:28 INFO mapreduce.Job:  map 65% reduce 20%
20/06/06 19:49:31 INFO mapreduce.Job:  map 65% reduce 21%
20/06/06 19:49:32 INFO mapreduce.Job:  map 66% reduce 21%
20/06/06 19:49:36 INFO mapreduce.Job:  map 67% reduce 21%
20/06/06 19:49:37 INFO mapreduce.Job:  map 67% reduce 22%
20/06/06 19:49:41 INFO mapreduce.Job:  map 68% reduce 22%
20/06/06 19:49:48 INFO mapreduce.Job:  map 69% reduce 22%
20/06/06 19:49:51 INFO mapreduce.Job:  map 70% reduce 22%
20/06/06 19:49:57 INFO mapreduce.Job:  map 71% reduce 22%
20/06/06 19:50:01 INFO mapreduce.Job:  map 72% reduce 22%
20/06/06 19:50:04 INFO mapreduce.Job:  map 73% reduce 22%
20/06/06 19:50:10 INFO mapreduce.Job:  map 74% reduce 22%
20/06/06 19:50:14 INFO mapreduce.Job:  map 75% reduce 22%
20/06/06 19:50:17 INFO mapreduce.Job:  map 76% reduce 22%
20/06/06 19:50:20 INFO mapreduce.Job:  map 76% reduce 23%
20/06/06 19:50:21 INFO mapreduce.Job:  map 77% reduce 23%
20/06/06 19:50:23 INFO mapreduce.Job:  map 78% reduce 24%
20/06/06 19:50:26 INFO mapreduce.Job:  map 79% reduce 26%
20/06/06 19:50:29 INFO mapreduce.Job:  map 80% reduce 26%
20/06/06 19:50:33 INFO mapreduce.Job:  map 81% reduce 26%
20/06/06 19:50:36 INFO mapreduce.Job:  map 82% reduce 26%
20/06/06 19:50:39 INFO mapreduce.Job:  map 83% reduce 26%
20/06/06 19:50:40 INFO mapreduce.Job:  map 84% reduce 26%
20/06/06 19:50:42 INFO mapreduce.Job:  map 85% reduce 26%
20/06/06 19:50:43 INFO mapreduce.Job:  map 86% reduce 26%
20/06/06 19:50:44 INFO mapreduce.Job:  map 86% reduce 27%
20/06/06 19:50:46 INFO mapreduce.Job:  map 87% reduce 27%
20/06/06 19:50:47 INFO mapreduce.Job:  map 87% reduce 28%
20/06/06 19:50:49 INFO mapreduce.Job:  map 88% reduce 28%
20/06/06 19:50:53 INFO mapreduce.Job:  map 89% reduce 28%
20/06/06 19:50:55 INFO mapreduce.Job:  map 90% reduce 28%
20/06/06 19:50:56 INFO mapreduce.Job:  map 91% reduce 28%
20/06/06 19:50:58 INFO mapreduce.Job:  map 92% reduce 28%
20/06/06 19:51:02 INFO mapreduce.Job:  map 93% reduce 28%
20/06/06 19:51:03 INFO mapreduce.Job:  map 93% reduce 29%
20/06/06 19:51:04 INFO mapreduce.Job:  map 94% reduce 29%
20/06/06 19:51:06 INFO mapreduce.Job:  map 95% reduce 29%
20/06/06 19:51:09 INFO mapreduce.Job:  map 96% reduce 30%
20/06/06 19:51:11 INFO mapreduce.Job:  map 98% reduce 30%
20/06/06 19:51:12 INFO mapreduce.Job:  map 98% reduce 31%
20/06/06 19:51:15 INFO mapreduce.Job:  map 100% reduce 32%
20/06/06 19:51:18 INFO mapreduce.Job:  map 100% reduce 63%
20/06/06 19:51:21 INFO mapreduce.Job:  map 100% reduce 72%
20/06/06 19:51:24 INFO mapreduce.Job:  map 100% reduce 77%
20/06/06 19:51:27 INFO mapreduce.Job:  map 100% reduce 83%
20/06/06 19:51:30 INFO mapreduce.Job:  map 100% reduce 89%
20/06/06 19:51:33 INFO mapreduce.Job:  map 100% reduce 100%
20/06/06 19:51:33 INFO mapreduce.Job: Job job_1591439808818_0005 completed successfully
20/06/06 19:51:33 INFO mapreduce.Job: Counters: 50
	File System Counters
		FILE: Number of bytes read=1470098370
		FILE: Number of bytes written=2192472003
		FILE: Number of read operations=0
		FILE: Number of large read operations=0
		FILE: Number of write operations=0
		HDFS: Number of bytes read=11025675799
		HDFS: Number of bytes written=342044568
		HDFS: Number of read operations=273
		HDFS: Number of large read operations=0
		HDFS: Number of write operations=2
	Job Counters 
		Killed map tasks=1
		Launched map tasks=91
		Launched reduce tasks=1
		Data-local map tasks=91
		Total time spent by all maps in occupied slots (ms)=4777003
		Total time spent by all reduces in occupied slots (ms)=320153
		Total time spent by all map tasks (ms)=4777003
		Total time spent by all reduce tasks (ms)=320153
		Total vcore-milliseconds taken by all map tasks=4777003
		Total vcore-milliseconds taken by all reduce tasks=320153
		Total megabyte-milliseconds taken by all map tasks=4891651072
		Total megabyte-milliseconds taken by all reduce tasks=327836672
	Map-Reduce Framework
		Map input records=723693
		Map output records=1009787153
		Map output bytes=15228288297
		Map output materialized bytes=711194120
		Input split bytes=10530
		Combine input records=1034558108
		Combine output records=47415974
		Reduce input groups=9905032
		Reduce shuffle bytes=711194120
		Reduce input records=22645019
		Reduce output records=9905032
		Spilled Records=70060993
		Shuffled Maps =90
		Failed Shuffles=0
		Merged Map outputs=90
		GC time elapsed (ms)=97574
		CPU time spent (ms)=1928470
		Physical memory (bytes) snapshot=25135353856
		Virtual memory (bytes) snapshot=191948562432
		Total committed heap usage (bytes)=18900582400
	Shuffle Errors
		BAD_ID=0
		CONNECTION=0
		IO_ERROR=0
		WRONG_LENGTH=0
		WRONG_MAP=0
		WRONG_REDUCE=0
	File Input Format Counters 
		Bytes Read=11025665269
	File Output Format Counters 
		Bytes Written=342044568
