20/06/07 02:51:08 INFO client.RMProxy: Connecting to ResourceManager at master/10.51.17.95:8032
20/06/07 02:51:08 INFO client.RMProxy: Connecting to ResourceManager at master/10.51.17.95:8032
20/06/07 02:51:08 INFO mapreduce.JobSubmitter: Cleaning up the staging area /tmp/hadoop-yarn/staging/root/.staging/job_1591465836872_0006
org.apache.hadoop.ipc.RemoteException(java.io.IOException): Specified block size is less than configured minimum value (dfs.namenode.fs-limits.min-block-size): 2048 < 1048576
	at org.apache.hadoop.hdfs.server.namenode.FSNamesystem.startFileInt(FSNamesystem.java:2406)
	at org.apache.hadoop.hdfs.server.namenode.FSNamesystem.startFile(FSNamesystem.java:2360)
	at org.apache.hadoop.hdfs.server.namenode.NameNodeRpcServer.create(NameNodeRpcServer.java:624)
	at org.apache.hadoop.hdfs.protocolPB.ClientNamenodeProtocolServerSideTranslatorPB.create(ClientNamenodeProtocolServerSideTranslatorPB.java:398)
	at org.apache.hadoop.hdfs.protocol.proto.ClientNamenodeProtocolProtos$ClientNamenodeProtocol$2.callBlockingMethod(ClientNamenodeProtocolProtos.java)
	at org.apache.hadoop.ipc.ProtobufRpcEngine$Server$ProtoBufRpcInvoker.call(ProtobufRpcEngine.java:616)
	at org.apache.hadoop.ipc.RPC$Server.call(RPC.java:982)
	at org.apache.hadoop.ipc.Server$Handler$1.run(Server.java:2217)
	at org.apache.hadoop.ipc.Server$Handler$1.run(Server.java:2213)
	at java.security.AccessController.doPrivileged(Native Method)
	at javax.security.auth.Subject.doAs(Subject.java:422)
	at org.apache.hadoop.security.UserGroupInformation.doAs(UserGroupInformation.java:1758)
	at org.apache.hadoop.ipc.Server$Handler.run(Server.java:2213)

	at org.apache.hadoop.ipc.Client.call(Client.java:1476)
	at org.apache.hadoop.ipc.Client.call(Client.java:1413)
	at org.apache.hadoop.ipc.ProtobufRpcEngine$Invoker.invoke(ProtobufRpcEngine.java:229)
	at com.sun.proxy.$Proxy12.create(Unknown Source)
	at org.apache.hadoop.hdfs.protocolPB.ClientNamenodeProtocolTranslatorPB.create(ClientNamenodeProtocolTranslatorPB.java:296)
	at sun.reflect.NativeMethodAccessorImpl.invoke0(Native Method)
	at sun.reflect.NativeMethodAccessorImpl.invoke(NativeMethodAccessorImpl.java:62)
	at sun.reflect.DelegatingMethodAccessorImpl.invoke(DelegatingMethodAccessorImpl.java:43)
	at java.lang.reflect.Method.invoke(Method.java:498)
	at org.apache.hadoop.io.retry.RetryInvocationHandler.invokeMethod(RetryInvocationHandler.java:191)
	at org.apache.hadoop.io.retry.RetryInvocationHandler.invoke(RetryInvocationHandler.java:102)
	at com.sun.proxy.$Proxy13.create(Unknown Source)
	at org.apache.hadoop.hdfs.DFSOutputStream.newStreamForCreate(DFSOutputStream.java:1851)
	at org.apache.hadoop.hdfs.DFSClient.create(DFSClient.java:1698)
	at org.apache.hadoop.hdfs.DFSClient.create(DFSClient.java:1633)
	at org.apache.hadoop.hdfs.DistributedFileSystem$7.doCall(DistributedFileSystem.java:448)
	at org.apache.hadoop.hdfs.DistributedFileSystem$7.doCall(DistributedFileSystem.java:444)
	at org.apache.hadoop.fs.FileSystemLinkResolver.resolve(FileSystemLinkResolver.java:81)
	at org.apache.hadoop.hdfs.DistributedFileSystem.create(DistributedFileSystem.java:459)
	at org.apache.hadoop.hdfs.DistributedFileSystem.create(DistributedFileSystem.java:387)
	at org.apache.hadoop.fs.FileSystem.create(FileSystem.java:910)
	at org.apache.hadoop.fs.FileSystem.create(FileSystem.java:891)
	at org.apache.hadoop.fs.FileSystem.create(FileSystem.java:788)
	at org.apache.hadoop.fs.FileUtil.copy(FileUtil.java:365)
	at org.apache.hadoop.fs.FileUtil.copy(FileUtil.java:338)
	at org.apache.hadoop.fs.FileSystem.copyFromLocalFile(FileSystem.java:1968)
	at org.apache.hadoop.fs.FileSystem.copyFromLocalFile(FileSystem.java:1936)
	at org.apache.hadoop.fs.FileSystem.copyFromLocalFile(FileSystem.java:1901)
	at org.apache.hadoop.mapreduce.JobResourceUploader.copyJar(JobResourceUploader.java:246)
	at org.apache.hadoop.mapreduce.JobResourceUploader.uploadFiles(JobResourceUploader.java:166)
	at org.apache.hadoop.mapreduce.JobSubmitter.copyAndConfigureFiles(JobSubmitter.java:95)
	at org.apache.hadoop.mapreduce.JobSubmitter.submitJobInternal(JobSubmitter.java:190)
	at org.apache.hadoop.mapreduce.Job$10.run(Job.java:1290)
	at org.apache.hadoop.mapreduce.Job$10.run(Job.java:1287)
	at java.security.AccessController.doPrivileged(Native Method)
	at javax.security.auth.Subject.doAs(Subject.java:422)
	at org.apache.hadoop.security.UserGroupInformation.doAs(UserGroupInformation.java:1758)
	at org.apache.hadoop.mapreduce.Job.submit(Job.java:1287)
	at org.apache.hadoop.mapreduce.Job.waitForCompletion(Job.java:1308)
	at org.apache.hadoop.examples.Sort.run(Sort.java:180)
	at org.apache.hadoop.util.ToolRunner.run(ToolRunner.java:70)
	at org.apache.hadoop.examples.Sort.main(Sort.java:191)
	at sun.reflect.NativeMethodAccessorImpl.invoke0(Native Method)
	at sun.reflect.NativeMethodAccessorImpl.invoke(NativeMethodAccessorImpl.java:62)
	at sun.reflect.DelegatingMethodAccessorImpl.invoke(DelegatingMethodAccessorImpl.java:43)
	at java.lang.reflect.Method.invoke(Method.java:498)
	at org.apache.hadoop.util.ProgramDriver$ProgramDescription.invoke(ProgramDriver.java:71)
	at org.apache.hadoop.util.ProgramDriver.run(ProgramDriver.java:144)
	at org.apache.hadoop.examples.ExampleDriver.main(ExampleDriver.java:74)
	at sun.reflect.NativeMethodAccessorImpl.invoke0(Native Method)
	at sun.reflect.NativeMethodAccessorImpl.invoke(NativeMethodAccessorImpl.java:62)
	at sun.reflect.DelegatingMethodAccessorImpl.invoke(DelegatingMethodAccessorImpl.java:43)
	at java.lang.reflect.Method.invoke(Method.java:498)
	at org.apache.hadoop.util.RunJar.run(RunJar.java:221)
	at org.apache.hadoop.util.RunJar.main(RunJar.java:136)
