20/06/09 17:54:13 INFO client.RMProxy: Connecting to ResourceManager at master/10.51.17.95:8032
20/06/09 17:54:14 INFO input.FileInputFormat: Total input paths to process : 10
20/06/09 17:54:14 INFO mapreduce.JobSubmitter: number of splits:90
20/06/09 17:54:14 INFO mapreduce.JobSubmitter: Submitting tokens for job: job_1591692790427_0002
20/06/09 17:54:14 INFO impl.YarnClientImpl: Submitted application application_1591692790427_0002
20/06/09 17:54:14 INFO mapreduce.Job: The url to track the job: http://master:8088/proxy/application_1591692790427_0002/
20/06/09 17:54:14 INFO mapreduce.Job: Running job: job_1591692790427_0002
20/06/09 17:54:22 INFO mapreduce.Job: Job job_1591692790427_0002 running in uber mode : false
20/06/09 17:54:22 INFO mapreduce.Job:  map 0% reduce 0%
20/06/09 17:54:37 INFO mapreduce.Job:  map 1% reduce 0%
20/06/09 17:54:39 INFO mapreduce.Job:  map 2% reduce 0%
20/06/09 17:54:43 INFO mapreduce.Job:  map 3% reduce 0%
20/06/09 17:54:51 INFO mapreduce.Job:  map 4% reduce 0%
20/06/09 17:54:55 INFO mapreduce.Job:  map 5% reduce 0%
20/06/09 17:55:01 INFO mapreduce.Job:  map 6% reduce 0%
20/06/09 17:55:06 INFO mapreduce.Job:  map 7% reduce 0%
20/06/09 17:55:09 INFO mapreduce.Job:  map 8% reduce 0%
20/06/09 17:55:17 INFO mapreduce.Job:  map 9% reduce 0%
20/06/09 17:55:19 INFO mapreduce.Job:  map 10% reduce 0%
20/06/09 17:55:24 INFO mapreduce.Job:  map 11% reduce 0%
20/06/09 17:55:26 INFO mapreduce.Job:  map 12% reduce 0%
20/06/09 17:55:30 INFO mapreduce.Job:  map 13% reduce 0%
20/06/09 17:55:36 INFO mapreduce.Job:  map 14% reduce 0%
20/06/09 17:55:37 INFO mapreduce.Job:  map 15% reduce 0%
20/06/09 17:55:39 INFO mapreduce.Job:  map 16% reduce 0%
20/06/09 17:55:41 INFO mapreduce.Job:  map 17% reduce 0%
20/06/09 17:55:47 INFO mapreduce.Job:  map 18% reduce 0%
20/06/09 17:55:51 INFO mapreduce.Job:  map 18% reduce 5%
20/06/09 17:55:54 INFO mapreduce.Job:  map 19% reduce 5%
20/06/09 17:55:57 INFO mapreduce.Job:  map 20% reduce 5%
20/06/09 17:56:03 INFO mapreduce.Job:  map 21% reduce 5%
20/06/09 17:56:08 INFO mapreduce.Job:  map 22% reduce 5%
20/06/09 17:56:13 INFO mapreduce.Job:  map 23% reduce 5%
20/06/09 17:56:16 INFO mapreduce.Job:  map 24% reduce 6%
20/06/09 17:56:19 INFO mapreduce.Job:  map 25% reduce 6%
20/06/09 17:56:21 INFO mapreduce.Job:  map 26% reduce 6%
20/06/09 17:56:22 INFO mapreduce.Job:  map 26% reduce 7%
20/06/09 17:56:28 INFO mapreduce.Job:  map 27% reduce 7%
20/06/09 17:56:35 INFO mapreduce.Job:  map 28% reduce 7%
20/06/09 17:56:38 INFO mapreduce.Job:  map 29% reduce 7%
20/06/09 17:56:42 INFO mapreduce.Job:  map 30% reduce 7%
20/06/09 17:56:44 INFO mapreduce.Job:  map 30% reduce 8%
20/06/09 17:56:45 INFO mapreduce.Job:  map 31% reduce 8%
20/06/09 17:56:47 INFO mapreduce.Job:  map 32% reduce 9%
20/06/09 17:56:51 INFO mapreduce.Job:  map 33% reduce 9%
20/06/09 17:56:53 INFO mapreduce.Job:  map 33% reduce 10%
20/06/09 17:56:57 INFO mapreduce.Job:  map 34% reduce 10%
20/06/09 17:57:01 INFO mapreduce.Job:  map 35% reduce 10%
20/06/09 17:57:05 INFO mapreduce.Job:  map 36% reduce 10%
20/06/09 17:57:09 INFO mapreduce.Job:  map 37% reduce 10%
20/06/09 17:57:12 INFO mapreduce.Job:  map 38% reduce 11%
20/06/09 17:57:16 INFO mapreduce.Job:  map 39% reduce 11%
20/06/09 17:57:17 INFO mapreduce.Job:  map 39% reduce 12%
20/06/09 17:57:21 INFO mapreduce.Job:  map 40% reduce 12%
20/06/09 17:57:25 INFO mapreduce.Job:  map 41% reduce 12%
20/06/09 17:57:31 INFO mapreduce.Job:  map 42% reduce 12%
20/06/09 17:57:36 INFO mapreduce.Job:  map 43% reduce 12%
20/06/09 17:57:40 INFO mapreduce.Job:  map 44% reduce 12%
20/06/09 17:57:45 INFO mapreduce.Job:  map 45% reduce 13%
20/06/09 17:57:49 INFO mapreduce.Job:  map 46% reduce 13%
20/06/09 17:57:51 INFO mapreduce.Job:  map 47% reduce 14%
20/06/09 17:57:55 INFO mapreduce.Job:  map 48% reduce 14%
20/06/09 17:57:58 INFO mapreduce.Job:  map 49% reduce 14%
20/06/09 17:58:00 INFO mapreduce.Job:  map 49% reduce 15%
20/06/09 17:58:02 INFO mapreduce.Job:  map 50% reduce 15%
20/06/09 17:58:05 INFO mapreduce.Job:  map 51% reduce 15%
20/06/09 17:58:06 INFO mapreduce.Job:  map 51% reduce 16%
20/06/09 17:58:08 INFO mapreduce.Job:  map 52% reduce 16%
20/06/09 17:58:12 INFO mapreduce.Job:  map 52% reduce 17%
20/06/09 17:58:13 INFO mapreduce.Job:  map 53% reduce 17%
20/06/09 17:58:17 INFO mapreduce.Job:  map 54% reduce 17%
20/06/09 17:58:22 INFO mapreduce.Job:  map 55% reduce 17%
20/06/09 17:58:26 INFO mapreduce.Job:  map 56% reduce 17%
20/06/09 17:58:33 INFO mapreduce.Job:  map 57% reduce 17%
20/06/09 17:58:38 INFO mapreduce.Job:  map 58% reduce 17%
20/06/09 17:58:43 INFO mapreduce.Job:  map 59% reduce 17%
20/06/09 17:58:47 INFO mapreduce.Job:  map 60% reduce 17%
20/06/09 17:58:49 INFO mapreduce.Job:  map 61% reduce 17%
20/06/09 17:58:52 INFO mapreduce.Job:  map 61% reduce 18%
20/06/09 17:58:53 INFO mapreduce.Job:  map 62% reduce 18%
20/06/09 17:58:55 INFO mapreduce.Job:  map 62% reduce 19%
20/06/09 17:58:56 INFO mapreduce.Job:  map 63% reduce 19%
20/06/09 17:58:59 INFO mapreduce.Job:  map 64% reduce 19%
20/06/09 17:59:01 INFO mapreduce.Job:  map 64% reduce 20%
20/06/09 17:59:02 INFO mapreduce.Job:  map 65% reduce 20%
20/06/09 17:59:04 INFO mapreduce.Job:  map 65% reduce 21%
20/06/09 17:59:08 INFO mapreduce.Job:  map 66% reduce 21%
20/06/09 17:59:11 INFO mapreduce.Job:  map 67% reduce 21%
20/06/09 17:59:14 INFO mapreduce.Job:  map 67% reduce 22%
20/06/09 17:59:15 INFO mapreduce.Job:  map 68% reduce 22%
20/06/09 17:59:21 INFO mapreduce.Job:  map 69% reduce 22%
20/06/09 17:59:26 INFO mapreduce.Job:  map 70% reduce 22%
20/06/09 17:59:29 INFO mapreduce.Job:  map 71% reduce 22%
20/06/09 17:59:36 INFO mapreduce.Job:  map 72% reduce 22%
20/06/09 17:59:39 INFO mapreduce.Job:  map 73% reduce 22%
20/06/09 17:59:46 INFO mapreduce.Job:  map 74% reduce 22%
20/06/09 17:59:48 INFO mapreduce.Job:  map 75% reduce 22%
20/06/09 17:59:53 INFO mapreduce.Job:  map 76% reduce 22%
20/06/09 17:59:54 INFO mapreduce.Job:  map 76% reduce 23%
20/06/09 17:59:57 INFO mapreduce.Job:  map 77% reduce 23%
20/06/09 17:59:59 INFO mapreduce.Job:  map 79% reduce 23%
20/06/09 18:00:00 INFO mapreduce.Job:  map 79% reduce 24%
20/06/09 18:00:02 INFO mapreduce.Job:  map 80% reduce 24%
20/06/09 18:00:03 INFO mapreduce.Job:  map 80% reduce 26%
20/06/09 18:00:07 INFO mapreduce.Job:  map 81% reduce 26%
20/06/09 18:00:09 INFO mapreduce.Job:  map 81% reduce 27%
20/06/09 18:00:12 INFO mapreduce.Job:  map 82% reduce 27%
20/06/09 18:00:14 INFO mapreduce.Job:  map 84% reduce 27%
20/06/09 18:00:16 INFO mapreduce.Job:  map 85% reduce 27%
20/06/09 18:00:19 INFO mapreduce.Job:  map 86% reduce 27%
20/06/09 18:00:20 INFO mapreduce.Job:  map 87% reduce 27%
20/06/09 18:00:24 INFO mapreduce.Job:  map 88% reduce 28%
20/06/09 18:00:28 INFO mapreduce.Job:  map 89% reduce 28%
20/06/09 18:00:31 INFO mapreduce.Job:  map 90% reduce 29%
20/06/09 18:00:32 INFO mapreduce.Job:  map 91% reduce 29%
20/06/09 18:00:36 INFO mapreduce.Job:  map 92% reduce 29%
20/06/09 18:00:37 INFO mapreduce.Job:  map 93% reduce 29%
20/06/09 18:00:38 INFO mapreduce.Job:  map 94% reduce 29%
20/06/09 18:00:42 INFO mapreduce.Job:  map 95% reduce 29%
20/06/09 18:00:44 INFO mapreduce.Job:  map 96% reduce 29%
20/06/09 18:00:45 INFO mapreduce.Job:  map 97% reduce 30%
20/06/09 18:00:47 INFO mapreduce.Job:  map 98% reduce 30%
20/06/09 18:00:48 INFO mapreduce.Job:  map 98% reduce 31%
20/06/09 18:00:52 INFO mapreduce.Job:  map 98% reduce 32%
20/06/09 18:00:53 INFO mapreduce.Job:  map 99% reduce 32%
20/06/09 18:00:55 INFO mapreduce.Job:  map 100% reduce 32%
20/06/09 18:00:58 INFO mapreduce.Job:  map 100% reduce 68%
20/06/09 18:01:01 INFO mapreduce.Job:  map 100% reduce 74%
20/06/09 18:01:04 INFO mapreduce.Job:  map 100% reduce 79%
20/06/09 18:01:07 INFO mapreduce.Job:  map 100% reduce 84%
20/06/09 18:01:10 INFO mapreduce.Job:  map 100% reduce 91%
20/06/09 18:01:13 INFO mapreduce.Job:  map 100% reduce 100%
20/06/09 18:01:13 INFO mapreduce.Job: Job job_1591692790427_0002 completed successfully
20/06/09 18:01:13 INFO mapreduce.Job: Counters: 51
	File System Counters
		FILE: Number of bytes read=1649354982
		FILE: Number of bytes written=2441736512
		FILE: Number of read operations=0
		FILE: Number of large read operations=0
		FILE: Number of write operations=0
		HDFS: Number of bytes read=11025889798
		HDFS: Number of bytes written=460186668
		HDFS: Number of read operations=273
		HDFS: Number of large read operations=0
		HDFS: Number of write operations=2
	Job Counters 
		Killed map tasks=1
		Launched map tasks=90
		Launched reduce tasks=1
		Data-local map tasks=89
		Rack-local map tasks=1
		Total time spent by all maps in occupied slots (ms)=4975855
		Total time spent by all reduces in occupied slots (ms)=333715
		Total time spent by all map tasks (ms)=4975855
		Total time spent by all reduce tasks (ms)=333715
		Total vcore-milliseconds taken by all map tasks=4975855
		Total vcore-milliseconds taken by all reduce tasks=333715
		Total megabyte-milliseconds taken by all map tasks=5095275520
		Total megabyte-milliseconds taken by all reduce tasks=341724160
	Map-Reduce Framework
		Map input records=722065
		Map output records=1009897078
		Map output bytes=19252763217
		Map output materialized bytes=781171033
		Input split bytes=10530
		Combine input records=1034869232
		Combine output records=47521305
		Reduce input groups=9651657
		Reduce shuffle bytes=781171033
		Reduce input records=22549151
		Reduce output records=9651657
		Spilled Records=70747389
		Shuffled Maps =90
		Failed Shuffles=0
		Merged Map outputs=90
		GC time elapsed (ms)=107910
		CPU time spent (ms)=2018760
		Physical memory (bytes) snapshot=25126055936
		Virtual memory (bytes) snapshot=191901904896
		Total committed heap usage (bytes)=18941476864
	Shuffle Errors
		BAD_ID=0
		CONNECTION=0
		IO_ERROR=0
		WRONG_LENGTH=0
		WRONG_MAP=0
		WRONG_REDUCE=0
	File Input Format Counters 
		Bytes Read=11025879268
	File Output Format Counters 
		Bytes Written=460186668
20/06/09 18:01:13 INFO client.RMProxy: Connecting to ResourceManager at master/10.51.17.95:8032
20/06/09 18:01:14 INFO input.FileInputFormat: Total input paths to process : 1
20/06/09 18:01:14 INFO mapreduce.JobSubmitter: number of splits:4
20/06/09 18:01:14 INFO mapreduce.JobSubmitter: Submitting tokens for job: job_1591692790427_0003
20/06/09 18:01:14 INFO impl.YarnClientImpl: Submitted application application_1591692790427_0003
20/06/09 18:01:14 INFO mapreduce.Job: The url to track the job: http://master:8088/proxy/application_1591692790427_0003/
20/06/09 18:01:14 INFO mapreduce.Job: Running job: job_1591692790427_0003
20/06/09 18:01:22 INFO mapreduce.Job: Job job_1591692790427_0003 running in uber mode : false
20/06/09 18:01:22 INFO mapreduce.Job:  map 0% reduce 0%
20/06/09 18:01:33 INFO mapreduce.Job:  map 25% reduce 0%
20/06/09 18:01:34 INFO mapreduce.Job:  map 50% reduce 0%
20/06/09 18:01:35 INFO mapreduce.Job:  map 61% reduce 0%
20/06/09 18:01:36 INFO mapreduce.Job:  map 69% reduce 0%
20/06/09 18:01:37 INFO mapreduce.Job:  map 75% reduce 0%
20/06/09 18:01:38 INFO mapreduce.Job:  map 81% reduce 0%
20/06/09 18:01:40 INFO mapreduce.Job:  map 94% reduce 0%
20/06/09 18:01:41 INFO mapreduce.Job:  map 100% reduce 0%
20/06/09 18:01:44 INFO mapreduce.Job:  map 100% reduce 72%
20/06/09 18:01:47 INFO mapreduce.Job:  map 100% reduce 83%
20/06/09 18:01:50 INFO mapreduce.Job:  map 100% reduce 100%
20/06/09 18:01:51 INFO mapreduce.Job: Job job_1591692790427_0003 completed successfully
20/06/09 18:01:51 INFO mapreduce.Job: Counters: 50
	File System Counters
		FILE: Number of bytes read=743146246
		FILE: Number of bytes written=1141539230
		FILE: Number of read operations=0
		FILE: Number of large read operations=0
		FILE: Number of write operations=0
		HDFS: Number of bytes read=460193327
		HDFS: Number of bytes written=321225644
		HDFS: Number of read operations=19
		HDFS: Number of large read operations=0
		HDFS: Number of write operations=2
	Job Counters 
		Killed map tasks=1
		Launched map tasks=5
		Launched reduce tasks=1
		Data-local map tasks=5
		Total time spent by all maps in occupied slots (ms)=56802
		Total time spent by all reduces in occupied slots (ms)=14154
		Total time spent by all map tasks (ms)=56802
		Total time spent by all reduce tasks (ms)=14154
		Total vcore-milliseconds taken by all map tasks=56802
		Total vcore-milliseconds taken by all reduce tasks=14154
		Total megabyte-milliseconds taken by all map tasks=58165248
		Total megabyte-milliseconds taken by all reduce tasks=14493696
	Map-Reduce Framework
		Map input records=9651657
		Map output records=9651657
		Map output bytes=378476306
		Map output materialized bytes=397779644
		Input split bytes=508
		Combine input records=0
		Combine output records=0
		Reduce input groups=1240
		Reduce shuffle bytes=397779644
		Reduce input records=9651657
		Reduce output records=9651657
		Spilled Records=28195079
		Shuffled Maps =4
		Failed Shuffles=0
		Merged Map outputs=4
		GC time elapsed (ms)=1601
		CPU time spent (ms)=41810
		Physical memory (bytes) snapshot=1274183680
		Virtual memory (bytes) snapshot=10551156736
		Total committed heap usage (bytes)=938999808
	Shuffle Errors
		BAD_ID=0
		CONNECTION=0
		IO_ERROR=0
		WRONG_LENGTH=0
		WRONG_MAP=0
		WRONG_REDUCE=0
	File Input Format Counters 
		Bytes Read=460192819
	File Output Format Counters 
		Bytes Written=321225644
