20/06/09 18:02:45 INFO client.RMProxy: Connecting to ResourceManager at master/10.51.17.95:8032
20/06/09 18:02:46 INFO input.FileInputFormat: Total input paths to process : 10
20/06/09 18:02:46 INFO mapreduce.JobSubmitter: number of splits:90
20/06/09 18:02:46 INFO mapreduce.JobSubmitter: Submitting tokens for job: job_1591692790427_0005
20/06/09 18:02:46 INFO impl.YarnClientImpl: Submitted application application_1591692790427_0005
20/06/09 18:02:46 INFO mapreduce.Job: The url to track the job: http://master:8088/proxy/application_1591692790427_0005/
20/06/09 18:02:46 INFO mapreduce.Job: Running job: job_1591692790427_0005
20/06/09 18:02:53 INFO mapreduce.Job: Job job_1591692790427_0005 running in uber mode : false
20/06/09 18:02:53 INFO mapreduce.Job:  map 0% reduce 0%
20/06/09 18:03:08 INFO mapreduce.Job:  map 1% reduce 0%
20/06/09 18:03:10 INFO mapreduce.Job:  map 2% reduce 0%
20/06/09 18:03:14 INFO mapreduce.Job:  map 3% reduce 0%
20/06/09 18:03:22 INFO mapreduce.Job:  map 4% reduce 0%
20/06/09 18:03:25 INFO mapreduce.Job:  map 5% reduce 0%
20/06/09 18:03:31 INFO mapreduce.Job:  map 6% reduce 0%
20/06/09 18:03:35 INFO mapreduce.Job:  map 7% reduce 0%
20/06/09 18:03:41 INFO mapreduce.Job:  map 8% reduce 0%
20/06/09 18:03:47 INFO mapreduce.Job:  map 9% reduce 0%
20/06/09 18:03:48 INFO mapreduce.Job:  map 10% reduce 0%
20/06/09 18:03:50 INFO mapreduce.Job:  map 11% reduce 0%
20/06/09 18:03:53 INFO mapreduce.Job:  map 12% reduce 0%
20/06/09 18:04:00 INFO mapreduce.Job:  map 13% reduce 0%
20/06/09 18:04:06 INFO mapreduce.Job:  map 14% reduce 0%
20/06/09 18:04:07 INFO mapreduce.Job:  map 15% reduce 0%
20/06/09 18:04:08 INFO mapreduce.Job:  map 16% reduce 0%
20/06/09 18:04:11 INFO mapreduce.Job:  map 17% reduce 0%
20/06/09 18:04:16 INFO mapreduce.Job:  map 18% reduce 0%
20/06/09 18:04:23 INFO mapreduce.Job:  map 19% reduce 5%
20/06/09 18:04:26 INFO mapreduce.Job:  map 20% reduce 5%
20/06/09 18:04:33 INFO mapreduce.Job:  map 21% reduce 5%
20/06/09 18:04:37 INFO mapreduce.Job:  map 22% reduce 5%
20/06/09 18:04:38 INFO mapreduce.Job:  map 22% reduce 6%
20/06/09 18:04:41 INFO mapreduce.Job:  map 23% reduce 6%
20/06/09 18:04:43 INFO mapreduce.Job:  map 24% reduce 6%
20/06/09 18:04:48 INFO mapreduce.Job:  map 25% reduce 6%
20/06/09 18:04:50 INFO mapreduce.Job:  map 26% reduce 7%
20/06/09 18:04:57 INFO mapreduce.Job:  map 27% reduce 7%
20/06/09 18:05:01 INFO mapreduce.Job:  map 28% reduce 7%
20/06/09 18:05:07 INFO mapreduce.Job:  map 29% reduce 7%
20/06/09 18:05:10 INFO mapreduce.Job:  map 30% reduce 7%
20/06/09 18:05:12 INFO mapreduce.Job:  map 30% reduce 8%
20/06/09 18:05:13 INFO mapreduce.Job:  map 31% reduce 8%
20/06/09 18:05:16 INFO mapreduce.Job:  map 32% reduce 8%
20/06/09 18:05:18 INFO mapreduce.Job:  map 32% reduce 9%
20/06/09 18:05:20 INFO mapreduce.Job:  map 33% reduce 9%
20/06/09 18:05:21 INFO mapreduce.Job:  map 33% reduce 10%
20/06/09 18:05:23 INFO mapreduce.Job:  map 34% reduce 10%
20/06/09 18:05:29 INFO mapreduce.Job:  map 35% reduce 10%
20/06/09 18:05:32 INFO mapreduce.Job:  map 36% reduce 10%
20/06/09 18:05:36 INFO mapreduce.Job:  map 37% reduce 10%
20/06/09 18:05:40 INFO mapreduce.Job:  map 38% reduce 11%
20/06/09 18:05:44 INFO mapreduce.Job:  map 39% reduce 11%
20/06/09 18:05:46 INFO mapreduce.Job:  map 39% reduce 12%
20/06/09 18:05:47 INFO mapreduce.Job:  map 40% reduce 12%
20/06/09 18:05:53 INFO mapreduce.Job:  map 41% reduce 12%
20/06/09 18:05:58 INFO mapreduce.Job:  map 42% reduce 12%
20/06/09 18:06:03 INFO mapreduce.Job:  map 43% reduce 12%
20/06/09 18:06:08 INFO mapreduce.Job:  map 44% reduce 12%
20/06/09 18:06:12 INFO mapreduce.Job:  map 45% reduce 12%
20/06/09 18:06:15 INFO mapreduce.Job:  map 45% reduce 13%
20/06/09 18:06:17 INFO mapreduce.Job:  map 46% reduce 13%
20/06/09 18:06:20 INFO mapreduce.Job:  map 47% reduce 13%
20/06/09 18:06:22 INFO mapreduce.Job:  map 47% reduce 14%
20/06/09 18:06:23 INFO mapreduce.Job:  map 48% reduce 14%
20/06/09 18:06:24 INFO mapreduce.Job:  map 49% reduce 14%
20/06/09 18:06:25 INFO mapreduce.Job:  map 49% reduce 15%
20/06/09 18:06:31 INFO mapreduce.Job:  map 50% reduce 15%
20/06/09 18:06:33 INFO mapreduce.Job:  map 51% reduce 15%
20/06/09 18:06:34 INFO mapreduce.Job:  map 51% reduce 16%
20/06/09 18:06:36 INFO mapreduce.Job:  map 52% reduce 16%
20/06/09 18:06:40 INFO mapreduce.Job:  map 52% reduce 17%
20/06/09 18:06:43 INFO mapreduce.Job:  map 53% reduce 17%
20/06/09 18:06:45 INFO mapreduce.Job:  map 54% reduce 17%
20/06/09 18:06:51 INFO mapreduce.Job:  map 55% reduce 17%
20/06/09 18:06:55 INFO mapreduce.Job:  map 56% reduce 17%
20/06/09 18:07:02 INFO mapreduce.Job:  map 57% reduce 17%
20/06/09 18:07:05 INFO mapreduce.Job:  map 58% reduce 17%
20/06/09 18:07:11 INFO mapreduce.Job:  map 59% reduce 17%
20/06/09 18:07:15 INFO mapreduce.Job:  map 60% reduce 17%
20/06/09 18:07:19 INFO mapreduce.Job:  map 61% reduce 17%
20/06/09 18:07:23 INFO mapreduce.Job:  map 62% reduce 18%
20/06/09 18:07:24 INFO mapreduce.Job:  map 63% reduce 18%
20/06/09 18:07:26 INFO mapreduce.Job:  map 64% reduce 19%
20/06/09 18:07:28 INFO mapreduce.Job:  map 65% reduce 19%
20/06/09 18:07:29 INFO mapreduce.Job:  map 65% reduce 20%
20/06/09 18:07:32 INFO mapreduce.Job:  map 65% reduce 21%
20/06/09 18:07:34 INFO mapreduce.Job:  map 66% reduce 21%
20/06/09 18:07:38 INFO mapreduce.Job:  map 67% reduce 22%
20/06/09 18:07:42 INFO mapreduce.Job:  map 68% reduce 22%
20/06/09 18:07:48 INFO mapreduce.Job:  map 69% reduce 22%
20/06/09 18:07:53 INFO mapreduce.Job:  map 70% reduce 22%
20/06/09 18:07:58 INFO mapreduce.Job:  map 71% reduce 22%
20/06/09 18:08:04 INFO mapreduce.Job:  map 72% reduce 22%
20/06/09 18:08:09 INFO mapreduce.Job:  map 73% reduce 22%
20/06/09 18:08:11 INFO mapreduce.Job:  map 74% reduce 22%
20/06/09 18:08:15 INFO mapreduce.Job:  map 75% reduce 22%
20/06/09 18:08:17 INFO mapreduce.Job:  map 75% reduce 23%
20/06/09 18:08:22 INFO mapreduce.Job:  map 76% reduce 23%
20/06/09 18:08:23 INFO mapreduce.Job:  map 77% reduce 23%
20/06/09 18:08:27 INFO mapreduce.Job:  map 78% reduce 24%
20/06/09 18:08:30 INFO mapreduce.Job:  map 79% reduce 25%
20/06/09 18:08:33 INFO mapreduce.Job:  map 79% reduce 26%
20/06/09 18:08:34 INFO mapreduce.Job:  map 80% reduce 26%
20/06/09 18:08:36 INFO mapreduce.Job:  map 81% reduce 26%
20/06/09 18:08:39 INFO mapreduce.Job:  map 82% reduce 27%
20/06/09 18:08:42 INFO mapreduce.Job:  map 83% reduce 27%
20/06/09 18:08:44 INFO mapreduce.Job:  map 84% reduce 27%
20/06/09 18:08:48 INFO mapreduce.Job:  map 85% reduce 27%
20/06/09 18:08:49 INFO mapreduce.Job:  map 86% reduce 27%
20/06/09 18:08:50 INFO mapreduce.Job:  map 87% reduce 27%
20/06/09 18:08:52 INFO mapreduce.Job:  map 88% reduce 27%
20/06/09 18:08:57 INFO mapreduce.Job:  map 89% reduce 27%
20/06/09 18:09:00 INFO mapreduce.Job:  map 91% reduce 29%
20/06/09 18:09:01 INFO mapreduce.Job:  map 92% reduce 29%
20/06/09 18:09:07 INFO mapreduce.Job:  map 93% reduce 29%
20/06/09 18:09:10 INFO mapreduce.Job:  map 94% reduce 30%
20/06/09 18:09:11 INFO mapreduce.Job:  map 95% reduce 30%
20/06/09 18:09:12 INFO mapreduce.Job:  map 96% reduce 30%
20/06/09 18:09:15 INFO mapreduce.Job:  map 97% reduce 30%
20/06/09 18:09:19 INFO mapreduce.Job:  map 98% reduce 31%
20/06/09 18:09:22 INFO mapreduce.Job:  map 98% reduce 32%
20/06/09 18:09:24 INFO mapreduce.Job:  map 99% reduce 32%
20/06/09 18:09:25 INFO mapreduce.Job:  map 100% reduce 33%
20/06/09 18:09:28 INFO mapreduce.Job:  map 100% reduce 67%
20/06/09 18:09:31 INFO mapreduce.Job:  map 100% reduce 72%
20/06/09 18:09:34 INFO mapreduce.Job:  map 100% reduce 77%
20/06/09 18:09:37 INFO mapreduce.Job:  map 100% reduce 82%
20/06/09 18:09:40 INFO mapreduce.Job:  map 100% reduce 88%
20/06/09 18:09:43 INFO mapreduce.Job:  map 100% reduce 97%
20/06/09 18:09:44 INFO mapreduce.Job:  map 100% reduce 100%
20/06/09 18:09:45 INFO mapreduce.Job: Job job_1591692790427_0005 completed successfully
20/06/09 18:09:45 INFO mapreduce.Job: Counters: 51
	File System Counters
		FILE: Number of bytes read=1738250749
		FILE: Number of bytes written=2575253697
		FILE: Number of read operations=0
		FILE: Number of large read operations=0
		FILE: Number of write operations=0
		HDFS: Number of bytes read=11025623912
		HDFS: Number of bytes written=504212662
		HDFS: Number of read operations=273
		HDFS: Number of large read operations=0
		HDFS: Number of write operations=2
	Job Counters 
		Killed map tasks=1
		Launched map tasks=91
		Launched reduce tasks=1
		Data-local map tasks=89
		Rack-local map tasks=2
		Total time spent by all maps in occupied slots (ms)=4972192
		Total time spent by all reduces in occupied slots (ms)=334689
		Total time spent by all map tasks (ms)=4972192
		Total time spent by all reduce tasks (ms)=334689
		Total vcore-milliseconds taken by all map tasks=4972192
		Total vcore-milliseconds taken by all reduce tasks=334689
		Total megabyte-milliseconds taken by all map tasks=5091524608
		Total megabyte-milliseconds taken by all reduce tasks=342721536
	Map-Reduce Framework
		Map input records=723094
		Map output records=1008988546
		Map output bytes=19262850796
		Map output materialized bytes=825792542
		Input split bytes=10530
		Combine input records=1033973487
		Combine output records=47588883
		Reduce input groups=9840567
		Reduce shuffle bytes=825792542
		Reduce input records=22603942
		Reduce output records=9840567
		Spilled Records=70870366
		Shuffled Maps =90
		Failed Shuffles=0
		Merged Map outputs=90
		GC time elapsed (ms)=105504
		CPU time spent (ms)=2009710
		Physical memory (bytes) snapshot=25145921536
		Virtual memory (bytes) snapshot=191912759296
		Total committed heap usage (bytes)=18936233984
	Shuffle Errors
		BAD_ID=0
		CONNECTION=0
		IO_ERROR=0
		WRONG_LENGTH=0
		WRONG_MAP=0
		WRONG_REDUCE=0
	File Input Format Counters 
		Bytes Read=11025613382
	File Output Format Counters 
		Bytes Written=504212662
20/06/09 18:09:45 INFO client.RMProxy: Connecting to ResourceManager at master/10.51.17.95:8032
20/06/09 18:09:45 INFO input.FileInputFormat: Total input paths to process : 1
20/06/09 18:09:46 INFO mapreduce.JobSubmitter: number of splits:4
20/06/09 18:09:46 INFO mapreduce.JobSubmitter: Submitting tokens for job: job_1591692790427_0006
20/06/09 18:09:47 INFO impl.YarnClientImpl: Submitted application application_1591692790427_0006
20/06/09 18:09:47 INFO mapreduce.Job: The url to track the job: http://master:8088/proxy/application_1591692790427_0006/
20/06/09 18:09:47 INFO mapreduce.Job: Running job: job_1591692790427_0006
20/06/09 18:09:54 INFO mapreduce.Job: Job job_1591692790427_0006 running in uber mode : false
20/06/09 18:09:54 INFO mapreduce.Job:  map 0% reduce 0%
20/06/09 18:10:06 INFO mapreduce.Job:  map 49% reduce 0%
20/06/09 18:10:07 INFO mapreduce.Job:  map 52% reduce 0%
20/06/09 18:10:09 INFO mapreduce.Job:  map 71% reduce 0%
20/06/09 18:10:10 INFO mapreduce.Job:  map 74% reduce 0%
20/06/09 18:10:12 INFO mapreduce.Job:  map 84% reduce 0%
20/06/09 18:10:14 INFO mapreduce.Job:  map 92% reduce 0%
20/06/09 18:10:15 INFO mapreduce.Job:  map 100% reduce 0%
20/06/09 18:10:19 INFO mapreduce.Job:  map 100% reduce 78%
20/06/09 18:10:22 INFO mapreduce.Job:  map 100% reduce 96%
20/06/09 18:10:24 INFO mapreduce.Job:  map 100% reduce 100%
20/06/09 18:10:25 INFO mapreduce.Job: Job job_1591692790427_0006 completed successfully
20/06/09 18:10:25 INFO mapreduce.Job: Counters: 50
	File System Counters
		FILE: Number of bytes read=880490940
		FILE: Number of bytes written=1321349733
		FILE: Number of read operations=0
		FILE: Number of large read operations=0
		FILE: Number of write operations=0
		HDFS: Number of bytes read=504216486
		HDFS: Number of bytes written=362177614
		HDFS: Number of read operations=19
		HDFS: Number of large read operations=0
		HDFS: Number of write operations=2
	Job Counters 
		Killed map tasks=1
		Launched map tasks=5
		Launched reduce tasks=1
		Data-local map tasks=5
		Total time spent by all maps in occupied slots (ms)=67601
		Total time spent by all reduces in occupied slots (ms)=15416
		Total time spent by all map tasks (ms)=67601
		Total time spent by all reduce tasks (ms)=15416
		Total vcore-milliseconds taken by all map tasks=67601
		Total vcore-milliseconds taken by all reduce tasks=15416
		Total megabyte-milliseconds taken by all map tasks=69223424
		Total megabyte-milliseconds taken by all reduce tasks=15785984
	Map-Reduce Framework
		Map input records=9840567
		Map output records=9840567
		Map output bytes=420564300
		Map output materialized bytes=440245458
		Input split bytes=504
		Combine input records=0
		Combine output records=0
		Reduce input groups=1250
		Reduce shuffle bytes=440245458
		Reduce input records=9840567
		Reduce output records=9840567
		Spilled Records=29521701
		Shuffled Maps =4
		Failed Shuffles=0
		Merged Map outputs=4
		GC time elapsed (ms)=1677
		CPU time spent (ms)=46360
		Physical memory (bytes) snapshot=1300328448
		Virtual memory (bytes) snapshot=10552406016
		Total committed heap usage (bytes)=939524096
	Shuffle Errors
		BAD_ID=0
		CONNECTION=0
		IO_ERROR=0
		WRONG_LENGTH=0
		WRONG_MAP=0
		WRONG_REDUCE=0
	File Input Format Counters 
		Bytes Read=504215982
	File Output Format Counters 
		Bytes Written=362177614
