20/06/09 18:11:33 INFO client.RMProxy: Connecting to ResourceManager at master/10.51.17.95:8032
20/06/09 18:11:34 INFO input.FileInputFormat: Total input paths to process : 10
20/06/09 18:11:34 INFO mapreduce.JobSubmitter: number of splits:90
20/06/09 18:11:35 INFO mapreduce.JobSubmitter: Submitting tokens for job: job_1591692790427_0008
20/06/09 18:11:35 INFO impl.YarnClientImpl: Submitted application application_1591692790427_0008
20/06/09 18:11:35 INFO mapreduce.Job: The url to track the job: http://master:8088/proxy/application_1591692790427_0008/
20/06/09 18:11:35 INFO mapreduce.Job: Running job: job_1591692790427_0008
20/06/09 18:11:43 INFO mapreduce.Job: Job job_1591692790427_0008 running in uber mode : false
20/06/09 18:11:43 INFO mapreduce.Job:  map 0% reduce 0%
20/06/09 18:11:58 INFO mapreduce.Job:  map 1% reduce 0%
20/06/09 18:11:59 INFO mapreduce.Job:  map 2% reduce 0%
20/06/09 18:12:03 INFO mapreduce.Job:  map 3% reduce 0%
20/06/09 18:12:11 INFO mapreduce.Job:  map 4% reduce 0%
20/06/09 18:12:15 INFO mapreduce.Job:  map 5% reduce 0%
20/06/09 18:12:20 INFO mapreduce.Job:  map 6% reduce 0%
20/06/09 18:12:24 INFO mapreduce.Job:  map 7% reduce 0%
20/06/09 18:12:27 INFO mapreduce.Job:  map 8% reduce 0%
20/06/09 18:12:34 INFO mapreduce.Job:  map 9% reduce 0%
20/06/09 18:12:38 INFO mapreduce.Job:  map 10% reduce 0%
20/06/09 18:12:40 INFO mapreduce.Job:  map 11% reduce 0%
20/06/09 18:12:42 INFO mapreduce.Job:  map 12% reduce 0%
20/06/09 18:12:48 INFO mapreduce.Job:  map 13% reduce 0%
20/06/09 18:12:52 INFO mapreduce.Job:  map 14% reduce 0%
20/06/09 18:12:56 INFO mapreduce.Job:  map 15% reduce 0%
20/06/09 18:12:58 INFO mapreduce.Job:  map 16% reduce 0%
20/06/09 18:12:59 INFO mapreduce.Job:  map 17% reduce 0%
20/06/09 18:13:05 INFO mapreduce.Job:  map 18% reduce 0%
20/06/09 18:13:07 INFO mapreduce.Job:  map 18% reduce 5%
20/06/09 18:13:12 INFO mapreduce.Job:  map 19% reduce 5%
20/06/09 18:13:16 INFO mapreduce.Job:  map 20% reduce 5%
20/06/09 18:13:22 INFO mapreduce.Job:  map 21% reduce 5%
20/06/09 18:13:26 INFO mapreduce.Job:  map 22% reduce 5%
20/06/09 18:13:29 INFO mapreduce.Job:  map 22% reduce 6%
20/06/09 18:13:30 INFO mapreduce.Job:  map 23% reduce 6%
20/06/09 18:13:34 INFO mapreduce.Job:  map 24% reduce 6%
20/06/09 18:13:36 INFO mapreduce.Job:  map 25% reduce 6%
20/06/09 18:13:38 INFO mapreduce.Job:  map 25% reduce 7%
20/06/09 18:13:40 INFO mapreduce.Job:  map 26% reduce 7%
20/06/09 18:13:45 INFO mapreduce.Job:  map 27% reduce 7%
20/06/09 18:13:51 INFO mapreduce.Job:  map 28% reduce 7%
20/06/09 18:13:56 INFO mapreduce.Job:  map 29% reduce 7%
20/06/09 18:13:59 INFO mapreduce.Job:  map 30% reduce 7%
20/06/09 18:14:02 INFO mapreduce.Job:  map 31% reduce 7%
20/06/09 18:14:03 INFO mapreduce.Job:  map 32% reduce 8%
20/06/09 18:14:06 INFO mapreduce.Job:  map 33% reduce 10%
20/06/09 18:14:14 INFO mapreduce.Job:  map 34% reduce 10%
20/06/09 18:14:18 INFO mapreduce.Job:  map 35% reduce 10%
20/06/09 18:14:22 INFO mapreduce.Job:  map 36% reduce 10%
20/06/09 18:14:25 INFO mapreduce.Job:  map 37% reduce 10%
20/06/09 18:14:27 INFO mapreduce.Job:  map 38% reduce 11%
20/06/09 18:14:36 INFO mapreduce.Job:  map 39% reduce 11%
20/06/09 18:14:37 INFO mapreduce.Job:  map 40% reduce 11%
20/06/09 18:14:40 INFO mapreduce.Job:  map 40% reduce 12%
20/06/09 18:14:41 INFO mapreduce.Job:  map 41% reduce 12%
20/06/09 18:14:47 INFO mapreduce.Job:  map 42% reduce 12%
20/06/09 18:14:52 INFO mapreduce.Job:  map 43% reduce 12%
20/06/09 18:14:56 INFO mapreduce.Job:  map 44% reduce 12%
20/06/09 18:14:58 INFO mapreduce.Job:  map 44% reduce 13%
20/06/09 18:14:59 INFO mapreduce.Job:  map 45% reduce 13%
20/06/09 18:15:05 INFO mapreduce.Job:  map 46% reduce 13%
20/06/09 18:15:08 INFO mapreduce.Job:  map 48% reduce 13%
20/06/09 18:15:10 INFO mapreduce.Job:  map 48% reduce 14%
20/06/09 18:15:15 INFO mapreduce.Job:  map 49% reduce 14%
20/06/09 18:15:16 INFO mapreduce.Job:  map 49% reduce 15%
20/06/09 18:15:19 INFO mapreduce.Job:  map 50% reduce 15%
20/06/09 18:15:22 INFO mapreduce.Job:  map 51% reduce 15%
20/06/09 18:15:23 INFO mapreduce.Job:  map 51% reduce 16%
20/06/09 18:15:25 INFO mapreduce.Job:  map 52% reduce 16%
20/06/09 18:15:30 INFO mapreduce.Job:  map 53% reduce 16%
20/06/09 18:15:31 INFO mapreduce.Job:  map 53% reduce 17%
20/06/09 18:15:33 INFO mapreduce.Job:  map 54% reduce 17%
20/06/09 18:15:40 INFO mapreduce.Job:  map 55% reduce 17%
20/06/09 18:15:43 INFO mapreduce.Job:  map 56% reduce 17%
20/06/09 18:15:50 INFO mapreduce.Job:  map 57% reduce 17%
20/06/09 18:15:54 INFO mapreduce.Job:  map 58% reduce 17%
20/06/09 18:15:59 INFO mapreduce.Job:  map 59% reduce 17%
20/06/09 18:16:03 INFO mapreduce.Job:  map 60% reduce 17%
20/06/09 18:16:08 INFO mapreduce.Job:  map 61% reduce 17%
20/06/09 18:16:11 INFO mapreduce.Job:  map 62% reduce 18%
20/06/09 18:16:12 INFO mapreduce.Job:  map 63% reduce 18%
20/06/09 18:16:14 INFO mapreduce.Job:  map 63% reduce 20%
20/06/09 18:16:15 INFO mapreduce.Job:  map 64% reduce 20%
20/06/09 18:16:16 INFO mapreduce.Job:  map 65% reduce 20%
20/06/09 18:16:17 INFO mapreduce.Job:  map 65% reduce 21%
20/06/09 18:16:23 INFO mapreduce.Job:  map 66% reduce 21%
20/06/09 18:16:26 INFO mapreduce.Job:  map 67% reduce 21%
20/06/09 18:16:30 INFO mapreduce.Job:  map 68% reduce 22%
20/06/09 18:16:37 INFO mapreduce.Job:  map 69% reduce 22%
20/06/09 18:16:42 INFO mapreduce.Job:  map 70% reduce 22%
20/06/09 18:16:47 INFO mapreduce.Job:  map 71% reduce 22%
20/06/09 18:16:51 INFO mapreduce.Job:  map 72% reduce 22%
20/06/09 18:16:57 INFO mapreduce.Job:  map 73% reduce 22%
20/06/09 18:17:01 INFO mapreduce.Job:  map 74% reduce 22%
20/06/09 18:17:05 INFO mapreduce.Job:  map 75% reduce 22%
20/06/09 18:17:06 INFO mapreduce.Job:  map 76% reduce 23%
20/06/09 18:17:13 INFO mapreduce.Job:  map 77% reduce 23%
20/06/09 18:17:17 INFO mapreduce.Job:  map 78% reduce 23%
20/06/09 18:17:18 INFO mapreduce.Job:  map 79% reduce 23%
20/06/09 18:17:19 INFO mapreduce.Job:  map 80% reduce 24%
20/06/09 18:17:21 INFO mapreduce.Job:  map 81% reduce 24%
20/06/09 18:17:22 INFO mapreduce.Job:  map 81% reduce 26%
20/06/09 18:17:25 INFO mapreduce.Job:  map 81% reduce 27%
20/06/09 18:17:29 INFO mapreduce.Job:  map 82% reduce 27%
20/06/09 18:17:31 INFO mapreduce.Job:  map 83% reduce 27%
20/06/09 18:17:33 INFO mapreduce.Job:  map 85% reduce 27%
20/06/09 18:17:34 INFO mapreduce.Job:  map 86% reduce 27%
20/06/09 18:17:37 INFO mapreduce.Job:  map 87% reduce 27%
20/06/09 18:17:41 INFO mapreduce.Job:  map 88% reduce 27%
20/06/09 18:17:43 INFO mapreduce.Job:  map 89% reduce 28%
20/06/09 18:17:46 INFO mapreduce.Job:  map 89% reduce 29%
20/06/09 18:17:48 INFO mapreduce.Job:  map 90% reduce 29%
20/06/09 18:17:50 INFO mapreduce.Job:  map 91% reduce 29%
20/06/09 18:17:53 INFO mapreduce.Job:  map 92% reduce 29%
20/06/09 18:17:56 INFO mapreduce.Job:  map 94% reduce 29%
20/06/09 18:17:57 INFO mapreduce.Job:  map 95% reduce 29%
20/06/09 18:18:00 INFO mapreduce.Job:  map 96% reduce 29%
20/06/09 18:18:01 INFO mapreduce.Job:  map 97% reduce 31%
20/06/09 18:18:04 INFO mapreduce.Job:  map 98% reduce 31%
20/06/09 18:18:06 INFO mapreduce.Job:  map 99% reduce 31%
20/06/09 18:18:08 INFO mapreduce.Job:  map 99% reduce 32%
20/06/09 18:18:12 INFO mapreduce.Job:  map 100% reduce 32%
20/06/09 18:18:13 INFO mapreduce.Job:  map 100% reduce 33%
20/06/09 18:18:16 INFO mapreduce.Job:  map 100% reduce 69%
20/06/09 18:18:19 INFO mapreduce.Job:  map 100% reduce 75%
20/06/09 18:18:22 INFO mapreduce.Job:  map 100% reduce 80%
20/06/09 18:18:25 INFO mapreduce.Job:  map 100% reduce 86%
20/06/09 18:18:29 INFO mapreduce.Job:  map 100% reduce 94%
20/06/09 18:18:31 INFO mapreduce.Job:  map 100% reduce 100%
20/06/09 18:18:31 INFO mapreduce.Job: Job job_1591692790427_0008 completed successfully
20/06/09 18:18:31 INFO mapreduce.Job: Counters: 51
	File System Counters
		FILE: Number of bytes read=1682586415
		FILE: Number of bytes written=2491998898
		FILE: Number of read operations=0
		FILE: Number of large read operations=0
		FILE: Number of write operations=0
		HDFS: Number of bytes read=11025713309
		HDFS: Number of bytes written=480272252
		HDFS: Number of read operations=273
		HDFS: Number of large read operations=0
		HDFS: Number of write operations=2
	Job Counters 
		Killed map tasks=2
		Launched map tasks=92
		Launched reduce tasks=1
		Data-local map tasks=89
		Rack-local map tasks=3
		Total time spent by all maps in occupied slots (ms)=4946862
		Total time spent by all reduces in occupied slots (ms)=334120
		Total time spent by all map tasks (ms)=4946862
		Total time spent by all reduce tasks (ms)=334120
		Total vcore-milliseconds taken by all map tasks=4946862
		Total vcore-milliseconds taken by all reduce tasks=334120
		Total megabyte-milliseconds taken by all map tasks=5065586688
		Total megabyte-milliseconds taken by all reduce tasks=342138880
	Map-Reduce Framework
		Map input records=266877
		Map output records=1010372010
		Map output bytes=19268957660
		Map output materialized bytes=798202077
		Input split bytes=10530
		Combine input records=1035365577
		Combine output records=47602890
		Reduce input groups=9839441
		Reduce shuffle bytes=798202077
		Reduce input records=22609323
		Reduce output records=9839441
		Spilled Records=70891184
		Shuffled Maps =90
		Failed Shuffles=0
		Merged Map outputs=90
		GC time elapsed (ms)=103954
		CPU time spent (ms)=2003410
		Physical memory (bytes) snapshot=25112363008
		Virtual memory (bytes) snapshot=191956185088
		Total committed heap usage (bytes)=18934136832
	Shuffle Errors
		BAD_ID=0
		CONNECTION=0
		IO_ERROR=0
		WRONG_LENGTH=0
		WRONG_MAP=0
		WRONG_REDUCE=0
	File Input Format Counters 
		Bytes Read=11025702779
	File Output Format Counters 
		Bytes Written=480272252
20/06/09 18:18:31 INFO client.RMProxy: Connecting to ResourceManager at master/10.51.17.95:8032
20/06/09 18:18:31 INFO input.FileInputFormat: Total input paths to process : 1
20/06/09 18:18:31 INFO mapreduce.JobSubmitter: number of splits:4
20/06/09 18:18:32 INFO mapreduce.JobSubmitter: Submitting tokens for job: job_1591692790427_0009
20/06/09 18:18:32 INFO impl.YarnClientImpl: Submitted application application_1591692790427_0009
20/06/09 18:18:32 INFO mapreduce.Job: The url to track the job: http://master:8088/proxy/application_1591692790427_0009/
20/06/09 18:18:32 INFO mapreduce.Job: Running job: job_1591692790427_0009
20/06/09 18:18:40 INFO mapreduce.Job: Job job_1591692790427_0009 running in uber mode : false
20/06/09 18:18:40 INFO mapreduce.Job:  map 0% reduce 0%
20/06/09 18:18:51 INFO mapreduce.Job:  map 6% reduce 0%
20/06/09 18:18:52 INFO mapreduce.Job:  map 65% reduce 0%
20/06/09 18:18:53 INFO mapreduce.Job:  map 67% reduce 0%
20/06/09 18:18:54 INFO mapreduce.Job:  map 73% reduce 0%
20/06/09 18:18:55 INFO mapreduce.Job:  map 79% reduce 0%
20/06/09 18:18:57 INFO mapreduce.Job:  map 94% reduce 0%
20/06/09 18:18:59 INFO mapreduce.Job:  map 100% reduce 0%
20/06/09 18:19:03 INFO mapreduce.Job:  map 100% reduce 79%
20/06/09 18:19:06 INFO mapreduce.Job:  map 100% reduce 94%
20/06/09 18:19:08 INFO mapreduce.Job:  map 100% reduce 100%
20/06/09 18:19:08 INFO mapreduce.Job: Job job_1591692790427_0009 completed successfully
20/06/09 18:19:08 INFO mapreduce.Job: Counters: 50
	File System Counters
		FILE: Number of bytes read=833087712
		FILE: Number of bytes written=1250244891
		FILE: Number of read operations=0
		FILE: Number of large read operations=0
		FILE: Number of write operations=0
		HDFS: Number of bytes read=480274623
		HDFS: Number of bytes written=338485471
		HDFS: Number of read operations=19
		HDFS: Number of large read operations=0
		HDFS: Number of write operations=2
	Job Counters 
		Killed map tasks=1
		Launched map tasks=5
		Launched reduce tasks=1
		Data-local map tasks=5
		Total time spent by all maps in occupied slots (ms)=56866
		Total time spent by all reduces in occupied slots (ms)=12776
		Total time spent by all map tasks (ms)=56866
		Total time spent by all reduce tasks (ms)=12776
		Total vcore-milliseconds taken by all map tasks=56866
		Total vcore-milliseconds taken by all reduce tasks=12776
		Total megabyte-milliseconds taken by all map tasks=58230784
		Total megabyte-milliseconds taken by all reduce tasks=13082624
	Map-Reduce Framework
		Map input records=9839441
		Map output records=9839441
		Map output bytes=396864938
		Map output materialized bytes=416543844
		Input split bytes=504
		Combine input records=0
		Combine output records=0
		Reduce input groups=1249
		Reduce shuffle bytes=416543844
		Reduce input records=9839441
		Reduce output records=9839441
		Spilled Records=29518323
		Shuffled Maps =4
		Failed Shuffles=0
		Merged Map outputs=4
		GC time elapsed (ms)=1694
		CPU time spent (ms)=43630
		Physical memory (bytes) snapshot=1290964992
		Virtual memory (bytes) snapshot=10551017472
		Total committed heap usage (bytes)=941096960
	Shuffle Errors
		BAD_ID=0
		CONNECTION=0
		IO_ERROR=0
		WRONG_LENGTH=0
		WRONG_MAP=0
		WRONG_REDUCE=0
	File Input Format Counters 
		Bytes Read=480274119
	File Output Format Counters 
		Bytes Written=338485471
