20/06/08 13:04:34 INFO client.RMProxy: Connecting to ResourceManager at master/10.51.17.95:8032
20/06/08 13:04:35 INFO input.FileInputFormat: Total input paths to process : 16
20/06/08 13:04:35 INFO mapreduce.JobSubmitter: number of splits:16
20/06/08 13:04:36 INFO mapreduce.JobSubmitter: Submitting tokens for job: job_1591589066145_0001
20/06/08 13:04:36 INFO impl.YarnClientImpl: Submitted application application_1591589066145_0001
20/06/08 13:04:36 INFO mapreduce.Job: The url to track the job: http://master:8088/proxy/application_1591589066145_0001/
20/06/08 13:04:36 INFO mapreduce.Job: Running job: job_1591589066145_0001
20/06/08 13:04:41 INFO mapreduce.Job: Job job_1591589066145_0001 running in uber mode : false
20/06/08 13:04:41 INFO mapreduce.Job:  map 0% reduce 0%
20/06/08 13:04:55 INFO mapreduce.Job:  map 4% reduce 0%
20/06/08 13:04:56 INFO mapreduce.Job:  map 25% reduce 0%
20/06/08 13:04:58 INFO mapreduce.Job:  map 29% reduce 0%
20/06/08 13:04:59 INFO mapreduce.Job:  map 50% reduce 0%
20/06/08 13:05:00 INFO mapreduce.Job:  map 58% reduce 0%
20/06/08 13:05:49 INFO mapreduce.Job:  map 69% reduce 0%
20/06/08 13:05:50 INFO mapreduce.Job:  map 71% reduce 0%
20/06/08 13:05:58 INFO mapreduce.Job:  map 79% reduce 0%
20/06/08 13:06:00 INFO mapreduce.Job:  map 79% reduce 13%
20/06/08 13:06:06 INFO mapreduce.Job:  map 81% reduce 13%
20/06/08 13:06:09 INFO mapreduce.Job:  map 83% reduce 15%
20/06/08 13:06:10 INFO mapreduce.Job:  map 90% reduce 15%
20/06/08 13:06:11 INFO mapreduce.Job:  map 94% reduce 15%
20/06/08 13:06:12 INFO mapreduce.Job:  map 96% reduce 25%
20/06/08 13:06:15 INFO mapreduce.Job:  map 96% reduce 29%
20/06/08 13:06:21 INFO mapreduce.Job:  map 98% reduce 29%
20/06/08 13:06:22 INFO mapreduce.Job:  map 100% reduce 100%
20/06/08 13:06:24 INFO mapreduce.Job: Job job_1591589066145_0001 completed successfully
20/06/08 13:06:24 INFO mapreduce.Job: Counters: 50
	File System Counters
		FILE: Number of bytes read=358
		FILE: Number of bytes written=2094154
		FILE: Number of read operations=0
		FILE: Number of large read operations=0
		FILE: Number of write operations=0
		HDFS: Number of bytes read=4166
		HDFS: Number of bytes written=215
		HDFS: Number of read operations=67
		HDFS: Number of large read operations=0
		HDFS: Number of write operations=3
	Job Counters 
		Launched map tasks=16
		Launched reduce tasks=1
		Data-local map tasks=14
		Rack-local map tasks=2
		Total time spent by all maps in occupied slots (ms)=1144829
		Total time spent by all reduces in occupied slots (ms)=30914
		Total time spent by all map tasks (ms)=1144829
		Total time spent by all reduce tasks (ms)=30914
		Total vcore-milliseconds taken by all map tasks=1144829
		Total vcore-milliseconds taken by all reduce tasks=30914
		Total megabyte-milliseconds taken by all map tasks=1172304896
		Total megabyte-milliseconds taken by all reduce tasks=31655936
	Map-Reduce Framework
		Map input records=16
		Map output records=32
		Map output bytes=288
		Map output materialized bytes=448
		Input split bytes=2278
		Combine input records=0
		Combine output records=0
		Reduce input groups=2
		Reduce shuffle bytes=448
		Reduce input records=32
		Reduce output records=0
		Spilled Records=64
		Shuffled Maps =16
		Failed Shuffles=0
		Merged Map outputs=16
		GC time elapsed (ms)=8758
		CPU time spent (ms)=467660
		Physical memory (bytes) snapshot=4416806912
		Virtual memory (bytes) snapshot=35814572032
		Total committed heap usage (bytes)=3351248896
	Shuffle Errors
		BAD_ID=0
		CONNECTION=0
		IO_ERROR=0
		WRONG_LENGTH=0
		WRONG_MAP=0
		WRONG_REDUCE=0
	File Input Format Counters 
		Bytes Read=1888
	File Output Format Counters 
		Bytes Written=97
