20/06/13 01:44:02 INFO client.RMProxy: Connecting to ResourceManager at master/10.51.17.95:8032
20/06/13 01:44:03 INFO client.RMProxy: Connecting to ResourceManager at master/10.51.17.95:8032
20/06/13 01:44:03 INFO input.FileInputFormat: Total input paths to process : 10
20/06/13 01:44:04 INFO mapreduce.JobSubmitter: number of splits:80
20/06/13 01:44:04 INFO mapreduce.JobSubmitter: Submitting tokens for job: job_1591980098205_0002
20/06/13 01:44:04 INFO impl.YarnClientImpl: Submitted application application_1591980098205_0002
20/06/13 01:44:04 INFO mapreduce.Job: The url to track the job: http://master:8088/proxy/application_1591980098205_0002/
20/06/13 01:44:04 INFO mapreduce.Job: Running job: job_1591980098205_0002
20/06/13 01:44:11 INFO mapreduce.Job: Job job_1591980098205_0002 running in uber mode : false
20/06/13 01:44:11 INFO mapreduce.Job:  map 0% reduce 0%
20/06/13 01:44:19 INFO mapreduce.Job:  map 1% reduce 0%
20/06/13 01:44:26 INFO mapreduce.Job:  map 3% reduce 0%
20/06/13 01:44:27 INFO mapreduce.Job:  map 8% reduce 0%
20/06/13 01:44:28 INFO mapreduce.Job:  map 10% reduce 0%
20/06/13 01:44:29 INFO mapreduce.Job:  map 12% reduce 0%
20/06/13 01:44:31 INFO mapreduce.Job:  map 14% reduce 0%
20/06/13 01:44:36 INFO mapreduce.Job:  map 15% reduce 0%
20/06/13 01:44:37 INFO mapreduce.Job:  map 16% reduce 0%
20/06/13 01:44:40 INFO mapreduce.Job:  map 17% reduce 0%
20/06/13 01:44:41 INFO mapreduce.Job:  map 19% reduce 0%
20/06/13 01:44:43 INFO mapreduce.Job:  map 20% reduce 0%
20/06/13 01:44:44 INFO mapreduce.Job:  map 22% reduce 0%
20/06/13 01:44:46 INFO mapreduce.Job:  map 23% reduce 0%
20/06/13 01:44:47 INFO mapreduce.Job:  map 24% reduce 0%
20/06/13 01:44:50 INFO mapreduce.Job:  map 25% reduce 0%
20/06/13 01:44:53 INFO mapreduce.Job:  map 26% reduce 0%
20/06/13 01:44:56 INFO mapreduce.Job:  map 28% reduce 0%
20/06/13 01:44:58 INFO mapreduce.Job:  map 30% reduce 0%
20/06/13 01:45:01 INFO mapreduce.Job:  map 31% reduce 0%
20/06/13 01:45:04 INFO mapreduce.Job:  map 32% reduce 0%
20/06/13 01:45:09 INFO mapreduce.Job:  map 33% reduce 0%
20/06/13 01:45:10 INFO mapreduce.Job:  map 34% reduce 0%
20/06/13 01:45:12 INFO mapreduce.Job:  map 35% reduce 0%
20/06/13 01:45:13 INFO mapreduce.Job:  map 36% reduce 0%
20/06/13 01:45:14 INFO mapreduce.Job:  map 36% reduce 1%
20/06/13 01:45:15 INFO mapreduce.Job:  map 37% reduce 2%
20/06/13 01:45:16 INFO mapreduce.Job:  map 37% reduce 3%
20/06/13 01:45:19 INFO mapreduce.Job:  map 37% reduce 4%
20/06/13 01:45:22 INFO mapreduce.Job:  map 38% reduce 4%
20/06/13 01:45:24 INFO mapreduce.Job:  map 38% reduce 5%
20/06/13 01:45:28 INFO mapreduce.Job:  map 39% reduce 5%
20/06/13 01:45:35 INFO mapreduce.Job:  map 40% reduce 5%
20/06/13 01:45:38 INFO mapreduce.Job:  map 41% reduce 5%
20/06/13 01:45:39 INFO mapreduce.Job:  map 42% reduce 5%
20/06/13 01:45:41 INFO mapreduce.Job:  map 43% reduce 5%
20/06/13 01:45:46 INFO mapreduce.Job:  map 44% reduce 6%
20/06/13 01:45:48 INFO mapreduce.Job:  map 45% reduce 6%
20/06/13 01:45:50 INFO mapreduce.Job:  map 46% reduce 6%
20/06/13 01:45:51 INFO mapreduce.Job:  map 46% reduce 7%
20/06/13 01:45:52 INFO mapreduce.Job:  map 47% reduce 7%
20/06/13 01:45:54 INFO mapreduce.Job:  map 48% reduce 7%
20/06/13 01:45:57 INFO mapreduce.Job:  map 49% reduce 7%
20/06/13 01:45:58 INFO mapreduce.Job:  map 50% reduce 7%
20/06/13 01:46:00 INFO mapreduce.Job:  map 51% reduce 7%
20/06/13 01:46:03 INFO mapreduce.Job:  map 52% reduce 7%
20/06/13 01:46:07 INFO mapreduce.Job:  map 53% reduce 7%
20/06/13 01:46:10 INFO mapreduce.Job:  map 55% reduce 8%
20/06/13 01:46:16 INFO mapreduce.Job:  map 56% reduce 8%
20/06/13 01:46:17 INFO mapreduce.Job:  map 57% reduce 8%
20/06/13 01:46:19 INFO mapreduce.Job:  map 58% reduce 8%
20/06/13 01:46:20 INFO mapreduce.Job:  map 59% reduce 8%
20/06/13 01:46:23 INFO mapreduce.Job:  map 59% reduce 9%
20/06/13 01:46:25 INFO mapreduce.Job:  map 60% reduce 9%
20/06/13 01:46:35 INFO mapreduce.Job:  map 61% reduce 9%
20/06/13 01:46:37 INFO mapreduce.Job:  map 61% reduce 10%
20/06/13 01:46:41 INFO mapreduce.Job:  map 62% reduce 10%
20/06/13 01:46:44 INFO mapreduce.Job:  map 63% reduce 10%
20/06/13 01:46:51 INFO mapreduce.Job:  map 64% reduce 10%
20/06/13 01:46:52 INFO mapreduce.Job:  map 64% reduce 11%
20/06/13 01:46:54 INFO mapreduce.Job:  map 67% reduce 11%
20/06/13 01:46:59 INFO mapreduce.Job:  map 68% reduce 11%
20/06/13 01:47:00 INFO mapreduce.Job:  map 70% reduce 11%
20/06/13 01:47:01 INFO mapreduce.Job:  map 71% reduce 11%
20/06/13 01:47:03 INFO mapreduce.Job:  map 72% reduce 11%
20/06/13 01:47:04 INFO mapreduce.Job:  map 72% reduce 12%
20/06/13 01:47:13 INFO mapreduce.Job:  map 73% reduce 12%
20/06/13 01:47:19 INFO mapreduce.Job:  map 73% reduce 13%
20/06/13 01:47:21 INFO mapreduce.Job:  map 74% reduce 13%
20/06/13 01:47:30 INFO mapreduce.Job:  map 75% reduce 13%
20/06/13 01:47:33 INFO mapreduce.Job:  map 76% reduce 13%
20/06/13 01:47:36 INFO mapreduce.Job:  map 76% reduce 14%
20/06/13 01:47:37 INFO mapreduce.Job:  map 77% reduce 14%
20/06/13 01:47:43 INFO mapreduce.Job:  map 77% reduce 15%
20/06/13 01:47:48 INFO mapreduce.Job:  map 77% reduce 16%
20/06/13 01:47:58 INFO mapreduce.Job:  map 77% reduce 17%
20/06/13 01:48:09 INFO mapreduce.Job:  map 78% reduce 17%
20/06/13 01:48:12 INFO mapreduce.Job:  map 78% reduce 18%
20/06/13 01:48:16 INFO mapreduce.Job:  map 78% reduce 19%
20/06/13 01:48:17 INFO mapreduce.Job:  map 79% reduce 19%
20/06/13 01:48:20 INFO mapreduce.Job:  map 80% reduce 19%
20/06/13 01:48:24 INFO mapreduce.Job:  map 81% reduce 20%
20/06/13 01:48:30 INFO mapreduce.Job:  map 81% reduce 21%
20/06/13 01:48:32 INFO mapreduce.Job:  map 82% reduce 21%
20/06/13 01:48:37 INFO mapreduce.Job:  map 82% reduce 22%
20/06/13 01:48:41 INFO mapreduce.Job:  map 83% reduce 22%
20/06/13 01:48:42 INFO mapreduce.Job:  map 83% reduce 23%
20/06/13 01:48:43 INFO mapreduce.Job:  map 84% reduce 23%
20/06/13 01:48:44 INFO mapreduce.Job:  map 85% reduce 23%
20/06/13 01:48:45 INFO mapreduce.Job:  map 85% reduce 24%
20/06/13 01:48:51 INFO mapreduce.Job:  map 86% reduce 24%
20/06/13 01:48:55 INFO mapreduce.Job:  map 87% reduce 24%
20/06/13 01:48:57 INFO mapreduce.Job:  map 88% reduce 25%
20/06/13 01:48:59 INFO mapreduce.Job:  map 89% reduce 25%
20/06/13 01:49:00 INFO mapreduce.Job:  map 90% reduce 26%
20/06/13 01:49:06 INFO mapreduce.Job:  map 91% reduce 26%
20/06/13 01:49:07 INFO mapreduce.Job:  map 91% reduce 27%
20/06/13 01:49:08 INFO mapreduce.Job:  map 92% reduce 27%
20/06/13 01:49:11 INFO mapreduce.Job:  map 93% reduce 27%
20/06/13 01:49:12 INFO mapreduce.Job:  map 93% reduce 28%
20/06/13 01:49:18 INFO mapreduce.Job:  map 94% reduce 28%
20/06/13 01:49:22 INFO mapreduce.Job:  map 95% reduce 28%
20/06/13 01:49:24 INFO mapreduce.Job:  map 95% reduce 29%
20/06/13 01:49:27 INFO mapreduce.Job:  map 95% reduce 30%
20/06/13 01:49:28 INFO mapreduce.Job:  map 96% reduce 30%
20/06/13 01:49:37 INFO mapreduce.Job:  map 97% reduce 31%
20/06/13 01:49:46 INFO mapreduce.Job:  map 98% reduce 31%
20/06/13 01:49:49 INFO mapreduce.Job:  map 98% reduce 32%
20/06/13 01:49:53 INFO mapreduce.Job:  map 99% reduce 32%
20/06/13 01:49:55 INFO mapreduce.Job:  map 99% reduce 33%
20/06/13 01:50:03 INFO mapreduce.Job:  map 100% reduce 33%
20/06/13 01:50:07 INFO mapreduce.Job:  map 100% reduce 66%
20/06/13 01:50:10 INFO mapreduce.Job:  map 100% reduce 68%
20/06/13 01:50:16 INFO mapreduce.Job:  map 100% reduce 70%
20/06/13 01:50:19 INFO mapreduce.Job:  map 100% reduce 72%
20/06/13 01:50:22 INFO mapreduce.Job:  map 100% reduce 73%
20/06/13 01:50:25 INFO mapreduce.Job:  map 100% reduce 75%
20/06/13 01:50:28 INFO mapreduce.Job:  map 100% reduce 76%
20/06/13 01:50:31 INFO mapreduce.Job:  map 100% reduce 77%
20/06/13 01:50:34 INFO mapreduce.Job:  map 100% reduce 79%
20/06/13 01:50:37 INFO mapreduce.Job:  map 100% reduce 80%
20/06/13 01:50:40 INFO mapreduce.Job:  map 100% reduce 82%
20/06/13 01:50:46 INFO mapreduce.Job:  map 100% reduce 84%
20/06/13 01:50:49 INFO mapreduce.Job:  map 100% reduce 85%
20/06/13 01:50:52 INFO mapreduce.Job:  map 100% reduce 87%
20/06/13 01:50:55 INFO mapreduce.Job:  map 100% reduce 88%
20/06/13 01:50:58 INFO mapreduce.Job:  map 100% reduce 89%
20/06/13 01:51:01 INFO mapreduce.Job:  map 100% reduce 90%
20/06/13 01:51:04 INFO mapreduce.Job:  map 100% reduce 92%
20/06/13 01:51:07 INFO mapreduce.Job:  map 100% reduce 94%
20/06/13 01:51:13 INFO mapreduce.Job:  map 100% reduce 96%
20/06/13 01:51:16 INFO mapreduce.Job:  map 100% reduce 98%
20/06/13 01:51:19 INFO mapreduce.Job:  map 100% reduce 99%
20/06/13 01:51:20 INFO mapreduce.Job:  map 100% reduce 100%
20/06/13 01:51:22 INFO mapreduce.Job: Job job_1591980098205_0002 completed successfully
20/06/13 01:51:23 INFO mapreduce.Job: Counters: 51
	File System Counters
		FILE: Number of bytes read=31974624532
		FILE: Number of bytes written=42735152199
		FILE: Number of read operations=0
		FILE: Number of large read operations=0
		FILE: Number of write operations=0
		HDFS: Number of bytes read=10774114493
		HDFS: Number of bytes written=10772875599
		HDFS: Number of read operations=329
		HDFS: Number of large read operations=0
		HDFS: Number of write operations=6
	Job Counters 
		Killed map tasks=4
		Launched map tasks=84
		Launched reduce tasks=3
		Data-local map tasks=74
		Rack-local map tasks=10
		Total time spent by all maps in occupied slots (ms)=3449770
		Total time spent by all reduces in occupied slots (ms)=1164814
		Total time spent by all map tasks (ms)=3449770
		Total time spent by all reduce tasks (ms)=1164814
		Total vcore-milliseconds taken by all map tasks=3449770
		Total vcore-milliseconds taken by all reduce tasks=1164814
		Total megabyte-milliseconds taken by all map tasks=3532564480
		Total megabyte-milliseconds taken by all reduce tasks=1192769536
	Map-Reduce Framework
		Map input records=1023087
		Map output records=1023087
		Map output bytes=10745670915
		Map output materialized bytes=10751423635
		Input split bytes=9040
		Combine input records=0
		Combine output records=0
		Reduce input groups=1023087
		Reduce shuffle bytes=10751423635
		Reduce input records=1023087
		Reduce output records=1023087
		Spilled Records=4065673
		Shuffled Maps =240
		Failed Shuffles=0
		Merged Map outputs=240
		GC time elapsed (ms)=14181
		CPU time spent (ms)=263870
		Physical memory (bytes) snapshot=22034628608
		Virtual memory (bytes) snapshot=175111372800
		Total committed heap usage (bytes)=16189489152
	Shuffle Errors
		BAD_ID=0
		CONNECTION=0
		IO_ERROR=0
		WRONG_LENGTH=0
		WRONG_MAP=0
		WRONG_REDUCE=0
	File Input Format Counters 
		Bytes Read=10774105453
	File Output Format Counters 
		Bytes Written=10772875599
