20/06/10 12:47:06 INFO client.RMProxy: Connecting to ResourceManager at master/10.51.17.95:8032
20/06/10 12:47:07 INFO client.RMProxy: Connecting to ResourceManager at master/10.51.17.95:8032
20/06/10 12:47:07 INFO input.FileInputFormat: Total input paths to process : 10
20/06/10 12:47:07 INFO mapreduce.JobSubmitter: number of splits:80
20/06/10 12:47:07 INFO mapreduce.JobSubmitter: Submitting tokens for job: job_1591760764197_0002
20/06/10 12:47:08 INFO impl.YarnClientImpl: Submitted application application_1591760764197_0002
20/06/10 12:47:08 INFO mapreduce.Job: The url to track the job: http://master:8088/proxy/application_1591760764197_0002/
20/06/10 12:47:08 INFO mapreduce.Job: Running job: job_1591760764197_0002
20/06/10 12:47:16 INFO mapreduce.Job: Job job_1591760764197_0002 running in uber mode : false
20/06/10 12:47:16 INFO mapreduce.Job:  map 0% reduce 0%
20/06/10 12:47:27 INFO mapreduce.Job:  map 1% reduce 0%
20/06/10 12:47:28 INFO mapreduce.Job:  map 3% reduce 0%
20/06/10 12:47:29 INFO mapreduce.Job:  map 4% reduce 0%
20/06/10 12:47:30 INFO mapreduce.Job:  map 6% reduce 0%
20/06/10 12:47:31 INFO mapreduce.Job:  map 9% reduce 0%
20/06/10 12:47:32 INFO mapreduce.Job:  map 15% reduce 0%
20/06/10 12:47:34 INFO mapreduce.Job:  map 16% reduce 0%
20/06/10 12:47:35 INFO mapreduce.Job:  map 17% reduce 0%
20/06/10 12:47:37 INFO mapreduce.Job:  map 18% reduce 0%
20/06/10 12:47:38 INFO mapreduce.Job:  map 19% reduce 0%
20/06/10 12:47:39 INFO mapreduce.Job:  map 20% reduce 0%
20/06/10 12:47:41 INFO mapreduce.Job:  map 24% reduce 0%
20/06/10 12:47:42 INFO mapreduce.Job:  map 25% reduce 0%
20/06/10 12:47:48 INFO mapreduce.Job:  map 25% reduce 3%
20/06/10 12:47:49 INFO mapreduce.Job:  map 26% reduce 3%
20/06/10 12:47:51 INFO mapreduce.Job:  map 28% reduce 4%
20/06/10 12:47:52 INFO mapreduce.Job:  map 29% reduce 4%
20/06/10 12:47:54 INFO mapreduce.Job:  map 31% reduce 4%
20/06/10 12:47:55 INFO mapreduce.Job:  map 32% reduce 4%
20/06/10 12:47:57 INFO mapreduce.Job:  map 32% reduce 5%
20/06/10 12:47:59 INFO mapreduce.Job:  map 33% reduce 5%
20/06/10 12:48:01 INFO mapreduce.Job:  map 34% reduce 5%
20/06/10 12:48:02 INFO mapreduce.Job:  map 35% reduce 6%
20/06/10 12:48:04 INFO mapreduce.Job:  map 36% reduce 6%
20/06/10 12:48:05 INFO mapreduce.Job:  map 37% reduce 6%
20/06/10 12:48:06 INFO mapreduce.Job:  map 38% reduce 7%
20/06/10 12:48:08 INFO mapreduce.Job:  map 39% reduce 7%
20/06/10 12:48:09 INFO mapreduce.Job:  map 41% reduce 7%
20/06/10 12:48:11 INFO mapreduce.Job:  map 41% reduce 8%
20/06/10 12:48:14 INFO mapreduce.Job:  map 41% reduce 9%
20/06/10 12:48:17 INFO mapreduce.Job:  map 42% reduce 9%
20/06/10 12:48:19 INFO mapreduce.Job:  map 43% reduce 9%
20/06/10 12:48:20 INFO mapreduce.Job:  map 44% reduce 9%
20/06/10 12:48:22 INFO mapreduce.Job:  map 45% reduce 9%
20/06/10 12:48:23 INFO mapreduce.Job:  map 47% reduce 10%
20/06/10 12:48:26 INFO mapreduce.Job:  map 49% reduce 10%
20/06/10 12:48:27 INFO mapreduce.Job:  map 50% reduce 10%
20/06/10 12:48:29 INFO mapreduce.Job:  map 51% reduce 10%
20/06/10 12:48:30 INFO mapreduce.Job:  map 51% reduce 11%
20/06/10 12:48:31 INFO mapreduce.Job:  map 52% reduce 11%
20/06/10 12:48:32 INFO mapreduce.Job:  map 53% reduce 11%
20/06/10 12:48:34 INFO mapreduce.Job:  map 54% reduce 11%
20/06/10 12:48:35 INFO mapreduce.Job:  map 55% reduce 11%
20/06/10 12:48:36 INFO mapreduce.Job:  map 56% reduce 12%
20/06/10 12:48:37 INFO mapreduce.Job:  map 56% reduce 13%
20/06/10 12:48:41 INFO mapreduce.Job:  map 57% reduce 13%
20/06/10 12:48:43 INFO mapreduce.Job:  map 59% reduce 14%
20/06/10 12:48:46 INFO mapreduce.Job:  map 60% reduce 14%
20/06/10 12:48:49 INFO mapreduce.Job:  map 62% reduce 14%
20/06/10 12:48:50 INFO mapreduce.Job:  map 63% reduce 14%
20/06/10 12:48:52 INFO mapreduce.Job:  map 64% reduce 15%
20/06/10 12:48:54 INFO mapreduce.Job:  map 65% reduce 15%
20/06/10 12:48:56 INFO mapreduce.Job:  map 66% reduce 15%
20/06/10 12:48:58 INFO mapreduce.Job:  map 69% reduce 15%
20/06/10 12:48:59 INFO mapreduce.Job:  map 70% reduce 15%
20/06/10 12:49:00 INFO mapreduce.Job:  map 70% reduce 16%
20/06/10 12:49:01 INFO mapreduce.Job:  map 71% reduce 17%
20/06/10 12:49:03 INFO mapreduce.Job:  map 71% reduce 18%
20/06/10 12:49:05 INFO mapreduce.Job:  map 72% reduce 18%
20/06/10 12:49:06 INFO mapreduce.Job:  map 73% reduce 18%
20/06/10 12:49:07 INFO mapreduce.Job:  map 73% reduce 19%
20/06/10 12:49:09 INFO mapreduce.Job:  map 74% reduce 19%
20/06/10 12:49:12 INFO mapreduce.Job:  map 75% reduce 19%
20/06/10 12:49:14 INFO mapreduce.Job:  map 76% reduce 19%
20/06/10 12:49:17 INFO mapreduce.Job:  map 77% reduce 19%
20/06/10 12:49:18 INFO mapreduce.Job:  map 78% reduce 19%
20/06/10 12:49:19 INFO mapreduce.Job:  map 79% reduce 19%
20/06/10 12:49:20 INFO mapreduce.Job:  map 80% reduce 19%
20/06/10 12:49:22 INFO mapreduce.Job:  map 81% reduce 20%
20/06/10 12:49:25 INFO mapreduce.Job:  map 83% reduce 20%
20/06/10 12:49:28 INFO mapreduce.Job:  map 87% reduce 21%
20/06/10 12:49:30 INFO mapreduce.Job:  map 88% reduce 21%
20/06/10 12:49:31 INFO mapreduce.Job:  map 88% reduce 23%
20/06/10 12:49:33 INFO mapreduce.Job:  map 88% reduce 24%
20/06/10 12:49:34 INFO mapreduce.Job:  map 89% reduce 24%
20/06/10 12:49:36 INFO mapreduce.Job:  map 90% reduce 24%
20/06/10 12:49:38 INFO mapreduce.Job:  map 91% reduce 24%
20/06/10 12:49:40 INFO mapreduce.Job:  map 92% reduce 24%
20/06/10 12:49:45 INFO mapreduce.Job:  map 93% reduce 25%
20/06/10 12:49:46 INFO mapreduce.Job:  map 94% reduce 25%
20/06/10 12:49:49 INFO mapreduce.Job:  map 94% reduce 26%
20/06/10 12:49:52 INFO mapreduce.Job:  map 94% reduce 27%
20/06/10 12:49:58 INFO mapreduce.Job:  map 96% reduce 27%
20/06/10 12:50:01 INFO mapreduce.Job:  map 97% reduce 28%
20/06/10 12:50:02 INFO mapreduce.Job:  map 99% reduce 28%
20/06/10 12:50:05 INFO mapreduce.Job:  map 100% reduce 29%
20/06/10 12:50:08 INFO mapreduce.Job:  map 100% reduce 32%
20/06/10 12:50:11 INFO mapreduce.Job:  map 100% reduce 43%
20/06/10 12:50:14 INFO mapreduce.Job:  map 100% reduce 45%
20/06/10 12:50:20 INFO mapreduce.Job:  map 100% reduce 47%
20/06/10 12:50:22 INFO mapreduce.Job:  map 100% reduce 50%
20/06/10 12:50:23 INFO mapreduce.Job:  map 100% reduce 56%
20/06/10 12:50:25 INFO mapreduce.Job:  map 100% reduce 63%
20/06/10 12:50:26 INFO mapreduce.Job:  map 100% reduce 69%
20/06/10 12:50:28 INFO mapreduce.Job:  map 100% reduce 70%
20/06/10 12:50:32 INFO mapreduce.Job:  map 100% reduce 71%
20/06/10 12:50:35 INFO mapreduce.Job:  map 100% reduce 73%
20/06/10 12:50:38 INFO mapreduce.Job:  map 100% reduce 74%
20/06/10 12:50:40 INFO mapreduce.Job:  map 100% reduce 75%
20/06/10 12:50:43 INFO mapreduce.Job:  map 100% reduce 76%
20/06/10 12:50:44 INFO mapreduce.Job:  map 100% reduce 78%
20/06/10 12:50:47 INFO mapreduce.Job:  map 100% reduce 79%
20/06/10 12:50:50 INFO mapreduce.Job:  map 100% reduce 81%
20/06/10 12:50:55 INFO mapreduce.Job:  map 100% reduce 82%
20/06/10 12:50:56 INFO mapreduce.Job:  map 100% reduce 83%
20/06/10 12:50:58 INFO mapreduce.Job:  map 100% reduce 84%
20/06/10 12:50:59 INFO mapreduce.Job:  map 100% reduce 85%
20/06/10 12:51:01 INFO mapreduce.Job:  map 100% reduce 86%
20/06/10 12:51:02 INFO mapreduce.Job:  map 100% reduce 87%
20/06/10 12:51:07 INFO mapreduce.Job:  map 100% reduce 88%
20/06/10 12:51:08 INFO mapreduce.Job:  map 100% reduce 89%
20/06/10 12:51:10 INFO mapreduce.Job:  map 100% reduce 90%
20/06/10 12:51:11 INFO mapreduce.Job:  map 100% reduce 91%
20/06/10 12:51:13 INFO mapreduce.Job:  map 100% reduce 92%
20/06/10 12:51:14 INFO mapreduce.Job:  map 100% reduce 93%
20/06/10 12:51:17 INFO mapreduce.Job:  map 100% reduce 94%
20/06/10 12:51:19 INFO mapreduce.Job:  map 100% reduce 95%
20/06/10 12:51:20 INFO mapreduce.Job:  map 100% reduce 96%
20/06/10 12:51:22 INFO mapreduce.Job:  map 100% reduce 97%
20/06/10 12:51:23 INFO mapreduce.Job:  map 100% reduce 98%
20/06/10 12:51:26 INFO mapreduce.Job:  map 100% reduce 99%
20/06/10 12:51:28 INFO mapreduce.Job:  map 100% reduce 100%
20/06/10 12:51:30 INFO mapreduce.Job: Job job_1591760764197_0002 completed successfully
20/06/10 12:51:30 INFO mapreduce.Job: Counters: 51
	File System Counters
		FILE: Number of bytes read=31974586191
		FILE: Number of bytes written=42735161465
		FILE: Number of read operations=0
		FILE: Number of large read operations=0
		FILE: Number of write operations=0
		HDFS: Number of bytes read=10774142083
		HDFS: Number of bytes written=10772858441
		HDFS: Number of read operations=329
		HDFS: Number of large read operations=0
		HDFS: Number of write operations=6
	Job Counters 
		Killed map tasks=2
		Launched map tasks=82
		Launched reduce tasks=3
		Data-local map tasks=80
		Rack-local map tasks=2
		Total time spent by all maps in occupied slots (ms)=1687891
		Total time spent by all reduces in occupied slots (ms)=654756
		Total time spent by all map tasks (ms)=1687891
		Total time spent by all reduce tasks (ms)=654756
		Total vcore-milliseconds taken by all map tasks=1687891
		Total vcore-milliseconds taken by all reduce tasks=654756
		Total megabyte-milliseconds taken by all map tasks=1728400384
		Total megabyte-milliseconds taken by all reduce tasks=670470144
	Map-Reduce Framework
		Map input records=1021841
		Map output records=1021841
		Map output bytes=10745672585
		Map output materialized bytes=10751418748
		Input split bytes=9040
		Combine input records=0
		Combine output records=0
		Reduce input groups=1021841
		Reduce shuffle bytes=10751418748
		Reduce input records=1021841
		Reduce output records=1021841
		Spilled Records=4060938
		Shuffled Maps =240
		Failed Shuffles=0
		Merged Map outputs=240
		GC time elapsed (ms)=19596
		CPU time spent (ms)=248220
		Physical memory (bytes) snapshot=21899894784
		Virtual memory (bytes) snapshot=175098486784
		Total committed heap usage (bytes)=16361455616
	Shuffle Errors
		BAD_ID=0
		CONNECTION=0
		IO_ERROR=0
		WRONG_LENGTH=0
		WRONG_MAP=0
		WRONG_REDUCE=0
	File Input Format Counters 
		Bytes Read=10774133043
	File Output Format Counters 
		Bytes Written=10772858441
