20/06/08 13:56:09 INFO client.RMProxy: Connecting to ResourceManager at master/10.51.17.95:8032
20/06/08 13:56:10 INFO input.FileInputFormat: Total input paths to process : 10
20/06/08 13:56:10 INFO mapreduce.JobSubmitter: number of splits:90
20/06/08 13:56:10 INFO mapreduce.JobSubmitter: Submitting tokens for job: job_1591589066145_0019
20/06/08 13:56:10 INFO impl.YarnClientImpl: Submitted application application_1591589066145_0019
20/06/08 13:56:10 INFO mapreduce.Job: The url to track the job: http://master:8088/proxy/application_1591589066145_0019/
20/06/08 13:56:10 INFO mapreduce.Job: Running job: job_1591589066145_0019
20/06/08 13:56:18 INFO mapreduce.Job: Job job_1591589066145_0019 running in uber mode : false
20/06/08 13:56:18 INFO mapreduce.Job:  map 0% reduce 0%
20/06/08 13:56:31 INFO mapreduce.Job:  map 1% reduce 0%
20/06/08 13:56:32 INFO mapreduce.Job:  map 2% reduce 0%
20/06/08 13:56:34 INFO mapreduce.Job:  map 3% reduce 0%
20/06/08 13:56:42 INFO mapreduce.Job:  map 4% reduce 0%
20/06/08 13:56:49 INFO mapreduce.Job:  map 5% reduce 0%
20/06/08 13:56:52 INFO mapreduce.Job:  map 6% reduce 0%
20/06/08 13:57:00 INFO mapreduce.Job:  map 7% reduce 0%
20/06/08 13:57:02 INFO mapreduce.Job:  map 8% reduce 0%
20/06/08 13:57:09 INFO mapreduce.Job:  map 9% reduce 0%
20/06/08 13:57:12 INFO mapreduce.Job:  map 10% reduce 0%
20/06/08 13:57:13 INFO mapreduce.Job:  map 11% reduce 0%
20/06/08 13:57:14 INFO mapreduce.Job:  map 12% reduce 0%
20/06/08 13:57:24 INFO mapreduce.Job:  map 13% reduce 0%
20/06/08 13:57:27 INFO mapreduce.Job:  map 14% reduce 0%
20/06/08 13:57:29 INFO mapreduce.Job:  map 15% reduce 0%
20/06/08 13:57:31 INFO mapreduce.Job:  map 16% reduce 0%
20/06/08 13:57:32 INFO mapreduce.Job:  map 17% reduce 0%
20/06/08 13:57:37 INFO mapreduce.Job:  map 18% reduce 0%
20/06/08 13:57:44 INFO mapreduce.Job:  map 19% reduce 5%
20/06/08 13:57:47 INFO mapreduce.Job:  map 20% reduce 5%
20/06/08 13:57:54 INFO mapreduce.Job:  map 21% reduce 5%
20/06/08 13:57:58 INFO mapreduce.Job:  map 22% reduce 5%
20/06/08 13:58:04 INFO mapreduce.Job:  map 23% reduce 5%
20/06/08 13:58:05 INFO mapreduce.Job:  map 23% reduce 6%
20/06/08 13:58:06 INFO mapreduce.Job:  map 24% reduce 6%
20/06/08 13:58:08 INFO mapreduce.Job:  map 25% reduce 7%
20/06/08 13:58:12 INFO mapreduce.Job:  map 26% reduce 7%
20/06/08 13:58:17 INFO mapreduce.Job:  map 27% reduce 7%
20/06/08 13:58:21 INFO mapreduce.Job:  map 28% reduce 7%
20/06/08 13:58:25 INFO mapreduce.Job:  map 29% reduce 7%
20/06/08 13:58:29 INFO mapreduce.Job:  map 29% reduce 8%
20/06/08 13:58:30 INFO mapreduce.Job:  map 30% reduce 8%
20/06/08 13:58:36 INFO mapreduce.Job:  map 32% reduce 8%
20/06/08 13:58:39 INFO mapreduce.Job:  map 32% reduce 9%
20/06/08 13:58:40 INFO mapreduce.Job:  map 33% reduce 9%
20/06/08 13:58:42 INFO mapreduce.Job:  map 33% reduce 10%
20/06/08 13:58:44 INFO mapreduce.Job:  map 34% reduce 10%
20/06/08 13:58:49 INFO mapreduce.Job:  map 35% reduce 10%
20/06/08 13:58:53 INFO mapreduce.Job:  map 36% reduce 10%
20/06/08 13:58:57 INFO mapreduce.Job:  map 37% reduce 10%
20/06/08 13:59:00 INFO mapreduce.Job:  map 37% reduce 11%
20/06/08 13:59:01 INFO mapreduce.Job:  map 38% reduce 11%
20/06/08 13:59:03 INFO mapreduce.Job:  map 39% reduce 11%
20/06/08 13:59:06 INFO mapreduce.Job:  map 39% reduce 12%
20/06/08 13:59:08 INFO mapreduce.Job:  map 40% reduce 12%
20/06/08 13:59:14 INFO mapreduce.Job:  map 41% reduce 12%
20/06/08 13:59:17 INFO mapreduce.Job:  map 42% reduce 12%
20/06/08 13:59:23 INFO mapreduce.Job:  map 43% reduce 12%
20/06/08 13:59:27 INFO mapreduce.Job:  map 44% reduce 12%
20/06/08 13:59:33 INFO mapreduce.Job:  map 45% reduce 12%
20/06/08 13:59:35 INFO mapreduce.Job:  map 46% reduce 12%
20/06/08 13:59:37 INFO mapreduce.Job:  map 46% reduce 13%
20/06/08 13:59:38 INFO mapreduce.Job:  map 47% reduce 13%
20/06/08 13:59:40 INFO mapreduce.Job:  map 48% reduce 14%
20/06/08 13:59:45 INFO mapreduce.Job:  map 49% reduce 14%
20/06/08 13:59:46 INFO mapreduce.Job:  map 49% reduce 15%
20/06/08 13:59:49 INFO mapreduce.Job:  map 50% reduce 15%
20/06/08 13:59:52 INFO mapreduce.Job:  map 51% reduce 16%
20/06/08 13:59:54 INFO mapreduce.Job:  map 52% reduce 16%
20/06/08 13:59:59 INFO mapreduce.Job:  map 52% reduce 17%
20/06/08 14:00:00 INFO mapreduce.Job:  map 53% reduce 17%
20/06/08 14:00:04 INFO mapreduce.Job:  map 54% reduce 17%
20/06/08 14:00:09 INFO mapreduce.Job:  map 55% reduce 17%
20/06/08 14:00:13 INFO mapreduce.Job:  map 56% reduce 17%
20/06/08 14:00:19 INFO mapreduce.Job:  map 57% reduce 17%
20/06/08 14:00:23 INFO mapreduce.Job:  map 58% reduce 17%
20/06/08 14:00:27 INFO mapreduce.Job:  map 59% reduce 17%
20/06/08 14:00:33 INFO mapreduce.Job:  map 60% reduce 17%
20/06/08 14:00:36 INFO mapreduce.Job:  map 61% reduce 17%
20/06/08 14:00:39 INFO mapreduce.Job:  map 62% reduce 17%
20/06/08 14:00:41 INFO mapreduce.Job:  map 62% reduce 19%
20/06/08 14:00:43 INFO mapreduce.Job:  map 63% reduce 19%
20/06/08 14:00:46 INFO mapreduce.Job:  map 64% reduce 19%
20/06/08 14:00:47 INFO mapreduce.Job:  map 65% reduce 20%
20/06/08 14:00:50 INFO mapreduce.Job:  map 66% reduce 21%
20/06/08 14:00:53 INFO mapreduce.Job:  map 66% reduce 22%
20/06/08 14:00:54 INFO mapreduce.Job:  map 67% reduce 22%
20/06/08 14:00:59 INFO mapreduce.Job:  map 68% reduce 22%
20/06/08 14:01:03 INFO mapreduce.Job:  map 69% reduce 22%
20/06/08 14:01:10 INFO mapreduce.Job:  map 70% reduce 22%
20/06/08 14:01:14 INFO mapreduce.Job:  map 71% reduce 22%
20/06/08 14:01:20 INFO mapreduce.Job:  map 72% reduce 22%
20/06/08 14:01:25 INFO mapreduce.Job:  map 73% reduce 22%
20/06/08 14:01:29 INFO mapreduce.Job:  map 74% reduce 22%
20/06/08 14:01:35 INFO mapreduce.Job:  map 75% reduce 22%
20/06/08 14:01:37 INFO mapreduce.Job:  map 76% reduce 22%
20/06/08 14:01:39 INFO mapreduce.Job:  map 77% reduce 23%
20/06/08 14:01:41 INFO mapreduce.Job:  map 78% reduce 23%
20/06/08 14:01:42 INFO mapreduce.Job:  map 79% reduce 24%
20/06/08 14:01:45 INFO mapreduce.Job:  map 79% reduce 26%
20/06/08 14:01:49 INFO mapreduce.Job:  map 80% reduce 26%
20/06/08 14:01:52 INFO mapreduce.Job:  map 81% reduce 26%
20/06/08 14:01:54 INFO mapreduce.Job:  map 82% reduce 27%
20/06/08 14:01:56 INFO mapreduce.Job:  map 83% reduce 27%
20/06/08 14:01:57 INFO mapreduce.Job:  map 84% reduce 27%
20/06/08 14:02:01 INFO mapreduce.Job:  map 85% reduce 27%
20/06/08 14:02:05 INFO mapreduce.Job:  map 87% reduce 27%
20/06/08 14:02:06 INFO mapreduce.Job:  map 88% reduce 28%
20/06/08 14:02:12 INFO mapreduce.Job:  map 89% reduce 28%
20/06/08 14:02:13 INFO mapreduce.Job:  map 90% reduce 28%
20/06/08 14:02:15 INFO mapreduce.Job:  map 90% reduce 29%
20/06/08 14:02:16 INFO mapreduce.Job:  map 91% reduce 29%
20/06/08 14:02:17 INFO mapreduce.Job:  map 92% reduce 29%
20/06/08 14:02:18 INFO mapreduce.Job:  map 93% reduce 29%
20/06/08 14:02:24 INFO mapreduce.Job:  map 95% reduce 30%
20/06/08 14:02:26 INFO mapreduce.Job:  map 96% reduce 30%
20/06/08 14:02:27 INFO mapreduce.Job:  map 97% reduce 30%
20/06/08 14:02:29 INFO mapreduce.Job:  map 98% reduce 30%
20/06/08 14:02:30 INFO mapreduce.Job:  map 98% reduce 31%
20/06/08 14:02:35 INFO mapreduce.Job:  map 99% reduce 31%
20/06/08 14:02:36 INFO mapreduce.Job:  map 99% reduce 33%
20/06/08 14:02:37 INFO mapreduce.Job:  map 100% reduce 33%
20/06/08 14:02:39 INFO mapreduce.Job:  map 100% reduce 68%
20/06/08 14:02:42 INFO mapreduce.Job:  map 100% reduce 73%
20/06/08 14:02:45 INFO mapreduce.Job:  map 100% reduce 79%
20/06/08 14:02:48 INFO mapreduce.Job:  map 100% reduce 85%
20/06/08 14:02:51 INFO mapreduce.Job:  map 100% reduce 93%
20/06/08 14:02:53 INFO mapreduce.Job:  map 100% reduce 100%
20/06/08 14:02:54 INFO mapreduce.Job: Job job_1591589066145_0019 completed successfully
20/06/08 14:02:54 INFO mapreduce.Job: Counters: 51
	File System Counters
		FILE: Number of bytes read=1450656374
		FILE: Number of bytes written=2163292157
		FILE: Number of read operations=0
		FILE: Number of large read operations=0
		FILE: Number of write operations=0
		HDFS: Number of bytes read=11024476202
		HDFS: Number of bytes written=333991200
		HDFS: Number of read operations=273
		HDFS: Number of large read operations=0
		HDFS: Number of write operations=2
	Job Counters 
		Killed map tasks=1
		Launched map tasks=91
		Launched reduce tasks=1
		Data-local map tasks=90
		Rack-local map tasks=1
		Total time spent by all maps in occupied slots (ms)=4808322
		Total time spent by all reduces in occupied slots (ms)=322622
		Total time spent by all map tasks (ms)=4808322
		Total time spent by all reduce tasks (ms)=322622
		Total vcore-milliseconds taken by all map tasks=4808322
		Total vcore-milliseconds taken by all reduce tasks=322622
		Total megabyte-milliseconds taken by all map tasks=4923721728
		Total megabyte-milliseconds taken by all reduce tasks=330364928
	Map-Reduce Framework
		Map input records=1179682
		Map output records=1010700855
		Map output bytes=15226877736
		Map output materialized bytes=701456139
		Input split bytes=10530
		Combine input records=1035463676
		Combine output records=47400270
		Reduce input groups=9908732
		Reduce shuffle bytes=701456139
		Reduce input records=22637449
		Reduce output records=9908732
		Spilled Records=70037719
		Shuffled Maps =90
		Failed Shuffles=0
		Merged Map outputs=90
		GC time elapsed (ms)=98655
		CPU time spent (ms)=1947310
		Physical memory (bytes) snapshot=25059356672
		Virtual memory (bytes) snapshot=191983038464
		Total committed heap usage (bytes)=18923126784
	Shuffle Errors
		BAD_ID=0
		CONNECTION=0
		IO_ERROR=0
		WRONG_LENGTH=0
		WRONG_MAP=0
		WRONG_REDUCE=0
	File Input Format Counters 
		Bytes Read=11024465672
	File Output Format Counters 
		Bytes Written=333991200
