20/06/08 13:34:06 INFO client.RMProxy: Connecting to ResourceManager at master/10.51.17.95:8032
20/06/08 13:34:06 INFO input.FileInputFormat: Total input paths to process : 10
20/06/08 13:34:06 INFO mapreduce.JobSubmitter: number of splits:90
20/06/08 13:34:06 INFO mapreduce.JobSubmitter: Submitting tokens for job: job_1591589066145_0012
20/06/08 13:34:07 INFO impl.YarnClientImpl: Submitted application application_1591589066145_0012
20/06/08 13:34:07 INFO mapreduce.Job: The url to track the job: http://master:8088/proxy/application_1591589066145_0012/
20/06/08 13:34:07 INFO mapreduce.Job: Running job: job_1591589066145_0012
20/06/08 13:34:15 INFO mapreduce.Job: Job job_1591589066145_0012 running in uber mode : false
20/06/08 13:34:15 INFO mapreduce.Job:  map 0% reduce 0%
20/06/08 13:34:28 INFO mapreduce.Job:  map 1% reduce 0%
20/06/08 13:34:30 INFO mapreduce.Job:  map 2% reduce 0%
20/06/08 13:34:32 INFO mapreduce.Job:  map 3% reduce 0%
20/06/08 13:34:40 INFO mapreduce.Job:  map 4% reduce 0%
20/06/08 13:34:46 INFO mapreduce.Job:  map 5% reduce 0%
20/06/08 13:34:49 INFO mapreduce.Job:  map 6% reduce 0%
20/06/08 13:34:56 INFO mapreduce.Job:  map 7% reduce 0%
20/06/08 13:34:59 INFO mapreduce.Job:  map 8% reduce 0%
20/06/08 13:35:05 INFO mapreduce.Job:  map 9% reduce 0%
20/06/08 13:35:07 INFO mapreduce.Job:  map 10% reduce 0%
20/06/08 13:35:10 INFO mapreduce.Job:  map 11% reduce 0%
20/06/08 13:35:13 INFO mapreduce.Job:  map 12% reduce 0%
20/06/08 13:35:19 INFO mapreduce.Job:  map 13% reduce 0%
20/06/08 13:35:24 INFO mapreduce.Job:  map 14% reduce 0%
20/06/08 13:35:26 INFO mapreduce.Job:  map 15% reduce 0%
20/06/08 13:35:29 INFO mapreduce.Job:  map 17% reduce 0%
20/06/08 13:35:34 INFO mapreduce.Job:  map 18% reduce 0%
20/06/08 13:35:38 INFO mapreduce.Job:  map 18% reduce 5%
20/06/08 13:35:41 INFO mapreduce.Job:  map 19% reduce 5%
20/06/08 13:35:43 INFO mapreduce.Job:  map 20% reduce 5%
20/06/08 13:35:50 INFO mapreduce.Job:  map 21% reduce 5%
20/06/08 13:35:56 INFO mapreduce.Job:  map 22% reduce 5%
20/06/08 13:36:01 INFO mapreduce.Job:  map 23% reduce 5%
20/06/08 13:36:02 INFO mapreduce.Job:  map 24% reduce 5%
20/06/08 13:36:03 INFO mapreduce.Job:  map 25% reduce 6%
20/06/08 13:36:06 INFO mapreduce.Job:  map 25% reduce 7%
20/06/08 13:36:12 INFO mapreduce.Job:  map 26% reduce 7%
20/06/08 13:36:13 INFO mapreduce.Job:  map 27% reduce 7%
20/06/08 13:36:17 INFO mapreduce.Job:  map 28% reduce 7%
20/06/08 13:36:24 INFO mapreduce.Job:  map 29% reduce 7%
20/06/08 13:36:27 INFO mapreduce.Job:  map 30% reduce 8%
20/06/08 13:36:31 INFO mapreduce.Job:  map 31% reduce 8%
20/06/08 13:36:33 INFO mapreduce.Job:  map 31% reduce 9%
20/06/08 13:36:34 INFO mapreduce.Job:  map 32% reduce 9%
20/06/08 13:36:36 INFO mapreduce.Job:  map 33% reduce 10%
20/06/08 13:36:41 INFO mapreduce.Job:  map 34% reduce 10%
20/06/08 13:36:46 INFO mapreduce.Job:  map 35% reduce 10%
20/06/08 13:36:52 INFO mapreduce.Job:  map 36% reduce 10%
20/06/08 13:36:55 INFO mapreduce.Job:  map 37% reduce 10%
20/06/08 13:36:57 INFO mapreduce.Job:  map 38% reduce 10%
20/06/08 13:36:58 INFO mapreduce.Job:  map 38% reduce 11%
20/06/08 13:37:01 INFO mapreduce.Job:  map 39% reduce 12%
20/06/08 13:37:06 INFO mapreduce.Job:  map 40% reduce 12%
20/06/08 13:37:08 INFO mapreduce.Job:  map 41% reduce 12%
20/06/08 13:37:16 INFO mapreduce.Job:  map 42% reduce 12%
20/06/08 13:37:20 INFO mapreduce.Job:  map 43% reduce 12%
20/06/08 13:37:24 INFO mapreduce.Job:  map 44% reduce 12%
20/06/08 13:37:26 INFO mapreduce.Job:  map 44% reduce 13%
20/06/08 13:37:29 INFO mapreduce.Job:  map 45% reduce 13%
20/06/08 13:37:32 INFO mapreduce.Job:  map 46% reduce 13%
20/06/08 13:37:35 INFO mapreduce.Job:  map 47% reduce 14%
20/06/08 13:37:39 INFO mapreduce.Job:  map 48% reduce 14%
20/06/08 13:37:45 INFO mapreduce.Job:  map 49% reduce 14%
20/06/08 13:37:46 INFO mapreduce.Job:  map 49% reduce 15%
20/06/08 13:37:47 INFO mapreduce.Job:  map 50% reduce 15%
20/06/08 13:37:49 INFO mapreduce.Job:  map 51% reduce 15%
20/06/08 13:37:52 INFO mapreduce.Job:  map 52% reduce 15%
20/06/08 13:37:53 INFO mapreduce.Job:  map 52% reduce 17%
20/06/08 13:37:59 INFO mapreduce.Job:  map 53% reduce 17%
20/06/08 13:38:02 INFO mapreduce.Job:  map 54% reduce 17%
20/06/08 13:38:06 INFO mapreduce.Job:  map 55% reduce 17%
20/06/08 13:38:11 INFO mapreduce.Job:  map 56% reduce 17%
20/06/08 13:38:17 INFO mapreduce.Job:  map 57% reduce 17%
20/06/08 13:38:22 INFO mapreduce.Job:  map 58% reduce 17%
20/06/08 13:38:27 INFO mapreduce.Job:  map 59% reduce 17%
20/06/08 13:38:31 INFO mapreduce.Job:  map 60% reduce 17%
20/06/08 13:38:35 INFO mapreduce.Job:  map 61% reduce 17%
20/06/08 13:38:36 INFO mapreduce.Job:  map 61% reduce 18%
20/06/08 13:38:38 INFO mapreduce.Job:  map 62% reduce 18%
20/06/08 13:38:39 INFO mapreduce.Job:  map 62% reduce 19%
20/06/08 13:38:40 INFO mapreduce.Job:  map 63% reduce 19%
20/06/08 13:38:45 INFO mapreduce.Job:  map 64% reduce 20%
20/06/08 13:38:47 INFO mapreduce.Job:  map 65% reduce 20%
20/06/08 13:38:48 INFO mapreduce.Job:  map 65% reduce 21%
20/06/08 13:38:49 INFO mapreduce.Job:  map 66% reduce 21%
20/06/08 13:38:52 INFO mapreduce.Job:  map 67% reduce 21%
20/06/08 13:38:54 INFO mapreduce.Job:  map 67% reduce 22%
20/06/08 13:38:58 INFO mapreduce.Job:  map 68% reduce 22%
20/06/08 13:39:03 INFO mapreduce.Job:  map 69% reduce 22%
20/06/08 13:39:07 INFO mapreduce.Job:  map 70% reduce 22%
20/06/08 13:39:13 INFO mapreduce.Job:  map 71% reduce 22%
20/06/08 13:39:18 INFO mapreduce.Job:  map 72% reduce 22%
20/06/08 13:39:23 INFO mapreduce.Job:  map 73% reduce 22%
20/06/08 13:39:28 INFO mapreduce.Job:  map 74% reduce 22%
20/06/08 13:39:32 INFO mapreduce.Job:  map 75% reduce 22%
20/06/08 13:39:36 INFO mapreduce.Job:  map 76% reduce 22%
20/06/08 13:39:37 INFO mapreduce.Job:  map 77% reduce 22%
20/06/08 13:39:40 INFO mapreduce.Job:  map 77% reduce 24%
20/06/08 13:39:41 INFO mapreduce.Job:  map 78% reduce 24%
20/06/08 13:39:43 INFO mapreduce.Job:  map 79% reduce 25%
20/06/08 13:39:46 INFO mapreduce.Job:  map 79% reduce 26%
20/06/08 13:39:48 INFO mapreduce.Job:  map 80% reduce 26%
20/06/08 13:39:51 INFO mapreduce.Job:  map 81% reduce 26%
20/06/08 13:39:54 INFO mapreduce.Job:  map 82% reduce 26%
20/06/08 13:39:55 INFO mapreduce.Job:  map 82% reduce 27%
20/06/08 13:39:57 INFO mapreduce.Job:  map 83% reduce 27%
20/06/08 13:39:58 INFO mapreduce.Job:  map 84% reduce 27%
20/06/08 13:40:00 INFO mapreduce.Job:  map 85% reduce 27%
20/06/08 13:40:03 INFO mapreduce.Job:  map 86% reduce 27%
20/06/08 13:40:05 INFO mapreduce.Job:  map 87% reduce 27%
20/06/08 13:40:08 INFO mapreduce.Job:  map 88% reduce 27%
20/06/08 13:40:10 INFO mapreduce.Job:  map 89% reduce 28%
20/06/08 13:40:11 INFO mapreduce.Job:  map 90% reduce 28%
20/06/08 13:40:16 INFO mapreduce.Job:  map 91% reduce 28%
20/06/08 13:40:17 INFO mapreduce.Job:  map 92% reduce 28%
20/06/08 13:40:19 INFO mapreduce.Job:  map 92% reduce 29%
20/06/08 13:40:20 INFO mapreduce.Job:  map 93% reduce 29%
20/06/08 13:40:21 INFO mapreduce.Job:  map 94% reduce 29%
20/06/08 13:40:26 INFO mapreduce.Job:  map 95% reduce 29%
20/06/08 13:40:27 INFO mapreduce.Job:  map 96% reduce 29%
20/06/08 13:40:28 INFO mapreduce.Job:  map 97% reduce 31%
20/06/08 13:40:30 INFO mapreduce.Job:  map 98% reduce 31%
20/06/08 13:40:31 INFO mapreduce.Job:  map 98% reduce 32%
20/06/08 13:40:33 INFO mapreduce.Job:  map 99% reduce 32%
20/06/08 13:40:35 INFO mapreduce.Job:  map 100% reduce 32%
20/06/08 13:40:37 INFO mapreduce.Job:  map 100% reduce 68%
20/06/08 13:40:40 INFO mapreduce.Job:  map 100% reduce 74%
20/06/08 13:40:44 INFO mapreduce.Job:  map 100% reduce 80%
20/06/08 13:40:47 INFO mapreduce.Job:  map 100% reduce 87%
20/06/08 13:40:50 INFO mapreduce.Job:  map 100% reduce 96%
20/06/08 13:40:52 INFO mapreduce.Job:  map 100% reduce 100%
20/06/08 13:40:53 INFO mapreduce.Job: Job job_1591589066145_0012 completed successfully
20/06/08 13:40:53 INFO mapreduce.Job: Counters: 50
	File System Counters
		FILE: Number of bytes read=1471822786
		FILE: Number of bytes written=2195060968
		FILE: Number of read operations=0
		FILE: Number of large read operations=0
		FILE: Number of write operations=0
		HDFS: Number of bytes read=11025760950
		HDFS: Number of bytes written=342885686
		HDFS: Number of read operations=273
		HDFS: Number of large read operations=0
		HDFS: Number of write operations=2
	Job Counters 
		Killed map tasks=1
		Launched map tasks=91
		Launched reduce tasks=1
		Data-local map tasks=91
		Total time spent by all maps in occupied slots (ms)=4862835
		Total time spent by all reduces in occupied slots (ms)=325522
		Total time spent by all map tasks (ms)=4862835
		Total time spent by all reduce tasks (ms)=325522
		Total vcore-milliseconds taken by all map tasks=4862835
		Total vcore-milliseconds taken by all reduce tasks=325522
		Total megabyte-milliseconds taken by all map tasks=4979543040
		Total megabyte-milliseconds taken by all reduce tasks=333334528
	Map-Reduce Framework
		Map input records=265863
		Map output records=1009772372
		Map output bytes=15220468315
		Map output materialized bytes=712058538
		Input split bytes=10530
		Combine input records=1034541446
		Combine output records=47412752
		Reduce input groups=9908558
		Reduce shuffle bytes=712058538
		Reduce input records=22643678
		Reduce output records=9908558
		Spilled Records=70056430
		Shuffled Maps =90
		Failed Shuffles=0
		Merged Map outputs=90
		GC time elapsed (ms)=98677
		CPU time spent (ms)=1961280
		Physical memory (bytes) snapshot=25085038592
		Virtual memory (bytes) snapshot=191973089280
		Total committed heap usage (bytes)=18914738176
	Shuffle Errors
		BAD_ID=0
		CONNECTION=0
		IO_ERROR=0
		WRONG_LENGTH=0
		WRONG_MAP=0
		WRONG_REDUCE=0
	File Input Format Counters 
		Bytes Read=11025750420
	File Output Format Counters 
		Bytes Written=342885686
