20/06/08 13:12:03 INFO client.RMProxy: Connecting to ResourceManager at master/10.51.17.95:8032
20/06/08 13:12:03 INFO input.FileInputFormat: Total input paths to process : 10
20/06/08 13:12:03 INFO mapreduce.JobSubmitter: number of splits:90
20/06/08 13:12:04 INFO mapreduce.JobSubmitter: Submitting tokens for job: job_1591589066145_0005
20/06/08 13:12:04 INFO impl.YarnClientImpl: Submitted application application_1591589066145_0005
20/06/08 13:12:04 INFO mapreduce.Job: The url to track the job: http://master:8088/proxy/application_1591589066145_0005/
20/06/08 13:12:04 INFO mapreduce.Job: Running job: job_1591589066145_0005
20/06/08 13:12:10 INFO mapreduce.Job: Job job_1591589066145_0005 running in uber mode : false
20/06/08 13:12:10 INFO mapreduce.Job:  map 0% reduce 0%
20/06/08 13:12:24 INFO mapreduce.Job:  map 1% reduce 0%
20/06/08 13:12:26 INFO mapreduce.Job:  map 3% reduce 0%
20/06/08 13:12:36 INFO mapreduce.Job:  map 4% reduce 0%
20/06/08 13:12:42 INFO mapreduce.Job:  map 5% reduce 0%
20/06/08 13:12:45 INFO mapreduce.Job:  map 6% reduce 0%
20/06/08 13:12:52 INFO mapreduce.Job:  map 7% reduce 0%
20/06/08 13:12:54 INFO mapreduce.Job:  map 8% reduce 0%
20/06/08 13:13:01 INFO mapreduce.Job:  map 9% reduce 0%
20/06/08 13:13:03 INFO mapreduce.Job:  map 10% reduce 0%
20/06/08 13:13:06 INFO mapreduce.Job:  map 11% reduce 0%
20/06/08 13:13:08 INFO mapreduce.Job:  map 12% reduce 0%
20/06/08 13:13:16 INFO mapreduce.Job:  map 13% reduce 0%
20/06/08 13:13:21 INFO mapreduce.Job:  map 14% reduce 0%
20/06/08 13:13:22 INFO mapreduce.Job:  map 15% reduce 0%
20/06/08 13:13:23 INFO mapreduce.Job:  map 16% reduce 0%
20/06/08 13:13:24 INFO mapreduce.Job:  map 17% reduce 0%
20/06/08 13:13:30 INFO mapreduce.Job:  map 18% reduce 0%
20/06/08 13:13:37 INFO mapreduce.Job:  map 19% reduce 0%
20/06/08 13:13:38 INFO mapreduce.Job:  map 19% reduce 5%
20/06/08 13:13:39 INFO mapreduce.Job:  map 20% reduce 5%
20/06/08 13:13:47 INFO mapreduce.Job:  map 21% reduce 5%
20/06/08 13:13:51 INFO mapreduce.Job:  map 22% reduce 5%
20/06/08 13:13:56 INFO mapreduce.Job:  map 23% reduce 5%
20/06/08 13:13:59 INFO mapreduce.Job:  map 24% reduce 5%
20/06/08 13:14:00 INFO mapreduce.Job:  map 24% reduce 6%
20/06/08 13:14:02 INFO mapreduce.Job:  map 25% reduce 6%
20/06/08 13:14:03 INFO mapreduce.Job:  map 25% reduce 7%
20/06/08 13:14:04 INFO mapreduce.Job:  map 26% reduce 7%
20/06/08 13:14:11 INFO mapreduce.Job:  map 27% reduce 7%
20/06/08 13:14:15 INFO mapreduce.Job:  map 28% reduce 7%
20/06/08 13:14:19 INFO mapreduce.Job:  map 29% reduce 7%
20/06/08 13:14:24 INFO mapreduce.Job:  map 30% reduce 7%
20/06/08 13:14:26 INFO mapreduce.Job:  map 31% reduce 7%
20/06/08 13:14:27 INFO mapreduce.Job:  map 31% reduce 9%
20/06/08 13:14:28 INFO mapreduce.Job:  map 32% reduce 9%
20/06/08 13:14:30 INFO mapreduce.Job:  map 32% reduce 10%
20/06/08 13:14:31 INFO mapreduce.Job:  map 33% reduce 10%
20/06/08 13:14:38 INFO mapreduce.Job:  map 34% reduce 10%
20/06/08 13:14:43 INFO mapreduce.Job:  map 35% reduce 10%
20/06/08 13:14:47 INFO mapreduce.Job:  map 36% reduce 10%
20/06/08 13:14:51 INFO mapreduce.Job:  map 37% reduce 10%
20/06/08 13:14:53 INFO mapreduce.Job:  map 38% reduce 10%
20/06/08 13:14:55 INFO mapreduce.Job:  map 38% reduce 11%
20/06/08 13:14:56 INFO mapreduce.Job:  map 39% reduce 11%
20/06/08 13:14:58 INFO mapreduce.Job:  map 39% reduce 12%
20/06/08 13:15:01 INFO mapreduce.Job:  map 40% reduce 12%
20/06/08 13:15:07 INFO mapreduce.Job:  map 41% reduce 12%
20/06/08 13:15:10 INFO mapreduce.Job:  map 42% reduce 12%
20/06/08 13:15:17 INFO mapreduce.Job:  map 43% reduce 12%
20/06/08 13:15:20 INFO mapreduce.Job:  map 44% reduce 12%
20/06/08 13:15:25 INFO mapreduce.Job:  map 45% reduce 13%
20/06/08 13:15:29 INFO mapreduce.Job:  map 46% reduce 13%
20/06/08 13:15:31 INFO mapreduce.Job:  map 47% reduce 13%
20/06/08 13:15:34 INFO mapreduce.Job:  map 47% reduce 14%
20/06/08 13:15:35 INFO mapreduce.Job:  map 48% reduce 14%
20/06/08 13:15:38 INFO mapreduce.Job:  map 49% reduce 14%
20/06/08 13:15:40 INFO mapreduce.Job:  map 49% reduce 15%
20/06/08 13:15:43 INFO mapreduce.Job:  map 50% reduce 15%
20/06/08 13:15:45 INFO mapreduce.Job:  map 51% reduce 15%
20/06/08 13:15:48 INFO mapreduce.Job:  map 52% reduce 15%
20/06/08 13:15:49 INFO mapreduce.Job:  map 52% reduce 16%
20/06/08 13:15:50 INFO mapreduce.Job:  map 53% reduce 16%
20/06/08 13:15:52 INFO mapreduce.Job:  map 53% reduce 17%
20/06/08 13:15:59 INFO mapreduce.Job:  map 54% reduce 17%
20/06/08 13:16:02 INFO mapreduce.Job:  map 55% reduce 17%
20/06/08 13:16:07 INFO mapreduce.Job:  map 56% reduce 17%
20/06/08 13:16:11 INFO mapreduce.Job:  map 57% reduce 17%
20/06/08 13:16:16 INFO mapreduce.Job:  map 58% reduce 17%
20/06/08 13:16:22 INFO mapreduce.Job:  map 59% reduce 17%
20/06/08 13:16:26 INFO mapreduce.Job:  map 60% reduce 17%
20/06/08 13:16:33 INFO mapreduce.Job:  map 61% reduce 17%
20/06/08 13:16:34 INFO mapreduce.Job:  map 62% reduce 17%
20/06/08 13:16:36 INFO mapreduce.Job:  map 63% reduce 19%
20/06/08 13:16:38 INFO mapreduce.Job:  map 64% reduce 20%
20/06/08 13:16:42 INFO mapreduce.Job:  map 65% reduce 20%
20/06/08 13:16:45 INFO mapreduce.Job:  map 65% reduce 21%
20/06/08 13:16:46 INFO mapreduce.Job:  map 66% reduce 21%
20/06/08 13:16:48 INFO mapreduce.Job:  map 67% reduce 21%
20/06/08 13:16:50 INFO mapreduce.Job:  map 67% reduce 22%
20/06/08 13:16:54 INFO mapreduce.Job:  map 68% reduce 22%
20/06/08 13:16:58 INFO mapreduce.Job:  map 69% reduce 22%
20/06/08 13:17:03 INFO mapreduce.Job:  map 70% reduce 22%
20/06/08 13:17:08 INFO mapreduce.Job:  map 71% reduce 22%
20/06/08 13:17:14 INFO mapreduce.Job:  map 72% reduce 22%
20/06/08 13:17:17 INFO mapreduce.Job:  map 73% reduce 22%
20/06/08 13:17:23 INFO mapreduce.Job:  map 74% reduce 22%
20/06/08 13:17:27 INFO mapreduce.Job:  map 75% reduce 22%
20/06/08 13:17:30 INFO mapreduce.Job:  map 76% reduce 22%
20/06/08 13:17:31 INFO mapreduce.Job:  map 77% reduce 22%
20/06/08 13:17:33 INFO mapreduce.Job:  map 77% reduce 24%
20/06/08 13:17:35 INFO mapreduce.Job:  map 78% reduce 24%
20/06/08 13:17:38 INFO mapreduce.Job:  map 79% reduce 24%
20/06/08 13:17:39 INFO mapreduce.Job:  map 79% reduce 25%
20/06/08 13:17:42 INFO mapreduce.Job:  map 80% reduce 26%
20/06/08 13:17:44 INFO mapreduce.Job:  map 81% reduce 26%
20/06/08 13:17:49 INFO mapreduce.Job:  map 82% reduce 27%
20/06/08 13:17:51 INFO mapreduce.Job:  map 83% reduce 27%
20/06/08 13:17:54 INFO mapreduce.Job:  map 84% reduce 27%
20/06/08 13:17:57 INFO mapreduce.Job:  map 85% reduce 27%
20/06/08 13:17:58 INFO mapreduce.Job:  map 87% reduce 27%
20/06/08 13:18:04 INFO mapreduce.Job:  map 89% reduce 27%
20/06/08 13:18:07 INFO mapreduce.Job:  map 89% reduce 29%
20/06/08 13:18:08 INFO mapreduce.Job:  map 91% reduce 29%
20/06/08 13:18:13 INFO mapreduce.Job:  map 92% reduce 29%
20/06/08 13:18:16 INFO mapreduce.Job:  map 93% reduce 29%
20/06/08 13:18:17 INFO mapreduce.Job:  map 95% reduce 29%
20/06/08 13:18:19 INFO mapreduce.Job:  map 96% reduce 29%
20/06/08 13:18:21 INFO mapreduce.Job:  map 97% reduce 29%
20/06/08 13:18:22 INFO mapreduce.Job:  map 97% reduce 30%
20/06/08 13:18:24 INFO mapreduce.Job:  map 98% reduce 30%
20/06/08 13:18:25 INFO mapreduce.Job:  map 98% reduce 31%
20/06/08 13:18:28 INFO mapreduce.Job:  map 98% reduce 32%
20/06/08 13:18:29 INFO mapreduce.Job:  map 99% reduce 32%
20/06/08 13:18:30 INFO mapreduce.Job:  map 100% reduce 32%
20/06/08 13:18:34 INFO mapreduce.Job:  map 100% reduce 63%
20/06/08 13:18:37 INFO mapreduce.Job:  map 100% reduce 72%
20/06/08 13:18:40 INFO mapreduce.Job:  map 100% reduce 78%
20/06/08 13:18:43 INFO mapreduce.Job:  map 100% reduce 84%
20/06/08 13:18:46 INFO mapreduce.Job:  map 100% reduce 90%
20/06/08 13:18:49 INFO mapreduce.Job:  map 100% reduce 100%
20/06/08 13:18:49 INFO mapreduce.Job: Job job_1591589066145_0005 completed successfully
20/06/08 13:18:49 INFO mapreduce.Job: Counters: 51
	File System Counters
		FILE: Number of bytes read=1414347088
		FILE: Number of bytes written=2108259525
		FILE: Number of read operations=0
		FILE: Number of large read operations=0
		FILE: Number of write operations=0
		HDFS: Number of bytes read=11024779709
		HDFS: Number of bytes written=314813387
		HDFS: Number of read operations=273
		HDFS: Number of large read operations=0
		HDFS: Number of write operations=2
	Job Counters 
		Killed map tasks=1
		Launched map tasks=90
		Launched reduce tasks=1
		Data-local map tasks=89
		Rack-local map tasks=1
		Total time spent by all maps in occupied slots (ms)=4826790
		Total time spent by all reduces in occupied slots (ms)=325090
		Total time spent by all map tasks (ms)=4826790
		Total time spent by all reduce tasks (ms)=325090
		Total vcore-milliseconds taken by all map tasks=4826790
		Total vcore-milliseconds taken by all reduce tasks=325090
		Total megabyte-milliseconds taken by all map tasks=4942632960
		Total megabyte-milliseconds taken by all reduce tasks=332892160
	Map-Reduce Framework
		Map input records=1180304
		Map output records=1010679744
		Map output bytes=15231428833
		Map output materialized bytes=682732793
		Input split bytes=10530
		Combine input records=1035434437
		Combine output records=47345593
		Reduce input groups=9723530
		Reduce shuffle bytes=682732793
		Reduce input records=22590900
		Reduce output records=9723530
		Spilled Records=69936493
		Shuffled Maps =90
		Failed Shuffles=0
		Merged Map outputs=90
		GC time elapsed (ms)=98091
		CPU time spent (ms)=1949260
		Physical memory (bytes) snapshot=25120174080
		Virtual memory (bytes) snapshot=192017145856
		Total committed heap usage (bytes)=18922602496
	Shuffle Errors
		BAD_ID=0
		CONNECTION=0
		IO_ERROR=0
		WRONG_LENGTH=0
		WRONG_MAP=0
		WRONG_REDUCE=0
	File Input Format Counters 
		Bytes Read=11024769179
	File Output Format Counters 
		Bytes Written=314813387
