20/06/07 04:38:01 INFO client.RMProxy: Connecting to ResourceManager at master/10.51.17.95:8032
20/06/07 04:38:01 INFO examples.BaileyBorweinPlouffe: Map #0: workload=249995980, offset=0, size=22360
20/06/07 04:38:01 INFO examples.BaileyBorweinPlouffe: Map #1: workload=250058520, offset=22360, size=9264
20/06/07 04:38:01 INFO examples.BaileyBorweinPlouffe: Map #2: workload=249893856, offset=31624, size=7104
20/06/07 04:38:01 INFO examples.BaileyBorweinPlouffe: Map #3: workload=250013204, offset=38728, size=5992
20/06/07 04:38:01 INFO examples.BaileyBorweinPlouffe: Map #4: workload=250063440, offset=44720, size=5280
20/06/07 04:38:01 INFO examples.BaileyBorweinPlouffe: Map #5: workload=249988378, offset=50000, size=4772
20/06/07 04:38:01 INFO examples.BaileyBorweinPlouffe: Map #6: workload=249969002, offset=54772, size=4388
20/06/07 04:38:01 INFO examples.BaileyBorweinPlouffe: Map #7: workload=249951010, offset=59160, size=4084
20/06/07 04:38:01 INFO examples.BaileyBorweinPlouffe: Map #8: workload=249963350, offset=63244, size=3836
20/06/07 04:38:01 INFO examples.BaileyBorweinPlouffe: Map #9: workload=250232088, offset=67080, size=3632
20/06/07 04:38:01 INFO examples.BaileyBorweinPlouffe: Map #10: workload=249761052, offset=70712, size=3448
20/06/07 04:38:01 INFO examples.BaileyBorweinPlouffe: Map #11: workload=250174650, offset=74160, size=3300
20/06/07 04:38:01 INFO examples.BaileyBorweinPlouffe: Map #12: workload=250090470, offset=77460, size=3164
20/06/07 04:38:01 INFO examples.BaileyBorweinPlouffe: Map #13: workload=249719280, offset=80624, size=3040
20/06/07 04:38:01 INFO examples.BaileyBorweinPlouffe: Map #14: workload=250295430, offset=83664, size=2940
20/06/07 04:38:01 INFO examples.BaileyBorweinPlouffe: Map #15: workload=249989580, offset=86604, size=2840
20/06/07 04:38:01 INFO examples.BaileyBorweinPlouffe: Map #16: workload=249938016, offset=89444, size=2752
20/06/07 04:38:01 INFO examples.BaileyBorweinPlouffe: Map #17: workload=249918840, offset=92196, size=2672
20/06/07 04:38:01 INFO examples.BaileyBorweinPlouffe: Map #18: workload=250038100, offset=94868, size=2600
20/06/07 04:38:01 INFO examples.BaileyBorweinPlouffe: Map #19: workload=249995754, offset=97468, size=2532
20/06/07 04:38:01 INFO mapreduce.JobSubmitter: number of splits:20
20/06/07 04:38:02 INFO mapreduce.JobSubmitter: Submitting tokens for job: job_1591472163376_0002
20/06/07 04:38:02 INFO impl.YarnClientImpl: Submitted application application_1591472163376_0002
20/06/07 04:38:02 INFO mapreduce.Job: The url to track the job: http://master:8088/proxy/application_1591472163376_0002/
20/06/07 04:38:02 INFO mapreduce.Job: Running job: job_1591472163376_0002
20/06/07 04:38:07 INFO mapreduce.Job: Job job_1591472163376_0002 running in uber mode : false
20/06/07 04:38:07 INFO mapreduce.Job:  map 0% reduce 0%
20/06/07 04:38:17 INFO mapreduce.Job:  map 7% reduce 0%
20/06/07 04:38:18 INFO mapreduce.Job:  map 10% reduce 0%
20/06/07 04:38:19 INFO mapreduce.Job:  map 13% reduce 0%
20/06/07 04:38:21 INFO mapreduce.Job:  map 20% reduce 0%
20/06/07 04:38:22 INFO mapreduce.Job:  map 23% reduce 0%
20/06/07 04:38:24 INFO mapreduce.Job:  map 27% reduce 0%
20/06/07 04:38:25 INFO mapreduce.Job:  map 30% reduce 0%
20/06/07 04:38:26 INFO mapreduce.Job:  map 37% reduce 0%
20/06/07 04:38:28 INFO mapreduce.Job:  map 43% reduce 0%
20/06/07 04:38:30 INFO mapreduce.Job:  map 47% reduce 0%
20/06/07 04:40:01 INFO mapreduce.Job:  map 48% reduce 0%
20/06/07 04:40:12 INFO mapreduce.Job:  map 52% reduce 0%
20/06/07 04:40:18 INFO mapreduce.Job:  map 53% reduce 0%
20/06/07 04:40:22 INFO mapreduce.Job:  map 55% reduce 0%
20/06/07 04:40:26 INFO mapreduce.Job:  map 57% reduce 0%
20/06/07 04:40:27 INFO mapreduce.Job:  map 58% reduce 0%
20/06/07 04:40:28 INFO mapreduce.Job:  map 60% reduce 0%
20/06/07 04:40:29 INFO mapreduce.Job:  map 63% reduce 0%
20/06/07 04:40:34 INFO mapreduce.Job:  map 63% reduce 10%
20/06/07 04:40:37 INFO mapreduce.Job:  map 67% reduce 10%
20/06/07 04:40:38 INFO mapreduce.Job:  map 70% reduce 10%
20/06/07 04:40:40 INFO mapreduce.Job:  map 73% reduce 10%
20/06/07 04:40:50 INFO mapreduce.Job:  map 75% reduce 10%
20/06/07 04:40:51 INFO mapreduce.Job:  map 75% reduce 12%
20/06/07 04:40:56 INFO mapreduce.Job:  map 77% reduce 12%
20/06/07 04:40:58 INFO mapreduce.Job:  map 77% reduce 13%
20/06/07 04:41:01 INFO mapreduce.Job:  map 78% reduce 13%
20/06/07 04:41:03 INFO mapreduce.Job:  map 82% reduce 13%
20/06/07 04:41:04 INFO mapreduce.Job:  map 83% reduce 15%
20/06/07 04:41:07 INFO mapreduce.Job:  map 83% reduce 17%
20/06/07 04:41:08 INFO mapreduce.Job:  map 85% reduce 17%
20/06/07 04:41:10 INFO mapreduce.Job:  map 85% reduce 18%
20/06/07 04:41:11 INFO mapreduce.Job:  map 90% reduce 18%
20/06/07 04:41:13 INFO mapreduce.Job:  map 90% reduce 23%
20/06/07 04:42:00 INFO mapreduce.Job:  map 92% reduce 23%
20/06/07 04:42:01 INFO mapreduce.Job:  map 92% reduce 25%
20/06/07 04:42:09 INFO mapreduce.Job:  map 93% reduce 25%
20/06/07 04:42:10 INFO mapreduce.Job:  map 93% reduce 27%
20/06/07 04:42:13 INFO mapreduce.Job:  map 95% reduce 27%
20/06/07 04:42:15 INFO mapreduce.Job:  map 97% reduce 27%
20/06/07 04:42:16 INFO mapreduce.Job:  map 97% reduce 28%
20/06/07 04:42:17 INFO mapreduce.Job:  map 98% reduce 28%
20/06/07 04:42:19 INFO mapreduce.Job:  map 100% reduce 28%
20/06/07 04:42:20 INFO mapreduce.Job:  map 100% reduce 100%
20/06/07 04:42:22 INFO mapreduce.Job: Job job_1591472163376_0002 completed successfully
20/06/07 04:42:22 INFO mapreduce.Job: Counters: 49
	File System Counters
		FILE: Number of bytes read=50326
		FILE: Number of bytes written=2699093
		FILE: Number of read operations=0
		FILE: Number of large read operations=0
		FILE: Number of write operations=0
		HDFS: Number of bytes read=1380
		HDFS: Number of bytes written=302090
		HDFS: Number of read operations=43
		HDFS: Number of large read operations=0
		HDFS: Number of write operations=4
	Job Counters 
		Launched map tasks=20
		Launched reduce tasks=1
		Other local map tasks=20
		Total time spent by all maps in occupied slots (ms)=2776898
		Total time spent by all reduces in occupied slots (ms)=117738
		Total time spent by all map tasks (ms)=2776898
		Total time spent by all reduce tasks (ms)=117738
		Total vcore-milliseconds taken by all map tasks=2776898
		Total vcore-milliseconds taken by all reduce tasks=117738
		Total megabyte-milliseconds taken by all map tasks=2843543552
		Total megabyte-milliseconds taken by all reduce tasks=120563712
	Map-Reduce Framework
		Map input records=20
		Map output records=20
		Map output bytes=50240
		Map output materialized bytes=50440
		Input split bytes=1380
		Combine input records=0
		Combine output records=0
		Reduce input groups=20
		Reduce shuffle bytes=50440
		Reduce input records=20
		Reduce output records=0
		Spilled Records=40
		Shuffled Maps =20
		Failed Shuffles=0
		Merged Map outputs=20
		GC time elapsed (ms)=3911
		CPU time spent (ms)=1268770
		Physical memory (bytes) snapshot=5485715456
		Virtual memory (bytes) snapshot=44244578304
		Total committed heap usage (bytes)=4222091264
	Shuffle Errors
		BAD_ID=0
		CONNECTION=0
		IO_ERROR=0
		WRONG_LENGTH=0
		WRONG_MAP=0
		WRONG_REDUCE=0
	File Input Format Counters 
		Bytes Read=0
	File Output Format Counters 
		Bytes Written=0
