20/06/09 08:31:31 INFO client.RMProxy: Connecting to ResourceManager at master/10.51.17.95:8032
20/06/09 08:31:32 INFO input.FileInputFormat: Total input paths to process : 10
20/06/09 08:31:32 INFO mapreduce.JobSubmitter: number of splits:170
20/06/09 08:31:32 INFO mapreduce.JobSubmitter: Submitting tokens for job: job_1591657876357_0008
20/06/09 08:31:32 INFO impl.YarnClientImpl: Submitted application application_1591657876357_0008
20/06/09 08:31:32 INFO mapreduce.Job: The url to track the job: http://master:8088/proxy/application_1591657876357_0008/
20/06/09 08:31:32 INFO mapreduce.Job: Running job: job_1591657876357_0008
20/06/09 08:31:41 INFO mapreduce.Job: Job job_1591657876357_0008 running in uber mode : false
20/06/09 08:31:41 INFO mapreduce.Job:  map 0% reduce 0%
20/06/09 08:31:54 INFO mapreduce.Job:  map 1% reduce 0%
20/06/09 08:31:56 INFO mapreduce.Job:  map 2% reduce 0%
20/06/09 08:32:00 INFO mapreduce.Job:  map 3% reduce 0%
20/06/09 08:32:09 INFO mapreduce.Job:  map 4% reduce 0%
20/06/09 08:32:11 INFO mapreduce.Job:  map 5% reduce 0%
20/06/09 08:32:16 INFO mapreduce.Job:  map 6% reduce 0%
20/06/09 08:32:21 INFO mapreduce.Job:  map 7% reduce 0%
20/06/09 08:32:25 INFO mapreduce.Job:  map 8% reduce 0%
20/06/09 08:32:27 INFO mapreduce.Job:  map 9% reduce 0%
20/06/09 08:32:33 INFO mapreduce.Job:  map 10% reduce 0%
20/06/09 08:32:39 INFO mapreduce.Job:  map 11% reduce 0%
20/06/09 08:32:43 INFO mapreduce.Job:  map 12% reduce 0%
20/06/09 08:32:47 INFO mapreduce.Job:  map 13% reduce 0%
20/06/09 08:32:52 INFO mapreduce.Job:  map 14% reduce 0%
20/06/09 08:32:56 INFO mapreduce.Job:  map 14% reduce 4%
20/06/09 08:32:58 INFO mapreduce.Job:  map 15% reduce 4%
20/06/09 08:33:04 INFO mapreduce.Job:  map 16% reduce 4%
20/06/09 08:33:07 INFO mapreduce.Job:  map 17% reduce 4%
20/06/09 08:33:08 INFO mapreduce.Job:  map 17% reduce 5%
20/06/09 08:33:10 INFO mapreduce.Job:  map 18% reduce 5%
20/06/09 08:33:14 INFO mapreduce.Job:  map 19% reduce 5%
20/06/09 08:33:18 INFO mapreduce.Job:  map 19% reduce 6%
20/06/09 08:33:20 INFO mapreduce.Job:  map 20% reduce 6%
20/06/09 08:33:25 INFO mapreduce.Job:  map 21% reduce 6%
20/06/09 08:33:30 INFO mapreduce.Job:  map 22% reduce 6%
20/06/09 08:33:34 INFO mapreduce.Job:  map 23% reduce 6%
20/06/09 08:33:38 INFO mapreduce.Job:  map 24% reduce 6%
20/06/09 08:33:39 INFO mapreduce.Job:  map 24% reduce 7%
20/06/09 08:33:44 INFO mapreduce.Job:  map 25% reduce 7%
20/06/09 08:33:48 INFO mapreduce.Job:  map 26% reduce 7%
20/06/09 08:33:51 INFO mapreduce.Job:  map 26% reduce 8%
20/06/09 08:33:53 INFO mapreduce.Job:  map 27% reduce 8%
20/06/09 08:33:57 INFO mapreduce.Job:  map 28% reduce 8%
20/06/09 08:33:58 INFO mapreduce.Job:  map 28% reduce 9%
20/06/09 08:34:02 INFO mapreduce.Job:  map 29% reduce 9%
20/06/09 08:34:07 INFO mapreduce.Job:  map 30% reduce 9%
20/06/09 08:34:11 INFO mapreduce.Job:  map 31% reduce 9%
20/06/09 08:34:13 INFO mapreduce.Job:  map 32% reduce 10%
20/06/09 08:34:22 INFO mapreduce.Job:  map 33% reduce 10%
20/06/09 08:34:25 INFO mapreduce.Job:  map 34% reduce 10%
20/06/09 08:34:31 INFO mapreduce.Job:  map 35% reduce 10%
20/06/09 08:34:33 INFO mapreduce.Job:  map 35% reduce 11%
20/06/09 08:34:34 INFO mapreduce.Job:  map 36% reduce 11%
20/06/09 08:34:38 INFO mapreduce.Job:  map 37% reduce 11%
20/06/09 08:34:40 INFO mapreduce.Job:  map 37% reduce 12%
20/06/09 08:34:44 INFO mapreduce.Job:  map 38% reduce 12%
20/06/09 08:34:46 INFO mapreduce.Job:  map 38% reduce 13%
20/06/09 08:34:50 INFO mapreduce.Job:  map 39% reduce 13%
20/06/09 08:34:51 INFO mapreduce.Job:  map 40% reduce 13%
20/06/09 08:34:59 INFO mapreduce.Job:  map 41% reduce 13%
20/06/09 08:35:02 INFO mapreduce.Job:  map 42% reduce 13%
20/06/09 08:35:06 INFO mapreduce.Job:  map 43% reduce 13%
20/06/09 08:35:10 INFO mapreduce.Job:  map 43% reduce 14%
20/06/09 08:35:13 INFO mapreduce.Job:  map 44% reduce 14%
20/06/09 08:35:16 INFO mapreduce.Job:  map 45% reduce 14%
20/06/09 08:35:21 INFO mapreduce.Job:  map 46% reduce 14%
20/06/09 08:35:23 INFO mapreduce.Job:  map 46% reduce 15%
20/06/09 08:35:24 INFO mapreduce.Job:  map 47% reduce 15%
20/06/09 08:35:30 INFO mapreduce.Job:  map 48% reduce 15%
20/06/09 08:35:33 INFO mapreduce.Job:  map 49% reduce 15%
20/06/09 08:35:34 INFO mapreduce.Job:  map 49% reduce 16%
20/06/09 08:35:38 INFO mapreduce.Job:  map 50% reduce 16%
20/06/09 08:35:44 INFO mapreduce.Job:  map 51% reduce 16%
20/06/09 08:35:49 INFO mapreduce.Job:  map 52% reduce 16%
20/06/09 08:35:53 INFO mapreduce.Job:  map 53% reduce 16%
20/06/09 08:35:59 INFO mapreduce.Job:  map 54% reduce 16%
20/06/09 08:36:00 INFO mapreduce.Job:  map 55% reduce 16%
20/06/09 08:36:02 INFO mapreduce.Job:  map 55% reduce 18%
20/06/09 08:36:08 INFO mapreduce.Job:  map 56% reduce 18%
20/06/09 08:36:11 INFO mapreduce.Job:  map 57% reduce 18%
20/06/09 08:36:14 INFO mapreduce.Job:  map 57% reduce 19%
20/06/09 08:36:16 INFO mapreduce.Job:  map 58% reduce 19%
20/06/09 08:36:20 INFO mapreduce.Job:  map 59% reduce 19%
20/06/09 08:36:26 INFO mapreduce.Job:  map 60% reduce 19%
20/06/09 08:36:28 INFO mapreduce.Job:  map 61% reduce 19%
20/06/09 08:36:35 INFO mapreduce.Job:  map 62% reduce 20%
20/06/09 08:36:40 INFO mapreduce.Job:  map 63% reduce 20%
20/06/09 08:36:44 INFO mapreduce.Job:  map 64% reduce 20%
20/06/09 08:36:49 INFO mapreduce.Job:  map 65% reduce 20%
20/06/09 08:36:51 INFO mapreduce.Job:  map 65% reduce 21%
20/06/09 08:36:54 INFO mapreduce.Job:  map 66% reduce 21%
20/06/09 08:36:56 INFO mapreduce.Job:  map 67% reduce 21%
20/06/09 08:36:57 INFO mapreduce.Job:  map 67% reduce 22%
20/06/09 08:37:02 INFO mapreduce.Job:  map 68% reduce 22%
20/06/09 08:37:07 INFO mapreduce.Job:  map 69% reduce 22%
20/06/09 08:37:11 INFO mapreduce.Job:  map 70% reduce 22%
20/06/09 08:37:17 INFO mapreduce.Job:  map 71% reduce 22%
20/06/09 08:37:18 INFO mapreduce.Job:  map 71% reduce 23%
20/06/09 08:37:22 INFO mapreduce.Job:  map 72% reduce 23%
20/06/09 08:37:25 INFO mapreduce.Job:  map 73% reduce 23%
20/06/09 08:37:29 INFO mapreduce.Job:  map 74% reduce 23%
20/06/09 08:37:30 INFO mapreduce.Job:  map 74% reduce 24%
20/06/09 08:37:35 INFO mapreduce.Job:  map 75% reduce 24%
20/06/09 08:37:36 INFO mapreduce.Job:  map 75% reduce 25%
20/06/09 08:37:38 INFO mapreduce.Job:  map 76% reduce 25%
20/06/09 08:37:42 INFO mapreduce.Job:  map 77% reduce 25%
20/06/09 08:37:49 INFO mapreduce.Job:  map 78% reduce 25%
20/06/09 08:37:51 INFO mapreduce.Job:  map 79% reduce 25%
20/06/09 08:37:57 INFO mapreduce.Job:  map 80% reduce 25%
20/06/09 08:38:01 INFO mapreduce.Job:  map 80% reduce 26%
20/06/09 08:38:04 INFO mapreduce.Job:  map 81% reduce 26%
20/06/09 08:38:07 INFO mapreduce.Job:  map 82% reduce 26%
20/06/09 08:38:10 INFO mapreduce.Job:  map 83% reduce 26%
20/06/09 08:38:13 INFO mapreduce.Job:  map 83% reduce 27%
20/06/09 08:38:16 INFO mapreduce.Job:  map 84% reduce 27%
20/06/09 08:38:20 INFO mapreduce.Job:  map 85% reduce 27%
20/06/09 08:38:22 INFO mapreduce.Job:  map 85% reduce 28%
20/06/09 08:38:24 INFO mapreduce.Job:  map 86% reduce 28%
20/06/09 08:38:30 INFO mapreduce.Job:  map 87% reduce 28%
20/06/09 08:38:34 INFO mapreduce.Job:  map 88% reduce 28%
20/06/09 08:38:37 INFO mapreduce.Job:  map 89% reduce 28%
20/06/09 08:38:44 INFO mapreduce.Job:  map 89% reduce 29%
20/06/09 08:38:45 INFO mapreduce.Job:  map 90% reduce 29%
20/06/09 08:38:50 INFO mapreduce.Job:  map 91% reduce 29%
20/06/09 08:38:53 INFO mapreduce.Job:  map 92% reduce 29%
20/06/09 08:38:55 INFO mapreduce.Job:  map 92% reduce 30%
20/06/09 08:38:58 INFO mapreduce.Job:  map 93% reduce 30%
20/06/09 08:39:02 INFO mapreduce.Job:  map 94% reduce 30%
20/06/09 08:39:03 INFO mapreduce.Job:  map 95% reduce 30%
20/06/09 08:39:04 INFO mapreduce.Job:  map 95% reduce 31%
20/06/09 08:39:06 INFO mapreduce.Job:  map 96% reduce 31%
20/06/09 08:39:08 INFO mapreduce.Job:  map 97% reduce 31%
20/06/09 08:39:11 INFO mapreduce.Job:  map 98% reduce 31%
20/06/09 08:39:13 INFO mapreduce.Job:  map 98% reduce 32%
20/06/09 08:39:16 INFO mapreduce.Job:  map 99% reduce 33%
20/06/09 08:39:18 INFO mapreduce.Job:  map 100% reduce 33%
20/06/09 08:39:22 INFO mapreduce.Job:  map 100% reduce 69%
20/06/09 08:39:25 INFO mapreduce.Job:  map 100% reduce 74%
20/06/09 08:39:28 INFO mapreduce.Job:  map 100% reduce 79%
20/06/09 08:39:31 INFO mapreduce.Job:  map 100% reduce 85%
20/06/09 08:39:34 INFO mapreduce.Job:  map 100% reduce 92%
20/06/09 08:39:37 INFO mapreduce.Job:  map 100% reduce 100%
20/06/09 08:39:38 INFO mapreduce.Job: Job job_1591657876357_0008 completed successfully
20/06/09 08:39:38 INFO mapreduce.Job: Counters: 51
	File System Counters
		FILE: Number of bytes read=1788567058
		FILE: Number of bytes written=2675431415
		FILE: Number of read operations=0
		FILE: Number of large read operations=0
		FILE: Number of write operations=0
		HDFS: Number of bytes read=11029979073
		HDFS: Number of bytes written=509443903
		HDFS: Number of read operations=513
		HDFS: Number of large read operations=0
		HDFS: Number of write operations=2
	Job Counters 
		Killed map tasks=1
		Launched map tasks=171
		Launched reduce tasks=1
		Data-local map tasks=169
		Rack-local map tasks=2
		Total time spent by all maps in occupied slots (ms)=5782205
		Total time spent by all reduces in occupied slots (ms)=412487
		Total time spent by all map tasks (ms)=5782205
		Total time spent by all reduce tasks (ms)=412487
		Total vcore-milliseconds taken by all map tasks=5782205
		Total vcore-milliseconds taken by all reduce tasks=412487
		Total megabyte-milliseconds taken by all map tasks=5920977920
		Total megabyte-milliseconds taken by all reduce tasks=422386688
	Map-Reduce Framework
		Map input records=266763
		Map output records=1008544269
		Map output bytes=19252900009
		Map output materialized bytes=865798350
		Input split bytes=19890
		Combine input records=1033673985
		Combine output records=48865721
		Reduce input groups=9839901
		Reduce shuffle bytes=865798350
		Reduce input records=23736005
		Reduce output records=9839901
		Spilled Records=73279436
		Shuffled Maps =170
		Failed Shuffles=0
		Merged Map outputs=170
		GC time elapsed (ms)=134380
		CPU time spent (ms)=2186270
		Physical memory (bytes) snapshot=46766682112
		Virtual memory (bytes) snapshot=360695631872
		Total committed heap usage (bytes)=35364798464
	Shuffle Errors
		BAD_ID=0
		CONNECTION=0
		IO_ERROR=0
		WRONG_LENGTH=0
		WRONG_MAP=0
		WRONG_REDUCE=0
	File Input Format Counters 
		Bytes Read=11029959183
	File Output Format Counters 
		Bytes Written=509443903
20/06/09 08:39:38 INFO client.RMProxy: Connecting to ResourceManager at master/10.51.17.95:8032
20/06/09 08:39:39 INFO input.FileInputFormat: Total input paths to process : 1
20/06/09 08:39:39 INFO mapreduce.JobSubmitter: number of splits:8
20/06/09 08:39:39 INFO mapreduce.JobSubmitter: Submitting tokens for job: job_1591657876357_0009
20/06/09 08:39:40 INFO impl.YarnClientImpl: Submitted application application_1591657876357_0009
20/06/09 08:39:40 INFO mapreduce.Job: The url to track the job: http://master:8088/proxy/application_1591657876357_0009/
20/06/09 08:39:40 INFO mapreduce.Job: Running job: job_1591657876357_0009
20/06/09 08:39:48 INFO mapreduce.Job: Job job_1591657876357_0009 running in uber mode : false
20/06/09 08:39:48 INFO mapreduce.Job:  map 0% reduce 0%
20/06/09 08:40:03 INFO mapreduce.Job:  map 3% reduce 0%
20/06/09 08:40:04 INFO mapreduce.Job:  map 52% reduce 0%
20/06/09 08:40:06 INFO mapreduce.Job:  map 76% reduce 0%
20/06/09 08:40:07 INFO mapreduce.Job:  map 85% reduce 0%
20/06/09 08:40:08 INFO mapreduce.Job:  map 95% reduce 0%
20/06/09 08:40:09 INFO mapreduce.Job:  map 100% reduce 0%
20/06/09 08:40:15 INFO mapreduce.Job:  map 100% reduce 88%
20/06/09 08:40:18 INFO mapreduce.Job:  map 100% reduce 98%
20/06/09 08:40:19 INFO mapreduce.Job:  map 100% reduce 100%
20/06/09 08:40:20 INFO mapreduce.Job: Job job_1591657876357_0009 completed successfully
20/06/09 08:40:20 INFO mapreduce.Job: Counters: 51
	File System Counters
		FILE: Number of bytes read=445434279
		FILE: Number of bytes written=891972605
		FILE: Number of read operations=0
		FILE: Number of large read operations=0
		FILE: Number of write operations=0
		HDFS: Number of bytes read=509456434
		HDFS: Number of bytes written=367372030
		HDFS: Number of read operations=35
		HDFS: Number of large read operations=0
		HDFS: Number of write operations=2
	Job Counters 
		Killed map tasks=1
		Launched map tasks=9
		Launched reduce tasks=1
		Data-local map tasks=8
		Rack-local map tasks=1
		Total time spent by all maps in occupied slots (ms)=131116
		Total time spent by all reduces in occupied slots (ms)=12785
		Total time spent by all map tasks (ms)=131116
		Total time spent by all reduce tasks (ms)=12785
		Total vcore-milliseconds taken by all map tasks=131116
		Total vcore-milliseconds taken by all reduce tasks=12785
		Total megabyte-milliseconds taken by all map tasks=134262784
		Total megabyte-milliseconds taken by all reduce tasks=13091840
	Map-Reduce Framework
		Map input records=9839901
		Map output records=9839901
		Map output bytes=425754429
		Map output materialized bytes=445434279
		Input split bytes=1016
		Combine input records=0
		Combine output records=0
		Reduce input groups=1244
		Reduce shuffle bytes=445434279
		Reduce input records=9839901
		Reduce output records=9839901
		Spilled Records=19679802
		Shuffled Maps =8
		Failed Shuffles=0
		Merged Map outputs=8
		GC time elapsed (ms)=4420
		CPU time spent (ms)=41880
		Physical memory (bytes) snapshot=2343952384
		Virtual memory (bytes) snapshot=18967998464
		Total committed heap usage (bytes)=1728053248
	Shuffle Errors
		BAD_ID=0
		CONNECTION=0
		IO_ERROR=0
		WRONG_LENGTH=0
		WRONG_MAP=0
		WRONG_REDUCE=0
	File Input Format Counters 
		Bytes Read=509455418
	File Output Format Counters 
		Bytes Written=367372030
