20/06/15 06:50:10 INFO client.RMProxy: Connecting to ResourceManager at master/10.51.17.95:8032
20/06/15 06:50:11 INFO input.FileInputFormat: Total input paths to process : 10
20/06/15 06:50:11 INFO mapreduce.JobSubmitter: number of splits:170
20/06/15 06:50:11 INFO mapreduce.JobSubmitter: Submitting tokens for job: job_1592170861025_0002
20/06/15 06:50:11 INFO impl.YarnClientImpl: Submitted application application_1592170861025_0002
20/06/15 06:50:12 INFO mapreduce.Job: The url to track the job: http://master:8088/proxy/application_1592170861025_0002/
20/06/15 06:50:12 INFO mapreduce.Job: Running job: job_1592170861025_0002
20/06/15 06:50:17 INFO mapreduce.Job: Job job_1592170861025_0002 running in uber mode : false
20/06/15 06:50:17 INFO mapreduce.Job:  map 0% reduce 0%
20/06/15 06:50:29 INFO mapreduce.Job:  map 1% reduce 0%
20/06/15 06:50:31 INFO mapreduce.Job:  map 2% reduce 0%
20/06/15 06:50:35 INFO mapreduce.Job:  map 3% reduce 0%
20/06/15 06:50:41 INFO mapreduce.Job:  map 4% reduce 0%
20/06/15 06:50:49 INFO mapreduce.Job:  map 5% reduce 0%
20/06/15 06:50:51 INFO mapreduce.Job:  map 6% reduce 0%
20/06/15 06:50:53 INFO mapreduce.Job:  map 7% reduce 0%
20/06/15 06:51:03 INFO mapreduce.Job:  map 8% reduce 0%
20/06/15 06:51:05 INFO mapreduce.Job:  map 9% reduce 0%
20/06/15 06:51:13 INFO mapreduce.Job:  map 10% reduce 0%
20/06/15 06:51:15 INFO mapreduce.Job:  map 11% reduce 0%
20/06/15 06:51:19 INFO mapreduce.Job:  map 12% reduce 0%
20/06/15 06:51:24 INFO mapreduce.Job:  map 13% reduce 0%
20/06/15 06:51:27 INFO mapreduce.Job:  map 14% reduce 0%
20/06/15 06:51:35 INFO mapreduce.Job:  map 15% reduce 0%
20/06/15 06:51:39 INFO mapreduce.Job:  map 16% reduce 0%
20/06/15 06:51:40 INFO mapreduce.Job:  map 16% reduce 5%
20/06/15 06:51:44 INFO mapreduce.Job:  map 17% reduce 5%
20/06/15 06:51:48 INFO mapreduce.Job:  map 18% reduce 5%
20/06/15 06:51:54 INFO mapreduce.Job:  map 19% reduce 5%
20/06/15 06:51:55 INFO mapreduce.Job:  map 19% reduce 6%
20/06/15 06:51:57 INFO mapreduce.Job:  map 20% reduce 6%
20/06/15 06:52:03 INFO mapreduce.Job:  map 21% reduce 6%
20/06/15 06:52:08 INFO mapreduce.Job:  map 22% reduce 6%
20/06/15 06:52:10 INFO mapreduce.Job:  map 22% reduce 7%
20/06/15 06:52:13 INFO mapreduce.Job:  map 23% reduce 7%
20/06/15 06:52:19 INFO mapreduce.Job:  map 24% reduce 7%
20/06/15 06:52:22 INFO mapreduce.Job:  map 25% reduce 7%
20/06/15 06:52:25 INFO mapreduce.Job:  map 26% reduce 8%
20/06/15 06:52:31 INFO mapreduce.Job:  map 27% reduce 8%
20/06/15 06:52:34 INFO mapreduce.Job:  map 27% reduce 9%
20/06/15 06:52:37 INFO mapreduce.Job:  map 28% reduce 9%
20/06/15 06:52:40 INFO mapreduce.Job:  map 29% reduce 9%
20/06/15 06:52:47 INFO mapreduce.Job:  map 30% reduce 9%
20/06/15 06:52:50 INFO mapreduce.Job:  map 31% reduce 9%
20/06/15 06:52:53 INFO mapreduce.Job:  map 31% reduce 10%
20/06/15 06:52:54 INFO mapreduce.Job:  map 32% reduce 10%
20/06/15 06:52:59 INFO mapreduce.Job:  map 32% reduce 11%
20/06/15 06:53:01 INFO mapreduce.Job:  map 33% reduce 11%
20/06/15 06:53:05 INFO mapreduce.Job:  map 34% reduce 11%
20/06/15 06:53:10 INFO mapreduce.Job:  map 35% reduce 11%
20/06/15 06:53:13 INFO mapreduce.Job:  map 36% reduce 11%
20/06/15 06:53:18 INFO mapreduce.Job:  map 37% reduce 11%
20/06/15 06:53:20 INFO mapreduce.Job:  map 37% reduce 12%
20/06/15 06:53:23 INFO mapreduce.Job:  map 38% reduce 12%
20/06/15 06:53:26 INFO mapreduce.Job:  map 38% reduce 13%
20/06/15 06:53:29 INFO mapreduce.Job:  map 39% reduce 13%
20/06/15 06:53:34 INFO mapreduce.Job:  map 40% reduce 13%
20/06/15 06:53:36 INFO mapreduce.Job:  map 41% reduce 13%
20/06/15 06:53:42 INFO mapreduce.Job:  map 42% reduce 13%
20/06/15 06:53:47 INFO mapreduce.Job:  map 43% reduce 13%
20/06/15 06:53:48 INFO mapreduce.Job:  map 43% reduce 14%
20/06/15 06:53:50 INFO mapreduce.Job:  map 44% reduce 14%
20/06/15 06:53:58 INFO mapreduce.Job:  map 45% reduce 14%
20/06/15 06:53:59 INFO mapreduce.Job:  map 45% reduce 15%
20/06/15 06:54:01 INFO mapreduce.Job:  map 46% reduce 15%
20/06/15 06:54:07 INFO mapreduce.Job:  map 47% reduce 15%
20/06/15 06:54:09 INFO mapreduce.Job:  map 48% reduce 15%
20/06/15 06:54:17 INFO mapreduce.Job:  map 49% reduce 15%
20/06/15 06:54:19 INFO mapreduce.Job:  map 50% reduce 15%
20/06/15 06:54:21 INFO mapreduce.Job:  map 50% reduce 16%
20/06/15 06:54:28 INFO mapreduce.Job:  map 51% reduce 16%
20/06/15 06:54:30 INFO mapreduce.Job:  map 52% reduce 17%
20/06/15 06:54:34 INFO mapreduce.Job:  map 53% reduce 17%
20/06/15 06:54:41 INFO mapreduce.Job:  map 54% reduce 17%
20/06/15 06:54:43 INFO mapreduce.Job:  map 55% reduce 17%
20/06/15 06:54:47 INFO mapreduce.Job:  map 56% reduce 17%
20/06/15 06:54:48 INFO mapreduce.Job:  map 56% reduce 18%
20/06/15 06:54:55 INFO mapreduce.Job:  map 57% reduce 19%
20/06/15 06:54:59 INFO mapreduce.Job:  map 58% reduce 19%
20/06/15 06:55:03 INFO mapreduce.Job:  map 59% reduce 19%
20/06/15 06:55:07 INFO mapreduce.Job:  map 60% reduce 19%
20/06/15 06:55:12 INFO mapreduce.Job:  map 61% reduce 19%
20/06/15 06:55:15 INFO mapreduce.Job:  map 62% reduce 19%
20/06/15 06:55:16 INFO mapreduce.Job:  map 62% reduce 20%
20/06/15 06:55:23 INFO mapreduce.Job:  map 63% reduce 20%
20/06/15 06:55:25 INFO mapreduce.Job:  map 63% reduce 21%
20/06/15 06:55:26 INFO mapreduce.Job:  map 64% reduce 21%
20/06/15 06:55:30 INFO mapreduce.Job:  map 65% reduce 21%
20/06/15 06:55:36 INFO mapreduce.Job:  map 66% reduce 21%
20/06/15 06:55:40 INFO mapreduce.Job:  map 67% reduce 21%
20/06/15 06:55:41 INFO mapreduce.Job:  map 67% reduce 22%
20/06/15 06:55:45 INFO mapreduce.Job:  map 68% reduce 22%
20/06/15 06:55:50 INFO mapreduce.Job:  map 69% reduce 22%
20/06/15 06:55:53 INFO mapreduce.Job:  map 69% reduce 23%
20/06/15 06:55:55 INFO mapreduce.Job:  map 70% reduce 23%
20/06/15 06:56:00 INFO mapreduce.Job:  map 71% reduce 23%
20/06/15 06:56:04 INFO mapreduce.Job:  map 72% reduce 23%
20/06/15 06:56:08 INFO mapreduce.Job:  map 72% reduce 24%
20/06/15 06:56:09 INFO mapreduce.Job:  map 73% reduce 24%
20/06/15 06:56:11 INFO mapreduce.Job:  map 74% reduce 24%
20/06/15 06:56:21 INFO mapreduce.Job:  map 75% reduce 24%
20/06/15 06:56:24 INFO mapreduce.Job:  map 76% reduce 25%
20/06/15 06:56:29 INFO mapreduce.Job:  map 77% reduce 25%
20/06/15 06:56:33 INFO mapreduce.Job:  map 78% reduce 25%
20/06/15 06:56:38 INFO mapreduce.Job:  map 79% reduce 25%
20/06/15 06:56:39 INFO mapreduce.Job:  map 79% reduce 26%
20/06/15 06:56:43 INFO mapreduce.Job:  map 80% reduce 26%
20/06/15 06:56:46 INFO mapreduce.Job:  map 81% reduce 26%
20/06/15 06:56:52 INFO mapreduce.Job:  map 82% reduce 26%
20/06/15 06:56:55 INFO mapreduce.Job:  map 83% reduce 26%
20/06/15 06:56:56 INFO mapreduce.Job:  map 83% reduce 27%
20/06/15 06:57:02 INFO mapreduce.Job:  map 84% reduce 27%
20/06/15 06:57:06 INFO mapreduce.Job:  map 85% reduce 28%
20/06/15 06:57:11 INFO mapreduce.Job:  map 86% reduce 28%
20/06/15 06:57:16 INFO mapreduce.Job:  map 87% reduce 28%
20/06/15 06:57:19 INFO mapreduce.Job:  map 88% reduce 28%
20/06/15 06:57:21 INFO mapreduce.Job:  map 88% reduce 29%
20/06/15 06:57:26 INFO mapreduce.Job:  map 89% reduce 29%
20/06/15 06:57:29 INFO mapreduce.Job:  map 90% reduce 29%
20/06/15 06:57:32 INFO mapreduce.Job:  map 91% reduce 29%
20/06/15 06:57:33 INFO mapreduce.Job:  map 91% reduce 30%
20/06/15 06:57:37 INFO mapreduce.Job:  map 92% reduce 30%
20/06/15 06:57:39 INFO mapreduce.Job:  map 93% reduce 30%
20/06/15 06:57:42 INFO mapreduce.Job:  map 93% reduce 31%
20/06/15 06:57:45 INFO mapreduce.Job:  map 94% reduce 31%
20/06/15 06:57:51 INFO mapreduce.Job:  map 95% reduce 31%
20/06/15 06:57:53 INFO mapreduce.Job:  map 96% reduce 31%
20/06/15 06:57:56 INFO mapreduce.Job:  map 97% reduce 31%
20/06/15 06:57:58 INFO mapreduce.Job:  map 98% reduce 32%
20/06/15 06:58:01 INFO mapreduce.Job:  map 99% reduce 32%
20/06/15 06:58:04 INFO mapreduce.Job:  map 100% reduce 33%
20/06/15 06:58:07 INFO mapreduce.Job:  map 100% reduce 70%
20/06/15 06:58:10 INFO mapreduce.Job:  map 100% reduce 76%
20/06/15 06:58:13 INFO mapreduce.Job:  map 100% reduce 80%
20/06/15 06:58:16 INFO mapreduce.Job:  map 100% reduce 86%
20/06/15 06:58:19 INFO mapreduce.Job:  map 100% reduce 93%
20/06/15 06:58:22 INFO mapreduce.Job:  map 100% reduce 100%
20/06/15 06:58:22 INFO mapreduce.Job: Job job_1592170861025_0002 completed successfully
20/06/15 06:58:22 INFO mapreduce.Job: Counters: 51
	File System Counters
		FILE: Number of bytes read=1702454718
		FILE: Number of bytes written=2546401092
		FILE: Number of read operations=0
		FILE: Number of large read operations=0
		FILE: Number of write operations=0
		HDFS: Number of bytes read=11029293992
		HDFS: Number of bytes written=472954036
		HDFS: Number of read operations=513
		HDFS: Number of large read operations=0
		HDFS: Number of write operations=2
	Job Counters 
		Killed map tasks=1
		Launched map tasks=171
		Launched reduce tasks=1
		Data-local map tasks=165
		Rack-local map tasks=6
		Total time spent by all maps in occupied slots (ms)=4092637
		Total time spent by all reduces in occupied slots (ms)=414568
		Total time spent by all map tasks (ms)=4092637
		Total time spent by all reduce tasks (ms)=414568
		Total vcore-milliseconds taken by all map tasks=4092637
		Total vcore-milliseconds taken by all reduce tasks=414568
		Total megabyte-milliseconds taken by all map tasks=4190860288
		Total megabyte-milliseconds taken by all reduce tasks=424517632
	Map-Reduce Framework
		Map input records=1179594
		Map output records=1009901268
		Map output bytes=19265183218
		Map output materialized bytes=822933548
		Input split bytes=18190
		Combine input records=1035036550
		Combine output records=48876684
		Reduce input groups=9841803
		Reduce shuffle bytes=822933548
		Reduce input records=23741402
		Reduce output records=9841803
		Spilled Records=73296358
		Shuffled Maps =170
		Failed Shuffles=0
		Merged Map outputs=170
		GC time elapsed (ms)=93084
		CPU time spent (ms)=2239800
		Physical memory (bytes) snapshot=46797893632
		Virtual memory (bytes) snapshot=360633749504
		Total committed heap usage (bytes)=35311845376
	Shuffle Errors
		BAD_ID=0
		CONNECTION=0
		IO_ERROR=0
		WRONG_LENGTH=0
		WRONG_MAP=0
		WRONG_REDUCE=0
	File Input Format Counters 
		Bytes Read=11029275802
	File Output Format Counters 
		Bytes Written=472954036
20/06/15 06:58:22 INFO client.RMProxy: Connecting to ResourceManager at master/10.51.17.95:8032
20/06/15 06:58:22 INFO input.FileInputFormat: Total input paths to process : 1
20/06/15 06:58:23 INFO mapreduce.JobSubmitter: number of splits:7
20/06/15 06:58:23 INFO mapreduce.JobSubmitter: Submitting tokens for job: job_1592170861025_0003
20/06/15 06:58:23 INFO impl.YarnClientImpl: Submitted application application_1592170861025_0003
20/06/15 06:58:23 INFO mapreduce.Job: The url to track the job: http://master:8088/proxy/application_1592170861025_0003/
20/06/15 06:58:23 INFO mapreduce.Job: Running job: job_1592170861025_0003
20/06/15 06:58:31 INFO mapreduce.Job: Job job_1592170861025_0003 running in uber mode : false
20/06/15 06:58:31 INFO mapreduce.Job:  map 0% reduce 0%
20/06/15 06:58:42 INFO mapreduce.Job:  map 14% reduce 0%
20/06/15 06:58:43 INFO mapreduce.Job:  map 29% reduce 0%
20/06/15 06:58:44 INFO mapreduce.Job:  map 76% reduce 0%
20/06/15 06:58:45 INFO mapreduce.Job:  map 100% reduce 0%
20/06/15 06:58:53 INFO mapreduce.Job:  map 100% reduce 88%
20/06/15 06:58:56 INFO mapreduce.Job:  map 100% reduce 98%
20/06/15 06:58:57 INFO mapreduce.Job:  map 100% reduce 100%
20/06/15 06:58:58 INFO mapreduce.Job: Job job_1592170861025_0003 completed successfully
20/06/15 06:58:58 INFO mapreduce.Job: Counters: 51
	File System Counters
		FILE: Number of bytes read=409282494
		FILE: Number of bytes written=819543869
		FILE: Number of read operations=0
		FILE: Number of large read operations=0
		FILE: Number of write operations=0
		HDFS: Number of bytes read=472962668
		HDFS: Number of bytes written=331204946
		HDFS: Number of read operations=31
		HDFS: Number of large read operations=0
		HDFS: Number of write operations=2
	Job Counters 
		Killed map tasks=1
		Launched map tasks=7
		Launched reduce tasks=1
		Data-local map tasks=4
		Rack-local map tasks=3
		Total time spent by all maps in occupied slots (ms)=57191
		Total time spent by all reduces in occupied slots (ms)=11775
		Total time spent by all map tasks (ms)=57191
		Total time spent by all reduce tasks (ms)=11775
		Total vcore-milliseconds taken by all map tasks=57191
		Total vcore-milliseconds taken by all reduce tasks=11775
		Total megabyte-milliseconds taken by all map tasks=58563584
		Total megabyte-milliseconds taken by all reduce tasks=12057600
	Map-Reduce Framework
		Map input records=9841803
		Map output records=9841803
		Map output bytes=389598846
		Map output materialized bytes=409282494
		Input split bytes=889
		Combine input records=0
		Combine output records=0
		Reduce input groups=1244
		Reduce shuffle bytes=409282494
		Reduce input records=9841803
		Reduce output records=9841803
		Spilled Records=19683606
		Shuffled Maps =7
		Failed Shuffles=0
		Merged Map outputs=7
		GC time elapsed (ms)=1915
		CPU time spent (ms)=43190
		Physical memory (bytes) snapshot=2077999104
		Virtual memory (bytes) snapshot=16864755712
		Total committed heap usage (bytes)=1535639552
	Shuffle Errors
		BAD_ID=0
		CONNECTION=0
		IO_ERROR=0
		WRONG_LENGTH=0
		WRONG_MAP=0
		WRONG_REDUCE=0
	File Input Format Counters 
		Bytes Read=472961779
	File Output Format Counters 
		Bytes Written=331204946
