20/06/09 08:21:43 INFO client.RMProxy: Connecting to ResourceManager at master/10.51.17.95:8032
20/06/09 08:21:44 INFO input.FileInputFormat: Total input paths to process : 10
20/06/09 08:21:45 INFO mapreduce.JobSubmitter: number of splits:170
20/06/09 08:21:45 INFO mapreduce.JobSubmitter: Submitting tokens for job: job_1591657876357_0005
20/06/09 08:21:45 INFO impl.YarnClientImpl: Submitted application application_1591657876357_0005
20/06/09 08:21:45 INFO mapreduce.Job: The url to track the job: http://master:8088/proxy/application_1591657876357_0005/
20/06/09 08:21:45 INFO mapreduce.Job: Running job: job_1591657876357_0005
20/06/09 08:21:52 INFO mapreduce.Job: Job job_1591657876357_0005 running in uber mode : false
20/06/09 08:21:52 INFO mapreduce.Job:  map 0% reduce 0%
20/06/09 08:22:07 INFO mapreduce.Job:  map 1% reduce 0%
20/06/09 08:22:09 INFO mapreduce.Job:  map 2% reduce 0%
20/06/09 08:22:12 INFO mapreduce.Job:  map 3% reduce 0%
20/06/09 08:22:19 INFO mapreduce.Job:  map 4% reduce 0%
20/06/09 08:22:24 INFO mapreduce.Job:  map 5% reduce 0%
20/06/09 08:22:27 INFO mapreduce.Job:  map 6% reduce 0%
20/06/09 08:22:33 INFO mapreduce.Job:  map 7% reduce 0%
20/06/09 08:22:37 INFO mapreduce.Job:  map 8% reduce 0%
20/06/09 08:22:38 INFO mapreduce.Job:  map 9% reduce 0%
20/06/09 08:22:47 INFO mapreduce.Job:  map 10% reduce 0%
20/06/09 08:22:50 INFO mapreduce.Job:  map 11% reduce 0%
20/06/09 08:22:54 INFO mapreduce.Job:  map 12% reduce 0%
20/06/09 08:22:58 INFO mapreduce.Job:  map 13% reduce 0%
20/06/09 08:23:04 INFO mapreduce.Job:  map 14% reduce 0%
20/06/09 08:23:09 INFO mapreduce.Job:  map 15% reduce 0%
20/06/09 08:23:10 INFO mapreduce.Job:  map 15% reduce 4%
20/06/09 08:23:14 INFO mapreduce.Job:  map 16% reduce 4%
20/06/09 08:23:19 INFO mapreduce.Job:  map 17% reduce 4%
20/06/09 08:23:21 INFO mapreduce.Job:  map 18% reduce 4%
20/06/09 08:23:23 INFO mapreduce.Job:  map 18% reduce 5%
20/06/09 08:23:26 INFO mapreduce.Job:  map 18% reduce 6%
20/06/09 08:23:27 INFO mapreduce.Job:  map 19% reduce 6%
20/06/09 08:23:31 INFO mapreduce.Job:  map 20% reduce 6%
20/06/09 08:23:35 INFO mapreduce.Job:  map 21% reduce 6%
20/06/09 08:23:40 INFO mapreduce.Job:  map 22% reduce 6%
20/06/09 08:23:46 INFO mapreduce.Job:  map 23% reduce 6%
20/06/09 08:23:50 INFO mapreduce.Job:  map 24% reduce 6%
20/06/09 08:23:52 INFO mapreduce.Job:  map 24% reduce 7%
20/06/09 08:23:56 INFO mapreduce.Job:  map 25% reduce 7%
20/06/09 08:24:01 INFO mapreduce.Job:  map 26% reduce 7%
20/06/09 08:24:02 INFO mapreduce.Job:  map 26% reduce 8%
20/06/09 08:24:04 INFO mapreduce.Job:  map 27% reduce 8%
20/06/09 08:24:08 INFO mapreduce.Job:  map 27% reduce 9%
20/06/09 08:24:09 INFO mapreduce.Job:  map 28% reduce 9%
20/06/09 08:24:13 INFO mapreduce.Job:  map 29% reduce 9%
20/06/09 08:24:18 INFO mapreduce.Job:  map 30% reduce 9%
20/06/09 08:24:21 INFO mapreduce.Job:  map 31% reduce 9%
20/06/09 08:24:23 INFO mapreduce.Job:  map 31% reduce 10%
20/06/09 08:24:27 INFO mapreduce.Job:  map 32% reduce 10%
20/06/09 08:24:33 INFO mapreduce.Job:  map 33% reduce 10%
20/06/09 08:24:38 INFO mapreduce.Job:  map 34% reduce 10%
20/06/09 08:24:44 INFO mapreduce.Job:  map 35% reduce 10%
20/06/09 08:24:45 INFO mapreduce.Job:  map 36% reduce 10%
20/06/09 08:24:48 INFO mapreduce.Job:  map 36% reduce 11%
20/06/09 08:24:49 INFO mapreduce.Job:  map 37% reduce 11%
20/06/09 08:24:51 INFO mapreduce.Job:  map 37% reduce 12%
20/06/09 08:24:53 INFO mapreduce.Job:  map 38% reduce 12%
20/06/09 08:24:54 INFO mapreduce.Job:  map 38% reduce 13%
20/06/09 08:24:59 INFO mapreduce.Job:  map 39% reduce 13%
20/06/09 08:25:03 INFO mapreduce.Job:  map 40% reduce 13%
20/06/09 08:25:08 INFO mapreduce.Job:  map 41% reduce 13%
20/06/09 08:25:14 INFO mapreduce.Job:  map 42% reduce 13%
20/06/09 08:25:18 INFO mapreduce.Job:  map 43% reduce 13%
20/06/09 08:25:21 INFO mapreduce.Job:  map 43% reduce 14%
20/06/09 08:25:25 INFO mapreduce.Job:  map 44% reduce 14%
20/06/09 08:25:28 INFO mapreduce.Job:  map 45% reduce 14%
20/06/09 08:25:31 INFO mapreduce.Job:  map 46% reduce 14%
20/06/09 08:25:33 INFO mapreduce.Job:  map 46% reduce 15%
20/06/09 08:25:36 INFO mapreduce.Job:  map 47% reduce 15%
20/06/09 08:25:39 INFO mapreduce.Job:  map 48% reduce 15%
20/06/09 08:25:45 INFO mapreduce.Job:  map 49% reduce 15%
20/06/09 08:25:48 INFO mapreduce.Job:  map 49% reduce 16%
20/06/09 08:25:49 INFO mapreduce.Job:  map 50% reduce 16%
20/06/09 08:25:57 INFO mapreduce.Job:  map 51% reduce 16%
20/06/09 08:25:59 INFO mapreduce.Job:  map 52% reduce 16%
20/06/09 08:26:05 INFO mapreduce.Job:  map 53% reduce 16%
20/06/09 08:26:10 INFO mapreduce.Job:  map 54% reduce 16%
20/06/09 08:26:12 INFO mapreduce.Job:  map 55% reduce 16%
20/06/09 08:26:13 INFO mapreduce.Job:  map 55% reduce 17%
20/06/09 08:26:16 INFO mapreduce.Job:  map 55% reduce 18%
20/06/09 08:26:19 INFO mapreduce.Job:  map 56% reduce 18%
20/06/09 08:26:24 INFO mapreduce.Job:  map 57% reduce 18%
20/06/09 08:26:25 INFO mapreduce.Job:  map 57% reduce 19%
20/06/09 08:26:26 INFO mapreduce.Job:  map 58% reduce 19%
20/06/09 08:26:32 INFO mapreduce.Job:  map 59% reduce 19%
20/06/09 08:26:37 INFO mapreduce.Job:  map 60% reduce 19%
20/06/09 08:26:41 INFO mapreduce.Job:  map 61% reduce 19%
20/06/09 08:26:44 INFO mapreduce.Job:  map 61% reduce 20%
20/06/09 08:26:45 INFO mapreduce.Job:  map 62% reduce 20%
20/06/09 08:26:52 INFO mapreduce.Job:  map 63% reduce 20%
20/06/09 08:26:56 INFO mapreduce.Job:  map 64% reduce 20%
20/06/09 08:26:59 INFO mapreduce.Job:  map 65% reduce 20%
20/06/09 08:27:02 INFO mapreduce.Job:  map 65% reduce 21%
20/06/09 08:27:03 INFO mapreduce.Job:  map 66% reduce 21%
20/06/09 08:27:05 INFO mapreduce.Job:  map 66% reduce 22%
20/06/09 08:27:08 INFO mapreduce.Job:  map 67% reduce 22%
20/06/09 08:27:14 INFO mapreduce.Job:  map 68% reduce 22%
20/06/09 08:27:19 INFO mapreduce.Job:  map 69% reduce 22%
20/06/09 08:27:22 INFO mapreduce.Job:  map 70% reduce 22%
20/06/09 08:27:28 INFO mapreduce.Job:  map 71% reduce 22%
20/06/09 08:27:32 INFO mapreduce.Job:  map 72% reduce 23%
20/06/09 08:27:37 INFO mapreduce.Job:  map 73% reduce 23%
20/06/09 08:27:41 INFO mapreduce.Job:  map 73% reduce 24%
20/06/09 08:27:42 INFO mapreduce.Job:  map 74% reduce 24%
20/06/09 08:27:45 INFO mapreduce.Job:  map 75% reduce 24%
20/06/09 08:27:47 INFO mapreduce.Job:  map 75% reduce 25%
20/06/09 08:27:49 INFO mapreduce.Job:  map 76% reduce 25%
20/06/09 08:27:56 INFO mapreduce.Job:  map 77% reduce 25%
20/06/09 08:28:00 INFO mapreduce.Job:  map 78% reduce 25%
20/06/09 08:28:02 INFO mapreduce.Job:  map 79% reduce 25%
20/06/09 08:28:09 INFO mapreduce.Job:  map 80% reduce 25%
20/06/09 08:28:12 INFO mapreduce.Job:  map 80% reduce 26%
20/06/09 08:28:13 INFO mapreduce.Job:  map 81% reduce 26%
20/06/09 08:28:19 INFO mapreduce.Job:  map 82% reduce 26%
20/06/09 08:28:24 INFO mapreduce.Job:  map 83% reduce 26%
20/06/09 08:28:27 INFO mapreduce.Job:  map 84% reduce 27%
20/06/09 08:28:31 INFO mapreduce.Job:  map 85% reduce 27%
20/06/09 08:28:34 INFO mapreduce.Job:  map 85% reduce 28%
20/06/09 08:28:37 INFO mapreduce.Job:  map 86% reduce 28%
20/06/09 08:28:43 INFO mapreduce.Job:  map 87% reduce 28%
20/06/09 08:28:46 INFO mapreduce.Job:  map 88% reduce 28%
20/06/09 08:28:50 INFO mapreduce.Job:  map 89% reduce 28%
20/06/09 08:28:54 INFO mapreduce.Job:  map 89% reduce 29%
20/06/09 08:28:55 INFO mapreduce.Job:  map 90% reduce 29%
20/06/09 08:29:00 INFO mapreduce.Job:  map 91% reduce 29%
20/06/09 08:29:04 INFO mapreduce.Job:  map 92% reduce 29%
20/06/09 08:29:09 INFO mapreduce.Job:  map 93% reduce 29%
20/06/09 08:29:10 INFO mapreduce.Job:  map 93% reduce 30%
20/06/09 08:29:13 INFO mapreduce.Job:  map 94% reduce 30%
20/06/09 08:29:16 INFO mapreduce.Job:  map 95% reduce 31%
20/06/09 08:29:19 INFO mapreduce.Job:  map 96% reduce 31%
20/06/09 08:29:20 INFO mapreduce.Job:  map 97% reduce 31%
20/06/09 08:29:22 INFO mapreduce.Job:  map 98% reduce 32%
20/06/09 08:29:25 INFO mapreduce.Job:  map 99% reduce 32%
20/06/09 08:29:28 INFO mapreduce.Job:  map 100% reduce 33%
20/06/09 08:29:31 INFO mapreduce.Job:  map 100% reduce 69%
20/06/09 08:29:34 INFO mapreduce.Job:  map 100% reduce 74%
20/06/09 08:29:37 INFO mapreduce.Job:  map 100% reduce 79%
20/06/09 08:29:40 INFO mapreduce.Job:  map 100% reduce 85%
20/06/09 08:29:43 INFO mapreduce.Job:  map 100% reduce 91%
20/06/09 08:29:46 INFO mapreduce.Job:  map 100% reduce 100%
20/06/09 08:29:47 INFO mapreduce.Job: Job job_1591657876357_0005 completed successfully
20/06/09 08:29:47 INFO mapreduce.Job: Counters: 51
	File System Counters
		FILE: Number of bytes read=1707858267
		FILE: Number of bytes written=2554544727
		FILE: Number of read operations=0
		FILE: Number of large read operations=0
		FILE: Number of write operations=0
		HDFS: Number of bytes read=11029710377
		HDFS: Number of bytes written=475198502
		HDFS: Number of read operations=513
		HDFS: Number of large read operations=0
		HDFS: Number of write operations=2
	Job Counters 
		Killed map tasks=1
		Launched map tasks=171
		Launched reduce tasks=1
		Data-local map tasks=170
		Rack-local map tasks=1
		Total time spent by all maps in occupied slots (ms)=5770938
		Total time spent by all reduces in occupied slots (ms)=407608
		Total time spent by all map tasks (ms)=5770938
		Total time spent by all reduce tasks (ms)=407608
		Total vcore-milliseconds taken by all map tasks=5770938
		Total vcore-milliseconds taken by all reduce tasks=407608
		Total megabyte-milliseconds taken by all map tasks=5909440512
		Total megabyte-milliseconds taken by all reduce tasks=417390592
	Map-Reduce Framework
		Map input records=265757
		Map output records=1009896986
		Map output bytes=19257392293
		Map output materialized bytes=825620624
		Input split bytes=19890
		Combine input records=1035035039
		Combine output records=48882374
		Reduce input groups=9842664
		Reduce shuffle bytes=825620624
		Reduce input records=23744321
		Reduce output records=9842664
		Spilled Records=73305029
		Shuffled Maps =170
		Failed Shuffles=0
		Merged Map outputs=170
		GC time elapsed (ms)=138475
		CPU time spent (ms)=2179070
		Physical memory (bytes) snapshot=46844514304
		Virtual memory (bytes) snapshot=360586592256
		Total committed heap usage (bytes)=35371614208
	Shuffle Errors
		BAD_ID=0
		CONNECTION=0
		IO_ERROR=0
		WRONG_LENGTH=0
		WRONG_MAP=0
		WRONG_REDUCE=0
	File Input Format Counters 
		Bytes Read=11029690487
	File Output Format Counters 
		Bytes Written=475198502
20/06/09 08:29:47 INFO client.RMProxy: Connecting to ResourceManager at master/10.51.17.95:8032
20/06/09 08:29:47 INFO input.FileInputFormat: Total input paths to process : 1
20/06/09 08:29:47 INFO mapreduce.JobSubmitter: number of splits:7
20/06/09 08:29:47 INFO mapreduce.JobSubmitter: Submitting tokens for job: job_1591657876357_0006
20/06/09 08:29:48 INFO impl.YarnClientImpl: Submitted application application_1591657876357_0006
20/06/09 08:29:48 INFO mapreduce.Job: The url to track the job: http://master:8088/proxy/application_1591657876357_0006/
20/06/09 08:29:48 INFO mapreduce.Job: Running job: job_1591657876357_0006
20/06/09 08:29:57 INFO mapreduce.Job: Job job_1591657876357_0006 running in uber mode : false
20/06/09 08:29:57 INFO mapreduce.Job:  map 0% reduce 0%
20/06/09 08:30:11 INFO mapreduce.Job:  map 6% reduce 0%
20/06/09 08:30:12 INFO mapreduce.Job:  map 65% reduce 0%
20/06/09 08:30:13 INFO mapreduce.Job:  map 70% reduce 0%
20/06/09 08:30:14 INFO mapreduce.Job:  map 85% reduce 0%
20/06/09 08:30:15 INFO mapreduce.Job:  map 100% reduce 0%
20/06/09 08:30:23 INFO mapreduce.Job:  map 100% reduce 89%
20/06/09 08:30:26 INFO mapreduce.Job:  map 100% reduce 100%
20/06/09 08:30:26 INFO mapreduce.Job: Job job_1591657876357_0006 completed successfully
20/06/09 08:30:26 INFO mapreduce.Job: Counters: 50
	File System Counters
		FILE: Number of bytes read=411499874
		FILE: Number of bytes written=823981109
		FILE: Number of read operations=0
		FILE: Number of large read operations=0
		FILE: Number of write operations=0
		HDFS: Number of bytes read=475207276
		HDFS: Number of bytes written=333415308
		HDFS: Number of read operations=31
		HDFS: Number of large read operations=0
		HDFS: Number of write operations=2
	Job Counters 
		Killed map tasks=1
		Launched map tasks=7
		Launched reduce tasks=1
		Data-local map tasks=7
		Total time spent by all maps in occupied slots (ms)=99841
		Total time spent by all reduces in occupied slots (ms)=10589
		Total time spent by all map tasks (ms)=99841
		Total time spent by all reduce tasks (ms)=10589
		Total vcore-milliseconds taken by all map tasks=99841
		Total vcore-milliseconds taken by all reduce tasks=10589
		Total megabyte-milliseconds taken by all map tasks=102237184
		Total megabyte-milliseconds taken by all reduce tasks=10843136
	Map-Reduce Framework
		Map input records=9842664
		Map output records=9842664
		Map output bytes=391814504
		Map output materialized bytes=411499874
		Input split bytes=882
		Combine input records=0
		Combine output records=0
		Reduce input groups=1249
		Reduce shuffle bytes=411499874
		Reduce input records=9842664
		Reduce output records=9842664
		Spilled Records=19685328
		Shuffled Maps =7
		Failed Shuffles=0
		Merged Map outputs=7
		GC time elapsed (ms)=4204
		CPU time spent (ms)=36270
		Physical memory (bytes) snapshot=2058506240
		Virtual memory (bytes) snapshot=16849997824
		Total committed heap usage (bytes)=1535639552
	Shuffle Errors
		BAD_ID=0
		CONNECTION=0
		IO_ERROR=0
		WRONG_LENGTH=0
		WRONG_MAP=0
		WRONG_REDUCE=0
	File Input Format Counters 
		Bytes Read=475206394
	File Output Format Counters 
		Bytes Written=333415308
