20/06/07 05:02:54 INFO client.RMProxy: Connecting to ResourceManager at master/10.51.17.95:8032
20/06/07 05:02:55 INFO input.FileInputFormat: Total input paths to process : 1
20/06/07 05:02:55 INFO mapreduce.JobSubmitter: number of splits:1
20/06/07 05:02:55 INFO mapreduce.JobSubmitter: Submitting tokens for job: job_1591472163376_0009
20/06/07 05:02:55 INFO impl.YarnClientImpl: Submitted application application_1591472163376_0009
20/06/07 05:02:55 INFO mapreduce.Job: The url to track the job: http://master:8088/proxy/application_1591472163376_0009/
20/06/07 05:02:55 INFO mapreduce.Job: Running job: job_1591472163376_0009
20/06/07 05:03:00 INFO mapreduce.Job: Job job_1591472163376_0009 running in uber mode : false
20/06/07 05:03:00 INFO mapreduce.Job:  map 0% reduce 0%
20/06/07 05:03:03 INFO mapreduce.Job:  map 100% reduce 0%
20/06/07 05:03:08 INFO mapreduce.Job:  map 100% reduce 100%
20/06/07 05:03:09 INFO mapreduce.Job: Job job_1591472163376_0009 completed successfully
20/06/07 05:03:09 INFO mapreduce.Job: Counters: 49
	File System Counters
		FILE: Number of bytes read=6
		FILE: Number of bytes written=246363
		FILE: Number of read operations=0
		FILE: Number of large read operations=0
		FILE: Number of write operations=0
		HDFS: Number of bytes read=114
		HDFS: Number of bytes written=0
		HDFS: Number of read operations=6
		HDFS: Number of large read operations=0
		HDFS: Number of write operations=2
	Job Counters 
		Launched map tasks=1
		Launched reduce tasks=1
		Other local map tasks=1
		Total time spent by all maps in occupied slots (ms)=1657
		Total time spent by all reduces in occupied slots (ms)=2586
		Total time spent by all map tasks (ms)=1657
		Total time spent by all reduce tasks (ms)=2586
		Total vcore-milliseconds taken by all map tasks=1657
		Total vcore-milliseconds taken by all reduce tasks=2586
		Total megabyte-milliseconds taken by all map tasks=1696768
		Total megabyte-milliseconds taken by all reduce tasks=2648064
	Map-Reduce Framework
		Map input records=0
		Map output records=0
		Map output bytes=0
		Map output materialized bytes=6
		Input split bytes=114
		Combine input records=0
		Combine output records=0
		Reduce input groups=0
		Reduce shuffle bytes=6
		Reduce input records=0
		Reduce output records=0
		Spilled Records=0
		Shuffled Maps =1
		Failed Shuffles=0
		Merged Map outputs=1
		GC time elapsed (ms)=90
		CPU time spent (ms)=620
		Physical memory (bytes) snapshot=428478464
		Virtual memory (bytes) snapshot=4225974272
		Total committed heap usage (bytes)=321388544
	Shuffle Errors
		BAD_ID=0
		CONNECTION=0
		IO_ERROR=0
		WRONG_LENGTH=0
		WRONG_MAP=0
		WRONG_REDUCE=0
	File Input Format Counters 
		Bytes Read=0
	File Output Format Counters 
		Bytes Written=0
