20/06/07 05:01:01 INFO client.RMProxy: Connecting to ResourceManager at master/10.51.17.95:8032
20/06/07 05:01:01 INFO input.FileInputFormat: Total input paths to process : 16
20/06/07 05:01:02 INFO mapreduce.JobSubmitter: number of splits:16
20/06/07 05:01:02 INFO mapreduce.JobSubmitter: Submitting tokens for job: job_1591472163376_0008
20/06/07 05:01:02 INFO impl.YarnClientImpl: Submitted application application_1591472163376_0008
20/06/07 05:01:02 INFO mapreduce.Job: The url to track the job: http://master:8088/proxy/application_1591472163376_0008/
20/06/07 05:01:02 INFO mapreduce.Job: Running job: job_1591472163376_0008
20/06/07 05:01:07 INFO mapreduce.Job: Job job_1591472163376_0008 running in uber mode : false
20/06/07 05:01:07 INFO mapreduce.Job:  map 0% reduce 0%
20/06/07 05:01:20 INFO mapreduce.Job:  map 8% reduce 0%
20/06/07 05:01:21 INFO mapreduce.Job:  map 33% reduce 0%
20/06/07 05:01:22 INFO mapreduce.Job:  map 46% reduce 0%
20/06/07 05:01:23 INFO mapreduce.Job:  map 50% reduce 0%
20/06/07 05:01:25 INFO mapreduce.Job:  map 54% reduce 0%
20/06/07 05:01:28 INFO mapreduce.Job:  map 58% reduce 0%
20/06/07 05:02:12 INFO mapreduce.Job:  map 60% reduce 0%
20/06/07 05:02:13 INFO mapreduce.Job:  map 63% reduce 0%
20/06/07 05:02:14 INFO mapreduce.Job:  map 65% reduce 0%
20/06/07 05:02:15 INFO mapreduce.Job:  map 69% reduce 0%
20/06/07 05:02:17 INFO mapreduce.Job:  map 71% reduce 0%
20/06/07 05:02:22 INFO mapreduce.Job:  map 75% reduce 0%
20/06/07 05:02:23 INFO mapreduce.Job:  map 79% reduce 0%
20/06/07 05:02:25 INFO mapreduce.Job:  map 79% reduce 13%
20/06/07 05:02:32 INFO mapreduce.Job:  map 85% reduce 13%
20/06/07 05:02:33 INFO mapreduce.Job:  map 90% reduce 13%
20/06/07 05:02:34 INFO mapreduce.Job:  map 92% reduce 19%
20/06/07 05:02:35 INFO mapreduce.Job:  map 94% reduce 19%
20/06/07 05:02:36 INFO mapreduce.Job:  map 96% reduce 19%
20/06/07 05:02:37 INFO mapreduce.Job:  map 96% reduce 27%
20/06/07 05:02:40 INFO mapreduce.Job:  map 96% reduce 29%
20/06/07 05:02:45 INFO mapreduce.Job:  map 98% reduce 29%
20/06/07 05:02:46 INFO mapreduce.Job:  map 100% reduce 29%
20/06/07 05:02:47 INFO mapreduce.Job:  map 100% reduce 100%
20/06/07 05:02:48 INFO mapreduce.Job: Job job_1591472163376_0008 completed successfully
20/06/07 05:02:48 INFO mapreduce.Job: Counters: 50
	File System Counters
		FILE: Number of bytes read=358
		FILE: Number of bytes written=2094137
		FILE: Number of read operations=0
		FILE: Number of large read operations=0
		FILE: Number of write operations=0
		HDFS: Number of bytes read=4166
		HDFS: Number of bytes written=215
		HDFS: Number of read operations=67
		HDFS: Number of large read operations=0
		HDFS: Number of write operations=3
	Job Counters 
		Launched map tasks=16
		Launched reduce tasks=1
		Data-local map tasks=13
		Rack-local map tasks=3
		Total time spent by all maps in occupied slots (ms)=1121658
		Total time spent by all reduces in occupied slots (ms)=31488
		Total time spent by all map tasks (ms)=1121658
		Total time spent by all reduce tasks (ms)=31488
		Total vcore-milliseconds taken by all map tasks=1121658
		Total vcore-milliseconds taken by all reduce tasks=31488
		Total megabyte-milliseconds taken by all map tasks=1148577792
		Total megabyte-milliseconds taken by all reduce tasks=32243712
	Map-Reduce Framework
		Map input records=16
		Map output records=32
		Map output bytes=288
		Map output materialized bytes=448
		Input split bytes=2278
		Combine input records=0
		Combine output records=0
		Reduce input groups=2
		Reduce shuffle bytes=448
		Reduce input records=32
		Reduce output records=0
		Spilled Records=64
		Shuffled Maps =16
		Failed Shuffles=0
		Merged Map outputs=16
		GC time elapsed (ms)=8790
		CPU time spent (ms)=467640
		Physical memory (bytes) snapshot=4403322880
		Virtual memory (bytes) snapshot=35817705472
		Total committed heap usage (bytes)=3352821760
	Shuffle Errors
		BAD_ID=0
		CONNECTION=0
		IO_ERROR=0
		WRONG_LENGTH=0
		WRONG_MAP=0
		WRONG_REDUCE=0
	File Input Format Counters 
		Bytes Read=1888
	File Output Format Counters 
		Bytes Written=97
