20/06/12 20:24:56 INFO client.RMProxy: Connecting to ResourceManager at master/10.51.17.95:8032
20/06/12 20:24:57 INFO client.RMProxy: Connecting to ResourceManager at master/10.51.17.95:8032
20/06/12 20:24:57 INFO input.FileInputFormat: Total input paths to process : 10
20/06/12 20:24:58 INFO mapreduce.JobSubmitter: number of splits:160
20/06/12 20:24:58 INFO mapreduce.JobSubmitter: Submitting tokens for job: job_1591961023906_0002
20/06/12 20:24:58 INFO impl.YarnClientImpl: Submitted application application_1591961023906_0002
20/06/12 20:24:58 INFO mapreduce.Job: The url to track the job: http://master:8088/proxy/application_1591961023906_0002/
20/06/12 20:24:58 INFO mapreduce.Job: Running job: job_1591961023906_0002
20/06/12 20:25:05 INFO mapreduce.Job: Job job_1591961023906_0002 running in uber mode : false
20/06/12 20:25:05 INFO mapreduce.Job:  map 0% reduce 0%
20/06/12 20:25:15 INFO mapreduce.Job:  map 1% reduce 0%
20/06/12 20:25:16 INFO mapreduce.Job:  map 3% reduce 0%
20/06/12 20:25:17 INFO mapreduce.Job:  map 4% reduce 0%
20/06/12 20:25:18 INFO mapreduce.Job:  map 8% reduce 0%
20/06/12 20:25:19 INFO mapreduce.Job:  map 9% reduce 0%
20/06/12 20:25:22 INFO mapreduce.Job:  map 10% reduce 0%
20/06/12 20:25:25 INFO mapreduce.Job:  map 11% reduce 0%
20/06/12 20:25:26 INFO mapreduce.Job:  map 12% reduce 0%
20/06/12 20:25:27 INFO mapreduce.Job:  map 13% reduce 0%
20/06/12 20:25:28 INFO mapreduce.Job:  map 14% reduce 0%
20/06/12 20:25:29 INFO mapreduce.Job:  map 16% reduce 0%
20/06/12 20:25:30 INFO mapreduce.Job:  map 17% reduce 0%
20/06/12 20:25:31 INFO mapreduce.Job:  map 18% reduce 0%
20/06/12 20:25:33 INFO mapreduce.Job:  map 19% reduce 0%
20/06/12 20:25:36 INFO mapreduce.Job:  map 21% reduce 1%
20/06/12 20:25:38 INFO mapreduce.Job:  map 22% reduce 1%
20/06/12 20:25:39 INFO mapreduce.Job:  map 22% reduce 2%
20/06/12 20:25:40 INFO mapreduce.Job:  map 23% reduce 2%
20/06/12 20:25:41 INFO mapreduce.Job:  map 24% reduce 2%
20/06/12 20:25:42 INFO mapreduce.Job:  map 24% reduce 4%
20/06/12 20:25:44 INFO mapreduce.Job:  map 26% reduce 4%
20/06/12 20:25:45 INFO mapreduce.Job:  map 27% reduce 5%
20/06/12 20:25:47 INFO mapreduce.Job:  map 28% reduce 5%
20/06/12 20:25:48 INFO mapreduce.Job:  map 30% reduce 6%
20/06/12 20:25:50 INFO mapreduce.Job:  map 30% reduce 8%
20/06/12 20:25:52 INFO mapreduce.Job:  map 31% reduce 8%
20/06/12 20:25:54 INFO mapreduce.Job:  map 32% reduce 9%
20/06/12 20:25:56 INFO mapreduce.Job:  map 33% reduce 9%
20/06/12 20:25:57 INFO mapreduce.Job:  map 33% reduce 10%
20/06/12 20:25:58 INFO mapreduce.Job:  map 34% reduce 10%
20/06/12 20:26:00 INFO mapreduce.Job:  map 35% reduce 10%
20/06/12 20:26:01 INFO mapreduce.Job:  map 36% reduce 11%
20/06/12 20:26:03 INFO mapreduce.Job:  map 38% reduce 11%
20/06/12 20:26:04 INFO mapreduce.Job:  map 38% reduce 12%
20/06/12 20:26:07 INFO mapreduce.Job:  map 39% reduce 12%
20/06/12 20:26:09 INFO mapreduce.Job:  map 41% reduce 12%
20/06/12 20:26:10 INFO mapreduce.Job:  map 41% reduce 13%
20/06/12 20:26:14 INFO mapreduce.Job:  map 42% reduce 13%
20/06/12 20:26:15 INFO mapreduce.Job:  map 43% reduce 13%
20/06/12 20:26:16 INFO mapreduce.Job:  map 45% reduce 14%
20/06/12 20:26:18 INFO mapreduce.Job:  map 46% reduce 14%
20/06/12 20:26:19 INFO mapreduce.Job:  map 46% reduce 15%
20/06/12 20:26:20 INFO mapreduce.Job:  map 47% reduce 15%
20/06/12 20:26:22 INFO mapreduce.Job:  map 47% reduce 16%
20/06/12 20:26:23 INFO mapreduce.Job:  map 48% reduce 16%
20/06/12 20:26:25 INFO mapreduce.Job:  map 49% reduce 16%
20/06/12 20:26:29 INFO mapreduce.Job:  map 51% reduce 16%
20/06/12 20:26:31 INFO mapreduce.Job:  map 52% reduce 17%
20/06/12 20:26:32 INFO mapreduce.Job:  map 53% reduce 17%
20/06/12 20:26:35 INFO mapreduce.Job:  map 55% reduce 17%
20/06/12 20:26:37 INFO mapreduce.Job:  map 55% reduce 18%
20/06/12 20:26:38 INFO mapreduce.Job:  map 56% reduce 18%
20/06/12 20:26:39 INFO mapreduce.Job:  map 57% reduce 18%
20/06/12 20:26:40 INFO mapreduce.Job:  map 58% reduce 19%
20/06/12 20:26:41 INFO mapreduce.Job:  map 59% reduce 19%
20/06/12 20:26:43 INFO mapreduce.Job:  map 60% reduce 20%
20/06/12 20:26:47 INFO mapreduce.Job:  map 61% reduce 20%
20/06/12 20:26:48 INFO mapreduce.Job:  map 63% reduce 20%
20/06/12 20:26:49 INFO mapreduce.Job:  map 64% reduce 21%
20/06/12 20:26:50 INFO mapreduce.Job:  map 65% reduce 21%
20/06/12 20:26:55 INFO mapreduce.Job:  map 65% reduce 22%
20/06/12 20:26:58 INFO mapreduce.Job:  map 66% reduce 22%
20/06/12 20:27:00 INFO mapreduce.Job:  map 67% reduce 22%
20/06/12 20:27:01 INFO mapreduce.Job:  map 71% reduce 22%
20/06/12 20:27:03 INFO mapreduce.Job:  map 71% reduce 23%
20/06/12 20:27:04 INFO mapreduce.Job:  map 71% reduce 24%
20/06/12 20:27:09 INFO mapreduce.Job:  map 72% reduce 24%
20/06/12 20:27:15 INFO mapreduce.Job:  map 74% reduce 24%
20/06/12 20:27:16 INFO mapreduce.Job:  map 77% reduce 24%
20/06/12 20:27:18 INFO mapreduce.Job:  map 77% reduce 25%
20/06/12 20:27:19 INFO mapreduce.Job:  map 78% reduce 25%
20/06/12 20:27:21 INFO mapreduce.Job:  map 78% reduce 26%
20/06/12 20:27:24 INFO mapreduce.Job:  map 79% reduce 26%
20/06/12 20:27:28 INFO mapreduce.Job:  map 80% reduce 26%
20/06/12 20:27:29 INFO mapreduce.Job:  map 81% reduce 26%
20/06/12 20:27:30 INFO mapreduce.Job:  map 82% reduce 27%
20/06/12 20:27:31 INFO mapreduce.Job:  map 83% reduce 27%
20/06/12 20:27:33 INFO mapreduce.Job:  map 85% reduce 28%
20/06/12 20:27:42 INFO mapreduce.Job:  map 86% reduce 28%
20/06/12 20:27:44 INFO mapreduce.Job:  map 88% reduce 28%
20/06/12 20:27:45 INFO mapreduce.Job:  map 88% reduce 29%
20/06/12 20:27:46 INFO mapreduce.Job:  map 89% reduce 29%
20/06/12 20:27:47 INFO mapreduce.Job:  map 90% reduce 29%
20/06/12 20:27:48 INFO mapreduce.Job:  map 91% reduce 30%
20/06/12 20:27:52 INFO mapreduce.Job:  map 92% reduce 30%
20/06/12 20:27:55 INFO mapreduce.Job:  map 92% reduce 31%
20/06/12 20:27:56 INFO mapreduce.Job:  map 93% reduce 31%
20/06/12 20:28:01 INFO mapreduce.Job:  map 94% reduce 31%
20/06/12 20:28:05 INFO mapreduce.Job:  map 96% reduce 31%
20/06/12 20:28:07 INFO mapreduce.Job:  map 96% reduce 32%
20/06/12 20:28:08 INFO mapreduce.Job:  map 97% reduce 32%
20/06/12 20:28:11 INFO mapreduce.Job:  map 99% reduce 32%
20/06/12 20:28:14 INFO mapreduce.Job:  map 99% reduce 33%
20/06/12 20:28:16 INFO mapreduce.Job:  map 100% reduce 33%
20/06/12 20:28:21 INFO mapreduce.Job:  map 100% reduce 42%
20/06/12 20:28:24 INFO mapreduce.Job:  map 100% reduce 45%
20/06/12 20:28:30 INFO mapreduce.Job:  map 100% reduce 46%
20/06/12 20:28:33 INFO mapreduce.Job:  map 100% reduce 47%
20/06/12 20:28:34 INFO mapreduce.Job:  map 100% reduce 48%
20/06/12 20:28:37 INFO mapreduce.Job:  map 100% reduce 50%
20/06/12 20:28:39 INFO mapreduce.Job:  map 100% reduce 51%
20/06/12 20:28:40 INFO mapreduce.Job:  map 100% reduce 55%
20/06/12 20:28:41 INFO mapreduce.Job:  map 100% reduce 56%
20/06/12 20:28:42 INFO mapreduce.Job:  map 100% reduce 57%
20/06/12 20:28:43 INFO mapreduce.Job:  map 100% reduce 61%
20/06/12 20:28:44 INFO mapreduce.Job:  map 100% reduce 67%
20/06/12 20:28:45 INFO mapreduce.Job:  map 100% reduce 68%
20/06/12 20:28:47 INFO mapreduce.Job:  map 100% reduce 71%
20/06/12 20:28:48 INFO mapreduce.Job:  map 100% reduce 72%
20/06/12 20:28:52 INFO mapreduce.Job:  map 100% reduce 73%
20/06/12 20:28:54 INFO mapreduce.Job:  map 100% reduce 74%
20/06/12 20:28:55 INFO mapreduce.Job:  map 100% reduce 75%
20/06/12 20:28:58 INFO mapreduce.Job:  map 100% reduce 76%
20/06/12 20:29:03 INFO mapreduce.Job:  map 100% reduce 77%
20/06/12 20:29:04 INFO mapreduce.Job:  map 100% reduce 78%
20/06/12 20:29:06 INFO mapreduce.Job:  map 100% reduce 79%
20/06/12 20:29:09 INFO mapreduce.Job:  map 100% reduce 80%
20/06/12 20:29:14 INFO mapreduce.Job:  map 100% reduce 81%
20/06/12 20:29:17 INFO mapreduce.Job:  map 100% reduce 82%
20/06/12 20:29:20 INFO mapreduce.Job:  map 100% reduce 83%
20/06/12 20:29:21 INFO mapreduce.Job:  map 100% reduce 84%
20/06/12 20:29:24 INFO mapreduce.Job:  map 100% reduce 85%
20/06/12 20:29:26 INFO mapreduce.Job:  map 100% reduce 86%
20/06/12 20:29:29 INFO mapreduce.Job:  map 100% reduce 87%
20/06/12 20:29:30 INFO mapreduce.Job:  map 100% reduce 88%
20/06/12 20:29:33 INFO mapreduce.Job:  map 100% reduce 89%
20/06/12 20:29:36 INFO mapreduce.Job:  map 100% reduce 90%
20/06/12 20:29:39 INFO mapreduce.Job:  map 100% reduce 91%
20/06/12 20:29:41 INFO mapreduce.Job:  map 100% reduce 92%
20/06/12 20:29:44 INFO mapreduce.Job:  map 100% reduce 93%
20/06/12 20:29:47 INFO mapreduce.Job:  map 100% reduce 94%
20/06/12 20:29:50 INFO mapreduce.Job:  map 100% reduce 95%
20/06/12 20:29:51 INFO mapreduce.Job:  map 100% reduce 96%
20/06/12 20:29:54 INFO mapreduce.Job:  map 100% reduce 97%
20/06/12 20:29:56 INFO mapreduce.Job:  map 100% reduce 98%
20/06/12 20:30:00 INFO mapreduce.Job:  map 100% reduce 99%
20/06/12 20:30:03 INFO mapreduce.Job:  map 100% reduce 100%
20/06/12 20:30:05 INFO mapreduce.Job: Job job_1591961023906_0002 completed successfully
20/06/12 20:30:05 INFO mapreduce.Job: Counters: 51
	File System Counters
		FILE: Number of bytes read=19851417499
		FILE: Number of bytes written=30622893370
		FILE: Number of read operations=0
		FILE: Number of large read operations=0
		FILE: Number of write operations=0
		HDFS: Number of bytes read=10775610165
		HDFS: Number of bytes written=10772853487
		HDFS: Number of read operations=649
		HDFS: Number of large read operations=0
		HDFS: Number of write operations=6
	Job Counters 
		Killed map tasks=1
		Launched map tasks=161
		Launched reduce tasks=3
		Data-local map tasks=143
		Rack-local map tasks=18
		Total time spent by all maps in occupied slots (ms)=1791376
		Total time spent by all reduces in occupied slots (ms)=781041
		Total time spent by all map tasks (ms)=1791376
		Total time spent by all reduce tasks (ms)=781041
		Total vcore-milliseconds taken by all map tasks=1791376
		Total vcore-milliseconds taken by all reduce tasks=781041
		Total megabyte-milliseconds taken by all map tasks=1834369024
		Total megabyte-milliseconds taken by all reduce tasks=799785984
	Map-Reduce Framework
		Map input records=1022069
		Map output records=1022069
		Map output bytes=10745664507
		Map output materialized bytes=10751413767
		Input split bytes=18080
		Combine input records=0
		Combine output records=0
		Reduce input groups=1022069
		Reduce shuffle bytes=10751413767
		Reduce input records=1022069
		Reduce output records=1022069
		Spilled Records=2909625
		Shuffled Maps =480
		Failed Shuffles=0
		Merged Map outputs=480
		GC time elapsed (ms)=46357
		CPU time spent (ms)=276790
		Physical memory (bytes) snapshot=43762737152
		Virtual memory (bytes) snapshot=343252541440
		Total committed heap usage (bytes)=33471070208
	Shuffle Errors
		BAD_ID=0
		CONNECTION=0
		IO_ERROR=0
		WRONG_LENGTH=0
		WRONG_MAP=0
		WRONG_REDUCE=0
	File Input Format Counters 
		Bytes Read=10775592085
	File Output Format Counters 
		Bytes Written=10772853487
