20/06/07 04:12:19 INFO client.RMProxy: Connecting to ResourceManager at master/10.51.17.95:8032
20/06/07 04:12:20 INFO client.RMProxy: Connecting to ResourceManager at master/10.51.17.95:8032
20/06/07 04:12:20 INFO input.FileInputFormat: Total input paths to process : 10
20/06/07 04:12:20 INFO mapreduce.JobSubmitter: number of splits:160
20/06/07 04:12:20 INFO mapreduce.JobSubmitter: Submitting tokens for job: job_1591466148542_0025
20/06/07 04:12:20 INFO impl.YarnClientImpl: Submitted application application_1591466148542_0025
20/06/07 04:12:20 INFO mapreduce.Job: The url to track the job: http://master:8088/proxy/application_1591466148542_0025/
20/06/07 04:12:20 INFO mapreduce.Job: Running job: job_1591466148542_0025
20/06/07 04:12:27 INFO mapreduce.Job: Job job_1591466148542_0025 running in uber mode : false
20/06/07 04:12:27 INFO mapreduce.Job:  map 0% reduce 0%
20/06/07 04:12:37 INFO mapreduce.Job:  map 4% reduce 0%
20/06/07 04:12:38 INFO mapreduce.Job:  map 5% reduce 0%
20/06/07 04:12:39 INFO mapreduce.Job:  map 8% reduce 0%
20/06/07 04:12:41 INFO mapreduce.Job:  map 9% reduce 0%
20/06/07 04:12:45 INFO mapreduce.Job:  map 10% reduce 0%
20/06/07 04:12:46 INFO mapreduce.Job:  map 11% reduce 0%
20/06/07 04:12:47 INFO mapreduce.Job:  map 13% reduce 0%
20/06/07 04:12:48 INFO mapreduce.Job:  map 14% reduce 0%
20/06/07 04:12:51 INFO mapreduce.Job:  map 16% reduce 0%
20/06/07 04:12:52 INFO mapreduce.Job:  map 17% reduce 0%
20/06/07 04:12:54 INFO mapreduce.Job:  map 18% reduce 0%
20/06/07 04:12:55 INFO mapreduce.Job:  map 19% reduce 0%
20/06/07 04:12:56 INFO mapreduce.Job:  map 21% reduce 0%
20/06/07 04:12:57 INFO mapreduce.Job:  map 22% reduce 2%
20/06/07 04:13:00 INFO mapreduce.Job:  map 23% reduce 2%
20/06/07 04:13:02 INFO mapreduce.Job:  map 25% reduce 2%
20/06/07 04:13:03 INFO mapreduce.Job:  map 26% reduce 3%
20/06/07 04:13:04 INFO mapreduce.Job:  map 28% reduce 3%
20/06/07 04:13:05 INFO mapreduce.Job:  map 29% reduce 5%
20/06/07 04:13:08 INFO mapreduce.Job:  map 30% reduce 6%
20/06/07 04:13:09 INFO mapreduce.Job:  map 30% reduce 7%
20/06/07 04:13:10 INFO mapreduce.Job:  map 31% reduce 7%
20/06/07 04:13:11 INFO mapreduce.Job:  map 32% reduce 7%
20/06/07 04:13:13 INFO mapreduce.Job:  map 34% reduce 9%
20/06/07 04:13:15 INFO mapreduce.Job:  map 36% reduce 9%
20/06/07 04:13:16 INFO mapreduce.Job:  map 38% reduce 10%
20/06/07 04:13:17 INFO mapreduce.Job:  map 39% reduce 10%
20/06/07 04:13:18 INFO mapreduce.Job:  map 39% reduce 11%
20/06/07 04:13:19 INFO mapreduce.Job:  map 40% reduce 11%
20/06/07 04:13:21 INFO mapreduce.Job:  map 40% reduce 12%
20/06/07 04:13:23 INFO mapreduce.Job:  map 41% reduce 12%
20/06/07 04:13:24 INFO mapreduce.Job:  map 43% reduce 12%
20/06/07 04:13:25 INFO mapreduce.Job:  map 44% reduce 13%
20/06/07 04:13:26 INFO mapreduce.Job:  map 45% reduce 13%
20/06/07 04:13:27 INFO mapreduce.Job:  map 47% reduce 14%
20/06/07 04:13:29 INFO mapreduce.Job:  map 47% reduce 15%
20/06/07 04:13:30 INFO mapreduce.Job:  map 48% reduce 15%
20/06/07 04:13:31 INFO mapreduce.Job:  map 49% reduce 16%
20/06/07 04:13:34 INFO mapreduce.Job:  map 50% reduce 16%
20/06/07 04:13:36 INFO mapreduce.Job:  map 51% reduce 17%
20/06/07 04:13:37 INFO mapreduce.Job:  map 53% reduce 17%
20/06/07 04:13:38 INFO mapreduce.Job:  map 55% reduce 17%
20/06/07 04:13:39 INFO mapreduce.Job:  map 56% reduce 18%
20/06/07 04:13:42 INFO mapreduce.Job:  map 57% reduce 18%
20/06/07 04:13:43 INFO mapreduce.Job:  map 57% reduce 19%
20/06/07 04:13:47 INFO mapreduce.Job:  map 59% reduce 19%
20/06/07 04:13:48 INFO mapreduce.Job:  map 62% reduce 19%
20/06/07 04:13:50 INFO mapreduce.Job:  map 64% reduce 20%
20/06/07 04:13:52 INFO mapreduce.Job:  map 64% reduce 21%
20/06/07 04:13:57 INFO mapreduce.Job:  map 67% reduce 21%
20/06/07 04:13:58 INFO mapreduce.Job:  map 68% reduce 22%
20/06/07 04:13:59 INFO mapreduce.Job:  map 69% reduce 22%
20/06/07 04:14:00 INFO mapreduce.Job:  map 71% reduce 22%
20/06/07 04:14:02 INFO mapreduce.Job:  map 71% reduce 23%
20/06/07 04:14:04 INFO mapreduce.Job:  map 71% reduce 24%
20/06/07 04:14:05 INFO mapreduce.Job:  map 73% reduce 24%
20/06/07 04:14:07 INFO mapreduce.Job:  map 74% reduce 24%
20/06/07 04:14:09 INFO mapreduce.Job:  map 75% reduce 25%
20/06/07 04:14:12 INFO mapreduce.Job:  map 76% reduce 25%
20/06/07 04:14:13 INFO mapreduce.Job:  map 77% reduce 25%
20/06/07 04:14:14 INFO mapreduce.Job:  map 78% reduce 25%
20/06/07 04:14:18 INFO mapreduce.Job:  map 79% reduce 26%
20/06/07 04:14:19 INFO mapreduce.Job:  map 81% reduce 26%
20/06/07 04:14:21 INFO mapreduce.Job:  map 81% reduce 27%
20/06/07 04:14:22 INFO mapreduce.Job:  map 82% reduce 27%
20/06/07 04:14:23 INFO mapreduce.Job:  map 83% reduce 27%
20/06/07 04:14:24 INFO mapreduce.Job:  map 84% reduce 28%
20/06/07 04:14:27 INFO mapreduce.Job:  map 85% reduce 28%
20/06/07 04:14:29 INFO mapreduce.Job:  map 86% reduce 28%
20/06/07 04:14:32 INFO mapreduce.Job:  map 86% reduce 29%
20/06/07 04:14:34 INFO mapreduce.Job:  map 88% reduce 29%
20/06/07 04:14:35 INFO mapreduce.Job:  map 91% reduce 29%
20/06/07 04:14:36 INFO mapreduce.Job:  map 92% reduce 29%
20/06/07 04:14:37 INFO mapreduce.Job:  map 92% reduce 30%
20/06/07 04:14:39 INFO mapreduce.Job:  map 93% reduce 31%
20/06/07 04:14:45 INFO mapreduce.Job:  map 95% reduce 31%
20/06/07 04:14:46 INFO mapreduce.Job:  map 96% reduce 31%
20/06/07 04:14:47 INFO mapreduce.Job:  map 96% reduce 32%
20/06/07 04:14:49 INFO mapreduce.Job:  map 97% reduce 32%
20/06/07 04:14:51 INFO mapreduce.Job:  map 98% reduce 32%
20/06/07 04:14:53 INFO mapreduce.Job:  map 99% reduce 33%
20/06/07 04:14:56 INFO mapreduce.Job:  map 100% reduce 33%
20/06/07 04:14:58 INFO mapreduce.Job:  map 100% reduce 36%
20/06/07 04:15:01 INFO mapreduce.Job:  map 100% reduce 48%
20/06/07 04:15:04 INFO mapreduce.Job:  map 100% reduce 56%
20/06/07 04:15:05 INFO mapreduce.Job:  map 100% reduce 62%
20/06/07 04:15:07 INFO mapreduce.Job:  map 100% reduce 63%
20/06/07 04:15:08 INFO mapreduce.Job:  map 100% reduce 68%
20/06/07 04:15:10 INFO mapreduce.Job:  map 100% reduce 69%
20/06/07 04:15:11 INFO mapreduce.Job:  map 100% reduce 70%
20/06/07 04:15:13 INFO mapreduce.Job:  map 100% reduce 72%
20/06/07 04:15:16 INFO mapreduce.Job:  map 100% reduce 73%
20/06/07 04:15:19 INFO mapreduce.Job:  map 100% reduce 75%
20/06/07 04:15:22 INFO mapreduce.Job:  map 100% reduce 77%
20/06/07 04:15:25 INFO mapreduce.Job:  map 100% reduce 79%
20/06/07 04:15:28 INFO mapreduce.Job:  map 100% reduce 80%
20/06/07 04:15:29 INFO mapreduce.Job:  map 100% reduce 81%
20/06/07 04:15:31 INFO mapreduce.Job:  map 100% reduce 82%
20/06/07 04:15:32 INFO mapreduce.Job:  map 100% reduce 83%
20/06/07 04:15:34 INFO mapreduce.Job:  map 100% reduce 84%
20/06/07 04:15:35 INFO mapreduce.Job:  map 100% reduce 85%
20/06/07 04:15:37 INFO mapreduce.Job:  map 100% reduce 86%
20/06/07 04:15:38 INFO mapreduce.Job:  map 100% reduce 87%
20/06/07 04:15:40 INFO mapreduce.Job:  map 100% reduce 88%
20/06/07 04:15:43 INFO mapreduce.Job:  map 100% reduce 90%
20/06/07 04:15:46 INFO mapreduce.Job:  map 100% reduce 91%
20/06/07 04:15:47 INFO mapreduce.Job:  map 100% reduce 92%
20/06/07 04:15:49 INFO mapreduce.Job:  map 100% reduce 93%
20/06/07 04:15:56 INFO mapreduce.Job:  map 100% reduce 33%
20/06/07 04:15:57 INFO mapreduce.Job:  map 57% reduce 33%
20/06/07 04:16:01 INFO mapreduce.Job:  map 58% reduce 33%
20/06/07 04:16:04 INFO mapreduce.Job:  map 59% reduce 33%
20/06/07 04:16:08 INFO mapreduce.Job:  map 60% reduce 33%
20/06/07 04:16:09 INFO mapreduce.Job:  map 61% reduce 33%
20/06/07 04:16:11 INFO mapreduce.Job:  map 62% reduce 33%
20/06/07 04:16:12 INFO mapreduce.Job:  map 63% reduce 33%
20/06/07 04:16:16 INFO mapreduce.Job:  map 64% reduce 33%
20/06/07 04:16:17 INFO mapreduce.Job:  map 65% reduce 33%
20/06/07 04:16:18 INFO mapreduce.Job:  map 66% reduce 33%
20/06/07 04:16:22 INFO mapreduce.Job:  map 67% reduce 33%
20/06/07 04:16:24 INFO mapreduce.Job:  map 68% reduce 33%
20/06/07 04:16:25 INFO mapreduce.Job:  map 69% reduce 33%
20/06/07 04:16:27 INFO mapreduce.Job:  map 70% reduce 33%
20/06/07 04:16:30 INFO mapreduce.Job:  map 71% reduce 33%
20/06/07 04:16:32 INFO mapreduce.Job:  map 73% reduce 33%
20/06/07 04:16:34 INFO mapreduce.Job:  map 74% reduce 33%
20/06/07 04:16:38 INFO mapreduce.Job:  map 75% reduce 33%
20/06/07 04:16:40 INFO mapreduce.Job:  map 76% reduce 33%
20/06/07 04:16:43 INFO mapreduce.Job:  map 77% reduce 33%
20/06/07 04:16:45 INFO mapreduce.Job:  map 78% reduce 33%
20/06/07 04:16:46 INFO mapreduce.Job:  map 79% reduce 33%
20/06/07 04:16:47 INFO mapreduce.Job:  map 80% reduce 33%
20/06/07 04:16:51 INFO mapreduce.Job:  map 81% reduce 33%
20/06/07 04:16:53 INFO mapreduce.Job:  map 82% reduce 33%
20/06/07 04:16:55 INFO mapreduce.Job:  map 84% reduce 33%
20/06/07 04:16:59 INFO mapreduce.Job:  map 85% reduce 33%
20/06/07 04:17:00 INFO mapreduce.Job:  map 86% reduce 33%
20/06/07 04:17:02 INFO mapreduce.Job:  map 87% reduce 33%
20/06/07 04:17:03 INFO mapreduce.Job:  map 88% reduce 33%
20/06/07 04:17:07 INFO mapreduce.Job:  map 89% reduce 33%
20/06/07 04:17:08 INFO mapreduce.Job:  map 90% reduce 33%
20/06/07 04:17:10 INFO mapreduce.Job:  map 91% reduce 33%
20/06/07 04:17:14 INFO mapreduce.Job:  map 93% reduce 33%
20/06/07 04:17:16 INFO mapreduce.Job:  map 94% reduce 33%
20/06/07 04:17:17 INFO mapreduce.Job:  map 95% reduce 33%
20/06/07 04:17:19 INFO mapreduce.Job:  map 96% reduce 33%
20/06/07 04:17:23 INFO mapreduce.Job:  map 97% reduce 33%
20/06/07 04:17:25 INFO mapreduce.Job:  map 98% reduce 33%
20/06/07 04:17:26 INFO mapreduce.Job:  map 99% reduce 33%
20/06/07 04:17:29 INFO mapreduce.Job:  map 100% reduce 33%
20/06/07 04:17:34 INFO mapreduce.Job:  map 100% reduce 35%
20/06/07 04:17:35 INFO mapreduce.Job:  map 100% reduce 37%
20/06/07 04:17:38 INFO mapreduce.Job:  map 100% reduce 38%
20/06/07 04:17:40 INFO mapreduce.Job:  map 100% reduce 39%
20/06/07 04:17:41 INFO mapreduce.Job:  map 100% reduce 40%
20/06/07 04:17:43 INFO mapreduce.Job:  map 100% reduce 41%
20/06/07 04:17:46 INFO mapreduce.Job:  map 100% reduce 42%
20/06/07 04:17:47 INFO mapreduce.Job:  map 100% reduce 43%
20/06/07 04:17:50 INFO mapreduce.Job:  map 100% reduce 44%
20/06/07 04:21:56 INFO mapreduce.Job:  map 100% reduce 33%
20/06/07 04:22:07 INFO mapreduce.Job:  map 100% reduce 36%
20/06/07 04:22:08 INFO mapreduce.Job:  map 100% reduce 38%
20/06/07 04:22:10 INFO mapreduce.Job:  map 100% reduce 39%
20/06/07 04:22:11 INFO mapreduce.Job:  map 100% reduce 40%
20/06/07 04:22:14 INFO mapreduce.Job:  map 100% reduce 41%
20/06/07 04:22:16 INFO mapreduce.Job:  map 100% reduce 42%
20/06/07 04:22:19 INFO mapreduce.Job:  map 100% reduce 43%
20/06/07 04:22:22 INFO mapreduce.Job:  map 100% reduce 44%
20/06/07 04:22:26 INFO mapreduce.Job:  map 100% reduce 45%
20/06/07 04:22:32 INFO mapreduce.Job:  map 100% reduce 46%
20/06/07 04:22:36 INFO mapreduce.Job:  map 100% reduce 47%
20/06/07 04:22:41 INFO mapreduce.Job:  map 100% reduce 48%
20/06/07 04:22:45 INFO mapreduce.Job:  map 100% reduce 49%
20/06/07 04:22:50 INFO mapreduce.Job:  map 100% reduce 50%
20/06/07 04:22:54 INFO mapreduce.Job:  map 100% reduce 51%
20/06/07 04:23:02 INFO mapreduce.Job:  map 100% reduce 52%
20/06/07 04:23:08 INFO mapreduce.Job:  map 100% reduce 53%
20/06/07 04:23:14 INFO mapreduce.Job:  map 100% reduce 54%
20/06/07 04:23:18 INFO mapreduce.Job:  map 100% reduce 55%
20/06/07 04:23:27 INFO mapreduce.Job:  map 100% reduce 56%
20/06/07 04:23:32 INFO mapreduce.Job:  map 100% reduce 57%
20/06/07 04:23:35 INFO mapreduce.Job:  map 100% reduce 62%
20/06/07 04:23:36 INFO mapreduce.Job:  map 100% reduce 63%
20/06/07 04:23:38 INFO mapreduce.Job:  map 100% reduce 66%
20/06/07 04:23:39 INFO mapreduce.Job:  map 100% reduce 70%
20/06/07 04:23:41 INFO mapreduce.Job:  map 100% reduce 71%
20/06/07 04:23:42 INFO mapreduce.Job:  map 100% reduce 78%
20/06/07 04:23:50 INFO mapreduce.Job:  map 100% reduce 79%
20/06/07 04:23:51 INFO mapreduce.Job:  map 100% reduce 80%
