20/06/16 16:01:02 INFO client.RMProxy: Connecting to ResourceManager at master/10.51.17.95:8032
20/06/16 16:01:02 INFO client.RMProxy: Connecting to ResourceManager at master/10.51.17.95:8032
20/06/16 16:01:03 INFO input.FileInputFormat: Total input paths to process : 10
20/06/16 16:01:03 INFO mapreduce.JobSubmitter: number of splits:160
20/06/16 16:01:04 INFO mapreduce.JobSubmitter: Submitting tokens for job: job_1592290790714_0001
20/06/16 16:01:04 INFO impl.YarnClientImpl: Submitted application application_1592290790714_0001
20/06/16 16:01:04 INFO mapreduce.Job: The url to track the job: http://master:8088/proxy/application_1592290790714_0001/
20/06/16 16:01:04 INFO mapreduce.Job: Running job: job_1592290790714_0001
20/06/16 16:01:11 INFO mapreduce.Job: Job job_1592290790714_0001 running in uber mode : false
20/06/16 16:01:11 INFO mapreduce.Job:  map 0% reduce 0%
20/06/16 16:01:18 INFO mapreduce.Job:  map 3% reduce 0%
20/06/16 16:01:22 INFO mapreduce.Job:  map 6% reduce 0%
20/06/16 16:01:24 INFO mapreduce.Job:  map 8% reduce 0%
20/06/16 16:01:25 INFO mapreduce.Job:  map 9% reduce 0%
20/06/16 16:01:30 INFO mapreduce.Job:  map 11% reduce 0%
20/06/16 16:01:32 INFO mapreduce.Job:  map 15% reduce 0%
20/06/16 16:01:35 INFO mapreduce.Job:  map 16% reduce 0%
20/06/16 16:01:38 INFO mapreduce.Job:  map 18% reduce 0%
20/06/16 16:01:40 INFO mapreduce.Job:  map 19% reduce 0%
20/06/16 16:01:41 INFO mapreduce.Job:  map 21% reduce 0%
20/06/16 16:01:43 INFO mapreduce.Job:  map 22% reduce 0%
20/06/16 16:01:44 INFO mapreduce.Job:  map 22% reduce 2%
20/06/16 16:01:45 INFO mapreduce.Job:  map 24% reduce 2%
20/06/16 16:01:47 INFO mapreduce.Job:  map 24% reduce 3%
20/06/16 16:01:48 INFO mapreduce.Job:  map 25% reduce 3%
20/06/16 16:01:50 INFO mapreduce.Job:  map 28% reduce 3%
20/06/16 16:01:53 INFO mapreduce.Job:  map 28% reduce 6%
20/06/16 16:01:55 INFO mapreduce.Job:  map 30% reduce 6%
20/06/16 16:01:56 INFO mapreduce.Job:  map 30% reduce 7%
20/06/16 16:01:58 INFO mapreduce.Job:  map 31% reduce 7%
20/06/16 16:01:59 INFO mapreduce.Job:  map 33% reduce 7%
20/06/16 16:02:00 INFO mapreduce.Job:  map 34% reduce 7%
20/06/16 16:02:01 INFO mapreduce.Job:  map 35% reduce 7%
20/06/16 16:02:02 INFO mapreduce.Job:  map 35% reduce 8%
20/06/16 16:02:04 INFO mapreduce.Job:  map 36% reduce 8%
20/06/16 16:02:05 INFO mapreduce.Job:  map 37% reduce 8%
20/06/16 16:02:07 INFO mapreduce.Job:  map 38% reduce 8%
20/06/16 16:02:08 INFO mapreduce.Job:  map 39% reduce 8%
20/06/16 16:02:09 INFO mapreduce.Job:  map 40% reduce 8%
20/06/16 16:02:10 INFO mapreduce.Job:  map 40% reduce 9%
20/06/16 16:02:11 INFO mapreduce.Job:  map 40% reduce 11%
20/06/16 16:02:12 INFO mapreduce.Job:  map 41% reduce 11%
20/06/16 16:02:13 INFO mapreduce.Job:  map 42% reduce 11%
20/06/16 16:02:14 INFO mapreduce.Job:  map 43% reduce 12%
20/06/16 16:02:16 INFO mapreduce.Job:  map 44% reduce 12%
20/06/16 16:02:17 INFO mapreduce.Job:  map 45% reduce 13%
20/06/16 16:02:19 INFO mapreduce.Job:  map 46% reduce 13%
20/06/16 16:02:20 INFO mapreduce.Job:  map 46% reduce 14%
20/06/16 16:02:21 INFO mapreduce.Job:  map 47% reduce 15%
20/06/16 16:02:22 INFO mapreduce.Job:  map 48% reduce 15%
20/06/16 16:02:23 INFO mapreduce.Job:  map 49% reduce 15%
20/06/16 16:02:24 INFO mapreduce.Job:  map 49% reduce 16%
20/06/16 16:02:27 INFO mapreduce.Job:  map 51% reduce 16%
20/06/16 16:02:28 INFO mapreduce.Job:  map 52% reduce 16%
20/06/16 16:02:29 INFO mapreduce.Job:  map 52% reduce 17%
20/06/16 16:02:30 INFO mapreduce.Job:  map 53% reduce 17%
20/06/16 16:02:33 INFO mapreduce.Job:  map 53% reduce 18%
20/06/16 16:02:34 INFO mapreduce.Job:  map 54% reduce 18%
20/06/16 16:02:36 INFO mapreduce.Job:  map 55% reduce 18%
20/06/16 16:02:37 INFO mapreduce.Job:  map 56% reduce 18%
20/06/16 16:02:38 INFO mapreduce.Job:  map 57% reduce 18%
20/06/16 16:02:39 INFO mapreduce.Job:  map 58% reduce 19%
20/06/16 16:02:40 INFO mapreduce.Job:  map 59% reduce 19%
20/06/16 16:02:42 INFO mapreduce.Job:  map 59% reduce 20%
20/06/16 16:02:44 INFO mapreduce.Job:  map 60% reduce 20%
20/06/16 16:02:45 INFO mapreduce.Job:  map 61% reduce 20%
20/06/16 16:02:48 INFO mapreduce.Job:  map 62% reduce 20%
20/06/16 16:02:49 INFO mapreduce.Job:  map 64% reduce 20%
20/06/16 16:02:50 INFO mapreduce.Job:  map 65% reduce 21%
20/06/16 16:02:51 INFO mapreduce.Job:  map 66% reduce 21%
20/06/16 16:02:53 INFO mapreduce.Job:  map 66% reduce 22%
20/06/16 16:02:54 INFO mapreduce.Job:  map 67% reduce 22%
20/06/16 16:02:55 INFO mapreduce.Job:  map 68% reduce 22%
20/06/16 16:02:56 INFO mapreduce.Job:  map 70% reduce 22%
20/06/16 16:02:57 INFO mapreduce.Job:  map 70% reduce 23%
20/06/16 16:03:02 INFO mapreduce.Job:  map 71% reduce 23%
20/06/16 16:03:05 INFO mapreduce.Job:  map 73% reduce 23%
20/06/16 16:03:06 INFO mapreduce.Job:  map 74% reduce 24%
20/06/16 16:03:09 INFO mapreduce.Job:  map 74% reduce 25%
20/06/16 16:03:11 INFO mapreduce.Job:  map 75% reduce 25%
20/06/16 16:03:13 INFO mapreduce.Job:  map 76% reduce 25%
20/06/16 16:03:17 INFO mapreduce.Job:  map 77% reduce 25%
20/06/16 16:03:18 INFO mapreduce.Job:  map 77% reduce 26%
20/06/16 16:03:20 INFO mapreduce.Job:  map 78% reduce 26%
20/06/16 16:03:21 INFO mapreduce.Job:  map 81% reduce 26%
20/06/16 16:03:25 INFO mapreduce.Job:  map 82% reduce 27%
20/06/16 16:03:28 INFO mapreduce.Job:  map 83% reduce 28%
20/06/16 16:03:29 INFO mapreduce.Job:  map 86% reduce 28%
20/06/16 16:03:31 INFO mapreduce.Job:  map 87% reduce 28%
20/06/16 16:03:32 INFO mapreduce.Job:  map 88% reduce 28%
20/06/16 16:03:33 INFO mapreduce.Job:  map 88% reduce 29%
20/06/16 16:03:35 INFO mapreduce.Job:  map 89% reduce 29%
20/06/16 16:03:36 INFO mapreduce.Job:  map 91% reduce 29%
20/06/16 16:03:37 INFO mapreduce.Job:  map 91% reduce 30%
20/06/16 16:03:38 INFO mapreduce.Job:  map 92% reduce 30%
20/06/16 16:03:39 INFO mapreduce.Job:  map 93% reduce 30%
20/06/16 16:03:40 INFO mapreduce.Job:  map 93% reduce 31%
20/06/16 16:03:45 INFO mapreduce.Job:  map 94% reduce 31%
20/06/16 16:03:47 INFO mapreduce.Job:  map 96% reduce 31%
20/06/16 16:03:48 INFO mapreduce.Job:  map 97% reduce 31%
20/06/16 16:03:49 INFO mapreduce.Job:  map 97% reduce 32%
20/06/16 16:03:53 INFO mapreduce.Job:  map 98% reduce 32%
20/06/16 16:03:58 INFO mapreduce.Job:  map 98% reduce 33%
20/06/16 16:03:59 INFO mapreduce.Job:  map 100% reduce 33%
20/06/16 16:04:01 INFO mapreduce.Job:  map 100% reduce 34%
20/06/16 16:04:03 INFO mapreduce.Job:  map 100% reduce 42%
20/06/16 16:04:04 INFO mapreduce.Job:  map 100% reduce 48%
20/06/16 16:04:06 INFO mapreduce.Job:  map 100% reduce 50%
20/06/16 16:04:07 INFO mapreduce.Job:  map 100% reduce 61%
20/06/16 16:04:09 INFO mapreduce.Job:  map 100% reduce 63%
20/06/16 16:04:10 INFO mapreduce.Job:  map 100% reduce 68%
20/06/16 16:04:12 INFO mapreduce.Job:  map 100% reduce 69%
20/06/16 16:04:13 INFO mapreduce.Job:  map 100% reduce 70%
20/06/16 16:04:15 INFO mapreduce.Job:  map 100% reduce 71%
20/06/16 16:04:16 INFO mapreduce.Job:  map 100% reduce 72%
20/06/16 16:04:18 INFO mapreduce.Job:  map 100% reduce 73%
20/06/16 16:04:19 INFO mapreduce.Job:  map 100% reduce 74%
20/06/16 16:04:22 INFO mapreduce.Job:  map 100% reduce 76%
20/06/16 16:04:25 INFO mapreduce.Job:  map 100% reduce 77%
20/06/16 16:04:27 INFO mapreduce.Job:  map 100% reduce 78%
20/06/16 16:04:28 INFO mapreduce.Job:  map 100% reduce 79%
20/06/16 16:04:30 INFO mapreduce.Job:  map 100% reduce 80%
20/06/16 16:04:31 INFO mapreduce.Job:  map 100% reduce 81%
20/06/16 16:04:33 INFO mapreduce.Job:  map 100% reduce 82%
20/06/16 16:04:36 INFO mapreduce.Job:  map 100% reduce 83%
20/06/16 16:04:37 INFO mapreduce.Job:  map 100% reduce 84%
20/06/16 16:04:40 INFO mapreduce.Job:  map 100% reduce 85%
20/06/16 16:04:42 INFO mapreduce.Job:  map 100% reduce 86%
20/06/16 16:04:43 INFO mapreduce.Job:  map 100% reduce 87%
20/06/16 16:04:45 INFO mapreduce.Job:  map 100% reduce 88%
20/06/16 16:04:46 INFO mapreduce.Job:  map 100% reduce 89%
20/06/16 16:04:49 INFO mapreduce.Job:  map 100% reduce 90%
20/06/16 16:04:51 INFO mapreduce.Job:  map 100% reduce 91%
20/06/16 16:04:52 INFO mapreduce.Job:  map 100% reduce 92%
20/06/16 16:04:55 INFO mapreduce.Job:  map 100% reduce 94%
20/06/16 16:04:58 INFO mapreduce.Job:  map 100% reduce 95%
20/06/16 16:05:01 INFO mapreduce.Job:  map 100% reduce 97%
20/06/16 16:05:04 INFO mapreduce.Job:  map 100% reduce 98%
20/06/16 16:05:07 INFO mapreduce.Job:  map 100% reduce 100%
20/06/16 16:05:09 INFO mapreduce.Job: Job job_1592290790714_0001 completed successfully
20/06/16 16:05:09 INFO mapreduce.Job: Counters: 51
	File System Counters
		FILE: Number of bytes read=19849974479
		FILE: Number of bytes written=30621377608
		FILE: Number of read operations=0
		FILE: Number of large read operations=0
		FILE: Number of write operations=0
		HDFS: Number of bytes read=10775517002
		HDFS: Number of bytes written=10772846837
		HDFS: Number of read operations=649
		HDFS: Number of large read operations=0
		HDFS: Number of write operations=6
	Job Counters 
		Killed map tasks=1
		Launched map tasks=160
		Launched reduce tasks=3
		Data-local map tasks=159
		Rack-local map tasks=1
		Total time spent by all maps in occupied slots (ms)=1094419
		Total time spent by all reduces in occupied slots (ms)=595019
		Total time spent by all map tasks (ms)=1094419
		Total time spent by all reduce tasks (ms)=595019
		Total vcore-milliseconds taken by all map tasks=1094419
		Total vcore-milliseconds taken by all reduce tasks=595019
		Total megabyte-milliseconds taken by all map tasks=1120685056
		Total megabyte-milliseconds taken by all reduce tasks=609299456
	Map-Reduce Framework
		Map input records=1022600
		Map output records=1022600
		Map output bytes=10745642829
		Map output materialized bytes=10751394000
		Input split bytes=16480
		Combine input records=0
		Combine output records=0
		Reduce input groups=1022600
		Reduce shuffle bytes=10751394000
		Reduce input records=1022600
		Reduce output records=1022600
		Spilled Records=2911032
		Shuffled Maps =480
		Failed Shuffles=0
		Merged Map outputs=480
		GC time elapsed (ms)=44027
		CPU time spent (ms)=255200
		Physical memory (bytes) snapshot=43694141440
		Virtual memory (bytes) snapshot=343316860928
		Total committed heap usage (bytes)=33497284608
	Shuffle Errors
		BAD_ID=0
		CONNECTION=0
		IO_ERROR=0
		WRONG_LENGTH=0
		WRONG_MAP=0
		WRONG_REDUCE=0
	File Input Format Counters 
		Bytes Read=10775500522
	File Output Format Counters 
		Bytes Written=10772846837
