20/06/15 06:41:57 INFO client.RMProxy: Connecting to ResourceManager at master/10.51.17.95:8032
20/06/15 06:41:57 INFO input.FileInputFormat: Total input paths to process : 10
20/06/15 06:41:57 INFO mapreduce.JobSubmitter: number of splits:170
20/06/15 06:41:58 INFO mapreduce.JobSubmitter: Submitting tokens for job: job_1592170861025_0001
20/06/15 06:41:58 INFO impl.YarnClientImpl: Submitted application application_1592170861025_0001
20/06/15 06:41:58 INFO mapreduce.Job: The url to track the job: http://master:8088/proxy/application_1592170861025_0001/
20/06/15 06:41:58 INFO mapreduce.Job: Running job: job_1592170861025_0001
20/06/15 06:42:04 INFO mapreduce.Job: Job job_1592170861025_0001 running in uber mode : false
20/06/15 06:42:04 INFO mapreduce.Job:  map 0% reduce 0%
20/06/15 06:42:17 INFO mapreduce.Job:  map 1% reduce 0%
20/06/15 06:42:20 INFO mapreduce.Job:  map 2% reduce 0%
20/06/15 06:42:22 INFO mapreduce.Job:  map 3% reduce 0%
20/06/15 06:42:29 INFO mapreduce.Job:  map 4% reduce 0%
20/06/15 06:42:32 INFO mapreduce.Job:  map 5% reduce 0%
20/06/15 06:42:40 INFO mapreduce.Job:  map 6% reduce 0%
20/06/15 06:42:41 INFO mapreduce.Job:  map 7% reduce 0%
20/06/15 06:42:48 INFO mapreduce.Job:  map 8% reduce 0%
20/06/15 06:42:53 INFO mapreduce.Job:  map 9% reduce 0%
20/06/15 06:42:55 INFO mapreduce.Job:  map 10% reduce 0%
20/06/15 06:43:03 INFO mapreduce.Job:  map 11% reduce 0%
20/06/15 06:43:06 INFO mapreduce.Job:  map 12% reduce 0%
20/06/15 06:43:10 INFO mapreduce.Job:  map 13% reduce 0%
20/06/15 06:43:14 INFO mapreduce.Job:  map 14% reduce 0%
20/06/15 06:43:21 INFO mapreduce.Job:  map 15% reduce 0%
20/06/15 06:43:25 INFO mapreduce.Job:  map 16% reduce 5%
20/06/15 06:43:30 INFO mapreduce.Job:  map 17% reduce 5%
20/06/15 06:43:34 INFO mapreduce.Job:  map 18% reduce 5%
20/06/15 06:43:40 INFO mapreduce.Job:  map 19% reduce 5%
20/06/15 06:43:41 INFO mapreduce.Job:  map 19% reduce 6%
20/06/15 06:43:43 INFO mapreduce.Job:  map 20% reduce 6%
20/06/15 06:43:49 INFO mapreduce.Job:  map 21% reduce 6%
20/06/15 06:43:53 INFO mapreduce.Job:  map 22% reduce 6%
20/06/15 06:43:56 INFO mapreduce.Job:  map 23% reduce 7%
20/06/15 06:44:02 INFO mapreduce.Job:  map 24% reduce 7%
20/06/15 06:44:06 INFO mapreduce.Job:  map 25% reduce 7%
20/06/15 06:44:12 INFO mapreduce.Job:  map 26% reduce 8%
20/06/15 06:44:16 INFO mapreduce.Job:  map 27% reduce 8%
20/06/15 06:44:18 INFO mapreduce.Job:  map 27% reduce 9%
20/06/15 06:44:22 INFO mapreduce.Job:  map 28% reduce 9%
20/06/15 06:44:26 INFO mapreduce.Job:  map 29% reduce 9%
20/06/15 06:44:31 INFO mapreduce.Job:  map 30% reduce 9%
20/06/15 06:44:34 INFO mapreduce.Job:  map 31% reduce 9%
20/06/15 06:44:38 INFO mapreduce.Job:  map 32% reduce 9%
20/06/15 06:44:39 INFO mapreduce.Job:  map 32% reduce 11%
20/06/15 06:44:44 INFO mapreduce.Job:  map 33% reduce 11%
20/06/15 06:44:49 INFO mapreduce.Job:  map 34% reduce 11%
20/06/15 06:44:55 INFO mapreduce.Job:  map 35% reduce 11%
20/06/15 06:44:58 INFO mapreduce.Job:  map 36% reduce 11%
20/06/15 06:45:01 INFO mapreduce.Job:  map 37% reduce 11%
20/06/15 06:45:03 INFO mapreduce.Job:  map 37% reduce 12%
20/06/15 06:45:07 INFO mapreduce.Job:  map 38% reduce 12%
20/06/15 06:45:09 INFO mapreduce.Job:  map 38% reduce 13%
20/06/15 06:45:11 INFO mapreduce.Job:  map 39% reduce 13%
20/06/15 06:45:17 INFO mapreduce.Job:  map 40% reduce 13%
20/06/15 06:45:19 INFO mapreduce.Job:  map 41% reduce 13%
20/06/15 06:45:25 INFO mapreduce.Job:  map 42% reduce 13%
20/06/15 06:45:27 INFO mapreduce.Job:  map 42% reduce 14%
20/06/15 06:45:31 INFO mapreduce.Job:  map 43% reduce 14%
20/06/15 06:45:35 INFO mapreduce.Job:  map 44% reduce 14%
20/06/15 06:45:39 INFO mapreduce.Job:  map 45% reduce 14%
20/06/15 06:45:43 INFO mapreduce.Job:  map 46% reduce 15%
20/06/15 06:45:48 INFO mapreduce.Job:  map 47% reduce 15%
20/06/15 06:45:52 INFO mapreduce.Job:  map 48% reduce 15%
20/06/15 06:45:58 INFO mapreduce.Job:  map 49% reduce 15%
20/06/15 06:46:01 INFO mapreduce.Job:  map 50% reduce 15%
20/06/15 06:46:04 INFO mapreduce.Job:  map 50% reduce 16%
20/06/15 06:46:08 INFO mapreduce.Job:  map 51% reduce 16%
20/06/15 06:46:11 INFO mapreduce.Job:  map 51% reduce 17%
20/06/15 06:46:13 INFO mapreduce.Job:  map 52% reduce 17%
20/06/15 06:46:18 INFO mapreduce.Job:  map 53% reduce 17%
20/06/15 06:46:21 INFO mapreduce.Job:  map 54% reduce 17%
20/06/15 06:46:27 INFO mapreduce.Job:  map 55% reduce 17%
20/06/15 06:46:31 INFO mapreduce.Job:  map 56% reduce 18%
20/06/15 06:46:34 INFO mapreduce.Job:  map 56% reduce 19%
20/06/15 06:46:37 INFO mapreduce.Job:  map 57% reduce 19%
20/06/15 06:46:41 INFO mapreduce.Job:  map 58% reduce 19%
20/06/15 06:46:47 INFO mapreduce.Job:  map 59% reduce 19%
20/06/15 06:46:51 INFO mapreduce.Job:  map 60% reduce 19%
20/06/15 06:46:56 INFO mapreduce.Job:  map 61% reduce 20%
20/06/15 06:47:01 INFO mapreduce.Job:  map 62% reduce 20%
20/06/15 06:47:06 INFO mapreduce.Job:  map 63% reduce 20%
20/06/15 06:47:12 INFO mapreduce.Job:  map 64% reduce 20%
20/06/15 06:47:15 INFO mapreduce.Job:  map 65% reduce 20%
20/06/15 06:47:17 INFO mapreduce.Job:  map 65% reduce 21%
20/06/15 06:47:22 INFO mapreduce.Job:  map 66% reduce 21%
20/06/15 06:47:27 INFO mapreduce.Job:  map 66% reduce 22%
20/06/15 06:47:29 INFO mapreduce.Job:  map 67% reduce 22%
20/06/15 06:47:30 INFO mapreduce.Job:  map 68% reduce 22%
20/06/15 06:47:36 INFO mapreduce.Job:  map 69% reduce 22%
20/06/15 06:47:38 INFO mapreduce.Job:  map 69% reduce 23%
20/06/15 06:47:42 INFO mapreduce.Job:  map 70% reduce 23%
20/06/15 06:47:47 INFO mapreduce.Job:  map 71% reduce 23%
20/06/15 06:47:51 INFO mapreduce.Job:  map 72% reduce 23%
20/06/15 06:47:57 INFO mapreduce.Job:  map 73% reduce 23%
20/06/15 06:47:59 INFO mapreduce.Job:  map 74% reduce 24%
20/06/15 06:48:06 INFO mapreduce.Job:  map 74% reduce 25%
20/06/15 06:48:09 INFO mapreduce.Job:  map 75% reduce 25%
20/06/15 06:48:11 INFO mapreduce.Job:  map 76% reduce 25%
20/06/15 06:48:16 INFO mapreduce.Job:  map 77% reduce 25%
20/06/15 06:48:21 INFO mapreduce.Job:  map 78% reduce 25%
20/06/15 06:48:24 INFO mapreduce.Job:  map 78% reduce 26%
20/06/15 06:48:26 INFO mapreduce.Job:  map 79% reduce 26%
20/06/15 06:48:31 INFO mapreduce.Job:  map 80% reduce 26%
20/06/15 06:48:34 INFO mapreduce.Job:  map 81% reduce 26%
20/06/15 06:48:40 INFO mapreduce.Job:  map 82% reduce 26%
20/06/15 06:48:43 INFO mapreduce.Job:  map 83% reduce 26%
20/06/15 06:48:46 INFO mapreduce.Job:  map 83% reduce 27%
20/06/15 06:48:49 INFO mapreduce.Job:  map 84% reduce 27%
20/06/15 06:48:53 INFO mapreduce.Job:  map 85% reduce 27%
20/06/15 06:48:55 INFO mapreduce.Job:  map 85% reduce 28%
20/06/15 06:48:59 INFO mapreduce.Job:  map 86% reduce 28%
20/06/15 06:49:03 INFO mapreduce.Job:  map 87% reduce 28%
20/06/15 06:49:06 INFO mapreduce.Job:  map 88% reduce 28%
20/06/15 06:49:09 INFO mapreduce.Job:  map 88% reduce 29%
20/06/15 06:49:11 INFO mapreduce.Job:  map 89% reduce 29%
20/06/15 06:49:17 INFO mapreduce.Job:  map 90% reduce 29%
20/06/15 06:49:18 INFO mapreduce.Job:  map 90% reduce 30%
20/06/15 06:49:19 INFO mapreduce.Job:  map 91% reduce 30%
20/06/15 06:49:22 INFO mapreduce.Job:  map 92% reduce 30%
20/06/15 06:49:25 INFO mapreduce.Job:  map 93% reduce 30%
20/06/15 06:49:27 INFO mapreduce.Job:  map 93% reduce 31%
20/06/15 06:49:29 INFO mapreduce.Job:  map 94% reduce 31%
20/06/15 06:49:35 INFO mapreduce.Job:  map 95% reduce 31%
20/06/15 06:49:38 INFO mapreduce.Job:  map 96% reduce 31%
20/06/15 06:49:40 INFO mapreduce.Job:  map 97% reduce 32%
20/06/15 06:49:43 INFO mapreduce.Job:  map 98% reduce 32%
20/06/15 06:49:47 INFO mapreduce.Job:  map 99% reduce 32%
20/06/15 06:49:49 INFO mapreduce.Job:  map 100% reduce 33%
20/06/15 06:49:52 INFO mapreduce.Job:  map 100% reduce 70%
20/06/15 06:49:55 INFO mapreduce.Job:  map 100% reduce 76%
20/06/15 06:49:58 INFO mapreduce.Job:  map 100% reduce 81%
20/06/15 06:50:01 INFO mapreduce.Job:  map 100% reduce 86%
20/06/15 06:50:04 INFO mapreduce.Job:  map 100% reduce 94%
20/06/15 06:50:06 INFO mapreduce.Job:  map 100% reduce 100%
20/06/15 06:50:06 INFO mapreduce.Job: Job job_1592170861025_0001 completed successfully
20/06/15 06:50:06 INFO mapreduce.Job: Counters: 51
	File System Counters
		FILE: Number of bytes read=1484741853
		FILE: Number of bytes written=2235371674
		FILE: Number of read operations=0
		FILE: Number of large read operations=0
		FILE: Number of write operations=0
		HDFS: Number of bytes read=11029293992
		HDFS: Number of bytes written=333229171
		HDFS: Number of read operations=513
		HDFS: Number of large read operations=0
		HDFS: Number of write operations=2
	Job Counters 
		Killed map tasks=1
		Launched map tasks=171
		Launched reduce tasks=1
		Data-local map tasks=165
		Rack-local map tasks=6
		Total time spent by all maps in occupied slots (ms)=4066912
		Total time spent by all reduces in occupied slots (ms)=412580
		Total time spent by all map tasks (ms)=4066912
		Total time spent by all reduce tasks (ms)=412580
		Total vcore-milliseconds taken by all map tasks=4066912
		Total vcore-milliseconds taken by all reduce tasks=412580
		Total megabyte-milliseconds taken by all map tasks=4164517888
		Total megabyte-milliseconds taken by all reduce tasks=422481920
	Map-Reduce Framework
		Map input records=1179594
		Map output records=1009767860
		Map output bytes=15225044514
		Map output materialized bytes=729677358
		Input split bytes=18190
		Combine input records=1034837830
		Combine output records=48849055
		Reduce input groups=9908198
		Reduce shuffle bytes=729677358
		Reduce input records=23779085
		Reduce output records=9908198
		Spilled Records=72628140
		Shuffled Maps =170
		Failed Shuffles=0
		Merged Map outputs=170
		GC time elapsed (ms)=88600
		CPU time spent (ms)=2201390
		Physical memory (bytes) snapshot=46916501504
		Virtual memory (bytes) snapshot=360682381312
		Total committed heap usage (bytes)=35163996160
	Shuffle Errors
		BAD_ID=0
		CONNECTION=0
		IO_ERROR=0
		WRONG_LENGTH=0
		WRONG_MAP=0
		WRONG_REDUCE=0
	File Input Format Counters 
		Bytes Read=11029275802
	File Output Format Counters 
		Bytes Written=333229171
