20/06/15 07:20:59 INFO client.RMProxy: Connecting to ResourceManager at master/10.51.17.95:8032
20/06/15 07:21:00 INFO input.FileInputFormat: Total input paths to process : 10
20/06/15 07:21:00 INFO mapreduce.JobSubmitter: number of splits:170
20/06/15 07:21:00 INFO mapreduce.JobSubmitter: Submitting tokens for job: job_1592170861025_0009
20/06/15 07:21:00 INFO impl.YarnClientImpl: Submitted application application_1592170861025_0009
20/06/15 07:21:00 INFO mapreduce.Job: The url to track the job: http://master:8088/proxy/application_1592170861025_0009/
20/06/15 07:21:00 INFO mapreduce.Job: Running job: job_1592170861025_0009
20/06/15 07:21:06 INFO mapreduce.Job: Job job_1592170861025_0009 running in uber mode : false
20/06/15 07:21:06 INFO mapreduce.Job:  map 0% reduce 0%
20/06/15 07:21:18 INFO mapreduce.Job:  map 1% reduce 0%
20/06/15 07:21:19 INFO mapreduce.Job:  map 2% reduce 0%
20/06/15 07:21:24 INFO mapreduce.Job:  map 3% reduce 0%
20/06/15 07:21:29 INFO mapreduce.Job:  map 4% reduce 0%
20/06/15 07:21:32 INFO mapreduce.Job:  map 5% reduce 0%
20/06/15 07:21:40 INFO mapreduce.Job:  map 6% reduce 0%
20/06/15 07:21:42 INFO mapreduce.Job:  map 7% reduce 0%
20/06/15 07:21:49 INFO mapreduce.Job:  map 8% reduce 0%
20/06/15 07:21:53 INFO mapreduce.Job:  map 9% reduce 0%
20/06/15 07:21:54 INFO mapreduce.Job:  map 10% reduce 0%
20/06/15 07:22:02 INFO mapreduce.Job:  map 11% reduce 0%
20/06/15 07:22:06 INFO mapreduce.Job:  map 12% reduce 0%
20/06/15 07:22:11 INFO mapreduce.Job:  map 13% reduce 0%
20/06/15 07:22:12 INFO mapreduce.Job:  map 14% reduce 0%
20/06/15 07:22:24 INFO mapreduce.Job:  map 15% reduce 0%
20/06/15 07:22:25 INFO mapreduce.Job:  map 16% reduce 5%
20/06/15 07:22:29 INFO mapreduce.Job:  map 17% reduce 5%
20/06/15 07:22:35 INFO mapreduce.Job:  map 18% reduce 5%
20/06/15 07:22:41 INFO mapreduce.Job:  map 19% reduce 5%
20/06/15 07:22:45 INFO mapreduce.Job:  map 20% reduce 5%
20/06/15 07:22:46 INFO mapreduce.Job:  map 21% reduce 6%
20/06/15 07:22:49 INFO mapreduce.Job:  map 21% reduce 7%
20/06/15 07:22:53 INFO mapreduce.Job:  map 22% reduce 7%
20/06/15 07:22:58 INFO mapreduce.Job:  map 23% reduce 7%
20/06/15 07:23:04 INFO mapreduce.Job:  map 24% reduce 7%
20/06/15 07:23:08 INFO mapreduce.Job:  map 25% reduce 7%
20/06/15 07:23:13 INFO mapreduce.Job:  map 26% reduce 8%
20/06/15 07:23:18 INFO mapreduce.Job:  map 27% reduce 8%
20/06/15 07:23:20 INFO mapreduce.Job:  map 28% reduce 8%
20/06/15 07:23:22 INFO mapreduce.Job:  map 28% reduce 9%
20/06/15 07:23:27 INFO mapreduce.Job:  map 29% reduce 9%
20/06/15 07:23:32 INFO mapreduce.Job:  map 30% reduce 9%
20/06/15 07:23:34 INFO mapreduce.Job:  map 31% reduce 9%
20/06/15 07:23:37 INFO mapreduce.Job:  map 31% reduce 10%
20/06/15 07:23:42 INFO mapreduce.Job:  map 32% reduce 10%
20/06/15 07:23:45 INFO mapreduce.Job:  map 33% reduce 10%
20/06/15 07:23:50 INFO mapreduce.Job:  map 34% reduce 10%
20/06/15 07:23:53 INFO mapreduce.Job:  map 34% reduce 11%
20/06/15 07:23:55 INFO mapreduce.Job:  map 35% reduce 11%
20/06/15 07:23:58 INFO mapreduce.Job:  map 36% reduce 11%
20/06/15 07:23:59 INFO mapreduce.Job:  map 36% reduce 12%
20/06/15 07:24:04 INFO mapreduce.Job:  map 37% reduce 12%
20/06/15 07:24:08 INFO mapreduce.Job:  map 38% reduce 12%
20/06/15 07:24:12 INFO mapreduce.Job:  map 39% reduce 12%
20/06/15 07:24:18 INFO mapreduce.Job:  map 40% reduce 12%
20/06/15 07:24:20 INFO mapreduce.Job:  map 40% reduce 13%
20/06/15 07:24:21 INFO mapreduce.Job:  map 41% reduce 13%
20/06/15 07:24:25 INFO mapreduce.Job:  map 42% reduce 13%
20/06/15 07:24:27 INFO mapreduce.Job:  map 42% reduce 14%
20/06/15 07:24:32 INFO mapreduce.Job:  map 43% reduce 14%
20/06/15 07:24:37 INFO mapreduce.Job:  map 44% reduce 14%
20/06/15 07:24:40 INFO mapreduce.Job:  map 45% reduce 14%
20/06/15 07:24:45 INFO mapreduce.Job:  map 46% reduce 14%
20/06/15 07:24:48 INFO mapreduce.Job:  map 46% reduce 15%
20/06/15 07:24:50 INFO mapreduce.Job:  map 47% reduce 15%
20/06/15 07:24:54 INFO mapreduce.Job:  map 48% reduce 15%
20/06/15 07:24:56 INFO mapreduce.Job:  map 48% reduce 16%
20/06/15 07:24:58 INFO mapreduce.Job:  map 49% reduce 16%
20/06/15 07:25:04 INFO mapreduce.Job:  map 50% reduce 16%
20/06/15 07:25:08 INFO mapreduce.Job:  map 51% reduce 16%
20/06/15 07:25:14 INFO mapreduce.Job:  map 52% reduce 16%
20/06/15 07:25:15 INFO mapreduce.Job:  map 52% reduce 17%
20/06/15 07:25:18 INFO mapreduce.Job:  map 53% reduce 17%
20/06/15 07:25:22 INFO mapreduce.Job:  map 54% reduce 17%
20/06/15 07:25:27 INFO mapreduce.Job:  map 55% reduce 18%
20/06/15 07:25:30 INFO mapreduce.Job:  map 56% reduce 18%
20/06/15 07:25:35 INFO mapreduce.Job:  map 57% reduce 18%
20/06/15 07:25:36 INFO mapreduce.Job:  map 57% reduce 19%
20/06/15 07:25:41 INFO mapreduce.Job:  map 58% reduce 19%
20/06/15 07:25:45 INFO mapreduce.Job:  map 59% reduce 19%
20/06/15 07:25:51 INFO mapreduce.Job:  map 60% reduce 19%
20/06/15 07:25:54 INFO mapreduce.Job:  map 61% reduce 19%
20/06/15 07:25:58 INFO mapreduce.Job:  map 61% reduce 20%
20/06/15 07:25:59 INFO mapreduce.Job:  map 62% reduce 20%
20/06/15 07:26:04 INFO mapreduce.Job:  map 63% reduce 20%
20/06/15 07:26:07 INFO mapreduce.Job:  map 63% reduce 21%
20/06/15 07:26:08 INFO mapreduce.Job:  map 64% reduce 21%
20/06/15 07:26:14 INFO mapreduce.Job:  map 65% reduce 21%
20/06/15 07:26:17 INFO mapreduce.Job:  map 66% reduce 21%
20/06/15 07:26:25 INFO mapreduce.Job:  map 67% reduce 21%
20/06/15 07:26:26 INFO mapreduce.Job:  map 68% reduce 21%
20/06/15 07:26:29 INFO mapreduce.Job:  map 68% reduce 22%
20/06/15 07:26:33 INFO mapreduce.Job:  map 69% reduce 22%
20/06/15 07:26:35 INFO mapreduce.Job:  map 69% reduce 23%
20/06/15 07:26:37 INFO mapreduce.Job:  map 70% reduce 23%
20/06/15 07:26:41 INFO mapreduce.Job:  map 71% reduce 23%
20/06/15 07:26:46 INFO mapreduce.Job:  map 72% reduce 23%
20/06/15 07:26:49 INFO mapreduce.Job:  map 73% reduce 24%
20/06/15 07:26:55 INFO mapreduce.Job:  map 74% reduce 24%
20/06/15 07:26:58 INFO mapreduce.Job:  map 75% reduce 24%
20/06/15 07:27:05 INFO mapreduce.Job:  map 76% reduce 24%
20/06/15 07:27:08 INFO mapreduce.Job:  map 77% reduce 25%
20/06/15 07:27:14 INFO mapreduce.Job:  map 78% reduce 25%
20/06/15 07:27:17 INFO mapreduce.Job:  map 78% reduce 26%
20/06/15 07:27:19 INFO mapreduce.Job:  map 79% reduce 26%
20/06/15 07:27:20 INFO mapreduce.Job:  map 80% reduce 26%
20/06/15 07:27:26 INFO mapreduce.Job:  map 81% reduce 26%
20/06/15 07:27:28 INFO mapreduce.Job:  map 82% reduce 26%
20/06/15 07:27:29 INFO mapreduce.Job:  map 82% reduce 27%
20/06/15 07:27:34 INFO mapreduce.Job:  map 83% reduce 27%
20/06/15 07:27:37 INFO mapreduce.Job:  map 84% reduce 27%
20/06/15 07:27:41 INFO mapreduce.Job:  map 84% reduce 28%
20/06/15 07:27:42 INFO mapreduce.Job:  map 85% reduce 28%
20/06/15 07:27:49 INFO mapreduce.Job:  map 86% reduce 28%
20/06/15 07:27:53 INFO mapreduce.Job:  map 87% reduce 28%
20/06/15 07:27:57 INFO mapreduce.Job:  map 88% reduce 28%
20/06/15 07:28:00 INFO mapreduce.Job:  map 88% reduce 29%
20/06/15 07:28:01 INFO mapreduce.Job:  map 89% reduce 29%
20/06/15 07:28:05 INFO mapreduce.Job:  map 90% reduce 29%
20/06/15 07:28:09 INFO mapreduce.Job:  map 91% reduce 30%
20/06/15 07:28:15 INFO mapreduce.Job:  map 92% reduce 30%
20/06/15 07:28:20 INFO mapreduce.Job:  map 93% reduce 30%
20/06/15 07:28:24 INFO mapreduce.Job:  map 94% reduce 31%
20/06/15 07:28:26 INFO mapreduce.Job:  map 95% reduce 31%
20/06/15 07:28:32 INFO mapreduce.Job:  map 96% reduce 31%
20/06/15 07:28:34 INFO mapreduce.Job:  map 96% reduce 32%
20/06/15 07:28:35 INFO mapreduce.Job:  map 97% reduce 32%
20/06/15 07:28:37 INFO mapreduce.Job:  map 98% reduce 32%
20/06/15 07:28:41 INFO mapreduce.Job:  map 99% reduce 32%
20/06/15 07:28:43 INFO mapreduce.Job:  map 99% reduce 33%
20/06/15 07:28:45 INFO mapreduce.Job:  map 100% reduce 33%
20/06/15 07:28:49 INFO mapreduce.Job:  map 100% reduce 71%
20/06/15 07:28:52 INFO mapreduce.Job:  map 100% reduce 76%
20/06/15 07:28:55 INFO mapreduce.Job:  map 100% reduce 81%
20/06/15 07:28:58 INFO mapreduce.Job:  map 100% reduce 87%
20/06/15 07:29:01 INFO mapreduce.Job:  map 100% reduce 95%
20/06/15 07:29:02 INFO mapreduce.Job:  map 100% reduce 100%
20/06/15 07:29:03 INFO mapreduce.Job: Job job_1592170861025_0009 completed successfully
20/06/15 07:29:03 INFO mapreduce.Job: Counters: 51
	File System Counters
		FILE: Number of bytes read=1484741853
		FILE: Number of bytes written=2235371674
		FILE: Number of read operations=0
		FILE: Number of large read operations=0
		FILE: Number of write operations=0
		HDFS: Number of bytes read=11029293992
		HDFS: Number of bytes written=333229171
		HDFS: Number of read operations=513
		HDFS: Number of large read operations=0
		HDFS: Number of write operations=2
	Job Counters 
		Killed map tasks=1
		Launched map tasks=171
		Launched reduce tasks=1
		Data-local map tasks=157
		Rack-local map tasks=14
		Total time spent by all maps in occupied slots (ms)=3966251
		Total time spent by all reduces in occupied slots (ms)=407354
		Total time spent by all map tasks (ms)=3966251
		Total time spent by all reduce tasks (ms)=407354
		Total vcore-milliseconds taken by all map tasks=3966251
		Total vcore-milliseconds taken by all reduce tasks=407354
		Total megabyte-milliseconds taken by all map tasks=4061441024
		Total megabyte-milliseconds taken by all reduce tasks=417130496
	Map-Reduce Framework
		Map input records=1179594
		Map output records=1009767860
		Map output bytes=15225044514
		Map output materialized bytes=729677358
		Input split bytes=18190
		Combine input records=1034837830
		Combine output records=48849055
		Reduce input groups=9908198
		Reduce shuffle bytes=729677358
		Reduce input records=23779085
		Reduce output records=9908198
		Spilled Records=72628140
		Shuffled Maps =170
		Failed Shuffles=0
		Merged Map outputs=170
		GC time elapsed (ms)=86734
		CPU time spent (ms)=2172390
		Physical memory (bytes) snapshot=46945443840
		Virtual memory (bytes) snapshot=360639135744
		Total committed heap usage (bytes)=35154558976
	Shuffle Errors
		BAD_ID=0
		CONNECTION=0
		IO_ERROR=0
		WRONG_LENGTH=0
		WRONG_MAP=0
		WRONG_REDUCE=0
	File Input Format Counters 
		Bytes Read=11029275802
	File Output Format Counters 
		Bytes Written=333229171
