20/06/09 18:38:49 INFO client.RMProxy: Connecting to ResourceManager at master/10.51.17.95:8032
20/06/09 18:38:50 INFO input.FileInputFormat: Total input paths to process : 10
20/06/09 18:38:50 INFO mapreduce.JobSubmitter: number of splits:90
20/06/09 18:38:50 INFO mapreduce.JobSubmitter: Submitting tokens for job: job_1591694404929_0008
20/06/09 18:38:50 INFO impl.YarnClientImpl: Submitted application application_1591694404929_0008
20/06/09 18:38:50 INFO mapreduce.Job: The url to track the job: http://master:8088/proxy/application_1591694404929_0008/
20/06/09 18:38:50 INFO mapreduce.Job: Running job: job_1591694404929_0008
20/06/09 18:38:59 INFO mapreduce.Job: Job job_1591694404929_0008 running in uber mode : false
20/06/09 18:38:59 INFO mapreduce.Job:  map 0% reduce 0%
20/06/09 18:39:13 INFO mapreduce.Job:  map 1% reduce 0%
20/06/09 18:39:14 INFO mapreduce.Job:  map 2% reduce 0%
20/06/09 18:39:19 INFO mapreduce.Job:  map 3% reduce 0%
20/06/09 18:39:28 INFO mapreduce.Job:  map 4% reduce 0%
20/06/09 18:39:30 INFO mapreduce.Job:  map 5% reduce 0%
20/06/09 18:39:37 INFO mapreduce.Job:  map 6% reduce 0%
20/06/09 18:39:40 INFO mapreduce.Job:  map 7% reduce 0%
20/06/09 18:39:46 INFO mapreduce.Job:  map 8% reduce 0%
20/06/09 18:39:50 INFO mapreduce.Job:  map 9% reduce 0%
20/06/09 18:39:55 INFO mapreduce.Job:  map 10% reduce 0%
20/06/09 18:39:57 INFO mapreduce.Job:  map 11% reduce 0%
20/06/09 18:39:59 INFO mapreduce.Job:  map 12% reduce 0%
20/06/09 18:40:05 INFO mapreduce.Job:  map 13% reduce 0%
20/06/09 18:40:10 INFO mapreduce.Job:  map 14% reduce 0%
20/06/09 18:40:11 INFO mapreduce.Job:  map 15% reduce 0%
20/06/09 18:40:12 INFO mapreduce.Job:  map 16% reduce 0%
20/06/09 18:40:17 INFO mapreduce.Job:  map 17% reduce 0%
20/06/09 18:40:22 INFO mapreduce.Job:  map 18% reduce 0%
20/06/09 18:40:26 INFO mapreduce.Job:  map 19% reduce 5%
20/06/09 18:40:30 INFO mapreduce.Job:  map 20% reduce 5%
20/06/09 18:40:37 INFO mapreduce.Job:  map 21% reduce 5%
20/06/09 18:40:43 INFO mapreduce.Job:  map 22% reduce 5%
20/06/09 18:40:46 INFO mapreduce.Job:  map 23% reduce 5%
20/06/09 18:40:48 INFO mapreduce.Job:  map 23% reduce 6%
20/06/09 18:40:51 INFO mapreduce.Job:  map 24% reduce 6%
20/06/09 18:40:52 INFO mapreduce.Job:  map 25% reduce 6%
20/06/09 18:40:54 INFO mapreduce.Job:  map 26% reduce 6%
20/06/09 18:40:56 INFO mapreduce.Job:  map 26% reduce 7%
20/06/09 18:41:02 INFO mapreduce.Job:  map 27% reduce 7%
20/06/09 18:41:05 INFO mapreduce.Job:  map 28% reduce 7%
20/06/09 18:41:13 INFO mapreduce.Job:  map 29% reduce 7%
20/06/09 18:41:15 INFO mapreduce.Job:  map 30% reduce 7%
20/06/09 18:41:16 INFO mapreduce.Job:  map 30% reduce 8%
20/06/09 18:41:18 INFO mapreduce.Job:  map 31% reduce 9%
20/06/09 18:41:22 INFO mapreduce.Job:  map 32% reduce 9%
20/06/09 18:41:24 INFO mapreduce.Job:  map 33% reduce 9%
20/06/09 18:41:25 INFO mapreduce.Job:  map 33% reduce 10%
20/06/09 18:41:30 INFO mapreduce.Job:  map 34% reduce 10%
20/06/09 18:41:34 INFO mapreduce.Job:  map 35% reduce 10%
20/06/09 18:41:39 INFO mapreduce.Job:  map 36% reduce 10%
20/06/09 18:41:42 INFO mapreduce.Job:  map 37% reduce 10%
20/06/09 18:41:45 INFO mapreduce.Job:  map 38% reduce 11%
20/06/09 18:41:48 INFO mapreduce.Job:  map 38% reduce 12%
20/06/09 18:41:49 INFO mapreduce.Job:  map 39% reduce 12%
20/06/09 18:41:53 INFO mapreduce.Job:  map 40% reduce 12%
20/06/09 18:41:59 INFO mapreduce.Job:  map 41% reduce 12%
20/06/09 18:42:04 INFO mapreduce.Job:  map 42% reduce 12%
20/06/09 18:42:09 INFO mapreduce.Job:  map 43% reduce 12%
20/06/09 18:42:13 INFO mapreduce.Job:  map 44% reduce 12%
20/06/09 18:42:16 INFO mapreduce.Job:  map 44% reduce 13%
20/06/09 18:42:17 INFO mapreduce.Job:  map 45% reduce 13%
20/06/09 18:42:22 INFO mapreduce.Job:  map 46% reduce 13%
20/06/09 18:42:23 INFO mapreduce.Job:  map 47% reduce 13%
20/06/09 18:42:25 INFO mapreduce.Job:  map 47% reduce 14%
20/06/09 18:42:27 INFO mapreduce.Job:  map 48% reduce 14%
20/06/09 18:42:31 INFO mapreduce.Job:  map 48% reduce 15%
20/06/09 18:42:32 INFO mapreduce.Job:  map 49% reduce 15%
20/06/09 18:42:35 INFO mapreduce.Job:  map 50% reduce 15%
20/06/09 18:42:39 INFO mapreduce.Job:  map 51% reduce 15%
20/06/09 18:42:41 INFO mapreduce.Job:  map 51% reduce 16%
20/06/09 18:42:42 INFO mapreduce.Job:  map 52% reduce 16%
20/06/09 18:42:47 INFO mapreduce.Job:  map 53% reduce 17%
20/06/09 18:42:51 INFO mapreduce.Job:  map 54% reduce 17%
20/06/09 18:42:56 INFO mapreduce.Job:  map 55% reduce 17%
20/06/09 18:43:01 INFO mapreduce.Job:  map 56% reduce 17%
20/06/09 18:43:06 INFO mapreduce.Job:  map 57% reduce 17%
20/06/09 18:43:12 INFO mapreduce.Job:  map 58% reduce 17%
20/06/09 18:43:15 INFO mapreduce.Job:  map 59% reduce 17%
20/06/09 18:43:21 INFO mapreduce.Job:  map 60% reduce 17%
20/06/09 18:43:24 INFO mapreduce.Job:  map 61% reduce 17%
20/06/09 18:43:27 INFO mapreduce.Job:  map 62% reduce 19%
20/06/09 18:43:29 INFO mapreduce.Job:  map 63% reduce 19%
20/06/09 18:43:34 INFO mapreduce.Job:  map 64% reduce 19%
20/06/09 18:43:36 INFO mapreduce.Job:  map 65% reduce 20%
20/06/09 18:43:39 INFO mapreduce.Job:  map 66% reduce 21%
20/06/09 18:43:43 INFO mapreduce.Job:  map 67% reduce 21%
20/06/09 18:43:45 INFO mapreduce.Job:  map 67% reduce 22%
20/06/09 18:43:49 INFO mapreduce.Job:  map 68% reduce 22%
20/06/09 18:43:53 INFO mapreduce.Job:  map 69% reduce 22%
20/06/09 18:43:58 INFO mapreduce.Job:  map 70% reduce 22%
20/06/09 18:44:04 INFO mapreduce.Job:  map 71% reduce 22%
20/06/09 18:44:09 INFO mapreduce.Job:  map 72% reduce 22%
20/06/09 18:44:13 INFO mapreduce.Job:  map 73% reduce 22%
20/06/09 18:44:20 INFO mapreduce.Job:  map 74% reduce 22%
20/06/09 18:44:21 INFO mapreduce.Job:  map 75% reduce 22%
20/06/09 18:44:26 INFO mapreduce.Job:  map 76% reduce 22%
20/06/09 18:44:27 INFO mapreduce.Job:  map 76% reduce 23%
20/06/09 18:44:28 INFO mapreduce.Job:  map 77% reduce 23%
20/06/09 18:44:30 INFO mapreduce.Job:  map 77% reduce 24%
20/06/09 18:44:31 INFO mapreduce.Job:  map 78% reduce 24%
20/06/09 18:44:35 INFO mapreduce.Job:  map 79% reduce 24%
20/06/09 18:44:36 INFO mapreduce.Job:  map 79% reduce 25%
20/06/09 18:44:37 INFO mapreduce.Job:  map 80% reduce 25%
20/06/09 18:44:39 INFO mapreduce.Job:  map 80% reduce 26%
20/06/09 18:44:40 INFO mapreduce.Job:  map 81% reduce 26%
20/06/09 18:44:42 INFO mapreduce.Job:  map 81% reduce 27%
20/06/09 18:44:46 INFO mapreduce.Job:  map 82% reduce 27%
20/06/09 18:44:49 INFO mapreduce.Job:  map 83% reduce 27%
20/06/09 18:44:51 INFO mapreduce.Job:  map 84% reduce 27%
20/06/09 18:44:52 INFO mapreduce.Job:  map 85% reduce 27%
20/06/09 18:44:54 INFO mapreduce.Job:  map 86% reduce 27%
20/06/09 18:44:55 INFO mapreduce.Job:  map 87% reduce 27%
20/06/09 18:45:00 INFO mapreduce.Job:  map 88% reduce 27%
20/06/09 18:45:01 INFO mapreduce.Job:  map 89% reduce 28%
20/06/09 18:45:04 INFO mapreduce.Job:  map 89% reduce 29%
20/06/09 18:45:05 INFO mapreduce.Job:  map 90% reduce 29%
20/06/09 18:45:07 INFO mapreduce.Job:  map 91% reduce 29%
20/06/09 18:45:11 INFO mapreduce.Job:  map 92% reduce 29%
20/06/09 18:45:13 INFO mapreduce.Job:  map 94% reduce 29%
20/06/09 18:45:16 INFO mapreduce.Job:  map 95% reduce 29%
20/06/09 18:45:17 INFO mapreduce.Job:  map 96% reduce 29%
20/06/09 18:45:19 INFO mapreduce.Job:  map 97% reduce 30%
20/06/09 18:45:22 INFO mapreduce.Job:  map 98% reduce 31%
20/06/09 18:45:25 INFO mapreduce.Job:  map 99% reduce 32%
20/06/09 18:45:27 INFO mapreduce.Job:  map 100% reduce 32%
20/06/09 18:45:28 INFO mapreduce.Job:  map 100% reduce 33%
20/06/09 18:45:31 INFO mapreduce.Job:  map 100% reduce 71%
20/06/09 18:45:34 INFO mapreduce.Job:  map 100% reduce 77%
20/06/09 18:45:37 INFO mapreduce.Job:  map 100% reduce 82%
20/06/09 18:45:40 INFO mapreduce.Job:  map 100% reduce 89%
20/06/09 18:45:43 INFO mapreduce.Job:  map 100% reduce 97%
20/06/09 18:45:44 INFO mapreduce.Job:  map 100% reduce 100%
20/06/09 18:45:45 INFO mapreduce.Job: Job job_1591694404929_0008 completed successfully
20/06/09 18:45:45 INFO mapreduce.Job: Counters: 51
	File System Counters
		FILE: Number of bytes read=1630523657
		FILE: Number of bytes written=2414156479
		FILE: Number of read operations=0
		FILE: Number of large read operations=0
		FILE: Number of write operations=0
		HDFS: Number of bytes read=11025876754
		HDFS: Number of bytes written=458402225
		HDFS: Number of read operations=273
		HDFS: Number of large read operations=0
		HDFS: Number of write operations=2
	Job Counters 
		Killed map tasks=1
		Launched map tasks=91
		Launched reduce tasks=1
		Data-local map tasks=90
		Rack-local map tasks=1
		Total time spent by all maps in occupied slots (ms)=4941260
		Total time spent by all reduces in occupied slots (ms)=330938
		Total time spent by all map tasks (ms)=4941260
		Total time spent by all reduce tasks (ms)=330938
		Total vcore-milliseconds taken by all map tasks=4941260
		Total vcore-milliseconds taken by all reduce tasks=330938
		Total megabyte-milliseconds taken by all map tasks=5059850240
		Total megabyte-milliseconds taken by all reduce tasks=338880512
	Map-Reduce Framework
		Map input records=723266
		Map output records=1011269603
		Map output bytes=19271931035
		Map output materialized bytes=772422416
		Input split bytes=10530
		Combine input records=1036261488
		Combine output records=47595131
		Reduce input groups=9842073
		Reduce shuffle bytes=772422416
		Reduce input records=22603246
		Reduce output records=9842073
		Spilled Records=70875072
		Shuffled Maps =90
		Failed Shuffles=0
		Merged Map outputs=90
		GC time elapsed (ms)=108132
		CPU time spent (ms)=2009220
		Physical memory (bytes) snapshot=25128222720
		Virtual memory (bytes) snapshot=191909498880
		Total committed heap usage (bytes)=18915786752
	Shuffle Errors
		BAD_ID=0
		CONNECTION=0
		IO_ERROR=0
		WRONG_LENGTH=0
		WRONG_MAP=0
		WRONG_REDUCE=0
	File Input Format Counters 
		Bytes Read=11025866224
	File Output Format Counters 
		Bytes Written=458402225
20/06/09 18:45:45 INFO client.RMProxy: Connecting to ResourceManager at master/10.51.17.95:8032
20/06/09 18:45:46 INFO input.FileInputFormat: Total input paths to process : 1
20/06/09 18:45:46 INFO mapreduce.JobSubmitter: number of splits:4
20/06/09 18:45:46 INFO mapreduce.JobSubmitter: Submitting tokens for job: job_1591694404929_0009
20/06/09 18:45:46 INFO impl.YarnClientImpl: Submitted application application_1591694404929_0009
20/06/09 18:45:46 INFO mapreduce.Job: The url to track the job: http://master:8088/proxy/application_1591694404929_0009/
20/06/09 18:45:46 INFO mapreduce.Job: Running job: job_1591694404929_0009
20/06/09 18:45:55 INFO mapreduce.Job: Job job_1591694404929_0009 running in uber mode : false
20/06/09 18:45:55 INFO mapreduce.Job:  map 0% reduce 0%
20/06/09 18:46:05 INFO mapreduce.Job:  map 25% reduce 0%
20/06/09 18:46:07 INFO mapreduce.Job:  map 53% reduce 0%
20/06/09 18:46:10 INFO mapreduce.Job:  map 70% reduce 0%
20/06/09 18:46:13 INFO mapreduce.Job:  map 83% reduce 0%
20/06/09 18:46:15 INFO mapreduce.Job:  map 100% reduce 0%
20/06/09 18:46:18 INFO mapreduce.Job:  map 100% reduce 72%
20/06/09 18:46:21 INFO mapreduce.Job:  map 100% reduce 88%
20/06/09 18:46:24 INFO mapreduce.Job:  map 100% reduce 100%
20/06/09 18:46:25 INFO mapreduce.Job: Job job_1591694404929_0009 completed successfully
20/06/09 18:46:26 INFO mapreduce.Job: Counters: 50
	File System Counters
		FILE: Number of bytes read=738677723
		FILE: Number of bytes written=1134161083
		FILE: Number of read operations=0
		FILE: Number of large read operations=0
		FILE: Number of write operations=0
		HDFS: Number of bytes read=458405886
		HDFS: Number of bytes written=316790353
		HDFS: Number of read operations=19
		HDFS: Number of large read operations=0
		HDFS: Number of write operations=2
	Job Counters 
		Killed map tasks=1
		Launched map tasks=5
		Launched reduce tasks=1
		Data-local map tasks=5
		Total time spent by all maps in occupied slots (ms)=67078
		Total time spent by all reduces in occupied slots (ms)=16302
		Total time spent by all map tasks (ms)=67078
		Total time spent by all reduce tasks (ms)=16302
		Total vcore-milliseconds taken by all map tasks=67078
		Total vcore-milliseconds taken by all reduce tasks=16302
		Total megabyte-milliseconds taken by all map tasks=68687872
		Total megabyte-milliseconds taken by all reduce tasks=16693248
	Map-Reduce Framework
		Map input records=9842073
		Map output records=9842073
		Map output bytes=375185855
		Map output materialized bytes=394870025
		Input split bytes=504
		Combine input records=0
		Combine output records=0
		Reduce input groups=1267
		Reduce shuffle bytes=394870025
		Reduce input records=9842073
		Reduce output records=9842073
		Spilled Records=28835357
		Shuffled Maps =4
		Failed Shuffles=0
		Merged Map outputs=4
		GC time elapsed (ms)=1751
		CPU time spent (ms)=45800
		Physical memory (bytes) snapshot=1276915712
		Virtual memory (bytes) snapshot=10542981120
		Total committed heap usage (bytes)=938475520
	Shuffle Errors
		BAD_ID=0
		CONNECTION=0
		IO_ERROR=0
		WRONG_LENGTH=0
		WRONG_MAP=0
		WRONG_REDUCE=0
	File Input Format Counters 
		Bytes Read=458405382
	File Output Format Counters 
		Bytes Written=316790353
