20/06/09 18:30:13 INFO client.RMProxy: Connecting to ResourceManager at master/10.51.17.95:8032
20/06/09 18:30:13 INFO input.FileInputFormat: Total input paths to process : 10
20/06/09 18:30:13 INFO mapreduce.JobSubmitter: number of splits:90
20/06/09 18:30:14 INFO mapreduce.JobSubmitter: Submitting tokens for job: job_1591694404929_0005
20/06/09 18:30:14 INFO impl.YarnClientImpl: Submitted application application_1591694404929_0005
20/06/09 18:30:14 INFO mapreduce.Job: The url to track the job: http://master:8088/proxy/application_1591694404929_0005/
20/06/09 18:30:14 INFO mapreduce.Job: Running job: job_1591694404929_0005
20/06/09 18:30:21 INFO mapreduce.Job: Job job_1591694404929_0005 running in uber mode : false
20/06/09 18:30:21 INFO mapreduce.Job:  map 0% reduce 0%
20/06/09 18:30:35 INFO mapreduce.Job:  map 1% reduce 0%
20/06/09 18:30:37 INFO mapreduce.Job:  map 2% reduce 0%
20/06/09 18:30:41 INFO mapreduce.Job:  map 3% reduce 0%
20/06/09 18:30:49 INFO mapreduce.Job:  map 4% reduce 0%
20/06/09 18:30:53 INFO mapreduce.Job:  map 5% reduce 0%
20/06/09 18:30:58 INFO mapreduce.Job:  map 6% reduce 0%
20/06/09 18:31:03 INFO mapreduce.Job:  map 7% reduce 0%
20/06/09 18:31:07 INFO mapreduce.Job:  map 8% reduce 0%
20/06/09 18:31:12 INFO mapreduce.Job:  map 9% reduce 0%
20/06/09 18:31:16 INFO mapreduce.Job:  map 10% reduce 0%
20/06/09 18:31:19 INFO mapreduce.Job:  map 11% reduce 0%
20/06/09 18:31:22 INFO mapreduce.Job:  map 12% reduce 0%
20/06/09 18:31:27 INFO mapreduce.Job:  map 13% reduce 0%
20/06/09 18:31:32 INFO mapreduce.Job:  map 14% reduce 0%
20/06/09 18:31:34 INFO mapreduce.Job:  map 15% reduce 0%
20/06/09 18:31:35 INFO mapreduce.Job:  map 16% reduce 0%
20/06/09 18:31:38 INFO mapreduce.Job:  map 17% reduce 0%
20/06/09 18:31:43 INFO mapreduce.Job:  map 18% reduce 0%
20/06/09 18:31:47 INFO mapreduce.Job:  map 18% reduce 5%
20/06/09 18:31:50 INFO mapreduce.Job:  map 19% reduce 5%
20/06/09 18:31:52 INFO mapreduce.Job:  map 20% reduce 5%
20/06/09 18:31:58 INFO mapreduce.Job:  map 21% reduce 5%
20/06/09 18:32:04 INFO mapreduce.Job:  map 22% reduce 5%
20/06/09 18:32:08 INFO mapreduce.Job:  map 23% reduce 5%
20/06/09 18:32:09 INFO mapreduce.Job:  map 23% reduce 6%
20/06/09 18:32:12 INFO mapreduce.Job:  map 24% reduce 6%
20/06/09 18:32:16 INFO mapreduce.Job:  map 25% reduce 6%
20/06/09 18:32:18 INFO mapreduce.Job:  map 26% reduce 7%
20/06/09 18:32:24 INFO mapreduce.Job:  map 27% reduce 7%
20/06/09 18:32:28 INFO mapreduce.Job:  map 28% reduce 7%
20/06/09 18:32:33 INFO mapreduce.Job:  map 29% reduce 7%
20/06/09 18:32:37 INFO mapreduce.Job:  map 30% reduce 7%
20/06/09 18:32:39 INFO mapreduce.Job:  map 31% reduce 9%
20/06/09 18:32:42 INFO mapreduce.Job:  map 32% reduce 9%
20/06/09 18:32:45 INFO mapreduce.Job:  map 33% reduce 10%
20/06/09 18:32:51 INFO mapreduce.Job:  map 34% reduce 10%
20/06/09 18:32:57 INFO mapreduce.Job:  map 35% reduce 10%
20/06/09 18:33:00 INFO mapreduce.Job:  map 36% reduce 10%
20/06/09 18:33:05 INFO mapreduce.Job:  map 37% reduce 10%
20/06/09 18:33:06 INFO mapreduce.Job:  map 37% reduce 11%
20/06/09 18:33:08 INFO mapreduce.Job:  map 38% reduce 11%
20/06/09 18:33:12 INFO mapreduce.Job:  map 39% reduce 11%
20/06/09 18:33:15 INFO mapreduce.Job:  map 40% reduce 11%
20/06/09 18:33:16 INFO mapreduce.Job:  map 40% reduce 12%
20/06/09 18:33:19 INFO mapreduce.Job:  map 41% reduce 12%
20/06/09 18:33:26 INFO mapreduce.Job:  map 42% reduce 12%
20/06/09 18:33:31 INFO mapreduce.Job:  map 43% reduce 12%
20/06/09 18:33:35 INFO mapreduce.Job:  map 44% reduce 12%
20/06/09 18:33:39 INFO mapreduce.Job:  map 45% reduce 12%
20/06/09 18:33:40 INFO mapreduce.Job:  map 45% reduce 13%
20/06/09 18:33:43 INFO mapreduce.Job:  map 46% reduce 13%
20/06/09 18:33:46 INFO mapreduce.Job:  map 47% reduce 13%
20/06/09 18:33:49 INFO mapreduce.Job:  map 48% reduce 14%
20/06/09 18:33:52 INFO mapreduce.Job:  map 49% reduce 15%
20/06/09 18:33:56 INFO mapreduce.Job:  map 50% reduce 15%
20/06/09 18:34:00 INFO mapreduce.Job:  map 51% reduce 15%
20/06/09 18:34:01 INFO mapreduce.Job:  map 51% reduce 16%
20/06/09 18:34:03 INFO mapreduce.Job:  map 52% reduce 16%
20/06/09 18:34:08 INFO mapreduce.Job:  map 53% reduce 16%
20/06/09 18:34:11 INFO mapreduce.Job:  map 53% reduce 17%
20/06/09 18:34:13 INFO mapreduce.Job:  map 54% reduce 17%
20/06/09 18:34:18 INFO mapreduce.Job:  map 55% reduce 17%
20/06/09 18:34:23 INFO mapreduce.Job:  map 56% reduce 17%
20/06/09 18:34:27 INFO mapreduce.Job:  map 57% reduce 17%
20/06/09 18:34:32 INFO mapreduce.Job:  map 58% reduce 17%
20/06/09 18:34:37 INFO mapreduce.Job:  map 59% reduce 17%
20/06/09 18:34:40 INFO mapreduce.Job:  map 60% reduce 17%
20/06/09 18:34:44 INFO mapreduce.Job:  map 61% reduce 17%
20/06/09 18:34:47 INFO mapreduce.Job:  map 62% reduce 18%
20/06/09 18:34:51 INFO mapreduce.Job:  map 63% reduce 19%
20/06/09 18:34:54 INFO mapreduce.Job:  map 64% reduce 19%
20/06/09 18:34:56 INFO mapreduce.Job:  map 65% reduce 19%
20/06/09 18:34:57 INFO mapreduce.Job:  map 65% reduce 21%
20/06/09 18:35:00 INFO mapreduce.Job:  map 66% reduce 21%
20/06/09 18:35:06 INFO mapreduce.Job:  map 67% reduce 21%
20/06/09 18:35:07 INFO mapreduce.Job:  map 68% reduce 21%
20/06/09 18:35:09 INFO mapreduce.Job:  map 68% reduce 22%
20/06/09 18:35:14 INFO mapreduce.Job:  map 69% reduce 22%
20/06/09 18:35:19 INFO mapreduce.Job:  map 70% reduce 22%
20/06/09 18:35:24 INFO mapreduce.Job:  map 71% reduce 22%
20/06/09 18:35:29 INFO mapreduce.Job:  map 72% reduce 22%
20/06/09 18:35:35 INFO mapreduce.Job:  map 73% reduce 22%
20/06/09 18:35:40 INFO mapreduce.Job:  map 74% reduce 22%
20/06/09 18:35:43 INFO mapreduce.Job:  map 75% reduce 22%
20/06/09 18:35:45 INFO mapreduce.Job:  map 75% reduce 23%
20/06/09 18:35:46 INFO mapreduce.Job:  map 76% reduce 23%
20/06/09 18:35:49 INFO mapreduce.Job:  map 77% reduce 23%
20/06/09 18:35:51 INFO mapreduce.Job:  map 77% reduce 24%
20/06/09 18:35:52 INFO mapreduce.Job:  map 78% reduce 24%
20/06/09 18:35:54 INFO mapreduce.Job:  map 78% reduce 25%
20/06/09 18:35:56 INFO mapreduce.Job:  map 79% reduce 25%
20/06/09 18:35:57 INFO mapreduce.Job:  map 80% reduce 25%
20/06/09 18:36:00 INFO mapreduce.Job:  map 80% reduce 26%
20/06/09 18:36:02 INFO mapreduce.Job:  map 81% reduce 26%
20/06/09 18:36:03 INFO mapreduce.Job:  map 81% reduce 27%
20/06/09 18:36:07 INFO mapreduce.Job:  map 82% reduce 27%
20/06/09 18:36:10 INFO mapreduce.Job:  map 83% reduce 27%
20/06/09 18:36:11 INFO mapreduce.Job:  map 85% reduce 27%
20/06/09 18:36:15 INFO mapreduce.Job:  map 86% reduce 27%
20/06/09 18:36:16 INFO mapreduce.Job:  map 87% reduce 27%
20/06/09 18:36:19 INFO mapreduce.Job:  map 88% reduce 27%
20/06/09 18:36:21 INFO mapreduce.Job:  map 89% reduce 27%
20/06/09 18:36:22 INFO mapreduce.Job:  map 89% reduce 29%
20/06/09 18:36:27 INFO mapreduce.Job:  map 90% reduce 29%
20/06/09 18:36:29 INFO mapreduce.Job:  map 92% reduce 29%
20/06/09 18:36:32 INFO mapreduce.Job:  map 93% reduce 29%
20/06/09 18:36:34 INFO mapreduce.Job:  map 94% reduce 29%
20/06/09 18:36:36 INFO mapreduce.Job:  map 95% reduce 29%
20/06/09 18:36:37 INFO mapreduce.Job:  map 96% reduce 30%
20/06/09 18:36:40 INFO mapreduce.Job:  map 97% reduce 30%
20/06/09 18:36:42 INFO mapreduce.Job:  map 98% reduce 30%
20/06/09 18:36:43 INFO mapreduce.Job:  map 98% reduce 31%
20/06/09 18:36:45 INFO mapreduce.Job:  map 99% reduce 31%
20/06/09 18:36:46 INFO mapreduce.Job:  map 99% reduce 32%
20/06/09 18:36:48 INFO mapreduce.Job:  map 100% reduce 32%
20/06/09 18:36:49 INFO mapreduce.Job:  map 100% reduce 33%
20/06/09 18:36:52 INFO mapreduce.Job:  map 100% reduce 70%
20/06/09 18:36:55 INFO mapreduce.Job:  map 100% reduce 75%
20/06/09 18:36:58 INFO mapreduce.Job:  map 100% reduce 81%
20/06/09 18:37:01 INFO mapreduce.Job:  map 100% reduce 86%
20/06/09 18:37:04 INFO mapreduce.Job:  map 100% reduce 94%
20/06/09 18:37:06 INFO mapreduce.Job:  map 100% reduce 100%
20/06/09 18:37:07 INFO mapreduce.Job: Job job_1591694404929_0005 completed successfully
20/06/09 18:37:07 INFO mapreduce.Job: Counters: 51
	File System Counters
		FILE: Number of bytes read=1624945135
		FILE: Number of bytes written=2404574315
		FILE: Number of read operations=0
		FILE: Number of large read operations=0
		FILE: Number of write operations=0
		HDFS: Number of bytes read=11025800924
		HDFS: Number of bytes written=443645277
		HDFS: Number of read operations=273
		HDFS: Number of large read operations=0
		HDFS: Number of write operations=2
	Job Counters 
		Killed map tasks=1
		Launched map tasks=91
		Launched reduce tasks=1
		Data-local map tasks=89
		Rack-local map tasks=2
		Total time spent by all maps in occupied slots (ms)=4937380
		Total time spent by all reduces in occupied slots (ms)=332094
		Total time spent by all map tasks (ms)=4937380
		Total time spent by all reduce tasks (ms)=332094
		Total vcore-milliseconds taken by all map tasks=4937380
		Total vcore-milliseconds taken by all reduce tasks=332094
		Total megabyte-milliseconds taken by all map tasks=5055877120
		Total megabyte-milliseconds taken by all reduce tasks=340064256
	Map-Reduce Framework
		Map input records=266781
		Map output records=1010375847
		Map output bytes=19271757097
		Map output materialized bytes=768418683
		Input split bytes=10530
		Combine input records=1035344913
		Combine output records=47473719
		Reduce input groups=9470815
		Reduce shuffle bytes=768418683
		Reduce input records=22504653
		Reduce output records=9470815
		Spilled Records=70655589
		Shuffled Maps =90
		Failed Shuffles=0
		Merged Map outputs=90
		GC time elapsed (ms)=106837
		CPU time spent (ms)=1999650
		Physical memory (bytes) snapshot=25133809664
		Virtual memory (bytes) snapshot=191918407680
		Total committed heap usage (bytes)=18934136832
	Shuffle Errors
		BAD_ID=0
		CONNECTION=0
		IO_ERROR=0
		WRONG_LENGTH=0
		WRONG_MAP=0
		WRONG_REDUCE=0
	File Input Format Counters 
		Bytes Read=11025790394
	File Output Format Counters 
		Bytes Written=443645277
20/06/09 18:37:07 INFO client.RMProxy: Connecting to ResourceManager at master/10.51.17.95:8032
20/06/09 18:37:08 INFO input.FileInputFormat: Total input paths to process : 1
20/06/09 18:37:08 INFO mapreduce.JobSubmitter: number of splits:4
20/06/09 18:37:08 INFO mapreduce.JobSubmitter: Submitting tokens for job: job_1591694404929_0006
20/06/09 18:37:08 INFO impl.YarnClientImpl: Submitted application application_1591694404929_0006
20/06/09 18:37:08 INFO mapreduce.Job: The url to track the job: http://master:8088/proxy/application_1591694404929_0006/
20/06/09 18:37:08 INFO mapreduce.Job: Running job: job_1591694404929_0006
20/06/09 18:37:16 INFO mapreduce.Job: Job job_1591694404929_0006 running in uber mode : false
20/06/09 18:37:16 INFO mapreduce.Job:  map 0% reduce 0%
20/06/09 18:37:26 INFO mapreduce.Job:  map 25% reduce 0%
20/06/09 18:37:28 INFO mapreduce.Job:  map 50% reduce 0%
20/06/09 18:37:29 INFO mapreduce.Job:  map 64% reduce 0%
20/06/09 18:37:30 INFO mapreduce.Job:  map 72% reduce 0%
20/06/09 18:37:31 INFO mapreduce.Job:  map 77% reduce 0%
20/06/09 18:37:32 INFO mapreduce.Job:  map 89% reduce 0%
20/06/09 18:37:34 INFO mapreduce.Job:  map 95% reduce 0%
20/06/09 18:37:35 INFO mapreduce.Job:  map 100% reduce 0%
20/06/09 18:37:36 INFO mapreduce.Job:  map 100% reduce 69%
20/06/09 18:37:39 INFO mapreduce.Job:  map 100% reduce 87%
20/06/09 18:37:42 INFO mapreduce.Job:  map 100% reduce 98%
20/06/09 18:37:43 INFO mapreduce.Job:  map 100% reduce 100%
20/06/09 18:37:44 INFO mapreduce.Job: Job job_1591694404929_0006 completed successfully
20/06/09 18:37:44 INFO mapreduce.Job: Counters: 50
	File System Counters
		FILE: Number of bytes read=727475780
		FILE: Number of bytes written=1110573545
		FILE: Number of read operations=0
		FILE: Number of large read operations=0
		FILE: Number of write operations=0
		HDFS: Number of bytes read=443648230
		HDFS: Number of bytes written=307379302
		HDFS: Number of read operations=19
		HDFS: Number of large read operations=0
		HDFS: Number of write operations=2
	Job Counters 
		Killed map tasks=1
		Launched map tasks=5
		Launched reduce tasks=1
		Data-local map tasks=5
		Total time spent by all maps in occupied slots (ms)=55022
		Total time spent by all reduces in occupied slots (ms)=14107
		Total time spent by all map tasks (ms)=55022
		Total time spent by all reduce tasks (ms)=14107
		Total vcore-milliseconds taken by all map tasks=55022
		Total vcore-milliseconds taken by all reduce tasks=14107
		Total megabyte-milliseconds taken by all map tasks=56342528
		Total megabyte-milliseconds taken by all reduce tasks=14445568
	Map-Reduce Framework
		Map input records=9470815
		Map output records=9470815
		Map output bytes=363542771
		Map output materialized bytes=382484425
		Input split bytes=508
		Combine input records=0
		Combine output records=0
		Reduce input groups=1260
		Reduce shuffle bytes=382484425
		Reduce input records=9470815
		Reduce output records=9470815
		Spilled Records=27895615
		Shuffled Maps =4
		Failed Shuffles=0
		Merged Map outputs=4
		GC time elapsed (ms)=1433
		CPU time spent (ms)=40520
		Physical memory (bytes) snapshot=1282818048
		Virtual memory (bytes) snapshot=10602749952
		Total committed heap usage (bytes)=936902656
	Shuffle Errors
		BAD_ID=0
		CONNECTION=0
		IO_ERROR=0
		WRONG_LENGTH=0
		WRONG_MAP=0
		WRONG_REDUCE=0
	File Input Format Counters 
		Bytes Read=443647722
	File Output Format Counters 
		Bytes Written=307379302
