20/06/09 18:21:05 INFO client.RMProxy: Connecting to ResourceManager at master/10.51.17.95:8032
20/06/09 18:21:06 INFO input.FileInputFormat: Total input paths to process : 10
20/06/09 18:21:07 INFO mapreduce.JobSubmitter: number of splits:90
20/06/09 18:21:07 INFO mapreduce.JobSubmitter: Submitting tokens for job: job_1591694404929_0002
20/06/09 18:21:07 INFO impl.YarnClientImpl: Submitted application application_1591694404929_0002
20/06/09 18:21:07 INFO mapreduce.Job: The url to track the job: http://master:8088/proxy/application_1591694404929_0002/
20/06/09 18:21:07 INFO mapreduce.Job: Running job: job_1591694404929_0002
20/06/09 18:21:13 INFO mapreduce.Job: Job job_1591694404929_0002 running in uber mode : false
20/06/09 18:21:13 INFO mapreduce.Job:  map 0% reduce 0%
20/06/09 18:21:27 INFO mapreduce.Job:  map 1% reduce 0%
20/06/09 18:21:29 INFO mapreduce.Job:  map 2% reduce 0%
20/06/09 18:21:32 INFO mapreduce.Job:  map 3% reduce 0%
20/06/09 18:21:41 INFO mapreduce.Job:  map 4% reduce 0%
20/06/09 18:21:45 INFO mapreduce.Job:  map 5% reduce 0%
20/06/09 18:21:51 INFO mapreduce.Job:  map 6% reduce 0%
20/06/09 18:21:55 INFO mapreduce.Job:  map 7% reduce 0%
20/06/09 18:22:00 INFO mapreduce.Job:  map 8% reduce 0%
20/06/09 18:22:04 INFO mapreduce.Job:  map 9% reduce 0%
20/06/09 18:22:09 INFO mapreduce.Job:  map 10% reduce 0%
20/06/09 18:22:11 INFO mapreduce.Job:  map 11% reduce 0%
20/06/09 18:22:12 INFO mapreduce.Job:  map 12% reduce 0%
20/06/09 18:22:18 INFO mapreduce.Job:  map 13% reduce 0%
20/06/09 18:22:25 INFO mapreduce.Job:  map 14% reduce 0%
20/06/09 18:22:27 INFO mapreduce.Job:  map 15% reduce 0%
20/06/09 18:22:29 INFO mapreduce.Job:  map 16% reduce 0%
20/06/09 18:22:30 INFO mapreduce.Job:  map 17% reduce 0%
20/06/09 18:22:35 INFO mapreduce.Job:  map 18% reduce 0%
20/06/09 18:22:41 INFO mapreduce.Job:  map 19% reduce 5%
20/06/09 18:22:46 INFO mapreduce.Job:  map 20% reduce 5%
20/06/09 18:22:53 INFO mapreduce.Job:  map 21% reduce 5%
20/06/09 18:22:56 INFO mapreduce.Job:  map 22% reduce 5%
20/06/09 18:22:57 INFO mapreduce.Job:  map 22% reduce 6%
20/06/09 18:23:02 INFO mapreduce.Job:  map 23% reduce 6%
20/06/09 18:23:05 INFO mapreduce.Job:  map 24% reduce 6%
20/06/09 18:23:08 INFO mapreduce.Job:  map 25% reduce 6%
20/06/09 18:23:12 INFO mapreduce.Job:  map 25% reduce 7%
20/06/09 18:23:13 INFO mapreduce.Job:  map 26% reduce 7%
20/06/09 18:23:15 INFO mapreduce.Job:  map 27% reduce 7%
20/06/09 18:23:23 INFO mapreduce.Job:  map 28% reduce 7%
20/06/09 18:23:26 INFO mapreduce.Job:  map 29% reduce 7%
20/06/09 18:23:30 INFO mapreduce.Job:  map 30% reduce 7%
20/06/09 18:23:33 INFO mapreduce.Job:  map 31% reduce 7%
20/06/09 18:23:34 INFO mapreduce.Job:  map 31% reduce 9%
20/06/09 18:23:35 INFO mapreduce.Job:  map 32% reduce 9%
20/06/09 18:23:38 INFO mapreduce.Job:  map 33% reduce 9%
20/06/09 18:23:40 INFO mapreduce.Job:  map 33% reduce 10%
20/06/09 18:23:45 INFO mapreduce.Job:  map 34% reduce 10%
20/06/09 18:23:49 INFO mapreduce.Job:  map 35% reduce 10%
20/06/09 18:23:52 INFO mapreduce.Job:  map 36% reduce 10%
20/06/09 18:24:00 INFO mapreduce.Job:  map 38% reduce 10%
20/06/09 18:24:03 INFO mapreduce.Job:  map 38% reduce 11%
20/06/09 18:24:06 INFO mapreduce.Job:  map 39% reduce 11%
20/06/09 18:24:09 INFO mapreduce.Job:  map 39% reduce 12%
20/06/09 18:24:12 INFO mapreduce.Job:  map 40% reduce 12%
20/06/09 18:24:17 INFO mapreduce.Job:  map 41% reduce 12%
20/06/09 18:24:21 INFO mapreduce.Job:  map 42% reduce 12%
20/06/09 18:24:28 INFO mapreduce.Job:  map 43% reduce 12%
20/06/09 18:24:32 INFO mapreduce.Job:  map 44% reduce 12%
20/06/09 18:24:39 INFO mapreduce.Job:  map 45% reduce 12%
20/06/09 18:24:42 INFO mapreduce.Job:  map 46% reduce 12%
20/06/09 18:24:46 INFO mapreduce.Job:  map 47% reduce 13%
20/06/09 18:24:49 INFO mapreduce.Job:  map 48% reduce 14%
20/06/09 18:24:55 INFO mapreduce.Job:  map 49% reduce 14%
20/06/09 18:24:56 INFO mapreduce.Job:  map 49% reduce 15%
20/06/09 18:24:57 INFO mapreduce.Job:  map 50% reduce 15%
20/06/09 18:24:59 INFO mapreduce.Job:  map 51% reduce 16%
20/06/09 18:25:03 INFO mapreduce.Job:  map 52% reduce 16%
20/06/09 18:25:05 INFO mapreduce.Job:  map 52% reduce 17%
20/06/09 18:25:08 INFO mapreduce.Job:  map 53% reduce 17%
20/06/09 18:25:13 INFO mapreduce.Job:  map 54% reduce 17%
20/06/09 18:25:19 INFO mapreduce.Job:  map 55% reduce 17%
20/06/09 18:25:26 INFO mapreduce.Job:  map 56% reduce 17%
20/06/09 18:25:29 INFO mapreduce.Job:  map 57% reduce 17%
20/06/09 18:25:35 INFO mapreduce.Job:  map 58% reduce 17%
20/06/09 18:25:39 INFO mapreduce.Job:  map 59% reduce 17%
20/06/09 18:25:42 INFO mapreduce.Job:  map 60% reduce 18%
20/06/09 18:25:51 INFO mapreduce.Job:  map 61% reduce 18%
20/06/09 18:25:53 INFO mapreduce.Job:  map 62% reduce 18%
20/06/09 18:25:54 INFO mapreduce.Job:  map 62% reduce 19%
20/06/09 18:25:59 INFO mapreduce.Job:  map 63% reduce 19%
20/06/09 18:26:03 INFO mapreduce.Job:  map 64% reduce 19%
20/06/09 18:26:06 INFO mapreduce.Job:  map 65% reduce 19%
20/06/09 18:26:09 INFO mapreduce.Job:  map 65% reduce 20%
20/06/09 18:26:10 INFO mapreduce.Job:  map 66% reduce 20%
20/06/09 18:26:15 INFO mapreduce.Job:  map 67% reduce 20%
20/06/09 18:26:16 INFO mapreduce.Job:  map 67% reduce 21%
20/06/09 18:26:18 INFO mapreduce.Job:  map 68% reduce 21%
20/06/09 18:26:21 INFO mapreduce.Job:  map 69% reduce 21%
20/06/09 18:26:22 INFO mapreduce.Job:  map 69% reduce 22%
20/06/09 18:26:28 INFO mapreduce.Job:  map 70% reduce 22%
20/06/09 18:26:32 INFO mapreduce.Job:  map 71% reduce 22%
20/06/09 18:26:39 INFO mapreduce.Job:  map 72% reduce 22%
20/06/09 18:26:43 INFO mapreduce.Job:  map 73% reduce 22%
20/06/09 18:26:45 INFO mapreduce.Job:  map 73% reduce 23%
20/06/09 18:26:47 INFO mapreduce.Job:  map 74% reduce 23%
20/06/09 18:26:54 INFO mapreduce.Job:  map 75% reduce 23%
20/06/09 18:26:58 INFO mapreduce.Job:  map 76% reduce 23%
20/06/09 18:27:01 INFO mapreduce.Job:  map 77% reduce 23%
20/06/09 18:27:04 INFO mapreduce.Job:  map 77% reduce 24%
20/06/09 18:27:09 INFO mapreduce.Job:  map 78% reduce 24%
20/06/09 18:27:11 INFO mapreduce.Job:  map 79% reduce 24%
20/06/09 18:27:13 INFO mapreduce.Job:  map 80% reduce 24%
20/06/09 18:27:15 INFO mapreduce.Job:  map 81% reduce 24%
20/06/09 18:27:16 INFO mapreduce.Job:  map 81% reduce 25%
20/06/09 18:27:19 INFO mapreduce.Job:  map 81% reduce 26%
20/06/09 18:27:20 INFO mapreduce.Job:  map 82% reduce 26%
20/06/09 18:27:22 INFO mapreduce.Job:  map 83% reduce 26%
20/06/09 18:27:25 INFO mapreduce.Job:  map 84% reduce 27%
20/06/09 18:27:31 INFO mapreduce.Job:  map 85% reduce 27%
20/06/09 18:27:34 INFO mapreduce.Job:  map 86% reduce 27%
20/06/09 18:27:36 INFO mapreduce.Job:  map 88% reduce 27%
20/06/09 18:27:41 INFO mapreduce.Job:  map 89% reduce 27%
20/06/09 18:27:43 INFO mapreduce.Job:  map 90% reduce 27%
20/06/09 18:27:44 INFO mapreduce.Job:  map 90% reduce 28%
20/06/09 18:27:45 INFO mapreduce.Job:  map 91% reduce 28%
20/06/09 18:27:47 INFO mapreduce.Job:  map 91% reduce 29%
20/06/09 18:27:48 INFO mapreduce.Job:  map 92% reduce 29%
20/06/09 18:27:51 INFO mapreduce.Job:  map 93% reduce 29%
20/06/09 18:27:52 INFO mapreduce.Job:  map 94% reduce 29%
20/06/09 18:27:56 INFO mapreduce.Job:  map 96% reduce 30%
20/06/09 18:27:57 INFO mapreduce.Job:  map 97% reduce 30%
20/06/09 18:27:59 INFO mapreduce.Job:  map 97% reduce 31%
20/06/09 18:28:00 INFO mapreduce.Job:  map 98% reduce 31%
20/06/09 18:28:05 INFO mapreduce.Job:  map 98% reduce 32%
20/06/09 18:28:08 INFO mapreduce.Job:  map 99% reduce 32%
20/06/09 18:28:09 INFO mapreduce.Job:  map 100% reduce 32%
20/06/09 18:28:11 INFO mapreduce.Job:  map 100% reduce 33%
20/06/09 18:28:14 INFO mapreduce.Job:  map 100% reduce 71%
20/06/09 18:28:17 INFO mapreduce.Job:  map 100% reduce 76%
20/06/09 18:28:20 INFO mapreduce.Job:  map 100% reduce 81%
20/06/09 18:28:23 INFO mapreduce.Job:  map 100% reduce 87%
20/06/09 18:28:26 INFO mapreduce.Job:  map 100% reduce 95%
20/06/09 18:28:28 INFO mapreduce.Job:  map 100% reduce 100%
20/06/09 18:28:29 INFO mapreduce.Job: Job job_1591694404929_0002 completed successfully
20/06/09 18:28:29 INFO mapreduce.Job: Counters: 51
	File System Counters
		FILE: Number of bytes read=1707778567
		FILE: Number of bytes written=2529683837
		FILE: Number of read operations=0
		FILE: Number of large read operations=0
		FILE: Number of write operations=0
		HDFS: Number of bytes read=11025631873
		HDFS: Number of bytes written=491081357
		HDFS: Number of read operations=273
		HDFS: Number of large read operations=0
		HDFS: Number of write operations=2
	Job Counters 
		Killed map tasks=1
		Launched map tasks=91
		Launched reduce tasks=1
		Data-local map tasks=90
		Rack-local map tasks=1
		Total time spent by all maps in occupied slots (ms)=5278342
		Total time spent by all reduces in occupied slots (ms)=359446
		Total time spent by all map tasks (ms)=5278342
		Total time spent by all reduce tasks (ms)=359446
		Total vcore-milliseconds taken by all map tasks=5278342
		Total vcore-milliseconds taken by all reduce tasks=359446
		Total megabyte-milliseconds taken by all map tasks=5405022208
		Total megabyte-milliseconds taken by all reduce tasks=368072704
	Map-Reduce Framework
		Map input records=723273
		Map output records=1009441710
		Map output bytes=19253696515
		Map output materialized bytes=810694864
		Input split bytes=10530
		Combine input records=1034430284
		Combine output records=47595508
		Reduce input groups=9839019
		Reduce shuffle bytes=810694864
		Reduce input records=22606934
		Reduce output records=9839019
		Spilled Records=70880765
		Shuffled Maps =90
		Failed Shuffles=0
		Merged Map outputs=90
		GC time elapsed (ms)=108394
		CPU time spent (ms)=2142980
		Physical memory (bytes) snapshot=25118052352
		Virtual memory (bytes) snapshot=191922925568
		Total committed heap usage (bytes)=18930466816
	Shuffle Errors
		BAD_ID=0
		CONNECTION=0
		IO_ERROR=0
		WRONG_LENGTH=0
		WRONG_MAP=0
		WRONG_REDUCE=0
	File Input Format Counters 
		Bytes Read=11025621343
	File Output Format Counters 
		Bytes Written=491081357
20/06/09 18:28:29 INFO client.RMProxy: Connecting to ResourceManager at master/10.51.17.95:8032
20/06/09 18:28:29 INFO input.FileInputFormat: Total input paths to process : 1
20/06/09 18:28:30 INFO mapreduce.JobSubmitter: number of splits:4
20/06/09 18:28:30 INFO mapreduce.JobSubmitter: Submitting tokens for job: job_1591694404929_0003
20/06/09 18:28:31 INFO impl.YarnClientImpl: Submitted application application_1591694404929_0003
20/06/09 18:28:31 INFO mapreduce.Job: The url to track the job: http://master:8088/proxy/application_1591694404929_0003/
20/06/09 18:28:31 INFO mapreduce.Job: Running job: job_1591694404929_0003
20/06/09 18:28:39 INFO mapreduce.Job: Job job_1591694404929_0003 running in uber mode : false
20/06/09 18:28:39 INFO mapreduce.Job:  map 0% reduce 0%
20/06/09 18:28:51 INFO mapreduce.Job:  map 52% reduce 0%
20/06/09 18:28:54 INFO mapreduce.Job:  map 70% reduce 0%
20/06/09 18:28:56 INFO mapreduce.Job:  map 78% reduce 0%
20/06/09 18:28:57 INFO mapreduce.Job:  map 87% reduce 0%
20/06/09 18:28:59 INFO mapreduce.Job:  map 100% reduce 0%
20/06/09 18:29:04 INFO mapreduce.Job:  map 100% reduce 79%
20/06/09 18:29:07 INFO mapreduce.Job:  map 100% reduce 93%
20/06/09 18:29:08 INFO mapreduce.Job:  map 100% reduce 100%
20/06/09 18:29:08 INFO mapreduce.Job: Job job_1591694404929_0003 completed successfully
20/06/09 18:29:08 INFO mapreduce.Job: Counters: 50
	File System Counters
		FILE: Number of bytes read=854501426
		FILE: Number of bytes written=1282365462
		FILE: Number of read operations=0
		FILE: Number of large read operations=0
		FILE: Number of write operations=0
		HDFS: Number of bytes read=491085318
		HDFS: Number of bytes written=349195600
		HDFS: Number of read operations=19
		HDFS: Number of large read operations=0
		HDFS: Number of write operations=2
	Job Counters 
		Killed map tasks=1
		Launched map tasks=5
		Launched reduce tasks=1
		Data-local map tasks=5
		Total time spent by all maps in occupied slots (ms)=67855
		Total time spent by all reduces in occupied slots (ms)=13651
		Total time spent by all map tasks (ms)=67855
		Total time spent by all reduce tasks (ms)=13651
		Total vcore-milliseconds taken by all map tasks=67855
		Total vcore-milliseconds taken by all reduce tasks=13651
		Total megabyte-milliseconds taken by all map tasks=69483520
		Total megabyte-milliseconds taken by all reduce tasks=13978624
	Map-Reduce Framework
		Map input records=9839019
		Map output records=9839019
		Map output bytes=407572639
		Map output materialized bytes=427250701
		Input split bytes=504
		Combine input records=0
		Combine output records=0
		Reduce input groups=1254
		Reduce shuffle bytes=427250701
		Reduce input records=9839019
		Reduce output records=9839019
		Spilled Records=29517057
		Shuffled Maps =4
		Failed Shuffles=0
		Merged Map outputs=4
		GC time elapsed (ms)=1955
		CPU time spent (ms)=45040
		Physical memory (bytes) snapshot=1286340608
		Virtual memory (bytes) snapshot=10548785152
		Total committed heap usage (bytes)=938999808
	Shuffle Errors
		BAD_ID=0
		CONNECTION=0
		IO_ERROR=0
		WRONG_LENGTH=0
		WRONG_MAP=0
		WRONG_REDUCE=0
	File Input Format Counters 
		Bytes Read=491084814
	File Output Format Counters 
		Bytes Written=349195600
