20/06/08 14:33:52 INFO client.RMProxy: Connecting to ResourceManager at master/10.51.17.95:8032
20/06/08 14:33:52 INFO input.FileInputFormat: Total input paths to process : 16
20/06/08 14:33:53 INFO mapreduce.JobSubmitter: number of splits:16
20/06/08 14:33:53 INFO mapreduce.JobSubmitter: Submitting tokens for job: job_1591593096003_0008
20/06/08 14:33:53 INFO impl.YarnClientImpl: Submitted application application_1591593096003_0008
20/06/08 14:33:53 INFO mapreduce.Job: The url to track the job: http://master:8088/proxy/application_1591593096003_0008/
20/06/08 14:33:53 INFO mapreduce.Job: Running job: job_1591593096003_0008
20/06/08 14:33:57 INFO mapreduce.Job: Job job_1591593096003_0008 running in uber mode : false
20/06/08 14:33:57 INFO mapreduce.Job:  map 0% reduce 0%
20/06/08 14:34:11 INFO mapreduce.Job:  map 4% reduce 0%
20/06/08 14:34:12 INFO mapreduce.Job:  map 21% reduce 0%
20/06/08 14:34:13 INFO mapreduce.Job:  map 29% reduce 0%
20/06/08 14:34:14 INFO mapreduce.Job:  map 58% reduce 0%
20/06/08 14:35:02 INFO mapreduce.Job:  map 60% reduce 0%
20/06/08 14:35:03 INFO mapreduce.Job:  map 65% reduce 0%
20/06/08 14:35:04 INFO mapreduce.Job:  map 69% reduce 0%
20/06/08 14:35:05 INFO mapreduce.Job:  map 71% reduce 0%
20/06/08 14:35:12 INFO mapreduce.Job:  map 75% reduce 0%
20/06/08 14:35:13 INFO mapreduce.Job:  map 79% reduce 0%
20/06/08 14:35:14 INFO mapreduce.Job:  map 79% reduce 13%
20/06/08 14:35:21 INFO mapreduce.Job:  map 81% reduce 13%
20/06/08 14:35:22 INFO mapreduce.Job:  map 83% reduce 13%
20/06/08 14:35:23 INFO mapreduce.Job:  map 83% reduce 15%
20/06/08 14:35:24 INFO mapreduce.Job:  map 88% reduce 15%
20/06/08 14:35:25 INFO mapreduce.Job:  map 96% reduce 15%
20/06/08 14:35:26 INFO mapreduce.Job:  map 96% reduce 29%
20/06/08 14:35:35 INFO mapreduce.Job:  map 100% reduce 29%
20/06/08 14:35:36 INFO mapreduce.Job:  map 100% reduce 100%
20/06/08 14:35:36 INFO mapreduce.Job: Job job_1591593096003_0008 completed successfully
20/06/08 14:35:37 INFO mapreduce.Job: Counters: 50
	File System Counters
		FILE: Number of bytes read=358
		FILE: Number of bytes written=2094154
		FILE: Number of read operations=0
		FILE: Number of large read operations=0
		FILE: Number of write operations=0
		HDFS: Number of bytes read=4166
		HDFS: Number of bytes written=215
		HDFS: Number of read operations=67
		HDFS: Number of large read operations=0
		HDFS: Number of write operations=3
	Job Counters 
		Launched map tasks=16
		Launched reduce tasks=1
		Data-local map tasks=15
		Rack-local map tasks=1
		Total time spent by all maps in occupied slots (ms)=1122790
		Total time spent by all reduces in occupied slots (ms)=31239
		Total time spent by all map tasks (ms)=1122790
		Total time spent by all reduce tasks (ms)=31239
		Total vcore-milliseconds taken by all map tasks=1122790
		Total vcore-milliseconds taken by all reduce tasks=31239
		Total megabyte-milliseconds taken by all map tasks=1149736960
		Total megabyte-milliseconds taken by all reduce tasks=31988736
	Map-Reduce Framework
		Map input records=16
		Map output records=32
		Map output bytes=288
		Map output materialized bytes=448
		Input split bytes=2278
		Combine input records=0
		Combine output records=0
		Reduce input groups=2
		Reduce shuffle bytes=448
		Reduce input records=32
		Reduce output records=0
		Spilled Records=64
		Shuffled Maps =16
		Failed Shuffles=0
		Merged Map outputs=16
		GC time elapsed (ms)=9393
		CPU time spent (ms)=461860
		Physical memory (bytes) snapshot=4413370368
		Virtual memory (bytes) snapshot=35811418112
		Total committed heap usage (bytes)=3347578880
	Shuffle Errors
		BAD_ID=0
		CONNECTION=0
		IO_ERROR=0
		WRONG_LENGTH=0
		WRONG_MAP=0
		WRONG_REDUCE=0
	File Input Format Counters 
		Bytes Read=1888
	File Output Format Counters 
		Bytes Written=97
