20/06/10 12:53:37 INFO client.RMProxy: Connecting to ResourceManager at master/10.51.17.95:8032
20/06/10 12:53:38 INFO client.RMProxy: Connecting to ResourceManager at master/10.51.17.95:8032
20/06/10 12:53:38 INFO input.FileInputFormat: Total input paths to process : 10
20/06/10 12:53:38 INFO mapreduce.JobSubmitter: number of splits:80
20/06/10 12:53:38 INFO mapreduce.JobSubmitter: Submitting tokens for job: job_1591761154056_0002
20/06/10 12:53:38 INFO impl.YarnClientImpl: Submitted application application_1591761154056_0002
20/06/10 12:53:38 INFO mapreduce.Job: The url to track the job: http://master:8088/proxy/application_1591761154056_0002/
20/06/10 12:53:38 INFO mapreduce.Job: Running job: job_1591761154056_0002
20/06/10 12:53:48 INFO mapreduce.Job: Job job_1591761154056_0002 running in uber mode : false
20/06/10 12:53:48 INFO mapreduce.Job:  map 0% reduce 0%
20/06/10 12:53:59 INFO mapreduce.Job:  map 1% reduce 0%
20/06/10 12:54:00 INFO mapreduce.Job:  map 3% reduce 0%
20/06/10 12:54:01 INFO mapreduce.Job:  map 4% reduce 0%
20/06/10 12:54:02 INFO mapreduce.Job:  map 7% reduce 0%
20/06/10 12:54:03 INFO mapreduce.Job:  map 8% reduce 0%
20/06/10 12:54:04 INFO mapreduce.Job:  map 15% reduce 0%
20/06/10 12:54:07 INFO mapreduce.Job:  map 16% reduce 0%
20/06/10 12:54:08 INFO mapreduce.Job:  map 17% reduce 0%
20/06/10 12:54:10 INFO mapreduce.Job:  map 19% reduce 0%
20/06/10 12:54:12 INFO mapreduce.Job:  map 21% reduce 0%
20/06/10 12:54:15 INFO mapreduce.Job:  map 24% reduce 0%
20/06/10 12:54:16 INFO mapreduce.Job:  map 25% reduce 0%
20/06/10 12:54:17 INFO mapreduce.Job:  map 26% reduce 0%
20/06/10 12:54:19 INFO mapreduce.Job:  map 27% reduce 0%
20/06/10 12:54:20 INFO mapreduce.Job:  map 28% reduce 0%
20/06/10 12:54:22 INFO mapreduce.Job:  map 32% reduce 0%
20/06/10 12:54:24 INFO mapreduce.Job:  map 34% reduce 1%
20/06/10 12:54:27 INFO mapreduce.Job:  map 34% reduce 2%
20/06/10 12:54:28 INFO mapreduce.Job:  map 37% reduce 2%
20/06/10 12:54:30 INFO mapreduce.Job:  map 38% reduce 3%
20/06/10 12:54:32 INFO mapreduce.Job:  map 39% reduce 3%
20/06/10 12:54:33 INFO mapreduce.Job:  map 40% reduce 3%
20/06/10 12:54:34 INFO mapreduce.Job:  map 41% reduce 3%
20/06/10 12:54:35 INFO mapreduce.Job:  map 41% reduce 4%
20/06/10 12:54:36 INFO mapreduce.Job:  map 42% reduce 4%
20/06/10 12:54:38 INFO mapreduce.Job:  map 43% reduce 5%
20/06/10 12:54:40 INFO mapreduce.Job:  map 44% reduce 5%
20/06/10 12:54:41 INFO mapreduce.Job:  map 45% reduce 6%
20/06/10 12:54:43 INFO mapreduce.Job:  map 46% reduce 6%
20/06/10 12:54:44 INFO mapreduce.Job:  map 46% reduce 7%
20/06/10 12:54:45 INFO mapreduce.Job:  map 47% reduce 7%
20/06/10 12:54:46 INFO mapreduce.Job:  map 48% reduce 7%
20/06/10 12:54:47 INFO mapreduce.Job:  map 49% reduce 7%
20/06/10 12:54:50 INFO mapreduce.Job:  map 50% reduce 7%
20/06/10 12:54:51 INFO mapreduce.Job:  map 51% reduce 7%
20/06/10 12:54:53 INFO mapreduce.Job:  map 52% reduce 7%
20/06/10 12:54:56 INFO mapreduce.Job:  map 54% reduce 7%
20/06/10 12:54:57 INFO mapreduce.Job:  map 55% reduce 7%
20/06/10 12:54:58 INFO mapreduce.Job:  map 56% reduce 7%
20/06/10 12:55:01 INFO mapreduce.Job:  map 57% reduce 7%
20/06/10 12:55:02 INFO mapreduce.Job:  map 58% reduce 8%
20/06/10 12:55:03 INFO mapreduce.Job:  map 60% reduce 8%
20/06/10 12:55:04 INFO mapreduce.Job:  map 61% reduce 8%
20/06/10 12:55:05 INFO mapreduce.Job:  map 62% reduce 8%
20/06/10 12:55:06 INFO mapreduce.Job:  map 63% reduce 8%
20/06/10 12:55:07 INFO mapreduce.Job:  map 64% reduce 8%
20/06/10 12:55:08 INFO mapreduce.Job:  map 64% reduce 9%
20/06/10 12:55:10 INFO mapreduce.Job:  map 66% reduce 9%
20/06/10 12:55:12 INFO mapreduce.Job:  map 68% reduce 9%
20/06/10 12:55:13 INFO mapreduce.Job:  map 69% reduce 9%
20/06/10 12:55:14 INFO mapreduce.Job:  map 70% reduce 10%
20/06/10 12:55:15 INFO mapreduce.Job:  map 71% reduce 10%
20/06/10 12:55:16 INFO mapreduce.Job:  map 72% reduce 10%
20/06/10 12:55:17 INFO mapreduce.Job:  map 73% reduce 10%
20/06/10 12:55:18 INFO mapreduce.Job:  map 74% reduce 10%
20/06/10 12:55:19 INFO mapreduce.Job:  map 74% reduce 11%
20/06/10 12:55:22 INFO mapreduce.Job:  map 76% reduce 11%
20/06/10 12:55:23 INFO mapreduce.Job:  map 79% reduce 12%
20/06/10 12:55:26 INFO mapreduce.Job:  map 80% reduce 13%
20/06/10 12:55:29 INFO mapreduce.Job:  map 81% reduce 13%
20/06/10 12:55:30 INFO mapreduce.Job:  map 82% reduce 14%
20/06/10 12:55:33 INFO mapreduce.Job:  map 83% reduce 14%
20/06/10 12:55:35 INFO mapreduce.Job:  map 84% reduce 14%
20/06/10 12:55:39 INFO mapreduce.Job:  map 85% reduce 15%
20/06/10 12:55:40 INFO mapreduce.Job:  map 86% reduce 15%
20/06/10 12:55:42 INFO mapreduce.Job:  map 87% reduce 16%
20/06/10 12:55:44 INFO mapreduce.Job:  map 88% reduce 16%
20/06/10 12:55:46 INFO mapreduce.Job:  map 89% reduce 16%
20/06/10 12:55:48 INFO mapreduce.Job:  map 89% reduce 17%
20/06/10 12:55:50 INFO mapreduce.Job:  map 90% reduce 17%
20/06/10 12:55:52 INFO mapreduce.Job:  map 91% reduce 17%
20/06/10 12:55:53 INFO mapreduce.Job:  map 92% reduce 18%
20/06/10 12:55:57 INFO mapreduce.Job:  map 93% reduce 19%
20/06/10 12:55:58 INFO mapreduce.Job:  map 94% reduce 19%
20/06/10 12:56:00 INFO mapreduce.Job:  map 95% reduce 20%
20/06/10 12:56:03 INFO mapreduce.Job:  map 96% reduce 21%
20/06/10 12:56:09 INFO mapreduce.Job:  map 96% reduce 22%
20/06/10 12:56:12 INFO mapreduce.Job:  map 96% reduce 23%
20/06/10 12:56:15 INFO mapreduce.Job:  map 96% reduce 24%
20/06/10 12:56:18 INFO mapreduce.Job:  map 96% reduce 25%
20/06/10 12:56:21 INFO mapreduce.Job:  map 96% reduce 26%
20/06/10 12:56:24 INFO mapreduce.Job:  map 96% reduce 27%
20/06/10 12:56:27 INFO mapreduce.Job:  map 96% reduce 28%
20/06/10 12:56:30 INFO mapreduce.Job:  map 96% reduce 29%
20/06/10 12:56:36 INFO mapreduce.Job:  map 96% reduce 30%
20/06/10 12:56:39 INFO mapreduce.Job:  map 96% reduce 31%
20/06/10 12:56:42 INFO mapreduce.Job:  map 96% reduce 32%
20/06/10 12:56:52 INFO mapreduce.Job:  map 98% reduce 32%
20/06/10 12:56:54 INFO mapreduce.Job:  map 98% reduce 33%
20/06/10 12:57:07 INFO mapreduce.Job:  map 99% reduce 33%
20/06/10 12:57:08 INFO mapreduce.Job:  map 100% reduce 33%
20/06/10 12:57:12 INFO mapreduce.Job:  map 100% reduce 64%
20/06/10 12:57:15 INFO mapreduce.Job:  map 100% reduce 68%
20/06/10 12:57:18 INFO mapreduce.Job:  map 100% reduce 69%
20/06/10 12:57:21 INFO mapreduce.Job:  map 100% reduce 70%
20/06/10 12:57:24 INFO mapreduce.Job:  map 100% reduce 71%
20/06/10 12:57:27 INFO mapreduce.Job:  map 100% reduce 73%
20/06/10 12:57:30 INFO mapreduce.Job:  map 100% reduce 74%
20/06/10 12:57:33 INFO mapreduce.Job:  map 100% reduce 76%
20/06/10 12:57:36 INFO mapreduce.Job:  map 100% reduce 77%
20/06/10 12:57:39 INFO mapreduce.Job:  map 100% reduce 79%
20/06/10 12:57:42 INFO mapreduce.Job:  map 100% reduce 80%
20/06/10 12:57:45 INFO mapreduce.Job:  map 100% reduce 82%
20/06/10 12:57:48 INFO mapreduce.Job:  map 100% reduce 83%
20/06/10 12:57:51 INFO mapreduce.Job:  map 100% reduce 84%
20/06/10 12:57:54 INFO mapreduce.Job:  map 100% reduce 86%
20/06/10 12:57:57 INFO mapreduce.Job:  map 100% reduce 87%
20/06/10 12:58:00 INFO mapreduce.Job:  map 100% reduce 88%
20/06/10 12:58:03 INFO mapreduce.Job:  map 100% reduce 90%
20/06/10 12:58:06 INFO mapreduce.Job:  map 100% reduce 91%
20/06/10 12:58:09 INFO mapreduce.Job:  map 100% reduce 93%
20/06/10 12:58:12 INFO mapreduce.Job:  map 100% reduce 94%
20/06/10 12:58:15 INFO mapreduce.Job:  map 100% reduce 96%
20/06/10 12:58:18 INFO mapreduce.Job:  map 100% reduce 97%
20/06/10 12:58:21 INFO mapreduce.Job:  map 100% reduce 99%
20/06/10 12:58:23 INFO mapreduce.Job:  map 100% reduce 100%
20/06/10 12:58:25 INFO mapreduce.Job: Job job_1591761154056_0002 completed successfully
20/06/10 12:58:25 INFO mapreduce.Job: Counters: 51
	File System Counters
		FILE: Number of bytes read=31974295243
		FILE: Number of bytes written=42734890313
		FILE: Number of read operations=0
		FILE: Number of large read operations=0
		FILE: Number of write operations=0
		HDFS: Number of bytes read=10774104996
		HDFS: Number of bytes written=10772839100
		HDFS: Number of read operations=329
		HDFS: Number of large read operations=0
		HDFS: Number of write operations=6
	Job Counters 
		Killed map tasks=4
		Launched map tasks=84
		Launched reduce tasks=3
		Data-local map tasks=71
		Rack-local map tasks=13
		Total time spent by all maps in occupied slots (ms)=1667495
		Total time spent by all reduces in occupied slots (ms)=739346
		Total time spent by all map tasks (ms)=1667495
		Total time spent by all reduce tasks (ms)=739346
		Total vcore-milliseconds taken by all map tasks=1667495
		Total vcore-milliseconds taken by all reduce tasks=739346
		Total megabyte-milliseconds taken by all map tasks=1707514880
		Total megabyte-milliseconds taken by all reduce tasks=757090304
	Map-Reduce Framework
		Map input records=1021873
		Map output records=1021873
		Map output bytes=10745663568
		Map output materialized bytes=10751410102
		Input split bytes=9040
		Combine input records=0
		Combine output records=0
		Reduce input groups=1021873
		Reduce shuffle bytes=10751410102
		Reduce input records=1021873
		Reduce output records=1021873
		Spilled Records=4061027
		Shuffled Maps =240
		Failed Shuffles=0
		Merged Map outputs=240
		GC time elapsed (ms)=12307
		CPU time spent (ms)=218870
		Physical memory (bytes) snapshot=21915455488
		Virtual memory (bytes) snapshot=175086317568
		Total committed heap usage (bytes)=16502489088
	Shuffle Errors
		BAD_ID=0
		CONNECTION=0
		IO_ERROR=0
		WRONG_LENGTH=0
		WRONG_MAP=0
		WRONG_REDUCE=0
	File Input Format Counters 
		Bytes Read=10774095956
	File Output Format Counters 
		Bytes Written=10772839100
