20/06/13 02:07:50 INFO client.RMProxy: Connecting to ResourceManager at master/10.51.17.95:8032
20/06/13 02:07:51 INFO client.RMProxy: Connecting to ResourceManager at master/10.51.17.95:8032
20/06/13 02:07:51 INFO input.FileInputFormat: Total input paths to process : 10
20/06/13 02:07:52 INFO mapreduce.JobSubmitter: number of splits:80
20/06/13 02:07:52 INFO mapreduce.JobSubmitter: Submitting tokens for job: job_1591981195798_0004
20/06/13 02:07:52 INFO impl.YarnClientImpl: Submitted application application_1591981195798_0004
20/06/13 02:07:53 INFO mapreduce.Job: The url to track the job: http://master:8088/proxy/application_1591981195798_0004/
20/06/13 02:07:53 INFO mapreduce.Job: Running job: job_1591981195798_0004
20/06/13 02:08:01 INFO mapreduce.Job: Job job_1591981195798_0004 running in uber mode : false
20/06/13 02:08:01 INFO mapreduce.Job:  map 0% reduce 0%
20/06/13 02:08:15 INFO mapreduce.Job:  map 1% reduce 0%
20/06/13 02:08:16 INFO mapreduce.Job:  map 6% reduce 0%
20/06/13 02:08:18 INFO mapreduce.Job:  map 13% reduce 0%
20/06/13 02:08:19 INFO mapreduce.Job:  map 14% reduce 0%
20/06/13 02:08:22 INFO mapreduce.Job:  map 15% reduce 0%
20/06/13 02:08:25 INFO mapreduce.Job:  map 16% reduce 0%
20/06/13 02:08:29 INFO mapreduce.Job:  map 17% reduce 0%
20/06/13 02:08:31 INFO mapreduce.Job:  map 18% reduce 0%
20/06/13 02:08:35 INFO mapreduce.Job:  map 19% reduce 0%
20/06/13 02:08:39 INFO mapreduce.Job:  map 20% reduce 0%
20/06/13 02:08:44 INFO mapreduce.Job:  map 21% reduce 0%
20/06/13 02:08:46 INFO mapreduce.Job:  map 22% reduce 0%
20/06/13 02:08:47 INFO mapreduce.Job:  map 23% reduce 0%
20/06/13 02:08:48 INFO mapreduce.Job:  map 23% reduce 1%
20/06/13 02:08:49 INFO mapreduce.Job:  map 24% reduce 1%
20/06/13 02:08:50 INFO mapreduce.Job:  map 25% reduce 1%
20/06/13 02:08:51 INFO mapreduce.Job:  map 25% reduce 2%
20/06/13 02:08:54 INFO mapreduce.Job:  map 26% reduce 3%
20/06/13 02:08:56 INFO mapreduce.Job:  map 27% reduce 3%
20/06/13 02:09:01 INFO mapreduce.Job:  map 28% reduce 3%
20/06/13 02:09:03 INFO mapreduce.Job:  map 29% reduce 3%
20/06/13 02:09:08 INFO mapreduce.Job:  map 30% reduce 3%
20/06/13 02:09:11 INFO mapreduce.Job:  map 31% reduce 3%
20/06/13 02:09:12 INFO mapreduce.Job:  map 32% reduce 3%
20/06/13 02:09:16 INFO mapreduce.Job:  map 32% reduce 4%
20/06/13 02:09:17 INFO mapreduce.Job:  map 33% reduce 4%
20/06/13 02:09:23 INFO mapreduce.Job:  map 34% reduce 4%
20/06/13 02:09:28 INFO mapreduce.Job:  map 35% reduce 5%
20/06/13 02:09:30 INFO mapreduce.Job:  map 36% reduce 5%
20/06/13 02:09:33 INFO mapreduce.Job:  map 37% reduce 5%
20/06/13 02:09:34 INFO mapreduce.Job:  map 37% reduce 6%
20/06/13 02:09:35 INFO mapreduce.Job:  map 38% reduce 6%
20/06/13 02:09:37 INFO mapreduce.Job:  map 38% reduce 7%
20/06/13 02:09:42 INFO mapreduce.Job:  map 38% reduce 8%
20/06/13 02:09:45 INFO mapreduce.Job:  map 38% reduce 9%
20/06/13 02:09:47 INFO mapreduce.Job:  map 39% reduce 9%
20/06/13 02:09:57 INFO mapreduce.Job:  map 40% reduce 9%
20/06/13 02:09:58 INFO mapreduce.Job:  map 40% reduce 10%
20/06/13 02:10:00 INFO mapreduce.Job:  map 41% reduce 10%
20/06/13 02:10:06 INFO mapreduce.Job:  map 42% reduce 10%
20/06/13 02:10:13 INFO mapreduce.Job:  map 43% reduce 10%
20/06/13 02:10:15 INFO mapreduce.Job:  map 44% reduce 10%
20/06/13 02:10:16 INFO mapreduce.Job:  map 45% reduce 10%
20/06/13 02:10:17 INFO mapreduce.Job:  map 46% reduce 10%
20/06/13 02:10:18 INFO mapreduce.Job:  map 47% reduce 11%
20/06/13 02:10:20 INFO mapreduce.Job:  map 48% reduce 11%
20/06/13 02:10:21 INFO mapreduce.Job:  map 49% reduce 11%
20/06/13 02:10:25 INFO mapreduce.Job:  map 50% reduce 12%
20/06/13 02:10:33 INFO mapreduce.Job:  map 51% reduce 12%
20/06/13 02:10:34 INFO mapreduce.Job:  map 52% reduce 12%
20/06/13 02:10:37 INFO mapreduce.Job:  map 53% reduce 12%
20/06/13 02:10:40 INFO mapreduce.Job:  map 54% reduce 12%
20/06/13 02:10:41 INFO mapreduce.Job:  map 55% reduce 12%
20/06/13 02:10:42 INFO mapreduce.Job:  map 55% reduce 13%
20/06/13 02:10:45 INFO mapreduce.Job:  map 57% reduce 13%
20/06/13 02:10:46 INFO mapreduce.Job:  map 58% reduce 13%
20/06/13 02:10:48 INFO mapreduce.Job:  map 59% reduce 13%
20/06/13 02:10:49 INFO mapreduce.Job:  map 59% reduce 14%
20/06/13 02:10:52 INFO mapreduce.Job:  map 59% reduce 15%
20/06/13 02:10:54 INFO mapreduce.Job:  map 60% reduce 15%
20/06/13 02:11:10 INFO mapreduce.Job:  map 61% reduce 15%
20/06/13 02:11:13 INFO mapreduce.Job:  map 62% reduce 15%
20/06/13 02:11:14 INFO mapreduce.Job:  map 63% reduce 15%
20/06/13 02:11:18 INFO mapreduce.Job:  map 64% reduce 15%
20/06/13 02:11:21 INFO mapreduce.Job:  map 64% reduce 16%
20/06/13 02:11:22 INFO mapreduce.Job:  map 65% reduce 16%
20/06/13 02:11:30 INFO mapreduce.Job:  map 66% reduce 16%
20/06/13 02:11:31 INFO mapreduce.Job:  map 66% reduce 17%
20/06/13 02:11:37 INFO mapreduce.Job:  map 67% reduce 17%
20/06/13 02:11:46 INFO mapreduce.Job:  map 68% reduce 17%
20/06/13 02:11:51 INFO mapreduce.Job:  map 69% reduce 17%
20/06/13 02:11:53 INFO mapreduce.Job:  map 69% reduce 18%
20/06/13 02:11:56 INFO mapreduce.Job:  map 70% reduce 18%
20/06/13 02:11:58 INFO mapreduce.Job:  map 71% reduce 18%
20/06/13 02:12:01 INFO mapreduce.Job:  map 72% reduce 18%
20/06/13 02:12:02 INFO mapreduce.Job:  map 72% reduce 19%
20/06/13 02:12:05 INFO mapreduce.Job:  map 72% reduce 20%
20/06/13 02:12:09 INFO mapreduce.Job:  map 73% reduce 20%
20/06/13 02:12:20 INFO mapreduce.Job:  map 74% reduce 20%
20/06/13 02:12:26 INFO mapreduce.Job:  map 75% reduce 20%
20/06/13 02:12:27 INFO mapreduce.Job:  map 76% reduce 20%
20/06/13 02:12:28 INFO mapreduce.Job:  map 76% reduce 21%
20/06/13 02:12:29 INFO mapreduce.Job:  map 77% reduce 21%
20/06/13 02:12:32 INFO mapreduce.Job:  map 78% reduce 22%
20/06/13 02:12:34 INFO mapreduce.Job:  map 79% reduce 22%
20/06/13 02:12:35 INFO mapreduce.Job:  map 79% reduce 23%
20/06/13 02:12:48 INFO mapreduce.Job:  map 80% reduce 23%
20/06/13 02:12:50 INFO mapreduce.Job:  map 81% reduce 23%
20/06/13 02:12:51 INFO mapreduce.Job:  map 82% reduce 23%
20/06/13 02:12:54 INFO mapreduce.Job:  map 83% reduce 23%
20/06/13 02:12:56 INFO mapreduce.Job:  map 83% reduce 24%
20/06/13 02:12:59 INFO mapreduce.Job:  map 84% reduce 24%
20/06/13 02:13:02 INFO mapreduce.Job:  map 84% reduce 25%
20/06/13 02:13:04 INFO mapreduce.Job:  map 85% reduce 25%
20/06/13 02:13:08 INFO mapreduce.Job:  map 85% reduce 26%
20/06/13 02:13:09 INFO mapreduce.Job:  map 86% reduce 26%
20/06/13 02:13:18 INFO mapreduce.Job:  map 87% reduce 26%
20/06/13 02:13:19 INFO mapreduce.Job:  map 88% reduce 26%
20/06/13 02:13:21 INFO mapreduce.Job:  map 89% reduce 27%
20/06/13 02:13:23 INFO mapreduce.Job:  map 90% reduce 27%
20/06/13 02:13:24 INFO mapreduce.Job:  map 90% reduce 28%
20/06/13 02:13:30 INFO mapreduce.Job:  map 91% reduce 28%
20/06/13 02:13:35 INFO mapreduce.Job:  map 92% reduce 28%
20/06/13 02:13:36 INFO mapreduce.Job:  map 92% reduce 29%
20/06/13 02:13:39 INFO mapreduce.Job:  map 93% reduce 30%
20/06/13 02:13:53 INFO mapreduce.Job:  map 93% reduce 31%
20/06/13 02:13:55 INFO mapreduce.Job:  map 94% reduce 31%
20/06/13 02:14:10 INFO mapreduce.Job:  map 95% reduce 31%
20/06/13 02:14:11 INFO mapreduce.Job:  map 95% reduce 32%
20/06/13 02:14:12 INFO mapreduce.Job:  map 96% reduce 32%
20/06/13 02:14:13 INFO mapreduce.Job:  map 100% reduce 32%
20/06/13 02:14:16 INFO mapreduce.Job:  map 100% reduce 34%
20/06/13 02:14:17 INFO mapreduce.Job:  map 100% reduce 45%
20/06/13 02:14:19 INFO mapreduce.Job:  map 100% reduce 48%
20/06/13 02:14:20 INFO mapreduce.Job:  map 100% reduce 54%
20/06/13 02:14:22 INFO mapreduce.Job:  map 100% reduce 56%
20/06/13 02:14:23 INFO mapreduce.Job:  map 100% reduce 57%
20/06/13 02:14:25 INFO mapreduce.Job:  map 100% reduce 59%
20/06/13 02:14:26 INFO mapreduce.Job:  map 100% reduce 63%
20/06/13 02:14:31 INFO mapreduce.Job:  map 100% reduce 65%
20/06/13 02:14:32 INFO mapreduce.Job:  map 100% reduce 67%
20/06/13 02:14:35 INFO mapreduce.Job:  map 100% reduce 68%
20/06/13 02:14:38 INFO mapreduce.Job:  map 100% reduce 69%
20/06/13 02:14:41 INFO mapreduce.Job:  map 100% reduce 70%
20/06/13 02:14:44 INFO mapreduce.Job:  map 100% reduce 72%
20/06/13 02:14:47 INFO mapreduce.Job:  map 100% reduce 73%
20/06/13 02:14:50 INFO mapreduce.Job:  map 100% reduce 74%
20/06/13 02:14:55 INFO mapreduce.Job:  map 100% reduce 75%
20/06/13 02:14:56 INFO mapreduce.Job:  map 100% reduce 76%
20/06/13 02:15:00 INFO mapreduce.Job:  map 100% reduce 77%
20/06/13 02:15:03 INFO mapreduce.Job:  map 100% reduce 78%
20/06/13 02:15:09 INFO mapreduce.Job:  map 100% reduce 79%
20/06/13 02:15:12 INFO mapreduce.Job:  map 100% reduce 81%
20/06/13 02:15:15 INFO mapreduce.Job:  map 100% reduce 82%
20/06/13 02:15:18 INFO mapreduce.Job:  map 100% reduce 83%
20/06/13 02:15:23 INFO mapreduce.Job:  map 100% reduce 84%
20/06/13 02:15:26 INFO mapreduce.Job:  map 100% reduce 85%
20/06/13 02:15:27 INFO mapreduce.Job:  map 100% reduce 86%
20/06/13 02:15:30 INFO mapreduce.Job:  map 100% reduce 87%
20/06/13 02:15:33 INFO mapreduce.Job:  map 100% reduce 88%
20/06/13 02:15:36 INFO mapreduce.Job:  map 100% reduce 89%
20/06/13 02:15:39 INFO mapreduce.Job:  map 100% reduce 90%
20/06/13 02:15:41 INFO mapreduce.Job:  map 100% reduce 91%
20/06/13 02:15:44 INFO mapreduce.Job:  map 100% reduce 92%
20/06/13 02:15:48 INFO mapreduce.Job:  map 100% reduce 93%
20/06/13 02:15:50 INFO mapreduce.Job:  map 100% reduce 94%
20/06/13 02:15:54 INFO mapreduce.Job:  map 100% reduce 95%
20/06/13 02:15:59 INFO mapreduce.Job:  map 100% reduce 96%
20/06/13 02:16:00 INFO mapreduce.Job:  map 100% reduce 97%
20/06/13 02:16:03 INFO mapreduce.Job:  map 100% reduce 98%
20/06/13 02:16:14 INFO mapreduce.Job:  map 100% reduce 99%
20/06/13 02:16:15 INFO mapreduce.Job:  map 100% reduce 100%
20/06/13 02:16:16 INFO mapreduce.Job: Job job_1591981195798_0004 completed successfully
20/06/13 02:16:16 INFO mapreduce.Job: Counters: 51
	File System Counters
		FILE: Number of bytes read=31975009386
		FILE: Number of bytes written=42735555195
		FILE: Number of read operations=0
		FILE: Number of large read operations=0
		FILE: Number of write operations=0
		HDFS: Number of bytes read=10774107594
		HDFS: Number of bytes written=10772866508
		HDFS: Number of read operations=329
		HDFS: Number of large read operations=0
		HDFS: Number of write operations=6
	Job Counters 
		Killed map tasks=3
		Launched map tasks=83
		Launched reduce tasks=3
		Data-local map tasks=66
		Rack-local map tasks=17
		Total time spent by all maps in occupied slots (ms)=3842286
		Total time spent by all reduces in occupied slots (ms)=1314187
		Total time spent by all map tasks (ms)=3842286
		Total time spent by all reduce tasks (ms)=1314187
		Total vcore-milliseconds taken by all map tasks=3842286
		Total vcore-milliseconds taken by all reduce tasks=1314187
		Total megabyte-milliseconds taken by all map tasks=3934500864
		Total megabyte-milliseconds taken by all reduce tasks=1345727488
	Map-Reduce Framework
		Map input records=1022808
		Map output records=1022808
		Map output bytes=10745665156
		Map output materialized bytes=10751414560
		Input split bytes=9040
		Combine input records=0
		Combine output records=0
		Reduce input groups=1022808
		Reduce shuffle bytes=10751414560
		Reduce input records=1022808
		Reduce output records=1022808
		Spilled Records=4064852
		Shuffled Maps =240
		Failed Shuffles=0
		Merged Map outputs=240
		GC time elapsed (ms)=13864
		CPU time spent (ms)=277850
		Physical memory (bytes) snapshot=21966938112
		Virtual memory (bytes) snapshot=175165882368
		Total committed heap usage (bytes)=16132866048
	Shuffle Errors
		BAD_ID=0
		CONNECTION=0
		IO_ERROR=0
		WRONG_LENGTH=0
		WRONG_MAP=0
		WRONG_REDUCE=0
	File Input Format Counters 
		Bytes Read=10774098554
	File Output Format Counters 
		Bytes Written=10772866508
