20/06/13 02:01:16 INFO client.RMProxy: Connecting to ResourceManager at master/10.51.17.95:8032
20/06/13 02:01:17 INFO client.RMProxy: Connecting to ResourceManager at master/10.51.17.95:8032
20/06/13 02:01:17 INFO input.FileInputFormat: Total input paths to process : 10
20/06/13 02:01:18 INFO mapreduce.JobSubmitter: number of splits:80
20/06/13 02:01:18 INFO mapreduce.JobSubmitter: Submitting tokens for job: job_1591981195798_0002
20/06/13 02:01:18 INFO impl.YarnClientImpl: Submitted application application_1591981195798_0002
20/06/13 02:01:18 INFO mapreduce.Job: The url to track the job: http://master:8088/proxy/application_1591981195798_0002/
20/06/13 02:01:18 INFO mapreduce.Job: Running job: job_1591981195798_0002
20/06/13 02:01:26 INFO mapreduce.Job: Job job_1591981195798_0002 running in uber mode : false
20/06/13 02:01:26 INFO mapreduce.Job:  map 0% reduce 0%
20/06/13 02:01:42 INFO mapreduce.Job:  map 6% reduce 0%
20/06/13 02:01:43 INFO mapreduce.Job:  map 7% reduce 0%
20/06/13 02:01:44 INFO mapreduce.Job:  map 11% reduce 0%
20/06/13 02:01:45 INFO mapreduce.Job:  map 15% reduce 0%
20/06/13 02:01:47 INFO mapreduce.Job:  map 16% reduce 0%
20/06/13 02:01:50 INFO mapreduce.Job:  map 17% reduce 0%
20/06/13 02:01:57 INFO mapreduce.Job:  map 19% reduce 0%
20/06/13 02:01:58 INFO mapreduce.Job:  map 20% reduce 0%
20/06/13 02:01:59 INFO mapreduce.Job:  map 21% reduce 0%
20/06/13 02:02:00 INFO mapreduce.Job:  map 23% reduce 0%
20/06/13 02:02:02 INFO mapreduce.Job:  map 25% reduce 0%
20/06/13 02:02:03 INFO mapreduce.Job:  map 26% reduce 0%
20/06/13 02:02:05 INFO mapreduce.Job:  map 27% reduce 0%
20/06/13 02:02:06 INFO mapreduce.Job:  map 30% reduce 0%
20/06/13 02:02:08 INFO mapreduce.Job:  map 31% reduce 1%
20/06/13 02:02:09 INFO mapreduce.Job:  map 32% reduce 2%
20/06/13 02:02:12 INFO mapreduce.Job:  map 32% reduce 3%
20/06/13 02:02:15 INFO mapreduce.Job:  map 32% reduce 4%
20/06/13 02:02:17 INFO mapreduce.Job:  map 33% reduce 4%
20/06/13 02:02:18 INFO mapreduce.Job:  map 35% reduce 4%
20/06/13 02:02:20 INFO mapreduce.Job:  map 35% reduce 5%
20/06/13 02:02:22 INFO mapreduce.Job:  map 36% reduce 5%
20/06/13 02:02:24 INFO mapreduce.Job:  map 39% reduce 8%
20/06/13 02:02:26 INFO mapreduce.Job:  map 40% reduce 8%
20/06/13 02:02:27 INFO mapreduce.Job:  map 41% reduce 8%
20/06/13 02:02:28 INFO mapreduce.Job:  map 42% reduce 8%
20/06/13 02:02:30 INFO mapreduce.Job:  map 44% reduce 9%
20/06/13 02:02:31 INFO mapreduce.Job:  map 45% reduce 9%
20/06/13 02:02:33 INFO mapreduce.Job:  map 45% reduce 10%
20/06/13 02:02:34 INFO mapreduce.Job:  map 47% reduce 10%
20/06/13 02:02:37 INFO mapreduce.Job:  map 47% reduce 11%
20/06/13 02:02:40 INFO mapreduce.Job:  map 49% reduce 11%
20/06/13 02:02:41 INFO mapreduce.Job:  map 50% reduce 11%
20/06/13 02:02:43 INFO mapreduce.Job:  map 52% reduce 11%
20/06/13 02:02:46 INFO mapreduce.Job:  map 53% reduce 11%
20/06/13 02:02:47 INFO mapreduce.Job:  map 54% reduce 11%
20/06/13 02:02:49 INFO mapreduce.Job:  map 55% reduce 12%
20/06/13 02:02:50 INFO mapreduce.Job:  map 56% reduce 12%
20/06/13 02:02:52 INFO mapreduce.Job:  map 57% reduce 12%
20/06/13 02:02:53 INFO mapreduce.Job:  map 58% reduce 13%
20/06/13 02:02:54 INFO mapreduce.Job:  map 59% reduce 13%
20/06/13 02:02:57 INFO mapreduce.Job:  map 60% reduce 13%
20/06/13 02:02:58 INFO mapreduce.Job:  map 62% reduce 13%
20/06/13 02:02:59 INFO mapreduce.Job:  map 63% reduce 13%
20/06/13 02:03:01 INFO mapreduce.Job:  map 64% reduce 13%
20/06/13 02:03:02 INFO mapreduce.Job:  map 64% reduce 14%
20/06/13 02:03:03 INFO mapreduce.Job:  map 65% reduce 14%
20/06/13 02:03:07 INFO mapreduce.Job:  map 65% reduce 15%
20/06/13 02:03:09 INFO mapreduce.Job:  map 66% reduce 15%
20/06/13 02:03:12 INFO mapreduce.Job:  map 67% reduce 15%
20/06/13 02:03:14 INFO mapreduce.Job:  map 68% reduce 15%
20/06/13 02:03:15 INFO mapreduce.Job:  map 69% reduce 15%
20/06/13 02:03:17 INFO mapreduce.Job:  map 69% reduce 16%
20/06/13 02:03:20 INFO mapreduce.Job:  map 70% reduce 16%
20/06/13 02:03:23 INFO mapreduce.Job:  map 72% reduce 16%
20/06/13 02:03:25 INFO mapreduce.Job:  map 72% reduce 17%
20/06/13 02:03:27 INFO mapreduce.Job:  map 73% reduce 17%
20/06/13 02:03:29 INFO mapreduce.Job:  map 74% reduce 17%
20/06/13 02:03:30 INFO mapreduce.Job:  map 74% reduce 18%
20/06/13 02:03:35 INFO mapreduce.Job:  map 75% reduce 18%
20/06/13 02:03:38 INFO mapreduce.Job:  map 76% reduce 18%
20/06/13 02:03:40 INFO mapreduce.Job:  map 76% reduce 19%
20/06/13 02:03:41 INFO mapreduce.Job:  map 77% reduce 19%
20/06/13 02:03:43 INFO mapreduce.Job:  map 78% reduce 19%
20/06/13 02:03:44 INFO mapreduce.Job:  map 79% reduce 19%
20/06/13 02:03:45 INFO mapreduce.Job:  map 80% reduce 19%
20/06/13 02:03:46 INFO mapreduce.Job:  map 80% reduce 21%
20/06/13 02:03:55 INFO mapreduce.Job:  map 82% reduce 22%
20/06/13 02:03:57 INFO mapreduce.Job:  map 83% reduce 22%
20/06/13 02:03:58 INFO mapreduce.Job:  map 84% reduce 23%
20/06/13 02:04:00 INFO mapreduce.Job:  map 85% reduce 23%
20/06/13 02:04:03 INFO mapreduce.Job:  map 86% reduce 23%
20/06/13 02:04:06 INFO mapreduce.Job:  map 87% reduce 23%
20/06/13 02:04:07 INFO mapreduce.Job:  map 87% reduce 24%
20/06/13 02:04:08 INFO mapreduce.Job:  map 87% reduce 25%
20/06/13 02:04:12 INFO mapreduce.Job:  map 88% reduce 25%
20/06/13 02:04:14 INFO mapreduce.Job:  map 88% reduce 26%
20/06/13 02:04:19 INFO mapreduce.Job:  map 89% reduce 26%
20/06/13 02:04:20 INFO mapreduce.Job:  map 90% reduce 26%
20/06/13 02:04:22 INFO mapreduce.Job:  map 91% reduce 26%
20/06/13 02:04:23 INFO mapreduce.Job:  map 91% reduce 27%
20/06/13 02:04:25 INFO mapreduce.Job:  map 92% reduce 27%
20/06/13 02:04:26 INFO mapreduce.Job:  map 92% reduce 28%
20/06/13 02:04:27 INFO mapreduce.Job:  map 93% reduce 28%
20/06/13 02:04:29 INFO mapreduce.Job:  map 93% reduce 29%
20/06/13 02:04:33 INFO mapreduce.Job:  map 94% reduce 29%
20/06/13 02:04:35 INFO mapreduce.Job:  map 94% reduce 30%
20/06/13 02:04:41 INFO mapreduce.Job:  map 94% reduce 31%
20/06/13 02:04:48 INFO mapreduce.Job:  map 95% reduce 31%
20/06/13 02:04:50 INFO mapreduce.Job:  map 95% reduce 32%
20/06/13 02:04:54 INFO mapreduce.Job:  map 98% reduce 32%
20/06/13 02:04:55 INFO mapreduce.Job:  map 100% reduce 32%
20/06/13 02:04:56 INFO mapreduce.Job:  map 100% reduce 39%
20/06/13 02:04:58 INFO mapreduce.Job:  map 100% reduce 43%
20/06/13 02:04:59 INFO mapreduce.Job:  map 100% reduce 51%
20/06/13 02:05:01 INFO mapreduce.Job:  map 100% reduce 59%
20/06/13 02:05:02 INFO mapreduce.Job:  map 100% reduce 67%
20/06/13 02:05:05 INFO mapreduce.Job:  map 100% reduce 68%
20/06/13 02:05:08 INFO mapreduce.Job:  map 100% reduce 69%
20/06/13 02:05:10 INFO mapreduce.Job:  map 100% reduce 70%
20/06/13 02:05:11 INFO mapreduce.Job:  map 100% reduce 71%
20/06/13 02:05:14 INFO mapreduce.Job:  map 100% reduce 72%
20/06/13 02:05:17 INFO mapreduce.Job:  map 100% reduce 74%
20/06/13 02:05:22 INFO mapreduce.Job:  map 100% reduce 75%
20/06/13 02:05:23 INFO mapreduce.Job:  map 100% reduce 77%
20/06/13 02:05:26 INFO mapreduce.Job:  map 100% reduce 78%
20/06/13 02:05:29 INFO mapreduce.Job:  map 100% reduce 80%
20/06/13 02:05:32 INFO mapreduce.Job:  map 100% reduce 81%
20/06/13 02:05:35 INFO mapreduce.Job:  map 100% reduce 82%
20/06/13 02:05:38 INFO mapreduce.Job:  map 100% reduce 83%
20/06/13 02:05:40 INFO mapreduce.Job:  map 100% reduce 84%
20/06/13 02:05:41 INFO mapreduce.Job:  map 100% reduce 85%
20/06/13 02:05:43 INFO mapreduce.Job:  map 100% reduce 86%
20/06/13 02:05:44 INFO mapreduce.Job:  map 100% reduce 87%
20/06/13 02:05:49 INFO mapreduce.Job:  map 100% reduce 88%
20/06/13 02:05:52 INFO mapreduce.Job:  map 100% reduce 89%
20/06/13 02:05:53 INFO mapreduce.Job:  map 100% reduce 90%
20/06/13 02:05:55 INFO mapreduce.Job:  map 100% reduce 91%
20/06/13 02:05:56 INFO mapreduce.Job:  map 100% reduce 92%
20/06/13 02:05:59 INFO mapreduce.Job:  map 100% reduce 93%
20/06/13 02:06:02 INFO mapreduce.Job:  map 100% reduce 94%
20/06/13 02:06:05 INFO mapreduce.Job:  map 100% reduce 95%
20/06/13 02:06:07 INFO mapreduce.Job:  map 100% reduce 96%
20/06/13 02:06:10 INFO mapreduce.Job:  map 100% reduce 97%
20/06/13 02:06:11 INFO mapreduce.Job:  map 100% reduce 98%
20/06/13 02:06:14 INFO mapreduce.Job:  map 100% reduce 99%
20/06/13 02:06:16 INFO mapreduce.Job:  map 100% reduce 100%
20/06/13 02:06:17 INFO mapreduce.Job: Job job_1591981195798_0002 completed successfully
20/06/13 02:06:17 INFO mapreduce.Job: Counters: 51
	File System Counters
		FILE: Number of bytes read=31975549348
		FILE: Number of bytes written=42736143524
		FILE: Number of read operations=0
		FILE: Number of large read operations=0
		FILE: Number of write operations=0
		HDFS: Number of bytes read=10774074866
		HDFS: Number of bytes written=10772873495
		HDFS: Number of read operations=329
		HDFS: Number of large read operations=0
		HDFS: Number of write operations=6
	Job Counters 
		Killed map tasks=3
		Launched map tasks=82
		Launched reduce tasks=3
		Data-local map tasks=71
		Rack-local map tasks=11
		Total time spent by all maps in occupied slots (ms)=2054811
		Total time spent by all reduces in occupied slots (ms)=756232
		Total time spent by all map tasks (ms)=2054811
		Total time spent by all reduce tasks (ms)=756232
		Total vcore-milliseconds taken by all map tasks=2054811
		Total vcore-milliseconds taken by all reduce tasks=756232
		Total megabyte-milliseconds taken by all map tasks=2104126464
		Total megabyte-milliseconds taken by all reduce tasks=774381568
	Map-Reduce Framework
		Map input records=1022924
		Map output records=1022924
		Map output bytes=10745662635
		Map output materialized bytes=10751414865
		Input split bytes=9040
		Combine input records=0
		Combine output records=0
		Reduce input groups=1022924
		Reduce shuffle bytes=10751414865
		Reduce input records=1022924
		Reduce output records=1022924
		Spilled Records=4065262
		Shuffled Maps =240
		Failed Shuffles=0
		Merged Map outputs=240
		GC time elapsed (ms)=17538
		CPU time spent (ms)=259440
		Physical memory (bytes) snapshot=21938876416
		Virtual memory (bytes) snapshot=175110451200
		Total committed heap usage (bytes)=16476274688
	Shuffle Errors
		BAD_ID=0
		CONNECTION=0
		IO_ERROR=0
		WRONG_LENGTH=0
		WRONG_MAP=0
		WRONG_REDUCE=0
	File Input Format Counters 
		Bytes Read=10774065826
	File Output Format Counters 
		Bytes Written=10772873495
