20/06/08 14:19:07 INFO client.RMProxy: Connecting to ResourceManager at master/10.51.17.95:8032
20/06/08 14:19:08 INFO input.FileInputFormat: Total input paths to process : 10
20/06/08 14:19:09 INFO mapreduce.JobSubmitter: number of splits:90
20/06/08 14:19:09 INFO mapreduce.JobSubmitter: Submitting tokens for job: job_1591593096003_0005
20/06/08 14:19:09 INFO impl.YarnClientImpl: Submitted application application_1591593096003_0005
20/06/08 14:19:09 INFO mapreduce.Job: The url to track the job: http://master:8088/proxy/application_1591593096003_0005/
20/06/08 14:19:09 INFO mapreduce.Job: Running job: job_1591593096003_0005
20/06/08 14:19:16 INFO mapreduce.Job: Job job_1591593096003_0005 running in uber mode : false
20/06/08 14:19:16 INFO mapreduce.Job:  map 0% reduce 0%
20/06/08 14:19:30 INFO mapreduce.Job:  map 1% reduce 0%
20/06/08 14:19:32 INFO mapreduce.Job:  map 2% reduce 0%
20/06/08 14:19:34 INFO mapreduce.Job:  map 3% reduce 0%
20/06/08 14:19:42 INFO mapreduce.Job:  map 4% reduce 0%
20/06/08 14:19:47 INFO mapreduce.Job:  map 5% reduce 0%
20/06/08 14:19:51 INFO mapreduce.Job:  map 6% reduce 0%
20/06/08 14:19:59 INFO mapreduce.Job:  map 7% reduce 0%
20/06/08 14:20:01 INFO mapreduce.Job:  map 8% reduce 0%
20/06/08 14:20:07 INFO mapreduce.Job:  map 9% reduce 0%
20/06/08 14:20:11 INFO mapreduce.Job:  map 10% reduce 0%
20/06/08 14:20:13 INFO mapreduce.Job:  map 11% reduce 0%
20/06/08 14:20:15 INFO mapreduce.Job:  map 12% reduce 0%
20/06/08 14:20:22 INFO mapreduce.Job:  map 13% reduce 0%
20/06/08 14:20:26 INFO mapreduce.Job:  map 14% reduce 0%
20/06/08 14:20:28 INFO mapreduce.Job:  map 15% reduce 0%
20/06/08 14:20:29 INFO mapreduce.Job:  map 16% reduce 0%
20/06/08 14:20:30 INFO mapreduce.Job:  map 17% reduce 0%
20/06/08 14:20:39 INFO mapreduce.Job:  map 18% reduce 0%
20/06/08 14:20:43 INFO mapreduce.Job:  map 19% reduce 0%
20/06/08 14:20:45 INFO mapreduce.Job:  map 19% reduce 5%
20/06/08 14:20:46 INFO mapreduce.Job:  map 20% reduce 5%
20/06/08 14:20:53 INFO mapreduce.Job:  map 21% reduce 5%
20/06/08 14:20:57 INFO mapreduce.Job:  map 22% reduce 5%
20/06/08 14:21:02 INFO mapreduce.Job:  map 23% reduce 5%
20/06/08 14:21:03 INFO mapreduce.Job:  map 23% reduce 6%
20/06/08 14:21:06 INFO mapreduce.Job:  map 24% reduce 6%
20/06/08 14:21:08 INFO mapreduce.Job:  map 26% reduce 6%
20/06/08 14:21:09 INFO mapreduce.Job:  map 26% reduce 7%
20/06/08 14:21:17 INFO mapreduce.Job:  map 27% reduce 7%
20/06/08 14:21:21 INFO mapreduce.Job:  map 28% reduce 7%
20/06/08 14:21:26 INFO mapreduce.Job:  map 29% reduce 7%
20/06/08 14:21:30 INFO mapreduce.Job:  map 30% reduce 7%
20/06/08 14:21:31 INFO mapreduce.Job:  map 30% reduce 8%
20/06/08 14:21:34 INFO mapreduce.Job:  map 31% reduce 8%
20/06/08 14:21:36 INFO mapreduce.Job:  map 32% reduce 9%
20/06/08 14:21:37 INFO mapreduce.Job:  map 33% reduce 9%
20/06/08 14:21:39 INFO mapreduce.Job:  map 33% reduce 10%
20/06/08 14:21:42 INFO mapreduce.Job:  map 34% reduce 10%
20/06/08 14:21:50 INFO mapreduce.Job:  map 35% reduce 10%
20/06/08 14:21:52 INFO mapreduce.Job:  map 36% reduce 10%
20/06/08 14:21:59 INFO mapreduce.Job:  map 37% reduce 10%
20/06/08 14:22:01 INFO mapreduce.Job:  map 38% reduce 11%
20/06/08 14:22:03 INFO mapreduce.Job:  map 39% reduce 11%
20/06/08 14:22:05 INFO mapreduce.Job:  map 40% reduce 11%
20/06/08 14:22:07 INFO mapreduce.Job:  map 40% reduce 12%
20/06/08 14:22:12 INFO mapreduce.Job:  map 41% reduce 12%
20/06/08 14:22:15 INFO mapreduce.Job:  map 42% reduce 12%
20/06/08 14:22:23 INFO mapreduce.Job:  map 43% reduce 12%
20/06/08 14:22:24 INFO mapreduce.Job:  map 44% reduce 12%
20/06/08 14:22:33 INFO mapreduce.Job:  map 45% reduce 12%
20/06/08 14:22:35 INFO mapreduce.Job:  map 45% reduce 13%
20/06/08 14:22:36 INFO mapreduce.Job:  map 46% reduce 13%
20/06/08 14:22:38 INFO mapreduce.Job:  map 47% reduce 13%
20/06/08 14:22:39 INFO mapreduce.Job:  map 48% reduce 13%
20/06/08 14:22:41 INFO mapreduce.Job:  map 48% reduce 15%
20/06/08 14:22:45 INFO mapreduce.Job:  map 49% reduce 15%
20/06/08 14:22:50 INFO mapreduce.Job:  map 50% reduce 15%
20/06/08 14:22:53 INFO mapreduce.Job:  map 51% reduce 16%
20/06/08 14:22:55 INFO mapreduce.Job:  map 52% reduce 16%
20/06/08 14:22:57 INFO mapreduce.Job:  map 53% reduce 16%
20/06/08 14:22:59 INFO mapreduce.Job:  map 53% reduce 17%
20/06/08 14:23:04 INFO mapreduce.Job:  map 54% reduce 17%
20/06/08 14:23:07 INFO mapreduce.Job:  map 55% reduce 17%
20/06/08 14:23:15 INFO mapreduce.Job:  map 56% reduce 17%
20/06/08 14:23:18 INFO mapreduce.Job:  map 57% reduce 17%
20/06/08 14:23:24 INFO mapreduce.Job:  map 58% reduce 17%
20/06/08 14:23:28 INFO mapreduce.Job:  map 59% reduce 17%
20/06/08 14:23:32 INFO mapreduce.Job:  map 60% reduce 17%
20/06/08 14:23:37 INFO mapreduce.Job:  map 61% reduce 17%
20/06/08 14:23:38 INFO mapreduce.Job:  map 62% reduce 18%
20/06/08 14:23:41 INFO mapreduce.Job:  map 62% reduce 19%
20/06/08 14:23:42 INFO mapreduce.Job:  map 63% reduce 19%
20/06/08 14:23:44 INFO mapreduce.Job:  map 64% reduce 20%
20/06/08 14:23:46 INFO mapreduce.Job:  map 65% reduce 20%
20/06/08 14:23:47 INFO mapreduce.Job:  map 65% reduce 21%
20/06/08 14:23:49 INFO mapreduce.Job:  map 66% reduce 21%
20/06/08 14:23:57 INFO mapreduce.Job:  map 67% reduce 21%
20/06/08 14:23:58 INFO mapreduce.Job:  map 68% reduce 21%
20/06/08 14:24:00 INFO mapreduce.Job:  map 68% reduce 22%
20/06/08 14:24:03 INFO mapreduce.Job:  map 69% reduce 22%
20/06/08 14:24:10 INFO mapreduce.Job:  map 70% reduce 22%
20/06/08 14:24:13 INFO mapreduce.Job:  map 71% reduce 22%
20/06/08 14:24:19 INFO mapreduce.Job:  map 72% reduce 22%
20/06/08 14:24:23 INFO mapreduce.Job:  map 73% reduce 22%
20/06/08 14:24:29 INFO mapreduce.Job:  map 74% reduce 22%
20/06/08 14:24:33 INFO mapreduce.Job:  map 75% reduce 22%
20/06/08 14:24:35 INFO mapreduce.Job:  map 76% reduce 22%
20/06/08 14:24:40 INFO mapreduce.Job:  map 76% reduce 23%
20/06/08 14:24:41 INFO mapreduce.Job:  map 77% reduce 23%
20/06/08 14:24:42 INFO mapreduce.Job:  map 78% reduce 23%
20/06/08 14:24:43 INFO mapreduce.Job:  map 78% reduce 24%
20/06/08 14:24:44 INFO mapreduce.Job:  map 79% reduce 24%
20/06/08 14:24:46 INFO mapreduce.Job:  map 79% reduce 25%
20/06/08 14:24:48 INFO mapreduce.Job:  map 80% reduce 25%
20/06/08 14:24:49 INFO mapreduce.Job:  map 81% reduce 26%
20/06/08 14:24:52 INFO mapreduce.Job:  map 81% reduce 27%
20/06/08 14:24:54 INFO mapreduce.Job:  map 82% reduce 27%
20/06/08 14:24:58 INFO mapreduce.Job:  map 83% reduce 27%
20/06/08 14:25:00 INFO mapreduce.Job:  map 84% reduce 27%
20/06/08 14:25:01 INFO mapreduce.Job:  map 85% reduce 27%
20/06/08 14:25:02 INFO mapreduce.Job:  map 86% reduce 27%
20/06/08 14:25:04 INFO mapreduce.Job:  map 87% reduce 27%
20/06/08 14:25:07 INFO mapreduce.Job:  map 88% reduce 27%
20/06/08 14:25:09 INFO mapreduce.Job:  map 88% reduce 28%
20/06/08 14:25:12 INFO mapreduce.Job:  map 89% reduce 28%
20/06/08 14:25:13 INFO mapreduce.Job:  map 90% reduce 28%
20/06/08 14:25:16 INFO mapreduce.Job:  map 90% reduce 29%
20/06/08 14:25:17 INFO mapreduce.Job:  map 91% reduce 29%
20/06/08 14:25:20 INFO mapreduce.Job:  map 93% reduce 29%
20/06/08 14:25:21 INFO mapreduce.Job:  map 94% reduce 29%
20/06/08 14:25:26 INFO mapreduce.Job:  map 96% reduce 29%
20/06/08 14:25:28 INFO mapreduce.Job:  map 96% reduce 30%
20/06/08 14:25:29 INFO mapreduce.Job:  map 97% reduce 30%
20/06/08 14:25:30 INFO mapreduce.Job:  map 98% reduce 30%
20/06/08 14:25:31 INFO mapreduce.Job:  map 98% reduce 31%
20/06/08 14:25:34 INFO mapreduce.Job:  map 98% reduce 32%
20/06/08 14:25:36 INFO mapreduce.Job:  map 99% reduce 32%
20/06/08 14:25:37 INFO mapreduce.Job:  map 100% reduce 32%
20/06/08 14:25:40 INFO mapreduce.Job:  map 100% reduce 69%
20/06/08 14:25:43 INFO mapreduce.Job:  map 100% reduce 75%
20/06/08 14:25:46 INFO mapreduce.Job:  map 100% reduce 80%
20/06/08 14:25:49 INFO mapreduce.Job:  map 100% reduce 86%
20/06/08 14:25:52 INFO mapreduce.Job:  map 100% reduce 97%
20/06/08 14:25:53 INFO mapreduce.Job:  map 100% reduce 100%
20/06/08 14:25:54 INFO mapreduce.Job: Job job_1591593096003_0005 completed successfully
20/06/08 14:25:54 INFO mapreduce.Job: Counters: 51
	File System Counters
		FILE: Number of bytes read=1526581778
		FILE: Number of bytes written=2277249185
		FILE: Number of read operations=0
		FILE: Number of large read operations=0
		FILE: Number of write operations=0
		HDFS: Number of bytes read=11026288634
		HDFS: Number of bytes written=366289216
		HDFS: Number of read operations=273
		HDFS: Number of large read operations=0
		HDFS: Number of write operations=2
	Job Counters 
		Killed map tasks=1
		Launched map tasks=91
		Launched reduce tasks=1
		Data-local map tasks=89
		Rack-local map tasks=2
		Total time spent by all maps in occupied slots (ms)=4850246
		Total time spent by all reduces in occupied slots (ms)=322251
		Total time spent by all map tasks (ms)=4850246
		Total time spent by all reduce tasks (ms)=322251
		Total vcore-milliseconds taken by all map tasks=4850246
		Total vcore-milliseconds taken by all reduce tasks=322251
		Total megabyte-milliseconds taken by all map tasks=4966651904
		Total megabyte-milliseconds taken by all reduce tasks=329985024
	Map-Reduce Framework
		Map input records=266969
		Map output records=1008859693
		Map output bytes=15230551048
		Map output materialized bytes=739487763
		Input split bytes=10530
		Combine input records=1033631400
		Combine output records=47415633
		Reduce input groups=9908170
		Reduce shuffle bytes=739487763
		Reduce input records=22643926
		Reduce output records=9908170
		Spilled Records=70059559
		Shuffled Maps =90
		Failed Shuffles=0
		Merged Map outputs=90
		GC time elapsed (ms)=97142
		CPU time spent (ms)=1950200
		Physical memory (bytes) snapshot=25099997184
		Virtual memory (bytes) snapshot=191977918464
		Total committed heap usage (bytes)=18915262464
	Shuffle Errors
		BAD_ID=0
		CONNECTION=0
		IO_ERROR=0
		WRONG_LENGTH=0
		WRONG_MAP=0
		WRONG_REDUCE=0
	File Input Format Counters 
		Bytes Read=11026278104
	File Output Format Counters 
		Bytes Written=366289216
