20/06/08 15:03:12 INFO client.RMProxy: Connecting to ResourceManager at master/10.51.17.95:8032
20/06/08 15:03:12 INFO input.FileInputFormat: Total input paths to process : 10
20/06/08 15:03:13 INFO mapreduce.JobSubmitter: number of splits:90
20/06/08 15:03:13 INFO mapreduce.JobSubmitter: Submitting tokens for job: job_1591593096003_0019
20/06/08 15:03:13 INFO impl.YarnClientImpl: Submitted application application_1591593096003_0019
20/06/08 15:03:13 INFO mapreduce.Job: The url to track the job: http://master:8088/proxy/application_1591593096003_0019/
20/06/08 15:03:13 INFO mapreduce.Job: Running job: job_1591593096003_0019
20/06/08 15:03:20 INFO mapreduce.Job: Job job_1591593096003_0019 running in uber mode : false
20/06/08 15:03:20 INFO mapreduce.Job:  map 0% reduce 0%
20/06/08 15:03:34 INFO mapreduce.Job:  map 1% reduce 0%
20/06/08 15:03:35 INFO mapreduce.Job:  map 2% reduce 0%
20/06/08 15:03:37 INFO mapreduce.Job:  map 3% reduce 0%
20/06/08 15:03:45 INFO mapreduce.Job:  map 4% reduce 0%
20/06/08 15:03:51 INFO mapreduce.Job:  map 5% reduce 0%
20/06/08 15:03:54 INFO mapreduce.Job:  map 6% reduce 0%
20/06/08 15:04:02 INFO mapreduce.Job:  map 7% reduce 0%
20/06/08 15:04:05 INFO mapreduce.Job:  map 8% reduce 0%
20/06/08 15:04:10 INFO mapreduce.Job:  map 9% reduce 0%
20/06/08 15:04:14 INFO mapreduce.Job:  map 10% reduce 0%
20/06/08 15:04:16 INFO mapreduce.Job:  map 11% reduce 0%
20/06/08 15:04:18 INFO mapreduce.Job:  map 12% reduce 0%
20/06/08 15:04:25 INFO mapreduce.Job:  map 13% reduce 0%
20/06/08 15:04:27 INFO mapreduce.Job:  map 14% reduce 0%
20/06/08 15:04:30 INFO mapreduce.Job:  map 15% reduce 0%
20/06/08 15:04:34 INFO mapreduce.Job:  map 17% reduce 0%
20/06/08 15:04:40 INFO mapreduce.Job:  map 18% reduce 0%
20/06/08 15:04:44 INFO mapreduce.Job:  map 18% reduce 5%
20/06/08 15:04:46 INFO mapreduce.Job:  map 19% reduce 5%
20/06/08 15:04:49 INFO mapreduce.Job:  map 20% reduce 5%
20/06/08 15:04:53 INFO mapreduce.Job:  map 21% reduce 5%
20/06/08 15:05:01 INFO mapreduce.Job:  map 22% reduce 5%
20/06/08 15:05:04 INFO mapreduce.Job:  map 23% reduce 5%
20/06/08 15:05:05 INFO mapreduce.Job:  map 23% reduce 6%
20/06/08 15:05:07 INFO mapreduce.Job:  map 24% reduce 6%
20/06/08 15:05:08 INFO mapreduce.Job:  map 25% reduce 6%
20/06/08 15:05:12 INFO mapreduce.Job:  map 25% reduce 7%
20/06/08 15:05:14 INFO mapreduce.Job:  map 26% reduce 7%
20/06/08 15:05:18 INFO mapreduce.Job:  map 27% reduce 7%
20/06/08 15:05:22 INFO mapreduce.Job:  map 28% reduce 7%
20/06/08 15:05:29 INFO mapreduce.Job:  map 29% reduce 7%
20/06/08 15:05:30 INFO mapreduce.Job:  map 29% reduce 8%
20/06/08 15:05:32 INFO mapreduce.Job:  map 30% reduce 8%
20/06/08 15:05:37 INFO mapreduce.Job:  map 31% reduce 8%
20/06/08 15:05:38 INFO mapreduce.Job:  map 32% reduce 8%
20/06/08 15:05:39 INFO mapreduce.Job:  map 32% reduce 9%
20/06/08 15:05:40 INFO mapreduce.Job:  map 33% reduce 9%
20/06/08 15:05:42 INFO mapreduce.Job:  map 33% reduce 10%
20/06/08 15:05:46 INFO mapreduce.Job:  map 34% reduce 10%
20/06/08 15:05:52 INFO mapreduce.Job:  map 35% reduce 10%
20/06/08 15:05:55 INFO mapreduce.Job:  map 36% reduce 10%
20/06/08 15:05:59 INFO mapreduce.Job:  map 37% reduce 10%
20/06/08 15:06:01 INFO mapreduce.Job:  map 37% reduce 11%
20/06/08 15:06:02 INFO mapreduce.Job:  map 38% reduce 11%
20/06/08 15:06:06 INFO mapreduce.Job:  map 39% reduce 11%
20/06/08 15:06:07 INFO mapreduce.Job:  map 39% reduce 12%
20/06/08 15:06:10 INFO mapreduce.Job:  map 40% reduce 12%
20/06/08 15:06:15 INFO mapreduce.Job:  map 41% reduce 12%
20/06/08 15:06:19 INFO mapreduce.Job:  map 42% reduce 12%
20/06/08 15:06:25 INFO mapreduce.Job:  map 43% reduce 12%
20/06/08 15:06:29 INFO mapreduce.Job:  map 44% reduce 12%
20/06/08 15:06:34 INFO mapreduce.Job:  map 45% reduce 12%
20/06/08 15:06:35 INFO mapreduce.Job:  map 45% reduce 13%
20/06/08 15:06:37 INFO mapreduce.Job:  map 46% reduce 13%
20/06/08 15:06:40 INFO mapreduce.Job:  map 47% reduce 13%
20/06/08 15:06:43 INFO mapreduce.Job:  map 48% reduce 14%
20/06/08 15:06:45 INFO mapreduce.Job:  map 49% reduce 14%
20/06/08 15:06:46 INFO mapreduce.Job:  map 49% reduce 15%
20/06/08 15:06:52 INFO mapreduce.Job:  map 50% reduce 15%
20/06/08 15:06:54 INFO mapreduce.Job:  map 51% reduce 15%
20/06/08 15:06:55 INFO mapreduce.Job:  map 51% reduce 16%
20/06/08 15:06:57 INFO mapreduce.Job:  map 52% reduce 16%
20/06/08 15:06:58 INFO mapreduce.Job:  map 52% reduce 17%
20/06/08 15:07:00 INFO mapreduce.Job:  map 53% reduce 17%
20/06/08 15:07:05 INFO mapreduce.Job:  map 54% reduce 17%
20/06/08 15:07:10 INFO mapreduce.Job:  map 55% reduce 17%
20/06/08 15:07:15 INFO mapreduce.Job:  map 56% reduce 17%
20/06/08 15:07:21 INFO mapreduce.Job:  map 57% reduce 17%
20/06/08 15:07:24 INFO mapreduce.Job:  map 58% reduce 17%
20/06/08 15:07:30 INFO mapreduce.Job:  map 59% reduce 17%
20/06/08 15:07:35 INFO mapreduce.Job:  map 60% reduce 17%
20/06/08 15:07:36 INFO mapreduce.Job:  map 61% reduce 17%
20/06/08 15:07:38 INFO mapreduce.Job:  map 61% reduce 18%
20/06/08 15:07:42 INFO mapreduce.Job:  map 62% reduce 18%
20/06/08 15:07:43 INFO mapreduce.Job:  map 63% reduce 18%
20/06/08 15:07:44 INFO mapreduce.Job:  map 63% reduce 19%
20/06/08 15:07:45 INFO mapreduce.Job:  map 64% reduce 19%
20/06/08 15:07:47 INFO mapreduce.Job:  map 64% reduce 20%
20/06/08 15:07:49 INFO mapreduce.Job:  map 65% reduce 20%
20/06/08 15:07:51 INFO mapreduce.Job:  map 65% reduce 21%
20/06/08 15:07:52 INFO mapreduce.Job:  map 66% reduce 21%
20/06/08 15:07:57 INFO mapreduce.Job:  map 67% reduce 21%
20/06/08 15:08:00 INFO mapreduce.Job:  map 67% reduce 22%
20/06/08 15:08:01 INFO mapreduce.Job:  map 68% reduce 22%
20/06/08 15:08:05 INFO mapreduce.Job:  map 69% reduce 22%
20/06/08 15:08:10 INFO mapreduce.Job:  map 70% reduce 22%
20/06/08 15:08:15 INFO mapreduce.Job:  map 71% reduce 22%
20/06/08 15:08:21 INFO mapreduce.Job:  map 72% reduce 22%
20/06/08 15:08:24 INFO mapreduce.Job:  map 73% reduce 22%
20/06/08 15:08:31 INFO mapreduce.Job:  map 74% reduce 22%
20/06/08 15:08:35 INFO mapreduce.Job:  map 75% reduce 22%
20/06/08 15:08:38 INFO mapreduce.Job:  map 76% reduce 22%
20/06/08 15:08:39 INFO mapreduce.Job:  map 77% reduce 23%
20/06/08 15:08:42 INFO mapreduce.Job:  map 77% reduce 24%
20/06/08 15:08:44 INFO mapreduce.Job:  map 78% reduce 24%
20/06/08 15:08:45 INFO mapreduce.Job:  map 78% reduce 25%
20/06/08 15:08:46 INFO mapreduce.Job:  map 79% reduce 25%
20/06/08 15:08:50 INFO mapreduce.Job:  map 80% reduce 25%
20/06/08 15:08:51 INFO mapreduce.Job:  map 80% reduce 26%
20/06/08 15:08:52 INFO mapreduce.Job:  map 81% reduce 26%
20/06/08 15:08:54 INFO mapreduce.Job:  map 81% reduce 27%
20/06/08 15:08:56 INFO mapreduce.Job:  map 82% reduce 27%
20/06/08 15:08:59 INFO mapreduce.Job:  map 83% reduce 27%
20/06/08 15:09:00 INFO mapreduce.Job:  map 84% reduce 27%
20/06/08 15:09:03 INFO mapreduce.Job:  map 86% reduce 27%
20/06/08 15:09:07 INFO mapreduce.Job:  map 87% reduce 27%
20/06/08 15:09:09 INFO mapreduce.Job:  map 88% reduce 27%
20/06/08 15:09:12 INFO mapreduce.Job:  map 89% reduce 27%
20/06/08 15:09:13 INFO mapreduce.Job:  map 89% reduce 28%
20/06/08 15:09:16 INFO mapreduce.Job:  map 90% reduce 28%
20/06/08 15:09:18 INFO mapreduce.Job:  map 91% reduce 28%
20/06/08 15:09:19 INFO mapreduce.Job:  map 91% reduce 29%
20/06/08 15:09:21 INFO mapreduce.Job:  map 92% reduce 29%
20/06/08 15:09:22 INFO mapreduce.Job:  map 93% reduce 29%
20/06/08 15:09:23 INFO mapreduce.Job:  map 94% reduce 29%
20/06/08 15:09:27 INFO mapreduce.Job:  map 95% reduce 29%
20/06/08 15:09:29 INFO mapreduce.Job:  map 97% reduce 29%
20/06/08 15:09:31 INFO mapreduce.Job:  map 98% reduce 31%
20/06/08 15:09:36 INFO mapreduce.Job:  map 99% reduce 31%
20/06/08 15:09:37 INFO mapreduce.Job:  map 99% reduce 32%
20/06/08 15:09:39 INFO mapreduce.Job:  map 100% reduce 32%
20/06/08 15:09:40 INFO mapreduce.Job:  map 100% reduce 33%
20/06/08 15:09:43 INFO mapreduce.Job:  map 100% reduce 69%
20/06/08 15:09:46 INFO mapreduce.Job:  map 100% reduce 75%
20/06/08 15:09:49 INFO mapreduce.Job:  map 100% reduce 81%
20/06/08 15:09:52 INFO mapreduce.Job:  map 100% reduce 88%
20/06/08 15:09:55 INFO mapreduce.Job:  map 100% reduce 99%
20/06/08 15:09:56 INFO mapreduce.Job:  map 100% reduce 100%
20/06/08 15:09:56 INFO mapreduce.Job: Job job_1591593096003_0019 completed successfully
20/06/08 15:09:56 INFO mapreduce.Job: Counters: 51
	File System Counters
		FILE: Number of bytes read=1512551767
		FILE: Number of bytes written=2256202649
		FILE: Number of read operations=0
		FILE: Number of large read operations=0
		FILE: Number of write operations=0
		HDFS: Number of bytes read=11026040717
		HDFS: Number of bytes written=360225514
		HDFS: Number of read operations=273
		HDFS: Number of large read operations=0
		HDFS: Number of write operations=2
	Job Counters 
		Killed map tasks=1
		Launched map tasks=91
		Launched reduce tasks=1
		Data-local map tasks=89
		Rack-local map tasks=2
		Total time spent by all maps in occupied slots (ms)=4819689
		Total time spent by all reduces in occupied slots (ms)=323744
		Total time spent by all map tasks (ms)=4819689
		Total time spent by all reduce tasks (ms)=323744
		Total vcore-milliseconds taken by all map tasks=4819689
		Total vcore-milliseconds taken by all reduce tasks=323744
		Total megabyte-milliseconds taken by all map tasks=4935361536
		Total megabyte-milliseconds taken by all reduce tasks=331513856
	Map-Reduce Framework
		Map input records=265089
		Map output records=1008849603
		Map output bytes=15219524422
		Map output materialized bytes=732471238
		Input split bytes=10530
		Combine input records=1033618516
		Combine output records=47411518
		Reduce input groups=9904565
		Reduce shuffle bytes=732471238
		Reduce input records=22642605
		Reduce output records=9904565
		Spilled Records=70054123
		Shuffled Maps =90
		Failed Shuffles=0
		Merged Map outputs=90
		GC time elapsed (ms)=98636
		CPU time spent (ms)=1941500
		Physical memory (bytes) snapshot=25068634112
		Virtual memory (bytes) snapshot=191979192320
		Total committed heap usage (bytes)=18913165312
	Shuffle Errors
		BAD_ID=0
		CONNECTION=0
		IO_ERROR=0
		WRONG_LENGTH=0
		WRONG_MAP=0
		WRONG_REDUCE=0
	File Input Format Counters 
		Bytes Read=11026030187
	File Output Format Counters 
		Bytes Written=360225514
