20/06/09 10:13:28 INFO client.RMProxy: Connecting to ResourceManager at master/10.51.17.95:8032
20/06/09 10:13:29 INFO input.FileInputFormat: Total input paths to process : 10
20/06/09 10:13:29 INFO mapreduce.JobSubmitter: number of splits:90
20/06/09 10:13:30 INFO mapreduce.JobSubmitter: Submitting tokens for job: job_1591664609189_0005
20/06/09 10:13:30 INFO impl.YarnClientImpl: Submitted application application_1591664609189_0005
20/06/09 10:13:30 INFO mapreduce.Job: The url to track the job: http://master:8088/proxy/application_1591664609189_0005/
20/06/09 10:13:30 INFO mapreduce.Job: Running job: job_1591664609189_0005
20/06/09 10:13:37 INFO mapreduce.Job: Job job_1591664609189_0005 running in uber mode : false
20/06/09 10:13:37 INFO mapreduce.Job:  map 0% reduce 0%
20/06/09 10:13:50 INFO mapreduce.Job:  map 1% reduce 0%
20/06/09 10:13:52 INFO mapreduce.Job:  map 2% reduce 0%
20/06/09 10:13:56 INFO mapreduce.Job:  map 3% reduce 0%
20/06/09 10:14:05 INFO mapreduce.Job:  map 4% reduce 0%
20/06/09 10:14:09 INFO mapreduce.Job:  map 5% reduce 0%
20/06/09 10:14:15 INFO mapreduce.Job:  map 6% reduce 0%
20/06/09 10:14:19 INFO mapreduce.Job:  map 7% reduce 0%
20/06/09 10:14:24 INFO mapreduce.Job:  map 8% reduce 0%
20/06/09 10:14:30 INFO mapreduce.Job:  map 9% reduce 0%
20/06/09 10:14:33 INFO mapreduce.Job:  map 10% reduce 0%
20/06/09 10:14:35 INFO mapreduce.Job:  map 11% reduce 0%
20/06/09 10:14:36 INFO mapreduce.Job:  map 12% reduce 0%
20/06/09 10:14:45 INFO mapreduce.Job:  map 13% reduce 0%
20/06/09 10:14:48 INFO mapreduce.Job:  map 14% reduce 0%
20/06/09 10:14:50 INFO mapreduce.Job:  map 15% reduce 0%
20/06/09 10:14:56 INFO mapreduce.Job:  map 16% reduce 0%
20/06/09 10:14:57 INFO mapreduce.Job:  map 17% reduce 0%
20/06/09 10:15:00 INFO mapreduce.Job:  map 18% reduce 0%
20/06/09 10:15:03 INFO mapreduce.Job:  map 18% reduce 5%
20/06/09 10:15:08 INFO mapreduce.Job:  map 19% reduce 5%
20/06/09 10:15:12 INFO mapreduce.Job:  map 20% reduce 5%
20/06/09 10:15:17 INFO mapreduce.Job:  map 21% reduce 5%
20/06/09 10:15:24 INFO mapreduce.Job:  map 22% reduce 5%
20/06/09 10:15:26 INFO mapreduce.Job:  map 23% reduce 5%
20/06/09 10:15:28 INFO mapreduce.Job:  map 23% reduce 6%
20/06/09 10:15:30 INFO mapreduce.Job:  map 24% reduce 6%
20/06/09 10:15:33 INFO mapreduce.Job:  map 25% reduce 6%
20/06/09 10:15:34 INFO mapreduce.Job:  map 25% reduce 7%
20/06/09 10:15:36 INFO mapreduce.Job:  map 26% reduce 7%
20/06/09 10:15:43 INFO mapreduce.Job:  map 27% reduce 7%
20/06/09 10:15:46 INFO mapreduce.Job:  map 28% reduce 7%
20/06/09 10:15:54 INFO mapreduce.Job:  map 29% reduce 7%
20/06/09 10:15:56 INFO mapreduce.Job:  map 30% reduce 8%
20/06/09 10:15:59 INFO mapreduce.Job:  map 31% reduce 8%
20/06/09 10:16:02 INFO mapreduce.Job:  map 31% reduce 9%
20/06/09 10:16:05 INFO mapreduce.Job:  map 33% reduce 9%
20/06/09 10:16:08 INFO mapreduce.Job:  map 33% reduce 10%
20/06/09 10:16:11 INFO mapreduce.Job:  map 34% reduce 10%
20/06/09 10:16:17 INFO mapreduce.Job:  map 35% reduce 10%
20/06/09 10:16:20 INFO mapreduce.Job:  map 36% reduce 10%
20/06/09 10:16:24 INFO mapreduce.Job:  map 37% reduce 10%
20/06/09 10:16:26 INFO mapreduce.Job:  map 37% reduce 11%
20/06/09 10:16:27 INFO mapreduce.Job:  map 38% reduce 11%
20/06/09 10:16:29 INFO mapreduce.Job:  map 39% reduce 11%
20/06/09 10:16:33 INFO mapreduce.Job:  map 39% reduce 12%
20/06/09 10:16:37 INFO mapreduce.Job:  map 40% reduce 12%
20/06/09 10:16:41 INFO mapreduce.Job:  map 41% reduce 12%
20/06/09 10:16:46 INFO mapreduce.Job:  map 42% reduce 12%
20/06/09 10:16:50 INFO mapreduce.Job:  map 43% reduce 12%
20/06/09 10:16:57 INFO mapreduce.Job:  map 44% reduce 12%
20/06/09 10:17:00 INFO mapreduce.Job:  map 45% reduce 12%
20/06/09 10:17:03 INFO mapreduce.Job:  map 45% reduce 13%
20/06/09 10:17:04 INFO mapreduce.Job:  map 46% reduce 13%
20/06/09 10:17:07 INFO mapreduce.Job:  map 47% reduce 13%
20/06/09 10:17:09 INFO mapreduce.Job:  map 47% reduce 14%
20/06/09 10:17:11 INFO mapreduce.Job:  map 48% reduce 14%
20/06/09 10:17:14 INFO mapreduce.Job:  map 49% reduce 14%
20/06/09 10:17:16 INFO mapreduce.Job:  map 49% reduce 15%
20/06/09 10:17:18 INFO mapreduce.Job:  map 50% reduce 15%
20/06/09 10:17:23 INFO mapreduce.Job:  map 51% reduce 15%
20/06/09 10:17:24 INFO mapreduce.Job:  map 52% reduce 15%
20/06/09 10:17:25 INFO mapreduce.Job:  map 52% reduce 17%
20/06/09 10:17:28 INFO mapreduce.Job:  map 53% reduce 17%
20/06/09 10:17:35 INFO mapreduce.Job:  map 54% reduce 17%
20/06/09 10:17:38 INFO mapreduce.Job:  map 55% reduce 17%
20/06/09 10:17:44 INFO mapreduce.Job:  map 56% reduce 17%
20/06/09 10:17:48 INFO mapreduce.Job:  map 57% reduce 17%
20/06/09 10:17:55 INFO mapreduce.Job:  map 58% reduce 17%
20/06/09 10:17:58 INFO mapreduce.Job:  map 59% reduce 17%
20/06/09 10:18:04 INFO mapreduce.Job:  map 60% reduce 17%
20/06/09 10:18:07 INFO mapreduce.Job:  map 61% reduce 18%
20/06/09 10:18:12 INFO mapreduce.Job:  map 62% reduce 18%
20/06/09 10:18:14 INFO mapreduce.Job:  map 63% reduce 18%
20/06/09 10:18:17 INFO mapreduce.Job:  map 64% reduce 19%
20/06/09 10:18:18 INFO mapreduce.Job:  map 65% reduce 19%
20/06/09 10:18:19 INFO mapreduce.Job:  map 65% reduce 21%
20/06/09 10:18:21 INFO mapreduce.Job:  map 66% reduce 21%
20/06/09 10:18:26 INFO mapreduce.Job:  map 66% reduce 22%
20/06/09 10:18:27 INFO mapreduce.Job:  map 67% reduce 22%
20/06/09 10:18:33 INFO mapreduce.Job:  map 68% reduce 22%
20/06/09 10:18:37 INFO mapreduce.Job:  map 69% reduce 22%
20/06/09 10:18:43 INFO mapreduce.Job:  map 70% reduce 22%
20/06/09 10:18:48 INFO mapreduce.Job:  map 71% reduce 22%
20/06/09 10:18:52 INFO mapreduce.Job:  map 72% reduce 22%
20/06/09 10:18:58 INFO mapreduce.Job:  map 73% reduce 22%
20/06/09 10:19:02 INFO mapreduce.Job:  map 74% reduce 22%
20/06/09 10:19:06 INFO mapreduce.Job:  map 75% reduce 22%
20/06/09 10:19:09 INFO mapreduce.Job:  map 76% reduce 22%
20/06/09 10:19:12 INFO mapreduce.Job:  map 76% reduce 23%
20/06/09 10:19:14 INFO mapreduce.Job:  map 77% reduce 23%
20/06/09 10:19:17 INFO mapreduce.Job:  map 78% reduce 23%
20/06/09 10:19:18 INFO mapreduce.Job:  map 78% reduce 24%
20/06/09 10:19:20 INFO mapreduce.Job:  map 79% reduce 24%
20/06/09 10:19:21 INFO mapreduce.Job:  map 79% reduce 25%
20/06/09 10:19:22 INFO mapreduce.Job:  map 80% reduce 25%
20/06/09 10:19:24 INFO mapreduce.Job:  map 80% reduce 26%
20/06/09 10:19:25 INFO mapreduce.Job:  map 81% reduce 26%
20/06/09 10:19:27 INFO mapreduce.Job:  map 81% reduce 27%
20/06/09 10:19:31 INFO mapreduce.Job:  map 83% reduce 27%
20/06/09 10:19:35 INFO mapreduce.Job:  map 84% reduce 27%
20/06/09 10:19:36 INFO mapreduce.Job:  map 85% reduce 27%
20/06/09 10:19:38 INFO mapreduce.Job:  map 86% reduce 27%
20/06/09 10:19:40 INFO mapreduce.Job:  map 87% reduce 27%
20/06/09 10:19:44 INFO mapreduce.Job:  map 88% reduce 27%
20/06/09 10:19:46 INFO mapreduce.Job:  map 89% reduce 27%
20/06/09 10:19:48 INFO mapreduce.Job:  map 90% reduce 28%
20/06/09 10:19:49 INFO mapreduce.Job:  map 91% reduce 28%
20/06/09 10:19:52 INFO mapreduce.Job:  map 91% reduce 29%
20/06/09 10:19:54 INFO mapreduce.Job:  map 92% reduce 29%
20/06/09 10:19:58 INFO mapreduce.Job:  map 93% reduce 29%
20/06/09 10:20:00 INFO mapreduce.Job:  map 95% reduce 29%
20/06/09 10:20:04 INFO mapreduce.Job:  map 96% reduce 30%
20/06/09 10:20:06 INFO mapreduce.Job:  map 97% reduce 30%
20/06/09 10:20:07 INFO mapreduce.Job:  map 97% reduce 31%
20/06/09 10:20:08 INFO mapreduce.Job:  map 98% reduce 31%
20/06/09 10:20:12 INFO mapreduce.Job:  map 99% reduce 31%
20/06/09 10:20:13 INFO mapreduce.Job:  map 99% reduce 32%
20/06/09 10:20:16 INFO mapreduce.Job:  map 100% reduce 32%
20/06/09 10:20:19 INFO mapreduce.Job:  map 100% reduce 67%
20/06/09 10:20:22 INFO mapreduce.Job:  map 100% reduce 72%
20/06/09 10:20:25 INFO mapreduce.Job:  map 100% reduce 78%
20/06/09 10:20:28 INFO mapreduce.Job:  map 100% reduce 83%
20/06/09 10:20:31 INFO mapreduce.Job:  map 100% reduce 90%
20/06/09 10:20:34 INFO mapreduce.Job:  map 100% reduce 100%
20/06/09 10:20:35 INFO mapreduce.Job: Job job_1591664609189_0005 completed successfully
20/06/09 10:20:35 INFO mapreduce.Job: Counters: 51
	File System Counters
		FILE: Number of bytes read=1660475367
		FILE: Number of bytes written=2457668369
		FILE: Number of read operations=0
		FILE: Number of large read operations=0
		FILE: Number of write operations=0
		HDFS: Number of bytes read=11026219545
		HDFS: Number of bytes written=458772531
		HDFS: Number of read operations=273
		HDFS: Number of large read operations=0
		HDFS: Number of write operations=2
	Job Counters 
		Killed map tasks=1
		Launched map tasks=91
		Launched reduce tasks=1
		Data-local map tasks=89
		Rack-local map tasks=2
		Total time spent by all maps in occupied slots (ms)=5065184
		Total time spent by all reduces in occupied slots (ms)=344170
		Total time spent by all map tasks (ms)=5065184
		Total time spent by all reduce tasks (ms)=344170
		Total vcore-milliseconds taken by all map tasks=5065184
		Total vcore-milliseconds taken by all reduce tasks=344170
		Total megabyte-milliseconds taken by all map tasks=5186748416
		Total megabyte-milliseconds taken by all reduce tasks=352430080
	Map-Reduce Framework
		Map input records=265885
		Map output records=1010359873
		Map output bytes=19268318891
		Map output materialized bytes=785982505
		Input split bytes=10530
		Combine input records=1035322348
		Combine output records=47458798
		Reduce input groups=9464527
		Reduce shuffle bytes=785982505
		Reduce input records=22496323
		Reduce output records=9464527
		Spilled Records=70631658
		Shuffled Maps =90
		Failed Shuffles=0
		Merged Map outputs=90
		GC time elapsed (ms)=111707
		CPU time spent (ms)=2048330
		Physical memory (bytes) snapshot=25137471488
		Virtual memory (bytes) snapshot=191966298112
		Total committed heap usage (bytes)=18916835328
	Shuffle Errors
		BAD_ID=0
		CONNECTION=0
		IO_ERROR=0
		WRONG_LENGTH=0
		WRONG_MAP=0
		WRONG_REDUCE=0
	File Input Format Counters 
		Bytes Read=11026209015
	File Output Format Counters 
		Bytes Written=458772531
20/06/09 10:20:35 INFO client.RMProxy: Connecting to ResourceManager at master/10.51.17.95:8032
20/06/09 10:20:35 INFO input.FileInputFormat: Total input paths to process : 1
20/06/09 10:20:36 INFO mapreduce.JobSubmitter: number of splits:4
20/06/09 10:20:36 INFO mapreduce.JobSubmitter: Submitting tokens for job: job_1591664609189_0006
20/06/09 10:20:36 INFO impl.YarnClientImpl: Submitted application application_1591664609189_0006
20/06/09 10:20:36 INFO mapreduce.Job: The url to track the job: http://master:8088/proxy/application_1591664609189_0006/
20/06/09 10:20:36 INFO mapreduce.Job: Running job: job_1591664609189_0006
20/06/09 10:20:45 INFO mapreduce.Job: Job job_1591664609189_0006 running in uber mode : false
20/06/09 10:20:45 INFO mapreduce.Job:  map 0% reduce 0%
20/06/09 10:20:55 INFO mapreduce.Job:  map 25% reduce 0%
20/06/09 10:20:56 INFO mapreduce.Job:  map 57% reduce 0%
20/06/09 10:20:59 INFO mapreduce.Job:  map 74% reduce 0%
20/06/09 10:21:02 INFO mapreduce.Job:  map 85% reduce 0%
20/06/09 10:21:03 INFO mapreduce.Job:  map 92% reduce 0%
20/06/09 10:21:05 INFO mapreduce.Job:  map 100% reduce 25%
20/06/09 10:21:08 INFO mapreduce.Job:  map 100% reduce 78%
20/06/09 10:21:11 INFO mapreduce.Job:  map 100% reduce 94%
20/06/09 10:21:13 INFO mapreduce.Job:  map 100% reduce 100%
20/06/09 10:21:13 INFO mapreduce.Job: Job job_1591664609189_0006 completed successfully
20/06/09 10:21:13 INFO mapreduce.Job: Counters: 50
	File System Counters
		FILE: Number of bytes read=743635059
		FILE: Number of bytes written=1141752686
		FILE: Number of read operations=0
		FILE: Number of large read operations=0
		FILE: Number of write operations=0
		HDFS: Number of bytes read=458774721
		HDFS: Number of bytes written=322449499
		HDFS: Number of read operations=19
		HDFS: Number of large read operations=0
		HDFS: Number of write operations=2
	Job Counters 
		Killed map tasks=1
		Launched map tasks=5
		Launched reduce tasks=1
		Data-local map tasks=5
		Total time spent by all maps in occupied slots (ms)=62771
		Total time spent by all reduces in occupied slots (ms)=15277
		Total time spent by all map tasks (ms)=62771
		Total time spent by all reduce tasks (ms)=15277
		Total vcore-milliseconds taken by all map tasks=62771
		Total vcore-milliseconds taken by all reduce tasks=15277
		Total megabyte-milliseconds taken by all map tasks=64277504
		Total megabyte-milliseconds taken by all reduce tasks=15643648
	Map-Reduce Framework
		Map input records=9464527
		Map output records=9464527
		Map output bytes=378575209
		Map output materialized bytes=397504287
		Input split bytes=508
		Combine input records=0
		Combine output records=0
		Reduce input groups=1246
		Reduce shuffle bytes=397504287
		Reduce input records=9464527
		Reduce output records=9464527
		Spilled Records=27693474
		Shuffled Maps =4
		Failed Shuffles=0
		Merged Map outputs=4
		GC time elapsed (ms)=1489
		CPU time spent (ms)=44400
		Physical memory (bytes) snapshot=1269993472
		Virtual memory (bytes) snapshot=10539724800
		Total committed heap usage (bytes)=938999808
	Shuffle Errors
		BAD_ID=0
		CONNECTION=0
		IO_ERROR=0
		WRONG_LENGTH=0
		WRONG_MAP=0
		WRONG_REDUCE=0
	File Input Format Counters 
		Bytes Read=458774213
	File Output Format Counters 
		Bytes Written=322449499
