20/06/18 00:30:20 INFO client.RMProxy: Connecting to ResourceManager at master/10.51.17.95:8032
20/06/18 00:30:21 INFO client.RMProxy: Connecting to ResourceManager at master/10.51.17.95:8032
20/06/18 00:30:21 INFO input.FileInputFormat: Total input paths to process : 10
20/06/18 00:30:21 INFO mapreduce.JobSubmitter: number of splits:80
20/06/18 00:30:22 INFO mapreduce.JobSubmitter: Submitting tokens for job: job_1592407754732_0001
20/06/18 00:30:22 INFO impl.YarnClientImpl: Submitted application application_1592407754732_0001
20/06/18 00:30:22 INFO mapreduce.Job: The url to track the job: http://master:8088/proxy/application_1592407754732_0001/
20/06/18 00:30:22 INFO mapreduce.Job: Running job: job_1592407754732_0001
20/06/18 00:30:28 INFO mapreduce.Job: Job job_1592407754732_0001 running in uber mode : false
20/06/18 00:30:28 INFO mapreduce.Job:  map 0% reduce 0%
20/06/18 00:30:37 INFO mapreduce.Job:  map 1% reduce 0%
20/06/18 00:30:38 INFO mapreduce.Job:  map 5% reduce 0%
20/06/18 00:30:42 INFO mapreduce.Job:  map 11% reduce 0%
20/06/18 00:30:43 INFO mapreduce.Job:  map 13% reduce 0%
20/06/18 00:30:44 INFO mapreduce.Job:  map 14% reduce 0%
20/06/18 00:30:46 INFO mapreduce.Job:  map 17% reduce 0%
20/06/18 00:30:53 INFO mapreduce.Job:  map 21% reduce 2%
20/06/18 00:30:54 INFO mapreduce.Job:  map 24% reduce 2%
20/06/18 00:30:56 INFO mapreduce.Job:  map 25% reduce 2%
20/06/18 00:30:57 INFO mapreduce.Job:  map 28% reduce 3%
20/06/18 00:30:58 INFO mapreduce.Job:  map 29% reduce 3%
20/06/18 00:31:02 INFO mapreduce.Job:  map 30% reduce 3%
20/06/18 00:31:03 INFO mapreduce.Job:  map 32% reduce 3%
20/06/18 00:31:05 INFO mapreduce.Job:  map 34% reduce 3%
20/06/18 00:31:06 INFO mapreduce.Job:  map 36% reduce 4%
20/06/18 00:31:09 INFO mapreduce.Job:  map 37% reduce 6%
20/06/18 00:31:10 INFO mapreduce.Job:  map 38% reduce 6%
20/06/18 00:31:12 INFO mapreduce.Job:  map 38% reduce 7%
20/06/18 00:31:13 INFO mapreduce.Job:  map 39% reduce 7%
20/06/18 00:31:14 INFO mapreduce.Job:  map 39% reduce 8%
20/06/18 00:31:17 INFO mapreduce.Job:  map 40% reduce 9%
20/06/18 00:31:19 INFO mapreduce.Job:  map 41% reduce 9%
20/06/18 00:31:20 INFO mapreduce.Job:  map 44% reduce 9%
20/06/18 00:31:23 INFO mapreduce.Job:  map 45% reduce 9%
20/06/18 00:31:24 INFO mapreduce.Job:  map 46% reduce 10%
20/06/18 00:31:26 INFO mapreduce.Job:  map 46% reduce 11%
20/06/18 00:31:31 INFO mapreduce.Job:  map 47% reduce 11%
20/06/18 00:31:33 INFO mapreduce.Job:  map 48% reduce 11%
20/06/18 00:31:34 INFO mapreduce.Job:  map 49% reduce 11%
20/06/18 00:31:36 INFO mapreduce.Job:  map 50% reduce 11%
20/06/18 00:31:38 INFO mapreduce.Job:  map 51% reduce 11%
20/06/18 00:31:39 INFO mapreduce.Job:  map 52% reduce 12%
20/06/18 00:31:40 INFO mapreduce.Job:  map 53% reduce 12%
20/06/18 00:31:41 INFO mapreduce.Job:  map 54% reduce 12%
20/06/18 00:31:42 INFO mapreduce.Job:  map 55% reduce 13%
20/06/18 00:31:44 INFO mapreduce.Job:  map 55% reduce 14%
20/06/18 00:31:48 INFO mapreduce.Job:  map 56% reduce 14%
20/06/18 00:31:51 INFO mapreduce.Job:  map 57% reduce 14%
20/06/18 00:31:52 INFO mapreduce.Job:  map 61% reduce 14%
20/06/18 00:31:54 INFO mapreduce.Job:  map 61% reduce 15%
20/06/18 00:31:55 INFO mapreduce.Job:  map 63% reduce 15%
20/06/18 00:31:56 INFO mapreduce.Job:  map 63% reduce 16%
20/06/18 00:31:57 INFO mapreduce.Job:  map 63% reduce 17%
20/06/18 00:31:59 INFO mapreduce.Job:  map 64% reduce 17%
20/06/18 00:32:00 INFO mapreduce.Job:  map 65% reduce 17%
20/06/18 00:32:02 INFO mapreduce.Job:  map 66% reduce 17%
20/06/18 00:32:03 INFO mapreduce.Job:  map 67% reduce 17%
20/06/18 00:32:05 INFO mapreduce.Job:  map 67% reduce 18%
20/06/18 00:32:06 INFO mapreduce.Job:  map 68% reduce 18%
20/06/18 00:32:08 INFO mapreduce.Job:  map 69% reduce 18%
20/06/18 00:32:09 INFO mapreduce.Job:  map 70% reduce 18%
20/06/18 00:32:10 INFO mapreduce.Job:  map 71% reduce 18%
20/06/18 00:32:12 INFO mapreduce.Job:  map 72% reduce 19%
20/06/18 00:32:13 INFO mapreduce.Job:  map 73% reduce 19%
20/06/18 00:32:15 INFO mapreduce.Job:  map 75% reduce 19%
20/06/18 00:32:17 INFO mapreduce.Job:  map 75% reduce 20%
20/06/18 00:32:19 INFO mapreduce.Job:  map 76% reduce 20%
20/06/18 00:32:20 INFO mapreduce.Job:  map 76% reduce 21%
20/06/18 00:32:22 INFO mapreduce.Job:  map 77% reduce 21%
20/06/18 00:32:23 INFO mapreduce.Job:  map 78% reduce 21%
20/06/18 00:32:24 INFO mapreduce.Job:  map 78% reduce 22%
20/06/18 00:32:25 INFO mapreduce.Job:  map 79% reduce 22%
20/06/18 00:32:28 INFO mapreduce.Job:  map 80% reduce 22%
20/06/18 00:32:29 INFO mapreduce.Job:  map 80% reduce 23%
20/06/18 00:32:31 INFO mapreduce.Job:  map 81% reduce 23%
20/06/18 00:32:32 INFO mapreduce.Job:  map 82% reduce 23%
20/06/18 00:32:33 INFO mapreduce.Job:  map 83% reduce 23%
20/06/18 00:32:34 INFO mapreduce.Job:  map 85% reduce 23%
20/06/18 00:32:36 INFO mapreduce.Job:  map 85% reduce 24%
20/06/18 00:32:38 INFO mapreduce.Job:  map 86% reduce 24%
20/06/18 00:32:39 INFO mapreduce.Job:  map 86% reduce 25%
20/06/18 00:32:41 INFO mapreduce.Job:  map 87% reduce 25%
20/06/18 00:32:42 INFO mapreduce.Job:  map 87% reduce 26%
20/06/18 00:32:45 INFO mapreduce.Job:  map 88% reduce 26%
20/06/18 00:32:48 INFO mapreduce.Job:  map 89% reduce 27%
20/06/18 00:32:50 INFO mapreduce.Job:  map 90% reduce 27%
20/06/18 00:32:51 INFO mapreduce.Job:  map 92% reduce 27%
20/06/18 00:32:52 INFO mapreduce.Job:  map 93% reduce 27%
20/06/18 00:32:53 INFO mapreduce.Job:  map 94% reduce 27%
20/06/18 00:32:54 INFO mapreduce.Job:  map 94% reduce 28%
20/06/18 00:32:56 INFO mapreduce.Job:  map 95% reduce 28%
20/06/18 00:33:00 INFO mapreduce.Job:  map 95% reduce 29%
20/06/18 00:33:02 INFO mapreduce.Job:  map 96% reduce 29%
20/06/18 00:33:04 INFO mapreduce.Job:  map 97% reduce 29%
20/06/18 00:33:05 INFO mapreduce.Job:  map 98% reduce 29%
20/06/18 00:33:08 INFO mapreduce.Job:  map 98% reduce 30%
20/06/18 00:33:10 INFO mapreduce.Job:  map 100% reduce 30%
20/06/18 00:33:12 INFO mapreduce.Job:  map 100% reduce 31%
20/06/18 00:33:18 INFO mapreduce.Job:  map 100% reduce 38%
20/06/18 00:33:21 INFO mapreduce.Job:  map 100% reduce 43%
20/06/18 00:33:24 INFO mapreduce.Job:  map 100% reduce 45%
20/06/18 00:33:26 INFO mapreduce.Job:  map 100% reduce 46%
20/06/18 00:33:27 INFO mapreduce.Job:  map 100% reduce 58%
20/06/18 00:33:29 INFO mapreduce.Job:  map 100% reduce 60%
20/06/18 00:33:32 INFO mapreduce.Job:  map 100% reduce 68%
20/06/18 00:33:33 INFO mapreduce.Job:  map 100% reduce 69%
20/06/18 00:33:36 INFO mapreduce.Job:  map 100% reduce 72%
20/06/18 00:33:38 INFO mapreduce.Job:  map 100% reduce 73%
20/06/18 00:33:41 INFO mapreduce.Job:  map 100% reduce 74%
20/06/18 00:33:42 INFO mapreduce.Job:  map 100% reduce 75%
20/06/18 00:33:45 INFO mapreduce.Job:  map 100% reduce 77%
20/06/18 00:33:48 INFO mapreduce.Job:  map 100% reduce 78%
20/06/18 00:33:51 INFO mapreduce.Job:  map 100% reduce 79%
20/06/18 00:33:53 INFO mapreduce.Job:  map 100% reduce 80%
20/06/18 00:33:54 INFO mapreduce.Job:  map 100% reduce 81%
20/06/18 00:33:56 INFO mapreduce.Job:  map 100% reduce 82%
20/06/18 00:33:57 INFO mapreduce.Job:  map 100% reduce 83%
20/06/18 00:34:00 INFO mapreduce.Job:  map 100% reduce 84%
20/06/18 00:34:02 INFO mapreduce.Job:  map 100% reduce 85%
20/06/18 00:34:03 INFO mapreduce.Job:  map 100% reduce 87%
20/06/18 00:34:07 INFO mapreduce.Job:  map 100% reduce 88%
20/06/18 00:34:10 INFO mapreduce.Job:  map 100% reduce 89%
20/06/18 00:34:13 INFO mapreduce.Job:  map 100% reduce 90%
20/06/18 00:34:16 INFO mapreduce.Job:  map 100% reduce 92%
20/06/18 00:34:19 INFO mapreduce.Job:  map 100% reduce 93%
20/06/18 00:34:22 INFO mapreduce.Job:  map 100% reduce 94%
20/06/18 00:34:24 INFO mapreduce.Job:  map 100% reduce 95%
20/06/18 00:34:28 INFO mapreduce.Job:  map 100% reduce 96%
20/06/18 00:34:30 INFO mapreduce.Job:  map 100% reduce 97%
20/06/18 00:34:33 INFO mapreduce.Job:  map 100% reduce 98%
20/06/18 00:34:36 INFO mapreduce.Job:  map 100% reduce 100%
20/06/18 00:34:38 INFO mapreduce.Job: Job job_1592407754732_0001 completed successfully
20/06/18 00:34:38 INFO mapreduce.Job: Counters: 51
	File System Counters
		FILE: Number of bytes read=31974520677
		FILE: Number of bytes written=42735048567
		FILE: Number of read operations=0
		FILE: Number of large read operations=0
		FILE: Number of write operations=0
		HDFS: Number of bytes read=10774009875
		HDFS: Number of bytes written=10772846837
		HDFS: Number of read operations=329
		HDFS: Number of large read operations=0
		HDFS: Number of write operations=6
	Job Counters 
		Killed map tasks=1
		Launched map tasks=81
		Launched reduce tasks=3
		Data-local map tasks=69
		Rack-local map tasks=12
		Total time spent by all maps in occupied slots (ms)=1058206
		Total time spent by all reduces in occupied slots (ms)=643140
		Total time spent by all map tasks (ms)=1058206
		Total time spent by all reduce tasks (ms)=643140
		Total vcore-milliseconds taken by all map tasks=1058206
		Total vcore-milliseconds taken by all reduce tasks=643140
		Total megabyte-milliseconds taken by all map tasks=1083602944
		Total megabyte-milliseconds taken by all reduce tasks=658575360
	Map-Reduce Framework
		Map input records=1022600
		Map output records=1022600
		Map output bytes=10745642829
		Map output materialized bytes=10751392560
		Input split bytes=8240
		Combine input records=0
		Combine output records=0
		Reduce input groups=1022600
		Reduce shuffle bytes=10751392560
		Reduce input records=1022600
		Reduce output records=1022600
		Spilled Records=4063920
		Shuffled Maps =240
		Failed Shuffles=0
		Merged Map outputs=240
		GC time elapsed (ms)=11121
		CPU time spent (ms)=226870
		Physical memory (bytes) snapshot=21997518848
		Virtual memory (bytes) snapshot=175101554688
		Total committed heap usage (bytes)=16648765440
	Shuffle Errors
		BAD_ID=0
		CONNECTION=0
		IO_ERROR=0
		WRONG_LENGTH=0
		WRONG_MAP=0
		WRONG_REDUCE=0
	File Input Format Counters 
		Bytes Read=10774001635
	File Output Format Counters 
		Bytes Written=10772846837
