20/06/07 20:19:24 INFO client.RMProxy: Connecting to ResourceManager at master/10.51.17.95:8032
20/06/07 20:19:24 INFO input.FileInputFormat: Total input paths to process : 10
20/06/07 20:19:25 INFO mapreduce.JobSubmitter: number of splits:90
20/06/07 20:19:25 INFO mapreduce.JobSubmitter: Submitting tokens for job: job_1591528316990_0005
20/06/07 20:19:25 INFO impl.YarnClientImpl: Submitted application application_1591528316990_0005
20/06/07 20:19:25 INFO mapreduce.Job: The url to track the job: http://master:8088/proxy/application_1591528316990_0005/
20/06/07 20:19:25 INFO mapreduce.Job: Running job: job_1591528316990_0005
20/06/07 20:19:33 INFO mapreduce.Job: Job job_1591528316990_0005 running in uber mode : false
20/06/07 20:19:33 INFO mapreduce.Job:  map 0% reduce 0%
20/06/07 20:19:46 INFO mapreduce.Job:  map 1% reduce 0%
20/06/07 20:19:49 INFO mapreduce.Job:  map 2% reduce 0%
20/06/07 20:19:50 INFO mapreduce.Job:  map 3% reduce 0%
20/06/07 20:19:58 INFO mapreduce.Job:  map 4% reduce 0%
20/06/07 20:20:04 INFO mapreduce.Job:  map 5% reduce 0%
20/06/07 20:20:07 INFO mapreduce.Job:  map 6% reduce 0%
20/06/07 20:20:17 INFO mapreduce.Job:  map 7% reduce 0%
20/06/07 20:20:18 INFO mapreduce.Job:  map 8% reduce 0%
20/06/07 20:20:26 INFO mapreduce.Job:  map 9% reduce 0%
20/06/07 20:20:28 INFO mapreduce.Job:  map 11% reduce 0%
20/06/07 20:20:32 INFO mapreduce.Job:  map 12% reduce 0%
20/06/07 20:20:39 INFO mapreduce.Job:  map 13% reduce 0%
20/06/07 20:20:41 INFO mapreduce.Job:  map 14% reduce 0%
20/06/07 20:20:46 INFO mapreduce.Job:  map 15% reduce 0%
20/06/07 20:20:48 INFO mapreduce.Job:  map 16% reduce 0%
20/06/07 20:20:50 INFO mapreduce.Job:  map 17% reduce 0%
20/06/07 20:20:53 INFO mapreduce.Job:  map 18% reduce 0%
20/06/07 20:21:00 INFO mapreduce.Job:  map 19% reduce 0%
20/06/07 20:21:03 INFO mapreduce.Job:  map 19% reduce 5%
20/06/07 20:21:04 INFO mapreduce.Job:  map 20% reduce 5%
20/06/07 20:21:09 INFO mapreduce.Job:  map 21% reduce 5%
20/06/07 20:21:15 INFO mapreduce.Job:  map 22% reduce 5%
20/06/07 20:21:20 INFO mapreduce.Job:  map 23% reduce 5%
20/06/07 20:21:21 INFO mapreduce.Job:  map 23% reduce 6%
20/06/07 20:21:22 INFO mapreduce.Job:  map 24% reduce 6%
20/06/07 20:21:24 INFO mapreduce.Job:  map 25% reduce 7%
20/06/07 20:21:30 INFO mapreduce.Job:  map 26% reduce 7%
20/06/07 20:21:35 INFO mapreduce.Job:  map 27% reduce 7%
20/06/07 20:21:38 INFO mapreduce.Job:  map 28% reduce 7%
20/06/07 20:21:44 INFO mapreduce.Job:  map 29% reduce 7%
20/06/07 20:21:50 INFO mapreduce.Job:  map 30% reduce 7%
20/06/07 20:21:52 INFO mapreduce.Job:  map 31% reduce 7%
20/06/07 20:21:55 INFO mapreduce.Job:  map 31% reduce 8%
20/06/07 20:21:56 INFO mapreduce.Job:  map 32% reduce 8%
20/06/07 20:21:58 INFO mapreduce.Job:  map 32% reduce 9%
20/06/07 20:22:00 INFO mapreduce.Job:  map 33% reduce 9%
20/06/07 20:22:02 INFO mapreduce.Job:  map 34% reduce 9%
20/06/07 20:22:04 INFO mapreduce.Job:  map 34% reduce 10%
20/06/07 20:22:07 INFO mapreduce.Job:  map 35% reduce 10%
20/06/07 20:22:12 INFO mapreduce.Job:  map 36% reduce 10%
20/06/07 20:22:14 INFO mapreduce.Job:  map 37% reduce 10%
20/06/07 20:22:17 INFO mapreduce.Job:  map 37% reduce 11%
20/06/07 20:22:18 INFO mapreduce.Job:  map 38% reduce 11%
20/06/07 20:22:19 INFO mapreduce.Job:  map 38% reduce 12%
20/06/07 20:22:21 INFO mapreduce.Job:  map 39% reduce 12%
20/06/07 20:22:26 INFO mapreduce.Job:  map 40% reduce 12%
20/06/07 20:22:31 INFO mapreduce.Job:  map 41% reduce 12%
20/06/07 20:22:36 INFO mapreduce.Job:  map 42% reduce 12%
20/06/07 20:22:41 INFO mapreduce.Job:  map 43% reduce 12%
20/06/07 20:22:47 INFO mapreduce.Job:  map 44% reduce 12%
20/06/07 20:22:51 INFO mapreduce.Job:  map 45% reduce 12%
20/06/07 20:22:56 INFO mapreduce.Job:  map 46% reduce 12%
20/06/07 20:22:58 INFO mapreduce.Job:  map 47% reduce 12%
20/06/07 20:22:59 INFO mapreduce.Job:  map 47% reduce 13%
20/06/07 20:23:02 INFO mapreduce.Job:  map 48% reduce 14%
20/06/07 20:23:06 INFO mapreduce.Job:  map 49% reduce 14%
20/06/07 20:23:08 INFO mapreduce.Job:  map 50% reduce 14%
20/06/07 20:23:09 INFO mapreduce.Job:  map 51% reduce 15%
20/06/07 20:23:12 INFO mapreduce.Job:  map 51% reduce 17%
20/06/07 20:23:14 INFO mapreduce.Job:  map 52% reduce 17%
20/06/07 20:23:18 INFO mapreduce.Job:  map 53% reduce 17%
20/06/07 20:23:23 INFO mapreduce.Job:  map 54% reduce 17%
20/06/07 20:23:28 INFO mapreduce.Job:  map 55% reduce 17%
20/06/07 20:23:32 INFO mapreduce.Job:  map 56% reduce 17%
20/06/07 20:23:40 INFO mapreduce.Job:  map 57% reduce 17%
20/06/07 20:23:44 INFO mapreduce.Job:  map 58% reduce 17%
20/06/07 20:23:49 INFO mapreduce.Job:  map 59% reduce 17%
20/06/07 20:23:54 INFO mapreduce.Job:  map 60% reduce 17%
20/06/07 20:23:59 INFO mapreduce.Job:  map 61% reduce 17%
20/06/07 20:24:00 INFO mapreduce.Job:  map 62% reduce 18%
20/06/07 20:24:03 INFO mapreduce.Job:  map 62% reduce 19%
20/06/07 20:24:04 INFO mapreduce.Job:  map 63% reduce 19%
20/06/07 20:24:05 INFO mapreduce.Job:  map 64% reduce 19%
20/06/07 20:24:06 INFO mapreduce.Job:  map 64% reduce 20%
20/06/07 20:24:10 INFO mapreduce.Job:  map 65% reduce 20%
20/06/07 20:24:11 INFO mapreduce.Job:  map 66% reduce 20%
20/06/07 20:24:12 INFO mapreduce.Job:  map 66% reduce 21%
20/06/07 20:24:16 INFO mapreduce.Job:  map 66% reduce 22%
20/06/07 20:24:17 INFO mapreduce.Job:  map 67% reduce 22%
20/06/07 20:24:21 INFO mapreduce.Job:  map 68% reduce 22%
20/06/07 20:24:26 INFO mapreduce.Job:  map 69% reduce 22%
20/06/07 20:24:31 INFO mapreduce.Job:  map 70% reduce 22%
20/06/07 20:24:36 INFO mapreduce.Job:  map 71% reduce 22%
20/06/07 20:24:39 INFO mapreduce.Job:  map 72% reduce 22%
20/06/07 20:24:46 INFO mapreduce.Job:  map 73% reduce 22%
20/06/07 20:24:49 INFO mapreduce.Job:  map 74% reduce 22%
20/06/07 20:24:54 INFO mapreduce.Job:  map 75% reduce 22%
20/06/07 20:24:56 INFO mapreduce.Job:  map 75% reduce 23%
20/06/07 20:24:58 INFO mapreduce.Job:  map 76% reduce 23%
20/06/07 20:24:59 INFO mapreduce.Job:  map 77% reduce 23%
20/06/07 20:25:02 INFO mapreduce.Job:  map 77% reduce 24%
20/06/07 20:25:05 INFO mapreduce.Job:  map 78% reduce 24%
20/06/07 20:25:09 INFO mapreduce.Job:  map 79% reduce 24%
20/06/07 20:25:11 INFO mapreduce.Job:  map 80% reduce 25%
20/06/07 20:25:12 INFO mapreduce.Job:  map 81% reduce 25%
20/06/07 20:25:15 INFO mapreduce.Job:  map 82% reduce 25%
20/06/07 20:25:17 INFO mapreduce.Job:  map 83% reduce 26%
20/06/07 20:25:19 INFO mapreduce.Job:  map 84% reduce 26%
20/06/07 20:25:20 INFO mapreduce.Job:  map 84% reduce 27%
20/06/07 20:25:27 INFO mapreduce.Job:  map 85% reduce 27%
20/06/07 20:25:29 INFO mapreduce.Job:  map 86% reduce 27%
20/06/07 20:25:30 INFO mapreduce.Job:  map 87% reduce 27%
20/06/07 20:25:31 INFO mapreduce.Job:  map 89% reduce 27%
20/06/07 20:25:36 INFO mapreduce.Job:  map 90% reduce 27%
20/06/07 20:25:38 INFO mapreduce.Job:  map 91% reduce 27%
20/06/07 20:25:39 INFO mapreduce.Job:  map 91% reduce 28%
20/06/07 20:25:41 INFO mapreduce.Job:  map 93% reduce 29%
20/06/07 20:25:44 INFO mapreduce.Job:  map 93% reduce 30%
20/06/07 20:25:47 INFO mapreduce.Job:  map 94% reduce 30%
20/06/07 20:25:50 INFO mapreduce.Job:  map 96% reduce 30%
20/06/07 20:25:51 INFO mapreduce.Job:  map 97% reduce 30%
20/06/07 20:25:53 INFO mapreduce.Job:  map 98% reduce 31%
20/06/07 20:25:56 INFO mapreduce.Job:  map 98% reduce 32%
20/06/07 20:26:00 INFO mapreduce.Job:  map 99% reduce 32%
20/06/07 20:26:01 INFO mapreduce.Job:  map 100% reduce 32%
20/06/07 20:26:03 INFO mapreduce.Job:  map 100% reduce 33%
20/06/07 20:26:06 INFO mapreduce.Job:  map 100% reduce 62%
20/06/07 20:26:09 INFO mapreduce.Job:  map 100% reduce 72%
20/06/07 20:26:12 INFO mapreduce.Job:  map 100% reduce 79%
20/06/07 20:26:15 INFO mapreduce.Job:  map 100% reduce 85%
20/06/07 20:26:18 INFO mapreduce.Job:  map 100% reduce 93%
20/06/07 20:26:20 INFO mapreduce.Job:  map 100% reduce 100%
20/06/07 20:26:20 INFO mapreduce.Job: Job job_1591528316990_0005 completed successfully
20/06/07 20:26:20 INFO mapreduce.Job: Counters: 51
	File System Counters
		FILE: Number of bytes read=1444017257
		FILE: Number of bytes written=2153307258
		FILE: Number of read operations=0
		FILE: Number of large read operations=0
		FILE: Number of write operations=0
		HDFS: Number of bytes read=11025196008
		HDFS: Number of bytes written=330950104
		HDFS: Number of read operations=273
		HDFS: Number of large read operations=0
		HDFS: Number of write operations=2
	Job Counters 
		Killed map tasks=1
		Launched map tasks=91
		Launched reduce tasks=1
		Data-local map tasks=89
		Rack-local map tasks=2
		Total time spent by all maps in occupied slots (ms)=4933865
		Total time spent by all reduces in occupied slots (ms)=330821
		Total time spent by all map tasks (ms)=4933865
		Total time spent by all reduce tasks (ms)=330821
		Total vcore-milliseconds taken by all map tasks=4933865
		Total vcore-milliseconds taken by all reduce tasks=330821
		Total megabyte-milliseconds taken by all map tasks=5052277760
		Total megabyte-milliseconds taken by all reduce tasks=338760704
	Map-Reduce Framework
		Map input records=1181742
		Map output records=1010221199
		Map output bytes=15226827471
		Map output materialized bytes=698110357
		Input split bytes=10530
		Combine input records=1034992874
		Combine output records=47416877
		Reduce input groups=9907733
		Reduce shuffle bytes=698110357
		Reduce input records=22645202
		Reduce output records=9907733
		Spilled Records=70062079
		Shuffled Maps =90
		Failed Shuffles=0
		Merged Map outputs=90
		GC time elapsed (ms)=97437
		CPU time spent (ms)=1993300
		Physical memory (bytes) snapshot=25118507008
		Virtual memory (bytes) snapshot=191986548736
		Total committed heap usage (bytes)=18912116736
	Shuffle Errors
		BAD_ID=0
		CONNECTION=0
		IO_ERROR=0
		WRONG_LENGTH=0
		WRONG_MAP=0
		WRONG_REDUCE=0
	File Input Format Counters 
		Bytes Read=11025185478
	File Output Format Counters 
		Bytes Written=330950104
