20/06/07 20:41:51 INFO client.RMProxy: Connecting to ResourceManager at master/10.51.17.95:8032
20/06/07 20:41:51 INFO input.FileInputFormat: Total input paths to process : 10
20/06/07 20:41:51 INFO mapreduce.JobSubmitter: number of splits:90
20/06/07 20:41:52 INFO mapreduce.JobSubmitter: Submitting tokens for job: job_1591528316990_0012
20/06/07 20:41:52 INFO impl.YarnClientImpl: Submitted application application_1591528316990_0012
20/06/07 20:41:52 INFO mapreduce.Job: The url to track the job: http://master:8088/proxy/application_1591528316990_0012/
20/06/07 20:41:52 INFO mapreduce.Job: Running job: job_1591528316990_0012
20/06/07 20:41:59 INFO mapreduce.Job: Job job_1591528316990_0012 running in uber mode : false
20/06/07 20:41:59 INFO mapreduce.Job:  map 0% reduce 0%
20/06/07 20:42:12 INFO mapreduce.Job:  map 1% reduce 0%
20/06/07 20:42:14 INFO mapreduce.Job:  map 2% reduce 0%
20/06/07 20:42:16 INFO mapreduce.Job:  map 3% reduce 0%
20/06/07 20:42:25 INFO mapreduce.Job:  map 4% reduce 0%
20/06/07 20:42:29 INFO mapreduce.Job:  map 5% reduce 0%
20/06/07 20:42:33 INFO mapreduce.Job:  map 6% reduce 0%
20/06/07 20:42:41 INFO mapreduce.Job:  map 7% reduce 0%
20/06/07 20:42:44 INFO mapreduce.Job:  map 8% reduce 0%
20/06/07 20:42:52 INFO mapreduce.Job:  map 9% reduce 0%
20/06/07 20:42:54 INFO mapreduce.Job:  map 10% reduce 0%
20/06/07 20:42:56 INFO mapreduce.Job:  map 11% reduce 0%
20/06/07 20:42:57 INFO mapreduce.Job:  map 12% reduce 0%
20/06/07 20:43:05 INFO mapreduce.Job:  map 13% reduce 0%
20/06/07 20:43:09 INFO mapreduce.Job:  map 14% reduce 0%
20/06/07 20:43:10 INFO mapreduce.Job:  map 15% reduce 0%
20/06/07 20:43:11 INFO mapreduce.Job:  map 16% reduce 0%
20/06/07 20:43:16 INFO mapreduce.Job:  map 17% reduce 0%
20/06/07 20:43:22 INFO mapreduce.Job:  map 18% reduce 0%
20/06/07 20:43:24 INFO mapreduce.Job:  map 18% reduce 5%
20/06/07 20:43:27 INFO mapreduce.Job:  map 19% reduce 5%
20/06/07 20:43:30 INFO mapreduce.Job:  map 20% reduce 5%
20/06/07 20:43:37 INFO mapreduce.Job:  map 21% reduce 5%
20/06/07 20:43:40 INFO mapreduce.Job:  map 22% reduce 5%
20/06/07 20:43:48 INFO mapreduce.Job:  map 23% reduce 5%
20/06/07 20:43:51 INFO mapreduce.Job:  map 24% reduce 6%
20/06/07 20:43:52 INFO mapreduce.Job:  map 25% reduce 6%
20/06/07 20:43:54 INFO mapreduce.Job:  map 26% reduce 7%
20/06/07 20:44:02 INFO mapreduce.Job:  map 27% reduce 7%
20/06/07 20:44:05 INFO mapreduce.Job:  map 28% reduce 7%
20/06/07 20:44:12 INFO mapreduce.Job:  map 29% reduce 7%
20/06/07 20:44:13 INFO mapreduce.Job:  map 29% reduce 8%
20/06/07 20:44:15 INFO mapreduce.Job:  map 30% reduce 8%
20/06/07 20:44:16 INFO mapreduce.Job:  map 31% reduce 9%
20/06/07 20:44:18 INFO mapreduce.Job:  map 32% reduce 9%
20/06/07 20:44:19 INFO mapreduce.Job:  map 32% reduce 10%
20/06/07 20:44:24 INFO mapreduce.Job:  map 33% reduce 10%
20/06/07 20:44:27 INFO mapreduce.Job:  map 34% reduce 10%
20/06/07 20:44:34 INFO mapreduce.Job:  map 35% reduce 10%
20/06/07 20:44:36 INFO mapreduce.Job:  map 36% reduce 10%
20/06/07 20:44:44 INFO mapreduce.Job:  map 37% reduce 10%
20/06/07 20:44:47 INFO mapreduce.Job:  map 38% reduce 10%
20/06/07 20:44:48 INFO mapreduce.Job:  map 39% reduce 10%
20/06/07 20:44:50 INFO mapreduce.Job:  map 39% reduce 11%
20/06/07 20:44:52 INFO mapreduce.Job:  map 40% reduce 11%
20/06/07 20:44:53 INFO mapreduce.Job:  map 40% reduce 12%
20/06/07 20:44:58 INFO mapreduce.Job:  map 41% reduce 12%
20/06/07 20:45:01 INFO mapreduce.Job:  map 42% reduce 12%
20/06/07 20:45:07 INFO mapreduce.Job:  map 43% reduce 12%
20/06/07 20:45:12 INFO mapreduce.Job:  map 44% reduce 12%
20/06/07 20:45:14 INFO mapreduce.Job:  map 45% reduce 13%
20/06/07 20:45:20 INFO mapreduce.Job:  map 46% reduce 13%
20/06/07 20:45:22 INFO mapreduce.Job:  map 47% reduce 13%
20/06/07 20:45:24 INFO mapreduce.Job:  map 47% reduce 14%
20/06/07 20:45:25 INFO mapreduce.Job:  map 48% reduce 14%
20/06/07 20:45:27 INFO mapreduce.Job:  map 48% reduce 15%
20/06/07 20:45:31 INFO mapreduce.Job:  map 49% reduce 15%
20/06/07 20:45:35 INFO mapreduce.Job:  map 50% reduce 15%
20/06/07 20:45:39 INFO mapreduce.Job:  map 51% reduce 15%
20/06/07 20:45:42 INFO mapreduce.Job:  map 52% reduce 15%
20/06/07 20:45:45 INFO mapreduce.Job:  map 53% reduce 16%
20/06/07 20:45:48 INFO mapreduce.Job:  map 53% reduce 17%
20/06/07 20:45:49 INFO mapreduce.Job:  map 54% reduce 17%
20/06/07 20:45:53 INFO mapreduce.Job:  map 55% reduce 17%
20/06/07 20:45:59 INFO mapreduce.Job:  map 56% reduce 17%
20/06/07 20:46:04 INFO mapreduce.Job:  map 57% reduce 17%
20/06/07 20:46:09 INFO mapreduce.Job:  map 58% reduce 17%
20/06/07 20:46:15 INFO mapreduce.Job:  map 59% reduce 17%
20/06/07 20:46:17 INFO mapreduce.Job:  map 60% reduce 17%
20/06/07 20:46:19 INFO mapreduce.Job:  map 61% reduce 18%
20/06/07 20:46:21 INFO mapreduce.Job:  map 61% reduce 19%
20/06/07 20:46:24 INFO mapreduce.Job:  map 62% reduce 19%
20/06/07 20:46:26 INFO mapreduce.Job:  map 63% reduce 19%
20/06/07 20:46:27 INFO mapreduce.Job:  map 63% reduce 20%
20/06/07 20:46:31 INFO mapreduce.Job:  map 64% reduce 20%
20/06/07 20:46:38 INFO mapreduce.Job:  map 65% reduce 20%
20/06/07 20:46:39 INFO mapreduce.Job:  map 66% reduce 20%
20/06/07 20:46:40 INFO mapreduce.Job:  map 67% reduce 20%
20/06/07 20:46:43 INFO mapreduce.Job:  map 67% reduce 21%
20/06/07 20:46:46 INFO mapreduce.Job:  map 68% reduce 22%
20/06/07 20:46:51 INFO mapreduce.Job:  map 69% reduce 22%
20/06/07 20:46:55 INFO mapreduce.Job:  map 70% reduce 22%
20/06/07 20:47:01 INFO mapreduce.Job:  map 71% reduce 22%
20/06/07 20:47:04 INFO mapreduce.Job:  map 72% reduce 22%
20/06/07 20:47:11 INFO mapreduce.Job:  map 73% reduce 22%
20/06/07 20:47:16 INFO mapreduce.Job:  map 74% reduce 22%
20/06/07 20:47:19 INFO mapreduce.Job:  map 75% reduce 22%
20/06/07 20:47:22 INFO mapreduce.Job:  map 76% reduce 22%
20/06/07 20:47:23 INFO mapreduce.Job:  map 77% reduce 23%
20/06/07 20:47:26 INFO mapreduce.Job:  map 77% reduce 24%
20/06/07 20:47:29 INFO mapreduce.Job:  map 78% reduce 24%
20/06/07 20:47:33 INFO mapreduce.Job:  map 79% reduce 24%
20/06/07 20:47:34 INFO mapreduce.Job:  map 80% reduce 24%
20/06/07 20:47:35 INFO mapreduce.Job:  map 80% reduce 26%
20/06/07 20:47:36 INFO mapreduce.Job:  map 81% reduce 26%
20/06/07 20:47:40 INFO mapreduce.Job:  map 82% reduce 26%
20/06/07 20:47:42 INFO mapreduce.Job:  map 83% reduce 26%
20/06/07 20:47:44 INFO mapreduce.Job:  map 83% reduce 27%
20/06/07 20:47:45 INFO mapreduce.Job:  map 85% reduce 27%
20/06/07 20:47:47 INFO mapreduce.Job:  map 86% reduce 27%
20/06/07 20:47:53 INFO mapreduce.Job:  map 87% reduce 27%
20/06/07 20:47:54 INFO mapreduce.Job:  map 87% reduce 28%
20/06/07 20:47:55 INFO mapreduce.Job:  map 88% reduce 28%
20/06/07 20:47:59 INFO mapreduce.Job:  map 89% reduce 28%
20/06/07 20:48:01 INFO mapreduce.Job:  map 90% reduce 28%
20/06/07 20:48:02 INFO mapreduce.Job:  map 91% reduce 28%
20/06/07 20:48:03 INFO mapreduce.Job:  map 91% reduce 29%
20/06/07 20:48:05 INFO mapreduce.Job:  map 92% reduce 29%
20/06/07 20:48:08 INFO mapreduce.Job:  map 93% reduce 29%
20/06/07 20:48:09 INFO mapreduce.Job:  map 94% reduce 29%
20/06/07 20:48:12 INFO mapreduce.Job:  map 94% reduce 30%
20/06/07 20:48:13 INFO mapreduce.Job:  map 95% reduce 30%
20/06/07 20:48:14 INFO mapreduce.Job:  map 96% reduce 30%
20/06/07 20:48:16 INFO mapreduce.Job:  map 97% reduce 30%
20/06/07 20:48:17 INFO mapreduce.Job:  map 98% reduce 31%
20/06/07 20:48:20 INFO mapreduce.Job:  map 98% reduce 32%
20/06/07 20:48:22 INFO mapreduce.Job:  map 99% reduce 32%
20/06/07 20:48:24 INFO mapreduce.Job:  map 100% reduce 32%
20/06/07 20:48:26 INFO mapreduce.Job:  map 100% reduce 67%
20/06/07 20:48:29 INFO mapreduce.Job:  map 100% reduce 73%
20/06/07 20:48:32 INFO mapreduce.Job:  map 100% reduce 80%
20/06/07 20:48:35 INFO mapreduce.Job:  map 100% reduce 86%
20/06/07 20:48:38 INFO mapreduce.Job:  map 100% reduce 95%
20/06/07 20:48:40 INFO mapreduce.Job:  map 100% reduce 100%
20/06/07 20:48:40 INFO mapreduce.Job: Job job_1591528316990_0012 completed successfully
20/06/07 20:48:40 INFO mapreduce.Job: Counters: 51
	File System Counters
		FILE: Number of bytes read=1464679083
		FILE: Number of bytes written=2184328981
		FILE: Number of read operations=0
		FILE: Number of large read operations=0
		FILE: Number of write operations=0
		HDFS: Number of bytes read=11024748400
		HDFS: Number of bytes written=339989148
		HDFS: Number of read operations=273
		HDFS: Number of large read operations=0
		HDFS: Number of write operations=2
	Job Counters 
		Killed map tasks=1
		Launched map tasks=91
		Launched reduce tasks=1
		Data-local map tasks=89
		Rack-local map tasks=2
		Total time spent by all maps in occupied slots (ms)=4894953
		Total time spent by all reduces in occupied slots (ms)=329266
		Total time spent by all map tasks (ms)=4894953
		Total time spent by all reduce tasks (ms)=329266
		Total vcore-milliseconds taken by all map tasks=4894953
		Total vcore-milliseconds taken by all reduce tasks=329266
		Total megabyte-milliseconds taken by all map tasks=5012431872
		Total megabyte-milliseconds taken by all reduce tasks=337168384
	Map-Reduce Framework
		Map input records=1180162
		Map output records=1009762983
		Map output bytes=15228166584
		Map output materialized bytes=708470254
		Input split bytes=10530
		Combine input records=1034531595
		Combine output records=47409895
		Reduce input groups=9910878
		Reduce shuffle bytes=708470254
		Reduce input records=22641283
		Reduce output records=9910878
		Spilled Records=70051178
		Shuffled Maps =90
		Failed Shuffles=0
		Merged Map outputs=90
		GC time elapsed (ms)=100776
		CPU time spent (ms)=1990320
		Physical memory (bytes) snapshot=25081454592
		Virtual memory (bytes) snapshot=191961538560
		Total committed heap usage (bytes)=18923126784
	Shuffle Errors
		BAD_ID=0
		CONNECTION=0
		IO_ERROR=0
		WRONG_LENGTH=0
		WRONG_MAP=0
		WRONG_REDUCE=0
	File Input Format Counters 
		Bytes Read=11024737870
	File Output Format Counters 
		Bytes Written=339989148
