20/06/14 00:33:39 INFO client.RMProxy: Connecting to ResourceManager at master/10.51.17.95:8032
20/06/14 00:33:55 INFO input.FileInputFormat: Total input paths to process : 10
20/06/14 00:33:55 INFO mapreduce.JobSubmitter: number of splits:90
20/06/14 00:33:55 INFO mapreduce.JobSubmitter: Submitting tokens for job: job_1592057302978_0020
20/06/14 00:33:56 INFO impl.YarnClientImpl: Submitted application application_1592057302978_0020
20/06/14 00:33:56 INFO mapreduce.Job: The url to track the job: http://master:8088/proxy/application_1592057302978_0020/
20/06/14 00:33:56 INFO mapreduce.Job: Running job: job_1592057302978_0020
20/06/14 00:34:02 INFO mapreduce.Job: Job job_1592057302978_0020 running in uber mode : false
20/06/14 00:34:02 INFO mapreduce.Job:  map 0% reduce 0%
20/06/14 00:34:15 INFO mapreduce.Job:  map 1% reduce 0%
20/06/14 00:34:17 INFO mapreduce.Job:  map 2% reduce 0%
20/06/14 00:34:24 INFO mapreduce.Job:  map 3% reduce 0%
20/06/14 00:34:29 INFO mapreduce.Job:  map 4% reduce 0%
20/06/14 00:34:36 INFO mapreduce.Job:  map 5% reduce 0%
20/06/14 00:34:42 INFO mapreduce.Job:  map 7% reduce 0%
20/06/14 00:34:47 INFO mapreduce.Job:  map 8% reduce 0%
20/06/14 00:34:51 INFO mapreduce.Job:  map 9% reduce 0%
20/06/14 00:34:58 INFO mapreduce.Job:  map 10% reduce 0%
20/06/14 00:35:02 INFO mapreduce.Job:  map 11% reduce 0%
20/06/14 00:35:04 INFO mapreduce.Job:  map 13% reduce 0%
20/06/14 00:35:14 INFO mapreduce.Job:  map 14% reduce 0%
20/06/14 00:35:17 INFO mapreduce.Job:  map 15% reduce 0%
20/06/14 00:35:20 INFO mapreduce.Job:  map 16% reduce 0%
20/06/14 00:35:25 INFO mapreduce.Job:  map 17% reduce 0%
20/06/14 00:35:29 INFO mapreduce.Job:  map 18% reduce 5%
20/06/14 00:35:36 INFO mapreduce.Job:  map 19% reduce 5%
20/06/14 00:35:40 INFO mapreduce.Job:  map 20% reduce 5%
20/06/14 00:35:47 INFO mapreduce.Job:  map 21% reduce 5%
20/06/14 00:35:52 INFO mapreduce.Job:  map 22% reduce 5%
20/06/14 00:35:54 INFO mapreduce.Job:  map 23% reduce 6%
20/06/14 00:35:59 INFO mapreduce.Job:  map 24% reduce 6%
20/06/14 00:36:01 INFO mapreduce.Job:  map 25% reduce 6%
20/06/14 00:36:03 INFO mapreduce.Job:  map 26% reduce 8%
20/06/14 00:36:06 INFO mapreduce.Job:  map 26% reduce 9%
20/06/14 00:36:11 INFO mapreduce.Job:  map 27% reduce 9%
20/06/14 00:36:14 INFO mapreduce.Job:  map 28% reduce 9%
20/06/14 00:36:18 INFO mapreduce.Job:  map 29% reduce 9%
20/06/14 00:36:26 INFO mapreduce.Job:  map 30% reduce 9%
20/06/14 00:36:30 INFO mapreduce.Job:  map 31% reduce 9%
20/06/14 00:36:31 INFO mapreduce.Job:  map 31% reduce 10%
20/06/14 00:36:36 INFO mapreduce.Job:  map 32% reduce 10%
20/06/14 00:36:39 INFO mapreduce.Job:  map 33% reduce 10%
20/06/14 00:36:45 INFO mapreduce.Job:  map 34% reduce 10%
20/06/14 00:36:49 INFO mapreduce.Job:  map 35% reduce 10%
20/06/14 00:36:54 INFO mapreduce.Job:  map 36% reduce 10%
20/06/14 00:36:58 INFO mapreduce.Job:  map 37% reduce 10%
20/06/14 00:37:00 INFO mapreduce.Job:  map 38% reduce 12%
20/06/14 00:37:02 INFO mapreduce.Job:  map 39% reduce 12%
20/06/14 00:37:04 INFO mapreduce.Job:  map 39% reduce 13%
20/06/14 00:37:09 INFO mapreduce.Job:  map 40% reduce 13%
20/06/14 00:37:13 INFO mapreduce.Job:  map 41% reduce 13%
20/06/14 00:37:19 INFO mapreduce.Job:  map 42% reduce 13%
20/06/14 00:37:23 INFO mapreduce.Job:  map 43% reduce 13%
20/06/14 00:37:25 INFO mapreduce.Job:  map 44% reduce 14%
20/06/14 00:37:32 INFO mapreduce.Job:  map 45% reduce 14%
20/06/14 00:37:35 INFO mapreduce.Job:  map 46% reduce 14%
20/06/14 00:37:43 INFO mapreduce.Job:  map 47% reduce 14%
20/06/14 00:37:46 INFO mapreduce.Job:  map 48% reduce 14%
20/06/14 00:37:53 INFO mapreduce.Job:  map 49% reduce 14%
20/06/14 00:37:54 INFO mapreduce.Job:  map 50% reduce 14%
20/06/14 00:37:56 INFO mapreduce.Job:  map 50% reduce 15%
20/06/14 00:37:58 INFO mapreduce.Job:  map 51% reduce 15%
20/06/14 00:37:59 INFO mapreduce.Job:  map 51% reduce 16%
20/06/14 00:38:01 INFO mapreduce.Job:  map 52% reduce 16%
20/06/14 00:38:02 INFO mapreduce.Job:  map 52% reduce 17%
20/06/14 00:38:03 INFO mapreduce.Job:  map 53% reduce 17%
20/06/14 00:38:10 INFO mapreduce.Job:  map 54% reduce 17%
20/06/14 00:38:14 INFO mapreduce.Job:  map 55% reduce 17%
20/06/14 00:38:19 INFO mapreduce.Job:  map 56% reduce 17%
20/06/14 00:38:22 INFO mapreduce.Job:  map 57% reduce 17%
20/06/14 00:38:23 INFO mapreduce.Job:  map 57% reduce 18%
20/06/14 00:38:30 INFO mapreduce.Job:  map 58% reduce 18%
20/06/14 00:38:32 INFO mapreduce.Job:  map 59% reduce 19%
20/06/14 00:38:39 INFO mapreduce.Job:  map 60% reduce 19%
20/06/14 00:38:41 INFO mapreduce.Job:  map 61% reduce 19%
20/06/14 00:38:48 INFO mapreduce.Job:  map 62% reduce 19%
20/06/14 00:38:49 INFO mapreduce.Job:  map 63% reduce 19%
20/06/14 00:38:53 INFO mapreduce.Job:  map 64% reduce 20%
20/06/14 00:38:56 INFO mapreduce.Job:  map 65% reduce 21%
20/06/14 00:38:58 INFO mapreduce.Job:  map 66% reduce 21%
20/06/14 00:39:03 INFO mapreduce.Job:  map 66% reduce 22%
20/06/14 00:39:06 INFO mapreduce.Job:  map 67% reduce 22%
20/06/14 00:39:07 INFO mapreduce.Job:  map 68% reduce 22%
20/06/14 00:39:09 INFO mapreduce.Job:  map 69% reduce 22%
20/06/14 00:39:12 INFO mapreduce.Job:  map 70% reduce 22%
20/06/14 00:39:13 INFO mapreduce.Job:  map 71% reduce 22%
20/06/14 00:39:14 INFO mapreduce.Job:  map 72% reduce 22%
20/06/14 00:39:18 INFO mapreduce.Job:  map 73% reduce 23%
20/06/14 00:39:20 INFO mapreduce.Job:  map 74% reduce 23%
20/06/14 00:39:21 INFO mapreduce.Job:  map 74% reduce 24%
20/06/14 00:39:28 INFO mapreduce.Job:  map 75% reduce 24%
20/06/14 00:39:31 INFO mapreduce.Job:  map 76% reduce 24%
20/06/14 00:39:37 INFO mapreduce.Job:  map 77% reduce 24%
20/06/14 00:39:43 INFO mapreduce.Job:  map 78% reduce 24%
20/06/14 00:39:46 INFO mapreduce.Job:  map 79% reduce 24%
20/06/14 00:39:48 INFO mapreduce.Job:  map 79% reduce 25%
20/06/14 00:39:49 INFO mapreduce.Job:  map 80% reduce 25%
20/06/14 00:39:51 INFO mapreduce.Job:  map 80% reduce 26%
20/06/14 00:39:54 INFO mapreduce.Job:  map 81% reduce 26%
20/06/14 00:39:59 INFO mapreduce.Job:  map 82% reduce 26%
20/06/14 00:40:02 INFO mapreduce.Job:  map 83% reduce 26%
20/06/14 00:40:08 INFO mapreduce.Job:  map 84% reduce 26%
20/06/14 00:40:11 INFO mapreduce.Job:  map 85% reduce 26%
20/06/14 00:40:12 INFO mapreduce.Job:  map 85% reduce 27%
20/06/14 00:40:15 INFO mapreduce.Job:  map 86% reduce 28%
20/06/14 00:40:17 INFO mapreduce.Job:  map 87% reduce 28%
20/06/14 00:40:21 INFO mapreduce.Job:  map 87% reduce 29%
20/06/14 00:40:24 INFO mapreduce.Job:  map 88% reduce 29%
20/06/14 00:40:29 INFO mapreduce.Job:  map 89% reduce 29%
20/06/14 00:40:30 INFO mapreduce.Job:  map 90% reduce 29%
20/06/14 00:40:31 INFO mapreduce.Job:  map 91% reduce 29%
20/06/14 00:40:37 INFO mapreduce.Job:  map 92% reduce 29%
20/06/14 00:40:38 INFO mapreduce.Job:  map 93% reduce 29%
20/06/14 00:40:39 INFO mapreduce.Job:  map 94% reduce 29%
20/06/14 00:40:40 INFO mapreduce.Job:  map 94% reduce 30%
20/06/14 00:40:42 INFO mapreduce.Job:  map 95% reduce 30%
20/06/14 00:40:45 INFO mapreduce.Job:  map 96% reduce 30%
20/06/14 00:40:46 INFO mapreduce.Job:  map 96% reduce 31%
20/06/14 00:40:48 INFO mapreduce.Job:  map 98% reduce 31%
20/06/14 00:40:49 INFO mapreduce.Job:  map 98% reduce 32%
20/06/14 00:40:51 INFO mapreduce.Job:  map 99% reduce 32%
20/06/14 00:40:58 INFO mapreduce.Job:  map 99% reduce 33%
20/06/14 00:40:59 INFO mapreduce.Job:  map 100% reduce 33%
20/06/14 00:41:01 INFO mapreduce.Job:  map 100% reduce 55%
20/06/14 00:41:04 INFO mapreduce.Job:  map 100% reduce 72%
20/06/14 00:41:07 INFO mapreduce.Job:  map 100% reduce 77%
20/06/14 00:41:10 INFO mapreduce.Job:  map 100% reduce 82%
20/06/14 00:41:13 INFO mapreduce.Job:  map 100% reduce 89%
20/06/14 00:41:16 INFO mapreduce.Job:  map 100% reduce 100%
20/06/14 00:41:17 INFO mapreduce.Job: Job job_1592057302978_0020 completed successfully
20/06/14 00:41:17 INFO mapreduce.Job: Counters: 51
	File System Counters
		FILE: Number of bytes read=1521448345
		FILE: Number of bytes written=2269504538
		FILE: Number of read operations=0
		FILE: Number of large read operations=0
		FILE: Number of write operations=0
		HDFS: Number of bytes read=11025636911
		HDFS: Number of bytes written=364025796
		HDFS: Number of read operations=273
		HDFS: Number of large read operations=0
		HDFS: Number of write operations=2
	Job Counters 
		Killed map tasks=1
		Launched map tasks=91
		Launched reduce tasks=1
		Data-local map tasks=80
		Rack-local map tasks=11
		Total time spent by all maps in occupied slots (ms)=3647875
		Total time spent by all reduces in occupied slots (ms)=357327
		Total time spent by all map tasks (ms)=3647875
		Total time spent by all reduce tasks (ms)=357327
		Total vcore-milliseconds taken by all map tasks=3647875
		Total vcore-milliseconds taken by all reduce tasks=357327
		Total megabyte-milliseconds taken by all map tasks=3735424000
		Total megabyte-milliseconds taken by all reduce tasks=365902848
	Map-Reduce Framework
		Map input records=265901
		Map output records=1008851922
		Map output bytes=15224986955
		Map output materialized bytes=736904300
		Input split bytes=10530
		Combine input records=1033625741
		Combine output records=47419026
		Reduce input groups=9906799
		Reduce shuffle bytes=736904300
		Reduce input records=22645207
		Reduce output records=9906799
		Spilled Records=70064233
		Shuffled Maps =90
		Failed Shuffles=0
		Merged Map outputs=90
		GC time elapsed (ms)=66630
		CPU time spent (ms)=2111770
		Physical memory (bytes) snapshot=25085607936
		Virtual memory (bytes) snapshot=191956746240
		Total committed heap usage (bytes)=18913165312
	Shuffle Errors
		BAD_ID=0
		CONNECTION=0
		IO_ERROR=0
		WRONG_LENGTH=0
		WRONG_MAP=0
		WRONG_REDUCE=0
	File Input Format Counters 
		Bytes Read=11025626381
	File Output Format Counters 
		Bytes Written=364025796
