20/06/10 00:28:27 INFO client.RMProxy: Connecting to ResourceManager at master/10.51.17.95:8032
20/06/10 00:28:28 INFO input.FileInputFormat: Total input paths to process : 10
20/06/10 00:28:28 INFO mapreduce.JobSubmitter: number of splits:90
20/06/10 00:28:28 INFO mapreduce.JobSubmitter: Submitting tokens for job: job_1591714977085_0008
20/06/10 00:28:28 INFO impl.YarnClientImpl: Submitted application application_1591714977085_0008
20/06/10 00:28:28 INFO mapreduce.Job: The url to track the job: http://master:8088/proxy/application_1591714977085_0008/
20/06/10 00:28:28 INFO mapreduce.Job: Running job: job_1591714977085_0008
20/06/10 00:28:35 INFO mapreduce.Job: Job job_1591714977085_0008 running in uber mode : false
20/06/10 00:28:35 INFO mapreduce.Job:  map 0% reduce 0%
20/06/10 00:28:49 INFO mapreduce.Job:  map 1% reduce 0%
20/06/10 00:28:51 INFO mapreduce.Job:  map 2% reduce 0%
20/06/10 00:28:55 INFO mapreduce.Job:  map 3% reduce 0%
20/06/10 00:29:04 INFO mapreduce.Job:  map 4% reduce 0%
20/06/10 00:29:07 INFO mapreduce.Job:  map 5% reduce 0%
20/06/10 00:29:14 INFO mapreduce.Job:  map 6% reduce 0%
20/06/10 00:29:17 INFO mapreduce.Job:  map 7% reduce 0%
20/06/10 00:29:23 INFO mapreduce.Job:  map 8% reduce 0%
20/06/10 00:29:28 INFO mapreduce.Job:  map 9% reduce 0%
20/06/10 00:29:31 INFO mapreduce.Job:  map 10% reduce 0%
20/06/10 00:29:32 INFO mapreduce.Job:  map 11% reduce 0%
20/06/10 00:29:33 INFO mapreduce.Job:  map 12% reduce 0%
20/06/10 00:29:43 INFO mapreduce.Job:  map 13% reduce 0%
20/06/10 00:29:46 INFO mapreduce.Job:  map 14% reduce 0%
20/06/10 00:29:49 INFO mapreduce.Job:  map 15% reduce 0%
20/06/10 00:29:51 INFO mapreduce.Job:  map 16% reduce 0%
20/06/10 00:29:53 INFO mapreduce.Job:  map 17% reduce 0%
20/06/10 00:29:57 INFO mapreduce.Job:  map 18% reduce 0%
20/06/10 00:30:04 INFO mapreduce.Job:  map 19% reduce 5%
20/06/10 00:30:07 INFO mapreduce.Job:  map 20% reduce 5%
20/06/10 00:30:14 INFO mapreduce.Job:  map 21% reduce 5%
20/06/10 00:30:19 INFO mapreduce.Job:  map 22% reduce 5%
20/06/10 00:30:23 INFO mapreduce.Job:  map 23% reduce 6%
20/06/10 00:30:28 INFO mapreduce.Job:  map 24% reduce 6%
20/06/10 00:30:29 INFO mapreduce.Job:  map 25% reduce 6%
20/06/10 00:30:32 INFO mapreduce.Job:  map 26% reduce 7%
20/06/10 00:30:40 INFO mapreduce.Job:  map 27% reduce 7%
20/06/10 00:30:42 INFO mapreduce.Job:  map 28% reduce 7%
20/06/10 00:30:49 INFO mapreduce.Job:  map 29% reduce 7%
20/06/10 00:30:52 INFO mapreduce.Job:  map 30% reduce 7%
20/06/10 00:30:54 INFO mapreduce.Job:  map 30% reduce 8%
20/06/10 00:30:58 INFO mapreduce.Job:  map 31% reduce 8%
20/06/10 00:30:59 INFO mapreduce.Job:  map 32% reduce 9%
20/06/10 00:31:00 INFO mapreduce.Job:  map 33% reduce 9%
20/06/10 00:31:02 INFO mapreduce.Job:  map 33% reduce 10%
20/06/10 00:31:07 INFO mapreduce.Job:  map 34% reduce 10%
20/06/10 00:31:13 INFO mapreduce.Job:  map 35% reduce 10%
20/06/10 00:31:16 INFO mapreduce.Job:  map 36% reduce 10%
20/06/10 00:31:19 INFO mapreduce.Job:  map 37% reduce 10%
20/06/10 00:31:20 INFO mapreduce.Job:  map 37% reduce 11%
20/06/10 00:31:25 INFO mapreduce.Job:  map 38% reduce 11%
20/06/10 00:31:27 INFO mapreduce.Job:  map 39% reduce 11%
20/06/10 00:31:29 INFO mapreduce.Job:  map 39% reduce 12%
20/06/10 00:31:31 INFO mapreduce.Job:  map 40% reduce 12%
20/06/10 00:31:37 INFO mapreduce.Job:  map 41% reduce 12%
20/06/10 00:31:44 INFO mapreduce.Job:  map 42% reduce 12%
20/06/10 00:31:46 INFO mapreduce.Job:  map 43% reduce 12%
20/06/10 00:31:54 INFO mapreduce.Job:  map 44% reduce 12%
20/06/10 00:31:56 INFO mapreduce.Job:  map 45% reduce 12%
20/06/10 00:31:57 INFO mapreduce.Job:  map 45% reduce 13%
20/06/10 00:32:01 INFO mapreduce.Job:  map 46% reduce 13%
20/06/10 00:32:03 INFO mapreduce.Job:  map 47% reduce 13%
20/06/10 00:32:05 INFO mapreduce.Job:  map 48% reduce 13%
20/06/10 00:32:06 INFO mapreduce.Job:  map 48% reduce 14%
20/06/10 00:32:09 INFO mapreduce.Job:  map 48% reduce 15%
20/06/10 00:32:10 INFO mapreduce.Job:  map 49% reduce 15%
20/06/10 00:32:15 INFO mapreduce.Job:  map 50% reduce 15%
20/06/10 00:32:18 INFO mapreduce.Job:  map 51% reduce 16%
20/06/10 00:32:19 INFO mapreduce.Job:  map 52% reduce 16%
20/06/10 00:32:25 INFO mapreduce.Job:  map 52% reduce 17%
20/06/10 00:32:27 INFO mapreduce.Job:  map 53% reduce 17%
20/06/10 00:32:31 INFO mapreduce.Job:  map 54% reduce 17%
20/06/10 00:32:36 INFO mapreduce.Job:  map 55% reduce 17%
20/06/10 00:32:40 INFO mapreduce.Job:  map 56% reduce 17%
20/06/10 00:32:46 INFO mapreduce.Job:  map 57% reduce 17%
20/06/10 00:32:50 INFO mapreduce.Job:  map 58% reduce 17%
20/06/10 00:32:55 INFO mapreduce.Job:  map 59% reduce 17%
20/06/10 00:33:00 INFO mapreduce.Job:  map 60% reduce 17%
20/06/10 00:33:04 INFO mapreduce.Job:  map 61% reduce 17%
20/06/10 00:33:07 INFO mapreduce.Job:  map 62% reduce 17%
20/06/10 00:33:08 INFO mapreduce.Job:  map 62% reduce 18%
20/06/10 00:33:11 INFO mapreduce.Job:  map 63% reduce 19%
20/06/10 00:33:12 INFO mapreduce.Job:  map 64% reduce 19%
20/06/10 00:33:13 INFO mapreduce.Job:  map 65% reduce 19%
20/06/10 00:33:14 INFO mapreduce.Job:  map 65% reduce 20%
20/06/10 00:33:17 INFO mapreduce.Job:  map 65% reduce 21%
20/06/10 00:33:18 INFO mapreduce.Job:  map 66% reduce 21%
20/06/10 00:33:23 INFO mapreduce.Job:  map 66% reduce 22%
20/06/10 00:33:24 INFO mapreduce.Job:  map 67% reduce 22%
20/06/10 00:33:25 INFO mapreduce.Job:  map 68% reduce 22%
20/06/10 00:33:34 INFO mapreduce.Job:  map 69% reduce 22%
20/06/10 00:33:37 INFO mapreduce.Job:  map 70% reduce 22%
20/06/10 00:33:43 INFO mapreduce.Job:  map 71% reduce 22%
20/06/10 00:33:48 INFO mapreduce.Job:  map 72% reduce 22%
20/06/10 00:33:53 INFO mapreduce.Job:  map 73% reduce 22%
20/06/10 00:34:00 INFO mapreduce.Job:  map 74% reduce 22%
20/06/10 00:34:04 INFO mapreduce.Job:  map 75% reduce 22%
20/06/10 00:34:06 INFO mapreduce.Job:  map 76% reduce 22%
20/06/10 00:34:08 INFO mapreduce.Job:  map 77% reduce 23%
20/06/10 00:34:10 INFO mapreduce.Job:  map 78% reduce 23%
20/06/10 00:34:11 INFO mapreduce.Job:  map 78% reduce 24%
20/06/10 00:34:12 INFO mapreduce.Job:  map 79% reduce 24%
20/06/10 00:34:14 INFO mapreduce.Job:  map 79% reduce 25%
20/06/10 00:34:17 INFO mapreduce.Job:  map 79% reduce 26%
20/06/10 00:34:18 INFO mapreduce.Job:  map 80% reduce 26%
20/06/10 00:34:21 INFO mapreduce.Job:  map 81% reduce 26%
20/06/10 00:34:23 INFO mapreduce.Job:  map 82% reduce 26%
20/06/10 00:34:26 INFO mapreduce.Job:  map 82% reduce 27%
20/06/10 00:34:30 INFO mapreduce.Job:  map 84% reduce 27%
20/06/10 00:34:31 INFO mapreduce.Job:  map 85% reduce 27%
20/06/10 00:34:33 INFO mapreduce.Job:  map 86% reduce 27%
20/06/10 00:34:38 INFO mapreduce.Job:  map 87% reduce 27%
20/06/10 00:34:40 INFO mapreduce.Job:  map 88% reduce 27%
20/06/10 00:34:42 INFO mapreduce.Job:  map 89% reduce 28%
20/06/10 00:34:45 INFO mapreduce.Job:  map 90% reduce 28%
20/06/10 00:34:46 INFO mapreduce.Job:  map 91% reduce 28%
20/06/10 00:34:48 INFO mapreduce.Job:  map 91% reduce 29%
20/06/10 00:34:49 INFO mapreduce.Job:  map 92% reduce 29%
20/06/10 00:34:52 INFO mapreduce.Job:  map 93% reduce 29%
20/06/10 00:34:54 INFO mapreduce.Job:  map 94% reduce 29%
20/06/10 00:34:57 INFO mapreduce.Job:  map 95% reduce 29%
20/06/10 00:34:59 INFO mapreduce.Job:  map 96% reduce 29%
20/06/10 00:35:01 INFO mapreduce.Job:  map 97% reduce 29%
20/06/10 00:35:02 INFO mapreduce.Job:  map 98% reduce 29%
20/06/10 00:35:03 INFO mapreduce.Job:  map 98% reduce 31%
20/06/10 00:35:05 INFO mapreduce.Job:  map 99% reduce 31%
20/06/10 00:35:06 INFO mapreduce.Job:  map 99% reduce 32%
20/06/10 00:35:08 INFO mapreduce.Job:  map 100% reduce 32%
20/06/10 00:35:09 INFO mapreduce.Job:  map 100% reduce 63%
20/06/10 00:35:12 INFO mapreduce.Job:  map 100% reduce 72%
20/06/10 00:35:15 INFO mapreduce.Job:  map 100% reduce 77%
20/06/10 00:35:18 INFO mapreduce.Job:  map 100% reduce 82%
20/06/10 00:35:21 INFO mapreduce.Job:  map 100% reduce 88%
20/06/10 00:35:24 INFO mapreduce.Job:  map 100% reduce 96%
20/06/10 00:35:26 INFO mapreduce.Job:  map 100% reduce 100%
20/06/10 00:35:26 INFO mapreduce.Job: Job job_1591714977085_0008 completed successfully
20/06/10 00:35:26 INFO mapreduce.Job: Counters: 50
	File System Counters
		FILE: Number of bytes read=1662226294
		FILE: Number of bytes written=2461551781
		FILE: Number of read operations=0
		FILE: Number of large read operations=0
		FILE: Number of write operations=0
		HDFS: Number of bytes read=11025286317
		HDFS: Number of bytes written=471807645
		HDFS: Number of read operations=273
		HDFS: Number of large read operations=0
		HDFS: Number of write operations=2
	Job Counters 
		Killed map tasks=1
		Launched map tasks=91
		Launched reduce tasks=1
		Data-local map tasks=91
		Total time spent by all maps in occupied slots (ms)=5010808
		Total time spent by all reduces in occupied slots (ms)=335552
		Total time spent by all map tasks (ms)=5010808
		Total time spent by all reduce tasks (ms)=335552
		Total vcore-milliseconds taken by all map tasks=5010808
		Total vcore-milliseconds taken by all reduce tasks=335552
		Total megabyte-milliseconds taken by all map tasks=5131067392
		Total megabyte-milliseconds taken by all reduce tasks=343605248
	Map-Reduce Framework
		Map input records=723808
		Map output records=1010366047
		Map output bytes=19257948408
		Map output materialized bytes=788114990
		Input split bytes=10530
		Combine input records=1035358564
		Combine output records=47598596
		Reduce input groups=9841594
		Reduce shuffle bytes=788114990
		Reduce input records=22606079
		Reduce output records=9841594
		Spilled Records=70881953
		Shuffled Maps =90
		Failed Shuffles=0
		Merged Map outputs=90
		GC time elapsed (ms)=106170
		CPU time spent (ms)=2035970
		Physical memory (bytes) snapshot=25142222848
		Virtual memory (bytes) snapshot=191998144512
		Total committed heap usage (bytes)=18933612544
	Shuffle Errors
		BAD_ID=0
		CONNECTION=0
		IO_ERROR=0
		WRONG_LENGTH=0
		WRONG_MAP=0
		WRONG_REDUCE=0
	File Input Format Counters 
		Bytes Read=11025275787
	File Output Format Counters 
		Bytes Written=471807645
20/06/10 00:35:26 INFO client.RMProxy: Connecting to ResourceManager at master/10.51.17.95:8032
20/06/10 00:35:27 INFO input.FileInputFormat: Total input paths to process : 1
20/06/10 00:35:27 INFO mapreduce.JobSubmitter: number of splits:4
20/06/10 00:35:27 INFO mapreduce.JobSubmitter: Submitting tokens for job: job_1591714977085_0009
20/06/10 00:35:27 INFO impl.YarnClientImpl: Submitted application application_1591714977085_0009
20/06/10 00:35:27 INFO mapreduce.Job: The url to track the job: http://master:8088/proxy/application_1591714977085_0009/
20/06/10 00:35:27 INFO mapreduce.Job: Running job: job_1591714977085_0009
20/06/10 00:35:36 INFO mapreduce.Job: Job job_1591714977085_0009 running in uber mode : false
20/06/10 00:35:36 INFO mapreduce.Job:  map 0% reduce 0%
20/06/10 00:35:48 INFO mapreduce.Job:  map 25% reduce 0%
20/06/10 00:35:49 INFO mapreduce.Job:  map 56% reduce 0%
20/06/10 00:35:52 INFO mapreduce.Job:  map 76% reduce 0%
20/06/10 00:35:53 INFO mapreduce.Job:  map 77% reduce 0%
20/06/10 00:35:55 INFO mapreduce.Job:  map 87% reduce 0%
20/06/10 00:35:57 INFO mapreduce.Job:  map 100% reduce 0%
20/06/10 00:35:58 INFO mapreduce.Job:  map 100% reduce 68%
20/06/10 00:36:01 INFO mapreduce.Job:  map 100% reduce 83%
20/06/10 00:36:04 INFO mapreduce.Job:  map 100% reduce 95%
20/06/10 00:36:06 INFO mapreduce.Job:  map 100% reduce 100%
20/06/10 00:36:07 INFO mapreduce.Job: Job job_1591714977085_0009 completed successfully
20/06/10 00:36:07 INFO mapreduce.Job: Counters: 50
	File System Counters
		FILE: Number of bytes read=753272724
		FILE: Number of bytes written=1162033023
		FILE: Number of read operations=0
		FILE: Number of large read operations=0
		FILE: Number of write operations=0
		HDFS: Number of bytes read=471811562
		HDFS: Number of bytes written=330071668
		HDFS: Number of read operations=19
		HDFS: Number of large read operations=0
		HDFS: Number of write operations=2
	Job Counters 
		Killed map tasks=1
		Launched map tasks=5
		Launched reduce tasks=1
		Data-local map tasks=5
		Total time spent by all maps in occupied slots (ms)=63953
		Total time spent by all reduces in occupied slots (ms)=15856
		Total time spent by all map tasks (ms)=63953
		Total time spent by all reduce tasks (ms)=15856
		Total vcore-milliseconds taken by all map tasks=63953
		Total vcore-milliseconds taken by all reduce tasks=15856
		Total megabyte-milliseconds taken by all map tasks=65487872
		Total megabyte-milliseconds taken by all reduce tasks=16236544
	Map-Reduce Framework
		Map input records=9841594
		Map output records=9841594
		Map output bytes=388463747
		Map output materialized bytes=408146959
		Input split bytes=508
		Combine input records=0
		Combine output records=0
		Reduce input groups=1251
		Reduce shuffle bytes=408146959
		Reduce input records=9841594
		Reduce output records=9841594
		Spilled Records=28614764
		Shuffled Maps =4
		Failed Shuffles=0
		Merged Map outputs=4
		GC time elapsed (ms)=1471
		CPU time spent (ms)=46270
		Physical memory (bytes) snapshot=1290326016
		Virtual memory (bytes) snapshot=10601099264
		Total committed heap usage (bytes)=940048384
	Shuffle Errors
		BAD_ID=0
		CONNECTION=0
		IO_ERROR=0
		WRONG_LENGTH=0
		WRONG_MAP=0
		WRONG_REDUCE=0
	File Input Format Counters 
		Bytes Read=471811054
	File Output Format Counters 
		Bytes Written=330071668
