20/06/13 04:26:15 INFO client.RMProxy: Connecting to ResourceManager at master/10.51.17.95:8032
20/06/13 04:26:15 INFO client.RMProxy: Connecting to ResourceManager at master/10.51.17.95:8032
20/06/13 04:26:16 INFO input.FileInputFormat: Total input paths to process : 10
20/06/13 04:26:16 INFO mapreduce.JobSubmitter: number of splits:80
20/06/13 04:26:17 INFO mapreduce.JobSubmitter: Submitting tokens for job: job_1591989886391_0002
20/06/13 04:26:17 INFO impl.YarnClientImpl: Submitted application application_1591989886391_0002
20/06/13 04:26:17 INFO mapreduce.Job: The url to track the job: http://master:8088/proxy/application_1591989886391_0002/
20/06/13 04:26:17 INFO mapreduce.Job: Running job: job_1591989886391_0002
20/06/13 04:26:24 INFO mapreduce.Job: Job job_1591989886391_0002 running in uber mode : false
20/06/13 04:26:24 INFO mapreduce.Job:  map 0% reduce 0%
20/06/13 04:26:37 INFO mapreduce.Job:  map 1% reduce 0%
20/06/13 04:26:38 INFO mapreduce.Job:  map 3% reduce 0%
20/06/13 04:26:39 INFO mapreduce.Job:  map 7% reduce 0%
20/06/13 04:26:40 INFO mapreduce.Job:  map 8% reduce 0%
20/06/13 04:26:41 INFO mapreduce.Job:  map 11% reduce 0%
20/06/13 04:26:42 INFO mapreduce.Job:  map 15% reduce 0%
20/06/13 04:26:46 INFO mapreduce.Job:  map 16% reduce 0%
20/06/13 04:26:50 INFO mapreduce.Job:  map 17% reduce 0%
20/06/13 04:26:54 INFO mapreduce.Job:  map 18% reduce 0%
20/06/13 04:26:55 INFO mapreduce.Job:  map 19% reduce 0%
20/06/13 04:26:57 INFO mapreduce.Job:  map 20% reduce 0%
20/06/13 04:26:58 INFO mapreduce.Job:  map 21% reduce 0%
20/06/13 04:26:59 INFO mapreduce.Job:  map 22% reduce 0%
20/06/13 04:27:00 INFO mapreduce.Job:  map 23% reduce 0%
20/06/13 04:27:02 INFO mapreduce.Job:  map 24% reduce 0%
20/06/13 04:27:03 INFO mapreduce.Job:  map 25% reduce 0%
20/06/13 04:27:06 INFO mapreduce.Job:  map 26% reduce 1%
20/06/13 04:27:07 INFO mapreduce.Job:  map 27% reduce 1%
20/06/13 04:27:09 INFO mapreduce.Job:  map 27% reduce 2%
20/06/13 04:27:10 INFO mapreduce.Job:  map 28% reduce 2%
20/06/13 04:27:12 INFO mapreduce.Job:  map 28% reduce 3%
20/06/13 04:27:13 INFO mapreduce.Job:  map 28% reduce 4%
20/06/13 04:27:15 INFO mapreduce.Job:  map 29% reduce 4%
20/06/13 04:27:16 INFO mapreduce.Job:  map 29% reduce 6%
20/06/13 04:27:18 INFO mapreduce.Job:  map 30% reduce 6%
20/06/13 04:27:19 INFO mapreduce.Job:  map 30% reduce 8%
20/06/13 04:27:22 INFO mapreduce.Job:  map 31% reduce 8%
20/06/13 04:27:25 INFO mapreduce.Job:  map 32% reduce 9%
20/06/13 04:27:28 INFO mapreduce.Job:  map 33% reduce 9%
20/06/13 04:27:29 INFO mapreduce.Job:  map 34% reduce 9%
20/06/13 04:27:31 INFO mapreduce.Job:  map 35% reduce 9%
20/06/13 04:27:34 INFO mapreduce.Job:  map 36% reduce 9%
20/06/13 04:27:37 INFO mapreduce.Job:  map 38% reduce 10%
20/06/13 04:27:38 INFO mapreduce.Job:  map 39% reduce 10%
20/06/13 04:27:40 INFO mapreduce.Job:  map 40% reduce 10%
20/06/13 04:27:42 INFO mapreduce.Job:  map 40% reduce 11%
20/06/13 04:27:43 INFO mapreduce.Job:  map 41% reduce 11%
20/06/13 04:27:47 INFO mapreduce.Job:  map 42% reduce 11%
20/06/13 04:27:49 INFO mapreduce.Job:  map 42% reduce 12%
20/06/13 04:27:52 INFO mapreduce.Job:  map 42% reduce 13%
20/06/13 04:27:55 INFO mapreduce.Job:  map 43% reduce 13%
20/06/13 04:27:57 INFO mapreduce.Job:  map 43% reduce 14%
20/06/13 04:28:00 INFO mapreduce.Job:  map 44% reduce 14%
20/06/13 04:28:03 INFO mapreduce.Job:  map 45% reduce 14%
20/06/13 04:28:04 INFO mapreduce.Job:  map 46% reduce 14%
20/06/13 04:28:05 INFO mapreduce.Job:  map 47% reduce 14%
20/06/13 04:28:06 INFO mapreduce.Job:  map 49% reduce 14%
20/06/13 04:28:07 INFO mapreduce.Job:  map 49% reduce 15%
20/06/13 04:28:08 INFO mapreduce.Job:  map 50% reduce 15%
20/06/13 04:28:10 INFO mapreduce.Job:  map 51% reduce 15%
20/06/13 04:28:12 INFO mapreduce.Job:  map 52% reduce 15%
20/06/13 04:28:13 INFO mapreduce.Job:  map 52% reduce 16%
20/06/13 04:28:16 INFO mapreduce.Job:  map 53% reduce 17%
20/06/13 04:28:21 INFO mapreduce.Job:  map 54% reduce 17%
20/06/13 04:28:24 INFO mapreduce.Job:  map 55% reduce 17%
20/06/13 04:28:25 INFO mapreduce.Job:  map 56% reduce 17%
20/06/13 04:28:26 INFO mapreduce.Job:  map 57% reduce 17%
20/06/13 04:28:27 INFO mapreduce.Job:  map 58% reduce 18%
20/06/13 04:28:28 INFO mapreduce.Job:  map 59% reduce 18%
20/06/13 04:28:30 INFO mapreduce.Job:  map 60% reduce 18%
20/06/13 04:28:31 INFO mapreduce.Job:  map 60% reduce 19%
20/06/13 04:28:32 INFO mapreduce.Job:  map 61% reduce 19%
20/06/13 04:28:36 INFO mapreduce.Job:  map 63% reduce 19%
20/06/13 04:28:37 INFO mapreduce.Job:  map 64% reduce 19%
20/06/13 04:28:39 INFO mapreduce.Job:  map 65% reduce 20%
20/06/13 04:28:42 INFO mapreduce.Job:  map 65% reduce 21%
20/06/13 04:28:46 INFO mapreduce.Job:  map 65% reduce 22%
20/06/13 04:28:49 INFO mapreduce.Job:  map 66% reduce 22%
20/06/13 04:28:56 INFO mapreduce.Job:  map 67% reduce 22%
20/06/13 04:28:59 INFO mapreduce.Job:  map 68% reduce 22%
20/06/13 04:29:00 INFO mapreduce.Job:  map 71% reduce 22%
20/06/13 04:29:02 INFO mapreduce.Job:  map 72% reduce 22%
20/06/13 04:29:03 INFO mapreduce.Job:  map 73% reduce 22%
20/06/13 04:29:06 INFO mapreduce.Job:  map 74% reduce 22%
20/06/13 04:29:07 INFO mapreduce.Job:  map 74% reduce 23%
20/06/13 04:29:08 INFO mapreduce.Job:  map 76% reduce 23%
20/06/13 04:29:10 INFO mapreduce.Job:  map 77% reduce 23%
20/06/13 04:29:11 INFO mapreduce.Job:  map 78% reduce 23%
20/06/13 04:29:12 INFO mapreduce.Job:  map 78% reduce 24%
20/06/13 04:29:13 INFO mapreduce.Job:  map 79% reduce 25%
20/06/13 04:29:17 INFO mapreduce.Job:  map 79% reduce 26%
20/06/13 04:29:29 INFO mapreduce.Job:  map 80% reduce 26%
20/06/13 04:29:32 INFO mapreduce.Job:  map 81% reduce 26%
20/06/13 04:29:35 INFO mapreduce.Job:  map 82% reduce 26%
20/06/13 04:29:38 INFO mapreduce.Job:  map 83% reduce 27%
20/06/13 04:29:40 INFO mapreduce.Job:  map 84% reduce 27%
20/06/13 04:29:41 INFO mapreduce.Job:  map 85% reduce 27%
20/06/13 04:29:43 INFO mapreduce.Job:  map 86% reduce 27%
20/06/13 04:29:46 INFO mapreduce.Job:  map 87% reduce 27%
20/06/13 04:29:47 INFO mapreduce.Job:  map 88% reduce 27%
20/06/13 04:29:49 INFO mapreduce.Job:  map 90% reduce 27%
20/06/13 04:29:50 INFO mapreduce.Job:  map 90% reduce 28%
20/06/13 04:29:53 INFO mapreduce.Job:  map 91% reduce 29%
20/06/13 04:29:55 INFO mapreduce.Job:  map 92% reduce 29%
20/06/13 04:29:58 INFO mapreduce.Job:  map 93% reduce 29%
20/06/13 04:29:59 INFO mapreduce.Job:  map 93% reduce 30%
20/06/13 04:30:02 INFO mapreduce.Job:  map 94% reduce 30%
20/06/13 04:30:07 INFO mapreduce.Job:  map 95% reduce 30%
20/06/13 04:30:10 INFO mapreduce.Job:  map 95% reduce 31%
20/06/13 04:30:11 INFO mapreduce.Job:  map 96% reduce 31%
20/06/13 04:30:19 INFO mapreduce.Job:  map 97% reduce 31%
20/06/13 04:30:22 INFO mapreduce.Job:  map 98% reduce 31%
20/06/13 04:30:23 INFO mapreduce.Job:  map 99% reduce 32%
20/06/13 04:30:26 INFO mapreduce.Job:  map 100% reduce 33%
20/06/13 04:30:41 INFO mapreduce.Job:  map 100% reduce 48%
20/06/13 04:30:43 INFO mapreduce.Job:  map 100% reduce 55%
20/06/13 04:30:44 INFO mapreduce.Job:  map 100% reduce 62%
20/06/13 04:30:46 INFO mapreduce.Job:  map 100% reduce 67%
20/06/13 04:30:49 INFO mapreduce.Job:  map 100% reduce 68%
20/06/13 04:30:50 INFO mapreduce.Job:  map 100% reduce 69%
20/06/13 04:30:52 INFO mapreduce.Job:  map 100% reduce 70%
20/06/13 04:30:53 INFO mapreduce.Job:  map 100% reduce 71%
20/06/13 04:30:56 INFO mapreduce.Job:  map 100% reduce 72%
20/06/13 04:30:59 INFO mapreduce.Job:  map 100% reduce 73%
20/06/13 04:31:02 INFO mapreduce.Job:  map 100% reduce 74%
20/06/13 04:31:04 INFO mapreduce.Job:  map 100% reduce 75%
20/06/13 04:31:05 INFO mapreduce.Job:  map 100% reduce 76%
20/06/13 04:31:08 INFO mapreduce.Job:  map 100% reduce 77%
20/06/13 04:31:13 INFO mapreduce.Job:  map 100% reduce 78%
20/06/13 04:31:14 INFO mapreduce.Job:  map 100% reduce 80%
20/06/13 04:31:19 INFO mapreduce.Job:  map 100% reduce 81%
20/06/13 04:31:20 INFO mapreduce.Job:  map 100% reduce 82%
20/06/13 04:31:23 INFO mapreduce.Job:  map 100% reduce 83%
20/06/13 04:31:25 INFO mapreduce.Job:  map 100% reduce 84%
20/06/13 04:31:29 INFO mapreduce.Job:  map 100% reduce 85%
20/06/13 04:31:32 INFO mapreduce.Job:  map 100% reduce 86%
20/06/13 04:31:35 INFO mapreduce.Job:  map 100% reduce 87%
20/06/13 04:31:38 INFO mapreduce.Job:  map 100% reduce 88%
20/06/13 04:31:40 INFO mapreduce.Job:  map 100% reduce 89%
20/06/13 04:31:41 INFO mapreduce.Job:  map 100% reduce 90%
20/06/13 04:31:44 INFO mapreduce.Job:  map 100% reduce 91%
20/06/13 04:31:47 INFO mapreduce.Job:  map 100% reduce 92%
20/06/13 04:31:50 INFO mapreduce.Job:  map 100% reduce 93%
20/06/13 04:31:53 INFO mapreduce.Job:  map 100% reduce 94%
20/06/13 04:31:56 INFO mapreduce.Job:  map 100% reduce 95%
20/06/13 04:31:59 INFO mapreduce.Job:  map 100% reduce 96%
20/06/13 04:32:02 INFO mapreduce.Job:  map 100% reduce 98%
20/06/13 04:32:07 INFO mapreduce.Job:  map 100% reduce 99%
20/06/13 04:32:08 INFO mapreduce.Job:  map 100% reduce 100%
20/06/13 04:32:12 INFO mapreduce.Job: Job job_1591989886391_0002 completed successfully
20/06/13 04:32:12 INFO mapreduce.Job: Counters: 51
	File System Counters
		FILE: Number of bytes read=31973909564
		FILE: Number of bytes written=42734481078
		FILE: Number of read operations=0
		FILE: Number of large read operations=0
		FILE: Number of write operations=0
		HDFS: Number of bytes read=10774142656
		HDFS: Number of bytes written=10772882306
		HDFS: Number of read operations=329
		HDFS: Number of large read operations=0
		HDFS: Number of write operations=6
	Job Counters 
		Killed map tasks=2
		Launched map tasks=82
		Launched reduce tasks=3
		Data-local map tasks=70
		Rack-local map tasks=12
		Total time spent by all maps in occupied slots (ms)=2505777
		Total time spent by all reduces in occupied slots (ms)=907501
		Total time spent by all map tasks (ms)=2505777
		Total time spent by all reduce tasks (ms)=907501
		Total vcore-milliseconds taken by all map tasks=2505777
		Total vcore-milliseconds taken by all reduce tasks=907501
		Total megabyte-milliseconds taken by all map tasks=2565915648
		Total megabyte-milliseconds taken by all reduce tasks=929281024
	Map-Reduce Framework
		Map input records=1023024
		Map output records=1023024
		Map output bytes=10745670046
		Map output materialized bytes=10751423384
		Input split bytes=9040
		Combine input records=0
		Combine output records=0
		Reduce input groups=1023024
		Reduce shuffle bytes=10751423384
		Reduce input records=1023024
		Reduce output records=1023024
		Spilled Records=4065533
		Shuffled Maps =240
		Failed Shuffles=0
		Merged Map outputs=240
		GC time elapsed (ms)=17344
		CPU time spent (ms)=260860
		Physical memory (bytes) snapshot=21976068096
		Virtual memory (bytes) snapshot=175091097600
		Total committed heap usage (bytes)=16129720320
	Shuffle Errors
		BAD_ID=0
		CONNECTION=0
		IO_ERROR=0
		WRONG_LENGTH=0
		WRONG_MAP=0
		WRONG_REDUCE=0
	File Input Format Counters 
		Bytes Read=10774133616
	File Output Format Counters 
		Bytes Written=10772882306
