20/06/09 00:01:56 INFO client.RMProxy: Connecting to ResourceManager at master/10.51.17.95:8032
20/06/09 00:01:56 INFO input.FileInputFormat: Total input paths to process : 10
20/06/09 00:01:57 INFO mapreduce.JobSubmitter: number of splits:90
20/06/09 00:01:57 INFO mapreduce.JobSubmitter: Submitting tokens for job: job_1591626248766_0013
20/06/09 00:01:58 INFO impl.YarnClientImpl: Submitted application application_1591626248766_0013
20/06/09 00:01:58 INFO mapreduce.Job: The url to track the job: http://master:8088/proxy/application_1591626248766_0013/
20/06/09 00:01:58 INFO mapreduce.Job: Running job: job_1591626248766_0013
20/06/09 00:02:03 INFO mapreduce.Job: Job job_1591626248766_0013 running in uber mode : false
20/06/09 00:02:03 INFO mapreduce.Job:  map 0% reduce 0%
20/06/09 00:02:17 INFO mapreduce.Job:  map 1% reduce 0%
20/06/09 00:02:18 INFO mapreduce.Job:  map 2% reduce 0%
20/06/09 00:02:22 INFO mapreduce.Job:  map 3% reduce 0%
20/06/09 00:02:30 INFO mapreduce.Job:  map 4% reduce 0%
20/06/09 00:02:35 INFO mapreduce.Job:  map 5% reduce 0%
20/06/09 00:02:43 INFO mapreduce.Job:  map 6% reduce 0%
20/06/09 00:02:46 INFO mapreduce.Job:  map 7% reduce 0%
20/06/09 00:02:51 INFO mapreduce.Job:  map 8% reduce 0%
20/06/09 00:02:57 INFO mapreduce.Job:  map 9% reduce 0%
20/06/09 00:03:02 INFO mapreduce.Job:  map 10% reduce 0%
20/06/09 00:03:04 INFO mapreduce.Job:  map 11% reduce 0%
20/06/09 00:03:06 INFO mapreduce.Job:  map 12% reduce 0%
20/06/09 00:03:12 INFO mapreduce.Job:  map 13% reduce 0%
20/06/09 00:03:18 INFO mapreduce.Job:  map 14% reduce 0%
20/06/09 00:03:21 INFO mapreduce.Job:  map 15% reduce 0%
20/06/09 00:03:22 INFO mapreduce.Job:  map 16% reduce 0%
20/06/09 00:03:26 INFO mapreduce.Job:  map 17% reduce 0%
20/06/09 00:03:30 INFO mapreduce.Job:  map 18% reduce 0%
20/06/09 00:03:34 INFO mapreduce.Job:  map 18% reduce 5%
20/06/09 00:03:37 INFO mapreduce.Job:  map 19% reduce 5%
20/06/09 00:03:42 INFO mapreduce.Job:  map 20% reduce 5%
20/06/09 00:03:48 INFO mapreduce.Job:  map 21% reduce 5%
20/06/09 00:03:54 INFO mapreduce.Job:  map 22% reduce 5%
20/06/09 00:04:00 INFO mapreduce.Job:  map 23% reduce 5%
20/06/09 00:04:02 INFO mapreduce.Job:  map 24% reduce 6%
20/06/09 00:04:05 INFO mapreduce.Job:  map 25% reduce 6%
20/06/09 00:04:08 INFO mapreduce.Job:  map 25% reduce 7%
20/06/09 00:04:10 INFO mapreduce.Job:  map 26% reduce 7%
20/06/09 00:04:14 INFO mapreduce.Job:  map 27% reduce 7%
20/06/09 00:04:21 INFO mapreduce.Job:  map 28% reduce 7%
20/06/09 00:04:27 INFO mapreduce.Job:  map 29% reduce 7%
20/06/09 00:04:30 INFO mapreduce.Job:  map 30% reduce 8%
20/06/09 00:04:32 INFO mapreduce.Job:  map 31% reduce 8%
20/06/09 00:04:33 INFO mapreduce.Job:  map 31% reduce 9%
20/06/09 00:04:38 INFO mapreduce.Job:  map 32% reduce 9%
20/06/09 00:04:39 INFO mapreduce.Job:  map 32% reduce 10%
20/06/09 00:04:41 INFO mapreduce.Job:  map 33% reduce 10%
20/06/09 00:04:44 INFO mapreduce.Job:  map 34% reduce 10%
20/06/09 00:04:51 INFO mapreduce.Job:  map 35% reduce 10%
20/06/09 00:04:57 INFO mapreduce.Job:  map 36% reduce 10%
20/06/09 00:04:58 INFO mapreduce.Job:  map 37% reduce 10%
20/06/09 00:05:01 INFO mapreduce.Job:  map 37% reduce 11%
20/06/09 00:05:05 INFO mapreduce.Job:  map 38% reduce 11%
20/06/09 00:05:09 INFO mapreduce.Job:  map 39% reduce 11%
20/06/09 00:05:11 INFO mapreduce.Job:  map 40% reduce 11%
20/06/09 00:05:13 INFO mapreduce.Job:  map 40% reduce 12%
20/06/09 00:05:18 INFO mapreduce.Job:  map 41% reduce 12%
20/06/09 00:05:21 INFO mapreduce.Job:  map 42% reduce 12%
20/06/09 00:05:28 INFO mapreduce.Job:  map 43% reduce 12%
20/06/09 00:05:32 INFO mapreduce.Job:  map 44% reduce 12%
20/06/09 00:05:38 INFO mapreduce.Job:  map 45% reduce 12%
20/06/09 00:05:40 INFO mapreduce.Job:  map 46% reduce 12%
20/06/09 00:05:41 INFO mapreduce.Job:  map 46% reduce 13%
20/06/09 00:05:46 INFO mapreduce.Job:  map 47% reduce 13%
20/06/09 00:05:49 INFO mapreduce.Job:  map 48% reduce 13%
20/06/09 00:05:50 INFO mapreduce.Job:  map 48% reduce 15%
20/06/09 00:05:52 INFO mapreduce.Job:  map 49% reduce 15%
20/06/09 00:05:56 INFO mapreduce.Job:  map 50% reduce 15%
20/06/09 00:06:00 INFO mapreduce.Job:  map 51% reduce 15%
20/06/09 00:06:02 INFO mapreduce.Job:  map 51% reduce 16%
20/06/09 00:06:05 INFO mapreduce.Job:  map 52% reduce 16%
20/06/09 00:06:09 INFO mapreduce.Job:  map 53% reduce 16%
20/06/09 00:06:10 INFO mapreduce.Job:  map 53% reduce 17%
20/06/09 00:06:12 INFO mapreduce.Job:  map 54% reduce 17%
20/06/09 00:06:20 INFO mapreduce.Job:  map 55% reduce 17%
20/06/09 00:06:25 INFO mapreduce.Job:  map 56% reduce 17%
20/06/09 00:06:29 INFO mapreduce.Job:  map 57% reduce 17%
20/06/09 00:06:37 INFO mapreduce.Job:  map 58% reduce 17%
20/06/09 00:06:40 INFO mapreduce.Job:  map 59% reduce 17%
20/06/09 00:06:46 INFO mapreduce.Job:  map 60% reduce 17%
20/06/09 00:06:49 INFO mapreduce.Job:  map 61% reduce 17%
20/06/09 00:06:50 INFO mapreduce.Job:  map 61% reduce 18%
20/06/09 00:06:54 INFO mapreduce.Job:  map 62% reduce 18%
20/06/09 00:06:55 INFO mapreduce.Job:  map 63% reduce 18%
20/06/09 00:06:56 INFO mapreduce.Job:  map 63% reduce 19%
20/06/09 00:07:00 INFO mapreduce.Job:  map 64% reduce 20%
20/06/09 00:07:04 INFO mapreduce.Job:  map 65% reduce 20%
20/06/09 00:07:06 INFO mapreduce.Job:  map 65% reduce 21%
20/06/09 00:07:07 INFO mapreduce.Job:  map 66% reduce 21%
20/06/09 00:07:12 INFO mapreduce.Job:  map 67% reduce 22%
20/06/09 00:07:16 INFO mapreduce.Job:  map 68% reduce 22%
20/06/09 00:07:22 INFO mapreduce.Job:  map 69% reduce 22%
20/06/09 00:07:26 INFO mapreduce.Job:  map 70% reduce 22%
20/06/09 00:07:32 INFO mapreduce.Job:  map 71% reduce 22%
20/06/09 00:07:38 INFO mapreduce.Job:  map 72% reduce 22%
20/06/09 00:07:44 INFO mapreduce.Job:  map 73% reduce 22%
20/06/09 00:07:47 INFO mapreduce.Job:  map 74% reduce 22%
20/06/09 00:07:54 INFO mapreduce.Job:  map 75% reduce 22%
20/06/09 00:07:58 INFO mapreduce.Job:  map 76% reduce 23%
20/06/09 00:08:00 INFO mapreduce.Job:  map 77% reduce 23%
20/06/09 00:08:03 INFO mapreduce.Job:  map 78% reduce 23%
20/06/09 00:08:04 INFO mapreduce.Job:  map 78% reduce 24%
20/06/09 00:08:05 INFO mapreduce.Job:  map 79% reduce 24%
20/06/09 00:08:07 INFO mapreduce.Job:  map 80% reduce 26%
20/06/09 00:08:10 INFO mapreduce.Job:  map 81% reduce 27%
20/06/09 00:08:17 INFO mapreduce.Job:  map 82% reduce 27%
20/06/09 00:08:18 INFO mapreduce.Job:  map 83% reduce 27%
20/06/09 00:08:20 INFO mapreduce.Job:  map 84% reduce 27%
20/06/09 00:08:22 INFO mapreduce.Job:  map 85% reduce 27%
20/06/09 00:08:23 INFO mapreduce.Job:  map 86% reduce 27%
20/06/09 00:08:27 INFO mapreduce.Job:  map 87% reduce 27%
20/06/09 00:08:29 INFO mapreduce.Job:  map 88% reduce 27%
20/06/09 00:08:31 INFO mapreduce.Job:  map 89% reduce 27%
20/06/09 00:08:32 INFO mapreduce.Job:  map 89% reduce 29%
20/06/09 00:08:35 INFO mapreduce.Job:  map 90% reduce 29%
20/06/09 00:08:39 INFO mapreduce.Job:  map 91% reduce 29%
20/06/09 00:08:41 INFO mapreduce.Job:  map 92% reduce 29%
20/06/09 00:08:42 INFO mapreduce.Job:  map 93% reduce 29%
20/06/09 00:08:43 INFO mapreduce.Job:  map 94% reduce 29%
20/06/09 00:08:46 INFO mapreduce.Job:  map 95% reduce 29%
20/06/09 00:08:49 INFO mapreduce.Job:  map 96% reduce 29%
20/06/09 00:08:50 INFO mapreduce.Job:  map 97% reduce 30%
20/06/09 00:08:53 INFO mapreduce.Job:  map 97% reduce 31%
20/06/09 00:08:57 INFO mapreduce.Job:  map 98% reduce 31%
20/06/09 00:08:59 INFO mapreduce.Job:  map 99% reduce 31%
20/06/09 00:09:00 INFO mapreduce.Job:  map 100% reduce 32%
20/06/09 00:09:03 INFO mapreduce.Job:  map 100% reduce 65%
20/06/09 00:09:06 INFO mapreduce.Job:  map 100% reduce 72%
20/06/09 00:09:09 INFO mapreduce.Job:  map 100% reduce 77%
20/06/09 00:09:12 INFO mapreduce.Job:  map 100% reduce 82%
20/06/09 00:09:15 INFO mapreduce.Job:  map 100% reduce 88%
20/06/09 00:09:18 INFO mapreduce.Job:  map 100% reduce 97%
20/06/09 00:09:19 INFO mapreduce.Job:  map 100% reduce 100%
20/06/09 00:09:19 INFO mapreduce.Job: Job job_1591626248766_0013 completed successfully
20/06/09 00:09:19 INFO mapreduce.Job: Counters: 51
	File System Counters
		FILE: Number of bytes read=1708284412
		FILE: Number of bytes written=2530451077
		FILE: Number of read operations=0
		FILE: Number of large read operations=0
		FILE: Number of write operations=0
		HDFS: Number of bytes read=11025630340
		HDFS: Number of bytes written=491579166
		HDFS: Number of read operations=273
		HDFS: Number of large read operations=0
		HDFS: Number of write operations=2
	Job Counters 
		Killed map tasks=2
		Launched map tasks=92
		Launched reduce tasks=1
		Data-local map tasks=89
		Rack-local map tasks=3
		Total time spent by all maps in occupied slots (ms)=5348468
		Total time spent by all reduces in occupied slots (ms)=357704
		Total time spent by all map tasks (ms)=5348468
		Total time spent by all reduce tasks (ms)=357704
		Total vcore-milliseconds taken by all map tasks=5348468
		Total vcore-milliseconds taken by all reduce tasks=357704
		Total megabyte-milliseconds taken by all map tasks=5476831232
		Total megabyte-milliseconds taken by all reduce tasks=366288896
	Map-Reduce Framework
		Map input records=266920
		Map output records=1009430745
		Map output bytes=19258605387
		Map output materialized bytes=810956168
		Input split bytes=10530
		Combine input records=1034412215
		Combine output records=47581587
		Reduce input groups=9841036
		Reduce shuffle bytes=810956168
		Reduce input records=22600117
		Reduce output records=9841036
		Spilled Records=70860493
		Shuffled Maps =90
		Failed Shuffles=0
		Merged Map outputs=90
		GC time elapsed (ms)=113006
		CPU time spent (ms)=2160500
		Physical memory (bytes) snapshot=25124028416
		Virtual memory (bytes) snapshot=191922065408
		Total committed heap usage (bytes)=18934136832
	Shuffle Errors
		BAD_ID=0
		CONNECTION=0
		IO_ERROR=0
		WRONG_LENGTH=0
		WRONG_MAP=0
		WRONG_REDUCE=0
	File Input Format Counters 
		Bytes Read=11025619810
	File Output Format Counters 
		Bytes Written=491579166
20/06/09 00:09:19 INFO client.RMProxy: Connecting to ResourceManager at master/10.51.17.95:8032
20/06/09 00:09:19 INFO input.FileInputFormat: Total input paths to process : 1
20/06/09 00:09:19 INFO mapreduce.JobSubmitter: number of splits:4
20/06/09 00:09:19 INFO mapreduce.JobSubmitter: Submitting tokens for job: job_1591626248766_0014
20/06/09 00:09:19 INFO impl.YarnClientImpl: Submitted application application_1591626248766_0014
20/06/09 00:09:19 INFO mapreduce.Job: The url to track the job: http://master:8088/proxy/application_1591626248766_0014/
20/06/09 00:09:19 INFO mapreduce.Job: Running job: job_1591626248766_0014
20/06/09 00:09:29 INFO mapreduce.Job: Job job_1591626248766_0014 running in uber mode : false
20/06/09 00:09:29 INFO mapreduce.Job:  map 0% reduce 0%
20/06/09 00:09:40 INFO mapreduce.Job:  map 46% reduce 0%
20/06/09 00:09:41 INFO mapreduce.Job:  map 54% reduce 0%
20/06/09 00:09:43 INFO mapreduce.Job:  map 62% reduce 0%
20/06/09 00:09:44 INFO mapreduce.Job:  map 80% reduce 0%
20/06/09 00:09:47 INFO mapreduce.Job:  map 86% reduce 0%
20/06/09 00:09:48 INFO mapreduce.Job:  map 92% reduce 0%
20/06/09 00:09:49 INFO mapreduce.Job:  map 100% reduce 0%
20/06/09 00:09:53 INFO mapreduce.Job:  map 100% reduce 75%
20/06/09 00:09:56 INFO mapreduce.Job:  map 100% reduce 88%
20/06/09 00:09:59 INFO mapreduce.Job:  map 100% reduce 100%
20/06/09 00:10:00 INFO mapreduce.Job: Job job_1591626248766_0014 completed successfully
20/06/09 00:10:00 INFO mapreduce.Job: Counters: 50
	File System Counters
		FILE: Number of bytes read=855463680
		FILE: Number of bytes written=1283808848
		FILE: Number of read operations=0
		FILE: Number of large read operations=0
		FILE: Number of write operations=0
		HDFS: Number of bytes read=491583526
		HDFS: Number of bytes written=349660648
		HDFS: Number of read operations=19
		HDFS: Number of large read operations=0
		HDFS: Number of write operations=2
	Job Counters 
		Killed map tasks=1
		Launched map tasks=5
		Launched reduce tasks=1
		Data-local map tasks=5
		Total time spent by all maps in occupied slots (ms)=67091
		Total time spent by all reduces in occupied slots (ms)=17105
		Total time spent by all map tasks (ms)=67091
		Total time spent by all reduce tasks (ms)=17105
		Total vcore-milliseconds taken by all map tasks=67091
		Total vcore-milliseconds taken by all reduce tasks=17105
		Total megabyte-milliseconds taken by all map tasks=68701184
		Total megabyte-milliseconds taken by all reduce tasks=17515520
	Map-Reduce Framework
		Map input records=9841036
		Map output records=9841036
		Map output bytes=408049732
		Map output materialized bytes=427731828
		Input split bytes=508
		Combine input records=0
		Combine output records=0
		Reduce input groups=1255
		Reduce shuffle bytes=427731828
		Reduce input records=9841036
		Reduce output records=9841036
		Spilled Records=29523108
		Shuffled Maps =4
		Failed Shuffles=0
		Merged Map outputs=4
		GC time elapsed (ms)=1959
		CPU time spent (ms)=45870
		Physical memory (bytes) snapshot=1286336512
		Virtual memory (bytes) snapshot=10561900544
		Total committed heap usage (bytes)=942145536
	Shuffle Errors
		BAD_ID=0
		CONNECTION=0
		IO_ERROR=0
		WRONG_LENGTH=0
		WRONG_MAP=0
		WRONG_REDUCE=0
	File Input Format Counters 
		Bytes Read=491583018
	File Output Format Counters 
		Bytes Written=349660648
