20/06/15 21:36:37 INFO client.RMProxy: Connecting to ResourceManager at master/10.51.17.95:8032
20/06/15 21:36:37 INFO input.FileInputFormat: Total input paths to process : 10
20/06/15 21:36:38 INFO mapreduce.JobSubmitter: number of splits:90
20/06/15 21:36:38 INFO mapreduce.JobSubmitter: Submitting tokens for job: job_1592224030914_0002
20/06/15 21:36:38 INFO impl.YarnClientImpl: Submitted application application_1592224030914_0002
20/06/15 21:36:38 INFO mapreduce.Job: The url to track the job: http://master:8088/proxy/application_1592224030914_0002/
20/06/15 21:36:39 INFO mapreduce.Job: Running job: job_1592224030914_0002
20/06/15 21:36:44 INFO mapreduce.Job: Job job_1592224030914_0002 running in uber mode : false
20/06/15 21:36:44 INFO mapreduce.Job:  map 0% reduce 0%
20/06/15 21:36:56 INFO mapreduce.Job:  map 1% reduce 0%
20/06/15 21:36:59 INFO mapreduce.Job:  map 2% reduce 0%
20/06/15 21:37:05 INFO mapreduce.Job:  map 3% reduce 0%
20/06/15 21:37:10 INFO mapreduce.Job:  map 4% reduce 0%
20/06/15 21:37:17 INFO mapreduce.Job:  map 5% reduce 0%
20/06/15 21:37:21 INFO mapreduce.Job:  map 6% reduce 0%
20/06/15 21:37:26 INFO mapreduce.Job:  map 7% reduce 0%
20/06/15 21:37:29 INFO mapreduce.Job:  map 8% reduce 0%
20/06/15 21:37:36 INFO mapreduce.Job:  map 9% reduce 0%
20/06/15 21:37:39 INFO mapreduce.Job:  map 10% reduce 0%
20/06/15 21:37:44 INFO mapreduce.Job:  map 11% reduce 0%
20/06/15 21:37:47 INFO mapreduce.Job:  map 12% reduce 0%
20/06/15 21:37:49 INFO mapreduce.Job:  map 13% reduce 0%
20/06/15 21:37:56 INFO mapreduce.Job:  map 14% reduce 0%
20/06/15 21:38:02 INFO mapreduce.Job:  map 15% reduce 0%
20/06/15 21:38:03 INFO mapreduce.Job:  map 15% reduce 4%
20/06/15 21:38:05 INFO mapreduce.Job:  map 16% reduce 4%
20/06/15 21:38:08 INFO mapreduce.Job:  map 17% reduce 4%
20/06/15 21:38:09 INFO mapreduce.Job:  map 17% reduce 5%
20/06/15 21:38:14 INFO mapreduce.Job:  map 18% reduce 5%
20/06/15 21:38:19 INFO mapreduce.Job:  map 19% reduce 5%
20/06/15 21:38:25 INFO mapreduce.Job:  map 20% reduce 5%
20/06/15 21:38:31 INFO mapreduce.Job:  map 21% reduce 5%
20/06/15 21:38:35 INFO mapreduce.Job:  map 22% reduce 5%
20/06/15 21:38:36 INFO mapreduce.Job:  map 22% reduce 6%
20/06/15 21:38:37 INFO mapreduce.Job:  map 23% reduce 6%
20/06/15 21:38:39 INFO mapreduce.Job:  map 23% reduce 7%
20/06/15 21:38:42 INFO mapreduce.Job:  map 24% reduce 7%
20/06/15 21:38:46 INFO mapreduce.Job:  map 25% reduce 7%
20/06/15 21:38:49 INFO mapreduce.Job:  map 26% reduce 7%
20/06/15 21:38:52 INFO mapreduce.Job:  map 26% reduce 9%
20/06/15 21:38:55 INFO mapreduce.Job:  map 27% reduce 9%
20/06/15 21:39:00 INFO mapreduce.Job:  map 28% reduce 9%
20/06/15 21:39:05 INFO mapreduce.Job:  map 29% reduce 9%
20/06/15 21:39:10 INFO mapreduce.Job:  map 30% reduce 9%
20/06/15 21:39:16 INFO mapreduce.Job:  map 31% reduce 9%
20/06/15 21:39:21 INFO mapreduce.Job:  map 32% reduce 9%
20/06/15 21:39:24 INFO mapreduce.Job:  map 33% reduce 9%
20/06/15 21:39:27 INFO mapreduce.Job:  map 34% reduce 9%
20/06/15 21:39:28 INFO mapreduce.Job:  map 34% reduce 10%
20/06/15 21:39:30 INFO mapreduce.Job:  map 35% reduce 10%
20/06/15 21:39:31 INFO mapreduce.Job:  map 35% reduce 11%
20/06/15 21:39:33 INFO mapreduce.Job:  map 36% reduce 11%
20/06/15 21:39:34 INFO mapreduce.Job:  map 36% reduce 12%
20/06/15 21:39:40 INFO mapreduce.Job:  map 37% reduce 12%
20/06/15 21:39:45 INFO mapreduce.Job:  map 38% reduce 12%
20/06/15 21:39:49 INFO mapreduce.Job:  map 39% reduce 12%
20/06/15 21:39:57 INFO mapreduce.Job:  map 40% reduce 12%
20/06/15 21:40:02 INFO mapreduce.Job:  map 41% reduce 12%
20/06/15 21:40:06 INFO mapreduce.Job:  map 42% reduce 12%
20/06/15 21:40:08 INFO mapreduce.Job:  map 43% reduce 12%
20/06/15 21:40:11 INFO mapreduce.Job:  map 43% reduce 13%
20/06/15 21:40:13 INFO mapreduce.Job:  map 44% reduce 13%
20/06/15 21:40:17 INFO mapreduce.Job:  map 44% reduce 14%
20/06/15 21:40:19 INFO mapreduce.Job:  map 45% reduce 14%
20/06/15 21:40:22 INFO mapreduce.Job:  map 46% reduce 14%
20/06/15 21:40:27 INFO mapreduce.Job:  map 47% reduce 14%
20/06/15 21:40:29 INFO mapreduce.Job:  map 47% reduce 15%
20/06/15 21:40:30 INFO mapreduce.Job:  map 48% reduce 15%
20/06/15 21:40:37 INFO mapreduce.Job:  map 49% reduce 15%
20/06/15 21:40:43 INFO mapreduce.Job:  map 50% reduce 15%
20/06/15 21:40:48 INFO mapreduce.Job:  map 51% reduce 15%
20/06/15 21:40:49 INFO mapreduce.Job:  map 52% reduce 15%
20/06/15 21:40:51 INFO mapreduce.Job:  map 52% reduce 16%
20/06/15 21:40:59 INFO mapreduce.Job:  map 53% reduce 16%
20/06/15 21:41:01 INFO mapreduce.Job:  map 54% reduce 16%
20/06/15 21:41:02 INFO mapreduce.Job:  map 54% reduce 17%
20/06/15 21:41:08 INFO mapreduce.Job:  map 55% reduce 17%
20/06/15 21:41:13 INFO mapreduce.Job:  map 56% reduce 17%
20/06/15 21:41:18 INFO mapreduce.Job:  map 57% reduce 17%
20/06/15 21:41:21 INFO mapreduce.Job:  map 57% reduce 18%
20/06/15 21:41:22 INFO mapreduce.Job:  map 58% reduce 18%
20/06/15 21:41:26 INFO mapreduce.Job:  map 59% reduce 18%
20/06/15 21:41:27 INFO mapreduce.Job:  map 59% reduce 19%
20/06/15 21:41:29 INFO mapreduce.Job:  map 60% reduce 19%
20/06/15 21:41:34 INFO mapreduce.Job:  map 61% reduce 19%
20/06/15 21:41:36 INFO mapreduce.Job:  map 61% reduce 20%
20/06/15 21:41:40 INFO mapreduce.Job:  map 62% reduce 20%
20/06/15 21:41:45 INFO mapreduce.Job:  map 63% reduce 20%
20/06/15 21:41:51 INFO mapreduce.Job:  map 64% reduce 20%
20/06/15 21:41:55 INFO mapreduce.Job:  map 65% reduce 20%
20/06/15 21:42:01 INFO mapreduce.Job:  map 66% reduce 20%
20/06/15 21:42:06 INFO mapreduce.Job:  map 67% reduce 20%
20/06/15 21:42:08 INFO mapreduce.Job:  map 68% reduce 20%
20/06/15 21:42:10 INFO mapreduce.Job:  map 68% reduce 21%
20/06/15 21:42:12 INFO mapreduce.Job:  map 69% reduce 21%
20/06/15 21:42:16 INFO mapreduce.Job:  map 70% reduce 22%
20/06/15 21:42:19 INFO mapreduce.Job:  map 70% reduce 23%
20/06/15 21:42:21 INFO mapreduce.Job:  map 71% reduce 23%
20/06/15 21:42:28 INFO mapreduce.Job:  map 72% reduce 23%
20/06/15 21:42:31 INFO mapreduce.Job:  map 73% reduce 23%
20/06/15 21:42:39 INFO mapreduce.Job:  map 74% reduce 23%
20/06/15 21:42:43 INFO mapreduce.Job:  map 75% reduce 23%
20/06/15 21:42:46 INFO mapreduce.Job:  map 75% reduce 24%
20/06/15 21:42:47 INFO mapreduce.Job:  map 76% reduce 24%
20/06/15 21:42:53 INFO mapreduce.Job:  map 77% reduce 24%
20/06/15 21:42:56 INFO mapreduce.Job:  map 78% reduce 24%
20/06/15 21:42:58 INFO mapreduce.Job:  map 78% reduce 25%
20/06/15 21:43:01 INFO mapreduce.Job:  map 79% reduce 25%
20/06/15 21:43:05 INFO mapreduce.Job:  map 80% reduce 26%
20/06/15 21:43:07 INFO mapreduce.Job:  map 81% reduce 26%
20/06/15 21:43:10 INFO mapreduce.Job:  map 82% reduce 26%
20/06/15 21:43:11 INFO mapreduce.Job:  map 82% reduce 27%
20/06/15 21:43:12 INFO mapreduce.Job:  map 83% reduce 27%
20/06/15 21:43:17 INFO mapreduce.Job:  map 84% reduce 27%
20/06/15 21:43:20 INFO mapreduce.Job:  map 85% reduce 27%
20/06/15 21:43:23 INFO mapreduce.Job:  map 85% reduce 28%
20/06/15 21:43:24 INFO mapreduce.Job:  map 86% reduce 28%
20/06/15 21:43:27 INFO mapreduce.Job:  map 87% reduce 28%
20/06/15 21:43:32 INFO mapreduce.Job:  map 88% reduce 28%
20/06/15 21:43:35 INFO mapreduce.Job:  map 89% reduce 29%
20/06/15 21:43:39 INFO mapreduce.Job:  map 90% reduce 29%
20/06/15 21:43:43 INFO mapreduce.Job:  map 91% reduce 29%
20/06/15 21:43:46 INFO mapreduce.Job:  map 92% reduce 29%
20/06/15 21:43:51 INFO mapreduce.Job:  map 93% reduce 29%
20/06/15 21:43:52 INFO mapreduce.Job:  map 94% reduce 29%
20/06/15 21:43:54 INFO mapreduce.Job:  map 95% reduce 30%
20/06/15 21:43:56 INFO mapreduce.Job:  map 96% reduce 30%
20/06/15 21:43:57 INFO mapreduce.Job:  map 96% reduce 31%
20/06/15 21:43:58 INFO mapreduce.Job:  map 97% reduce 31%
20/06/15 21:44:01 INFO mapreduce.Job:  map 98% reduce 31%
20/06/15 21:44:03 INFO mapreduce.Job:  map 99% reduce 33%
20/06/15 21:44:04 INFO mapreduce.Job:  map 100% reduce 33%
20/06/15 21:44:06 INFO mapreduce.Job:  map 100% reduce 64%
20/06/15 21:44:09 INFO mapreduce.Job:  map 100% reduce 71%
20/06/15 21:44:12 INFO mapreduce.Job:  map 100% reduce 76%
20/06/15 21:44:15 INFO mapreduce.Job:  map 100% reduce 80%
20/06/15 21:44:18 INFO mapreduce.Job:  map 100% reduce 85%
20/06/15 21:44:21 INFO mapreduce.Job:  map 100% reduce 91%
20/06/15 21:44:24 INFO mapreduce.Job:  map 100% reduce 97%
20/06/15 21:44:27 INFO mapreduce.Job:  map 100% reduce 100%
20/06/15 21:44:29 INFO mapreduce.Job: Job job_1592224030914_0002 completed successfully
20/06/15 21:44:29 INFO mapreduce.Job: Counters: 51
	File System Counters
		FILE: Number of bytes read=1664983330
		FILE: Number of bytes written=2465674599
		FILE: Number of read operations=0
		FILE: Number of large read operations=0
		FILE: Number of write operations=0
		HDFS: Number of bytes read=11025578552
		HDFS: Number of bytes written=472954036
		HDFS: Number of read operations=273
		HDFS: Number of large read operations=0
		HDFS: Number of write operations=2
	Job Counters 
		Killed map tasks=1
		Launched map tasks=91
		Launched reduce tasks=1
		Data-local map tasks=83
		Rack-local map tasks=8
		Total time spent by all maps in occupied slots (ms)=3881273
		Total time spent by all reduces in occupied slots (ms)=397480
		Total time spent by all map tasks (ms)=3881273
		Total time spent by all reduce tasks (ms)=397480
		Total vcore-milliseconds taken by all map tasks=3881273
		Total vcore-milliseconds taken by all reduce tasks=397480
		Total megabyte-milliseconds taken by all map tasks=3974423552
		Total megabyte-milliseconds taken by all reduce tasks=407019520
	Map-Reduce Framework
		Map input records=1179594
		Map output records=1009901268
		Map output bytes=19265183218
		Map output materialized bytes=789509164
		Input split bytes=9630
		Combine input records=1034891965
		Combine output records=47597616
		Reduce input groups=9841803
		Reduce shuffle bytes=789509164
		Reduce input records=22606919
		Reduce output records=9841803
		Spilled Records=70882807
		Shuffled Maps =90
		Failed Shuffles=0
		Merged Map outputs=90
		GC time elapsed (ms)=74708
		CPU time spent (ms)=2263200
		Physical memory (bytes) snapshot=25037303808
		Virtual memory (bytes) snapshot=191959937024
		Total committed heap usage (bytes)=18925748224
	Shuffle Errors
		BAD_ID=0
		CONNECTION=0
		IO_ERROR=0
		WRONG_LENGTH=0
		WRONG_MAP=0
		WRONG_REDUCE=0
	File Input Format Counters 
		Bytes Read=11025568922
	File Output Format Counters 
		Bytes Written=472954036
20/06/15 21:44:29 INFO client.RMProxy: Connecting to ResourceManager at master/10.51.17.95:8032
20/06/15 21:44:29 INFO input.FileInputFormat: Total input paths to process : 1
20/06/15 21:44:30 INFO mapreduce.JobSubmitter: number of splits:4
20/06/15 21:44:30 INFO mapreduce.JobSubmitter: Submitting tokens for job: job_1592224030914_0003
20/06/15 21:44:30 INFO impl.YarnClientImpl: Submitted application application_1592224030914_0003
20/06/15 21:44:30 INFO mapreduce.Job: The url to track the job: http://master:8088/proxy/application_1592224030914_0003/
20/06/15 21:44:30 INFO mapreduce.Job: Running job: job_1592224030914_0003
20/06/15 21:44:41 INFO mapreduce.Job: Job job_1592224030914_0003 running in uber mode : false
20/06/15 21:44:41 INFO mapreduce.Job:  map 0% reduce 0%
20/06/15 21:44:51 INFO mapreduce.Job:  map 25% reduce 0%
20/06/15 21:44:53 INFO mapreduce.Job:  map 65% reduce 0%
20/06/15 21:44:55 INFO mapreduce.Job:  map 71% reduce 0%
20/06/15 21:44:56 INFO mapreduce.Job:  map 83% reduce 0%
20/06/15 21:44:58 INFO mapreduce.Job:  map 92% reduce 0%
20/06/15 21:44:59 INFO mapreduce.Job:  map 100% reduce 0%
20/06/15 21:45:02 INFO mapreduce.Job:  map 100% reduce 25%
20/06/15 21:45:05 INFO mapreduce.Job:  map 100% reduce 68%
20/06/15 21:45:08 INFO mapreduce.Job:  map 100% reduce 77%
20/06/15 21:45:11 INFO mapreduce.Job:  map 100% reduce 85%
20/06/15 21:45:14 INFO mapreduce.Job:  map 100% reduce 92%
20/06/15 21:45:17 INFO mapreduce.Job:  map 100% reduce 100%
20/06/15 21:45:18 INFO mapreduce.Job: Job job_1592224030914_0003 completed successfully
20/06/15 21:45:18 INFO mapreduce.Job: Counters: 50
	File System Counters
		FILE: Number of bytes read=754217147
		FILE: Number of bytes written=1164111403
		FILE: Number of read operations=0
		FILE: Number of large read operations=0
		FILE: Number of write operations=0
		HDFS: Number of bytes read=472959501
		HDFS: Number of bytes written=331204946
		HDFS: Number of read operations=19
		HDFS: Number of large read operations=0
		HDFS: Number of write operations=2
	Job Counters 
		Killed map tasks=1
		Launched map tasks=5
		Launched reduce tasks=1
		Data-local map tasks=5
		Total time spent by all maps in occupied slots (ms)=56887
		Total time spent by all reduces in occupied slots (ms)=23313
		Total time spent by all map tasks (ms)=56887
		Total time spent by all reduce tasks (ms)=23313
		Total vcore-milliseconds taken by all map tasks=56887
		Total vcore-milliseconds taken by all reduce tasks=23313
		Total megabyte-milliseconds taken by all map tasks=58252288
		Total megabyte-milliseconds taken by all reduce tasks=23872512
	Map-Reduce Framework
		Map input records=9841803
		Map output records=9841803
		Map output bytes=389598846
		Map output materialized bytes=409282476
		Input split bytes=504
		Combine input records=0
		Combine output records=0
		Reduce input groups=1244
		Reduce shuffle bytes=409282476
		Reduce input records=9841803
		Reduce output records=9841803
		Spilled Records=28647293
		Shuffled Maps =4
		Failed Shuffles=0
		Merged Map outputs=4
		GC time elapsed (ms)=1673
		CPU time spent (ms)=44190
		Physical memory (bytes) snapshot=1303470080
		Virtual memory (bytes) snapshot=10605039616
		Total committed heap usage (bytes)=937951232
	Shuffle Errors
		BAD_ID=0
		CONNECTION=0
		IO_ERROR=0
		WRONG_LENGTH=0
		WRONG_MAP=0
		WRONG_REDUCE=0
	File Input Format Counters 
		Bytes Read=472958997
	File Output Format Counters 
		Bytes Written=331204946
