20/06/13 05:01:12 INFO client.RMProxy: Connecting to ResourceManager at master/10.51.17.95:8032
20/06/13 05:01:13 INFO client.RMProxy: Connecting to ResourceManager at master/10.51.17.95:8032
20/06/13 05:01:13 INFO input.FileInputFormat: Total input paths to process : 10
20/06/13 05:01:13 INFO mapreduce.JobSubmitter: number of splits:80
20/06/13 05:01:14 INFO mapreduce.JobSubmitter: Submitting tokens for job: job_1591991354420_0004
20/06/13 05:01:14 INFO impl.YarnClientImpl: Submitted application application_1591991354420_0004
20/06/13 05:01:14 INFO mapreduce.Job: The url to track the job: http://master:8088/proxy/application_1591991354420_0004/
20/06/13 05:01:14 INFO mapreduce.Job: Running job: job_1591991354420_0004
20/06/13 05:01:23 INFO mapreduce.Job: Job job_1591991354420_0004 running in uber mode : false
20/06/13 05:01:23 INFO mapreduce.Job:  map 0% reduce 0%
20/06/13 05:01:34 INFO mapreduce.Job:  map 1% reduce 0%
20/06/13 05:01:36 INFO mapreduce.Job:  map 3% reduce 0%
20/06/13 05:01:38 INFO mapreduce.Job:  map 7% reduce 0%
20/06/13 05:01:39 INFO mapreduce.Job:  map 10% reduce 0%
20/06/13 05:01:40 INFO mapreduce.Job:  map 14% reduce 0%
20/06/13 05:01:43 INFO mapreduce.Job:  map 15% reduce 0%
20/06/13 05:01:45 INFO mapreduce.Job:  map 18% reduce 0%
20/06/13 05:01:47 INFO mapreduce.Job:  map 19% reduce 0%
20/06/13 05:01:48 INFO mapreduce.Job:  map 20% reduce 0%
20/06/13 05:01:50 INFO mapreduce.Job:  map 22% reduce 0%
20/06/13 05:01:52 INFO mapreduce.Job:  map 25% reduce 0%
20/06/13 05:01:54 INFO mapreduce.Job:  map 26% reduce 0%
20/06/13 05:01:55 INFO mapreduce.Job:  map 28% reduce 0%
20/06/13 05:01:58 INFO mapreduce.Job:  map 30% reduce 0%
20/06/13 05:01:59 INFO mapreduce.Job:  map 31% reduce 0%
20/06/13 05:02:02 INFO mapreduce.Job:  map 32% reduce 0%
20/06/13 05:02:05 INFO mapreduce.Job:  map 33% reduce 3%
20/06/13 05:02:06 INFO mapreduce.Job:  map 34% reduce 3%
20/06/13 05:02:07 INFO mapreduce.Job:  map 34% reduce 4%
20/06/13 05:02:08 INFO mapreduce.Job:  map 37% reduce 4%
20/06/13 05:02:09 INFO mapreduce.Job:  map 38% reduce 4%
20/06/13 05:02:11 INFO mapreduce.Job:  map 38% reduce 5%
20/06/13 05:02:12 INFO mapreduce.Job:  map 40% reduce 5%
20/06/13 05:02:13 INFO mapreduce.Job:  map 41% reduce 5%
20/06/13 05:02:15 INFO mapreduce.Job:  map 42% reduce 5%
20/06/13 05:02:16 INFO mapreduce.Job:  map 43% reduce 6%
20/06/13 05:02:17 INFO mapreduce.Job:  map 44% reduce 6%
20/06/13 05:02:19 INFO mapreduce.Job:  map 46% reduce 6%
20/06/13 05:02:22 INFO mapreduce.Job:  map 48% reduce 6%
20/06/13 05:02:25 INFO mapreduce.Job:  map 49% reduce 6%
20/06/13 05:02:27 INFO mapreduce.Job:  map 50% reduce 6%
20/06/13 05:02:28 INFO mapreduce.Job:  map 50% reduce 7%
20/06/13 05:02:30 INFO mapreduce.Job:  map 51% reduce 7%
20/06/13 05:02:31 INFO mapreduce.Job:  map 53% reduce 7%
20/06/13 05:02:32 INFO mapreduce.Job:  map 54% reduce 7%
20/06/13 05:02:34 INFO mapreduce.Job:  map 55% reduce 7%
20/06/13 05:02:37 INFO mapreduce.Job:  map 56% reduce 7%
20/06/13 05:02:39 INFO mapreduce.Job:  map 57% reduce 7%
20/06/13 05:02:40 INFO mapreduce.Job:  map 58% reduce 7%
20/06/13 05:02:43 INFO mapreduce.Job:  map 59% reduce 7%
20/06/13 05:02:45 INFO mapreduce.Job:  map 60% reduce 7%
20/06/13 05:02:46 INFO mapreduce.Job:  map 61% reduce 7%
20/06/13 05:02:47 INFO mapreduce.Job:  map 63% reduce 7%
20/06/13 05:02:49 INFO mapreduce.Job:  map 64% reduce 7%
20/06/13 05:02:51 INFO mapreduce.Job:  map 65% reduce 7%
20/06/13 05:02:52 INFO mapreduce.Job:  map 66% reduce 7%
20/06/13 05:02:54 INFO mapreduce.Job:  map 67% reduce 7%
20/06/13 05:02:55 INFO mapreduce.Job:  map 67% reduce 8%
20/06/13 05:02:56 INFO mapreduce.Job:  map 68% reduce 8%
20/06/13 05:02:58 INFO mapreduce.Job:  map 69% reduce 8%
20/06/13 05:03:01 INFO mapreduce.Job:  map 70% reduce 8%
20/06/13 05:03:03 INFO mapreduce.Job:  map 71% reduce 8%
20/06/13 05:03:04 INFO mapreduce.Job:  map 73% reduce 8%
20/06/13 05:03:06 INFO mapreduce.Job:  map 74% reduce 8%
20/06/13 05:03:07 INFO mapreduce.Job:  map 75% reduce 8%
20/06/13 05:03:09 INFO mapreduce.Job:  map 76% reduce 8%
20/06/13 05:03:12 INFO mapreduce.Job:  map 77% reduce 8%
20/06/13 05:03:13 INFO mapreduce.Job:  map 78% reduce 9%
20/06/13 05:03:15 INFO mapreduce.Job:  map 79% reduce 9%
20/06/13 05:03:16 INFO mapreduce.Job:  map 80% reduce 9%
20/06/13 05:03:19 INFO mapreduce.Job:  map 81% reduce 10%
20/06/13 05:03:21 INFO mapreduce.Job:  map 82% reduce 10%
20/06/13 05:03:23 INFO mapreduce.Job:  map 84% reduce 10%
20/06/13 05:03:25 INFO mapreduce.Job:  map 84% reduce 11%
20/06/13 05:03:26 INFO mapreduce.Job:  map 86% reduce 11%
20/06/13 05:03:29 INFO mapreduce.Job:  map 87% reduce 11%
20/06/13 05:03:30 INFO mapreduce.Job:  map 87% reduce 12%
20/06/13 05:03:31 INFO mapreduce.Job:  map 88% reduce 12%
20/06/13 05:03:32 INFO mapreduce.Job:  map 89% reduce 12%
20/06/13 05:03:33 INFO mapreduce.Job:  map 90% reduce 12%
20/06/13 05:03:35 INFO mapreduce.Job:  map 91% reduce 12%
20/06/13 05:03:36 INFO mapreduce.Job:  map 92% reduce 12%
20/06/13 05:03:37 INFO mapreduce.Job:  map 92% reduce 13%
20/06/13 05:03:40 INFO mapreduce.Job:  map 93% reduce 13%
20/06/13 05:03:44 INFO mapreduce.Job:  map 93% reduce 14%
20/06/13 05:03:45 INFO mapreduce.Job:  map 94% reduce 14%
20/06/13 05:03:47 INFO mapreduce.Job:  map 95% reduce 14%
20/06/13 05:03:49 INFO mapreduce.Job:  map 96% reduce 14%
20/06/13 05:03:53 INFO mapreduce.Job:  map 96% reduce 15%
20/06/13 05:03:58 INFO mapreduce.Job:  map 96% reduce 16%
20/06/13 05:04:05 INFO mapreduce.Job:  map 96% reduce 17%
20/06/13 05:04:09 INFO mapreduce.Job:  map 96% reduce 18%
20/06/13 05:04:12 INFO mapreduce.Job:  map 96% reduce 19%
20/06/13 05:04:15 INFO mapreduce.Job:  map 96% reduce 20%
20/06/13 05:04:18 INFO mapreduce.Job:  map 97% reduce 20%
20/06/13 05:04:20 INFO mapreduce.Job:  map 98% reduce 20%
20/06/13 05:04:21 INFO mapreduce.Job:  map 98% reduce 21%
20/06/13 05:04:37 INFO mapreduce.Job:  map 98% reduce 22%
20/06/13 05:04:39 INFO mapreduce.Job:  map 99% reduce 22%
20/06/13 05:04:41 INFO mapreduce.Job:  map 99% reduce 23%
20/06/13 05:04:52 INFO mapreduce.Job:  map 99% reduce 24%
20/06/13 05:04:57 INFO mapreduce.Job:  map 100% reduce 24%
20/06/13 05:05:01 INFO mapreduce.Job:  map 100% reduce 25%
20/06/13 05:05:10 INFO mapreduce.Job:  map 100% reduce 26%
20/06/13 05:05:19 INFO mapreduce.Job:  map 100% reduce 27%
20/06/13 05:05:23 INFO mapreduce.Job:  map 100% reduce 28%
20/06/13 05:05:28 INFO mapreduce.Job:  map 100% reduce 29%
20/06/13 05:05:31 INFO mapreduce.Job:  map 100% reduce 30%
20/06/13 05:05:37 INFO mapreduce.Job:  map 100% reduce 31%
20/06/13 05:05:43 INFO mapreduce.Job:  map 100% reduce 32%
20/06/13 05:05:52 INFO mapreduce.Job:  map 100% reduce 33%
20/06/13 05:06:19 INFO mapreduce.Job:  map 100% reduce 35%
20/06/13 05:06:22 INFO mapreduce.Job:  map 100% reduce 39%
20/06/13 05:06:25 INFO mapreduce.Job:  map 100% reduce 42%
20/06/13 05:06:28 INFO mapreduce.Job:  map 100% reduce 44%
20/06/13 05:06:31 INFO mapreduce.Job:  map 100% reduce 45%
20/06/13 05:06:40 INFO mapreduce.Job:  map 100% reduce 48%
20/06/13 05:06:46 INFO mapreduce.Job:  map 100% reduce 55%
20/06/13 05:06:52 INFO mapreduce.Job:  map 100% reduce 57%
20/06/13 05:06:58 INFO mapreduce.Job:  map 100% reduce 58%
20/06/13 05:06:59 INFO mapreduce.Job:  map 100% reduce 63%
20/06/13 05:07:02 INFO mapreduce.Job:  map 100% reduce 67%
20/06/13 05:07:05 INFO mapreduce.Job:  map 100% reduce 70%
20/06/13 05:07:07 INFO mapreduce.Job:  map 100% reduce 71%
20/06/13 05:07:11 INFO mapreduce.Job:  map 100% reduce 72%
20/06/13 05:07:20 INFO mapreduce.Job:  map 100% reduce 73%
20/06/13 05:07:23 INFO mapreduce.Job:  map 100% reduce 74%
20/06/13 05:07:25 INFO mapreduce.Job:  map 100% reduce 75%
20/06/13 05:07:31 INFO mapreduce.Job:  map 100% reduce 76%
20/06/13 05:07:34 INFO mapreduce.Job:  map 100% reduce 77%
20/06/13 05:07:40 INFO mapreduce.Job:  map 100% reduce 78%
20/06/13 05:07:43 INFO mapreduce.Job:  map 100% reduce 79%
20/06/13 05:07:46 INFO mapreduce.Job:  map 100% reduce 80%
20/06/13 05:07:52 INFO mapreduce.Job:  map 100% reduce 81%
20/06/13 05:07:53 INFO mapreduce.Job:  map 100% reduce 82%
20/06/13 05:07:56 INFO mapreduce.Job:  map 100% reduce 83%
20/06/13 05:08:02 INFO mapreduce.Job:  map 100% reduce 84%
20/06/13 05:08:04 INFO mapreduce.Job:  map 100% reduce 85%
20/06/13 05:08:07 INFO mapreduce.Job:  map 100% reduce 86%
20/06/13 05:08:13 INFO mapreduce.Job:  map 100% reduce 87%
20/06/13 05:08:15 INFO mapreduce.Job:  map 100% reduce 88%
20/06/13 05:08:19 INFO mapreduce.Job:  map 100% reduce 89%
20/06/13 05:08:22 INFO mapreduce.Job:  map 100% reduce 90%
20/06/13 05:08:25 INFO mapreduce.Job:  map 100% reduce 91%
20/06/13 05:08:30 INFO mapreduce.Job:  map 100% reduce 92%
20/06/13 05:08:33 INFO mapreduce.Job:  map 100% reduce 93%
20/06/13 05:08:37 INFO mapreduce.Job:  map 100% reduce 94%
20/06/13 05:08:42 INFO mapreduce.Job:  map 100% reduce 95%
20/06/13 05:08:43 INFO mapreduce.Job:  map 100% reduce 96%
20/06/13 05:08:48 INFO mapreduce.Job:  map 100% reduce 97%
20/06/13 05:08:51 INFO mapreduce.Job:  map 100% reduce 98%
20/06/13 05:08:57 INFO mapreduce.Job:  map 100% reduce 99%
20/06/13 05:09:00 INFO mapreduce.Job:  map 100% reduce 100%
20/06/13 05:09:01 INFO mapreduce.Job: Job job_1591991354420_0004 completed successfully
20/06/13 05:09:01 INFO mapreduce.Job: Counters: 51
	File System Counters
		FILE: Number of bytes read=31975833942
		FILE: Number of bytes written=42736861393
		FILE: Number of read operations=0
		FILE: Number of large read operations=0
		FILE: Number of write operations=0
		HDFS: Number of bytes read=10774111043
		HDFS: Number of bytes written=10772839171
		HDFS: Number of read operations=329
		HDFS: Number of large read operations=0
		HDFS: Number of write operations=6
	Job Counters 
		Killed map tasks=4
		Launched map tasks=84
		Launched reduce tasks=3
		Data-local map tasks=77
		Rack-local map tasks=7
		Total time spent by all maps in occupied slots (ms)=1934198
		Total time spent by all reduces in occupied slots (ms)=1263417
		Total time spent by all map tasks (ms)=1934198
		Total time spent by all reduce tasks (ms)=1263417
		Total vcore-milliseconds taken by all map tasks=1934198
		Total vcore-milliseconds taken by all reduce tasks=1263417
		Total megabyte-milliseconds taken by all map tasks=1980618752
		Total megabyte-milliseconds taken by all reduce tasks=1293739008
	Map-Reduce Framework
		Map input records=1021228
		Map output records=1021228
		Map output bytes=10745673879
		Map output materialized bytes=10751416036
		Input split bytes=9040
		Combine input records=0
		Combine output records=0
		Reduce input groups=1021228
		Reduce shuffle bytes=10751416036
		Reduce input records=1021228
		Reduce output records=1021228
		Spilled Records=4058631
		Shuffled Maps =240
		Failed Shuffles=0
		Merged Map outputs=240
		GC time elapsed (ms)=19673
		CPU time spent (ms)=253350
		Physical memory (bytes) snapshot=21915574272
		Virtual memory (bytes) snapshot=175111933952
		Total committed heap usage (bytes)=16312696832
	Shuffle Errors
		BAD_ID=0
		CONNECTION=0
		IO_ERROR=0
		WRONG_LENGTH=0
		WRONG_MAP=0
		WRONG_REDUCE=0
	File Input Format Counters 
		Bytes Read=10774102003
	File Output Format Counters 
		Bytes Written=10772839171
