20/06/10 13:51:55 INFO client.RMProxy: Connecting to ResourceManager at master/10.51.17.95:8032
20/06/10 13:51:55 INFO client.RMProxy: Connecting to ResourceManager at master/10.51.17.95:8032
20/06/10 13:51:56 INFO input.FileInputFormat: Total input paths to process : 10
20/06/10 13:51:56 INFO mapreduce.JobSubmitter: number of splits:80
20/06/10 13:51:56 INFO mapreduce.JobSubmitter: Submitting tokens for job: job_1591764654524_0002
20/06/10 13:51:56 INFO impl.YarnClientImpl: Submitted application application_1591764654524_0002
20/06/10 13:51:56 INFO mapreduce.Job: The url to track the job: http://master:8088/proxy/application_1591764654524_0002/
20/06/10 13:51:56 INFO mapreduce.Job: Running job: job_1591764654524_0002
20/06/10 13:52:03 INFO mapreduce.Job: Job job_1591764654524_0002 running in uber mode : false
20/06/10 13:52:03 INFO mapreduce.Job:  map 0% reduce 0%
20/06/10 13:52:15 INFO mapreduce.Job:  map 3% reduce 0%
20/06/10 13:52:16 INFO mapreduce.Job:  map 8% reduce 0%
20/06/10 13:52:18 INFO mapreduce.Job:  map 11% reduce 0%
20/06/10 13:52:19 INFO mapreduce.Job:  map 16% reduce 0%
20/06/10 13:52:21 INFO mapreduce.Job:  map 17% reduce 0%
20/06/10 13:52:22 INFO mapreduce.Job:  map 18% reduce 0%
20/06/10 13:52:23 INFO mapreduce.Job:  map 19% reduce 0%
20/06/10 13:52:27 INFO mapreduce.Job:  map 20% reduce 0%
20/06/10 13:52:28 INFO mapreduce.Job:  map 23% reduce 0%
20/06/10 13:52:29 INFO mapreduce.Job:  map 25% reduce 0%
20/06/10 13:52:30 INFO mapreduce.Job:  map 26% reduce 0%
20/06/10 13:52:31 INFO mapreduce.Job:  map 27% reduce 0%
20/06/10 13:52:32 INFO mapreduce.Job:  map 27% reduce 1%
20/06/10 13:52:34 INFO mapreduce.Job:  map 28% reduce 1%
20/06/10 13:52:36 INFO mapreduce.Job:  map 29% reduce 1%
20/06/10 13:52:37 INFO mapreduce.Job:  map 30% reduce 1%
20/06/10 13:52:38 INFO mapreduce.Job:  map 30% reduce 4%
20/06/10 13:52:39 INFO mapreduce.Job:  map 31% reduce 4%
20/06/10 13:52:41 INFO mapreduce.Job:  map 32% reduce 5%
20/06/10 13:52:42 INFO mapreduce.Job:  map 33% reduce 5%
20/06/10 13:52:43 INFO mapreduce.Job:  map 37% reduce 5%
20/06/10 13:52:44 INFO mapreduce.Job:  map 37% reduce 6%
20/06/10 13:52:47 INFO mapreduce.Job:  map 38% reduce 6%
20/06/10 13:52:48 INFO mapreduce.Job:  map 39% reduce 6%
20/06/10 13:52:49 INFO mapreduce.Job:  map 40% reduce 7%
20/06/10 13:52:51 INFO mapreduce.Job:  map 41% reduce 7%
20/06/10 13:52:53 INFO mapreduce.Job:  map 42% reduce 7%
20/06/10 13:52:54 INFO mapreduce.Job:  map 42% reduce 8%
20/06/10 13:52:56 INFO mapreduce.Job:  map 43% reduce 8%
20/06/10 13:52:57 INFO mapreduce.Job:  map 45% reduce 8%
20/06/10 13:52:58 INFO mapreduce.Job:  map 46% reduce 8%
20/06/10 13:52:59 INFO mapreduce.Job:  map 47% reduce 9%
20/06/10 13:53:00 INFO mapreduce.Job:  map 48% reduce 9%
20/06/10 13:53:03 INFO mapreduce.Job:  map 49% reduce 9%
20/06/10 13:53:04 INFO mapreduce.Job:  map 50% reduce 9%
20/06/10 13:53:05 INFO mapreduce.Job:  map 50% reduce 10%
20/06/10 13:53:07 INFO mapreduce.Job:  map 51% reduce 10%
20/06/10 13:53:08 INFO mapreduce.Job:  map 52% reduce 11%
20/06/10 13:53:10 INFO mapreduce.Job:  map 53% reduce 11%
20/06/10 13:53:11 INFO mapreduce.Job:  map 53% reduce 12%
20/06/10 13:53:12 INFO mapreduce.Job:  map 54% reduce 12%
20/06/10 13:53:13 INFO mapreduce.Job:  map 55% reduce 12%
20/06/10 13:53:14 INFO mapreduce.Job:  map 56% reduce 12%
20/06/10 13:53:15 INFO mapreduce.Job:  map 57% reduce 12%
20/06/10 13:53:17 INFO mapreduce.Job:  map 58% reduce 12%
20/06/10 13:53:19 INFO mapreduce.Job:  map 60% reduce 12%
20/06/10 13:53:20 INFO mapreduce.Job:  map 60% reduce 13%
20/06/10 13:53:22 INFO mapreduce.Job:  map 61% reduce 13%
20/06/10 13:53:23 INFO mapreduce.Job:  map 62% reduce 14%
20/06/10 13:53:25 INFO mapreduce.Job:  map 63% reduce 14%
20/06/10 13:53:26 INFO mapreduce.Job:  map 64% reduce 14%
20/06/10 13:53:28 INFO mapreduce.Job:  map 65% reduce 14%
20/06/10 13:53:29 INFO mapreduce.Job:  map 66% reduce 15%
20/06/10 13:53:31 INFO mapreduce.Job:  map 68% reduce 15%
20/06/10 13:53:33 INFO mapreduce.Job:  map 69% reduce 15%
20/06/10 13:53:34 INFO mapreduce.Job:  map 70% reduce 15%
20/06/10 13:53:35 INFO mapreduce.Job:  map 70% reduce 16%
20/06/10 13:53:36 INFO mapreduce.Job:  map 71% reduce 16%
20/06/10 13:53:39 INFO mapreduce.Job:  map 71% reduce 17%
20/06/10 13:53:42 INFO mapreduce.Job:  map 71% reduce 18%
20/06/10 13:53:43 INFO mapreduce.Job:  map 72% reduce 18%
20/06/10 13:53:45 INFO mapreduce.Job:  map 73% reduce 18%
20/06/10 13:53:46 INFO mapreduce.Job:  map 74% reduce 18%
20/06/10 13:53:48 INFO mapreduce.Job:  map 75% reduce 19%
20/06/10 13:53:51 INFO mapreduce.Job:  map 76% reduce 19%
20/06/10 13:53:54 INFO mapreduce.Job:  map 77% reduce 19%
20/06/10 13:53:56 INFO mapreduce.Job:  map 77% reduce 20%
20/06/10 13:53:57 INFO mapreduce.Job:  map 78% reduce 20%
20/06/10 13:53:59 INFO mapreduce.Job:  map 78% reduce 21%
20/06/10 13:54:00 INFO mapreduce.Job:  map 79% reduce 21%
20/06/10 13:54:01 INFO mapreduce.Job:  map 80% reduce 21%
20/06/10 13:54:03 INFO mapreduce.Job:  map 80% reduce 22%
20/06/10 13:54:04 INFO mapreduce.Job:  map 81% reduce 22%
20/06/10 13:54:05 INFO mapreduce.Job:  map 82% reduce 23%
20/06/10 13:54:06 INFO mapreduce.Job:  map 83% reduce 23%
20/06/10 13:54:07 INFO mapreduce.Job:  map 85% reduce 23%
20/06/10 13:54:09 INFO mapreduce.Job:  map 86% reduce 23%
20/06/10 13:54:11 INFO mapreduce.Job:  map 88% reduce 23%
20/06/10 13:54:13 INFO mapreduce.Job:  map 89% reduce 23%
20/06/10 13:54:17 INFO mapreduce.Job:  map 89% reduce 24%
20/06/10 13:54:19 INFO mapreduce.Job:  map 90% reduce 24%
20/06/10 13:54:20 INFO mapreduce.Job:  map 91% reduce 25%
20/06/10 13:54:21 INFO mapreduce.Job:  map 92% reduce 25%
20/06/10 13:54:23 INFO mapreduce.Job:  map 93% reduce 25%
20/06/10 13:54:24 INFO mapreduce.Job:  map 95% reduce 25%
20/06/10 13:54:26 INFO mapreduce.Job:  map 96% reduce 25%
20/06/10 13:54:29 INFO mapreduce.Job:  map 97% reduce 26%
20/06/10 13:54:33 INFO mapreduce.Job:  map 98% reduce 26%
20/06/10 13:54:38 INFO mapreduce.Job:  map 98% reduce 27%
20/06/10 13:54:39 INFO mapreduce.Job:  map 99% reduce 27%
20/06/10 13:54:41 INFO mapreduce.Job:  map 99% reduce 28%
20/06/10 13:54:44 INFO mapreduce.Job:  map 99% reduce 29%
20/06/10 13:54:47 INFO mapreduce.Job:  map 99% reduce 30%
20/06/10 13:54:50 INFO mapreduce.Job:  map 99% reduce 31%
20/06/10 13:54:53 INFO mapreduce.Job:  map 99% reduce 32%
20/06/10 13:55:02 INFO mapreduce.Job:  map 99% reduce 33%
20/06/10 13:55:26 INFO mapreduce.Job:  map 100% reduce 33%
20/06/10 13:55:29 INFO mapreduce.Job:  map 100% reduce 62%
20/06/10 13:55:32 INFO mapreduce.Job:  map 100% reduce 68%
20/06/10 13:55:35 INFO mapreduce.Job:  map 100% reduce 69%
20/06/10 13:55:38 INFO mapreduce.Job:  map 100% reduce 71%
20/06/10 13:55:41 INFO mapreduce.Job:  map 100% reduce 72%
20/06/10 13:55:44 INFO mapreduce.Job:  map 100% reduce 74%
20/06/10 13:55:47 INFO mapreduce.Job:  map 100% reduce 75%
20/06/10 13:55:50 INFO mapreduce.Job:  map 100% reduce 76%
20/06/10 13:55:53 INFO mapreduce.Job:  map 100% reduce 78%
20/06/10 13:55:56 INFO mapreduce.Job:  map 100% reduce 80%
20/06/10 13:55:59 INFO mapreduce.Job:  map 100% reduce 82%
20/06/10 13:56:02 INFO mapreduce.Job:  map 100% reduce 83%
20/06/10 13:56:05 INFO mapreduce.Job:  map 100% reduce 85%
20/06/10 13:56:08 INFO mapreduce.Job:  map 100% reduce 87%
20/06/10 13:56:11 INFO mapreduce.Job:  map 100% reduce 88%
20/06/10 13:56:14 INFO mapreduce.Job:  map 100% reduce 89%
20/06/10 13:56:17 INFO mapreduce.Job:  map 100% reduce 91%
20/06/10 13:56:20 INFO mapreduce.Job:  map 100% reduce 92%
20/06/10 13:56:23 INFO mapreduce.Job:  map 100% reduce 94%
20/06/10 13:56:26 INFO mapreduce.Job:  map 100% reduce 95%
20/06/10 13:56:29 INFO mapreduce.Job:  map 100% reduce 97%
20/06/10 13:56:32 INFO mapreduce.Job:  map 100% reduce 98%
20/06/10 13:56:35 INFO mapreduce.Job:  map 100% reduce 99%
20/06/10 13:56:38 INFO mapreduce.Job:  map 100% reduce 100%
20/06/10 13:56:39 INFO mapreduce.Job: Job job_1591764654524_0002 completed successfully
20/06/10 13:56:39 INFO mapreduce.Job: Counters: 51
	File System Counters
		FILE: Number of bytes read=31975480111
		FILE: Number of bytes written=42736531318
		FILE: Number of read operations=0
		FILE: Number of large read operations=0
		FILE: Number of write operations=0
		HDFS: Number of bytes read=10774101970
		HDFS: Number of bytes written=10772884108
		HDFS: Number of read operations=329
		HDFS: Number of large read operations=0
		HDFS: Number of write operations=6
	Job Counters 
		Killed map tasks=2
		Launched map tasks=82
		Launched reduce tasks=3
		Data-local map tasks=63
		Rack-local map tasks=19
		Total time spent by all maps in occupied slots (ms)=1673646
		Total time spent by all reduces in occupied slots (ms)=733326
		Total time spent by all map tasks (ms)=1673646
		Total time spent by all reduce tasks (ms)=733326
		Total vcore-milliseconds taken by all map tasks=1673646
		Total vcore-milliseconds taken by all reduce tasks=733326
		Total megabyte-milliseconds taken by all map tasks=1713813504
		Total megabyte-milliseconds taken by all reduce tasks=750925824
	Map-Reduce Framework
		Map input records=1022768
		Map output records=1022768
		Map output bytes=10745686876
		Map output materialized bytes=10751438718
		Input split bytes=9040
		Combine input records=0
		Combine output records=0
		Reduce input groups=1022768
		Reduce shuffle bytes=10751438718
		Reduce input records=1022768
		Reduce output records=1022768
		Spilled Records=4064625
		Shuffled Maps =240
		Failed Shuffles=0
		Merged Map outputs=240
		GC time elapsed (ms)=13874
		CPU time spent (ms)=220680
		Physical memory (bytes) snapshot=21963255808
		Virtual memory (bytes) snapshot=175115223040
		Total committed heap usage (bytes)=16541286400
	Shuffle Errors
		BAD_ID=0
		CONNECTION=0
		IO_ERROR=0
		WRONG_LENGTH=0
		WRONG_MAP=0
		WRONG_REDUCE=0
	File Input Format Counters 
		Bytes Read=10774092930
	File Output Format Counters 
		Bytes Written=10772884108
