20/06/09 00:17:47 INFO client.RMProxy: Connecting to ResourceManager at master/10.51.17.95:8032
20/06/09 00:17:48 INFO input.FileInputFormat: Total input paths to process : 10
20/06/09 00:17:48 INFO mapreduce.JobSubmitter: number of splits:90
20/06/09 00:17:48 INFO mapreduce.JobSubmitter: Submitting tokens for job: job_1591626248766_0019
20/06/09 00:17:48 INFO impl.YarnClientImpl: Submitted application application_1591626248766_0019
20/06/09 00:17:48 INFO mapreduce.Job: The url to track the job: http://master:8088/proxy/application_1591626248766_0019/
20/06/09 00:17:48 INFO mapreduce.Job: Running job: job_1591626248766_0019
20/06/09 00:17:56 INFO mapreduce.Job: Job job_1591626248766_0019 running in uber mode : false
20/06/09 00:17:56 INFO mapreduce.Job:  map 0% reduce 0%
20/06/09 00:18:10 INFO mapreduce.Job:  map 1% reduce 0%
20/06/09 00:18:13 INFO mapreduce.Job:  map 3% reduce 0%
20/06/09 00:18:23 INFO mapreduce.Job:  map 4% reduce 0%
20/06/09 00:18:28 INFO mapreduce.Job:  map 5% reduce 0%
20/06/09 00:18:31 INFO mapreduce.Job:  map 6% reduce 0%
20/06/09 00:18:38 INFO mapreduce.Job:  map 7% reduce 0%
20/06/09 00:18:41 INFO mapreduce.Job:  map 8% reduce 0%
20/06/09 00:18:47 INFO mapreduce.Job:  map 9% reduce 0%
20/06/09 00:18:52 INFO mapreduce.Job:  map 10% reduce 0%
20/06/09 00:18:54 INFO mapreduce.Job:  map 11% reduce 0%
20/06/09 00:18:56 INFO mapreduce.Job:  map 12% reduce 0%
20/06/09 00:19:03 INFO mapreduce.Job:  map 13% reduce 0%
20/06/09 00:19:07 INFO mapreduce.Job:  map 14% reduce 0%
20/06/09 00:19:11 INFO mapreduce.Job:  map 15% reduce 0%
20/06/09 00:19:13 INFO mapreduce.Job:  map 16% reduce 0%
20/06/09 00:19:14 INFO mapreduce.Job:  map 17% reduce 0%
20/06/09 00:19:18 INFO mapreduce.Job:  map 18% reduce 0%
20/06/09 00:19:22 INFO mapreduce.Job:  map 18% reduce 5%
20/06/09 00:19:26 INFO mapreduce.Job:  map 19% reduce 5%
20/06/09 00:19:30 INFO mapreduce.Job:  map 20% reduce 5%
20/06/09 00:19:36 INFO mapreduce.Job:  map 21% reduce 5%
20/06/09 00:19:42 INFO mapreduce.Job:  map 22% reduce 5%
20/06/09 00:19:48 INFO mapreduce.Job:  map 23% reduce 5%
20/06/09 00:19:50 INFO mapreduce.Job:  map 24% reduce 6%
20/06/09 00:19:52 INFO mapreduce.Job:  map 25% reduce 6%
20/06/09 00:19:53 INFO mapreduce.Job:  map 25% reduce 7%
20/06/09 00:19:55 INFO mapreduce.Job:  map 26% reduce 7%
20/06/09 00:20:02 INFO mapreduce.Job:  map 27% reduce 7%
20/06/09 00:20:06 INFO mapreduce.Job:  map 28% reduce 7%
20/06/09 00:20:11 INFO mapreduce.Job:  map 29% reduce 7%
20/06/09 00:20:15 INFO mapreduce.Job:  map 30% reduce 7%
20/06/09 00:20:18 INFO mapreduce.Job:  map 30% reduce 8%
20/06/09 00:20:22 INFO mapreduce.Job:  map 31% reduce 8%
20/06/09 00:20:24 INFO mapreduce.Job:  map 32% reduce 9%
20/06/09 00:20:25 INFO mapreduce.Job:  map 33% reduce 9%
20/06/09 00:20:27 INFO mapreduce.Job:  map 33% reduce 10%
20/06/09 00:20:29 INFO mapreduce.Job:  map 34% reduce 10%
20/06/09 00:20:36 INFO mapreduce.Job:  map 35% reduce 10%
20/06/09 00:20:39 INFO mapreduce.Job:  map 36% reduce 10%
20/06/09 00:20:46 INFO mapreduce.Job:  map 37% reduce 10%
20/06/09 00:20:47 INFO mapreduce.Job:  map 38% reduce 10%
20/06/09 00:20:48 INFO mapreduce.Job:  map 38% reduce 11%
20/06/09 00:20:52 INFO mapreduce.Job:  map 39% reduce 12%
20/06/09 00:20:56 INFO mapreduce.Job:  map 40% reduce 12%
20/06/09 00:21:01 INFO mapreduce.Job:  map 41% reduce 12%
20/06/09 00:21:06 INFO mapreduce.Job:  map 42% reduce 12%
20/06/09 00:21:11 INFO mapreduce.Job:  map 43% reduce 12%
20/06/09 00:21:16 INFO mapreduce.Job:  map 44% reduce 12%
20/06/09 00:21:20 INFO mapreduce.Job:  map 45% reduce 12%
20/06/09 00:21:24 INFO mapreduce.Job:  map 45% reduce 13%
20/06/09 00:21:26 INFO mapreduce.Job:  map 46% reduce 13%
20/06/09 00:21:29 INFO mapreduce.Job:  map 47% reduce 13%
20/06/09 00:21:30 INFO mapreduce.Job:  map 47% reduce 14%
20/06/09 00:21:32 INFO mapreduce.Job:  map 48% reduce 14%
20/06/09 00:21:35 INFO mapreduce.Job:  map 49% reduce 14%
20/06/09 00:21:37 INFO mapreduce.Job:  map 49% reduce 15%
20/06/09 00:21:42 INFO mapreduce.Job:  map 50% reduce 15%
20/06/09 00:21:44 INFO mapreduce.Job:  map 51% reduce 15%
20/06/09 00:21:45 INFO mapreduce.Job:  map 52% reduce 15%
20/06/09 00:21:46 INFO mapreduce.Job:  map 52% reduce 16%
20/06/09 00:21:49 INFO mapreduce.Job:  map 52% reduce 17%
20/06/09 00:21:53 INFO mapreduce.Job:  map 53% reduce 17%
20/06/09 00:21:55 INFO mapreduce.Job:  map 54% reduce 17%
20/06/09 00:21:59 INFO mapreduce.Job:  map 55% reduce 17%
20/06/09 00:22:07 INFO mapreduce.Job:  map 56% reduce 17%
20/06/09 00:22:10 INFO mapreduce.Job:  map 57% reduce 17%
20/06/09 00:22:17 INFO mapreduce.Job:  map 58% reduce 17%
20/06/09 00:22:22 INFO mapreduce.Job:  map 59% reduce 17%
20/06/09 00:22:26 INFO mapreduce.Job:  map 60% reduce 17%
20/06/09 00:22:29 INFO mapreduce.Job:  map 61% reduce 17%
20/06/09 00:22:32 INFO mapreduce.Job:  map 61% reduce 18%
20/06/09 00:22:33 INFO mapreduce.Job:  map 62% reduce 18%
20/06/09 00:22:35 INFO mapreduce.Job:  map 62% reduce 19%
20/06/09 00:22:37 INFO mapreduce.Job:  map 63% reduce 19%
20/06/09 00:22:39 INFO mapreduce.Job:  map 64% reduce 19%
20/06/09 00:22:41 INFO mapreduce.Job:  map 64% reduce 20%
20/06/09 00:22:43 INFO mapreduce.Job:  map 65% reduce 20%
20/06/09 00:22:44 INFO mapreduce.Job:  map 65% reduce 21%
20/06/09 00:22:45 INFO mapreduce.Job:  map 66% reduce 21%
20/06/09 00:22:49 INFO mapreduce.Job:  map 67% reduce 21%
20/06/09 00:22:50 INFO mapreduce.Job:  map 67% reduce 22%
20/06/09 00:22:56 INFO mapreduce.Job:  map 68% reduce 22%
20/06/09 00:22:59 INFO mapreduce.Job:  map 69% reduce 22%
20/06/09 00:23:05 INFO mapreduce.Job:  map 70% reduce 22%
20/06/09 00:23:11 INFO mapreduce.Job:  map 71% reduce 22%
20/06/09 00:23:15 INFO mapreduce.Job:  map 72% reduce 22%
20/06/09 00:23:21 INFO mapreduce.Job:  map 73% reduce 22%
20/06/09 00:23:24 INFO mapreduce.Job:  map 74% reduce 22%
20/06/09 00:23:33 INFO mapreduce.Job:  map 75% reduce 22%
20/06/09 00:23:35 INFO mapreduce.Job:  map 76% reduce 22%
20/06/09 00:23:36 INFO mapreduce.Job:  map 76% reduce 23%
20/06/09 00:23:37 INFO mapreduce.Job:  map 77% reduce 23%
20/06/09 00:23:39 INFO mapreduce.Job:  map 78% reduce 24%
20/06/09 00:23:42 INFO mapreduce.Job:  map 78% reduce 25%
20/06/09 00:23:44 INFO mapreduce.Job:  map 79% reduce 25%
20/06/09 00:23:48 INFO mapreduce.Job:  map 80% reduce 26%
20/06/09 00:23:50 INFO mapreduce.Job:  map 81% reduce 26%
20/06/09 00:23:54 INFO mapreduce.Job:  map 82% reduce 26%
20/06/09 00:23:57 INFO mapreduce.Job:  map 83% reduce 27%
20/06/09 00:24:01 INFO mapreduce.Job:  map 85% reduce 27%
20/06/09 00:24:03 INFO mapreduce.Job:  map 86% reduce 27%
20/06/09 00:24:07 INFO mapreduce.Job:  map 87% reduce 27%
20/06/09 00:24:08 INFO mapreduce.Job:  map 88% reduce 27%
20/06/09 00:24:10 INFO mapreduce.Job:  map 89% reduce 27%
20/06/09 00:24:12 INFO mapreduce.Job:  map 89% reduce 28%
20/06/09 00:24:17 INFO mapreduce.Job:  map 90% reduce 28%
20/06/09 00:24:18 INFO mapreduce.Job:  map 91% reduce 28%
20/06/09 00:24:19 INFO mapreduce.Job:  map 91% reduce 29%
20/06/09 00:24:22 INFO mapreduce.Job:  map 92% reduce 29%
20/06/09 00:24:23 INFO mapreduce.Job:  map 93% reduce 29%
20/06/09 00:24:24 INFO mapreduce.Job:  map 94% reduce 29%
20/06/09 00:24:29 INFO mapreduce.Job:  map 95% reduce 29%
20/06/09 00:24:31 INFO mapreduce.Job:  map 96% reduce 29%
20/06/09 00:24:32 INFO mapreduce.Job:  map 97% reduce 29%
20/06/09 00:24:33 INFO mapreduce.Job:  map 98% reduce 29%
20/06/09 00:24:34 INFO mapreduce.Job:  map 98% reduce 31%
20/06/09 00:24:38 INFO mapreduce.Job:  map 99% reduce 31%
20/06/09 00:24:39 INFO mapreduce.Job:  map 100% reduce 31%
20/06/09 00:24:40 INFO mapreduce.Job:  map 100% reduce 33%
20/06/09 00:24:43 INFO mapreduce.Job:  map 100% reduce 70%
20/06/09 00:24:46 INFO mapreduce.Job:  map 100% reduce 76%
20/06/09 00:24:49 INFO mapreduce.Job:  map 100% reduce 81%
20/06/09 00:24:52 INFO mapreduce.Job:  map 100% reduce 88%
20/06/09 00:24:55 INFO mapreduce.Job:  map 100% reduce 100%
20/06/09 00:24:56 INFO mapreduce.Job: Job job_1591626248766_0019 completed successfully
20/06/09 00:24:56 INFO mapreduce.Job: Counters: 51
	File System Counters
		FILE: Number of bytes read=1463898918
		FILE: Number of bytes written=2183161552
		FILE: Number of read operations=0
		FILE: Number of large read operations=0
		FILE: Number of write operations=0
		HDFS: Number of bytes read=11025602823
		HDFS: Number of bytes written=339507192
		HDFS: Number of read operations=273
		HDFS: Number of large read operations=0
		HDFS: Number of write operations=2
	Job Counters 
		Killed map tasks=1
		Launched map tasks=91
		Launched reduce tasks=1
		Data-local map tasks=89
		Rack-local map tasks=2
		Total time spent by all maps in occupied slots (ms)=5150883
		Total time spent by all reduces in occupied slots (ms)=345928
		Total time spent by all map tasks (ms)=5150883
		Total time spent by all reduce tasks (ms)=345928
		Total vcore-milliseconds taken by all map tasks=5150883
		Total vcore-milliseconds taken by all reduce tasks=345928
		Total megabyte-milliseconds taken by all map tasks=5274504192
		Total megabyte-milliseconds taken by all reduce tasks=354230272
	Map-Reduce Framework
		Map input records=723765
		Map output records=1010241729
		Map output bytes=15221843885
		Map output materialized bytes=708082990
		Input split bytes=10530
		Combine input records=1035010565
		Combine output records=47410914
		Reduce input groups=9907213
		Reduce shuffle bytes=708082990
		Reduce input records=22642078
		Reduce output records=9907213
		Spilled Records=70052992
		Shuffled Maps =90
		Failed Shuffles=0
		Merged Map outputs=90
		GC time elapsed (ms)=101232
		CPU time spent (ms)=2067690
		Physical memory (bytes) snapshot=25073745920
		Virtual memory (bytes) snapshot=191978250240
		Total committed heap usage (bytes)=18918932480
	Shuffle Errors
		BAD_ID=0
		CONNECTION=0
		IO_ERROR=0
		WRONG_LENGTH=0
		WRONG_MAP=0
		WRONG_REDUCE=0
	File Input Format Counters 
		Bytes Read=11025592293
	File Output Format Counters 
		Bytes Written=339507192
