20/06/08 23:55:00 INFO client.RMProxy: Connecting to ResourceManager at master/10.51.17.95:8032
20/06/08 23:55:01 INFO input.FileInputFormat: Total input paths to process : 10
20/06/08 23:55:01 INFO mapreduce.JobSubmitter: number of splits:90
20/06/08 23:55:01 INFO mapreduce.JobSubmitter: Submitting tokens for job: job_1591626248766_0012
20/06/08 23:55:02 INFO impl.YarnClientImpl: Submitted application application_1591626248766_0012
20/06/08 23:55:02 INFO mapreduce.Job: The url to track the job: http://master:8088/proxy/application_1591626248766_0012/
20/06/08 23:55:02 INFO mapreduce.Job: Running job: job_1591626248766_0012
20/06/08 23:55:10 INFO mapreduce.Job: Job job_1591626248766_0012 running in uber mode : false
20/06/08 23:55:10 INFO mapreduce.Job:  map 0% reduce 0%
20/06/08 23:55:24 INFO mapreduce.Job:  map 1% reduce 0%
20/06/08 23:55:25 INFO mapreduce.Job:  map 2% reduce 0%
20/06/08 23:55:27 INFO mapreduce.Job:  map 3% reduce 0%
20/06/08 23:55:36 INFO mapreduce.Job:  map 4% reduce 0%
20/06/08 23:55:41 INFO mapreduce.Job:  map 5% reduce 0%
20/06/08 23:55:46 INFO mapreduce.Job:  map 6% reduce 0%
20/06/08 23:55:52 INFO mapreduce.Job:  map 7% reduce 0%
20/06/08 23:55:54 INFO mapreduce.Job:  map 8% reduce 0%
20/06/08 23:55:59 INFO mapreduce.Job:  map 9% reduce 0%
20/06/08 23:56:04 INFO mapreduce.Job:  map 10% reduce 0%
20/06/08 23:56:06 INFO mapreduce.Job:  map 11% reduce 0%
20/06/08 23:56:09 INFO mapreduce.Job:  map 12% reduce 0%
20/06/08 23:56:14 INFO mapreduce.Job:  map 13% reduce 0%
20/06/08 23:56:18 INFO mapreduce.Job:  map 14% reduce 0%
20/06/08 23:56:21 INFO mapreduce.Job:  map 15% reduce 0%
20/06/08 23:56:22 INFO mapreduce.Job:  map 16% reduce 0%
20/06/08 23:56:25 INFO mapreduce.Job:  map 17% reduce 0%
20/06/08 23:56:30 INFO mapreduce.Job:  map 18% reduce 0%
20/06/08 23:56:34 INFO mapreduce.Job:  map 18% reduce 5%
20/06/08 23:56:37 INFO mapreduce.Job:  map 19% reduce 5%
20/06/08 23:56:40 INFO mapreduce.Job:  map 20% reduce 5%
20/06/08 23:56:46 INFO mapreduce.Job:  map 21% reduce 5%
20/06/08 23:56:50 INFO mapreduce.Job:  map 22% reduce 5%
20/06/08 23:56:51 INFO mapreduce.Job:  map 23% reduce 5%
20/06/08 23:56:53 INFO mapreduce.Job:  map 23% reduce 6%
20/06/08 23:56:59 INFO mapreduce.Job:  map 24% reduce 6%
20/06/08 23:57:02 INFO mapreduce.Job:  map 25% reduce 6%
20/06/08 23:57:04 INFO mapreduce.Job:  map 26% reduce 6%
20/06/08 23:57:05 INFO mapreduce.Job:  map 26% reduce 7%
20/06/08 23:57:11 INFO mapreduce.Job:  map 27% reduce 7%
20/06/08 23:57:14 INFO mapreduce.Job:  map 28% reduce 7%
20/06/08 23:57:20 INFO mapreduce.Job:  map 29% reduce 7%
20/06/08 23:57:23 INFO mapreduce.Job:  map 30% reduce 7%
20/06/08 23:57:25 INFO mapreduce.Job:  map 31% reduce 7%
20/06/08 23:57:26 INFO mapreduce.Job:  map 31% reduce 8%
20/06/08 23:57:27 INFO mapreduce.Job:  map 32% reduce 8%
20/06/08 23:57:29 INFO mapreduce.Job:  map 32% reduce 9%
20/06/08 23:57:33 INFO mapreduce.Job:  map 33% reduce 10%
20/06/08 23:57:39 INFO mapreduce.Job:  map 34% reduce 10%
20/06/08 23:57:42 INFO mapreduce.Job:  map 35% reduce 10%
20/06/08 23:57:46 INFO mapreduce.Job:  map 36% reduce 10%
20/06/08 23:57:51 INFO mapreduce.Job:  map 37% reduce 10%
20/06/08 23:57:54 INFO mapreduce.Job:  map 38% reduce 11%
20/06/08 23:57:57 INFO mapreduce.Job:  map 39% reduce 11%
20/06/08 23:58:00 INFO mapreduce.Job:  map 39% reduce 12%
20/06/08 23:58:02 INFO mapreduce.Job:  map 40% reduce 12%
20/06/08 23:58:07 INFO mapreduce.Job:  map 41% reduce 12%
20/06/08 23:58:11 INFO mapreduce.Job:  map 42% reduce 12%
20/06/08 23:58:16 INFO mapreduce.Job:  map 43% reduce 12%
20/06/08 23:58:21 INFO mapreduce.Job:  map 44% reduce 12%
20/06/08 23:58:26 INFO mapreduce.Job:  map 45% reduce 12%
20/06/08 23:58:28 INFO mapreduce.Job:  map 45% reduce 13%
20/06/08 23:58:30 INFO mapreduce.Job:  map 46% reduce 13%
20/06/08 23:58:32 INFO mapreduce.Job:  map 47% reduce 13%
20/06/08 23:58:33 INFO mapreduce.Job:  map 48% reduce 13%
20/06/08 23:58:34 INFO mapreduce.Job:  map 48% reduce 14%
20/06/08 23:58:37 INFO mapreduce.Job:  map 48% reduce 15%
20/06/08 23:58:38 INFO mapreduce.Job:  map 49% reduce 15%
20/06/08 23:58:43 INFO mapreduce.Job:  map 50% reduce 15%
20/06/08 23:58:48 INFO mapreduce.Job:  map 51% reduce 15%
20/06/08 23:58:49 INFO mapreduce.Job:  map 51% reduce 16%
20/06/08 23:58:50 INFO mapreduce.Job:  map 52% reduce 16%
20/06/08 23:58:53 INFO mapreduce.Job:  map 53% reduce 16%
20/06/08 23:58:56 INFO mapreduce.Job:  map 53% reduce 17%
20/06/08 23:58:59 INFO mapreduce.Job:  map 54% reduce 17%
20/06/08 23:59:03 INFO mapreduce.Job:  map 55% reduce 17%
20/06/08 23:59:08 INFO mapreduce.Job:  map 56% reduce 17%
20/06/08 23:59:12 INFO mapreduce.Job:  map 57% reduce 17%
20/06/08 23:59:18 INFO mapreduce.Job:  map 58% reduce 17%
20/06/08 23:59:23 INFO mapreduce.Job:  map 59% reduce 17%
20/06/08 23:59:28 INFO mapreduce.Job:  map 60% reduce 17%
20/06/08 23:59:32 INFO mapreduce.Job:  map 61% reduce 18%
20/06/08 23:59:35 INFO mapreduce.Job:  map 62% reduce 18%
20/06/08 23:59:37 INFO mapreduce.Job:  map 63% reduce 18%
20/06/08 23:59:38 INFO mapreduce.Job:  map 63% reduce 20%
20/06/08 23:59:39 INFO mapreduce.Job:  map 64% reduce 20%
20/06/08 23:59:45 INFO mapreduce.Job:  map 66% reduce 20%
20/06/08 23:59:47 INFO mapreduce.Job:  map 66% reduce 21%
20/06/08 23:59:50 INFO mapreduce.Job:  map 67% reduce 21%
20/06/08 23:59:53 INFO mapreduce.Job:  map 67% reduce 22%
20/06/08 23:59:54 INFO mapreduce.Job:  map 68% reduce 22%
20/06/08 23:59:59 INFO mapreduce.Job:  map 69% reduce 22%
20/06/09 00:00:04 INFO mapreduce.Job:  map 70% reduce 22%
20/06/09 00:00:11 INFO mapreduce.Job:  map 71% reduce 22%
20/06/09 00:00:15 INFO mapreduce.Job:  map 72% reduce 22%
20/06/09 00:00:20 INFO mapreduce.Job:  map 73% reduce 22%
20/06/09 00:00:25 INFO mapreduce.Job:  map 74% reduce 22%
20/06/09 00:00:29 INFO mapreduce.Job:  map 75% reduce 22%
20/06/09 00:00:33 INFO mapreduce.Job:  map 76% reduce 23%
20/06/09 00:00:37 INFO mapreduce.Job:  map 77% reduce 23%
20/06/09 00:00:38 INFO mapreduce.Job:  map 78% reduce 23%
20/06/09 00:00:39 INFO mapreduce.Job:  map 78% reduce 24%
20/06/09 00:00:40 INFO mapreduce.Job:  map 79% reduce 24%
20/06/09 00:00:42 INFO mapreduce.Job:  map 80% reduce 26%
20/06/09 00:00:45 INFO mapreduce.Job:  map 80% reduce 27%
20/06/09 00:00:46 INFO mapreduce.Job:  map 81% reduce 27%
20/06/09 00:00:52 INFO mapreduce.Job:  map 82% reduce 27%
20/06/09 00:00:54 INFO mapreduce.Job:  map 83% reduce 27%
20/06/09 00:00:56 INFO mapreduce.Job:  map 84% reduce 27%
20/06/09 00:00:57 INFO mapreduce.Job:  map 85% reduce 27%
20/06/09 00:00:58 INFO mapreduce.Job:  map 86% reduce 27%
20/06/09 00:01:01 INFO mapreduce.Job:  map 87% reduce 27%
20/06/09 00:01:03 INFO mapreduce.Job:  map 88% reduce 27%
20/06/09 00:01:04 INFO mapreduce.Job:  map 88% reduce 28%
20/06/09 00:01:08 INFO mapreduce.Job:  map 89% reduce 28%
20/06/09 00:01:10 INFO mapreduce.Job:  map 89% reduce 29%
20/06/09 00:01:12 INFO mapreduce.Job:  map 90% reduce 29%
20/06/09 00:01:14 INFO mapreduce.Job:  map 92% reduce 29%
20/06/09 00:01:17 INFO mapreduce.Job:  map 93% reduce 29%
20/06/09 00:01:18 INFO mapreduce.Job:  map 94% reduce 29%
20/06/09 00:01:21 INFO mapreduce.Job:  map 95% reduce 29%
20/06/09 00:01:22 INFO mapreduce.Job:  map 96% reduce 30%
20/06/09 00:01:24 INFO mapreduce.Job:  map 97% reduce 30%
20/06/09 00:01:26 INFO mapreduce.Job:  map 98% reduce 30%
20/06/09 00:01:28 INFO mapreduce.Job:  map 98% reduce 31%
20/06/09 00:01:30 INFO mapreduce.Job:  map 99% reduce 31%
20/06/09 00:01:31 INFO mapreduce.Job:  map 99% reduce 32%
20/06/09 00:01:33 INFO mapreduce.Job:  map 100% reduce 32%
20/06/09 00:01:34 INFO mapreduce.Job:  map 100% reduce 33%
20/06/09 00:01:37 INFO mapreduce.Job:  map 100% reduce 70%
20/06/09 00:01:40 INFO mapreduce.Job:  map 100% reduce 76%
20/06/09 00:01:43 INFO mapreduce.Job:  map 100% reduce 82%
20/06/09 00:01:46 INFO mapreduce.Job:  map 100% reduce 88%
20/06/09 00:01:49 INFO mapreduce.Job:  map 100% reduce 100%
20/06/09 00:01:51 INFO mapreduce.Job: Job job_1591626248766_0012 completed successfully
20/06/09 00:01:51 INFO mapreduce.Job: Counters: 51
	File System Counters
		FILE: Number of bytes read=1509688378
		FILE: Number of bytes written=2251914755
		FILE: Number of read operations=0
		FILE: Number of large read operations=0
		FILE: Number of write operations=0
		HDFS: Number of bytes read=11025630340
		HDFS: Number of bytes written=359187612
		HDFS: Number of read operations=273
		HDFS: Number of large read operations=0
		HDFS: Number of write operations=2
	Job Counters 
		Killed map tasks=1
		Launched map tasks=90
		Launched reduce tasks=1
		Data-local map tasks=89
		Rack-local map tasks=1
		Total time spent by all maps in occupied slots (ms)=4861170
		Total time spent by all reduces in occupied slots (ms)=328493
		Total time spent by all map tasks (ms)=4861170
		Total time spent by all reduce tasks (ms)=328493
		Total vcore-milliseconds taken by all map tasks=4861170
		Total vcore-milliseconds taken by all reduce tasks=328493
		Total megabyte-milliseconds taken by all map tasks=4977838080
		Total megabyte-milliseconds taken by all reduce tasks=336376832
	Map-Reduce Framework
		Map input records=266920
		Map output records=1008841340
		Map output bytes=15218524787
		Map output materialized bytes=731046733
		Input split bytes=10530
		Combine input records=1033604161
		Combine output records=47399959
		Reduce input groups=9906925
		Reduce shuffle bytes=731046733
		Reduce input records=22637138
		Reduce output records=9906925
		Spilled Records=70037097
		Shuffled Maps =90
		Failed Shuffles=0
		Merged Map outputs=90
		GC time elapsed (ms)=98595
		CPU time spent (ms)=1970450
		Physical memory (bytes) snapshot=25067778048
		Virtual memory (bytes) snapshot=191942692864
		Total committed heap usage (bytes)=18914738176
	Shuffle Errors
		BAD_ID=0
		CONNECTION=0
		IO_ERROR=0
		WRONG_LENGTH=0
		WRONG_MAP=0
		WRONG_REDUCE=0
	File Input Format Counters 
		Bytes Read=11025619810
	File Output Format Counters 
		Bytes Written=359187612
