20/06/14 09:27:30 INFO client.RMProxy: Connecting to ResourceManager at master/10.51.17.95:8032
20/06/14 09:27:31 INFO input.FileInputFormat: Total input paths to process : 10
20/06/14 09:27:32 INFO mapreduce.JobSubmitter: number of splits:90
20/06/14 09:27:32 INFO mapreduce.JobSubmitter: Submitting tokens for job: job_1592089328567_0021
20/06/14 09:27:33 INFO impl.YarnClientImpl: Submitted application application_1592089328567_0021
20/06/14 09:27:33 INFO mapreduce.Job: The url to track the job: http://master:8088/proxy/application_1592089328567_0021/
20/06/14 09:27:33 INFO mapreduce.Job: Running job: job_1592089328567_0021
20/06/14 09:27:39 INFO mapreduce.Job: Job job_1592089328567_0021 running in uber mode : false
20/06/14 09:27:39 INFO mapreduce.Job:  map 0% reduce 0%
20/06/14 09:27:50 INFO mapreduce.Job:  map 1% reduce 0%
20/06/14 09:27:53 INFO mapreduce.Job:  map 2% reduce 0%
20/06/14 09:27:59 INFO mapreduce.Job:  map 3% reduce 0%
20/06/14 09:28:05 INFO mapreduce.Job:  map 4% reduce 0%
20/06/14 09:28:09 INFO mapreduce.Job:  map 6% reduce 0%
20/06/14 09:28:18 INFO mapreduce.Job:  map 7% reduce 0%
20/06/14 09:28:23 INFO mapreduce.Job:  map 8% reduce 0%
20/06/14 09:28:30 INFO mapreduce.Job:  map 9% reduce 0%
20/06/14 09:28:32 INFO mapreduce.Job:  map 10% reduce 0%
20/06/14 09:28:37 INFO mapreduce.Job:  map 11% reduce 0%
20/06/14 09:28:39 INFO mapreduce.Job:  map 12% reduce 0%
20/06/14 09:28:48 INFO mapreduce.Job:  map 13% reduce 0%
20/06/14 09:28:50 INFO mapreduce.Job:  map 13% reduce 4%
20/06/14 09:28:55 INFO mapreduce.Job:  map 14% reduce 4%
20/06/14 09:28:59 INFO mapreduce.Job:  map 15% reduce 4%
20/06/14 09:29:04 INFO mapreduce.Job:  map 16% reduce 4%
20/06/14 09:29:05 INFO mapreduce.Job:  map 16% reduce 5%
20/06/14 09:29:12 INFO mapreduce.Job:  map 17% reduce 5%
20/06/14 09:29:15 INFO mapreduce.Job:  map 18% reduce 5%
20/06/14 09:29:20 INFO mapreduce.Job:  map 19% reduce 6%
20/06/14 09:29:26 INFO mapreduce.Job:  map 20% reduce 6%
20/06/14 09:29:29 INFO mapreduce.Job:  map 21% reduce 7%
20/06/14 09:29:36 INFO mapreduce.Job:  map 22% reduce 7%
20/06/14 09:29:42 INFO mapreduce.Job:  map 23% reduce 7%
20/06/14 09:29:48 INFO mapreduce.Job:  map 24% reduce 7%
20/06/14 09:29:52 INFO mapreduce.Job:  map 25% reduce 7%
20/06/14 09:29:53 INFO mapreduce.Job:  map 25% reduce 8%
20/06/14 09:29:59 INFO mapreduce.Job:  map 26% reduce 8%
20/06/14 09:30:04 INFO mapreduce.Job:  map 27% reduce 8%
20/06/14 09:30:08 INFO mapreduce.Job:  map 28% reduce 9%
20/06/14 09:30:15 INFO mapreduce.Job:  map 29% reduce 9%
20/06/14 09:30:17 INFO mapreduce.Job:  map 30% reduce 9%
20/06/14 09:30:20 INFO mapreduce.Job:  map 30% reduce 10%
20/06/14 09:30:25 INFO mapreduce.Job:  map 31% reduce 10%
20/06/14 09:30:29 INFO mapreduce.Job:  map 32% reduce 10%
20/06/14 09:30:37 INFO mapreduce.Job:  map 33% reduce 10%
20/06/14 09:30:40 INFO mapreduce.Job:  map 34% reduce 10%
20/06/14 09:30:41 INFO mapreduce.Job:  map 34% reduce 11%
20/06/14 09:30:46 INFO mapreduce.Job:  map 35% reduce 11%
20/06/14 09:30:52 INFO mapreduce.Job:  map 36% reduce 11%
20/06/14 09:30:55 INFO mapreduce.Job:  map 37% reduce 11%
20/06/14 09:30:56 INFO mapreduce.Job:  map 37% reduce 12%
20/06/14 09:31:01 INFO mapreduce.Job:  map 38% reduce 12%
20/06/14 09:31:05 INFO mapreduce.Job:  map 38% reduce 13%
20/06/14 09:31:06 INFO mapreduce.Job:  map 39% reduce 13%
20/06/14 09:31:12 INFO mapreduce.Job:  map 40% reduce 13%
20/06/14 09:31:15 INFO mapreduce.Job:  map 41% reduce 13%
20/06/14 09:31:23 INFO mapreduce.Job:  map 42% reduce 13%
20/06/14 09:31:26 INFO mapreduce.Job:  map 43% reduce 14%
20/06/14 09:31:32 INFO mapreduce.Job:  map 44% reduce 14%
20/06/14 09:31:38 INFO mapreduce.Job:  map 45% reduce 14%
20/06/14 09:31:42 INFO mapreduce.Job:  map 46% reduce 14%
20/06/14 09:31:45 INFO mapreduce.Job:  map 46% reduce 15%
20/06/14 09:31:48 INFO mapreduce.Job:  map 47% reduce 15%
20/06/14 09:31:51 INFO mapreduce.Job:  map 47% reduce 16%
20/06/14 09:31:53 INFO mapreduce.Job:  map 48% reduce 16%
20/06/14 09:31:59 INFO mapreduce.Job:  map 49% reduce 16%
20/06/14 09:32:05 INFO mapreduce.Job:  map 50% reduce 16%
20/06/14 09:32:10 INFO mapreduce.Job:  map 51% reduce 16%
20/06/14 09:32:12 INFO mapreduce.Job:  map 51% reduce 17%
20/06/14 09:32:13 INFO mapreduce.Job:  map 52% reduce 17%
20/06/14 09:32:22 INFO mapreduce.Job:  map 53% reduce 17%
20/06/14 09:32:25 INFO mapreduce.Job:  map 54% reduce 17%
20/06/14 09:32:30 INFO mapreduce.Job:  map 54% reduce 18%
20/06/14 09:32:31 INFO mapreduce.Job:  map 55% reduce 18%
20/06/14 09:32:35 INFO mapreduce.Job:  map 56% reduce 18%
20/06/14 09:32:39 INFO mapreduce.Job:  map 56% reduce 19%
20/06/14 09:32:42 INFO mapreduce.Job:  map 57% reduce 19%
20/06/14 09:32:46 INFO mapreduce.Job:  map 58% reduce 19%
20/06/14 09:32:51 INFO mapreduce.Job:  map 59% reduce 19%
20/06/14 09:32:58 INFO mapreduce.Job:  map 60% reduce 19%
20/06/14 09:33:00 INFO mapreduce.Job:  map 60% reduce 20%
20/06/14 09:33:01 INFO mapreduce.Job:  map 61% reduce 20%
20/06/14 09:33:08 INFO mapreduce.Job:  map 62% reduce 20%
20/06/14 09:33:12 INFO mapreduce.Job:  map 63% reduce 20%
20/06/14 09:33:16 INFO mapreduce.Job:  map 63% reduce 21%
20/06/14 09:33:19 INFO mapreduce.Job:  map 64% reduce 21%
20/06/14 09:33:23 INFO mapreduce.Job:  map 65% reduce 21%
20/06/14 09:33:29 INFO mapreduce.Job:  map 66% reduce 21%
20/06/14 09:33:33 INFO mapreduce.Job:  map 67% reduce 21%
20/06/14 09:33:37 INFO mapreduce.Job:  map 68% reduce 22%
20/06/14 09:33:44 INFO mapreduce.Job:  map 69% reduce 22%
20/06/14 09:33:46 INFO mapreduce.Job:  map 69% reduce 23%
20/06/14 09:33:47 INFO mapreduce.Job:  map 70% reduce 23%
20/06/14 09:33:51 INFO mapreduce.Job:  map 71% reduce 23%
20/06/14 09:33:54 INFO mapreduce.Job:  map 72% reduce 23%
20/06/14 09:33:55 INFO mapreduce.Job:  map 72% reduce 24%
20/06/14 09:33:57 INFO mapreduce.Job:  map 73% reduce 24%
20/06/14 09:33:58 INFO mapreduce.Job:  map 74% reduce 24%
20/06/14 09:34:01 INFO mapreduce.Job:  map 76% reduce 25%
20/06/14 09:34:11 INFO mapreduce.Job:  map 77% reduce 25%
20/06/14 09:34:17 INFO mapreduce.Job:  map 78% reduce 25%
20/06/14 09:34:21 INFO mapreduce.Job:  map 79% reduce 25%
20/06/14 09:34:22 INFO mapreduce.Job:  map 79% reduce 26%
20/06/14 09:34:24 INFO mapreduce.Job:  map 80% reduce 26%
20/06/14 09:34:28 INFO mapreduce.Job:  map 80% reduce 27%
20/06/14 09:34:32 INFO mapreduce.Job:  map 81% reduce 27%
20/06/14 09:34:39 INFO mapreduce.Job:  map 82% reduce 27%
20/06/14 09:34:45 INFO mapreduce.Job:  map 83% reduce 27%
20/06/14 09:34:48 INFO mapreduce.Job:  map 84% reduce 27%
20/06/14 09:34:53 INFO mapreduce.Job:  map 84% reduce 28%
20/06/14 09:34:54 INFO mapreduce.Job:  map 85% reduce 28%
20/06/14 09:35:01 INFO mapreduce.Job:  map 86% reduce 28%
20/06/14 09:35:06 INFO mapreduce.Job:  map 87% reduce 28%
20/06/14 09:35:11 INFO mapreduce.Job:  map 88% reduce 29%
20/06/14 09:35:17 INFO mapreduce.Job:  map 89% reduce 29%
20/06/14 09:35:19 INFO mapreduce.Job:  map 90% reduce 29%
20/06/14 09:35:20 INFO mapreduce.Job:  map 90% reduce 30%
20/06/14 09:35:28 INFO mapreduce.Job:  map 91% reduce 30%
20/06/14 09:35:32 INFO mapreduce.Job:  map 92% reduce 30%
20/06/14 09:35:39 INFO mapreduce.Job:  map 94% reduce 30%
20/06/14 09:35:40 INFO mapreduce.Job:  map 95% reduce 30%
20/06/14 09:35:41 INFO mapreduce.Job:  map 95% reduce 31%
20/06/14 09:35:43 INFO mapreduce.Job:  map 96% reduce 31%
20/06/14 09:35:44 INFO mapreduce.Job:  map 96% reduce 32%
20/06/14 09:35:46 INFO mapreduce.Job:  map 97% reduce 32%
20/06/14 09:35:47 INFO mapreduce.Job:  map 98% reduce 32%
20/06/14 09:35:49 INFO mapreduce.Job:  map 99% reduce 32%
20/06/14 09:35:50 INFO mapreduce.Job:  map 99% reduce 33%
20/06/14 09:35:51 INFO mapreduce.Job:  map 100% reduce 33%
20/06/14 09:35:53 INFO mapreduce.Job:  map 100% reduce 67%
20/06/14 09:35:56 INFO mapreduce.Job:  map 100% reduce 72%
20/06/14 09:35:59 INFO mapreduce.Job:  map 100% reduce 78%
20/06/14 09:36:02 INFO mapreduce.Job:  map 100% reduce 84%
20/06/14 09:36:05 INFO mapreduce.Job:  map 100% reduce 90%
20/06/14 09:36:08 INFO mapreduce.Job:  map 100% reduce 100%
20/06/14 09:36:10 INFO mapreduce.Job: Job job_1592089328567_0021 completed successfully
20/06/14 09:36:10 INFO mapreduce.Job: Counters: 51
	File System Counters
		FILE: Number of bytes read=1708317679
		FILE: Number of bytes written=2530452399
		FILE: Number of read operations=0
		FILE: Number of large read operations=0
		FILE: Number of write operations=0
		HDFS: Number of bytes read=11025636028
		HDFS: Number of bytes written=491478313
		HDFS: Number of read operations=273
		HDFS: Number of large read operations=0
		HDFS: Number of write operations=2
	Job Counters 
		Killed map tasks=1
		Launched map tasks=90
		Launched reduce tasks=1
		Data-local map tasks=80
		Rack-local map tasks=10
		Total time spent by all maps in occupied slots (ms)=3892700
		Total time spent by all reduces in occupied slots (ms)=448629
		Total time spent by all map tasks (ms)=1946350
		Total time spent by all reduce tasks (ms)=448629
		Total vcore-milliseconds taken by all map tasks=1946350
		Total vcore-milliseconds taken by all reduce tasks=448629
		Total megabyte-milliseconds taken by all map tasks=3986124800
		Total megabyte-milliseconds taken by all reduce tasks=459396096
	Map-Reduce Framework
		Map input records=723798
		Map output records=1009435228
		Map output bytes=19262323419
		Map output materialized bytes=810951705
		Input split bytes=10530
		Combine input records=1034418633
		Combine output records=47584713
		Reduce input groups=9840328
		Reduce shuffle bytes=810951705
		Reduce input records=22601308
		Reduce output records=9840328
		Spilled Records=70864059
		Shuffled Maps =90
		Failed Shuffles=0
		Merged Map outputs=90
		GC time elapsed (ms)=24050
		CPU time spent (ms)=2098480
		Physical memory (bytes) snapshot=25096298496
		Virtual memory (bytes) snapshot=192006139904
		Total committed heap usage (bytes)=18900058112
	Shuffle Errors
		BAD_ID=0
		CONNECTION=0
		IO_ERROR=0
		WRONG_LENGTH=0
		WRONG_MAP=0
		WRONG_REDUCE=0
	File Input Format Counters 
		Bytes Read=11025625498
	File Output Format Counters 
		Bytes Written=491478313
20/06/14 09:36:10 INFO client.RMProxy: Connecting to ResourceManager at master/10.51.17.95:8032
20/06/14 09:36:11 INFO input.FileInputFormat: Total input paths to process : 1
20/06/14 09:36:11 INFO mapreduce.JobSubmitter: number of splits:4
20/06/14 09:36:12 INFO mapreduce.JobSubmitter: Submitting tokens for job: job_1592089328567_0022
20/06/14 09:36:12 INFO impl.YarnClientImpl: Submitted application application_1592089328567_0022
20/06/14 09:36:12 INFO mapreduce.Job: The url to track the job: http://master:8088/proxy/application_1592089328567_0022/
20/06/14 09:36:12 INFO mapreduce.Job: Running job: job_1592089328567_0022
20/06/14 09:36:20 INFO mapreduce.Job: Job job_1592089328567_0022 running in uber mode : false
20/06/14 09:36:20 INFO mapreduce.Job:  map 0% reduce 0%
20/06/14 09:36:30 INFO mapreduce.Job:  map 24% reduce 0%
20/06/14 09:36:31 INFO mapreduce.Job:  map 49% reduce 0%
20/06/14 09:36:32 INFO mapreduce.Job:  map 74% reduce 0%
20/06/14 09:36:33 INFO mapreduce.Job:  map 88% reduce 0%
20/06/14 09:36:34 INFO mapreduce.Job:  map 93% reduce 0%
20/06/14 09:36:35 INFO mapreduce.Job:  map 100% reduce 0%
20/06/14 09:36:41 INFO mapreduce.Job:  map 100% reduce 88%
20/06/14 09:36:44 INFO mapreduce.Job:  map 100% reduce 97%
20/06/14 09:36:45 INFO mapreduce.Job:  map 100% reduce 100%
20/06/14 09:36:46 INFO mapreduce.Job: Job job_1592089328567_0022 completed successfully
20/06/14 09:36:46 INFO mapreduce.Job: Counters: 51
	File System Counters
		FILE: Number of bytes read=855274830
		FILE: Number of bytes written=1283524063
		FILE: Number of read operations=0
		FILE: Number of large read operations=0
		FILE: Number of write operations=0
		HDFS: Number of bytes read=491480484
		HDFS: Number of bytes written=349571826
		HDFS: Number of read operations=19
		HDFS: Number of large read operations=0
		HDFS: Number of write operations=2
	Job Counters 
		Killed map tasks=1
		Launched map tasks=4
		Launched reduce tasks=1
		Data-local map tasks=2
		Rack-local map tasks=2
		Total time spent by all maps in occupied slots (ms)=75804
		Total time spent by all reduces in occupied slots (ms)=11690
		Total time spent by all map tasks (ms)=37902
		Total time spent by all reduce tasks (ms)=11690
		Total vcore-milliseconds taken by all map tasks=37902
		Total vcore-milliseconds taken by all reduce tasks=11690
		Total megabyte-milliseconds taken by all map tasks=77623296
		Total megabyte-milliseconds taken by all reduce tasks=11970560
	Map-Reduce Framework
		Map input records=9840328
		Map output records=9840328
		Map output bytes=407956723
		Map output materialized bytes=427637403
		Input split bytes=504
		Combine input records=0
		Combine output records=0
		Reduce input groups=1256
		Reduce shuffle bytes=427637403
		Reduce input records=9840328
		Reduce output records=9840328
		Spilled Records=29520984
		Shuffled Maps =4
		Failed Shuffles=0
		Merged Map outputs=4
		GC time elapsed (ms)=926
		CPU time spent (ms)=49290
		Physical memory (bytes) snapshot=1292029952
		Virtual memory (bytes) snapshot=10594574336
		Total committed heap usage (bytes)=942669824
	Shuffle Errors
		BAD_ID=0
		CONNECTION=0
		IO_ERROR=0
		WRONG_LENGTH=0
		WRONG_MAP=0
		WRONG_REDUCE=0
	File Input Format Counters 
		Bytes Read=491479980
	File Output Format Counters 
		Bytes Written=349571826
