20/06/13 12:43:43 INFO client.RMProxy: Connecting to ResourceManager at master/10.51.17.95:8032
20/06/13 12:43:44 INFO input.FileInputFormat: Total input paths to process : 10
20/06/13 12:43:44 INFO mapreduce.JobSubmitter: number of splits:90
20/06/13 12:43:44 INFO mapreduce.JobSubmitter: Submitting tokens for job: job_1592017101862_0013
20/06/13 12:43:44 INFO impl.YarnClientImpl: Submitted application application_1592017101862_0013
20/06/13 12:43:44 INFO mapreduce.Job: The url to track the job: http://master:8088/proxy/application_1592017101862_0013/
20/06/13 12:43:44 INFO mapreduce.Job: Running job: job_1592017101862_0013
20/06/13 12:43:49 INFO mapreduce.Job: Job job_1592017101862_0013 running in uber mode : false
20/06/13 12:43:49 INFO mapreduce.Job:  map 0% reduce 0%
20/06/13 12:44:00 INFO mapreduce.Job:  map 1% reduce 0%
20/06/13 12:44:03 INFO mapreduce.Job:  map 2% reduce 0%
20/06/13 12:44:07 INFO mapreduce.Job:  map 3% reduce 0%
20/06/13 12:44:13 INFO mapreduce.Job:  map 4% reduce 0%
20/06/13 12:44:17 INFO mapreduce.Job:  map 5% reduce 0%
20/06/13 12:44:18 INFO mapreduce.Job:  map 6% reduce 0%
20/06/13 12:44:26 INFO mapreduce.Job:  map 7% reduce 0%
20/06/13 12:44:27 INFO mapreduce.Job:  map 8% reduce 0%
20/06/13 12:44:32 INFO mapreduce.Job:  map 9% reduce 0%
20/06/13 12:44:37 INFO mapreduce.Job:  map 10% reduce 0%
20/06/13 12:44:42 INFO mapreduce.Job:  map 11% reduce 0%
20/06/13 12:44:45 INFO mapreduce.Job:  map 12% reduce 0%
20/06/13 12:44:47 INFO mapreduce.Job:  map 13% reduce 0%
20/06/13 12:44:54 INFO mapreduce.Job:  map 14% reduce 4%
20/06/13 12:45:00 INFO mapreduce.Job:  map 15% reduce 4%
20/06/13 12:45:02 INFO mapreduce.Job:  map 16% reduce 4%
20/06/13 12:45:06 INFO mapreduce.Job:  map 16% reduce 5%
20/06/13 12:45:07 INFO mapreduce.Job:  map 17% reduce 5%
20/06/13 12:45:11 INFO mapreduce.Job:  map 18% reduce 5%
20/06/13 12:45:12 INFO mapreduce.Job:  map 18% reduce 6%
20/06/13 12:45:18 INFO mapreduce.Job:  map 19% reduce 6%
20/06/13 12:45:20 INFO mapreduce.Job:  map 20% reduce 6%
20/06/13 12:45:28 INFO mapreduce.Job:  map 21% reduce 6%
20/06/13 12:45:33 INFO mapreduce.Job:  map 22% reduce 6%
20/06/13 12:45:37 INFO mapreduce.Job:  map 23% reduce 6%
20/06/13 12:45:40 INFO mapreduce.Job:  map 24% reduce 7%
20/06/13 12:45:43 INFO mapreduce.Job:  map 24% reduce 8%
20/06/13 12:45:45 INFO mapreduce.Job:  map 25% reduce 8%
20/06/13 12:45:50 INFO mapreduce.Job:  map 26% reduce 8%
20/06/13 12:45:54 INFO mapreduce.Job:  map 27% reduce 8%
20/06/13 12:45:59 INFO mapreduce.Job:  map 28% reduce 8%
20/06/13 12:46:01 INFO mapreduce.Job:  map 28% reduce 9%
20/06/13 12:46:05 INFO mapreduce.Job:  map 29% reduce 9%
20/06/13 12:46:08 INFO mapreduce.Job:  map 30% reduce 9%
20/06/13 12:46:13 INFO mapreduce.Job:  map 31% reduce 9%
20/06/13 12:46:16 INFO mapreduce.Job:  map 32% reduce 10%
20/06/13 12:46:21 INFO mapreduce.Job:  map 33% reduce 10%
20/06/13 12:46:25 INFO mapreduce.Job:  map 33% reduce 11%
20/06/13 12:46:26 INFO mapreduce.Job:  map 34% reduce 11%
20/06/13 12:46:31 INFO mapreduce.Job:  map 35% reduce 11%
20/06/13 12:46:37 INFO mapreduce.Job:  map 36% reduce 11%
20/06/13 12:46:42 INFO mapreduce.Job:  map 37% reduce 11%
20/06/13 12:46:46 INFO mapreduce.Job:  map 38% reduce 11%
20/06/13 12:46:49 INFO mapreduce.Job:  map 39% reduce 12%
20/06/13 12:46:52 INFO mapreduce.Job:  map 39% reduce 13%
20/06/13 12:46:54 INFO mapreduce.Job:  map 40% reduce 13%
20/06/13 12:47:00 INFO mapreduce.Job:  map 41% reduce 13%
20/06/13 12:47:03 INFO mapreduce.Job:  map 42% reduce 13%
20/06/13 12:47:10 INFO mapreduce.Job:  map 43% reduce 13%
20/06/13 12:47:13 INFO mapreduce.Job:  map 44% reduce 13%
20/06/13 12:47:14 INFO mapreduce.Job:  map 44% reduce 14%
20/06/13 12:47:19 INFO mapreduce.Job:  map 45% reduce 14%
20/06/13 12:47:23 INFO mapreduce.Job:  map 46% reduce 14%
20/06/13 12:47:27 INFO mapreduce.Job:  map 47% reduce 14%
20/06/13 12:47:29 INFO mapreduce.Job:  map 47% reduce 15%
20/06/13 12:47:31 INFO mapreduce.Job:  map 48% reduce 15%
20/06/13 12:47:35 INFO mapreduce.Job:  map 49% reduce 15%
20/06/13 12:47:38 INFO mapreduce.Job:  map 49% reduce 16%
20/06/13 12:47:41 INFO mapreduce.Job:  map 50% reduce 16%
20/06/13 12:47:44 INFO mapreduce.Job:  map 51% reduce 16%
20/06/13 12:47:51 INFO mapreduce.Job:  map 52% reduce 16%
20/06/13 12:47:56 INFO mapreduce.Job:  map 53% reduce 16%
20/06/13 12:47:59 INFO mapreduce.Job:  map 54% reduce 16%
20/06/13 12:48:01 INFO mapreduce.Job:  map 54% reduce 18%
20/06/13 12:48:03 INFO mapreduce.Job:  map 55% reduce 18%
20/06/13 12:48:09 INFO mapreduce.Job:  map 56% reduce 18%
20/06/13 12:48:13 INFO mapreduce.Job:  map 57% reduce 18%
20/06/13 12:48:18 INFO mapreduce.Job:  map 58% reduce 18%
20/06/13 12:48:19 INFO mapreduce.Job:  map 58% reduce 19%
20/06/13 12:48:22 INFO mapreduce.Job:  map 59% reduce 19%
20/06/13 12:48:29 INFO mapreduce.Job:  map 60% reduce 19%
20/06/13 12:48:33 INFO mapreduce.Job:  map 61% reduce 19%
20/06/13 12:48:38 INFO mapreduce.Job:  map 62% reduce 20%
20/06/13 12:48:42 INFO mapreduce.Job:  map 63% reduce 20%
20/06/13 12:48:45 INFO mapreduce.Job:  map 64% reduce 20%
20/06/13 12:48:47 INFO mapreduce.Job:  map 64% reduce 21%
20/06/13 12:48:51 INFO mapreduce.Job:  map 65% reduce 21%
20/06/13 12:48:56 INFO mapreduce.Job:  map 66% reduce 21%
20/06/13 12:49:00 INFO mapreduce.Job:  map 67% reduce 21%
20/06/13 12:49:06 INFO mapreduce.Job:  map 68% reduce 21%
20/06/13 12:49:09 INFO mapreduce.Job:  map 69% reduce 21%
20/06/13 12:49:11 INFO mapreduce.Job:  map 69% reduce 22%
20/06/13 12:49:13 INFO mapreduce.Job:  map 70% reduce 22%
20/06/13 12:49:14 INFO mapreduce.Job:  map 70% reduce 23%
20/06/13 12:49:18 INFO mapreduce.Job:  map 71% reduce 23%
20/06/13 12:49:23 INFO mapreduce.Job:  map 72% reduce 23%
20/06/13 12:49:28 INFO mapreduce.Job:  map 73% reduce 23%
20/06/13 12:49:32 INFO mapreduce.Job:  map 74% reduce 23%
20/06/13 12:49:35 INFO mapreduce.Job:  map 74% reduce 24%
20/06/13 12:49:36 INFO mapreduce.Job:  map 75% reduce 24%
20/06/13 12:49:43 INFO mapreduce.Job:  map 76% reduce 24%
20/06/13 12:49:47 INFO mapreduce.Job:  map 77% reduce 24%
20/06/13 12:49:49 INFO mapreduce.Job:  map 78% reduce 24%
20/06/13 12:49:50 INFO mapreduce.Job:  map 78% reduce 25%
20/06/13 12:49:55 INFO mapreduce.Job:  map 79% reduce 25%
20/06/13 12:49:56 INFO mapreduce.Job:  map 79% reduce 26%
20/06/13 12:49:58 INFO mapreduce.Job:  map 80% reduce 26%
20/06/13 12:50:03 INFO mapreduce.Job:  map 81% reduce 26%
20/06/13 12:50:06 INFO mapreduce.Job:  map 81% reduce 27%
20/06/13 12:50:07 INFO mapreduce.Job:  map 83% reduce 27%
20/06/13 12:50:11 INFO mapreduce.Job:  map 84% reduce 27%
20/06/13 12:50:12 INFO mapreduce.Job:  map 84% reduce 28%
20/06/13 12:50:13 INFO mapreduce.Job:  map 85% reduce 28%
20/06/13 12:50:14 INFO mapreduce.Job:  map 86% reduce 28%
20/06/13 12:50:20 INFO mapreduce.Job:  map 87% reduce 28%
20/06/13 12:50:24 INFO mapreduce.Job:  map 88% reduce 29%
20/06/13 12:50:28 INFO mapreduce.Job:  map 89% reduce 29%
20/06/13 12:50:32 INFO mapreduce.Job:  map 90% reduce 29%
20/06/13 12:50:36 INFO mapreduce.Job:  map 90% reduce 30%
20/06/13 12:50:38 INFO mapreduce.Job:  map 91% reduce 30%
20/06/13 12:50:40 INFO mapreduce.Job:  map 92% reduce 30%
20/06/13 12:50:42 INFO mapreduce.Job:  map 93% reduce 30%
20/06/13 12:50:45 INFO mapreduce.Job:  map 94% reduce 30%
20/06/13 12:50:48 INFO mapreduce.Job:  map 94% reduce 31%
20/06/13 12:50:49 INFO mapreduce.Job:  map 96% reduce 31%
20/06/13 12:50:54 INFO mapreduce.Job:  map 98% reduce 31%
20/06/13 12:50:57 INFO mapreduce.Job:  map 98% reduce 33%
20/06/13 12:50:58 INFO mapreduce.Job:  map 100% reduce 33%
20/06/13 12:51:03 INFO mapreduce.Job:  map 100% reduce 67%
20/06/13 12:51:06 INFO mapreduce.Job:  map 100% reduce 73%
20/06/13 12:51:09 INFO mapreduce.Job:  map 100% reduce 78%
20/06/13 12:51:12 INFO mapreduce.Job:  map 100% reduce 83%
20/06/13 12:51:15 INFO mapreduce.Job:  map 100% reduce 90%
20/06/13 12:51:18 INFO mapreduce.Job:  map 100% reduce 98%
20/06/13 12:51:19 INFO mapreduce.Job:  map 100% reduce 100%
20/06/13 12:51:20 INFO mapreduce.Job: Job job_1592017101862_0013 completed successfully
20/06/13 12:51:20 INFO mapreduce.Job: Counters: 51
	File System Counters
		FILE: Number of bytes read=1671889869
		FILE: Number of bytes written=2475968457
		FILE: Number of read operations=0
		FILE: Number of large read operations=0
		FILE: Number of write operations=0
		HDFS: Number of bytes read=11025845427
		HDFS: Number of bytes written=475909875
		HDFS: Number of read operations=273
		HDFS: Number of large read operations=0
		HDFS: Number of write operations=2
	Job Counters 
		Killed map tasks=1
		Launched map tasks=91
		Launched reduce tasks=1
		Data-local map tasks=85
		Rack-local map tasks=6
		Total time spent by all maps in occupied slots (ms)=5082170
		Total time spent by all reduces in occupied slots (ms)=393144
		Total time spent by all map tasks (ms)=2541085
		Total time spent by all reduce tasks (ms)=393144
		Total vcore-milliseconds taken by all map tasks=2541085
		Total vcore-milliseconds taken by all reduce tasks=393144
		Total megabyte-milliseconds taken by all map tasks=5204142080
		Total megabyte-milliseconds taken by all reduce tasks=402579456
	Map-Reduce Framework
		Map input records=265948
		Map output records=1009892187
		Map output bytes=19267379040
		Map output materialized bytes=792895482
		Input split bytes=10530
		Combine input records=1034884497
		Combine output records=47598434
		Reduce input groups=9842151
		Reduce shuffle bytes=792895482
		Reduce input records=22606124
		Reduce output records=9842151
		Spilled Records=70882417
		Shuffled Maps =90
		Failed Shuffles=0
		Merged Map outputs=90
		GC time elapsed (ms)=42713
		CPU time spent (ms)=2049660
		Physical memory (bytes) snapshot=25095077888
		Virtual memory (bytes) snapshot=191971905536
		Total committed heap usage (bytes)=18925223936
	Shuffle Errors
		BAD_ID=0
		CONNECTION=0
		IO_ERROR=0
		WRONG_LENGTH=0
		WRONG_MAP=0
		WRONG_REDUCE=0
	File Input Format Counters 
		Bytes Read=11025834897
	File Output Format Counters 
		Bytes Written=475909875
20/06/13 12:51:20 INFO client.RMProxy: Connecting to ResourceManager at master/10.51.17.95:8032
20/06/13 12:51:21 INFO input.FileInputFormat: Total input paths to process : 1
20/06/13 12:51:21 INFO mapreduce.JobSubmitter: number of splits:4
20/06/13 12:51:21 INFO mapreduce.JobSubmitter: Submitting tokens for job: job_1592017101862_0014
20/06/13 12:51:21 INFO impl.YarnClientImpl: Submitted application application_1592017101862_0014
20/06/13 12:51:21 INFO mapreduce.Job: The url to track the job: http://master:8088/proxy/application_1592017101862_0014/
20/06/13 12:51:21 INFO mapreduce.Job: Running job: job_1592017101862_0014
20/06/13 12:51:29 INFO mapreduce.Job: Job job_1592017101862_0014 running in uber mode : false
20/06/13 12:51:29 INFO mapreduce.Job:  map 0% reduce 0%
20/06/13 12:51:40 INFO mapreduce.Job:  map 25% reduce 0%
20/06/13 12:51:41 INFO mapreduce.Job:  map 57% reduce 0%
20/06/13 12:51:44 INFO mapreduce.Job:  map 78% reduce 0%
20/06/13 12:51:47 INFO mapreduce.Job:  map 89% reduce 0%
20/06/13 12:51:48 INFO mapreduce.Job:  map 93% reduce 0%
20/06/13 12:51:49 INFO mapreduce.Job:  map 100% reduce 0%
20/06/13 12:51:51 INFO mapreduce.Job:  map 100% reduce 68%
20/06/13 12:51:54 INFO mapreduce.Job:  map 100% reduce 80%
20/06/13 12:51:57 INFO mapreduce.Job:  map 100% reduce 97%
20/06/13 12:51:58 INFO mapreduce.Job:  map 100% reduce 100%
20/06/13 12:51:58 INFO mapreduce.Job: Job job_1592017101862_0014 completed successfully
20/06/13 12:51:58 INFO mapreduce.Job: Counters: 50
	File System Counters
		FILE: Number of bytes read=757276261
		FILE: Number of bytes written=1170096963
		FILE: Number of read operations=0
		FILE: Number of large read operations=0
		FILE: Number of write operations=0
		HDFS: Number of bytes read=475914405
		HDFS: Number of bytes written=334128781
		HDFS: Number of read operations=19
		HDFS: Number of large read operations=0
		HDFS: Number of write operations=2
	Job Counters 
		Killed map tasks=1
		Launched map tasks=5
		Launched reduce tasks=1
		Data-local map tasks=5
		Total time spent by all maps in occupied slots (ms)=124498
		Total time spent by all reduces in occupied slots (ms)=14515
		Total time spent by all map tasks (ms)=62249
		Total time spent by all reduce tasks (ms)=14515
		Total vcore-milliseconds taken by all map tasks=62249
		Total vcore-milliseconds taken by all reduce tasks=14515
		Total megabyte-milliseconds taken by all map tasks=127485952
		Total megabyte-milliseconds taken by all reduce tasks=14863360
	Map-Reduce Framework
		Map input records=9842151
		Map output records=9842151
		Map output bytes=392524541
		Map output materialized bytes=412208867
		Input split bytes=508
		Combine input records=0
		Combine output records=0
		Reduce input groups=1250
		Reduce shuffle bytes=412208867
		Reduce input records=9842151
		Reduce output records=9842151
		Spilled Records=28625944
		Shuffled Maps =4
		Failed Shuffles=0
		Merged Map outputs=4
		GC time elapsed (ms)=1681
		CPU time spent (ms)=44970
		Physical memory (bytes) snapshot=1278636032
		Virtual memory (bytes) snapshot=10553196544
		Total committed heap usage (bytes)=937951232
	Shuffle Errors
		BAD_ID=0
		CONNECTION=0
		IO_ERROR=0
		WRONG_LENGTH=0
		WRONG_MAP=0
		WRONG_REDUCE=0
	File Input Format Counters 
		Bytes Read=475913897
	File Output Format Counters 
		Bytes Written=334128781
