20/06/14 08:20:37 INFO client.RMProxy: Connecting to ResourceManager at master/10.51.17.95:8032
20/06/14 08:20:38 INFO input.FileInputFormat: Total input paths to process : 10
20/06/14 08:20:39 INFO mapreduce.JobSubmitter: number of splits:90
20/06/14 08:20:39 INFO mapreduce.JobSubmitter: Submitting tokens for job: job_1592089328567_0005
20/06/14 08:20:39 INFO impl.YarnClientImpl: Submitted application application_1592089328567_0005
20/06/14 08:20:39 INFO mapreduce.Job: The url to track the job: http://master:8088/proxy/application_1592089328567_0005/
20/06/14 08:20:39 INFO mapreduce.Job: Running job: job_1592089328567_0005
20/06/14 08:20:44 INFO mapreduce.Job: Job job_1592089328567_0005 running in uber mode : false
20/06/14 08:20:44 INFO mapreduce.Job:  map 0% reduce 0%
20/06/14 08:20:54 INFO mapreduce.Job:  map 1% reduce 0%
20/06/14 08:20:57 INFO mapreduce.Job:  map 2% reduce 0%
20/06/14 08:21:03 INFO mapreduce.Job:  map 3% reduce 0%
20/06/14 08:21:09 INFO mapreduce.Job:  map 4% reduce 0%
20/06/14 08:21:12 INFO mapreduce.Job:  map 5% reduce 0%
20/06/14 08:21:13 INFO mapreduce.Job:  map 6% reduce 0%
20/06/14 08:21:22 INFO mapreduce.Job:  map 7% reduce 0%
20/06/14 08:21:26 INFO mapreduce.Job:  map 8% reduce 0%
20/06/14 08:21:31 INFO mapreduce.Job:  map 9% reduce 0%
20/06/14 08:21:34 INFO mapreduce.Job:  map 10% reduce 0%
20/06/14 08:21:39 INFO mapreduce.Job:  map 11% reduce 0%
20/06/14 08:21:41 INFO mapreduce.Job:  map 12% reduce 0%
20/06/14 08:21:49 INFO mapreduce.Job:  map 13% reduce 0%
20/06/14 08:21:53 INFO mapreduce.Job:  map 14% reduce 0%
20/06/14 08:21:56 INFO mapreduce.Job:  map 15% reduce 0%
20/06/14 08:22:04 INFO mapreduce.Job:  map 16% reduce 4%
20/06/14 08:22:07 INFO mapreduce.Job:  map 17% reduce 4%
20/06/14 08:22:10 INFO mapreduce.Job:  map 17% reduce 6%
20/06/14 08:22:17 INFO mapreduce.Job:  map 18% reduce 6%
20/06/14 08:22:20 INFO mapreduce.Job:  map 19% reduce 6%
20/06/14 08:22:28 INFO mapreduce.Job:  map 20% reduce 6%
20/06/14 08:22:33 INFO mapreduce.Job:  map 21% reduce 6%
20/06/14 08:22:35 INFO mapreduce.Job:  map 22% reduce 6%
20/06/14 08:22:37 INFO mapreduce.Job:  map 22% reduce 7%
20/06/14 08:22:44 INFO mapreduce.Job:  map 23% reduce 7%
20/06/14 08:22:50 INFO mapreduce.Job:  map 24% reduce 7%
20/06/14 08:22:56 INFO mapreduce.Job:  map 25% reduce 7%
20/06/14 08:23:01 INFO mapreduce.Job:  map 25% reduce 8%
20/06/14 08:23:02 INFO mapreduce.Job:  map 26% reduce 8%
20/06/14 08:23:04 INFO mapreduce.Job:  map 27% reduce 9%
20/06/14 08:23:11 INFO mapreduce.Job:  map 28% reduce 9%
20/06/14 08:23:17 INFO mapreduce.Job:  map 29% reduce 9%
20/06/14 08:23:25 INFO mapreduce.Job:  map 30% reduce 9%
20/06/14 08:23:28 INFO mapreduce.Job:  map 30% reduce 10%
20/06/14 08:23:29 INFO mapreduce.Job:  map 31% reduce 10%
20/06/14 08:23:36 INFO mapreduce.Job:  map 32% reduce 10%
20/06/14 08:23:42 INFO mapreduce.Job:  map 33% reduce 10%
20/06/14 08:23:48 INFO mapreduce.Job:  map 34% reduce 10%
20/06/14 08:23:53 INFO mapreduce.Job:  map 35% reduce 11%
20/06/14 08:23:57 INFO mapreduce.Job:  map 36% reduce 11%
20/06/14 08:23:59 INFO mapreduce.Job:  map 36% reduce 12%
20/06/14 08:24:05 INFO mapreduce.Job:  map 37% reduce 12%
20/06/14 08:24:11 INFO mapreduce.Job:  map 38% reduce 12%
20/06/14 08:24:19 INFO mapreduce.Job:  map 39% reduce 12%
20/06/14 08:24:22 INFO mapreduce.Job:  map 40% reduce 12%
20/06/14 08:24:23 INFO mapreduce.Job:  map 40% reduce 13%
20/06/14 08:24:28 INFO mapreduce.Job:  map 41% reduce 13%
20/06/14 08:24:34 INFO mapreduce.Job:  map 42% reduce 13%
20/06/14 08:24:35 INFO mapreduce.Job:  map 42% reduce 14%
20/06/14 08:24:41 INFO mapreduce.Job:  map 43% reduce 14%
20/06/14 08:24:47 INFO mapreduce.Job:  map 44% reduce 14%
20/06/14 08:24:50 INFO mapreduce.Job:  map 45% reduce 14%
20/06/14 08:24:56 INFO mapreduce.Job:  map 45% reduce 15%
20/06/14 08:24:57 INFO mapreduce.Job:  map 46% reduce 15%
20/06/14 08:25:03 INFO mapreduce.Job:  map 47% reduce 15%
20/06/14 08:25:09 INFO mapreduce.Job:  map 48% reduce 15%
20/06/14 08:25:14 INFO mapreduce.Job:  map 49% reduce 15%
20/06/14 08:25:17 INFO mapreduce.Job:  map 49% reduce 16%
20/06/14 08:25:19 INFO mapreduce.Job:  map 50% reduce 16%
20/06/14 08:25:23 INFO mapreduce.Job:  map 50% reduce 17%
20/06/14 08:25:26 INFO mapreduce.Job:  map 51% reduce 17%
20/06/14 08:25:32 INFO mapreduce.Job:  map 52% reduce 17%
20/06/14 08:25:40 INFO mapreduce.Job:  map 53% reduce 17%
20/06/14 08:25:45 INFO mapreduce.Job:  map 54% reduce 17%
20/06/14 08:25:50 INFO mapreduce.Job:  map 54% reduce 18%
20/06/14 08:25:53 INFO mapreduce.Job:  map 55% reduce 18%
20/06/14 08:25:57 INFO mapreduce.Job:  map 56% reduce 18%
20/06/14 08:26:05 INFO mapreduce.Job:  map 57% reduce 18%
20/06/14 08:26:08 INFO mapreduce.Job:  map 57% reduce 19%
20/06/14 08:26:11 INFO mapreduce.Job:  map 58% reduce 19%
20/06/14 08:26:14 INFO mapreduce.Job:  map 59% reduce 19%
20/06/14 08:26:20 INFO mapreduce.Job:  map 59% reduce 20%
20/06/14 08:26:21 INFO mapreduce.Job:  map 60% reduce 20%
20/06/14 08:26:27 INFO mapreduce.Job:  map 61% reduce 20%
20/06/14 08:26:32 INFO mapreduce.Job:  map 62% reduce 20%
20/06/14 08:26:39 INFO mapreduce.Job:  map 63% reduce 20%
20/06/14 08:26:41 INFO mapreduce.Job:  map 63% reduce 21%
20/06/14 08:26:43 INFO mapreduce.Job:  map 64% reduce 21%
20/06/14 08:26:51 INFO mapreduce.Job:  map 65% reduce 21%
20/06/14 08:26:59 INFO mapreduce.Job:  map 66% reduce 21%
20/06/14 08:27:02 INFO mapreduce.Job:  map 67% reduce 21%
20/06/14 08:27:05 INFO mapreduce.Job:  map 67% reduce 22%
20/06/14 08:27:09 INFO mapreduce.Job:  map 68% reduce 22%
20/06/14 08:27:11 INFO mapreduce.Job:  map 68% reduce 23%
20/06/14 08:27:13 INFO mapreduce.Job:  map 69% reduce 23%
20/06/14 08:27:21 INFO mapreduce.Job:  map 70% reduce 23%
20/06/14 08:27:25 INFO mapreduce.Job:  map 71% reduce 23%
20/06/14 08:27:32 INFO mapreduce.Job:  map 72% reduce 23%
20/06/14 08:27:35 INFO mapreduce.Job:  map 72% reduce 24%
20/06/14 08:27:36 INFO mapreduce.Job:  map 73% reduce 24%
20/06/14 08:27:44 INFO mapreduce.Job:  map 74% reduce 24%
20/06/14 08:27:47 INFO mapreduce.Job:  map 75% reduce 24%
20/06/14 08:27:53 INFO mapreduce.Job:  map 76% reduce 24%
20/06/14 08:27:56 INFO mapreduce.Job:  map 76% reduce 25%
20/06/14 08:27:59 INFO mapreduce.Job:  map 77% reduce 25%
20/06/14 08:28:03 INFO mapreduce.Job:  map 78% reduce 25%
20/06/14 08:28:05 INFO mapreduce.Job:  map 78% reduce 26%
20/06/14 08:28:07 INFO mapreduce.Job:  map 79% reduce 26%
20/06/14 08:28:08 INFO mapreduce.Job:  map 80% reduce 26%
20/06/14 08:28:11 INFO mapreduce.Job:  map 80% reduce 27%
20/06/14 08:28:13 INFO mapreduce.Job:  map 82% reduce 27%
20/06/14 08:28:17 INFO mapreduce.Job:  map 83% reduce 27%
20/06/14 08:28:18 INFO mapreduce.Job:  map 84% reduce 27%
20/06/14 08:28:19 INFO mapreduce.Job:  map 85% reduce 27%
20/06/14 08:28:20 INFO mapreduce.Job:  map 85% reduce 28%
20/06/14 08:28:28 INFO mapreduce.Job:  map 86% reduce 28%
20/06/14 08:28:33 INFO mapreduce.Job:  map 87% reduce 28%
20/06/14 08:28:36 INFO mapreduce.Job:  map 87% reduce 29%
20/06/14 08:28:41 INFO mapreduce.Job:  map 88% reduce 29%
20/06/14 08:28:47 INFO mapreduce.Job:  map 89% reduce 29%
20/06/14 08:28:50 INFO mapreduce.Job:  map 90% reduce 29%
20/06/14 08:28:51 INFO mapreduce.Job:  map 90% reduce 30%
20/06/14 08:28:58 INFO mapreduce.Job:  map 91% reduce 30%
20/06/14 08:29:04 INFO mapreduce.Job:  map 92% reduce 30%
20/06/14 08:29:12 INFO mapreduce.Job:  map 93% reduce 30%
20/06/14 08:29:15 INFO mapreduce.Job:  map 94% reduce 30%
20/06/14 08:29:18 INFO mapreduce.Job:  map 94% reduce 31%
20/06/14 08:29:22 INFO mapreduce.Job:  map 95% reduce 31%
20/06/14 08:29:24 INFO mapreduce.Job:  map 96% reduce 32%
20/06/14 08:29:25 INFO mapreduce.Job:  map 97% reduce 32%
20/06/14 08:29:29 INFO mapreduce.Job:  map 98% reduce 32%
20/06/14 08:29:30 INFO mapreduce.Job:  map 98% reduce 33%
20/06/14 08:29:31 INFO mapreduce.Job:  map 100% reduce 33%
20/06/14 08:29:39 INFO mapreduce.Job:  map 100% reduce 69%
20/06/14 08:29:42 INFO mapreduce.Job:  map 100% reduce 74%
20/06/14 08:29:45 INFO mapreduce.Job:  map 100% reduce 80%
20/06/14 08:29:48 INFO mapreduce.Job:  map 100% reduce 85%
20/06/14 08:29:51 INFO mapreduce.Job:  map 100% reduce 91%
20/06/14 08:29:54 INFO mapreduce.Job:  map 100% reduce 99%
20/06/14 08:29:55 INFO mapreduce.Job:  map 100% reduce 100%
20/06/14 08:29:56 INFO mapreduce.Job: Job job_1592089328567_0005 completed successfully
20/06/14 08:29:56 INFO mapreduce.Job: Counters: 51
	File System Counters
		FILE: Number of bytes read=1616587090
		FILE: Number of bytes written=2392673529
		FILE: Number of read operations=0
		FILE: Number of large read operations=0
		FILE: Number of write operations=0
		HDFS: Number of bytes read=11024130761
		HDFS: Number of bytes written=446018283
		HDFS: Number of read operations=273
		HDFS: Number of large read operations=0
		HDFS: Number of write operations=2
	Job Counters 
		Killed map tasks=1
		Launched map tasks=91
		Launched reduce tasks=1
		Data-local map tasks=81
		Rack-local map tasks=10
		Total time spent by all maps in occupied slots (ms)=4190856
		Total time spent by all reduces in occupied slots (ms)=478114
		Total time spent by all map tasks (ms)=2095428
		Total time spent by all reduce tasks (ms)=478114
		Total vcore-milliseconds taken by all map tasks=2095428
		Total vcore-milliseconds taken by all reduce tasks=478114
		Total megabyte-milliseconds taken by all map tasks=4291436544
		Total megabyte-milliseconds taken by all reduce tasks=489588736
	Map-Reduce Framework
		Map input records=2094544
		Map output records=1010806799
		Map output bytes=19270117025
		Map output materialized bytes=764903333
		Input split bytes=10530
		Combine input records=1035791022
		Combine output records=47541209
		Reduce input groups=9651795
		Reduce shuffle bytes=764903333
		Reduce input records=22556986
		Reduce output records=9651795
		Spilled Records=70775581
		Shuffled Maps =90
		Failed Shuffles=0
		Merged Map outputs=90
		GC time elapsed (ms)=25644
		CPU time spent (ms)=2034740
		Physical memory (bytes) snapshot=25124278272
		Virtual memory (bytes) snapshot=191983341568
		Total committed heap usage (bytes)=18944098304
	Shuffle Errors
		BAD_ID=0
		CONNECTION=0
		IO_ERROR=0
		WRONG_LENGTH=0
		WRONG_MAP=0
		WRONG_REDUCE=0
	File Input Format Counters 
		Bytes Read=11024120231
	File Output Format Counters 
		Bytes Written=446018283
20/06/14 08:29:56 INFO client.RMProxy: Connecting to ResourceManager at master/10.51.17.95:8032
20/06/14 08:29:56 INFO input.FileInputFormat: Total input paths to process : 1
20/06/14 08:29:56 INFO mapreduce.JobSubmitter: number of splits:4
20/06/14 08:29:57 INFO mapreduce.JobSubmitter: Submitting tokens for job: job_1592089328567_0006
20/06/14 08:29:57 INFO impl.YarnClientImpl: Submitted application application_1592089328567_0006
20/06/14 08:29:57 INFO mapreduce.Job: The url to track the job: http://master:8088/proxy/application_1592089328567_0006/
20/06/14 08:29:57 INFO mapreduce.Job: Running job: job_1592089328567_0006
20/06/14 08:30:06 INFO mapreduce.Job: Job job_1592089328567_0006 running in uber mode : false
20/06/14 08:30:06 INFO mapreduce.Job:  map 0% reduce 0%
20/06/14 08:30:13 INFO mapreduce.Job:  map 25% reduce 0%
20/06/14 08:30:17 INFO mapreduce.Job:  map 61% reduce 0%
20/06/14 08:30:18 INFO mapreduce.Job:  map 69% reduce 0%
20/06/14 08:30:20 INFO mapreduce.Job:  map 81% reduce 0%
20/06/14 08:30:23 INFO mapreduce.Job:  map 100% reduce 17%
20/06/14 08:30:26 INFO mapreduce.Job:  map 100% reduce 79%
20/06/14 08:30:29 INFO mapreduce.Job:  map 100% reduce 92%
20/06/14 08:30:32 INFO mapreduce.Job:  map 100% reduce 100%
20/06/14 08:30:32 INFO mapreduce.Job: Job job_1592089328567_0006 completed successfully
20/06/14 08:30:32 INFO mapreduce.Job: Counters: 51
	File System Counters
		FILE: Number of bytes read=727725784
		FILE: Number of bytes written=1112084010
		FILE: Number of read operations=0
		FILE: Number of large read operations=0
		FILE: Number of write operations=0
		HDFS: Number of bytes read=446024634
		HDFS: Number of bytes written=307191342
		HDFS: Number of read operations=19
		HDFS: Number of large read operations=0
		HDFS: Number of write operations=2
	Job Counters 
		Killed map tasks=1
		Launched map tasks=5
		Launched reduce tasks=1
		Data-local map tasks=3
		Rack-local map tasks=2
		Total time spent by all maps in occupied slots (ms)=89046
		Total time spent by all reduces in occupied slots (ms)=16439
		Total time spent by all map tasks (ms)=44523
		Total time spent by all reduce tasks (ms)=16439
		Total vcore-milliseconds taken by all map tasks=44523
		Total vcore-milliseconds taken by all reduce tasks=16439
		Total megabyte-milliseconds taken by all map tasks=91183104
		Total megabyte-milliseconds taken by all reduce tasks=16833536
	Map-Reduce Framework
		Map input records=9651795
		Map output records=9651795
		Map output bytes=364442777
		Map output materialized bytes=383746391
		Input split bytes=508
		Combine input records=0
		Combine output records=0
		Reduce input groups=1260
		Reduce shuffle bytes=383746391
		Reduce input records=9651795
		Reduce output records=9651795
		Spilled Records=28426189
		Shuffled Maps =4
		Failed Shuffles=0
		Merged Map outputs=4
		GC time elapsed (ms)=1124
		CPU time spent (ms)=46450
		Physical memory (bytes) snapshot=1274380288
		Virtual memory (bytes) snapshot=10585739264
		Total committed heap usage (bytes)=940048384
	Shuffle Errors
		BAD_ID=0
		CONNECTION=0
		IO_ERROR=0
		WRONG_LENGTH=0
		WRONG_MAP=0
		WRONG_REDUCE=0
	File Input Format Counters 
		Bytes Read=446024126
	File Output Format Counters 
		Bytes Written=307191342
