20/06/08 01:31:06 INFO client.RMProxy: Connecting to ResourceManager at master/10.51.17.95:8032
20/06/08 01:31:07 INFO input.FileInputFormat: Total input paths to process : 1
20/06/08 01:31:07 INFO mapreduce.JobSubmitter: number of splits:1
20/06/08 01:31:07 INFO mapreduce.JobSubmitter: Submitting tokens for job: job_1591544408336_0017
20/06/08 01:31:08 INFO impl.YarnClientImpl: Submitted application application_1591544408336_0017
20/06/08 01:31:08 INFO mapreduce.Job: The url to track the job: http://master:8088/proxy/application_1591544408336_0017/
20/06/08 01:31:08 INFO mapreduce.Job: Running job: job_1591544408336_0017
20/06/08 01:31:14 INFO mapreduce.Job: Job job_1591544408336_0017 running in uber mode : false
20/06/08 01:31:14 INFO mapreduce.Job:  map 0% reduce 0%
20/06/08 01:31:17 INFO mapreduce.Job:  map 100% reduce 0%
20/06/08 01:31:21 INFO mapreduce.Job:  map 100% reduce 100%
20/06/08 01:31:22 INFO mapreduce.Job: Job job_1591544408336_0017 completed successfully
20/06/08 01:31:22 INFO mapreduce.Job: Counters: 49
	File System Counters
		FILE: Number of bytes read=6
		FILE: Number of bytes written=246365
		FILE: Number of read operations=0
		FILE: Number of large read operations=0
		FILE: Number of write operations=0
		HDFS: Number of bytes read=114
		HDFS: Number of bytes written=0
		HDFS: Number of read operations=6
		HDFS: Number of large read operations=0
		HDFS: Number of write operations=2
	Job Counters 
		Launched map tasks=1
		Launched reduce tasks=1
		Other local map tasks=1
		Total time spent by all maps in occupied slots (ms)=1677
		Total time spent by all reduces in occupied slots (ms)=1592
		Total time spent by all map tasks (ms)=1677
		Total time spent by all reduce tasks (ms)=1592
		Total vcore-milliseconds taken by all map tasks=1677
		Total vcore-milliseconds taken by all reduce tasks=1592
		Total megabyte-milliseconds taken by all map tasks=1717248
		Total megabyte-milliseconds taken by all reduce tasks=1630208
	Map-Reduce Framework
		Map input records=0
		Map output records=0
		Map output bytes=0
		Map output materialized bytes=6
		Input split bytes=114
		Combine input records=0
		Combine output records=0
		Reduce input groups=0
		Reduce shuffle bytes=6
		Reduce input records=0
		Reduce output records=0
		Spilled Records=0
		Shuffled Maps =1
		Failed Shuffles=0
		Merged Map outputs=1
		GC time elapsed (ms)=106
		CPU time spent (ms)=620
		Physical memory (bytes) snapshot=426053632
		Virtual memory (bytes) snapshot=4219826176
		Total committed heap usage (bytes)=320864256
	Shuffle Errors
		BAD_ID=0
		CONNECTION=0
		IO_ERROR=0
		WRONG_LENGTH=0
		WRONG_MAP=0
		WRONG_REDUCE=0
	File Input Format Counters 
		Bytes Read=0
	File Output Format Counters 
		Bytes Written=0
