20/06/08 00:40:14 INFO client.RMProxy: Connecting to ResourceManager at master/10.51.17.95:8032
20/06/08 00:40:15 INFO input.FileInputFormat: Total input paths to process : 16
20/06/08 00:40:15 INFO mapreduce.JobSubmitter: number of splits:16
20/06/08 00:40:15 INFO mapreduce.JobSubmitter: Submitting tokens for job: job_1591544408336_0001
20/06/08 00:40:15 INFO impl.YarnClientImpl: Submitted application application_1591544408336_0001
20/06/08 00:40:15 INFO mapreduce.Job: The url to track the job: http://master:8088/proxy/application_1591544408336_0001/
20/06/08 00:40:15 INFO mapreduce.Job: Running job: job_1591544408336_0001
20/06/08 00:40:20 INFO mapreduce.Job: Job job_1591544408336_0001 running in uber mode : false
20/06/08 00:40:20 INFO mapreduce.Job:  map 0% reduce 0%
20/06/08 00:40:34 INFO mapreduce.Job:  map 4% reduce 0%
20/06/08 00:40:35 INFO mapreduce.Job:  map 21% reduce 0%
20/06/08 00:40:36 INFO mapreduce.Job:  map 29% reduce 0%
20/06/08 00:40:37 INFO mapreduce.Job:  map 50% reduce 0%
20/06/08 00:40:39 INFO mapreduce.Job:  map 54% reduce 0%
20/06/08 00:40:41 INFO mapreduce.Job:  map 58% reduce 0%
20/06/08 00:41:25 INFO mapreduce.Job:  map 60% reduce 0%
20/06/08 00:41:27 INFO mapreduce.Job:  map 63% reduce 0%
20/06/08 00:41:28 INFO mapreduce.Job:  map 67% reduce 0%
20/06/08 00:41:29 INFO mapreduce.Job:  map 71% reduce 0%
20/06/08 00:41:36 INFO mapreduce.Job:  map 79% reduce 0%
20/06/08 00:41:38 INFO mapreduce.Job:  map 79% reduce 13%
20/06/08 00:41:41 INFO mapreduce.Job:  map 81% reduce 13%
20/06/08 00:41:42 INFO mapreduce.Job:  map 83% reduce 13%
20/06/08 00:41:44 INFO mapreduce.Job:  map 83% reduce 17%
20/06/08 00:41:47 INFO mapreduce.Job:  map 85% reduce 17%
20/06/08 00:41:48 INFO mapreduce.Job:  map 88% reduce 17%
20/06/08 00:41:49 INFO mapreduce.Job:  map 90% reduce 17%
20/06/08 00:41:50 INFO mapreduce.Job:  map 96% reduce 23%
20/06/08 00:41:53 INFO mapreduce.Job:  map 96% reduce 29%
20/06/08 00:41:58 INFO mapreduce.Job:  map 98% reduce 29%
20/06/08 00:41:59 INFO mapreduce.Job:  map 100% reduce 31%
20/06/08 00:42:00 INFO mapreduce.Job:  map 100% reduce 100%
20/06/08 00:42:00 INFO mapreduce.Job: Job job_1591544408336_0001 completed successfully
20/06/08 00:42:00 INFO mapreduce.Job: Counters: 50
	File System Counters
		FILE: Number of bytes read=358
		FILE: Number of bytes written=2094188
		FILE: Number of read operations=0
		FILE: Number of large read operations=0
		FILE: Number of write operations=0
		HDFS: Number of bytes read=4182
		HDFS: Number of bytes written=215
		HDFS: Number of read operations=67
		HDFS: Number of large read operations=0
		HDFS: Number of write operations=3
	Job Counters 
		Launched map tasks=16
		Launched reduce tasks=1
		Data-local map tasks=14
		Rack-local map tasks=2
		Total time spent by all maps in occupied slots (ms)=1119988
		Total time spent by all reduces in occupied slots (ms)=30100
		Total time spent by all map tasks (ms)=1119988
		Total time spent by all reduce tasks (ms)=30100
		Total vcore-milliseconds taken by all map tasks=1119988
		Total vcore-milliseconds taken by all reduce tasks=30100
		Total megabyte-milliseconds taken by all map tasks=1146867712
		Total megabyte-milliseconds taken by all reduce tasks=30822400
	Map-Reduce Framework
		Map input records=16
		Map output records=32
		Map output bytes=288
		Map output materialized bytes=448
		Input split bytes=2294
		Combine input records=0
		Combine output records=0
		Reduce input groups=2
		Reduce shuffle bytes=448
		Reduce input records=32
		Reduce output records=0
		Spilled Records=64
		Shuffled Maps =16
		Failed Shuffles=0
		Merged Map outputs=16
		GC time elapsed (ms)=9335
		CPU time spent (ms)=462510
		Physical memory (bytes) snapshot=4435111936
		Virtual memory (bytes) snapshot=35812978688
		Total committed heap usage (bytes)=3350200320
	Shuffle Errors
		BAD_ID=0
		CONNECTION=0
		IO_ERROR=0
		WRONG_LENGTH=0
		WRONG_MAP=0
		WRONG_REDUCE=0
	File Input Format Counters 
		Bytes Read=1888
	File Output Format Counters 
		Bytes Written=97
