20/06/12 22:59:35 INFO client.RMProxy: Connecting to ResourceManager at master/10.51.17.95:8032
20/06/12 22:59:35 INFO client.RMProxy: Connecting to ResourceManager at master/10.51.17.95:8032
20/06/12 22:59:36 INFO input.FileInputFormat: Total input paths to process : 10
20/06/12 22:59:36 INFO mapreduce.JobSubmitter: number of splits:80
20/06/12 22:59:37 INFO mapreduce.JobSubmitter: Submitting tokens for job: job_1591969037273_0002
20/06/12 22:59:37 INFO impl.YarnClientImpl: Submitted application application_1591969037273_0002
20/06/12 22:59:37 INFO mapreduce.Job: The url to track the job: http://master:8088/proxy/application_1591969037273_0002/
20/06/12 22:59:37 INFO mapreduce.Job: Running job: job_1591969037273_0002
20/06/12 22:59:43 INFO mapreduce.Job: Job job_1591969037273_0002 running in uber mode : false
20/06/12 22:59:43 INFO mapreduce.Job:  map 0% reduce 0%
20/06/12 22:59:55 INFO mapreduce.Job:  map 1% reduce 0%
20/06/12 22:59:56 INFO mapreduce.Job:  map 5% reduce 0%
20/06/12 22:59:57 INFO mapreduce.Job:  map 8% reduce 0%
20/06/12 22:59:59 INFO mapreduce.Job:  map 15% reduce 0%
20/06/12 23:00:00 INFO mapreduce.Job:  map 16% reduce 0%
20/06/12 23:00:01 INFO mapreduce.Job:  map 17% reduce 0%
20/06/12 23:00:02 INFO mapreduce.Job:  map 18% reduce 0%
20/06/12 23:00:04 INFO mapreduce.Job:  map 19% reduce 0%
20/06/12 23:00:06 INFO mapreduce.Job:  map 20% reduce 0%
20/06/12 23:00:07 INFO mapreduce.Job:  map 22% reduce 0%
20/06/12 23:00:08 INFO mapreduce.Job:  map 24% reduce 0%
20/06/12 23:00:09 INFO mapreduce.Job:  map 25% reduce 0%
20/06/12 23:00:11 INFO mapreduce.Job:  map 28% reduce 0%
20/06/12 23:00:13 INFO mapreduce.Job:  map 29% reduce 0%
20/06/12 23:00:16 INFO mapreduce.Job:  map 31% reduce 3%
20/06/12 23:00:17 INFO mapreduce.Job:  map 32% reduce 3%
20/06/12 23:00:19 INFO mapreduce.Job:  map 33% reduce 3%
20/06/12 23:00:20 INFO mapreduce.Job:  map 34% reduce 5%
20/06/12 23:00:21 INFO mapreduce.Job:  map 35% reduce 5%
20/06/12 23:00:22 INFO mapreduce.Job:  map 37% reduce 5%
20/06/12 23:00:23 INFO mapreduce.Job:  map 37% reduce 8%
20/06/12 23:00:24 INFO mapreduce.Job:  map 38% reduce 8%
20/06/12 23:00:25 INFO mapreduce.Job:  map 39% reduce 8%
20/06/12 23:00:26 INFO mapreduce.Job:  map 39% reduce 9%
20/06/12 23:00:27 INFO mapreduce.Job:  map 40% reduce 9%
20/06/12 23:00:28 INFO mapreduce.Job:  map 42% reduce 9%
20/06/12 23:00:29 INFO mapreduce.Job:  map 42% reduce 10%
20/06/12 23:00:30 INFO mapreduce.Job:  map 43% reduce 10%
20/06/12 23:00:32 INFO mapreduce.Job:  map 43% reduce 11%
20/06/12 23:00:34 INFO mapreduce.Job:  map 44% reduce 11%
20/06/12 23:00:35 INFO mapreduce.Job:  map 45% reduce 11%
20/06/12 23:00:36 INFO mapreduce.Job:  map 47% reduce 11%
20/06/12 23:00:37 INFO mapreduce.Job:  map 48% reduce 11%
20/06/12 23:00:40 INFO mapreduce.Job:  map 50% reduce 12%
20/06/12 23:00:42 INFO mapreduce.Job:  map 51% reduce 12%
20/06/12 23:00:43 INFO mapreduce.Job:  map 53% reduce 12%
20/06/12 23:00:47 INFO mapreduce.Job:  map 55% reduce 13%
20/06/12 23:00:48 INFO mapreduce.Job:  map 56% reduce 13%
20/06/12 23:00:50 INFO mapreduce.Job:  map 57% reduce 13%
20/06/12 23:00:52 INFO mapreduce.Job:  map 57% reduce 14%
20/06/12 23:00:53 INFO mapreduce.Job:  map 59% reduce 14%
20/06/12 23:00:54 INFO mapreduce.Job:  map 60% reduce 14%
20/06/12 23:00:55 INFO mapreduce.Job:  map 61% reduce 14%
20/06/12 23:00:56 INFO mapreduce.Job:  map 61% reduce 15%
20/06/12 23:00:57 INFO mapreduce.Job:  map 62% reduce 15%
20/06/12 23:01:00 INFO mapreduce.Job:  map 63% reduce 15%
20/06/12 23:01:01 INFO mapreduce.Job:  map 64% reduce 16%
20/06/12 23:01:04 INFO mapreduce.Job:  map 66% reduce 16%
20/06/12 23:01:06 INFO mapreduce.Job:  map 66% reduce 17%
20/06/12 23:01:07 INFO mapreduce.Job:  map 68% reduce 17%
20/06/12 23:01:09 INFO mapreduce.Job:  map 68% reduce 18%
20/06/12 23:01:12 INFO mapreduce.Job:  map 69% reduce 18%
20/06/12 23:01:14 INFO mapreduce.Job:  map 70% reduce 18%
20/06/12 23:01:15 INFO mapreduce.Job:  map 71% reduce 18%
20/06/12 23:01:17 INFO mapreduce.Job:  map 72% reduce 19%
20/06/12 23:01:20 INFO mapreduce.Job:  map 73% reduce 19%
20/06/12 23:01:21 INFO mapreduce.Job:  map 74% reduce 20%
20/06/12 23:01:22 INFO mapreduce.Job:  map 75% reduce 20%
20/06/12 23:01:25 INFO mapreduce.Job:  map 75% reduce 21%
20/06/12 23:01:29 INFO mapreduce.Job:  map 76% reduce 21%
20/06/12 23:01:32 INFO mapreduce.Job:  map 78% reduce 21%
20/06/12 23:01:33 INFO mapreduce.Job:  map 79% reduce 22%
20/06/12 23:01:34 INFO mapreduce.Job:  map 81% reduce 22%
20/06/12 23:01:36 INFO mapreduce.Job:  map 81% reduce 23%
20/06/12 23:01:37 INFO mapreduce.Job:  map 81% reduce 24%
20/06/12 23:01:42 INFO mapreduce.Job:  map 82% reduce 24%
20/06/12 23:01:44 INFO mapreduce.Job:  map 83% reduce 24%
20/06/12 23:01:45 INFO mapreduce.Job:  map 84% reduce 25%
20/06/12 23:01:47 INFO mapreduce.Job:  map 85% reduce 25%
20/06/12 23:01:48 INFO mapreduce.Job:  map 86% reduce 26%
20/06/12 23:01:49 INFO mapreduce.Job:  map 87% reduce 26%
20/06/12 23:01:51 INFO mapreduce.Job:  map 88% reduce 27%
20/06/12 23:01:52 INFO mapreduce.Job:  map 88% reduce 28%
20/06/12 23:01:59 INFO mapreduce.Job:  map 89% reduce 28%
20/06/12 23:02:00 INFO mapreduce.Job:  map 90% reduce 28%
20/06/12 23:02:02 INFO mapreduce.Job:  map 91% reduce 28%
20/06/12 23:02:03 INFO mapreduce.Job:  map 92% reduce 29%
20/06/12 23:02:04 INFO mapreduce.Job:  map 93% reduce 29%
20/06/12 23:02:06 INFO mapreduce.Job:  map 93% reduce 31%
20/06/12 23:02:16 INFO mapreduce.Job:  map 94% reduce 31%
20/06/12 23:02:20 INFO mapreduce.Job:  map 96% reduce 31%
20/06/12 23:02:21 INFO mapreduce.Job:  map 99% reduce 32%
20/06/12 23:02:22 INFO mapreduce.Job:  map 100% reduce 32%
20/06/12 23:02:24 INFO mapreduce.Job:  map 100% reduce 44%
20/06/12 23:02:25 INFO mapreduce.Job:  map 100% reduce 45%
20/06/12 23:02:27 INFO mapreduce.Job:  map 100% reduce 57%
20/06/12 23:02:28 INFO mapreduce.Job:  map 100% reduce 65%
20/06/12 23:02:30 INFO mapreduce.Job:  map 100% reduce 66%
20/06/12 23:02:31 INFO mapreduce.Job:  map 100% reduce 67%
20/06/12 23:02:33 INFO mapreduce.Job:  map 100% reduce 68%
20/06/12 23:02:34 INFO mapreduce.Job:  map 100% reduce 69%
20/06/12 23:02:36 INFO mapreduce.Job:  map 100% reduce 70%
20/06/12 23:02:39 INFO mapreduce.Job:  map 100% reduce 72%
20/06/12 23:02:42 INFO mapreduce.Job:  map 100% reduce 73%
20/06/12 23:02:43 INFO mapreduce.Job:  map 100% reduce 74%
20/06/12 23:02:45 INFO mapreduce.Job:  map 100% reduce 75%
20/06/12 23:02:48 INFO mapreduce.Job:  map 100% reduce 77%
20/06/12 23:02:51 INFO mapreduce.Job:  map 100% reduce 79%
20/06/12 23:02:54 INFO mapreduce.Job:  map 100% reduce 80%
20/06/12 23:02:57 INFO mapreduce.Job:  map 100% reduce 82%
20/06/12 23:03:00 INFO mapreduce.Job:  map 100% reduce 84%
20/06/12 23:03:03 INFO mapreduce.Job:  map 100% reduce 85%
20/06/12 23:03:04 INFO mapreduce.Job:  map 100% reduce 86%
20/06/12 23:03:07 INFO mapreduce.Job:  map 100% reduce 87%
20/06/12 23:03:09 INFO mapreduce.Job:  map 100% reduce 88%
20/06/12 23:03:12 INFO mapreduce.Job:  map 100% reduce 89%
20/06/12 23:03:13 INFO mapreduce.Job:  map 100% reduce 90%
20/06/12 23:03:15 INFO mapreduce.Job:  map 100% reduce 92%
20/06/12 23:03:19 INFO mapreduce.Job:  map 100% reduce 93%
20/06/12 23:03:20 INFO mapreduce.Job:  map 100% reduce 94%
20/06/12 23:03:22 INFO mapreduce.Job:  map 100% reduce 95%
20/06/12 23:03:25 INFO mapreduce.Job:  map 100% reduce 96%
20/06/12 23:03:26 INFO mapreduce.Job:  map 100% reduce 97%
20/06/12 23:03:28 INFO mapreduce.Job:  map 100% reduce 98%
20/06/12 23:03:31 INFO mapreduce.Job:  map 100% reduce 99%
20/06/12 23:03:33 INFO mapreduce.Job:  map 100% reduce 100%
20/06/12 23:03:33 INFO mapreduce.Job: Job job_1591969037273_0002 completed successfully
20/06/12 23:03:33 INFO mapreduce.Job: Counters: 51
	File System Counters
		FILE: Number of bytes read=31975782523
		FILE: Number of bytes written=42736354963
		FILE: Number of read operations=0
		FILE: Number of large read operations=0
		FILE: Number of write operations=0
		HDFS: Number of bytes read=10774023357
		HDFS: Number of bytes written=10772865058
		HDFS: Number of read operations=329
		HDFS: Number of large read operations=0
		HDFS: Number of write operations=6
	Job Counters 
		Killed map tasks=2
		Launched map tasks=82
		Launched reduce tasks=3
		Data-local map tasks=66
		Rack-local map tasks=16
		Total time spent by all maps in occupied slots (ms)=1586263
		Total time spent by all reduces in occupied slots (ms)=603420
		Total time spent by all map tasks (ms)=1586263
		Total time spent by all reduce tasks (ms)=603420
		Total vcore-milliseconds taken by all map tasks=1586263
		Total vcore-milliseconds taken by all reduce tasks=603420
		Total megabyte-milliseconds taken by all map tasks=1624333312
		Total megabyte-milliseconds taken by all reduce tasks=617902080
	Map-Reduce Framework
		Map input records=1022856
		Map output records=1022856
		Map output bytes=10745662002
		Map output materialized bytes=10751412861
		Input split bytes=9040
		Combine input records=0
		Combine output records=0
		Reduce input groups=1022856
		Reduce shuffle bytes=10751412861
		Reduce input records=1022856
		Reduce output records=1022856
		Spilled Records=4064898
		Shuffled Maps =240
		Failed Shuffles=0
		Merged Map outputs=240
		GC time elapsed (ms)=15674
		CPU time spent (ms)=231920
		Physical memory (bytes) snapshot=21868097536
		Virtual memory (bytes) snapshot=175118225408
		Total committed heap usage (bytes)=16587948032
	Shuffle Errors
		BAD_ID=0
		CONNECTION=0
		IO_ERROR=0
		WRONG_LENGTH=0
		WRONG_MAP=0
		WRONG_REDUCE=0
	File Input Format Counters 
		Bytes Read=10774014317
	File Output Format Counters 
		Bytes Written=10772865058
