20/06/12 23:04:45 INFO client.RMProxy: Connecting to ResourceManager at master/10.51.17.95:8032
20/06/12 23:04:45 INFO client.RMProxy: Connecting to ResourceManager at master/10.51.17.95:8032
20/06/12 23:04:46 INFO input.FileInputFormat: Total input paths to process : 10
20/06/12 23:04:46 INFO mapreduce.JobSubmitter: number of splits:80
20/06/12 23:04:47 INFO mapreduce.JobSubmitter: Submitting tokens for job: job_1591969037273_0004
20/06/12 23:04:47 INFO impl.YarnClientImpl: Submitted application application_1591969037273_0004
20/06/12 23:04:47 INFO mapreduce.Job: The url to track the job: http://master:8088/proxy/application_1591969037273_0004/
20/06/12 23:04:47 INFO mapreduce.Job: Running job: job_1591969037273_0004
20/06/12 23:04:55 INFO mapreduce.Job: Job job_1591969037273_0004 running in uber mode : false
20/06/12 23:04:55 INFO mapreduce.Job:  map 0% reduce 0%
20/06/12 23:05:06 INFO mapreduce.Job:  map 1% reduce 0%
20/06/12 23:05:07 INFO mapreduce.Job:  map 4% reduce 0%
20/06/12 23:05:08 INFO mapreduce.Job:  map 6% reduce 0%
20/06/12 23:05:09 INFO mapreduce.Job:  map 9% reduce 0%
20/06/12 23:05:10 INFO mapreduce.Job:  map 11% reduce 0%
20/06/12 23:05:11 INFO mapreduce.Job:  map 15% reduce 0%
20/06/12 23:05:12 INFO mapreduce.Job:  map 16% reduce 0%
20/06/12 23:05:14 INFO mapreduce.Job:  map 17% reduce 0%
20/06/12 23:05:15 INFO mapreduce.Job:  map 18% reduce 0%
20/06/12 23:05:16 INFO mapreduce.Job:  map 19% reduce 0%
20/06/12 23:05:19 INFO mapreduce.Job:  map 20% reduce 0%
20/06/12 23:05:20 INFO mapreduce.Job:  map 22% reduce 0%
20/06/12 23:05:21 INFO mapreduce.Job:  map 26% reduce 0%
20/06/12 23:05:22 INFO mapreduce.Job:  map 27% reduce 0%
20/06/12 23:05:23 INFO mapreduce.Job:  map 28% reduce 0%
20/06/12 23:05:25 INFO mapreduce.Job:  map 29% reduce 0%
20/06/12 23:05:28 INFO mapreduce.Job:  map 31% reduce 0%
20/06/12 23:05:29 INFO mapreduce.Job:  map 32% reduce 1%
20/06/12 23:05:30 INFO mapreduce.Job:  map 32% reduce 3%
20/06/12 23:05:31 INFO mapreduce.Job:  map 33% reduce 3%
20/06/12 23:05:35 INFO mapreduce.Job:  map 33% reduce 4%
20/06/12 23:05:36 INFO mapreduce.Job:  map 34% reduce 4%
20/06/12 23:05:37 INFO mapreduce.Job:  map 35% reduce 4%
20/06/12 23:05:38 INFO mapreduce.Job:  map 36% reduce 6%
20/06/12 23:05:39 INFO mapreduce.Job:  map 36% reduce 7%
20/06/12 23:05:40 INFO mapreduce.Job:  map 37% reduce 7%
20/06/12 23:05:42 INFO mapreduce.Job:  map 38% reduce 7%
20/06/12 23:05:44 INFO mapreduce.Job:  map 39% reduce 7%
20/06/12 23:05:45 INFO mapreduce.Job:  map 40% reduce 8%
20/06/12 23:05:46 INFO mapreduce.Job:  map 41% reduce 8%
20/06/12 23:05:49 INFO mapreduce.Job:  map 43% reduce 8%
20/06/12 23:05:50 INFO mapreduce.Job:  map 43% reduce 9%
20/06/12 23:05:51 INFO mapreduce.Job:  map 43% reduce 10%
20/06/12 23:05:54 INFO mapreduce.Job:  map 44% reduce 10%
20/06/12 23:05:57 INFO mapreduce.Job:  map 45% reduce 10%
20/06/12 23:06:01 INFO mapreduce.Job:  map 47% reduce 10%
20/06/12 23:06:02 INFO mapreduce.Job:  map 49% reduce 10%
20/06/12 23:06:04 INFO mapreduce.Job:  map 50% reduce 10%
20/06/12 23:06:05 INFO mapreduce.Job:  map 52% reduce 11%
20/06/12 23:06:09 INFO mapreduce.Job:  map 53% reduce 12%
20/06/12 23:06:13 INFO mapreduce.Job:  map 54% reduce 12%
20/06/12 23:06:14 INFO mapreduce.Job:  map 55% reduce 12%
20/06/12 23:06:15 INFO mapreduce.Job:  map 56% reduce 12%
20/06/12 23:06:16 INFO mapreduce.Job:  map 57% reduce 12%
20/06/12 23:06:17 INFO mapreduce.Job:  map 58% reduce 13%
20/06/12 23:06:18 INFO mapreduce.Job:  map 60% reduce 13%
20/06/12 23:06:20 INFO mapreduce.Job:  map 61% reduce 14%
20/06/12 23:06:23 INFO mapreduce.Job:  map 62% reduce 15%
20/06/12 23:06:25 INFO mapreduce.Job:  map 63% reduce 15%
20/06/12 23:06:27 INFO mapreduce.Job:  map 64% reduce 15%
20/06/12 23:06:28 INFO mapreduce.Job:  map 67% reduce 15%
20/06/12 23:06:29 INFO mapreduce.Job:  map 68% reduce 15%
20/06/12 23:06:31 INFO mapreduce.Job:  map 69% reduce 15%
20/06/12 23:06:32 INFO mapreduce.Job:  map 70% reduce 17%
20/06/12 23:06:34 INFO mapreduce.Job:  map 71% reduce 17%
20/06/12 23:06:37 INFO mapreduce.Job:  map 72% reduce 17%
20/06/12 23:06:41 INFO mapreduce.Job:  map 73% reduce 17%
20/06/12 23:06:43 INFO mapreduce.Job:  map 75% reduce 17%
20/06/12 23:06:45 INFO mapreduce.Job:  map 76% reduce 18%
20/06/12 23:06:47 INFO mapreduce.Job:  map 77% reduce 18%
20/06/12 23:06:48 INFO mapreduce.Job:  map 78% reduce 18%
20/06/12 23:06:51 INFO mapreduce.Job:  map 80% reduce 18%
20/06/12 23:06:54 INFO mapreduce.Job:  map 81% reduce 19%
20/06/12 23:06:57 INFO mapreduce.Job:  map 83% reduce 20%
20/06/12 23:06:58 INFO mapreduce.Job:  map 84% reduce 20%
20/06/12 23:07:01 INFO mapreduce.Job:  map 85% reduce 20%
20/06/12 23:07:02 INFO mapreduce.Job:  map 85% reduce 21%
20/06/12 23:07:04 INFO mapreduce.Job:  map 87% reduce 21%
20/06/12 23:07:06 INFO mapreduce.Job:  map 87% reduce 22%
20/06/12 23:07:10 INFO mapreduce.Job:  map 88% reduce 22%
20/06/12 23:07:14 INFO mapreduce.Job:  map 89% reduce 22%
20/06/12 23:07:15 INFO mapreduce.Job:  map 90% reduce 23%
20/06/12 23:07:16 INFO mapreduce.Job:  map 91% reduce 23%
20/06/12 23:07:18 INFO mapreduce.Job:  map 91% reduce 24%
20/06/12 23:07:26 INFO mapreduce.Job:  map 93% reduce 24%
20/06/12 23:07:27 INFO mapreduce.Job:  map 93% reduce 25%
20/06/12 23:07:33 INFO mapreduce.Job:  map 94% reduce 26%
20/06/12 23:07:36 INFO mapreduce.Job:  map 94% reduce 27%
20/06/12 23:07:39 INFO mapreduce.Job:  map 94% reduce 28%
20/06/12 23:07:45 INFO mapreduce.Job:  map 95% reduce 28%
20/06/12 23:07:47 INFO mapreduce.Job:  map 95% reduce 29%
20/06/12 23:07:50 INFO mapreduce.Job:  map 100% reduce 29%
20/06/12 23:07:51 INFO mapreduce.Job:  map 100% reduce 30%
20/06/12 23:07:57 INFO mapreduce.Job:  map 100% reduce 31%
20/06/12 23:08:03 INFO mapreduce.Job:  map 100% reduce 33%
20/06/12 23:08:05 INFO mapreduce.Job:  map 100% reduce 42%
20/06/12 23:08:06 INFO mapreduce.Job:  map 100% reduce 63%
20/06/12 23:08:08 INFO mapreduce.Job:  map 100% reduce 66%
20/06/12 23:08:09 INFO mapreduce.Job:  map 100% reduce 67%
20/06/12 23:08:12 INFO mapreduce.Job:  map 100% reduce 68%
20/06/12 23:08:15 INFO mapreduce.Job:  map 100% reduce 70%
20/06/12 23:08:17 INFO mapreduce.Job:  map 100% reduce 71%
20/06/12 23:08:18 INFO mapreduce.Job:  map 100% reduce 72%
20/06/12 23:08:21 INFO mapreduce.Job:  map 100% reduce 73%
20/06/12 23:08:23 INFO mapreduce.Job:  map 100% reduce 74%
20/06/12 23:08:24 INFO mapreduce.Job:  map 100% reduce 75%
20/06/12 23:08:27 INFO mapreduce.Job:  map 100% reduce 77%
20/06/12 23:08:30 INFO mapreduce.Job:  map 100% reduce 78%
20/06/12 23:08:33 INFO mapreduce.Job:  map 100% reduce 79%
20/06/12 23:08:35 INFO mapreduce.Job:  map 100% reduce 80%
20/06/12 23:08:36 INFO mapreduce.Job:  map 100% reduce 81%
20/06/12 23:08:39 INFO mapreduce.Job:  map 100% reduce 82%
20/06/12 23:08:41 INFO mapreduce.Job:  map 100% reduce 83%
20/06/12 23:08:45 INFO mapreduce.Job:  map 100% reduce 85%
20/06/12 23:08:47 INFO mapreduce.Job:  map 100% reduce 86%
20/06/12 23:08:50 INFO mapreduce.Job:  map 100% reduce 87%
20/06/12 23:08:51 INFO mapreduce.Job:  map 100% reduce 88%
20/06/12 23:08:53 INFO mapreduce.Job:  map 100% reduce 89%
20/06/12 23:08:54 INFO mapreduce.Job:  map 100% reduce 90%
20/06/12 23:08:56 INFO mapreduce.Job:  map 100% reduce 91%
20/06/12 23:08:57 INFO mapreduce.Job:  map 100% reduce 92%
20/06/12 23:08:59 INFO mapreduce.Job:  map 100% reduce 93%
20/06/12 23:09:02 INFO mapreduce.Job:  map 100% reduce 94%
20/06/12 23:09:05 INFO mapreduce.Job:  map 100% reduce 95%
20/06/12 23:09:06 INFO mapreduce.Job:  map 100% reduce 96%
20/06/12 23:09:08 INFO mapreduce.Job:  map 100% reduce 97%
20/06/12 23:09:11 INFO mapreduce.Job:  map 100% reduce 98%
20/06/12 23:09:12 INFO mapreduce.Job:  map 100% reduce 99%
20/06/12 23:09:13 INFO mapreduce.Job:  map 100% reduce 100%
20/06/12 23:09:14 INFO mapreduce.Job: Job job_1591969037273_0004 completed successfully
20/06/12 23:09:15 INFO mapreduce.Job: Counters: 51
	File System Counters
		FILE: Number of bytes read=31974962107
		FILE: Number of bytes written=42735497761
		FILE: Number of read operations=0
		FILE: Number of large read operations=0
		FILE: Number of write operations=0
		HDFS: Number of bytes read=10774140972
		HDFS: Number of bytes written=10772807716
		HDFS: Number of read operations=329
		HDFS: Number of large read operations=0
		HDFS: Number of write operations=6
	Job Counters 
		Killed map tasks=3
		Launched map tasks=82
		Launched reduce tasks=3
		Data-local map tasks=75
		Rack-local map tasks=7
		Total time spent by all maps in occupied slots (ms)=1715149
		Total time spent by all reduces in occupied slots (ms)=686622
		Total time spent by all map tasks (ms)=1715149
		Total time spent by all reduce tasks (ms)=686622
		Total vcore-milliseconds taken by all map tasks=1715149
		Total vcore-milliseconds taken by all reduce tasks=686622
		Total megabyte-milliseconds taken by all map tasks=1756312576
		Total megabyte-milliseconds taken by all reduce tasks=703100928
	Map-Reduce Framework
		Map input records=1021031
		Map output records=1021031
		Map output bytes=10745647240
		Map output materialized bytes=10751389579
		Input split bytes=9040
		Combine input records=0
		Combine output records=0
		Reduce input groups=1021031
		Reduce shuffle bytes=10751389579
		Reduce input records=1021031
		Reduce output records=1021031
		Spilled Records=4057673
		Shuffled Maps =240
		Failed Shuffles=0
		Merged Map outputs=240
		GC time elapsed (ms)=15150
		CPU time spent (ms)=243240
		Physical memory (bytes) snapshot=21919633408
		Virtual memory (bytes) snapshot=175157223424
		Total committed heap usage (bytes)=16455827456
	Shuffle Errors
		BAD_ID=0
		CONNECTION=0
		IO_ERROR=0
		WRONG_LENGTH=0
		WRONG_MAP=0
		WRONG_REDUCE=0
	File Input Format Counters 
		Bytes Read=10774131932
	File Output Format Counters 
		Bytes Written=10772807716
