20/06/14 08:31:31 INFO client.RMProxy: Connecting to ResourceManager at master/10.51.17.95:8032
20/06/14 08:31:32 INFO client.RMProxy: Connecting to ResourceManager at master/10.51.17.95:8032
20/06/14 08:31:32 INFO input.FileInputFormat: Total input paths to process : 10
20/06/14 08:31:32 INFO mapreduce.JobSubmitter: number of splits:80
20/06/14 08:31:32 INFO mapreduce.JobSubmitter: Submitting tokens for job: job_1592089328567_0008
20/06/14 08:31:32 INFO impl.YarnClientImpl: Submitted application application_1592089328567_0008
20/06/14 08:31:32 INFO mapreduce.Job: The url to track the job: http://master:8088/proxy/application_1592089328567_0008/
20/06/14 08:31:32 INFO mapreduce.Job: Running job: job_1592089328567_0008
20/06/14 08:31:39 INFO mapreduce.Job: Job job_1592089328567_0008 running in uber mode : false
20/06/14 08:31:39 INFO mapreduce.Job:  map 0% reduce 0%
20/06/14 08:31:44 INFO mapreduce.Job:  map 1% reduce 0%
20/06/14 08:31:45 INFO mapreduce.Job:  map 3% reduce 0%
20/06/14 08:31:46 INFO mapreduce.Job:  map 5% reduce 0%
20/06/14 08:31:47 INFO mapreduce.Job:  map 6% reduce 0%
20/06/14 08:31:48 INFO mapreduce.Job:  map 8% reduce 0%
20/06/14 08:31:50 INFO mapreduce.Job:  map 9% reduce 0%
20/06/14 08:31:51 INFO mapreduce.Job:  map 10% reduce 0%
20/06/14 08:31:52 INFO mapreduce.Job:  map 13% reduce 0%
20/06/14 08:31:54 INFO mapreduce.Job:  map 15% reduce 0%
20/06/14 08:31:56 INFO mapreduce.Job:  map 16% reduce 0%
20/06/14 08:31:57 INFO mapreduce.Job:  map 17% reduce 0%
20/06/14 08:32:00 INFO mapreduce.Job:  map 20% reduce 0%
20/06/14 08:32:02 INFO mapreduce.Job:  map 21% reduce 0%
20/06/14 08:32:04 INFO mapreduce.Job:  map 22% reduce 2%
20/06/14 08:32:05 INFO mapreduce.Job:  map 25% reduce 2%
20/06/14 08:32:07 INFO mapreduce.Job:  map 25% reduce 3%
20/06/14 08:32:08 INFO mapreduce.Job:  map 26% reduce 3%
20/06/14 08:32:11 INFO mapreduce.Job:  map 28% reduce 3%
20/06/14 08:32:12 INFO mapreduce.Job:  map 29% reduce 6%
20/06/14 08:32:13 INFO mapreduce.Job:  map 30% reduce 6%
20/06/14 08:32:14 INFO mapreduce.Job:  map 31% reduce 6%
20/06/14 08:32:15 INFO mapreduce.Job:  map 31% reduce 7%
20/06/14 08:32:16 INFO mapreduce.Job:  map 32% reduce 7%
20/06/14 08:32:17 INFO mapreduce.Job:  map 34% reduce 7%
20/06/14 08:32:19 INFO mapreduce.Job:  map 36% reduce 8%
20/06/14 08:32:24 INFO mapreduce.Job:  map 38% reduce 8%
20/06/14 08:32:25 INFO mapreduce.Job:  map 38% reduce 11%
20/06/14 08:32:27 INFO mapreduce.Job:  map 40% reduce 11%
20/06/14 08:32:29 INFO mapreduce.Job:  map 41% reduce 11%
20/06/14 08:32:31 INFO mapreduce.Job:  map 41% reduce 12%
20/06/14 08:32:34 INFO mapreduce.Job:  map 44% reduce 13%
20/06/14 08:32:35 INFO mapreduce.Job:  map 45% reduce 13%
20/06/14 08:32:37 INFO mapreduce.Job:  map 45% reduce 15%
20/06/14 08:32:41 INFO mapreduce.Job:  map 49% reduce 15%
20/06/14 08:32:43 INFO mapreduce.Job:  map 49% reduce 16%
20/06/14 08:32:50 INFO mapreduce.Job:  map 51% reduce 16%
20/06/14 08:32:52 INFO mapreduce.Job:  map 52% reduce 17%
20/06/14 08:32:55 INFO mapreduce.Job:  map 54% reduce 17%
20/06/14 08:32:56 INFO mapreduce.Job:  map 55% reduce 17%
20/06/14 08:32:58 INFO mapreduce.Job:  map 56% reduce 18%
20/06/14 08:32:59 INFO mapreduce.Job:  map 57% reduce 18%
20/06/14 08:33:01 INFO mapreduce.Job:  map 57% reduce 19%
20/06/14 08:33:05 INFO mapreduce.Job:  map 60% reduce 19%
20/06/14 08:33:07 INFO mapreduce.Job:  map 61% reduce 20%
20/06/14 08:33:10 INFO mapreduce.Job:  map 63% reduce 20%
20/06/14 08:33:11 INFO mapreduce.Job:  map 64% reduce 20%
20/06/14 08:33:13 INFO mapreduce.Job:  map 65% reduce 21%
20/06/14 08:33:14 INFO mapreduce.Job:  map 66% reduce 21%
20/06/14 08:33:16 INFO mapreduce.Job:  map 68% reduce 22%
20/06/14 08:33:18 INFO mapreduce.Job:  map 69% reduce 22%
20/06/14 08:33:19 INFO mapreduce.Job:  map 70% reduce 23%
20/06/14 08:33:23 INFO mapreduce.Job:  map 71% reduce 23%
20/06/14 08:33:25 INFO mapreduce.Job:  map 71% reduce 24%
20/06/14 08:33:26 INFO mapreduce.Job:  map 73% reduce 24%
20/06/14 08:33:28 INFO mapreduce.Job:  map 74% reduce 24%
20/06/14 08:33:30 INFO mapreduce.Job:  map 75% reduce 24%
20/06/14 08:33:31 INFO mapreduce.Job:  map 75% reduce 25%
20/06/14 08:33:32 INFO mapreduce.Job:  map 76% reduce 25%
20/06/14 08:33:34 INFO mapreduce.Job:  map 77% reduce 25%
20/06/14 08:33:35 INFO mapreduce.Job:  map 77% reduce 26%
20/06/14 08:33:37 INFO mapreduce.Job:  map 79% reduce 26%
20/06/14 08:33:38 INFO mapreduce.Job:  map 80% reduce 26%
20/06/14 08:33:40 INFO mapreduce.Job:  map 80% reduce 27%
20/06/14 08:33:44 INFO mapreduce.Job:  map 81% reduce 27%
20/06/14 08:33:46 INFO mapreduce.Job:  map 82% reduce 27%
20/06/14 08:33:48 INFO mapreduce.Job:  map 84% reduce 27%
20/06/14 08:33:49 INFO mapreduce.Job:  map 84% reduce 28%
20/06/14 08:33:51 INFO mapreduce.Job:  map 85% reduce 28%
20/06/14 08:33:53 INFO mapreduce.Job:  map 86% reduce 28%
20/06/14 08:33:54 INFO mapreduce.Job:  map 88% reduce 28%
20/06/14 08:33:55 INFO mapreduce.Job:  map 88% reduce 29%
20/06/14 08:33:58 INFO mapreduce.Job:  map 90% reduce 29%
20/06/14 08:34:01 INFO mapreduce.Job:  map 91% reduce 30%
20/06/14 08:34:03 INFO mapreduce.Job:  map 93% reduce 30%
20/06/14 08:34:04 INFO mapreduce.Job:  map 93% reduce 31%
20/06/14 08:34:10 INFO mapreduce.Job:  map 94% reduce 31%
20/06/14 08:34:11 INFO mapreduce.Job:  map 95% reduce 31%
20/06/14 08:34:13 INFO mapreduce.Job:  map 96% reduce 32%
20/06/14 08:34:15 INFO mapreduce.Job:  map 98% reduce 32%
20/06/14 08:34:17 INFO mapreduce.Job:  map 99% reduce 32%
20/06/14 08:34:19 INFO mapreduce.Job:  map 100% reduce 33%
20/06/14 08:34:20 INFO mapreduce.Job:  map 100% reduce 34%
20/06/14 08:34:22 INFO mapreduce.Job:  map 100% reduce 56%
20/06/14 08:34:23 INFO mapreduce.Job:  map 100% reduce 67%
20/06/14 08:34:28 INFO mapreduce.Job:  map 100% reduce 69%
20/06/14 08:34:29 INFO mapreduce.Job:  map 100% reduce 70%
20/06/14 08:34:32 INFO mapreduce.Job:  map 100% reduce 71%
20/06/14 08:34:34 INFO mapreduce.Job:  map 100% reduce 72%
20/06/14 08:34:35 INFO mapreduce.Job:  map 100% reduce 73%
20/06/14 08:34:37 INFO mapreduce.Job:  map 100% reduce 74%
20/06/14 08:34:38 INFO mapreduce.Job:  map 100% reduce 75%
20/06/14 08:34:40 INFO mapreduce.Job:  map 100% reduce 76%
20/06/14 08:34:43 INFO mapreduce.Job:  map 100% reduce 78%
20/06/14 08:34:46 INFO mapreduce.Job:  map 100% reduce 79%
20/06/14 08:34:47 INFO mapreduce.Job:  map 100% reduce 80%
20/06/14 08:34:49 INFO mapreduce.Job:  map 100% reduce 81%
20/06/14 08:34:50 INFO mapreduce.Job:  map 100% reduce 82%
20/06/14 08:34:52 INFO mapreduce.Job:  map 100% reduce 83%
20/06/14 08:34:55 INFO mapreduce.Job:  map 100% reduce 85%
20/06/14 08:34:56 INFO mapreduce.Job:  map 100% reduce 86%
20/06/14 08:34:58 INFO mapreduce.Job:  map 100% reduce 87%
20/06/14 08:35:01 INFO mapreduce.Job:  map 100% reduce 89%
20/06/14 08:35:04 INFO mapreduce.Job:  map 100% reduce 90%
20/06/14 08:35:08 INFO mapreduce.Job:  map 100% reduce 92%
20/06/14 08:35:11 INFO mapreduce.Job:  map 100% reduce 93%
20/06/14 08:35:14 INFO mapreduce.Job:  map 100% reduce 94%
20/06/14 08:35:15 INFO mapreduce.Job:  map 100% reduce 95%
20/06/14 08:35:17 INFO mapreduce.Job:  map 100% reduce 96%
20/06/14 08:35:18 INFO mapreduce.Job:  map 100% reduce 97%
20/06/14 08:35:21 INFO mapreduce.Job:  map 100% reduce 98%
20/06/14 08:35:23 INFO mapreduce.Job:  map 100% reduce 99%
20/06/14 08:35:24 INFO mapreduce.Job:  map 100% reduce 100%
20/06/14 08:35:25 INFO mapreduce.Job: Job job_1592089328567_0008 completed successfully
20/06/14 08:35:25 INFO mapreduce.Job: Counters: 51
	File System Counters
		FILE: Number of bytes read=31975108869
		FILE: Number of bytes written=42735691764
		FILE: Number of read operations=0
		FILE: Number of large read operations=0
		FILE: Number of write operations=0
		HDFS: Number of bytes read=10774029719
		HDFS: Number of bytes written=10772892712
		HDFS: Number of read operations=329
		HDFS: Number of large read operations=0
		HDFS: Number of write operations=6
	Job Counters 
		Killed map tasks=1
		Launched map tasks=80
		Launched reduce tasks=3
		Data-local map tasks=69
		Rack-local map tasks=11
		Total time spent by all maps in occupied slots (ms)=839692
		Total time spent by all reduces in occupied slots (ms)=586048
		Total time spent by all map tasks (ms)=419846
		Total time spent by all reduce tasks (ms)=586048
		Total vcore-milliseconds taken by all map tasks=419846
		Total vcore-milliseconds taken by all reduce tasks=586048
		Total megabyte-milliseconds taken by all map tasks=859844608
		Total megabyte-milliseconds taken by all reduce tasks=600113152
	Map-Reduce Framework
		Map input records=1022936
		Map output records=1022936
		Map output bytes=10745686956
		Map output materialized bytes=10751438731
		Input split bytes=9040
		Combine input records=0
		Combine output records=0
		Reduce input groups=1022936
		Reduce shuffle bytes=10751438731
		Reduce input records=1022936
		Reduce output records=1022936
		Spilled Records=4065173
		Shuffled Maps =240
		Failed Shuffles=0
		Merged Map outputs=240
		GC time elapsed (ms)=7403
		CPU time spent (ms)=224670
		Physical memory (bytes) snapshot=22033084416
		Virtual memory (bytes) snapshot=175158460416
		Total committed heap usage (bytes)=16735797248
	Shuffle Errors
		BAD_ID=0
		CONNECTION=0
		IO_ERROR=0
		WRONG_LENGTH=0
		WRONG_MAP=0
		WRONG_REDUCE=0
	File Input Format Counters 
		Bytes Read=10774020679
	File Output Format Counters 
		Bytes Written=10772892712
