20/06/08 00:47:38 INFO client.RMProxy: Connecting to ResourceManager at master/10.51.17.95:8032
20/06/08 00:47:38 INFO input.FileInputFormat: Total input paths to process : 10
20/06/08 00:47:39 INFO mapreduce.JobSubmitter: number of splits:90
20/06/08 00:47:39 INFO mapreduce.JobSubmitter: Submitting tokens for job: job_1591544408336_0005
20/06/08 00:47:39 INFO impl.YarnClientImpl: Submitted application application_1591544408336_0005
20/06/08 00:47:40 INFO mapreduce.Job: The url to track the job: http://master:8088/proxy/application_1591544408336_0005/
20/06/08 00:47:40 INFO mapreduce.Job: Running job: job_1591544408336_0005
20/06/08 00:47:46 INFO mapreduce.Job: Job job_1591544408336_0005 running in uber mode : false
20/06/08 00:47:46 INFO mapreduce.Job:  map 0% reduce 0%
20/06/08 00:48:00 INFO mapreduce.Job:  map 1% reduce 0%
20/06/08 00:48:02 INFO mapreduce.Job:  map 2% reduce 0%
20/06/08 00:48:03 INFO mapreduce.Job:  map 3% reduce 0%
20/06/08 00:48:11 INFO mapreduce.Job:  map 4% reduce 0%
20/06/08 00:48:18 INFO mapreduce.Job:  map 5% reduce 0%
20/06/08 00:48:21 INFO mapreduce.Job:  map 6% reduce 0%
20/06/08 00:48:28 INFO mapreduce.Job:  map 7% reduce 0%
20/06/08 00:48:30 INFO mapreduce.Job:  map 8% reduce 0%
20/06/08 00:48:37 INFO mapreduce.Job:  map 9% reduce 0%
20/06/08 00:48:40 INFO mapreduce.Job:  map 10% reduce 0%
20/06/08 00:48:42 INFO mapreduce.Job:  map 11% reduce 0%
20/06/08 00:48:44 INFO mapreduce.Job:  map 12% reduce 0%
20/06/08 00:48:53 INFO mapreduce.Job:  map 13% reduce 0%
20/06/08 00:48:56 INFO mapreduce.Job:  map 14% reduce 0%
20/06/08 00:48:58 INFO mapreduce.Job:  map 15% reduce 0%
20/06/08 00:49:00 INFO mapreduce.Job:  map 16% reduce 0%
20/06/08 00:49:01 INFO mapreduce.Job:  map 17% reduce 0%
20/06/08 00:49:07 INFO mapreduce.Job:  map 18% reduce 0%
20/06/08 00:49:12 INFO mapreduce.Job:  map 18% reduce 5%
20/06/08 00:49:13 INFO mapreduce.Job:  map 19% reduce 5%
20/06/08 00:49:16 INFO mapreduce.Job:  map 20% reduce 5%
20/06/08 00:49:22 INFO mapreduce.Job:  map 21% reduce 5%
20/06/08 00:49:26 INFO mapreduce.Job:  map 22% reduce 5%
20/06/08 00:49:32 INFO mapreduce.Job:  map 23% reduce 5%
20/06/08 00:49:34 INFO mapreduce.Job:  map 23% reduce 6%
20/06/08 00:49:35 INFO mapreduce.Job:  map 24% reduce 6%
20/06/08 00:49:37 INFO mapreduce.Job:  map 25% reduce 6%
20/06/08 00:49:40 INFO mapreduce.Job:  map 26% reduce 7%
20/06/08 00:49:48 INFO mapreduce.Job:  map 27% reduce 7%
20/06/08 00:49:52 INFO mapreduce.Job:  map 28% reduce 7%
20/06/08 00:49:57 INFO mapreduce.Job:  map 29% reduce 7%
20/06/08 00:50:02 INFO mapreduce.Job:  map 30% reduce 7%
20/06/08 00:50:03 INFO mapreduce.Job:  map 31% reduce 7%
20/06/08 00:50:04 INFO mapreduce.Job:  map 31% reduce 9%
20/06/08 00:50:05 INFO mapreduce.Job:  map 32% reduce 9%
20/06/08 00:50:11 INFO mapreduce.Job:  map 33% reduce 10%
20/06/08 00:50:14 INFO mapreduce.Job:  map 34% reduce 10%
20/06/08 00:50:19 INFO mapreduce.Job:  map 35% reduce 10%
20/06/08 00:50:22 INFO mapreduce.Job:  map 36% reduce 10%
20/06/08 00:50:26 INFO mapreduce.Job:  map 36% reduce 11%
20/06/08 00:50:28 INFO mapreduce.Job:  map 37% reduce 11%
20/06/08 00:50:31 INFO mapreduce.Job:  map 38% reduce 11%
20/06/08 00:50:32 INFO mapreduce.Job:  map 39% reduce 11%
20/06/08 00:50:35 INFO mapreduce.Job:  map 39% reduce 12%
20/06/08 00:50:37 INFO mapreduce.Job:  map 40% reduce 12%
20/06/08 00:50:43 INFO mapreduce.Job:  map 41% reduce 12%
20/06/08 00:50:48 INFO mapreduce.Job:  map 42% reduce 12%
20/06/08 00:50:53 INFO mapreduce.Job:  map 43% reduce 12%
20/06/08 00:50:57 INFO mapreduce.Job:  map 44% reduce 12%
20/06/08 00:51:03 INFO mapreduce.Job:  map 45% reduce 12%
20/06/08 00:51:06 INFO mapreduce.Job:  map 46% reduce 12%
20/06/08 00:51:07 INFO mapreduce.Job:  map 47% reduce 12%
20/06/08 00:51:08 INFO mapreduce.Job:  map 48% reduce 14%
20/06/08 00:51:15 INFO mapreduce.Job:  map 49% reduce 14%
20/06/08 00:51:17 INFO mapreduce.Job:  map 49% reduce 15%
20/06/08 00:51:19 INFO mapreduce.Job:  map 50% reduce 15%
20/06/08 00:51:20 INFO mapreduce.Job:  map 50% reduce 16%
20/06/08 00:51:21 INFO mapreduce.Job:  map 51% reduce 16%
20/06/08 00:51:27 INFO mapreduce.Job:  map 52% reduce 16%
20/06/08 00:51:29 INFO mapreduce.Job:  map 53% reduce 16%
20/06/08 00:51:31 INFO mapreduce.Job:  map 53% reduce 17%
20/06/08 00:51:33 INFO mapreduce.Job:  map 54% reduce 17%
20/06/08 00:51:41 INFO mapreduce.Job:  map 55% reduce 17%
20/06/08 00:51:44 INFO mapreduce.Job:  map 56% reduce 17%
20/06/08 00:51:49 INFO mapreduce.Job:  map 57% reduce 17%
20/06/08 00:51:53 INFO mapreduce.Job:  map 58% reduce 17%
20/06/08 00:51:58 INFO mapreduce.Job:  map 59% reduce 17%
20/06/08 00:52:03 INFO mapreduce.Job:  map 60% reduce 17%
20/06/08 00:52:08 INFO mapreduce.Job:  map 61% reduce 17%
20/06/08 00:52:10 INFO mapreduce.Job:  map 61% reduce 18%
20/06/08 00:52:11 INFO mapreduce.Job:  map 62% reduce 18%
20/06/08 00:52:12 INFO mapreduce.Job:  map 63% reduce 18%
20/06/08 00:52:13 INFO mapreduce.Job:  map 63% reduce 20%
20/06/08 00:52:15 INFO mapreduce.Job:  map 64% reduce 20%
20/06/08 00:52:18 INFO mapreduce.Job:  map 65% reduce 20%
20/06/08 00:52:19 INFO mapreduce.Job:  map 65% reduce 21%
20/06/08 00:52:24 INFO mapreduce.Job:  map 66% reduce 21%
20/06/08 00:52:27 INFO mapreduce.Job:  map 67% reduce 21%
20/06/08 00:52:29 INFO mapreduce.Job:  map 68% reduce 21%
20/06/08 00:52:31 INFO mapreduce.Job:  map 68% reduce 22%
20/06/08 00:52:36 INFO mapreduce.Job:  map 69% reduce 22%
20/06/08 00:52:39 INFO mapreduce.Job:  map 70% reduce 22%
20/06/08 00:52:48 INFO mapreduce.Job:  map 71% reduce 22%
20/06/08 00:52:49 INFO mapreduce.Job:  map 72% reduce 22%
20/06/08 00:52:57 INFO mapreduce.Job:  map 73% reduce 22%
20/06/08 00:53:00 INFO mapreduce.Job:  map 74% reduce 22%
20/06/08 00:53:05 INFO mapreduce.Job:  map 75% reduce 22%
20/06/08 00:53:08 INFO mapreduce.Job:  map 75% reduce 23%
20/06/08 00:53:09 INFO mapreduce.Job:  map 76% reduce 23%
20/06/08 00:53:11 INFO mapreduce.Job:  map 77% reduce 23%
20/06/08 00:53:12 INFO mapreduce.Job:  map 78% reduce 23%
20/06/08 00:53:14 INFO mapreduce.Job:  map 78% reduce 24%
20/06/08 00:53:15 INFO mapreduce.Job:  map 79% reduce 24%
20/06/08 00:53:17 INFO mapreduce.Job:  map 79% reduce 25%
20/06/08 00:53:20 INFO mapreduce.Job:  map 79% reduce 26%
20/06/08 00:53:22 INFO mapreduce.Job:  map 80% reduce 26%
20/06/08 00:53:23 INFO mapreduce.Job:  map 81% reduce 26%
20/06/08 00:53:25 INFO mapreduce.Job:  map 82% reduce 27%
20/06/08 00:53:29 INFO mapreduce.Job:  map 83% reduce 27%
20/06/08 00:53:33 INFO mapreduce.Job:  map 84% reduce 27%
20/06/08 00:53:35 INFO mapreduce.Job:  map 86% reduce 27%
20/06/08 00:53:37 INFO mapreduce.Job:  map 87% reduce 27%
20/06/08 00:53:40 INFO mapreduce.Job:  map 88% reduce 27%
20/06/08 00:53:41 INFO mapreduce.Job:  map 89% reduce 28%
20/06/08 00:53:44 INFO mapreduce.Job:  map 89% reduce 29%
20/06/08 00:53:47 INFO mapreduce.Job:  map 90% reduce 29%
20/06/08 00:53:50 INFO mapreduce.Job:  map 91% reduce 29%
20/06/08 00:53:51 INFO mapreduce.Job:  map 92% reduce 29%
20/06/08 00:53:52 INFO mapreduce.Job:  map 93% reduce 29%
20/06/08 00:53:55 INFO mapreduce.Job:  map 95% reduce 29%
20/06/08 00:53:58 INFO mapreduce.Job:  map 96% reduce 29%
20/06/08 00:53:59 INFO mapreduce.Job:  map 96% reduce 30%
20/06/08 00:54:01 INFO mapreduce.Job:  map 97% reduce 30%
20/06/08 00:54:02 INFO mapreduce.Job:  map 98% reduce 31%
20/06/08 00:54:05 INFO mapreduce.Job:  map 98% reduce 32%
20/06/08 00:54:07 INFO mapreduce.Job:  map 99% reduce 32%
20/06/08 00:54:09 INFO mapreduce.Job:  map 100% reduce 32%
20/06/08 00:54:11 INFO mapreduce.Job:  map 100% reduce 69%
20/06/08 00:54:14 INFO mapreduce.Job:  map 100% reduce 75%
20/06/08 00:54:17 INFO mapreduce.Job:  map 100% reduce 81%
20/06/08 00:54:20 INFO mapreduce.Job:  map 100% reduce 88%
20/06/08 00:54:23 INFO mapreduce.Job:  map 100% reduce 97%
20/06/08 00:54:25 INFO mapreduce.Job:  map 100% reduce 100%
20/06/08 00:54:25 INFO mapreduce.Job: Job job_1591544408336_0005 completed successfully
20/06/08 00:54:26 INFO mapreduce.Job: Counters: 51
	File System Counters
		FILE: Number of bytes read=1455894935
		FILE: Number of bytes written=2171139404
		FILE: Number of read operations=0
		FILE: Number of large read operations=0
		FILE: Number of write operations=0
		HDFS: Number of bytes read=11025703138
		HDFS: Number of bytes written=336148824
		HDFS: Number of read operations=273
		HDFS: Number of large read operations=0
		HDFS: Number of write operations=2
	Job Counters 
		Killed map tasks=1
		Launched map tasks=91
		Launched reduce tasks=1
		Data-local map tasks=89
		Rack-local map tasks=2
		Total time spent by all maps in occupied slots (ms)=4880723
		Total time spent by all reduces in occupied slots (ms)=325501
		Total time spent by all map tasks (ms)=4880723
		Total time spent by all reduce tasks (ms)=325501
		Total vcore-milliseconds taken by all map tasks=4880723
		Total vcore-milliseconds taken by all reduce tasks=325501
		Total megabyte-milliseconds taken by all map tasks=4997860352
		Total megabyte-milliseconds taken by all reduce tasks=333313024
	Map-Reduce Framework
		Map input records=723396
		Map output records=1010226328
		Map output bytes=15234138804
		Map output materialized bytes=704064825
		Input split bytes=10530
		Combine input records=1034990396
		Combine output records=47400419
		Reduce input groups=9905845
		Reduce shuffle bytes=704064825
		Reduce input records=22636351
		Reduce output records=9905845
		Spilled Records=70036770
		Shuffled Maps =90
		Failed Shuffles=0
		Merged Map outputs=90
		GC time elapsed (ms)=100598
		CPU time spent (ms)=1959160
		Physical memory (bytes) snapshot=25145786368
		Virtual memory (bytes) snapshot=192013434880
		Total committed heap usage (bytes)=18918932480
	Shuffle Errors
		BAD_ID=0
		CONNECTION=0
		IO_ERROR=0
		WRONG_LENGTH=0
		WRONG_MAP=0
		WRONG_REDUCE=0
	File Input Format Counters 
		Bytes Read=11025692608
	File Output Format Counters 
		Bytes Written=336148824
