20/06/08 01:32:09 INFO client.RMProxy: Connecting to ResourceManager at master/10.51.17.95:8032
20/06/08 01:32:10 INFO input.FileInputFormat: Total input paths to process : 10
20/06/08 01:32:10 INFO mapreduce.JobSubmitter: number of splits:90
20/06/08 01:32:11 INFO mapreduce.JobSubmitter: Submitting tokens for job: job_1591544408336_0019
20/06/08 01:32:11 INFO impl.YarnClientImpl: Submitted application application_1591544408336_0019
20/06/08 01:32:11 INFO mapreduce.Job: The url to track the job: http://master:8088/proxy/application_1591544408336_0019/
20/06/08 01:32:11 INFO mapreduce.Job: Running job: job_1591544408336_0019
20/06/08 01:32:18 INFO mapreduce.Job: Job job_1591544408336_0019 running in uber mode : false
20/06/08 01:32:18 INFO mapreduce.Job:  map 0% reduce 0%
20/06/08 01:32:32 INFO mapreduce.Job:  map 1% reduce 0%
20/06/08 01:32:33 INFO mapreduce.Job:  map 2% reduce 0%
20/06/08 01:32:34 INFO mapreduce.Job:  map 3% reduce 0%
20/06/08 01:32:43 INFO mapreduce.Job:  map 4% reduce 0%
20/06/08 01:32:49 INFO mapreduce.Job:  map 5% reduce 0%
20/06/08 01:32:53 INFO mapreduce.Job:  map 6% reduce 0%
20/06/08 01:32:59 INFO mapreduce.Job:  map 7% reduce 0%
20/06/08 01:33:02 INFO mapreduce.Job:  map 8% reduce 0%
20/06/08 01:33:09 INFO mapreduce.Job:  map 9% reduce 0%
20/06/08 01:33:11 INFO mapreduce.Job:  map 10% reduce 0%
20/06/08 01:33:13 INFO mapreduce.Job:  map 11% reduce 0%
20/06/08 01:33:16 INFO mapreduce.Job:  map 12% reduce 0%
20/06/08 01:33:22 INFO mapreduce.Job:  map 13% reduce 0%
20/06/08 01:33:27 INFO mapreduce.Job:  map 14% reduce 0%
20/06/08 01:33:30 INFO mapreduce.Job:  map 15% reduce 0%
20/06/08 01:33:31 INFO mapreduce.Job:  map 16% reduce 0%
20/06/08 01:33:33 INFO mapreduce.Job:  map 17% reduce 0%
20/06/08 01:33:39 INFO mapreduce.Job:  map 18% reduce 0%
20/06/08 01:33:44 INFO mapreduce.Job:  map 19% reduce 0%
20/06/08 01:33:45 INFO mapreduce.Job:  map 19% reduce 5%
20/06/08 01:33:47 INFO mapreduce.Job:  map 20% reduce 5%
20/06/08 01:33:53 INFO mapreduce.Job:  map 21% reduce 5%
20/06/08 01:33:58 INFO mapreduce.Job:  map 22% reduce 5%
20/06/08 01:34:03 INFO mapreduce.Job:  map 23% reduce 5%
20/06/08 01:34:06 INFO mapreduce.Job:  map 24% reduce 6%
20/06/08 01:34:08 INFO mapreduce.Job:  map 25% reduce 6%
20/06/08 01:34:10 INFO mapreduce.Job:  map 25% reduce 7%
20/06/08 01:34:12 INFO mapreduce.Job:  map 26% reduce 7%
20/06/08 01:34:18 INFO mapreduce.Job:  map 27% reduce 7%
20/06/08 01:34:21 INFO mapreduce.Job:  map 28% reduce 7%
20/06/08 01:34:26 INFO mapreduce.Job:  map 29% reduce 7%
20/06/08 01:34:31 INFO mapreduce.Job:  map 30% reduce 7%
20/06/08 01:34:34 INFO mapreduce.Job:  map 31% reduce 8%
20/06/08 01:34:35 INFO mapreduce.Job:  map 32% reduce 8%
20/06/08 01:34:37 INFO mapreduce.Job:  map 32% reduce 10%
20/06/08 01:34:39 INFO mapreduce.Job:  map 33% reduce 10%
20/06/08 01:34:46 INFO mapreduce.Job:  map 34% reduce 10%
20/06/08 01:34:49 INFO mapreduce.Job:  map 35% reduce 10%
20/06/08 01:34:54 INFO mapreduce.Job:  map 36% reduce 10%
20/06/08 01:34:58 INFO mapreduce.Job:  map 37% reduce 10%
20/06/08 01:35:00 INFO mapreduce.Job:  map 38% reduce 10%
20/06/08 01:35:01 INFO mapreduce.Job:  map 38% reduce 12%
20/06/08 01:35:02 INFO mapreduce.Job:  map 39% reduce 12%
20/06/08 01:35:09 INFO mapreduce.Job:  map 40% reduce 12%
20/06/08 01:35:12 INFO mapreduce.Job:  map 41% reduce 12%
20/06/08 01:35:16 INFO mapreduce.Job:  map 42% reduce 12%
20/06/08 01:35:22 INFO mapreduce.Job:  map 43% reduce 12%
20/06/08 01:35:27 INFO mapreduce.Job:  map 44% reduce 12%
20/06/08 01:35:32 INFO mapreduce.Job:  map 45% reduce 12%
20/06/08 01:35:35 INFO mapreduce.Job:  map 46% reduce 13%
20/06/08 01:35:38 INFO mapreduce.Job:  map 47% reduce 13%
20/06/08 01:35:40 INFO mapreduce.Job:  map 48% reduce 13%
20/06/08 01:35:41 INFO mapreduce.Job:  map 48% reduce 14%
20/06/08 01:35:46 INFO mapreduce.Job:  map 49% reduce 14%
20/06/08 01:35:50 INFO mapreduce.Job:  map 50% reduce 15%
20/06/08 01:35:51 INFO mapreduce.Job:  map 51% reduce 15%
20/06/08 01:35:53 INFO mapreduce.Job:  map 51% reduce 16%
20/06/08 01:35:54 INFO mapreduce.Job:  map 52% reduce 16%
20/06/08 01:35:56 INFO mapreduce.Job:  map 52% reduce 17%
20/06/08 01:36:00 INFO mapreduce.Job:  map 53% reduce 17%
20/06/08 01:36:03 INFO mapreduce.Job:  map 54% reduce 17%
20/06/08 01:36:10 INFO mapreduce.Job:  map 55% reduce 17%
20/06/08 01:36:13 INFO mapreduce.Job:  map 56% reduce 17%
20/06/08 01:36:18 INFO mapreduce.Job:  map 57% reduce 17%
20/06/08 01:36:24 INFO mapreduce.Job:  map 58% reduce 17%
20/06/08 01:36:28 INFO mapreduce.Job:  map 59% reduce 17%
20/06/08 01:36:33 INFO mapreduce.Job:  map 60% reduce 17%
20/06/08 01:36:35 INFO mapreduce.Job:  map 61% reduce 17%
20/06/08 01:36:39 INFO mapreduce.Job:  map 62% reduce 18%
20/06/08 01:36:42 INFO mapreduce.Job:  map 63% reduce 19%
20/06/08 01:36:43 INFO mapreduce.Job:  map 64% reduce 19%
20/06/08 01:36:46 INFO mapreduce.Job:  map 64% reduce 20%
20/06/08 01:36:48 INFO mapreduce.Job:  map 65% reduce 20%
20/06/08 01:36:52 INFO mapreduce.Job:  map 65% reduce 21%
20/06/08 01:36:53 INFO mapreduce.Job:  map 66% reduce 21%
20/06/08 01:36:55 INFO mapreduce.Job:  map 67% reduce 21%
20/06/08 01:36:58 INFO mapreduce.Job:  map 67% reduce 22%
20/06/08 01:37:01 INFO mapreduce.Job:  map 68% reduce 22%
20/06/08 01:37:04 INFO mapreduce.Job:  map 69% reduce 22%
20/06/08 01:37:10 INFO mapreduce.Job:  map 70% reduce 22%
20/06/08 01:37:13 INFO mapreduce.Job:  map 71% reduce 22%
20/06/08 01:37:19 INFO mapreduce.Job:  map 72% reduce 22%
20/06/08 01:37:23 INFO mapreduce.Job:  map 73% reduce 22%
20/06/08 01:37:29 INFO mapreduce.Job:  map 74% reduce 22%
20/06/08 01:37:34 INFO mapreduce.Job:  map 75% reduce 22%
20/06/08 01:37:36 INFO mapreduce.Job:  map 76% reduce 22%
20/06/08 01:37:38 INFO mapreduce.Job:  map 76% reduce 23%
20/06/08 01:37:41 INFO mapreduce.Job:  map 77% reduce 23%
20/06/08 01:37:42 INFO mapreduce.Job:  map 78% reduce 23%
20/06/08 01:37:44 INFO mapreduce.Job:  map 78% reduce 24%
20/06/08 01:37:45 INFO mapreduce.Job:  map 79% reduce 24%
20/06/08 01:37:46 INFO mapreduce.Job:  map 79% reduce 26%
20/06/08 01:37:47 INFO mapreduce.Job:  map 80% reduce 26%
20/06/08 01:37:53 INFO mapreduce.Job:  map 81% reduce 26%
20/06/08 01:37:56 INFO mapreduce.Job:  map 82% reduce 26%
20/06/08 01:37:59 INFO mapreduce.Job:  map 84% reduce 26%
20/06/08 01:38:00 INFO mapreduce.Job:  map 85% reduce 26%
20/06/08 01:38:01 INFO mapreduce.Job:  map 85% reduce 27%
20/06/08 01:38:04 INFO mapreduce.Job:  map 86% reduce 27%
20/06/08 01:38:06 INFO mapreduce.Job:  map 87% reduce 27%
20/06/08 01:38:07 INFO mapreduce.Job:  map 87% reduce 28%
20/06/08 01:38:10 INFO mapreduce.Job:  map 88% reduce 28%
20/06/08 01:38:13 INFO mapreduce.Job:  map 89% reduce 28%
20/06/08 01:38:15 INFO mapreduce.Job:  map 90% reduce 28%
20/06/08 01:38:18 INFO mapreduce.Job:  map 91% reduce 28%
20/06/08 01:38:20 INFO mapreduce.Job:  map 92% reduce 29%
20/06/08 01:38:21 INFO mapreduce.Job:  map 93% reduce 29%
20/06/08 01:38:25 INFO mapreduce.Job:  map 94% reduce 29%
20/06/08 01:38:28 INFO mapreduce.Job:  map 95% reduce 29%
20/06/08 01:38:29 INFO mapreduce.Job:  map 96% reduce 30%
20/06/08 01:38:30 INFO mapreduce.Job:  map 97% reduce 30%
20/06/08 01:38:31 INFO mapreduce.Job:  map 98% reduce 30%
20/06/08 01:38:32 INFO mapreduce.Job:  map 98% reduce 31%
20/06/08 01:38:34 INFO mapreduce.Job:  map 99% reduce 31%
20/06/08 01:38:35 INFO mapreduce.Job:  map 99% reduce 32%
20/06/08 01:38:37 INFO mapreduce.Job:  map 100% reduce 32%
20/06/08 01:38:38 INFO mapreduce.Job:  map 100% reduce 33%
20/06/08 01:38:41 INFO mapreduce.Job:  map 100% reduce 68%
20/06/08 01:38:44 INFO mapreduce.Job:  map 100% reduce 74%
20/06/08 01:38:47 INFO mapreduce.Job:  map 100% reduce 80%
20/06/08 01:38:50 INFO mapreduce.Job:  map 100% reduce 86%
20/06/08 01:38:53 INFO mapreduce.Job:  map 100% reduce 96%
20/06/08 01:38:54 INFO mapreduce.Job:  map 100% reduce 100%
20/06/08 01:38:54 INFO mapreduce.Job: Job job_1591544408336_0019 completed successfully
20/06/08 01:38:54 INFO mapreduce.Job: Counters: 50
	File System Counters
		FILE: Number of bytes read=1472591434
		FILE: Number of bytes written=2195673251
		FILE: Number of read operations=0
		FILE: Number of large read operations=0
		FILE: Number of write operations=0
		HDFS: Number of bytes read=11025258823
		HDFS: Number of bytes written=339579625
		HDFS: Number of read operations=273
		HDFS: Number of large read operations=0
		HDFS: Number of write operations=2
	Job Counters 
		Killed map tasks=1
		Launched map tasks=91
		Launched reduce tasks=1
		Data-local map tasks=91
		Total time spent by all maps in occupied slots (ms)=4836023
		Total time spent by all reduces in occupied slots (ms)=323425
		Total time spent by all map tasks (ms)=4836023
		Total time spent by all reduce tasks (ms)=323425
		Total vcore-milliseconds taken by all map tasks=4836023
		Total vcore-milliseconds taken by all reduce tasks=323425
		Total megabyte-milliseconds taken by all map tasks=4952087552
		Total megabyte-milliseconds taken by all reduce tasks=331187200
	Map-Reduce Framework
		Map input records=265705
		Map output records=1009305142
		Map output bytes=15219976066
		Map output materialized bytes=711902173
		Input split bytes=10530
		Combine input records=1034061968
		Combine output records=47348220
		Reduce input groups=9721008
		Reduce shuffle bytes=711902173
		Reduce input records=22591394
		Reduce output records=9721008
		Spilled Records=69939614
		Shuffled Maps =90
		Failed Shuffles=0
		Merged Map outputs=90
		GC time elapsed (ms)=97920
		CPU time spent (ms)=1951150
		Physical memory (bytes) snapshot=25110958080
		Virtual memory (bytes) snapshot=191992922112
		Total committed heap usage (bytes)=18914738176
	Shuffle Errors
		BAD_ID=0
		CONNECTION=0
		IO_ERROR=0
		WRONG_LENGTH=0
		WRONG_MAP=0
		WRONG_REDUCE=0
	File Input Format Counters 
		Bytes Read=11025248293
	File Output Format Counters 
		Bytes Written=339579625
