20/06/13 23:52:58 INFO client.RMProxy: Connecting to ResourceManager at master/10.51.17.95:8032
20/06/13 23:52:59 INFO input.FileInputFormat: Total input paths to process : 10
20/06/13 23:52:59 INFO mapreduce.JobSubmitter: number of splits:90
20/06/13 23:52:59 INFO mapreduce.JobSubmitter: Submitting tokens for job: job_1592057302978_0013
20/06/13 23:52:59 INFO impl.YarnClientImpl: Submitted application application_1592057302978_0013
20/06/13 23:52:59 INFO mapreduce.Job: The url to track the job: http://master:8088/proxy/application_1592057302978_0013/
20/06/13 23:52:59 INFO mapreduce.Job: Running job: job_1592057302978_0013
20/06/13 23:53:03 INFO mapreduce.Job: Job job_1592057302978_0013 running in uber mode : false
20/06/13 23:53:03 INFO mapreduce.Job:  map 0% reduce 0%
20/06/13 23:53:16 INFO mapreduce.Job:  map 1% reduce 0%
20/06/13 23:53:18 INFO mapreduce.Job:  map 2% reduce 0%
20/06/13 23:53:24 INFO mapreduce.Job:  map 3% reduce 0%
20/06/13 23:53:30 INFO mapreduce.Job:  map 4% reduce 0%
20/06/13 23:53:36 INFO mapreduce.Job:  map 5% reduce 0%
20/06/13 23:53:40 INFO mapreduce.Job:  map 6% reduce 0%
20/06/13 23:53:43 INFO mapreduce.Job:  map 7% reduce 0%
20/06/13 23:53:46 INFO mapreduce.Job:  map 8% reduce 0%
20/06/13 23:53:52 INFO mapreduce.Job:  map 9% reduce 0%
20/06/13 23:53:58 INFO mapreduce.Job:  map 10% reduce 0%
20/06/13 23:54:00 INFO mapreduce.Job:  map 11% reduce 0%
20/06/13 23:54:03 INFO mapreduce.Job:  map 12% reduce 0%
20/06/13 23:54:05 INFO mapreduce.Job:  map 13% reduce 0%
20/06/13 23:54:13 INFO mapreduce.Job:  map 14% reduce 0%
20/06/13 23:54:16 INFO mapreduce.Job:  map 15% reduce 0%
20/06/13 23:54:21 INFO mapreduce.Job:  map 16% reduce 0%
20/06/13 23:54:24 INFO mapreduce.Job:  map 17% reduce 0%
20/06/13 23:54:28 INFO mapreduce.Job:  map 18% reduce 5%
20/06/13 23:54:34 INFO mapreduce.Job:  map 19% reduce 5%
20/06/13 23:54:40 INFO mapreduce.Job:  map 20% reduce 5%
20/06/13 23:54:45 INFO mapreduce.Job:  map 21% reduce 5%
20/06/13 23:54:50 INFO mapreduce.Job:  map 22% reduce 5%
20/06/13 23:54:52 INFO mapreduce.Job:  map 23% reduce 5%
20/06/13 23:54:53 INFO mapreduce.Job:  map 23% reduce 6%
20/06/13 23:54:55 INFO mapreduce.Job:  map 24% reduce 6%
20/06/13 23:54:56 INFO mapreduce.Job:  map 24% reduce 7%
20/06/13 23:54:58 INFO mapreduce.Job:  map 25% reduce 7%
20/06/13 23:54:59 INFO mapreduce.Job:  map 25% reduce 8%
20/06/13 23:55:01 INFO mapreduce.Job:  map 26% reduce 8%
20/06/13 23:55:02 INFO mapreduce.Job:  map 26% reduce 9%
20/06/13 23:55:06 INFO mapreduce.Job:  map 27% reduce 9%
20/06/13 23:55:12 INFO mapreduce.Job:  map 28% reduce 9%
20/06/13 23:55:16 INFO mapreduce.Job:  map 29% reduce 9%
20/06/13 23:55:20 INFO mapreduce.Job:  map 30% reduce 9%
20/06/13 23:55:24 INFO mapreduce.Job:  map 31% reduce 9%
20/06/13 23:55:27 INFO mapreduce.Job:  map 31% reduce 10%
20/06/13 23:55:31 INFO mapreduce.Job:  map 32% reduce 10%
20/06/13 23:55:34 INFO mapreduce.Job:  map 33% reduce 10%
20/06/13 23:55:40 INFO mapreduce.Job:  map 34% reduce 10%
20/06/13 23:55:46 INFO mapreduce.Job:  map 35% reduce 10%
20/06/13 23:55:49 INFO mapreduce.Job:  map 36% reduce 10%
20/06/13 23:55:50 INFO mapreduce.Job:  map 37% reduce 10%
20/06/13 23:55:53 INFO mapreduce.Job:  map 37% reduce 11%
20/06/13 23:55:54 INFO mapreduce.Job:  map 38% reduce 11%
20/06/13 23:55:56 INFO mapreduce.Job:  map 39% reduce 12%
20/06/13 23:55:59 INFO mapreduce.Job:  map 39% reduce 13%
20/06/13 23:56:03 INFO mapreduce.Job:  map 40% reduce 13%
20/06/13 23:56:08 INFO mapreduce.Job:  map 41% reduce 13%
20/06/13 23:56:12 INFO mapreduce.Job:  map 42% reduce 13%
20/06/13 23:56:17 INFO mapreduce.Job:  map 43% reduce 13%
20/06/13 23:56:22 INFO mapreduce.Job:  map 44% reduce 13%
20/06/13 23:56:24 INFO mapreduce.Job:  map 45% reduce 14%
20/06/13 23:56:29 INFO mapreduce.Job:  map 46% reduce 14%
20/06/13 23:56:35 INFO mapreduce.Job:  map 47% reduce 14%
20/06/13 23:56:38 INFO mapreduce.Job:  map 48% reduce 14%
20/06/13 23:56:45 INFO mapreduce.Job:  map 49% reduce 14%
20/06/13 23:56:47 INFO mapreduce.Job:  map 50% reduce 14%
20/06/13 23:56:49 INFO mapreduce.Job:  map 50% reduce 15%
20/06/13 23:56:50 INFO mapreduce.Job:  map 51% reduce 15%
20/06/13 23:56:52 INFO mapreduce.Job:  map 51% reduce 16%
20/06/13 23:56:53 INFO mapreduce.Job:  map 52% reduce 16%
20/06/13 23:56:55 INFO mapreduce.Job:  map 52% reduce 17%
20/06/13 23:56:58 INFO mapreduce.Job:  map 53% reduce 17%
20/06/13 23:57:02 INFO mapreduce.Job:  map 54% reduce 17%
20/06/13 23:57:08 INFO mapreduce.Job:  map 55% reduce 17%
20/06/13 23:57:13 INFO mapreduce.Job:  map 56% reduce 17%
20/06/13 23:57:18 INFO mapreduce.Job:  map 57% reduce 17%
20/06/13 23:57:20 INFO mapreduce.Job:  map 57% reduce 18%
20/06/13 23:57:22 INFO mapreduce.Job:  map 58% reduce 18%
20/06/13 23:57:26 INFO mapreduce.Job:  map 58% reduce 19%
20/06/13 23:57:29 INFO mapreduce.Job:  map 59% reduce 19%
20/06/13 23:57:33 INFO mapreduce.Job:  map 60% reduce 19%
20/06/13 23:57:38 INFO mapreduce.Job:  map 61% reduce 19%
20/06/13 23:57:45 INFO mapreduce.Job:  map 62% reduce 19%
20/06/13 23:57:46 INFO mapreduce.Job:  map 63% reduce 19%
20/06/13 23:57:48 INFO mapreduce.Job:  map 64% reduce 19%
20/06/13 23:57:49 INFO mapreduce.Job:  map 64% reduce 20%
20/06/13 23:57:54 INFO mapreduce.Job:  map 65% reduce 20%
20/06/13 23:57:56 INFO mapreduce.Job:  map 65% reduce 21%
20/06/13 23:57:58 INFO mapreduce.Job:  map 66% reduce 21%
20/06/13 23:58:01 INFO mapreduce.Job:  map 67% reduce 21%
20/06/13 23:58:02 INFO mapreduce.Job:  map 67% reduce 22%
20/06/13 23:58:05 INFO mapreduce.Job:  map 68% reduce 22%
20/06/13 23:58:07 INFO mapreduce.Job:  map 69% reduce 22%
20/06/13 23:58:08 INFO mapreduce.Job:  map 70% reduce 22%
20/06/13 23:58:12 INFO mapreduce.Job:  map 71% reduce 22%
20/06/13 23:58:14 INFO mapreduce.Job:  map 72% reduce 23%
20/06/13 23:58:17 INFO mapreduce.Job:  map 73% reduce 23%
20/06/13 23:58:21 INFO mapreduce.Job:  map 74% reduce 23%
20/06/13 23:58:23 INFO mapreduce.Job:  map 74% reduce 24%
20/06/13 23:58:25 INFO mapreduce.Job:  map 75% reduce 24%
20/06/13 23:58:32 INFO mapreduce.Job:  map 76% reduce 24%
20/06/13 23:58:36 INFO mapreduce.Job:  map 77% reduce 24%
20/06/13 23:58:41 INFO mapreduce.Job:  map 78% reduce 24%
20/06/13 23:58:44 INFO mapreduce.Job:  map 79% reduce 24%
20/06/13 23:58:45 INFO mapreduce.Job:  map 79% reduce 25%
20/06/13 23:58:48 INFO mapreduce.Job:  map 80% reduce 25%
20/06/13 23:58:51 INFO mapreduce.Job:  map 80% reduce 26%
20/06/13 23:58:53 INFO mapreduce.Job:  map 81% reduce 26%
20/06/13 23:58:58 INFO mapreduce.Job:  map 82% reduce 26%
20/06/13 23:59:03 INFO mapreduce.Job:  map 83% reduce 26%
20/06/13 23:59:06 INFO mapreduce.Job:  map 83% reduce 27%
20/06/13 23:59:07 INFO mapreduce.Job:  map 84% reduce 27%
20/06/13 23:59:13 INFO mapreduce.Job:  map 85% reduce 27%
20/06/13 23:59:16 INFO mapreduce.Job:  map 86% reduce 27%
20/06/13 23:59:18 INFO mapreduce.Job:  map 87% reduce 27%
20/06/13 23:59:21 INFO mapreduce.Job:  map 87% reduce 28%
20/06/13 23:59:23 INFO mapreduce.Job:  map 88% reduce 28%
20/06/13 23:59:24 INFO mapreduce.Job:  map 88% reduce 29%
20/06/13 23:59:27 INFO mapreduce.Job:  map 89% reduce 29%
20/06/13 23:59:31 INFO mapreduce.Job:  map 90% reduce 29%
20/06/13 23:59:33 INFO mapreduce.Job:  map 92% reduce 29%
20/06/13 23:59:36 INFO mapreduce.Job:  map 92% reduce 30%
20/06/13 23:59:38 INFO mapreduce.Job:  map 93% reduce 30%
20/06/13 23:59:39 INFO mapreduce.Job:  map 94% reduce 30%
20/06/13 23:59:44 INFO mapreduce.Job:  map 95% reduce 30%
20/06/13 23:59:45 INFO mapreduce.Job:  map 96% reduce 30%
20/06/13 23:59:46 INFO mapreduce.Job:  map 96% reduce 31%
20/06/13 23:59:48 INFO mapreduce.Job:  map 97% reduce 31%
20/06/13 23:59:52 INFO mapreduce.Job:  map 97% reduce 32%
20/06/13 23:59:53 INFO mapreduce.Job:  map 98% reduce 32%
20/06/13 23:59:55 INFO mapreduce.Job:  map 99% reduce 32%
20/06/14 00:00:01 INFO mapreduce.Job:  map 100% reduce 33%
20/06/14 00:00:04 INFO mapreduce.Job:  map 100% reduce 67%
20/06/14 00:00:07 INFO mapreduce.Job:  map 100% reduce 72%
20/06/14 00:00:10 INFO mapreduce.Job:  map 100% reduce 77%
20/06/14 00:00:13 INFO mapreduce.Job:  map 100% reduce 81%
20/06/14 00:00:16 INFO mapreduce.Job:  map 100% reduce 86%
20/06/14 00:00:19 INFO mapreduce.Job:  map 100% reduce 93%
20/06/14 00:00:22 INFO mapreduce.Job:  map 100% reduce 99%
20/06/14 00:00:23 INFO mapreduce.Job:  map 100% reduce 100%
20/06/14 00:00:24 INFO mapreduce.Job: Job job_1592057302978_0013 completed successfully
20/06/14 00:00:24 INFO mapreduce.Job: Counters: 51
	File System Counters
		FILE: Number of bytes read=1664636185
		FILE: Number of bytes written=2464475314
		FILE: Number of read operations=0
		FILE: Number of large read operations=0
		FILE: Number of write operations=0
		HDFS: Number of bytes read=11025350680
		HDFS: Number of bytes written=466747255
		HDFS: Number of read operations=273
		HDFS: Number of large read operations=0
		HDFS: Number of write operations=2
	Job Counters 
		Killed map tasks=1
		Launched map tasks=91
		Launched reduce tasks=1
		Data-local map tasks=79
		Rack-local map tasks=12
		Total time spent by all maps in occupied slots (ms)=3643863
		Total time spent by all reduces in occupied slots (ms)=363659
		Total time spent by all map tasks (ms)=3643863
		Total time spent by all reduce tasks (ms)=363659
		Total vcore-milliseconds taken by all map tasks=3643863
		Total vcore-milliseconds taken by all reduce tasks=363659
		Total megabyte-milliseconds taken by all map tasks=3731315712
		Total megabyte-milliseconds taken by all reduce tasks=372386816
	Map-Reduce Framework
		Map input records=1180016
		Map output records=1010810439
		Map output bytes=19266975988
		Map output materialized bytes=788656023
		Input split bytes=10530
		Combine input records=1035791268
		Combine output records=47535303
		Reduce input groups=9656453
		Reduce shuffle bytes=788656023
		Reduce input records=22554474
		Reduce output records=9656453
		Spilled Records=70768057
		Shuffled Maps =90
		Failed Shuffles=0
		Merged Map outputs=90
		GC time elapsed (ms)=69743
		CPU time spent (ms)=2141670
		Physical memory (bytes) snapshot=25099558912
		Virtual memory (bytes) snapshot=191971618816
		Total committed heap usage (bytes)=18923126784
	Shuffle Errors
		BAD_ID=0
		CONNECTION=0
		IO_ERROR=0
		WRONG_LENGTH=0
		WRONG_MAP=0
		WRONG_REDUCE=0
	File Input Format Counters 
		Bytes Read=11025340150
	File Output Format Counters 
		Bytes Written=466747255
20/06/14 00:00:24 INFO client.RMProxy: Connecting to ResourceManager at master/10.51.17.95:8032
20/06/14 00:00:24 INFO input.FileInputFormat: Total input paths to process : 1
20/06/14 00:00:25 INFO mapreduce.JobSubmitter: number of splits:4
20/06/14 00:00:25 INFO mapreduce.JobSubmitter: Submitting tokens for job: job_1592057302978_0014
20/06/14 00:00:25 INFO impl.YarnClientImpl: Submitted application application_1592057302978_0014
20/06/14 00:00:25 INFO mapreduce.Job: The url to track the job: http://master:8088/proxy/application_1592057302978_0014/
20/06/14 00:00:25 INFO mapreduce.Job: Running job: job_1592057302978_0014
20/06/14 00:00:37 INFO mapreduce.Job: Job job_1592057302978_0014 running in uber mode : false
20/06/14 00:00:37 INFO mapreduce.Job:  map 0% reduce 0%
20/06/14 00:00:48 INFO mapreduce.Job:  map 25% reduce 0%
20/06/14 00:00:50 INFO mapreduce.Job:  map 58% reduce 0%
20/06/14 00:00:53 INFO mapreduce.Job:  map 77% reduce 0%
20/06/14 00:00:56 INFO mapreduce.Job:  map 86% reduce 0%
20/06/14 00:00:58 INFO mapreduce.Job:  map 92% reduce 0%
20/06/14 00:00:59 INFO mapreduce.Job:  map 100% reduce 0%
20/06/14 00:01:04 INFO mapreduce.Job:  map 100% reduce 72%
20/06/14 00:01:07 INFO mapreduce.Job:  map 100% reduce 81%
20/06/14 00:01:10 INFO mapreduce.Job:  map 100% reduce 93%
20/06/14 00:01:12 INFO mapreduce.Job:  map 100% reduce 100%
20/06/14 00:01:13 INFO mapreduce.Job: Job job_1592057302978_0014 completed successfully
20/06/14 00:01:13 INFO mapreduce.Job: Counters: 50
	File System Counters
		FILE: Number of bytes read=749676358
		FILE: Number of bytes written=1154535848
		FILE: Number of read operations=0
		FILE: Number of large read operations=0
		FILE: Number of write operations=0
		HDFS: Number of bytes read=466751259
		HDFS: Number of bytes written=327655414
		HDFS: Number of read operations=19
		HDFS: Number of large read operations=0
		HDFS: Number of write operations=2
	Job Counters 
		Killed map tasks=1
		Launched map tasks=5
		Launched reduce tasks=1
		Data-local map tasks=5
		Total time spent by all maps in occupied slots (ms)=76182
		Total time spent by all reduces in occupied slots (ms)=20745
		Total time spent by all map tasks (ms)=76182
		Total time spent by all reduce tasks (ms)=20745
		Total vcore-milliseconds taken by all map tasks=76182
		Total vcore-milliseconds taken by all reduce tasks=20745
		Total megabyte-milliseconds taken by all map tasks=78010368
		Total megabyte-milliseconds taken by all reduce tasks=21242880
	Map-Reduce Framework
		Map input records=9656453
		Map output records=9656453
		Map output bytes=384934725
		Map output materialized bytes=404247655
		Input split bytes=508
		Combine input records=0
		Combine output records=0
		Reduce input groups=1279
		Reduce shuffle bytes=404247655
		Reduce input records=9656453
		Reduce output records=9656453
		Spilled Records=28194094
		Shuffled Maps =4
		Failed Shuffles=0
		Merged Map outputs=4
		GC time elapsed (ms)=2032
		CPU time spent (ms)=46680
		Physical memory (bytes) snapshot=1287860224
		Virtual memory (bytes) snapshot=10550394880
		Total committed heap usage (bytes)=940048384
	Shuffle Errors
		BAD_ID=0
		CONNECTION=0
		IO_ERROR=0
		WRONG_LENGTH=0
		WRONG_MAP=0
		WRONG_REDUCE=0
	File Input Format Counters 
		Bytes Read=466750751
	File Output Format Counters 
		Bytes Written=327655414
