20/06/13 23:08:30 INFO client.RMProxy: Connecting to ResourceManager at master/10.51.17.95:8032
20/06/13 23:08:30 INFO input.FileInputFormat: Total input paths to process : 16
20/06/13 23:08:31 INFO mapreduce.JobSubmitter: number of splits:16
20/06/13 23:08:31 INFO mapreduce.JobSubmitter: Submitting tokens for job: job_1592057302978_0001
20/06/13 23:08:31 INFO impl.YarnClientImpl: Submitted application application_1592057302978_0001
20/06/13 23:08:31 INFO mapreduce.Job: The url to track the job: http://master:8088/proxy/application_1592057302978_0001/
20/06/13 23:08:31 INFO mapreduce.Job: Running job: job_1592057302978_0001
20/06/13 23:08:37 INFO mapreduce.Job: Job job_1592057302978_0001 running in uber mode : false
20/06/13 23:08:37 INFO mapreduce.Job:  map 0% reduce 0%
20/06/13 23:08:49 INFO mapreduce.Job:  map 17% reduce 0%
20/06/13 23:08:51 INFO mapreduce.Job:  map 21% reduce 0%
20/06/13 23:08:52 INFO mapreduce.Job:  map 38% reduce 0%
20/06/13 23:08:53 INFO mapreduce.Job:  map 42% reduce 0%
20/06/13 23:09:24 INFO mapreduce.Job:  map 44% reduce 0%
20/06/13 23:09:25 INFO mapreduce.Job:  map 46% reduce 0%
20/06/13 23:09:28 INFO mapreduce.Job:  map 48% reduce 0%
20/06/13 23:09:29 INFO mapreduce.Job:  map 50% reduce 0%
20/06/13 23:09:33 INFO mapreduce.Job:  map 54% reduce 0%
20/06/13 23:09:35 INFO mapreduce.Job:  map 58% reduce 0%
20/06/13 23:09:38 INFO mapreduce.Job:  map 58% reduce 8%
20/06/13 23:09:40 INFO mapreduce.Job:  map 63% reduce 8%
20/06/13 23:09:49 INFO mapreduce.Job:  map 67% reduce 8%
20/06/13 23:09:51 INFO mapreduce.Job:  map 71% reduce 8%
20/06/13 23:09:52 INFO mapreduce.Job:  map 75% reduce 8%
20/06/13 23:09:53 INFO mapreduce.Job:  map 75% reduce 21%
20/06/13 23:10:00 INFO mapreduce.Job:  map 83% reduce 21%
20/06/13 23:10:01 INFO mapreduce.Job:  map 90% reduce 21%
20/06/13 23:10:02 INFO mapreduce.Job:  map 92% reduce 23%
20/06/13 23:10:05 INFO mapreduce.Job:  map 92% reduce 25%
20/06/13 23:10:07 INFO mapreduce.Job:  map 94% reduce 25%
20/06/13 23:10:08 INFO mapreduce.Job:  map 94% reduce 27%
20/06/13 23:10:24 INFO mapreduce.Job:  map 96% reduce 27%
20/06/13 23:10:25 INFO mapreduce.Job:  map 98% reduce 27%
20/06/13 23:10:26 INFO mapreduce.Job:  map 100% reduce 31%
20/06/13 23:10:28 INFO mapreduce.Job:  map 100% reduce 100%
20/06/13 23:10:28 INFO mapreduce.Job: Job job_1592057302978_0001 completed successfully
20/06/13 23:10:28 INFO mapreduce.Job: Counters: 50
	File System Counters
		FILE: Number of bytes read=358
		FILE: Number of bytes written=2088969
		FILE: Number of read operations=0
		FILE: Number of large read operations=0
		FILE: Number of write operations=0
		HDFS: Number of bytes read=4166
		HDFS: Number of bytes written=215
		HDFS: Number of read operations=67
		HDFS: Number of large read operations=0
		HDFS: Number of write operations=3
	Job Counters 
		Launched map tasks=16
		Launched reduce tasks=1
		Data-local map tasks=15
		Rack-local map tasks=1
		Total time spent by all maps in occupied slots (ms)=828890
		Total time spent by all reduces in occupied slots (ms)=59120
		Total time spent by all map tasks (ms)=828890
		Total time spent by all reduce tasks (ms)=59120
		Total vcore-milliseconds taken by all map tasks=828890
		Total vcore-milliseconds taken by all reduce tasks=59120
		Total megabyte-milliseconds taken by all map tasks=848783360
		Total megabyte-milliseconds taken by all reduce tasks=60538880
	Map-Reduce Framework
		Map input records=16
		Map output records=32
		Map output bytes=288
		Map output materialized bytes=448
		Input split bytes=2278
		Combine input records=0
		Combine output records=0
		Reduce input groups=2
		Reduce shuffle bytes=448
		Reduce input records=32
		Reduce output records=0
		Spilled Records=64
		Shuffled Maps =16
		Failed Shuffles=0
		Merged Map outputs=16
		GC time elapsed (ms)=5748
		CPU time spent (ms)=507610
		Physical memory (bytes) snapshot=4409188352
		Virtual memory (bytes) snapshot=35799785472
		Total committed heap usage (bytes)=3350200320
	Shuffle Errors
		BAD_ID=0
		CONNECTION=0
		IO_ERROR=0
		WRONG_LENGTH=0
		WRONG_MAP=0
		WRONG_REDUCE=0
	File Input Format Counters 
		Bytes Read=1888
	File Output Format Counters 
		Bytes Written=97
