20/06/13 23:36:26 INFO client.RMProxy: Connecting to ResourceManager at master/10.51.17.95:8032
20/06/13 23:36:27 INFO input.FileInputFormat: Total input paths to process : 16
20/06/13 23:36:27 INFO mapreduce.JobSubmitter: number of splits:16
20/06/13 23:36:28 INFO mapreduce.JobSubmitter: Submitting tokens for job: job_1592057302978_0009
20/06/13 23:36:28 INFO impl.YarnClientImpl: Submitted application application_1592057302978_0009
20/06/13 23:36:28 INFO mapreduce.Job: The url to track the job: http://master:8088/proxy/application_1592057302978_0009/
20/06/13 23:36:28 INFO mapreduce.Job: Running job: job_1592057302978_0009
20/06/13 23:36:34 INFO mapreduce.Job: Job job_1592057302978_0009 running in uber mode : false
20/06/13 23:36:34 INFO mapreduce.Job:  map 0% reduce 0%
20/06/13 23:36:46 INFO mapreduce.Job:  map 17% reduce 0%
20/06/13 23:36:49 INFO mapreduce.Job:  map 29% reduce 0%
20/06/13 23:36:50 INFO mapreduce.Job:  map 42% reduce 0%
20/06/13 23:37:21 INFO mapreduce.Job:  map 44% reduce 0%
20/06/13 23:37:22 INFO mapreduce.Job:  map 46% reduce 0%
20/06/13 23:37:24 INFO mapreduce.Job:  map 48% reduce 0%
20/06/13 23:37:25 INFO mapreduce.Job:  map 50% reduce 0%
20/06/13 23:37:31 INFO mapreduce.Job:  map 54% reduce 0%
20/06/13 23:37:32 INFO mapreduce.Job:  map 58% reduce 0%
20/06/13 23:37:35 INFO mapreduce.Job:  map 58% reduce 8%
20/06/13 23:37:36 INFO mapreduce.Job:  map 63% reduce 8%
20/06/13 23:37:48 INFO mapreduce.Job:  map 69% reduce 8%
20/06/13 23:37:49 INFO mapreduce.Job:  map 75% reduce 8%
20/06/13 23:37:50 INFO mapreduce.Job:  map 75% reduce 15%
20/06/13 23:37:53 INFO mapreduce.Job:  map 75% reduce 21%
20/06/13 23:37:58 INFO mapreduce.Job:  map 88% reduce 21%
20/06/13 23:37:59 INFO mapreduce.Job:  map 90% reduce 21%
20/06/13 23:38:00 INFO mapreduce.Job:  map 92% reduce 21%
20/06/13 23:38:02 INFO mapreduce.Job:  map 94% reduce 25%
20/06/13 23:38:05 INFO mapreduce.Job:  map 94% reduce 27%
20/06/13 23:38:23 INFO mapreduce.Job:  map 96% reduce 27%
20/06/13 23:38:24 INFO mapreduce.Job:  map 98% reduce 27%
20/06/13 23:38:25 INFO mapreduce.Job:  map 100% reduce 27%
20/06/13 23:38:26 INFO mapreduce.Job:  map 100% reduce 100%
20/06/13 23:38:27 INFO mapreduce.Job: Job job_1592057302978_0009 completed successfully
20/06/13 23:38:27 INFO mapreduce.Job: Counters: 50
	File System Counters
		FILE: Number of bytes read=358
		FILE: Number of bytes written=2089003
		FILE: Number of read operations=0
		FILE: Number of large read operations=0
		FILE: Number of write operations=0
		HDFS: Number of bytes read=4182
		HDFS: Number of bytes written=215
		HDFS: Number of read operations=67
		HDFS: Number of large read operations=0
		HDFS: Number of write operations=3
	Job Counters 
		Launched map tasks=16
		Launched reduce tasks=1
		Data-local map tasks=15
		Rack-local map tasks=1
		Total time spent by all maps in occupied slots (ms)=838589
		Total time spent by all reduces in occupied slots (ms)=60958
		Total time spent by all map tasks (ms)=838589
		Total time spent by all reduce tasks (ms)=60958
		Total vcore-milliseconds taken by all map tasks=838589
		Total vcore-milliseconds taken by all reduce tasks=60958
		Total megabyte-milliseconds taken by all map tasks=858715136
		Total megabyte-milliseconds taken by all reduce tasks=62420992
	Map-Reduce Framework
		Map input records=16
		Map output records=32
		Map output bytes=288
		Map output materialized bytes=448
		Input split bytes=2294
		Combine input records=0
		Combine output records=0
		Reduce input groups=2
		Reduce shuffle bytes=448
		Reduce input records=32
		Reduce output records=0
		Spilled Records=64
		Shuffled Maps =16
		Failed Shuffles=0
		Merged Map outputs=16
		GC time elapsed (ms)=5875
		CPU time spent (ms)=513580
		Physical memory (bytes) snapshot=4394295296
		Virtual memory (bytes) snapshot=35824877568
		Total committed heap usage (bytes)=3351248896
	Shuffle Errors
		BAD_ID=0
		CONNECTION=0
		IO_ERROR=0
		WRONG_LENGTH=0
		WRONG_MAP=0
		WRONG_REDUCE=0
	File Input Format Counters 
		Bytes Read=1888
	File Output Format Counters 
		Bytes Written=97
