20/06/13 23:32:23 INFO client.RMProxy: Connecting to ResourceManager at master/10.51.17.95:8032
20/06/13 23:32:23 INFO client.RMProxy: Connecting to ResourceManager at master/10.51.17.95:8032
20/06/13 23:32:23 INFO input.FileInputFormat: Total input paths to process : 10
20/06/13 23:32:24 INFO mapreduce.JobSubmitter: number of splits:80
20/06/13 23:32:24 INFO mapreduce.JobSubmitter: Submitting tokens for job: job_1592057302978_0008
20/06/13 23:32:24 INFO impl.YarnClientImpl: Submitted application application_1592057302978_0008
20/06/13 23:32:24 INFO mapreduce.Job: The url to track the job: http://master:8088/proxy/application_1592057302978_0008/
20/06/13 23:32:24 INFO mapreduce.Job: Running job: job_1592057302978_0008
20/06/13 23:32:32 INFO mapreduce.Job: Job job_1592057302978_0008 running in uber mode : false
20/06/13 23:32:32 INFO mapreduce.Job:  map 0% reduce 0%
20/06/13 23:32:40 INFO mapreduce.Job:  map 5% reduce 0%
20/06/13 23:32:41 INFO mapreduce.Job:  map 6% reduce 0%
20/06/13 23:32:43 INFO mapreduce.Job:  map 8% reduce 0%
20/06/13 23:32:44 INFO mapreduce.Job:  map 13% reduce 0%
20/06/13 23:32:46 INFO mapreduce.Job:  map 14% reduce 0%
20/06/13 23:32:47 INFO mapreduce.Job:  map 15% reduce 0%
20/06/13 23:32:48 INFO mapreduce.Job:  map 17% reduce 0%
20/06/13 23:32:50 INFO mapreduce.Job:  map 19% reduce 0%
20/06/13 23:32:51 INFO mapreduce.Job:  map 20% reduce 0%
20/06/13 23:32:54 INFO mapreduce.Job:  map 21% reduce 0%
20/06/13 23:32:57 INFO mapreduce.Job:  map 21% reduce 2%
20/06/13 23:32:58 INFO mapreduce.Job:  map 25% reduce 2%
20/06/13 23:32:59 INFO mapreduce.Job:  map 27% reduce 2%
20/06/13 23:33:00 INFO mapreduce.Job:  map 28% reduce 3%
20/06/13 23:33:01 INFO mapreduce.Job:  map 29% reduce 3%
20/06/13 23:33:02 INFO mapreduce.Job:  map 30% reduce 3%
20/06/13 23:33:04 INFO mapreduce.Job:  map 31% reduce 3%
20/06/13 23:33:07 INFO mapreduce.Job:  map 31% reduce 6%
20/06/13 23:33:08 INFO mapreduce.Job:  map 32% reduce 6%
20/06/13 23:33:09 INFO mapreduce.Job:  map 33% reduce 6%
20/06/13 23:33:10 INFO mapreduce.Job:  map 34% reduce 7%
20/06/13 23:33:11 INFO mapreduce.Job:  map 35% reduce 7%
20/06/13 23:33:12 INFO mapreduce.Job:  map 36% reduce 7%
20/06/13 23:33:16 INFO mapreduce.Job:  map 37% reduce 7%
20/06/13 23:33:17 INFO mapreduce.Job:  map 37% reduce 8%
20/06/13 23:33:19 INFO mapreduce.Job:  map 39% reduce 8%
20/06/13 23:33:22 INFO mapreduce.Job:  map 41% reduce 8%
20/06/13 23:33:23 INFO mapreduce.Job:  map 41% reduce 9%
20/06/13 23:33:24 INFO mapreduce.Job:  map 42% reduce 9%
20/06/13 23:33:26 INFO mapreduce.Job:  map 42% reduce 10%
20/06/13 23:33:27 INFO mapreduce.Job:  map 44% reduce 10%
20/06/13 23:33:28 INFO mapreduce.Job:  map 45% reduce 10%
20/06/13 23:33:30 INFO mapreduce.Job:  map 47% reduce 10%
20/06/13 23:33:31 INFO mapreduce.Job:  map 47% reduce 11%
20/06/13 23:33:32 INFO mapreduce.Job:  map 49% reduce 12%
20/06/13 23:33:35 INFO mapreduce.Job:  map 51% reduce 13%
20/06/13 23:33:39 INFO mapreduce.Job:  map 52% reduce 13%
20/06/13 23:33:41 INFO mapreduce.Job:  map 53% reduce 14%
20/06/13 23:33:42 INFO mapreduce.Job:  map 54% reduce 14%
20/06/13 23:33:43 INFO mapreduce.Job:  map 55% reduce 14%
20/06/13 23:33:44 INFO mapreduce.Job:  map 55% reduce 15%
20/06/13 23:33:45 INFO mapreduce.Job:  map 57% reduce 15%
20/06/13 23:33:47 INFO mapreduce.Job:  map 59% reduce 16%
20/06/13 23:33:49 INFO mapreduce.Job:  map 61% reduce 16%
20/06/13 23:33:51 INFO mapreduce.Job:  map 62% reduce 16%
20/06/13 23:33:52 INFO mapreduce.Job:  map 63% reduce 17%
20/06/13 23:33:53 INFO mapreduce.Job:  map 63% reduce 18%
20/06/13 23:33:54 INFO mapreduce.Job:  map 64% reduce 18%
20/06/13 23:33:55 INFO mapreduce.Job:  map 65% reduce 18%
20/06/13 23:33:56 INFO mapreduce.Job:  map 66% reduce 18%
20/06/13 23:33:57 INFO mapreduce.Job:  map 67% reduce 18%
20/06/13 23:33:59 INFO mapreduce.Job:  map 68% reduce 18%
20/06/13 23:34:01 INFO mapreduce.Job:  map 68% reduce 19%
20/06/13 23:34:02 INFO mapreduce.Job:  map 69% reduce 19%
20/06/13 23:34:03 INFO mapreduce.Job:  map 70% reduce 19%
20/06/13 23:34:04 INFO mapreduce.Job:  map 71% reduce 19%
20/06/13 23:34:05 INFO mapreduce.Job:  map 72% reduce 19%
20/06/13 23:34:07 INFO mapreduce.Job:  map 74% reduce 19%
20/06/13 23:34:08 INFO mapreduce.Job:  map 74% reduce 20%
20/06/13 23:34:10 INFO mapreduce.Job:  map 76% reduce 20%
20/06/13 23:34:11 INFO mapreduce.Job:  map 77% reduce 20%
20/06/13 23:34:13 INFO mapreduce.Job:  map 79% reduce 20%
20/06/13 23:34:14 INFO mapreduce.Job:  map 79% reduce 21%
20/06/13 23:34:15 INFO mapreduce.Job:  map 80% reduce 21%
20/06/13 23:34:17 INFO mapreduce.Job:  map 81% reduce 22%
20/06/13 23:34:20 INFO mapreduce.Job:  map 82% reduce 22%
20/06/13 23:34:22 INFO mapreduce.Job:  map 82% reduce 23%
20/06/13 23:34:23 INFO mapreduce.Job:  map 84% reduce 23%
20/06/13 23:34:25 INFO mapreduce.Job:  map 84% reduce 24%
20/06/13 23:34:26 INFO mapreduce.Job:  map 85% reduce 24%
20/06/13 23:34:28 INFO mapreduce.Job:  map 86% reduce 24%
20/06/13 23:34:29 INFO mapreduce.Job:  map 87% reduce 24%
20/06/13 23:34:30 INFO mapreduce.Job:  map 88% reduce 24%
20/06/13 23:34:31 INFO mapreduce.Job:  map 89% reduce 25%
20/06/13 23:34:34 INFO mapreduce.Job:  map 91% reduce 25%
20/06/13 23:34:35 INFO mapreduce.Job:  map 91% reduce 26%
20/06/13 23:34:37 INFO mapreduce.Job:  map 92% reduce 26%
20/06/13 23:34:39 INFO mapreduce.Job:  map 93% reduce 27%
20/06/13 23:34:40 INFO mapreduce.Job:  map 95% reduce 27%
20/06/13 23:34:43 INFO mapreduce.Job:  map 96% reduce 27%
20/06/13 23:34:45 INFO mapreduce.Job:  map 97% reduce 28%
20/06/13 23:34:47 INFO mapreduce.Job:  map 98% reduce 28%
20/06/13 23:34:48 INFO mapreduce.Job:  map 98% reduce 29%
20/06/13 23:34:51 INFO mapreduce.Job:  map 99% reduce 29%
20/06/13 23:34:56 INFO mapreduce.Job:  map 100% reduce 30%
20/06/13 23:35:00 INFO mapreduce.Job:  map 100% reduce 38%
20/06/13 23:35:03 INFO mapreduce.Job:  map 100% reduce 42%
20/06/13 23:35:08 INFO mapreduce.Job:  map 100% reduce 43%
20/06/13 23:35:12 INFO mapreduce.Job:  map 100% reduce 44%
20/06/13 23:35:15 INFO mapreduce.Job:  map 100% reduce 46%
20/06/13 23:35:18 INFO mapreduce.Job:  map 100% reduce 48%
20/06/13 23:35:20 INFO mapreduce.Job:  map 100% reduce 56%
20/06/13 23:35:21 INFO mapreduce.Job:  map 100% reduce 59%
20/06/13 23:35:23 INFO mapreduce.Job:  map 100% reduce 62%
20/06/13 23:35:24 INFO mapreduce.Job:  map 100% reduce 73%
20/06/13 23:35:27 INFO mapreduce.Job:  map 100% reduce 74%
20/06/13 23:35:29 INFO mapreduce.Job:  map 100% reduce 75%
20/06/13 23:35:30 INFO mapreduce.Job:  map 100% reduce 76%
20/06/13 23:35:32 INFO mapreduce.Job:  map 100% reduce 77%
20/06/13 23:35:33 INFO mapreduce.Job:  map 100% reduce 78%
20/06/13 23:35:35 INFO mapreduce.Job:  map 100% reduce 79%
20/06/13 23:35:36 INFO mapreduce.Job:  map 100% reduce 80%
20/06/13 23:35:38 INFO mapreduce.Job:  map 100% reduce 81%
20/06/13 23:35:39 INFO mapreduce.Job:  map 100% reduce 82%
20/06/13 23:35:42 INFO mapreduce.Job:  map 100% reduce 83%
20/06/13 23:35:44 INFO mapreduce.Job:  map 100% reduce 84%
20/06/13 23:35:45 INFO mapreduce.Job:  map 100% reduce 86%
20/06/13 23:35:48 INFO mapreduce.Job:  map 100% reduce 87%
20/06/13 23:35:53 INFO mapreduce.Job:  map 100% reduce 88%
20/06/13 23:35:54 INFO mapreduce.Job:  map 100% reduce 89%
20/06/13 23:35:56 INFO mapreduce.Job:  map 100% reduce 90%
20/06/13 23:35:57 INFO mapreduce.Job:  map 100% reduce 91%
20/06/13 23:35:59 INFO mapreduce.Job:  map 100% reduce 92%
20/06/13 23:36:03 INFO mapreduce.Job:  map 100% reduce 94%
20/06/13 23:36:05 INFO mapreduce.Job:  map 100% reduce 95%
20/06/13 23:36:07 INFO mapreduce.Job:  map 100% reduce 96%
20/06/13 23:36:09 INFO mapreduce.Job:  map 100% reduce 97%
20/06/13 23:36:12 INFO mapreduce.Job:  map 100% reduce 98%
20/06/13 23:36:15 INFO mapreduce.Job:  map 100% reduce 99%
20/06/13 23:36:17 INFO mapreduce.Job:  map 100% reduce 100%
20/06/13 23:36:17 INFO mapreduce.Job: Job job_1592057302978_0008 completed successfully
20/06/13 23:36:17 INFO mapreduce.Job: Counters: 51
	File System Counters
		FILE: Number of bytes read=31975124476
		FILE: Number of bytes written=42735637810
		FILE: Number of read operations=0
		FILE: Number of large read operations=0
		FILE: Number of write operations=0
		HDFS: Number of bytes read=10774057963
		HDFS: Number of bytes written=10772870468
		HDFS: Number of read operations=329
		HDFS: Number of large read operations=0
		HDFS: Number of write operations=6
	Job Counters 
		Killed map tasks=1
		Launched map tasks=81
		Launched reduce tasks=3
		Data-local map tasks=80
		Rack-local map tasks=1
		Total time spent by all maps in occupied slots (ms)=924465
		Total time spent by all reduces in occupied slots (ms)=570047
		Total time spent by all map tasks (ms)=924465
		Total time spent by all reduce tasks (ms)=570047
		Total vcore-milliseconds taken by all map tasks=924465
		Total vcore-milliseconds taken by all reduce tasks=570047
		Total megabyte-milliseconds taken by all map tasks=946652160
		Total megabyte-milliseconds taken by all reduce tasks=583728128
	Map-Reduce Framework
		Map input records=1022610
		Map output records=1022610
		Map output bytes=10745666160
		Map output materialized bytes=10751416730
		Input split bytes=9040
		Combine input records=0
		Combine output records=0
		Reduce input groups=1022610
		Reduce shuffle bytes=10751416730
		Reduce input records=1022610
		Reduce output records=1022610
		Spilled Records=4063885
		Shuffled Maps =240
		Failed Shuffles=0
		Merged Map outputs=240
		GC time elapsed (ms)=10315
		CPU time spent (ms)=235950
		Physical memory (bytes) snapshot=22077112320
		Virtual memory (bytes) snapshot=175124393984
		Total committed heap usage (bytes)=16638279680
	Shuffle Errors
		BAD_ID=0
		CONNECTION=0
		IO_ERROR=0
		WRONG_LENGTH=0
		WRONG_MAP=0
		WRONG_REDUCE=0
	File Input Format Counters 
		Bytes Read=10774048923
	File Output Format Counters 
		Bytes Written=10772870468
