20/06/14 00:05:32 INFO client.RMProxy: Connecting to ResourceManager at master/10.51.17.95:8032
20/06/14 00:05:33 INFO client.RMProxy: Connecting to ResourceManager at master/10.51.17.95:8032
20/06/14 00:05:34 INFO input.FileInputFormat: Total input paths to process : 10
20/06/14 00:05:34 INFO mapreduce.JobSubmitter: number of splits:80
20/06/14 00:05:34 INFO mapreduce.JobSubmitter: Submitting tokens for job: job_1592057302978_0016
20/06/14 00:05:34 INFO impl.YarnClientImpl: Submitted application application_1592057302978_0016
20/06/14 00:05:34 INFO mapreduce.Job: The url to track the job: http://master:8088/proxy/application_1592057302978_0016/
20/06/14 00:05:34 INFO mapreduce.Job: Running job: job_1592057302978_0016
20/06/14 00:05:51 INFO mapreduce.Job: Job job_1592057302978_0016 running in uber mode : false
20/06/14 00:05:51 INFO mapreduce.Job:  map 0% reduce 0%
20/06/14 00:06:03 INFO mapreduce.Job:  map 1% reduce 0%
20/06/14 00:06:04 INFO mapreduce.Job:  map 3% reduce 0%
20/06/14 00:06:05 INFO mapreduce.Job:  map 6% reduce 0%
20/06/14 00:06:06 INFO mapreduce.Job:  map 8% reduce 0%
20/06/14 00:06:07 INFO mapreduce.Job:  map 10% reduce 0%
20/06/14 00:06:09 INFO mapreduce.Job:  map 13% reduce 0%
20/06/14 00:06:13 INFO mapreduce.Job:  map 14% reduce 0%
20/06/14 00:06:22 INFO mapreduce.Job:  map 15% reduce 0%
20/06/14 00:06:24 INFO mapreduce.Job:  map 16% reduce 0%
20/06/14 00:06:25 INFO mapreduce.Job:  map 17% reduce 0%
20/06/14 00:06:26 INFO mapreduce.Job:  map 18% reduce 0%
20/06/14 00:06:28 INFO mapreduce.Job:  map 19% reduce 0%
20/06/14 00:06:32 INFO mapreduce.Job:  map 20% reduce 0%
20/06/14 00:06:33 INFO mapreduce.Job:  map 20% reduce 1%
20/06/14 00:06:36 INFO mapreduce.Job:  map 20% reduce 2%
20/06/14 00:06:48 INFO mapreduce.Job:  map 21% reduce 2%
20/06/14 00:06:53 INFO mapreduce.Job:  map 22% reduce 2%
20/06/14 00:06:57 INFO mapreduce.Job:  map 23% reduce 2%
20/06/14 00:07:14 INFO mapreduce.Job:  map 24% reduce 2%
20/06/14 00:07:15 INFO mapreduce.Job:  map 25% reduce 2%
20/06/14 00:07:16 INFO mapreduce.Job:  map 25% reduce 3%
20/06/14 00:07:22 INFO mapreduce.Job:  map 26% reduce 4%
20/06/14 00:07:27 INFO mapreduce.Job:  map 27% reduce 4%
20/06/14 00:07:28 INFO mapreduce.Job:  map 27% reduce 5%
20/06/14 00:07:40 INFO mapreduce.Job:  map 27% reduce 6%
20/06/14 00:07:42 INFO mapreduce.Job:  map 28% reduce 6%
20/06/14 00:07:57 INFO mapreduce.Job:  map 29% reduce 6%
20/06/14 00:08:09 INFO mapreduce.Job:  map 30% reduce 6%
20/06/14 00:08:12 INFO mapreduce.Job:  map 31% reduce 6%
20/06/14 00:08:14 INFO mapreduce.Job:  map 32% reduce 6%
20/06/14 00:08:15 INFO mapreduce.Job:  map 33% reduce 6%
20/06/14 00:08:21 INFO mapreduce.Job:  map 33% reduce 7%
20/06/14 00:08:32 INFO mapreduce.Job:  map 33% reduce 8%
20/06/14 00:08:34 INFO mapreduce.Job:  map 34% reduce 8%
20/06/14 00:08:38 INFO mapreduce.Job:  map 35% reduce 9%
20/06/14 00:08:44 INFO mapreduce.Job:  map 35% reduce 10%
20/06/14 00:08:48 INFO mapreduce.Job:  map 36% reduce 10%
20/06/14 00:08:52 INFO mapreduce.Job:  map 37% reduce 10%
20/06/14 00:08:57 INFO mapreduce.Job:  map 38% reduce 10%
20/06/14 00:08:58 INFO mapreduce.Job:  map 38% reduce 11%
20/06/14 00:09:06 INFO mapreduce.Job:  map 39% reduce 11%
20/06/14 00:09:09 INFO mapreduce.Job:  map 40% reduce 11%
20/06/14 00:09:10 INFO mapreduce.Job:  map 41% reduce 11%
20/06/14 00:09:14 INFO mapreduce.Job:  map 41% reduce 12%
20/06/14 00:09:15 INFO mapreduce.Job:  map 42% reduce 12%
20/06/14 00:09:20 INFO mapreduce.Job:  map 43% reduce 13%
20/06/14 00:09:41 INFO mapreduce.Job:  map 44% reduce 13%
20/06/14 00:09:43 INFO mapreduce.Job:  map 45% reduce 13%
20/06/14 00:09:50 INFO mapreduce.Job:  map 46% reduce 13%
20/06/14 00:09:53 INFO mapreduce.Job:  map 48% reduce 13%
20/06/14 00:09:59 INFO mapreduce.Job:  map 49% reduce 13%
20/06/14 00:10:07 INFO mapreduce.Job:  map 49% reduce 14%
20/06/14 00:10:08 INFO mapreduce.Job:  map 50% reduce 14%
20/06/14 00:10:11 INFO mapreduce.Job:  map 50% reduce 15%
20/06/14 00:10:14 INFO mapreduce.Job:  map 51% reduce 15%
20/06/14 00:10:20 INFO mapreduce.Job:  map 52% reduce 15%
20/06/14 00:10:26 INFO mapreduce.Job:  map 53% reduce 15%
20/06/14 00:10:36 INFO mapreduce.Job:  map 54% reduce 15%
20/06/14 00:10:39 INFO mapreduce.Job:  map 55% reduce 15%
20/06/14 00:10:40 INFO mapreduce.Job:  map 56% reduce 15%
20/06/14 00:10:41 INFO mapreduce.Job:  map 57% reduce 15%
20/06/14 00:10:42 INFO mapreduce.Job:  map 58% reduce 15%
20/06/14 00:10:44 INFO mapreduce.Job:  map 58% reduce 16%
20/06/14 00:10:47 INFO mapreduce.Job:  map 59% reduce 16%
20/06/14 00:10:59 INFO mapreduce.Job:  map 60% reduce 16%
20/06/14 00:11:00 INFO mapreduce.Job:  map 62% reduce 16%
20/06/14 00:11:02 INFO mapreduce.Job:  map 63% reduce 17%
20/06/14 00:11:03 INFO mapreduce.Job:  map 64% reduce 17%
20/06/14 00:11:11 INFO mapreduce.Job:  map 64% reduce 18%
20/06/14 00:11:21 INFO mapreduce.Job:  map 65% reduce 18%
20/06/14 00:11:27 INFO mapreduce.Job:  map 66% reduce 18%
20/06/14 00:11:41 INFO mapreduce.Job:  map 67% reduce 18%
20/06/14 00:11:42 INFO mapreduce.Job:  map 68% reduce 18%
20/06/14 00:11:46 INFO mapreduce.Job:  map 69% reduce 18%
20/06/14 00:11:58 INFO mapreduce.Job:  map 70% reduce 18%
20/06/14 00:12:02 INFO mapreduce.Job:  map 70% reduce 19%
20/06/14 00:12:13 INFO mapreduce.Job:  map 71% reduce 19%
20/06/14 00:12:16 INFO mapreduce.Job:  map 72% reduce 19%
20/06/14 00:12:17 INFO mapreduce.Job:  map 73% reduce 19%
20/06/14 00:12:25 INFO mapreduce.Job:  map 74% reduce 19%
20/06/14 00:12:29 INFO mapreduce.Job:  map 74% reduce 20%
20/06/14 00:12:34 INFO mapreduce.Job:  map 75% reduce 20%
20/06/14 00:12:38 INFO mapreduce.Job:  map 76% reduce 20%
20/06/14 00:12:41 INFO mapreduce.Job:  map 77% reduce 20%
20/06/14 00:12:47 INFO mapreduce.Job:  map 77% reduce 21%
20/06/14 00:12:59 INFO mapreduce.Job:  map 78% reduce 21%
20/06/14 00:13:18 INFO mapreduce.Job:  map 79% reduce 21%
20/06/14 00:13:25 INFO mapreduce.Job:  map 80% reduce 21%
20/06/14 00:13:30 INFO mapreduce.Job:  map 81% reduce 21%
20/06/14 00:13:36 INFO mapreduce.Job:  map 81% reduce 22%
20/06/14 00:13:46 INFO mapreduce.Job:  map 82% reduce 22%
20/06/14 00:13:50 INFO mapreduce.Job:  map 83% reduce 22%
20/06/14 00:13:54 INFO mapreduce.Job:  map 83% reduce 23%
20/06/14 00:13:56 INFO mapreduce.Job:  map 84% reduce 23%
20/06/14 00:14:03 INFO mapreduce.Job:  map 85% reduce 23%
20/06/14 00:14:10 INFO mapreduce.Job:  map 86% reduce 23%
20/06/14 00:14:20 INFO mapreduce.Job:  map 87% reduce 23%
20/06/14 00:14:23 INFO mapreduce.Job:  map 88% reduce 23%
20/06/14 00:14:24 INFO mapreduce.Job:  map 88% reduce 24%
20/06/14 00:14:30 INFO mapreduce.Job:  map 89% reduce 24%
20/06/14 00:14:33 INFO mapreduce.Job:  map 90% reduce 24%
20/06/14 00:14:36 INFO mapreduce.Job:  map 91% reduce 24%
20/06/14 00:14:39 INFO mapreduce.Job:  map 92% reduce 24%
20/06/14 00:14:42 INFO mapreduce.Job:  map 92% reduce 25%
20/06/14 00:14:45 INFO mapreduce.Job:  map 93% reduce 25%
20/06/14 00:14:48 INFO mapreduce.Job:  map 94% reduce 25%
20/06/14 00:14:54 INFO mapreduce.Job:  map 95% reduce 25%
20/06/14 00:14:59 INFO mapreduce.Job:  map 96% reduce 25%
20/06/14 00:15:03 INFO mapreduce.Job:  map 97% reduce 25%
20/06/14 00:15:05 INFO mapreduce.Job:  map 98% reduce 25%
20/06/14 00:15:06 INFO mapreduce.Job:  map 98% reduce 26%
20/06/14 00:15:12 INFO mapreduce.Job:  map 99% reduce 26%
20/06/14 00:15:15 INFO mapreduce.Job:  map 99% reduce 27%
20/06/14 00:16:53 INFO mapreduce.Job:  map 100% reduce 27%
20/06/14 00:17:24 INFO mapreduce.Job:  map 100% reduce 28%
20/06/14 00:18:52 INFO mapreduce.Job:  map 100% reduce 29%
20/06/14 00:19:07 INFO mapreduce.Job:  map 100% reduce 36%
20/06/14 00:19:10 INFO mapreduce.Job:  map 100% reduce 42%
20/06/14 00:19:13 INFO mapreduce.Job:  map 100% reduce 43%
20/06/14 00:19:19 INFO mapreduce.Job:  map 100% reduce 44%
20/06/14 00:19:28 INFO mapreduce.Job:  map 100% reduce 45%
20/06/14 00:19:30 INFO mapreduce.Job:  map 100% reduce 47%
20/06/14 00:19:31 INFO mapreduce.Job:  map 100% reduce 48%
20/06/14 00:19:33 INFO mapreduce.Job:  map 100% reduce 49%
20/06/14 00:19:40 INFO mapreduce.Job:  map 100% reduce 50%
20/06/14 00:19:43 INFO mapreduce.Job:  map 100% reduce 56%
20/06/14 00:19:45 INFO mapreduce.Job:  map 100% reduce 64%
20/06/14 00:19:46 INFO mapreduce.Job:  map 100% reduce 68%
20/06/14 00:19:49 INFO mapreduce.Job:  map 100% reduce 69%
20/06/14 00:19:53 INFO mapreduce.Job:  map 100% reduce 70%
20/06/14 00:19:55 INFO mapreduce.Job:  map 100% reduce 71%
20/06/14 00:19:56 INFO mapreduce.Job:  map 100% reduce 72%
20/06/14 00:20:02 INFO mapreduce.Job:  map 100% reduce 73%
20/06/14 00:20:10 INFO mapreduce.Job:  map 100% reduce 74%
20/06/14 00:20:20 INFO mapreduce.Job:  map 100% reduce 75%
20/06/14 00:20:28 INFO mapreduce.Job:  map 100% reduce 76%
20/06/14 00:20:34 INFO mapreduce.Job:  map 100% reduce 77%
20/06/14 00:20:47 INFO mapreduce.Job:  map 100% reduce 78%
20/06/14 00:20:50 INFO mapreduce.Job:  map 100% reduce 79%
20/06/14 00:20:56 INFO mapreduce.Job:  map 100% reduce 80%
20/06/14 00:21:01 INFO mapreduce.Job:  map 100% reduce 81%
20/06/14 00:21:02 INFO mapreduce.Job:  map 100% reduce 82%
20/06/14 00:21:05 INFO mapreduce.Job:  map 100% reduce 83%
20/06/14 00:21:11 INFO mapreduce.Job:  map 100% reduce 84%
20/06/14 00:21:14 INFO mapreduce.Job:  map 100% reduce 85%
20/06/14 00:21:19 INFO mapreduce.Job:  map 100% reduce 86%
20/06/14 00:21:38 INFO mapreduce.Job:  map 100% reduce 87%
20/06/14 00:21:43 INFO mapreduce.Job:  map 100% reduce 88%
20/06/14 00:21:47 INFO mapreduce.Job:  map 100% reduce 89%
20/06/14 00:22:01 INFO mapreduce.Job:  map 100% reduce 90%
20/06/14 00:22:05 INFO mapreduce.Job:  map 100% reduce 91%
20/06/14 00:22:26 INFO mapreduce.Job:  map 100% reduce 92%
20/06/14 00:22:35 INFO mapreduce.Job:  map 100% reduce 93%
20/06/14 00:22:41 INFO mapreduce.Job:  map 100% reduce 94%
20/06/14 00:22:56 INFO mapreduce.Job:  map 100% reduce 95%
20/06/14 00:22:59 INFO mapreduce.Job:  map 100% reduce 96%
20/06/14 00:23:22 INFO mapreduce.Job:  map 100% reduce 97%
20/06/14 00:23:31 INFO mapreduce.Job:  map 100% reduce 98%
20/06/14 00:23:53 INFO mapreduce.Job:  map 100% reduce 99%
20/06/14 00:24:02 INFO mapreduce.Job:  map 100% reduce 100%
20/06/14 00:24:11 INFO mapreduce.Job: Job job_1592057302978_0016 completed successfully
20/06/14 00:24:13 INFO mapreduce.Job: Counters: 50
	File System Counters
		FILE: Number of bytes read=31976566359
		FILE: Number of bytes written=42737120463
		FILE: Number of read operations=0
		FILE: Number of large read operations=0
		FILE: Number of write operations=0
		HDFS: Number of bytes read=10774062273
		HDFS: Number of bytes written=10772849916
		HDFS: Number of read operations=329
		HDFS: Number of large read operations=0
		HDFS: Number of write operations=6
	Job Counters 
		Killed map tasks=1
		Launched map tasks=81
		Launched reduce tasks=3
		Data-local map tasks=81
		Total time spent by all maps in occupied slots (ms)=4149022
		Total time spent by all reduces in occupied slots (ms)=2980138
		Total time spent by all map tasks (ms)=4149022
		Total time spent by all reduce tasks (ms)=2980138
		Total vcore-milliseconds taken by all map tasks=4149022
		Total vcore-milliseconds taken by all reduce tasks=2980138
		Total megabyte-milliseconds taken by all map tasks=4248598528
		Total megabyte-milliseconds taken by all reduce tasks=3051661312
	Map-Reduce Framework
		Map input records=1022075
		Map output records=1022075
		Map output bytes=10745663888
		Map output materialized bytes=10751411659
		Input split bytes=9040
		Combine input records=0
		Combine output records=0
		Reduce input groups=1022075
		Reduce shuffle bytes=10751411659
		Reduce input records=1022075
		Reduce output records=1022075
		Spilled Records=4062120
		Shuffled Maps =240
		Failed Shuffles=1
		Merged Map outputs=240
		GC time elapsed (ms)=10104
		CPU time spent (ms)=291020
		Physical memory (bytes) snapshot=22098800640
		Virtual memory (bytes) snapshot=175190614016
		Total committed heap usage (bytes)=16105078784
	Shuffle Errors
		BAD_ID=0
		CONNECTION=0
		IO_ERROR=1
		WRONG_LENGTH=0
		WRONG_MAP=0
		WRONG_REDUCE=0
	File Input Format Counters 
		Bytes Read=10774053233
	File Output Format Counters 
		Bytes Written=10772849916
