20/06/09 14:39:24 INFO client.RMProxy: Connecting to ResourceManager at master/10.51.17.95:8032
20/06/09 14:39:24 INFO input.FileInputFormat: Total input paths to process : 10
20/06/09 14:39:24 INFO mapreduce.JobSubmitter: number of splits:90
20/06/09 14:39:25 INFO mapreduce.JobSubmitter: Submitting tokens for job: job_1591681103023_0002
20/06/09 14:39:25 INFO impl.YarnClientImpl: Submitted application application_1591681103023_0002
20/06/09 14:39:25 INFO mapreduce.Job: The url to track the job: http://master:8088/proxy/application_1591681103023_0002/
20/06/09 14:39:25 INFO mapreduce.Job: Running job: job_1591681103023_0002
20/06/09 14:39:32 INFO mapreduce.Job: Job job_1591681103023_0002 running in uber mode : false
20/06/09 14:39:32 INFO mapreduce.Job:  map 0% reduce 0%
20/06/09 14:39:46 INFO mapreduce.Job:  map 1% reduce 0%
20/06/09 14:39:48 INFO mapreduce.Job:  map 2% reduce 0%
20/06/09 14:39:52 INFO mapreduce.Job:  map 3% reduce 0%
20/06/09 14:39:59 INFO mapreduce.Job:  map 4% reduce 0%
20/06/09 14:40:04 INFO mapreduce.Job:  map 5% reduce 0%
20/06/09 14:40:10 INFO mapreduce.Job:  map 6% reduce 0%
20/06/09 14:40:13 INFO mapreduce.Job:  map 7% reduce 0%
20/06/09 14:40:20 INFO mapreduce.Job:  map 8% reduce 0%
20/06/09 14:40:24 INFO mapreduce.Job:  map 9% reduce 0%
20/06/09 14:40:28 INFO mapreduce.Job:  map 10% reduce 0%
20/06/09 14:40:29 INFO mapreduce.Job:  map 11% reduce 0%
20/06/09 14:40:31 INFO mapreduce.Job:  map 12% reduce 0%
20/06/09 14:40:40 INFO mapreduce.Job:  map 13% reduce 0%
20/06/09 14:40:42 INFO mapreduce.Job:  map 14% reduce 0%
20/06/09 14:40:44 INFO mapreduce.Job:  map 15% reduce 0%
20/06/09 14:40:46 INFO mapreduce.Job:  map 16% reduce 0%
20/06/09 14:40:50 INFO mapreduce.Job:  map 17% reduce 0%
20/06/09 14:40:55 INFO mapreduce.Job:  map 18% reduce 0%
20/06/09 14:40:56 INFO mapreduce.Job:  map 18% reduce 5%
20/06/09 14:41:02 INFO mapreduce.Job:  map 19% reduce 5%
20/06/09 14:41:06 INFO mapreduce.Job:  map 20% reduce 5%
20/06/09 14:41:11 INFO mapreduce.Job:  map 21% reduce 5%
20/06/09 14:41:16 INFO mapreduce.Job:  map 22% reduce 5%
20/06/09 14:41:17 INFO mapreduce.Job:  map 22% reduce 6%
20/06/09 14:41:20 INFO mapreduce.Job:  map 23% reduce 6%
20/06/09 14:41:25 INFO mapreduce.Job:  map 24% reduce 6%
20/06/09 14:41:26 INFO mapreduce.Job:  map 25% reduce 6%
20/06/09 14:41:28 INFO mapreduce.Job:  map 26% reduce 6%
20/06/09 14:41:29 INFO mapreduce.Job:  map 26% reduce 7%
20/06/09 14:41:38 INFO mapreduce.Job:  map 27% reduce 7%
20/06/09 14:41:40 INFO mapreduce.Job:  map 28% reduce 7%
20/06/09 14:41:47 INFO mapreduce.Job:  map 29% reduce 7%
20/06/09 14:41:49 INFO mapreduce.Job:  map 30% reduce 7%
20/06/09 14:41:51 INFO mapreduce.Job:  map 31% reduce 8%
20/06/09 14:41:54 INFO mapreduce.Job:  map 31% reduce 9%
20/06/09 14:41:56 INFO mapreduce.Job:  map 32% reduce 9%
20/06/09 14:41:59 INFO mapreduce.Job:  map 33% reduce 9%
20/06/09 14:42:00 INFO mapreduce.Job:  map 33% reduce 10%
20/06/09 14:42:05 INFO mapreduce.Job:  map 34% reduce 10%
20/06/09 14:42:10 INFO mapreduce.Job:  map 35% reduce 10%
20/06/09 14:42:14 INFO mapreduce.Job:  map 36% reduce 10%
20/06/09 14:42:17 INFO mapreduce.Job:  map 37% reduce 10%
20/06/09 14:42:22 INFO mapreduce.Job:  map 38% reduce 10%
20/06/09 14:42:23 INFO mapreduce.Job:  map 39% reduce 10%
20/06/09 14:42:25 INFO mapreduce.Job:  map 39% reduce 12%
20/06/09 14:42:29 INFO mapreduce.Job:  map 40% reduce 12%
20/06/09 14:42:34 INFO mapreduce.Job:  map 41% reduce 12%
20/06/09 14:42:38 INFO mapreduce.Job:  map 42% reduce 12%
20/06/09 14:42:43 INFO mapreduce.Job:  map 43% reduce 13%
20/06/09 14:42:48 INFO mapreduce.Job:  map 44% reduce 13%
20/06/09 14:42:52 INFO mapreduce.Job:  map 45% reduce 13%
20/06/09 14:42:58 INFO mapreduce.Job:  map 46% reduce 13%
20/06/09 14:43:00 INFO mapreduce.Job:  map 47% reduce 13%
20/06/09 14:43:02 INFO mapreduce.Job:  map 48% reduce 14%
20/06/09 14:43:08 INFO mapreduce.Job:  map 49% reduce 14%
20/06/09 14:43:11 INFO mapreduce.Job:  map 50% reduce 15%
20/06/09 14:43:15 INFO mapreduce.Job:  map 51% reduce 15%
20/06/09 14:43:16 INFO mapreduce.Job:  map 52% reduce 15%
20/06/09 14:43:17 INFO mapreduce.Job:  map 52% reduce 16%
20/06/09 14:43:20 INFO mapreduce.Job:  map 52% reduce 17%
20/06/09 14:43:21 INFO mapreduce.Job:  map 53% reduce 17%
20/06/09 14:43:27 INFO mapreduce.Job:  map 54% reduce 17%
20/06/09 14:43:30 INFO mapreduce.Job:  map 55% reduce 17%
20/06/09 14:43:36 INFO mapreduce.Job:  map 56% reduce 17%
20/06/09 14:43:42 INFO mapreduce.Job:  map 57% reduce 17%
20/06/09 14:43:47 INFO mapreduce.Job:  map 58% reduce 17%
20/06/09 14:43:50 INFO mapreduce.Job:  map 59% reduce 17%
20/06/09 14:43:53 INFO mapreduce.Job:  map 60% reduce 17%
20/06/09 14:43:56 INFO mapreduce.Job:  map 60% reduce 18%
20/06/09 14:44:00 INFO mapreduce.Job:  map 61% reduce 18%
20/06/09 14:44:03 INFO mapreduce.Job:  map 62% reduce 18%
20/06/09 14:44:07 INFO mapreduce.Job:  map 63% reduce 18%
20/06/09 14:44:08 INFO mapreduce.Job:  map 64% reduce 19%
20/06/09 14:44:11 INFO mapreduce.Job:  map 64% reduce 20%
20/06/09 14:44:12 INFO mapreduce.Job:  map 65% reduce 20%
20/06/09 14:44:14 INFO mapreduce.Job:  map 66% reduce 21%
20/06/09 14:44:19 INFO mapreduce.Job:  map 67% reduce 21%
20/06/09 14:44:21 INFO mapreduce.Job:  map 67% reduce 22%
20/06/09 14:44:24 INFO mapreduce.Job:  map 68% reduce 22%
20/06/09 14:44:28 INFO mapreduce.Job:  map 69% reduce 22%
20/06/09 14:44:35 INFO mapreduce.Job:  map 70% reduce 22%
20/06/09 14:44:39 INFO mapreduce.Job:  map 71% reduce 22%
20/06/09 14:44:45 INFO mapreduce.Job:  map 72% reduce 22%
20/06/09 14:44:47 INFO mapreduce.Job:  map 73% reduce 22%
20/06/09 14:44:54 INFO mapreduce.Job:  map 74% reduce 22%
20/06/09 14:44:57 INFO mapreduce.Job:  map 75% reduce 22%
20/06/09 14:45:01 INFO mapreduce.Job:  map 75% reduce 23%
20/06/09 14:45:02 INFO mapreduce.Job:  map 76% reduce 23%
20/06/09 14:45:05 INFO mapreduce.Job:  map 78% reduce 23%
20/06/09 14:45:07 INFO mapreduce.Job:  map 78% reduce 24%
20/06/09 14:45:10 INFO mapreduce.Job:  map 79% reduce 25%
20/06/09 14:45:13 INFO mapreduce.Job:  map 79% reduce 26%
20/06/09 14:45:14 INFO mapreduce.Job:  map 80% reduce 26%
20/06/09 14:45:18 INFO mapreduce.Job:  map 81% reduce 26%
20/06/09 14:45:22 INFO mapreduce.Job:  map 82% reduce 26%
20/06/09 14:45:23 INFO mapreduce.Job:  map 83% reduce 26%
20/06/09 14:45:26 INFO mapreduce.Job:  map 84% reduce 26%
20/06/09 14:45:30 INFO mapreduce.Job:  map 85% reduce 26%
20/06/09 14:45:31 INFO mapreduce.Job:  map 86% reduce 27%
20/06/09 14:45:32 INFO mapreduce.Job:  map 87% reduce 27%
20/06/09 14:45:40 INFO mapreduce.Job:  map 89% reduce 28%
20/06/09 14:45:42 INFO mapreduce.Job:  map 90% reduce 28%
20/06/09 14:45:43 INFO mapreduce.Job:  map 91% reduce 28%
20/06/09 14:45:47 INFO mapreduce.Job:  map 92% reduce 28%
20/06/09 14:45:49 INFO mapreduce.Job:  map 93% reduce 29%
20/06/09 14:45:52 INFO mapreduce.Job:  map 95% reduce 29%
20/06/09 14:45:55 INFO mapreduce.Job:  map 96% reduce 30%
20/06/09 14:45:57 INFO mapreduce.Job:  map 97% reduce 30%
20/06/09 14:45:58 INFO mapreduce.Job:  map 98% reduce 30%
20/06/09 14:45:59 INFO mapreduce.Job:  map 99% reduce 30%
20/06/09 14:46:01 INFO mapreduce.Job:  map 100% reduce 33%
20/06/09 14:46:07 INFO mapreduce.Job:  map 100% reduce 69%
20/06/09 14:46:10 INFO mapreduce.Job:  map 100% reduce 75%
20/06/09 14:46:13 INFO mapreduce.Job:  map 100% reduce 81%
20/06/09 14:46:16 INFO mapreduce.Job:  map 100% reduce 87%
20/06/09 14:46:19 INFO mapreduce.Job:  map 100% reduce 94%
20/06/09 14:46:21 INFO mapreduce.Job:  map 100% reduce 100%
20/06/09 14:46:22 INFO mapreduce.Job: Job job_1591681103023_0002 completed successfully
20/06/09 14:46:22 INFO mapreduce.Job: Counters: 50
	File System Counters
		FILE: Number of bytes read=1610584730
		FILE: Number of bytes written=2384343709
		FILE: Number of read operations=0
		FILE: Number of large read operations=0
		FILE: Number of write operations=0
		HDFS: Number of bytes read=11024658530
		HDFS: Number of bytes written=450009268
		HDFS: Number of read operations=273
		HDFS: Number of large read operations=0
		HDFS: Number of write operations=2
	Job Counters 
		Killed map tasks=1
		Launched map tasks=91
		Launched reduce tasks=1
		Data-local map tasks=91
		Total time spent by all maps in occupied slots (ms)=4984426
		Total time spent by all reduces in occupied slots (ms)=336917
		Total time spent by all map tasks (ms)=4984426
		Total time spent by all reduce tasks (ms)=336917
		Total vcore-milliseconds taken by all map tasks=4984426
		Total vcore-milliseconds taken by all reduce tasks=336917
		Total megabyte-milliseconds taken by all map tasks=5104052224
		Total megabyte-milliseconds taken by all reduce tasks=345003008
	Map-Reduce Framework
		Map input records=2551331
		Map output records=1012197080
		Map output bytes=19275295063
		Map output materialized bytes=762548482
		Input split bytes=10530
		Combine input records=1037192216
		Combine output records=47601776
		Reduce input groups=9846212
		Reduce shuffle bytes=762548482
		Reduce input records=22606640
		Reduce output records=9846212
		Spilled Records=70886956
		Shuffled Maps =90
		Failed Shuffles=0
		Merged Map outputs=90
		GC time elapsed (ms)=105562
		CPU time spent (ms)=2019980
		Physical memory (bytes) snapshot=25163145216
		Virtual memory (bytes) snapshot=191924781056
		Total committed heap usage (bytes)=18940952576
	Shuffle Errors
		BAD_ID=0
		CONNECTION=0
		IO_ERROR=0
		WRONG_LENGTH=0
		WRONG_MAP=0
		WRONG_REDUCE=0
	File Input Format Counters 
		Bytes Read=11024648000
	File Output Format Counters 
		Bytes Written=450009268
20/06/09 14:46:22 INFO client.RMProxy: Connecting to ResourceManager at master/10.51.17.95:8032
20/06/09 14:46:23 INFO input.FileInputFormat: Total input paths to process : 1
20/06/09 14:46:23 INFO mapreduce.JobSubmitter: number of splits:4
20/06/09 14:46:23 INFO mapreduce.JobSubmitter: Submitting tokens for job: job_1591681103023_0003
20/06/09 14:46:23 INFO impl.YarnClientImpl: Submitted application application_1591681103023_0003
20/06/09 14:46:23 INFO mapreduce.Job: The url to track the job: http://master:8088/proxy/application_1591681103023_0003/
20/06/09 14:46:23 INFO mapreduce.Job: Running job: job_1591681103023_0003
20/06/09 14:46:31 INFO mapreduce.Job: Job job_1591681103023_0003 running in uber mode : false
20/06/09 14:46:31 INFO mapreduce.Job:  map 0% reduce 0%
20/06/09 14:46:41 INFO mapreduce.Job:  map 25% reduce 0%
20/06/09 14:46:42 INFO mapreduce.Job:  map 49% reduce 0%
20/06/09 14:46:43 INFO mapreduce.Job:  map 61% reduce 0%
20/06/09 14:46:45 INFO mapreduce.Job:  map 74% reduce 0%
20/06/09 14:46:46 INFO mapreduce.Job:  map 80% reduce 0%
20/06/09 14:46:48 INFO mapreduce.Job:  map 92% reduce 0%
20/06/09 14:46:50 INFO mapreduce.Job:  map 100% reduce 0%
20/06/09 14:46:51 INFO mapreduce.Job:  map 100% reduce 68%
20/06/09 14:46:54 INFO mapreduce.Job:  map 100% reduce 85%
20/06/09 14:46:57 INFO mapreduce.Job:  map 100% reduce 96%
20/06/09 14:46:59 INFO mapreduce.Job:  map 100% reduce 100%
20/06/09 14:46:59 INFO mapreduce.Job: Job job_1591681103023_0003 completed successfully
20/06/09 14:46:59 INFO mapreduce.Job: Counters: 50
	File System Counters
		FILE: Number of bytes read=729672527
		FILE: Number of bytes written=1116816761
		FILE: Number of read operations=0
		FILE: Number of large read operations=0
		FILE: Number of write operations=0
		HDFS: Number of bytes read=450013633
		HDFS: Number of bytes written=308418233
		HDFS: Number of read operations=19
		HDFS: Number of large read operations=0
		HDFS: Number of write operations=2
	Job Counters 
		Killed map tasks=1
		Launched map tasks=5
		Launched reduce tasks=1
		Data-local map tasks=5
		Total time spent by all maps in occupied slots (ms)=59156
		Total time spent by all reduces in occupied slots (ms)=14869
		Total time spent by all map tasks (ms)=59156
		Total time spent by all reduce tasks (ms)=14869
		Total vcore-milliseconds taken by all map tasks=59156
		Total vcore-milliseconds taken by all reduce tasks=14869
		Total megabyte-milliseconds taken by all map tasks=60575744
		Total megabyte-milliseconds taken by all reduce tasks=15225856
	Map-Reduce Framework
		Map input records=9846212
		Map output records=9846212
		Map output bytes=366838446
		Map output materialized bytes=386530894
		Input split bytes=508
		Combine input records=0
		Combine output records=0
		Reduce input groups=1256
		Reduce shuffle bytes=386530894
		Reduce input records=9846212
		Reduce output records=9846212
		Spilled Records=28954346
		Shuffled Maps =4
		Failed Shuffles=0
		Merged Map outputs=4
		GC time elapsed (ms)=1704
		CPU time spent (ms)=42980
		Physical memory (bytes) snapshot=1277206528
		Virtual memory (bytes) snapshot=10587340800
		Total committed heap usage (bytes)=940048384
	Shuffle Errors
		BAD_ID=0
		CONNECTION=0
		IO_ERROR=0
		WRONG_LENGTH=0
		WRONG_MAP=0
		WRONG_REDUCE=0
	File Input Format Counters 
		Bytes Read=450013125
	File Output Format Counters 
		Bytes Written=308418233
