20/06/09 14:56:56 INFO client.RMProxy: Connecting to ResourceManager at master/10.51.17.95:8032
20/06/09 14:56:56 INFO input.FileInputFormat: Total input paths to process : 10
20/06/09 14:56:57 INFO mapreduce.JobSubmitter: number of splits:90
20/06/09 14:56:57 INFO mapreduce.JobSubmitter: Submitting tokens for job: job_1591681103023_0008
20/06/09 14:56:58 INFO impl.YarnClientImpl: Submitted application application_1591681103023_0008
20/06/09 14:56:58 INFO mapreduce.Job: The url to track the job: http://master:8088/proxy/application_1591681103023_0008/
20/06/09 14:56:58 INFO mapreduce.Job: Running job: job_1591681103023_0008
20/06/09 14:57:06 INFO mapreduce.Job: Job job_1591681103023_0008 running in uber mode : false
20/06/09 14:57:06 INFO mapreduce.Job:  map 0% reduce 0%
20/06/09 14:57:20 INFO mapreduce.Job:  map 1% reduce 0%
20/06/09 14:57:22 INFO mapreduce.Job:  map 2% reduce 0%
20/06/09 14:57:26 INFO mapreduce.Job:  map 3% reduce 0%
20/06/09 14:57:34 INFO mapreduce.Job:  map 4% reduce 0%
20/06/09 14:57:39 INFO mapreduce.Job:  map 5% reduce 0%
20/06/09 14:57:45 INFO mapreduce.Job:  map 6% reduce 0%
20/06/09 14:57:49 INFO mapreduce.Job:  map 7% reduce 0%
20/06/09 14:57:54 INFO mapreduce.Job:  map 8% reduce 0%
20/06/09 14:57:58 INFO mapreduce.Job:  map 9% reduce 0%
20/06/09 14:58:03 INFO mapreduce.Job:  map 10% reduce 0%
20/06/09 14:58:05 INFO mapreduce.Job:  map 11% reduce 0%
20/06/09 14:58:06 INFO mapreduce.Job:  map 12% reduce 0%
20/06/09 14:58:12 INFO mapreduce.Job:  map 13% reduce 0%
20/06/09 14:58:17 INFO mapreduce.Job:  map 14% reduce 0%
20/06/09 14:58:20 INFO mapreduce.Job:  map 15% reduce 0%
20/06/09 14:58:22 INFO mapreduce.Job:  map 16% reduce 0%
20/06/09 14:58:24 INFO mapreduce.Job:  map 17% reduce 0%
20/06/09 14:58:30 INFO mapreduce.Job:  map 18% reduce 0%
20/06/09 14:58:34 INFO mapreduce.Job:  map 18% reduce 5%
20/06/09 14:58:36 INFO mapreduce.Job:  map 19% reduce 5%
20/06/09 14:58:39 INFO mapreduce.Job:  map 20% reduce 5%
20/06/09 14:58:46 INFO mapreduce.Job:  map 21% reduce 5%
20/06/09 14:58:49 INFO mapreduce.Job:  map 22% reduce 6%
20/06/09 14:58:54 INFO mapreduce.Job:  map 23% reduce 6%
20/06/09 14:59:01 INFO mapreduce.Job:  map 24% reduce 6%
20/06/09 14:59:02 INFO mapreduce.Job:  map 25% reduce 6%
20/06/09 14:59:05 INFO mapreduce.Job:  map 25% reduce 7%
20/06/09 14:59:07 INFO mapreduce.Job:  map 26% reduce 7%
20/06/09 14:59:11 INFO mapreduce.Job:  map 27% reduce 7%
20/06/09 14:59:16 INFO mapreduce.Job:  map 28% reduce 7%
20/06/09 14:59:21 INFO mapreduce.Job:  map 29% reduce 7%
20/06/09 14:59:25 INFO mapreduce.Job:  map 30% reduce 7%
20/06/09 14:59:26 INFO mapreduce.Job:  map 30% reduce 8%
20/06/09 14:59:27 INFO mapreduce.Job:  map 31% reduce 8%
20/06/09 14:59:29 INFO mapreduce.Job:  map 32% reduce 9%
20/06/09 14:59:34 INFO mapreduce.Job:  map 33% reduce 9%
20/06/09 14:59:35 INFO mapreduce.Job:  map 33% reduce 10%
20/06/09 14:59:38 INFO mapreduce.Job:  map 34% reduce 10%
20/06/09 14:59:44 INFO mapreduce.Job:  map 35% reduce 10%
20/06/09 14:59:48 INFO mapreduce.Job:  map 36% reduce 10%
20/06/09 14:59:53 INFO mapreduce.Job:  map 37% reduce 10%
20/06/09 14:59:56 INFO mapreduce.Job:  map 38% reduce 11%
20/06/09 15:00:00 INFO mapreduce.Job:  map 39% reduce 11%
20/06/09 15:00:02 INFO mapreduce.Job:  map 39% reduce 12%
20/06/09 15:00:04 INFO mapreduce.Job:  map 40% reduce 12%
20/06/09 15:00:09 INFO mapreduce.Job:  map 41% reduce 12%
20/06/09 15:00:13 INFO mapreduce.Job:  map 42% reduce 12%
20/06/09 15:00:19 INFO mapreduce.Job:  map 43% reduce 12%
20/06/09 15:00:25 INFO mapreduce.Job:  map 44% reduce 12%
20/06/09 15:00:30 INFO mapreduce.Job:  map 45% reduce 12%
20/06/09 15:00:33 INFO mapreduce.Job:  map 46% reduce 13%
20/06/09 15:00:35 INFO mapreduce.Job:  map 47% reduce 13%
20/06/09 15:00:36 INFO mapreduce.Job:  map 47% reduce 14%
20/06/09 15:00:37 INFO mapreduce.Job:  map 48% reduce 14%
20/06/09 15:00:41 INFO mapreduce.Job:  map 49% reduce 14%
20/06/09 15:00:42 INFO mapreduce.Job:  map 49% reduce 15%
20/06/09 15:00:47 INFO mapreduce.Job:  map 50% reduce 15%
20/06/09 15:00:49 INFO mapreduce.Job:  map 51% reduce 15%
20/06/09 15:00:51 INFO mapreduce.Job:  map 51% reduce 16%
20/06/09 15:00:53 INFO mapreduce.Job:  map 52% reduce 16%
20/06/09 15:00:57 INFO mapreduce.Job:  map 52% reduce 17%
20/06/09 15:00:58 INFO mapreduce.Job:  map 53% reduce 17%
20/06/09 15:01:02 INFO mapreduce.Job:  map 54% reduce 17%
20/06/09 15:01:09 INFO mapreduce.Job:  map 55% reduce 17%
20/06/09 15:01:14 INFO mapreduce.Job:  map 56% reduce 17%
20/06/09 15:01:18 INFO mapreduce.Job:  map 57% reduce 17%
20/06/09 15:01:24 INFO mapreduce.Job:  map 58% reduce 17%
20/06/09 15:01:28 INFO mapreduce.Job:  map 59% reduce 17%
20/06/09 15:01:33 INFO mapreduce.Job:  map 60% reduce 17%
20/06/09 15:01:37 INFO mapreduce.Job:  map 61% reduce 17%
20/06/09 15:01:40 INFO mapreduce.Job:  map 61% reduce 18%
20/06/09 15:01:41 INFO mapreduce.Job:  map 62% reduce 18%
20/06/09 15:01:43 INFO mapreduce.Job:  map 63% reduce 19%
20/06/09 15:01:44 INFO mapreduce.Job:  map 64% reduce 19%
20/06/09 15:01:46 INFO mapreduce.Job:  map 64% reduce 20%
20/06/09 15:01:47 INFO mapreduce.Job:  map 65% reduce 20%
20/06/09 15:01:49 INFO mapreduce.Job:  map 65% reduce 21%
20/06/09 15:01:52 INFO mapreduce.Job:  map 66% reduce 21%
20/06/09 15:01:58 INFO mapreduce.Job:  map 67% reduce 21%
20/06/09 15:02:01 INFO mapreduce.Job:  map 68% reduce 22%
20/06/09 15:02:07 INFO mapreduce.Job:  map 69% reduce 22%
20/06/09 15:02:11 INFO mapreduce.Job:  map 70% reduce 22%
20/06/09 15:02:17 INFO mapreduce.Job:  map 71% reduce 22%
20/06/09 15:02:22 INFO mapreduce.Job:  map 72% reduce 22%
20/06/09 15:02:27 INFO mapreduce.Job:  map 73% reduce 22%
20/06/09 15:02:32 INFO mapreduce.Job:  map 74% reduce 22%
20/06/09 15:02:35 INFO mapreduce.Job:  map 75% reduce 22%
20/06/09 15:02:38 INFO mapreduce.Job:  map 75% reduce 23%
20/06/09 15:02:41 INFO mapreduce.Job:  map 76% reduce 23%
20/06/09 15:02:45 INFO mapreduce.Job:  map 77% reduce 23%
20/06/09 15:02:46 INFO mapreduce.Job:  map 78% reduce 23%
20/06/09 15:02:47 INFO mapreduce.Job:  map 79% reduce 24%
20/06/09 15:02:50 INFO mapreduce.Job:  map 80% reduce 25%
20/06/09 15:02:52 INFO mapreduce.Job:  map 81% reduce 25%
20/06/09 15:02:53 INFO mapreduce.Job:  map 81% reduce 27%
20/06/09 15:03:00 INFO mapreduce.Job:  map 82% reduce 27%
20/06/09 15:03:03 INFO mapreduce.Job:  map 83% reduce 27%
20/06/09 15:03:04 INFO mapreduce.Job:  map 84% reduce 27%
20/06/09 15:03:05 INFO mapreduce.Job:  map 85% reduce 27%
20/06/09 15:03:07 INFO mapreduce.Job:  map 86% reduce 27%
20/06/09 15:03:10 INFO mapreduce.Job:  map 87% reduce 27%
20/06/09 15:03:12 INFO mapreduce.Job:  map 88% reduce 27%
20/06/09 15:03:15 INFO mapreduce.Job:  map 89% reduce 28%
20/06/09 15:03:18 INFO mapreduce.Job:  map 89% reduce 29%
20/06/09 15:03:22 INFO mapreduce.Job:  map 91% reduce 29%
20/06/09 15:03:24 INFO mapreduce.Job:  map 92% reduce 29%
20/06/09 15:03:27 INFO mapreduce.Job:  map 94% reduce 29%
20/06/09 15:03:29 INFO mapreduce.Job:  map 94% reduce 30%
20/06/09 15:03:30 INFO mapreduce.Job:  map 96% reduce 30%
20/06/09 15:03:33 INFO mapreduce.Job:  map 97% reduce 30%
20/06/09 15:03:35 INFO mapreduce.Job:  map 98% reduce 31%
20/06/09 15:03:38 INFO mapreduce.Job:  map 98% reduce 32%
20/06/09 15:03:41 INFO mapreduce.Job:  map 99% reduce 32%
20/06/09 15:03:45 INFO mapreduce.Job:  map 100% reduce 33%
20/06/09 15:03:48 INFO mapreduce.Job:  map 100% reduce 70%
20/06/09 15:03:51 INFO mapreduce.Job:  map 100% reduce 75%
20/06/09 15:03:54 INFO mapreduce.Job:  map 100% reduce 81%
20/06/09 15:03:57 INFO mapreduce.Job:  map 100% reduce 86%
20/06/09 15:04:00 INFO mapreduce.Job:  map 100% reduce 94%
20/06/09 15:04:02 INFO mapreduce.Job:  map 100% reduce 100%
20/06/09 15:04:03 INFO mapreduce.Job: Job job_1591681103023_0008 completed successfully
20/06/09 15:04:04 INFO mapreduce.Job: Counters: 51
	File System Counters
		FILE: Number of bytes read=1622979077
		FILE: Number of bytes written=2402808329
		FILE: Number of read operations=0
		FILE: Number of large read operations=0
		FILE: Number of write operations=0
		HDFS: Number of bytes read=11024778764
		HDFS: Number of bytes written=455035509
		HDFS: Number of read operations=273
		HDFS: Number of large read operations=0
		HDFS: Number of write operations=2
	Job Counters 
		Killed map tasks=1
		Launched map tasks=91
		Launched reduce tasks=1
		Data-local map tasks=89
		Rack-local map tasks=2
		Total time spent by all maps in occupied slots (ms)=5058448
		Total time spent by all reduces in occupied slots (ms)=340696
		Total time spent by all map tasks (ms)=5058448
		Total time spent by all reduce tasks (ms)=340696
		Total vcore-milliseconds taken by all map tasks=5058448
		Total vcore-milliseconds taken by all reduce tasks=340696
		Total megabyte-milliseconds taken by all map tasks=5179850752
		Total megabyte-milliseconds taken by all reduce tasks=348872704
	Map-Reduce Framework
		Map input records=1179969
		Map output records=1012207018
		Map output bytes=19285428238
		Map output materialized bytes=768618755
		Input split bytes=10530
		Combine input records=1037204748
		Combine output records=47603732
		Reduce input groups=9842035
		Reduce shuffle bytes=768618755
		Reduce input records=22606002
		Reduce output records=9842035
		Spilled Records=70888381
		Shuffled Maps =90
		Failed Shuffles=0
		Merged Map outputs=90
		GC time elapsed (ms)=109395
		CPU time spent (ms)=2051740
		Physical memory (bytes) snapshot=25156177920
		Virtual memory (bytes) snapshot=191946399744
		Total committed heap usage (bytes)=18944622592
	Shuffle Errors
		BAD_ID=0
		CONNECTION=0
		IO_ERROR=0
		WRONG_LENGTH=0
		WRONG_MAP=0
		WRONG_REDUCE=0
	File Input Format Counters 
		Bytes Read=11024768234
	File Output Format Counters 
		Bytes Written=455035509
20/06/09 15:04:04 INFO client.RMProxy: Connecting to ResourceManager at master/10.51.17.95:8032
20/06/09 15:04:04 INFO input.FileInputFormat: Total input paths to process : 1
20/06/09 15:04:04 INFO mapreduce.JobSubmitter: number of splits:4
20/06/09 15:04:05 INFO mapreduce.JobSubmitter: Submitting tokens for job: job_1591681103023_0009
20/06/09 15:04:05 INFO impl.YarnClientImpl: Submitted application application_1591681103023_0009
20/06/09 15:04:05 INFO mapreduce.Job: The url to track the job: http://master:8088/proxy/application_1591681103023_0009/
20/06/09 15:04:05 INFO mapreduce.Job: Running job: job_1591681103023_0009
20/06/09 15:04:13 INFO mapreduce.Job: Job job_1591681103023_0009 running in uber mode : false
20/06/09 15:04:13 INFO mapreduce.Job:  map 0% reduce 0%
20/06/09 15:04:23 INFO mapreduce.Job:  map 25% reduce 0%
20/06/09 15:04:25 INFO mapreduce.Job:  map 59% reduce 0%
20/06/09 15:04:28 INFO mapreduce.Job:  map 78% reduce 0%
20/06/09 15:04:31 INFO mapreduce.Job:  map 93% reduce 0%
20/06/09 15:04:32 INFO mapreduce.Job:  map 100% reduce 0%
20/06/09 15:04:33 INFO mapreduce.Job:  map 100% reduce 25%
20/06/09 15:04:36 INFO mapreduce.Job:  map 100% reduce 78%
20/06/09 15:04:39 INFO mapreduce.Job:  map 100% reduce 92%
20/06/09 15:04:41 INFO mapreduce.Job:  map 100% reduce 100%
20/06/09 15:04:42 INFO mapreduce.Job: Job job_1591681103023_0009 completed successfully
20/06/09 15:04:42 INFO mapreduce.Job: Counters: 50
	File System Counters
		FILE: Number of bytes read=735011646
		FILE: Number of bytes written=1127160403
		FILE: Number of read operations=0
		FILE: Number of large read operations=0
		FILE: Number of write operations=0
		HDFS: Number of bytes read=455039548
		HDFS: Number of bytes written=313456318
		HDFS: Number of read operations=19
		HDFS: Number of large read operations=0
		HDFS: Number of write operations=2
	Job Counters 
		Killed map tasks=1
		Launched map tasks=5
		Launched reduce tasks=1
		Data-local map tasks=5
		Total time spent by all maps in occupied slots (ms)=54323
		Total time spent by all reduces in occupied slots (ms)=15807
		Total time spent by all map tasks (ms)=54323
		Total time spent by all reduce tasks (ms)=15807
		Total vcore-milliseconds taken by all map tasks=54323
		Total vcore-milliseconds taken by all reduce tasks=15807
		Total megabyte-milliseconds taken by all map tasks=55626752
		Total megabyte-milliseconds taken by all reduce tasks=16186368
	Map-Reduce Framework
		Map input records=9842035
		Map output records=9842035
		Map output bytes=371851323
		Map output materialized bytes=391535417
		Input split bytes=508
		Combine input records=0
		Combine output records=0
		Reduce input groups=1247
		Reduce shuffle bytes=391535417
		Reduce input records=9842035
		Reduce output records=9842035
		Spilled Records=28890634
		Shuffled Maps =4
		Failed Shuffles=0
		Merged Map outputs=4
		GC time elapsed (ms)=1682
		CPU time spent (ms)=44230
		Physical memory (bytes) snapshot=1309179904
		Virtual memory (bytes) snapshot=10542833664
		Total committed heap usage (bytes)=939524096
	Shuffle Errors
		BAD_ID=0
		CONNECTION=0
		IO_ERROR=0
		WRONG_LENGTH=0
		WRONG_MAP=0
		WRONG_REDUCE=0
	File Input Format Counters 
		Bytes Read=455039040
	File Output Format Counters 
		Bytes Written=313456318
