20/06/17 21:14:40 INFO client.RMProxy: Connecting to ResourceManager at master/10.51.17.95:8032
20/06/17 21:14:41 INFO input.FileInputFormat: Total input paths to process : 10
20/06/17 21:14:41 INFO mapreduce.JobSubmitter: number of splits:90
20/06/17 21:14:42 INFO mapreduce.JobSubmitter: Submitting tokens for job: job_1592394267532_0006
20/06/17 21:14:42 INFO impl.YarnClientImpl: Submitted application application_1592394267532_0006
20/06/17 21:14:42 INFO mapreduce.Job: The url to track the job: http://master:8088/proxy/application_1592394267532_0006/
20/06/17 21:14:42 INFO mapreduce.Job: Running job: job_1592394267532_0006
20/06/17 21:14:49 INFO mapreduce.Job: Job job_1592394267532_0006 running in uber mode : false
20/06/17 21:14:49 INFO mapreduce.Job:  map 0% reduce 0%
20/06/17 21:15:01 INFO mapreduce.Job:  map 1% reduce 0%
20/06/17 21:15:04 INFO mapreduce.Job:  map 2% reduce 0%
20/06/17 21:15:11 INFO mapreduce.Job:  map 3% reduce 0%
20/06/17 21:15:15 INFO mapreduce.Job:  map 4% reduce 0%
20/06/17 21:15:21 INFO mapreduce.Job:  map 5% reduce 0%
20/06/17 21:15:24 INFO mapreduce.Job:  map 6% reduce 0%
20/06/17 21:15:30 INFO mapreduce.Job:  map 7% reduce 0%
20/06/17 21:15:34 INFO mapreduce.Job:  map 8% reduce 0%
20/06/17 21:15:38 INFO mapreduce.Job:  map 9% reduce 0%
20/06/17 21:15:44 INFO mapreduce.Job:  map 10% reduce 0%
20/06/17 21:15:47 INFO mapreduce.Job:  map 11% reduce 0%
20/06/17 21:15:49 INFO mapreduce.Job:  map 12% reduce 0%
20/06/17 21:15:52 INFO mapreduce.Job:  map 13% reduce 0%
20/06/17 21:15:57 INFO mapreduce.Job:  map 14% reduce 0%
20/06/17 21:16:02 INFO mapreduce.Job:  map 15% reduce 0%
20/06/17 21:16:04 INFO mapreduce.Job:  map 16% reduce 4%
20/06/17 21:16:10 INFO mapreduce.Job:  map 17% reduce 5%
20/06/17 21:16:13 INFO mapreduce.Job:  map 18% reduce 5%
20/06/17 21:16:19 INFO mapreduce.Job:  map 19% reduce 5%
20/06/17 21:16:25 INFO mapreduce.Job:  map 20% reduce 5%
20/06/17 21:16:29 INFO mapreduce.Job:  map 21% reduce 5%
20/06/17 21:16:33 INFO mapreduce.Job:  map 22% reduce 5%
20/06/17 21:16:35 INFO mapreduce.Job:  map 23% reduce 6%
20/06/17 21:16:38 INFO mapreduce.Job:  map 23% reduce 7%
20/06/17 21:16:39 INFO mapreduce.Job:  map 24% reduce 7%
20/06/17 21:16:43 INFO mapreduce.Job:  map 25% reduce 7%
20/06/17 21:16:47 INFO mapreduce.Job:  map 26% reduce 8%
20/06/17 21:16:50 INFO mapreduce.Job:  map 26% reduce 9%
20/06/17 21:16:51 INFO mapreduce.Job:  map 27% reduce 9%
20/06/17 21:16:57 INFO mapreduce.Job:  map 28% reduce 9%
20/06/17 21:17:01 INFO mapreduce.Job:  map 29% reduce 9%
20/06/17 21:17:07 INFO mapreduce.Job:  map 30% reduce 9%
20/06/17 21:17:13 INFO mapreduce.Job:  map 31% reduce 9%
20/06/17 21:17:18 INFO mapreduce.Job:  map 32% reduce 9%
20/06/17 21:17:19 INFO mapreduce.Job:  map 33% reduce 9%
20/06/17 21:17:21 INFO mapreduce.Job:  map 34% reduce 10%
20/06/17 21:17:26 INFO mapreduce.Job:  map 35% reduce 10%
20/06/17 21:17:30 INFO mapreduce.Job:  map 36% reduce 11%
20/06/17 21:17:33 INFO mapreduce.Job:  map 36% reduce 12%
20/06/17 21:17:35 INFO mapreduce.Job:  map 37% reduce 12%
20/06/17 21:17:40 INFO mapreduce.Job:  map 38% reduce 12%
20/06/17 21:17:45 INFO mapreduce.Job:  map 39% reduce 12%
20/06/17 21:17:51 INFO mapreduce.Job:  map 40% reduce 12%
20/06/17 21:17:54 INFO mapreduce.Job:  map 41% reduce 12%
20/06/17 21:17:59 INFO mapreduce.Job:  map 42% reduce 12%
20/06/17 21:18:00 INFO mapreduce.Job:  map 42% reduce 13%
20/06/17 21:18:02 INFO mapreduce.Job:  map 43% reduce 13%
20/06/17 21:18:06 INFO mapreduce.Job:  map 44% reduce 13%
20/06/17 21:18:09 INFO mapreduce.Job:  map 45% reduce 14%
20/06/17 21:18:14 INFO mapreduce.Job:  map 46% reduce 14%
20/06/17 21:18:19 INFO mapreduce.Job:  map 47% reduce 15%
20/06/17 21:18:22 INFO mapreduce.Job:  map 48% reduce 15%
20/06/17 21:18:28 INFO mapreduce.Job:  map 49% reduce 15%
20/06/17 21:18:34 INFO mapreduce.Job:  map 50% reduce 15%
20/06/17 21:18:36 INFO mapreduce.Job:  map 51% reduce 15%
20/06/17 21:18:37 INFO mapreduce.Job:  map 51% reduce 16%
20/06/17 21:18:41 INFO mapreduce.Job:  map 52% reduce 16%
20/06/17 21:18:46 INFO mapreduce.Job:  map 53% reduce 16%
20/06/17 21:18:49 INFO mapreduce.Job:  map 53% reduce 17%
20/06/17 21:18:50 INFO mapreduce.Job:  map 54% reduce 17%
20/06/17 21:18:55 INFO mapreduce.Job:  map 55% reduce 17%
20/06/17 21:18:58 INFO mapreduce.Job:  map 56% reduce 17%
20/06/17 21:19:02 INFO mapreduce.Job:  map 56% reduce 18%
20/06/17 21:19:03 INFO mapreduce.Job:  map 57% reduce 18%
20/06/17 21:19:09 INFO mapreduce.Job:  map 58% reduce 18%
20/06/17 21:19:12 INFO mapreduce.Job:  map 59% reduce 18%
20/06/17 21:19:14 INFO mapreduce.Job:  map 59% reduce 19%
20/06/17 21:19:15 INFO mapreduce.Job:  map 60% reduce 19%
20/06/17 21:19:19 INFO mapreduce.Job:  map 61% reduce 19%
20/06/17 21:19:20 INFO mapreduce.Job:  map 61% reduce 20%
20/06/17 21:19:24 INFO mapreduce.Job:  map 62% reduce 20%
20/06/17 21:19:28 INFO mapreduce.Job:  map 63% reduce 20%
20/06/17 21:19:34 INFO mapreduce.Job:  map 64% reduce 20%
20/06/17 21:19:40 INFO mapreduce.Job:  map 65% reduce 20%
20/06/17 21:19:46 INFO mapreduce.Job:  map 66% reduce 20%
20/06/17 21:19:48 INFO mapreduce.Job:  map 67% reduce 20%
20/06/17 21:19:50 INFO mapreduce.Job:  map 68% reduce 21%
20/06/17 21:19:53 INFO mapreduce.Job:  map 69% reduce 22%
20/06/17 21:19:57 INFO mapreduce.Job:  map 70% reduce 22%
20/06/17 21:19:59 INFO mapreduce.Job:  map 70% reduce 23%
20/06/17 21:20:03 INFO mapreduce.Job:  map 71% reduce 23%
20/06/17 21:20:08 INFO mapreduce.Job:  map 72% reduce 23%
20/06/17 21:20:12 INFO mapreduce.Job:  map 73% reduce 23%
20/06/17 21:20:18 INFO mapreduce.Job:  map 74% reduce 23%
20/06/17 21:20:23 INFO mapreduce.Job:  map 75% reduce 23%
20/06/17 21:20:28 INFO mapreduce.Job:  map 76% reduce 23%
20/06/17 21:20:30 INFO mapreduce.Job:  map 76% reduce 24%
20/06/17 21:20:31 INFO mapreduce.Job:  map 77% reduce 24%
20/06/17 21:20:36 INFO mapreduce.Job:  map 78% reduce 24%
20/06/17 21:20:39 INFO mapreduce.Job:  map 79% reduce 25%
20/06/17 21:20:41 INFO mapreduce.Job:  map 80% reduce 25%
20/06/17 21:20:43 INFO mapreduce.Job:  map 81% reduce 25%
20/06/17 21:20:45 INFO mapreduce.Job:  map 82% reduce 26%
20/06/17 21:20:48 INFO mapreduce.Job:  map 82% reduce 27%
20/06/17 21:20:50 INFO mapreduce.Job:  map 83% reduce 27%
20/06/17 21:20:54 INFO mapreduce.Job:  map 84% reduce 27%
20/06/17 21:20:55 INFO mapreduce.Job:  map 85% reduce 27%
20/06/17 21:20:59 INFO mapreduce.Job:  map 86% reduce 27%
20/06/17 21:21:00 INFO mapreduce.Job:  map 86% reduce 28%
20/06/17 21:21:03 INFO mapreduce.Job:  map 87% reduce 28%
20/06/17 21:21:08 INFO mapreduce.Job:  map 88% reduce 28%
20/06/17 21:21:12 INFO mapreduce.Job:  map 89% reduce 29%
20/06/17 21:21:13 INFO mapreduce.Job:  map 90% reduce 29%
20/06/17 21:21:16 INFO mapreduce.Job:  map 91% reduce 29%
20/06/17 21:21:19 INFO mapreduce.Job:  map 92% reduce 29%
20/06/17 21:21:21 INFO mapreduce.Job:  map 92% reduce 30%
20/06/17 21:21:22 INFO mapreduce.Job:  map 93% reduce 30%
20/06/17 21:21:24 INFO mapreduce.Job:  map 94% reduce 30%
20/06/17 21:21:27 INFO mapreduce.Job:  map 95% reduce 30%
20/06/17 21:21:28 INFO mapreduce.Job:  map 96% reduce 30%
20/06/17 21:21:30 INFO mapreduce.Job:  map 97% reduce 31%
20/06/17 21:21:33 INFO mapreduce.Job:  map 98% reduce 31%
20/06/17 21:21:34 INFO mapreduce.Job:  map 100% reduce 32%
20/06/17 21:21:37 INFO mapreduce.Job:  map 100% reduce 33%
20/06/17 21:21:40 INFO mapreduce.Job:  map 100% reduce 68%
20/06/17 21:21:43 INFO mapreduce.Job:  map 100% reduce 73%
20/06/17 21:21:46 INFO mapreduce.Job:  map 100% reduce 77%
20/06/17 21:21:49 INFO mapreduce.Job:  map 100% reduce 83%
20/06/17 21:21:52 INFO mapreduce.Job:  map 100% reduce 89%
20/06/17 21:21:55 INFO mapreduce.Job:  map 100% reduce 98%
20/06/17 21:21:56 INFO mapreduce.Job:  map 100% reduce 100%
20/06/17 21:21:57 INFO mapreduce.Job: Job job_1592394267532_0006 completed successfully
20/06/17 21:21:57 INFO mapreduce.Job: Counters: 51
	File System Counters
		FILE: Number of bytes read=1664983330
		FILE: Number of bytes written=2465674599
		FILE: Number of read operations=0
		FILE: Number of large read operations=0
		FILE: Number of write operations=0
		HDFS: Number of bytes read=11025668664
		HDFS: Number of bytes written=472954036
		HDFS: Number of read operations=273
		HDFS: Number of large read operations=0
		HDFS: Number of write operations=2
	Job Counters 
		Killed map tasks=1
		Launched map tasks=91
		Launched reduce tasks=1
		Data-local map tasks=85
		Rack-local map tasks=6
		Total time spent by all maps in occupied slots (ms)=3571165
		Total time spent by all reduces in occupied slots (ms)=363117
		Total time spent by all map tasks (ms)=3571165
		Total time spent by all reduce tasks (ms)=363117
		Total vcore-milliseconds taken by all map tasks=3571165
		Total vcore-milliseconds taken by all reduce tasks=363117
		Total megabyte-milliseconds taken by all map tasks=3656872960
		Total megabyte-milliseconds taken by all reduce tasks=371831808
	Map-Reduce Framework
		Map input records=1179594
		Map output records=1009901268
		Map output bytes=19265183218
		Map output materialized bytes=789509164
		Input split bytes=9630
		Combine input records=1034891965
		Combine output records=47597616
		Reduce input groups=9841803
		Reduce shuffle bytes=789509164
		Reduce input records=22606919
		Reduce output records=9841803
		Spilled Records=70882807
		Shuffled Maps =90
		Failed Shuffles=0
		Merged Map outputs=90
		GC time elapsed (ms)=66915
		CPU time spent (ms)=2103410
		Physical memory (bytes) snapshot=25104785408
		Virtual memory (bytes) snapshot=191977103360
		Total committed heap usage (bytes)=18935709696
	Shuffle Errors
		BAD_ID=0
		CONNECTION=0
		IO_ERROR=0
		WRONG_LENGTH=0
		WRONG_MAP=0
		WRONG_REDUCE=0
	File Input Format Counters 
		Bytes Read=11025659034
	File Output Format Counters 
		Bytes Written=472954036
20/06/17 21:21:57 INFO client.RMProxy: Connecting to ResourceManager at master/10.51.17.95:8032
20/06/17 21:21:57 INFO input.FileInputFormat: Total input paths to process : 1
20/06/17 21:21:57 INFO mapreduce.JobSubmitter: number of splits:4
20/06/17 21:21:57 INFO mapreduce.JobSubmitter: Submitting tokens for job: job_1592394267532_0007
20/06/17 21:21:57 INFO impl.YarnClientImpl: Submitted application application_1592394267532_0007
20/06/17 21:21:57 INFO mapreduce.Job: The url to track the job: http://master:8088/proxy/application_1592394267532_0007/
20/06/17 21:21:57 INFO mapreduce.Job: Running job: job_1592394267532_0007
20/06/17 21:22:06 INFO mapreduce.Job: Job job_1592394267532_0007 running in uber mode : false
20/06/17 21:22:06 INFO mapreduce.Job:  map 0% reduce 0%
20/06/17 21:22:16 INFO mapreduce.Job:  map 25% reduce 0%
20/06/17 21:22:18 INFO mapreduce.Job:  map 33% reduce 0%
20/06/17 21:22:19 INFO mapreduce.Job:  map 59% reduce 0%
20/06/17 21:22:21 INFO mapreduce.Job:  map 71% reduce 0%
20/06/17 21:22:22 INFO mapreduce.Job:  map 78% reduce 0%
20/06/17 21:22:24 INFO mapreduce.Job:  map 83% reduce 0%
20/06/17 21:22:25 INFO mapreduce.Job:  map 92% reduce 0%
20/06/17 21:22:27 INFO mapreduce.Job:  map 100% reduce 25%
20/06/17 21:22:30 INFO mapreduce.Job:  map 100% reduce 73%
20/06/17 21:22:33 INFO mapreduce.Job:  map 100% reduce 84%
20/06/17 21:22:36 INFO mapreduce.Job:  map 100% reduce 100%
20/06/17 21:22:37 INFO mapreduce.Job: Job job_1592394267532_0007 completed successfully
20/06/17 21:22:37 INFO mapreduce.Job: Counters: 50
	File System Counters
		FILE: Number of bytes read=754217147
		FILE: Number of bytes written=1164111403
		FILE: Number of read operations=0
		FILE: Number of large read operations=0
		FILE: Number of write operations=0
		HDFS: Number of bytes read=472959501
		HDFS: Number of bytes written=331204946
		HDFS: Number of read operations=19
		HDFS: Number of large read operations=0
		HDFS: Number of write operations=2
	Job Counters 
		Killed map tasks=1
		Launched map tasks=5
		Launched reduce tasks=1
		Data-local map tasks=5
		Total time spent by all maps in occupied slots (ms)=55142
		Total time spent by all reduces in occupied slots (ms)=17357
		Total time spent by all map tasks (ms)=55142
		Total time spent by all reduce tasks (ms)=17357
		Total vcore-milliseconds taken by all map tasks=55142
		Total vcore-milliseconds taken by all reduce tasks=17357
		Total megabyte-milliseconds taken by all map tasks=56465408
		Total megabyte-milliseconds taken by all reduce tasks=17773568
	Map-Reduce Framework
		Map input records=9841803
		Map output records=9841803
		Map output bytes=389598846
		Map output materialized bytes=409282476
		Input split bytes=504
		Combine input records=0
		Combine output records=0
		Reduce input groups=1244
		Reduce shuffle bytes=409282476
		Reduce input records=9841803
		Reduce output records=9841803
		Spilled Records=28647293
		Shuffled Maps =4
		Failed Shuffles=0
		Merged Map outputs=4
		GC time elapsed (ms)=1562
		CPU time spent (ms)=45230
		Physical memory (bytes) snapshot=1265659904
		Virtual memory (bytes) snapshot=10553024512
		Total committed heap usage (bytes)=939524096
	Shuffle Errors
		BAD_ID=0
		CONNECTION=0
		IO_ERROR=0
		WRONG_LENGTH=0
		WRONG_MAP=0
		WRONG_REDUCE=0
	File Input Format Counters 
		Bytes Read=472958997
	File Output Format Counters 
		Bytes Written=331204946
