20/06/08 05:33:43 INFO client.RMProxy: Connecting to ResourceManager at master/10.51.17.95:8032
20/06/08 05:33:44 INFO input.FileInputFormat: Total input paths to process : 16
20/06/08 05:33:44 INFO mapreduce.JobSubmitter: number of splits:16
20/06/08 05:33:44 INFO mapreduce.JobSubmitter: Submitting tokens for job: job_1591560692986_0008
20/06/08 05:33:44 INFO impl.YarnClientImpl: Submitted application application_1591560692986_0008
20/06/08 05:33:44 INFO mapreduce.Job: The url to track the job: http://master:8088/proxy/application_1591560692986_0008/
20/06/08 05:33:44 INFO mapreduce.Job: Running job: job_1591560692986_0008
20/06/08 05:33:49 INFO mapreduce.Job: Job job_1591560692986_0008 running in uber mode : false
20/06/08 05:33:49 INFO mapreduce.Job:  map 0% reduce 0%
20/06/08 05:34:03 INFO mapreduce.Job:  map 17% reduce 0%
20/06/08 05:34:04 INFO mapreduce.Job:  map 29% reduce 0%
20/06/08 05:34:05 INFO mapreduce.Job:  map 54% reduce 0%
20/06/08 05:34:06 INFO mapreduce.Job:  map 58% reduce 0%
20/06/08 05:34:55 INFO mapreduce.Job:  map 69% reduce 0%
20/06/08 05:34:56 INFO mapreduce.Job:  map 71% reduce 0%
20/06/08 05:35:03 INFO mapreduce.Job:  map 75% reduce 0%
20/06/08 05:35:04 INFO mapreduce.Job:  map 79% reduce 0%
20/06/08 05:35:06 INFO mapreduce.Job:  map 79% reduce 13%
20/06/08 05:35:13 INFO mapreduce.Job:  map 81% reduce 13%
20/06/08 05:35:14 INFO mapreduce.Job:  map 85% reduce 13%
20/06/08 05:35:15 INFO mapreduce.Job:  map 88% reduce 15%
20/06/08 05:35:16 INFO mapreduce.Job:  map 94% reduce 15%
20/06/08 05:35:17 INFO mapreduce.Job:  map 96% reduce 15%
20/06/08 05:35:18 INFO mapreduce.Job:  map 96% reduce 27%
20/06/08 05:35:21 INFO mapreduce.Job:  map 96% reduce 29%
20/06/08 05:35:26 INFO mapreduce.Job:  map 98% reduce 29%
20/06/08 05:35:27 INFO mapreduce.Job:  map 100% reduce 29%
20/06/08 05:35:28 INFO mapreduce.Job:  map 100% reduce 100%
20/06/08 05:35:28 INFO mapreduce.Job: Job job_1591560692986_0008 completed successfully
20/06/08 05:35:28 INFO mapreduce.Job: Counters: 50
	File System Counters
		FILE: Number of bytes read=358
		FILE: Number of bytes written=2094188
		FILE: Number of read operations=0
		FILE: Number of large read operations=0
		FILE: Number of write operations=0
		HDFS: Number of bytes read=4182
		HDFS: Number of bytes written=215
		HDFS: Number of read operations=67
		HDFS: Number of large read operations=0
		HDFS: Number of write operations=3
	Job Counters 
		Launched map tasks=16
		Launched reduce tasks=1
		Data-local map tasks=15
		Rack-local map tasks=1
		Total time spent by all maps in occupied slots (ms)=1121681
		Total time spent by all reduces in occupied slots (ms)=31575
		Total time spent by all map tasks (ms)=1121681
		Total time spent by all reduce tasks (ms)=31575
		Total vcore-milliseconds taken by all map tasks=1121681
		Total vcore-milliseconds taken by all reduce tasks=31575
		Total megabyte-milliseconds taken by all map tasks=1148601344
		Total megabyte-milliseconds taken by all reduce tasks=32332800
	Map-Reduce Framework
		Map input records=16
		Map output records=32
		Map output bytes=288
		Map output materialized bytes=448
		Input split bytes=2294
		Combine input records=0
		Combine output records=0
		Reduce input groups=2
		Reduce shuffle bytes=448
		Reduce input records=32
		Reduce output records=0
		Spilled Records=64
		Shuffled Maps =16
		Failed Shuffles=0
		Merged Map outputs=16
		GC time elapsed (ms)=9866
		CPU time spent (ms)=463560
		Physical memory (bytes) snapshot=4407930880
		Virtual memory (bytes) snapshot=35810865152
		Total committed heap usage (bytes)=3354918912
	Shuffle Errors
		BAD_ID=0
		CONNECTION=0
		IO_ERROR=0
		WRONG_LENGTH=0
		WRONG_MAP=0
		WRONG_REDUCE=0
	File Input Format Counters 
		Bytes Read=1888
	File Output Format Counters 
		Bytes Written=97
