20/06/13 00:05:23 INFO client.RMProxy: Connecting to ResourceManager at master/10.51.17.95:8032
20/06/13 00:05:24 INFO client.RMProxy: Connecting to ResourceManager at master/10.51.17.95:8032
20/06/13 00:05:24 INFO input.FileInputFormat: Total input paths to process : 10
20/06/13 00:05:24 INFO mapreduce.JobSubmitter: number of splits:80
20/06/13 00:05:25 INFO mapreduce.JobSubmitter: Submitting tokens for job: job_1591973494633_0004
20/06/13 00:05:25 INFO impl.YarnClientImpl: Submitted application application_1591973494633_0004
20/06/13 00:05:25 INFO mapreduce.Job: The url to track the job: http://master:8088/proxy/application_1591973494633_0004/
20/06/13 00:05:25 INFO mapreduce.Job: Running job: job_1591973494633_0004
20/06/13 00:05:39 INFO mapreduce.Job: Job job_1591973494633_0004 running in uber mode : false
20/06/13 00:05:39 INFO mapreduce.Job:  map 0% reduce 0%
20/06/13 00:05:51 INFO mapreduce.Job:  map 1% reduce 0%
20/06/13 00:05:52 INFO mapreduce.Job:  map 3% reduce 0%
20/06/13 00:05:53 INFO mapreduce.Job:  map 5% reduce 0%
20/06/13 00:05:54 INFO mapreduce.Job:  map 6% reduce 0%
20/06/13 00:05:55 INFO mapreduce.Job:  map 7% reduce 0%
20/06/13 00:05:56 INFO mapreduce.Job:  map 14% reduce 0%
20/06/13 00:05:57 INFO mapreduce.Job:  map 15% reduce 0%
20/06/13 00:06:00 INFO mapreduce.Job:  map 16% reduce 0%
20/06/13 00:06:02 INFO mapreduce.Job:  map 18% reduce 0%
20/06/13 00:06:05 INFO mapreduce.Job:  map 19% reduce 0%
20/06/13 00:06:09 INFO mapreduce.Job:  map 21% reduce 0%
20/06/13 00:06:13 INFO mapreduce.Job:  map 22% reduce 0%
20/06/13 00:06:16 INFO mapreduce.Job:  map 23% reduce 0%
20/06/13 00:06:17 INFO mapreduce.Job:  map 24% reduce 0%
20/06/13 00:06:18 INFO mapreduce.Job:  map 26% reduce 0%
20/06/13 00:06:20 INFO mapreduce.Job:  map 27% reduce 0%
20/06/13 00:06:21 INFO mapreduce.Job:  map 28% reduce 0%
20/06/13 00:06:22 INFO mapreduce.Job:  map 28% reduce 2%
20/06/13 00:06:25 INFO mapreduce.Job:  map 29% reduce 3%
20/06/13 00:06:26 INFO mapreduce.Job:  map 30% reduce 3%
20/06/13 00:06:31 INFO mapreduce.Job:  map 31% reduce 3%
20/06/13 00:06:36 INFO mapreduce.Job:  map 32% reduce 3%
20/06/13 00:06:41 INFO mapreduce.Job:  map 33% reduce 5%
20/06/13 00:06:44 INFO mapreduce.Job:  map 34% reduce 6%
20/06/13 00:06:49 INFO mapreduce.Job:  map 35% reduce 6%
20/06/13 00:06:53 INFO mapreduce.Job:  map 36% reduce 6%
20/06/13 00:06:55 INFO mapreduce.Job:  map 37% reduce 6%
20/06/13 00:06:57 INFO mapreduce.Job:  map 38% reduce 7%
20/06/13 00:07:00 INFO mapreduce.Job:  map 39% reduce 7%
20/06/13 00:07:02 INFO mapreduce.Job:  map 39% reduce 8%
20/06/13 00:07:04 INFO mapreduce.Job:  map 40% reduce 8%
20/06/13 00:07:05 INFO mapreduce.Job:  map 41% reduce 8%
20/06/13 00:07:08 INFO mapreduce.Job:  map 41% reduce 9%
20/06/13 00:07:10 INFO mapreduce.Job:  map 42% reduce 9%
20/06/13 00:07:14 INFO mapreduce.Job:  map 42% reduce 10%
20/06/13 00:07:21 INFO mapreduce.Job:  map 43% reduce 11%
20/06/13 00:07:22 INFO mapreduce.Job:  map 44% reduce 11%
20/06/13 00:07:26 INFO mapreduce.Job:  map 45% reduce 11%
20/06/13 00:07:28 INFO mapreduce.Job:  map 46% reduce 11%
20/06/13 00:07:32 INFO mapreduce.Job:  map 47% reduce 11%
20/06/13 00:07:34 INFO mapreduce.Job:  map 48% reduce 11%
20/06/13 00:07:36 INFO mapreduce.Job:  map 50% reduce 12%
20/06/13 00:07:39 INFO mapreduce.Job:  map 50% reduce 13%
20/06/13 00:07:42 INFO mapreduce.Job:  map 51% reduce 13%
20/06/13 00:07:47 INFO mapreduce.Job:  map 52% reduce 13%
20/06/13 00:07:49 INFO mapreduce.Job:  map 53% reduce 13%
20/06/13 00:07:53 INFO mapreduce.Job:  map 54% reduce 13%
20/06/13 00:07:55 INFO mapreduce.Job:  map 55% reduce 13%
20/06/13 00:07:56 INFO mapreduce.Job:  map 56% reduce 13%
20/06/13 00:07:58 INFO mapreduce.Job:  map 57% reduce 13%
20/06/13 00:07:59 INFO mapreduce.Job:  map 58% reduce 14%
20/06/13 00:08:02 INFO mapreduce.Job:  map 59% reduce 14%
20/06/13 00:08:03 INFO mapreduce.Job:  map 60% reduce 14%
20/06/13 00:08:05 INFO mapreduce.Job:  map 60% reduce 15%
20/06/13 00:08:08 INFO mapreduce.Job:  map 61% reduce 15%
20/06/13 00:08:15 INFO mapreduce.Job:  map 62% reduce 15%
20/06/13 00:08:22 INFO mapreduce.Job:  map 63% reduce 15%
20/06/13 00:08:27 INFO mapreduce.Job:  map 64% reduce 15%
20/06/13 00:08:29 INFO mapreduce.Job:  map 64% reduce 16%
20/06/13 00:08:33 INFO mapreduce.Job:  map 65% reduce 16%
20/06/13 00:08:34 INFO mapreduce.Job:  map 65% reduce 17%
20/06/13 00:08:38 INFO mapreduce.Job:  map 66% reduce 17%
20/06/13 00:08:40 INFO mapreduce.Job:  map 68% reduce 17%
20/06/13 00:08:42 INFO mapreduce.Job:  map 69% reduce 17%
20/06/13 00:08:43 INFO mapreduce.Job:  map 71% reduce 17%
20/06/13 00:08:46 INFO mapreduce.Job:  map 72% reduce 17%
20/06/13 00:08:48 INFO mapreduce.Job:  map 72% reduce 18%
20/06/13 00:08:49 INFO mapreduce.Job:  map 73% reduce 18%
20/06/13 00:08:53 INFO mapreduce.Job:  map 74% reduce 18%
20/06/13 00:08:54 INFO mapreduce.Job:  map 75% reduce 18%
20/06/13 00:08:55 INFO mapreduce.Job:  map 76% reduce 18%
20/06/13 00:08:56 INFO mapreduce.Job:  map 77% reduce 19%
20/06/13 00:09:00 INFO mapreduce.Job:  map 78% reduce 19%
20/06/13 00:09:03 INFO mapreduce.Job:  map 79% reduce 19%
20/06/13 00:09:04 INFO mapreduce.Job:  map 80% reduce 19%
20/06/13 00:09:06 INFO mapreduce.Job:  map 80% reduce 20%
20/06/13 00:09:10 INFO mapreduce.Job:  map 81% reduce 20%
20/06/13 00:09:14 INFO mapreduce.Job:  map 81% reduce 21%
20/06/13 00:09:17 INFO mapreduce.Job:  map 82% reduce 21%
20/06/13 00:09:19 INFO mapreduce.Job:  map 83% reduce 21%
20/06/13 00:09:24 INFO mapreduce.Job:  map 84% reduce 21%
20/06/13 00:09:27 INFO mapreduce.Job:  map 85% reduce 21%
20/06/13 00:09:28 INFO mapreduce.Job:  map 85% reduce 22%
20/06/13 00:09:35 INFO mapreduce.Job:  map 87% reduce 22%
20/06/13 00:09:36 INFO mapreduce.Job:  map 87% reduce 23%
20/06/13 00:09:40 INFO mapreduce.Job:  map 87% reduce 24%
20/06/13 00:09:44 INFO mapreduce.Job:  map 88% reduce 24%
20/06/13 00:09:48 INFO mapreduce.Job:  map 89% reduce 24%
20/06/13 00:09:51 INFO mapreduce.Job:  map 90% reduce 25%
20/06/13 00:09:53 INFO mapreduce.Job:  map 91% reduce 25%
20/06/13 00:09:55 INFO mapreduce.Job:  map 91% reduce 26%
20/06/13 00:09:56 INFO mapreduce.Job:  map 92% reduce 26%
20/06/13 00:09:57 INFO mapreduce.Job:  map 93% reduce 26%
20/06/13 00:10:01 INFO mapreduce.Job:  map 93% reduce 27%
20/06/13 00:10:04 INFO mapreduce.Job:  map 94% reduce 27%
20/06/13 00:10:08 INFO mapreduce.Job:  map 95% reduce 27%
20/06/13 00:10:09 INFO mapreduce.Job:  map 96% reduce 27%
20/06/13 00:10:10 INFO mapreduce.Job:  map 96% reduce 28%
20/06/13 00:10:11 INFO mapreduce.Job:  map 97% reduce 28%
20/06/13 00:10:12 INFO mapreduce.Job:  map 98% reduce 28%
20/06/13 00:10:13 INFO mapreduce.Job:  map 98% reduce 29%
20/06/13 00:10:21 INFO mapreduce.Job:  map 98% reduce 30%
20/06/13 00:10:31 INFO mapreduce.Job:  map 98% reduce 31%
20/06/13 00:10:34 INFO mapreduce.Job:  map 98% reduce 32%
20/06/13 00:10:37 INFO mapreduce.Job:  map 98% reduce 33%
20/06/13 00:10:48 INFO mapreduce.Job:  map 100% reduce 33%
20/06/13 00:10:51 INFO mapreduce.Job:  map 100% reduce 41%
20/06/13 00:10:52 INFO mapreduce.Job:  map 100% reduce 53%
20/06/13 00:10:53 INFO mapreduce.Job:  map 100% reduce 63%
20/06/13 00:10:54 INFO mapreduce.Job:  map 100% reduce 66%
20/06/13 00:10:55 INFO mapreduce.Job:  map 100% reduce 67%
20/06/13 00:10:57 INFO mapreduce.Job:  map 100% reduce 68%
20/06/13 00:10:58 INFO mapreduce.Job:  map 100% reduce 69%
20/06/13 00:11:02 INFO mapreduce.Job:  map 100% reduce 70%
20/06/13 00:11:04 INFO mapreduce.Job:  map 100% reduce 72%
20/06/13 00:11:05 INFO mapreduce.Job:  map 100% reduce 73%
20/06/13 00:11:07 INFO mapreduce.Job:  map 100% reduce 74%
20/06/13 00:11:10 INFO mapreduce.Job:  map 100% reduce 76%
20/06/13 00:11:12 INFO mapreduce.Job:  map 100% reduce 77%
20/06/13 00:11:14 INFO mapreduce.Job:  map 100% reduce 78%
20/06/13 00:11:16 INFO mapreduce.Job:  map 100% reduce 79%
20/06/13 00:11:18 INFO mapreduce.Job:  map 100% reduce 80%
20/06/13 00:11:19 INFO mapreduce.Job:  map 100% reduce 81%
20/06/13 00:11:21 INFO mapreduce.Job:  map 100% reduce 82%
20/06/13 00:11:22 INFO mapreduce.Job:  map 100% reduce 83%
20/06/13 00:11:24 INFO mapreduce.Job:  map 100% reduce 84%
20/06/13 00:11:25 INFO mapreduce.Job:  map 100% reduce 85%
20/06/13 00:11:27 INFO mapreduce.Job:  map 100% reduce 86%
20/06/13 00:11:28 INFO mapreduce.Job:  map 100% reduce 87%
20/06/13 00:11:31 INFO mapreduce.Job:  map 100% reduce 88%
20/06/13 00:11:32 INFO mapreduce.Job:  map 100% reduce 89%
20/06/13 00:11:34 INFO mapreduce.Job:  map 100% reduce 90%
20/06/13 00:11:35 INFO mapreduce.Job:  map 100% reduce 91%
20/06/13 00:11:36 INFO mapreduce.Job:  map 100% reduce 92%
20/06/13 00:11:38 INFO mapreduce.Job:  map 100% reduce 93%
20/06/13 00:11:39 INFO mapreduce.Job:  map 100% reduce 94%
20/06/13 00:11:42 INFO mapreduce.Job:  map 100% reduce 95%
20/06/13 00:11:45 INFO mapreduce.Job:  map 100% reduce 96%
20/06/13 00:11:47 INFO mapreduce.Job:  map 100% reduce 97%
20/06/13 00:11:48 INFO mapreduce.Job:  map 100% reduce 98%
20/06/13 00:11:49 INFO mapreduce.Job:  map 100% reduce 99%
20/06/13 00:11:50 INFO mapreduce.Job:  map 100% reduce 100%
20/06/13 00:11:52 INFO mapreduce.Job: Job job_1591973494633_0004 completed successfully
20/06/13 00:11:52 INFO mapreduce.Job: Counters: 51
	File System Counters
		FILE: Number of bytes read=31976746357
		FILE: Number of bytes written=42737318454
		FILE: Number of read operations=0
		FILE: Number of large read operations=0
		FILE: Number of write operations=0
		HDFS: Number of bytes read=10774065631
		HDFS: Number of bytes written=10772846758
		HDFS: Number of read operations=329
		HDFS: Number of large read operations=0
		HDFS: Number of write operations=6
	Job Counters 
		Killed map tasks=3
		Launched map tasks=83
		Launched reduce tasks=3
		Data-local map tasks=61
		Rack-local map tasks=22
		Total time spent by all maps in occupied slots (ms)=2976536
		Total time spent by all reduces in occupied slots (ms)=1001140
		Total time spent by all map tasks (ms)=2976536
		Total time spent by all reduce tasks (ms)=1001140
		Total vcore-milliseconds taken by all map tasks=2976536
		Total vcore-milliseconds taken by all reduce tasks=1001140
		Total megabyte-milliseconds taken by all map tasks=3047972864
		Total megabyte-milliseconds taken by all reduce tasks=1025167360
	Map-Reduce Framework
		Map input records=1022189
		Map output records=1022189
		Map output bytes=10745656258
		Map output materialized bytes=10751404222
		Input split bytes=9040
		Combine input records=0
		Combine output records=0
		Reduce input groups=1022189
		Reduce shuffle bytes=10751404222
		Reduce input records=1022189
		Reduce output records=1022189
		Spilled Records=4062256
		Shuffled Maps =240
		Failed Shuffles=0
		Merged Map outputs=240
		GC time elapsed (ms)=15069
		CPU time spent (ms)=261740
		Physical memory (bytes) snapshot=21895065600
		Virtual memory (bytes) snapshot=175120846848
		Total committed heap usage (bytes)=16170090496
	Shuffle Errors
		BAD_ID=0
		CONNECTION=0
		IO_ERROR=0
		WRONG_LENGTH=0
		WRONG_MAP=0
		WRONG_REDUCE=0
	File Input Format Counters 
		Bytes Read=10774056591
	File Output Format Counters 
		Bytes Written=10772846758
