20/06/08 05:40:59 INFO client.RMProxy: Connecting to ResourceManager at master/10.51.17.95:8032
20/06/08 05:41:00 INFO input.FileInputFormat: Total input paths to process : 10
20/06/08 05:41:00 INFO mapreduce.JobSubmitter: number of splits:90
20/06/08 05:41:00 INFO mapreduce.JobSubmitter: Submitting tokens for job: job_1591560692986_0012
20/06/08 05:41:00 INFO impl.YarnClientImpl: Submitted application application_1591560692986_0012
20/06/08 05:41:00 INFO mapreduce.Job: The url to track the job: http://master:8088/proxy/application_1591560692986_0012/
20/06/08 05:41:00 INFO mapreduce.Job: Running job: job_1591560692986_0012
20/06/08 05:41:07 INFO mapreduce.Job: Job job_1591560692986_0012 running in uber mode : false
20/06/08 05:41:07 INFO mapreduce.Job:  map 0% reduce 0%
20/06/08 05:41:22 INFO mapreduce.Job:  map 1% reduce 0%
20/06/08 05:41:23 INFO mapreduce.Job:  map 2% reduce 0%
20/06/08 05:41:24 INFO mapreduce.Job:  map 3% reduce 0%
20/06/08 05:41:31 INFO mapreduce.Job:  map 4% reduce 0%
20/06/08 05:41:39 INFO mapreduce.Job:  map 5% reduce 0%
20/06/08 05:41:40 INFO mapreduce.Job:  map 6% reduce 0%
20/06/08 05:41:48 INFO mapreduce.Job:  map 7% reduce 0%
20/06/08 05:41:52 INFO mapreduce.Job:  map 8% reduce 0%
20/06/08 05:41:58 INFO mapreduce.Job:  map 9% reduce 0%
20/06/08 05:42:01 INFO mapreduce.Job:  map 10% reduce 0%
20/06/08 05:42:03 INFO mapreduce.Job:  map 11% reduce 0%
20/06/08 05:42:04 INFO mapreduce.Job:  map 12% reduce 0%
20/06/08 05:42:12 INFO mapreduce.Job:  map 13% reduce 0%
20/06/08 05:42:16 INFO mapreduce.Job:  map 14% reduce 0%
20/06/08 05:42:18 INFO mapreduce.Job:  map 15% reduce 0%
20/06/08 05:42:19 INFO mapreduce.Job:  map 16% reduce 0%
20/06/08 05:42:22 INFO mapreduce.Job:  map 17% reduce 0%
20/06/08 05:42:26 INFO mapreduce.Job:  map 18% reduce 0%
20/06/08 05:42:33 INFO mapreduce.Job:  map 18% reduce 5%
20/06/08 05:42:34 INFO mapreduce.Job:  map 19% reduce 5%
20/06/08 05:42:36 INFO mapreduce.Job:  map 20% reduce 5%
20/06/08 05:42:43 INFO mapreduce.Job:  map 21% reduce 5%
20/06/08 05:42:46 INFO mapreduce.Job:  map 22% reduce 5%
20/06/08 05:42:51 INFO mapreduce.Job:  map 23% reduce 5%
20/06/08 05:42:54 INFO mapreduce.Job:  map 23% reduce 6%
20/06/08 05:42:55 INFO mapreduce.Job:  map 24% reduce 6%
20/06/08 05:42:56 INFO mapreduce.Job:  map 25% reduce 6%
20/06/08 05:43:00 INFO mapreduce.Job:  map 25% reduce 7%
20/06/08 05:43:01 INFO mapreduce.Job:  map 26% reduce 7%
20/06/08 05:43:06 INFO mapreduce.Job:  map 27% reduce 7%
20/06/08 05:43:09 INFO mapreduce.Job:  map 28% reduce 7%
20/06/08 05:43:18 INFO mapreduce.Job:  map 29% reduce 7%
20/06/08 05:43:21 INFO mapreduce.Job:  map 30% reduce 7%
20/06/08 05:43:22 INFO mapreduce.Job:  map 30% reduce 8%
20/06/08 05:43:23 INFO mapreduce.Job:  map 31% reduce 8%
20/06/08 05:43:25 INFO mapreduce.Job:  map 31% reduce 9%
20/06/08 05:43:27 INFO mapreduce.Job:  map 32% reduce 9%
20/06/08 05:43:30 INFO mapreduce.Job:  map 33% reduce 9%
20/06/08 05:43:32 INFO mapreduce.Job:  map 34% reduce 9%
20/06/08 05:43:34 INFO mapreduce.Job:  map 34% reduce 10%
20/06/08 05:43:38 INFO mapreduce.Job:  map 35% reduce 10%
20/06/08 05:43:44 INFO mapreduce.Job:  map 36% reduce 10%
20/06/08 05:43:47 INFO mapreduce.Job:  map 37% reduce 10%
20/06/08 05:43:48 INFO mapreduce.Job:  map 37% reduce 11%
20/06/08 05:43:49 INFO mapreduce.Job:  map 38% reduce 11%
20/06/08 05:43:53 INFO mapreduce.Job:  map 39% reduce 12%
20/06/08 05:43:59 INFO mapreduce.Job:  map 40% reduce 12%
20/06/08 05:44:02 INFO mapreduce.Job:  map 41% reduce 12%
20/06/08 05:44:06 INFO mapreduce.Job:  map 42% reduce 12%
20/06/08 05:44:12 INFO mapreduce.Job:  map 43% reduce 12%
20/06/08 05:44:15 INFO mapreduce.Job:  map 44% reduce 12%
20/06/08 05:44:21 INFO mapreduce.Job:  map 45% reduce 12%
20/06/08 05:44:24 INFO mapreduce.Job:  map 46% reduce 12%
20/06/08 05:44:25 INFO mapreduce.Job:  map 46% reduce 13%
20/06/08 05:44:27 INFO mapreduce.Job:  map 47% reduce 13%
20/06/08 05:44:28 INFO mapreduce.Job:  map 47% reduce 14%
20/06/08 05:44:30 INFO mapreduce.Job:  map 48% reduce 14%
20/06/08 05:44:35 INFO mapreduce.Job:  map 49% reduce 15%
20/06/08 05:44:38 INFO mapreduce.Job:  map 50% reduce 15%
20/06/08 05:44:41 INFO mapreduce.Job:  map 51% reduce 16%
20/06/08 05:44:44 INFO mapreduce.Job:  map 52% reduce 16%
20/06/08 05:44:50 INFO mapreduce.Job:  map 53% reduce 17%
20/06/08 05:44:53 INFO mapreduce.Job:  map 54% reduce 17%
20/06/08 05:44:59 INFO mapreduce.Job:  map 55% reduce 17%
20/06/08 05:45:03 INFO mapreduce.Job:  map 56% reduce 17%
20/06/08 05:45:07 INFO mapreduce.Job:  map 57% reduce 17%
20/06/08 05:45:11 INFO mapreduce.Job:  map 58% reduce 17%
20/06/08 05:45:18 INFO mapreduce.Job:  map 59% reduce 17%
20/06/08 05:45:22 INFO mapreduce.Job:  map 60% reduce 17%
20/06/08 05:45:27 INFO mapreduce.Job:  map 61% reduce 17%
20/06/08 05:45:29 INFO mapreduce.Job:  map 62% reduce 17%
20/06/08 05:45:30 INFO mapreduce.Job:  map 63% reduce 19%
20/06/08 05:45:33 INFO mapreduce.Job:  map 64% reduce 20%
20/06/08 05:45:35 INFO mapreduce.Job:  map 65% reduce 20%
20/06/08 05:45:36 INFO mapreduce.Job:  map 65% reduce 21%
20/06/08 05:45:40 INFO mapreduce.Job:  map 66% reduce 21%
20/06/08 05:45:46 INFO mapreduce.Job:  map 67% reduce 21%
20/06/08 05:45:48 INFO mapreduce.Job:  map 68% reduce 22%
20/06/08 05:45:51 INFO mapreduce.Job:  map 69% reduce 22%
20/06/08 05:45:59 INFO mapreduce.Job:  map 70% reduce 22%
20/06/08 05:46:03 INFO mapreduce.Job:  map 71% reduce 22%
20/06/08 05:46:08 INFO mapreduce.Job:  map 72% reduce 22%
20/06/08 05:46:12 INFO mapreduce.Job:  map 73% reduce 22%
20/06/08 05:46:19 INFO mapreduce.Job:  map 74% reduce 22%
20/06/08 05:46:20 INFO mapreduce.Job:  map 75% reduce 22%
20/06/08 05:46:24 INFO mapreduce.Job:  map 75% reduce 23%
20/06/08 05:46:27 INFO mapreduce.Job:  map 76% reduce 23%
20/06/08 05:46:29 INFO mapreduce.Job:  map 77% reduce 23%
20/06/08 05:46:30 INFO mapreduce.Job:  map 77% reduce 24%
20/06/08 05:46:31 INFO mapreduce.Job:  map 78% reduce 24%
20/06/08 05:46:33 INFO mapreduce.Job:  map 79% reduce 25%
20/06/08 05:46:37 INFO mapreduce.Job:  map 79% reduce 26%
20/06/08 05:46:38 INFO mapreduce.Job:  map 80% reduce 26%
20/06/08 05:46:41 INFO mapreduce.Job:  map 81% reduce 26%
20/06/08 05:46:42 INFO mapreduce.Job:  map 82% reduce 26%
20/06/08 05:46:46 INFO mapreduce.Job:  map 82% reduce 27%
20/06/08 05:46:47 INFO mapreduce.Job:  map 83% reduce 27%
20/06/08 05:46:48 INFO mapreduce.Job:  map 84% reduce 27%
20/06/08 05:46:52 INFO mapreduce.Job:  map 86% reduce 27%
20/06/08 05:46:55 INFO mapreduce.Job:  map 87% reduce 27%
20/06/08 05:46:58 INFO mapreduce.Job:  map 88% reduce 27%
20/06/08 05:46:59 INFO mapreduce.Job:  map 89% reduce 27%
20/06/08 05:47:01 INFO mapreduce.Job:  map 90% reduce 28%
20/06/08 05:47:04 INFO mapreduce.Job:  map 90% reduce 29%
20/06/08 05:47:05 INFO mapreduce.Job:  map 91% reduce 29%
20/06/08 05:47:08 INFO mapreduce.Job:  map 92% reduce 29%
20/06/08 05:47:11 INFO mapreduce.Job:  map 93% reduce 29%
20/06/08 05:47:13 INFO mapreduce.Job:  map 94% reduce 29%
20/06/08 05:47:16 INFO mapreduce.Job:  map 96% reduce 29%
20/06/08 05:47:17 INFO mapreduce.Job:  map 96% reduce 30%
20/06/08 05:47:19 INFO mapreduce.Job:  map 98% reduce 30%
20/06/08 05:47:20 INFO mapreduce.Job:  map 98% reduce 31%
20/06/08 05:47:26 INFO mapreduce.Job:  map 98% reduce 32%
20/06/08 05:47:27 INFO mapreduce.Job:  map 99% reduce 32%
20/06/08 05:47:28 INFO mapreduce.Job:  map 100% reduce 32%
20/06/08 05:47:29 INFO mapreduce.Job:  map 100% reduce 33%
20/06/08 05:47:32 INFO mapreduce.Job:  map 100% reduce 70%
20/06/08 05:47:35 INFO mapreduce.Job:  map 100% reduce 76%
20/06/08 05:47:38 INFO mapreduce.Job:  map 100% reduce 82%
20/06/08 05:47:41 INFO mapreduce.Job:  map 100% reduce 89%
20/06/08 05:47:44 INFO mapreduce.Job:  map 100% reduce 100%
20/06/08 05:47:44 INFO mapreduce.Job: Job job_1591560692986_0012 completed successfully
20/06/08 05:47:44 INFO mapreduce.Job: Counters: 51
	File System Counters
		FILE: Number of bytes read=1511792137
		FILE: Number of bytes written=2255052352
		FILE: Number of read operations=0
		FILE: Number of large read operations=0
		FILE: Number of write operations=0
		HDFS: Number of bytes read=11025834236
		HDFS: Number of bytes written=359968668
		HDFS: Number of read operations=273
		HDFS: Number of large read operations=0
		HDFS: Number of write operations=2
	Job Counters 
		Killed map tasks=1
		Launched map tasks=91
		Launched reduce tasks=1
		Data-local map tasks=89
		Rack-local map tasks=2
		Total time spent by all maps in occupied slots (ms)=4840944
		Total time spent by all reduces in occupied slots (ms)=323780
		Total time spent by all map tasks (ms)=4840944
		Total time spent by all reduce tasks (ms)=323780
		Total vcore-milliseconds taken by all map tasks=4840944
		Total vcore-milliseconds taken by all reduce tasks=323780
		Total megabyte-milliseconds taken by all map tasks=4957126656
		Total megabyte-milliseconds taken by all reduce tasks=331550720
	Map-Reduce Framework
		Map input records=266711
		Map output records=1008851601
		Map output bytes=15215898269
		Map output materialized bytes=732080571
		Input split bytes=10530
		Combine input records=1033622372
		Combine output records=47415359
		Reduce input groups=9907329
		Reduce shuffle bytes=732080571
		Reduce input records=22644588
		Reduce output records=9907329
		Spilled Records=70059947
		Shuffled Maps =90
		Failed Shuffles=0
		Merged Map outputs=90
		GC time elapsed (ms)=97521
		CPU time spent (ms)=1949110
		Physical memory (bytes) snapshot=25081573376
		Virtual memory (bytes) snapshot=191965683712
		Total committed heap usage (bytes)=18914738176
	Shuffle Errors
		BAD_ID=0
		CONNECTION=0
		IO_ERROR=0
		WRONG_LENGTH=0
		WRONG_MAP=0
		WRONG_REDUCE=0
	File Input Format Counters 
		Bytes Read=11025823706
	File Output Format Counters 
		Bytes Written=359968668
