20/06/09 07:53:32 INFO client.RMProxy: Connecting to ResourceManager at master/10.51.17.95:8032
20/06/09 07:53:33 INFO input.FileInputFormat: Total input paths to process : 10
20/06/09 07:53:33 INFO mapreduce.JobSubmitter: number of splits:90
20/06/09 07:53:33 INFO mapreduce.JobSubmitter: Submitting tokens for job: job_1591656144944_0005
20/06/09 07:53:33 INFO impl.YarnClientImpl: Submitted application application_1591656144944_0005
20/06/09 07:53:33 INFO mapreduce.Job: The url to track the job: http://master:8088/proxy/application_1591656144944_0005/
20/06/09 07:53:33 INFO mapreduce.Job: Running job: job_1591656144944_0005
20/06/09 07:53:41 INFO mapreduce.Job: Job job_1591656144944_0005 running in uber mode : false
20/06/09 07:53:41 INFO mapreduce.Job:  map 0% reduce 0%
20/06/09 07:53:55 INFO mapreduce.Job:  map 1% reduce 0%
20/06/09 07:53:56 INFO mapreduce.Job:  map 2% reduce 0%
20/06/09 07:54:00 INFO mapreduce.Job:  map 3% reduce 0%
20/06/09 07:54:09 INFO mapreduce.Job:  map 4% reduce 0%
20/06/09 07:54:12 INFO mapreduce.Job:  map 5% reduce 0%
20/06/09 07:54:20 INFO mapreduce.Job:  map 6% reduce 0%
20/06/09 07:54:22 INFO mapreduce.Job:  map 7% reduce 0%
20/06/09 07:54:26 INFO mapreduce.Job:  map 8% reduce 0%
20/06/09 07:54:32 INFO mapreduce.Job:  map 9% reduce 0%
20/06/09 07:54:35 INFO mapreduce.Job:  map 10% reduce 0%
20/06/09 07:54:37 INFO mapreduce.Job:  map 11% reduce 0%
20/06/09 07:54:41 INFO mapreduce.Job:  map 12% reduce 0%
20/06/09 07:54:45 INFO mapreduce.Job:  map 13% reduce 0%
20/06/09 07:54:52 INFO mapreduce.Job:  map 14% reduce 0%
20/06/09 07:54:54 INFO mapreduce.Job:  map 15% reduce 0%
20/06/09 07:54:55 INFO mapreduce.Job:  map 16% reduce 0%
20/06/09 07:54:58 INFO mapreduce.Job:  map 17% reduce 0%
20/06/09 07:55:04 INFO mapreduce.Job:  map 18% reduce 0%
20/06/09 07:55:08 INFO mapreduce.Job:  map 18% reduce 5%
20/06/09 07:55:09 INFO mapreduce.Job:  map 19% reduce 5%
20/06/09 07:55:13 INFO mapreduce.Job:  map 20% reduce 5%
20/06/09 07:55:19 INFO mapreduce.Job:  map 21% reduce 5%
20/06/09 07:55:23 INFO mapreduce.Job:  map 22% reduce 5%
20/06/09 07:55:26 INFO mapreduce.Job:  map 22% reduce 6%
20/06/09 07:55:28 INFO mapreduce.Job:  map 23% reduce 6%
20/06/09 07:55:32 INFO mapreduce.Job:  map 24% reduce 6%
20/06/09 07:55:34 INFO mapreduce.Job:  map 25% reduce 6%
20/06/09 07:55:36 INFO mapreduce.Job:  map 25% reduce 7%
20/06/09 07:55:37 INFO mapreduce.Job:  map 26% reduce 7%
20/06/09 07:55:44 INFO mapreduce.Job:  map 27% reduce 7%
20/06/09 07:55:48 INFO mapreduce.Job:  map 28% reduce 7%
20/06/09 07:55:51 INFO mapreduce.Job:  map 29% reduce 8%
20/06/09 07:55:57 INFO mapreduce.Job:  map 30% reduce 8%
20/06/09 07:55:59 INFO mapreduce.Job:  map 31% reduce 8%
20/06/09 07:56:00 INFO mapreduce.Job:  map 31% reduce 9%
20/06/09 07:56:03 INFO mapreduce.Job:  map 32% reduce 9%
20/06/09 07:56:05 INFO mapreduce.Job:  map 33% reduce 9%
20/06/09 07:56:09 INFO mapreduce.Job:  map 33% reduce 10%
20/06/09 07:56:11 INFO mapreduce.Job:  map 34% reduce 10%
20/06/09 07:56:17 INFO mapreduce.Job:  map 35% reduce 10%
20/06/09 07:56:20 INFO mapreduce.Job:  map 36% reduce 10%
20/06/09 07:56:23 INFO mapreduce.Job:  map 37% reduce 10%
20/06/09 07:56:27 INFO mapreduce.Job:  map 38% reduce 10%
20/06/09 07:56:28 INFO mapreduce.Job:  map 38% reduce 11%
20/06/09 07:56:32 INFO mapreduce.Job:  map 39% reduce 11%
20/06/09 07:56:34 INFO mapreduce.Job:  map 40% reduce 12%
20/06/09 07:56:40 INFO mapreduce.Job:  map 41% reduce 12%
20/06/09 07:56:44 INFO mapreduce.Job:  map 42% reduce 12%
20/06/09 07:56:50 INFO mapreduce.Job:  map 43% reduce 12%
20/06/09 07:56:54 INFO mapreduce.Job:  map 44% reduce 12%
20/06/09 07:56:55 INFO mapreduce.Job:  map 44% reduce 13%
20/06/09 07:57:01 INFO mapreduce.Job:  map 45% reduce 13%
20/06/09 07:57:03 INFO mapreduce.Job:  map 46% reduce 13%
20/06/09 07:57:07 INFO mapreduce.Job:  map 47% reduce 13%
20/06/09 07:57:10 INFO mapreduce.Job:  map 48% reduce 14%
20/06/09 07:57:12 INFO mapreduce.Job:  map 49% reduce 14%
20/06/09 07:57:13 INFO mapreduce.Job:  map 49% reduce 15%
20/06/09 07:57:15 INFO mapreduce.Job:  map 50% reduce 15%
20/06/09 07:57:16 INFO mapreduce.Job:  map 50% reduce 16%
20/06/09 07:57:21 INFO mapreduce.Job:  map 51% reduce 16%
20/06/09 07:57:24 INFO mapreduce.Job:  map 52% reduce 16%
20/06/09 07:57:26 INFO mapreduce.Job:  map 53% reduce 16%
20/06/09 07:57:28 INFO mapreduce.Job:  map 53% reduce 17%
20/06/09 07:57:33 INFO mapreduce.Job:  map 54% reduce 17%
20/06/09 07:57:36 INFO mapreduce.Job:  map 55% reduce 17%
20/06/09 07:57:43 INFO mapreduce.Job:  map 56% reduce 17%
20/06/09 07:57:47 INFO mapreduce.Job:  map 57% reduce 17%
20/06/09 07:57:52 INFO mapreduce.Job:  map 58% reduce 17%
20/06/09 07:57:58 INFO mapreduce.Job:  map 59% reduce 17%
20/06/09 07:58:01 INFO mapreduce.Job:  map 60% reduce 17%
20/06/09 07:58:05 INFO mapreduce.Job:  map 61% reduce 18%
20/06/09 07:58:07 INFO mapreduce.Job:  map 62% reduce 18%
20/06/09 07:58:11 INFO mapreduce.Job:  map 62% reduce 19%
20/06/09 07:58:12 INFO mapreduce.Job:  map 63% reduce 19%
20/06/09 07:58:17 INFO mapreduce.Job:  map 64% reduce 19%
20/06/09 07:58:18 INFO mapreduce.Job:  map 64% reduce 20%
20/06/09 07:58:19 INFO mapreduce.Job:  map 65% reduce 20%
20/06/09 07:58:21 INFO mapreduce.Job:  map 66% reduce 21%
20/06/09 07:58:26 INFO mapreduce.Job:  map 67% reduce 21%
20/06/09 07:58:29 INFO mapreduce.Job:  map 67% reduce 22%
20/06/09 07:58:30 INFO mapreduce.Job:  map 68% reduce 22%
20/06/09 07:58:35 INFO mapreduce.Job:  map 69% reduce 22%
20/06/09 07:58:40 INFO mapreduce.Job:  map 70% reduce 22%
20/06/09 07:58:45 INFO mapreduce.Job:  map 71% reduce 22%
20/06/09 07:58:50 INFO mapreduce.Job:  map 72% reduce 22%
20/06/09 07:58:56 INFO mapreduce.Job:  map 73% reduce 22%
20/06/09 07:58:58 INFO mapreduce.Job:  map 74% reduce 22%
20/06/09 07:59:02 INFO mapreduce.Job:  map 75% reduce 22%
20/06/09 07:59:03 INFO mapreduce.Job:  map 75% reduce 23%
20/06/09 07:59:06 INFO mapreduce.Job:  map 76% reduce 23%
20/06/09 07:59:10 INFO mapreduce.Job:  map 77% reduce 23%
20/06/09 07:59:12 INFO mapreduce.Job:  map 77% reduce 24%
20/06/09 07:59:15 INFO mapreduce.Job:  map 78% reduce 24%
20/06/09 07:59:17 INFO mapreduce.Job:  map 79% reduce 24%
20/06/09 07:59:18 INFO mapreduce.Job:  map 80% reduce 25%
20/06/09 07:59:21 INFO mapreduce.Job:  map 80% reduce 26%
20/06/09 07:59:23 INFO mapreduce.Job:  map 81% reduce 26%
20/06/09 07:59:26 INFO mapreduce.Job:  map 82% reduce 26%
20/06/09 07:59:27 INFO mapreduce.Job:  map 82% reduce 27%
20/06/09 07:59:30 INFO mapreduce.Job:  map 83% reduce 27%
20/06/09 07:59:32 INFO mapreduce.Job:  map 84% reduce 27%
20/06/09 07:59:36 INFO mapreduce.Job:  map 86% reduce 27%
20/06/09 07:59:37 INFO mapreduce.Job:  map 87% reduce 27%
20/06/09 07:59:42 INFO mapreduce.Job:  map 88% reduce 27%
20/06/09 07:59:43 INFO mapreduce.Job:  map 89% reduce 28%
20/06/09 07:59:45 INFO mapreduce.Job:  map 90% reduce 28%
20/06/09 07:59:46 INFO mapreduce.Job:  map 90% reduce 29%
20/06/09 07:59:49 INFO mapreduce.Job:  map 91% reduce 29%
20/06/09 07:59:52 INFO mapreduce.Job:  map 92% reduce 29%
20/06/09 07:59:54 INFO mapreduce.Job:  map 94% reduce 29%
20/06/09 07:59:56 INFO mapreduce.Job:  map 95% reduce 29%
20/06/09 07:59:57 INFO mapreduce.Job:  map 96% reduce 29%
20/06/09 07:59:58 INFO mapreduce.Job:  map 96% reduce 30%
20/06/09 07:59:59 INFO mapreduce.Job:  map 97% reduce 30%
20/06/09 08:00:01 INFO mapreduce.Job:  map 97% reduce 31%
20/06/09 08:00:04 INFO mapreduce.Job:  map 98% reduce 31%
20/06/09 08:00:07 INFO mapreduce.Job:  map 98% reduce 32%
20/06/09 08:00:09 INFO mapreduce.Job:  map 99% reduce 32%
20/06/09 08:00:12 INFO mapreduce.Job:  map 100% reduce 32%
20/06/09 08:00:13 INFO mapreduce.Job:  map 100% reduce 33%
20/06/09 08:00:16 INFO mapreduce.Job:  map 100% reduce 70%
20/06/09 08:00:19 INFO mapreduce.Job:  map 100% reduce 76%
20/06/09 08:00:22 INFO mapreduce.Job:  map 100% reduce 81%
20/06/09 08:00:25 INFO mapreduce.Job:  map 100% reduce 87%
20/06/09 08:00:28 INFO mapreduce.Job:  map 100% reduce 95%
20/06/09 08:00:30 INFO mapreduce.Job:  map 100% reduce 100%
20/06/09 08:00:30 INFO mapreduce.Job: Job job_1591656144944_0005 completed successfully
20/06/09 08:00:30 INFO mapreduce.Job: Counters: 50
	File System Counters
		FILE: Number of bytes read=1654978350
		FILE: Number of bytes written=2450725737
		FILE: Number of read operations=0
		FILE: Number of large read operations=0
		FILE: Number of write operations=0
		HDFS: Number of bytes read=11025403485
		HDFS: Number of bytes written=468675815
		HDFS: Number of read operations=273
		HDFS: Number of large read operations=0
		HDFS: Number of write operations=2
	Job Counters 
		Killed map tasks=1
		Launched map tasks=91
		Launched reduce tasks=1
		Data-local map tasks=91
		Total time spent by all maps in occupied slots (ms)=4958978
		Total time spent by all reduces in occupied slots (ms)=334994
		Total time spent by all map tasks (ms)=4958978
		Total time spent by all reduce tasks (ms)=334994
		Total vcore-milliseconds taken by all map tasks=4958978
		Total vcore-milliseconds taken by all reduce tasks=334994
		Total megabyte-milliseconds taken by all map tasks=5077993472
		Total megabyte-milliseconds taken by all reduce tasks=343033856
	Map-Reduce Framework
		Map input records=723027
		Map output records=1009899155
		Map output bytes=19261483286
		Map output materialized bytes=784536981
		Input split bytes=10530
		Combine input records=1034884660
		Combine output records=47586328
		Reduce input groups=9838490
		Reduce shuffle bytes=784536981
		Reduce input records=22600823
		Reduce output records=9838490
		Spilled Records=70866072
		Shuffled Maps =90
		Failed Shuffles=0
		Merged Map outputs=90
		GC time elapsed (ms)=105444
		CPU time spent (ms)=2005510
		Physical memory (bytes) snapshot=25142566912
		Virtual memory (bytes) snapshot=191941943296
		Total committed heap usage (bytes)=18934661120
	Shuffle Errors
		BAD_ID=0
		CONNECTION=0
		IO_ERROR=0
		WRONG_LENGTH=0
		WRONG_MAP=0
		WRONG_REDUCE=0
	File Input Format Counters 
		Bytes Read=11025392955
	File Output Format Counters 
		Bytes Written=468675815
20/06/09 08:00:30 INFO client.RMProxy: Connecting to ResourceManager at master/10.51.17.95:8032
20/06/09 08:00:30 INFO input.FileInputFormat: Total input paths to process : 1
20/06/09 08:00:30 INFO mapreduce.JobSubmitter: number of splits:4
20/06/09 08:00:30 INFO mapreduce.JobSubmitter: Submitting tokens for job: job_1591656144944_0006
20/06/09 08:00:30 INFO impl.YarnClientImpl: Submitted application application_1591656144944_0006
20/06/09 08:00:30 INFO mapreduce.Job: The url to track the job: http://master:8088/proxy/application_1591656144944_0006/
20/06/09 08:00:30 INFO mapreduce.Job: Running job: job_1591656144944_0006
20/06/09 08:00:40 INFO mapreduce.Job: Job job_1591656144944_0006 running in uber mode : false
20/06/09 08:00:40 INFO mapreduce.Job:  map 0% reduce 0%
20/06/09 08:00:50 INFO mapreduce.Job:  map 25% reduce 0%
20/06/09 08:00:52 INFO mapreduce.Job:  map 62% reduce 0%
20/06/09 08:00:53 INFO mapreduce.Job:  map 70% reduce 0%
20/06/09 08:00:55 INFO mapreduce.Job:  map 82% reduce 0%
20/06/09 08:00:57 INFO mapreduce.Job:  map 89% reduce 0%
20/06/09 08:00:58 INFO mapreduce.Job:  map 100% reduce 0%
20/06/09 08:01:02 INFO mapreduce.Job:  map 100% reduce 77%
20/06/09 08:01:05 INFO mapreduce.Job:  map 100% reduce 94%
20/06/09 08:01:07 INFO mapreduce.Job:  map 100% reduce 100%
20/06/09 08:01:07 INFO mapreduce.Job: Job job_1591656144944_0006 completed successfully
20/06/09 08:01:07 INFO mapreduce.Job: Counters: 50
	File System Counters
		FILE: Number of bytes read=749827135
		FILE: Number of bytes written=1155504383
		FILE: Number of read operations=0
		FILE: Number of large read operations=0
		FILE: Number of write operations=0
		HDFS: Number of bytes read=468679854
		HDFS: Number of bytes written=327012595
		HDFS: Number of read operations=19
		HDFS: Number of large read operations=0
		HDFS: Number of write operations=2
	Job Counters 
		Killed map tasks=1
		Launched map tasks=5
		Launched reduce tasks=1
		Data-local map tasks=5
		Total time spent by all maps in occupied slots (ms)=51469
		Total time spent by all reduces in occupied slots (ms)=13605
		Total time spent by all map tasks (ms)=51469
		Total time spent by all reduce tasks (ms)=13605
		Total vcore-milliseconds taken by all map tasks=51469
		Total vcore-milliseconds taken by all reduce tasks=13605
		Total megabyte-milliseconds taken by all map tasks=52704256
		Total megabyte-milliseconds taken by all reduce tasks=13931520
	Map-Reduce Framework
		Map input records=9838490
		Map output records=9838490
		Map output bytes=385386909
		Map output materialized bytes=405063913
		Input split bytes=508
		Combine input records=0
		Combine output records=0
		Reduce input groups=1250
		Reduce shuffle bytes=405063913
		Reduce input records=9838490
		Reduce output records=9838490
		Spilled Records=28668694
		Shuffled Maps =4
		Failed Shuffles=0
		Merged Map outputs=4
		GC time elapsed (ms)=1461
		CPU time spent (ms)=41080
		Physical memory (bytes) snapshot=1279275008
		Virtual memory (bytes) snapshot=10546761728
		Total committed heap usage (bytes)=937951232
	Shuffle Errors
		BAD_ID=0
		CONNECTION=0
		IO_ERROR=0
		WRONG_LENGTH=0
		WRONG_MAP=0
		WRONG_REDUCE=0
	File Input Format Counters 
		Bytes Read=468679346
	File Output Format Counters 
		Bytes Written=327012595
