20/06/09 08:02:48 INFO client.RMProxy: Connecting to ResourceManager at master/10.51.17.95:8032
20/06/09 08:02:48 INFO input.FileInputFormat: Total input paths to process : 10
20/06/09 08:02:48 INFO mapreduce.JobSubmitter: number of splits:90
20/06/09 08:02:48 INFO mapreduce.JobSubmitter: Submitting tokens for job: job_1591656144944_0008
20/06/09 08:02:48 INFO impl.YarnClientImpl: Submitted application application_1591656144944_0008
20/06/09 08:02:48 INFO mapreduce.Job: The url to track the job: http://master:8088/proxy/application_1591656144944_0008/
20/06/09 08:02:48 INFO mapreduce.Job: Running job: job_1591656144944_0008
20/06/09 08:02:56 INFO mapreduce.Job: Job job_1591656144944_0008 running in uber mode : false
20/06/09 08:02:56 INFO mapreduce.Job:  map 0% reduce 0%
20/06/09 08:03:11 INFO mapreduce.Job:  map 1% reduce 0%
20/06/09 08:03:12 INFO mapreduce.Job:  map 2% reduce 0%
20/06/09 08:03:17 INFO mapreduce.Job:  map 3% reduce 0%
20/06/09 08:03:24 INFO mapreduce.Job:  map 4% reduce 0%
20/06/09 08:03:28 INFO mapreduce.Job:  map 5% reduce 0%
20/06/09 08:03:32 INFO mapreduce.Job:  map 6% reduce 0%
20/06/09 08:03:38 INFO mapreduce.Job:  map 7% reduce 0%
20/06/09 08:03:41 INFO mapreduce.Job:  map 8% reduce 0%
20/06/09 08:03:48 INFO mapreduce.Job:  map 9% reduce 0%
20/06/09 08:03:50 INFO mapreduce.Job:  map 10% reduce 0%
20/06/09 08:03:55 INFO mapreduce.Job:  map 11% reduce 0%
20/06/09 08:03:57 INFO mapreduce.Job:  map 12% reduce 0%
20/06/09 08:04:01 INFO mapreduce.Job:  map 13% reduce 0%
20/06/09 08:04:07 INFO mapreduce.Job:  map 14% reduce 0%
20/06/09 08:04:08 INFO mapreduce.Job:  map 15% reduce 0%
20/06/09 08:04:10 INFO mapreduce.Job:  map 16% reduce 0%
20/06/09 08:04:12 INFO mapreduce.Job:  map 17% reduce 0%
20/06/09 08:04:18 INFO mapreduce.Job:  map 18% reduce 0%
20/06/09 08:04:23 INFO mapreduce.Job:  map 19% reduce 0%
20/06/09 08:04:25 INFO mapreduce.Job:  map 19% reduce 5%
20/06/09 08:04:29 INFO mapreduce.Job:  map 20% reduce 5%
20/06/09 08:04:35 INFO mapreduce.Job:  map 21% reduce 5%
20/06/09 08:04:40 INFO mapreduce.Job:  map 22% reduce 5%
20/06/09 08:04:42 INFO mapreduce.Job:  map 23% reduce 5%
20/06/09 08:04:44 INFO mapreduce.Job:  map 23% reduce 6%
20/06/09 08:04:45 INFO mapreduce.Job:  map 24% reduce 6%
20/06/09 08:04:51 INFO mapreduce.Job:  map 25% reduce 6%
20/06/09 08:04:53 INFO mapreduce.Job:  map 25% reduce 7%
20/06/09 08:04:54 INFO mapreduce.Job:  map 26% reduce 7%
20/06/09 08:04:57 INFO mapreduce.Job:  map 27% reduce 7%
20/06/09 08:05:03 INFO mapreduce.Job:  map 28% reduce 7%
20/06/09 08:05:08 INFO mapreduce.Job:  map 29% reduce 7%
20/06/09 08:05:11 INFO mapreduce.Job:  map 30% reduce 8%
20/06/09 08:05:15 INFO mapreduce.Job:  map 31% reduce 8%
20/06/09 08:05:17 INFO mapreduce.Job:  map 31% reduce 9%
20/06/09 08:05:19 INFO mapreduce.Job:  map 32% reduce 9%
20/06/09 08:05:20 INFO mapreduce.Job:  map 32% reduce 10%
20/06/09 08:05:22 INFO mapreduce.Job:  map 33% reduce 10%
20/06/09 08:05:26 INFO mapreduce.Job:  map 34% reduce 10%
20/06/09 08:05:32 INFO mapreduce.Job:  map 35% reduce 10%
20/06/09 08:05:35 INFO mapreduce.Job:  map 36% reduce 10%
20/06/09 08:05:39 INFO mapreduce.Job:  map 37% reduce 10%
20/06/09 08:05:41 INFO mapreduce.Job:  map 37% reduce 11%
20/06/09 08:05:42 INFO mapreduce.Job:  map 38% reduce 11%
20/06/09 08:05:47 INFO mapreduce.Job:  map 39% reduce 11%
20/06/09 08:05:50 INFO mapreduce.Job:  map 39% reduce 12%
20/06/09 08:05:51 INFO mapreduce.Job:  map 40% reduce 12%
20/06/09 08:05:56 INFO mapreduce.Job:  map 41% reduce 12%
20/06/09 08:06:00 INFO mapreduce.Job:  map 42% reduce 12%
20/06/09 08:06:07 INFO mapreduce.Job:  map 43% reduce 12%
20/06/09 08:06:09 INFO mapreduce.Job:  map 44% reduce 13%
20/06/09 08:06:16 INFO mapreduce.Job:  map 45% reduce 13%
20/06/09 08:06:19 INFO mapreduce.Job:  map 46% reduce 13%
20/06/09 08:06:20 INFO mapreduce.Job:  map 47% reduce 13%
20/06/09 08:06:21 INFO mapreduce.Job:  map 47% reduce 14%
20/06/09 08:06:26 INFO mapreduce.Job:  map 48% reduce 14%
20/06/09 08:06:29 INFO mapreduce.Job:  map 49% reduce 14%
20/06/09 08:06:30 INFO mapreduce.Job:  map 49% reduce 15%
20/06/09 08:06:32 INFO mapreduce.Job:  map 50% reduce 15%
20/06/09 08:06:37 INFO mapreduce.Job:  map 51% reduce 16%
20/06/09 08:06:40 INFO mapreduce.Job:  map 52% reduce 16%
20/06/09 08:06:43 INFO mapreduce.Job:  map 52% reduce 17%
20/06/09 08:06:45 INFO mapreduce.Job:  map 53% reduce 17%
20/06/09 08:06:49 INFO mapreduce.Job:  map 54% reduce 17%
20/06/09 08:06:54 INFO mapreduce.Job:  map 55% reduce 17%
20/06/09 08:06:58 INFO mapreduce.Job:  map 56% reduce 17%
20/06/09 08:07:03 INFO mapreduce.Job:  map 57% reduce 17%
20/06/09 08:07:09 INFO mapreduce.Job:  map 58% reduce 17%
20/06/09 08:07:10 INFO mapreduce.Job:  map 59% reduce 17%
20/06/09 08:07:17 INFO mapreduce.Job:  map 60% reduce 17%
20/06/09 08:07:22 INFO mapreduce.Job:  map 61% reduce 17%
20/06/09 08:07:23 INFO mapreduce.Job:  map 62% reduce 18%
20/06/09 08:07:26 INFO mapreduce.Job:  map 62% reduce 19%
20/06/09 08:07:27 INFO mapreduce.Job:  map 63% reduce 19%
20/06/09 08:07:29 INFO mapreduce.Job:  map 63% reduce 20%
20/06/09 08:07:30 INFO mapreduce.Job:  map 64% reduce 20%
20/06/09 08:07:33 INFO mapreduce.Job:  map 65% reduce 20%
20/06/09 08:07:35 INFO mapreduce.Job:  map 65% reduce 21%
20/06/09 08:07:36 INFO mapreduce.Job:  map 66% reduce 21%
20/06/09 08:07:41 INFO mapreduce.Job:  map 67% reduce 21%
20/06/09 08:07:45 INFO mapreduce.Job:  map 68% reduce 21%
20/06/09 08:07:50 INFO mapreduce.Job:  map 69% reduce 21%
20/06/09 08:07:53 INFO mapreduce.Job:  map 69% reduce 22%
20/06/09 08:07:54 INFO mapreduce.Job:  map 70% reduce 22%
20/06/09 08:07:59 INFO mapreduce.Job:  map 71% reduce 22%
20/06/09 08:08:04 INFO mapreduce.Job:  map 72% reduce 22%
20/06/09 08:08:11 INFO mapreduce.Job:  map 73% reduce 22%
20/06/09 08:08:12 INFO mapreduce.Job:  map 74% reduce 22%
20/06/09 08:08:15 INFO mapreduce.Job:  map 74% reduce 23%
20/06/09 08:08:17 INFO mapreduce.Job:  map 75% reduce 23%
20/06/09 08:08:21 INFO mapreduce.Job:  map 76% reduce 23%
20/06/09 08:08:25 INFO mapreduce.Job:  map 77% reduce 23%
20/06/09 08:08:28 INFO mapreduce.Job:  map 78% reduce 23%
20/06/09 08:08:30 INFO mapreduce.Job:  map 79% reduce 24%
20/06/09 08:08:33 INFO mapreduce.Job:  map 79% reduce 25%
20/06/09 08:08:34 INFO mapreduce.Job:  map 80% reduce 25%
20/06/09 08:08:36 INFO mapreduce.Job:  map 80% reduce 26%
20/06/09 08:08:38 INFO mapreduce.Job:  map 81% reduce 26%
20/06/09 08:08:41 INFO mapreduce.Job:  map 82% reduce 26%
20/06/09 08:08:45 INFO mapreduce.Job:  map 83% reduce 26%
20/06/09 08:08:47 INFO mapreduce.Job:  map 84% reduce 26%
20/06/09 08:08:49 INFO mapreduce.Job:  map 84% reduce 27%
20/06/09 08:08:51 INFO mapreduce.Job:  map 85% reduce 27%
20/06/09 08:08:53 INFO mapreduce.Job:  map 86% reduce 27%
20/06/09 08:08:54 INFO mapreduce.Job:  map 87% reduce 27%
20/06/09 08:08:58 INFO mapreduce.Job:  map 89% reduce 27%
20/06/09 08:09:00 INFO mapreduce.Job:  map 89% reduce 28%
20/06/09 08:09:02 INFO mapreduce.Job:  map 90% reduce 28%
20/06/09 08:09:03 INFO mapreduce.Job:  map 90% reduce 29%
20/06/09 08:09:06 INFO mapreduce.Job:  map 91% reduce 29%
20/06/09 08:09:08 INFO mapreduce.Job:  map 92% reduce 29%
20/06/09 08:09:09 INFO mapreduce.Job:  map 93% reduce 29%
20/06/09 08:09:11 INFO mapreduce.Job:  map 94% reduce 29%
20/06/09 08:09:12 INFO mapreduce.Job:  map 95% reduce 30%
20/06/09 08:09:13 INFO mapreduce.Job:  map 96% reduce 30%
20/06/09 08:09:15 INFO mapreduce.Job:  map 97% reduce 30%
20/06/09 08:09:18 INFO mapreduce.Job:  map 98% reduce 31%
20/06/09 08:09:19 INFO mapreduce.Job:  map 99% reduce 31%
20/06/09 08:09:21 INFO mapreduce.Job:  map 99% reduce 32%
20/06/09 08:09:24 INFO mapreduce.Job:  map 100% reduce 32%
20/06/09 08:09:25 INFO mapreduce.Job:  map 100% reduce 33%
20/06/09 08:09:28 INFO mapreduce.Job:  map 100% reduce 70%
20/06/09 08:09:31 INFO mapreduce.Job:  map 100% reduce 76%
20/06/09 08:09:34 INFO mapreduce.Job:  map 100% reduce 81%
20/06/09 08:09:37 INFO mapreduce.Job:  map 100% reduce 87%
20/06/09 08:09:40 INFO mapreduce.Job:  map 100% reduce 95%
20/06/09 08:09:41 INFO mapreduce.Job:  map 100% reduce 100%
20/06/09 08:09:42 INFO mapreduce.Job: Job job_1591656144944_0008 completed successfully
20/06/09 08:09:42 INFO mapreduce.Job: Counters: 50
	File System Counters
		FILE: Number of bytes read=1673317491
		FILE: Number of bytes written=2478231924
		FILE: Number of read operations=0
		FILE: Number of large read operations=0
		FILE: Number of write operations=0
		HDFS: Number of bytes read=11024833817
		HDFS: Number of bytes written=476603143
		HDFS: Number of read operations=273
		HDFS: Number of large read operations=0
		HDFS: Number of write operations=2
	Job Counters 
		Killed map tasks=1
		Launched map tasks=91
		Launched reduce tasks=1
		Data-local map tasks=91
		Total time spent by all maps in occupied slots (ms)=4935218
		Total time spent by all reduces in occupied slots (ms)=330100
		Total time spent by all map tasks (ms)=4935218
		Total time spent by all reduce tasks (ms)=330100
		Total vcore-milliseconds taken by all map tasks=4935218
		Total vcore-milliseconds taken by all reduce tasks=330100
		Total megabyte-milliseconds taken by all map tasks=5053663232
		Total megabyte-milliseconds taken by all reduce tasks=338022400
	Map-Reduce Framework
		Map input records=722588
		Map output records=1009437079
		Map output bytes=19249976287
		Map output materialized bytes=793704118
		Input split bytes=10530
		Combine input records=1034419999
		Combine output records=47586916
		Reduce input groups=9839825
		Reduce shuffle bytes=793704118
		Reduce input records=22603996
		Reduce output records=9839825
		Spilled Records=70869415
		Shuffled Maps =90
		Failed Shuffles=0
		Merged Map outputs=90
		GC time elapsed (ms)=107873
		CPU time spent (ms)=2000180
		Physical memory (bytes) snapshot=25115164672
		Virtual memory (bytes) snapshot=191959924736
		Total committed heap usage (bytes)=18932039680
	Shuffle Errors
		BAD_ID=0
		CONNECTION=0
		IO_ERROR=0
		WRONG_LENGTH=0
		WRONG_MAP=0
		WRONG_REDUCE=0
	File Input Format Counters 
		Bytes Read=11024823287
	File Output Format Counters 
		Bytes Written=476603143
20/06/09 08:09:42 INFO client.RMProxy: Connecting to ResourceManager at master/10.51.17.95:8032
20/06/09 08:09:42 INFO input.FileInputFormat: Total input paths to process : 1
20/06/09 08:09:42 INFO mapreduce.JobSubmitter: number of splits:4
20/06/09 08:09:42 INFO mapreduce.JobSubmitter: Submitting tokens for job: job_1591656144944_0009
20/06/09 08:09:43 INFO impl.YarnClientImpl: Submitted application application_1591656144944_0009
20/06/09 08:09:43 INFO mapreduce.Job: The url to track the job: http://master:8088/proxy/application_1591656144944_0009/
20/06/09 08:09:43 INFO mapreduce.Job: Running job: job_1591656144944_0009
20/06/09 08:09:52 INFO mapreduce.Job: Job job_1591656144944_0009 running in uber mode : false
20/06/09 08:09:52 INFO mapreduce.Job:  map 0% reduce 0%
20/06/09 08:10:03 INFO mapreduce.Job:  map 34% reduce 0%
20/06/09 08:10:04 INFO mapreduce.Job:  map 56% reduce 0%
20/06/09 08:10:05 INFO mapreduce.Job:  map 65% reduce 0%
20/06/09 08:10:07 INFO mapreduce.Job:  map 75% reduce 0%
20/06/09 08:10:10 INFO mapreduce.Job:  map 87% reduce 0%
20/06/09 08:10:11 INFO mapreduce.Job:  map 92% reduce 0%
20/06/09 08:10:12 INFO mapreduce.Job:  map 100% reduce 25%
20/06/09 08:10:15 INFO mapreduce.Job:  map 100% reduce 80%
20/06/09 08:10:18 INFO mapreduce.Job:  map 100% reduce 93%
20/06/09 08:10:20 INFO mapreduce.Job:  map 100% reduce 100%
20/06/09 08:10:20 INFO mapreduce.Job: Job job_1591656144944_0009 completed successfully
20/06/09 08:10:20 INFO mapreduce.Job: Counters: 50
	File System Counters
		FILE: Number of bytes read=758215015
		FILE: Number of bytes written=1171736216
		FILE: Number of read operations=0
		FILE: Number of large read operations=0
		FILE: Number of write operations=0
		HDFS: Number of bytes read=476608632
		HDFS: Number of bytes written=334846685
		HDFS: Number of read operations=19
		HDFS: Number of large read operations=0
		HDFS: Number of write operations=2
	Job Counters 
		Killed map tasks=1
		Launched map tasks=5
		Launched reduce tasks=1
		Data-local map tasks=5
		Total time spent by all maps in occupied slots (ms)=60506
		Total time spent by all reduces in occupied slots (ms)=15490
		Total time spent by all map tasks (ms)=60506
		Total time spent by all reduce tasks (ms)=15490
		Total vcore-milliseconds taken by all map tasks=60506
		Total vcore-milliseconds taken by all reduce tasks=15490
		Total megabyte-milliseconds taken by all map tasks=61958144
		Total megabyte-milliseconds taken by all reduce tasks=15861760
	Map-Reduce Framework
		Map input records=9839825
		Map output records=9839825
		Map output bytes=393228197
		Map output materialized bytes=412907871
		Input split bytes=504
		Combine input records=0
		Combine output records=0
		Reduce input groups=1246
		Reduce shuffle bytes=412907871
		Reduce input records=9839825
		Reduce output records=9839825
		Spilled Records=28581084
		Shuffled Maps =4
		Failed Shuffles=0
		Merged Map outputs=4
		GC time elapsed (ms)=1531
		CPU time spent (ms)=45530
		Physical memory (bytes) snapshot=1271623680
		Virtual memory (bytes) snapshot=10588327936
		Total committed heap usage (bytes)=943194112
	Shuffle Errors
		BAD_ID=0
		CONNECTION=0
		IO_ERROR=0
		WRONG_LENGTH=0
		WRONG_MAP=0
		WRONG_REDUCE=0
	File Input Format Counters 
		Bytes Read=476608128
	File Output Format Counters 
		Bytes Written=334846685
