20/06/14 06:47:24 INFO client.RMProxy: Connecting to ResourceManager at master/10.51.17.95:8032
20/06/14 06:47:24 INFO input.FileInputFormat: Total input paths to process : 10
20/06/14 06:47:25 INFO mapreduce.JobSubmitter: number of splits:90
20/06/14 06:47:25 INFO mapreduce.JobSubmitter: Submitting tokens for job: job_1592083923493_0005
20/06/14 06:47:25 INFO impl.YarnClientImpl: Submitted application application_1592083923493_0005
20/06/14 06:47:25 INFO mapreduce.Job: The url to track the job: http://master:8088/proxy/application_1592083923493_0005/
20/06/14 06:47:25 INFO mapreduce.Job: Running job: job_1592083923493_0005
20/06/14 06:47:30 INFO mapreduce.Job: Job job_1592083923493_0005 running in uber mode : false
20/06/14 06:47:30 INFO mapreduce.Job:  map 0% reduce 0%
20/06/14 06:47:43 INFO mapreduce.Job:  map 1% reduce 0%
20/06/14 06:47:45 INFO mapreduce.Job:  map 2% reduce 0%
20/06/14 06:47:51 INFO mapreduce.Job:  map 3% reduce 0%
20/06/14 06:47:55 INFO mapreduce.Job:  map 4% reduce 0%
20/06/14 06:48:02 INFO mapreduce.Job:  map 5% reduce 0%
20/06/14 06:48:06 INFO mapreduce.Job:  map 6% reduce 0%
20/06/14 06:48:08 INFO mapreduce.Job:  map 7% reduce 0%
20/06/14 06:48:11 INFO mapreduce.Job:  map 8% reduce 0%
20/06/14 06:48:17 INFO mapreduce.Job:  map 9% reduce 0%
20/06/14 06:48:23 INFO mapreduce.Job:  map 10% reduce 0%
20/06/14 06:48:25 INFO mapreduce.Job:  map 11% reduce 0%
20/06/14 06:48:29 INFO mapreduce.Job:  map 12% reduce 0%
20/06/14 06:48:31 INFO mapreduce.Job:  map 13% reduce 0%
20/06/14 06:48:36 INFO mapreduce.Job:  map 14% reduce 0%
20/06/14 06:48:41 INFO mapreduce.Job:  map 15% reduce 0%
20/06/14 06:48:44 INFO mapreduce.Job:  map 16% reduce 0%
20/06/14 06:48:47 INFO mapreduce.Job:  map 17% reduce 0%
20/06/14 06:48:51 INFO mapreduce.Job:  map 17% reduce 5%
20/06/14 06:48:53 INFO mapreduce.Job:  map 18% reduce 5%
20/06/14 06:48:59 INFO mapreduce.Job:  map 19% reduce 5%
20/06/14 06:49:03 INFO mapreduce.Job:  map 20% reduce 5%
20/06/14 06:49:09 INFO mapreduce.Job:  map 21% reduce 5%
20/06/14 06:49:12 INFO mapreduce.Job:  map 22% reduce 5%
20/06/14 06:49:16 INFO mapreduce.Job:  map 23% reduce 6%
20/06/14 06:49:19 INFO mapreduce.Job:  map 24% reduce 6%
20/06/14 06:49:21 INFO mapreduce.Job:  map 24% reduce 7%
20/06/14 06:49:22 INFO mapreduce.Job:  map 25% reduce 7%
20/06/14 06:49:25 INFO mapreduce.Job:  map 26% reduce 7%
20/06/14 06:49:27 INFO mapreduce.Job:  map 26% reduce 8%
20/06/14 06:49:30 INFO mapreduce.Job:  map 27% reduce 9%
20/06/14 06:49:35 INFO mapreduce.Job:  map 28% reduce 9%
20/06/14 06:49:40 INFO mapreduce.Job:  map 29% reduce 9%
20/06/14 06:49:43 INFO mapreduce.Job:  map 30% reduce 9%
20/06/14 06:49:47 INFO mapreduce.Job:  map 31% reduce 9%
20/06/14 06:49:49 INFO mapreduce.Job:  map 31% reduce 10%
20/06/14 06:49:52 INFO mapreduce.Job:  map 32% reduce 10%
20/06/14 06:49:58 INFO mapreduce.Job:  map 33% reduce 10%
20/06/14 06:50:02 INFO mapreduce.Job:  map 34% reduce 10%
20/06/14 06:50:07 INFO mapreduce.Job:  map 35% reduce 10%
20/06/14 06:50:12 INFO mapreduce.Job:  map 36% reduce 10%
20/06/14 06:50:15 INFO mapreduce.Job:  map 37% reduce 10%
20/06/14 06:50:17 INFO mapreduce.Job:  map 38% reduce 11%
20/06/14 06:50:20 INFO mapreduce.Job:  map 38% reduce 12%
20/06/14 06:50:21 INFO mapreduce.Job:  map 39% reduce 12%
20/06/14 06:50:24 INFO mapreduce.Job:  map 40% reduce 12%
20/06/14 06:50:26 INFO mapreduce.Job:  map 40% reduce 13%
20/06/14 06:50:29 INFO mapreduce.Job:  map 41% reduce 13%
20/06/14 06:50:35 INFO mapreduce.Job:  map 42% reduce 13%
20/06/14 06:50:39 INFO mapreduce.Job:  map 43% reduce 13%
20/06/14 06:50:40 INFO mapreduce.Job:  map 43% reduce 14%
20/06/14 06:50:43 INFO mapreduce.Job:  map 44% reduce 14%
20/06/14 06:50:47 INFO mapreduce.Job:  map 45% reduce 14%
20/06/14 06:50:54 INFO mapreduce.Job:  map 46% reduce 14%
20/06/14 06:50:57 INFO mapreduce.Job:  map 47% reduce 14%
20/06/14 06:51:03 INFO mapreduce.Job:  map 48% reduce 14%
20/06/14 06:51:06 INFO mapreduce.Job:  map 49% reduce 14%
20/06/14 06:51:08 INFO mapreduce.Job:  map 49% reduce 15%
20/06/14 06:51:10 INFO mapreduce.Job:  map 50% reduce 15%
20/06/14 06:51:14 INFO mapreduce.Job:  map 51% reduce 16%
20/06/14 06:51:17 INFO mapreduce.Job:  map 52% reduce 16%
20/06/14 06:51:19 INFO mapreduce.Job:  map 53% reduce 16%
20/06/14 06:51:20 INFO mapreduce.Job:  map 53% reduce 17%
20/06/14 06:51:23 INFO mapreduce.Job:  map 54% reduce 17%
20/06/14 06:51:29 INFO mapreduce.Job:  map 55% reduce 17%
20/06/14 06:51:34 INFO mapreduce.Job:  map 56% reduce 17%
20/06/14 06:51:36 INFO mapreduce.Job:  map 56% reduce 18%
20/06/14 06:51:39 INFO mapreduce.Job:  map 57% reduce 18%
20/06/14 06:51:43 INFO mapreduce.Job:  map 58% reduce 18%
20/06/14 06:51:45 INFO mapreduce.Job:  map 58% reduce 19%
20/06/14 06:51:48 INFO mapreduce.Job:  map 59% reduce 19%
20/06/14 06:51:53 INFO mapreduce.Job:  map 60% reduce 19%
20/06/14 06:51:57 INFO mapreduce.Job:  map 61% reduce 19%
20/06/14 06:52:00 INFO mapreduce.Job:  map 62% reduce 19%
20/06/14 06:52:03 INFO mapreduce.Job:  map 63% reduce 19%
20/06/14 06:52:08 INFO mapreduce.Job:  map 63% reduce 20%
20/06/14 06:52:10 INFO mapreduce.Job:  map 65% reduce 20%
20/06/14 06:52:11 INFO mapreduce.Job:  map 65% reduce 21%
20/06/14 06:52:13 INFO mapreduce.Job:  map 66% reduce 21%
20/06/14 06:52:20 INFO mapreduce.Job:  map 67% reduce 21%
20/06/14 06:52:21 INFO mapreduce.Job:  map 67% reduce 22%
20/06/14 06:52:23 INFO mapreduce.Job:  map 68% reduce 22%
20/06/14 06:52:30 INFO mapreduce.Job:  map 69% reduce 22%
20/06/14 06:52:33 INFO mapreduce.Job:  map 70% reduce 22%
20/06/14 06:52:37 INFO mapreduce.Job:  map 71% reduce 22%
20/06/14 06:52:38 INFO mapreduce.Job:  map 72% reduce 22%
20/06/14 06:52:39 INFO mapreduce.Job:  map 72% reduce 23%
20/06/14 06:52:42 INFO mapreduce.Job:  map 73% reduce 23%
20/06/14 06:52:44 INFO mapreduce.Job:  map 74% reduce 23%
20/06/14 06:52:48 INFO mapreduce.Job:  map 76% reduce 24%
20/06/14 06:52:49 INFO mapreduce.Job:  map 77% reduce 24%
20/06/14 06:52:51 INFO mapreduce.Job:  map 77% reduce 25%
20/06/14 06:52:55 INFO mapreduce.Job:  map 78% reduce 25%
20/06/14 06:53:02 INFO mapreduce.Job:  map 79% reduce 25%
20/06/14 06:53:04 INFO mapreduce.Job:  map 80% reduce 25%
20/06/14 06:53:10 INFO mapreduce.Job:  map 81% reduce 26%
20/06/14 06:53:13 INFO mapreduce.Job:  map 82% reduce 26%
20/06/14 06:53:16 INFO mapreduce.Job:  map 83% reduce 27%
20/06/14 06:53:18 INFO mapreduce.Job:  map 84% reduce 27%
20/06/14 06:53:25 INFO mapreduce.Job:  map 85% reduce 28%
20/06/14 06:53:29 INFO mapreduce.Job:  map 86% reduce 28%
20/06/14 06:53:34 INFO mapreduce.Job:  map 87% reduce 28%
20/06/14 06:53:40 INFO mapreduce.Job:  map 88% reduce 28%
20/06/14 06:53:44 INFO mapreduce.Job:  map 89% reduce 28%
20/06/14 06:53:48 INFO mapreduce.Job:  map 90% reduce 28%
20/06/14 06:53:49 INFO mapreduce.Job:  map 90% reduce 29%
20/06/14 06:53:50 INFO mapreduce.Job:  map 91% reduce 29%
20/06/14 06:53:53 INFO mapreduce.Job:  map 92% reduce 29%
20/06/14 06:53:55 INFO mapreduce.Job:  map 92% reduce 30%
20/06/14 06:53:57 INFO mapreduce.Job:  map 93% reduce 30%
20/06/14 06:54:00 INFO mapreduce.Job:  map 94% reduce 30%
20/06/14 06:54:01 INFO mapreduce.Job:  map 96% reduce 30%
20/06/14 06:54:02 INFO mapreduce.Job:  map 97% reduce 30%
20/06/14 06:54:04 INFO mapreduce.Job:  map 98% reduce 31%
20/06/14 06:54:06 INFO mapreduce.Job:  map 100% reduce 31%
20/06/14 06:54:07 INFO mapreduce.Job:  map 100% reduce 33%
20/06/14 06:54:10 INFO mapreduce.Job:  map 100% reduce 57%
20/06/14 06:54:13 INFO mapreduce.Job:  map 100% reduce 71%
20/06/14 06:54:16 INFO mapreduce.Job:  map 100% reduce 76%
20/06/14 06:54:19 INFO mapreduce.Job:  map 100% reduce 81%
20/06/14 06:54:22 INFO mapreduce.Job:  map 100% reduce 88%
20/06/14 06:54:25 INFO mapreduce.Job:  map 100% reduce 95%
20/06/14 06:54:27 INFO mapreduce.Job:  map 100% reduce 100%
20/06/14 06:54:29 INFO mapreduce.Job: Job job_1592083923493_0005 completed successfully
20/06/14 06:54:29 INFO mapreduce.Job: Counters: 51
	File System Counters
		FILE: Number of bytes read=1691595751
		FILE: Number of bytes written=2505459135
		FILE: Number of read operations=0
		FILE: Number of large read operations=0
		FILE: Number of write operations=0
		HDFS: Number of bytes read=11025181541
		HDFS: Number of bytes written=484361385
		HDFS: Number of read operations=273
		HDFS: Number of large read operations=0
		HDFS: Number of write operations=2
	Job Counters 
		Killed map tasks=1
		Launched map tasks=91
		Launched reduce tasks=1
		Data-local map tasks=80
		Rack-local map tasks=11
		Total time spent by all maps in occupied slots (ms)=3512985
		Total time spent by all reduces in occupied slots (ms)=345940
		Total time spent by all map tasks (ms)=3512985
		Total time spent by all reduce tasks (ms)=345940
		Total vcore-milliseconds taken by all map tasks=3512985
		Total vcore-milliseconds taken by all reduce tasks=345940
		Total megabyte-milliseconds taken by all map tasks=3597296640
		Total megabyte-milliseconds taken by all reduce tasks=354242560
	Map-Reduce Framework
		Map input records=1179804
		Map output records=1009891973
		Map output bytes=19272831789
		Map output materialized bytes=802680369
		Input split bytes=10530
		Combine input records=1034874687
		Combine output records=47582529
		Reduce input groups=9839530
		Reduce shuffle bytes=802680369
		Reduce input records=22599815
		Reduce output records=9839530
		Spilled Records=70860929
		Shuffled Maps =90
		Failed Shuffles=0
		Merged Map outputs=90
		GC time elapsed (ms)=65243
		CPU time spent (ms)=2051480
		Physical memory (bytes) snapshot=25091788800
		Virtual memory (bytes) snapshot=191932923904
		Total committed heap usage (bytes)=18937282560
	Shuffle Errors
		BAD_ID=0
		CONNECTION=0
		IO_ERROR=0
		WRONG_LENGTH=0
		WRONG_MAP=0
		WRONG_REDUCE=0
	File Input Format Counters 
		Bytes Read=11025171011
	File Output Format Counters 
		Bytes Written=484361385
20/06/14 06:54:29 INFO client.RMProxy: Connecting to ResourceManager at master/10.51.17.95:8032
20/06/14 06:54:30 INFO input.FileInputFormat: Total input paths to process : 1
20/06/14 06:54:30 INFO mapreduce.JobSubmitter: number of splits:4
20/06/14 06:54:30 INFO mapreduce.JobSubmitter: Submitting tokens for job: job_1592083923493_0006
20/06/14 06:54:30 INFO impl.YarnClientImpl: Submitted application application_1592083923493_0006
20/06/14 06:54:30 INFO mapreduce.Job: The url to track the job: http://master:8088/proxy/application_1592083923493_0006/
20/06/14 06:54:30 INFO mapreduce.Job: Running job: job_1592083923493_0006
20/06/14 06:54:38 INFO mapreduce.Job: Job job_1592083923493_0006 running in uber mode : false
20/06/14 06:54:38 INFO mapreduce.Job:  map 0% reduce 0%
20/06/14 06:54:50 INFO mapreduce.Job:  map 52% reduce 0%
20/06/14 06:54:53 INFO mapreduce.Job:  map 67% reduce 0%
20/06/14 06:54:55 INFO mapreduce.Job:  map 74% reduce 0%
20/06/14 06:54:56 INFO mapreduce.Job:  map 83% reduce 0%
20/06/14 06:54:58 INFO mapreduce.Job:  map 92% reduce 0%
20/06/14 06:54:59 INFO mapreduce.Job:  map 100% reduce 0%
20/06/14 06:55:00 INFO mapreduce.Job:  map 100% reduce 25%
20/06/14 06:55:03 INFO mapreduce.Job:  map 100% reduce 78%
20/06/14 06:55:06 INFO mapreduce.Job:  map 100% reduce 87%
20/06/14 06:55:09 INFO mapreduce.Job:  map 100% reduce 100%
20/06/14 06:55:09 INFO mapreduce.Job: Job job_1592083923493_0006 completed successfully
20/06/14 06:55:09 INFO mapreduce.Job: Counters: 50
	File System Counters
		FILE: Number of bytes read=841184350
		FILE: Number of bytes written=1262388343
		FILE: Number of read operations=0
		FILE: Number of large read operations=0
		FILE: Number of write operations=0
		HDFS: Number of bytes read=484364350
		HDFS: Number of bytes written=342532625
		HDFS: Number of read operations=19
		HDFS: Number of large read operations=0
		HDFS: Number of write operations=2
	Job Counters 
		Killed map tasks=1
		Launched map tasks=5
		Launched reduce tasks=1
		Data-local map tasks=5
		Total time spent by all maps in occupied slots (ms)=67402
		Total time spent by all reduces in occupied slots (ms)=16427
		Total time spent by all map tasks (ms)=67402
		Total time spent by all reduce tasks (ms)=16427
		Total vcore-milliseconds taken by all map tasks=67402
		Total vcore-milliseconds taken by all reduce tasks=16427
		Total megabyte-milliseconds taken by all map tasks=69019648
		Total megabyte-milliseconds taken by all reduce tasks=16821248
	Map-Reduce Framework
		Map input records=9839530
		Map output records=9839530
		Map output bytes=400913079
		Map output materialized bytes=420592163
		Input split bytes=504
		Combine input records=0
		Combine output records=0
		Reduce input groups=1255
		Reduce shuffle bytes=420592163
		Reduce input records=9839530
		Reduce output records=9839530
		Spilled Records=29518590
		Shuffled Maps =4
		Failed Shuffles=0
		Merged Map outputs=4
		GC time elapsed (ms)=1831
		CPU time spent (ms)=48450
		Physical memory (bytes) snapshot=1296633856
		Virtual memory (bytes) snapshot=10591485952
		Total committed heap usage (bytes)=942145536
	Shuffle Errors
		BAD_ID=0
		CONNECTION=0
		IO_ERROR=0
		WRONG_LENGTH=0
		WRONG_MAP=0
		WRONG_REDUCE=0
	File Input Format Counters 
		Bytes Read=484363846
	File Output Format Counters 
		Bytes Written=342532625
