20/06/14 07:34:15 INFO client.RMProxy: Connecting to ResourceManager at master/10.51.17.95:8032
20/06/14 07:34:15 INFO input.FileInputFormat: Total input paths to process : 16
20/06/14 07:34:16 INFO mapreduce.JobSubmitter: number of splits:16
20/06/14 07:34:16 INFO mapreduce.JobSubmitter: Submitting tokens for job: job_1592083923493_0017
20/06/14 07:34:16 INFO impl.YarnClientImpl: Submitted application application_1592083923493_0017
20/06/14 07:34:16 INFO mapreduce.Job: The url to track the job: http://master:8088/proxy/application_1592083923493_0017/
20/06/14 07:34:16 INFO mapreduce.Job: Running job: job_1592083923493_0017
20/06/14 07:34:22 INFO mapreduce.Job: Job job_1592083923493_0017 running in uber mode : false
20/06/14 07:34:22 INFO mapreduce.Job:  map 0% reduce 0%
20/06/14 07:34:33 INFO mapreduce.Job:  map 13% reduce 0%
20/06/14 07:34:34 INFO mapreduce.Job:  map 17% reduce 0%
20/06/14 07:34:36 INFO mapreduce.Job:  map 38% reduce 0%
20/06/14 07:34:37 INFO mapreduce.Job:  map 42% reduce 0%
20/06/14 07:35:07 INFO mapreduce.Job:  map 44% reduce 0%
20/06/14 07:35:08 INFO mapreduce.Job:  map 46% reduce 0%
20/06/14 07:35:11 INFO mapreduce.Job:  map 48% reduce 0%
20/06/14 07:35:13 INFO mapreduce.Job:  map 50% reduce 0%
20/06/14 07:35:17 INFO mapreduce.Job:  map 58% reduce 0%
20/06/14 07:35:21 INFO mapreduce.Job:  map 58% reduce 8%
20/06/14 07:35:23 INFO mapreduce.Job:  map 63% reduce 8%
20/06/14 07:35:33 INFO mapreduce.Job:  map 71% reduce 8%
20/06/14 07:35:34 INFO mapreduce.Job:  map 75% reduce 15%
20/06/14 07:35:37 INFO mapreduce.Job:  map 75% reduce 21%
20/06/14 07:35:41 INFO mapreduce.Job:  map 79% reduce 21%
20/06/14 07:35:42 INFO mapreduce.Job:  map 81% reduce 21%
20/06/14 07:35:43 INFO mapreduce.Job:  map 90% reduce 23%
20/06/14 07:35:44 INFO mapreduce.Job:  map 92% reduce 23%
20/06/14 07:35:46 INFO mapreduce.Job:  map 92% reduce 25%
20/06/14 07:35:48 INFO mapreduce.Job:  map 94% reduce 25%
20/06/14 07:35:49 INFO mapreduce.Job:  map 94% reduce 27%
20/06/14 07:36:05 INFO mapreduce.Job:  map 96% reduce 27%
20/06/14 07:36:06 INFO mapreduce.Job:  map 98% reduce 27%
20/06/14 07:36:07 INFO mapreduce.Job:  map 98% reduce 29%
20/06/14 07:36:09 INFO mapreduce.Job:  map 100% reduce 100%
20/06/14 07:36:09 INFO mapreduce.Job: Job job_1592083923493_0017 completed successfully
20/06/14 07:36:09 INFO mapreduce.Job: Counters: 50
	File System Counters
		FILE: Number of bytes read=358
		FILE: Number of bytes written=2088969
		FILE: Number of read operations=0
		FILE: Number of large read operations=0
		FILE: Number of write operations=0
		HDFS: Number of bytes read=4166
		HDFS: Number of bytes written=215
		HDFS: Number of read operations=67
		HDFS: Number of large read operations=0
		HDFS: Number of write operations=3
	Job Counters 
		Launched map tasks=16
		Launched reduce tasks=1
		Data-local map tasks=13
		Rack-local map tasks=3
		Total time spent by all maps in occupied slots (ms)=800977
		Total time spent by all reduces in occupied slots (ms)=56978
		Total time spent by all map tasks (ms)=800977
		Total time spent by all reduce tasks (ms)=56978
		Total vcore-milliseconds taken by all map tasks=800977
		Total vcore-milliseconds taken by all reduce tasks=56978
		Total megabyte-milliseconds taken by all map tasks=820200448
		Total megabyte-milliseconds taken by all reduce tasks=58345472
	Map-Reduce Framework
		Map input records=16
		Map output records=32
		Map output bytes=288
		Map output materialized bytes=448
		Input split bytes=2278
		Combine input records=0
		Combine output records=0
		Reduce input groups=2
		Reduce shuffle bytes=448
		Reduce input records=32
		Reduce output records=0
		Spilled Records=64
		Shuffled Maps =16
		Failed Shuffles=0
		Merged Map outputs=16
		GC time elapsed (ms)=5758
		CPU time spent (ms)=491520
		Physical memory (bytes) snapshot=4373635072
		Virtual memory (bytes) snapshot=35793510400
		Total committed heap usage (bytes)=3345481728
	Shuffle Errors
		BAD_ID=0
		CONNECTION=0
		IO_ERROR=0
		WRONG_LENGTH=0
		WRONG_MAP=0
		WRONG_REDUCE=0
	File Input Format Counters 
		Bytes Read=1888
	File Output Format Counters 
		Bytes Written=97
