20/06/14 07:30:16 INFO client.RMProxy: Connecting to ResourceManager at master/10.51.17.95:8032
20/06/14 07:30:17 INFO client.RMProxy: Connecting to ResourceManager at master/10.51.17.95:8032
20/06/14 07:30:17 INFO input.FileInputFormat: Total input paths to process : 10
20/06/14 07:30:17 INFO mapreduce.JobSubmitter: number of splits:80
20/06/14 07:30:17 INFO mapreduce.JobSubmitter: Submitting tokens for job: job_1592083923493_0016
20/06/14 07:30:17 INFO impl.YarnClientImpl: Submitted application application_1592083923493_0016
20/06/14 07:30:17 INFO mapreduce.Job: The url to track the job: http://master:8088/proxy/application_1592083923493_0016/
20/06/14 07:30:17 INFO mapreduce.Job: Running job: job_1592083923493_0016
20/06/14 07:30:25 INFO mapreduce.Job: Job job_1592083923493_0016 running in uber mode : false
20/06/14 07:30:25 INFO mapreduce.Job:  map 0% reduce 0%
20/06/14 07:30:35 INFO mapreduce.Job:  map 5% reduce 0%
20/06/14 07:30:37 INFO mapreduce.Job:  map 8% reduce 0%
20/06/14 07:30:38 INFO mapreduce.Job:  map 11% reduce 0%
20/06/14 07:30:39 INFO mapreduce.Job:  map 13% reduce 0%
20/06/14 07:30:40 INFO mapreduce.Job:  map 14% reduce 0%
20/06/14 07:30:42 INFO mapreduce.Job:  map 15% reduce 0%
20/06/14 07:30:43 INFO mapreduce.Job:  map 16% reduce 0%
20/06/14 07:30:44 INFO mapreduce.Job:  map 17% reduce 0%
20/06/14 07:30:48 INFO mapreduce.Job:  map 20% reduce 0%
20/06/14 07:30:49 INFO mapreduce.Job:  map 21% reduce 0%
20/06/14 07:30:50 INFO mapreduce.Job:  map 21% reduce 2%
20/06/14 07:30:51 INFO mapreduce.Job:  map 25% reduce 2%
20/06/14 07:30:52 INFO mapreduce.Job:  map 28% reduce 2%
20/06/14 07:30:53 INFO mapreduce.Job:  map 28% reduce 3%
20/06/14 07:30:56 INFO mapreduce.Job:  map 29% reduce 3%
20/06/14 07:30:58 INFO mapreduce.Job:  map 31% reduce 3%
20/06/14 07:31:00 INFO mapreduce.Job:  map 32% reduce 3%
20/06/14 07:31:01 INFO mapreduce.Job:  map 33% reduce 7%
20/06/14 07:31:02 INFO mapreduce.Job:  map 35% reduce 7%
20/06/14 07:31:04 INFO mapreduce.Job:  map 36% reduce 7%
20/06/14 07:31:05 INFO mapreduce.Job:  map 38% reduce 8%
20/06/14 07:31:09 INFO mapreduce.Job:  map 41% reduce 8%
20/06/14 07:31:11 INFO mapreduce.Job:  map 41% reduce 9%
20/06/14 07:31:12 INFO mapreduce.Job:  map 43% reduce 9%
20/06/14 07:31:13 INFO mapreduce.Job:  map 43% reduce 11%
20/06/14 07:31:16 INFO mapreduce.Job:  map 44% reduce 12%
20/06/14 07:31:17 INFO mapreduce.Job:  map 45% reduce 12%
20/06/14 07:31:19 INFO mapreduce.Job:  map 46% reduce 13%
20/06/14 07:31:20 INFO mapreduce.Job:  map 47% reduce 13%
20/06/14 07:31:22 INFO mapreduce.Job:  map 49% reduce 13%
20/06/14 07:31:23 INFO mapreduce.Job:  map 50% reduce 13%
20/06/14 07:31:25 INFO mapreduce.Job:  map 51% reduce 14%
20/06/14 07:31:26 INFO mapreduce.Job:  map 51% reduce 15%
20/06/14 07:31:29 INFO mapreduce.Job:  map 52% reduce 15%
20/06/14 07:31:31 INFO mapreduce.Job:  map 53% reduce 15%
20/06/14 07:31:34 INFO mapreduce.Job:  map 54% reduce 15%
20/06/14 07:31:35 INFO mapreduce.Job:  map 56% reduce 15%
20/06/14 07:31:37 INFO mapreduce.Job:  map 57% reduce 16%
20/06/14 07:31:38 INFO mapreduce.Job:  map 58% reduce 16%
20/06/14 07:31:40 INFO mapreduce.Job:  map 59% reduce 17%
20/06/14 07:31:43 INFO mapreduce.Job:  map 60% reduce 18%
20/06/14 07:31:47 INFO mapreduce.Job:  map 61% reduce 18%
20/06/14 07:31:49 INFO mapreduce.Job:  map 62% reduce 18%
20/06/14 07:31:50 INFO mapreduce.Job:  map 64% reduce 18%
20/06/14 07:31:52 INFO mapreduce.Job:  map 64% reduce 19%
20/06/14 07:31:53 INFO mapreduce.Job:  map 65% reduce 19%
20/06/14 07:31:55 INFO mapreduce.Job:  map 66% reduce 20%
20/06/14 07:31:57 INFO mapreduce.Job:  map 67% reduce 20%
20/06/14 07:31:59 INFO mapreduce.Job:  map 69% reduce 21%
20/06/14 07:32:00 INFO mapreduce.Job:  map 70% reduce 21%
20/06/14 07:32:02 INFO mapreduce.Job:  map 70% reduce 22%
20/06/14 07:32:03 INFO mapreduce.Job:  map 71% reduce 22%
20/06/14 07:32:05 INFO mapreduce.Job:  map 72% reduce 22%
20/06/14 07:32:07 INFO mapreduce.Job:  map 73% reduce 22%
20/06/14 07:32:08 INFO mapreduce.Job:  map 73% reduce 23%
20/06/14 07:32:10 INFO mapreduce.Job:  map 75% reduce 23%
20/06/14 07:32:12 INFO mapreduce.Job:  map 76% reduce 23%
20/06/14 07:32:13 INFO mapreduce.Job:  map 77% reduce 23%
20/06/14 07:32:14 INFO mapreduce.Job:  map 78% reduce 24%
20/06/14 07:32:15 INFO mapreduce.Job:  map 79% reduce 24%
20/06/14 07:32:17 INFO mapreduce.Job:  map 79% reduce 25%
20/06/14 07:32:18 INFO mapreduce.Job:  map 80% reduce 25%
20/06/14 07:32:21 INFO mapreduce.Job:  map 81% reduce 25%
20/06/14 07:32:22 INFO mapreduce.Job:  map 82% reduce 25%
20/06/14 07:32:23 INFO mapreduce.Job:  map 83% reduce 26%
20/06/14 07:32:25 INFO mapreduce.Job:  map 84% reduce 26%
20/06/14 07:32:28 INFO mapreduce.Job:  map 86% reduce 26%
20/06/14 07:32:29 INFO mapreduce.Job:  map 86% reduce 27%
20/06/14 07:32:31 INFO mapreduce.Job:  map 87% reduce 27%
20/06/14 07:32:33 INFO mapreduce.Job:  map 87% reduce 28%
20/06/14 07:32:34 INFO mapreduce.Job:  map 89% reduce 28%
20/06/14 07:32:38 INFO mapreduce.Job:  map 90% reduce 29%
20/06/14 07:32:41 INFO mapreduce.Job:  map 92% reduce 29%
20/06/14 07:32:42 INFO mapreduce.Job:  map 93% reduce 29%
20/06/14 07:32:44 INFO mapreduce.Job:  map 95% reduce 30%
20/06/14 07:32:45 INFO mapreduce.Job:  map 96% reduce 30%
20/06/14 07:32:47 INFO mapreduce.Job:  map 97% reduce 31%
20/06/14 07:32:51 INFO mapreduce.Job:  map 99% reduce 32%
20/06/14 07:32:55 INFO mapreduce.Job:  map 100% reduce 32%
20/06/14 07:32:57 INFO mapreduce.Job:  map 100% reduce 33%
20/06/14 07:32:59 INFO mapreduce.Job:  map 100% reduce 48%
20/06/14 07:33:00 INFO mapreduce.Job:  map 100% reduce 54%
20/06/14 07:33:02 INFO mapreduce.Job:  map 100% reduce 60%
20/06/14 07:33:03 INFO mapreduce.Job:  map 100% reduce 65%
20/06/14 07:33:05 INFO mapreduce.Job:  map 100% reduce 68%
20/06/14 07:33:08 INFO mapreduce.Job:  map 100% reduce 70%
20/06/14 07:33:09 INFO mapreduce.Job:  map 100% reduce 71%
20/06/14 07:33:11 INFO mapreduce.Job:  map 100% reduce 72%
20/06/14 07:33:12 INFO mapreduce.Job:  map 100% reduce 73%
20/06/14 07:33:14 INFO mapreduce.Job:  map 100% reduce 74%
20/06/14 07:33:17 INFO mapreduce.Job:  map 100% reduce 75%
20/06/14 07:33:20 INFO mapreduce.Job:  map 100% reduce 77%
20/06/14 07:33:21 INFO mapreduce.Job:  map 100% reduce 78%
20/06/14 07:33:23 INFO mapreduce.Job:  map 100% reduce 79%
20/06/14 07:33:26 INFO mapreduce.Job:  map 100% reduce 81%
20/06/14 07:33:29 INFO mapreduce.Job:  map 100% reduce 82%
20/06/14 07:33:30 INFO mapreduce.Job:  map 100% reduce 83%
20/06/14 07:33:32 INFO mapreduce.Job:  map 100% reduce 84%
20/06/14 07:33:35 INFO mapreduce.Job:  map 100% reduce 85%
20/06/14 07:33:38 INFO mapreduce.Job:  map 100% reduce 87%
20/06/14 07:33:39 INFO mapreduce.Job:  map 100% reduce 88%
20/06/14 07:33:42 INFO mapreduce.Job:  map 100% reduce 89%
20/06/14 07:33:45 INFO mapreduce.Job:  map 100% reduce 90%
20/06/14 07:33:47 INFO mapreduce.Job:  map 100% reduce 91%
20/06/14 07:33:50 INFO mapreduce.Job:  map 100% reduce 92%
20/06/14 07:33:51 INFO mapreduce.Job:  map 100% reduce 93%
20/06/14 07:33:54 INFO mapreduce.Job:  map 100% reduce 94%
20/06/14 07:33:56 INFO mapreduce.Job:  map 100% reduce 95%
20/06/14 07:33:59 INFO mapreduce.Job:  map 100% reduce 96%
20/06/14 07:34:00 INFO mapreduce.Job:  map 100% reduce 97%
20/06/14 07:34:02 INFO mapreduce.Job:  map 100% reduce 98%
20/06/14 07:34:03 INFO mapreduce.Job:  map 100% reduce 99%
20/06/14 07:34:05 INFO mapreduce.Job:  map 100% reduce 100%
20/06/14 07:34:05 INFO mapreduce.Job: Job job_1592083923493_0016 completed successfully
20/06/14 07:34:05 INFO mapreduce.Job: Counters: 51
	File System Counters
		FILE: Number of bytes read=31974737180
		FILE: Number of bytes written=42735281089
		FILE: Number of read operations=0
		FILE: Number of large read operations=0
		FILE: Number of write operations=0
		HDFS: Number of bytes read=10774070219
		HDFS: Number of bytes written=10772873660
		HDFS: Number of read operations=329
		HDFS: Number of large read operations=0
		HDFS: Number of write operations=6
	Job Counters 
		Killed map tasks=1
		Launched map tasks=80
		Launched reduce tasks=3
		Data-local map tasks=57
		Rack-local map tasks=23
		Total time spent by all maps in occupied slots (ms)=948002
		Total time spent by all reduces in occupied slots (ms)=554372
		Total time spent by all map tasks (ms)=948002
		Total time spent by all reduce tasks (ms)=554372
		Total vcore-milliseconds taken by all map tasks=948002
		Total vcore-milliseconds taken by all reduce tasks=554372
		Total megabyte-milliseconds taken by all map tasks=970754048
		Total megabyte-milliseconds taken by all reduce tasks=567676928
	Map-Reduce Framework
		Map input records=1022426
		Map output records=1022426
		Map output bytes=10745673384
		Map output materialized bytes=10751422175
		Input split bytes=9040
		Combine input records=0
		Combine output records=0
		Reduce input groups=1022426
		Reduce shuffle bytes=10751422175
		Reduce input records=1022426
		Reduce output records=1022426
		Spilled Records=4063295
		Shuffled Maps =240
		Failed Shuffles=0
		Merged Map outputs=240
		GC time elapsed (ms)=11911
		CPU time spent (ms)=233570
		Physical memory (bytes) snapshot=22049615872
		Virtual memory (bytes) snapshot=175145865216
		Total committed heap usage (bytes)=16683892736
	Shuffle Errors
		BAD_ID=0
		CONNECTION=0
		IO_ERROR=0
		WRONG_LENGTH=0
		WRONG_MAP=0
		WRONG_REDUCE=0
	File Input Format Counters 
		Bytes Read=10774061179
	File Output Format Counters 
		Bytes Written=10772873660
