20/06/14 06:40:22 INFO client.RMProxy: Connecting to ResourceManager at master/10.51.17.95:8032
20/06/14 06:40:23 INFO input.FileInputFormat: Total input paths to process : 10
20/06/14 06:40:24 INFO mapreduce.JobSubmitter: number of splits:90
20/06/14 06:40:24 INFO mapreduce.JobSubmitter: Submitting tokens for job: job_1592083923493_0004
20/06/14 06:40:24 INFO impl.YarnClientImpl: Submitted application application_1592083923493_0004
20/06/14 06:40:24 INFO mapreduce.Job: The url to track the job: http://master:8088/proxy/application_1592083923493_0004/
20/06/14 06:40:24 INFO mapreduce.Job: Running job: job_1592083923493_0004
20/06/14 06:40:31 INFO mapreduce.Job: Job job_1592083923493_0004 running in uber mode : false
20/06/14 06:40:31 INFO mapreduce.Job:  map 0% reduce 0%
20/06/14 06:40:45 INFO mapreduce.Job:  map 1% reduce 0%
20/06/14 06:40:47 INFO mapreduce.Job:  map 2% reduce 0%
20/06/14 06:40:51 INFO mapreduce.Job:  map 3% reduce 0%
20/06/14 06:40:59 INFO mapreduce.Job:  map 4% reduce 0%
20/06/14 06:41:02 INFO mapreduce.Job:  map 5% reduce 0%
20/06/14 06:41:08 INFO mapreduce.Job:  map 6% reduce 0%
20/06/14 06:41:11 INFO mapreduce.Job:  map 7% reduce 0%
20/06/14 06:41:12 INFO mapreduce.Job:  map 8% reduce 0%
20/06/14 06:41:20 INFO mapreduce.Job:  map 9% reduce 0%
20/06/14 06:41:25 INFO mapreduce.Job:  map 10% reduce 0%
20/06/14 06:41:28 INFO mapreduce.Job:  map 11% reduce 0%
20/06/14 06:41:31 INFO mapreduce.Job:  map 12% reduce 0%
20/06/14 06:41:33 INFO mapreduce.Job:  map 13% reduce 0%
20/06/14 06:41:39 INFO mapreduce.Job:  map 14% reduce 0%
20/06/14 06:41:43 INFO mapreduce.Job:  map 15% reduce 0%
20/06/14 06:41:45 INFO mapreduce.Job:  map 16% reduce 0%
20/06/14 06:41:48 INFO mapreduce.Job:  map 17% reduce 0%
20/06/14 06:41:54 INFO mapreduce.Job:  map 17% reduce 5%
20/06/14 06:41:55 INFO mapreduce.Job:  map 18% reduce 5%
20/06/14 06:42:00 INFO mapreduce.Job:  map 19% reduce 5%
20/06/14 06:42:04 INFO mapreduce.Job:  map 20% reduce 5%
20/06/14 06:42:09 INFO mapreduce.Job:  map 21% reduce 5%
20/06/14 06:42:13 INFO mapreduce.Job:  map 22% reduce 5%
20/06/14 06:42:14 INFO mapreduce.Job:  map 23% reduce 5%
20/06/14 06:42:15 INFO mapreduce.Job:  map 23% reduce 6%
20/06/14 06:42:20 INFO mapreduce.Job:  map 24% reduce 6%
20/06/14 06:42:21 INFO mapreduce.Job:  map 24% reduce 7%
20/06/14 06:42:22 INFO mapreduce.Job:  map 25% reduce 7%
20/06/14 06:42:24 INFO mapreduce.Job:  map 26% reduce 8%
20/06/14 06:42:31 INFO mapreduce.Job:  map 27% reduce 9%
20/06/14 06:42:34 INFO mapreduce.Job:  map 28% reduce 9%
20/06/14 06:42:41 INFO mapreduce.Job:  map 29% reduce 9%
20/06/14 06:42:42 INFO mapreduce.Job:  map 30% reduce 9%
20/06/14 06:42:46 INFO mapreduce.Job:  map 31% reduce 9%
20/06/14 06:42:48 INFO mapreduce.Job:  map 31% reduce 10%
20/06/14 06:42:52 INFO mapreduce.Job:  map 32% reduce 10%
20/06/14 06:42:56 INFO mapreduce.Job:  map 33% reduce 10%
20/06/14 06:43:01 INFO mapreduce.Job:  map 34% reduce 10%
20/06/14 06:43:05 INFO mapreduce.Job:  map 35% reduce 10%
20/06/14 06:43:08 INFO mapreduce.Job:  map 36% reduce 10%
20/06/14 06:43:14 INFO mapreduce.Job:  map 37% reduce 10%
20/06/14 06:43:16 INFO mapreduce.Job:  map 38% reduce 11%
20/06/14 06:43:18 INFO mapreduce.Job:  map 39% reduce 11%
20/06/14 06:43:19 INFO mapreduce.Job:  map 39% reduce 13%
20/06/14 06:43:23 INFO mapreduce.Job:  map 40% reduce 13%
20/06/14 06:43:27 INFO mapreduce.Job:  map 41% reduce 13%
20/06/14 06:43:31 INFO mapreduce.Job:  map 42% reduce 13%
20/06/14 06:43:36 INFO mapreduce.Job:  map 43% reduce 13%
20/06/14 06:43:39 INFO mapreduce.Job:  map 44% reduce 13%
20/06/14 06:43:40 INFO mapreduce.Job:  map 44% reduce 14%
20/06/14 06:43:44 INFO mapreduce.Job:  map 45% reduce 14%
20/06/14 06:43:50 INFO mapreduce.Job:  map 46% reduce 14%
20/06/14 06:43:54 INFO mapreduce.Job:  map 47% reduce 14%
20/06/14 06:43:59 INFO mapreduce.Job:  map 48% reduce 14%
20/06/14 06:44:02 INFO mapreduce.Job:  map 49% reduce 14%
20/06/14 06:44:04 INFO mapreduce.Job:  map 49% reduce 15%
20/06/14 06:44:07 INFO mapreduce.Job:  map 50% reduce 15%
20/06/14 06:44:09 INFO mapreduce.Job:  map 51% reduce 15%
20/06/14 06:44:10 INFO mapreduce.Job:  map 51% reduce 16%
20/06/14 06:44:11 INFO mapreduce.Job:  map 52% reduce 16%
20/06/14 06:44:13 INFO mapreduce.Job:  map 52% reduce 17%
20/06/14 06:44:14 INFO mapreduce.Job:  map 53% reduce 17%
20/06/14 06:44:20 INFO mapreduce.Job:  map 54% reduce 17%
20/06/14 06:44:25 INFO mapreduce.Job:  map 55% reduce 17%
20/06/14 06:44:29 INFO mapreduce.Job:  map 56% reduce 17%
20/06/14 06:44:32 INFO mapreduce.Job:  map 57% reduce 18%
20/06/14 06:44:37 INFO mapreduce.Job:  map 58% reduce 18%
20/06/14 06:44:38 INFO mapreduce.Job:  map 58% reduce 19%
20/06/14 06:44:42 INFO mapreduce.Job:  map 59% reduce 19%
20/06/14 06:44:46 INFO mapreduce.Job:  map 60% reduce 19%
20/06/14 06:44:51 INFO mapreduce.Job:  map 61% reduce 19%
20/06/14 06:44:56 INFO mapreduce.Job:  map 62% reduce 19%
20/06/14 06:44:58 INFO mapreduce.Job:  map 63% reduce 19%
20/06/14 06:45:02 INFO mapreduce.Job:  map 64% reduce 19%
20/06/14 06:45:05 INFO mapreduce.Job:  map 65% reduce 21%
20/06/14 06:45:09 INFO mapreduce.Job:  map 66% reduce 21%
20/06/14 06:45:12 INFO mapreduce.Job:  map 67% reduce 21%
20/06/14 06:45:15 INFO mapreduce.Job:  map 67% reduce 22%
20/06/14 06:45:16 INFO mapreduce.Job:  map 68% reduce 22%
20/06/14 06:45:18 INFO mapreduce.Job:  map 69% reduce 22%
20/06/14 06:45:20 INFO mapreduce.Job:  map 70% reduce 22%
20/06/14 06:45:23 INFO mapreduce.Job:  map 71% reduce 22%
20/06/14 06:45:24 INFO mapreduce.Job:  map 72% reduce 23%
20/06/14 06:45:25 INFO mapreduce.Job:  map 73% reduce 23%
20/06/14 06:45:27 INFO mapreduce.Job:  map 73% reduce 24%
20/06/14 06:45:28 INFO mapreduce.Job:  map 74% reduce 24%
20/06/14 06:45:33 INFO mapreduce.Job:  map 75% reduce 24%
20/06/14 06:45:38 INFO mapreduce.Job:  map 76% reduce 24%
20/06/14 06:45:43 INFO mapreduce.Job:  map 77% reduce 24%
20/06/14 06:45:47 INFO mapreduce.Job:  map 78% reduce 24%
20/06/14 06:45:50 INFO mapreduce.Job:  map 78% reduce 25%
20/06/14 06:45:51 INFO mapreduce.Job:  map 79% reduce 25%
20/06/14 06:45:54 INFO mapreduce.Job:  map 80% reduce 26%
20/06/14 06:45:57 INFO mapreduce.Job:  map 81% reduce 26%
20/06/14 06:46:03 INFO mapreduce.Job:  map 82% reduce 26%
20/06/14 06:46:06 INFO mapreduce.Job:  map 83% reduce 26%
20/06/14 06:46:12 INFO mapreduce.Job:  map 84% reduce 26%
20/06/14 06:46:15 INFO mapreduce.Job:  map 85% reduce 26%
20/06/14 06:46:18 INFO mapreduce.Job:  map 85% reduce 27%
20/06/14 06:46:19 INFO mapreduce.Job:  map 86% reduce 27%
20/06/14 06:46:21 INFO mapreduce.Job:  map 87% reduce 28%
20/06/14 06:46:24 INFO mapreduce.Job:  map 88% reduce 29%
20/06/14 06:46:30 INFO mapreduce.Job:  map 89% reduce 29%
20/06/14 06:46:35 INFO mapreduce.Job:  map 90% reduce 29%
20/06/14 06:46:37 INFO mapreduce.Job:  map 91% reduce 29%
20/06/14 06:46:39 INFO mapreduce.Job:  map 92% reduce 29%
20/06/14 06:46:40 INFO mapreduce.Job:  map 92% reduce 30%
20/06/14 06:46:41 INFO mapreduce.Job:  map 93% reduce 30%
20/06/14 06:46:43 INFO mapreduce.Job:  map 94% reduce 30%
20/06/14 06:46:45 INFO mapreduce.Job:  map 95% reduce 30%
20/06/14 06:46:46 INFO mapreduce.Job:  map 96% reduce 30%
20/06/14 06:46:49 INFO mapreduce.Job:  map 96% reduce 31%
20/06/14 06:46:53 INFO mapreduce.Job:  map 97% reduce 31%
20/06/14 06:46:55 INFO mapreduce.Job:  map 98% reduce 32%
20/06/14 06:46:56 INFO mapreduce.Job:  map 99% reduce 32%
20/06/14 06:46:58 INFO mapreduce.Job:  map 99% reduce 33%
20/06/14 06:47:00 INFO mapreduce.Job:  map 100% reduce 33%
20/06/14 06:47:04 INFO mapreduce.Job:  map 100% reduce 67%
20/06/14 06:47:07 INFO mapreduce.Job:  map 100% reduce 72%
20/06/14 06:47:10 INFO mapreduce.Job:  map 100% reduce 78%
20/06/14 06:47:13 INFO mapreduce.Job:  map 100% reduce 84%
20/06/14 06:47:16 INFO mapreduce.Job:  map 100% reduce 91%
20/06/14 06:47:18 INFO mapreduce.Job:  map 100% reduce 100%
20/06/14 06:47:19 INFO mapreduce.Job: Job job_1592083923493_0004 completed successfully
20/06/14 06:47:19 INFO mapreduce.Job: Counters: 51
	File System Counters
		FILE: Number of bytes read=1512253492
		FILE: Number of bytes written=2255746496
		FILE: Number of read operations=0
		FILE: Number of large read operations=0
		FILE: Number of write operations=0
		HDFS: Number of bytes read=11025181541
		HDFS: Number of bytes written=360237129
		HDFS: Number of read operations=273
		HDFS: Number of large read operations=0
		HDFS: Number of write operations=2
	Job Counters 
		Killed map tasks=1
		Launched map tasks=91
		Launched reduce tasks=1
		Data-local map tasks=79
		Rack-local map tasks=12
		Total time spent by all maps in occupied slots (ms)=3385858
		Total time spent by all reduces in occupied slots (ms)=334483
		Total time spent by all map tasks (ms)=3385858
		Total time spent by all reduce tasks (ms)=334483
		Total vcore-milliseconds taken by all map tasks=3385858
		Total vcore-milliseconds taken by all reduce tasks=334483
		Total megabyte-milliseconds taken by all map tasks=3467118592
		Total megabyte-milliseconds taken by all reduce tasks=342510592
	Map-Reduce Framework
		Map input records=1179804
		Map output records=1009301614
		Map output bytes=15230902461
		Map output materialized bytes=732341111
		Input split bytes=10530
		Combine input records=1034063139
		Combine output records=47398271
		Reduce input groups=9906179
		Reduce shuffle bytes=732341111
		Reduce input records=22636746
		Reduce output records=9906179
		Spilled Records=70035017
		Shuffled Maps =90
		Failed Shuffles=0
		Merged Map outputs=90
		GC time elapsed (ms)=63258
		CPU time spent (ms)=1974050
		Physical memory (bytes) snapshot=25088573440
		Virtual memory (bytes) snapshot=191966146560
		Total committed heap usage (bytes)=18922602496
	Shuffle Errors
		BAD_ID=0
		CONNECTION=0
		IO_ERROR=0
		WRONG_LENGTH=0
		WRONG_MAP=0
		WRONG_REDUCE=0
	File Input Format Counters 
		Bytes Read=11025171011
	File Output Format Counters 
		Bytes Written=360237129
