20/06/10 11:36:58 INFO client.RMProxy: Connecting to ResourceManager at master/10.51.17.95:8032
20/06/10 11:36:58 INFO client.RMProxy: Connecting to ResourceManager at master/10.51.17.95:8032
20/06/10 11:36:59 INFO input.FileInputFormat: Total input paths to process : 10
20/06/10 11:36:59 INFO mapreduce.JobSubmitter: number of splits:80
20/06/10 11:36:59 INFO mapreduce.JobSubmitter: Submitting tokens for job: job_1591756557285_0002
20/06/10 11:36:59 INFO impl.YarnClientImpl: Submitted application application_1591756557285_0002
20/06/10 11:36:59 INFO mapreduce.Job: The url to track the job: http://master:8088/proxy/application_1591756557285_0002/
20/06/10 11:36:59 INFO mapreduce.Job: Running job: job_1591756557285_0002
20/06/10 11:37:08 INFO mapreduce.Job: Job job_1591756557285_0002 running in uber mode : false
20/06/10 11:37:08 INFO mapreduce.Job:  map 0% reduce 0%
20/06/10 11:37:19 INFO mapreduce.Job:  map 3% reduce 0%
20/06/10 11:37:20 INFO mapreduce.Job:  map 4% reduce 0%
20/06/10 11:37:21 INFO mapreduce.Job:  map 6% reduce 0%
20/06/10 11:37:22 INFO mapreduce.Job:  map 8% reduce 0%
20/06/10 11:37:23 INFO mapreduce.Job:  map 15% reduce 0%
20/06/10 11:37:26 INFO mapreduce.Job:  map 16% reduce 0%
20/06/10 11:37:27 INFO mapreduce.Job:  map 17% reduce 0%
20/06/10 11:37:29 INFO mapreduce.Job:  map 18% reduce 0%
20/06/10 11:37:30 INFO mapreduce.Job:  map 20% reduce 0%
20/06/10 11:37:32 INFO mapreduce.Job:  map 21% reduce 0%
20/06/10 11:37:33 INFO mapreduce.Job:  map 22% reduce 0%
20/06/10 11:37:34 INFO mapreduce.Job:  map 24% reduce 0%
20/06/10 11:37:36 INFO mapreduce.Job:  map 25% reduce 2%
20/06/10 11:37:37 INFO mapreduce.Job:  map 26% reduce 2%
20/06/10 11:37:38 INFO mapreduce.Job:  map 27% reduce 2%
20/06/10 11:37:39 INFO mapreduce.Job:  map 28% reduce 3%
20/06/10 11:37:40 INFO mapreduce.Job:  map 29% reduce 3%
20/06/10 11:37:43 INFO mapreduce.Job:  map 30% reduce 3%
20/06/10 11:37:44 INFO mapreduce.Job:  map 31% reduce 3%
20/06/10 11:37:45 INFO mapreduce.Job:  map 32% reduce 4%
20/06/10 11:37:49 INFO mapreduce.Job:  map 33% reduce 4%
20/06/10 11:37:51 INFO mapreduce.Job:  map 34% reduce 5%
20/06/10 11:37:54 INFO mapreduce.Job:  map 34% reduce 6%
20/06/10 11:37:55 INFO mapreduce.Job:  map 35% reduce 6%
20/06/10 11:37:56 INFO mapreduce.Job:  map 36% reduce 6%
20/06/10 11:37:57 INFO mapreduce.Job:  map 36% reduce 7%
20/06/10 11:37:59 INFO mapreduce.Job:  map 37% reduce 7%
20/06/10 11:38:00 INFO mapreduce.Job:  map 38% reduce 7%
20/06/10 11:38:01 INFO mapreduce.Job:  map 38% reduce 8%
20/06/10 11:38:04 INFO mapreduce.Job:  map 39% reduce 8%
20/06/10 11:38:06 INFO mapreduce.Job:  map 40% reduce 8%
20/06/10 11:38:08 INFO mapreduce.Job:  map 41% reduce 8%
20/06/10 11:38:09 INFO mapreduce.Job:  map 41% reduce 9%
20/06/10 11:38:11 INFO mapreduce.Job:  map 42% reduce 9%
20/06/10 11:38:12 INFO mapreduce.Job:  map 44% reduce 9%
20/06/10 11:38:13 INFO mapreduce.Job:  map 44% reduce 10%
20/06/10 11:38:14 INFO mapreduce.Job:  map 46% reduce 10%
20/06/10 11:38:15 INFO mapreduce.Job:  map 47% reduce 10%
20/06/10 11:38:16 INFO mapreduce.Job:  map 48% reduce 10%
20/06/10 11:38:19 INFO mapreduce.Job:  map 50% reduce 10%
20/06/10 11:38:20 INFO mapreduce.Job:  map 51% reduce 10%
20/06/10 11:38:21 INFO mapreduce.Job:  map 51% reduce 11%
20/06/10 11:38:23 INFO mapreduce.Job:  map 52% reduce 11%
20/06/10 11:38:24 INFO mapreduce.Job:  map 52% reduce 12%
20/06/10 11:38:25 INFO mapreduce.Job:  map 53% reduce 12%
20/06/10 11:38:26 INFO mapreduce.Job:  map 54% reduce 12%
20/06/10 11:38:28 INFO mapreduce.Job:  map 55% reduce 12%
20/06/10 11:38:29 INFO mapreduce.Job:  map 56% reduce 12%
20/06/10 11:38:30 INFO mapreduce.Job:  map 56% reduce 13%
20/06/10 11:38:31 INFO mapreduce.Job:  map 57% reduce 13%
20/06/10 11:38:32 INFO mapreduce.Job:  map 58% reduce 13%
20/06/10 11:38:33 INFO mapreduce.Job:  map 59% reduce 13%
20/06/10 11:38:35 INFO mapreduce.Job:  map 60% reduce 13%
20/06/10 11:38:36 INFO mapreduce.Job:  map 61% reduce 14%
20/06/10 11:38:39 INFO mapreduce.Job:  map 62% reduce 14%
20/06/10 11:38:42 INFO mapreduce.Job:  map 64% reduce 14%
20/06/10 11:38:44 INFO mapreduce.Job:  map 65% reduce 14%
20/06/10 11:38:45 INFO mapreduce.Job:  map 66% reduce 14%
20/06/10 11:38:46 INFO mapreduce.Job:  map 67% reduce 15%
20/06/10 11:38:48 INFO mapreduce.Job:  map 70% reduce 15%
20/06/10 11:38:49 INFO mapreduce.Job:  map 71% reduce 16%
20/06/10 11:38:51 INFO mapreduce.Job:  map 71% reduce 17%
20/06/10 11:38:52 INFO mapreduce.Job:  map 72% reduce 17%
20/06/10 11:38:53 INFO mapreduce.Job:  map 73% reduce 17%
20/06/10 11:38:55 INFO mapreduce.Job:  map 74% reduce 17%
20/06/10 11:38:57 INFO mapreduce.Job:  map 74% reduce 18%
20/06/10 11:39:02 INFO mapreduce.Job:  map 75% reduce 18%
20/06/10 11:39:03 INFO mapreduce.Job:  map 75% reduce 19%
20/06/10 11:39:06 INFO mapreduce.Job:  map 76% reduce 19%
20/06/10 11:39:08 INFO mapreduce.Job:  map 77% reduce 19%
20/06/10 11:39:09 INFO mapreduce.Job:  map 78% reduce 19%
20/06/10 11:39:10 INFO mapreduce.Job:  map 79% reduce 19%
20/06/10 11:39:11 INFO mapreduce.Job:  map 80% reduce 19%
20/06/10 11:39:12 INFO mapreduce.Job:  map 82% reduce 19%
20/06/10 11:39:13 INFO mapreduce.Job:  map 83% reduce 20%
20/06/10 11:39:15 INFO mapreduce.Job:  map 84% reduce 20%
20/06/10 11:39:17 INFO mapreduce.Job:  map 84% reduce 21%
20/06/10 11:39:18 INFO mapreduce.Job:  map 85% reduce 21%
20/06/10 11:39:21 INFO mapreduce.Job:  map 86% reduce 21%
20/06/10 11:39:22 INFO mapreduce.Job:  map 87% reduce 21%
20/06/10 11:39:23 INFO mapreduce.Job:  map 87% reduce 22%
20/06/10 11:39:24 INFO mapreduce.Job:  map 88% reduce 22%
20/06/10 11:39:26 INFO mapreduce.Job:  map 88% reduce 23%
20/06/10 11:39:29 INFO mapreduce.Job:  map 89% reduce 23%
20/06/10 11:39:31 INFO mapreduce.Job:  map 90% reduce 23%
20/06/10 11:39:33 INFO mapreduce.Job:  map 91% reduce 23%
20/06/10 11:39:34 INFO mapreduce.Job:  map 93% reduce 23%
20/06/10 11:39:35 INFO mapreduce.Job:  map 94% reduce 23%
20/06/10 11:39:37 INFO mapreduce.Job:  map 95% reduce 24%
20/06/10 11:39:38 INFO mapreduce.Job:  map 96% reduce 24%
20/06/10 11:39:40 INFO mapreduce.Job:  map 97% reduce 24%
20/06/10 11:39:41 INFO mapreduce.Job:  map 98% reduce 24%
20/06/10 11:39:43 INFO mapreduce.Job:  map 99% reduce 25%
20/06/10 11:39:46 INFO mapreduce.Job:  map 99% reduce 26%
20/06/10 11:39:52 INFO mapreduce.Job:  map 100% reduce 27%
20/06/10 11:39:53 INFO mapreduce.Job:  map 100% reduce 29%
20/06/10 11:39:55 INFO mapreduce.Job:  map 100% reduce 30%
20/06/10 11:39:56 INFO mapreduce.Job:  map 100% reduce 39%
20/06/10 11:39:59 INFO mapreduce.Job:  map 100% reduce 40%
20/06/10 11:40:05 INFO mapreduce.Job:  map 100% reduce 41%
20/06/10 11:40:08 INFO mapreduce.Job:  map 100% reduce 42%
20/06/10 11:40:13 INFO mapreduce.Job:  map 100% reduce 43%
20/06/10 11:40:14 INFO mapreduce.Job:  map 100% reduce 44%
20/06/10 11:40:16 INFO mapreduce.Job:  map 100% reduce 45%
20/06/10 11:40:19 INFO mapreduce.Job:  map 100% reduce 46%
20/06/10 11:40:20 INFO mapreduce.Job:  map 100% reduce 47%
20/06/10 11:40:23 INFO mapreduce.Job:  map 100% reduce 49%
20/06/10 11:40:26 INFO mapreduce.Job:  map 100% reduce 50%
20/06/10 11:40:31 INFO mapreduce.Job:  map 100% reduce 51%
20/06/10 11:40:34 INFO mapreduce.Job:  map 100% reduce 52%
20/06/10 11:40:38 INFO mapreduce.Job:  map 100% reduce 53%
20/06/10 11:40:40 INFO mapreduce.Job:  map 100% reduce 54%
20/06/10 11:40:41 INFO mapreduce.Job:  map 100% reduce 55%
20/06/10 11:40:43 INFO mapreduce.Job:  map 100% reduce 71%
20/06/10 11:40:46 INFO mapreduce.Job:  map 100% reduce 78%
20/06/10 11:40:49 INFO mapreduce.Job:  map 100% reduce 79%
20/06/10 11:40:52 INFO mapreduce.Job:  map 100% reduce 81%
20/06/10 11:40:55 INFO mapreduce.Job:  map 100% reduce 82%
20/06/10 11:40:58 INFO mapreduce.Job:  map 100% reduce 84%
20/06/10 11:41:01 INFO mapreduce.Job:  map 100% reduce 86%
20/06/10 11:41:04 INFO mapreduce.Job:  map 100% reduce 88%
20/06/10 11:41:07 INFO mapreduce.Job:  map 100% reduce 89%
20/06/10 11:41:10 INFO mapreduce.Job:  map 100% reduce 90%
20/06/10 11:41:16 INFO mapreduce.Job:  map 100% reduce 91%
20/06/10 11:41:22 INFO mapreduce.Job:  map 100% reduce 92%
20/06/10 11:41:25 INFO mapreduce.Job:  map 100% reduce 93%
20/06/10 11:41:31 INFO mapreduce.Job:  map 100% reduce 94%
20/06/10 11:41:37 INFO mapreduce.Job:  map 100% reduce 95%
20/06/10 11:41:43 INFO mapreduce.Job:  map 100% reduce 96%
20/06/10 11:41:46 INFO mapreduce.Job:  map 100% reduce 97%
20/06/10 11:41:52 INFO mapreduce.Job:  map 100% reduce 98%
20/06/10 11:41:55 INFO mapreduce.Job:  map 100% reduce 99%
20/06/10 11:41:58 INFO mapreduce.Job:  map 100% reduce 100%
20/06/10 11:42:02 INFO mapreduce.Job: Job job_1591756557285_0002 completed successfully
20/06/10 11:42:02 INFO mapreduce.Job: Counters: 52
	File System Counters
		FILE: Number of bytes read=31974937175
		FILE: Number of bytes written=42735483403
		FILE: Number of read operations=0
		FILE: Number of large read operations=0
		FILE: Number of write operations=0
		HDFS: Number of bytes read=10774052427
		HDFS: Number of bytes written=10772843186
		HDFS: Number of read operations=329
		HDFS: Number of large read operations=0
		HDFS: Number of write operations=6
	Job Counters 
		Killed map tasks=2
		Killed reduce tasks=1
		Launched map tasks=82
		Launched reduce tasks=4
		Data-local map tasks=80
		Rack-local map tasks=2
		Total time spent by all maps in occupied slots (ms)=1667842
		Total time spent by all reduces in occupied slots (ms)=800769
		Total time spent by all map tasks (ms)=1667842
		Total time spent by all reduce tasks (ms)=800769
		Total vcore-milliseconds taken by all map tasks=1667842
		Total vcore-milliseconds taken by all reduce tasks=800769
		Total megabyte-milliseconds taken by all map tasks=1707870208
		Total megabyte-milliseconds taken by all reduce tasks=819987456
	Map-Reduce Framework
		Map input records=1021648
		Map output records=1021648
		Map output bytes=10745664194
		Map output materialized bytes=10751410161
		Input split bytes=9040
		Combine input records=0
		Combine output records=0
		Reduce input groups=1021648
		Reduce shuffle bytes=10751410161
		Reduce input records=1021648
		Reduce output records=1021648
		Spilled Records=4060089
		Shuffled Maps =240
		Failed Shuffles=0
		Merged Map outputs=240
		GC time elapsed (ms)=14076
		CPU time spent (ms)=257500
		Physical memory (bytes) snapshot=22022811648
		Virtual memory (bytes) snapshot=175113150464
		Total committed heap usage (bytes)=16314269696
	Shuffle Errors
		BAD_ID=0
		CONNECTION=0
		IO_ERROR=0
		WRONG_LENGTH=0
		WRONG_MAP=0
		WRONG_REDUCE=0
	File Input Format Counters 
		Bytes Read=10774043387
	File Output Format Counters 
		Bytes Written=10772843186
