20/06/12 23:12:38 INFO client.RMProxy: Connecting to ResourceManager at master/10.51.17.95:8032
20/06/12 23:12:38 INFO client.RMProxy: Connecting to ResourceManager at master/10.51.17.95:8032
20/06/12 23:12:39 INFO input.FileInputFormat: Total input paths to process : 10
20/06/12 23:12:39 INFO mapreduce.JobSubmitter: number of splits:80
20/06/12 23:12:40 INFO mapreduce.JobSubmitter: Submitting tokens for job: job_1591971012417_0002
20/06/12 23:12:40 INFO impl.YarnClientImpl: Submitted application application_1591971012417_0002
20/06/12 23:12:40 INFO mapreduce.Job: The url to track the job: http://master:8088/proxy/application_1591971012417_0002/
20/06/12 23:12:40 INFO mapreduce.Job: Running job: job_1591971012417_0002
20/06/12 23:12:52 INFO mapreduce.Job: Job job_1591971012417_0002 running in uber mode : false
20/06/12 23:12:52 INFO mapreduce.Job:  map 0% reduce 0%
20/06/12 23:13:10 INFO mapreduce.Job:  map 6% reduce 0%
20/06/12 23:13:12 INFO mapreduce.Job:  map 12% reduce 0%
20/06/12 23:13:15 INFO mapreduce.Job:  map 13% reduce 0%
20/06/12 23:13:20 INFO mapreduce.Job:  map 14% reduce 0%
20/06/12 23:13:22 INFO mapreduce.Job:  map 15% reduce 0%
20/06/12 23:13:23 INFO mapreduce.Job:  map 16% reduce 0%
20/06/12 23:13:24 INFO mapreduce.Job:  map 18% reduce 0%
20/06/12 23:13:25 INFO mapreduce.Job:  map 20% reduce 0%
20/06/12 23:13:26 INFO mapreduce.Job:  map 21% reduce 0%
20/06/12 23:13:33 INFO mapreduce.Job:  map 22% reduce 0%
20/06/12 23:13:43 INFO mapreduce.Job:  map 27% reduce 0%
20/06/12 23:13:46 INFO mapreduce.Job:  map 29% reduce 1%
20/06/12 23:13:47 INFO mapreduce.Job:  map 31% reduce 1%
20/06/12 23:13:52 INFO mapreduce.Job:  map 32% reduce 2%
20/06/12 23:13:55 INFO mapreduce.Job:  map 33% reduce 3%
20/06/12 23:13:59 INFO mapreduce.Job:  map 33% reduce 5%
20/06/12 23:14:02 INFO mapreduce.Job:  map 34% reduce 5%
20/06/12 23:14:05 INFO mapreduce.Job:  map 35% reduce 6%
20/06/12 23:14:08 INFO mapreduce.Job:  map 36% reduce 6%
20/06/12 23:14:11 INFO mapreduce.Job:  map 36% reduce 7%
20/06/12 23:14:12 INFO mapreduce.Job:  map 37% reduce 7%
20/06/12 23:14:14 INFO mapreduce.Job:  map 37% reduce 8%
20/06/12 23:14:17 INFO mapreduce.Job:  map 38% reduce 8%
20/06/12 23:14:20 INFO mapreduce.Job:  map 39% reduce 8%
20/06/12 23:14:23 INFO mapreduce.Job:  map 39% reduce 9%
20/06/12 23:14:26 INFO mapreduce.Job:  map 40% reduce 9%
20/06/12 23:14:29 INFO mapreduce.Job:  map 40% reduce 10%
20/06/12 23:14:31 INFO mapreduce.Job:  map 41% reduce 10%
20/06/12 23:14:34 INFO mapreduce.Job:  map 42% reduce 10%
20/06/12 23:14:41 INFO mapreduce.Job:  map 43% reduce 11%
20/06/12 23:14:45 INFO mapreduce.Job:  map 44% reduce 11%
20/06/12 23:14:51 INFO mapreduce.Job:  map 45% reduce 11%
20/06/12 23:15:02 INFO mapreduce.Job:  map 46% reduce 11%
20/06/12 23:15:05 INFO mapreduce.Job:  map 47% reduce 11%
20/06/12 23:15:07 INFO mapreduce.Job:  map 48% reduce 11%
20/06/12 23:15:13 INFO mapreduce.Job:  map 49% reduce 11%
20/06/12 23:15:16 INFO mapreduce.Job:  map 50% reduce 11%
20/06/12 23:15:19 INFO mapreduce.Job:  map 51% reduce 11%
20/06/12 23:15:24 INFO mapreduce.Job:  map 52% reduce 11%
20/06/12 23:15:27 INFO mapreduce.Job:  map 53% reduce 11%
20/06/12 23:15:33 INFO mapreduce.Job:  map 54% reduce 11%
20/06/12 23:15:36 INFO mapreduce.Job:  map 55% reduce 11%
20/06/12 23:15:39 INFO mapreduce.Job:  map 56% reduce 11%
20/06/12 23:15:40 INFO mapreduce.Job:  map 57% reduce 11%
20/06/12 23:15:42 INFO mapreduce.Job:  map 59% reduce 11%
20/06/12 23:15:45 INFO mapreduce.Job:  map 60% reduce 11%
20/06/12 23:15:48 INFO mapreduce.Job:  map 61% reduce 11%
20/06/12 23:15:49 INFO mapreduce.Job:  map 61% reduce 12%
20/06/12 23:15:52 INFO mapreduce.Job:  map 62% reduce 12%
20/06/12 23:15:55 INFO mapreduce.Job:  map 63% reduce 12%
20/06/12 23:15:56 INFO mapreduce.Job:  map 63% reduce 13%
20/06/12 23:15:57 INFO mapreduce.Job:  map 64% reduce 13%
20/06/12 23:15:59 INFO mapreduce.Job:  map 65% reduce 13%
20/06/12 23:16:02 INFO mapreduce.Job:  map 66% reduce 13%
20/06/12 23:16:04 INFO mapreduce.Job:  map 66% reduce 14%
20/06/12 23:16:06 INFO mapreduce.Job:  map 67% reduce 14%
20/06/12 23:16:12 INFO mapreduce.Job:  map 68% reduce 14%
20/06/12 23:16:14 INFO mapreduce.Job:  map 69% reduce 14%
20/06/12 23:16:15 INFO mapreduce.Job:  map 70% reduce 14%
20/06/12 23:16:16 INFO mapreduce.Job:  map 71% reduce 14%
20/06/12 23:16:20 INFO mapreduce.Job:  map 72% reduce 14%
20/06/12 23:16:22 INFO mapreduce.Job:  map 73% reduce 14%
20/06/12 23:16:26 INFO mapreduce.Job:  map 74% reduce 14%
20/06/12 23:16:30 INFO mapreduce.Job:  map 75% reduce 14%
20/06/12 23:16:33 INFO mapreduce.Job:  map 76% reduce 14%
20/06/12 23:16:35 INFO mapreduce.Job:  map 77% reduce 15%
20/06/12 23:16:36 INFO mapreduce.Job:  map 78% reduce 15%
20/06/12 23:16:39 INFO mapreduce.Job:  map 79% reduce 15%
20/06/12 23:16:40 INFO mapreduce.Job:  map 79% reduce 16%
20/06/12 23:16:41 INFO mapreduce.Job:  map 80% reduce 16%
20/06/12 23:16:44 INFO mapreduce.Job:  map 80% reduce 17%
20/06/12 23:16:49 INFO mapreduce.Job:  map 81% reduce 17%
20/06/12 23:16:54 INFO mapreduce.Job:  map 82% reduce 17%
20/06/12 23:16:58 INFO mapreduce.Job:  map 83% reduce 17%
20/06/12 23:17:02 INFO mapreduce.Job:  map 84% reduce 17%
20/06/12 23:17:08 INFO mapreduce.Job:  map 85% reduce 17%
20/06/12 23:17:14 INFO mapreduce.Job:  map 86% reduce 17%
20/06/12 23:17:23 INFO mapreduce.Job:  map 87% reduce 17%
20/06/12 23:17:25 INFO mapreduce.Job:  map 88% reduce 17%
20/06/12 23:17:28 INFO mapreduce.Job:  map 88% reduce 18%
20/06/12 23:17:33 INFO mapreduce.Job:  map 89% reduce 18%
20/06/12 23:17:35 INFO mapreduce.Job:  map 90% reduce 18%
20/06/12 23:17:36 INFO mapreduce.Job:  map 91% reduce 18%
20/06/12 23:17:38 INFO mapreduce.Job:  map 91% reduce 19%
20/06/12 23:17:39 INFO mapreduce.Job:  map 91% reduce 20%
20/06/12 23:17:43 INFO mapreduce.Job:  map 92% reduce 20%
20/06/12 23:17:47 INFO mapreduce.Job:  map 93% reduce 20%
20/06/12 23:17:48 INFO mapreduce.Job:  map 93% reduce 21%
20/06/12 23:17:53 INFO mapreduce.Job:  map 94% reduce 21%
20/06/12 23:17:54 INFO mapreduce.Job:  map 94% reduce 22%
20/06/12 23:18:00 INFO mapreduce.Job:  map 94% reduce 23%
20/06/12 23:18:02 INFO mapreduce.Job:  map 95% reduce 23%
20/06/12 23:18:03 INFO mapreduce.Job:  map 96% reduce 23%
20/06/12 23:18:04 INFO mapreduce.Job:  map 97% reduce 23%
20/06/12 23:18:06 INFO mapreduce.Job:  map 98% reduce 24%
20/06/12 23:18:09 INFO mapreduce.Job:  map 98% reduce 25%
20/06/12 23:18:12 INFO mapreduce.Job:  map 99% reduce 25%
20/06/12 23:18:15 INFO mapreduce.Job:  map 100% reduce 26%
20/06/12 23:18:21 INFO mapreduce.Job:  map 100% reduce 27%
20/06/12 23:18:24 INFO mapreduce.Job:  map 100% reduce 28%
20/06/12 23:18:29 INFO mapreduce.Job:  map 100% reduce 29%
20/06/12 23:18:33 INFO mapreduce.Job:  map 100% reduce 30%
20/06/12 23:18:38 INFO mapreduce.Job:  map 100% reduce 41%
20/06/12 23:18:41 INFO mapreduce.Job:  map 100% reduce 43%
20/06/12 23:18:45 INFO mapreduce.Job:  map 100% reduce 44%
20/06/12 23:18:46 INFO mapreduce.Job:  map 100% reduce 45%
20/06/12 23:18:47 INFO mapreduce.Job:  map 100% reduce 46%
20/06/12 23:18:48 INFO mapreduce.Job:  map 100% reduce 54%
20/06/12 23:18:50 INFO mapreduce.Job:  map 100% reduce 55%
20/06/12 23:18:51 INFO mapreduce.Job:  map 100% reduce 58%
20/06/12 23:18:53 INFO mapreduce.Job:  map 100% reduce 59%
20/06/12 23:18:55 INFO mapreduce.Job:  map 100% reduce 71%
20/06/12 23:18:57 INFO mapreduce.Job:  map 100% reduce 72%
20/06/12 23:18:59 INFO mapreduce.Job:  map 100% reduce 73%
20/06/12 23:19:01 INFO mapreduce.Job:  map 100% reduce 74%
20/06/12 23:19:02 INFO mapreduce.Job:  map 100% reduce 75%
20/06/12 23:19:04 INFO mapreduce.Job:  map 100% reduce 76%
20/06/12 23:19:06 INFO mapreduce.Job:  map 100% reduce 77%
20/06/12 23:19:08 INFO mapreduce.Job:  map 100% reduce 78%
20/06/12 23:19:10 INFO mapreduce.Job:  map 100% reduce 79%
20/06/12 23:19:11 INFO mapreduce.Job:  map 100% reduce 80%
20/06/12 23:19:13 INFO mapreduce.Job:  map 100% reduce 81%
20/06/12 23:19:17 INFO mapreduce.Job:  map 100% reduce 82%
20/06/12 23:19:18 INFO mapreduce.Job:  map 100% reduce 83%
20/06/12 23:19:20 INFO mapreduce.Job:  map 100% reduce 84%
20/06/12 23:19:23 INFO mapreduce.Job:  map 100% reduce 85%
20/06/12 23:19:24 INFO mapreduce.Job:  map 100% reduce 86%
20/06/12 23:19:25 INFO mapreduce.Job:  map 100% reduce 87%
20/06/12 23:19:27 INFO mapreduce.Job:  map 100% reduce 88%
20/06/12 23:19:30 INFO mapreduce.Job:  map 100% reduce 89%
20/06/12 23:19:33 INFO mapreduce.Job:  map 100% reduce 90%
20/06/12 23:19:34 INFO mapreduce.Job:  map 100% reduce 91%
20/06/12 23:19:36 INFO mapreduce.Job:  map 100% reduce 92%
20/06/12 23:19:37 INFO mapreduce.Job:  map 100% reduce 93%
20/06/12 23:19:39 INFO mapreduce.Job:  map 100% reduce 94%
20/06/12 23:19:40 INFO mapreduce.Job:  map 100% reduce 95%
20/06/12 23:19:43 INFO mapreduce.Job:  map 100% reduce 96%
20/06/12 23:19:45 INFO mapreduce.Job:  map 100% reduce 97%
20/06/12 23:19:46 INFO mapreduce.Job:  map 100% reduce 98%
20/06/12 23:19:49 INFO mapreduce.Job:  map 100% reduce 99%
20/06/12 23:19:52 INFO mapreduce.Job:  map 100% reduce 100%
20/06/12 23:19:53 INFO mapreduce.Job: Job job_1591971012417_0002 completed successfully
20/06/12 23:19:53 INFO mapreduce.Job: Counters: 51
	File System Counters
		FILE: Number of bytes read=31973782935
		FILE: Number of bytes written=42734344154
		FILE: Number of read operations=0
		FILE: Number of large read operations=0
		FILE: Number of write operations=0
		HDFS: Number of bytes read=10774153035
		HDFS: Number of bytes written=10772851264
		HDFS: Number of read operations=329
		HDFS: Number of large read operations=0
		HDFS: Number of write operations=6
	Job Counters 
		Killed map tasks=2
		Launched map tasks=82
		Launched reduce tasks=3
		Data-local map tasks=72
		Rack-local map tasks=10
		Total time spent by all maps in occupied slots (ms)=3244005
		Total time spent by all reduces in occupied slots (ms)=1119168
		Total time spent by all map tasks (ms)=3244005
		Total time spent by all reduce tasks (ms)=1119168
		Total vcore-milliseconds taken by all map tasks=3244005
		Total vcore-milliseconds taken by all reduce tasks=1119168
		Total megabyte-milliseconds taken by all map tasks=3321861120
		Total megabyte-milliseconds taken by all reduce tasks=1146028032
	Map-Reduce Framework
		Map input records=1022602
		Map output records=1022602
		Map output bytes=10745651580
		Map output materialized bytes=10751402099
		Input split bytes=9040
		Combine input records=0
		Combine output records=0
		Reduce input groups=1022602
		Reduce shuffle bytes=10751402099
		Reduce input records=1022602
		Reduce output records=1022602
		Spilled Records=4063792
		Shuffled Maps =240
		Failed Shuffles=0
		Merged Map outputs=240
		GC time elapsed (ms)=14953
		CPU time spent (ms)=259040
		Physical memory (bytes) snapshot=22012280832
		Virtual memory (bytes) snapshot=175108448256
		Total committed heap usage (bytes)=16105603072
	Shuffle Errors
		BAD_ID=0
		CONNECTION=0
		IO_ERROR=0
		WRONG_LENGTH=0
		WRONG_MAP=0
		WRONG_REDUCE=0
	File Input Format Counters 
		Bytes Read=10774143995
	File Output Format Counters 
		Bytes Written=10772851264
