20/06/08 02:17:44 INFO client.RMProxy: Connecting to ResourceManager at master/10.51.17.95:8032
20/06/08 02:17:45 INFO input.FileInputFormat: Total input paths to process : 10
20/06/08 02:17:45 INFO mapreduce.JobSubmitter: number of splits:90
20/06/08 02:17:46 INFO mapreduce.JobSubmitter: Submitting tokens for job: job_1591548455229_0012
20/06/08 02:17:46 INFO impl.YarnClientImpl: Submitted application application_1591548455229_0012
20/06/08 02:17:46 INFO mapreduce.Job: The url to track the job: http://master:8088/proxy/application_1591548455229_0012/
20/06/08 02:17:46 INFO mapreduce.Job: Running job: job_1591548455229_0012
20/06/08 02:17:53 INFO mapreduce.Job: Job job_1591548455229_0012 running in uber mode : false
20/06/08 02:17:53 INFO mapreduce.Job:  map 0% reduce 0%
20/06/08 02:18:07 INFO mapreduce.Job:  map 1% reduce 0%
20/06/08 02:18:09 INFO mapreduce.Job:  map 2% reduce 0%
20/06/08 02:18:10 INFO mapreduce.Job:  map 3% reduce 0%
20/06/08 02:18:20 INFO mapreduce.Job:  map 4% reduce 0%
20/06/08 02:18:26 INFO mapreduce.Job:  map 5% reduce 0%
20/06/08 02:18:28 INFO mapreduce.Job:  map 6% reduce 0%
20/06/08 02:18:35 INFO mapreduce.Job:  map 7% reduce 0%
20/06/08 02:18:38 INFO mapreduce.Job:  map 8% reduce 0%
20/06/08 02:18:44 INFO mapreduce.Job:  map 9% reduce 0%
20/06/08 02:18:47 INFO mapreduce.Job:  map 10% reduce 0%
20/06/08 02:18:52 INFO mapreduce.Job:  map 11% reduce 0%
20/06/08 02:18:53 INFO mapreduce.Job:  map 12% reduce 0%
20/06/08 02:18:59 INFO mapreduce.Job:  map 13% reduce 0%
20/06/08 02:19:05 INFO mapreduce.Job:  map 15% reduce 0%
20/06/08 02:19:08 INFO mapreduce.Job:  map 16% reduce 0%
20/06/08 02:19:10 INFO mapreduce.Job:  map 17% reduce 0%
20/06/08 02:19:14 INFO mapreduce.Job:  map 18% reduce 0%
20/06/08 02:19:20 INFO mapreduce.Job:  map 18% reduce 5%
20/06/08 02:19:21 INFO mapreduce.Job:  map 19% reduce 5%
20/06/08 02:19:24 INFO mapreduce.Job:  map 20% reduce 5%
20/06/08 02:19:31 INFO mapreduce.Job:  map 21% reduce 5%
20/06/08 02:19:35 INFO mapreduce.Job:  map 22% reduce 5%
20/06/08 02:19:38 INFO mapreduce.Job:  map 23% reduce 5%
20/06/08 02:19:39 INFO mapreduce.Job:  map 23% reduce 6%
20/06/08 02:19:45 INFO mapreduce.Job:  map 24% reduce 6%
20/06/08 02:19:46 INFO mapreduce.Job:  map 25% reduce 6%
20/06/08 02:19:48 INFO mapreduce.Job:  map 25% reduce 7%
20/06/08 02:19:50 INFO mapreduce.Job:  map 26% reduce 7%
20/06/08 02:19:56 INFO mapreduce.Job:  map 27% reduce 7%
20/06/08 02:19:58 INFO mapreduce.Job:  map 28% reduce 7%
20/06/08 02:20:03 INFO mapreduce.Job:  map 29% reduce 7%
20/06/08 02:20:10 INFO mapreduce.Job:  map 30% reduce 7%
20/06/08 02:20:11 INFO mapreduce.Job:  map 31% reduce 7%
20/06/08 02:20:12 INFO mapreduce.Job:  map 31% reduce 9%
20/06/08 02:20:13 INFO mapreduce.Job:  map 32% reduce 9%
20/06/08 02:20:17 INFO mapreduce.Job:  map 33% reduce 9%
20/06/08 02:20:19 INFO mapreduce.Job:  map 33% reduce 10%
20/06/08 02:20:24 INFO mapreduce.Job:  map 34% reduce 10%
20/06/08 02:20:26 INFO mapreduce.Job:  map 35% reduce 10%
20/06/08 02:20:31 INFO mapreduce.Job:  map 36% reduce 10%
20/06/08 02:20:35 INFO mapreduce.Job:  map 37% reduce 10%
20/06/08 02:20:37 INFO mapreduce.Job:  map 37% reduce 11%
20/06/08 02:20:39 INFO mapreduce.Job:  map 38% reduce 11%
20/06/08 02:20:42 INFO mapreduce.Job:  map 39% reduce 11%
20/06/08 02:20:43 INFO mapreduce.Job:  map 39% reduce 12%
20/06/08 02:20:45 INFO mapreduce.Job:  map 40% reduce 12%
20/06/08 02:20:50 INFO mapreduce.Job:  map 41% reduce 12%
20/06/08 02:20:57 INFO mapreduce.Job:  map 42% reduce 12%
20/06/08 02:21:02 INFO mapreduce.Job:  map 43% reduce 12%
20/06/08 02:21:06 INFO mapreduce.Job:  map 44% reduce 12%
20/06/08 02:21:13 INFO mapreduce.Job:  map 45% reduce 12%
20/06/08 02:21:15 INFO mapreduce.Job:  map 46% reduce 12%
20/06/08 02:21:16 INFO mapreduce.Job:  map 47% reduce 12%
20/06/08 02:21:17 INFO mapreduce.Job:  map 47% reduce 14%
20/06/08 02:21:20 INFO mapreduce.Job:  map 48% reduce 14%
20/06/08 02:21:24 INFO mapreduce.Job:  map 49% reduce 14%
20/06/08 02:21:26 INFO mapreduce.Job:  map 49% reduce 15%
20/06/08 02:21:29 INFO mapreduce.Job:  map 50% reduce 15%
20/06/08 02:21:31 INFO mapreduce.Job:  map 51% reduce 15%
20/06/08 02:21:34 INFO mapreduce.Job:  map 52% reduce 15%
20/06/08 02:21:36 INFO mapreduce.Job:  map 52% reduce 17%
20/06/08 02:21:39 INFO mapreduce.Job:  map 53% reduce 17%
20/06/08 02:21:44 INFO mapreduce.Job:  map 54% reduce 17%
20/06/08 02:21:48 INFO mapreduce.Job:  map 55% reduce 17%
20/06/08 02:21:54 INFO mapreduce.Job:  map 56% reduce 17%
20/06/08 02:21:58 INFO mapreduce.Job:  map 57% reduce 17%
20/06/08 02:22:04 INFO mapreduce.Job:  map 58% reduce 17%
20/06/08 02:22:08 INFO mapreduce.Job:  map 59% reduce 17%
20/06/08 02:22:15 INFO mapreduce.Job:  map 60% reduce 17%
20/06/08 02:22:18 INFO mapreduce.Job:  map 61% reduce 17%
20/06/08 02:22:20 INFO mapreduce.Job:  map 62% reduce 17%
20/06/08 02:22:22 INFO mapreduce.Job:  map 62% reduce 19%
20/06/08 02:22:24 INFO mapreduce.Job:  map 63% reduce 19%
20/06/08 02:22:25 INFO mapreduce.Job:  map 64% reduce 19%
20/06/08 02:22:27 INFO mapreduce.Job:  map 64% reduce 20%
20/06/08 02:22:29 INFO mapreduce.Job:  map 65% reduce 20%
20/06/08 02:22:30 INFO mapreduce.Job:  map 65% reduce 21%
20/06/08 02:22:32 INFO mapreduce.Job:  map 66% reduce 21%
20/06/08 02:22:34 INFO mapreduce.Job:  map 67% reduce 21%
20/06/08 02:22:36 INFO mapreduce.Job:  map 67% reduce 22%
20/06/08 02:22:41 INFO mapreduce.Job:  map 68% reduce 22%
20/06/08 02:22:45 INFO mapreduce.Job:  map 69% reduce 22%
20/06/08 02:22:50 INFO mapreduce.Job:  map 70% reduce 22%
20/06/08 02:22:55 INFO mapreduce.Job:  map 71% reduce 22%
20/06/08 02:23:02 INFO mapreduce.Job:  map 72% reduce 22%
20/06/08 02:23:06 INFO mapreduce.Job:  map 73% reduce 22%
20/06/08 02:23:12 INFO mapreduce.Job:  map 74% reduce 22%
20/06/08 02:23:14 INFO mapreduce.Job:  map 75% reduce 22%
20/06/08 02:23:20 INFO mapreduce.Job:  map 76% reduce 22%
20/06/08 02:23:21 INFO mapreduce.Job:  map 77% reduce 22%
20/06/08 02:23:22 INFO mapreduce.Job:  map 77% reduce 23%
20/06/08 02:23:25 INFO mapreduce.Job:  map 78% reduce 24%
20/06/08 02:23:26 INFO mapreduce.Job:  map 79% reduce 24%
20/06/08 02:23:27 INFO mapreduce.Job:  map 80% reduce 24%
20/06/08 02:23:28 INFO mapreduce.Job:  map 80% reduce 26%
20/06/08 02:23:33 INFO mapreduce.Job:  map 81% reduce 26%
20/06/08 02:23:39 INFO mapreduce.Job:  map 83% reduce 26%
20/06/08 02:23:41 INFO mapreduce.Job:  map 85% reduce 27%
20/06/08 02:23:45 INFO mapreduce.Job:  map 86% reduce 27%
20/06/08 02:23:49 INFO mapreduce.Job:  map 87% reduce 27%
20/06/08 02:23:51 INFO mapreduce.Job:  map 88% reduce 27%
20/06/08 02:23:52 INFO mapreduce.Job:  map 88% reduce 28%
20/06/08 02:23:53 INFO mapreduce.Job:  map 89% reduce 28%
20/06/08 02:23:57 INFO mapreduce.Job:  map 90% reduce 28%
20/06/08 02:23:58 INFO mapreduce.Job:  map 91% reduce 28%
20/06/08 02:24:01 INFO mapreduce.Job:  map 92% reduce 29%
20/06/08 02:24:02 INFO mapreduce.Job:  map 93% reduce 29%
20/06/08 02:24:04 INFO mapreduce.Job:  map 94% reduce 29%
20/06/08 02:24:07 INFO mapreduce.Job:  map 95% reduce 30%
20/06/08 02:24:11 INFO mapreduce.Job:  map 96% reduce 30%
20/06/08 02:24:12 INFO mapreduce.Job:  map 97% reduce 30%
20/06/08 02:24:13 INFO mapreduce.Job:  map 98% reduce 31%
20/06/08 02:24:16 INFO mapreduce.Job:  map 98% reduce 32%
20/06/08 02:24:18 INFO mapreduce.Job:  map 99% reduce 32%
20/06/08 02:24:19 INFO mapreduce.Job:  map 100% reduce 32%
20/06/08 02:24:22 INFO mapreduce.Job:  map 100% reduce 69%
20/06/08 02:24:25 INFO mapreduce.Job:  map 100% reduce 75%
20/06/08 02:24:28 INFO mapreduce.Job:  map 100% reduce 82%
20/06/08 02:24:31 INFO mapreduce.Job:  map 100% reduce 88%
20/06/08 02:24:34 INFO mapreduce.Job:  map 100% reduce 99%
20/06/08 02:24:35 INFO mapreduce.Job:  map 100% reduce 100%
20/06/08 02:24:35 INFO mapreduce.Job: Job job_1591548455229_0012 completed successfully
20/06/08 02:24:36 INFO mapreduce.Job: Counters: 50
	File System Counters
		FILE: Number of bytes read=1480473517
		FILE: Number of bytes written=2207990932
		FILE: Number of read operations=0
		FILE: Number of large read operations=0
		FILE: Number of write operations=0
		HDFS: Number of bytes read=11025781145
		HDFS: Number of bytes written=346529393
		HDFS: Number of read operations=273
		HDFS: Number of large read operations=0
		HDFS: Number of write operations=2
	Job Counters 
		Killed map tasks=1
		Launched map tasks=91
		Launched reduce tasks=1
		Data-local map tasks=91
		Total time spent by all maps in occupied slots (ms)=4913875
		Total time spent by all reduces in occupied slots (ms)=327321
		Total time spent by all map tasks (ms)=4913875
		Total time spent by all reduce tasks (ms)=327321
		Total vcore-milliseconds taken by all map tasks=4913875
		Total vcore-milliseconds taken by all reduce tasks=327321
		Total megabyte-milliseconds taken by all map tasks=5031808000
		Total megabyte-milliseconds taken by all reduce tasks=335176704
	Map-Reduce Framework
		Map input records=724381
		Map output records=1009777872
		Map output bytes=15228287564
		Map output materialized bytes=716337771
		Input split bytes=10530
		Combine input records=1034550476
		Combine output records=47414581
		Reduce input groups=9906811
		Reduce shuffle bytes=716337771
		Reduce input records=22641977
		Reduce output records=9906811
		Spilled Records=70056558
		Shuffled Maps =90
		Failed Shuffles=0
		Merged Map outputs=90
		GC time elapsed (ms)=96686
		CPU time spent (ms)=1987470
		Physical memory (bytes) snapshot=25153335296
		Virtual memory (bytes) snapshot=191961772032
		Total committed heap usage (bytes)=18918408192
	Shuffle Errors
		BAD_ID=0
		CONNECTION=0
		IO_ERROR=0
		WRONG_LENGTH=0
		WRONG_MAP=0
		WRONG_REDUCE=0
	File Input Format Counters 
		Bytes Read=11025770615
	File Output Format Counters 
		Bytes Written=346529393
