20/06/09 09:09:23 INFO client.RMProxy: Connecting to ResourceManager at master/10.51.17.95:8032
20/06/09 09:09:24 INFO input.FileInputFormat: Total input paths to process : 10
20/06/09 09:09:24 INFO mapreduce.JobSubmitter: number of splits:50
20/06/09 09:09:25 INFO mapreduce.JobSubmitter: Submitting tokens for job: job_1591661293887_0002
20/06/09 09:09:25 INFO impl.YarnClientImpl: Submitted application application_1591661293887_0002
20/06/09 09:09:25 INFO mapreduce.Job: The url to track the job: http://master:8088/proxy/application_1591661293887_0002/
20/06/09 09:09:25 INFO mapreduce.Job: Running job: job_1591661293887_0002
20/06/09 09:09:30 INFO mapreduce.Job: Job job_1591661293887_0002 running in uber mode : false
20/06/09 09:09:30 INFO mapreduce.Job:  map 0% reduce 0%
20/06/09 09:09:44 INFO mapreduce.Job:  map 1% reduce 0%
20/06/09 09:09:46 INFO mapreduce.Job:  map 2% reduce 0%
20/06/09 09:09:53 INFO mapreduce.Job:  map 3% reduce 0%
20/06/09 09:10:02 INFO mapreduce.Job:  map 4% reduce 0%
20/06/09 09:10:04 INFO mapreduce.Job:  map 5% reduce 0%
20/06/09 09:10:12 INFO mapreduce.Job:  map 6% reduce 0%
20/06/09 09:10:15 INFO mapreduce.Job:  map 7% reduce 0%
20/06/09 09:10:23 INFO mapreduce.Job:  map 8% reduce 0%
20/06/09 09:10:27 INFO mapreduce.Job:  map 9% reduce 0%
20/06/09 09:10:36 INFO mapreduce.Job:  map 10% reduce 0%
20/06/09 09:10:39 INFO mapreduce.Job:  map 11% reduce 0%
20/06/09 09:10:45 INFO mapreduce.Job:  map 12% reduce 0%
20/06/09 09:10:49 INFO mapreduce.Job:  map 13% reduce 0%
20/06/09 09:10:57 INFO mapreduce.Job:  map 14% reduce 0%
20/06/09 09:10:59 INFO mapreduce.Job:  map 15% reduce 0%
20/06/09 09:11:03 INFO mapreduce.Job:  map 16% reduce 0%
20/06/09 09:11:09 INFO mapreduce.Job:  map 17% reduce 0%
20/06/09 09:11:13 INFO mapreduce.Job:  map 18% reduce 0%
20/06/09 09:11:16 INFO mapreduce.Job:  map 19% reduce 0%
20/06/09 09:11:18 INFO mapreduce.Job:  map 20% reduce 0%
20/06/09 09:11:21 INFO mapreduce.Job:  map 21% reduce 0%
20/06/09 09:11:25 INFO mapreduce.Job:  map 22% reduce 0%
20/06/09 09:11:30 INFO mapreduce.Job:  map 23% reduce 0%
20/06/09 09:11:32 INFO mapreduce.Job:  map 23% reduce 4%
20/06/09 09:11:36 INFO mapreduce.Job:  map 24% reduce 4%
20/06/09 09:11:42 INFO mapreduce.Job:  map 25% reduce 4%
20/06/09 09:11:44 INFO mapreduce.Job:  map 27% reduce 4%
20/06/09 09:11:46 INFO mapreduce.Job:  map 27% reduce 5%
20/06/09 09:11:47 INFO mapreduce.Job:  map 28% reduce 5%
20/06/09 09:11:48 INFO mapreduce.Job:  map 29% reduce 5%
20/06/09 09:11:49 INFO mapreduce.Job:  map 29% reduce 7%
20/06/09 09:11:50 INFO mapreduce.Job:  map 31% reduce 7%
20/06/09 09:11:53 INFO mapreduce.Job:  map 31% reduce 9%
20/06/09 09:12:01 INFO mapreduce.Job:  map 32% reduce 9%
20/06/09 09:12:04 INFO mapreduce.Job:  map 33% reduce 9%
20/06/09 09:12:10 INFO mapreduce.Job:  map 34% reduce 9%
20/06/09 09:12:17 INFO mapreduce.Job:  map 35% reduce 9%
20/06/09 09:12:21 INFO mapreduce.Job:  map 36% reduce 9%
20/06/09 09:12:27 INFO mapreduce.Job:  map 37% reduce 9%
20/06/09 09:12:30 INFO mapreduce.Job:  map 38% reduce 10%
20/06/09 09:12:35 INFO mapreduce.Job:  map 39% reduce 10%
20/06/09 09:12:36 INFO mapreduce.Job:  map 39% reduce 11%
20/06/09 09:12:40 INFO mapreduce.Job:  map 40% reduce 11%
20/06/09 09:12:42 INFO mapreduce.Job:  map 41% reduce 11%
20/06/09 09:12:45 INFO mapreduce.Job:  map 42% reduce 11%
20/06/09 09:12:48 INFO mapreduce.Job:  map 42% reduce 12%
20/06/09 09:12:51 INFO mapreduce.Job:  map 43% reduce 12%
20/06/09 09:12:56 INFO mapreduce.Job:  map 44% reduce 12%
20/06/09 09:12:58 INFO mapreduce.Job:  map 45% reduce 12%
20/06/09 09:13:00 INFO mapreduce.Job:  map 45% reduce 13%
20/06/09 09:13:04 INFO mapreduce.Job:  map 46% reduce 13%
20/06/09 09:13:10 INFO mapreduce.Job:  map 47% reduce 13%
20/06/09 09:13:16 INFO mapreduce.Job:  map 48% reduce 13%
20/06/09 09:13:22 INFO mapreduce.Job:  map 49% reduce 13%
20/06/09 09:13:28 INFO mapreduce.Job:  map 50% reduce 13%
20/06/09 09:13:32 INFO mapreduce.Job:  map 51% reduce 13%
20/06/09 09:13:38 INFO mapreduce.Job:  map 52% reduce 13%
20/06/09 09:13:43 INFO mapreduce.Job:  map 53% reduce 13%
20/06/09 09:13:48 INFO mapreduce.Job:  map 54% reduce 13%
20/06/09 09:13:56 INFO mapreduce.Job:  map 55% reduce 13%
20/06/09 09:13:57 INFO mapreduce.Job:  map 56% reduce 13%
20/06/09 09:13:59 INFO mapreduce.Job:  map 57% reduce 13%
20/06/09 09:14:00 INFO mapreduce.Job:  map 58% reduce 13%
20/06/09 09:14:01 INFO mapreduce.Job:  map 59% reduce 13%
20/06/09 09:14:02 INFO mapreduce.Job:  map 59% reduce 15%
20/06/09 09:14:04 INFO mapreduce.Job:  map 60% reduce 15%
20/06/09 09:14:05 INFO mapreduce.Job:  map 60% reduce 17%
20/06/09 09:14:06 INFO mapreduce.Job:  map 61% reduce 17%
20/06/09 09:14:08 INFO mapreduce.Job:  map 62% reduce 19%
20/06/09 09:14:11 INFO mapreduce.Job:  map 63% reduce 19%
20/06/09 09:14:14 INFO mapreduce.Job:  map 63% reduce 20%
20/06/09 09:14:15 INFO mapreduce.Job:  map 64% reduce 20%
20/06/09 09:14:17 INFO mapreduce.Job:  map 64% reduce 21%
20/06/09 09:14:18 INFO mapreduce.Job:  map 65% reduce 21%
20/06/09 09:14:19 INFO mapreduce.Job:  map 66% reduce 21%
20/06/09 09:14:21 INFO mapreduce.Job:  map 67% reduce 21%
20/06/09 09:14:22 INFO mapreduce.Job:  map 69% reduce 21%
20/06/09 09:14:24 INFO mapreduce.Job:  map 70% reduce 21%
20/06/09 09:14:26 INFO mapreduce.Job:  map 72% reduce 21%
20/06/09 09:14:30 INFO mapreduce.Job:  map 73% reduce 21%
20/06/09 09:14:32 INFO mapreduce.Job:  map 73% reduce 22%
20/06/09 09:14:34 INFO mapreduce.Job:  map 74% reduce 22%
20/06/09 09:14:35 INFO mapreduce.Job:  map 75% reduce 23%
20/06/09 09:14:36 INFO mapreduce.Job:  map 77% reduce 23%
20/06/09 09:14:38 INFO mapreduce.Job:  map 77% reduce 24%
20/06/09 09:14:41 INFO mapreduce.Job:  map 78% reduce 24%
20/06/09 09:14:44 INFO mapreduce.Job:  map 80% reduce 25%
20/06/09 09:14:48 INFO mapreduce.Job:  map 81% reduce 25%
20/06/09 09:14:50 INFO mapreduce.Job:  map 82% reduce 25%
20/06/09 09:14:51 INFO mapreduce.Job:  map 83% reduce 25%
20/06/09 09:14:52 INFO mapreduce.Job:  map 84% reduce 25%
20/06/09 09:14:53 INFO mapreduce.Job:  map 86% reduce 25%
20/06/09 09:14:55 INFO mapreduce.Job:  map 87% reduce 25%
20/06/09 09:14:58 INFO mapreduce.Job:  map 88% reduce 25%
20/06/09 09:14:59 INFO mapreduce.Job:  map 89% reduce 26%
20/06/09 09:15:02 INFO mapreduce.Job:  map 90% reduce 27%
20/06/09 09:15:03 INFO mapreduce.Job:  map 91% reduce 27%
20/06/09 09:15:05 INFO mapreduce.Job:  map 91% reduce 28%
20/06/09 09:15:12 INFO mapreduce.Job:  map 92% reduce 28%
20/06/09 09:15:15 INFO mapreduce.Job:  map 93% reduce 29%
20/06/09 09:15:17 INFO mapreduce.Job:  map 94% reduce 29%
20/06/09 09:15:21 INFO mapreduce.Job:  map 95% reduce 30%
20/06/09 09:15:27 INFO mapreduce.Job:  map 96% reduce 30%
20/06/09 09:15:30 INFO mapreduce.Job:  map 96% reduce 31%
20/06/09 09:15:45 INFO mapreduce.Job:  map 97% reduce 31%
20/06/09 09:16:08 INFO mapreduce.Job:  map 98% reduce 31%
20/06/09 09:16:09 INFO mapreduce.Job:  map 99% reduce 31%
20/06/09 09:16:10 INFO mapreduce.Job:  map 100% reduce 31%
20/06/09 09:16:12 INFO mapreduce.Job:  map 100% reduce 68%
20/06/09 09:16:15 INFO mapreduce.Job:  map 100% reduce 73%
20/06/09 09:16:18 INFO mapreduce.Job:  map 100% reduce 79%
20/06/09 09:16:21 INFO mapreduce.Job:  map 100% reduce 84%
20/06/09 09:16:24 INFO mapreduce.Job:  map 100% reduce 92%
20/06/09 09:16:27 INFO mapreduce.Job:  map 100% reduce 100%
20/06/09 09:16:27 INFO mapreduce.Job: Job job_1591661293887_0002 completed successfully
20/06/09 09:16:27 INFO mapreduce.Job: Counters: 51
	File System Counters
		FILE: Number of bytes read=1717308992
		FILE: Number of bytes written=2463458035
		FILE: Number of read operations=0
		FILE: Number of large read operations=0
		FILE: Number of write operations=0
		HDFS: Number of bytes read=11023593732
		HDFS: Number of bytes written=470071922
		HDFS: Number of read operations=153
		HDFS: Number of large read operations=0
		HDFS: Number of write operations=2
	Job Counters 
		Killed map tasks=4
		Launched map tasks=54
		Launched reduce tasks=1
		Data-local map tasks=51
		Rack-local map tasks=3
		Total time spent by all maps in occupied slots (ms)=4913063
		Total time spent by all reduces in occupied slots (ms)=307259
		Total time spent by all map tasks (ms)=4913063
		Total time spent by all reduce tasks (ms)=307259
		Total vcore-milliseconds taken by all map tasks=4913063
		Total vcore-milliseconds taken by all reduce tasks=307259
		Total megabyte-milliseconds taken by all map tasks=5030976512
		Total megabyte-milliseconds taken by all reduce tasks=314633216
	Map-Reduce Framework
		Map input records=266096
		Map output records=1009901218
		Map output bytes=19255535977
		Map output materialized bytes=739866368
		Input split bytes=5850
		Combine input records=1034799670
		Combine output records=45998913
		Reduce input groups=9844343
		Reduce shuffle bytes=739866368
		Reduce input records=21100461
		Reduce output records=9844343
		Spilled Records=70972854
		Shuffled Maps =50
		Failed Shuffles=0
		Merged Map outputs=50
		GC time elapsed (ms)=96549
		CPU time spent (ms)=1958490
		Physical memory (bytes) snapshot=14194868224
		Virtual memory (bytes) snapshot=107571810304
		Total committed heap usage (bytes)=10589044736
	Shuffle Errors
		BAD_ID=0
		CONNECTION=0
		IO_ERROR=0
		WRONG_LENGTH=0
		WRONG_MAP=0
		WRONG_REDUCE=0
	File Input Format Counters 
		Bytes Read=11023587882
	File Output Format Counters 
		Bytes Written=470071922
20/06/09 09:16:27 INFO client.RMProxy: Connecting to ResourceManager at master/10.51.17.95:8032
20/06/09 09:16:27 INFO input.FileInputFormat: Total input paths to process : 1
20/06/09 09:16:28 INFO mapreduce.JobSubmitter: number of splits:2
20/06/09 09:16:28 INFO mapreduce.JobSubmitter: Submitting tokens for job: job_1591661293887_0003
20/06/09 09:16:28 INFO impl.YarnClientImpl: Submitted application application_1591661293887_0003
20/06/09 09:16:28 INFO mapreduce.Job: The url to track the job: http://master:8088/proxy/application_1591661293887_0003/
20/06/09 09:16:28 INFO mapreduce.Job: Running job: job_1591661293887_0003
20/06/09 09:16:37 INFO mapreduce.Job: Job job_1591661293887_0003 running in uber mode : false
20/06/09 09:16:37 INFO mapreduce.Job:  map 0% reduce 0%
20/06/09 09:16:47 INFO mapreduce.Job:  map 45% reduce 0%
20/06/09 09:16:49 INFO mapreduce.Job:  map 62% reduce 0%
20/06/09 09:16:50 INFO mapreduce.Job:  map 69% reduce 0%
20/06/09 09:16:53 INFO mapreduce.Job:  map 76% reduce 0%
20/06/09 09:16:56 INFO mapreduce.Job:  map 83% reduce 0%
20/06/09 09:16:59 INFO mapreduce.Job:  map 94% reduce 17%
20/06/09 09:17:00 INFO mapreduce.Job:  map 100% reduce 17%
20/06/09 09:17:02 INFO mapreduce.Job:  map 100% reduce 68%
20/06/09 09:17:05 INFO mapreduce.Job:  map 100% reduce 86%
20/06/09 09:17:09 INFO mapreduce.Job:  map 100% reduce 96%
20/06/09 09:17:11 INFO mapreduce.Job:  map 100% reduce 100%
20/06/09 09:17:11 INFO mapreduce.Job: Job job_1591661293887_0003 completed successfully
20/06/09 09:17:11 INFO mapreduce.Job: Counters: 50
	File System Counters
		FILE: Number of bytes read=812825090
		FILE: Number of bytes written=1219605596
		FILE: Number of read operations=0
		FILE: Number of large read operations=0
		FILE: Number of write operations=0
		HDFS: Number of bytes read=470073855
		HDFS: Number of bytes written=328314747
		HDFS: Number of read operations=11
		HDFS: Number of large read operations=0
		HDFS: Number of write operations=2
	Job Counters 
		Killed map tasks=1
		Launched map tasks=3
		Launched reduce tasks=1
		Data-local map tasks=3
		Total time spent by all maps in occupied slots (ms)=41160
		Total time spent by all reduces in occupied slots (ms)=17925
		Total time spent by all map tasks (ms)=41160
		Total time spent by all reduce tasks (ms)=17925
		Total vcore-milliseconds taken by all map tasks=41160
		Total vcore-milliseconds taken by all reduce tasks=17925
		Total megabyte-milliseconds taken by all map tasks=42147840
		Total megabyte-milliseconds taken by all reduce tasks=18355200
	Map-Reduce Framework
		Map input records=9844343
		Map output records=9844343
		Map output bytes=386723832
		Map output materialized bytes=406412530
		Input split bytes=250
		Combine input records=0
		Combine output records=0
		Reduce input groups=1254
		Reduce shuffle bytes=406412530
		Reduce input records=9844343
		Reduce output records=9844343
		Spilled Records=29533029
		Shuffled Maps =2
		Failed Shuffles=0
		Merged Map outputs=2
		GC time elapsed (ms)=735
		CPU time spent (ms)=44270
		Physical memory (bytes) snapshot=752660480
		Virtual memory (bytes) snapshot=6334590976
		Total committed heap usage (bytes)=532152320
	Shuffle Errors
		BAD_ID=0
		CONNECTION=0
		IO_ERROR=0
		WRONG_LENGTH=0
		WRONG_MAP=0
		WRONG_REDUCE=0
	File Input Format Counters 
		Bytes Read=470073605
	File Output Format Counters 
		Bytes Written=328314747
