20/06/15 08:03:45 INFO client.RMProxy: Connecting to ResourceManager at master/10.51.17.95:8032
20/06/15 08:03:46 INFO input.FileInputFormat: Total input paths to process : 10
20/06/15 08:03:46 INFO mapreduce.JobSubmitter: number of splits:50
20/06/15 08:03:46 INFO mapreduce.JobSubmitter: Submitting tokens for job: job_1592174425710_0006
20/06/15 08:03:47 INFO impl.YarnClientImpl: Submitted application application_1592174425710_0006
20/06/15 08:03:47 INFO mapreduce.Job: The url to track the job: http://master:8088/proxy/application_1592174425710_0006/
20/06/15 08:03:47 INFO mapreduce.Job: Running job: job_1592174425710_0006
20/06/15 08:03:51 INFO mapreduce.Job: Job job_1592174425710_0006 running in uber mode : false
20/06/15 08:03:51 INFO mapreduce.Job:  map 0% reduce 0%
20/06/15 08:04:03 INFO mapreduce.Job:  map 1% reduce 0%
20/06/15 08:04:05 INFO mapreduce.Job:  map 2% reduce 0%
20/06/15 08:04:13 INFO mapreduce.Job:  map 3% reduce 0%
20/06/15 08:04:18 INFO mapreduce.Job:  map 4% reduce 0%
20/06/15 08:04:24 INFO mapreduce.Job:  map 5% reduce 0%
20/06/15 08:04:30 INFO mapreduce.Job:  map 6% reduce 0%
20/06/15 08:04:36 INFO mapreduce.Job:  map 7% reduce 0%
20/06/15 08:04:41 INFO mapreduce.Job:  map 8% reduce 0%
20/06/15 08:04:46 INFO mapreduce.Job:  map 9% reduce 0%
20/06/15 08:04:51 INFO mapreduce.Job:  map 10% reduce 0%
20/06/15 08:04:53 INFO mapreduce.Job:  map 11% reduce 0%
20/06/15 08:04:57 INFO mapreduce.Job:  map 13% reduce 0%
20/06/15 08:05:04 INFO mapreduce.Job:  map 14% reduce 0%
20/06/15 08:05:07 INFO mapreduce.Job:  map 15% reduce 0%
20/06/15 08:05:13 INFO mapreduce.Job:  map 16% reduce 0%
20/06/15 08:05:18 INFO mapreduce.Job:  map 17% reduce 0%
20/06/15 08:05:24 INFO mapreduce.Job:  map 18% reduce 0%
20/06/15 08:05:29 INFO mapreduce.Job:  map 19% reduce 0%
20/06/15 08:05:30 INFO mapreduce.Job:  map 20% reduce 0%
20/06/15 08:05:31 INFO mapreduce.Job:  map 21% reduce 0%
20/06/15 08:05:32 INFO mapreduce.Job:  map 22% reduce 0%
20/06/15 08:05:35 INFO mapreduce.Job:  map 23% reduce 0%
20/06/15 08:05:40 INFO mapreduce.Job:  map 24% reduce 0%
20/06/15 08:05:43 INFO mapreduce.Job:  map 24% reduce 7%
20/06/15 08:05:46 INFO mapreduce.Job:  map 25% reduce 7%
20/06/15 08:05:52 INFO mapreduce.Job:  map 26% reduce 7%
20/06/15 08:05:57 INFO mapreduce.Job:  map 27% reduce 7%
20/06/15 08:05:59 INFO mapreduce.Job:  map 28% reduce 7%
20/06/15 08:06:01 INFO mapreduce.Job:  map 29% reduce 8%
20/06/15 08:06:05 INFO mapreduce.Job:  map 30% reduce 8%
20/06/15 08:06:07 INFO mapreduce.Job:  map 31% reduce 9%
20/06/15 08:06:13 INFO mapreduce.Job:  map 32% reduce 9%
20/06/15 08:06:18 INFO mapreduce.Job:  map 33% reduce 9%
20/06/15 08:06:24 INFO mapreduce.Job:  map 34% reduce 9%
20/06/15 08:06:30 INFO mapreduce.Job:  map 35% reduce 9%
20/06/15 08:06:35 INFO mapreduce.Job:  map 36% reduce 9%
20/06/15 08:06:40 INFO mapreduce.Job:  map 37% reduce 9%
20/06/15 08:06:45 INFO mapreduce.Job:  map 38% reduce 9%
20/06/15 08:06:47 INFO mapreduce.Job:  map 39% reduce 10%
20/06/15 08:06:50 INFO mapreduce.Job:  map 40% reduce 11%
20/06/15 08:06:57 INFO mapreduce.Job:  map 41% reduce 11%
20/06/15 08:06:59 INFO mapreduce.Job:  map 42% reduce 11%
20/06/15 08:07:00 INFO mapreduce.Job:  map 43% reduce 11%
20/06/15 08:07:02 INFO mapreduce.Job:  map 43% reduce 12%
20/06/15 08:07:06 INFO mapreduce.Job:  map 44% reduce 13%
20/06/15 08:07:09 INFO mapreduce.Job:  map 46% reduce 13%
20/06/15 08:07:12 INFO mapreduce.Job:  map 46% reduce 15%
20/06/15 08:07:14 INFO mapreduce.Job:  map 47% reduce 15%
20/06/15 08:07:18 INFO mapreduce.Job:  map 48% reduce 15%
20/06/15 08:07:21 INFO mapreduce.Job:  map 49% reduce 15%
20/06/15 08:07:28 INFO mapreduce.Job:  map 50% reduce 15%
20/06/15 08:07:34 INFO mapreduce.Job:  map 51% reduce 15%
20/06/15 08:07:38 INFO mapreduce.Job:  map 52% reduce 15%
20/06/15 08:07:45 INFO mapreduce.Job:  map 53% reduce 15%
20/06/15 08:07:49 INFO mapreduce.Job:  map 54% reduce 15%
20/06/15 08:07:55 INFO mapreduce.Job:  map 55% reduce 15%
20/06/15 08:07:58 INFO mapreduce.Job:  map 56% reduce 15%
20/06/15 08:08:00 INFO mapreduce.Job:  map 56% reduce 16%
20/06/15 08:08:03 INFO mapreduce.Job:  map 57% reduce 16%
20/06/15 08:08:06 INFO mapreduce.Job:  map 58% reduce 17%
20/06/15 08:08:10 INFO mapreduce.Job:  map 59% reduce 17%
20/06/15 08:08:13 INFO mapreduce.Job:  map 60% reduce 17%
20/06/15 08:08:15 INFO mapreduce.Job:  map 61% reduce 18%
20/06/15 08:08:19 INFO mapreduce.Job:  map 62% reduce 19%
20/06/15 08:08:24 INFO mapreduce.Job:  map 63% reduce 19%
20/06/15 08:08:26 INFO mapreduce.Job:  map 64% reduce 19%
20/06/15 08:08:28 INFO mapreduce.Job:  map 64% reduce 20%
20/06/15 08:08:31 INFO mapreduce.Job:  map 65% reduce 20%
20/06/15 08:08:32 INFO mapreduce.Job:  map 66% reduce 20%
20/06/15 08:08:34 INFO mapreduce.Job:  map 66% reduce 21%
20/06/15 08:08:36 INFO mapreduce.Job:  map 67% reduce 21%
20/06/15 08:08:42 INFO mapreduce.Job:  map 68% reduce 21%
20/06/15 08:08:44 INFO mapreduce.Job:  map 69% reduce 21%
20/06/15 08:08:46 INFO mapreduce.Job:  map 70% reduce 21%
20/06/15 08:08:50 INFO mapreduce.Job:  map 71% reduce 21%
20/06/15 08:08:52 INFO mapreduce.Job:  map 71% reduce 22%
20/06/15 08:08:55 INFO mapreduce.Job:  map 72% reduce 22%
20/06/15 08:09:01 INFO mapreduce.Job:  map 73% reduce 22%
20/06/15 08:09:02 INFO mapreduce.Job:  map 74% reduce 22%
20/06/15 08:09:04 INFO mapreduce.Job:  map 75% reduce 22%
20/06/15 08:09:08 INFO mapreduce.Job:  map 76% reduce 22%
20/06/15 08:09:11 INFO mapreduce.Job:  map 76% reduce 23%
20/06/15 08:09:13 INFO mapreduce.Job:  map 78% reduce 23%
20/06/15 08:09:17 INFO mapreduce.Job:  map 79% reduce 24%
20/06/15 08:09:19 INFO mapreduce.Job:  map 81% reduce 24%
20/06/15 08:09:20 INFO mapreduce.Job:  map 81% reduce 25%
20/06/15 08:09:23 INFO mapreduce.Job:  map 83% reduce 25%
20/06/15 08:09:24 INFO mapreduce.Job:  map 85% reduce 25%
20/06/15 08:09:25 INFO mapreduce.Job:  map 86% reduce 25%
20/06/15 08:09:26 INFO mapreduce.Job:  map 86% reduce 27%
20/06/15 08:09:27 INFO mapreduce.Job:  map 88% reduce 27%
20/06/15 08:09:29 INFO mapreduce.Job:  map 89% reduce 27%
20/06/15 08:09:31 INFO mapreduce.Job:  map 91% reduce 28%
20/06/15 08:09:34 INFO mapreduce.Job:  map 93% reduce 29%
20/06/15 08:09:36 INFO mapreduce.Job:  map 95% reduce 29%
20/06/15 08:09:37 INFO mapreduce.Job:  map 96% reduce 29%
20/06/15 08:09:38 INFO mapreduce.Job:  map 97% reduce 31%
20/06/15 08:09:39 INFO mapreduce.Job:  map 98% reduce 31%
20/06/15 08:09:40 INFO mapreduce.Job:  map 99% reduce 31%
20/06/15 08:09:41 INFO mapreduce.Job:  map 99% reduce 32%
20/06/15 08:09:44 INFO mapreduce.Job:  map 99% reduce 33%
20/06/15 08:09:47 INFO mapreduce.Job:  map 100% reduce 33%
20/06/15 08:09:50 INFO mapreduce.Job:  map 100% reduce 69%
20/06/15 08:09:53 INFO mapreduce.Job:  map 100% reduce 74%
20/06/15 08:09:56 INFO mapreduce.Job:  map 100% reduce 80%
20/06/15 08:09:59 INFO mapreduce.Job:  map 100% reduce 85%
20/06/15 08:10:02 INFO mapreduce.Job:  map 100% reduce 93%
20/06/15 08:10:05 INFO mapreduce.Job:  map 100% reduce 100%
20/06/15 08:10:05 INFO mapreduce.Job: Job job_1592174425710_0006 completed successfully
20/06/15 08:10:05 INFO mapreduce.Job: Counters: 51
	File System Counters
		FILE: Number of bytes read=1725142904
		FILE: Number of bytes written=2474760470
		FILE: Number of read operations=0
		FILE: Number of large read operations=0
		FILE: Number of write operations=0
		HDFS: Number of bytes read=11024136576
		HDFS: Number of bytes written=472954036
		HDFS: Number of read operations=153
		HDFS: Number of large read operations=0
		HDFS: Number of write operations=2
	Job Counters 
		Killed map tasks=1
		Launched map tasks=51
		Launched reduce tasks=1
		Data-local map tasks=49
		Rack-local map tasks=2
		Total time spent by all maps in occupied slots (ms)=3182437
		Total time spent by all reduces in occupied slots (ms)=272667
		Total time spent by all map tasks (ms)=3182437
		Total time spent by all reduce tasks (ms)=272667
		Total vcore-milliseconds taken by all map tasks=3182437
		Total vcore-milliseconds taken by all reduce tasks=272667
		Total megabyte-milliseconds taken by all map tasks=3258815488
		Total megabyte-milliseconds taken by all reduce tasks=279211008
	Map-Reduce Framework
		Map input records=1179594
		Map output records=1009901268
		Map output bytes=19265183218
		Map output materialized bytes=743350650
		Input split bytes=5350
		Combine input records=1034806892
		Combine output records=46008940
		Reduce input groups=9841803
		Reduce shuffle bytes=743350650
		Reduce input records=21103316
		Reduce output records=9841803
		Spilled Records=70989788
		Shuffled Maps =50
		Failed Shuffles=0
		Merged Map outputs=50
		GC time elapsed (ms)=57230
		CPU time spent (ms)=1911840
		Physical memory (bytes) snapshot=14143406080
		Virtual memory (bytes) snapshot=107592208384
		Total committed heap usage (bytes)=10591141888
	Shuffle Errors
		BAD_ID=0
		CONNECTION=0
		IO_ERROR=0
		WRONG_LENGTH=0
		WRONG_MAP=0
		WRONG_REDUCE=0
	File Input Format Counters 
		Bytes Read=11024131226
	File Output Format Counters 
		Bytes Written=472954036
20/06/15 08:10:05 INFO client.RMProxy: Connecting to ResourceManager at master/10.51.17.95:8032
20/06/15 08:10:05 INFO input.FileInputFormat: Total input paths to process : 1
20/06/15 08:10:06 INFO mapreduce.JobSubmitter: number of splits:2
20/06/15 08:10:06 INFO mapreduce.JobSubmitter: Submitting tokens for job: job_1592174425710_0007
20/06/15 08:10:06 INFO impl.YarnClientImpl: Submitted application application_1592174425710_0007
20/06/15 08:10:06 INFO mapreduce.Job: The url to track the job: http://master:8088/proxy/application_1592174425710_0007/
20/06/15 08:10:06 INFO mapreduce.Job: Running job: job_1592174425710_0007
20/06/15 08:10:14 INFO mapreduce.Job: Job job_1592174425710_0007 running in uber mode : false
20/06/15 08:10:14 INFO mapreduce.Job:  map 0% reduce 0%
20/06/15 08:10:24 INFO mapreduce.Job:  map 46% reduce 0%
20/06/15 08:10:27 INFO mapreduce.Job:  map 70% reduce 0%
20/06/15 08:10:30 INFO mapreduce.Job:  map 77% reduce 0%
20/06/15 08:10:33 INFO mapreduce.Job:  map 83% reduce 0%
20/06/15 08:10:36 INFO mapreduce.Job:  map 92% reduce 0%
20/06/15 08:10:38 INFO mapreduce.Job:  map 100% reduce 17%
20/06/15 08:10:41 INFO mapreduce.Job:  map 100% reduce 73%
20/06/15 08:10:44 INFO mapreduce.Job:  map 100% reduce 84%
20/06/15 08:10:47 INFO mapreduce.Job:  map 100% reduce 100%
20/06/15 08:10:47 INFO mapreduce.Job: Job job_1592174425710_0007 completed successfully
20/06/15 08:10:48 INFO mapreduce.Job: Counters: 50
	File System Counters
		FILE: Number of bytes read=818564958
		FILE: Number of bytes written=1228214471
		FILE: Number of read operations=0
		FILE: Number of large read operations=0
		FILE: Number of write operations=0
		HDFS: Number of bytes read=472955724
		HDFS: Number of bytes written=331204946
		HDFS: Number of read operations=11
		HDFS: Number of large read operations=0
		HDFS: Number of write operations=2
	Job Counters 
		Killed map tasks=1
		Launched map tasks=3
		Launched reduce tasks=1
		Data-local map tasks=3
		Total time spent by all maps in occupied slots (ms)=42453
		Total time spent by all reduces in occupied slots (ms)=17979
		Total time spent by all map tasks (ms)=42453
		Total time spent by all reduce tasks (ms)=17979
		Total vcore-milliseconds taken by all map tasks=42453
		Total vcore-milliseconds taken by all reduce tasks=17979
		Total megabyte-milliseconds taken by all map tasks=43471872
		Total megabyte-milliseconds taken by all reduce tasks=18410496
	Map-Reduce Framework
		Map input records=9841803
		Map output records=9841803
		Map output bytes=389598846
		Map output materialized bytes=409282464
		Input split bytes=254
		Combine input records=0
		Combine output records=0
		Reduce input groups=1244
		Reduce shuffle bytes=409282464
		Reduce input records=9841803
		Reduce output records=9841803
		Spilled Records=29525409
		Shuffled Maps =2
		Failed Shuffles=0
		Merged Map outputs=2
		GC time elapsed (ms)=802
		CPU time spent (ms)=42940
		Physical memory (bytes) snapshot=748568576
		Virtual memory (bytes) snapshot=6330769408
		Total committed heap usage (bytes)=531103744
	Shuffle Errors
		BAD_ID=0
		CONNECTION=0
		IO_ERROR=0
		WRONG_LENGTH=0
		WRONG_MAP=0
		WRONG_REDUCE=0
	File Input Format Counters 
		Bytes Read=472955470
	File Output Format Counters 
		Bytes Written=331204946
