20/06/15 08:19:26 INFO client.RMProxy: Connecting to ResourceManager at master/10.51.17.95:8032
20/06/15 08:19:26 INFO input.FileInputFormat: Total input paths to process : 10
20/06/15 08:19:26 INFO mapreduce.JobSubmitter: number of splits:50
20/06/15 08:19:27 INFO mapreduce.JobSubmitter: Submitting tokens for job: job_1592174425710_0010
20/06/15 08:19:27 INFO impl.YarnClientImpl: Submitted application application_1592174425710_0010
20/06/15 08:19:27 INFO mapreduce.Job: The url to track the job: http://master:8088/proxy/application_1592174425710_0010/
20/06/15 08:19:27 INFO mapreduce.Job: Running job: job_1592174425710_0010
20/06/15 08:19:31 INFO mapreduce.Job: Job job_1592174425710_0010 running in uber mode : false
20/06/15 08:19:31 INFO mapreduce.Job:  map 0% reduce 0%
20/06/15 08:19:43 INFO mapreduce.Job:  map 1% reduce 0%
20/06/15 08:19:46 INFO mapreduce.Job:  map 2% reduce 0%
20/06/15 08:19:53 INFO mapreduce.Job:  map 3% reduce 0%
20/06/15 08:19:57 INFO mapreduce.Job:  map 4% reduce 0%
20/06/15 08:20:04 INFO mapreduce.Job:  map 5% reduce 0%
20/06/15 08:20:10 INFO mapreduce.Job:  map 6% reduce 0%
20/06/15 08:20:14 INFO mapreduce.Job:  map 7% reduce 0%
20/06/15 08:20:19 INFO mapreduce.Job:  map 8% reduce 0%
20/06/15 08:20:25 INFO mapreduce.Job:  map 9% reduce 0%
20/06/15 08:20:30 INFO mapreduce.Job:  map 10% reduce 0%
20/06/15 08:20:35 INFO mapreduce.Job:  map 11% reduce 0%
20/06/15 08:20:36 INFO mapreduce.Job:  map 12% reduce 0%
20/06/15 08:20:40 INFO mapreduce.Job:  map 13% reduce 0%
20/06/15 08:20:41 INFO mapreduce.Job:  map 14% reduce 0%
20/06/15 08:20:47 INFO mapreduce.Job:  map 15% reduce 0%
20/06/15 08:20:53 INFO mapreduce.Job:  map 16% reduce 0%
20/06/15 08:20:58 INFO mapreduce.Job:  map 17% reduce 0%
20/06/15 08:21:03 INFO mapreduce.Job:  map 18% reduce 0%
20/06/15 08:21:06 INFO mapreduce.Job:  map 19% reduce 0%
20/06/15 08:21:09 INFO mapreduce.Job:  map 20% reduce 0%
20/06/15 08:21:10 INFO mapreduce.Job:  map 21% reduce 0%
20/06/15 08:21:12 INFO mapreduce.Job:  map 22% reduce 0%
20/06/15 08:21:17 INFO mapreduce.Job:  map 23% reduce 0%
20/06/15 08:21:21 INFO mapreduce.Job:  map 24% reduce 0%
20/06/15 08:21:22 INFO mapreduce.Job:  map 24% reduce 7%
20/06/15 08:21:27 INFO mapreduce.Job:  map 25% reduce 7%
20/06/15 08:21:31 INFO mapreduce.Job:  map 26% reduce 7%
20/06/15 08:21:37 INFO mapreduce.Job:  map 27% reduce 7%
20/06/15 08:21:42 INFO mapreduce.Job:  map 28% reduce 7%
20/06/15 08:21:43 INFO mapreduce.Job:  map 29% reduce 8%
20/06/15 08:21:45 INFO mapreduce.Job:  map 30% reduce 8%
20/06/15 08:21:46 INFO mapreduce.Job:  map 30% reduce 9%
20/06/15 08:21:47 INFO mapreduce.Job:  map 31% reduce 9%
20/06/15 08:21:53 INFO mapreduce.Job:  map 32% reduce 9%
20/06/15 08:22:00 INFO mapreduce.Job:  map 33% reduce 9%
20/06/15 08:22:06 INFO mapreduce.Job:  map 34% reduce 9%
20/06/15 08:22:10 INFO mapreduce.Job:  map 35% reduce 9%
20/06/15 08:22:15 INFO mapreduce.Job:  map 36% reduce 9%
20/06/15 08:22:21 INFO mapreduce.Job:  map 37% reduce 9%
20/06/15 08:22:26 INFO mapreduce.Job:  map 38% reduce 9%
20/06/15 08:22:28 INFO mapreduce.Job:  map 39% reduce 9%
20/06/15 08:22:32 INFO mapreduce.Job:  map 40% reduce 10%
20/06/15 08:22:35 INFO mapreduce.Job:  map 40% reduce 11%
20/06/15 08:22:38 INFO mapreduce.Job:  map 41% reduce 11%
20/06/15 08:22:39 INFO mapreduce.Job:  map 42% reduce 11%
20/06/15 08:22:41 INFO mapreduce.Job:  map 44% reduce 11%
20/06/15 08:22:42 INFO mapreduce.Job:  map 44% reduce 12%
20/06/15 08:22:44 INFO mapreduce.Job:  map 44% reduce 13%
20/06/15 08:22:50 INFO mapreduce.Job:  map 45% reduce 13%
20/06/15 08:22:51 INFO mapreduce.Job:  map 46% reduce 13%
20/06/15 08:22:52 INFO mapreduce.Job:  map 47% reduce 13%
20/06/15 08:22:54 INFO mapreduce.Job:  map 47% reduce 15%
20/06/15 08:22:57 INFO mapreduce.Job:  map 48% reduce 15%
20/06/15 08:23:00 INFO mapreduce.Job:  map 49% reduce 15%
20/06/15 08:23:01 INFO mapreduce.Job:  map 51% reduce 15%
20/06/15 08:23:03 INFO mapreduce.Job:  map 52% reduce 15%
20/06/15 08:23:05 INFO mapreduce.Job:  map 52% reduce 17%
20/06/15 08:23:06 INFO mapreduce.Job:  map 53% reduce 17%
20/06/15 08:23:08 INFO mapreduce.Job:  map 54% reduce 17%
20/06/15 08:23:11 INFO mapreduce.Job:  map 55% reduce 17%
20/06/15 08:23:13 INFO mapreduce.Job:  map 58% reduce 17%
20/06/15 08:23:14 INFO mapreduce.Job:  map 59% reduce 18%
20/06/15 08:23:15 INFO mapreduce.Job:  map 60% reduce 18%
20/06/15 08:23:17 INFO mapreduce.Job:  map 60% reduce 19%
20/06/15 08:23:22 INFO mapreduce.Job:  map 61% reduce 19%
20/06/15 08:23:27 INFO mapreduce.Job:  map 62% reduce 19%
20/06/15 08:23:33 INFO mapreduce.Job:  map 63% reduce 19%
20/06/15 08:23:38 INFO mapreduce.Job:  map 64% reduce 19%
20/06/15 08:23:41 INFO mapreduce.Job:  map 65% reduce 19%
20/06/15 08:23:47 INFO mapreduce.Job:  map 66% reduce 19%
20/06/15 08:23:52 INFO mapreduce.Job:  map 67% reduce 19%
20/06/15 08:23:54 INFO mapreduce.Job:  map 68% reduce 20%
20/06/15 08:23:58 INFO mapreduce.Job:  map 68% reduce 21%
20/06/15 08:24:00 INFO mapreduce.Job:  map 69% reduce 21%
20/06/15 08:24:02 INFO mapreduce.Job:  map 70% reduce 21%
20/06/15 08:24:03 INFO mapreduce.Job:  map 71% reduce 21%
20/06/15 08:24:04 INFO mapreduce.Job:  map 71% reduce 22%
20/06/15 08:24:10 INFO mapreduce.Job:  map 72% reduce 22%
20/06/15 08:24:12 INFO mapreduce.Job:  map 73% reduce 22%
20/06/15 08:24:13 INFO mapreduce.Job:  map 73% reduce 23%
20/06/15 08:24:17 INFO mapreduce.Job:  map 74% reduce 23%
20/06/15 08:24:19 INFO mapreduce.Job:  map 75% reduce 23%
20/06/15 08:24:22 INFO mapreduce.Job:  map 75% reduce 24%
20/06/15 08:24:23 INFO mapreduce.Job:  map 76% reduce 24%
20/06/15 08:24:29 INFO mapreduce.Job:  map 77% reduce 24%
20/06/15 08:24:32 INFO mapreduce.Job:  map 78% reduce 24%
20/06/15 08:24:34 INFO mapreduce.Job:  map 78% reduce 25%
20/06/15 08:24:39 INFO mapreduce.Job:  map 79% reduce 25%
20/06/15 08:24:42 INFO mapreduce.Job:  map 81% reduce 25%
20/06/15 08:24:45 INFO mapreduce.Job:  map 82% reduce 25%
20/06/15 08:24:48 INFO mapreduce.Job:  map 83% reduce 25%
20/06/15 08:24:53 INFO mapreduce.Job:  map 84% reduce 26%
20/06/15 08:24:55 INFO mapreduce.Job:  map 85% reduce 26%
20/06/15 08:24:57 INFO mapreduce.Job:  map 86% reduce 26%
20/06/15 08:24:59 INFO mapreduce.Job:  map 86% reduce 27%
20/06/15 08:25:00 INFO mapreduce.Job:  map 88% reduce 27%
20/06/15 08:25:01 INFO mapreduce.Job:  map 89% reduce 27%
20/06/15 08:25:08 INFO mapreduce.Job:  map 90% reduce 27%
20/06/15 08:25:09 INFO mapreduce.Job:  map 91% reduce 27%
20/06/15 08:25:10 INFO mapreduce.Job:  map 92% reduce 27%
20/06/15 08:25:11 INFO mapreduce.Job:  map 92% reduce 28%
20/06/15 08:25:12 INFO mapreduce.Job:  map 94% reduce 28%
20/06/15 08:25:14 INFO mapreduce.Job:  map 94% reduce 29%
20/06/15 08:25:15 INFO mapreduce.Job:  map 95% reduce 29%
20/06/15 08:25:19 INFO mapreduce.Job:  map 96% reduce 29%
20/06/15 08:25:20 INFO mapreduce.Job:  map 97% reduce 29%
20/06/15 08:25:21 INFO mapreduce.Job:  map 97% reduce 30%
20/06/15 08:25:23 INFO mapreduce.Job:  map 98% reduce 30%
20/06/15 08:25:24 INFO mapreduce.Job:  map 98% reduce 31%
20/06/15 08:25:25 INFO mapreduce.Job:  map 99% reduce 31%
20/06/15 08:25:27 INFO mapreduce.Job:  map 99% reduce 32%
20/06/15 08:25:31 INFO mapreduce.Job:  map 100% reduce 32%
20/06/15 08:25:33 INFO mapreduce.Job:  map 100% reduce 69%
20/06/15 08:25:36 INFO mapreduce.Job:  map 100% reduce 75%
20/06/15 08:25:39 INFO mapreduce.Job:  map 100% reduce 81%
20/06/15 08:25:42 INFO mapreduce.Job:  map 100% reduce 87%
20/06/15 08:25:45 INFO mapreduce.Job:  map 100% reduce 95%
20/06/15 08:25:47 INFO mapreduce.Job:  map 100% reduce 100%
20/06/15 08:25:47 INFO mapreduce.Job: Job job_1592174425710_0010 completed successfully
20/06/15 08:25:47 INFO mapreduce.Job: Counters: 51
	File System Counters
		FILE: Number of bytes read=1725142910
		FILE: Number of bytes written=2474760476
		FILE: Number of read operations=0
		FILE: Number of large read operations=0
		FILE: Number of write operations=0
		HDFS: Number of bytes read=11024136576
		HDFS: Number of bytes written=472954036
		HDFS: Number of read operations=153
		HDFS: Number of large read operations=0
		HDFS: Number of write operations=2
	Job Counters 
		Killed map tasks=1
		Launched map tasks=51
		Launched reduce tasks=1
		Data-local map tasks=40
		Rack-local map tasks=11
		Total time spent by all maps in occupied slots (ms)=3182978
		Total time spent by all reduces in occupied slots (ms)=275274
		Total time spent by all map tasks (ms)=3182978
		Total time spent by all reduce tasks (ms)=275274
		Total vcore-milliseconds taken by all map tasks=3182978
		Total vcore-milliseconds taken by all reduce tasks=275274
		Total megabyte-milliseconds taken by all map tasks=3259369472
		Total megabyte-milliseconds taken by all reduce tasks=281880576
	Map-Reduce Framework
		Map input records=1179594
		Map output records=1009901268
		Map output bytes=19265183218
		Map output materialized bytes=743350650
		Input split bytes=5350
		Combine input records=1034806892
		Combine output records=46008940
		Reduce input groups=9841803
		Reduce shuffle bytes=743350650
		Reduce input records=21103316
		Reduce output records=9841803
		Spilled Records=70989788
		Shuffled Maps =50
		Failed Shuffles=0
		Merged Map outputs=50
		GC time elapsed (ms)=55796
		CPU time spent (ms)=1929150
		Physical memory (bytes) snapshot=14104264704
		Virtual memory (bytes) snapshot=107537698816
		Total committed heap usage (bytes)=10592190464
	Shuffle Errors
		BAD_ID=0
		CONNECTION=0
		IO_ERROR=0
		WRONG_LENGTH=0
		WRONG_MAP=0
		WRONG_REDUCE=0
	File Input Format Counters 
		Bytes Read=11024131226
	File Output Format Counters 
		Bytes Written=472954036
20/06/15 08:25:47 INFO client.RMProxy: Connecting to ResourceManager at master/10.51.17.95:8032
20/06/15 08:25:47 INFO input.FileInputFormat: Total input paths to process : 1
20/06/15 08:25:48 INFO mapreduce.JobSubmitter: number of splits:2
20/06/15 08:25:48 INFO mapreduce.JobSubmitter: Submitting tokens for job: job_1592174425710_0011
20/06/15 08:25:49 INFO impl.YarnClientImpl: Submitted application application_1592174425710_0011
20/06/15 08:25:49 INFO mapreduce.Job: The url to track the job: http://master:8088/proxy/application_1592174425710_0011/
20/06/15 08:25:49 INFO mapreduce.Job: Running job: job_1592174425710_0011
20/06/15 08:25:56 INFO mapreduce.Job: Job job_1592174425710_0011 running in uber mode : false
20/06/15 08:25:56 INFO mapreduce.Job:  map 0% reduce 0%
20/06/15 08:26:06 INFO mapreduce.Job:  map 45% reduce 0%
20/06/15 08:26:08 INFO mapreduce.Job:  map 62% reduce 0%
20/06/15 08:26:09 INFO mapreduce.Job:  map 69% reduce 0%
20/06/15 08:26:12 INFO mapreduce.Job:  map 76% reduce 0%
20/06/15 08:26:15 INFO mapreduce.Job:  map 83% reduce 0%
20/06/15 08:26:18 INFO mapreduce.Job:  map 93% reduce 0%
20/06/15 08:26:19 INFO mapreduce.Job:  map 93% reduce 17%
20/06/15 08:26:20 INFO mapreduce.Job:  map 100% reduce 17%
20/06/15 08:26:22 INFO mapreduce.Job:  map 100% reduce 68%
20/06/15 08:26:25 INFO mapreduce.Job:  map 100% reduce 79%
20/06/15 08:26:28 INFO mapreduce.Job:  map 100% reduce 92%
20/06/15 08:26:29 INFO mapreduce.Job:  map 100% reduce 100%
20/06/15 08:26:29 INFO mapreduce.Job: Job job_1592174425710_0011 completed successfully
20/06/15 08:26:29 INFO mapreduce.Job: Counters: 50
	File System Counters
		FILE: Number of bytes read=818564958
		FILE: Number of bytes written=1228214471
		FILE: Number of read operations=0
		FILE: Number of large read operations=0
		FILE: Number of write operations=0
		HDFS: Number of bytes read=472955724
		HDFS: Number of bytes written=331204946
		HDFS: Number of read operations=11
		HDFS: Number of large read operations=0
		HDFS: Number of write operations=2
	Job Counters 
		Killed map tasks=1
		Launched map tasks=3
		Launched reduce tasks=1
		Data-local map tasks=3
		Total time spent by all maps in occupied slots (ms)=41008
		Total time spent by all reduces in occupied slots (ms)=18691
		Total time spent by all map tasks (ms)=41008
		Total time spent by all reduce tasks (ms)=18691
		Total vcore-milliseconds taken by all map tasks=41008
		Total vcore-milliseconds taken by all reduce tasks=18691
		Total megabyte-milliseconds taken by all map tasks=41992192
		Total megabyte-milliseconds taken by all reduce tasks=19139584
	Map-Reduce Framework
		Map input records=9841803
		Map output records=9841803
		Map output bytes=389598846
		Map output materialized bytes=409282464
		Input split bytes=254
		Combine input records=0
		Combine output records=0
		Reduce input groups=1244
		Reduce shuffle bytes=409282464
		Reduce input records=9841803
		Reduce output records=9841803
		Spilled Records=29525409
		Shuffled Maps =2
		Failed Shuffles=0
		Merged Map outputs=2
		GC time elapsed (ms)=687
		CPU time spent (ms)=44450
		Physical memory (bytes) snapshot=768741376
		Virtual memory (bytes) snapshot=6407122944
		Total committed heap usage (bytes)=537919488
	Shuffle Errors
		BAD_ID=0
		CONNECTION=0
		IO_ERROR=0
		WRONG_LENGTH=0
		WRONG_MAP=0
		WRONG_REDUCE=0
	File Input Format Counters 
		Bytes Read=472955470
	File Output Format Counters 
		Bytes Written=331204946
