20/06/16 16:30:31 INFO client.RMProxy: Connecting to ResourceManager at master/10.51.17.95:8032
20/06/16 16:30:31 INFO client.RMProxy: Connecting to ResourceManager at master/10.51.17.95:8032
20/06/16 16:30:32 INFO input.FileInputFormat: Total input paths to process : 10
20/06/16 16:30:32 INFO mapreduce.JobSubmitter: number of splits:40
20/06/16 16:30:32 INFO mapreduce.JobSubmitter: Submitting tokens for job: job_1592291822957_0003
20/06/16 16:30:32 INFO impl.YarnClientImpl: Submitted application application_1592291822957_0003
20/06/16 16:30:32 INFO mapreduce.Job: The url to track the job: http://master:8088/proxy/application_1592291822957_0003/
20/06/16 16:30:32 INFO mapreduce.Job: Running job: job_1592291822957_0003
20/06/16 16:30:40 INFO mapreduce.Job: Job job_1592291822957_0003 running in uber mode : false
20/06/16 16:30:40 INFO mapreduce.Job:  map 0% reduce 0%
20/06/16 16:30:50 INFO mapreduce.Job:  map 3% reduce 0%
20/06/16 16:30:53 INFO mapreduce.Job:  map 8% reduce 0%
20/06/16 16:30:56 INFO mapreduce.Job:  map 10% reduce 0%
20/06/16 16:30:57 INFO mapreduce.Job:  map 18% reduce 0%
20/06/16 16:30:58 INFO mapreduce.Job:  map 19% reduce 0%
20/06/16 16:31:00 INFO mapreduce.Job:  map 20% reduce 0%
20/06/16 16:31:03 INFO mapreduce.Job:  map 21% reduce 0%
20/06/16 16:31:05 INFO mapreduce.Job:  map 22% reduce 0%
20/06/16 16:31:06 INFO mapreduce.Job:  map 24% reduce 0%
20/06/16 16:31:07 INFO mapreduce.Job:  map 26% reduce 0%
20/06/16 16:31:09 INFO mapreduce.Job:  map 28% reduce 0%
20/06/16 16:31:11 INFO mapreduce.Job:  map 30% reduce 0%
20/06/16 16:31:13 INFO mapreduce.Job:  map 31% reduce 0%
20/06/16 16:31:14 INFO mapreduce.Job:  map 32% reduce 0%
20/06/16 16:31:15 INFO mapreduce.Job:  map 33% reduce 0%
20/06/16 16:31:17 INFO mapreduce.Job:  map 35% reduce 0%
20/06/16 16:31:22 INFO mapreduce.Job:  map 36% reduce 0%
20/06/16 16:31:23 INFO mapreduce.Job:  map 37% reduce 0%
20/06/16 16:31:24 INFO mapreduce.Job:  map 38% reduce 1%
20/06/16 16:31:25 INFO mapreduce.Job:  map 39% reduce 3%
20/06/16 16:31:26 INFO mapreduce.Job:  map 39% reduce 4%
20/06/16 16:31:28 INFO mapreduce.Job:  map 39% reduce 5%
20/06/16 16:31:29 INFO mapreduce.Job:  map 40% reduce 5%
20/06/16 16:31:34 INFO mapreduce.Job:  map 42% reduce 5%
20/06/16 16:31:35 INFO mapreduce.Job:  map 43% reduce 5%
20/06/16 16:31:36 INFO mapreduce.Job:  map 44% reduce 5%
20/06/16 16:31:38 INFO mapreduce.Job:  map 44% reduce 6%
20/06/16 16:31:40 INFO mapreduce.Job:  map 45% reduce 6%
20/06/16 16:31:41 INFO mapreduce.Job:  map 46% reduce 6%
20/06/16 16:31:42 INFO mapreduce.Job:  map 48% reduce 6%
20/06/16 16:31:43 INFO mapreduce.Job:  map 49% reduce 6%
20/06/16 16:31:44 INFO mapreduce.Job:  map 49% reduce 7%
20/06/16 16:31:45 INFO mapreduce.Job:  map 50% reduce 7%
20/06/16 16:31:47 INFO mapreduce.Job:  map 50% reduce 8%
20/06/16 16:31:48 INFO mapreduce.Job:  map 51% reduce 9%
20/06/16 16:31:49 INFO mapreduce.Job:  map 52% reduce 9%
20/06/16 16:31:53 INFO mapreduce.Job:  map 53% reduce 9%
20/06/16 16:31:55 INFO mapreduce.Job:  map 54% reduce 9%
20/06/16 16:31:56 INFO mapreduce.Job:  map 55% reduce 10%
20/06/16 16:31:58 INFO mapreduce.Job:  map 58% reduce 10%
20/06/16 16:32:01 INFO mapreduce.Job:  map 61% reduce 10%
20/06/16 16:32:02 INFO mapreduce.Job:  map 61% reduce 11%
20/06/16 16:32:03 INFO mapreduce.Job:  map 62% reduce 11%
20/06/16 16:32:04 INFO mapreduce.Job:  map 63% reduce 11%
20/06/16 16:32:05 INFO mapreduce.Job:  map 64% reduce 11%
20/06/16 16:32:06 INFO mapreduce.Job:  map 65% reduce 12%
20/06/16 16:32:08 INFO mapreduce.Job:  map 66% reduce 12%
20/06/16 16:32:09 INFO mapreduce.Job:  map 66% reduce 13%
20/06/16 16:32:11 INFO mapreduce.Job:  map 67% reduce 13%
20/06/16 16:32:12 INFO mapreduce.Job:  map 68% reduce 13%
20/06/16 16:32:14 INFO mapreduce.Job:  map 69% reduce 14%
20/06/16 16:32:17 INFO mapreduce.Job:  map 70% reduce 15%
20/06/16 16:32:18 INFO mapreduce.Job:  map 72% reduce 15%
20/06/16 16:32:21 INFO mapreduce.Job:  map 73% reduce 15%
20/06/16 16:32:25 INFO mapreduce.Job:  map 74% reduce 15%
20/06/16 16:32:26 INFO mapreduce.Job:  map 74% reduce 16%
20/06/16 16:32:27 INFO mapreduce.Job:  map 75% reduce 16%
20/06/16 16:32:28 INFO mapreduce.Job:  map 76% reduce 16%
20/06/16 16:32:29 INFO mapreduce.Job:  map 77% reduce 16%
20/06/16 16:32:31 INFO mapreduce.Job:  map 77% reduce 17%
20/06/16 16:32:34 INFO mapreduce.Job:  map 78% reduce 17%
20/06/16 16:32:35 INFO mapreduce.Job:  map 79% reduce 17%
20/06/16 16:32:36 INFO mapreduce.Job:  map 80% reduce 17%
20/06/16 16:32:38 INFO mapreduce.Job:  map 80% reduce 18%
20/06/16 16:32:39 INFO mapreduce.Job:  map 81% reduce 18%
20/06/16 16:32:43 INFO mapreduce.Job:  map 82% reduce 18%
20/06/16 16:32:44 INFO mapreduce.Job:  map 82% reduce 19%
20/06/16 16:32:48 INFO mapreduce.Job:  map 83% reduce 19%
20/06/16 16:32:52 INFO mapreduce.Job:  map 84% reduce 19%
20/06/16 16:32:54 INFO mapreduce.Job:  map 85% reduce 19%
20/06/16 16:32:55 INFO mapreduce.Job:  map 86% reduce 19%
20/06/16 16:32:56 INFO mapreduce.Job:  map 88% reduce 20%
20/06/16 16:32:59 INFO mapreduce.Job:  map 89% reduce 20%
20/06/16 16:33:00 INFO mapreduce.Job:  map 89% reduce 21%
20/06/16 16:33:01 INFO mapreduce.Job:  map 90% reduce 21%
20/06/16 16:33:03 INFO mapreduce.Job:  map 91% reduce 21%
20/06/16 16:33:04 INFO mapreduce.Job:  map 92% reduce 21%
20/06/16 16:33:05 INFO mapreduce.Job:  map 93% reduce 22%
20/06/16 16:33:08 INFO mapreduce.Job:  map 93% reduce 23%
20/06/16 16:33:09 INFO mapreduce.Job:  map 94% reduce 23%
20/06/16 16:33:11 INFO mapreduce.Job:  map 95% reduce 23%
20/06/16 16:33:12 INFO mapreduce.Job:  map 95% reduce 24%
20/06/16 16:33:14 INFO mapreduce.Job:  map 96% reduce 25%
20/06/16 16:33:20 INFO mapreduce.Job:  map 97% reduce 25%
20/06/16 16:33:23 INFO mapreduce.Job:  map 97% reduce 26%
20/06/16 16:33:25 INFO mapreduce.Job:  map 98% reduce 26%
20/06/16 16:33:27 INFO mapreduce.Job:  map 98% reduce 27%
20/06/16 16:33:35 INFO mapreduce.Job:  map 99% reduce 27%
20/06/16 16:33:37 INFO mapreduce.Job:  map 99% reduce 28%
20/06/16 16:33:43 INFO mapreduce.Job:  map 99% reduce 29%
20/06/16 16:33:49 INFO mapreduce.Job:  map 99% reduce 30%
20/06/16 16:33:52 INFO mapreduce.Job:  map 99% reduce 31%
20/06/16 16:33:57 INFO mapreduce.Job:  map 100% reduce 31%
20/06/16 16:33:58 INFO mapreduce.Job:  map 100% reduce 32%
20/06/16 16:34:10 INFO mapreduce.Job:  map 100% reduce 42%
20/06/16 16:34:13 INFO mapreduce.Job:  map 100% reduce 67%
20/06/16 16:34:16 INFO mapreduce.Job:  map 100% reduce 69%
20/06/16 16:34:19 INFO mapreduce.Job:  map 100% reduce 72%
20/06/16 16:34:22 INFO mapreduce.Job:  map 100% reduce 73%
20/06/16 16:34:25 INFO mapreduce.Job:  map 100% reduce 74%
20/06/16 16:34:31 INFO mapreduce.Job:  map 100% reduce 77%
20/06/16 16:34:34 INFO mapreduce.Job:  map 100% reduce 79%
20/06/16 16:34:37 INFO mapreduce.Job:  map 100% reduce 80%
20/06/16 16:34:40 INFO mapreduce.Job:  map 100% reduce 81%
20/06/16 16:34:43 INFO mapreduce.Job:  map 100% reduce 83%
20/06/16 16:34:46 INFO mapreduce.Job:  map 100% reduce 84%
20/06/16 16:34:49 INFO mapreduce.Job:  map 100% reduce 86%
20/06/16 16:34:55 INFO mapreduce.Job:  map 100% reduce 88%
20/06/16 16:34:58 INFO mapreduce.Job:  map 100% reduce 90%
20/06/16 16:35:01 INFO mapreduce.Job:  map 100% reduce 91%
20/06/16 16:35:04 INFO mapreduce.Job:  map 100% reduce 93%
20/06/16 16:35:07 INFO mapreduce.Job:  map 100% reduce 94%
20/06/16 16:35:10 INFO mapreduce.Job:  map 100% reduce 96%
20/06/16 16:35:13 INFO mapreduce.Job:  map 100% reduce 97%
20/06/16 16:35:16 INFO mapreduce.Job:  map 100% reduce 99%
20/06/16 16:35:19 INFO mapreduce.Job:  map 100% reduce 100%
20/06/16 16:35:20 INFO mapreduce.Job: Job job_1592291822957_0003 completed successfully
20/06/16 16:35:20 INFO mapreduce.Job: Counters: 51
	File System Counters
		FILE: Number of bytes read=30614199659
		FILE: Number of bytes written=41369844233
		FILE: Number of read operations=0
		FILE: Number of large read operations=0
		FILE: Number of write operations=0
		HDFS: Number of bytes read=10773342555
		HDFS: Number of bytes written=10772846837
		HDFS: Number of read operations=169
		HDFS: Number of large read operations=0
		HDFS: Number of write operations=6
	Job Counters 
		Killed map tasks=2
		Launched map tasks=42
		Launched reduce tasks=3
		Data-local map tasks=34
		Rack-local map tasks=8
		Total time spent by all maps in occupied slots (ms)=1259292
		Total time spent by all reduces in occupied slots (ms)=711875
		Total time spent by all map tasks (ms)=1259292
		Total time spent by all reduce tasks (ms)=711875
		Total vcore-milliseconds taken by all map tasks=1259292
		Total vcore-milliseconds taken by all reduce tasks=711875
		Total megabyte-milliseconds taken by all map tasks=1289515008
		Total megabyte-milliseconds taken by all reduce tasks=728960000
	Map-Reduce Framework
		Map input records=1022600
		Map output records=1022600
		Map output bytes=10745642829
		Map output materialized bytes=10751391840
		Input split bytes=4120
		Combine input records=0
		Combine output records=0
		Reduce input groups=1022600
		Reduce shuffle bytes=10751391840
		Reduce input records=1022600
		Reduce output records=1022600
		Spilled Records=3934703
		Shuffled Maps =120
		Failed Shuffles=0
		Merged Map outputs=120
		GC time elapsed (ms)=6771
		CPU time spent (ms)=190190
		Physical memory (bytes) snapshot=11195752448
		Virtual memory (bytes) snapshot=90765754368
		Total committed heap usage (bytes)=8142192640
	Shuffle Errors
		BAD_ID=0
		CONNECTION=0
		IO_ERROR=0
		WRONG_LENGTH=0
		WRONG_MAP=0
		WRONG_REDUCE=0
	File Input Format Counters 
		Bytes Read=10773338435
	File Output Format Counters 
		Bytes Written=10772846837
