20/06/16 16:24:08 INFO client.RMProxy: Connecting to ResourceManager at master/10.51.17.95:8032
20/06/16 16:24:08 INFO client.RMProxy: Connecting to ResourceManager at master/10.51.17.95:8032
20/06/16 16:24:09 INFO input.FileInputFormat: Total input paths to process : 10
20/06/16 16:24:09 INFO mapreduce.JobSubmitter: number of splits:40
20/06/16 16:24:10 INFO mapreduce.JobSubmitter: Submitting tokens for job: job_1592291822957_0002
20/06/16 16:24:10 INFO impl.YarnClientImpl: Submitted application application_1592291822957_0002
20/06/16 16:24:10 INFO mapreduce.Job: The url to track the job: http://master:8088/proxy/application_1592291822957_0002/
20/06/16 16:24:10 INFO mapreduce.Job: Running job: job_1592291822957_0002
20/06/16 16:24:21 INFO mapreduce.Job: Job job_1592291822957_0002 running in uber mode : false
20/06/16 16:24:21 INFO mapreduce.Job:  map 0% reduce 0%
20/06/16 16:24:32 INFO mapreduce.Job:  map 3% reduce 0%
20/06/16 16:24:33 INFO mapreduce.Job:  map 9% reduce 0%
20/06/16 16:24:35 INFO mapreduce.Job:  map 11% reduce 0%
20/06/16 16:24:36 INFO mapreduce.Job:  map 18% reduce 0%
20/06/16 16:24:39 INFO mapreduce.Job:  map 19% reduce 0%
20/06/16 16:24:42 INFO mapreduce.Job:  map 20% reduce 0%
20/06/16 16:24:43 INFO mapreduce.Job:  map 21% reduce 0%
20/06/16 16:24:44 INFO mapreduce.Job:  map 22% reduce 0%
20/06/16 16:24:45 INFO mapreduce.Job:  map 25% reduce 0%
20/06/16 16:24:46 INFO mapreduce.Job:  map 26% reduce 0%
20/06/16 16:24:47 INFO mapreduce.Job:  map 27% reduce 2%
20/06/16 16:24:48 INFO mapreduce.Job:  map 28% reduce 2%
20/06/16 16:24:49 INFO mapreduce.Job:  map 29% reduce 2%
20/06/16 16:24:51 INFO mapreduce.Job:  map 30% reduce 2%
20/06/16 16:24:52 INFO mapreduce.Job:  map 32% reduce 2%
20/06/16 16:24:54 INFO mapreduce.Job:  map 33% reduce 2%
20/06/16 16:24:55 INFO mapreduce.Job:  map 34% reduce 2%
20/06/16 16:24:59 INFO mapreduce.Job:  map 35% reduce 3%
20/06/16 16:25:04 INFO mapreduce.Job:  map 36% reduce 3%
20/06/16 16:25:05 INFO mapreduce.Job:  map 37% reduce 3%
20/06/16 16:25:06 INFO mapreduce.Job:  map 38% reduce 3%
20/06/16 16:25:09 INFO mapreduce.Job:  map 40% reduce 4%
20/06/16 16:25:12 INFO mapreduce.Job:  map 43% reduce 4%
20/06/16 16:25:15 INFO mapreduce.Job:  map 44% reduce 5%
20/06/16 16:25:18 INFO mapreduce.Job:  map 46% reduce 5%
20/06/16 16:25:20 INFO mapreduce.Job:  map 48% reduce 5%
20/06/16 16:25:21 INFO mapreduce.Job:  map 50% reduce 5%
20/06/16 16:25:22 INFO mapreduce.Job:  map 51% reduce 5%
20/06/16 16:25:24 INFO mapreduce.Job:  map 51% reduce 6%
20/06/16 16:25:27 INFO mapreduce.Job:  map 52% reduce 6%
20/06/16 16:25:30 INFO mapreduce.Job:  map 53% reduce 6%
20/06/16 16:25:31 INFO mapreduce.Job:  map 56% reduce 6%
20/06/16 16:25:32 INFO mapreduce.Job:  map 57% reduce 6%
20/06/16 16:25:34 INFO mapreduce.Job:  map 58% reduce 6%
20/06/16 16:25:36 INFO mapreduce.Job:  map 58% reduce 7%
20/06/16 16:25:37 INFO mapreduce.Job:  map 61% reduce 7%
20/06/16 16:25:39 INFO mapreduce.Job:  map 62% reduce 7%
20/06/16 16:25:40 INFO mapreduce.Job:  map 63% reduce 8%
20/06/16 16:25:46 INFO mapreduce.Job:  map 64% reduce 8%
20/06/16 16:25:49 INFO mapreduce.Job:  map 67% reduce 8%
20/06/16 16:25:50 INFO mapreduce.Job:  map 68% reduce 8%
20/06/16 16:25:51 INFO mapreduce.Job:  map 69% reduce 8%
20/06/16 16:25:52 INFO mapreduce.Job:  map 72% reduce 9%
20/06/16 16:25:53 INFO mapreduce.Job:  map 73% reduce 9%
20/06/16 16:25:56 INFO mapreduce.Job:  map 74% reduce 9%
20/06/16 16:25:57 INFO mapreduce.Job:  map 74% reduce 10%
20/06/16 16:25:58 INFO mapreduce.Job:  map 75% reduce 10%
20/06/16 16:26:02 INFO mapreduce.Job:  map 76% reduce 10%
20/06/16 16:26:03 INFO mapreduce.Job:  map 77% reduce 11%
20/06/16 16:26:05 INFO mapreduce.Job:  map 79% reduce 11%
20/06/16 16:26:07 INFO mapreduce.Job:  map 82% reduce 12%
20/06/16 16:26:10 INFO mapreduce.Job:  map 84% reduce 12%
20/06/16 16:26:13 INFO mapreduce.Job:  map 86% reduce 12%
20/06/16 16:26:14 INFO mapreduce.Job:  map 87% reduce 12%
20/06/16 16:26:15 INFO mapreduce.Job:  map 88% reduce 12%
20/06/16 16:26:16 INFO mapreduce.Job:  map 89% reduce 12%
20/06/16 16:26:18 INFO mapreduce.Job:  map 89% reduce 13%
20/06/16 16:26:19 INFO mapreduce.Job:  map 91% reduce 13%
20/06/16 16:26:20 INFO mapreduce.Job:  map 92% reduce 13%
20/06/16 16:26:21 INFO mapreduce.Job:  map 92% reduce 14%
20/06/16 16:26:22 INFO mapreduce.Job:  map 93% reduce 14%
20/06/16 16:26:23 INFO mapreduce.Job:  map 94% reduce 14%
20/06/16 16:26:25 INFO mapreduce.Job:  map 95% reduce 14%
20/06/16 16:26:27 INFO mapreduce.Job:  map 96% reduce 14%
20/06/16 16:26:28 INFO mapreduce.Job:  map 97% reduce 14%
20/06/16 16:26:31 INFO mapreduce.Job:  map 97% reduce 15%
20/06/16 16:26:37 INFO mapreduce.Job:  map 98% reduce 15%
20/06/16 16:26:39 INFO mapreduce.Job:  map 98% reduce 16%
20/06/16 16:26:40 INFO mapreduce.Job:  map 99% reduce 16%
20/06/16 16:26:42 INFO mapreduce.Job:  map 99% reduce 17%
20/06/16 16:26:45 INFO mapreduce.Job:  map 99% reduce 18%
20/06/16 16:26:48 INFO mapreduce.Job:  map 99% reduce 19%
20/06/16 16:26:52 INFO mapreduce.Job:  map 99% reduce 20%
20/06/16 16:26:57 INFO mapreduce.Job:  map 99% reduce 21%
20/06/16 16:27:07 INFO mapreduce.Job:  map 99% reduce 22%
20/06/16 16:27:08 INFO mapreduce.Job:  map 100% reduce 22%
20/06/16 16:27:09 INFO mapreduce.Job:  map 100% reduce 23%
20/06/16 16:27:12 INFO mapreduce.Job:  map 100% reduce 25%
20/06/16 16:27:16 INFO mapreduce.Job:  map 100% reduce 26%
20/06/16 16:27:22 INFO mapreduce.Job:  map 100% reduce 27%
20/06/16 16:27:30 INFO mapreduce.Job:  map 100% reduce 28%
20/06/16 16:27:33 INFO mapreduce.Job:  map 100% reduce 29%
20/06/16 16:27:34 INFO mapreduce.Job:  map 100% reduce 30%
20/06/16 16:27:36 INFO mapreduce.Job:  map 100% reduce 36%
20/06/16 16:27:39 INFO mapreduce.Job:  map 100% reduce 42%
20/06/16 16:27:42 INFO mapreduce.Job:  map 100% reduce 43%
20/06/16 16:27:54 INFO mapreduce.Job:  map 100% reduce 44%
20/06/16 16:27:55 INFO mapreduce.Job:  map 100% reduce 49%
20/06/16 16:27:57 INFO mapreduce.Job:  map 100% reduce 60%
20/06/16 16:27:58 INFO mapreduce.Job:  map 100% reduce 66%
20/06/16 16:28:00 INFO mapreduce.Job:  map 100% reduce 68%
20/06/16 16:28:01 INFO mapreduce.Job:  map 100% reduce 69%
20/06/16 16:28:06 INFO mapreduce.Job:  map 100% reduce 70%
20/06/16 16:28:09 INFO mapreduce.Job:  map 100% reduce 71%
20/06/16 16:28:10 INFO mapreduce.Job:  map 100% reduce 72%
20/06/16 16:28:12 INFO mapreduce.Job:  map 100% reduce 73%
20/06/16 16:28:15 INFO mapreduce.Job:  map 100% reduce 74%
20/06/16 16:28:16 INFO mapreduce.Job:  map 100% reduce 75%
20/06/16 16:28:19 INFO mapreduce.Job:  map 100% reduce 76%
20/06/16 16:28:21 INFO mapreduce.Job:  map 100% reduce 77%
20/06/16 16:28:22 INFO mapreduce.Job:  map 100% reduce 78%
20/06/16 16:28:24 INFO mapreduce.Job:  map 100% reduce 79%
20/06/16 16:28:28 INFO mapreduce.Job:  map 100% reduce 80%
20/06/16 16:28:31 INFO mapreduce.Job:  map 100% reduce 81%
20/06/16 16:28:32 INFO mapreduce.Job:  map 100% reduce 82%
20/06/16 16:28:34 INFO mapreduce.Job:  map 100% reduce 83%
20/06/16 16:28:35 INFO mapreduce.Job:  map 100% reduce 84%
20/06/16 16:28:37 INFO mapreduce.Job:  map 100% reduce 85%
20/06/16 16:28:38 INFO mapreduce.Job:  map 100% reduce 86%
20/06/16 16:28:40 INFO mapreduce.Job:  map 100% reduce 87%
20/06/16 16:28:44 INFO mapreduce.Job:  map 100% reduce 88%
20/06/16 16:28:46 INFO mapreduce.Job:  map 100% reduce 90%
20/06/16 16:28:49 INFO mapreduce.Job:  map 100% reduce 91%
20/06/16 16:28:50 INFO mapreduce.Job:  map 100% reduce 92%
20/06/16 16:28:53 INFO mapreduce.Job:  map 100% reduce 93%
20/06/16 16:28:56 INFO mapreduce.Job:  map 100% reduce 94%
20/06/16 16:28:59 INFO mapreduce.Job:  map 100% reduce 95%
20/06/16 16:29:02 INFO mapreduce.Job:  map 100% reduce 96%
20/06/16 16:29:04 INFO mapreduce.Job:  map 100% reduce 97%
20/06/16 16:29:07 INFO mapreduce.Job:  map 100% reduce 98%
20/06/16 16:29:08 INFO mapreduce.Job:  map 100% reduce 99%
20/06/16 16:29:11 INFO mapreduce.Job:  map 100% reduce 100%
20/06/16 16:29:12 INFO mapreduce.Job: Job job_1592291822957_0002 completed successfully
20/06/16 16:29:12 INFO mapreduce.Job: Counters: 50
	File System Counters
		FILE: Number of bytes read=30614199659
		FILE: Number of bytes written=41369844233
		FILE: Number of read operations=0
		FILE: Number of large read operations=0
		FILE: Number of write operations=0
		HDFS: Number of bytes read=10773342555
		HDFS: Number of bytes written=10772846837
		HDFS: Number of read operations=169
		HDFS: Number of large read operations=0
		HDFS: Number of write operations=6
	Job Counters 
		Killed map tasks=2
		Launched map tasks=42
		Launched reduce tasks=3
		Data-local map tasks=42
		Total time spent by all maps in occupied slots (ms)=1035484
		Total time spent by all reduces in occupied slots (ms)=743703
		Total time spent by all map tasks (ms)=1035484
		Total time spent by all reduce tasks (ms)=743703
		Total vcore-milliseconds taken by all map tasks=1035484
		Total vcore-milliseconds taken by all reduce tasks=743703
		Total megabyte-milliseconds taken by all map tasks=1060335616
		Total megabyte-milliseconds taken by all reduce tasks=761551872
	Map-Reduce Framework
		Map input records=1022600
		Map output records=1022600
		Map output bytes=10745642829
		Map output materialized bytes=10751391840
		Input split bytes=4120
		Combine input records=0
		Combine output records=0
		Reduce input groups=1022600
		Reduce shuffle bytes=10751391840
		Reduce input records=1022600
		Reduce output records=1022600
		Spilled Records=3934703
		Shuffled Maps =120
		Failed Shuffles=0
		Merged Map outputs=120
		GC time elapsed (ms)=6302
		CPU time spent (ms)=186720
		Physical memory (bytes) snapshot=11192700928
		Virtual memory (bytes) snapshot=90765824000
		Total committed heap usage (bytes)=8118075392
	Shuffle Errors
		BAD_ID=0
		CONNECTION=0
		IO_ERROR=0
		WRONG_LENGTH=0
		WRONG_MAP=0
		WRONG_REDUCE=0
	File Input Format Counters 
		Bytes Read=10773338435
	File Output Format Counters 
		Bytes Written=10772846837
