20/06/10 10:47:07 INFO client.RMProxy: Connecting to ResourceManager at master/10.51.17.95:8032
20/06/10 10:47:08 INFO client.RMProxy: Connecting to ResourceManager at master/10.51.17.95:8032
20/06/10 10:47:08 INFO input.FileInputFormat: Total input paths to process : 10
20/06/10 10:47:09 INFO mapreduce.JobSubmitter: number of splits:40
20/06/10 10:47:09 INFO mapreduce.JobSubmitter: Submitting tokens for job: job_1591753561978_0002
20/06/10 10:47:09 INFO impl.YarnClientImpl: Submitted application application_1591753561978_0002
20/06/10 10:47:09 INFO mapreduce.Job: The url to track the job: http://master:8088/proxy/application_1591753561978_0002/
20/06/10 10:47:09 INFO mapreduce.Job: Running job: job_1591753561978_0002
20/06/10 10:47:17 INFO mapreduce.Job: Job job_1591753561978_0002 running in uber mode : false
20/06/10 10:47:17 INFO mapreduce.Job:  map 0% reduce 0%
20/06/10 10:47:31 INFO mapreduce.Job:  map 6% reduce 0%
20/06/10 10:47:32 INFO mapreduce.Job:  map 11% reduce 0%
20/06/10 10:47:33 INFO mapreduce.Job:  map 22% reduce 0%
20/06/10 10:47:35 INFO mapreduce.Job:  map 23% reduce 0%
20/06/10 10:47:36 INFO mapreduce.Job:  map 25% reduce 0%
20/06/10 10:47:38 INFO mapreduce.Job:  map 26% reduce 0%
20/06/10 10:47:42 INFO mapreduce.Job:  map 28% reduce 0%
20/06/10 10:47:43 INFO mapreduce.Job:  map 29% reduce 0%
20/06/10 10:47:44 INFO mapreduce.Job:  map 30% reduce 0%
20/06/10 10:47:45 INFO mapreduce.Job:  map 32% reduce 0%
20/06/10 10:47:48 INFO mapreduce.Job:  map 34% reduce 0%
20/06/10 10:47:49 INFO mapreduce.Job:  map 35% reduce 0%
20/06/10 10:47:55 INFO mapreduce.Job:  map 38% reduce 0%
20/06/10 10:47:56 INFO mapreduce.Job:  map 40% reduce 0%
20/06/10 10:47:57 INFO mapreduce.Job:  map 43% reduce 0%
20/06/10 10:47:58 INFO mapreduce.Job:  map 44% reduce 0%
20/06/10 10:48:00 INFO mapreduce.Job:  map 45% reduce 0%
20/06/10 10:48:01 INFO mapreduce.Job:  map 46% reduce 0%
20/06/10 10:48:03 INFO mapreduce.Job:  map 47% reduce 0%
20/06/10 10:48:06 INFO mapreduce.Job:  map 48% reduce 0%
20/06/10 10:48:07 INFO mapreduce.Job:  map 50% reduce 0%
20/06/10 10:48:10 INFO mapreduce.Job:  map 51% reduce 1%
20/06/10 10:48:13 INFO mapreduce.Job:  map 52% reduce 2%
20/06/10 10:48:16 INFO mapreduce.Job:  map 53% reduce 2%
20/06/10 10:48:21 INFO mapreduce.Job:  map 54% reduce 2%
20/06/10 10:48:22 INFO mapreduce.Job:  map 57% reduce 3%
20/06/10 10:48:24 INFO mapreduce.Job:  map 58% reduce 3%
20/06/10 10:48:25 INFO mapreduce.Job:  map 60% reduce 3%
20/06/10 10:48:28 INFO mapreduce.Job:  map 61% reduce 3%
20/06/10 10:48:30 INFO mapreduce.Job:  map 62% reduce 3%
20/06/10 10:48:31 INFO mapreduce.Job:  map 63% reduce 4%
20/06/10 10:48:34 INFO mapreduce.Job:  map 64% reduce 4%
20/06/10 10:48:36 INFO mapreduce.Job:  map 65% reduce 4%
20/06/10 10:48:39 INFO mapreduce.Job:  map 66% reduce 4%
20/06/10 10:48:40 INFO mapreduce.Job:  map 67% reduce 5%
20/06/10 10:48:42 INFO mapreduce.Job:  map 68% reduce 5%
20/06/10 10:48:43 INFO mapreduce.Job:  map 69% reduce 6%
20/06/10 10:48:44 INFO mapreduce.Job:  map 70% reduce 6%
20/06/10 10:48:45 INFO mapreduce.Job:  map 71% reduce 6%
20/06/10 10:48:46 INFO mapreduce.Job:  map 72% reduce 6%
20/06/10 10:48:47 INFO mapreduce.Job:  map 73% reduce 6%
20/06/10 10:48:49 INFO mapreduce.Job:  map 73% reduce 8%
20/06/10 10:48:51 INFO mapreduce.Job:  map 74% reduce 8%
20/06/10 10:48:52 INFO mapreduce.Job:  map 75% reduce 8%
20/06/10 10:48:54 INFO mapreduce.Job:  map 76% reduce 8%
20/06/10 10:48:55 INFO mapreduce.Job:  map 76% reduce 9%
20/06/10 10:48:56 INFO mapreduce.Job:  map 77% reduce 9%
20/06/10 10:48:57 INFO mapreduce.Job:  map 78% reduce 9%
20/06/10 10:48:58 INFO mapreduce.Job:  map 80% reduce 9%
20/06/10 10:49:00 INFO mapreduce.Job:  map 81% reduce 9%
20/06/10 10:49:01 INFO mapreduce.Job:  map 82% reduce 9%
20/06/10 10:49:02 INFO mapreduce.Job:  map 83% reduce 9%
20/06/10 10:49:04 INFO mapreduce.Job:  map 84% reduce 10%
20/06/10 10:49:06 INFO mapreduce.Job:  map 85% reduce 10%
20/06/10 10:49:07 INFO mapreduce.Job:  map 86% reduce 11%
20/06/10 10:49:15 INFO mapreduce.Job:  map 87% reduce 11%
20/06/10 10:49:16 INFO mapreduce.Job:  map 88% reduce 11%
20/06/10 10:49:19 INFO mapreduce.Job:  map 89% reduce 12%
20/06/10 10:49:22 INFO mapreduce.Job:  map 90% reduce 14%
20/06/10 10:49:24 INFO mapreduce.Job:  map 91% reduce 14%
20/06/10 10:49:32 INFO mapreduce.Job:  map 91% reduce 15%
20/06/10 10:49:34 INFO mapreduce.Job:  map 94% reduce 15%
20/06/10 10:49:35 INFO mapreduce.Job:  map 94% reduce 17%
20/06/10 10:49:40 INFO mapreduce.Job:  map 95% reduce 17%
20/06/10 10:49:41 INFO mapreduce.Job:  map 95% reduce 18%
20/06/10 10:49:46 INFO mapreduce.Job:  map 96% reduce 18%
20/06/10 10:49:47 INFO mapreduce.Job:  map 96% reduce 19%
20/06/10 10:49:50 INFO mapreduce.Job:  map 96% reduce 20%
20/06/10 10:49:51 INFO mapreduce.Job:  map 97% reduce 20%
20/06/10 10:49:56 INFO mapreduce.Job:  map 98% reduce 21%
20/06/10 10:50:01 INFO mapreduce.Job:  map 99% reduce 21%
20/06/10 10:50:05 INFO mapreduce.Job:  map 99% reduce 22%
20/06/10 10:50:08 INFO mapreduce.Job:  map 99% reduce 23%
20/06/10 10:50:14 INFO mapreduce.Job:  map 99% reduce 24%
20/06/10 10:50:17 INFO mapreduce.Job:  map 99% reduce 25%
20/06/10 10:50:23 INFO mapreduce.Job:  map 99% reduce 26%
20/06/10 10:50:26 INFO mapreduce.Job:  map 99% reduce 27%
20/06/10 10:50:28 INFO mapreduce.Job:  map 100% reduce 27%
20/06/10 10:50:32 INFO mapreduce.Job:  map 100% reduce 28%
20/06/10 10:50:35 INFO mapreduce.Job:  map 100% reduce 29%
20/06/10 10:50:38 INFO mapreduce.Job:  map 100% reduce 30%
20/06/10 10:50:41 INFO mapreduce.Job:  map 100% reduce 31%
20/06/10 10:50:45 INFO mapreduce.Job:  map 100% reduce 32%
20/06/10 10:50:48 INFO mapreduce.Job:  map 100% reduce 33%
20/06/10 10:51:08 INFO mapreduce.Job:  map 100% reduce 37%
20/06/10 10:51:11 INFO mapreduce.Job:  map 100% reduce 47%
20/06/10 10:51:14 INFO mapreduce.Job:  map 100% reduce 54%
20/06/10 10:51:15 INFO mapreduce.Job:  map 100% reduce 56%
20/06/10 10:51:17 INFO mapreduce.Job:  map 100% reduce 57%
20/06/10 10:51:18 INFO mapreduce.Job:  map 100% reduce 66%
20/06/10 10:51:21 INFO mapreduce.Job:  map 100% reduce 67%
20/06/10 10:51:26 INFO mapreduce.Job:  map 100% reduce 69%
20/06/10 10:51:29 INFO mapreduce.Job:  map 100% reduce 70%
20/06/10 10:51:32 INFO mapreduce.Job:  map 100% reduce 72%
20/06/10 10:51:35 INFO mapreduce.Job:  map 100% reduce 73%
20/06/10 10:51:36 INFO mapreduce.Job:  map 100% reduce 74%
20/06/10 10:51:38 INFO mapreduce.Job:  map 100% reduce 75%
20/06/10 10:51:41 INFO mapreduce.Job:  map 100% reduce 76%
20/06/10 10:51:42 INFO mapreduce.Job:  map 100% reduce 77%
20/06/10 10:51:44 INFO mapreduce.Job:  map 100% reduce 78%
20/06/10 10:51:47 INFO mapreduce.Job:  map 100% reduce 79%
20/06/10 10:51:50 INFO mapreduce.Job:  map 100% reduce 80%
20/06/10 10:51:51 INFO mapreduce.Job:  map 100% reduce 81%
20/06/10 10:51:54 INFO mapreduce.Job:  map 100% reduce 82%
20/06/10 10:51:56 INFO mapreduce.Job:  map 100% reduce 83%
20/06/10 10:51:59 INFO mapreduce.Job:  map 100% reduce 84%
20/06/10 10:52:00 INFO mapreduce.Job:  map 100% reduce 85%
20/06/10 10:52:02 INFO mapreduce.Job:  map 100% reduce 86%
20/06/10 10:52:05 INFO mapreduce.Job:  map 100% reduce 87%
20/06/10 10:52:06 INFO mapreduce.Job:  map 100% reduce 88%
20/06/10 10:52:08 INFO mapreduce.Job:  map 100% reduce 89%
20/06/10 10:52:11 INFO mapreduce.Job:  map 100% reduce 90%
20/06/10 10:52:12 INFO mapreduce.Job:  map 100% reduce 91%
20/06/10 10:52:14 INFO mapreduce.Job:  map 100% reduce 92%
20/06/10 10:52:15 INFO mapreduce.Job:  map 100% reduce 93%
20/06/10 10:52:18 INFO mapreduce.Job:  map 100% reduce 94%
20/06/10 10:52:20 INFO mapreduce.Job:  map 100% reduce 95%
20/06/10 10:52:21 INFO mapreduce.Job:  map 100% reduce 96%
20/06/10 10:52:23 INFO mapreduce.Job:  map 100% reduce 97%
20/06/10 10:52:26 INFO mapreduce.Job:  map 100% reduce 99%
20/06/10 10:52:28 INFO mapreduce.Job:  map 100% reduce 100%
20/06/10 10:52:29 INFO mapreduce.Job: Job job_1591753561978_0002 completed successfully
20/06/10 10:52:29 INFO mapreduce.Job: Counters: 51
	File System Counters
		FILE: Number of bytes read=30612086985
		FILE: Number of bytes written=41367770548
		FILE: Number of read operations=0
		FILE: Number of large read operations=0
		FILE: Number of write operations=0
		HDFS: Number of bytes read=10773343134
		HDFS: Number of bytes written=10772874497
		HDFS: Number of read operations=169
		HDFS: Number of large read operations=0
		HDFS: Number of write operations=6
	Job Counters 
		Killed map tasks=2
		Launched map tasks=42
		Launched reduce tasks=3
		Data-local map tasks=37
		Rack-local map tasks=5
		Total time spent by all maps in occupied slots (ms)=1676093
		Total time spent by all reduces in occupied slots (ms)=837450
		Total time spent by all map tasks (ms)=1676093
		Total time spent by all reduce tasks (ms)=837450
		Total vcore-milliseconds taken by all map tasks=1676093
		Total vcore-milliseconds taken by all reduce tasks=837450
		Total megabyte-milliseconds taken by all map tasks=1716319232
		Total megabyte-milliseconds taken by all reduce tasks=857548800
	Map-Reduce Framework
		Map input records=1022175
		Map output records=1022175
		Map output bytes=10745687549
		Map output materialized bytes=10751435139
		Input split bytes=4520
		Combine input records=0
		Combine output records=0
		Reduce input groups=1022175
		Reduce shuffle bytes=10751435139
		Reduce input records=1022175
		Reduce output records=1022175
		Spilled Records=3933010
		Shuffled Maps =120
		Failed Shuffles=0
		Merged Map outputs=120
		GC time elapsed (ms)=9016
		CPU time spent (ms)=173880
		Physical memory (bytes) snapshot=11112869888
		Virtual memory (bytes) snapshot=90756960256
		Total committed heap usage (bytes)=8126988288
	Shuffle Errors
		BAD_ID=0
		CONNECTION=0
		IO_ERROR=0
		WRONG_LENGTH=0
		WRONG_MAP=0
		WRONG_REDUCE=0
	File Input Format Counters 
		Bytes Read=10773338614
	File Output Format Counters 
		Bytes Written=10772874497
