20/06/07 06:47:32 INFO client.RMProxy: Connecting to ResourceManager at master/10.51.17.95:8032
20/06/07 06:47:33 INFO input.FileInputFormat: Total input paths to process : 10
20/06/07 06:47:33 INFO mapreduce.JobSubmitter: number of splits:50
20/06/07 06:47:33 INFO mapreduce.JobSubmitter: Submitting tokens for job: job_1591479601628_0005
20/06/07 06:47:33 INFO impl.YarnClientImpl: Submitted application application_1591479601628_0005
20/06/07 06:47:33 INFO mapreduce.Job: The url to track the job: http://master:8088/proxy/application_1591479601628_0005/
20/06/07 06:47:33 INFO mapreduce.Job: Running job: job_1591479601628_0005
20/06/07 06:47:41 INFO mapreduce.Job: Job job_1591479601628_0005 running in uber mode : false
20/06/07 06:47:41 INFO mapreduce.Job:  map 0% reduce 0%
20/06/07 06:47:55 INFO mapreduce.Job:  map 1% reduce 0%
20/06/07 06:47:56 INFO mapreduce.Job:  map 2% reduce 0%
20/06/07 06:48:00 INFO mapreduce.Job:  map 3% reduce 0%
20/06/07 06:48:09 INFO mapreduce.Job:  map 4% reduce 0%
20/06/07 06:48:13 INFO mapreduce.Job:  map 5% reduce 0%
20/06/07 06:48:20 INFO mapreduce.Job:  map 6% reduce 0%
20/06/07 06:48:25 INFO mapreduce.Job:  map 7% reduce 0%
20/06/07 06:48:28 INFO mapreduce.Job:  map 8% reduce 0%
20/06/07 06:48:35 INFO mapreduce.Job:  map 9% reduce 0%
20/06/07 06:48:38 INFO mapreduce.Job:  map 10% reduce 0%
20/06/07 06:48:46 INFO mapreduce.Job:  map 11% reduce 0%
20/06/07 06:48:50 INFO mapreduce.Job:  map 12% reduce 0%
20/06/07 06:48:56 INFO mapreduce.Job:  map 13% reduce 0%
20/06/07 06:49:01 INFO mapreduce.Job:  map 14% reduce 0%
20/06/07 06:49:05 INFO mapreduce.Job:  map 15% reduce 0%
20/06/07 06:49:12 INFO mapreduce.Job:  map 16% reduce 0%
20/06/07 06:49:13 INFO mapreduce.Job:  map 17% reduce 0%
20/06/07 06:49:19 INFO mapreduce.Job:  map 18% reduce 0%
20/06/07 06:49:21 INFO mapreduce.Job:  map 19% reduce 0%
20/06/07 06:49:24 INFO mapreduce.Job:  map 21% reduce 0%
20/06/07 06:49:25 INFO mapreduce.Job:  map 22% reduce 0%
20/06/07 06:49:32 INFO mapreduce.Job:  map 23% reduce 0%
20/06/07 06:49:38 INFO mapreduce.Job:  map 24% reduce 0%
20/06/07 06:49:44 INFO mapreduce.Job:  map 25% reduce 0%
20/06/07 06:49:45 INFO mapreduce.Job:  map 26% reduce 0%
20/06/07 06:49:46 INFO mapreduce.Job:  map 27% reduce 0%
20/06/07 06:49:47 INFO mapreduce.Job:  map 29% reduce 0%
20/06/07 06:49:50 INFO mapreduce.Job:  map 30% reduce 0%
20/06/07 06:49:56 INFO mapreduce.Job:  map 31% reduce 6%
20/06/07 06:49:59 INFO mapreduce.Job:  map 32% reduce 9%
20/06/07 06:50:05 INFO mapreduce.Job:  map 33% reduce 9%
20/06/07 06:50:12 INFO mapreduce.Job:  map 34% reduce 9%
20/06/07 06:50:15 INFO mapreduce.Job:  map 35% reduce 9%
20/06/07 06:50:21 INFO mapreduce.Job:  map 36% reduce 9%
20/06/07 06:50:27 INFO mapreduce.Job:  map 37% reduce 9%
20/06/07 06:50:33 INFO mapreduce.Job:  map 38% reduce 9%
20/06/07 06:50:36 INFO mapreduce.Job:  map 39% reduce 9%
20/06/07 06:50:45 INFO mapreduce.Job:  map 40% reduce 9%
20/06/07 06:50:46 INFO mapreduce.Job:  map 41% reduce 9%
20/06/07 06:50:49 INFO mapreduce.Job:  map 41% reduce 10%
20/06/07 06:50:51 INFO mapreduce.Job:  map 42% reduce 10%
20/06/07 06:50:54 INFO mapreduce.Job:  map 43% reduce 10%
20/06/07 06:50:55 INFO mapreduce.Job:  map 43% reduce 11%
20/06/07 06:50:59 INFO mapreduce.Job:  map 44% reduce 11%
20/06/07 06:51:03 INFO mapreduce.Job:  map 46% reduce 11%
20/06/07 06:51:05 INFO mapreduce.Job:  map 47% reduce 11%
20/06/07 06:51:07 INFO mapreduce.Job:  map 47% reduce 13%
20/06/07 06:51:09 INFO mapreduce.Job:  map 48% reduce 13%
20/06/07 06:51:15 INFO mapreduce.Job:  map 49% reduce 13%
20/06/07 06:51:18 INFO mapreduce.Job:  map 50% reduce 13%
20/06/07 06:51:25 INFO mapreduce.Job:  map 51% reduce 13%
20/06/07 06:51:33 INFO mapreduce.Job:  map 52% reduce 13%
20/06/07 06:51:34 INFO mapreduce.Job:  map 53% reduce 13%
20/06/07 06:51:35 INFO mapreduce.Job:  map 53% reduce 14%
20/06/07 06:51:36 INFO mapreduce.Job:  map 54% reduce 14%
20/06/07 06:51:37 INFO mapreduce.Job:  map 55% reduce 14%
20/06/07 06:51:38 INFO mapreduce.Job:  map 55% reduce 15%
20/06/07 06:51:40 INFO mapreduce.Job:  map 56% reduce 15%
20/06/07 06:51:41 INFO mapreduce.Job:  map 56% reduce 16%
20/06/07 06:51:43 INFO mapreduce.Job:  map 56% reduce 17%
20/06/07 06:51:45 INFO mapreduce.Job:  map 57% reduce 17%
20/06/07 06:51:48 INFO mapreduce.Job:  map 58% reduce 17%
20/06/07 06:51:49 INFO mapreduce.Job:  map 59% reduce 17%
20/06/07 06:51:52 INFO mapreduce.Job:  map 59% reduce 18%
20/06/07 06:51:53 INFO mapreduce.Job:  map 60% reduce 18%
20/06/07 06:52:01 INFO mapreduce.Job:  map 61% reduce 18%
20/06/07 06:52:02 INFO mapreduce.Job:  map 63% reduce 18%
20/06/07 06:52:03 INFO mapreduce.Job:  map 64% reduce 18%
20/06/07 06:52:10 INFO mapreduce.Job:  map 65% reduce 18%
20/06/07 06:52:11 INFO mapreduce.Job:  map 66% reduce 18%
20/06/07 06:52:14 INFO mapreduce.Job:  map 67% reduce 19%
20/06/07 06:52:22 INFO mapreduce.Job:  map 69% reduce 19%
20/06/07 06:52:24 INFO mapreduce.Job:  map 71% reduce 19%
20/06/07 06:52:26 INFO mapreduce.Job:  map 72% reduce 19%
20/06/07 06:52:29 INFO mapreduce.Job:  map 72% reduce 20%
20/06/07 06:52:30 INFO mapreduce.Job:  map 73% reduce 20%
20/06/07 06:52:31 INFO mapreduce.Job:  map 74% reduce 20%
20/06/07 06:52:32 INFO mapreduce.Job:  map 74% reduce 21%
20/06/07 06:52:37 INFO mapreduce.Job:  map 75% reduce 21%
20/06/07 06:52:38 INFO mapreduce.Job:  map 76% reduce 22%
20/06/07 06:52:41 INFO mapreduce.Job:  map 78% reduce 23%
20/06/07 06:52:47 INFO mapreduce.Job:  map 79% reduce 23%
20/06/07 06:52:48 INFO mapreduce.Job:  map 80% reduce 23%
20/06/07 06:52:50 INFO mapreduce.Job:  map 82% reduce 23%
20/06/07 06:52:51 INFO mapreduce.Job:  map 83% reduce 25%
20/06/07 06:52:52 INFO mapreduce.Job:  map 84% reduce 25%
20/06/07 06:52:58 INFO mapreduce.Job:  map 86% reduce 25%
20/06/07 06:52:59 INFO mapreduce.Job:  map 87% reduce 25%
20/06/07 06:53:00 INFO mapreduce.Job:  map 89% reduce 25%
20/06/07 06:53:01 INFO mapreduce.Job:  map 90% reduce 25%
20/06/07 06:53:03 INFO mapreduce.Job:  map 90% reduce 27%
20/06/07 06:53:04 INFO mapreduce.Job:  map 92% reduce 27%
20/06/07 06:53:05 INFO mapreduce.Job:  map 93% reduce 27%
20/06/07 06:53:06 INFO mapreduce.Job:  map 93% reduce 28%
20/06/07 06:53:09 INFO mapreduce.Job:  map 93% reduce 29%
20/06/07 06:53:10 INFO mapreduce.Job:  map 94% reduce 29%
20/06/07 06:53:18 INFO mapreduce.Job:  map 95% reduce 29%
20/06/07 06:53:23 INFO mapreduce.Job:  map 96% reduce 29%
20/06/07 06:53:24 INFO mapreduce.Job:  map 96% reduce 31%
20/06/07 06:53:26 INFO mapreduce.Job:  map 97% reduce 31%
20/06/07 06:53:30 INFO mapreduce.Job:  map 98% reduce 31%
20/06/07 06:53:33 INFO mapreduce.Job:  map 98% reduce 32%
20/06/07 06:53:35 INFO mapreduce.Job:  map 99% reduce 32%
20/06/07 06:53:36 INFO mapreduce.Job:  map 99% reduce 33%
20/06/07 06:53:43 INFO mapreduce.Job:  map 100% reduce 33%
20/06/07 06:53:45 INFO mapreduce.Job:  map 100% reduce 67%
20/06/07 06:53:48 INFO mapreduce.Job:  map 100% reduce 73%
20/06/07 06:53:51 INFO mapreduce.Job:  map 100% reduce 79%
20/06/07 06:53:54 INFO mapreduce.Job:  map 100% reduce 87%
20/06/07 06:53:57 INFO mapreduce.Job:  map 100% reduce 98%
20/06/07 06:53:58 INFO mapreduce.Job:  map 100% reduce 100%
20/06/07 06:53:59 INFO mapreduce.Job: Job job_1591479601628_0005 completed successfully
20/06/07 06:53:59 INFO mapreduce.Job: Counters: 51
	File System Counters
		FILE: Number of bytes read=1456858790
		FILE: Number of bytes written=2148398430
		FILE: Number of read operations=0
		FILE: Number of large read operations=0
		FILE: Number of write operations=0
		HDFS: Number of bytes read=11023770100
		HDFS: Number of bytes written=354823958
		HDFS: Number of read operations=153
		HDFS: Number of large read operations=0
		HDFS: Number of write operations=2
	Job Counters 
		Killed map tasks=2
		Launched map tasks=52
		Launched reduce tasks=1
		Data-local map tasks=49
		Rack-local map tasks=3
		Total time spent by all maps in occupied slots (ms)=4452379
		Total time spent by all reduces in occupied slots (ms)=252839
		Total time spent by all map tasks (ms)=4452379
		Total time spent by all reduce tasks (ms)=252839
		Total vcore-milliseconds taken by all map tasks=4452379
		Total vcore-milliseconds taken by all reduce tasks=252839
		Total megabyte-milliseconds taken by all map tasks=4559236096
		Total megabyte-milliseconds taken by all reduce tasks=258907136
	Map-Reduce Framework
		Map input records=724234
		Map output records=1009299676
		Map output bytes=15223628724
		Map output materialized bytes=685274156
		Input split bytes=5850
		Combine input records=1033984290
		Combine output records=45825630
		Reduce input groups=9909214
		Reduce shuffle bytes=685274156
		Reduce input records=21141016
		Reduce output records=9909214
		Spilled Records=66966646
		Shuffled Maps =50
		Failed Shuffles=0
		Merged Map outputs=50
		GC time elapsed (ms)=83212
		CPU time spent (ms)=1863820
		Physical memory (bytes) snapshot=14126231552
		Virtual memory (bytes) snapshot=107565936640
		Total committed heap usage (bytes)=10580131840
	Shuffle Errors
		BAD_ID=0
		CONNECTION=0
		IO_ERROR=0
		WRONG_LENGTH=0
		WRONG_MAP=0
		WRONG_REDUCE=0
	File Input Format Counters 
		Bytes Read=11023764250
	File Output Format Counters 
		Bytes Written=354823958
