20/06/15 07:57:38 INFO client.RMProxy: Connecting to ResourceManager at master/10.51.17.95:8032
20/06/15 07:57:39 INFO input.FileInputFormat: Total input paths to process : 10
20/06/15 07:57:39 INFO mapreduce.JobSubmitter: number of splits:50
20/06/15 07:57:40 INFO mapreduce.JobSubmitter: Submitting tokens for job: job_1592174425710_0005
20/06/15 07:57:40 INFO impl.YarnClientImpl: Submitted application application_1592174425710_0005
20/06/15 07:57:40 INFO mapreduce.Job: The url to track the job: http://master:8088/proxy/application_1592174425710_0005/
20/06/15 07:57:40 INFO mapreduce.Job: Running job: job_1592174425710_0005
20/06/15 07:57:45 INFO mapreduce.Job: Job job_1592174425710_0005 running in uber mode : false
20/06/15 07:57:45 INFO mapreduce.Job:  map 0% reduce 0%
20/06/15 07:57:57 INFO mapreduce.Job:  map 1% reduce 0%
20/06/15 07:57:59 INFO mapreduce.Job:  map 2% reduce 0%
20/06/15 07:58:06 INFO mapreduce.Job:  map 3% reduce 0%
20/06/15 07:58:12 INFO mapreduce.Job:  map 4% reduce 0%
20/06/15 07:58:18 INFO mapreduce.Job:  map 5% reduce 0%
20/06/15 07:58:21 INFO mapreduce.Job:  map 6% reduce 0%
20/06/15 07:58:27 INFO mapreduce.Job:  map 7% reduce 0%
20/06/15 07:58:31 INFO mapreduce.Job:  map 8% reduce 0%
20/06/15 07:58:36 INFO mapreduce.Job:  map 9% reduce 0%
20/06/15 07:58:42 INFO mapreduce.Job:  map 10% reduce 0%
20/06/15 07:58:46 INFO mapreduce.Job:  map 11% reduce 0%
20/06/15 07:58:48 INFO mapreduce.Job:  map 12% reduce 0%
20/06/15 07:58:49 INFO mapreduce.Job:  map 13% reduce 0%
20/06/15 07:58:51 INFO mapreduce.Job:  map 14% reduce 0%
20/06/15 07:59:00 INFO mapreduce.Job:  map 15% reduce 0%
20/06/15 07:59:01 INFO mapreduce.Job:  map 16% reduce 0%
20/06/15 07:59:07 INFO mapreduce.Job:  map 17% reduce 0%
20/06/15 07:59:13 INFO mapreduce.Job:  map 18% reduce 0%
20/06/15 07:59:15 INFO mapreduce.Job:  map 19% reduce 0%
20/06/15 07:59:19 INFO mapreduce.Job:  map 20% reduce 0%
20/06/15 07:59:20 INFO mapreduce.Job:  map 21% reduce 0%
20/06/15 07:59:24 INFO mapreduce.Job:  map 22% reduce 0%
20/06/15 07:59:25 INFO mapreduce.Job:  map 23% reduce 0%
20/06/15 07:59:28 INFO mapreduce.Job:  map 24% reduce 0%
20/06/15 07:59:32 INFO mapreduce.Job:  map 24% reduce 7%
20/06/15 07:59:35 INFO mapreduce.Job:  map 25% reduce 7%
20/06/15 07:59:41 INFO mapreduce.Job:  map 26% reduce 7%
20/06/15 07:59:44 INFO mapreduce.Job:  map 27% reduce 7%
20/06/15 07:59:48 INFO mapreduce.Job:  map 28% reduce 7%
20/06/15 07:59:49 INFO mapreduce.Job:  map 29% reduce 7%
20/06/15 07:59:50 INFO mapreduce.Job:  map 29% reduce 8%
20/06/15 07:59:55 INFO mapreduce.Job:  map 30% reduce 8%
20/06/15 07:59:56 INFO mapreduce.Job:  map 31% reduce 8%
20/06/15 07:59:59 INFO mapreduce.Job:  map 31% reduce 9%
20/06/15 08:00:01 INFO mapreduce.Job:  map 32% reduce 9%
20/06/15 08:00:06 INFO mapreduce.Job:  map 33% reduce 9%
20/06/15 08:00:12 INFO mapreduce.Job:  map 34% reduce 9%
20/06/15 08:00:16 INFO mapreduce.Job:  map 35% reduce 9%
20/06/15 08:00:22 INFO mapreduce.Job:  map 36% reduce 9%
20/06/15 08:00:28 INFO mapreduce.Job:  map 37% reduce 9%
20/06/15 08:00:31 INFO mapreduce.Job:  map 38% reduce 9%
20/06/15 08:00:34 INFO mapreduce.Job:  map 39% reduce 9%
20/06/15 08:00:35 INFO mapreduce.Job:  map 39% reduce 10%
20/06/15 08:00:39 INFO mapreduce.Job:  map 40% reduce 10%
20/06/15 08:00:40 INFO mapreduce.Job:  map 41% reduce 10%
20/06/15 08:00:41 INFO mapreduce.Job:  map 41% reduce 11%
20/06/15 08:00:47 INFO mapreduce.Job:  map 42% reduce 11%
20/06/15 08:00:49 INFO mapreduce.Job:  map 44% reduce 11%
20/06/15 08:00:51 INFO mapreduce.Job:  map 45% reduce 13%
20/06/15 08:00:54 INFO mapreduce.Job:  map 46% reduce 14%
20/06/15 08:00:57 INFO mapreduce.Job:  map 46% reduce 15%
20/06/15 08:01:00 INFO mapreduce.Job:  map 47% reduce 15%
20/06/15 08:01:01 INFO mapreduce.Job:  map 48% reduce 15%
20/06/15 08:01:07 INFO mapreduce.Job:  map 49% reduce 15%
20/06/15 08:01:12 INFO mapreduce.Job:  map 50% reduce 15%
20/06/15 08:01:18 INFO mapreduce.Job:  map 51% reduce 15%
20/06/15 08:01:22 INFO mapreduce.Job:  map 52% reduce 15%
20/06/15 08:01:27 INFO mapreduce.Job:  map 53% reduce 15%
20/06/15 08:01:33 INFO mapreduce.Job:  map 54% reduce 15%
20/06/15 08:01:38 INFO mapreduce.Job:  map 55% reduce 15%
20/06/15 08:01:43 INFO mapreduce.Job:  map 56% reduce 15%
20/06/15 08:01:47 INFO mapreduce.Job:  map 57% reduce 15%
20/06/15 08:01:50 INFO mapreduce.Job:  map 58% reduce 15%
20/06/15 08:01:52 INFO mapreduce.Job:  map 58% reduce 16%
20/06/15 08:01:53 INFO mapreduce.Job:  map 59% reduce 16%
20/06/15 08:01:55 INFO mapreduce.Job:  map 59% reduce 17%
20/06/15 08:01:57 INFO mapreduce.Job:  map 60% reduce 17%
20/06/15 08:01:59 INFO mapreduce.Job:  map 61% reduce 17%
20/06/15 08:02:00 INFO mapreduce.Job:  map 62% reduce 19%
20/06/15 08:02:03 INFO mapreduce.Job:  map 63% reduce 19%
20/06/15 08:02:07 INFO mapreduce.Job:  map 63% reduce 20%
20/06/15 08:02:09 INFO mapreduce.Job:  map 64% reduce 20%
20/06/15 08:02:10 INFO mapreduce.Job:  map 64% reduce 21%
20/06/15 08:02:11 INFO mapreduce.Job:  map 65% reduce 21%
20/06/15 08:02:16 INFO mapreduce.Job:  map 66% reduce 21%
20/06/15 08:02:17 INFO mapreduce.Job:  map 67% reduce 21%
20/06/15 08:02:23 INFO mapreduce.Job:  map 68% reduce 21%
20/06/15 08:02:28 INFO mapreduce.Job:  map 70% reduce 21%
20/06/15 08:02:32 INFO mapreduce.Job:  map 71% reduce 21%
20/06/15 08:02:34 INFO mapreduce.Job:  map 71% reduce 22%
20/06/15 08:02:35 INFO mapreduce.Job:  map 72% reduce 22%
20/06/15 08:02:39 INFO mapreduce.Job:  map 73% reduce 22%
20/06/15 08:02:44 INFO mapreduce.Job:  map 75% reduce 22%
20/06/15 08:02:48 INFO mapreduce.Job:  map 76% reduce 22%
20/06/15 08:02:50 INFO mapreduce.Job:  map 76% reduce 23%
20/06/15 08:02:52 INFO mapreduce.Job:  map 77% reduce 23%
20/06/15 08:02:55 INFO mapreduce.Job:  map 78% reduce 23%
20/06/15 08:02:57 INFO mapreduce.Job:  map 79% reduce 23%
20/06/15 08:02:59 INFO mapreduce.Job:  map 81% reduce 24%
20/06/15 08:03:00 INFO mapreduce.Job:  map 82% reduce 24%
20/06/15 08:03:02 INFO mapreduce.Job:  map 82% reduce 25%
20/06/15 08:03:03 INFO mapreduce.Job:  map 83% reduce 25%
20/06/15 08:03:05 INFO mapreduce.Job:  map 85% reduce 27%
20/06/15 08:03:06 INFO mapreduce.Job:  map 87% reduce 27%
20/06/15 08:03:07 INFO mapreduce.Job:  map 88% reduce 27%
20/06/15 08:03:08 INFO mapreduce.Job:  map 89% reduce 27%
20/06/15 08:03:11 INFO mapreduce.Job:  map 91% reduce 29%
20/06/15 08:03:12 INFO mapreduce.Job:  map 92% reduce 29%
20/06/15 08:03:14 INFO mapreduce.Job:  map 94% reduce 29%
20/06/15 08:03:15 INFO mapreduce.Job:  map 97% reduce 29%
20/06/15 08:03:17 INFO mapreduce.Job:  map 98% reduce 31%
20/06/15 08:03:18 INFO mapreduce.Job:  map 99% reduce 31%
20/06/15 08:03:20 INFO mapreduce.Job:  map 99% reduce 32%
20/06/15 08:03:23 INFO mapreduce.Job:  map 99% reduce 33%
20/06/15 08:03:24 INFO mapreduce.Job:  map 100% reduce 33%
20/06/15 08:03:29 INFO mapreduce.Job:  map 100% reduce 72%
20/06/15 08:03:32 INFO mapreduce.Job:  map 100% reduce 78%
20/06/15 08:03:35 INFO mapreduce.Job:  map 100% reduce 84%
20/06/15 08:03:38 INFO mapreduce.Job:  map 100% reduce 90%
20/06/15 08:03:40 INFO mapreduce.Job:  map 100% reduce 100%
20/06/15 08:03:40 INFO mapreduce.Job: Job job_1592174425710_0005 completed successfully
20/06/15 08:03:40 INFO mapreduce.Job: Counters: 51
	File System Counters
		FILE: Number of bytes read=1407045957
		FILE: Number of bytes written=2073909878
		FILE: Number of read operations=0
		FILE: Number of large read operations=0
		FILE: Number of write operations=0
		HDFS: Number of bytes read=11024136576
		HDFS: Number of bytes written=333229171
		HDFS: Number of read operations=153
		HDFS: Number of large read operations=0
		HDFS: Number of write operations=2
	Job Counters 
		Killed map tasks=1
		Launched map tasks=51
		Launched reduce tasks=1
		Data-local map tasks=50
		Rack-local map tasks=1
		Total time spent by all maps in occupied slots (ms)=3014226
		Total time spent by all reduces in occupied slots (ms)=260251
		Total time spent by all map tasks (ms)=3014226
		Total time spent by all reduce tasks (ms)=260251
		Total vcore-milliseconds taken by all map tasks=3014226
		Total vcore-milliseconds taken by all reduce tasks=260251
		Total megabyte-milliseconds taken by all map tasks=3086567424
		Total megabyte-milliseconds taken by all reduce tasks=266497024
	Map-Reduce Framework
		Map input records=1179594
		Map output records=1009767860
		Map output bytes=15225044514
		Map output materialized bytes=660615008
		Input split bytes=5350
		Combine input records=1034450643
		Combine output records=45822385
		Reduce input groups=9908198
		Reduce shuffle bytes=660615008
		Reduce input records=21139602
		Reduce output records=9908198
		Spilled Records=66961987
		Shuffled Maps =50
		Failed Shuffles=0
		Merged Map outputs=50
		GC time elapsed (ms)=50254
		CPU time spent (ms)=1814010
		Physical memory (bytes) snapshot=14115389440
		Virtual memory (bytes) snapshot=107615911936
		Total committed heap usage (bytes)=10588520448
	Shuffle Errors
		BAD_ID=0
		CONNECTION=0
		IO_ERROR=0
		WRONG_LENGTH=0
		WRONG_MAP=0
		WRONG_REDUCE=0
	File Input Format Counters 
		Bytes Read=11024131226
	File Output Format Counters 
		Bytes Written=333229171
