20/06/13 05:19:23 INFO client.RMProxy: Connecting to ResourceManager at master/10.51.17.95:8032
20/06/13 05:19:24 INFO client.RMProxy: Connecting to ResourceManager at master/10.51.17.95:8032
20/06/13 05:19:24 INFO input.FileInputFormat: Total input paths to process : 10
20/06/13 05:19:24 INFO mapreduce.JobSubmitter: number of splits:80
20/06/13 05:19:25 INFO mapreduce.JobSubmitter: Submitting tokens for job: job_1591992600081_0004
20/06/13 05:19:25 INFO impl.YarnClientImpl: Submitted application application_1591992600081_0004
20/06/13 05:19:25 INFO mapreduce.Job: The url to track the job: http://master:8088/proxy/application_1591992600081_0004/
20/06/13 05:19:25 INFO mapreduce.Job: Running job: job_1591992600081_0004
20/06/13 05:19:33 INFO mapreduce.Job: Job job_1591992600081_0004 running in uber mode : false
20/06/13 05:19:33 INFO mapreduce.Job:  map 0% reduce 0%
20/06/13 05:19:44 INFO mapreduce.Job:  map 1% reduce 0%
20/06/13 05:19:47 INFO mapreduce.Job:  map 5% reduce 0%
20/06/13 05:19:48 INFO mapreduce.Job:  map 6% reduce 0%
20/06/13 05:19:49 INFO mapreduce.Job:  map 8% reduce 0%
20/06/13 05:19:50 INFO mapreduce.Job:  map 14% reduce 0%
20/06/13 05:19:52 INFO mapreduce.Job:  map 15% reduce 0%
20/06/13 05:19:53 INFO mapreduce.Job:  map 16% reduce 0%
20/06/13 05:19:57 INFO mapreduce.Job:  map 17% reduce 0%
20/06/13 05:19:59 INFO mapreduce.Job:  map 18% reduce 0%
20/06/13 05:20:01 INFO mapreduce.Job:  map 20% reduce 0%
20/06/13 05:20:02 INFO mapreduce.Job:  map 22% reduce 0%
20/06/13 05:20:05 INFO mapreduce.Job:  map 23% reduce 0%
20/06/13 05:20:06 INFO mapreduce.Job:  map 25% reduce 0%
20/06/13 05:20:09 INFO mapreduce.Job:  map 27% reduce 0%
20/06/13 05:20:10 INFO mapreduce.Job:  map 28% reduce 0%
20/06/13 05:20:11 INFO mapreduce.Job:  map 30% reduce 0%
20/06/13 05:20:12 INFO mapreduce.Job:  map 31% reduce 0%
20/06/13 05:20:14 INFO mapreduce.Job:  map 32% reduce 2%
20/06/13 05:20:16 INFO mapreduce.Job:  map 33% reduce 2%
20/06/13 05:20:17 INFO mapreduce.Job:  map 34% reduce 3%
20/06/13 05:20:20 INFO mapreduce.Job:  map 34% reduce 4%
20/06/13 05:20:21 INFO mapreduce.Job:  map 35% reduce 4%
20/06/13 05:20:23 INFO mapreduce.Job:  map 35% reduce 5%
20/06/13 05:20:24 INFO mapreduce.Job:  map 36% reduce 7%
20/06/13 05:20:26 INFO mapreduce.Job:  map 36% reduce 8%
20/06/13 05:20:27 INFO mapreduce.Job:  map 38% reduce 8%
20/06/13 05:20:30 INFO mapreduce.Job:  map 40% reduce 8%
20/06/13 05:20:33 INFO mapreduce.Job:  map 41% reduce 8%
20/06/13 05:20:34 INFO mapreduce.Job:  map 42% reduce 8%
20/06/13 05:20:35 INFO mapreduce.Job:  map 42% reduce 9%
20/06/13 05:20:36 INFO mapreduce.Job:  map 42% reduce 10%
20/06/13 05:20:39 INFO mapreduce.Job:  map 43% reduce 10%
20/06/13 05:20:45 INFO mapreduce.Job:  map 44% reduce 10%
20/06/13 05:20:46 INFO mapreduce.Job:  map 46% reduce 10%
20/06/13 05:20:47 INFO mapreduce.Job:  map 47% reduce 10%
20/06/13 05:20:48 INFO mapreduce.Job:  map 49% reduce 11%
20/06/13 05:20:49 INFO mapreduce.Job:  map 50% reduce 11%
20/06/13 05:20:51 INFO mapreduce.Job:  map 51% reduce 11%
20/06/13 05:20:52 INFO mapreduce.Job:  map 51% reduce 12%
20/06/13 05:20:57 INFO mapreduce.Job:  map 52% reduce 12%
20/06/13 05:20:59 INFO mapreduce.Job:  map 53% reduce 12%
20/06/13 05:21:00 INFO mapreduce.Job:  map 54% reduce 12%
20/06/13 05:21:01 INFO mapreduce.Job:  map 55% reduce 13%
20/06/13 05:21:02 INFO mapreduce.Job:  map 56% reduce 13%
20/06/13 05:21:04 INFO mapreduce.Job:  map 57% reduce 13%
20/06/13 05:21:06 INFO mapreduce.Job:  map 58% reduce 14%
20/06/13 05:21:07 INFO mapreduce.Job:  map 59% reduce 14%
20/06/13 05:21:10 INFO mapreduce.Job:  map 59% reduce 15%
20/06/13 05:21:11 INFO mapreduce.Job:  map 60% reduce 15%
20/06/13 05:21:13 INFO mapreduce.Job:  map 61% reduce 15%
20/06/13 05:21:15 INFO mapreduce.Job:  map 62% reduce 15%
20/06/13 05:21:17 INFO mapreduce.Job:  map 64% reduce 15%
20/06/13 05:21:18 INFO mapreduce.Job:  map 65% reduce 15%
20/06/13 05:21:20 INFO mapreduce.Job:  map 66% reduce 15%
20/06/13 05:21:21 INFO mapreduce.Job:  map 66% reduce 16%
20/06/13 05:21:23 INFO mapreduce.Job:  map 67% reduce 16%
20/06/13 05:21:25 INFO mapreduce.Job:  map 68% reduce 16%
20/06/13 05:21:26 INFO mapreduce.Job:  map 68% reduce 17%
20/06/13 05:21:33 INFO mapreduce.Job:  map 69% reduce 18%
20/06/13 05:21:34 INFO mapreduce.Job:  map 71% reduce 18%
20/06/13 05:21:36 INFO mapreduce.Job:  map 72% reduce 18%
20/06/13 05:21:37 INFO mapreduce.Job:  map 73% reduce 18%
20/06/13 05:21:39 INFO mapreduce.Job:  map 74% reduce 18%
20/06/13 05:21:40 INFO mapreduce.Job:  map 75% reduce 18%
20/06/13 05:21:41 INFO mapreduce.Job:  map 76% reduce 18%
20/06/13 05:21:42 INFO mapreduce.Job:  map 76% reduce 19%
20/06/13 05:21:45 INFO mapreduce.Job:  map 76% reduce 20%
20/06/13 05:21:47 INFO mapreduce.Job:  map 77% reduce 20%
20/06/13 05:21:51 INFO mapreduce.Job:  map 78% reduce 20%
20/06/13 05:21:52 INFO mapreduce.Job:  map 79% reduce 20%
20/06/13 05:21:56 INFO mapreduce.Job:  map 80% reduce 20%
20/06/13 05:21:57 INFO mapreduce.Job:  map 80% reduce 21%
20/06/13 05:21:58 INFO mapreduce.Job:  map 81% reduce 21%
20/06/13 05:22:01 INFO mapreduce.Job:  map 82% reduce 21%
20/06/13 05:22:02 INFO mapreduce.Job:  map 83% reduce 21%
20/06/13 05:22:04 INFO mapreduce.Job:  map 84% reduce 21%
20/06/13 05:22:06 INFO mapreduce.Job:  map 85% reduce 21%
20/06/13 05:22:07 INFO mapreduce.Job:  map 87% reduce 21%
20/06/13 05:22:08 INFO mapreduce.Job:  map 87% reduce 22%
20/06/13 05:22:10 INFO mapreduce.Job:  map 88% reduce 22%
20/06/13 05:22:11 INFO mapreduce.Job:  map 88% reduce 23%
20/06/13 05:22:16 INFO mapreduce.Job:  map 89% reduce 23%
20/06/13 05:22:18 INFO mapreduce.Job:  map 90% reduce 23%
20/06/13 05:22:20 INFO mapreduce.Job:  map 90% reduce 24%
20/06/13 05:22:24 INFO mapreduce.Job:  map 91% reduce 24%
20/06/13 05:22:25 INFO mapreduce.Job:  map 92% reduce 24%
20/06/13 05:22:26 INFO mapreduce.Job:  map 93% reduce 25%
20/06/13 05:22:28 INFO mapreduce.Job:  map 94% reduce 25%
20/06/13 05:22:33 INFO mapreduce.Job:  map 95% reduce 25%
20/06/13 05:22:35 INFO mapreduce.Job:  map 97% reduce 25%
20/06/13 05:22:36 INFO mapreduce.Job:  map 97% reduce 26%
20/06/13 05:22:38 INFO mapreduce.Job:  map 97% reduce 27%
20/06/13 05:22:41 INFO mapreduce.Job:  map 98% reduce 27%
20/06/13 05:22:48 INFO mapreduce.Job:  map 98% reduce 28%
20/06/13 05:22:58 INFO mapreduce.Job:  map 99% reduce 28%
20/06/13 05:23:00 INFO mapreduce.Job:  map 99% reduce 29%
20/06/13 05:23:02 INFO mapreduce.Job:  map 99% reduce 30%
20/06/13 05:23:08 INFO mapreduce.Job:  map 99% reduce 31%
20/06/13 05:23:13 INFO mapreduce.Job:  map 100% reduce 31%
20/06/13 05:23:21 INFO mapreduce.Job:  map 100% reduce 49%
20/06/13 05:23:25 INFO mapreduce.Job:  map 100% reduce 56%
20/06/13 05:23:30 INFO mapreduce.Job:  map 100% reduce 66%
20/06/13 05:23:31 INFO mapreduce.Job:  map 100% reduce 68%
20/06/13 05:23:33 INFO mapreduce.Job:  map 100% reduce 70%
20/06/13 05:23:34 INFO mapreduce.Job:  map 100% reduce 71%
20/06/13 05:23:37 INFO mapreduce.Job:  map 100% reduce 72%
20/06/13 05:23:40 INFO mapreduce.Job:  map 100% reduce 73%
20/06/13 05:23:42 INFO mapreduce.Job:  map 100% reduce 74%
20/06/13 05:23:43 INFO mapreduce.Job:  map 100% reduce 75%
20/06/13 05:23:46 INFO mapreduce.Job:  map 100% reduce 76%
20/06/13 05:23:51 INFO mapreduce.Job:  map 100% reduce 77%
20/06/13 05:23:52 INFO mapreduce.Job:  map 100% reduce 79%
20/06/13 05:23:58 INFO mapreduce.Job:  map 100% reduce 80%
20/06/13 05:24:01 INFO mapreduce.Job:  map 100% reduce 82%
20/06/13 05:24:04 INFO mapreduce.Job:  map 100% reduce 83%
20/06/13 05:24:07 INFO mapreduce.Job:  map 100% reduce 84%
20/06/13 05:24:10 INFO mapreduce.Job:  map 100% reduce 86%
20/06/13 05:24:13 INFO mapreduce.Job:  map 100% reduce 87%
20/06/13 05:24:15 INFO mapreduce.Job:  map 100% reduce 88%
20/06/13 05:24:16 INFO mapreduce.Job:  map 100% reduce 89%
20/06/13 05:24:19 INFO mapreduce.Job:  map 100% reduce 90%
20/06/13 05:24:21 INFO mapreduce.Job:  map 100% reduce 91%
20/06/13 05:24:22 INFO mapreduce.Job:  map 100% reduce 92%
20/06/13 05:24:25 INFO mapreduce.Job:  map 100% reduce 93%
20/06/13 05:24:27 INFO mapreduce.Job:  map 100% reduce 94%
20/06/13 05:24:30 INFO mapreduce.Job:  map 100% reduce 95%
20/06/13 05:24:31 INFO mapreduce.Job:  map 100% reduce 96%
20/06/13 05:24:34 INFO mapreduce.Job:  map 100% reduce 97%
20/06/13 05:24:36 INFO mapreduce.Job:  map 100% reduce 98%
20/06/13 05:24:39 INFO mapreduce.Job:  map 100% reduce 99%
20/06/13 05:24:41 INFO mapreduce.Job:  map 100% reduce 100%
20/06/13 05:24:42 INFO mapreduce.Job: Job job_1591992600081_0004 completed successfully
20/06/13 05:24:42 INFO mapreduce.Job: Counters: 51
	File System Counters
		FILE: Number of bytes read=31975057315
		FILE: Number of bytes written=42735612972
		FILE: Number of read operations=0
		FILE: Number of large read operations=0
		FILE: Number of write operations=0
		HDFS: Number of bytes read=10774024006
		HDFS: Number of bytes written=10772833858
		HDFS: Number of read operations=329
		HDFS: Number of large read operations=0
		HDFS: Number of write operations=6
	Job Counters 
		Killed map tasks=2
		Launched map tasks=82
		Launched reduce tasks=3
		Data-local map tasks=72
		Rack-local map tasks=10
		Total time spent by all maps in occupied slots (ms)=2099296
		Total time spent by all reduces in occupied slots (ms)=814850
		Total time spent by all map tasks (ms)=2099296
		Total time spent by all reduce tasks (ms)=814850
		Total vcore-milliseconds taken by all map tasks=2099296
		Total vcore-milliseconds taken by all reduce tasks=814850
		Total megabyte-milliseconds taken by all map tasks=2149679104
		Total megabyte-milliseconds taken by all reduce tasks=834406400
	Map-Reduce Framework
		Map input records=1021342
		Map output records=1021342
		Map output bytes=10745666674
		Map output materialized bytes=10751410084
		Input split bytes=9040
		Combine input records=0
		Combine output records=0
		Reduce input groups=1021342
		Reduce shuffle bytes=10751410084
		Reduce input records=1021342
		Reduce output records=1021342
		Spilled Records=4058812
		Shuffled Maps =240
		Failed Shuffles=0
		Merged Map outputs=240
		GC time elapsed (ms)=14319
		CPU time spent (ms)=248380
		Physical memory (bytes) snapshot=21922979840
		Virtual memory (bytes) snapshot=175103455232
		Total committed heap usage (bytes)=16401825792
	Shuffle Errors
		BAD_ID=0
		CONNECTION=0
		IO_ERROR=0
		WRONG_LENGTH=0
		WRONG_MAP=0
		WRONG_REDUCE=0
	File Input Format Counters 
		Bytes Read=10774014966
	File Output Format Counters 
		Bytes Written=10772833858
