20/06/09 01:04:15 INFO client.RMProxy: Connecting to ResourceManager at master/10.51.17.95:8032
20/06/09 01:04:15 INFO input.FileInputFormat: Total input paths to process : 10
20/06/09 01:04:16 INFO mapreduce.JobSubmitter: number of splits:90
20/06/09 01:04:16 INFO mapreduce.JobSubmitter: Submitting tokens for job: job_1591630448359_0012
20/06/09 01:04:16 INFO impl.YarnClientImpl: Submitted application application_1591630448359_0012
20/06/09 01:04:16 INFO mapreduce.Job: The url to track the job: http://master:8088/proxy/application_1591630448359_0012/
20/06/09 01:04:16 INFO mapreduce.Job: Running job: job_1591630448359_0012
20/06/09 01:04:26 INFO mapreduce.Job: Job job_1591630448359_0012 running in uber mode : false
20/06/09 01:04:26 INFO mapreduce.Job:  map 0% reduce 0%
20/06/09 01:04:39 INFO mapreduce.Job:  map 1% reduce 0%
20/06/09 01:04:41 INFO mapreduce.Job:  map 2% reduce 0%
20/06/09 01:04:42 INFO mapreduce.Job:  map 3% reduce 0%
20/06/09 01:04:55 INFO mapreduce.Job:  map 4% reduce 0%
20/06/09 01:04:57 INFO mapreduce.Job:  map 5% reduce 0%
20/06/09 01:05:06 INFO mapreduce.Job:  map 6% reduce 0%
20/06/09 01:05:09 INFO mapreduce.Job:  map 7% reduce 0%
20/06/09 01:05:16 INFO mapreduce.Job:  map 8% reduce 0%
20/06/09 01:05:20 INFO mapreduce.Job:  map 9% reduce 0%
20/06/09 01:05:25 INFO mapreduce.Job:  map 10% reduce 0%
20/06/09 01:05:33 INFO mapreduce.Job:  map 11% reduce 0%
20/06/09 01:05:35 INFO mapreduce.Job:  map 12% reduce 0%
20/06/09 01:05:36 INFO mapreduce.Job:  map 13% reduce 0%
20/06/09 01:05:37 INFO mapreduce.Job:  map 14% reduce 0%
20/06/09 01:05:40 INFO mapreduce.Job:  map 15% reduce 0%
20/06/09 01:05:41 INFO mapreduce.Job:  map 16% reduce 0%
20/06/09 01:05:48 INFO mapreduce.Job:  map 17% reduce 0%
20/06/09 01:05:51 INFO mapreduce.Job:  map 18% reduce 0%
20/06/09 01:05:53 INFO mapreduce.Job:  map 18% reduce 5%
20/06/09 01:06:01 INFO mapreduce.Job:  map 19% reduce 5%
20/06/09 01:06:06 INFO mapreduce.Job:  map 20% reduce 5%
20/06/09 01:06:13 INFO mapreduce.Job:  map 21% reduce 5%
20/06/09 01:06:16 INFO mapreduce.Job:  map 22% reduce 5%
20/06/09 01:06:22 INFO mapreduce.Job:  map 23% reduce 5%
20/06/09 01:06:28 INFO mapreduce.Job:  map 24% reduce 5%
20/06/09 01:06:33 INFO mapreduce.Job:  map 25% reduce 5%
20/06/09 01:06:36 INFO mapreduce.Job:  map 25% reduce 6%
20/06/09 01:06:39 INFO mapreduce.Job:  map 26% reduce 6%
20/06/09 01:06:42 INFO mapreduce.Job:  map 27% reduce 7%
20/06/09 01:06:43 INFO mapreduce.Job:  map 28% reduce 7%
20/06/09 01:06:45 INFO mapreduce.Job:  map 28% reduce 8%
20/06/09 01:06:47 INFO mapreduce.Job:  map 29% reduce 8%
20/06/09 01:06:48 INFO mapreduce.Job:  map 30% reduce 9%
20/06/09 01:06:51 INFO mapreduce.Job:  map 30% reduce 10%
20/06/09 01:06:54 INFO mapreduce.Job:  map 31% reduce 10%
20/06/09 01:07:01 INFO mapreduce.Job:  map 32% reduce 10%
20/06/09 01:07:04 INFO mapreduce.Job:  map 33% reduce 10%
20/06/09 01:07:10 INFO mapreduce.Job:  map 34% reduce 10%
20/06/09 01:07:17 INFO mapreduce.Job:  map 35% reduce 10%
20/06/09 01:07:22 INFO mapreduce.Job:  map 36% reduce 10%
20/06/09 01:07:26 INFO mapreduce.Job:  map 37% reduce 10%
20/06/09 01:07:32 INFO mapreduce.Job:  map 38% reduce 10%
20/06/09 01:07:37 INFO mapreduce.Job:  map 39% reduce 10%
20/06/09 01:07:42 INFO mapreduce.Job:  map 40% reduce 10%
20/06/09 01:07:43 INFO mapreduce.Job:  map 40% reduce 11%
20/06/09 01:07:46 INFO mapreduce.Job:  map 41% reduce 11%
20/06/09 01:07:48 INFO mapreduce.Job:  map 42% reduce 11%
20/06/09 01:07:50 INFO mapreduce.Job:  map 42% reduce 12%
20/06/09 01:07:52 INFO mapreduce.Job:  map 43% reduce 12%
20/06/09 01:07:53 INFO mapreduce.Job:  map 44% reduce 13%
20/06/09 01:07:56 INFO mapreduce.Job:  map 44% reduce 14%
20/06/09 01:07:57 INFO mapreduce.Job:  map 45% reduce 14%
20/06/09 01:08:04 INFO mapreduce.Job:  map 46% reduce 14%
20/06/09 01:08:08 INFO mapreduce.Job:  map 47% reduce 14%
20/06/09 01:08:13 INFO mapreduce.Job:  map 48% reduce 14%
20/06/09 01:08:16 INFO mapreduce.Job:  map 49% reduce 14%
20/06/09 01:08:17 INFO mapreduce.Job:  map 49% reduce 15%
20/06/09 01:08:23 INFO mapreduce.Job:  map 50% reduce 15%
20/06/09 01:08:26 INFO mapreduce.Job:  map 51% reduce 15%
20/06/09 01:08:33 INFO mapreduce.Job:  map 52% reduce 15%
20/06/09 01:08:36 INFO mapreduce.Job:  map 53% reduce 15%
20/06/09 01:08:41 INFO mapreduce.Job:  map 54% reduce 15%
20/06/09 01:08:46 INFO mapreduce.Job:  map 55% reduce 15%
20/06/09 01:08:47 INFO mapreduce.Job:  map 55% reduce 16%
20/06/09 01:08:49 INFO mapreduce.Job:  map 57% reduce 16%
20/06/09 01:08:50 INFO mapreduce.Job:  map 57% reduce 17%
20/06/09 01:08:53 INFO mapreduce.Job:  map 58% reduce 18%
20/06/09 01:08:55 INFO mapreduce.Job:  map 59% reduce 18%
20/06/09 01:08:56 INFO mapreduce.Job:  map 59% reduce 19%
20/06/09 01:09:02 INFO mapreduce.Job:  map 60% reduce 19%
20/06/09 01:09:05 INFO mapreduce.Job:  map 61% reduce 19%
20/06/09 01:09:09 INFO mapreduce.Job:  map 62% reduce 19%
20/06/09 01:09:12 INFO mapreduce.Job:  map 62% reduce 20%
20/06/09 01:09:15 INFO mapreduce.Job:  map 63% reduce 20%
20/06/09 01:09:20 INFO mapreduce.Job:  map 64% reduce 20%
20/06/09 01:09:24 INFO mapreduce.Job:  map 65% reduce 20%
20/06/09 01:09:30 INFO mapreduce.Job:  map 66% reduce 20%
20/06/09 01:09:33 INFO mapreduce.Job:  map 67% reduce 20%
20/06/09 01:09:38 INFO mapreduce.Job:  map 68% reduce 20%
20/06/09 01:09:43 INFO mapreduce.Job:  map 69% reduce 20%
20/06/09 01:09:45 INFO mapreduce.Job:  map 70% reduce 21%
20/06/09 01:09:47 INFO mapreduce.Job:  map 71% reduce 21%
20/06/09 01:09:48 INFO mapreduce.Job:  map 71% reduce 22%
20/06/09 01:09:51 INFO mapreduce.Job:  map 72% reduce 22%
20/06/09 01:09:54 INFO mapreduce.Job:  map 72% reduce 23%
20/06/09 01:09:57 INFO mapreduce.Job:  map 73% reduce 23%
20/06/09 01:09:58 INFO mapreduce.Job:  map 74% reduce 23%
20/06/09 01:10:01 INFO mapreduce.Job:  map 74% reduce 24%
20/06/09 01:10:03 INFO mapreduce.Job:  map 75% reduce 24%
20/06/09 01:10:07 INFO mapreduce.Job:  map 76% reduce 24%
20/06/09 01:10:10 INFO mapreduce.Job:  map 77% reduce 24%
20/06/09 01:10:12 INFO mapreduce.Job:  map 78% reduce 24%
20/06/09 01:10:16 INFO mapreduce.Job:  map 79% reduce 24%
20/06/09 01:10:19 INFO mapreduce.Job:  map 80% reduce 24%
20/06/09 01:10:20 INFO mapreduce.Job:  map 81% reduce 24%
20/06/09 01:10:22 INFO mapreduce.Job:  map 81% reduce 25%
20/06/09 01:10:25 INFO mapreduce.Job:  map 82% reduce 25%
20/06/09 01:10:28 INFO mapreduce.Job:  map 82% reduce 26%
20/06/09 01:10:30 INFO mapreduce.Job:  map 83% reduce 26%
20/06/09 01:10:31 INFO mapreduce.Job:  map 84% reduce 26%
20/06/09 01:10:33 INFO mapreduce.Job:  map 85% reduce 26%
20/06/09 01:10:38 INFO mapreduce.Job:  map 86% reduce 26%
20/06/09 01:10:40 INFO mapreduce.Job:  map 86% reduce 27%
20/06/09 01:10:41 INFO mapreduce.Job:  map 87% reduce 27%
20/06/09 01:10:42 INFO mapreduce.Job:  map 88% reduce 27%
20/06/09 01:10:43 INFO mapreduce.Job:  map 88% reduce 28%
20/06/09 01:10:45 INFO mapreduce.Job:  map 89% reduce 28%
20/06/09 01:10:49 INFO mapreduce.Job:  map 89% reduce 29%
20/06/09 01:10:52 INFO mapreduce.Job:  map 90% reduce 29%
20/06/09 01:10:53 INFO mapreduce.Job:  map 91% reduce 29%
20/06/09 01:10:54 INFO mapreduce.Job:  map 92% reduce 29%
20/06/09 01:10:55 INFO mapreduce.Job:  map 92% reduce 30%
20/06/09 01:10:57 INFO mapreduce.Job:  map 93% reduce 30%
20/06/09 01:10:59 INFO mapreduce.Job:  map 94% reduce 30%
20/06/09 01:11:00 INFO mapreduce.Job:  map 96% reduce 30%
20/06/09 01:11:01 INFO mapreduce.Job:  map 96% reduce 31%
20/06/09 01:11:03 INFO mapreduce.Job:  map 97% reduce 31%
20/06/09 01:11:06 INFO mapreduce.Job:  map 98% reduce 31%
20/06/09 01:11:07 INFO mapreduce.Job:  map 98% reduce 32%
20/06/09 01:11:11 INFO mapreduce.Job:  map 99% reduce 32%
20/06/09 01:11:13 INFO mapreduce.Job:  map 99% reduce 33%
20/06/09 01:11:14 INFO mapreduce.Job:  map 100% reduce 33%
20/06/09 01:11:19 INFO mapreduce.Job:  map 100% reduce 72%
20/06/09 01:11:22 INFO mapreduce.Job:  map 100% reduce 78%
20/06/09 01:11:25 INFO mapreduce.Job:  map 100% reduce 85%
20/06/09 01:11:28 INFO mapreduce.Job:  map 100% reduce 92%
20/06/09 01:11:31 INFO mapreduce.Job:  map 100% reduce 100%
20/06/09 01:11:32 INFO mapreduce.Job: Job job_1591630448359_0012 completed successfully
20/06/09 01:11:32 INFO mapreduce.Job: Counters: 51
	File System Counters
		FILE: Number of bytes read=1382227885
		FILE: Number of bytes written=2060541019
		FILE: Number of read operations=0
		FILE: Number of large read operations=0
		FILE: Number of write operations=0
		HDFS: Number of bytes read=11025113031
		HDFS: Number of bytes written=304587160
		HDFS: Number of read operations=273
		HDFS: Number of large read operations=0
		HDFS: Number of write operations=2
	Job Counters 
		Killed map tasks=1
		Launched map tasks=91
		Launched reduce tasks=1
		Data-local map tasks=86
		Rack-local map tasks=5
		Total time spent by all maps in occupied slots (ms)=5152837
		Total time spent by all reduces in occupied slots (ms)=351091
		Total time spent by all map tasks (ms)=5152837
		Total time spent by all reduce tasks (ms)=351091
		Total vcore-milliseconds taken by all map tasks=5152837
		Total vcore-milliseconds taken by all reduce tasks=351091
		Total megabyte-milliseconds taken by all map tasks=5276505088
		Total megabyte-milliseconds taken by all reduce tasks=359517184
	Map-Reduce Framework
		Map input records=1180449
		Map output records=1011603445
		Map output bytes=15221402418
		Map output materialized bytes=667133490
		Input split bytes=10530
		Combine input records=1036373718
		Combine output records=47413147
		Reduce input groups=9907233
		Reduce shuffle bytes=667133490
		Reduce input records=22642874
		Reduce output records=9907233
		Spilled Records=70056021
		Shuffled Maps =90
		Failed Shuffles=0
		Merged Map outputs=90
		GC time elapsed (ms)=99169
		CPU time spent (ms)=2104220
		Physical memory (bytes) snapshot=25091104768
		Virtual memory (bytes) snapshot=191962771456
		Total committed heap usage (bytes)=18921029632
	Shuffle Errors
		BAD_ID=0
		CONNECTION=0
		IO_ERROR=0
		WRONG_LENGTH=0
		WRONG_MAP=0
		WRONG_REDUCE=0
	File Input Format Counters 
		Bytes Read=11025102501
	File Output Format Counters 
		Bytes Written=304587160
