20/06/09 17:16:42 INFO client.RMProxy: Connecting to ResourceManager at master/10.51.17.95:8032
20/06/09 17:16:43 INFO input.FileInputFormat: Total input paths to process : 10
20/06/09 17:16:43 INFO mapreduce.JobSubmitter: number of splits:90
20/06/09 17:16:44 INFO mapreduce.JobSubmitter: Submitting tokens for job: job_1591689486119_0008
20/06/09 17:16:44 INFO impl.YarnClientImpl: Submitted application application_1591689486119_0008
20/06/09 17:16:44 INFO mapreduce.Job: The url to track the job: http://master:8088/proxy/application_1591689486119_0008/
20/06/09 17:16:44 INFO mapreduce.Job: Running job: job_1591689486119_0008
20/06/09 17:16:51 INFO mapreduce.Job: Job job_1591689486119_0008 running in uber mode : false
20/06/09 17:16:51 INFO mapreduce.Job:  map 0% reduce 0%
20/06/09 17:17:05 INFO mapreduce.Job:  map 1% reduce 0%
20/06/09 17:17:06 INFO mapreduce.Job:  map 2% reduce 0%
20/06/09 17:17:11 INFO mapreduce.Job:  map 3% reduce 0%
20/06/09 17:17:20 INFO mapreduce.Job:  map 4% reduce 0%
20/06/09 17:17:23 INFO mapreduce.Job:  map 5% reduce 0%
20/06/09 17:17:30 INFO mapreduce.Job:  map 6% reduce 0%
20/06/09 17:17:33 INFO mapreduce.Job:  map 7% reduce 0%
20/06/09 17:17:38 INFO mapreduce.Job:  map 8% reduce 0%
20/06/09 17:17:43 INFO mapreduce.Job:  map 9% reduce 0%
20/06/09 17:17:48 INFO mapreduce.Job:  map 10% reduce 0%
20/06/09 17:17:49 INFO mapreduce.Job:  map 11% reduce 0%
20/06/09 17:17:51 INFO mapreduce.Job:  map 12% reduce 0%
20/06/09 17:17:59 INFO mapreduce.Job:  map 13% reduce 0%
20/06/09 17:18:02 INFO mapreduce.Job:  map 14% reduce 0%
20/06/09 17:18:04 INFO mapreduce.Job:  map 15% reduce 0%
20/06/09 17:18:08 INFO mapreduce.Job:  map 17% reduce 0%
20/06/09 17:18:15 INFO mapreduce.Job:  map 18% reduce 0%
20/06/09 17:18:16 INFO mapreduce.Job:  map 18% reduce 5%
20/06/09 17:18:20 INFO mapreduce.Job:  map 19% reduce 5%
20/06/09 17:18:24 INFO mapreduce.Job:  map 20% reduce 5%
20/06/09 17:18:30 INFO mapreduce.Job:  map 21% reduce 5%
20/06/09 17:18:36 INFO mapreduce.Job:  map 22% reduce 5%
20/06/09 17:18:39 INFO mapreduce.Job:  map 23% reduce 5%
20/06/09 17:18:41 INFO mapreduce.Job:  map 23% reduce 6%
20/06/09 17:18:44 INFO mapreduce.Job:  map 24% reduce 6%
20/06/09 17:18:45 INFO mapreduce.Job:  map 25% reduce 6%
20/06/09 17:18:47 INFO mapreduce.Job:  map 26% reduce 7%
20/06/09 17:18:56 INFO mapreduce.Job:  map 27% reduce 7%
20/06/09 17:18:59 INFO mapreduce.Job:  map 28% reduce 7%
20/06/09 17:19:05 INFO mapreduce.Job:  map 29% reduce 7%
20/06/09 17:19:10 INFO mapreduce.Job:  map 30% reduce 7%
20/06/09 17:19:12 INFO mapreduce.Job:  map 31% reduce 8%
20/06/09 17:19:15 INFO mapreduce.Job:  map 32% reduce 9%
20/06/09 17:19:17 INFO mapreduce.Job:  map 33% reduce 9%
20/06/09 17:19:18 INFO mapreduce.Job:  map 33% reduce 10%
20/06/09 17:19:24 INFO mapreduce.Job:  map 34% reduce 10%
20/06/09 17:19:28 INFO mapreduce.Job:  map 35% reduce 10%
20/06/09 17:19:32 INFO mapreduce.Job:  map 36% reduce 10%
20/06/09 17:19:38 INFO mapreduce.Job:  map 37% reduce 10%
20/06/09 17:19:40 INFO mapreduce.Job:  map 38% reduce 10%
20/06/09 17:19:42 INFO mapreduce.Job:  map 38% reduce 11%
20/06/09 17:19:43 INFO mapreduce.Job:  map 39% reduce 11%
20/06/09 17:19:45 INFO mapreduce.Job:  map 39% reduce 12%
20/06/09 17:19:48 INFO mapreduce.Job:  map 40% reduce 12%
20/06/09 17:19:54 INFO mapreduce.Job:  map 41% reduce 12%
20/06/09 17:20:00 INFO mapreduce.Job:  map 42% reduce 12%
20/06/09 17:20:03 INFO mapreduce.Job:  map 43% reduce 12%
20/06/09 17:20:10 INFO mapreduce.Job:  map 44% reduce 12%
20/06/09 17:20:14 INFO mapreduce.Job:  map 45% reduce 12%
20/06/09 17:20:15 INFO mapreduce.Job:  map 45% reduce 13%
20/06/09 17:20:16 INFO mapreduce.Job:  map 46% reduce 13%
20/06/09 17:20:18 INFO mapreduce.Job:  map 46% reduce 14%
20/06/09 17:20:20 INFO mapreduce.Job:  map 47% reduce 14%
20/06/09 17:20:23 INFO mapreduce.Job:  map 48% reduce 14%
20/06/09 17:20:24 INFO mapreduce.Job:  map 48% reduce 15%
20/06/09 17:20:27 INFO mapreduce.Job:  map 49% reduce 15%
20/06/09 17:20:31 INFO mapreduce.Job:  map 50% reduce 15%
20/06/09 17:20:36 INFO mapreduce.Job:  map 51% reduce 15%
20/06/09 17:20:37 INFO mapreduce.Job:  map 51% reduce 16%
20/06/09 17:20:38 INFO mapreduce.Job:  map 52% reduce 16%
20/06/09 17:20:42 INFO mapreduce.Job:  map 53% reduce 16%
20/06/09 17:20:43 INFO mapreduce.Job:  map 53% reduce 17%
20/06/09 17:20:48 INFO mapreduce.Job:  map 54% reduce 17%
20/06/09 17:20:52 INFO mapreduce.Job:  map 55% reduce 17%
20/06/09 17:20:57 INFO mapreduce.Job:  map 56% reduce 17%
20/06/09 17:21:02 INFO mapreduce.Job:  map 57% reduce 17%
20/06/09 17:21:06 INFO mapreduce.Job:  map 58% reduce 17%
20/06/09 17:21:13 INFO mapreduce.Job:  map 59% reduce 17%
20/06/09 17:21:18 INFO mapreduce.Job:  map 60% reduce 17%
20/06/09 17:21:22 INFO mapreduce.Job:  map 61% reduce 17%
20/06/09 17:21:24 INFO mapreduce.Job:  map 62% reduce 17%
20/06/09 17:21:26 INFO mapreduce.Job:  map 62% reduce 19%
20/06/09 17:21:28 INFO mapreduce.Job:  map 63% reduce 19%
20/06/09 17:21:29 INFO mapreduce.Job:  map 64% reduce 19%
20/06/09 17:21:32 INFO mapreduce.Job:  map 65% reduce 20%
20/06/09 17:21:35 INFO mapreduce.Job:  map 65% reduce 21%
20/06/09 17:21:36 INFO mapreduce.Job:  map 66% reduce 21%
20/06/09 17:21:40 INFO mapreduce.Job:  map 67% reduce 21%
20/06/09 17:21:41 INFO mapreduce.Job:  map 67% reduce 22%
20/06/09 17:21:44 INFO mapreduce.Job:  map 68% reduce 22%
20/06/09 17:21:52 INFO mapreduce.Job:  map 69% reduce 22%
20/06/09 17:21:56 INFO mapreduce.Job:  map 70% reduce 22%
20/06/09 17:22:02 INFO mapreduce.Job:  map 71% reduce 22%
20/06/09 17:22:06 INFO mapreduce.Job:  map 72% reduce 22%
20/06/09 17:22:11 INFO mapreduce.Job:  map 73% reduce 22%
20/06/09 17:22:16 INFO mapreduce.Job:  map 74% reduce 22%
20/06/09 17:22:20 INFO mapreduce.Job:  map 75% reduce 22%
20/06/09 17:22:24 INFO mapreduce.Job:  map 76% reduce 22%
20/06/09 17:22:25 INFO mapreduce.Job:  map 77% reduce 22%
20/06/09 17:22:26 INFO mapreduce.Job:  map 77% reduce 23%
20/06/09 17:22:28 INFO mapreduce.Job:  map 78% reduce 23%
20/06/09 17:22:29 INFO mapreduce.Job:  map 78% reduce 24%
20/06/09 17:22:32 INFO mapreduce.Job:  map 79% reduce 24%
20/06/09 17:22:33 INFO mapreduce.Job:  map 79% reduce 25%
20/06/09 17:22:35 INFO mapreduce.Job:  map 80% reduce 25%
20/06/09 17:22:37 INFO mapreduce.Job:  map 81% reduce 26%
20/06/09 17:22:39 INFO mapreduce.Job:  map 81% reduce 27%
20/06/09 17:22:44 INFO mapreduce.Job:  map 82% reduce 27%
20/06/09 17:22:45 INFO mapreduce.Job:  map 83% reduce 27%
20/06/09 17:22:48 INFO mapreduce.Job:  map 85% reduce 27%
20/06/09 17:22:49 INFO mapreduce.Job:  map 86% reduce 27%
20/06/09 17:22:52 INFO mapreduce.Job:  map 87% reduce 27%
20/06/09 17:22:55 INFO mapreduce.Job:  map 88% reduce 27%
20/06/09 17:22:57 INFO mapreduce.Job:  map 88% reduce 28%
20/06/09 17:22:58 INFO mapreduce.Job:  map 89% reduce 28%
20/06/09 17:23:00 INFO mapreduce.Job:  map 89% reduce 29%
20/06/09 17:23:03 INFO mapreduce.Job:  map 90% reduce 29%
20/06/09 17:23:05 INFO mapreduce.Job:  map 91% reduce 29%
20/06/09 17:23:08 INFO mapreduce.Job:  map 93% reduce 29%
20/06/09 17:23:11 INFO mapreduce.Job:  map 94% reduce 29%
20/06/09 17:23:12 INFO mapreduce.Job:  map 95% reduce 30%
20/06/09 17:23:15 INFO mapreduce.Job:  map 96% reduce 30%
20/06/09 17:23:18 INFO mapreduce.Job:  map 97% reduce 30%
20/06/09 17:23:19 INFO mapreduce.Job:  map 97% reduce 31%
20/06/09 17:23:20 INFO mapreduce.Job:  map 98% reduce 31%
20/06/09 17:23:22 INFO mapreduce.Job:  map 98% reduce 32%
20/06/09 17:23:23 INFO mapreduce.Job:  map 99% reduce 32%
20/06/09 17:23:26 INFO mapreduce.Job:  map 100% reduce 32%
20/06/09 17:23:28 INFO mapreduce.Job:  map 100% reduce 33%
20/06/09 17:23:31 INFO mapreduce.Job:  map 100% reduce 70%
20/06/09 17:23:34 INFO mapreduce.Job:  map 100% reduce 75%
20/06/09 17:23:37 INFO mapreduce.Job:  map 100% reduce 80%
20/06/09 17:23:40 INFO mapreduce.Job:  map 100% reduce 86%
20/06/09 17:23:43 INFO mapreduce.Job:  map 100% reduce 92%
20/06/09 17:23:46 INFO mapreduce.Job:  map 100% reduce 100%
20/06/09 17:23:48 INFO mapreduce.Job: Job job_1591689486119_0008 completed successfully
20/06/09 17:23:48 INFO mapreduce.Job: Counters: 51
	File System Counters
		FILE: Number of bytes read=1620996967
		FILE: Number of bytes written=2399928329
		FILE: Number of read operations=0
		FILE: Number of large read operations=0
		FILE: Number of write operations=0
		HDFS: Number of bytes read=11026128271
		HDFS: Number of bytes written=454248222
		HDFS: Number of read operations=273
		HDFS: Number of large read operations=0
		HDFS: Number of write operations=2
	Job Counters 
		Killed map tasks=1
		Launched map tasks=91
		Launched reduce tasks=1
		Data-local map tasks=89
		Rack-local map tasks=2
		Total time spent by all maps in occupied slots (ms)=5029769
		Total time spent by all reduces in occupied slots (ms)=341297
		Total time spent by all map tasks (ms)=5029769
		Total time spent by all reduce tasks (ms)=341297
		Total vcore-milliseconds taken by all map tasks=5029769
		Total vcore-milliseconds taken by all reduce tasks=341297
		Total megabyte-milliseconds taken by all map tasks=5150483456
		Total megabyte-milliseconds taken by all reduce tasks=349488128
	Map-Reduce Framework
		Map input records=722593
		Map output records=1011271606
		Map output bytes=19272483483
		Map output materialized bytes=767720956
		Input split bytes=10530
		Combine input records=1036264018
		Combine output records=47596577
		Reduce input groups=9840644
		Reduce shuffle bytes=767720956
		Reduce input records=22604165
		Reduce output records=9840644
		Spilled Records=70878147
		Shuffled Maps =90
		Failed Shuffles=0
		Merged Map outputs=90
		GC time elapsed (ms)=109529
		CPU time spent (ms)=2040180
		Physical memory (bytes) snapshot=25068539904
		Virtual memory (bytes) snapshot=191939907584
		Total committed heap usage (bytes)=18938331136
	Shuffle Errors
		BAD_ID=0
		CONNECTION=0
		IO_ERROR=0
		WRONG_LENGTH=0
		WRONG_MAP=0
		WRONG_REDUCE=0
	File Input Format Counters 
		Bytes Read=11026117741
	File Output Format Counters 
		Bytes Written=454248222
20/06/09 17:23:48 INFO client.RMProxy: Connecting to ResourceManager at master/10.51.17.95:8032
20/06/09 17:23:48 INFO input.FileInputFormat: Total input paths to process : 1
20/06/09 17:23:48 INFO mapreduce.JobSubmitter: number of splits:4
20/06/09 17:23:49 INFO mapreduce.JobSubmitter: Submitting tokens for job: job_1591689486119_0009
20/06/09 17:23:49 INFO impl.YarnClientImpl: Submitted application application_1591689486119_0009
20/06/09 17:23:49 INFO mapreduce.Job: The url to track the job: http://master:8088/proxy/application_1591689486119_0009/
20/06/09 17:23:49 INFO mapreduce.Job: Running job: job_1591689486119_0009
20/06/09 17:23:57 INFO mapreduce.Job: Job job_1591689486119_0009 running in uber mode : false
20/06/09 17:23:57 INFO mapreduce.Job:  map 0% reduce 0%
20/06/09 17:24:06 INFO mapreduce.Job:  map 25% reduce 0%
20/06/09 17:24:08 INFO mapreduce.Job:  map 34% reduce 0%
20/06/09 17:24:09 INFO mapreduce.Job:  map 62% reduce 0%
20/06/09 17:24:11 INFO mapreduce.Job:  map 74% reduce 0%
20/06/09 17:24:12 INFO mapreduce.Job:  map 79% reduce 0%
20/06/09 17:24:14 INFO mapreduce.Job:  map 88% reduce 0%
20/06/09 17:24:16 INFO mapreduce.Job:  map 100% reduce 0%
20/06/09 17:24:20 INFO mapreduce.Job:  map 100% reduce 72%
20/06/09 17:24:23 INFO mapreduce.Job:  map 100% reduce 89%
20/06/09 17:24:26 INFO mapreduce.Job:  map 100% reduce 100%
20/06/09 17:24:27 INFO mapreduce.Job: Job job_1591689486119_0009 completed successfully
20/06/09 17:24:27 INFO mapreduce.Job: Counters: 50
	File System Counters
		FILE: Number of bytes read=734471075
		FILE: Number of bytes written=1125846766
		FILE: Number of read operations=0
		FILE: Number of large read operations=0
		FILE: Number of write operations=0
		HDFS: Number of bytes read=454251210
		HDFS: Number of bytes written=312694170
		HDFS: Number of read operations=19
		HDFS: Number of large read operations=0
		HDFS: Number of write operations=2
	Job Counters 
		Killed map tasks=1
		Launched map tasks=5
		Launched reduce tasks=1
		Data-local map tasks=5
		Total time spent by all maps in occupied slots (ms)=61489
		Total time spent by all reduces in occupied slots (ms)=16396
		Total time spent by all map tasks (ms)=61489
		Total time spent by all reduce tasks (ms)=16396
		Total vcore-milliseconds taken by all map tasks=61489
		Total vcore-milliseconds taken by all reduce tasks=16396
		Total megabyte-milliseconds taken by all map tasks=62964736
		Total megabyte-milliseconds taken by all reduce tasks=16789504
	Map-Reduce Framework
		Map input records=9840644
		Map output records=9840644
		Map output bytes=371081044
		Map output materialized bytes=390762356
		Input split bytes=504
		Combine input records=0
		Combine output records=0
		Reduce input groups=1247
		Reduce shuffle bytes=390762356
		Reduce input records=9840644
		Reduce output records=9840644
		Spilled Records=28848931
		Shuffled Maps =4
		Failed Shuffles=0
		Merged Map outputs=4
		GC time elapsed (ms)=1568
		CPU time spent (ms)=42740
		Physical memory (bytes) snapshot=1272430592
		Virtual memory (bytes) snapshot=10552832000
		Total committed heap usage (bytes)=938475520
	Shuffle Errors
		BAD_ID=0
		CONNECTION=0
		IO_ERROR=0
		WRONG_LENGTH=0
		WRONG_MAP=0
		WRONG_REDUCE=0
	File Input Format Counters 
		Bytes Read=454250706
	File Output Format Counters 
		Bytes Written=312694170
