20/06/09 16:59:01 INFO client.RMProxy: Connecting to ResourceManager at master/10.51.17.95:8032
20/06/09 16:59:02 INFO input.FileInputFormat: Total input paths to process : 10
20/06/09 16:59:02 INFO mapreduce.JobSubmitter: number of splits:90
20/06/09 16:59:02 INFO mapreduce.JobSubmitter: Submitting tokens for job: job_1591689486119_0002
20/06/09 16:59:03 INFO impl.YarnClientImpl: Submitted application application_1591689486119_0002
20/06/09 16:59:03 INFO mapreduce.Job: The url to track the job: http://master:8088/proxy/application_1591689486119_0002/
20/06/09 16:59:03 INFO mapreduce.Job: Running job: job_1591689486119_0002
20/06/09 16:59:10 INFO mapreduce.Job: Job job_1591689486119_0002 running in uber mode : false
20/06/09 16:59:10 INFO mapreduce.Job:  map 0% reduce 0%
20/06/09 16:59:24 INFO mapreduce.Job:  map 1% reduce 0%
20/06/09 16:59:26 INFO mapreduce.Job:  map 2% reduce 0%
20/06/09 16:59:30 INFO mapreduce.Job:  map 3% reduce 0%
20/06/09 16:59:38 INFO mapreduce.Job:  map 4% reduce 0%
20/06/09 16:59:41 INFO mapreduce.Job:  map 5% reduce 0%
20/06/09 16:59:49 INFO mapreduce.Job:  map 6% reduce 0%
20/06/09 16:59:52 INFO mapreduce.Job:  map 7% reduce 0%
20/06/09 16:59:58 INFO mapreduce.Job:  map 8% reduce 0%
20/06/09 17:00:02 INFO mapreduce.Job:  map 9% reduce 0%
20/06/09 17:00:06 INFO mapreduce.Job:  map 10% reduce 0%
20/06/09 17:00:08 INFO mapreduce.Job:  map 11% reduce 0%
20/06/09 17:00:10 INFO mapreduce.Job:  map 12% reduce 0%
20/06/09 17:00:15 INFO mapreduce.Job:  map 13% reduce 0%
20/06/09 17:00:22 INFO mapreduce.Job:  map 14% reduce 0%
20/06/09 17:00:23 INFO mapreduce.Job:  map 15% reduce 0%
20/06/09 17:00:26 INFO mapreduce.Job:  map 16% reduce 0%
20/06/09 17:00:28 INFO mapreduce.Job:  map 17% reduce 0%
20/06/09 17:00:33 INFO mapreduce.Job:  map 18% reduce 0%
20/06/09 17:00:40 INFO mapreduce.Job:  map 19% reduce 5%
20/06/09 17:00:44 INFO mapreduce.Job:  map 20% reduce 5%
20/06/09 17:00:50 INFO mapreduce.Job:  map 21% reduce 5%
20/06/09 17:00:55 INFO mapreduce.Job:  map 22% reduce 5%
20/06/09 17:00:58 INFO mapreduce.Job:  map 22% reduce 6%
20/06/09 17:01:00 INFO mapreduce.Job:  map 23% reduce 6%
20/06/09 17:01:05 INFO mapreduce.Job:  map 24% reduce 6%
20/06/09 17:01:07 INFO mapreduce.Job:  map 25% reduce 6%
20/06/09 17:01:08 INFO mapreduce.Job:  map 26% reduce 6%
20/06/09 17:01:11 INFO mapreduce.Job:  map 26% reduce 7%
20/06/09 17:01:16 INFO mapreduce.Job:  map 27% reduce 7%
20/06/09 17:01:20 INFO mapreduce.Job:  map 28% reduce 7%
20/06/09 17:01:25 INFO mapreduce.Job:  map 29% reduce 7%
20/06/09 17:01:30 INFO mapreduce.Job:  map 30% reduce 7%
20/06/09 17:01:32 INFO mapreduce.Job:  map 31% reduce 8%
20/06/09 17:01:34 INFO mapreduce.Job:  map 32% reduce 8%
20/06/09 17:01:35 INFO mapreduce.Job:  map 32% reduce 9%
20/06/09 17:01:39 INFO mapreduce.Job:  map 33% reduce 10%
20/06/09 17:01:45 INFO mapreduce.Job:  map 34% reduce 10%
20/06/09 17:01:49 INFO mapreduce.Job:  map 35% reduce 10%
20/06/09 17:01:53 INFO mapreduce.Job:  map 36% reduce 10%
20/06/09 17:01:59 INFO mapreduce.Job:  map 37% reduce 10%
20/06/09 17:02:01 INFO mapreduce.Job:  map 38% reduce 10%
20/06/09 17:02:02 INFO mapreduce.Job:  map 38% reduce 11%
20/06/09 17:02:04 INFO mapreduce.Job:  map 39% reduce 11%
20/06/09 17:02:05 INFO mapreduce.Job:  map 39% reduce 12%
20/06/09 17:02:10 INFO mapreduce.Job:  map 40% reduce 12%
20/06/09 17:02:13 INFO mapreduce.Job:  map 41% reduce 12%
20/06/09 17:02:19 INFO mapreduce.Job:  map 42% reduce 12%
20/06/09 17:02:24 INFO mapreduce.Job:  map 43% reduce 12%
20/06/09 17:02:31 INFO mapreduce.Job:  map 44% reduce 12%
20/06/09 17:02:33 INFO mapreduce.Job:  map 45% reduce 13%
20/06/09 17:02:40 INFO mapreduce.Job:  map 47% reduce 13%
20/06/09 17:02:42 INFO mapreduce.Job:  map 47% reduce 14%
20/06/09 17:02:43 INFO mapreduce.Job:  map 48% reduce 14%
20/06/09 17:02:48 INFO mapreduce.Job:  map 49% reduce 14%
20/06/09 17:02:51 INFO mapreduce.Job:  map 49% reduce 15%
20/06/09 17:02:52 INFO mapreduce.Job:  map 50% reduce 15%
20/06/09 17:02:55 INFO mapreduce.Job:  map 51% reduce 15%
20/06/09 17:02:57 INFO mapreduce.Job:  map 52% reduce 16%
20/06/09 17:03:01 INFO mapreduce.Job:  map 52% reduce 17%
20/06/09 17:03:05 INFO mapreduce.Job:  map 53% reduce 17%
20/06/09 17:03:07 INFO mapreduce.Job:  map 54% reduce 17%
20/06/09 17:03:14 INFO mapreduce.Job:  map 55% reduce 17%
20/06/09 17:03:17 INFO mapreduce.Job:  map 56% reduce 17%
20/06/09 17:03:24 INFO mapreduce.Job:  map 57% reduce 17%
20/06/09 17:03:28 INFO mapreduce.Job:  map 58% reduce 17%
20/06/09 17:03:34 INFO mapreduce.Job:  map 59% reduce 17%
20/06/09 17:03:37 INFO mapreduce.Job:  map 60% reduce 17%
20/06/09 17:03:43 INFO mapreduce.Job:  map 61% reduce 17%
20/06/09 17:03:46 INFO mapreduce.Job:  map 62% reduce 17%
20/06/09 17:03:47 INFO mapreduce.Job:  map 62% reduce 18%
20/06/09 17:03:49 INFO mapreduce.Job:  map 64% reduce 18%
20/06/09 17:03:50 INFO mapreduce.Job:  map 64% reduce 19%
20/06/09 17:03:52 INFO mapreduce.Job:  map 65% reduce 19%
20/06/09 17:03:53 INFO mapreduce.Job:  map 65% reduce 21%
20/06/09 17:03:59 INFO mapreduce.Job:  map 66% reduce 21%
20/06/09 17:04:02 INFO mapreduce.Job:  map 67% reduce 21%
20/06/09 17:04:04 INFO mapreduce.Job:  map 68% reduce 21%
20/06/09 17:04:08 INFO mapreduce.Job:  map 68% reduce 22%
20/06/09 17:04:12 INFO mapreduce.Job:  map 69% reduce 22%
20/06/09 17:04:15 INFO mapreduce.Job:  map 70% reduce 22%
20/06/09 17:04:23 INFO mapreduce.Job:  map 71% reduce 22%
20/06/09 17:04:26 INFO mapreduce.Job:  map 72% reduce 22%
20/06/09 17:04:33 INFO mapreduce.Job:  map 73% reduce 22%
20/06/09 17:04:36 INFO mapreduce.Job:  map 74% reduce 22%
20/06/09 17:04:41 INFO mapreduce.Job:  map 75% reduce 22%
20/06/09 17:04:43 INFO mapreduce.Job:  map 76% reduce 22%
20/06/09 17:04:44 INFO mapreduce.Job:  map 76% reduce 23%
20/06/09 17:04:45 INFO mapreduce.Job:  map 77% reduce 23%
20/06/09 17:04:47 INFO mapreduce.Job:  map 78% reduce 24%
20/06/09 17:04:53 INFO mapreduce.Job:  map 79% reduce 25%
20/06/09 17:04:56 INFO mapreduce.Job:  map 80% reduce 26%
20/06/09 17:04:59 INFO mapreduce.Job:  map 81% reduce 26%
20/06/09 17:05:02 INFO mapreduce.Job:  map 82% reduce 26%
20/06/09 17:05:06 INFO mapreduce.Job:  map 83% reduce 26%
20/06/09 17:05:09 INFO mapreduce.Job:  map 84% reduce 27%
20/06/09 17:05:10 INFO mapreduce.Job:  map 85% reduce 27%
20/06/09 17:05:11 INFO mapreduce.Job:  map 86% reduce 27%
20/06/09 17:05:15 INFO mapreduce.Job:  map 87% reduce 27%
20/06/09 17:05:18 INFO mapreduce.Job:  map 87% reduce 28%
20/06/09 17:05:19 INFO mapreduce.Job:  map 88% reduce 28%
20/06/09 17:05:21 INFO mapreduce.Job:  map 89% reduce 28%
20/06/09 17:05:22 INFO mapreduce.Job:  map 90% reduce 28%
20/06/09 17:05:27 INFO mapreduce.Job:  map 92% reduce 29%
20/06/09 17:05:29 INFO mapreduce.Job:  map 93% reduce 29%
20/06/09 17:05:31 INFO mapreduce.Job:  map 94% reduce 29%
20/06/09 17:05:35 INFO mapreduce.Job:  map 95% reduce 29%
20/06/09 17:05:36 INFO mapreduce.Job:  map 95% reduce 30%
20/06/09 17:05:38 INFO mapreduce.Job:  map 97% reduce 30%
20/06/09 17:05:40 INFO mapreduce.Job:  map 98% reduce 30%
20/06/09 17:05:42 INFO mapreduce.Job:  map 99% reduce 31%
20/06/09 17:05:45 INFO mapreduce.Job:  map 100% reduce 33%
20/06/09 17:05:48 INFO mapreduce.Job:  map 100% reduce 70%
20/06/09 17:05:51 INFO mapreduce.Job:  map 100% reduce 76%
20/06/09 17:05:54 INFO mapreduce.Job:  map 100% reduce 81%
20/06/09 17:05:57 INFO mapreduce.Job:  map 100% reduce 88%
20/06/09 17:06:01 INFO mapreduce.Job:  map 100% reduce 95%
20/06/09 17:06:03 INFO mapreduce.Job:  map 100% reduce 100%
20/06/09 17:06:03 INFO mapreduce.Job: Job job_1591689486119_0002 completed successfully
20/06/09 17:06:03 INFO mapreduce.Job: Counters: 50
	File System Counters
		FILE: Number of bytes read=1664996654
		FILE: Number of bytes written=2465694858
		FILE: Number of read operations=0
		FILE: Number of large read operations=0
		FILE: Number of write operations=0
		HDFS: Number of bytes read=11025410983
		HDFS: Number of bytes written=472975276
		HDFS: Number of read operations=273
		HDFS: Number of large read operations=0
		HDFS: Number of write operations=2
	Job Counters 
		Killed map tasks=1
		Launched map tasks=91
		Launched reduce tasks=1
		Data-local map tasks=91
		Total time spent by all maps in occupied slots (ms)=5053398
		Total time spent by all reduces in occupied slots (ms)=336039
		Total time spent by all map tasks (ms)=5053398
		Total time spent by all reduce tasks (ms)=336039
		Total vcore-milliseconds taken by all map tasks=5053398
		Total vcore-milliseconds taken by all reduce tasks=336039
		Total megabyte-milliseconds taken by all map tasks=5174679552
		Total megabyte-milliseconds taken by all reduce tasks=344103936
	Map-Reduce Framework
		Map input records=723490
		Map output records=1010830785
		Map output bytes=19280838675
		Map output materialized bytes=789487798
		Input split bytes=10530
		Combine input records=1035825644
		Combine output records=47602279
		Reduce input groups=9841487
		Reduce shuffle bytes=789487798
		Reduce input records=22607420
		Reduce output records=9841487
		Spilled Records=70887083
		Shuffled Maps =90
		Failed Shuffles=0
		Merged Map outputs=90
		GC time elapsed (ms)=107210
		CPU time spent (ms)=2042370
		Physical memory (bytes) snapshot=25102958592
		Virtual memory (bytes) snapshot=191950389248
		Total committed heap usage (bytes)=18935709696
	Shuffle Errors
		BAD_ID=0
		CONNECTION=0
		IO_ERROR=0
		WRONG_LENGTH=0
		WRONG_MAP=0
		WRONG_REDUCE=0
	File Input Format Counters 
		Bytes Read=11025400453
	File Output Format Counters 
		Bytes Written=472975276
20/06/09 17:06:03 INFO client.RMProxy: Connecting to ResourceManager at master/10.51.17.95:8032
20/06/09 17:06:03 INFO input.FileInputFormat: Total input paths to process : 1
20/06/09 17:06:03 INFO mapreduce.JobSubmitter: number of splits:4
20/06/09 17:06:04 INFO mapreduce.JobSubmitter: Submitting tokens for job: job_1591689486119_0003
20/06/09 17:06:04 INFO impl.YarnClientImpl: Submitted application application_1591689486119_0003
20/06/09 17:06:04 INFO mapreduce.Job: The url to track the job: http://master:8088/proxy/application_1591689486119_0003/
20/06/09 17:06:04 INFO mapreduce.Job: Running job: job_1591689486119_0003
20/06/09 17:06:13 INFO mapreduce.Job: Job job_1591689486119_0003 running in uber mode : false
20/06/09 17:06:13 INFO mapreduce.Job:  map 0% reduce 0%
20/06/09 17:06:23 INFO mapreduce.Job:  map 25% reduce 0%
20/06/09 17:06:24 INFO mapreduce.Job:  map 56% reduce 0%
20/06/09 17:06:27 INFO mapreduce.Job:  map 75% reduce 0%
20/06/09 17:06:30 INFO mapreduce.Job:  map 84% reduce 0%
20/06/09 17:06:32 INFO mapreduce.Job:  map 92% reduce 0%
20/06/09 17:06:33 INFO mapreduce.Job:  map 100% reduce 0%
20/06/09 17:06:35 INFO mapreduce.Job:  map 100% reduce 72%
20/06/09 17:06:38 INFO mapreduce.Job:  map 100% reduce 88%
20/06/09 17:06:41 INFO mapreduce.Job:  map 100% reduce 98%
20/06/09 17:06:42 INFO mapreduce.Job:  map 100% reduce 100%
20/06/09 17:06:44 INFO mapreduce.Job: Job job_1591689486119_0003 completed successfully
20/06/09 17:06:44 INFO mapreduce.Job: Counters: 50
	File System Counters
		FILE: Number of bytes read=754083622
		FILE: Number of bytes written=1164001829
		FILE: Number of read operations=0
		FILE: Number of large read operations=0
		FILE: Number of write operations=0
		HDFS: Number of bytes read=472979455
		HDFS: Number of bytes written=331230156
		HDFS: Number of read operations=19
		HDFS: Number of large read operations=0
		HDFS: Number of write operations=2
	Job Counters 
		Killed map tasks=1
		Launched map tasks=5
		Launched reduce tasks=1
		Data-local map tasks=5
		Total time spent by all maps in occupied slots (ms)=64548
		Total time spent by all reduces in occupied slots (ms)=16201
		Total time spent by all map tasks (ms)=64548
		Total time spent by all reduce tasks (ms)=16201
		Total vcore-milliseconds taken by all map tasks=64548
		Total vcore-milliseconds taken by all reduce tasks=16201
		Total megabyte-milliseconds taken by all map tasks=66097152
		Total megabyte-milliseconds taken by all reduce tasks=16589824
	Map-Reduce Framework
		Map input records=9841487
		Map output records=9841487
		Map output bytes=389621874
		Map output materialized bytes=409304872
		Input split bytes=504
		Combine input records=0
		Combine output records=0
		Reduce input groups=1261
		Reduce shuffle bytes=409304872
		Reduce input records=9841487
		Reduce output records=9841487
		Spilled Records=28672295
		Shuffled Maps =4
		Failed Shuffles=0
		Merged Map outputs=4
		GC time elapsed (ms)=1540
		CPU time spent (ms)=45470
		Physical memory (bytes) snapshot=1270087680
		Virtual memory (bytes) snapshot=10546700288
		Total committed heap usage (bytes)=939524096
	Shuffle Errors
		BAD_ID=0
		CONNECTION=0
		IO_ERROR=0
		WRONG_LENGTH=0
		WRONG_MAP=0
		WRONG_REDUCE=0
	File Input Format Counters 
		Bytes Read=472978951
	File Output Format Counters 
		Bytes Written=331230156
