20/06/09 17:07:52 INFO client.RMProxy: Connecting to ResourceManager at master/10.51.17.95:8032
20/06/09 17:07:53 INFO input.FileInputFormat: Total input paths to process : 10
20/06/09 17:07:53 INFO mapreduce.JobSubmitter: number of splits:90
20/06/09 17:07:53 INFO mapreduce.JobSubmitter: Submitting tokens for job: job_1591689486119_0005
20/06/09 17:07:54 INFO impl.YarnClientImpl: Submitted application application_1591689486119_0005
20/06/09 17:07:54 INFO mapreduce.Job: The url to track the job: http://master:8088/proxy/application_1591689486119_0005/
20/06/09 17:07:54 INFO mapreduce.Job: Running job: job_1591689486119_0005
20/06/09 17:08:03 INFO mapreduce.Job: Job job_1591689486119_0005 running in uber mode : false
20/06/09 17:08:03 INFO mapreduce.Job:  map 0% reduce 0%
20/06/09 17:08:16 INFO mapreduce.Job:  map 1% reduce 0%
20/06/09 17:08:18 INFO mapreduce.Job:  map 2% reduce 0%
20/06/09 17:08:22 INFO mapreduce.Job:  map 3% reduce 0%
20/06/09 17:08:30 INFO mapreduce.Job:  map 4% reduce 0%
20/06/09 17:08:34 INFO mapreduce.Job:  map 5% reduce 0%
20/06/09 17:08:41 INFO mapreduce.Job:  map 6% reduce 0%
20/06/09 17:08:44 INFO mapreduce.Job:  map 7% reduce 0%
20/06/09 17:08:50 INFO mapreduce.Job:  map 8% reduce 0%
20/06/09 17:08:55 INFO mapreduce.Job:  map 9% reduce 0%
20/06/09 17:08:57 INFO mapreduce.Job:  map 10% reduce 0%
20/06/09 17:08:59 INFO mapreduce.Job:  map 11% reduce 0%
20/06/09 17:09:02 INFO mapreduce.Job:  map 12% reduce 0%
20/06/09 17:09:09 INFO mapreduce.Job:  map 13% reduce 0%
20/06/09 17:09:14 INFO mapreduce.Job:  map 14% reduce 0%
20/06/09 17:09:17 INFO mapreduce.Job:  map 15% reduce 0%
20/06/09 17:09:18 INFO mapreduce.Job:  map 16% reduce 0%
20/06/09 17:09:19 INFO mapreduce.Job:  map 17% reduce 0%
20/06/09 17:09:27 INFO mapreduce.Job:  map 18% reduce 0%
20/06/09 17:09:31 INFO mapreduce.Job:  map 18% reduce 5%
20/06/09 17:09:32 INFO mapreduce.Job:  map 19% reduce 5%
20/06/09 17:09:36 INFO mapreduce.Job:  map 20% reduce 5%
20/06/09 17:09:42 INFO mapreduce.Job:  map 21% reduce 5%
20/06/09 17:09:46 INFO mapreduce.Job:  map 22% reduce 5%
20/06/09 17:09:51 INFO mapreduce.Job:  map 23% reduce 5%
20/06/09 17:09:54 INFO mapreduce.Job:  map 24% reduce 5%
20/06/09 17:09:55 INFO mapreduce.Job:  map 24% reduce 6%
20/06/09 17:09:56 INFO mapreduce.Job:  map 25% reduce 6%
20/06/09 17:09:58 INFO mapreduce.Job:  map 25% reduce 7%
20/06/09 17:09:59 INFO mapreduce.Job:  map 26% reduce 7%
20/06/09 17:10:07 INFO mapreduce.Job:  map 27% reduce 7%
20/06/09 17:10:12 INFO mapreduce.Job:  map 28% reduce 7%
20/06/09 17:10:17 INFO mapreduce.Job:  map 29% reduce 7%
20/06/09 17:10:21 INFO mapreduce.Job:  map 30% reduce 7%
20/06/09 17:10:23 INFO mapreduce.Job:  map 30% reduce 8%
20/06/09 17:10:24 INFO mapreduce.Job:  map 31% reduce 8%
20/06/09 17:10:25 INFO mapreduce.Job:  map 32% reduce 8%
20/06/09 17:10:26 INFO mapreduce.Job:  map 32% reduce 9%
20/06/09 17:10:29 INFO mapreduce.Job:  map 32% reduce 10%
20/06/09 17:10:30 INFO mapreduce.Job:  map 33% reduce 10%
20/06/09 17:10:35 INFO mapreduce.Job:  map 34% reduce 10%
20/06/09 17:10:38 INFO mapreduce.Job:  map 35% reduce 10%
20/06/09 17:10:45 INFO mapreduce.Job:  map 36% reduce 10%
20/06/09 17:10:49 INFO mapreduce.Job:  map 37% reduce 10%
20/06/09 17:10:51 INFO mapreduce.Job:  map 37% reduce 11%
20/06/09 17:10:52 INFO mapreduce.Job:  map 38% reduce 11%
20/06/09 17:10:56 INFO mapreduce.Job:  map 39% reduce 12%
20/06/09 17:11:00 INFO mapreduce.Job:  map 40% reduce 12%
20/06/09 17:11:06 INFO mapreduce.Job:  map 41% reduce 12%
20/06/09 17:11:10 INFO mapreduce.Job:  map 42% reduce 12%
20/06/09 17:11:15 INFO mapreduce.Job:  map 43% reduce 12%
20/06/09 17:11:21 INFO mapreduce.Job:  map 44% reduce 12%
20/06/09 17:11:26 INFO mapreduce.Job:  map 45% reduce 12%
20/06/09 17:11:28 INFO mapreduce.Job:  map 46% reduce 12%
20/06/09 17:11:30 INFO mapreduce.Job:  map 46% reduce 13%
20/06/09 17:11:32 INFO mapreduce.Job:  map 47% reduce 13%
20/06/09 17:11:33 INFO mapreduce.Job:  map 47% reduce 14%
20/06/09 17:11:35 INFO mapreduce.Job:  map 48% reduce 14%
20/06/09 17:11:40 INFO mapreduce.Job:  map 49% reduce 14%
20/06/09 17:11:42 INFO mapreduce.Job:  map 50% reduce 15%
20/06/09 17:11:45 INFO mapreduce.Job:  map 50% reduce 16%
20/06/09 17:11:46 INFO mapreduce.Job:  map 51% reduce 16%
20/06/09 17:11:50 INFO mapreduce.Job:  map 52% reduce 16%
20/06/09 17:11:53 INFO mapreduce.Job:  map 53% reduce 16%
20/06/09 17:11:54 INFO mapreduce.Job:  map 53% reduce 17%
20/06/09 17:11:58 INFO mapreduce.Job:  map 54% reduce 17%
20/06/09 17:12:03 INFO mapreduce.Job:  map 55% reduce 17%
20/06/09 17:12:10 INFO mapreduce.Job:  map 56% reduce 17%
20/06/09 17:12:15 INFO mapreduce.Job:  map 57% reduce 17%
20/06/09 17:12:19 INFO mapreduce.Job:  map 58% reduce 17%
20/06/09 17:12:25 INFO mapreduce.Job:  map 59% reduce 17%
20/06/09 17:12:28 INFO mapreduce.Job:  map 60% reduce 17%
20/06/09 17:12:33 INFO mapreduce.Job:  map 61% reduce 17%
20/06/09 17:12:35 INFO mapreduce.Job:  map 62% reduce 17%
20/06/09 17:12:37 INFO mapreduce.Job:  map 62% reduce 19%
20/06/09 17:12:38 INFO mapreduce.Job:  map 63% reduce 19%
20/06/09 17:12:40 INFO mapreduce.Job:  map 64% reduce 19%
20/06/09 17:12:42 INFO mapreduce.Job:  map 65% reduce 19%
20/06/09 17:12:43 INFO mapreduce.Job:  map 65% reduce 20%
20/06/09 17:12:45 INFO mapreduce.Job:  map 66% reduce 20%
20/06/09 17:12:46 INFO mapreduce.Job:  map 66% reduce 21%
20/06/09 17:12:53 INFO mapreduce.Job:  map 67% reduce 21%
20/06/09 17:12:56 INFO mapreduce.Job:  map 67% reduce 22%
20/06/09 17:12:57 INFO mapreduce.Job:  map 68% reduce 22%
20/06/09 17:13:04 INFO mapreduce.Job:  map 69% reduce 22%
20/06/09 17:13:07 INFO mapreduce.Job:  map 70% reduce 22%
20/06/09 17:13:13 INFO mapreduce.Job:  map 71% reduce 22%
20/06/09 17:13:17 INFO mapreduce.Job:  map 72% reduce 22%
20/06/09 17:13:22 INFO mapreduce.Job:  map 73% reduce 22%
20/06/09 17:13:28 INFO mapreduce.Job:  map 74% reduce 22%
20/06/09 17:13:32 INFO mapreduce.Job:  map 75% reduce 22%
20/06/09 17:13:35 INFO mapreduce.Job:  map 76% reduce 22%
20/06/09 17:13:38 INFO mapreduce.Job:  map 76% reduce 23%
20/06/09 17:13:39 INFO mapreduce.Job:  map 77% reduce 23%
20/06/09 17:13:41 INFO mapreduce.Job:  map 78% reduce 23%
20/06/09 17:13:43 INFO mapreduce.Job:  map 79% reduce 23%
20/06/09 17:13:44 INFO mapreduce.Job:  map 79% reduce 25%
20/06/09 17:13:47 INFO mapreduce.Job:  map 80% reduce 26%
20/06/09 17:13:51 INFO mapreduce.Job:  map 81% reduce 26%
20/06/09 17:13:53 INFO mapreduce.Job:  map 81% reduce 27%
20/06/09 17:13:56 INFO mapreduce.Job:  map 83% reduce 27%
20/06/09 17:13:58 INFO mapreduce.Job:  map 84% reduce 27%
20/06/09 17:14:01 INFO mapreduce.Job:  map 85% reduce 27%
20/06/09 17:14:03 INFO mapreduce.Job:  map 86% reduce 27%
20/06/09 17:14:04 INFO mapreduce.Job:  map 87% reduce 27%
20/06/09 17:14:08 INFO mapreduce.Job:  map 88% reduce 27%
20/06/09 17:14:12 INFO mapreduce.Job:  map 89% reduce 28%
20/06/09 17:14:15 INFO mapreduce.Job:  map 89% reduce 29%
20/06/09 17:14:16 INFO mapreduce.Job:  map 90% reduce 29%
20/06/09 17:14:17 INFO mapreduce.Job:  map 91% reduce 29%
20/06/09 17:14:20 INFO mapreduce.Job:  map 92% reduce 29%
20/06/09 17:14:23 INFO mapreduce.Job:  map 93% reduce 29%
20/06/09 17:14:24 INFO mapreduce.Job:  map 94% reduce 29%
20/06/09 17:14:26 INFO mapreduce.Job:  map 95% reduce 29%
20/06/09 17:14:27 INFO mapreduce.Job:  map 96% reduce 30%
20/06/09 17:14:29 INFO mapreduce.Job:  map 97% reduce 30%
20/06/09 17:14:30 INFO mapreduce.Job:  map 97% reduce 31%
20/06/09 17:14:32 INFO mapreduce.Job:  map 98% reduce 31%
20/06/09 17:14:36 INFO mapreduce.Job:  map 99% reduce 32%
20/06/09 17:14:39 INFO mapreduce.Job:  map 100% reduce 33%
20/06/09 17:14:42 INFO mapreduce.Job:  map 100% reduce 68%
20/06/09 17:14:45 INFO mapreduce.Job:  map 100% reduce 73%
20/06/09 17:14:48 INFO mapreduce.Job:  map 100% reduce 78%
20/06/09 17:14:51 INFO mapreduce.Job:  map 100% reduce 84%
20/06/09 17:14:54 INFO mapreduce.Job:  map 100% reduce 92%
20/06/09 17:14:57 INFO mapreduce.Job:  map 100% reduce 100%
20/06/09 17:14:58 INFO mapreduce.Job: Job job_1591689486119_0005 completed successfully
20/06/09 17:14:58 INFO mapreduce.Job: Counters: 51
	File System Counters
		FILE: Number of bytes read=1752318387
		FILE: Number of bytes written=2596271144
		FILE: Number of read operations=0
		FILE: Number of large read operations=0
		FILE: Number of write operations=0
		HDFS: Number of bytes read=11025407853
		HDFS: Number of bytes written=510149294
		HDFS: Number of read operations=273
		HDFS: Number of large read operations=0
		HDFS: Number of write operations=2
	Job Counters 
		Killed map tasks=1
		Launched map tasks=91
		Launched reduce tasks=1
		Data-local map tasks=90
		Rack-local map tasks=1
		Total time spent by all maps in occupied slots (ms)=5033152
		Total time spent by all reduces in occupied slots (ms)=338314
		Total time spent by all map tasks (ms)=5033152
		Total time spent by all reduce tasks (ms)=338314
		Total vcore-milliseconds taken by all map tasks=5033152
		Total vcore-milliseconds taken by all reduce tasks=338314
		Total megabyte-milliseconds taken by all map tasks=5153947648
		Total megabyte-milliseconds taken by all reduce tasks=346433536
	Map-Reduce Framework
		Map input records=265584
		Map output records=1008527476
		Map output bytes=19253727976
		Map output materialized bytes=832742351
		Input split bytes=10530
		Combine input records=1033512858
		Combine output records=47589733
		Reduce input groups=9840102
		Reduce shuffle bytes=832742351
		Reduce input records=22604351
		Reduce output records=9840102
		Spilled Records=70871584
		Shuffled Maps =90
		Failed Shuffles=0
		Merged Map outputs=90
		GC time elapsed (ms)=109487
		CPU time spent (ms)=2042310
		Physical memory (bytes) snapshot=25185357824
		Virtual memory (bytes) snapshot=191935234048
		Total committed heap usage (bytes)=18934136832
	Shuffle Errors
		BAD_ID=0
		CONNECTION=0
		IO_ERROR=0
		WRONG_LENGTH=0
		WRONG_MAP=0
		WRONG_REDUCE=0
	File Input Format Counters 
		Bytes Read=11025397323
	File Output Format Counters 
		Bytes Written=510149294
20/06/09 17:14:58 INFO client.RMProxy: Connecting to ResourceManager at master/10.51.17.95:8032
20/06/09 17:14:58 INFO input.FileInputFormat: Total input paths to process : 1
20/06/09 17:14:59 INFO mapreduce.JobSubmitter: number of splits:4
20/06/09 17:14:59 INFO mapreduce.JobSubmitter: Submitting tokens for job: job_1591689486119_0006
20/06/09 17:14:59 INFO impl.YarnClientImpl: Submitted application application_1591689486119_0006
20/06/09 17:14:59 INFO mapreduce.Job: The url to track the job: http://master:8088/proxy/application_1591689486119_0006/
20/06/09 17:14:59 INFO mapreduce.Job: Running job: job_1591689486119_0006
20/06/09 17:15:07 INFO mapreduce.Job: Job job_1591689486119_0006 running in uber mode : false
20/06/09 17:15:07 INFO mapreduce.Job:  map 0% reduce 0%
20/06/09 17:15:20 INFO mapreduce.Job:  map 47% reduce 0%
20/06/09 17:15:23 INFO mapreduce.Job:  map 74% reduce 0%
20/06/09 17:15:26 INFO mapreduce.Job:  map 93% reduce 0%
20/06/09 17:15:27 INFO mapreduce.Job:  map 100% reduce 0%
20/06/09 17:15:33 INFO mapreduce.Job:  map 100% reduce 85%
20/06/09 17:15:36 INFO mapreduce.Job:  map 100% reduce 96%
20/06/09 17:15:37 INFO mapreduce.Job:  map 100% reduce 100%
20/06/09 17:15:38 INFO mapreduce.Job: Job job_1591689486119_0006 completed successfully
20/06/09 17:15:38 INFO mapreduce.Job: Counters: 50
	File System Counters
		FILE: Number of bytes read=892255184
		FILE: Number of bytes written=1338996099
		FILE: Number of read operations=0
		FILE: Number of large read operations=0
		FILE: Number of write operations=0
		HDFS: Number of bytes read=510155392
		HDFS: Number of bytes written=368063779
		HDFS: Number of read operations=19
		HDFS: Number of large read operations=0
		HDFS: Number of write operations=2
	Job Counters 
		Killed map tasks=1
		Launched map tasks=5
		Launched reduce tasks=1
		Data-local map tasks=5
		Total time spent by all maps in occupied slots (ms)=61652
		Total time spent by all reduces in occupied slots (ms)=12010
		Total time spent by all map tasks (ms)=61652
		Total time spent by all reduce tasks (ms)=12010
		Total vcore-milliseconds taken by all map tasks=61652
		Total vcore-milliseconds taken by all reduce tasks=12010
		Total megabyte-milliseconds taken by all map tasks=63131648
		Total megabyte-milliseconds taken by all reduce tasks=12298240
	Map-Reduce Framework
		Map input records=9840102
		Map output records=9840102
		Map output bytes=426447352
		Map output materialized bytes=446127580
		Input split bytes=504
		Combine input records=0
		Combine output records=0
		Reduce input groups=1236
		Reduce shuffle bytes=446127580
		Reduce input records=9840102
		Reduce output records=9840102
		Spilled Records=29520306
		Shuffled Maps =4
		Failed Shuffles=0
		Merged Map outputs=4
		GC time elapsed (ms)=1650
		CPU time spent (ms)=48110
		Physical memory (bytes) snapshot=1290067968
		Virtual memory (bytes) snapshot=10620014592
		Total committed heap usage (bytes)=942145536
	Shuffle Errors
		BAD_ID=0
		CONNECTION=0
		IO_ERROR=0
		WRONG_LENGTH=0
		WRONG_MAP=0
		WRONG_REDUCE=0
	File Input Format Counters 
		Bytes Read=510154888
	File Output Format Counters 
		Bytes Written=368063779
