20/06/13 01:09:53 INFO client.RMProxy: Connecting to ResourceManager at master/10.51.17.95:8032
20/06/13 01:09:54 INFO client.RMProxy: Connecting to ResourceManager at master/10.51.17.95:8032
20/06/13 01:09:54 INFO input.FileInputFormat: Total input paths to process : 10
20/06/13 01:09:54 INFO mapreduce.JobSubmitter: number of splits:80
20/06/13 01:09:54 INFO mapreduce.JobSubmitter: Submitting tokens for job: job_1591978130158_0002
20/06/13 01:09:55 INFO impl.YarnClientImpl: Submitted application application_1591978130158_0002
20/06/13 01:09:55 INFO mapreduce.Job: The url to track the job: http://master:8088/proxy/application_1591978130158_0002/
20/06/13 01:09:55 INFO mapreduce.Job: Running job: job_1591978130158_0002
20/06/13 01:10:04 INFO mapreduce.Job: Job job_1591978130158_0002 running in uber mode : false
20/06/13 01:10:04 INFO mapreduce.Job:  map 0% reduce 0%
20/06/13 01:10:16 INFO mapreduce.Job:  map 3% reduce 0%
20/06/13 01:10:17 INFO mapreduce.Job:  map 4% reduce 0%
20/06/13 01:10:18 INFO mapreduce.Job:  map 8% reduce 0%
20/06/13 01:10:19 INFO mapreduce.Job:  map 9% reduce 0%
20/06/13 01:10:20 INFO mapreduce.Job:  map 12% reduce 0%
20/06/13 01:10:21 INFO mapreduce.Job:  map 15% reduce 0%
20/06/13 01:10:23 INFO mapreduce.Job:  map 16% reduce 0%
20/06/13 01:10:24 INFO mapreduce.Job:  map 17% reduce 0%
20/06/13 01:10:25 INFO mapreduce.Job:  map 19% reduce 0%
20/06/13 01:10:27 INFO mapreduce.Job:  map 20% reduce 0%
20/06/13 01:10:28 INFO mapreduce.Job:  map 21% reduce 0%
20/06/13 01:10:31 INFO mapreduce.Job:  map 22% reduce 2%
20/06/13 01:10:32 INFO mapreduce.Job:  map 24% reduce 2%
20/06/13 01:10:33 INFO mapreduce.Job:  map 25% reduce 2%
20/06/13 01:10:34 INFO mapreduce.Job:  map 26% reduce 3%
20/06/13 01:10:35 INFO mapreduce.Job:  map 27% reduce 3%
20/06/13 01:10:38 INFO mapreduce.Job:  map 29% reduce 3%
20/06/13 01:10:40 INFO mapreduce.Job:  map 30% reduce 5%
20/06/13 01:10:43 INFO mapreduce.Job:  map 33% reduce 5%
20/06/13 01:10:47 INFO mapreduce.Job:  map 34% reduce 6%
20/06/13 01:10:49 INFO mapreduce.Job:  map 35% reduce 6%
20/06/13 01:10:50 INFO mapreduce.Job:  map 35% reduce 7%
20/06/13 01:10:51 INFO mapreduce.Job:  map 37% reduce 7%
20/06/13 01:10:53 INFO mapreduce.Job:  map 38% reduce 7%
20/06/13 01:10:54 INFO mapreduce.Job:  map 40% reduce 7%
20/06/13 01:10:55 INFO mapreduce.Job:  map 41% reduce 7%
20/06/13 01:10:56 INFO mapreduce.Job:  map 42% reduce 7%
20/06/13 01:10:58 INFO mapreduce.Job:  map 42% reduce 8%
20/06/13 01:10:59 INFO mapreduce.Job:  map 43% reduce 8%
20/06/13 01:11:00 INFO mapreduce.Job:  map 44% reduce 8%
20/06/13 01:11:02 INFO mapreduce.Job:  map 44% reduce 9%
20/06/13 01:11:03 INFO mapreduce.Job:  map 45% reduce 9%
20/06/13 01:11:06 INFO mapreduce.Job:  map 47% reduce 9%
20/06/13 01:11:07 INFO mapreduce.Job:  map 49% reduce 9%
20/06/13 01:11:08 INFO mapreduce.Job:  map 49% reduce 10%
20/06/13 01:11:09 INFO mapreduce.Job:  map 50% reduce 10%
20/06/13 01:11:11 INFO mapreduce.Job:  map 50% reduce 11%
20/06/13 01:11:13 INFO mapreduce.Job:  map 53% reduce 11%
20/06/13 01:11:17 INFO mapreduce.Job:  map 53% reduce 12%
20/06/13 01:11:19 INFO mapreduce.Job:  map 54% reduce 12%
20/06/13 01:11:20 INFO mapreduce.Job:  map 56% reduce 13%
20/06/13 01:11:21 INFO mapreduce.Job:  map 57% reduce 13%
20/06/13 01:11:23 INFO mapreduce.Job:  map 58% reduce 13%
20/06/13 01:11:24 INFO mapreduce.Job:  map 59% reduce 13%
20/06/13 01:11:25 INFO mapreduce.Job:  map 60% reduce 14%
20/06/13 01:11:27 INFO mapreduce.Job:  map 61% reduce 14%
20/06/13 01:11:29 INFO mapreduce.Job:  map 61% reduce 15%
20/06/13 01:11:30 INFO mapreduce.Job:  map 62% reduce 15%
20/06/13 01:11:31 INFO mapreduce.Job:  map 63% reduce 16%
20/06/13 01:11:38 INFO mapreduce.Job:  map 64% reduce 16%
20/06/13 01:11:40 INFO mapreduce.Job:  map 64% reduce 17%
20/06/13 01:11:45 INFO mapreduce.Job:  map 65% reduce 17%
20/06/13 01:11:48 INFO mapreduce.Job:  map 65% reduce 18%
20/06/13 01:11:51 INFO mapreduce.Job:  map 66% reduce 18%
20/06/13 01:11:58 INFO mapreduce.Job:  map 67% reduce 18%
20/06/13 01:12:03 INFO mapreduce.Job:  map 68% reduce 18%
20/06/13 01:12:04 INFO mapreduce.Job:  map 69% reduce 19%
20/06/13 01:12:19 INFO mapreduce.Job:  map 70% reduce 19%
20/06/13 01:12:22 INFO mapreduce.Job:  map 70% reduce 20%
20/06/13 01:12:27 INFO mapreduce.Job:  map 71% reduce 20%
20/06/13 01:12:36 INFO mapreduce.Job:  map 72% reduce 20%
20/06/13 01:12:40 INFO mapreduce.Job:  map 73% reduce 20%
20/06/13 01:12:41 INFO mapreduce.Job:  map 74% reduce 21%
20/06/13 01:12:47 INFO mapreduce.Job:  map 74% reduce 22%
20/06/13 01:12:52 INFO mapreduce.Job:  map 75% reduce 22%
20/06/13 01:12:56 INFO mapreduce.Job:  map 76% reduce 22%
20/06/13 01:12:59 INFO mapreduce.Job:  map 76% reduce 23%
20/06/13 01:13:05 INFO mapreduce.Job:  map 77% reduce 23%
20/06/13 01:13:12 INFO mapreduce.Job:  map 78% reduce 23%
20/06/13 01:13:19 INFO mapreduce.Job:  map 79% reduce 23%
20/06/13 01:13:23 INFO mapreduce.Job:  map 80% reduce 23%
20/06/13 01:13:25 INFO mapreduce.Job:  map 80% reduce 24%
20/06/13 01:13:26 INFO mapreduce.Job:  map 81% reduce 24%
20/06/13 01:13:32 INFO mapreduce.Job:  map 82% reduce 24%
20/06/13 01:13:34 INFO mapreduce.Job:  map 82% reduce 25%
20/06/13 01:13:36 INFO mapreduce.Job:  map 83% reduce 25%
20/06/13 01:13:46 INFO mapreduce.Job:  map 84% reduce 25%
20/06/13 01:13:48 INFO mapreduce.Job:  map 85% reduce 25%
20/06/13 01:13:49 INFO mapreduce.Job:  map 85% reduce 26%
20/06/13 01:13:59 INFO mapreduce.Job:  map 86% reduce 26%
20/06/13 01:14:01 INFO mapreduce.Job:  map 87% reduce 26%
20/06/13 01:14:03 INFO mapreduce.Job:  map 88% reduce 26%
20/06/13 01:14:05 INFO mapreduce.Job:  map 89% reduce 26%
20/06/13 01:14:07 INFO mapreduce.Job:  map 89% reduce 27%
20/06/13 01:14:10 INFO mapreduce.Job:  map 89% reduce 28%
20/06/13 01:14:13 INFO mapreduce.Job:  map 90% reduce 28%
20/06/13 01:14:16 INFO mapreduce.Job:  map 91% reduce 28%
20/06/13 01:14:17 INFO mapreduce.Job:  map 92% reduce 29%
20/06/13 01:14:25 INFO mapreduce.Job:  map 93% reduce 29%
20/06/13 01:14:27 INFO mapreduce.Job:  map 94% reduce 29%
20/06/13 01:14:28 INFO mapreduce.Job:  map 94% reduce 30%
20/06/13 01:14:31 INFO mapreduce.Job:  map 94% reduce 31%
20/06/13 01:14:41 INFO mapreduce.Job:  map 95% reduce 31%
20/06/13 01:14:46 INFO mapreduce.Job:  map 95% reduce 32%
20/06/13 01:14:58 INFO mapreduce.Job:  map 96% reduce 32%
20/06/13 01:14:59 INFO mapreduce.Job:  map 99% reduce 32%
20/06/13 01:15:00 INFO mapreduce.Job:  map 100% reduce 32%
20/06/13 01:15:01 INFO mapreduce.Job:  map 100% reduce 40%
20/06/13 01:15:02 INFO mapreduce.Job:  map 100% reduce 45%
20/06/13 01:15:04 INFO mapreduce.Job:  map 100% reduce 60%
20/06/13 01:15:05 INFO mapreduce.Job:  map 100% reduce 66%
20/06/13 01:15:07 INFO mapreduce.Job:  map 100% reduce 67%
20/06/13 01:15:10 INFO mapreduce.Job:  map 100% reduce 68%
20/06/13 01:15:11 INFO mapreduce.Job:  map 100% reduce 69%
20/06/13 01:15:14 INFO mapreduce.Job:  map 100% reduce 70%
20/06/13 01:15:17 INFO mapreduce.Job:  map 100% reduce 71%
20/06/13 01:15:19 INFO mapreduce.Job:  map 100% reduce 72%
20/06/13 01:15:20 INFO mapreduce.Job:  map 100% reduce 73%
20/06/13 01:15:23 INFO mapreduce.Job:  map 100% reduce 75%
20/06/13 01:15:26 INFO mapreduce.Job:  map 100% reduce 76%
20/06/13 01:15:29 INFO mapreduce.Job:  map 100% reduce 78%
20/06/13 01:15:32 INFO mapreduce.Job:  map 100% reduce 80%
20/06/13 01:15:35 INFO mapreduce.Job:  map 100% reduce 81%
20/06/13 01:15:37 INFO mapreduce.Job:  map 100% reduce 82%
20/06/13 01:15:38 INFO mapreduce.Job:  map 100% reduce 83%
20/06/13 01:15:41 INFO mapreduce.Job:  map 100% reduce 84%
20/06/13 01:15:43 INFO mapreduce.Job:  map 100% reduce 85%
20/06/13 01:15:44 INFO mapreduce.Job:  map 100% reduce 86%
20/06/13 01:15:48 INFO mapreduce.Job:  map 100% reduce 88%
20/06/13 01:15:51 INFO mapreduce.Job:  map 100% reduce 89%
20/06/13 01:15:53 INFO mapreduce.Job:  map 100% reduce 90%
20/06/13 01:15:54 INFO mapreduce.Job:  map 100% reduce 91%
20/06/13 01:15:57 INFO mapreduce.Job:  map 100% reduce 92%
20/06/13 01:15:59 INFO mapreduce.Job:  map 100% reduce 93%
20/06/13 01:16:00 INFO mapreduce.Job:  map 100% reduce 94%
20/06/13 01:16:03 INFO mapreduce.Job:  map 100% reduce 96%
20/06/13 01:16:06 INFO mapreduce.Job:  map 100% reduce 97%
20/06/13 01:16:08 INFO mapreduce.Job:  map 100% reduce 98%
20/06/13 01:16:10 INFO mapreduce.Job:  map 100% reduce 99%
20/06/13 01:16:12 INFO mapreduce.Job:  map 100% reduce 100%
20/06/13 01:16:15 INFO mapreduce.Job: Job job_1591978130158_0002 completed successfully
20/06/13 01:16:15 INFO mapreduce.Job: Counters: 51
	File System Counters
		FILE: Number of bytes read=31975621113
		FILE: Number of bytes written=42736158909
		FILE: Number of read operations=0
		FILE: Number of large read operations=0
		FILE: Number of write operations=0
		HDFS: Number of bytes read=10774190035
		HDFS: Number of bytes written=10772877003
		HDFS: Number of read operations=329
		HDFS: Number of large read operations=0
		HDFS: Number of write operations=6
	Job Counters 
		Killed map tasks=3
		Launched map tasks=83
		Launched reduce tasks=3
		Data-local map tasks=61
		Rack-local map tasks=22
		Total time spent by all maps in occupied slots (ms)=2921079
		Total time spent by all reduces in occupied slots (ms)=1025022
		Total time spent by all map tasks (ms)=2921079
		Total time spent by all reduce tasks (ms)=1025022
		Total vcore-milliseconds taken by all map tasks=2921079
		Total vcore-milliseconds taken by all reduce tasks=1025022
		Total megabyte-milliseconds taken by all map tasks=2991184896
		Total megabyte-milliseconds taken by all reduce tasks=1049622528
	Map-Reduce Framework
		Map input records=1022222
		Map output records=1022222
		Map output bytes=10745679159
		Map output materialized bytes=10751426836
		Input split bytes=9040
		Combine input records=0
		Combine output records=0
		Reduce input groups=1022222
		Reduce shuffle bytes=10751426836
		Reduce input records=1022222
		Reduce output records=1022222
		Spilled Records=4062556
		Shuffled Maps =240
		Failed Shuffles=0
		Merged Map outputs=240
		GC time elapsed (ms)=15522
		CPU time spent (ms)=252210
		Physical memory (bytes) snapshot=21980663808
		Virtual memory (bytes) snapshot=175118467072
		Total committed heap usage (bytes)=16399728640
	Shuffle Errors
		BAD_ID=0
		CONNECTION=0
		IO_ERROR=0
		WRONG_LENGTH=0
		WRONG_MAP=0
		WRONG_REDUCE=0
	File Input Format Counters 
		Bytes Read=10774180995
	File Output Format Counters 
		Bytes Written=10772877003
