20/06/08 10:57:17 INFO client.RMProxy: Connecting to ResourceManager at master/10.51.17.95:8032
20/06/08 10:57:18 INFO input.FileInputFormat: Total input paths to process : 10
20/06/08 10:57:18 INFO mapreduce.JobSubmitter: number of splits:90
20/06/08 10:57:18 INFO mapreduce.JobSubmitter: Submitting tokens for job: job_1591580990881_0005
20/06/08 10:57:19 INFO impl.YarnClientImpl: Submitted application application_1591580990881_0005
20/06/08 10:57:19 INFO mapreduce.Job: The url to track the job: http://master:8088/proxy/application_1591580990881_0005/
20/06/08 10:57:19 INFO mapreduce.Job: Running job: job_1591580990881_0005
20/06/08 10:57:26 INFO mapreduce.Job: Job job_1591580990881_0005 running in uber mode : false
20/06/08 10:57:26 INFO mapreduce.Job:  map 0% reduce 0%
20/06/08 10:57:40 INFO mapreduce.Job:  map 1% reduce 0%
20/06/08 10:57:42 INFO mapreduce.Job:  map 2% reduce 0%
20/06/08 10:57:43 INFO mapreduce.Job:  map 3% reduce 0%
20/06/08 10:57:52 INFO mapreduce.Job:  map 4% reduce 0%
20/06/08 10:57:58 INFO mapreduce.Job:  map 5% reduce 0%
20/06/08 10:58:02 INFO mapreduce.Job:  map 6% reduce 0%
20/06/08 10:58:09 INFO mapreduce.Job:  map 7% reduce 0%
20/06/08 10:58:11 INFO mapreduce.Job:  map 8% reduce 0%
20/06/08 10:58:17 INFO mapreduce.Job:  map 9% reduce 0%
20/06/08 10:58:21 INFO mapreduce.Job:  map 11% reduce 0%
20/06/08 10:58:24 INFO mapreduce.Job:  map 12% reduce 0%
20/06/08 10:58:34 INFO mapreduce.Job:  map 13% reduce 0%
20/06/08 10:58:35 INFO mapreduce.Job:  map 14% reduce 0%
20/06/08 10:58:39 INFO mapreduce.Job:  map 15% reduce 0%
20/06/08 10:58:40 INFO mapreduce.Job:  map 16% reduce 0%
20/06/08 10:58:42 INFO mapreduce.Job:  map 17% reduce 0%
20/06/08 10:58:45 INFO mapreduce.Job:  map 18% reduce 0%
20/06/08 10:58:50 INFO mapreduce.Job:  map 18% reduce 5%
20/06/08 10:58:53 INFO mapreduce.Job:  map 19% reduce 5%
20/06/08 10:58:55 INFO mapreduce.Job:  map 20% reduce 5%
20/06/08 10:59:01 INFO mapreduce.Job:  map 21% reduce 5%
20/06/08 10:59:07 INFO mapreduce.Job:  map 22% reduce 5%
20/06/08 10:59:12 INFO mapreduce.Job:  map 23% reduce 5%
20/06/08 10:59:14 INFO mapreduce.Job:  map 24% reduce 5%
20/06/08 10:59:15 INFO mapreduce.Job:  map 24% reduce 6%
20/06/08 10:59:16 INFO mapreduce.Job:  map 25% reduce 6%
20/06/08 10:59:18 INFO mapreduce.Job:  map 25% reduce 7%
20/06/08 10:59:21 INFO mapreduce.Job:  map 26% reduce 7%
20/06/08 10:59:26 INFO mapreduce.Job:  map 27% reduce 7%
20/06/08 10:59:29 INFO mapreduce.Job:  map 28% reduce 7%
20/06/08 10:59:34 INFO mapreduce.Job:  map 29% reduce 7%
20/06/08 10:59:41 INFO mapreduce.Job:  map 30% reduce 7%
20/06/08 10:59:43 INFO mapreduce.Job:  map 31% reduce 8%
20/06/08 10:59:46 INFO mapreduce.Job:  map 31% reduce 9%
20/06/08 10:59:47 INFO mapreduce.Job:  map 32% reduce 9%
20/06/08 10:59:48 INFO mapreduce.Job:  map 33% reduce 9%
20/06/08 10:59:49 INFO mapreduce.Job:  map 33% reduce 10%
20/06/08 10:59:54 INFO mapreduce.Job:  map 34% reduce 10%
20/06/08 10:59:58 INFO mapreduce.Job:  map 35% reduce 10%
20/06/08 11:00:03 INFO mapreduce.Job:  map 36% reduce 10%
20/06/08 11:00:05 INFO mapreduce.Job:  map 37% reduce 10%
20/06/08 11:00:07 INFO mapreduce.Job:  map 38% reduce 11%
20/06/08 11:00:10 INFO mapreduce.Job:  map 39% reduce 12%
20/06/08 11:00:16 INFO mapreduce.Job:  map 40% reduce 12%
20/06/08 11:00:21 INFO mapreduce.Job:  map 41% reduce 12%
20/06/08 11:00:26 INFO mapreduce.Job:  map 42% reduce 12%
20/06/08 11:00:31 INFO mapreduce.Job:  map 43% reduce 12%
20/06/08 11:00:37 INFO mapreduce.Job:  map 44% reduce 12%
20/06/08 11:00:41 INFO mapreduce.Job:  map 45% reduce 12%
20/06/08 11:00:43 INFO mapreduce.Job:  map 46% reduce 12%
20/06/08 11:00:44 INFO mapreduce.Job:  map 46% reduce 13%
20/06/08 11:00:49 INFO mapreduce.Job:  map 47% reduce 13%
20/06/08 11:00:50 INFO mapreduce.Job:  map 48% reduce 13%
20/06/08 11:00:53 INFO mapreduce.Job:  map 48% reduce 14%
20/06/08 11:00:54 INFO mapreduce.Job:  map 49% reduce 14%
20/06/08 11:00:56 INFO mapreduce.Job:  map 49% reduce 15%
20/06/08 11:00:58 INFO mapreduce.Job:  map 50% reduce 15%
20/06/08 11:01:00 INFO mapreduce.Job:  map 51% reduce 15%
20/06/08 11:01:02 INFO mapreduce.Job:  map 51% reduce 16%
20/06/08 11:01:03 INFO mapreduce.Job:  map 52% reduce 16%
20/06/08 11:01:05 INFO mapreduce.Job:  map 52% reduce 17%
20/06/08 11:01:08 INFO mapreduce.Job:  map 53% reduce 17%
20/06/08 11:01:13 INFO mapreduce.Job:  map 54% reduce 17%
20/06/08 11:01:17 INFO mapreduce.Job:  map 55% reduce 17%
20/06/08 11:01:23 INFO mapreduce.Job:  map 56% reduce 17%
20/06/08 11:01:28 INFO mapreduce.Job:  map 57% reduce 17%
20/06/08 11:01:32 INFO mapreduce.Job:  map 58% reduce 17%
20/06/08 11:01:37 INFO mapreduce.Job:  map 59% reduce 17%
20/06/08 11:01:41 INFO mapreduce.Job:  map 60% reduce 17%
20/06/08 11:01:46 INFO mapreduce.Job:  map 61% reduce 17%
20/06/08 11:01:49 INFO mapreduce.Job:  map 62% reduce 17%
20/06/08 11:01:51 INFO mapreduce.Job:  map 62% reduce 19%
20/06/08 11:01:52 INFO mapreduce.Job:  map 63% reduce 19%
20/06/08 11:01:53 INFO mapreduce.Job:  map 64% reduce 19%
20/06/08 11:01:54 INFO mapreduce.Job:  map 64% reduce 20%
20/06/08 11:01:55 INFO mapreduce.Job:  map 65% reduce 20%
20/06/08 11:01:57 INFO mapreduce.Job:  map 66% reduce 20%
20/06/08 11:01:58 INFO mapreduce.Job:  map 66% reduce 21%
20/06/08 11:02:01 INFO mapreduce.Job:  map 66% reduce 22%
20/06/08 11:02:04 INFO mapreduce.Job:  map 67% reduce 22%
20/06/08 11:02:07 INFO mapreduce.Job:  map 68% reduce 22%
20/06/08 11:02:14 INFO mapreduce.Job:  map 69% reduce 22%
20/06/08 11:02:17 INFO mapreduce.Job:  map 70% reduce 22%
20/06/08 11:02:24 INFO mapreduce.Job:  map 71% reduce 22%
20/06/08 11:02:28 INFO mapreduce.Job:  map 72% reduce 22%
20/06/08 11:02:33 INFO mapreduce.Job:  map 73% reduce 22%
20/06/08 11:02:37 INFO mapreduce.Job:  map 74% reduce 22%
20/06/08 11:02:44 INFO mapreduce.Job:  map 75% reduce 22%
20/06/08 11:02:46 INFO mapreduce.Job:  map 76% reduce 22%
20/06/08 11:02:47 INFO mapreduce.Job:  map 77% reduce 22%
20/06/08 11:02:48 INFO mapreduce.Job:  map 78% reduce 22%
20/06/08 11:02:49 INFO mapreduce.Job:  map 78% reduce 24%
20/06/08 11:02:52 INFO mapreduce.Job:  map 78% reduce 25%
20/06/08 11:02:54 INFO mapreduce.Job:  map 79% reduce 25%
20/06/08 11:02:58 INFO mapreduce.Job:  map 80% reduce 26%
20/06/08 11:02:59 INFO mapreduce.Job:  map 82% reduce 26%
20/06/08 11:03:05 INFO mapreduce.Job:  map 83% reduce 26%
20/06/08 11:03:07 INFO mapreduce.Job:  map 84% reduce 26%
20/06/08 11:03:08 INFO mapreduce.Job:  map 84% reduce 27%
20/06/08 11:03:10 INFO mapreduce.Job:  map 85% reduce 27%
20/06/08 11:03:12 INFO mapreduce.Job:  map 86% reduce 27%
20/06/08 11:03:17 INFO mapreduce.Job:  map 87% reduce 27%
20/06/08 11:03:19 INFO mapreduce.Job:  map 88% reduce 27%
20/06/08 11:03:20 INFO mapreduce.Job:  map 90% reduce 27%
20/06/08 11:03:23 INFO mapreduce.Job:  map 91% reduce 28%
20/06/08 11:03:26 INFO mapreduce.Job:  map 92% reduce 29%
20/06/08 11:03:32 INFO mapreduce.Job:  map 94% reduce 29%
20/06/08 11:03:35 INFO mapreduce.Job:  map 95% reduce 29%
20/06/08 11:03:36 INFO mapreduce.Job:  map 96% reduce 29%
20/06/08 11:03:38 INFO mapreduce.Job:  map 96% reduce 30%
20/06/08 11:03:39 INFO mapreduce.Job:  map 97% reduce 30%
20/06/08 11:03:40 INFO mapreduce.Job:  map 98% reduce 30%
20/06/08 11:03:41 INFO mapreduce.Job:  map 98% reduce 31%
20/06/08 11:03:42 INFO mapreduce.Job:  map 99% reduce 31%
20/06/08 11:03:44 INFO mapreduce.Job:  map 99% reduce 33%
20/06/08 11:03:46 INFO mapreduce.Job:  map 100% reduce 33%
20/06/08 11:03:50 INFO mapreduce.Job:  map 100% reduce 69%
20/06/08 11:03:53 INFO mapreduce.Job:  map 100% reduce 74%
20/06/08 11:03:56 INFO mapreduce.Job:  map 100% reduce 79%
20/06/08 11:03:59 INFO mapreduce.Job:  map 100% reduce 85%
20/06/08 11:04:02 INFO mapreduce.Job:  map 100% reduce 93%
20/06/08 11:04:04 INFO mapreduce.Job:  map 100% reduce 100%
20/06/08 11:04:05 INFO mapreduce.Job: Job job_1591580990881_0005 completed successfully
20/06/08 11:04:05 INFO mapreduce.Job: Counters: 51
	File System Counters
		FILE: Number of bytes read=1516790447
		FILE: Number of bytes written=2262562800
		FILE: Number of read operations=0
		FILE: Number of large read operations=0
		FILE: Number of write operations=0
		HDFS: Number of bytes read=11024899651
		HDFS: Number of bytes written=362064979
		HDFS: Number of read operations=273
		HDFS: Number of large read operations=0
		HDFS: Number of write operations=2
	Job Counters 
		Killed map tasks=1
		Launched map tasks=91
		Launched reduce tasks=1
		Data-local map tasks=90
		Rack-local map tasks=1
		Total time spent by all maps in occupied slots (ms)=4843514
		Total time spent by all reduces in occupied slots (ms)=324676
		Total time spent by all map tasks (ms)=4843514
		Total time spent by all reduce tasks (ms)=324676
		Total vcore-milliseconds taken by all map tasks=4843514
		Total vcore-milliseconds taken by all reduce tasks=324676
		Total megabyte-milliseconds taken by all map tasks=4959758336
		Total megabyte-milliseconds taken by all reduce tasks=332468224
	Map-Reduce Framework
		Map input records=722642
		Map output records=1009302500
		Map output bytes=15228636369
		Map output materialized bytes=734592709
		Input split bytes=10530
		Combine input records=1034068182
		Combine output records=47405177
		Reduce input groups=9904053
		Reduce shuffle bytes=734592709
		Reduce input records=22639495
		Reduce output records=9904053
		Spilled Records=70044672
		Shuffled Maps =90
		Failed Shuffles=0
		Merged Map outputs=90
		GC time elapsed (ms)=100371
		CPU time spent (ms)=1949490
		Physical memory (bytes) snapshot=25094754304
		Virtual memory (bytes) snapshot=191937482752
		Total committed heap usage (bytes)=18914213888
	Shuffle Errors
		BAD_ID=0
		CONNECTION=0
		IO_ERROR=0
		WRONG_LENGTH=0
		WRONG_MAP=0
		WRONG_REDUCE=0
	File Input Format Counters 
		Bytes Read=11024889121
	File Output Format Counters 
		Bytes Written=362064979
