20/06/08 11:19:22 INFO client.RMProxy: Connecting to ResourceManager at master/10.51.17.95:8032
20/06/08 11:19:23 INFO input.FileInputFormat: Total input paths to process : 10
20/06/08 11:19:23 INFO mapreduce.JobSubmitter: number of splits:90
20/06/08 11:19:23 INFO mapreduce.JobSubmitter: Submitting tokens for job: job_1591580990881_0012
20/06/08 11:19:23 INFO impl.YarnClientImpl: Submitted application application_1591580990881_0012
20/06/08 11:19:23 INFO mapreduce.Job: The url to track the job: http://master:8088/proxy/application_1591580990881_0012/
20/06/08 11:19:23 INFO mapreduce.Job: Running job: job_1591580990881_0012
20/06/08 11:19:31 INFO mapreduce.Job: Job job_1591580990881_0012 running in uber mode : false
20/06/08 11:19:31 INFO mapreduce.Job:  map 0% reduce 0%
20/06/08 11:19:46 INFO mapreduce.Job:  map 1% reduce 0%
20/06/08 11:19:48 INFO mapreduce.Job:  map 2% reduce 0%
20/06/08 11:19:49 INFO mapreduce.Job:  map 3% reduce 0%
20/06/08 11:19:58 INFO mapreduce.Job:  map 4% reduce 0%
20/06/08 11:20:03 INFO mapreduce.Job:  map 5% reduce 0%
20/06/08 11:20:06 INFO mapreduce.Job:  map 6% reduce 0%
20/06/08 11:20:13 INFO mapreduce.Job:  map 7% reduce 0%
20/06/08 11:20:15 INFO mapreduce.Job:  map 8% reduce 0%
20/06/08 11:20:23 INFO mapreduce.Job:  map 9% reduce 0%
20/06/08 11:20:25 INFO mapreduce.Job:  map 10% reduce 0%
20/06/08 11:20:28 INFO mapreduce.Job:  map 11% reduce 0%
20/06/08 11:20:30 INFO mapreduce.Job:  map 12% reduce 0%
20/06/08 11:20:36 INFO mapreduce.Job:  map 13% reduce 0%
20/06/08 11:20:40 INFO mapreduce.Job:  map 14% reduce 0%
20/06/08 11:20:43 INFO mapreduce.Job:  map 15% reduce 0%
20/06/08 11:20:44 INFO mapreduce.Job:  map 16% reduce 0%
20/06/08 11:20:45 INFO mapreduce.Job:  map 17% reduce 0%
20/06/08 11:20:52 INFO mapreduce.Job:  map 18% reduce 0%
20/06/08 11:20:56 INFO mapreduce.Job:  map 18% reduce 5%
20/06/08 11:20:57 INFO mapreduce.Job:  map 19% reduce 5%
20/06/08 11:21:02 INFO mapreduce.Job:  map 20% reduce 5%
20/06/08 11:21:07 INFO mapreduce.Job:  map 21% reduce 5%
20/06/08 11:21:11 INFO mapreduce.Job:  map 22% reduce 5%
20/06/08 11:21:15 INFO mapreduce.Job:  map 23% reduce 5%
20/06/08 11:21:18 INFO mapreduce.Job:  map 24% reduce 6%
20/06/08 11:21:22 INFO mapreduce.Job:  map 25% reduce 6%
20/06/08 11:21:23 INFO mapreduce.Job:  map 26% reduce 6%
20/06/08 11:21:24 INFO mapreduce.Job:  map 26% reduce 7%
20/06/08 11:21:30 INFO mapreduce.Job:  map 27% reduce 7%
20/06/08 11:21:35 INFO mapreduce.Job:  map 28% reduce 7%
20/06/08 11:21:39 INFO mapreduce.Job:  map 29% reduce 7%
20/06/08 11:21:45 INFO mapreduce.Job:  map 30% reduce 7%
20/06/08 11:21:48 INFO mapreduce.Job:  map 31% reduce 7%
20/06/08 11:21:49 INFO mapreduce.Job:  map 32% reduce 9%
20/06/08 11:21:52 INFO mapreduce.Job:  map 32% reduce 10%
20/06/08 11:21:54 INFO mapreduce.Job:  map 33% reduce 10%
20/06/08 11:21:58 INFO mapreduce.Job:  map 34% reduce 10%
20/06/08 11:22:02 INFO mapreduce.Job:  map 35% reduce 10%
20/06/08 11:22:08 INFO mapreduce.Job:  map 36% reduce 10%
20/06/08 11:22:10 INFO mapreduce.Job:  map 37% reduce 10%
20/06/08 11:22:13 INFO mapreduce.Job:  map 37% reduce 11%
20/06/08 11:22:14 INFO mapreduce.Job:  map 38% reduce 11%
20/06/08 11:22:17 INFO mapreduce.Job:  map 39% reduce 11%
20/06/08 11:22:19 INFO mapreduce.Job:  map 39% reduce 12%
20/06/08 11:22:21 INFO mapreduce.Job:  map 40% reduce 12%
20/06/08 11:22:27 INFO mapreduce.Job:  map 41% reduce 12%
20/06/08 11:22:31 INFO mapreduce.Job:  map 42% reduce 12%
20/06/08 11:22:37 INFO mapreduce.Job:  map 43% reduce 12%
20/06/08 11:22:41 INFO mapreduce.Job:  map 44% reduce 12%
20/06/08 11:22:48 INFO mapreduce.Job:  map 45% reduce 12%
20/06/08 11:22:50 INFO mapreduce.Job:  map 46% reduce 13%
20/06/08 11:22:52 INFO mapreduce.Job:  map 47% reduce 13%
20/06/08 11:22:53 INFO mapreduce.Job:  map 47% reduce 14%
20/06/08 11:22:54 INFO mapreduce.Job:  map 48% reduce 14%
20/06/08 11:23:02 INFO mapreduce.Job:  map 49% reduce 14%
20/06/08 11:23:04 INFO mapreduce.Job:  map 50% reduce 14%
20/06/08 11:23:06 INFO mapreduce.Job:  map 51% reduce 15%
20/06/08 11:23:09 INFO mapreduce.Job:  map 51% reduce 16%
20/06/08 11:23:12 INFO mapreduce.Job:  map 52% reduce 16%
20/06/08 11:23:15 INFO mapreduce.Job:  map 52% reduce 17%
20/06/08 11:23:16 INFO mapreduce.Job:  map 53% reduce 17%
20/06/08 11:23:18 INFO mapreduce.Job:  map 54% reduce 17%
20/06/08 11:23:24 INFO mapreduce.Job:  map 55% reduce 17%
20/06/08 11:23:30 INFO mapreduce.Job:  map 56% reduce 17%
20/06/08 11:23:33 INFO mapreduce.Job:  map 57% reduce 17%
20/06/08 11:23:40 INFO mapreduce.Job:  map 58% reduce 17%
20/06/08 11:23:43 INFO mapreduce.Job:  map 59% reduce 17%
20/06/08 11:23:49 INFO mapreduce.Job:  map 60% reduce 17%
20/06/08 11:23:52 INFO mapreduce.Job:  map 61% reduce 17%
20/06/08 11:23:55 INFO mapreduce.Job:  map 61% reduce 18%
20/06/08 11:23:56 INFO mapreduce.Job:  map 62% reduce 18%
20/06/08 11:23:57 INFO mapreduce.Job:  map 63% reduce 18%
20/06/08 11:23:58 INFO mapreduce.Job:  map 63% reduce 20%
20/06/08 11:24:00 INFO mapreduce.Job:  map 64% reduce 20%
20/06/08 11:24:02 INFO mapreduce.Job:  map 65% reduce 20%
20/06/08 11:24:04 INFO mapreduce.Job:  map 65% reduce 21%
20/06/08 11:24:06 INFO mapreduce.Job:  map 66% reduce 21%
20/06/08 11:24:11 INFO mapreduce.Job:  map 67% reduce 21%
20/06/08 11:24:16 INFO mapreduce.Job:  map 68% reduce 21%
20/06/08 11:24:20 INFO mapreduce.Job:  map 69% reduce 22%
20/06/08 11:24:26 INFO mapreduce.Job:  map 70% reduce 22%
20/06/08 11:24:31 INFO mapreduce.Job:  map 71% reduce 22%
20/06/08 11:24:34 INFO mapreduce.Job:  map 72% reduce 22%
20/06/08 11:24:40 INFO mapreduce.Job:  map 73% reduce 22%
20/06/08 11:24:43 INFO mapreduce.Job:  map 74% reduce 22%
20/06/08 11:24:48 INFO mapreduce.Job:  map 75% reduce 22%
20/06/08 11:24:53 INFO mapreduce.Job:  map 76% reduce 22%
20/06/08 11:24:54 INFO mapreduce.Job:  map 77% reduce 22%
20/06/08 11:24:55 INFO mapreduce.Job:  map 78% reduce 24%
20/06/08 11:24:59 INFO mapreduce.Job:  map 78% reduce 25%
20/06/08 11:25:00 INFO mapreduce.Job:  map 79% reduce 25%
20/06/08 11:25:02 INFO mapreduce.Job:  map 79% reduce 26%
20/06/08 11:25:03 INFO mapreduce.Job:  map 80% reduce 26%
20/06/08 11:25:08 INFO mapreduce.Job:  map 81% reduce 26%
20/06/08 11:25:09 INFO mapreduce.Job:  map 82% reduce 26%
20/06/08 11:25:13 INFO mapreduce.Job:  map 83% reduce 26%
20/06/08 11:25:14 INFO mapreduce.Job:  map 83% reduce 27%
20/06/08 11:25:15 INFO mapreduce.Job:  map 85% reduce 27%
20/06/08 11:25:20 INFO mapreduce.Job:  map 86% reduce 27%
20/06/08 11:25:22 INFO mapreduce.Job:  map 88% reduce 27%
20/06/08 11:25:23 INFO mapreduce.Job:  map 88% reduce 28%
20/06/08 11:25:25 INFO mapreduce.Job:  map 89% reduce 28%
20/06/08 11:25:31 INFO mapreduce.Job:  map 90% reduce 28%
20/06/08 11:25:32 INFO mapreduce.Job:  map 90% reduce 29%
20/06/08 11:25:33 INFO mapreduce.Job:  map 91% reduce 29%
20/06/08 11:25:34 INFO mapreduce.Job:  map 92% reduce 29%
20/06/08 11:25:36 INFO mapreduce.Job:  map 93% reduce 29%
20/06/08 11:25:40 INFO mapreduce.Job:  map 94% reduce 29%
20/06/08 11:25:42 INFO mapreduce.Job:  map 96% reduce 29%
20/06/08 11:25:43 INFO mapreduce.Job:  map 97% reduce 29%
20/06/08 11:25:45 INFO mapreduce.Job:  map 98% reduce 31%
20/06/08 11:25:48 INFO mapreduce.Job:  map 98% reduce 32%
20/06/08 11:25:50 INFO mapreduce.Job:  map 99% reduce 32%
20/06/08 11:25:52 INFO mapreduce.Job:  map 100% reduce 32%
20/06/08 11:25:54 INFO mapreduce.Job:  map 100% reduce 33%
20/06/08 11:25:57 INFO mapreduce.Job:  map 100% reduce 71%
20/06/08 11:26:00 INFO mapreduce.Job:  map 100% reduce 76%
20/06/08 11:26:03 INFO mapreduce.Job:  map 100% reduce 82%
20/06/08 11:26:06 INFO mapreduce.Job:  map 100% reduce 90%
20/06/08 11:26:09 INFO mapreduce.Job:  map 100% reduce 100%
20/06/08 11:26:10 INFO mapreduce.Job: Job job_1591580990881_0012 completed successfully
20/06/08 11:26:10 INFO mapreduce.Job: Counters: 50
	File System Counters
		FILE: Number of bytes read=1550917542
		FILE: Number of bytes written=2313813799
		FILE: Number of read operations=0
		FILE: Number of large read operations=0
		FILE: Number of write operations=0
		HDFS: Number of bytes read=11025530079
		HDFS: Number of bytes written=376591662
		HDFS: Number of read operations=273
		HDFS: Number of large read operations=0
		HDFS: Number of write operations=2
	Job Counters 
		Killed map tasks=1
		Launched map tasks=90
		Launched reduce tasks=1
		Data-local map tasks=90
		Total time spent by all maps in occupied slots (ms)=4839739
		Total time spent by all reduces in occupied slots (ms)=324142
		Total time spent by all map tasks (ms)=4839739
		Total time spent by all reduce tasks (ms)=324142
		Total vcore-milliseconds taken by all map tasks=4839739
		Total vcore-milliseconds taken by all reduce tasks=324142
		Total megabyte-milliseconds taken by all map tasks=4955892736
		Total megabyte-milliseconds taken by all reduce tasks=331921408
	Map-Reduce Framework
		Map input records=266230
		Map output records=1008395088
		Map output bytes=15226845810
		Map output materialized bytes=751716613
		Input split bytes=10530
		Combine input records=1033165467
		Combine output records=47415804
		Reduce input groups=9906625
		Reduce shuffle bytes=751716613
		Reduce input records=22645425
		Reduce output records=9906625
		Spilled Records=70061229
		Shuffled Maps =90
		Failed Shuffles=0
		Merged Map outputs=90
		GC time elapsed (ms)=99248
		CPU time spent (ms)=1960020
		Physical memory (bytes) snapshot=25080086528
		Virtual memory (bytes) snapshot=191934418944
		Total committed heap usage (bytes)=18914738176
	Shuffle Errors
		BAD_ID=0
		CONNECTION=0
		IO_ERROR=0
		WRONG_LENGTH=0
		WRONG_MAP=0
		WRONG_REDUCE=0
	File Input Format Counters 
		Bytes Read=11025519549
	File Output Format Counters 
		Bytes Written=376591662
