20/06/08 11:41:25 INFO client.RMProxy: Connecting to ResourceManager at master/10.51.17.95:8032
20/06/08 11:41:25 INFO input.FileInputFormat: Total input paths to process : 10
20/06/08 11:41:25 INFO mapreduce.JobSubmitter: number of splits:90
20/06/08 11:41:25 INFO mapreduce.JobSubmitter: Submitting tokens for job: job_1591580990881_0019
20/06/08 11:41:25 INFO impl.YarnClientImpl: Submitted application application_1591580990881_0019
20/06/08 11:41:25 INFO mapreduce.Job: The url to track the job: http://master:8088/proxy/application_1591580990881_0019/
20/06/08 11:41:25 INFO mapreduce.Job: Running job: job_1591580990881_0019
20/06/08 11:41:34 INFO mapreduce.Job: Job job_1591580990881_0019 running in uber mode : false
20/06/08 11:41:34 INFO mapreduce.Job:  map 0% reduce 0%
20/06/08 11:41:48 INFO mapreduce.Job:  map 1% reduce 0%
20/06/08 11:41:50 INFO mapreduce.Job:  map 2% reduce 0%
20/06/08 11:41:51 INFO mapreduce.Job:  map 3% reduce 0%
20/06/08 11:41:57 INFO mapreduce.Job:  map 4% reduce 0%
20/06/08 11:42:05 INFO mapreduce.Job:  map 5% reduce 0%
20/06/08 11:42:08 INFO mapreduce.Job:  map 6% reduce 0%
20/06/08 11:42:16 INFO mapreduce.Job:  map 7% reduce 0%
20/06/08 11:42:18 INFO mapreduce.Job:  map 8% reduce 0%
20/06/08 11:42:23 INFO mapreduce.Job:  map 9% reduce 0%
20/06/08 11:42:28 INFO mapreduce.Job:  map 10% reduce 0%
20/06/08 11:42:29 INFO mapreduce.Job:  map 11% reduce 0%
20/06/08 11:42:31 INFO mapreduce.Job:  map 12% reduce 0%
20/06/08 11:42:39 INFO mapreduce.Job:  map 13% reduce 0%
20/06/08 11:42:42 INFO mapreduce.Job:  map 14% reduce 0%
20/06/08 11:42:43 INFO mapreduce.Job:  map 15% reduce 0%
20/06/08 11:42:45 INFO mapreduce.Job:  map 16% reduce 0%
20/06/08 11:42:47 INFO mapreduce.Job:  map 17% reduce 0%
20/06/08 11:42:53 INFO mapreduce.Job:  map 18% reduce 0%
20/06/08 11:42:55 INFO mapreduce.Job:  map 18% reduce 5%
20/06/08 11:42:59 INFO mapreduce.Job:  map 19% reduce 5%
20/06/08 11:43:03 INFO mapreduce.Job:  map 20% reduce 5%
20/06/08 11:43:06 INFO mapreduce.Job:  map 21% reduce 5%
20/06/08 11:43:14 INFO mapreduce.Job:  map 22% reduce 5%
20/06/08 11:43:17 INFO mapreduce.Job:  map 23% reduce 5%
20/06/08 11:43:19 INFO mapreduce.Job:  map 24% reduce 6%
20/06/08 11:43:25 INFO mapreduce.Job:  map 25% reduce 6%
20/06/08 11:43:28 INFO mapreduce.Job:  map 26% reduce 7%
20/06/08 11:43:31 INFO mapreduce.Job:  map 27% reduce 7%
20/06/08 11:43:38 INFO mapreduce.Job:  map 28% reduce 7%
20/06/08 11:43:41 INFO mapreduce.Job:  map 29% reduce 7%
20/06/08 11:43:44 INFO mapreduce.Job:  map 29% reduce 8%
20/06/08 11:43:47 INFO mapreduce.Job:  map 30% reduce 8%
20/06/08 11:43:51 INFO mapreduce.Job:  map 31% reduce 8%
20/06/08 11:43:53 INFO mapreduce.Job:  map 32% reduce 9%
20/06/08 11:43:55 INFO mapreduce.Job:  map 33% reduce 9%
20/06/08 11:43:56 INFO mapreduce.Job:  map 33% reduce 10%
20/06/08 11:43:59 INFO mapreduce.Job:  map 34% reduce 10%
20/06/08 11:44:05 INFO mapreduce.Job:  map 35% reduce 10%
20/06/08 11:44:08 INFO mapreduce.Job:  map 36% reduce 10%
20/06/08 11:44:11 INFO mapreduce.Job:  map 37% reduce 11%
20/06/08 11:44:16 INFO mapreduce.Job:  map 38% reduce 11%
20/06/08 11:44:21 INFO mapreduce.Job:  map 39% reduce 11%
20/06/08 11:44:23 INFO mapreduce.Job:  map 40% reduce 11%
20/06/08 11:44:24 INFO mapreduce.Job:  map 40% reduce 12%
20/06/08 11:44:28 INFO mapreduce.Job:  map 41% reduce 12%
20/06/08 11:44:34 INFO mapreduce.Job:  map 42% reduce 12%
20/06/08 11:44:38 INFO mapreduce.Job:  map 43% reduce 12%
20/06/08 11:44:43 INFO mapreduce.Job:  map 44% reduce 12%
20/06/08 11:44:47 INFO mapreduce.Job:  map 45% reduce 12%
20/06/08 11:44:48 INFO mapreduce.Job:  map 45% reduce 13%
20/06/08 11:44:50 INFO mapreduce.Job:  map 46% reduce 13%
20/06/08 11:44:54 INFO mapreduce.Job:  map 47% reduce 13%
20/06/08 11:44:56 INFO mapreduce.Job:  map 48% reduce 13%
20/06/08 11:44:57 INFO mapreduce.Job:  map 48% reduce 14%
20/06/08 11:45:01 INFO mapreduce.Job:  map 49% reduce 14%
20/06/08 11:45:04 INFO mapreduce.Job:  map 49% reduce 15%
20/06/08 11:45:05 INFO mapreduce.Job:  map 50% reduce 15%
20/06/08 11:45:07 INFO mapreduce.Job:  map 50% reduce 16%
20/06/08 11:45:08 INFO mapreduce.Job:  map 51% reduce 16%
20/06/08 11:45:12 INFO mapreduce.Job:  map 52% reduce 16%
20/06/08 11:45:15 INFO mapreduce.Job:  map 53% reduce 16%
20/06/08 11:45:19 INFO mapreduce.Job:  map 53% reduce 17%
20/06/08 11:45:20 INFO mapreduce.Job:  map 54% reduce 17%
20/06/08 11:45:24 INFO mapreduce.Job:  map 55% reduce 17%
20/06/08 11:45:29 INFO mapreduce.Job:  map 56% reduce 17%
20/06/08 11:45:33 INFO mapreduce.Job:  map 57% reduce 17%
20/06/08 11:45:39 INFO mapreduce.Job:  map 58% reduce 17%
20/06/08 11:45:43 INFO mapreduce.Job:  map 59% reduce 17%
20/06/08 11:45:47 INFO mapreduce.Job:  map 60% reduce 17%
20/06/08 11:45:54 INFO mapreduce.Job:  map 61% reduce 17%
20/06/08 11:45:55 INFO mapreduce.Job:  map 62% reduce 18%
20/06/08 11:45:56 INFO mapreduce.Job:  map 63% reduce 18%
20/06/08 11:45:59 INFO mapreduce.Job:  map 63% reduce 20%
20/06/08 11:46:00 INFO mapreduce.Job:  map 64% reduce 20%
20/06/08 11:46:03 INFO mapreduce.Job:  map 65% reduce 20%
20/06/08 11:46:04 INFO mapreduce.Job:  map 65% reduce 21%
20/06/08 11:46:09 INFO mapreduce.Job:  map 66% reduce 21%
20/06/08 11:46:10 INFO mapreduce.Job:  map 67% reduce 21%
20/06/08 11:46:13 INFO mapreduce.Job:  map 68% reduce 22%
20/06/08 11:46:21 INFO mapreduce.Job:  map 69% reduce 22%
20/06/08 11:46:23 INFO mapreduce.Job:  map 70% reduce 22%
20/06/08 11:46:31 INFO mapreduce.Job:  map 71% reduce 22%
20/06/08 11:46:35 INFO mapreduce.Job:  map 72% reduce 22%
20/06/08 11:46:40 INFO mapreduce.Job:  map 73% reduce 22%
20/06/08 11:46:44 INFO mapreduce.Job:  map 74% reduce 22%
20/06/08 11:46:48 INFO mapreduce.Job:  map 75% reduce 22%
20/06/08 11:46:50 INFO mapreduce.Job:  map 75% reduce 23%
20/06/08 11:46:51 INFO mapreduce.Job:  map 76% reduce 23%
20/06/08 11:46:55 INFO mapreduce.Job:  map 77% reduce 23%
20/06/08 11:46:57 INFO mapreduce.Job:  map 78% reduce 23%
20/06/08 11:46:59 INFO mapreduce.Job:  map 78% reduce 24%
20/06/08 11:47:02 INFO mapreduce.Job:  map 79% reduce 24%
20/06/08 11:47:03 INFO mapreduce.Job:  map 79% reduce 25%
20/06/08 11:47:04 INFO mapreduce.Job:  map 80% reduce 25%
20/06/08 11:47:06 INFO mapreduce.Job:  map 80% reduce 26%
20/06/08 11:47:07 INFO mapreduce.Job:  map 81% reduce 26%
20/06/08 11:47:13 INFO mapreduce.Job:  map 82% reduce 26%
20/06/08 11:47:15 INFO mapreduce.Job:  map 83% reduce 26%
20/06/08 11:47:16 INFO mapreduce.Job:  map 84% reduce 26%
20/06/08 11:47:17 INFO mapreduce.Job:  map 85% reduce 27%
20/06/08 11:47:20 INFO mapreduce.Job:  map 86% reduce 27%
20/06/08 11:47:22 INFO mapreduce.Job:  map 87% reduce 27%
20/06/08 11:47:23 INFO mapreduce.Job:  map 87% reduce 28%
20/06/08 11:47:26 INFO mapreduce.Job:  map 88% reduce 28%
20/06/08 11:47:30 INFO mapreduce.Job:  map 89% reduce 28%
20/06/08 11:47:31 INFO mapreduce.Job:  map 90% reduce 28%
20/06/08 11:47:34 INFO mapreduce.Job:  map 91% reduce 28%
20/06/08 11:47:36 INFO mapreduce.Job:  map 92% reduce 28%
20/06/08 11:47:37 INFO mapreduce.Job:  map 93% reduce 28%
20/06/08 11:47:38 INFO mapreduce.Job:  map 94% reduce 29%
20/06/08 11:47:40 INFO mapreduce.Job:  map 95% reduce 29%
20/06/08 11:47:41 INFO mapreduce.Job:  map 96% reduce 30%
20/06/08 11:47:46 INFO mapreduce.Job:  map 97% reduce 30%
20/06/08 11:47:47 INFO mapreduce.Job:  map 98% reduce 30%
20/06/08 11:47:48 INFO mapreduce.Job:  map 98% reduce 32%
20/06/08 11:47:50 INFO mapreduce.Job:  map 99% reduce 32%
20/06/08 11:47:51 INFO mapreduce.Job:  map 99% reduce 33%
20/06/08 11:47:52 INFO mapreduce.Job:  map 100% reduce 33%
20/06/08 11:47:54 INFO mapreduce.Job:  map 100% reduce 62%
20/06/08 11:47:57 INFO mapreduce.Job:  map 100% reduce 72%
20/06/08 11:48:00 INFO mapreduce.Job:  map 100% reduce 77%
20/06/08 11:48:03 INFO mapreduce.Job:  map 100% reduce 83%
20/06/08 11:48:06 INFO mapreduce.Job:  map 100% reduce 91%
20/06/08 11:48:09 INFO mapreduce.Job:  map 100% reduce 100%
20/06/08 11:48:09 INFO mapreduce.Job: Job job_1591580990881_0019 completed successfully
20/06/08 11:48:09 INFO mapreduce.Job: Counters: 50
	File System Counters
		FILE: Number of bytes read=1508257850
		FILE: Number of bytes written=2249752560
		FILE: Number of read operations=0
		FILE: Number of large read operations=0
		FILE: Number of write operations=0
		HDFS: Number of bytes read=11026332737
		HDFS: Number of bytes written=358361058
		HDFS: Number of read operations=273
		HDFS: Number of large read operations=0
		HDFS: Number of write operations=2
	Job Counters 
		Killed map tasks=1
		Launched map tasks=91
		Launched reduce tasks=1
		Data-local map tasks=91
		Total time spent by all maps in occupied slots (ms)=4803770
		Total time spent by all reduces in occupied slots (ms)=324529
		Total time spent by all map tasks (ms)=4803770
		Total time spent by all reduce tasks (ms)=324529
		Total vcore-milliseconds taken by all map tasks=4803770
		Total vcore-milliseconds taken by all reduce tasks=324529
		Total megabyte-milliseconds taken by all map tasks=4919060480
		Total megabyte-milliseconds taken by all reduce tasks=332317696
	Map-Reduce Framework
		Map input records=266685
		Map output records=1008867414
		Map output bytes=15222795129
		Map output materialized bytes=730315066
		Input split bytes=10530
		Combine input records=1033637228
		Combine output records=47413072
		Reduce input groups=9904773
		Reduce shuffle bytes=730315066
		Reduce input records=22643258
		Reduce output records=9904773
		Spilled Records=70056330
		Shuffled Maps =90
		Failed Shuffles=0
		Merged Map outputs=90
		GC time elapsed (ms)=97420
		CPU time spent (ms)=1944750
		Physical memory (bytes) snapshot=25084805120
		Virtual memory (bytes) snapshot=192001056768
		Total committed heap usage (bytes)=18914738176
	Shuffle Errors
		BAD_ID=0
		CONNECTION=0
		IO_ERROR=0
		WRONG_LENGTH=0
		WRONG_MAP=0
		WRONG_REDUCE=0
	File Input Format Counters 
		Bytes Read=11026322207
	File Output Format Counters 
		Bytes Written=358361058
