20/06/09 22:51:44 INFO client.RMProxy: Connecting to ResourceManager at master/10.51.17.95:8032
20/06/09 22:51:45 INFO input.FileInputFormat: Total input paths to process : 10
20/06/09 22:51:45 INFO mapreduce.JobSubmitter: number of splits:90
20/06/09 22:51:45 INFO mapreduce.JobSubmitter: Submitting tokens for job: job_1591710121156_0005
20/06/09 22:51:45 INFO impl.YarnClientImpl: Submitted application application_1591710121156_0005
20/06/09 22:51:46 INFO mapreduce.Job: The url to track the job: http://master:8088/proxy/application_1591710121156_0005/
20/06/09 22:51:46 INFO mapreduce.Job: Running job: job_1591710121156_0005
20/06/09 22:51:53 INFO mapreduce.Job: Job job_1591710121156_0005 running in uber mode : false
20/06/09 22:51:53 INFO mapreduce.Job:  map 0% reduce 0%
20/06/09 22:52:06 INFO mapreduce.Job:  map 1% reduce 0%
20/06/09 22:52:08 INFO mapreduce.Job:  map 2% reduce 0%
20/06/09 22:52:12 INFO mapreduce.Job:  map 3% reduce 0%
20/06/09 22:52:19 INFO mapreduce.Job:  map 4% reduce 0%
20/06/09 22:52:24 INFO mapreduce.Job:  map 5% reduce 0%
20/06/09 22:52:29 INFO mapreduce.Job:  map 6% reduce 0%
20/06/09 22:52:34 INFO mapreduce.Job:  map 7% reduce 0%
20/06/09 22:52:37 INFO mapreduce.Job:  map 8% reduce 0%
20/06/09 22:52:44 INFO mapreduce.Job:  map 9% reduce 0%
20/06/09 22:52:46 INFO mapreduce.Job:  map 10% reduce 0%
20/06/09 22:52:48 INFO mapreduce.Job:  map 11% reduce 0%
20/06/09 22:52:51 INFO mapreduce.Job:  map 12% reduce 0%
20/06/09 22:52:57 INFO mapreduce.Job:  map 13% reduce 0%
20/06/09 22:53:02 INFO mapreduce.Job:  map 14% reduce 0%
20/06/09 22:53:05 INFO mapreduce.Job:  map 16% reduce 0%
20/06/09 22:53:07 INFO mapreduce.Job:  map 17% reduce 0%
20/06/09 22:53:14 INFO mapreduce.Job:  map 18% reduce 0%
20/06/09 22:53:18 INFO mapreduce.Job:  map 18% reduce 5%
20/06/09 22:53:21 INFO mapreduce.Job:  map 19% reduce 5%
20/06/09 22:53:23 INFO mapreduce.Job:  map 20% reduce 5%
20/06/09 22:53:30 INFO mapreduce.Job:  map 21% reduce 5%
20/06/09 22:53:34 INFO mapreduce.Job:  map 22% reduce 5%
20/06/09 22:53:36 INFO mapreduce.Job:  map 22% reduce 6%
20/06/09 22:53:38 INFO mapreduce.Job:  map 23% reduce 6%
20/06/09 22:53:41 INFO mapreduce.Job:  map 24% reduce 6%
20/06/09 22:53:45 INFO mapreduce.Job:  map 25% reduce 6%
20/06/09 22:53:49 INFO mapreduce.Job:  map 25% reduce 7%
20/06/09 22:53:51 INFO mapreduce.Job:  map 26% reduce 7%
20/06/09 22:53:53 INFO mapreduce.Job:  map 27% reduce 7%
20/06/09 22:54:00 INFO mapreduce.Job:  map 28% reduce 7%
20/06/09 22:54:03 INFO mapreduce.Job:  map 29% reduce 7%
20/06/09 22:54:08 INFO mapreduce.Job:  map 30% reduce 7%
20/06/09 22:54:10 INFO mapreduce.Job:  map 31% reduce 8%
20/06/09 22:54:11 INFO mapreduce.Job:  map 32% reduce 8%
20/06/09 22:54:13 INFO mapreduce.Job:  map 32% reduce 9%
20/06/09 22:54:18 INFO mapreduce.Job:  map 33% reduce 9%
20/06/09 22:54:19 INFO mapreduce.Job:  map 33% reduce 10%
20/06/09 22:54:21 INFO mapreduce.Job:  map 34% reduce 10%
20/06/09 22:54:25 INFO mapreduce.Job:  map 35% reduce 10%
20/06/09 22:54:32 INFO mapreduce.Job:  map 36% reduce 10%
20/06/09 22:54:34 INFO mapreduce.Job:  map 37% reduce 10%
20/06/09 22:54:36 INFO mapreduce.Job:  map 38% reduce 10%
20/06/09 22:54:38 INFO mapreduce.Job:  map 38% reduce 11%
20/06/09 22:54:42 INFO mapreduce.Job:  map 39% reduce 11%
20/06/09 22:54:44 INFO mapreduce.Job:  map 39% reduce 12%
20/06/09 22:54:46 INFO mapreduce.Job:  map 40% reduce 12%
20/06/09 22:54:51 INFO mapreduce.Job:  map 41% reduce 12%
20/06/09 22:54:55 INFO mapreduce.Job:  map 42% reduce 12%
20/06/09 22:55:01 INFO mapreduce.Job:  map 43% reduce 12%
20/06/09 22:55:06 INFO mapreduce.Job:  map 44% reduce 12%
20/06/09 22:55:11 INFO mapreduce.Job:  map 45% reduce 12%
20/06/09 22:55:14 INFO mapreduce.Job:  map 46% reduce 13%
20/06/09 22:55:16 INFO mapreduce.Job:  map 47% reduce 13%
20/06/09 22:55:17 INFO mapreduce.Job:  map 47% reduce 14%
20/06/09 22:55:19 INFO mapreduce.Job:  map 48% reduce 14%
20/06/09 22:55:23 INFO mapreduce.Job:  map 49% reduce 15%
20/06/09 22:55:28 INFO mapreduce.Job:  map 50% reduce 15%
20/06/09 22:55:29 INFO mapreduce.Job:  map 51% reduce 15%
20/06/09 22:55:32 INFO mapreduce.Job:  map 51% reduce 16%
20/06/09 22:55:34 INFO mapreduce.Job:  map 52% reduce 16%
20/06/09 22:55:36 INFO mapreduce.Job:  map 53% reduce 16%
20/06/09 22:55:38 INFO mapreduce.Job:  map 53% reduce 17%
20/06/09 22:55:41 INFO mapreduce.Job:  map 54% reduce 17%
20/06/09 22:55:48 INFO mapreduce.Job:  map 55% reduce 17%
20/06/09 22:55:51 INFO mapreduce.Job:  map 56% reduce 17%
20/06/09 22:55:58 INFO mapreduce.Job:  map 57% reduce 17%
20/06/09 22:56:03 INFO mapreduce.Job:  map 58% reduce 17%
20/06/09 22:56:08 INFO mapreduce.Job:  map 59% reduce 17%
20/06/09 22:56:12 INFO mapreduce.Job:  map 60% reduce 17%
20/06/09 22:56:17 INFO mapreduce.Job:  map 61% reduce 17%
20/06/09 22:56:20 INFO mapreduce.Job:  map 61% reduce 18%
20/06/09 22:56:21 INFO mapreduce.Job:  map 62% reduce 18%
20/06/09 22:56:22 INFO mapreduce.Job:  map 63% reduce 18%
20/06/09 22:56:23 INFO mapreduce.Job:  map 64% reduce 19%
20/06/09 22:56:26 INFO mapreduce.Job:  map 64% reduce 20%
20/06/09 22:56:27 INFO mapreduce.Job:  map 65% reduce 20%
20/06/09 22:56:30 INFO mapreduce.Job:  map 65% reduce 21%
20/06/09 22:56:31 INFO mapreduce.Job:  map 66% reduce 21%
20/06/09 22:56:36 INFO mapreduce.Job:  map 67% reduce 22%
20/06/09 22:56:42 INFO mapreduce.Job:  map 68% reduce 22%
20/06/09 22:56:45 INFO mapreduce.Job:  map 69% reduce 22%
20/06/09 22:56:51 INFO mapreduce.Job:  map 70% reduce 22%
20/06/09 22:56:55 INFO mapreduce.Job:  map 71% reduce 22%
20/06/09 22:57:00 INFO mapreduce.Job:  map 72% reduce 22%
20/06/09 22:57:04 INFO mapreduce.Job:  map 73% reduce 22%
20/06/09 22:57:11 INFO mapreduce.Job:  map 74% reduce 22%
20/06/09 22:57:13 INFO mapreduce.Job:  map 75% reduce 22%
20/06/09 22:57:16 INFO mapreduce.Job:  map 75% reduce 23%
20/06/09 22:57:21 INFO mapreduce.Job:  map 76% reduce 23%
20/06/09 22:57:22 INFO mapreduce.Job:  map 77% reduce 23%
20/06/09 22:57:25 INFO mapreduce.Job:  map 78% reduce 24%
20/06/09 22:57:27 INFO mapreduce.Job:  map 79% reduce 24%
20/06/09 22:57:29 INFO mapreduce.Job:  map 80% reduce 24%
20/06/09 22:57:31 INFO mapreduce.Job:  map 80% reduce 26%
20/06/09 22:57:33 INFO mapreduce.Job:  map 81% reduce 26%
20/06/09 22:57:37 INFO mapreduce.Job:  map 82% reduce 27%
20/06/09 22:57:41 INFO mapreduce.Job:  map 84% reduce 27%
20/06/09 22:57:44 INFO mapreduce.Job:  map 85% reduce 27%
20/06/09 22:57:47 INFO mapreduce.Job:  map 87% reduce 27%
20/06/09 22:57:51 INFO mapreduce.Job:  map 88% reduce 27%
20/06/09 22:57:52 INFO mapreduce.Job:  map 88% reduce 28%
20/06/09 22:57:53 INFO mapreduce.Job:  map 89% reduce 28%
20/06/09 22:57:55 INFO mapreduce.Job:  map 89% reduce 29%
20/06/09 22:57:58 INFO mapreduce.Job:  map 90% reduce 29%
20/06/09 22:58:01 INFO mapreduce.Job:  map 91% reduce 29%
20/06/09 22:58:03 INFO mapreduce.Job:  map 92% reduce 29%
20/06/09 22:58:04 INFO mapreduce.Job:  map 93% reduce 29%
20/06/09 22:58:05 INFO mapreduce.Job:  map 94% reduce 29%
20/06/09 22:58:07 INFO mapreduce.Job:  map 95% reduce 29%
20/06/09 22:58:09 INFO mapreduce.Job:  map 96% reduce 29%
20/06/09 22:58:10 INFO mapreduce.Job:  map 96% reduce 30%
20/06/09 22:58:13 INFO mapreduce.Job:  map 97% reduce 30%
20/06/09 22:58:14 INFO mapreduce.Job:  map 99% reduce 30%
20/06/09 22:58:16 INFO mapreduce.Job:  map 99% reduce 32%
20/06/09 22:58:20 INFO mapreduce.Job:  map 100% reduce 32%
20/06/09 22:58:22 INFO mapreduce.Job:  map 100% reduce 67%
20/06/09 22:58:25 INFO mapreduce.Job:  map 100% reduce 73%
20/06/09 22:58:28 INFO mapreduce.Job:  map 100% reduce 78%
20/06/09 22:58:31 INFO mapreduce.Job:  map 100% reduce 84%
20/06/09 22:58:34 INFO mapreduce.Job:  map 100% reduce 91%
20/06/09 22:58:37 INFO mapreduce.Job:  map 100% reduce 100%
20/06/09 22:58:38 INFO mapreduce.Job: Job job_1591710121156_0005 completed successfully
20/06/09 22:58:38 INFO mapreduce.Job: Counters: 51
	File System Counters
		FILE: Number of bytes read=1638720829
		FILE: Number of bytes written=2425762290
		FILE: Number of read operations=0
		FILE: Number of large read operations=0
		FILE: Number of write operations=0
		HDFS: Number of bytes read=11025092744
		HDFS: Number of bytes written=455537751
		HDFS: Number of read operations=273
		HDFS: Number of large read operations=0
		HDFS: Number of write operations=2
	Job Counters 
		Killed map tasks=1
		Launched map tasks=91
		Launched reduce tasks=1
		Data-local map tasks=89
		Rack-local map tasks=2
		Total time spent by all maps in occupied slots (ms)=4942537
		Total time spent by all reduces in occupied slots (ms)=332154
		Total time spent by all map tasks (ms)=4942537
		Total time spent by all reduce tasks (ms)=332154
		Total vcore-milliseconds taken by all map tasks=4942537
		Total vcore-milliseconds taken by all reduce tasks=332154
		Total megabyte-milliseconds taken by all map tasks=5061157888
		Total megabyte-milliseconds taken by all reduce tasks=340125696
	Map-Reduce Framework
		Map input records=2094304
		Map output records=1011270216
		Map output bytes=19270207867
		Map output materialized bytes=775830964
		Input split bytes=10530
		Combine input records=1036258105
		Combine output records=47548883
		Reduce input groups=9657376
		Reduce shuffle bytes=775830964
		Reduce input records=22560994
		Reduce output records=9657376
		Spilled Records=70789189
		Shuffled Maps =90
		Failed Shuffles=0
		Merged Map outputs=90
		GC time elapsed (ms)=105597
		CPU time spent (ms)=2005600
		Physical memory (bytes) snapshot=25116270592
		Virtual memory (bytes) snapshot=191915433984
		Total committed heap usage (bytes)=18932039680
	Shuffle Errors
		BAD_ID=0
		CONNECTION=0
		IO_ERROR=0
		WRONG_LENGTH=0
		WRONG_MAP=0
		WRONG_REDUCE=0
	File Input Format Counters 
		Bytes Read=11025082214
	File Output Format Counters 
		Bytes Written=455537751
20/06/09 22:58:38 INFO client.RMProxy: Connecting to ResourceManager at master/10.51.17.95:8032
20/06/09 22:58:39 INFO input.FileInputFormat: Total input paths to process : 1
20/06/09 22:58:39 INFO mapreduce.JobSubmitter: number of splits:4
20/06/09 22:58:40 INFO mapreduce.JobSubmitter: Submitting tokens for job: job_1591710121156_0006
20/06/09 22:58:40 INFO impl.YarnClientImpl: Submitted application application_1591710121156_0006
20/06/09 22:58:40 INFO mapreduce.Job: The url to track the job: http://master:8088/proxy/application_1591710121156_0006/
20/06/09 22:58:40 INFO mapreduce.Job: Running job: job_1591710121156_0006
20/06/09 22:58:48 INFO mapreduce.Job: Job job_1591710121156_0006 running in uber mode : false
20/06/09 22:58:48 INFO mapreduce.Job:  map 0% reduce 0%
20/06/09 22:58:57 INFO mapreduce.Job:  map 25% reduce 0%
20/06/09 22:58:59 INFO mapreduce.Job:  map 44% reduce 0%
20/06/09 22:59:00 INFO mapreduce.Job:  map 65% reduce 0%
20/06/09 22:59:01 INFO mapreduce.Job:  map 69% reduce 0%
20/06/09 22:59:02 INFO mapreduce.Job:  map 73% reduce 0%
20/06/09 22:59:03 INFO mapreduce.Job:  map 79% reduce 0%
20/06/09 22:59:04 INFO mapreduce.Job:  map 87% reduce 0%
20/06/09 22:59:05 INFO mapreduce.Job:  map 93% reduce 0%
20/06/09 22:59:07 INFO mapreduce.Job:  map 100% reduce 0%
20/06/09 22:59:09 INFO mapreduce.Job:  map 100% reduce 74%
20/06/09 22:59:12 INFO mapreduce.Job:  map 100% reduce 88%
20/06/09 22:59:15 INFO mapreduce.Job:  map 100% reduce 100%
20/06/09 22:59:16 INFO mapreduce.Job: Job job_1591710121156_0006 completed successfully
20/06/09 22:59:16 INFO mapreduce.Job: Counters: 50
	File System Counters
		FILE: Number of bytes read=737946114
		FILE: Number of bytes written=1131700727
		FILE: Number of read operations=0
		FILE: Number of large read operations=0
		FILE: Number of write operations=0
		HDFS: Number of bytes read=455541690
		HDFS: Number of bytes written=316541921
		HDFS: Number of read operations=19
		HDFS: Number of large read operations=0
		HDFS: Number of write operations=2
	Job Counters 
		Killed map tasks=1
		Launched map tasks=5
		Launched reduce tasks=1
		Data-local map tasks=5
		Total time spent by all maps in occupied slots (ms)=50993
		Total time spent by all reduces in occupied slots (ms)=15708
		Total time spent by all map tasks (ms)=50993
		Total time spent by all reduce tasks (ms)=15708
		Total vcore-milliseconds taken by all map tasks=50993
		Total vcore-milliseconds taken by all reduce tasks=15708
		Total megabyte-milliseconds taken by all map tasks=52216832
		Total megabyte-milliseconds taken by all reduce tasks=16084992
	Map-Reduce Framework
		Map input records=9657376
		Map output records=9657376
		Map output bytes=373826497
		Map output materialized bytes=393141273
		Input split bytes=508
		Combine input records=0
		Combine output records=0
		Reduce input groups=1244
		Reduce shuffle bytes=393141273
		Reduce input records=9657376
		Reduce output records=9657376
		Spilled Records=28299988
		Shuffled Maps =4
		Failed Shuffles=0
		Merged Map outputs=4
		GC time elapsed (ms)=1592
		CPU time spent (ms)=41590
		Physical memory (bytes) snapshot=1287905280
		Virtual memory (bytes) snapshot=10552098816
		Total committed heap usage (bytes)=941096960
	Shuffle Errors
		BAD_ID=0
		CONNECTION=0
		IO_ERROR=0
		WRONG_LENGTH=0
		WRONG_MAP=0
		WRONG_REDUCE=0
	File Input Format Counters 
		Bytes Read=455541182
	File Output Format Counters 
		Bytes Written=316541921
