20/06/09 23:00:12 INFO client.RMProxy: Connecting to ResourceManager at master/10.51.17.95:8032
20/06/09 23:00:12 INFO input.FileInputFormat: Total input paths to process : 10
20/06/09 23:00:13 INFO mapreduce.JobSubmitter: number of splits:90
20/06/09 23:00:13 INFO mapreduce.JobSubmitter: Submitting tokens for job: job_1591710121156_0008
20/06/09 23:00:13 INFO impl.YarnClientImpl: Submitted application application_1591710121156_0008
20/06/09 23:00:13 INFO mapreduce.Job: The url to track the job: http://master:8088/proxy/application_1591710121156_0008/
20/06/09 23:00:13 INFO mapreduce.Job: Running job: job_1591710121156_0008
20/06/09 23:00:20 INFO mapreduce.Job: Job job_1591710121156_0008 running in uber mode : false
20/06/09 23:00:20 INFO mapreduce.Job:  map 0% reduce 0%
20/06/09 23:00:34 INFO mapreduce.Job:  map 1% reduce 0%
20/06/09 23:00:36 INFO mapreduce.Job:  map 2% reduce 0%
20/06/09 23:00:41 INFO mapreduce.Job:  map 3% reduce 0%
20/06/09 23:00:47 INFO mapreduce.Job:  map 4% reduce 0%
20/06/09 23:00:51 INFO mapreduce.Job:  map 5% reduce 0%
20/06/09 23:00:55 INFO mapreduce.Job:  map 6% reduce 0%
20/06/09 23:01:01 INFO mapreduce.Job:  map 7% reduce 0%
20/06/09 23:01:05 INFO mapreduce.Job:  map 8% reduce 0%
20/06/09 23:01:12 INFO mapreduce.Job:  map 9% reduce 0%
20/06/09 23:01:14 INFO mapreduce.Job:  map 10% reduce 0%
20/06/09 23:01:18 INFO mapreduce.Job:  map 11% reduce 0%
20/06/09 23:01:19 INFO mapreduce.Job:  map 12% reduce 0%
20/06/09 23:01:25 INFO mapreduce.Job:  map 13% reduce 0%
20/06/09 23:01:29 INFO mapreduce.Job:  map 14% reduce 0%
20/06/09 23:01:32 INFO mapreduce.Job:  map 15% reduce 0%
20/06/09 23:01:34 INFO mapreduce.Job:  map 16% reduce 0%
20/06/09 23:01:37 INFO mapreduce.Job:  map 17% reduce 0%
20/06/09 23:01:41 INFO mapreduce.Job:  map 18% reduce 0%
20/06/09 23:01:45 INFO mapreduce.Job:  map 18% reduce 5%
20/06/09 23:01:47 INFO mapreduce.Job:  map 19% reduce 5%
20/06/09 23:01:52 INFO mapreduce.Job:  map 20% reduce 5%
20/06/09 23:01:58 INFO mapreduce.Job:  map 21% reduce 5%
20/06/09 23:02:01 INFO mapreduce.Job:  map 22% reduce 6%
20/06/09 23:02:06 INFO mapreduce.Job:  map 23% reduce 6%
20/06/09 23:02:08 INFO mapreduce.Job:  map 24% reduce 6%
20/06/09 23:02:12 INFO mapreduce.Job:  map 25% reduce 6%
20/06/09 23:02:16 INFO mapreduce.Job:  map 25% reduce 7%
20/06/09 23:02:17 INFO mapreduce.Job:  map 26% reduce 7%
20/06/09 23:02:21 INFO mapreduce.Job:  map 27% reduce 7%
20/06/09 23:02:27 INFO mapreduce.Job:  map 28% reduce 7%
20/06/09 23:02:33 INFO mapreduce.Job:  map 29% reduce 7%
20/06/09 23:02:36 INFO mapreduce.Job:  map 30% reduce 7%
20/06/09 23:02:37 INFO mapreduce.Job:  map 30% reduce 8%
20/06/09 23:02:38 INFO mapreduce.Job:  map 31% reduce 8%
20/06/09 23:02:40 INFO mapreduce.Job:  map 31% reduce 9%
20/06/09 23:02:42 INFO mapreduce.Job:  map 32% reduce 9%
20/06/09 23:02:44 INFO mapreduce.Job:  map 33% reduce 9%
20/06/09 23:02:46 INFO mapreduce.Job:  map 33% reduce 10%
20/06/09 23:02:49 INFO mapreduce.Job:  map 34% reduce 10%
20/06/09 23:02:54 INFO mapreduce.Job:  map 35% reduce 10%
20/06/09 23:02:57 INFO mapreduce.Job:  map 36% reduce 10%
20/06/09 23:03:03 INFO mapreduce.Job:  map 37% reduce 10%
20/06/09 23:03:05 INFO mapreduce.Job:  map 37% reduce 11%
20/06/09 23:03:08 INFO mapreduce.Job:  map 38% reduce 11%
20/06/09 23:03:11 INFO mapreduce.Job:  map 39% reduce 11%
20/06/09 23:03:14 INFO mapreduce.Job:  map 40% reduce 12%
20/06/09 23:03:20 INFO mapreduce.Job:  map 41% reduce 12%
20/06/09 23:03:25 INFO mapreduce.Job:  map 42% reduce 12%
20/06/09 23:03:30 INFO mapreduce.Job:  map 43% reduce 12%
20/06/09 23:03:35 INFO mapreduce.Job:  map 44% reduce 12%
20/06/09 23:03:39 INFO mapreduce.Job:  map 45% reduce 12%
20/06/09 23:03:42 INFO mapreduce.Job:  map 45% reduce 13%
20/06/09 23:03:44 INFO mapreduce.Job:  map 46% reduce 13%
20/06/09 23:03:45 INFO mapreduce.Job:  map 47% reduce 13%
20/06/09 23:03:48 INFO mapreduce.Job:  map 47% reduce 14%
20/06/09 23:03:49 INFO mapreduce.Job:  map 48% reduce 14%
20/06/09 23:03:53 INFO mapreduce.Job:  map 49% reduce 14%
20/06/09 23:03:54 INFO mapreduce.Job:  map 49% reduce 15%
20/06/09 23:03:57 INFO mapreduce.Job:  map 50% reduce 15%
20/06/09 23:04:00 INFO mapreduce.Job:  map 50% reduce 16%
20/06/09 23:04:02 INFO mapreduce.Job:  map 51% reduce 16%
20/06/09 23:04:05 INFO mapreduce.Job:  map 52% reduce 16%
20/06/09 23:04:09 INFO mapreduce.Job:  map 53% reduce 17%
20/06/09 23:04:14 INFO mapreduce.Job:  map 54% reduce 17%
20/06/09 23:04:18 INFO mapreduce.Job:  map 55% reduce 17%
20/06/09 23:04:24 INFO mapreduce.Job:  map 56% reduce 17%
20/06/09 23:04:29 INFO mapreduce.Job:  map 57% reduce 17%
20/06/09 23:04:34 INFO mapreduce.Job:  map 58% reduce 17%
20/06/09 23:04:39 INFO mapreduce.Job:  map 59% reduce 17%
20/06/09 23:04:44 INFO mapreduce.Job:  map 60% reduce 17%
20/06/09 23:04:47 INFO mapreduce.Job:  map 61% reduce 17%
20/06/09 23:04:48 INFO mapreduce.Job:  map 62% reduce 17%
20/06/09 23:04:49 INFO mapreduce.Job:  map 62% reduce 18%
20/06/09 23:04:52 INFO mapreduce.Job:  map 63% reduce 19%
20/06/09 23:04:55 INFO mapreduce.Job:  map 63% reduce 20%
20/06/09 23:04:56 INFO mapreduce.Job:  map 64% reduce 20%
20/06/09 23:05:00 INFO mapreduce.Job:  map 65% reduce 20%
20/06/09 23:05:01 INFO mapreduce.Job:  map 66% reduce 21%
20/06/09 23:05:09 INFO mapreduce.Job:  map 67% reduce 21%
20/06/09 23:05:12 INFO mapreduce.Job:  map 68% reduce 21%
20/06/09 23:05:18 INFO mapreduce.Job:  map 69% reduce 21%
20/06/09 23:05:21 INFO mapreduce.Job:  map 70% reduce 21%
20/06/09 23:05:22 INFO mapreduce.Job:  map 70% reduce 22%
20/06/09 23:05:28 INFO mapreduce.Job:  map 71% reduce 22%
20/06/09 23:05:31 INFO mapreduce.Job:  map 72% reduce 22%
20/06/09 23:05:37 INFO mapreduce.Job:  map 73% reduce 22%
20/06/09 23:05:40 INFO mapreduce.Job:  map 74% reduce 22%
20/06/09 23:05:45 INFO mapreduce.Job:  map 75% reduce 22%
20/06/09 23:05:47 INFO mapreduce.Job:  map 75% reduce 23%
20/06/09 23:05:50 INFO mapreduce.Job:  map 76% reduce 23%
20/06/09 23:05:51 INFO mapreduce.Job:  map 77% reduce 23%
20/06/09 23:05:53 INFO mapreduce.Job:  map 77% reduce 24%
20/06/09 23:05:56 INFO mapreduce.Job:  map 78% reduce 24%
20/06/09 23:05:58 INFO mapreduce.Job:  map 79% reduce 24%
20/06/09 23:05:59 INFO mapreduce.Job:  map 79% reduce 25%
20/06/09 23:06:02 INFO mapreduce.Job:  map 80% reduce 25%
20/06/09 23:06:04 INFO mapreduce.Job:  map 81% reduce 25%
20/06/09 23:06:05 INFO mapreduce.Job:  map 81% reduce 26%
20/06/09 23:06:09 INFO mapreduce.Job:  map 82% reduce 26%
20/06/09 23:06:12 INFO mapreduce.Job:  map 83% reduce 26%
20/06/09 23:06:15 INFO mapreduce.Job:  map 84% reduce 26%
20/06/09 23:06:17 INFO mapreduce.Job:  map 86% reduce 26%
20/06/09 23:06:20 INFO mapreduce.Job:  map 86% reduce 27%
20/06/09 23:06:23 INFO mapreduce.Job:  map 87% reduce 27%
20/06/09 23:06:24 INFO mapreduce.Job:  map 88% reduce 27%
20/06/09 23:06:27 INFO mapreduce.Job:  map 88% reduce 28%
20/06/09 23:06:29 INFO mapreduce.Job:  map 89% reduce 28%
20/06/09 23:06:31 INFO mapreduce.Job:  map 90% reduce 28%
20/06/09 23:06:34 INFO mapreduce.Job:  map 91% reduce 28%
20/06/09 23:06:35 INFO mapreduce.Job:  map 92% reduce 28%
20/06/09 23:06:36 INFO mapreduce.Job:  map 93% reduce 28%
20/06/09 23:06:38 INFO mapreduce.Job:  map 94% reduce 28%
20/06/09 23:06:39 INFO mapreduce.Job:  map 95% reduce 29%
20/06/09 23:06:42 INFO mapreduce.Job:  map 96% reduce 30%
20/06/09 23:06:44 INFO mapreduce.Job:  map 97% reduce 30%
20/06/09 23:06:45 INFO mapreduce.Job:  map 97% reduce 31%
20/06/09 23:06:46 INFO mapreduce.Job:  map 98% reduce 31%
20/06/09 23:06:47 INFO mapreduce.Job:  map 99% reduce 31%
20/06/09 23:06:48 INFO mapreduce.Job:  map 99% reduce 32%
20/06/09 23:06:51 INFO mapreduce.Job:  map 99% reduce 33%
20/06/09 23:06:52 INFO mapreduce.Job:  map 100% reduce 33%
20/06/09 23:06:54 INFO mapreduce.Job:  map 100% reduce 37%
20/06/09 23:06:57 INFO mapreduce.Job:  map 100% reduce 70%
20/06/09 23:07:00 INFO mapreduce.Job:  map 100% reduce 77%
20/06/09 23:07:03 INFO mapreduce.Job:  map 100% reduce 82%
20/06/09 23:07:06 INFO mapreduce.Job:  map 100% reduce 88%
20/06/09 23:07:09 INFO mapreduce.Job:  map 100% reduce 97%
20/06/09 23:07:10 INFO mapreduce.Job:  map 100% reduce 100%
20/06/09 23:07:11 INFO mapreduce.Job: Job job_1591710121156_0008 completed successfully
20/06/09 23:07:11 INFO mapreduce.Job: Counters: 51
	File System Counters
		FILE: Number of bytes read=1648185754
		FILE: Number of bytes written=2439934704
		FILE: Number of read operations=0
		FILE: Number of large read operations=0
		FILE: Number of write operations=0
		HDFS: Number of bytes read=11026177737
		HDFS: Number of bytes written=459724198
		HDFS: Number of read operations=273
		HDFS: Number of large read operations=0
		HDFS: Number of write operations=2
	Job Counters 
		Killed map tasks=1
		Launched map tasks=91
		Launched reduce tasks=1
		Data-local map tasks=90
		Rack-local map tasks=1
		Total time spent by all maps in occupied slots (ms)=4978671
		Total time spent by all reduces in occupied slots (ms)=337240
		Total time spent by all map tasks (ms)=4978671
		Total time spent by all reduce tasks (ms)=337240
		Total vcore-milliseconds taken by all map tasks=4978671
		Total vcore-milliseconds taken by all reduce tasks=337240
		Total megabyte-milliseconds taken by all map tasks=5098159104
		Total megabyte-milliseconds taken by all reduce tasks=345333760
	Map-Reduce Framework
		Map input records=265465
		Map output records=1010355974
		Map output bytes=19271577473
		Map output materialized bytes=780538453
		Input split bytes=10530
		Combine input records=1035338069
		Combine output records=47538659
		Reduce input groups=9658059
		Reduce shuffle bytes=780538453
		Reduce input records=22556564
		Reduce output records=9658059
		Spilled Records=70773215
		Shuffled Maps =90
		Failed Shuffles=0
		Merged Map outputs=90
		GC time elapsed (ms)=110188
		CPU time spent (ms)=2027450
		Physical memory (bytes) snapshot=25118109696
		Virtual memory (bytes) snapshot=191969005568
		Total committed heap usage (bytes)=18925223936
	Shuffle Errors
		BAD_ID=0
		CONNECTION=0
		IO_ERROR=0
		WRONG_LENGTH=0
		WRONG_MAP=0
		WRONG_REDUCE=0
	File Input Format Counters 
		Bytes Read=11026167207
	File Output Format Counters 
		Bytes Written=459724198
20/06/09 23:07:11 INFO client.RMProxy: Connecting to ResourceManager at master/10.51.17.95:8032
20/06/09 23:07:12 INFO input.FileInputFormat: Total input paths to process : 1
20/06/09 23:07:12 INFO mapreduce.JobSubmitter: number of splits:4
20/06/09 23:07:12 INFO mapreduce.JobSubmitter: Submitting tokens for job: job_1591710121156_0009
20/06/09 23:07:12 INFO impl.YarnClientImpl: Submitted application application_1591710121156_0009
20/06/09 23:07:12 INFO mapreduce.Job: The url to track the job: http://master:8088/proxy/application_1591710121156_0009/
20/06/09 23:07:12 INFO mapreduce.Job: Running job: job_1591710121156_0009
20/06/09 23:07:20 INFO mapreduce.Job: Job job_1591710121156_0009 running in uber mode : false
20/06/09 23:07:20 INFO mapreduce.Job:  map 0% reduce 0%
20/06/09 23:07:29 INFO mapreduce.Job:  map 25% reduce 0%
20/06/09 23:07:32 INFO mapreduce.Job:  map 37% reduce 0%
20/06/09 23:07:33 INFO mapreduce.Job:  map 58% reduce 0%
20/06/09 23:07:35 INFO mapreduce.Job:  map 68% reduce 0%
20/06/09 23:07:36 INFO mapreduce.Job:  map 87% reduce 0%
20/06/09 23:07:39 INFO mapreduce.Job:  map 92% reduce 0%
20/06/09 23:07:40 INFO mapreduce.Job:  map 100% reduce 25%
20/06/09 23:07:43 INFO mapreduce.Job:  map 100% reduce 74%
20/06/09 23:07:46 INFO mapreduce.Job:  map 100% reduce 89%
20/06/09 23:07:49 INFO mapreduce.Job:  map 100% reduce 100%
20/06/09 23:07:50 INFO mapreduce.Job: Job job_1591710121156_0009 completed successfully
20/06/09 23:07:50 INFO mapreduce.Job: Counters: 50
	File System Counters
		FILE: Number of bytes read=742376677
		FILE: Number of bytes written=1140274439
		FILE: Number of read operations=0
		FILE: Number of large read operations=0
		FILE: Number of write operations=0
		HDFS: Number of bytes read=459727758
		HDFS: Number of bytes written=320679503
		HDFS: Number of read operations=19
		HDFS: Number of large read operations=0
		HDFS: Number of write operations=2
	Job Counters 
		Killed map tasks=1
		Launched map tasks=5
		Launched reduce tasks=1
		Data-local map tasks=5
		Total time spent by all maps in occupied slots (ms)=58860
		Total time spent by all reduces in occupied slots (ms)=16763
		Total time spent by all map tasks (ms)=58860
		Total time spent by all reduce tasks (ms)=16763
		Total vcore-milliseconds taken by all map tasks=58860
		Total vcore-milliseconds taken by all reduce tasks=16763
		Total megabyte-milliseconds taken by all map tasks=60272640
		Total megabyte-milliseconds taken by all reduce tasks=17165312
	Map-Reduce Framework
		Map input records=9658059
		Map output records=9658059
		Map output bytes=377968280
		Map output materialized bytes=397284422
		Input split bytes=508
		Combine input records=0
		Combine output records=0
		Reduce input groups=1238
		Reduce shuffle bytes=397284422
		Reduce input records=9658059
		Reduce output records=9658059
		Spilled Records=28253393
		Shuffled Maps =4
		Failed Shuffles=0
		Merged Map outputs=4
		GC time elapsed (ms)=1492
		CPU time spent (ms)=42280
		Physical memory (bytes) snapshot=1278722048
		Virtual memory (bytes) snapshot=10542628864
		Total committed heap usage (bytes)=940048384
	Shuffle Errors
		BAD_ID=0
		CONNECTION=0
		IO_ERROR=0
		WRONG_LENGTH=0
		WRONG_MAP=0
		WRONG_REDUCE=0
	File Input Format Counters 
		Bytes Read=459727250
	File Output Format Counters 
		Bytes Written=320679503
