20/06/09 22:42:55 INFO client.RMProxy: Connecting to ResourceManager at master/10.51.17.95:8032
20/06/09 22:42:56 INFO input.FileInputFormat: Total input paths to process : 10
20/06/09 22:42:56 INFO mapreduce.JobSubmitter: number of splits:90
20/06/09 22:42:56 INFO mapreduce.JobSubmitter: Submitting tokens for job: job_1591710121156_0002
20/06/09 22:42:57 INFO impl.YarnClientImpl: Submitted application application_1591710121156_0002
20/06/09 22:42:57 INFO mapreduce.Job: The url to track the job: http://master:8088/proxy/application_1591710121156_0002/
20/06/09 22:42:57 INFO mapreduce.Job: Running job: job_1591710121156_0002
20/06/09 22:43:06 INFO mapreduce.Job: Job job_1591710121156_0002 running in uber mode : false
20/06/09 22:43:06 INFO mapreduce.Job:  map 0% reduce 0%
20/06/09 22:43:20 INFO mapreduce.Job:  map 1% reduce 0%
20/06/09 22:43:22 INFO mapreduce.Job:  map 2% reduce 0%
20/06/09 22:43:25 INFO mapreduce.Job:  map 3% reduce 0%
20/06/09 22:43:34 INFO mapreduce.Job:  map 4% reduce 0%
20/06/09 22:43:38 INFO mapreduce.Job:  map 5% reduce 0%
20/06/09 22:43:45 INFO mapreduce.Job:  map 6% reduce 0%
20/06/09 22:43:48 INFO mapreduce.Job:  map 7% reduce 0%
20/06/09 22:43:54 INFO mapreduce.Job:  map 8% reduce 0%
20/06/09 22:43:59 INFO mapreduce.Job:  map 9% reduce 0%
20/06/09 22:44:02 INFO mapreduce.Job:  map 10% reduce 0%
20/06/09 22:44:04 INFO mapreduce.Job:  map 11% reduce 0%
20/06/09 22:44:05 INFO mapreduce.Job:  map 12% reduce 0%
20/06/09 22:44:11 INFO mapreduce.Job:  map 13% reduce 0%
20/06/09 22:44:19 INFO mapreduce.Job:  map 14% reduce 0%
20/06/09 22:44:20 INFO mapreduce.Job:  map 15% reduce 0%
20/06/09 22:44:22 INFO mapreduce.Job:  map 16% reduce 0%
20/06/09 22:44:23 INFO mapreduce.Job:  map 17% reduce 0%
20/06/09 22:44:29 INFO mapreduce.Job:  map 18% reduce 0%
20/06/09 22:44:35 INFO mapreduce.Job:  map 18% reduce 5%
20/06/09 22:44:36 INFO mapreduce.Job:  map 19% reduce 5%
20/06/09 22:44:39 INFO mapreduce.Job:  map 20% reduce 5%
20/06/09 22:44:46 INFO mapreduce.Job:  map 21% reduce 5%
20/06/09 22:44:49 INFO mapreduce.Job:  map 22% reduce 5%
20/06/09 22:44:56 INFO mapreduce.Job:  map 23% reduce 5%
20/06/09 22:44:58 INFO mapreduce.Job:  map 24% reduce 5%
20/06/09 22:44:59 INFO mapreduce.Job:  map 25% reduce 5%
20/06/09 22:45:00 INFO mapreduce.Job:  map 25% reduce 7%
20/06/09 22:45:05 INFO mapreduce.Job:  map 26% reduce 7%
20/06/09 22:45:10 INFO mapreduce.Job:  map 27% reduce 7%
20/06/09 22:45:17 INFO mapreduce.Job:  map 28% reduce 7%
20/06/09 22:45:20 INFO mapreduce.Job:  map 29% reduce 7%
20/06/09 22:45:25 INFO mapreduce.Job:  map 30% reduce 7%
20/06/09 22:45:27 INFO mapreduce.Job:  map 31% reduce 8%
20/06/09 22:45:28 INFO mapreduce.Job:  map 32% reduce 8%
20/06/09 22:45:30 INFO mapreduce.Job:  map 32% reduce 9%
20/06/09 22:45:33 INFO mapreduce.Job:  map 33% reduce 9%
20/06/09 22:45:34 INFO mapreduce.Job:  map 33% reduce 10%
20/06/09 22:45:38 INFO mapreduce.Job:  map 34% reduce 10%
20/06/09 22:45:43 INFO mapreduce.Job:  map 35% reduce 10%
20/06/09 22:45:49 INFO mapreduce.Job:  map 36% reduce 10%
20/06/09 22:45:51 INFO mapreduce.Job:  map 37% reduce 10%
20/06/09 22:45:53 INFO mapreduce.Job:  map 38% reduce 10%
20/06/09 22:45:54 INFO mapreduce.Job:  map 38% reduce 11%
20/06/09 22:45:57 INFO mapreduce.Job:  map 38% reduce 12%
20/06/09 22:45:59 INFO mapreduce.Job:  map 39% reduce 12%
20/06/09 22:46:03 INFO mapreduce.Job:  map 40% reduce 12%
20/06/09 22:46:08 INFO mapreduce.Job:  map 41% reduce 12%
20/06/09 22:46:13 INFO mapreduce.Job:  map 42% reduce 12%
20/06/09 22:46:19 INFO mapreduce.Job:  map 43% reduce 12%
20/06/09 22:46:23 INFO mapreduce.Job:  map 44% reduce 12%
20/06/09 22:46:28 INFO mapreduce.Job:  map 45% reduce 12%
20/06/09 22:46:31 INFO mapreduce.Job:  map 45% reduce 13%
20/06/09 22:46:32 INFO mapreduce.Job:  map 46% reduce 13%
20/06/09 22:46:34 INFO mapreduce.Job:  map 47% reduce 13%
20/06/09 22:46:37 INFO mapreduce.Job:  map 48% reduce 14%
20/06/09 22:46:42 INFO mapreduce.Job:  map 49% reduce 14%
20/06/09 22:46:44 INFO mapreduce.Job:  map 50% reduce 14%
20/06/09 22:46:47 INFO mapreduce.Job:  map 50% reduce 16%
20/06/09 22:46:48 INFO mapreduce.Job:  map 51% reduce 16%
20/06/09 22:46:52 INFO mapreduce.Job:  map 52% reduce 16%
20/06/09 22:46:56 INFO mapreduce.Job:  map 52% reduce 17%
20/06/09 22:46:57 INFO mapreduce.Job:  map 53% reduce 17%
20/06/09 22:47:02 INFO mapreduce.Job:  map 54% reduce 17%
20/06/09 22:47:06 INFO mapreduce.Job:  map 55% reduce 17%
20/06/09 22:47:10 INFO mapreduce.Job:  map 56% reduce 17%
20/06/09 22:47:16 INFO mapreduce.Job:  map 57% reduce 17%
20/06/09 22:47:21 INFO mapreduce.Job:  map 58% reduce 17%
20/06/09 22:47:28 INFO mapreduce.Job:  map 59% reduce 17%
20/06/09 22:47:31 INFO mapreduce.Job:  map 60% reduce 17%
20/06/09 22:47:34 INFO mapreduce.Job:  map 61% reduce 17%
20/06/09 22:47:35 INFO mapreduce.Job:  map 61% reduce 18%
20/06/09 22:47:40 INFO mapreduce.Job:  map 62% reduce 18%
20/06/09 22:47:41 INFO mapreduce.Job:  map 63% reduce 18%
20/06/09 22:47:43 INFO mapreduce.Job:  map 64% reduce 18%
20/06/09 22:47:44 INFO mapreduce.Job:  map 64% reduce 20%
20/06/09 22:47:47 INFO mapreduce.Job:  map 65% reduce 21%
20/06/09 22:47:52 INFO mapreduce.Job:  map 66% reduce 21%
20/06/09 22:47:55 INFO mapreduce.Job:  map 67% reduce 21%
20/06/09 22:47:58 INFO mapreduce.Job:  map 68% reduce 21%
20/06/09 22:47:59 INFO mapreduce.Job:  map 68% reduce 22%
20/06/09 22:48:04 INFO mapreduce.Job:  map 69% reduce 22%
20/06/09 22:48:09 INFO mapreduce.Job:  map 70% reduce 22%
20/06/09 22:48:15 INFO mapreduce.Job:  map 71% reduce 22%
20/06/09 22:48:19 INFO mapreduce.Job:  map 72% reduce 22%
20/06/09 22:48:24 INFO mapreduce.Job:  map 73% reduce 22%
20/06/09 22:48:28 INFO mapreduce.Job:  map 74% reduce 22%
20/06/09 22:48:31 INFO mapreduce.Job:  map 75% reduce 22%
20/06/09 22:48:33 INFO mapreduce.Job:  map 75% reduce 23%
20/06/09 22:48:36 INFO mapreduce.Job:  map 76% reduce 23%
20/06/09 22:48:41 INFO mapreduce.Job:  map 77% reduce 23%
20/06/09 22:48:42 INFO mapreduce.Job:  map 78% reduce 24%
20/06/09 22:48:47 INFO mapreduce.Job:  map 79% reduce 24%
20/06/09 22:48:51 INFO mapreduce.Job:  map 80% reduce 24%
20/06/09 22:48:52 INFO mapreduce.Job:  map 81% reduce 26%
20/06/09 22:48:55 INFO mapreduce.Job:  map 82% reduce 27%
20/06/09 22:49:01 INFO mapreduce.Job:  map 83% reduce 27%
20/06/09 22:49:03 INFO mapreduce.Job:  map 85% reduce 27%
20/06/09 22:49:05 INFO mapreduce.Job:  map 86% reduce 27%
20/06/09 22:49:06 INFO mapreduce.Job:  map 87% reduce 27%
20/06/09 22:49:10 INFO mapreduce.Job:  map 88% reduce 27%
20/06/09 22:49:13 INFO mapreduce.Job:  map 89% reduce 27%
20/06/09 22:49:16 INFO mapreduce.Job:  map 90% reduce 28%
20/06/09 22:49:19 INFO mapreduce.Job:  map 91% reduce 29%
20/06/09 22:49:22 INFO mapreduce.Job:  map 92% reduce 29%
20/06/09 22:49:24 INFO mapreduce.Job:  map 93% reduce 29%
20/06/09 22:49:26 INFO mapreduce.Job:  map 94% reduce 29%
20/06/09 22:49:27 INFO mapreduce.Job:  map 95% reduce 29%
20/06/09 22:49:29 INFO mapreduce.Job:  map 96% reduce 30%
20/06/09 22:49:31 INFO mapreduce.Job:  map 97% reduce 30%
20/06/09 22:49:35 INFO mapreduce.Job:  map 98% reduce 31%
20/06/09 22:49:37 INFO mapreduce.Job:  map 99% reduce 31%
20/06/09 22:49:38 INFO mapreduce.Job:  map 99% reduce 32%
20/06/09 22:49:41 INFO mapreduce.Job:  map 99% reduce 33%
20/06/09 22:49:43 INFO mapreduce.Job:  map 100% reduce 33%
20/06/09 22:49:44 INFO mapreduce.Job:  map 100% reduce 48%
20/06/09 22:49:47 INFO mapreduce.Job:  map 100% reduce 71%
20/06/09 22:49:50 INFO mapreduce.Job:  map 100% reduce 77%
20/06/09 22:49:53 INFO mapreduce.Job:  map 100% reduce 82%
20/06/09 22:49:56 INFO mapreduce.Job:  map 100% reduce 88%
20/06/09 22:49:59 INFO mapreduce.Job:  map 100% reduce 97%
20/06/09 22:50:00 INFO mapreduce.Job:  map 100% reduce 100%
20/06/09 22:50:00 INFO mapreduce.Job: Job job_1591710121156_0002 completed successfully
20/06/09 22:50:00 INFO mapreduce.Job: Counters: 51
	File System Counters
		FILE: Number of bytes read=1675888843
		FILE: Number of bytes written=2481356128
		FILE: Number of read operations=0
		FILE: Number of large read operations=0
		FILE: Number of write operations=0
		HDFS: Number of bytes read=11025300728
		HDFS: Number of bytes written=471491635
		HDFS: Number of read operations=273
		HDFS: Number of large read operations=0
		HDFS: Number of write operations=2
	Job Counters 
		Killed map tasks=1
		Launched map tasks=91
		Launched reduce tasks=1
		Data-local map tasks=89
		Rack-local map tasks=2
		Total time spent by all maps in occupied slots (ms)=5033054
		Total time spent by all reduces in occupied slots (ms)=337197
		Total time spent by all map tasks (ms)=5033054
		Total time spent by all reduce tasks (ms)=337197
		Total vcore-milliseconds taken by all map tasks=5033054
		Total vcore-milliseconds taken by all reduce tasks=337197
		Total megabyte-milliseconds taken by all map tasks=5153847296
		Total megabyte-milliseconds taken by all reduce tasks=345289728
	Map-Reduce Framework
		Map input records=723447
		Map output records=1009882739
		Map output bytes=19272761971
		Map output materialized bytes=794256879
		Input split bytes=10530
		Combine input records=1034861060
		Combine output records=47531797
		Reduce input groups=9654748
		Reduce shuffle bytes=794256879
		Reduce input records=22553476
		Reduce output records=9654748
		Spilled Records=70762536
		Shuffled Maps =90
		Failed Shuffles=0
		Merged Map outputs=90
		GC time elapsed (ms)=109720
		CPU time spent (ms)=2028220
		Physical memory (bytes) snapshot=25073152000
		Virtual memory (bytes) snapshot=191983054848
		Total committed heap usage (bytes)=18927845376
	Shuffle Errors
		BAD_ID=0
		CONNECTION=0
		IO_ERROR=0
		WRONG_LENGTH=0
		WRONG_MAP=0
		WRONG_REDUCE=0
	File Input Format Counters 
		Bytes Read=11025290198
	File Output Format Counters 
		Bytes Written=471491635
20/06/09 22:50:00 INFO client.RMProxy: Connecting to ResourceManager at master/10.51.17.95:8032
20/06/09 22:50:00 INFO input.FileInputFormat: Total input paths to process : 1
20/06/09 22:50:00 INFO mapreduce.JobSubmitter: number of splits:4
20/06/09 22:50:00 INFO mapreduce.JobSubmitter: Submitting tokens for job: job_1591710121156_0003
20/06/09 22:50:01 INFO impl.YarnClientImpl: Submitted application application_1591710121156_0003
20/06/09 22:50:01 INFO mapreduce.Job: The url to track the job: http://master:8088/proxy/application_1591710121156_0003/
20/06/09 22:50:01 INFO mapreduce.Job: Running job: job_1591710121156_0003
20/06/09 22:50:10 INFO mapreduce.Job: Job job_1591710121156_0003 running in uber mode : false
20/06/09 22:50:10 INFO mapreduce.Job:  map 0% reduce 0%
20/06/09 22:50:19 INFO mapreduce.Job:  map 25% reduce 0%
20/06/09 22:50:21 INFO mapreduce.Job:  map 49% reduce 0%
20/06/09 22:50:22 INFO mapreduce.Job:  map 60% reduce 0%
20/06/09 22:50:23 INFO mapreduce.Job:  map 68% reduce 0%
20/06/09 22:50:24 INFO mapreduce.Job:  map 73% reduce 0%
20/06/09 22:50:25 INFO mapreduce.Job:  map 83% reduce 0%
20/06/09 22:50:26 INFO mapreduce.Job:  map 87% reduce 0%
20/06/09 22:50:27 INFO mapreduce.Job:  map 92% reduce 0%
20/06/09 22:50:29 INFO mapreduce.Job:  map 100% reduce 25%
20/06/09 22:50:32 INFO mapreduce.Job:  map 100% reduce 76%
20/06/09 22:50:35 INFO mapreduce.Job:  map 100% reduce 93%
20/06/09 22:50:37 INFO mapreduce.Job:  map 100% reduce 100%
20/06/09 22:50:37 INFO mapreduce.Job: Job job_1591710121156_0003 completed successfully
20/06/09 22:50:37 INFO mapreduce.Job: Counters: 50
	File System Counters
		FILE: Number of bytes read=754913188
		FILE: Number of bytes written=1164484668
		FILE: Number of read operations=0
		FILE: Number of large read operations=0
		FILE: Number of write operations=0
		HDFS: Number of bytes read=471493602
		HDFS: Number of bytes written=332379648
		HDFS: Number of read operations=19
		HDFS: Number of large read operations=0
		HDFS: Number of write operations=2
	Job Counters 
		Killed map tasks=1
		Launched map tasks=5
		Launched reduce tasks=1
		Data-local map tasks=5
		Total time spent by all maps in occupied slots (ms)=56329
		Total time spent by all reduces in occupied slots (ms)=15640
		Total time spent by all map tasks (ms)=56329
		Total time spent by all reduce tasks (ms)=15640
		Total vcore-milliseconds taken by all map tasks=56329
		Total vcore-milliseconds taken by all reduce tasks=15640
		Total megabyte-milliseconds taken by all map tasks=57680896
		Total megabyte-milliseconds taken by all reduce tasks=16015360
	Map-Reduce Framework
		Map input records=9654748
		Map output records=9654748
		Map output bytes=389648625
		Map output materialized bytes=408958145
		Input split bytes=504
		Combine input records=0
		Combine output records=0
		Reduce input groups=1257
		Reduce shuffle bytes=408958145
		Reduce input records=9654748
		Reduce output records=9654748
		Spilled Records=28103166
		Shuffled Maps =4
		Failed Shuffles=0
		Merged Map outputs=4
		GC time elapsed (ms)=1651
		CPU time spent (ms)=41850
		Physical memory (bytes) snapshot=1305808896
		Virtual memory (bytes) snapshot=10545573888
		Total committed heap usage (bytes)=939524096
	Shuffle Errors
		BAD_ID=0
		CONNECTION=0
		IO_ERROR=0
		WRONG_LENGTH=0
		WRONG_MAP=0
		WRONG_REDUCE=0
	File Input Format Counters 
		Bytes Read=471493098
	File Output Format Counters 
		Bytes Written=332379648
