20/06/10 13:21:55 INFO client.RMProxy: Connecting to ResourceManager at master/10.51.17.95:8032
20/06/10 13:21:56 INFO client.RMProxy: Connecting to ResourceManager at master/10.51.17.95:8032
20/06/10 13:21:56 INFO input.FileInputFormat: Total input paths to process : 10
20/06/10 13:21:57 INFO mapreduce.JobSubmitter: number of splits:80
20/06/10 13:21:57 INFO mapreduce.JobSubmitter: Submitting tokens for job: job_1591762845802_0002
20/06/10 13:21:57 INFO impl.YarnClientImpl: Submitted application application_1591762845802_0002
20/06/10 13:21:57 INFO mapreduce.Job: The url to track the job: http://master:8088/proxy/application_1591762845802_0002/
20/06/10 13:21:57 INFO mapreduce.Job: Running job: job_1591762845802_0002
20/06/10 13:22:05 INFO mapreduce.Job: Job job_1591762845802_0002 running in uber mode : false
20/06/10 13:22:05 INFO mapreduce.Job:  map 0% reduce 0%
20/06/10 13:22:15 INFO mapreduce.Job:  map 1% reduce 0%
20/06/10 13:22:16 INFO mapreduce.Job:  map 3% reduce 0%
20/06/10 13:22:17 INFO mapreduce.Job:  map 4% reduce 0%
20/06/10 13:22:18 INFO mapreduce.Job:  map 6% reduce 0%
20/06/10 13:22:20 INFO mapreduce.Job:  map 9% reduce 0%
20/06/10 13:22:21 INFO mapreduce.Job:  map 14% reduce 0%
20/06/10 13:22:22 INFO mapreduce.Job:  map 15% reduce 0%
20/06/10 13:22:25 INFO mapreduce.Job:  map 16% reduce 0%
20/06/10 13:22:26 INFO mapreduce.Job:  map 17% reduce 0%
20/06/10 13:22:27 INFO mapreduce.Job:  map 18% reduce 0%
20/06/10 13:22:29 INFO mapreduce.Job:  map 19% reduce 0%
20/06/10 13:22:30 INFO mapreduce.Job:  map 21% reduce 0%
20/06/10 13:22:31 INFO mapreduce.Job:  map 22% reduce 0%
20/06/10 13:22:32 INFO mapreduce.Job:  map 24% reduce 0%
20/06/10 13:22:33 INFO mapreduce.Job:  map 26% reduce 0%
20/06/10 13:22:35 INFO mapreduce.Job:  map 28% reduce 0%
20/06/10 13:22:36 INFO mapreduce.Job:  map 29% reduce 0%
20/06/10 13:22:37 INFO mapreduce.Job:  map 31% reduce 0%
20/06/10 13:22:39 INFO mapreduce.Job:  map 32% reduce 0%
20/06/10 13:22:40 INFO mapreduce.Job:  map 32% reduce 1%
20/06/10 13:22:42 INFO mapreduce.Job:  map 33% reduce 2%
20/06/10 13:22:43 INFO mapreduce.Job:  map 33% reduce 3%
20/06/10 13:22:45 INFO mapreduce.Job:  map 34% reduce 3%
20/06/10 13:22:46 INFO mapreduce.Job:  map 35% reduce 3%
20/06/10 13:22:47 INFO mapreduce.Job:  map 35% reduce 5%
20/06/10 13:22:48 INFO mapreduce.Job:  map 36% reduce 5%
20/06/10 13:22:49 INFO mapreduce.Job:  map 37% reduce 5%
20/06/10 13:22:51 INFO mapreduce.Job:  map 39% reduce 6%
20/06/10 13:22:52 INFO mapreduce.Job:  map 40% reduce 6%
20/06/10 13:22:53 INFO mapreduce.Job:  map 41% reduce 7%
20/06/10 13:22:54 INFO mapreduce.Job:  map 42% reduce 7%
20/06/10 13:22:56 INFO mapreduce.Job:  map 43% reduce 8%
20/06/10 13:23:00 INFO mapreduce.Job:  map 44% reduce 9%
20/06/10 13:23:03 INFO mapreduce.Job:  map 45% reduce 9%
20/06/10 13:23:07 INFO mapreduce.Job:  map 47% reduce 9%
20/06/10 13:23:08 INFO mapreduce.Job:  map 48% reduce 9%
20/06/10 13:23:09 INFO mapreduce.Job:  map 49% reduce 9%
20/06/10 13:23:11 INFO mapreduce.Job:  map 50% reduce 10%
20/06/10 13:23:12 INFO mapreduce.Job:  map 51% reduce 10%
20/06/10 13:23:14 INFO mapreduce.Job:  map 52% reduce 10%
20/06/10 13:23:15 INFO mapreduce.Job:  map 52% reduce 11%
20/06/10 13:23:18 INFO mapreduce.Job:  map 53% reduce 11%
20/06/10 13:23:19 INFO mapreduce.Job:  map 54% reduce 11%
20/06/10 13:23:21 INFO mapreduce.Job:  map 56% reduce 11%
20/06/10 13:23:22 INFO mapreduce.Job:  map 58% reduce 11%
20/06/10 13:23:23 INFO mapreduce.Job:  map 58% reduce 12%
20/06/10 13:23:24 INFO mapreduce.Job:  map 59% reduce 12%
20/06/10 13:23:25 INFO mapreduce.Job:  map 60% reduce 12%
20/06/10 13:23:26 INFO mapreduce.Job:  map 60% reduce 13%
20/06/10 13:23:29 INFO mapreduce.Job:  map 61% reduce 13%
20/06/10 13:23:32 INFO mapreduce.Job:  map 62% reduce 13%
20/06/10 13:23:35 INFO mapreduce.Job:  map 64% reduce 14%
20/06/10 13:23:36 INFO mapreduce.Job:  map 66% reduce 14%
20/06/10 13:23:37 INFO mapreduce.Job:  map 67% reduce 14%
20/06/10 13:23:38 INFO mapreduce.Job:  map 68% reduce 14%
20/06/10 13:23:39 INFO mapreduce.Job:  map 69% reduce 15%
20/06/10 13:23:42 INFO mapreduce.Job:  map 69% reduce 16%
20/06/10 13:23:44 INFO mapreduce.Job:  map 70% reduce 16%
20/06/10 13:23:46 INFO mapreduce.Job:  map 71% reduce 16%
20/06/10 13:23:48 INFO mapreduce.Job:  map 73% reduce 17%
20/06/10 13:23:50 INFO mapreduce.Job:  map 75% reduce 17%
20/06/10 13:23:51 INFO mapreduce.Job:  map 76% reduce 17%
20/06/10 13:23:52 INFO mapreduce.Job:  map 77% reduce 17%
20/06/10 13:23:53 INFO mapreduce.Job:  map 77% reduce 18%
20/06/10 13:23:54 INFO mapreduce.Job:  map 78% reduce 18%
20/06/10 13:23:56 INFO mapreduce.Job:  map 78% reduce 19%
20/06/10 13:24:01 INFO mapreduce.Job:  map 79% reduce 19%
20/06/10 13:24:03 INFO mapreduce.Job:  map 79% reduce 20%
20/06/10 13:24:04 INFO mapreduce.Job:  map 81% reduce 20%
20/06/10 13:24:05 INFO mapreduce.Job:  map 82% reduce 20%
20/06/10 13:24:09 INFO mapreduce.Job:  map 82% reduce 21%
20/06/10 13:24:12 INFO mapreduce.Job:  map 83% reduce 21%
20/06/10 13:24:15 INFO mapreduce.Job:  map 84% reduce 22%
20/06/10 13:24:17 INFO mapreduce.Job:  map 85% reduce 22%
20/06/10 13:24:20 INFO mapreduce.Job:  map 86% reduce 22%
20/06/10 13:24:21 INFO mapreduce.Job:  map 86% reduce 23%
20/06/10 13:24:22 INFO mapreduce.Job:  map 87% reduce 23%
20/06/10 13:24:24 INFO mapreduce.Job:  map 87% reduce 24%
20/06/10 13:24:27 INFO mapreduce.Job:  map 88% reduce 24%
20/06/10 13:24:31 INFO mapreduce.Job:  map 89% reduce 24%
20/06/10 13:24:32 INFO mapreduce.Job:  map 89% reduce 25%
20/06/10 13:24:34 INFO mapreduce.Job:  map 90% reduce 25%
20/06/10 13:24:36 INFO mapreduce.Job:  map 91% reduce 25%
20/06/10 13:24:39 INFO mapreduce.Job:  map 92% reduce 26%
20/06/10 13:24:40 INFO mapreduce.Job:  map 93% reduce 26%
20/06/10 13:24:41 INFO mapreduce.Job:  map 94% reduce 26%
20/06/10 13:24:42 INFO mapreduce.Job:  map 94% reduce 27%
20/06/10 13:24:45 INFO mapreduce.Job:  map 94% reduce 28%
20/06/10 13:24:47 INFO mapreduce.Job:  map 95% reduce 28%
20/06/10 13:24:54 INFO mapreduce.Job:  map 95% reduce 29%
20/06/10 13:24:57 INFO mapreduce.Job:  map 95% reduce 30%
20/06/10 13:25:00 INFO mapreduce.Job:  map 95% reduce 31%
20/06/10 13:25:09 INFO mapreduce.Job:  map 95% reduce 32%
20/06/10 13:25:18 INFO mapreduce.Job:  map 96% reduce 32%
20/06/10 13:25:20 INFO mapreduce.Job:  map 100% reduce 32%
20/06/10 13:25:21 INFO mapreduce.Job:  map 100% reduce 33%
20/06/10 13:25:24 INFO mapreduce.Job:  map 100% reduce 38%
20/06/10 13:25:25 INFO mapreduce.Job:  map 100% reduce 59%
20/06/10 13:25:27 INFO mapreduce.Job:  map 100% reduce 65%
20/06/10 13:25:28 INFO mapreduce.Job:  map 100% reduce 67%
20/06/10 13:25:30 INFO mapreduce.Job:  map 100% reduce 68%
20/06/10 13:25:31 INFO mapreduce.Job:  map 100% reduce 69%
20/06/10 13:25:33 INFO mapreduce.Job:  map 100% reduce 70%
20/06/10 13:25:34 INFO mapreduce.Job:  map 100% reduce 71%
20/06/10 13:25:36 INFO mapreduce.Job:  map 100% reduce 72%
20/06/10 13:25:37 INFO mapreduce.Job:  map 100% reduce 73%
20/06/10 13:25:39 INFO mapreduce.Job:  map 100% reduce 74%
20/06/10 13:25:40 INFO mapreduce.Job:  map 100% reduce 75%
20/06/10 13:25:42 INFO mapreduce.Job:  map 100% reduce 76%
20/06/10 13:25:43 INFO mapreduce.Job:  map 100% reduce 77%
20/06/10 13:25:46 INFO mapreduce.Job:  map 100% reduce 79%
20/06/10 13:25:48 INFO mapreduce.Job:  map 100% reduce 80%
20/06/10 13:25:49 INFO mapreduce.Job:  map 100% reduce 81%
20/06/10 13:25:52 INFO mapreduce.Job:  map 100% reduce 82%
20/06/10 13:25:55 INFO mapreduce.Job:  map 100% reduce 84%
20/06/10 13:25:58 INFO mapreduce.Job:  map 100% reduce 85%
20/06/10 13:26:00 INFO mapreduce.Job:  map 100% reduce 86%
20/06/10 13:26:01 INFO mapreduce.Job:  map 100% reduce 87%
20/06/10 13:26:04 INFO mapreduce.Job:  map 100% reduce 88%
20/06/10 13:26:06 INFO mapreduce.Job:  map 100% reduce 89%
20/06/10 13:26:07 INFO mapreduce.Job:  map 100% reduce 90%
20/06/10 13:26:10 INFO mapreduce.Job:  map 100% reduce 92%
20/06/10 13:26:13 INFO mapreduce.Job:  map 100% reduce 93%
20/06/10 13:26:16 INFO mapreduce.Job:  map 100% reduce 94%
20/06/10 13:26:19 INFO mapreduce.Job:  map 100% reduce 96%
20/06/10 13:26:22 INFO mapreduce.Job:  map 100% reduce 97%
20/06/10 13:26:25 INFO mapreduce.Job:  map 100% reduce 99%
20/06/10 13:26:28 INFO mapreduce.Job:  map 100% reduce 100%
20/06/10 13:26:29 INFO mapreduce.Job: Job job_1591762845802_0002 completed successfully
20/06/10 13:26:29 INFO mapreduce.Job: Counters: 51
	File System Counters
		FILE: Number of bytes read=31974587681
		FILE: Number of bytes written=42735143771
		FILE: Number of read operations=0
		FILE: Number of large read operations=0
		FILE: Number of write operations=0
		HDFS: Number of bytes read=10774032030
		HDFS: Number of bytes written=10772856063
		HDFS: Number of read operations=329
		HDFS: Number of large read operations=0
		HDFS: Number of write operations=6
	Job Counters 
		Killed map tasks=4
		Launched map tasks=83
		Launched reduce tasks=3
		Data-local map tasks=72
		Rack-local map tasks=11
		Total time spent by all maps in occupied slots (ms)=1837474
		Total time spent by all reduces in occupied slots (ms)=694717
		Total time spent by all map tasks (ms)=1837474
		Total time spent by all reduce tasks (ms)=694717
		Total vcore-milliseconds taken by all map tasks=1837474
		Total vcore-milliseconds taken by all reduce tasks=694717
		Total megabyte-milliseconds taken by all map tasks=1881573376
		Total megabyte-milliseconds taken by all reduce tasks=711390208
	Map-Reduce Framework
		Map input records=1022682
		Map output records=1022682
		Map output bytes=10745657579
		Map output materialized bytes=10751408111
		Input split bytes=9040
		Combine input records=0
		Combine output records=0
		Reduce input groups=1022682
		Reduce shuffle bytes=10751408111
		Reduce input records=1022682
		Reduce output records=1022682
		Spilled Records=4064179
		Shuffled Maps =240
		Failed Shuffles=0
		Merged Map outputs=240
		GC time elapsed (ms)=13938
		CPU time spent (ms)=235060
		Physical memory (bytes) snapshot=22017900544
		Virtual memory (bytes) snapshot=175132553216
		Total committed heap usage (bytes)=16540762112
	Shuffle Errors
		BAD_ID=0
		CONNECTION=0
		IO_ERROR=0
		WRONG_LENGTH=0
		WRONG_MAP=0
		WRONG_REDUCE=0
	File Input Format Counters 
		Bytes Read=10774022990
	File Output Format Counters 
		Bytes Written=10772856063
