20/06/13 03:38:15 INFO client.RMProxy: Connecting to ResourceManager at master/10.51.17.95:8032
20/06/13 03:38:15 INFO client.RMProxy: Connecting to ResourceManager at master/10.51.17.95:8032
20/06/13 03:38:16 INFO input.FileInputFormat: Total input paths to process : 10
20/06/13 03:38:16 INFO mapreduce.JobSubmitter: number of splits:80
20/06/13 03:38:16 INFO mapreduce.JobSubmitter: Submitting tokens for job: job_1591986458814_0004
20/06/13 03:38:17 INFO impl.YarnClientImpl: Submitted application application_1591986458814_0004
20/06/13 03:38:17 INFO mapreduce.Job: The url to track the job: http://master:8088/proxy/application_1591986458814_0004/
20/06/13 03:38:17 INFO mapreduce.Job: Running job: job_1591986458814_0004
20/06/13 03:38:27 INFO mapreduce.Job: Job job_1591986458814_0004 running in uber mode : false
20/06/13 03:38:27 INFO mapreduce.Job:  map 0% reduce 0%
20/06/13 03:38:39 INFO mapreduce.Job:  map 1% reduce 0%
20/06/13 03:38:41 INFO mapreduce.Job:  map 3% reduce 0%
20/06/13 03:38:42 INFO mapreduce.Job:  map 5% reduce 0%
20/06/13 03:38:43 INFO mapreduce.Job:  map 7% reduce 0%
20/06/13 03:38:44 INFO mapreduce.Job:  map 13% reduce 0%
20/06/13 03:38:45 INFO mapreduce.Job:  map 14% reduce 0%
20/06/13 03:38:49 INFO mapreduce.Job:  map 15% reduce 0%
20/06/13 03:38:51 INFO mapreduce.Job:  map 16% reduce 0%
20/06/13 03:38:52 INFO mapreduce.Job:  map 18% reduce 0%
20/06/13 03:38:54 INFO mapreduce.Job:  map 19% reduce 0%
20/06/13 03:38:55 INFO mapreduce.Job:  map 20% reduce 0%
20/06/13 03:38:57 INFO mapreduce.Job:  map 21% reduce 0%
20/06/13 03:38:58 INFO mapreduce.Job:  map 22% reduce 1%
20/06/13 03:39:00 INFO mapreduce.Job:  map 23% reduce 1%
20/06/13 03:39:01 INFO mapreduce.Job:  map 23% reduce 2%
20/06/13 03:39:03 INFO mapreduce.Job:  map 24% reduce 2%
20/06/13 03:39:05 INFO mapreduce.Job:  map 25% reduce 2%
20/06/13 03:39:06 INFO mapreduce.Job:  map 26% reduce 3%
20/06/13 03:39:07 INFO mapreduce.Job:  map 27% reduce 3%
20/06/13 03:39:09 INFO mapreduce.Job:  map 29% reduce 3%
20/06/13 03:39:12 INFO mapreduce.Job:  map 30% reduce 4%
20/06/13 03:39:15 INFO mapreduce.Job:  map 31% reduce 4%
20/06/13 03:39:16 INFO mapreduce.Job:  map 32% reduce 4%
20/06/13 03:39:17 INFO mapreduce.Job:  map 33% reduce 4%
20/06/13 03:39:18 INFO mapreduce.Job:  map 34% reduce 5%
20/06/13 03:39:22 INFO mapreduce.Job:  map 36% reduce 5%
20/06/13 03:39:24 INFO mapreduce.Job:  map 36% reduce 6%
20/06/13 03:39:28 INFO mapreduce.Job:  map 37% reduce 6%
20/06/13 03:39:31 INFO mapreduce.Job:  map 37% reduce 8%
20/06/13 03:39:32 INFO mapreduce.Job:  map 38% reduce 8%
20/06/13 03:39:33 INFO mapreduce.Job:  map 38% reduce 9%
20/06/13 03:39:34 INFO mapreduce.Job:  map 39% reduce 9%
20/06/13 03:39:37 INFO mapreduce.Job:  map 40% reduce 10%
20/06/13 03:39:39 INFO mapreduce.Job:  map 42% reduce 10%
20/06/13 03:39:42 INFO mapreduce.Job:  map 44% reduce 11%
20/06/13 03:39:44 INFO mapreduce.Job:  map 45% reduce 11%
20/06/13 03:39:45 INFO mapreduce.Job:  map 46% reduce 11%
20/06/13 03:39:46 INFO mapreduce.Job:  map 46% reduce 12%
20/06/13 03:39:48 INFO mapreduce.Job:  map 47% reduce 12%
20/06/13 03:39:50 INFO mapreduce.Job:  map 48% reduce 12%
20/06/13 03:39:52 INFO mapreduce.Job:  map 49% reduce 12%
20/06/13 03:39:54 INFO mapreduce.Job:  map 50% reduce 13%
20/06/13 03:39:57 INFO mapreduce.Job:  map 50% reduce 14%
20/06/13 03:39:59 INFO mapreduce.Job:  map 51% reduce 14%
20/06/13 03:40:01 INFO mapreduce.Job:  map 51% reduce 15%
20/06/13 03:40:02 INFO mapreduce.Job:  map 52% reduce 15%
20/06/13 03:40:06 INFO mapreduce.Job:  map 53% reduce 15%
20/06/13 03:40:08 INFO mapreduce.Job:  map 54% reduce 15%
20/06/13 03:40:10 INFO mapreduce.Job:  map 55% reduce 15%
20/06/13 03:40:11 INFO mapreduce.Job:  map 57% reduce 15%
20/06/13 03:40:12 INFO mapreduce.Job:  map 58% reduce 15%
20/06/13 03:40:13 INFO mapreduce.Job:  map 59% reduce 15%
20/06/13 03:40:15 INFO mapreduce.Job:  map 59% reduce 16%
20/06/13 03:40:19 INFO mapreduce.Job:  map 60% reduce 16%
20/06/13 03:40:22 INFO mapreduce.Job:  map 61% reduce 16%
20/06/13 03:40:25 INFO mapreduce.Job:  map 63% reduce 17%
20/06/13 03:40:28 INFO mapreduce.Job:  map 63% reduce 18%
20/06/13 03:40:30 INFO mapreduce.Job:  map 64% reduce 18%
20/06/13 03:40:33 INFO mapreduce.Job:  map 65% reduce 18%
20/06/13 03:40:35 INFO mapreduce.Job:  map 67% reduce 18%
20/06/13 03:40:36 INFO mapreduce.Job:  map 68% reduce 18%
20/06/13 03:40:38 INFO mapreduce.Job:  map 69% reduce 18%
20/06/13 03:40:39 INFO mapreduce.Job:  map 70% reduce 18%
20/06/13 03:40:40 INFO mapreduce.Job:  map 70% reduce 19%
20/06/13 03:40:44 INFO mapreduce.Job:  map 71% reduce 19%
20/06/13 03:40:49 INFO mapreduce.Job:  map 72% reduce 20%
20/06/13 03:40:50 INFO mapreduce.Job:  map 73% reduce 20%
20/06/13 03:40:51 INFO mapreduce.Job:  map 74% reduce 20%
20/06/13 03:40:53 INFO mapreduce.Job:  map 74% reduce 21%
20/06/13 03:40:54 INFO mapreduce.Job:  map 75% reduce 21%
20/06/13 03:41:00 INFO mapreduce.Job:  map 76% reduce 21%
20/06/13 03:41:03 INFO mapreduce.Job:  map 77% reduce 21%
20/06/13 03:41:05 INFO mapreduce.Job:  map 77% reduce 22%
20/06/13 03:41:06 INFO mapreduce.Job:  map 78% reduce 22%
20/06/13 03:41:10 INFO mapreduce.Job:  map 79% reduce 22%
20/06/13 03:41:13 INFO mapreduce.Job:  map 80% reduce 22%
20/06/13 03:41:16 INFO mapreduce.Job:  map 81% reduce 22%
20/06/13 03:41:17 INFO mapreduce.Job:  map 82% reduce 22%
20/06/13 03:41:19 INFO mapreduce.Job:  map 84% reduce 22%
20/06/13 03:41:20 INFO mapreduce.Job:  map 84% reduce 23%
20/06/13 03:41:22 INFO mapreduce.Job:  map 85% reduce 23%
20/06/13 03:41:29 INFO mapreduce.Job:  map 86% reduce 24%
20/06/13 03:41:33 INFO mapreduce.Job:  map 87% reduce 24%
20/06/13 03:41:34 INFO mapreduce.Job:  map 88% reduce 24%
20/06/13 03:41:35 INFO mapreduce.Job:  map 88% reduce 25%
20/06/13 03:41:39 INFO mapreduce.Job:  map 89% reduce 25%
20/06/13 03:41:41 INFO mapreduce.Job:  map 89% reduce 26%
20/06/13 03:41:44 INFO mapreduce.Job:  map 90% reduce 26%
20/06/13 03:41:45 INFO mapreduce.Job:  map 91% reduce 26%
20/06/13 03:41:47 INFO mapreduce.Job:  map 92% reduce 26%
20/06/13 03:41:50 INFO mapreduce.Job:  map 93% reduce 26%
20/06/13 03:41:52 INFO mapreduce.Job:  map 94% reduce 26%
20/06/13 03:41:53 INFO mapreduce.Job:  map 95% reduce 27%
20/06/13 03:41:56 INFO mapreduce.Job:  map 95% reduce 28%
20/06/13 03:41:59 INFO mapreduce.Job:  map 96% reduce 28%
20/06/13 03:42:02 INFO mapreduce.Job:  map 97% reduce 29%
20/06/13 03:42:14 INFO mapreduce.Job:  map 98% reduce 29%
20/06/13 03:42:16 INFO mapreduce.Job:  map 99% reduce 30%
20/06/13 03:42:23 INFO mapreduce.Job:  map 100% reduce 30%
20/06/13 03:42:32 INFO mapreduce.Job:  map 100% reduce 31%
20/06/13 03:42:38 INFO mapreduce.Job:  map 100% reduce 33%
20/06/13 03:42:41 INFO mapreduce.Job:  map 100% reduce 50%
20/06/13 03:42:44 INFO mapreduce.Job:  map 100% reduce 54%
20/06/13 03:42:47 INFO mapreduce.Job:  map 100% reduce 55%
20/06/13 03:42:50 INFO mapreduce.Job:  map 100% reduce 56%
20/06/13 03:42:53 INFO mapreduce.Job:  map 100% reduce 57%
20/06/13 03:42:56 INFO mapreduce.Job:  map 100% reduce 58%
20/06/13 03:42:59 INFO mapreduce.Job:  map 100% reduce 69%
20/06/13 03:43:02 INFO mapreduce.Job:  map 100% reduce 72%
20/06/13 03:43:05 INFO mapreduce.Job:  map 100% reduce 73%
20/06/13 03:43:08 INFO mapreduce.Job:  map 100% reduce 74%
20/06/13 03:43:11 INFO mapreduce.Job:  map 100% reduce 76%
20/06/13 03:43:14 INFO mapreduce.Job:  map 100% reduce 77%
20/06/13 03:43:17 INFO mapreduce.Job:  map 100% reduce 78%
20/06/13 03:43:20 INFO mapreduce.Job:  map 100% reduce 79%
20/06/13 03:43:23 INFO mapreduce.Job:  map 100% reduce 81%
20/06/13 03:43:26 INFO mapreduce.Job:  map 100% reduce 83%
20/06/13 03:43:33 INFO mapreduce.Job:  map 100% reduce 85%
20/06/13 03:43:36 INFO mapreduce.Job:  map 100% reduce 86%
20/06/13 03:43:39 INFO mapreduce.Job:  map 100% reduce 87%
20/06/13 03:43:45 INFO mapreduce.Job:  map 100% reduce 89%
20/06/13 03:43:48 INFO mapreduce.Job:  map 100% reduce 90%
20/06/13 03:43:51 INFO mapreduce.Job:  map 100% reduce 91%
20/06/13 03:43:54 INFO mapreduce.Job:  map 100% reduce 92%
20/06/13 03:43:57 INFO mapreduce.Job:  map 100% reduce 93%
20/06/13 03:44:00 INFO mapreduce.Job:  map 100% reduce 95%
20/06/13 03:44:03 INFO mapreduce.Job:  map 100% reduce 96%
20/06/13 03:44:06 INFO mapreduce.Job:  map 100% reduce 97%
20/06/13 03:44:09 INFO mapreduce.Job:  map 100% reduce 98%
20/06/13 03:44:12 INFO mapreduce.Job:  map 100% reduce 99%
20/06/13 03:44:15 INFO mapreduce.Job:  map 100% reduce 100%
20/06/13 03:44:17 INFO mapreduce.Job: Job job_1591986458814_0004 completed successfully
20/06/13 03:44:17 INFO mapreduce.Job: Counters: 51
	File System Counters
		FILE: Number of bytes read=31975598486
		FILE: Number of bytes written=42736139065
		FILE: Number of read operations=0
		FILE: Number of large read operations=0
		FILE: Number of write operations=0
		HDFS: Number of bytes read=10774058899
		HDFS: Number of bytes written=10772846641
		HDFS: Number of read operations=329
		HDFS: Number of large read operations=0
		HDFS: Number of write operations=6
	Job Counters 
		Killed map tasks=1
		Launched map tasks=81
		Launched reduce tasks=3
		Data-local map tasks=65
		Rack-local map tasks=16
		Total time spent by all maps in occupied slots (ms)=2377366
		Total time spent by all reduces in occupied slots (ms)=934036
		Total time spent by all map tasks (ms)=2377366
		Total time spent by all reduce tasks (ms)=934036
		Total vcore-milliseconds taken by all map tasks=2377366
		Total vcore-milliseconds taken by all reduce tasks=934036
		Total megabyte-milliseconds taken by all map tasks=2434422784
		Total megabyte-milliseconds taken by all reduce tasks=956452864
	Map-Reduce Framework
		Map input records=1021903
		Map output records=1021903
		Map output bytes=10745663709
		Map output materialized bytes=10751410294
		Input split bytes=9040
		Combine input records=0
		Combine output records=0
		Reduce input groups=1021903
		Reduce shuffle bytes=10751410294
		Reduce input records=1021903
		Reduce output records=1021903
		Spilled Records=4061102
		Shuffled Maps =240
		Failed Shuffles=0
		Merged Map outputs=240
		GC time elapsed (ms)=14460
		CPU time spent (ms)=260240
		Physical memory (bytes) snapshot=21922467840
		Virtual memory (bytes) snapshot=175142805504
		Total committed heap usage (bytes)=16152264704
	Shuffle Errors
		BAD_ID=0
		CONNECTION=0
		IO_ERROR=0
		WRONG_LENGTH=0
		WRONG_MAP=0
		WRONG_REDUCE=0
	File Input Format Counters 
		Bytes Read=10774049859
	File Output Format Counters 
		Bytes Written=10772846641
