20/06/08 19:09:59 INFO client.RMProxy: Connecting to ResourceManager at master/10.51.17.95:8032
20/06/08 19:10:00 INFO input.FileInputFormat: Total input paths to process : 10
20/06/08 19:10:00 INFO mapreduce.JobSubmitter: number of splits:90
20/06/08 19:10:01 INFO mapreduce.JobSubmitter: Submitting tokens for job: job_1591609243729_0012
20/06/08 19:10:01 INFO impl.YarnClientImpl: Submitted application application_1591609243729_0012
20/06/08 19:10:01 INFO mapreduce.Job: The url to track the job: http://master:8088/proxy/application_1591609243729_0012/
20/06/08 19:10:01 INFO mapreduce.Job: Running job: job_1591609243729_0012
20/06/08 19:10:07 INFO mapreduce.Job: Job job_1591609243729_0012 running in uber mode : false
20/06/08 19:10:07 INFO mapreduce.Job:  map 0% reduce 0%
20/06/08 19:10:20 INFO mapreduce.Job:  map 1% reduce 0%
20/06/08 19:10:22 INFO mapreduce.Job:  map 2% reduce 0%
20/06/08 19:10:24 INFO mapreduce.Job:  map 3% reduce 0%
20/06/08 19:10:31 INFO mapreduce.Job:  map 4% reduce 0%
20/06/08 19:10:38 INFO mapreduce.Job:  map 5% reduce 0%
20/06/08 19:10:41 INFO mapreduce.Job:  map 6% reduce 0%
20/06/08 19:10:49 INFO mapreduce.Job:  map 7% reduce 0%
20/06/08 19:10:51 INFO mapreduce.Job:  map 8% reduce 0%
20/06/08 19:10:56 INFO mapreduce.Job:  map 9% reduce 0%
20/06/08 19:10:59 INFO mapreduce.Job:  map 10% reduce 0%
20/06/08 19:11:01 INFO mapreduce.Job:  map 11% reduce 0%
20/06/08 19:11:02 INFO mapreduce.Job:  map 12% reduce 0%
20/06/08 19:11:11 INFO mapreduce.Job:  map 13% reduce 0%
20/06/08 19:11:13 INFO mapreduce.Job:  map 14% reduce 0%
20/06/08 19:11:16 INFO mapreduce.Job:  map 15% reduce 0%
20/06/08 19:11:20 INFO mapreduce.Job:  map 16% reduce 0%
20/06/08 19:11:22 INFO mapreduce.Job:  map 17% reduce 0%
20/06/08 19:11:25 INFO mapreduce.Job:  map 18% reduce 0%
20/06/08 19:11:28 INFO mapreduce.Job:  map 18% reduce 5%
20/06/08 19:11:31 INFO mapreduce.Job:  map 19% reduce 5%
20/06/08 19:11:36 INFO mapreduce.Job:  map 20% reduce 5%
20/06/08 19:11:40 INFO mapreduce.Job:  map 21% reduce 5%
20/06/08 19:11:44 INFO mapreduce.Job:  map 22% reduce 5%
20/06/08 19:11:52 INFO mapreduce.Job:  map 23% reduce 5%
20/06/08 19:11:53 INFO mapreduce.Job:  map 24% reduce 6%
20/06/08 19:11:54 INFO mapreduce.Job:  map 25% reduce 6%
20/06/08 19:11:56 INFO mapreduce.Job:  map 25% reduce 7%
20/06/08 19:11:59 INFO mapreduce.Job:  map 26% reduce 7%
20/06/08 19:12:04 INFO mapreduce.Job:  map 27% reduce 7%
20/06/08 19:12:07 INFO mapreduce.Job:  map 28% reduce 7%
20/06/08 19:12:13 INFO mapreduce.Job:  map 29% reduce 7%
20/06/08 19:12:14 INFO mapreduce.Job:  map 29% reduce 8%
20/06/08 19:12:16 INFO mapreduce.Job:  map 30% reduce 8%
20/06/08 19:12:19 INFO mapreduce.Job:  map 31% reduce 8%
20/06/08 19:12:20 INFO mapreduce.Job:  map 31% reduce 9%
20/06/08 19:12:24 INFO mapreduce.Job:  map 32% reduce 9%
20/06/08 19:12:29 INFO mapreduce.Job:  map 33% reduce 9%
20/06/08 19:12:31 INFO mapreduce.Job:  map 34% reduce 9%
20/06/08 19:12:33 INFO mapreduce.Job:  map 34% reduce 10%
20/06/08 19:12:34 INFO mapreduce.Job:  map 35% reduce 10%
20/06/08 19:12:41 INFO mapreduce.Job:  map 36% reduce 10%
20/06/08 19:12:44 INFO mapreduce.Job:  map 37% reduce 10%
20/06/08 19:12:45 INFO mapreduce.Job:  map 38% reduce 10%
20/06/08 19:12:47 INFO mapreduce.Job:  map 39% reduce 10%
20/06/08 19:12:48 INFO mapreduce.Job:  map 39% reduce 12%
20/06/08 19:12:55 INFO mapreduce.Job:  map 40% reduce 12%
20/06/08 19:12:57 INFO mapreduce.Job:  map 41% reduce 12%
20/06/08 19:13:02 INFO mapreduce.Job:  map 42% reduce 12%
20/06/08 19:13:06 INFO mapreduce.Job:  map 43% reduce 12%
20/06/08 19:13:14 INFO mapreduce.Job:  map 44% reduce 12%
20/06/08 19:13:16 INFO mapreduce.Job:  map 44% reduce 13%
20/06/08 19:13:17 INFO mapreduce.Job:  map 45% reduce 13%
20/06/08 19:13:20 INFO mapreduce.Job:  map 46% reduce 13%
20/06/08 19:13:23 INFO mapreduce.Job:  map 47% reduce 13%
20/06/08 19:13:25 INFO mapreduce.Job:  map 47% reduce 14%
20/06/08 19:13:28 INFO mapreduce.Job:  map 48% reduce 14%
20/06/08 19:13:29 INFO mapreduce.Job:  map 49% reduce 14%
20/06/08 19:13:33 INFO mapreduce.Job:  map 50% reduce 15%
20/06/08 19:13:37 INFO mapreduce.Job:  map 51% reduce 15%
20/06/08 19:13:39 INFO mapreduce.Job:  map 51% reduce 16%
20/06/08 19:13:40 INFO mapreduce.Job:  map 52% reduce 16%
20/06/08 19:13:42 INFO mapreduce.Job:  map 53% reduce 17%
20/06/08 19:13:49 INFO mapreduce.Job:  map 54% reduce 17%
20/06/08 19:13:54 INFO mapreduce.Job:  map 55% reduce 17%
20/06/08 19:13:57 INFO mapreduce.Job:  map 56% reduce 17%
20/06/08 19:14:03 INFO mapreduce.Job:  map 57% reduce 17%
20/06/08 19:14:07 INFO mapreduce.Job:  map 58% reduce 17%
20/06/08 19:14:12 INFO mapreduce.Job:  map 59% reduce 17%
20/06/08 19:14:17 INFO mapreduce.Job:  map 60% reduce 17%
20/06/08 19:14:19 INFO mapreduce.Job:  map 61% reduce 17%
20/06/08 19:14:22 INFO mapreduce.Job:  map 62% reduce 17%
20/06/08 19:14:23 INFO mapreduce.Job:  map 62% reduce 18%
20/06/08 19:14:26 INFO mapreduce.Job:  map 62% reduce 19%
20/06/08 19:14:28 INFO mapreduce.Job:  map 63% reduce 19%
20/06/08 19:14:30 INFO mapreduce.Job:  map 64% reduce 19%
20/06/08 19:14:32 INFO mapreduce.Job:  map 64% reduce 20%
20/06/08 19:14:33 INFO mapreduce.Job:  map 65% reduce 20%
20/06/08 19:14:35 INFO mapreduce.Job:  map 66% reduce 21%
20/06/08 19:14:38 INFO mapreduce.Job:  map 66% reduce 22%
20/06/08 19:14:39 INFO mapreduce.Job:  map 67% reduce 22%
20/06/08 19:14:44 INFO mapreduce.Job:  map 68% reduce 22%
20/06/08 19:14:47 INFO mapreduce.Job:  map 69% reduce 22%
20/06/08 19:14:54 INFO mapreduce.Job:  map 70% reduce 22%
20/06/08 19:14:58 INFO mapreduce.Job:  map 71% reduce 22%
20/06/08 19:15:02 INFO mapreduce.Job:  map 72% reduce 22%
20/06/08 19:15:08 INFO mapreduce.Job:  map 73% reduce 22%
20/06/08 19:15:12 INFO mapreduce.Job:  map 74% reduce 22%
20/06/08 19:15:16 INFO mapreduce.Job:  map 75% reduce 22%
20/06/08 19:15:17 INFO mapreduce.Job:  map 75% reduce 23%
20/06/08 19:15:19 INFO mapreduce.Job:  map 76% reduce 23%
20/06/08 19:15:21 INFO mapreduce.Job:  map 77% reduce 23%
20/06/08 19:15:23 INFO mapreduce.Job:  map 77% reduce 24%
20/06/08 19:15:28 INFO mapreduce.Job:  map 78% reduce 24%
20/06/08 19:15:29 INFO mapreduce.Job:  map 79% reduce 24%
20/06/08 19:15:32 INFO mapreduce.Job:  map 80% reduce 25%
20/06/08 19:15:33 INFO mapreduce.Job:  map 81% reduce 25%
20/06/08 19:15:35 INFO mapreduce.Job:  map 81% reduce 27%
20/06/08 19:15:39 INFO mapreduce.Job:  map 82% reduce 27%
20/06/08 19:15:42 INFO mapreduce.Job:  map 83% reduce 27%
20/06/08 19:15:43 INFO mapreduce.Job:  map 84% reduce 27%
20/06/08 19:15:47 INFO mapreduce.Job:  map 85% reduce 27%
20/06/08 19:15:48 INFO mapreduce.Job:  map 86% reduce 27%
20/06/08 19:15:49 INFO mapreduce.Job:  map 87% reduce 27%
20/06/08 19:15:51 INFO mapreduce.Job:  map 88% reduce 27%
20/06/08 19:15:55 INFO mapreduce.Job:  map 89% reduce 27%
20/06/08 19:15:57 INFO mapreduce.Job:  map 90% reduce 29%
20/06/08 19:15:59 INFO mapreduce.Job:  map 91% reduce 29%
20/06/08 19:16:02 INFO mapreduce.Job:  map 92% reduce 29%
20/06/08 19:16:06 INFO mapreduce.Job:  map 94% reduce 29%
20/06/08 19:16:07 INFO mapreduce.Job:  map 95% reduce 29%
20/06/08 19:16:08 INFO mapreduce.Job:  map 96% reduce 29%
20/06/08 19:16:09 INFO mapreduce.Job:  map 97% reduce 30%
20/06/08 19:16:12 INFO mapreduce.Job:  map 97% reduce 31%
20/06/08 19:16:15 INFO mapreduce.Job:  map 98% reduce 31%
20/06/08 19:16:18 INFO mapreduce.Job:  map 99% reduce 32%
20/06/08 19:16:19 INFO mapreduce.Job:  map 100% reduce 32%
20/06/08 19:16:21 INFO mapreduce.Job:  map 100% reduce 33%
20/06/08 19:16:24 INFO mapreduce.Job:  map 100% reduce 70%
20/06/08 19:16:27 INFO mapreduce.Job:  map 100% reduce 76%
20/06/08 19:16:30 INFO mapreduce.Job:  map 100% reduce 81%
20/06/08 19:16:33 INFO mapreduce.Job:  map 100% reduce 88%
20/06/08 19:16:36 INFO mapreduce.Job:  map 100% reduce 100%
20/06/08 19:16:37 INFO mapreduce.Job: Job job_1591609243729_0012 completed successfully
20/06/08 19:16:37 INFO mapreduce.Job: Counters: 51
	File System Counters
		FILE: Number of bytes read=1548270195
		FILE: Number of bytes written=2309831987
		FILE: Number of read operations=0
		FILE: Number of large read operations=0
		FILE: Number of write operations=0
		HDFS: Number of bytes read=11026083631
		HDFS: Number of bytes written=375577665
		HDFS: Number of read operations=273
		HDFS: Number of large read operations=0
		HDFS: Number of write operations=2
	Job Counters 
		Killed map tasks=1
		Launched map tasks=90
		Launched reduce tasks=1
		Data-local map tasks=89
		Rack-local map tasks=1
		Total time spent by all maps in occupied slots (ms)=4733586
		Total time spent by all reduces in occupied slots (ms)=320238
		Total time spent by all map tasks (ms)=4733586
		Total time spent by all reduce tasks (ms)=320238
		Total vcore-milliseconds taken by all map tasks=4733586
		Total vcore-milliseconds taken by all reduce tasks=320238
		Total megabyte-milliseconds taken by all map tasks=4847192064
		Total megabyte-milliseconds taken by all reduce tasks=327923712
	Map-Reduce Framework
		Map input records=265899
		Map output records=1008392337
		Map output bytes=15225438974
		Map output materialized bytes=750382148
		Input split bytes=10530
		Combine input records=1033160968
		Combine output records=47411603
		Reduce input groups=9907226
		Reduce shuffle bytes=750382148
		Reduce input records=22642972
		Reduce output records=9907226
		Spilled Records=70054575
		Shuffled Maps =90
		Failed Shuffles=0
		Merged Map outputs=90
		GC time elapsed (ms)=95533
		CPU time spent (ms)=1913690
		Physical memory (bytes) snapshot=25003900928
		Virtual memory (bytes) snapshot=191981187072
		Total committed heap usage (bytes)=18915262464
	Shuffle Errors
		BAD_ID=0
		CONNECTION=0
		IO_ERROR=0
		WRONG_LENGTH=0
		WRONG_MAP=0
		WRONG_REDUCE=0
	File Input Format Counters 
		Bytes Read=11026073101
	File Output Format Counters 
		Bytes Written=375577665
