20/06/14 14:07:41 INFO client.RMProxy: Connecting to ResourceManager at master/10.51.17.95:8032
20/06/14 14:07:42 INFO input.FileInputFormat: Total input paths to process : 10
20/06/14 14:07:42 INFO mapreduce.JobSubmitter: number of splits:90
20/06/14 14:07:42 INFO mapreduce.JobSubmitter: Submitting tokens for job: job_1592108053399_0013
20/06/14 14:07:42 INFO impl.YarnClientImpl: Submitted application application_1592108053399_0013
20/06/14 14:07:43 INFO mapreduce.Job: The url to track the job: http://master:8088/proxy/application_1592108053399_0013/
20/06/14 14:07:43 INFO mapreduce.Job: Running job: job_1592108053399_0013
20/06/14 14:07:51 INFO mapreduce.Job: Job job_1592108053399_0013 running in uber mode : false
20/06/14 14:07:51 INFO mapreduce.Job:  map 0% reduce 0%
20/06/14 14:08:03 INFO mapreduce.Job:  map 1% reduce 0%
20/06/14 14:08:08 INFO mapreduce.Job:  map 2% reduce 0%
20/06/14 14:08:14 INFO mapreduce.Job:  map 3% reduce 0%
20/06/14 14:08:18 INFO mapreduce.Job:  map 4% reduce 0%
20/06/14 14:08:24 INFO mapreduce.Job:  map 5% reduce 0%
20/06/14 14:08:30 INFO mapreduce.Job:  map 6% reduce 0%
20/06/14 14:08:34 INFO mapreduce.Job:  map 7% reduce 0%
20/06/14 14:08:40 INFO mapreduce.Job:  map 8% reduce 0%
20/06/14 14:08:43 INFO mapreduce.Job:  map 9% reduce 0%
20/06/14 14:08:46 INFO mapreduce.Job:  map 10% reduce 0%
20/06/14 14:08:52 INFO mapreduce.Job:  map 11% reduce 0%
20/06/14 14:08:57 INFO mapreduce.Job:  map 12% reduce 0%
20/06/14 14:09:01 INFO mapreduce.Job:  map 13% reduce 0%
20/06/14 14:09:05 INFO mapreduce.Job:  map 14% reduce 0%
20/06/14 14:09:10 INFO mapreduce.Job:  map 15% reduce 0%
20/06/14 14:09:15 INFO mapreduce.Job:  map 15% reduce 4%
20/06/14 14:09:16 INFO mapreduce.Job:  map 16% reduce 4%
20/06/14 14:09:18 INFO mapreduce.Job:  map 16% reduce 5%
20/06/14 14:09:19 INFO mapreduce.Job:  map 17% reduce 5%
20/06/14 14:09:25 INFO mapreduce.Job:  map 18% reduce 5%
20/06/14 14:09:30 INFO mapreduce.Job:  map 19% reduce 5%
20/06/14 14:09:36 INFO mapreduce.Job:  map 20% reduce 5%
20/06/14 14:09:42 INFO mapreduce.Job:  map 21% reduce 5%
20/06/14 14:09:46 INFO mapreduce.Job:  map 22% reduce 6%
20/06/14 14:09:49 INFO mapreduce.Job:  map 23% reduce 6%
20/06/14 14:09:52 INFO mapreduce.Job:  map 24% reduce 7%
20/06/14 14:09:55 INFO mapreduce.Job:  map 25% reduce 7%
20/06/14 14:09:58 INFO mapreduce.Job:  map 25% reduce 8%
20/06/14 14:10:01 INFO mapreduce.Job:  map 26% reduce 8%
20/06/14 14:10:06 INFO mapreduce.Job:  map 27% reduce 8%
20/06/14 14:10:10 INFO mapreduce.Job:  map 27% reduce 9%
20/06/14 14:10:12 INFO mapreduce.Job:  map 28% reduce 9%
20/06/14 14:10:19 INFO mapreduce.Job:  map 29% reduce 9%
20/06/14 14:10:25 INFO mapreduce.Job:  map 30% reduce 9%
20/06/14 14:10:30 INFO mapreduce.Job:  map 31% reduce 9%
20/06/14 14:10:34 INFO mapreduce.Job:  map 32% reduce 9%
20/06/14 14:10:37 INFO mapreduce.Job:  map 33% reduce 9%
20/06/14 14:10:40 INFO mapreduce.Job:  map 33% reduce 10%
20/06/14 14:10:42 INFO mapreduce.Job:  map 34% reduce 10%
20/06/14 14:10:48 INFO mapreduce.Job:  map 35% reduce 10%
20/06/14 14:10:51 INFO mapreduce.Job:  map 36% reduce 10%
20/06/14 14:10:52 INFO mapreduce.Job:  map 36% reduce 11%
20/06/14 14:10:57 INFO mapreduce.Job:  map 37% reduce 11%
20/06/14 14:10:59 INFO mapreduce.Job:  map 37% reduce 12%
20/06/14 14:11:01 INFO mapreduce.Job:  map 38% reduce 12%
20/06/14 14:11:08 INFO mapreduce.Job:  map 39% reduce 12%
20/06/14 14:11:12 INFO mapreduce.Job:  map 40% reduce 12%
20/06/14 14:11:15 INFO mapreduce.Job:  map 41% reduce 12%
20/06/14 14:11:17 INFO mapreduce.Job:  map 41% reduce 13%
20/06/14 14:11:21 INFO mapreduce.Job:  map 42% reduce 13%
20/06/14 14:11:27 INFO mapreduce.Job:  map 43% reduce 13%
20/06/14 14:11:30 INFO mapreduce.Job:  map 44% reduce 13%
20/06/14 14:11:39 INFO mapreduce.Job:  map 45% reduce 13%
20/06/14 14:11:42 INFO mapreduce.Job:  map 46% reduce 14%
20/06/14 14:11:46 INFO mapreduce.Job:  map 47% reduce 14%
20/06/14 14:11:53 INFO mapreduce.Job:  map 48% reduce 14%
20/06/14 14:11:56 INFO mapreduce.Job:  map 49% reduce 14%
20/06/14 14:11:57 INFO mapreduce.Job:  map 49% reduce 16%
20/06/14 14:11:58 INFO mapreduce.Job:  map 50% reduce 16%
20/06/14 14:12:04 INFO mapreduce.Job:  map 51% reduce 16%
20/06/14 14:12:10 INFO mapreduce.Job:  map 52% reduce 16%
20/06/14 14:12:15 INFO mapreduce.Job:  map 53% reduce 16%
20/06/14 14:12:19 INFO mapreduce.Job:  map 53% reduce 17%
20/06/14 14:12:20 INFO mapreduce.Job:  map 54% reduce 17%
20/06/14 14:12:27 INFO mapreduce.Job:  map 55% reduce 17%
20/06/14 14:12:30 INFO mapreduce.Job:  map 56% reduce 17%
20/06/14 14:12:34 INFO mapreduce.Job:  map 57% reduce 17%
20/06/14 14:12:36 INFO mapreduce.Job:  map 58% reduce 17%
20/06/14 14:12:37 INFO mapreduce.Job:  map 58% reduce 18%
20/06/14 14:12:39 INFO mapreduce.Job:  map 59% reduce 18%
20/06/14 14:12:40 INFO mapreduce.Job:  map 59% reduce 19%
20/06/14 14:12:44 INFO mapreduce.Job:  map 60% reduce 19%
20/06/14 14:12:45 INFO mapreduce.Job:  map 60% reduce 20%
20/06/14 14:12:50 INFO mapreduce.Job:  map 61% reduce 20%
20/06/14 14:12:56 INFO mapreduce.Job:  map 62% reduce 20%
20/06/14 14:13:01 INFO mapreduce.Job:  map 63% reduce 20%
20/06/14 14:13:05 INFO mapreduce.Job:  map 64% reduce 20%
20/06/14 14:13:11 INFO mapreduce.Job:  map 65% reduce 20%
20/06/14 14:13:14 INFO mapreduce.Job:  map 66% reduce 20%
20/06/14 14:13:16 INFO mapreduce.Job:  map 66% reduce 21%
20/06/14 14:13:20 INFO mapreduce.Job:  map 67% reduce 21%
20/06/14 14:13:24 INFO mapreduce.Job:  map 68% reduce 21%
20/06/14 14:13:26 INFO mapreduce.Job:  map 69% reduce 21%
20/06/14 14:13:28 INFO mapreduce.Job:  map 69% reduce 22%
20/06/14 14:13:29 INFO mapreduce.Job:  map 70% reduce 22%
20/06/14 14:13:31 INFO mapreduce.Job:  map 70% reduce 23%
20/06/14 14:13:34 INFO mapreduce.Job:  map 71% reduce 23%
20/06/14 14:13:39 INFO mapreduce.Job:  map 72% reduce 23%
20/06/14 14:13:46 INFO mapreduce.Job:  map 73% reduce 23%
20/06/14 14:13:51 INFO mapreduce.Job:  map 74% reduce 23%
20/06/14 14:13:55 INFO mapreduce.Job:  map 75% reduce 23%
20/06/14 14:13:56 INFO mapreduce.Job:  map 75% reduce 24%
20/06/14 14:13:57 INFO mapreduce.Job:  map 76% reduce 24%
20/06/14 14:14:06 INFO mapreduce.Job:  map 77% reduce 24%
20/06/14 14:14:10 INFO mapreduce.Job:  map 78% reduce 24%
20/06/14 14:14:16 INFO mapreduce.Job:  map 79% reduce 24%
20/06/14 14:14:18 INFO mapreduce.Job:  map 80% reduce 24%
20/06/14 14:14:21 INFO mapreduce.Job:  map 80% reduce 25%
20/06/14 14:14:22 INFO mapreduce.Job:  map 81% reduce 25%
20/06/14 14:14:24 INFO mapreduce.Job:  map 81% reduce 26%
20/06/14 14:14:25 INFO mapreduce.Job:  map 82% reduce 26%
20/06/14 14:14:27 INFO mapreduce.Job:  map 82% reduce 27%
20/06/14 14:14:31 INFO mapreduce.Job:  map 83% reduce 27%
20/06/14 14:14:36 INFO mapreduce.Job:  map 84% reduce 27%
20/06/14 14:14:40 INFO mapreduce.Job:  map 85% reduce 27%
20/06/14 14:14:42 INFO mapreduce.Job:  map 85% reduce 28%
20/06/14 14:14:43 INFO mapreduce.Job:  map 86% reduce 28%
20/06/14 14:14:44 INFO mapreduce.Job:  map 87% reduce 28%
20/06/14 14:14:47 INFO mapreduce.Job:  map 88% reduce 28%
20/06/14 14:14:48 INFO mapreduce.Job:  map 88% reduce 29%
20/06/14 14:14:49 INFO mapreduce.Job:  map 89% reduce 29%
20/06/14 14:14:52 INFO mapreduce.Job:  map 90% reduce 29%
20/06/14 14:14:53 INFO mapreduce.Job:  map 91% reduce 29%
20/06/14 14:14:58 INFO mapreduce.Job:  map 92% reduce 29%
20/06/14 14:15:02 INFO mapreduce.Job:  map 93% reduce 29%
20/06/14 14:15:03 INFO mapreduce.Job:  map 94% reduce 29%
20/06/14 14:15:04 INFO mapreduce.Job:  map 94% reduce 30%
20/06/14 14:15:05 INFO mapreduce.Job:  map 95% reduce 30%
20/06/14 14:15:06 INFO mapreduce.Job:  map 96% reduce 30%
20/06/14 14:15:07 INFO mapreduce.Job:  map 97% reduce 31%
20/06/14 14:15:10 INFO mapreduce.Job:  map 97% reduce 32%
20/06/14 14:15:12 INFO mapreduce.Job:  map 98% reduce 32%
20/06/14 14:15:13 INFO mapreduce.Job:  map 99% reduce 33%
20/06/14 14:15:14 INFO mapreduce.Job:  map 100% reduce 33%
20/06/14 14:15:16 INFO mapreduce.Job:  map 100% reduce 67%
20/06/14 14:15:19 INFO mapreduce.Job:  map 100% reduce 72%
20/06/14 14:15:22 INFO mapreduce.Job:  map 100% reduce 77%
20/06/14 14:15:25 INFO mapreduce.Job:  map 100% reduce 81%
20/06/14 14:15:28 INFO mapreduce.Job:  map 100% reduce 87%
20/06/14 14:15:31 INFO mapreduce.Job:  map 100% reduce 95%
20/06/14 14:15:33 INFO mapreduce.Job:  map 100% reduce 100%
20/06/14 14:15:33 INFO mapreduce.Job: Job job_1592108053399_0013 completed successfully
20/06/14 14:15:33 INFO mapreduce.Job: Counters: 51
	File System Counters
		FILE: Number of bytes read=1713846594
		FILE: Number of bytes written=2538730860
		FILE: Number of read operations=0
		FILE: Number of large read operations=0
		FILE: Number of write operations=0
		HDFS: Number of bytes read=11026233484
		HDFS: Number of bytes written=493805684
		HDFS: Number of read operations=273
		HDFS: Number of large read operations=0
		HDFS: Number of write operations=2
	Job Counters 
		Killed map tasks=1
		Launched map tasks=91
		Launched reduce tasks=1
		Data-local map tasks=49
		Rack-local map tasks=42
		Total time spent by all maps in occupied slots (ms)=3786411
		Total time spent by all reduces in occupied slots (ms)=387917
		Total time spent by all map tasks (ms)=3786411
		Total time spent by all reduce tasks (ms)=387917
		Total vcore-milliseconds taken by all map tasks=3786411
		Total vcore-milliseconds taken by all reduce tasks=387917
		Total megabyte-milliseconds taken by all map tasks=3877284864
		Total megabyte-milliseconds taken by all reduce tasks=397227008
	Map-Reduce Framework
		Map input records=266262
		Map output records=1009464782
		Map output bytes=19255737177
		Map output materialized bytes=813701251
		Input split bytes=10530
		Combine input records=1034452036
		Combine output records=47592426
		Reduce input groups=9841566
		Reduce shuffle bytes=813701251
		Reduce input records=22605172
		Reduce output records=9841566
		Spilled Records=70875377
		Shuffled Maps =90
		Failed Shuffles=0
		Merged Map outputs=90
		GC time elapsed (ms)=72732
		CPU time spent (ms)=2293000
		Physical memory (bytes) snapshot=25125347328
		Virtual memory (bytes) snapshot=191970693120
		Total committed heap usage (bytes)=18928369664
	Shuffle Errors
		BAD_ID=0
		CONNECTION=0
		IO_ERROR=0
		WRONG_LENGTH=0
		WRONG_MAP=0
		WRONG_REDUCE=0
	File Input Format Counters 
		Bytes Read=11026222954
	File Output Format Counters 
		Bytes Written=493805684
20/06/14 14:15:33 INFO client.RMProxy: Connecting to ResourceManager at master/10.51.17.95:8032
20/06/14 14:15:33 INFO input.FileInputFormat: Total input paths to process : 1
20/06/14 14:15:34 INFO mapreduce.JobSubmitter: number of splits:4
20/06/14 14:15:34 INFO mapreduce.JobSubmitter: Submitting tokens for job: job_1592108053399_0014
20/06/14 14:15:34 INFO impl.YarnClientImpl: Submitted application application_1592108053399_0014
20/06/14 14:15:34 INFO mapreduce.Job: The url to track the job: http://master:8088/proxy/application_1592108053399_0014/
20/06/14 14:15:34 INFO mapreduce.Job: Running job: job_1592108053399_0014
20/06/14 14:15:42 INFO mapreduce.Job: Job job_1592108053399_0014 running in uber mode : false
20/06/14 14:15:42 INFO mapreduce.Job:  map 0% reduce 0%
20/06/14 14:15:55 INFO mapreduce.Job:  map 52% reduce 0%
20/06/14 14:15:56 INFO mapreduce.Job:  map 57% reduce 0%
20/06/14 14:15:58 INFO mapreduce.Job:  map 77% reduce 0%
20/06/14 14:16:01 INFO mapreduce.Job:  map 91% reduce 0%
20/06/14 14:16:04 INFO mapreduce.Job:  map 100% reduce 0%
20/06/14 14:16:06 INFO mapreduce.Job:  map 100% reduce 68%
20/06/14 14:16:09 INFO mapreduce.Job:  map 100% reduce 78%
20/06/14 14:16:12 INFO mapreduce.Job:  map 100% reduce 92%
20/06/14 14:16:14 INFO mapreduce.Job:  map 100% reduce 100%
20/06/14 14:16:15 INFO mapreduce.Job: Job job_1592108053399_0014 completed successfully
20/06/14 14:16:15 INFO mapreduce.Job: Counters: 50
	File System Counters
		FILE: Number of bytes read=859870516
		FILE: Number of bytes written=1290417592
		FILE: Number of read operations=0
		FILE: Number of large read operations=0
		FILE: Number of write operations=0
		HDFS: Number of bytes read=493809163
		HDFS: Number of bytes written=351859572
		HDFS: Number of read operations=19
		HDFS: Number of large read operations=0
		HDFS: Number of write operations=2
	Job Counters 
		Killed map tasks=1
		Launched map tasks=5
		Launched reduce tasks=1
		Data-local map tasks=5
		Total time spent by all maps in occupied slots (ms)=66168
		Total time spent by all reduces in occupied slots (ms)=16273
		Total time spent by all map tasks (ms)=66168
		Total time spent by all reduce tasks (ms)=16273
		Total vcore-milliseconds taken by all map tasks=66168
		Total vcore-milliseconds taken by all reduce tasks=16273
		Total megabyte-milliseconds taken by all map tasks=67756032
		Total megabyte-milliseconds taken by all reduce tasks=16663552
	Map-Reduce Framework
		Map input records=9841566
		Map output records=9841566
		Map output bytes=410252090
		Map output materialized bytes=429935246
		Input split bytes=504
		Combine input records=0
		Combine output records=0
		Reduce input groups=1232
		Reduce shuffle bytes=429935246
		Reduce input records=9841566
		Reduce output records=9841566
		Spilled Records=29524698
		Shuffled Maps =4
		Failed Shuffles=0
		Merged Map outputs=4
		GC time elapsed (ms)=1599
		CPU time spent (ms)=46760
		Physical memory (bytes) snapshot=1282822144
		Virtual memory (bytes) snapshot=10547793920
		Total committed heap usage (bytes)=942145536
	Shuffle Errors
		BAD_ID=0
		CONNECTION=0
		IO_ERROR=0
		WRONG_LENGTH=0
		WRONG_MAP=0
		WRONG_REDUCE=0
	File Input Format Counters 
		Bytes Read=493808659
	File Output Format Counters 
		Bytes Written=351859572
