20/06/14 13:49:41 INFO client.RMProxy: Connecting to ResourceManager at master/10.51.17.95:8032
20/06/14 13:49:41 INFO input.FileInputFormat: Total input paths to process : 16
20/06/14 13:49:42 INFO mapreduce.JobSubmitter: number of splits:16
20/06/14 13:49:42 INFO mapreduce.JobSubmitter: Submitting tokens for job: job_1592108053399_0009
20/06/14 13:49:42 INFO impl.YarnClientImpl: Submitted application application_1592108053399_0009
20/06/14 13:49:42 INFO mapreduce.Job: The url to track the job: http://master:8088/proxy/application_1592108053399_0009/
20/06/14 13:49:42 INFO mapreduce.Job: Running job: job_1592108053399_0009
20/06/14 13:50:05 INFO mapreduce.Job: Job job_1592108053399_0009 running in uber mode : false
20/06/14 13:50:05 INFO mapreduce.Job:  map 0% reduce 0%
20/06/14 13:50:17 INFO mapreduce.Job:  map 17% reduce 0%
20/06/14 13:50:26 INFO mapreduce.Job:  map 42% reduce 0%
20/06/14 13:50:55 INFO mapreduce.Job:  map 44% reduce 0%
20/06/14 13:51:03 INFO mapreduce.Job:  map 48% reduce 0%
20/06/14 13:51:04 INFO mapreduce.Job:  map 50% reduce 0%
20/06/14 13:51:06 INFO mapreduce.Job:  map 54% reduce 0%
20/06/14 13:51:12 INFO mapreduce.Job:  map 58% reduce 0%
20/06/14 13:51:16 INFO mapreduce.Job:  map 67% reduce 0%
20/06/14 13:51:34 INFO mapreduce.Job:  map 71% reduce 0%
20/06/14 13:51:35 INFO mapreduce.Job:  map 73% reduce 0%
20/06/14 13:51:37 INFO mapreduce.Job:  map 79% reduce 0%
20/06/14 13:51:43 INFO mapreduce.Job:  map 79% reduce 21%
20/06/14 13:51:45 INFO mapreduce.Job:  map 88% reduce 21%
20/06/14 13:51:47 INFO mapreduce.Job:  map 90% reduce 21%
20/06/14 13:51:49 INFO mapreduce.Job:  map 90% reduce 23%
20/06/14 13:51:53 INFO mapreduce.Job:  map 92% reduce 23%
20/06/14 13:51:55 INFO mapreduce.Job:  map 96% reduce 23%
20/06/14 13:51:56 INFO mapreduce.Job:  map 96% reduce 25%
20/06/14 13:51:59 INFO mapreduce.Job:  map 96% reduce 29%
20/06/14 13:52:12 INFO mapreduce.Job:  map 100% reduce 29%
20/06/14 13:52:14 INFO mapreduce.Job:  map 100% reduce 100%
20/06/14 13:52:15 INFO mapreduce.Job: Job job_1592108053399_0009 completed successfully
20/06/14 13:52:15 INFO mapreduce.Job: Counters: 49
	File System Counters
		FILE: Number of bytes read=358
		FILE: Number of bytes written=2088969
		FILE: Number of read operations=0
		FILE: Number of large read operations=0
		FILE: Number of write operations=0
		HDFS: Number of bytes read=4166
		HDFS: Number of bytes written=215
		HDFS: Number of read operations=67
		HDFS: Number of large read operations=0
		HDFS: Number of write operations=3
	Job Counters 
		Launched map tasks=16
		Launched reduce tasks=1
		Data-local map tasks=16
		Total time spent by all maps in occupied slots (ms)=1028446
		Total time spent by all reduces in occupied slots (ms)=39011
		Total time spent by all map tasks (ms)=1028446
		Total time spent by all reduce tasks (ms)=39011
		Total vcore-milliseconds taken by all map tasks=1028446
		Total vcore-milliseconds taken by all reduce tasks=39011
		Total megabyte-milliseconds taken by all map tasks=1053128704
		Total megabyte-milliseconds taken by all reduce tasks=39947264
	Map-Reduce Framework
		Map input records=16
		Map output records=32
		Map output bytes=288
		Map output materialized bytes=448
		Input split bytes=2278
		Combine input records=0
		Combine output records=0
		Reduce input groups=2
		Reduce shuffle bytes=448
		Reduce input records=32
		Reduce output records=0
		Spilled Records=64
		Shuffled Maps =16
		Failed Shuffles=0
		Merged Map outputs=16
		GC time elapsed (ms)=6934
		CPU time spent (ms)=582930
		Physical memory (bytes) snapshot=4372115456
		Virtual memory (bytes) snapshot=35820998656
		Total committed heap usage (bytes)=3351773184
	Shuffle Errors
		BAD_ID=0
		CONNECTION=0
		IO_ERROR=0
		WRONG_LENGTH=0
		WRONG_MAP=0
		WRONG_REDUCE=0
	File Input Format Counters 
		Bytes Read=1888
	File Output Format Counters 
		Bytes Written=97
