20/06/14 14:51:28 INFO client.RMProxy: Connecting to ResourceManager at master/10.51.17.95:8032
20/06/14 14:51:29 INFO client.RMProxy: Connecting to ResourceManager at master/10.51.17.95:8032
20/06/14 14:51:29 INFO input.FileInputFormat: Total input paths to process : 10
20/06/14 14:51:29 INFO mapreduce.JobSubmitter: number of splits:80
20/06/14 14:51:29 INFO mapreduce.JobSubmitter: Submitting tokens for job: job_1592108053399_0024
20/06/14 14:51:29 INFO impl.YarnClientImpl: Submitted application application_1592108053399_0024
20/06/14 14:51:29 INFO mapreduce.Job: The url to track the job: http://master:8088/proxy/application_1592108053399_0024/
20/06/14 14:51:29 INFO mapreduce.Job: Running job: job_1592108053399_0024
20/06/14 14:51:36 INFO mapreduce.Job: Job job_1592108053399_0024 running in uber mode : false
20/06/14 14:51:36 INFO mapreduce.Job:  map 0% reduce 0%
20/06/14 14:51:45 INFO mapreduce.Job:  map 3% reduce 0%
20/06/14 14:51:46 INFO mapreduce.Job:  map 5% reduce 0%
20/06/14 14:51:49 INFO mapreduce.Job:  map 6% reduce 0%
20/06/14 14:51:50 INFO mapreduce.Job:  map 11% reduce 0%
20/06/14 14:51:51 INFO mapreduce.Job:  map 13% reduce 0%
20/06/14 14:51:52 INFO mapreduce.Job:  map 14% reduce 0%
20/06/14 14:51:54 INFO mapreduce.Job:  map 17% reduce 0%
20/06/14 14:51:58 INFO mapreduce.Job:  map 19% reduce 0%
20/06/14 14:52:00 INFO mapreduce.Job:  map 21% reduce 0%
20/06/14 14:52:01 INFO mapreduce.Job:  map 24% reduce 0%
20/06/14 14:52:02 INFO mapreduce.Job:  map 27% reduce 0%
20/06/14 14:52:03 INFO mapreduce.Job:  map 28% reduce 0%
20/06/14 14:52:04 INFO mapreduce.Job:  map 28% reduce 2%
20/06/14 14:52:05 INFO mapreduce.Job:  map 29% reduce 2%
20/06/14 14:52:06 INFO mapreduce.Job:  map 30% reduce 2%
20/06/14 14:52:07 INFO mapreduce.Job:  map 30% reduce 3%
20/06/14 14:52:08 INFO mapreduce.Job:  map 31% reduce 3%
20/06/14 14:52:10 INFO mapreduce.Job:  map 34% reduce 3%
20/06/14 14:52:13 INFO mapreduce.Job:  map 34% reduce 7%
20/06/14 14:52:14 INFO mapreduce.Job:  map 35% reduce 7%
20/06/14 14:52:16 INFO mapreduce.Job:  map 36% reduce 8%
20/06/14 14:52:17 INFO mapreduce.Job:  map 37% reduce 8%
20/06/14 14:52:19 INFO mapreduce.Job:  map 38% reduce 10%
20/06/14 14:52:22 INFO mapreduce.Job:  map 39% reduce 11%
20/06/14 14:52:23 INFO mapreduce.Job:  map 40% reduce 11%
20/06/14 14:52:25 INFO mapreduce.Job:  map 40% reduce 12%
20/06/14 14:52:26 INFO mapreduce.Job:  map 41% reduce 12%
20/06/14 14:52:29 INFO mapreduce.Job:  map 42% reduce 12%
20/06/14 14:52:31 INFO mapreduce.Job:  map 42% reduce 13%
20/06/14 14:52:34 INFO mapreduce.Job:  map 43% reduce 13%
20/06/14 14:52:35 INFO mapreduce.Job:  map 44% reduce 13%
20/06/14 14:52:37 INFO mapreduce.Job:  map 46% reduce 13%
20/06/14 14:52:39 INFO mapreduce.Job:  map 47% reduce 13%
20/06/14 14:52:40 INFO mapreduce.Job:  map 47% reduce 14%
20/06/14 14:52:42 INFO mapreduce.Job:  map 48% reduce 14%
20/06/14 14:52:43 INFO mapreduce.Job:  map 49% reduce 15%
20/06/14 14:52:46 INFO mapreduce.Job:  map 50% reduce 16%
20/06/14 14:52:48 INFO mapreduce.Job:  map 51% reduce 16%
20/06/14 14:52:50 INFO mapreduce.Job:  map 53% reduce 16%
20/06/14 14:52:52 INFO mapreduce.Job:  map 54% reduce 16%
20/06/14 14:52:53 INFO mapreduce.Job:  map 55% reduce 16%
20/06/14 14:52:55 INFO mapreduce.Job:  map 55% reduce 17%
20/06/14 14:52:56 INFO mapreduce.Job:  map 56% reduce 17%
20/06/14 14:52:57 INFO mapreduce.Job:  map 57% reduce 17%
20/06/14 14:52:58 INFO mapreduce.Job:  map 57% reduce 18%
20/06/14 14:53:00 INFO mapreduce.Job:  map 58% reduce 18%
20/06/14 14:53:01 INFO mapreduce.Job:  map 60% reduce 19%
20/06/14 14:53:05 INFO mapreduce.Job:  map 61% reduce 20%
20/06/14 14:53:09 INFO mapreduce.Job:  map 63% reduce 20%
20/06/14 14:53:11 INFO mapreduce.Job:  map 64% reduce 20%
20/06/14 14:53:12 INFO mapreduce.Job:  map 66% reduce 20%
20/06/14 14:53:14 INFO mapreduce.Job:  map 66% reduce 22%
20/06/14 14:53:16 INFO mapreduce.Job:  map 68% reduce 22%
20/06/14 14:53:17 INFO mapreduce.Job:  map 69% reduce 22%
20/06/14 14:53:18 INFO mapreduce.Job:  map 70% reduce 22%
20/06/14 14:53:20 INFO mapreduce.Job:  map 72% reduce 23%
20/06/14 14:53:23 INFO mapreduce.Job:  map 73% reduce 23%
20/06/14 14:53:25 INFO mapreduce.Job:  map 74% reduce 23%
20/06/14 14:53:26 INFO mapreduce.Job:  map 74% reduce 24%
20/06/14 14:53:27 INFO mapreduce.Job:  map 75% reduce 24%
20/06/14 14:53:29 INFO mapreduce.Job:  map 75% reduce 25%
20/06/14 14:53:30 INFO mapreduce.Job:  map 76% reduce 25%
20/06/14 14:53:33 INFO mapreduce.Job:  map 78% reduce 25%
20/06/14 14:53:35 INFO mapreduce.Job:  map 78% reduce 26%
20/06/14 14:53:36 INFO mapreduce.Job:  map 80% reduce 26%
20/06/14 14:53:38 INFO mapreduce.Job:  map 80% reduce 27%
20/06/14 14:53:42 INFO mapreduce.Job:  map 81% reduce 27%
20/06/14 14:53:46 INFO mapreduce.Job:  map 84% reduce 27%
20/06/14 14:53:48 INFO mapreduce.Job:  map 85% reduce 27%
20/06/14 14:53:49 INFO mapreduce.Job:  map 85% reduce 28%
20/06/14 14:53:51 INFO mapreduce.Job:  map 86% reduce 28%
20/06/14 14:53:52 INFO mapreduce.Job:  map 88% reduce 28%
20/06/14 14:53:53 INFO mapreduce.Job:  map 89% reduce 28%
20/06/14 14:53:55 INFO mapreduce.Job:  map 89% reduce 29%
20/06/14 14:53:56 INFO mapreduce.Job:  map 91% reduce 29%
20/06/14 14:53:57 INFO mapreduce.Job:  map 92% reduce 29%
20/06/14 14:53:58 INFO mapreduce.Job:  map 93% reduce 29%
20/06/14 14:53:59 INFO mapreduce.Job:  map 94% reduce 30%
20/06/14 14:54:02 INFO mapreduce.Job:  map 95% reduce 31%
20/06/14 14:54:07 INFO mapreduce.Job:  map 95% reduce 32%
20/06/14 14:54:08 INFO mapreduce.Job:  map 96% reduce 32%
20/06/14 14:54:11 INFO mapreduce.Job:  map 98% reduce 32%
20/06/14 14:54:14 INFO mapreduce.Job:  map 98% reduce 33%
20/06/14 14:54:16 INFO mapreduce.Job:  map 99% reduce 33%
20/06/14 14:54:19 INFO mapreduce.Job:  map 100% reduce 33%
20/06/14 14:54:20 INFO mapreduce.Job:  map 100% reduce 36%
20/06/14 14:54:22 INFO mapreduce.Job:  map 100% reduce 47%
20/06/14 14:54:23 INFO mapreduce.Job:  map 100% reduce 67%
20/06/14 14:54:28 INFO mapreduce.Job:  map 100% reduce 68%
20/06/14 14:54:29 INFO mapreduce.Job:  map 100% reduce 69%
20/06/14 14:54:32 INFO mapreduce.Job:  map 100% reduce 71%
20/06/14 14:54:34 INFO mapreduce.Job:  map 100% reduce 72%
20/06/14 14:54:35 INFO mapreduce.Job:  map 100% reduce 73%
20/06/14 14:54:38 INFO mapreduce.Job:  map 100% reduce 74%
20/06/14 14:54:40 INFO mapreduce.Job:  map 100% reduce 75%
20/06/14 14:54:41 INFO mapreduce.Job:  map 100% reduce 76%
20/06/14 14:54:43 INFO mapreduce.Job:  map 100% reduce 77%
20/06/14 14:54:44 INFO mapreduce.Job:  map 100% reduce 78%
20/06/14 14:54:47 INFO mapreduce.Job:  map 100% reduce 79%
20/06/14 14:54:49 INFO mapreduce.Job:  map 100% reduce 80%
20/06/14 14:54:52 INFO mapreduce.Job:  map 100% reduce 81%
20/06/14 14:54:53 INFO mapreduce.Job:  map 100% reduce 83%
20/06/14 14:54:56 INFO mapreduce.Job:  map 100% reduce 84%
20/06/14 14:54:59 INFO mapreduce.Job:  map 100% reduce 85%
20/06/14 14:55:02 INFO mapreduce.Job:  map 100% reduce 87%
20/06/14 14:55:05 INFO mapreduce.Job:  map 100% reduce 89%
20/06/14 14:55:08 INFO mapreduce.Job:  map 100% reduce 90%
20/06/14 14:55:11 INFO mapreduce.Job:  map 100% reduce 91%
20/06/14 14:55:14 INFO mapreduce.Job:  map 100% reduce 93%
20/06/14 14:55:17 INFO mapreduce.Job:  map 100% reduce 95%
20/06/14 14:55:20 INFO mapreduce.Job:  map 100% reduce 96%
20/06/14 14:55:23 INFO mapreduce.Job:  map 100% reduce 98%
20/06/14 14:55:26 INFO mapreduce.Job:  map 100% reduce 99%
20/06/14 14:55:28 INFO mapreduce.Job:  map 100% reduce 100%
20/06/14 14:55:28 INFO mapreduce.Job: Job job_1592108053399_0024 completed successfully
20/06/14 14:55:29 INFO mapreduce.Job: Counters: 50
	File System Counters
		FILE: Number of bytes read=31974651711
		FILE: Number of bytes written=42735169961
		FILE: Number of read operations=0
		FILE: Number of large read operations=0
		FILE: Number of write operations=0
		HDFS: Number of bytes read=10774046215
		HDFS: Number of bytes written=10772838078
		HDFS: Number of read operations=329
		HDFS: Number of large read operations=0
		HDFS: Number of write operations=6
	Job Counters 
		Killed map tasks=1
		Launched map tasks=81
		Launched reduce tasks=3
		Data-local map tasks=81
		Total time spent by all maps in occupied slots (ms)=1061411
		Total time spent by all reduces in occupied slots (ms)=603261
		Total time spent by all map tasks (ms)=1061411
		Total time spent by all reduce tasks (ms)=603261
		Total vcore-milliseconds taken by all map tasks=1061411
		Total vcore-milliseconds taken by all reduce tasks=603261
		Total megabyte-milliseconds taken by all map tasks=1086884864
		Total megabyte-milliseconds taken by all reduce tasks=617739264
	Map-Reduce Framework
		Map input records=1022186
		Map output records=1022186
		Map output bytes=10745645742
		Map output materialized bytes=10751393842
		Input split bytes=9040
		Combine input records=0
		Combine output records=0
		Reduce input groups=1022186
		Reduce shuffle bytes=10751393842
		Reduce input records=1022186
		Reduce output records=1022186
		Spilled Records=4062060
		Shuffled Maps =240
		Failed Shuffles=0
		Merged Map outputs=240
		GC time elapsed (ms)=11494
		CPU time spent (ms)=234010
		Physical memory (bytes) snapshot=21967646720
		Virtual memory (bytes) snapshot=175134171136
		Total committed heap usage (bytes)=16543383552
	Shuffle Errors
		BAD_ID=0
		CONNECTION=0
		IO_ERROR=0
		WRONG_LENGTH=0
		WRONG_MAP=0
		WRONG_REDUCE=0
	File Input Format Counters 
		Bytes Read=10774037175
	File Output Format Counters 
		Bytes Written=10772838078
