20/06/14 13:42:48 INFO client.RMProxy: Connecting to ResourceManager at master/10.51.17.95:8032
20/06/14 13:42:49 INFO client.RMProxy: Connecting to ResourceManager at master/10.51.17.95:8032
20/06/14 13:42:49 INFO input.FileInputFormat: Total input paths to process : 10
20/06/14 13:42:49 INFO mapreduce.JobSubmitter: number of splits:80
20/06/14 13:42:50 INFO mapreduce.JobSubmitter: Submitting tokens for job: job_1592108053399_0008
20/06/14 13:42:50 INFO impl.YarnClientImpl: Submitted application application_1592108053399_0008
20/06/14 13:42:50 INFO mapreduce.Job: The url to track the job: http://master:8088/proxy/application_1592108053399_0008/
20/06/14 13:42:50 INFO mapreduce.Job: Running job: job_1592108053399_0008
20/06/14 13:42:57 INFO mapreduce.Job: Job job_1592108053399_0008 running in uber mode : false
20/06/14 13:42:57 INFO mapreduce.Job:  map 0% reduce 0%
20/06/14 13:43:09 INFO mapreduce.Job:  map 6% reduce 0%
20/06/14 13:43:11 INFO mapreduce.Job:  map 8% reduce 0%
20/06/14 13:43:12 INFO mapreduce.Job:  map 9% reduce 0%
20/06/14 13:43:13 INFO mapreduce.Job:  map 10% reduce 0%
20/06/14 13:43:15 INFO mapreduce.Job:  map 11% reduce 0%
20/06/14 13:43:17 INFO mapreduce.Job:  map 12% reduce 0%
20/06/14 13:43:18 INFO mapreduce.Job:  map 14% reduce 0%
20/06/14 13:43:19 INFO mapreduce.Job:  map 17% reduce 0%
20/06/14 13:43:20 INFO mapreduce.Job:  map 18% reduce 0%
20/06/14 13:43:22 INFO mapreduce.Job:  map 19% reduce 0%
20/06/14 13:43:26 INFO mapreduce.Job:  map 20% reduce 0%
20/06/14 13:43:27 INFO mapreduce.Job:  map 21% reduce 0%
20/06/14 13:43:29 INFO mapreduce.Job:  map 23% reduce 0%
20/06/14 13:43:30 INFO mapreduce.Job:  map 24% reduce 0%
20/06/14 13:43:31 INFO mapreduce.Job:  map 24% reduce 2%
20/06/14 13:43:32 INFO mapreduce.Job:  map 26% reduce 2%
20/06/14 13:43:34 INFO mapreduce.Job:  map 29% reduce 3%
20/06/14 13:43:35 INFO mapreduce.Job:  map 30% reduce 3%
20/06/14 13:43:38 INFO mapreduce.Job:  map 31% reduce 3%
20/06/14 13:43:41 INFO mapreduce.Job:  map 33% reduce 5%
20/06/14 13:43:42 INFO mapreduce.Job:  map 34% reduce 5%
20/06/14 13:43:43 INFO mapreduce.Job:  map 35% reduce 5%
20/06/14 13:43:44 INFO mapreduce.Job:  map 35% reduce 6%
20/06/14 13:43:45 INFO mapreduce.Job:  map 36% reduce 6%
20/06/14 13:43:47 INFO mapreduce.Job:  map 37% reduce 7%
20/06/14 13:43:50 INFO mapreduce.Job:  map 38% reduce 8%
20/06/14 13:43:56 INFO mapreduce.Job:  map 38% reduce 9%
20/06/14 13:43:58 INFO mapreduce.Job:  map 39% reduce 9%
20/06/14 13:43:59 INFO mapreduce.Job:  map 39% reduce 10%
20/06/14 13:44:01 INFO mapreduce.Job:  map 40% reduce 10%
20/06/14 13:44:05 INFO mapreduce.Job:  map 40% reduce 11%
20/06/14 13:44:07 INFO mapreduce.Job:  map 41% reduce 11%
20/06/14 13:44:10 INFO mapreduce.Job:  map 42% reduce 11%
20/06/14 13:44:16 INFO mapreduce.Job:  map 43% reduce 11%
20/06/14 13:44:22 INFO mapreduce.Job:  map 44% reduce 11%
20/06/14 13:44:24 INFO mapreduce.Job:  map 45% reduce 11%
20/06/14 13:44:25 INFO mapreduce.Job:  map 46% reduce 11%
20/06/14 13:44:26 INFO mapreduce.Job:  map 47% reduce 11%
20/06/14 13:44:28 INFO mapreduce.Job:  map 48% reduce 12%
20/06/14 13:44:32 INFO mapreduce.Job:  map 48% reduce 13%
20/06/14 13:44:33 INFO mapreduce.Job:  map 49% reduce 13%
20/06/14 13:44:35 INFO mapreduce.Job:  map 50% reduce 13%
20/06/14 13:44:38 INFO mapreduce.Job:  map 51% reduce 13%
20/06/14 13:44:42 INFO mapreduce.Job:  map 52% reduce 13%
20/06/14 13:44:44 INFO mapreduce.Job:  map 54% reduce 13%
20/06/14 13:44:46 INFO mapreduce.Job:  map 57% reduce 13%
20/06/14 13:44:47 INFO mapreduce.Job:  map 58% reduce 13%
20/06/14 13:44:49 INFO mapreduce.Job:  map 59% reduce 14%
20/06/14 13:44:50 INFO mapreduce.Job:  map 59% reduce 15%
20/06/14 13:44:54 INFO mapreduce.Job:  map 60% reduce 15%
20/06/14 13:44:55 INFO mapreduce.Job:  map 61% reduce 15%
20/06/14 13:44:56 INFO mapreduce.Job:  map 61% reduce 16%
20/06/14 13:44:57 INFO mapreduce.Job:  map 62% reduce 16%
20/06/14 13:45:00 INFO mapreduce.Job:  map 63% reduce 16%
20/06/14 13:45:02 INFO mapreduce.Job:  map 65% reduce 16%
20/06/14 13:45:03 INFO mapreduce.Job:  map 66% reduce 16%
20/06/14 13:45:04 INFO mapreduce.Job:  map 67% reduce 16%
20/06/14 13:45:05 INFO mapreduce.Job:  map 67% reduce 17%
20/06/14 13:45:06 INFO mapreduce.Job:  map 68% reduce 17%
20/06/14 13:45:13 INFO mapreduce.Job:  map 69% reduce 17%
20/06/14 13:45:14 INFO mapreduce.Job:  map 70% reduce 17%
20/06/14 13:45:15 INFO mapreduce.Job:  map 71% reduce 17%
20/06/14 13:45:16 INFO mapreduce.Job:  map 72% reduce 17%
20/06/14 13:45:17 INFO mapreduce.Job:  map 74% reduce 17%
20/06/14 13:45:18 INFO mapreduce.Job:  map 75% reduce 17%
20/06/14 13:45:20 INFO mapreduce.Job:  map 75% reduce 18%
20/06/14 13:45:21 INFO mapreduce.Job:  map 76% reduce 18%
20/06/14 13:45:25 INFO mapreduce.Job:  map 76% reduce 19%
20/06/14 13:45:27 INFO mapreduce.Job:  map 77% reduce 19%
20/06/14 13:45:28 INFO mapreduce.Job:  map 78% reduce 19%
20/06/14 13:45:29 INFO mapreduce.Job:  map 80% reduce 19%
20/06/14 13:45:30 INFO mapreduce.Job:  map 82% reduce 19%
20/06/14 13:45:31 INFO mapreduce.Job:  map 84% reduce 19%
20/06/14 13:45:32 INFO mapreduce.Job:  map 84% reduce 20%
20/06/14 13:45:36 INFO mapreduce.Job:  map 85% reduce 20%
20/06/14 13:45:38 INFO mapreduce.Job:  map 85% reduce 21%
20/06/14 13:45:39 INFO mapreduce.Job:  map 86% reduce 21%
20/06/14 13:45:42 INFO mapreduce.Job:  map 88% reduce 21%
20/06/14 13:45:43 INFO mapreduce.Job:  map 90% reduce 21%
20/06/14 13:45:44 INFO mapreduce.Job:  map 92% reduce 22%
20/06/14 13:45:45 INFO mapreduce.Job:  map 93% reduce 22%
20/06/14 13:45:48 INFO mapreduce.Job:  map 93% reduce 23%
20/06/14 13:45:54 INFO mapreduce.Job:  map 94% reduce 23%
20/06/14 13:45:56 INFO mapreduce.Job:  map 96% reduce 23%
20/06/14 13:45:57 INFO mapreduce.Job:  map 96% reduce 24%
20/06/14 13:45:59 INFO mapreduce.Job:  map 97% reduce 24%
20/06/14 13:46:02 INFO mapreduce.Job:  map 98% reduce 24%
20/06/14 13:46:08 INFO mapreduce.Job:  map 99% reduce 24%
20/06/14 13:46:10 INFO mapreduce.Job:  map 100% reduce 24%
20/06/14 13:46:11 INFO mapreduce.Job:  map 100% reduce 25%
20/06/14 13:46:18 INFO mapreduce.Job:  map 100% reduce 26%
20/06/14 13:46:26 INFO mapreduce.Job:  map 100% reduce 27%
20/06/14 13:46:32 INFO mapreduce.Job:  map 100% reduce 28%
20/06/14 13:46:38 INFO mapreduce.Job:  map 100% reduce 29%
20/06/14 13:46:39 INFO mapreduce.Job:  map 100% reduce 30%
20/06/14 13:46:44 INFO mapreduce.Job:  map 100% reduce 35%
20/06/14 13:46:45 INFO mapreduce.Job:  map 100% reduce 36%
20/06/14 13:46:47 INFO mapreduce.Job:  map 100% reduce 43%
20/06/14 13:46:56 INFO mapreduce.Job:  map 100% reduce 44%
20/06/14 13:46:57 INFO mapreduce.Job:  map 100% reduce 45%
20/06/14 13:47:06 INFO mapreduce.Job:  map 100% reduce 52%
20/06/14 13:47:09 INFO mapreduce.Job:  map 100% reduce 57%
20/06/14 13:47:12 INFO mapreduce.Job:  map 100% reduce 63%
20/06/14 13:47:15 INFO mapreduce.Job:  map 100% reduce 67%
20/06/14 13:47:18 INFO mapreduce.Job:  map 100% reduce 69%
20/06/14 13:47:20 INFO mapreduce.Job:  map 100% reduce 70%
20/06/14 13:47:23 INFO mapreduce.Job:  map 100% reduce 71%
20/06/14 13:47:24 INFO mapreduce.Job:  map 100% reduce 72%
20/06/14 13:47:27 INFO mapreduce.Job:  map 100% reduce 73%
20/06/14 13:47:34 INFO mapreduce.Job:  map 100% reduce 74%
20/06/14 13:47:40 INFO mapreduce.Job:  map 100% reduce 75%
20/06/14 13:47:42 INFO mapreduce.Job:  map 100% reduce 76%
20/06/14 13:47:49 INFO mapreduce.Job:  map 100% reduce 77%
20/06/14 13:47:54 INFO mapreduce.Job:  map 100% reduce 78%
20/06/14 13:47:56 INFO mapreduce.Job:  map 100% reduce 79%
20/06/14 13:47:58 INFO mapreduce.Job:  map 100% reduce 80%
20/06/14 13:48:09 INFO mapreduce.Job:  map 100% reduce 81%
20/06/14 13:48:12 INFO mapreduce.Job:  map 100% reduce 82%
20/06/14 13:48:14 INFO mapreduce.Job:  map 100% reduce 83%
20/06/14 13:48:16 INFO mapreduce.Job:  map 100% reduce 84%
20/06/14 13:48:21 INFO mapreduce.Job:  map 100% reduce 85%
20/06/14 13:48:22 INFO mapreduce.Job:  map 100% reduce 86%
20/06/14 13:48:27 INFO mapreduce.Job:  map 100% reduce 87%
20/06/14 13:48:36 INFO mapreduce.Job:  map 100% reduce 88%
20/06/14 13:48:39 INFO mapreduce.Job:  map 100% reduce 89%
20/06/14 13:48:45 INFO mapreduce.Job:  map 100% reduce 90%
20/06/14 13:48:54 INFO mapreduce.Job:  map 100% reduce 91%
20/06/14 13:48:55 INFO mapreduce.Job:  map 100% reduce 92%
20/06/14 13:48:56 INFO mapreduce.Job:  map 100% reduce 93%
20/06/14 13:48:59 INFO mapreduce.Job:  map 100% reduce 94%
20/06/14 13:49:06 INFO mapreduce.Job:  map 100% reduce 95%
20/06/14 13:49:10 INFO mapreduce.Job:  map 100% reduce 96%
20/06/14 13:49:16 INFO mapreduce.Job:  map 100% reduce 97%
20/06/14 13:49:23 INFO mapreduce.Job:  map 100% reduce 98%
20/06/14 13:49:24 INFO mapreduce.Job:  map 100% reduce 99%
20/06/14 13:49:27 INFO mapreduce.Job:  map 100% reduce 100%
20/06/14 13:49:30 INFO mapreduce.Job: Job job_1592108053399_0008 completed successfully
20/06/14 13:49:30 INFO mapreduce.Job: Counters: 51
	File System Counters
		FILE: Number of bytes read=31973707528
		FILE: Number of bytes written=42734229738
		FILE: Number of read operations=0
		FILE: Number of large read operations=0
		FILE: Number of write operations=0
		HDFS: Number of bytes read=10774123967
		HDFS: Number of bytes written=10772834213
		HDFS: Number of read operations=329
		HDFS: Number of large read operations=0
		HDFS: Number of write operations=6
	Job Counters 
		Killed map tasks=1
		Launched map tasks=81
		Launched reduce tasks=3
		Data-local map tasks=61
		Rack-local map tasks=20
		Total time spent by all maps in occupied slots (ms)=1263824
		Total time spent by all reduces in occupied slots (ms)=1047449
		Total time spent by all map tasks (ms)=1263824
		Total time spent by all reduce tasks (ms)=1047449
		Total vcore-milliseconds taken by all map tasks=1263824
		Total vcore-milliseconds taken by all reduce tasks=1047449
		Total megabyte-milliseconds taken by all map tasks=1294155776
		Total megabyte-milliseconds taken by all reduce tasks=1072587776
	Map-Reduce Framework
		Map input records=1022068
		Map output records=1022068
		Map output bytes=10745648741
		Map output materialized bytes=10751396573
		Input split bytes=9040
		Combine input records=0
		Combine output records=0
		Reduce input groups=1022068
		Reduce shuffle bytes=10751396573
		Reduce input records=1022068
		Reduce output records=1022068
		Spilled Records=4061528
		Shuffled Maps =240
		Failed Shuffles=0
		Merged Map outputs=240
		GC time elapsed (ms)=11621
		CPU time spent (ms)=254620
		Physical memory (bytes) snapshot=21912125440
		Virtual memory (bytes) snapshot=175126859776
		Total committed heap usage (bytes)=16480993280
	Shuffle Errors
		BAD_ID=0
		CONNECTION=0
		IO_ERROR=0
		WRONG_LENGTH=0
		WRONG_MAP=0
		WRONG_REDUCE=0
	File Input Format Counters 
		Bytes Read=10774114927
	File Output Format Counters 
		Bytes Written=10772834213
