20/06/14 14:35:46 INFO client.RMProxy: Connecting to ResourceManager at master/10.51.17.95:8032
20/06/14 14:35:47 INFO input.FileInputFormat: Total input paths to process : 10
20/06/14 14:35:47 INFO mapreduce.JobSubmitter: number of splits:90
20/06/14 14:35:48 INFO mapreduce.JobSubmitter: Submitting tokens for job: job_1592108053399_0020
20/06/14 14:35:48 INFO impl.YarnClientImpl: Submitted application application_1592108053399_0020
20/06/14 14:35:48 INFO mapreduce.Job: The url to track the job: http://master:8088/proxy/application_1592108053399_0020/
20/06/14 14:35:48 INFO mapreduce.Job: Running job: job_1592108053399_0020
20/06/14 14:35:54 INFO mapreduce.Job: Job job_1592108053399_0020 running in uber mode : false
20/06/14 14:35:54 INFO mapreduce.Job:  map 0% reduce 0%
20/06/14 14:36:06 INFO mapreduce.Job:  map 1% reduce 0%
20/06/14 14:36:09 INFO mapreduce.Job:  map 2% reduce 0%
20/06/14 14:36:13 INFO mapreduce.Job:  map 3% reduce 0%
20/06/14 14:36:18 INFO mapreduce.Job:  map 4% reduce 0%
20/06/14 14:36:22 INFO mapreduce.Job:  map 5% reduce 0%
20/06/14 14:36:27 INFO mapreduce.Job:  map 6% reduce 0%
20/06/14 14:36:30 INFO mapreduce.Job:  map 7% reduce 0%
20/06/14 14:36:33 INFO mapreduce.Job:  map 8% reduce 0%
20/06/14 14:36:38 INFO mapreduce.Job:  map 9% reduce 0%
20/06/14 14:36:46 INFO mapreduce.Job:  map 10% reduce 0%
20/06/14 14:36:48 INFO mapreduce.Job:  map 11% reduce 0%
20/06/14 14:36:49 INFO mapreduce.Job:  map 12% reduce 0%
20/06/14 14:36:51 INFO mapreduce.Job:  map 13% reduce 0%
20/06/14 14:36:59 INFO mapreduce.Job:  map 14% reduce 0%
20/06/14 14:37:01 INFO mapreduce.Job:  map 15% reduce 0%
20/06/14 14:37:04 INFO mapreduce.Job:  map 16% reduce 0%
20/06/14 14:37:08 INFO mapreduce.Job:  map 17% reduce 0%
20/06/14 14:37:11 INFO mapreduce.Job:  map 17% reduce 5%
20/06/14 14:37:13 INFO mapreduce.Job:  map 18% reduce 5%
20/06/14 14:37:19 INFO mapreduce.Job:  map 19% reduce 5%
20/06/14 14:37:23 INFO mapreduce.Job:  map 20% reduce 5%
20/06/14 14:37:29 INFO mapreduce.Job:  map 21% reduce 5%
20/06/14 14:37:33 INFO mapreduce.Job:  map 22% reduce 5%
20/06/14 14:37:35 INFO mapreduce.Job:  map 23% reduce 5%
20/06/14 14:37:36 INFO mapreduce.Job:  map 23% reduce 6%
20/06/14 14:37:39 INFO mapreduce.Job:  map 23% reduce 7%
20/06/14 14:37:40 INFO mapreduce.Job:  map 24% reduce 7%
20/06/14 14:37:43 INFO mapreduce.Job:  map 25% reduce 7%
20/06/14 14:37:45 INFO mapreduce.Job:  map 26% reduce 8%
20/06/14 14:37:48 INFO mapreduce.Job:  map 26% reduce 9%
20/06/14 14:37:49 INFO mapreduce.Job:  map 27% reduce 9%
20/06/14 14:37:54 INFO mapreduce.Job:  map 28% reduce 9%
20/06/14 14:37:58 INFO mapreduce.Job:  map 29% reduce 9%
20/06/14 14:38:01 INFO mapreduce.Job:  map 30% reduce 9%
20/06/14 14:38:04 INFO mapreduce.Job:  map 31% reduce 9%
20/06/14 14:38:06 INFO mapreduce.Job:  map 31% reduce 10%
20/06/14 14:38:12 INFO mapreduce.Job:  map 32% reduce 10%
20/06/14 14:38:16 INFO mapreduce.Job:  map 33% reduce 10%
20/06/14 14:38:20 INFO mapreduce.Job:  map 34% reduce 10%
20/06/14 14:38:25 INFO mapreduce.Job:  map 35% reduce 10%
20/06/14 14:38:28 INFO mapreduce.Job:  map 36% reduce 10%
20/06/14 14:38:30 INFO mapreduce.Job:  map 37% reduce 10%
20/06/14 14:38:32 INFO mapreduce.Job:  map 38% reduce 10%
20/06/14 14:38:33 INFO mapreduce.Job:  map 38% reduce 12%
20/06/14 14:38:40 INFO mapreduce.Job:  map 39% reduce 12%
20/06/14 14:38:42 INFO mapreduce.Job:  map 40% reduce 13%
20/06/14 14:38:44 INFO mapreduce.Job:  map 41% reduce 13%
20/06/14 14:38:53 INFO mapreduce.Job:  map 42% reduce 13%
20/06/14 14:38:55 INFO mapreduce.Job:  map 43% reduce 13%
20/06/14 14:38:57 INFO mapreduce.Job:  map 44% reduce 13%
20/06/14 14:38:58 INFO mapreduce.Job:  map 44% reduce 14%
20/06/14 14:39:04 INFO mapreduce.Job:  map 45% reduce 14%
20/06/14 14:39:07 INFO mapreduce.Job:  map 46% reduce 14%
20/06/14 14:39:13 INFO mapreduce.Job:  map 47% reduce 14%
20/06/14 14:39:16 INFO mapreduce.Job:  map 48% reduce 14%
20/06/14 14:39:21 INFO mapreduce.Job:  map 49% reduce 14%
20/06/14 14:39:23 INFO mapreduce.Job:  map 50% reduce 14%
20/06/14 14:39:24 INFO mapreduce.Job:  map 51% reduce 14%
20/06/14 14:39:25 INFO mapreduce.Job:  map 51% reduce 16%
20/06/14 14:39:31 INFO mapreduce.Job:  map 52% reduce 16%
20/06/14 14:39:34 INFO mapreduce.Job:  map 53% reduce 16%
20/06/14 14:39:35 INFO mapreduce.Job:  map 53% reduce 17%
20/06/14 14:39:37 INFO mapreduce.Job:  map 54% reduce 17%
20/06/14 14:39:43 INFO mapreduce.Job:  map 55% reduce 17%
20/06/14 14:39:46 INFO mapreduce.Job:  map 56% reduce 17%
20/06/14 14:39:49 INFO mapreduce.Job:  map 57% reduce 17%
20/06/14 14:39:50 INFO mapreduce.Job:  map 57% reduce 18%
20/06/14 14:39:53 INFO mapreduce.Job:  map 57% reduce 19%
20/06/14 14:39:55 INFO mapreduce.Job:  map 58% reduce 19%
20/06/14 14:40:00 INFO mapreduce.Job:  map 59% reduce 19%
20/06/14 14:40:04 INFO mapreduce.Job:  map 60% reduce 19%
20/06/14 14:40:07 INFO mapreduce.Job:  map 61% reduce 19%
20/06/14 14:40:14 INFO mapreduce.Job:  map 62% reduce 19%
20/06/14 14:40:16 INFO mapreduce.Job:  map 63% reduce 19%
20/06/14 14:40:18 INFO mapreduce.Job:  map 64% reduce 19%
20/06/14 14:40:20 INFO mapreduce.Job:  map 64% reduce 20%
20/06/14 14:40:23 INFO mapreduce.Job:  map 64% reduce 21%
20/06/14 14:40:24 INFO mapreduce.Job:  map 65% reduce 21%
20/06/14 14:40:27 INFO mapreduce.Job:  map 66% reduce 21%
20/06/14 14:40:30 INFO mapreduce.Job:  map 67% reduce 21%
20/06/14 14:40:32 INFO mapreduce.Job:  map 67% reduce 22%
20/06/14 14:40:34 INFO mapreduce.Job:  map 68% reduce 22%
20/06/14 14:40:36 INFO mapreduce.Job:  map 69% reduce 22%
20/06/14 14:40:39 INFO mapreduce.Job:  map 70% reduce 22%
20/06/14 14:40:41 INFO mapreduce.Job:  map 71% reduce 22%
20/06/14 14:40:42 INFO mapreduce.Job:  map 73% reduce 22%
20/06/14 14:40:44 INFO mapreduce.Job:  map 73% reduce 23%
20/06/14 14:40:45 INFO mapreduce.Job:  map 74% reduce 23%
20/06/14 14:40:47 INFO mapreduce.Job:  map 74% reduce 24%
20/06/14 14:40:50 INFO mapreduce.Job:  map 75% reduce 24%
20/06/14 14:40:56 INFO mapreduce.Job:  map 76% reduce 24%
20/06/14 14:41:00 INFO mapreduce.Job:  map 77% reduce 24%
20/06/14 14:41:03 INFO mapreduce.Job:  map 77% reduce 25%
20/06/14 14:41:04 INFO mapreduce.Job:  map 78% reduce 25%
20/06/14 14:41:08 INFO mapreduce.Job:  map 79% reduce 25%
20/06/14 14:41:11 INFO mapreduce.Job:  map 80% reduce 25%
20/06/14 14:41:12 INFO mapreduce.Job:  map 80% reduce 26%
20/06/14 14:41:15 INFO mapreduce.Job:  map 81% reduce 26%
20/06/14 14:41:21 INFO mapreduce.Job:  map 82% reduce 26%
20/06/14 14:41:24 INFO mapreduce.Job:  map 83% reduce 26%
20/06/14 14:41:30 INFO mapreduce.Job:  map 84% reduce 26%
20/06/14 14:41:36 INFO mapreduce.Job:  map 85% reduce 26%
20/06/14 14:41:38 INFO mapreduce.Job:  map 86% reduce 26%
20/06/14 14:41:40 INFO mapreduce.Job:  map 86% reduce 27%
20/06/14 14:41:42 INFO mapreduce.Job:  map 87% reduce 27%
20/06/14 14:41:43 INFO mapreduce.Job:  map 88% reduce 27%
20/06/14 14:41:45 INFO mapreduce.Job:  map 88% reduce 29%
20/06/14 14:41:49 INFO mapreduce.Job:  map 89% reduce 29%
20/06/14 14:41:52 INFO mapreduce.Job:  map 90% reduce 29%
20/06/14 14:41:54 INFO mapreduce.Job:  map 91% reduce 29%
20/06/14 14:41:56 INFO mapreduce.Job:  map 92% reduce 29%
20/06/14 14:41:58 INFO mapreduce.Job:  map 93% reduce 29%
20/06/14 14:42:00 INFO mapreduce.Job:  map 94% reduce 30%
20/06/14 14:42:03 INFO mapreduce.Job:  map 95% reduce 30%
20/06/14 14:42:06 INFO mapreduce.Job:  map 96% reduce 31%
20/06/14 14:42:08 INFO mapreduce.Job:  map 97% reduce 31%
20/06/14 14:42:09 INFO mapreduce.Job:  map 98% reduce 32%
20/06/14 14:42:11 INFO mapreduce.Job:  map 99% reduce 32%
20/06/14 14:42:15 INFO mapreduce.Job:  map 99% reduce 33%
20/06/14 14:42:16 INFO mapreduce.Job:  map 100% reduce 33%
20/06/14 14:42:21 INFO mapreduce.Job:  map 100% reduce 65%
20/06/14 14:42:24 INFO mapreduce.Job:  map 100% reduce 72%
20/06/14 14:42:27 INFO mapreduce.Job:  map 100% reduce 77%
20/06/14 14:42:30 INFO mapreduce.Job:  map 100% reduce 83%
20/06/14 14:42:33 INFO mapreduce.Job:  map 100% reduce 90%
20/06/14 14:42:36 INFO mapreduce.Job:  map 100% reduce 100%
20/06/14 14:42:36 INFO mapreduce.Job: Job job_1592108053399_0020 completed successfully
20/06/14 14:42:36 INFO mapreduce.Job: Counters: 51
	File System Counters
		FILE: Number of bytes read=1432681320
		FILE: Number of bytes written=2135715484
		FILE: Number of read operations=0
		FILE: Number of large read operations=0
		FILE: Number of write operations=0
		HDFS: Number of bytes read=11025072116
		HDFS: Number of bytes written=322591368
		HDFS: Number of read operations=273
		HDFS: Number of large read operations=0
		HDFS: Number of write operations=2
	Job Counters 
		Killed map tasks=1
		Launched map tasks=91
		Launched reduce tasks=1
		Data-local map tasks=77
		Rack-local map tasks=14
		Total time spent by all maps in occupied slots (ms)=3331887
		Total time spent by all reduces in occupied slots (ms)=334837
		Total time spent by all map tasks (ms)=3331887
		Total time spent by all reduce tasks (ms)=334837
		Total vcore-milliseconds taken by all map tasks=3331887
		Total vcore-milliseconds taken by all reduce tasks=334837
		Total megabyte-milliseconds taken by all map tasks=3411852288
		Total megabyte-milliseconds taken by all reduce tasks=342873088
	Map-Reduce Framework
		Map input records=723379
		Map output records=1010217763
		Map output bytes=15225018812
		Map output materialized bytes=691882271
		Input split bytes=10530
		Combine input records=1034976229
		Combine output records=47350551
		Reduce input groups=9724064
		Reduce shuffle bytes=691882271
		Reduce input records=22592085
		Reduce output records=9724064
		Spilled Records=69942636
		Shuffled Maps =90
		Failed Shuffles=0
		Merged Map outputs=90
		GC time elapsed (ms)=60732
		CPU time spent (ms)=1950540
		Physical memory (bytes) snapshot=25157865472
		Virtual memory (bytes) snapshot=192004505600
		Total committed heap usage (bytes)=18919981056
	Shuffle Errors
		BAD_ID=0
		CONNECTION=0
		IO_ERROR=0
		WRONG_LENGTH=0
		WRONG_MAP=0
		WRONG_REDUCE=0
	File Input Format Counters 
		Bytes Read=11025061586
	File Output Format Counters 
		Bytes Written=322591368
