20/06/14 03:14:22 INFO client.RMProxy: Connecting to ResourceManager at master/10.51.17.95:8032
20/06/14 03:14:23 INFO input.FileInputFormat: Total input paths to process : 10
20/06/14 03:14:23 INFO mapreduce.JobSubmitter: number of splits:90
20/06/14 03:14:24 INFO mapreduce.JobSubmitter: Submitting tokens for job: job_1592071164759_0004
20/06/14 03:14:24 INFO impl.YarnClientImpl: Submitted application application_1592071164759_0004
20/06/14 03:14:24 INFO mapreduce.Job: The url to track the job: http://master:8088/proxy/application_1592071164759_0004/
20/06/14 03:14:24 INFO mapreduce.Job: Running job: job_1592071164759_0004
20/06/14 03:14:29 INFO mapreduce.Job: Job job_1592071164759_0004 running in uber mode : false
20/06/14 03:14:29 INFO mapreduce.Job:  map 0% reduce 0%
20/06/14 03:14:41 INFO mapreduce.Job:  map 1% reduce 0%
20/06/14 03:14:43 INFO mapreduce.Job:  map 2% reduce 0%
20/06/14 03:14:53 INFO mapreduce.Job:  map 3% reduce 0%
20/06/14 03:14:55 INFO mapreduce.Job:  map 4% reduce 0%
20/06/14 03:15:02 INFO mapreduce.Job:  map 5% reduce 0%
20/06/14 03:15:06 INFO mapreduce.Job:  map 6% reduce 0%
20/06/14 03:15:10 INFO mapreduce.Job:  map 7% reduce 0%
20/06/14 03:15:13 INFO mapreduce.Job:  map 8% reduce 0%
20/06/14 03:15:20 INFO mapreduce.Job:  map 9% reduce 0%
20/06/14 03:15:24 INFO mapreduce.Job:  map 10% reduce 0%
20/06/14 03:15:29 INFO mapreduce.Job:  map 11% reduce 0%
20/06/14 03:15:31 INFO mapreduce.Job:  map 12% reduce 0%
20/06/14 03:15:32 INFO mapreduce.Job:  map 13% reduce 0%
20/06/14 03:15:42 INFO mapreduce.Job:  map 14% reduce 0%
20/06/14 03:15:45 INFO mapreduce.Job:  map 15% reduce 0%
20/06/14 03:15:49 INFO mapreduce.Job:  map 16% reduce 0%
20/06/14 03:15:53 INFO mapreduce.Job:  map 17% reduce 0%
20/06/14 03:15:59 INFO mapreduce.Job:  map 18% reduce 0%
20/06/14 03:16:00 INFO mapreduce.Job:  map 19% reduce 0%
20/06/14 03:16:05 INFO mapreduce.Job:  map 20% reduce 0%
20/06/14 03:16:11 INFO mapreduce.Job:  map 21% reduce 0%
20/06/14 03:16:17 INFO mapreduce.Job:  map 22% reduce 0%
20/06/14 03:16:23 INFO mapreduce.Job:  map 23% reduce 0%
20/06/14 03:16:26 INFO mapreduce.Job:  map 24% reduce 0%
20/06/14 03:16:30 INFO mapreduce.Job:  map 25% reduce 0%
20/06/14 03:16:31 INFO mapreduce.Job:  map 26% reduce 0%
20/06/14 03:16:34 INFO mapreduce.Job:  map 27% reduce 0%
20/06/14 03:16:39 INFO mapreduce.Job:  map 28% reduce 0%
20/06/14 03:16:46 INFO mapreduce.Job:  map 29% reduce 0%
20/06/14 03:16:51 INFO mapreduce.Job:  map 30% reduce 0%
20/06/14 03:16:56 INFO mapreduce.Job:  map 31% reduce 0%
20/06/14 03:17:02 INFO mapreduce.Job:  map 32% reduce 0%
20/06/14 03:17:08 INFO mapreduce.Job:  map 33% reduce 0%
20/06/14 03:17:13 INFO mapreduce.Job:  map 34% reduce 0%
20/06/14 03:17:16 INFO mapreduce.Job:  map 35% reduce 0%
20/06/14 03:17:22 INFO mapreduce.Job:  map 36% reduce 0%
20/06/14 03:17:25 INFO mapreduce.Job:  map 37% reduce 0%
20/06/14 03:17:29 INFO mapreduce.Job:  map 38% reduce 0%
20/06/14 03:17:33 INFO mapreduce.Job:  map 39% reduce 0%
20/06/14 03:17:38 INFO mapreduce.Job:  map 40% reduce 0%
20/06/14 03:17:42 INFO mapreduce.Job:  map 41% reduce 0%
20/06/14 03:17:47 INFO mapreduce.Job:  map 42% reduce 0%
20/06/14 03:17:52 INFO mapreduce.Job:  map 43% reduce 0%
20/06/14 03:17:55 INFO mapreduce.Job:  map 44% reduce 0%
20/06/14 03:18:02 INFO mapreduce.Job:  map 45% reduce 0%
20/06/14 03:18:04 INFO mapreduce.Job:  map 46% reduce 0%
20/06/14 03:18:12 INFO mapreduce.Job:  map 47% reduce 0%
20/06/14 03:18:19 INFO mapreduce.Job:  map 48% reduce 0%
20/06/14 03:18:25 INFO mapreduce.Job:  map 49% reduce 0%
20/06/14 03:18:29 INFO mapreduce.Job:  map 50% reduce 0%
20/06/14 03:18:31 INFO mapreduce.Job:  map 50% reduce 16%
20/06/14 03:18:41 INFO mapreduce.Job:  map 51% reduce 16%
20/06/14 03:18:44 INFO mapreduce.Job:  map 52% reduce 16%
20/06/14 03:18:46 INFO mapreduce.Job:  map 52% reduce 17%
20/06/14 03:18:56 INFO mapreduce.Job:  map 53% reduce 17%
20/06/14 03:19:07 INFO mapreduce.Job:  map 54% reduce 17%
20/06/14 03:19:17 INFO mapreduce.Job:  map 55% reduce 17%
20/06/14 03:19:26 INFO mapreduce.Job:  map 56% reduce 17%
20/06/14 03:19:31 INFO mapreduce.Job:  map 56% reduce 18%
20/06/14 03:19:32 INFO mapreduce.Job:  map 57% reduce 18%
20/06/14 03:19:37 INFO mapreduce.Job:  map 57% reduce 19%
20/06/14 03:19:38 INFO mapreduce.Job:  map 58% reduce 19%
20/06/14 03:19:49 INFO mapreduce.Job:  map 59% reduce 19%
20/06/14 03:19:59 INFO mapreduce.Job:  map 60% reduce 19%
20/06/14 03:20:09 INFO mapreduce.Job:  map 61% reduce 19%
20/06/14 03:20:20 INFO mapreduce.Job:  map 62% reduce 19%
20/06/14 03:20:25 INFO mapreduce.Job:  map 62% reduce 20%
20/06/14 03:20:27 INFO mapreduce.Job:  map 63% reduce 20%
20/06/14 03:20:35 INFO mapreduce.Job:  map 64% reduce 20%
20/06/14 03:20:40 INFO mapreduce.Job:  map 64% reduce 21%
20/06/14 03:20:41 INFO mapreduce.Job:  map 65% reduce 21%
20/06/14 03:20:51 INFO mapreduce.Job:  map 66% reduce 21%
20/06/14 03:21:01 INFO mapreduce.Job:  map 67% reduce 21%
20/06/14 03:21:11 INFO mapreduce.Job:  map 68% reduce 21%
20/06/14 03:21:19 INFO mapreduce.Job:  map 69% reduce 22%
20/06/14 03:21:29 INFO mapreduce.Job:  map 70% reduce 22%
20/06/14 03:21:34 INFO mapreduce.Job:  map 70% reduce 23%
20/06/14 03:21:35 INFO mapreduce.Job:  map 71% reduce 23%
20/06/14 03:21:44 INFO mapreduce.Job:  map 72% reduce 23%
20/06/14 03:21:46 INFO mapreduce.Job:  map 72% reduce 24%
20/06/14 03:21:51 INFO mapreduce.Job:  map 73% reduce 24%
20/06/14 03:22:07 INFO mapreduce.Job:  map 74% reduce 24%
20/06/14 03:22:16 INFO mapreduce.Job:  map 75% reduce 24%
20/06/14 03:22:23 INFO mapreduce.Job:  map 76% reduce 24%
20/06/14 03:22:27 INFO mapreduce.Job:  map 77% reduce 24%
20/06/14 03:22:29 INFO mapreduce.Job:  map 77% reduce 25%
20/06/14 03:22:36 INFO mapreduce.Job:  map 78% reduce 25%
20/06/14 03:22:41 INFO mapreduce.Job:  map 78% reduce 26%
20/06/14 03:22:42 INFO mapreduce.Job:  map 79% reduce 26%
20/06/14 03:22:55 INFO mapreduce.Job:  map 80% reduce 26%
20/06/14 03:23:04 INFO mapreduce.Job:  map 81% reduce 26%
20/06/14 03:23:13 INFO mapreduce.Job:  map 82% reduce 26%
20/06/14 03:23:22 INFO mapreduce.Job:  map 83% reduce 26%
20/06/14 03:23:23 INFO mapreduce.Job:  map 83% reduce 27%
20/06/14 03:23:31 INFO mapreduce.Job:  map 84% reduce 27%
20/06/14 03:23:37 INFO mapreduce.Job:  map 85% reduce 27%
20/06/14 03:23:38 INFO mapreduce.Job:  map 85% reduce 28%
20/06/14 03:23:49 INFO mapreduce.Job:  map 86% reduce 28%
20/06/14 03:23:56 INFO mapreduce.Job:  map 87% reduce 28%
20/06/14 03:24:04 INFO mapreduce.Job:  map 88% reduce 28%
20/06/14 03:24:09 INFO mapreduce.Job:  map 88% reduce 29%
20/06/14 03:24:14 INFO mapreduce.Job:  map 89% reduce 29%
20/06/14 03:24:19 INFO mapreduce.Job:  map 90% reduce 29%
20/06/14 03:24:23 INFO mapreduce.Job:  map 91% reduce 29%
20/06/14 03:24:27 INFO mapreduce.Job:  map 91% reduce 30%
20/06/14 03:24:29 INFO mapreduce.Job:  map 92% reduce 30%
20/06/14 03:24:32 INFO mapreduce.Job:  map 93% reduce 30%
20/06/14 03:24:37 INFO mapreduce.Job:  map 94% reduce 30%
20/06/14 03:24:42 INFO mapreduce.Job:  map 95% reduce 31%
20/06/14 03:24:44 INFO mapreduce.Job:  map 96% reduce 31%
20/06/14 03:24:48 INFO mapreduce.Job:  map 97% reduce 32%
20/06/14 03:24:52 INFO mapreduce.Job:  map 98% reduce 32%
20/06/14 03:24:53 INFO mapreduce.Job:  map 99% reduce 32%
20/06/14 03:24:56 INFO mapreduce.Job:  map 100% reduce 32%
20/06/14 03:24:57 INFO mapreduce.Job:  map 100% reduce 33%
20/06/14 03:25:00 INFO mapreduce.Job:  map 100% reduce 68%
20/06/14 03:25:03 INFO mapreduce.Job:  map 100% reduce 73%
20/06/14 03:25:06 INFO mapreduce.Job:  map 100% reduce 78%
20/06/14 03:25:09 INFO mapreduce.Job:  map 100% reduce 82%
20/06/14 03:25:12 INFO mapreduce.Job:  map 100% reduce 87%
20/06/14 03:25:15 INFO mapreduce.Job:  map 100% reduce 93%
20/06/14 03:25:17 INFO mapreduce.Job:  map 100% reduce 100%
20/06/14 03:25:19 INFO mapreduce.Job: Job job_1592071164759_0004 completed successfully
20/06/14 03:25:19 INFO mapreduce.Job: Counters: 51
	File System Counters
		FILE: Number of bytes read=1637457484
		FILE: Number of bytes written=2424513069
		FILE: Number of read operations=0
		FILE: Number of large read operations=0
		FILE: Number of write operations=0
		HDFS: Number of bytes read=11025135023
		HDFS: Number of bytes written=461426541
		HDFS: Number of read operations=273
		HDFS: Number of large read operations=0
		HDFS: Number of write operations=2
	Job Counters 
		Killed map tasks=1
		Launched map tasks=91
		Launched reduce tasks=1
		Data-local map tasks=78
		Rack-local map tasks=13
		Total time spent by all maps in occupied slots (ms)=4487708
		Total time spent by all reduces in occupied slots (ms)=1660864
		Total time spent by all map tasks (ms)=4487708
		Total time spent by all reduce tasks (ms)=415216
		Total vcore-milliseconds taken by all map tasks=4487708
		Total vcore-milliseconds taken by all reduce tasks=415216
		Total megabyte-milliseconds taken by all map tasks=4595412992
		Total megabyte-milliseconds taken by all reduce tasks=1700724736
	Map-Reduce Framework
		Map input records=722896
		Map output records=1010354871
		Map output bytes=19268755174
		Map output materialized bytes=775872570
		Input split bytes=10530
		Combine input records=1035342987
		Combine output records=47591339
		Reduce input groups=9843254
		Reduce shuffle bytes=775872570
		Reduce input records=22603223
		Reduce output records=9843254
		Spilled Records=70872704
		Shuffled Maps =90
		Failed Shuffles=0
		Merged Map outputs=90
		GC time elapsed (ms)=84780
		CPU time spent (ms)=2229810
		Physical memory (bytes) snapshot=25130876928
		Virtual memory (bytes) snapshot=191924715520
		Total committed heap usage (bytes)=18933612544
	Shuffle Errors
		BAD_ID=0
		CONNECTION=0
		IO_ERROR=0
		WRONG_LENGTH=0
		WRONG_MAP=0
		WRONG_REDUCE=0
	File Input Format Counters 
		Bytes Read=11025124493
	File Output Format Counters 
		Bytes Written=461426541
20/06/14 03:25:19 INFO client.RMProxy: Connecting to ResourceManager at master/10.51.17.95:8032
20/06/14 03:25:20 INFO input.FileInputFormat: Total input paths to process : 1
20/06/14 03:25:20 INFO mapreduce.JobSubmitter: number of splits:4
20/06/14 03:25:21 INFO mapreduce.JobSubmitter: Submitting tokens for job: job_1592071164759_0005
20/06/14 03:25:21 INFO impl.YarnClientImpl: Submitted application application_1592071164759_0005
20/06/14 03:25:21 INFO mapreduce.Job: The url to track the job: http://master:8088/proxy/application_1592071164759_0005/
20/06/14 03:25:21 INFO mapreduce.Job: Running job: job_1592071164759_0005
20/06/14 03:25:30 INFO mapreduce.Job: Job job_1592071164759_0005 running in uber mode : false
20/06/14 03:25:30 INFO mapreduce.Job:  map 0% reduce 0%
20/06/14 03:25:41 INFO mapreduce.Job:  map 25% reduce 0%
20/06/14 03:25:42 INFO mapreduce.Job:  map 35% reduce 0%
20/06/14 03:25:43 INFO mapreduce.Job:  map 59% reduce 0%
20/06/14 03:25:46 INFO mapreduce.Job:  map 81% reduce 0%
20/06/14 03:25:49 INFO mapreduce.Job:  map 96% reduce 0%
20/06/14 03:25:50 INFO mapreduce.Job:  map 100% reduce 0%
20/06/14 03:25:51 INFO mapreduce.Job:  map 100% reduce 67%
20/06/14 03:25:54 INFO mapreduce.Job:  map 100% reduce 80%
20/06/14 03:25:57 INFO mapreduce.Job:  map 100% reduce 89%
20/06/14 03:25:59 INFO mapreduce.Job:  map 100% reduce 100%
20/06/14 03:26:00 INFO mapreduce.Job: Job job_1592071164759_0005 completed successfully
20/06/14 03:26:00 INFO mapreduce.Job: Counters: 50
	File System Counters
		FILE: Number of bytes read=741901130
		FILE: Number of bytes written=1140368995
		FILE: Number of read operations=0
		FILE: Number of large read operations=0
		FILE: Number of write operations=0
		HDFS: Number of bytes read=461429347
		HDFS: Number of bytes written=319767120
		HDFS: Number of read operations=19
		HDFS: Number of large read operations=0
		HDFS: Number of write operations=2
	Job Counters 
		Killed map tasks=1
		Launched map tasks=5
		Launched reduce tasks=1
		Data-local map tasks=5
		Total time spent by all maps in occupied slots (ms)=62936
		Total time spent by all reduces in occupied slots (ms)=64696
		Total time spent by all map tasks (ms)=62936
		Total time spent by all reduce tasks (ms)=16174
		Total vcore-milliseconds taken by all map tasks=62936
		Total vcore-milliseconds taken by all reduce tasks=16174
		Total megabyte-milliseconds taken by all map tasks=64446464
		Total megabyte-milliseconds taken by all reduce tasks=66248704
	Map-Reduce Framework
		Map input records=9843254
		Map output records=9843254
		Map output bytes=378169503
		Map output materialized bytes=397856035
		Input split bytes=504
		Combine input records=0
		Combine output records=0
		Reduce input groups=1253
		Reduce shuffle bytes=397856035
		Reduce input records=9843254
		Reduce output records=9843254
		Spilled Records=28798059
		Shuffled Maps =4
		Failed Shuffles=0
		Merged Map outputs=4
		GC time elapsed (ms)=1739
		CPU time spent (ms)=45300
		Physical memory (bytes) snapshot=1268506624
		Virtual memory (bytes) snapshot=10557956096
		Total committed heap usage (bytes)=941096960
	Shuffle Errors
		BAD_ID=0
		CONNECTION=0
		IO_ERROR=0
		WRONG_LENGTH=0
		WRONG_MAP=0
		WRONG_REDUCE=0
	File Input Format Counters 
		Bytes Read=461428843
	File Output Format Counters 
		Bytes Written=319767120
