20/06/15 10:24:15 INFO client.RMProxy: Connecting to ResourceManager at master/10.51.17.95:8032
20/06/15 10:24:16 INFO input.FileInputFormat: Total input paths to process : 10
20/06/15 10:24:16 INFO mapreduce.JobSubmitter: number of splits:90
20/06/15 10:24:17 INFO mapreduce.JobSubmitter: Submitting tokens for job: job_1592180571344_0010
20/06/15 10:24:17 INFO impl.YarnClientImpl: Submitted application application_1592180571344_0010
20/06/15 10:24:17 INFO mapreduce.Job: The url to track the job: http://master:8088/proxy/application_1592180571344_0010/
20/06/15 10:24:17 INFO mapreduce.Job: Running job: job_1592180571344_0010
20/06/15 10:24:24 INFO mapreduce.Job: Job job_1592180571344_0010 running in uber mode : false
20/06/15 10:24:24 INFO mapreduce.Job:  map 0% reduce 0%
20/06/15 10:24:38 INFO mapreduce.Job:  map 1% reduce 0%
20/06/15 10:24:41 INFO mapreduce.Job:  map 2% reduce 0%
20/06/15 10:24:49 INFO mapreduce.Job:  map 3% reduce 0%
20/06/15 10:24:53 INFO mapreduce.Job:  map 4% reduce 0%
20/06/15 10:25:01 INFO mapreduce.Job:  map 5% reduce 0%
20/06/15 10:25:04 INFO mapreduce.Job:  map 6% reduce 0%
20/06/15 10:25:09 INFO mapreduce.Job:  map 7% reduce 0%
20/06/15 10:25:11 INFO mapreduce.Job:  map 8% reduce 0%
20/06/15 10:25:20 INFO mapreduce.Job:  map 9% reduce 0%
20/06/15 10:25:23 INFO mapreduce.Job:  map 10% reduce 0%
20/06/15 10:25:27 INFO mapreduce.Job:  map 11% reduce 0%
20/06/15 10:25:30 INFO mapreduce.Job:  map 12% reduce 0%
20/06/15 10:25:31 INFO mapreduce.Job:  map 13% reduce 0%
20/06/15 10:25:40 INFO mapreduce.Job:  map 14% reduce 0%
20/06/15 10:25:46 INFO mapreduce.Job:  map 15% reduce 0%
20/06/15 10:25:49 INFO mapreduce.Job:  map 16% reduce 0%
20/06/15 10:25:52 INFO mapreduce.Job:  map 17% reduce 0%
20/06/15 10:25:59 INFO mapreduce.Job:  map 18% reduce 0%
20/06/15 10:26:04 INFO mapreduce.Job:  map 19% reduce 0%
20/06/15 10:26:09 INFO mapreduce.Job:  map 20% reduce 0%
20/06/15 10:26:16 INFO mapreduce.Job:  map 21% reduce 0%
20/06/15 10:26:22 INFO mapreduce.Job:  map 22% reduce 0%
20/06/15 10:26:28 INFO mapreduce.Job:  map 23% reduce 0%
20/06/15 10:26:31 INFO mapreduce.Job:  map 24% reduce 0%
20/06/15 10:26:34 INFO mapreduce.Job:  map 25% reduce 0%
20/06/15 10:26:36 INFO mapreduce.Job:  map 27% reduce 0%
20/06/15 10:26:47 INFO mapreduce.Job:  map 28% reduce 0%
20/06/15 10:26:51 INFO mapreduce.Job:  map 29% reduce 0%
20/06/15 10:26:58 INFO mapreduce.Job:  map 30% reduce 0%
20/06/15 10:27:03 INFO mapreduce.Job:  map 31% reduce 0%
20/06/15 10:27:07 INFO mapreduce.Job:  map 32% reduce 0%
20/06/15 10:27:13 INFO mapreduce.Job:  map 33% reduce 0%
20/06/15 10:27:18 INFO mapreduce.Job:  map 34% reduce 0%
20/06/15 10:27:19 INFO mapreduce.Job:  map 35% reduce 0%
20/06/15 10:27:26 INFO mapreduce.Job:  map 36% reduce 0%
20/06/15 10:27:28 INFO mapreduce.Job:  map 37% reduce 0%
20/06/15 10:27:33 INFO mapreduce.Job:  map 38% reduce 0%
20/06/15 10:27:38 INFO mapreduce.Job:  map 39% reduce 0%
20/06/15 10:27:42 INFO mapreduce.Job:  map 40% reduce 0%
20/06/15 10:27:47 INFO mapreduce.Job:  map 41% reduce 0%
20/06/15 10:27:50 INFO mapreduce.Job:  map 42% reduce 0%
20/06/15 10:27:54 INFO mapreduce.Job:  map 43% reduce 0%
20/06/15 10:28:00 INFO mapreduce.Job:  map 44% reduce 0%
20/06/15 10:28:03 INFO mapreduce.Job:  map 45% reduce 0%
20/06/15 10:28:09 INFO mapreduce.Job:  map 46% reduce 0%
20/06/15 10:28:14 INFO mapreduce.Job:  map 47% reduce 0%
20/06/15 10:28:19 INFO mapreduce.Job:  map 48% reduce 0%
20/06/15 10:28:22 INFO mapreduce.Job:  map 49% reduce 0%
20/06/15 10:28:31 INFO mapreduce.Job:  map 50% reduce 15%
20/06/15 10:28:34 INFO mapreduce.Job:  map 50% reduce 16%
20/06/15 10:28:37 INFO mapreduce.Job:  map 51% reduce 16%
20/06/15 10:28:40 INFO mapreduce.Job:  map 51% reduce 17%
20/06/15 10:28:43 INFO mapreduce.Job:  map 52% reduce 17%
20/06/15 10:28:53 INFO mapreduce.Job:  map 53% reduce 17%
20/06/15 10:29:07 INFO mapreduce.Job:  map 54% reduce 17%
20/06/15 10:29:16 INFO mapreduce.Job:  map 55% reduce 17%
20/06/15 10:29:25 INFO mapreduce.Job:  map 56% reduce 17%
20/06/15 10:29:28 INFO mapreduce.Job:  map 56% reduce 18%
20/06/15 10:29:32 INFO mapreduce.Job:  map 57% reduce 18%
20/06/15 10:29:34 INFO mapreduce.Job:  map 58% reduce 18%
20/06/15 10:29:37 INFO mapreduce.Job:  map 58% reduce 19%
20/06/15 10:29:46 INFO mapreduce.Job:  map 59% reduce 19%
20/06/15 10:29:55 INFO mapreduce.Job:  map 60% reduce 19%
20/06/15 10:30:05 INFO mapreduce.Job:  map 61% reduce 19%
20/06/15 10:30:14 INFO mapreduce.Job:  map 62% reduce 19%
20/06/15 10:30:22 INFO mapreduce.Job:  map 63% reduce 20%
20/06/15 10:30:25 INFO mapreduce.Job:  map 64% reduce 20%
20/06/15 10:30:28 INFO mapreduce.Job:  map 64% reduce 21%
20/06/15 10:30:31 INFO mapreduce.Job:  map 65% reduce 21%
20/06/15 10:30:37 INFO mapreduce.Job:  map 66% reduce 21%
20/06/15 10:30:40 INFO mapreduce.Job:  map 67% reduce 21%
20/06/15 10:30:43 INFO mapreduce.Job:  map 67% reduce 22%
20/06/15 10:30:45 INFO mapreduce.Job:  map 68% reduce 22%
20/06/15 10:31:01 INFO mapreduce.Job:  map 69% reduce 22%
20/06/15 10:31:10 INFO mapreduce.Job:  map 70% reduce 22%
20/06/15 10:31:13 INFO mapreduce.Job:  map 70% reduce 23%
20/06/15 10:31:20 INFO mapreduce.Job:  map 71% reduce 23%
20/06/15 10:31:26 INFO mapreduce.Job:  map 72% reduce 23%
20/06/15 10:31:29 INFO mapreduce.Job:  map 73% reduce 23%
20/06/15 10:31:31 INFO mapreduce.Job:  map 73% reduce 24%
20/06/15 10:31:41 INFO mapreduce.Job:  map 74% reduce 24%
20/06/15 10:31:48 INFO mapreduce.Job:  map 75% reduce 24%
20/06/15 10:32:00 INFO mapreduce.Job:  map 76% reduce 24%
20/06/15 10:32:06 INFO mapreduce.Job:  map 77% reduce 24%
20/06/15 10:32:07 INFO mapreduce.Job:  map 77% reduce 25%
20/06/15 10:32:18 INFO mapreduce.Job:  map 78% reduce 25%
20/06/15 10:32:25 INFO mapreduce.Job:  map 79% reduce 25%
20/06/15 10:32:28 INFO mapreduce.Job:  map 79% reduce 26%
20/06/15 10:32:33 INFO mapreduce.Job:  map 80% reduce 26%
20/06/15 10:32:41 INFO mapreduce.Job:  map 81% reduce 26%
20/06/15 10:32:46 INFO mapreduce.Job:  map 81% reduce 27%
20/06/15 10:32:49 INFO mapreduce.Job:  map 82% reduce 27%
20/06/15 10:32:58 INFO mapreduce.Job:  map 83% reduce 27%
20/06/15 10:33:07 INFO mapreduce.Job:  map 84% reduce 27%
20/06/15 10:33:18 INFO mapreduce.Job:  map 85% reduce 27%
20/06/15 10:33:23 INFO mapreduce.Job:  map 86% reduce 27%
20/06/15 10:33:25 INFO mapreduce.Job:  map 86% reduce 28%
20/06/15 10:33:29 INFO mapreduce.Job:  map 87% reduce 28%
20/06/15 10:33:31 INFO mapreduce.Job:  map 87% reduce 29%
20/06/15 10:33:41 INFO mapreduce.Job:  map 88% reduce 29%
20/06/15 10:33:43 INFO mapreduce.Job:  map 89% reduce 29%
20/06/15 10:33:50 INFO mapreduce.Job:  map 90% reduce 29%
20/06/15 10:33:57 INFO mapreduce.Job:  map 91% reduce 29%
20/06/15 10:34:01 INFO mapreduce.Job:  map 92% reduce 30%
20/06/15 10:34:04 INFO mapreduce.Job:  map 93% reduce 30%
20/06/15 10:34:12 INFO mapreduce.Job:  map 94% reduce 30%
20/06/15 10:34:15 INFO mapreduce.Job:  map 95% reduce 30%
20/06/15 10:34:19 INFO mapreduce.Job:  map 96% reduce 31%
20/06/15 10:34:21 INFO mapreduce.Job:  map 97% reduce 31%
20/06/15 10:34:22 INFO mapreduce.Job:  map 97% reduce 32%
20/06/15 10:34:25 INFO mapreduce.Job:  map 98% reduce 32%
20/06/15 10:34:28 INFO mapreduce.Job:  map 98% reduce 33%
20/06/15 10:34:29 INFO mapreduce.Job:  map 99% reduce 33%
20/06/15 10:34:30 INFO mapreduce.Job:  map 100% reduce 33%
20/06/15 10:34:31 INFO mapreduce.Job:  map 100% reduce 52%
20/06/15 10:34:34 INFO mapreduce.Job:  map 100% reduce 71%
20/06/15 10:34:37 INFO mapreduce.Job:  map 100% reduce 76%
20/06/15 10:34:40 INFO mapreduce.Job:  map 100% reduce 81%
20/06/15 10:34:43 INFO mapreduce.Job:  map 100% reduce 87%
20/06/15 10:34:46 INFO mapreduce.Job:  map 100% reduce 94%
20/06/15 10:34:49 INFO mapreduce.Job:  map 100% reduce 100%
20/06/15 10:34:51 INFO mapreduce.Job: Job job_1592180571344_0010 completed successfully
20/06/15 10:34:52 INFO mapreduce.Job: Counters: 51
	File System Counters
		FILE: Number of bytes read=1664983330
		FILE: Number of bytes written=2465674690
		FILE: Number of read operations=0
		FILE: Number of large read operations=0
		FILE: Number of write operations=0
		HDFS: Number of bytes read=11025668664
		HDFS: Number of bytes written=472954036
		HDFS: Number of read operations=273
		HDFS: Number of large read operations=0
		HDFS: Number of write operations=2
	Job Counters 
		Killed map tasks=1
		Launched map tasks=91
		Launched reduce tasks=1
		Data-local map tasks=61
		Rack-local map tasks=30
		Total time spent by all maps in occupied slots (ms)=4349528
		Total time spent by all reduces in occupied slots (ms)=1551180
		Total time spent by all map tasks (ms)=4349528
		Total time spent by all reduce tasks (ms)=387795
		Total vcore-milliseconds taken by all map tasks=4349528
		Total vcore-milliseconds taken by all reduce tasks=387795
		Total megabyte-milliseconds taken by all map tasks=4453916672
		Total megabyte-milliseconds taken by all reduce tasks=1588408320
	Map-Reduce Framework
		Map input records=1179594
		Map output records=1009901268
		Map output bytes=19265183218
		Map output materialized bytes=789509164
		Input split bytes=9630
		Combine input records=1034891965
		Combine output records=47597616
		Reduce input groups=9841803
		Reduce shuffle bytes=789509164
		Reduce input records=22606919
		Reduce output records=9841803
		Spilled Records=70882807
		Shuffled Maps =90
		Failed Shuffles=0
		Merged Map outputs=90
		GC time elapsed (ms)=87907
		CPU time spent (ms)=2194760
		Physical memory (bytes) snapshot=25057935360
		Virtual memory (bytes) snapshot=191955468288
		Total committed heap usage (bytes)=18933612544
	Shuffle Errors
		BAD_ID=0
		CONNECTION=0
		IO_ERROR=0
		WRONG_LENGTH=0
		WRONG_MAP=0
		WRONG_REDUCE=0
	File Input Format Counters 
		Bytes Read=11025659034
	File Output Format Counters 
		Bytes Written=472954036
20/06/15 10:34:52 INFO client.RMProxy: Connecting to ResourceManager at master/10.51.17.95:8032
20/06/15 10:34:52 INFO input.FileInputFormat: Total input paths to process : 1
20/06/15 10:34:52 INFO mapreduce.JobSubmitter: number of splits:4
20/06/15 10:34:53 INFO mapreduce.JobSubmitter: Submitting tokens for job: job_1592180571344_0011
20/06/15 10:34:53 INFO impl.YarnClientImpl: Submitted application application_1592180571344_0011
20/06/15 10:34:53 INFO mapreduce.Job: The url to track the job: http://master:8088/proxy/application_1592180571344_0011/
20/06/15 10:34:53 INFO mapreduce.Job: Running job: job_1592180571344_0011
20/06/15 10:35:03 INFO mapreduce.Job: Job job_1592180571344_0011 running in uber mode : false
20/06/15 10:35:03 INFO mapreduce.Job:  map 0% reduce 0%
20/06/15 10:35:13 INFO mapreduce.Job:  map 25% reduce 0%
20/06/15 10:35:14 INFO mapreduce.Job:  map 32% reduce 0%
20/06/15 10:35:15 INFO mapreduce.Job:  map 61% reduce 0%
20/06/15 10:35:17 INFO mapreduce.Job:  map 67% reduce 0%
20/06/15 10:35:18 INFO mapreduce.Job:  map 82% reduce 0%
20/06/15 10:35:19 INFO mapreduce.Job:  map 87% reduce 0%
20/06/15 10:35:20 INFO mapreduce.Job:  map 92% reduce 0%
20/06/15 10:35:23 INFO mapreduce.Job:  map 100% reduce 25%
20/06/15 10:35:26 INFO mapreduce.Job:  map 100% reduce 79%
20/06/15 10:35:29 INFO mapreduce.Job:  map 100% reduce 89%
20/06/15 10:35:31 INFO mapreduce.Job:  map 100% reduce 100%
20/06/15 10:35:32 INFO mapreduce.Job: Job job_1592180571344_0011 completed successfully
20/06/15 10:35:32 INFO mapreduce.Job: Counters: 50
	File System Counters
		FILE: Number of bytes read=754217147
		FILE: Number of bytes written=1164111408
		FILE: Number of read operations=0
		FILE: Number of large read operations=0
		FILE: Number of write operations=0
		HDFS: Number of bytes read=472959505
		HDFS: Number of bytes written=331204946
		HDFS: Number of read operations=19
		HDFS: Number of large read operations=0
		HDFS: Number of write operations=2
	Job Counters 
		Killed map tasks=1
		Launched map tasks=5
		Launched reduce tasks=1
		Data-local map tasks=5
		Total time spent by all maps in occupied slots (ms)=60722
		Total time spent by all reduces in occupied slots (ms)=62764
		Total time spent by all map tasks (ms)=60722
		Total time spent by all reduce tasks (ms)=15691
		Total vcore-milliseconds taken by all map tasks=60722
		Total vcore-milliseconds taken by all reduce tasks=15691
		Total megabyte-milliseconds taken by all map tasks=62179328
		Total megabyte-milliseconds taken by all reduce tasks=64270336
	Map-Reduce Framework
		Map input records=9841803
		Map output records=9841803
		Map output bytes=389598846
		Map output materialized bytes=409282476
		Input split bytes=508
		Combine input records=0
		Combine output records=0
		Reduce input groups=1244
		Reduce shuffle bytes=409282476
		Reduce input records=9841803
		Reduce output records=9841803
		Spilled Records=28647293
		Shuffled Maps =4
		Failed Shuffles=0
		Merged Map outputs=4
		GC time elapsed (ms)=1511
		CPU time spent (ms)=43060
		Physical memory (bytes) snapshot=1273921536
		Virtual memory (bytes) snapshot=10564034560
		Total committed heap usage (bytes)=940572672
	Shuffle Errors
		BAD_ID=0
		CONNECTION=0
		IO_ERROR=0
		WRONG_LENGTH=0
		WRONG_MAP=0
		WRONG_REDUCE=0
	File Input Format Counters 
		Bytes Read=472958997
	File Output Format Counters 
		Bytes Written=331204946
