20/06/15 09:58:25 INFO client.RMProxy: Connecting to ResourceManager at master/10.51.17.95:8032
20/06/15 09:58:25 INFO input.FileInputFormat: Total input paths to process : 10
20/06/15 09:58:26 INFO mapreduce.JobSubmitter: number of splits:90
20/06/15 09:58:26 INFO mapreduce.JobSubmitter: Submitting tokens for job: job_1592180571344_0006
20/06/15 09:58:26 INFO impl.YarnClientImpl: Submitted application application_1592180571344_0006
20/06/15 09:58:26 INFO mapreduce.Job: The url to track the job: http://master:8088/proxy/application_1592180571344_0006/
20/06/15 09:58:26 INFO mapreduce.Job: Running job: job_1592180571344_0006
20/06/15 09:58:30 INFO mapreduce.Job: Job job_1592180571344_0006 running in uber mode : false
20/06/15 09:58:30 INFO mapreduce.Job:  map 0% reduce 0%
20/06/15 09:58:43 INFO mapreduce.Job:  map 1% reduce 0%
20/06/15 09:58:45 INFO mapreduce.Job:  map 2% reduce 0%
20/06/15 09:58:52 INFO mapreduce.Job:  map 3% reduce 0%
20/06/15 09:58:55 INFO mapreduce.Job:  map 4% reduce 0%
20/06/15 09:59:03 INFO mapreduce.Job:  map 5% reduce 0%
20/06/15 09:59:06 INFO mapreduce.Job:  map 6% reduce 0%
20/06/15 09:59:10 INFO mapreduce.Job:  map 7% reduce 0%
20/06/15 09:59:12 INFO mapreduce.Job:  map 8% reduce 0%
20/06/15 09:59:18 INFO mapreduce.Job:  map 9% reduce 0%
20/06/15 09:59:21 INFO mapreduce.Job:  map 10% reduce 0%
20/06/15 09:59:28 INFO mapreduce.Job:  map 12% reduce 0%
20/06/15 09:59:29 INFO mapreduce.Job:  map 13% reduce 0%
20/06/15 09:59:38 INFO mapreduce.Job:  map 14% reduce 0%
20/06/15 09:59:41 INFO mapreduce.Job:  map 15% reduce 0%
20/06/15 09:59:44 INFO mapreduce.Job:  map 16% reduce 0%
20/06/15 09:59:48 INFO mapreduce.Job:  map 17% reduce 0%
20/06/15 09:59:53 INFO mapreduce.Job:  map 18% reduce 0%
20/06/15 09:59:59 INFO mapreduce.Job:  map 19% reduce 0%
20/06/15 10:00:02 INFO mapreduce.Job:  map 20% reduce 0%
20/06/15 10:00:09 INFO mapreduce.Job:  map 21% reduce 0%
20/06/15 10:00:13 INFO mapreduce.Job:  map 22% reduce 0%
20/06/15 10:00:17 INFO mapreduce.Job:  map 23% reduce 0%
20/06/15 10:00:20 INFO mapreduce.Job:  map 24% reduce 0%
20/06/15 10:00:24 INFO mapreduce.Job:  map 25% reduce 0%
20/06/15 10:00:25 INFO mapreduce.Job:  map 26% reduce 0%
20/06/15 10:00:29 INFO mapreduce.Job:  map 27% reduce 0%
20/06/15 10:00:33 INFO mapreduce.Job:  map 28% reduce 0%
20/06/15 10:00:40 INFO mapreduce.Job:  map 29% reduce 0%
20/06/15 10:00:44 INFO mapreduce.Job:  map 30% reduce 0%
20/06/15 10:00:49 INFO mapreduce.Job:  map 31% reduce 0%
20/06/15 10:00:55 INFO mapreduce.Job:  map 32% reduce 0%
20/06/15 10:00:58 INFO mapreduce.Job:  map 33% reduce 0%
20/06/15 10:01:00 INFO mapreduce.Job:  map 34% reduce 0%
20/06/15 10:01:05 INFO mapreduce.Job:  map 35% reduce 0%
20/06/15 10:01:09 INFO mapreduce.Job:  map 36% reduce 0%
20/06/15 10:01:15 INFO mapreduce.Job:  map 37% reduce 0%
20/06/15 10:01:18 INFO mapreduce.Job:  map 38% reduce 0%
20/06/15 10:01:21 INFO mapreduce.Job:  map 40% reduce 0%
20/06/15 10:01:29 INFO mapreduce.Job:  map 41% reduce 0%
20/06/15 10:01:33 INFO mapreduce.Job:  map 42% reduce 0%
20/06/15 10:01:37 INFO mapreduce.Job:  map 43% reduce 0%
20/06/15 10:01:40 INFO mapreduce.Job:  map 44% reduce 0%
20/06/15 10:01:46 INFO mapreduce.Job:  map 45% reduce 0%
20/06/15 10:01:50 INFO mapreduce.Job:  map 46% reduce 0%
20/06/15 10:01:56 INFO mapreduce.Job:  map 47% reduce 0%
20/06/15 10:02:01 INFO mapreduce.Job:  map 48% reduce 0%
20/06/15 10:02:04 INFO mapreduce.Job:  map 49% reduce 0%
20/06/15 10:02:06 INFO mapreduce.Job:  map 50% reduce 0%
20/06/15 10:02:13 INFO mapreduce.Job:  map 51% reduce 16%
20/06/15 10:02:16 INFO mapreduce.Job:  map 52% reduce 16%
20/06/15 10:02:19 INFO mapreduce.Job:  map 52% reduce 17%
20/06/15 10:02:24 INFO mapreduce.Job:  map 53% reduce 17%
20/06/15 10:02:33 INFO mapreduce.Job:  map 54% reduce 17%
20/06/15 10:02:47 INFO mapreduce.Job:  map 55% reduce 17%
20/06/15 10:02:57 INFO mapreduce.Job:  map 56% reduce 17%
20/06/15 10:03:07 INFO mapreduce.Job:  map 57% reduce 17%
20/06/15 10:03:10 INFO mapreduce.Job:  map 57% reduce 18%
20/06/15 10:03:11 INFO mapreduce.Job:  map 58% reduce 18%
20/06/15 10:03:12 INFO mapreduce.Job:  map 59% reduce 18%
20/06/15 10:03:13 INFO mapreduce.Job:  map 59% reduce 19%
20/06/15 10:03:16 INFO mapreduce.Job:  map 59% reduce 20%
20/06/15 10:03:25 INFO mapreduce.Job:  map 60% reduce 20%
20/06/15 10:03:35 INFO mapreduce.Job:  map 61% reduce 20%
20/06/15 10:03:47 INFO mapreduce.Job:  map 62% reduce 20%
20/06/15 10:03:56 INFO mapreduce.Job:  map 63% reduce 20%
20/06/15 10:04:05 INFO mapreduce.Job:  map 64% reduce 20%
20/06/15 10:04:11 INFO mapreduce.Job:  map 65% reduce 20%
20/06/15 10:04:12 INFO mapreduce.Job:  map 66% reduce 20%
20/06/15 10:04:13 INFO mapreduce.Job:  map 66% reduce 21%
20/06/15 10:04:16 INFO mapreduce.Job:  map 66% reduce 22%
20/06/15 10:04:24 INFO mapreduce.Job:  map 67% reduce 22%
20/06/15 10:04:34 INFO mapreduce.Job:  map 68% reduce 22%
20/06/15 10:04:46 INFO mapreduce.Job:  map 69% reduce 22%
20/06/15 10:04:57 INFO mapreduce.Job:  map 70% reduce 22%
20/06/15 10:05:06 INFO mapreduce.Job:  map 71% reduce 22%
20/06/15 10:05:08 INFO mapreduce.Job:  map 71% reduce 23%
20/06/15 10:05:10 INFO mapreduce.Job:  map 72% reduce 23%
20/06/15 10:05:11 INFO mapreduce.Job:  map 72% reduce 24%
20/06/15 10:05:17 INFO mapreduce.Job:  map 73% reduce 24%
20/06/15 10:05:19 INFO mapreduce.Job:  map 74% reduce 24%
20/06/15 10:05:23 INFO mapreduce.Job:  map 75% reduce 24%
20/06/15 10:05:26 INFO mapreduce.Job:  map 76% reduce 24%
20/06/15 10:05:28 INFO mapreduce.Job:  map 77% reduce 24%
20/06/15 10:05:32 INFO mapreduce.Job:  map 77% reduce 25%
20/06/15 10:05:35 INFO mapreduce.Job:  map 78% reduce 25%
20/06/15 10:05:38 INFO mapreduce.Job:  map 78% reduce 26%
20/06/15 10:05:40 INFO mapreduce.Job:  map 79% reduce 26%
20/06/15 10:05:45 INFO mapreduce.Job:  map 80% reduce 26%
20/06/15 10:05:49 INFO mapreduce.Job:  map 81% reduce 26%
20/06/15 10:05:53 INFO mapreduce.Job:  map 81% reduce 27%
20/06/15 10:05:59 INFO mapreduce.Job:  map 82% reduce 27%
20/06/15 10:06:09 INFO mapreduce.Job:  map 83% reduce 27%
20/06/15 10:06:18 INFO mapreduce.Job:  map 84% reduce 27%
20/06/15 10:06:30 INFO mapreduce.Job:  map 85% reduce 27%
20/06/15 10:06:33 INFO mapreduce.Job:  map 86% reduce 27%
20/06/15 10:06:35 INFO mapreduce.Job:  map 86% reduce 28%
20/06/15 10:06:45 INFO mapreduce.Job:  map 87% reduce 28%
20/06/15 10:06:50 INFO mapreduce.Job:  map 88% reduce 29%
20/06/15 10:06:58 INFO mapreduce.Job:  map 89% reduce 29%
20/06/15 10:07:12 INFO mapreduce.Job:  map 90% reduce 29%
20/06/15 10:07:21 INFO mapreduce.Job:  map 91% reduce 29%
20/06/15 10:07:29 INFO mapreduce.Job:  map 92% reduce 29%
20/06/15 10:07:33 INFO mapreduce.Job:  map 92% reduce 30%
20/06/15 10:07:38 INFO mapreduce.Job:  map 93% reduce 30%
20/06/15 10:07:45 INFO mapreduce.Job:  map 94% reduce 30%
20/06/15 10:07:48 INFO mapreduce.Job:  map 95% reduce 31%
20/06/15 10:07:55 INFO mapreduce.Job:  map 96% reduce 31%
20/06/15 10:07:56 INFO mapreduce.Job:  map 97% reduce 31%
20/06/15 10:07:57 INFO mapreduce.Job:  map 97% reduce 32%
20/06/15 10:08:00 INFO mapreduce.Job:  map 98% reduce 32%
20/06/15 10:08:01 INFO mapreduce.Job:  map 99% reduce 32%
20/06/15 10:08:05 INFO mapreduce.Job:  map 100% reduce 32%
20/06/15 10:08:06 INFO mapreduce.Job:  map 100% reduce 33%
20/06/15 10:08:15 INFO mapreduce.Job:  map 100% reduce 68%
20/06/15 10:08:18 INFO mapreduce.Job:  map 100% reduce 73%
20/06/15 10:08:21 INFO mapreduce.Job:  map 100% reduce 79%
20/06/15 10:08:24 INFO mapreduce.Job:  map 100% reduce 83%
20/06/15 10:08:27 INFO mapreduce.Job:  map 100% reduce 90%
20/06/15 10:08:30 INFO mapreduce.Job:  map 100% reduce 98%
20/06/15 10:08:31 INFO mapreduce.Job:  map 100% reduce 100%
20/06/15 10:08:31 INFO mapreduce.Job: Job job_1592180571344_0006 completed successfully
20/06/15 10:08:31 INFO mapreduce.Job: Counters: 51
	File System Counters
		FILE: Number of bytes read=1664983330
		FILE: Number of bytes written=2465674599
		FILE: Number of read operations=0
		FILE: Number of large read operations=0
		FILE: Number of write operations=0
		HDFS: Number of bytes read=11025668664
		HDFS: Number of bytes written=472954036
		HDFS: Number of read operations=273
		HDFS: Number of large read operations=0
		HDFS: Number of write operations=2
	Job Counters 
		Killed map tasks=1
		Launched map tasks=91
		Launched reduce tasks=1
		Data-local map tasks=73
		Rack-local map tasks=18
		Total time spent by all maps in occupied slots (ms)=4145825
		Total time spent by all reduces in occupied slots (ms)=1540424
		Total time spent by all map tasks (ms)=4145825
		Total time spent by all reduce tasks (ms)=385106
		Total vcore-milliseconds taken by all map tasks=4145825
		Total vcore-milliseconds taken by all reduce tasks=385106
		Total megabyte-milliseconds taken by all map tasks=4245324800
		Total megabyte-milliseconds taken by all reduce tasks=1577394176
	Map-Reduce Framework
		Map input records=1179594
		Map output records=1009901268
		Map output bytes=19265183218
		Map output materialized bytes=789509164
		Input split bytes=9630
		Combine input records=1034891965
		Combine output records=47597616
		Reduce input groups=9841803
		Reduce shuffle bytes=789509164
		Reduce input records=22606919
		Reduce output records=9841803
		Spilled Records=70882807
		Shuffled Maps =90
		Failed Shuffles=0
		Merged Map outputs=90
		GC time elapsed (ms)=83945
		CPU time spent (ms)=2083070
		Physical memory (bytes) snapshot=25122111488
		Virtual memory (bytes) snapshot=191928696832
		Total committed heap usage (bytes)=18936233984
	Shuffle Errors
		BAD_ID=0
		CONNECTION=0
		IO_ERROR=0
		WRONG_LENGTH=0
		WRONG_MAP=0
		WRONG_REDUCE=0
	File Input Format Counters 
		Bytes Read=11025659034
	File Output Format Counters 
		Bytes Written=472954036
20/06/15 10:08:31 INFO client.RMProxy: Connecting to ResourceManager at master/10.51.17.95:8032
20/06/15 10:08:31 INFO input.FileInputFormat: Total input paths to process : 1
20/06/15 10:08:32 INFO mapreduce.JobSubmitter: number of splits:4
20/06/15 10:08:32 INFO mapreduce.JobSubmitter: Submitting tokens for job: job_1592180571344_0007
20/06/15 10:08:32 INFO impl.YarnClientImpl: Submitted application application_1592180571344_0007
20/06/15 10:08:32 INFO mapreduce.Job: The url to track the job: http://master:8088/proxy/application_1592180571344_0007/
20/06/15 10:08:32 INFO mapreduce.Job: Running job: job_1592180571344_0007
20/06/15 10:08:42 INFO mapreduce.Job: Job job_1592180571344_0007 running in uber mode : false
20/06/15 10:08:42 INFO mapreduce.Job:  map 0% reduce 0%
20/06/15 10:08:53 INFO mapreduce.Job:  map 25% reduce 0%
20/06/15 10:08:54 INFO mapreduce.Job:  map 44% reduce 0%
20/06/15 10:08:55 INFO mapreduce.Job:  map 61% reduce 0%
20/06/15 10:08:57 INFO mapreduce.Job:  map 69% reduce 0%
20/06/15 10:08:58 INFO mapreduce.Job:  map 78% reduce 0%
20/06/15 10:09:00 INFO mapreduce.Job:  map 81% reduce 0%
20/06/15 10:09:01 INFO mapreduce.Job:  map 87% reduce 0%
20/06/15 10:09:03 INFO mapreduce.Job:  map 96% reduce 17%
20/06/15 10:09:04 INFO mapreduce.Job:  map 100% reduce 17%
20/06/15 10:09:06 INFO mapreduce.Job:  map 100% reduce 68%
20/06/15 10:09:09 INFO mapreduce.Job:  map 100% reduce 78%
20/06/15 10:09:12 INFO mapreduce.Job:  map 100% reduce 85%
20/06/15 10:09:15 INFO mapreduce.Job:  map 100% reduce 100%
20/06/15 10:09:17 INFO mapreduce.Job: Job job_1592180571344_0007 completed successfully
20/06/15 10:09:17 INFO mapreduce.Job: Counters: 50
	File System Counters
		FILE: Number of bytes read=754217147
		FILE: Number of bytes written=1164111403
		FILE: Number of read operations=0
		FILE: Number of large read operations=0
		FILE: Number of write operations=0
		HDFS: Number of bytes read=472959501
		HDFS: Number of bytes written=331204946
		HDFS: Number of read operations=19
		HDFS: Number of large read operations=0
		HDFS: Number of write operations=2
	Job Counters 
		Killed map tasks=1
		Launched map tasks=5
		Launched reduce tasks=1
		Data-local map tasks=5
		Total time spent by all maps in occupied slots (ms)=71012
		Total time spent by all reduces in occupied slots (ms)=81144
		Total time spent by all map tasks (ms)=71012
		Total time spent by all reduce tasks (ms)=20286
		Total vcore-milliseconds taken by all map tasks=71012
		Total vcore-milliseconds taken by all reduce tasks=20286
		Total megabyte-milliseconds taken by all map tasks=72716288
		Total megabyte-milliseconds taken by all reduce tasks=83091456
	Map-Reduce Framework
		Map input records=9841803
		Map output records=9841803
		Map output bytes=389598846
		Map output materialized bytes=409282476
		Input split bytes=504
		Combine input records=0
		Combine output records=0
		Reduce input groups=1244
		Reduce shuffle bytes=409282476
		Reduce input records=9841803
		Reduce output records=9841803
		Spilled Records=28647293
		Shuffled Maps =4
		Failed Shuffles=0
		Merged Map outputs=4
		GC time elapsed (ms)=1451
		CPU time spent (ms)=45710
		Physical memory (bytes) snapshot=1278984192
		Virtual memory (bytes) snapshot=10574643200
		Total committed heap usage (bytes)=940572672
	Shuffle Errors
		BAD_ID=0
		CONNECTION=0
		IO_ERROR=0
		WRONG_LENGTH=0
		WRONG_MAP=0
		WRONG_REDUCE=0
	File Input Format Counters 
		Bytes Read=472958997
	File Output Format Counters 
		Bytes Written=331204946
