20/06/16 17:09:27 INFO client.RMProxy: Connecting to ResourceManager at master/10.51.17.95:8032
20/06/16 17:09:27 INFO client.RMProxy: Connecting to ResourceManager at master/10.51.17.95:8032
20/06/16 17:09:28 INFO input.FileInputFormat: Total input paths to process : 10
20/06/16 17:09:28 INFO mapreduce.JobSubmitter: number of splits:80
20/06/16 17:09:28 INFO mapreduce.JobSubmitter: Submitting tokens for job: job_1592294095701_0003
20/06/16 17:09:28 INFO impl.YarnClientImpl: Submitted application application_1592294095701_0003
20/06/16 17:09:28 INFO mapreduce.Job: The url to track the job: http://master:8088/proxy/application_1592294095701_0003/
20/06/16 17:09:28 INFO mapreduce.Job: Running job: job_1592294095701_0003
20/06/16 17:09:35 INFO mapreduce.Job: Job job_1592294095701_0003 running in uber mode : false
20/06/16 17:09:35 INFO mapreduce.Job:  map 0% reduce 0%
20/06/16 17:09:43 INFO mapreduce.Job:  map 1% reduce 0%
20/06/16 17:09:44 INFO mapreduce.Job:  map 5% reduce 0%
20/06/16 17:09:47 INFO mapreduce.Job:  map 9% reduce 0%
20/06/16 17:09:48 INFO mapreduce.Job:  map 11% reduce 0%
20/06/16 17:09:49 INFO mapreduce.Job:  map 13% reduce 0%
20/06/16 17:09:50 INFO mapreduce.Job:  map 14% reduce 0%
20/06/16 17:09:52 INFO mapreduce.Job:  map 15% reduce 0%
20/06/16 17:09:53 INFO mapreduce.Job:  map 17% reduce 0%
20/06/16 17:09:56 INFO mapreduce.Job:  map 19% reduce 0%
20/06/16 17:09:59 INFO mapreduce.Job:  map 21% reduce 0%
20/06/16 17:10:01 INFO mapreduce.Job:  map 25% reduce 0%
20/06/16 17:10:02 INFO mapreduce.Job:  map 28% reduce 0%
20/06/16 17:10:03 INFO mapreduce.Job:  map 29% reduce 0%
20/06/16 17:10:04 INFO mapreduce.Job:  map 30% reduce 0%
20/06/16 17:10:06 INFO mapreduce.Job:  map 31% reduce 0%
20/06/16 17:10:08 INFO mapreduce.Job:  map 35% reduce 0%
20/06/16 17:10:10 INFO mapreduce.Job:  map 36% reduce 0%
20/06/16 17:10:13 INFO mapreduce.Job:  map 39% reduce 0%
20/06/16 17:10:14 INFO mapreduce.Job:  map 40% reduce 0%
20/06/16 17:10:15 INFO mapreduce.Job:  map 41% reduce 0%
20/06/16 17:10:16 INFO mapreduce.Job:  map 43% reduce 0%
20/06/16 17:10:17 INFO mapreduce.Job:  map 44% reduce 0%
20/06/16 17:10:18 INFO mapreduce.Job:  map 46% reduce 0%
20/06/16 17:10:20 INFO mapreduce.Job:  map 49% reduce 0%
20/06/16 17:10:22 INFO mapreduce.Job:  map 51% reduce 0%
20/06/16 17:10:23 INFO mapreduce.Job:  map 52% reduce 0%
20/06/16 17:10:28 INFO mapreduce.Job:  map 52% reduce 4%
20/06/16 17:10:32 INFO mapreduce.Job:  map 54% reduce 4%
20/06/16 17:10:35 INFO mapreduce.Job:  map 57% reduce 4%
20/06/16 17:10:38 INFO mapreduce.Job:  map 58% reduce 4%
20/06/16 17:10:40 INFO mapreduce.Job:  map 60% reduce 4%
20/06/16 17:10:44 INFO mapreduce.Job:  map 61% reduce 4%
20/06/16 17:10:45 INFO mapreduce.Job:  map 63% reduce 4%
20/06/16 17:10:46 INFO mapreduce.Job:  map 63% reduce 5%
20/06/16 17:10:47 INFO mapreduce.Job:  map 64% reduce 5%
20/06/16 17:10:49 INFO mapreduce.Job:  map 64% reduce 6%
20/06/16 17:10:51 INFO mapreduce.Job:  map 65% reduce 6%
20/06/16 17:10:52 INFO mapreduce.Job:  map 65% reduce 7%
20/06/16 17:10:54 INFO mapreduce.Job:  map 66% reduce 7%
20/06/16 17:10:55 INFO mapreduce.Job:  map 68% reduce 7%
20/06/16 17:10:58 INFO mapreduce.Job:  map 69% reduce 8%
20/06/16 17:10:59 INFO mapreduce.Job:  map 71% reduce 8%
20/06/16 17:11:02 INFO mapreduce.Job:  map 73% reduce 8%
20/06/16 17:11:03 INFO mapreduce.Job:  map 74% reduce 8%
20/06/16 17:11:06 INFO mapreduce.Job:  map 76% reduce 8%
20/06/16 17:11:07 INFO mapreduce.Job:  map 77% reduce 8%
20/06/16 17:11:10 INFO mapreduce.Job:  map 79% reduce 9%
20/06/16 17:11:11 INFO mapreduce.Job:  map 80% reduce 9%
20/06/16 17:11:13 INFO mapreduce.Job:  map 81% reduce 9%
20/06/16 17:11:16 INFO mapreduce.Job:  map 84% reduce 9%
20/06/16 17:11:19 INFO mapreduce.Job:  map 86% reduce 9%
20/06/16 17:11:22 INFO mapreduce.Job:  map 88% reduce 10%
20/06/16 17:11:23 INFO mapreduce.Job:  map 89% reduce 10%
20/06/16 17:11:24 INFO mapreduce.Job:  map 90% reduce 10%
20/06/16 17:11:25 INFO mapreduce.Job:  map 91% reduce 10%
20/06/16 17:11:27 INFO mapreduce.Job:  map 93% reduce 10%
20/06/16 17:11:31 INFO mapreduce.Job:  map 94% reduce 10%
20/06/16 17:11:32 INFO mapreduce.Job:  map 96% reduce 10%
20/06/16 17:11:34 INFO mapreduce.Job:  map 96% reduce 11%
20/06/16 17:11:35 INFO mapreduce.Job:  map 98% reduce 11%
20/06/16 17:11:36 INFO mapreduce.Job:  map 100% reduce 11%
20/06/16 17:11:40 INFO mapreduce.Job:  map 100% reduce 22%
20/06/16 17:11:43 INFO mapreduce.Job:  map 100% reduce 25%
20/06/16 17:11:49 INFO mapreduce.Job:  map 100% reduce 26%
20/06/16 17:11:52 INFO mapreduce.Job:  map 100% reduce 29%
20/06/16 17:11:55 INFO mapreduce.Job:  map 100% reduce 30%
20/06/16 17:11:58 INFO mapreduce.Job:  map 100% reduce 31%
20/06/16 17:12:01 INFO mapreduce.Job:  map 100% reduce 32%
20/06/16 17:12:04 INFO mapreduce.Job:  map 100% reduce 34%
20/06/16 17:12:08 INFO mapreduce.Job:  map 100% reduce 35%
20/06/16 17:12:11 INFO mapreduce.Job:  map 100% reduce 36%
20/06/16 17:12:14 INFO mapreduce.Job:  map 100% reduce 37%
20/06/16 17:12:17 INFO mapreduce.Job:  map 100% reduce 39%
20/06/16 17:12:20 INFO mapreduce.Job:  map 100% reduce 40%
20/06/16 17:12:23 INFO mapreduce.Job:  map 100% reduce 41%
20/06/16 17:12:25 INFO mapreduce.Job:  map 100% reduce 42%
20/06/16 17:12:29 INFO mapreduce.Job:  map 100% reduce 43%
20/06/16 17:12:35 INFO mapreduce.Job:  map 100% reduce 44%
20/06/16 17:12:41 INFO mapreduce.Job:  map 100% reduce 56%
20/06/16 17:12:42 INFO mapreduce.Job:  map 100% reduce 58%
20/06/16 17:12:45 INFO mapreduce.Job:  map 100% reduce 59%
20/06/16 17:12:48 INFO mapreduce.Job:  map 100% reduce 60%
20/06/16 17:12:50 INFO mapreduce.Job:  map 100% reduce 61%
20/06/16 17:12:53 INFO mapreduce.Job:  map 100% reduce 62%
20/06/16 17:12:54 INFO mapreduce.Job:  map 100% reduce 63%
20/06/16 17:12:57 INFO mapreduce.Job:  map 100% reduce 64%
20/06/16 17:13:00 INFO mapreduce.Job:  map 100% reduce 65%
20/06/16 17:13:02 INFO mapreduce.Job:  map 100% reduce 66%
20/06/16 17:13:05 INFO mapreduce.Job:  map 100% reduce 67%
20/06/16 17:13:06 INFO mapreduce.Job:  map 100% reduce 68%
20/06/16 17:13:09 INFO mapreduce.Job:  map 100% reduce 69%
20/06/16 17:13:11 INFO mapreduce.Job:  map 100% reduce 70%
20/06/16 17:13:17 INFO mapreduce.Job:  map 100% reduce 72%
20/06/16 17:13:20 INFO mapreduce.Job:  map 100% reduce 73%
20/06/16 17:13:23 INFO mapreduce.Job:  map 100% reduce 74%
20/06/16 17:13:26 INFO mapreduce.Job:  map 100% reduce 75%
20/06/16 17:13:30 INFO mapreduce.Job:  map 100% reduce 76%
20/06/16 17:13:33 INFO mapreduce.Job:  map 100% reduce 77%
20/06/16 17:13:36 INFO mapreduce.Job:  map 100% reduce 78%
20/06/16 17:13:39 INFO mapreduce.Job:  map 100% reduce 89%
20/06/16 17:13:42 INFO mapreduce.Job:  map 100% reduce 91%
20/06/16 17:13:45 INFO mapreduce.Job:  map 100% reduce 92%
20/06/16 17:13:48 INFO mapreduce.Job:  map 100% reduce 93%
20/06/16 17:13:54 INFO mapreduce.Job:  map 100% reduce 94%
20/06/16 17:14:00 INFO mapreduce.Job:  map 100% reduce 95%
20/06/16 17:14:06 INFO mapreduce.Job:  map 100% reduce 96%
20/06/16 17:14:15 INFO mapreduce.Job:  map 100% reduce 97%
20/06/16 17:14:21 INFO mapreduce.Job:  map 100% reduce 98%
20/06/16 17:14:27 INFO mapreduce.Job:  map 100% reduce 99%
20/06/16 17:14:33 INFO mapreduce.Job:  map 100% reduce 100%
20/06/16 17:14:39 INFO mapreduce.Job: Job job_1592294095701_0003 completed successfully
20/06/16 17:14:39 INFO mapreduce.Job: Counters: 52
	File System Counters
		FILE: Number of bytes read=31974520677
		FILE: Number of bytes written=42735048567
		FILE: Number of read operations=0
		FILE: Number of large read operations=0
		FILE: Number of write operations=0
		HDFS: Number of bytes read=10774009875
		HDFS: Number of bytes written=10772846837
		HDFS: Number of read operations=329
		HDFS: Number of large read operations=0
		HDFS: Number of write operations=6
	Job Counters 
		Killed map tasks=1
		Killed reduce tasks=2
		Launched map tasks=80
		Launched reduce tasks=4
		Data-local map tasks=51
		Rack-local map tasks=29
		Total time spent by all maps in occupied slots (ms)=699275
		Total time spent by all reduces in occupied slots (ms)=1740600
		Total time spent by all map tasks (ms)=699275
		Total time spent by all reduce tasks (ms)=435150
		Total vcore-milliseconds taken by all map tasks=699275
		Total vcore-milliseconds taken by all reduce tasks=435150
		Total megabyte-milliseconds taken by all map tasks=716057600
		Total megabyte-milliseconds taken by all reduce tasks=1782374400
	Map-Reduce Framework
		Map input records=1022600
		Map output records=1022600
		Map output bytes=10745642829
		Map output materialized bytes=10751392560
		Input split bytes=8240
		Combine input records=0
		Combine output records=0
		Reduce input groups=1022600
		Reduce shuffle bytes=10751392560
		Reduce input records=1022600
		Reduce output records=1022600
		Spilled Records=4063920
		Shuffled Maps =240
		Failed Shuffles=0
		Merged Map outputs=240
		GC time elapsed (ms)=12493
		CPU time spent (ms)=219140
		Physical memory (bytes) snapshot=21916053504
		Virtual memory (bytes) snapshot=175075758080
		Total committed heap usage (bytes)=16684417024
	Shuffle Errors
		BAD_ID=0
		CONNECTION=0
		IO_ERROR=0
		WRONG_LENGTH=0
		WRONG_MAP=0
		WRONG_REDUCE=0
	File Input Format Counters 
		Bytes Read=10774001635
	File Output Format Counters 
		Bytes Written=10772846837
