20/06/14 04:04:50 INFO client.RMProxy: Connecting to ResourceManager at master/10.51.17.95:8032
20/06/14 04:04:51 INFO client.RMProxy: Connecting to ResourceManager at master/10.51.17.95:8032
20/06/14 04:04:51 INFO input.FileInputFormat: Total input paths to process : 10
20/06/14 04:04:51 INFO mapreduce.JobSubmitter: number of splits:80
20/06/14 04:04:51 INFO mapreduce.JobSubmitter: Submitting tokens for job: job_1592071164759_0015
20/06/14 04:04:52 INFO impl.YarnClientImpl: Submitted application application_1592071164759_0015
20/06/14 04:04:52 INFO mapreduce.Job: The url to track the job: http://master:8088/proxy/application_1592071164759_0015/
20/06/14 04:04:52 INFO mapreduce.Job: Running job: job_1592071164759_0015
20/06/14 04:04:59 INFO mapreduce.Job: Job job_1592071164759_0015 running in uber mode : false
20/06/14 04:04:59 INFO mapreduce.Job:  map 0% reduce 0%
20/06/14 04:05:07 INFO mapreduce.Job:  map 4% reduce 0%
20/06/14 04:05:08 INFO mapreduce.Job:  map 5% reduce 0%
20/06/14 04:05:10 INFO mapreduce.Job:  map 8% reduce 0%
20/06/14 04:05:11 INFO mapreduce.Job:  map 9% reduce 0%
20/06/14 04:05:12 INFO mapreduce.Job:  map 10% reduce 0%
20/06/14 04:05:13 INFO mapreduce.Job:  map 15% reduce 0%
20/06/14 04:05:16 INFO mapreduce.Job:  map 17% reduce 0%
20/06/14 04:05:18 INFO mapreduce.Job:  map 21% reduce 0%
20/06/14 04:05:20 INFO mapreduce.Job:  map 24% reduce 0%
20/06/14 04:05:21 INFO mapreduce.Job:  map 25% reduce 0%
20/06/14 04:05:23 INFO mapreduce.Job:  map 26% reduce 0%
20/06/14 04:05:24 INFO mapreduce.Job:  map 28% reduce 0%
20/06/14 04:05:25 INFO mapreduce.Job:  map 29% reduce 0%
20/06/14 04:05:27 INFO mapreduce.Job:  map 30% reduce 0%
20/06/14 04:05:28 INFO mapreduce.Job:  map 31% reduce 0%
20/06/14 04:05:29 INFO mapreduce.Job:  map 34% reduce 0%
20/06/14 04:05:30 INFO mapreduce.Job:  map 35% reduce 0%
20/06/14 04:05:31 INFO mapreduce.Job:  map 36% reduce 0%
20/06/14 04:05:32 INFO mapreduce.Job:  map 37% reduce 0%
20/06/14 04:05:33 INFO mapreduce.Job:  map 40% reduce 0%
20/06/14 04:05:34 INFO mapreduce.Job:  map 41% reduce 0%
20/06/14 04:05:35 INFO mapreduce.Job:  map 43% reduce 0%
20/06/14 04:05:37 INFO mapreduce.Job:  map 46% reduce 0%
20/06/14 04:05:38 INFO mapreduce.Job:  map 47% reduce 0%
20/06/14 04:05:39 INFO mapreduce.Job:  map 49% reduce 0%
20/06/14 04:05:40 INFO mapreduce.Job:  map 50% reduce 0%
20/06/14 04:05:41 INFO mapreduce.Job:  map 51% reduce 0%
20/06/14 04:05:42 INFO mapreduce.Job:  map 54% reduce 0%
20/06/14 04:05:48 INFO mapreduce.Job:  map 54% reduce 4%
20/06/14 04:05:52 INFO mapreduce.Job:  map 56% reduce 4%
20/06/14 04:05:53 INFO mapreduce.Job:  map 57% reduce 4%
20/06/14 04:05:54 INFO mapreduce.Job:  map 60% reduce 4%
20/06/14 04:05:55 INFO mapreduce.Job:  map 61% reduce 4%
20/06/14 04:06:00 INFO mapreduce.Job:  map 61% reduce 5%
20/06/14 04:06:03 INFO mapreduce.Job:  map 63% reduce 5%
20/06/14 04:06:04 INFO mapreduce.Job:  map 64% reduce 5%
20/06/14 04:06:05 INFO mapreduce.Job:  map 66% reduce 5%
20/06/14 04:06:06 INFO mapreduce.Job:  map 67% reduce 5%
20/06/14 04:06:12 INFO mapreduce.Job:  map 69% reduce 5%
20/06/14 04:06:15 INFO mapreduce.Job:  map 70% reduce 6%
20/06/14 04:06:17 INFO mapreduce.Job:  map 71% reduce 6%
20/06/14 04:06:18 INFO mapreduce.Job:  map 73% reduce 6%
20/06/14 04:06:20 INFO mapreduce.Job:  map 75% reduce 6%
20/06/14 04:06:22 INFO mapreduce.Job:  map 75% reduce 7%
20/06/14 04:06:25 INFO mapreduce.Job:  map 75% reduce 8%
20/06/14 04:06:31 INFO mapreduce.Job:  map 76% reduce 8%
20/06/14 04:06:35 INFO mapreduce.Job:  map 78% reduce 8%
20/06/14 04:06:36 INFO mapreduce.Job:  map 79% reduce 8%
20/06/14 04:06:38 INFO mapreduce.Job:  map 81% reduce 8%
20/06/14 04:06:39 INFO mapreduce.Job:  map 82% reduce 8%
20/06/14 04:06:40 INFO mapreduce.Job:  map 82% reduce 9%
20/06/14 04:06:51 INFO mapreduce.Job:  map 85% reduce 9%
20/06/14 04:06:54 INFO mapreduce.Job:  map 86% reduce 9%
20/06/14 04:06:57 INFO mapreduce.Job:  map 88% reduce 9%
20/06/14 04:06:58 INFO mapreduce.Job:  map 89% reduce 10%
20/06/14 04:07:02 INFO mapreduce.Job:  map 90% reduce 10%
20/06/14 04:07:04 INFO mapreduce.Job:  map 91% reduce 10%
20/06/14 04:07:05 INFO mapreduce.Job:  map 93% reduce 10%
20/06/14 04:07:10 INFO mapreduce.Job:  map 94% reduce 10%
20/06/14 04:07:19 INFO mapreduce.Job:  map 95% reduce 10%
20/06/14 04:07:31 INFO mapreduce.Job:  map 96% reduce 10%
20/06/14 04:07:32 INFO mapreduce.Job:  map 97% reduce 10%
20/06/14 04:07:34 INFO mapreduce.Job:  map 98% reduce 10%
20/06/14 04:07:35 INFO mapreduce.Job:  map 98% reduce 11%
20/06/14 04:07:36 INFO mapreduce.Job:  map 99% reduce 11%
20/06/14 04:07:38 INFO mapreduce.Job:  map 100% reduce 11%
20/06/14 04:07:44 INFO mapreduce.Job:  map 100% reduce 22%
20/06/14 04:07:48 INFO mapreduce.Job:  map 100% reduce 23%
20/06/14 04:08:00 INFO mapreduce.Job:  map 100% reduce 24%
20/06/14 04:08:09 INFO mapreduce.Job:  map 100% reduce 25%
20/06/14 04:08:17 INFO mapreduce.Job:  map 100% reduce 26%
20/06/14 04:08:23 INFO mapreduce.Job:  map 100% reduce 27%
20/06/14 04:08:42 INFO mapreduce.Job:  map 100% reduce 28%
20/06/14 04:08:44 INFO mapreduce.Job:  map 100% reduce 29%
20/06/14 04:08:50 INFO mapreduce.Job:  map 100% reduce 30%
20/06/14 04:09:00 INFO mapreduce.Job:  map 100% reduce 31%
20/06/14 04:09:05 INFO mapreduce.Job:  map 100% reduce 32%
20/06/14 04:09:09 INFO mapreduce.Job:  map 100% reduce 33%
20/06/14 04:09:18 INFO mapreduce.Job:  map 100% reduce 34%
20/06/14 04:09:24 INFO mapreduce.Job:  map 100% reduce 35%
20/06/14 04:09:30 INFO mapreduce.Job:  map 100% reduce 36%
20/06/14 04:09:35 INFO mapreduce.Job:  map 100% reduce 37%
20/06/14 04:09:51 INFO mapreduce.Job:  map 100% reduce 38%
20/06/14 04:09:54 INFO mapreduce.Job:  map 100% reduce 39%
20/06/14 04:10:05 INFO mapreduce.Job:  map 100% reduce 40%
20/06/14 04:10:15 INFO mapreduce.Job:  map 100% reduce 41%
20/06/14 04:10:17 INFO mapreduce.Job:  map 100% reduce 42%
20/06/14 04:10:23 INFO mapreduce.Job:  map 100% reduce 43%
20/06/14 04:10:37 INFO mapreduce.Job:  map 100% reduce 44%
20/06/14 04:10:39 INFO mapreduce.Job:  map 100% reduce 56%
20/06/14 04:10:46 INFO mapreduce.Job:  map 100% reduce 57%
20/06/14 04:11:01 INFO mapreduce.Job:  map 100% reduce 58%
20/06/14 04:11:10 INFO mapreduce.Job:  map 100% reduce 59%
20/06/14 04:11:19 INFO mapreduce.Job:  map 100% reduce 60%
20/06/14 04:11:22 INFO mapreduce.Job:  map 100% reduce 61%
20/06/14 04:11:31 INFO mapreduce.Job:  map 100% reduce 62%
20/06/14 04:11:37 INFO mapreduce.Job:  map 100% reduce 63%
20/06/14 04:11:49 INFO mapreduce.Job:  map 100% reduce 64%
20/06/14 04:12:11 INFO mapreduce.Job:  map 100% reduce 65%
20/06/14 04:12:47 INFO mapreduce.Job:  map 100% reduce 66%
20/06/14 04:13:02 INFO mapreduce.Job:  map 100% reduce 67%
20/06/14 04:13:35 INFO mapreduce.Job:  map 100% reduce 68%
20/06/14 04:13:44 INFO mapreduce.Job:  map 100% reduce 69%
20/06/14 04:14:05 INFO mapreduce.Job:  map 100% reduce 70%
20/06/14 04:14:32 INFO mapreduce.Job:  map 100% reduce 71%
20/06/14 04:14:44 INFO mapreduce.Job:  map 100% reduce 72%
20/06/14 04:15:02 INFO mapreduce.Job:  map 100% reduce 73%
20/06/14 04:15:20 INFO mapreduce.Job:  map 100% reduce 74%
20/06/14 04:15:44 INFO mapreduce.Job:  map 100% reduce 75%
20/06/14 04:15:56 INFO mapreduce.Job:  map 100% reduce 76%
20/06/14 04:16:00 INFO mapreduce.Job:  map 100% reduce 77%
20/06/14 04:16:12 INFO mapreduce.Job:  map 100% reduce 89%
20/06/14 04:16:21 INFO mapreduce.Job:  map 100% reduce 91%
20/06/14 04:16:24 INFO mapreduce.Job:  map 100% reduce 92%
20/06/14 04:17:09 INFO mapreduce.Job:  map 100% reduce 93%
20/06/14 04:17:24 INFO mapreduce.Job:  map 100% reduce 94%
20/06/14 04:17:57 INFO mapreduce.Job:  map 100% reduce 95%
20/06/14 04:18:27 INFO mapreduce.Job:  map 100% reduce 96%
20/06/14 04:18:50 INFO mapreduce.Job:  map 100% reduce 97%
20/06/14 04:19:24 INFO mapreduce.Job:  map 100% reduce 98%
20/06/14 04:19:42 INFO mapreduce.Job:  map 100% reduce 99%
20/06/14 04:19:48 INFO mapreduce.Job:  map 100% reduce 100%
20/06/14 04:20:15 INFO mapreduce.Job: Job job_1592071164759_0015 completed successfully
20/06/14 04:20:15 INFO mapreduce.Job: Counters: 52
	File System Counters
		FILE: Number of bytes read=31975552214
		FILE: Number of bytes written=42736135174
		FILE: Number of read operations=0
		FILE: Number of large read operations=0
		FILE: Number of write operations=0
		HDFS: Number of bytes read=10774246821
		HDFS: Number of bytes written=10772869479
		HDFS: Number of read operations=329
		HDFS: Number of large read operations=0
		HDFS: Number of write operations=6
	Job Counters 
		Killed map tasks=2
		Killed reduce tasks=2
		Launched map tasks=80
		Launched reduce tasks=4
		Data-local map tasks=52
		Rack-local map tasks=28
		Total time spent by all maps in occupied slots (ms)=877194
		Total time spent by all reduces in occupied slots (ms)=6481176
		Total time spent by all map tasks (ms)=877194
		Total time spent by all reduce tasks (ms)=1620294
		Total vcore-milliseconds taken by all map tasks=877194
		Total vcore-milliseconds taken by all reduce tasks=1620294
		Total megabyte-milliseconds taken by all map tasks=898246656
		Total megabyte-milliseconds taken by all reduce tasks=6636724224
	Map-Reduce Framework
		Map input records=1021988
		Map output records=1021988
		Map output bytes=10745687727
		Map output materialized bytes=10751433975
		Input split bytes=9040
		Combine input records=0
		Combine output records=0
		Reduce input groups=1021988
		Reduce shuffle bytes=10751433975
		Reduce input records=1021988
		Reduce output records=1021988
		Spilled Records=4061497
		Shuffled Maps =240
		Failed Shuffles=0
		Merged Map outputs=240
		GC time elapsed (ms)=14456
		CPU time spent (ms)=238140
		Physical memory (bytes) snapshot=22014308352
		Virtual memory (bytes) snapshot=175074983936
		Total committed heap usage (bytes)=16539713536
	Shuffle Errors
		BAD_ID=0
		CONNECTION=0
		IO_ERROR=0
		WRONG_LENGTH=0
		WRONG_MAP=0
		WRONG_REDUCE=0
	File Input Format Counters 
		Bytes Read=10774237781
	File Output Format Counters 
		Bytes Written=10772869479
