20/06/14 03:27:21 INFO client.RMProxy: Connecting to ResourceManager at master/10.51.17.95:8032
20/06/14 03:27:22 INFO client.RMProxy: Connecting to ResourceManager at master/10.51.17.95:8032
20/06/14 03:27:22 INFO input.FileInputFormat: Total input paths to process : 10
20/06/14 03:27:22 INFO mapreduce.JobSubmitter: number of splits:80
20/06/14 03:27:22 INFO mapreduce.JobSubmitter: Submitting tokens for job: job_1592071164759_0007
20/06/14 03:27:22 INFO impl.YarnClientImpl: Submitted application application_1592071164759_0007
20/06/14 03:27:22 INFO mapreduce.Job: The url to track the job: http://master:8088/proxy/application_1592071164759_0007/
20/06/14 03:27:22 INFO mapreduce.Job: Running job: job_1592071164759_0007
20/06/14 03:27:30 INFO mapreduce.Job: Job job_1592071164759_0007 running in uber mode : false
20/06/14 03:27:30 INFO mapreduce.Job:  map 0% reduce 0%
20/06/14 03:27:39 INFO mapreduce.Job:  map 3% reduce 0%
20/06/14 03:27:40 INFO mapreduce.Job:  map 4% reduce 0%
20/06/14 03:27:41 INFO mapreduce.Job:  map 5% reduce 0%
20/06/14 03:27:42 INFO mapreduce.Job:  map 6% reduce 0%
20/06/14 03:27:44 INFO mapreduce.Job:  map 12% reduce 0%
20/06/14 03:27:45 INFO mapreduce.Job:  map 13% reduce 0%
20/06/14 03:27:46 INFO mapreduce.Job:  map 14% reduce 0%
20/06/14 03:27:47 INFO mapreduce.Job:  map 15% reduce 0%
20/06/14 03:27:51 INFO mapreduce.Job:  map 17% reduce 0%
20/06/14 03:27:53 INFO mapreduce.Job:  map 20% reduce 0%
20/06/14 03:27:54 INFO mapreduce.Job:  map 21% reduce 0%
20/06/14 03:27:57 INFO mapreduce.Job:  map 22% reduce 0%
20/06/14 03:27:58 INFO mapreduce.Job:  map 24% reduce 0%
20/06/14 03:27:59 INFO mapreduce.Job:  map 25% reduce 0%
20/06/14 03:28:01 INFO mapreduce.Job:  map 26% reduce 0%
20/06/14 03:28:02 INFO mapreduce.Job:  map 29% reduce 0%
20/06/14 03:28:03 INFO mapreduce.Job:  map 30% reduce 0%
20/06/14 03:28:05 INFO mapreduce.Job:  map 32% reduce 0%
20/06/14 03:28:06 INFO mapreduce.Job:  map 33% reduce 0%
20/06/14 03:28:07 INFO mapreduce.Job:  map 34% reduce 0%
20/06/14 03:28:09 INFO mapreduce.Job:  map 36% reduce 0%
20/06/14 03:28:11 INFO mapreduce.Job:  map 37% reduce 0%
20/06/14 03:28:12 INFO mapreduce.Job:  map 40% reduce 0%
20/06/14 03:28:13 INFO mapreduce.Job:  map 41% reduce 0%
20/06/14 03:28:16 INFO mapreduce.Job:  map 43% reduce 0%
20/06/14 03:28:17 INFO mapreduce.Job:  map 44% reduce 0%
20/06/14 03:28:19 INFO mapreduce.Job:  map 45% reduce 0%
20/06/14 03:28:20 INFO mapreduce.Job:  map 46% reduce 0%
20/06/14 03:28:23 INFO mapreduce.Job:  map 50% reduce 0%
20/06/14 03:28:25 INFO mapreduce.Job:  map 51% reduce 0%
20/06/14 03:28:27 INFO mapreduce.Job:  map 54% reduce 0%
20/06/14 03:28:28 INFO mapreduce.Job:  map 54% reduce 1%
20/06/14 03:28:31 INFO mapreduce.Job:  map 54% reduce 3%
20/06/14 03:28:34 INFO mapreduce.Job:  map 54% reduce 4%
20/06/14 03:28:35 INFO mapreduce.Job:  map 55% reduce 4%
20/06/14 03:28:37 INFO mapreduce.Job:  map 56% reduce 4%
20/06/14 03:28:38 INFO mapreduce.Job:  map 57% reduce 4%
20/06/14 03:28:39 INFO mapreduce.Job:  map 58% reduce 4%
20/06/14 03:28:41 INFO mapreduce.Job:  map 59% reduce 4%
20/06/14 03:28:43 INFO mapreduce.Job:  map 60% reduce 4%
20/06/14 03:28:44 INFO mapreduce.Job:  map 61% reduce 4%
20/06/14 03:28:45 INFO mapreduce.Job:  map 62% reduce 4%
20/06/14 03:28:46 INFO mapreduce.Job:  map 63% reduce 4%
20/06/14 03:28:49 INFO mapreduce.Job:  map 63% reduce 5%
20/06/14 03:28:51 INFO mapreduce.Job:  map 64% reduce 5%
20/06/14 03:28:52 INFO mapreduce.Job:  map 64% reduce 7%
20/06/14 03:28:54 INFO mapreduce.Job:  map 65% reduce 7%
20/06/14 03:28:56 INFO mapreduce.Job:  map 68% reduce 7%
20/06/14 03:28:58 INFO mapreduce.Job:  map 69% reduce 8%
20/06/14 03:29:01 INFO mapreduce.Job:  map 70% reduce 8%
20/06/14 03:29:02 INFO mapreduce.Job:  map 71% reduce 8%
20/06/14 03:29:06 INFO mapreduce.Job:  map 74% reduce 8%
20/06/14 03:29:07 INFO mapreduce.Job:  map 75% reduce 8%
20/06/14 03:29:11 INFO mapreduce.Job:  map 77% reduce 8%
20/06/14 03:29:12 INFO mapreduce.Job:  map 79% reduce 8%
20/06/14 03:29:13 INFO mapreduce.Job:  map 79% reduce 9%
20/06/14 03:29:14 INFO mapreduce.Job:  map 80% reduce 9%
20/06/14 03:29:15 INFO mapreduce.Job:  map 81% reduce 9%
20/06/14 03:29:17 INFO mapreduce.Job:  map 82% reduce 9%
20/06/14 03:29:21 INFO mapreduce.Job:  map 85% reduce 9%
20/06/14 03:29:23 INFO mapreduce.Job:  map 86% reduce 9%
20/06/14 03:29:25 INFO mapreduce.Job:  map 86% reduce 10%
20/06/14 03:29:26 INFO mapreduce.Job:  map 88% reduce 10%
20/06/14 03:29:27 INFO mapreduce.Job:  map 89% reduce 10%
20/06/14 03:29:28 INFO mapreduce.Job:  map 90% reduce 10%
20/06/14 03:29:29 INFO mapreduce.Job:  map 91% reduce 10%
20/06/14 03:29:30 INFO mapreduce.Job:  map 93% reduce 10%
20/06/14 03:29:34 INFO mapreduce.Job:  map 95% reduce 10%
20/06/14 03:29:35 INFO mapreduce.Job:  map 96% reduce 10%
20/06/14 03:29:37 INFO mapreduce.Job:  map 96% reduce 11%
20/06/14 03:29:38 INFO mapreduce.Job:  map 98% reduce 11%
20/06/14 03:29:39 INFO mapreduce.Job:  map 100% reduce 11%
20/06/14 03:29:43 INFO mapreduce.Job:  map 100% reduce 22%
20/06/14 03:29:47 INFO mapreduce.Job:  map 100% reduce 24%
20/06/14 03:29:50 INFO mapreduce.Job:  map 100% reduce 25%
20/06/14 03:29:55 INFO mapreduce.Job:  map 100% reduce 27%
20/06/14 03:29:56 INFO mapreduce.Job:  map 100% reduce 28%
20/06/14 03:30:01 INFO mapreduce.Job:  map 100% reduce 29%
20/06/14 03:30:05 INFO mapreduce.Job:  map 100% reduce 30%
20/06/14 03:30:07 INFO mapreduce.Job:  map 100% reduce 31%
20/06/14 03:30:10 INFO mapreduce.Job:  map 100% reduce 32%
20/06/14 03:30:13 INFO mapreduce.Job:  map 100% reduce 33%
20/06/14 03:30:17 INFO mapreduce.Job:  map 100% reduce 34%
20/06/14 03:30:19 INFO mapreduce.Job:  map 100% reduce 35%
20/06/14 03:30:20 INFO mapreduce.Job:  map 100% reduce 36%
20/06/14 03:30:25 INFO mapreduce.Job:  map 100% reduce 37%
20/06/14 03:30:28 INFO mapreduce.Job:  map 100% reduce 38%
20/06/14 03:30:29 INFO mapreduce.Job:  map 100% reduce 39%
20/06/14 03:30:31 INFO mapreduce.Job:  map 100% reduce 40%
20/06/14 03:30:34 INFO mapreduce.Job:  map 100% reduce 41%
20/06/14 03:30:36 INFO mapreduce.Job:  map 100% reduce 42%
20/06/14 03:30:47 INFO mapreduce.Job:  map 100% reduce 43%
20/06/14 03:30:53 INFO mapreduce.Job:  map 100% reduce 44%
20/06/14 03:30:54 INFO mapreduce.Job:  map 100% reduce 46%
20/06/14 03:30:59 INFO mapreduce.Job:  map 100% reduce 47%
20/06/14 03:31:02 INFO mapreduce.Job:  map 100% reduce 58%
20/06/14 03:31:03 INFO mapreduce.Job:  map 100% reduce 59%
20/06/14 03:31:06 INFO mapreduce.Job:  map 100% reduce 60%
20/06/14 03:31:11 INFO mapreduce.Job:  map 100% reduce 61%
20/06/14 03:31:14 INFO mapreduce.Job:  map 100% reduce 63%
20/06/14 03:31:17 INFO mapreduce.Job:  map 100% reduce 64%
20/06/14 03:31:20 INFO mapreduce.Job:  map 100% reduce 65%
20/06/14 03:31:23 INFO mapreduce.Job:  map 100% reduce 66%
20/06/14 03:31:24 INFO mapreduce.Job:  map 100% reduce 67%
20/06/14 03:31:26 INFO mapreduce.Job:  map 100% reduce 68%
20/06/14 03:31:33 INFO mapreduce.Job:  map 100% reduce 70%
20/06/14 03:31:36 INFO mapreduce.Job:  map 100% reduce 71%
20/06/14 03:31:39 INFO mapreduce.Job:  map 100% reduce 72%
20/06/14 03:31:42 INFO mapreduce.Job:  map 100% reduce 73%
20/06/14 03:31:48 INFO mapreduce.Job:  map 100% reduce 76%
20/06/14 03:31:51 INFO mapreduce.Job:  map 100% reduce 77%
20/06/14 03:31:57 INFO mapreduce.Job:  map 100% reduce 78%
20/06/14 03:32:00 INFO mapreduce.Job:  map 100% reduce 91%
20/06/14 03:32:03 INFO mapreduce.Job:  map 100% reduce 92%
20/06/14 03:32:06 INFO mapreduce.Job:  map 100% reduce 93%
20/06/14 03:32:09 INFO mapreduce.Job:  map 100% reduce 94%
20/06/14 03:32:12 INFO mapreduce.Job:  map 100% reduce 95%
20/06/14 03:32:15 INFO mapreduce.Job:  map 100% reduce 96%
20/06/14 03:32:21 INFO mapreduce.Job:  map 100% reduce 97%
20/06/14 03:32:27 INFO mapreduce.Job:  map 100% reduce 98%
20/06/14 03:32:39 INFO mapreduce.Job:  map 100% reduce 99%
20/06/14 03:32:42 INFO mapreduce.Job:  map 100% reduce 100%
20/06/14 03:32:46 INFO mapreduce.Job: Job job_1592071164759_0007 completed successfully
20/06/14 03:32:46 INFO mapreduce.Job: Counters: 52
	File System Counters
		FILE: Number of bytes read=31976115903
		FILE: Number of bytes written=42736652072
		FILE: Number of read operations=0
		FILE: Number of large read operations=0
		FILE: Number of write operations=0
		HDFS: Number of bytes read=10773962144
		HDFS: Number of bytes written=10772831041
		HDFS: Number of read operations=329
		HDFS: Number of large read operations=0
		HDFS: Number of write operations=6
	Job Counters 
		Killed map tasks=1
		Killed reduce tasks=2
		Launched map tasks=80
		Launched reduce tasks=4
		Data-local map tasks=52
		Rack-local map tasks=28
		Total time spent by all maps in occupied slots (ms)=797530
		Total time spent by all reduces in occupied slots (ms)=1792080
		Total time spent by all map tasks (ms)=797530
		Total time spent by all reduce tasks (ms)=448020
		Total vcore-milliseconds taken by all map tasks=797530
		Total vcore-milliseconds taken by all reduce tasks=448020
		Total megabyte-milliseconds taken by all map tasks=816670720
		Total megabyte-milliseconds taken by all reduce tasks=1835089920
	Map-Reduce Framework
		Map input records=1021756
		Map output records=1021756
		Map output bytes=10745656465
		Map output materialized bytes=10751402235
		Input split bytes=9040
		Combine input records=0
		Combine output records=0
		Reduce input groups=1021756
		Reduce shuffle bytes=10751402235
		Reduce input records=1021756
		Reduce output records=1021756
		Spilled Records=4060542
		Shuffled Maps =240
		Failed Shuffles=0
		Merged Map outputs=240
		GC time elapsed (ms)=13749
		CPU time spent (ms)=226220
		Physical memory (bytes) snapshot=22021447680
		Virtual memory (bytes) snapshot=175076855808
		Total committed heap usage (bytes)=16681795584
	Shuffle Errors
		BAD_ID=0
		CONNECTION=0
		IO_ERROR=0
		WRONG_LENGTH=0
		WRONG_MAP=0
		WRONG_REDUCE=0
	File Input Format Counters 
		Bytes Read=10773953104
	File Output Format Counters 
		Bytes Written=10772831041
