20/06/14 03:04:04 INFO client.RMProxy: Connecting to ResourceManager at master/10.51.17.95:8032
20/06/14 03:04:05 INFO input.FileInputFormat: Total input paths to process : 10
20/06/14 03:04:05 INFO mapreduce.JobSubmitter: number of splits:90
20/06/14 03:04:06 INFO mapreduce.JobSubmitter: Submitting tokens for job: job_1592071164759_0003
20/06/14 03:04:06 INFO impl.YarnClientImpl: Submitted application application_1592071164759_0003
20/06/14 03:04:06 INFO mapreduce.Job: The url to track the job: http://master:8088/proxy/application_1592071164759_0003/
20/06/14 03:04:06 INFO mapreduce.Job: Running job: job_1592071164759_0003
20/06/14 03:04:12 INFO mapreduce.Job: Job job_1592071164759_0003 running in uber mode : false
20/06/14 03:04:12 INFO mapreduce.Job:  map 0% reduce 0%
20/06/14 03:04:25 INFO mapreduce.Job:  map 1% reduce 0%
20/06/14 03:04:28 INFO mapreduce.Job:  map 2% reduce 0%
20/06/14 03:04:31 INFO mapreduce.Job:  map 3% reduce 0%
20/06/14 03:04:40 INFO mapreduce.Job:  map 4% reduce 0%
20/06/14 03:04:46 INFO mapreduce.Job:  map 5% reduce 0%
20/06/14 03:04:51 INFO mapreduce.Job:  map 6% reduce 0%
20/06/14 03:04:53 INFO mapreduce.Job:  map 7% reduce 0%
20/06/14 03:04:56 INFO mapreduce.Job:  map 8% reduce 0%
20/06/14 03:05:01 INFO mapreduce.Job:  map 9% reduce 0%
20/06/14 03:05:08 INFO mapreduce.Job:  map 10% reduce 0%
20/06/14 03:05:14 INFO mapreduce.Job:  map 11% reduce 0%
20/06/14 03:05:15 INFO mapreduce.Job:  map 12% reduce 0%
20/06/14 03:05:17 INFO mapreduce.Job:  map 13% reduce 0%
20/06/14 03:05:22 INFO mapreduce.Job:  map 14% reduce 0%
20/06/14 03:05:29 INFO mapreduce.Job:  map 15% reduce 0%
20/06/14 03:05:31 INFO mapreduce.Job:  map 16% reduce 0%
20/06/14 03:05:34 INFO mapreduce.Job:  map 17% reduce 0%
20/06/14 03:05:40 INFO mapreduce.Job:  map 18% reduce 0%
20/06/14 03:05:41 INFO mapreduce.Job:  map 19% reduce 0%
20/06/14 03:05:46 INFO mapreduce.Job:  map 20% reduce 0%
20/06/14 03:05:53 INFO mapreduce.Job:  map 21% reduce 0%
20/06/14 03:05:58 INFO mapreduce.Job:  map 22% reduce 0%
20/06/14 03:06:04 INFO mapreduce.Job:  map 23% reduce 0%
20/06/14 03:06:08 INFO mapreduce.Job:  map 24% reduce 0%
20/06/14 03:06:13 INFO mapreduce.Job:  map 25% reduce 0%
20/06/14 03:06:14 INFO mapreduce.Job:  map 26% reduce 0%
20/06/14 03:06:15 INFO mapreduce.Job:  map 27% reduce 0%
20/06/14 03:06:18 INFO mapreduce.Job:  map 28% reduce 0%
20/06/14 03:06:28 INFO mapreduce.Job:  map 29% reduce 0%
20/06/14 03:06:31 INFO mapreduce.Job:  map 30% reduce 0%
20/06/14 03:06:37 INFO mapreduce.Job:  map 31% reduce 0%
20/06/14 03:06:43 INFO mapreduce.Job:  map 32% reduce 0%
20/06/14 03:06:49 INFO mapreduce.Job:  map 33% reduce 0%
20/06/14 03:06:51 INFO mapreduce.Job:  map 34% reduce 0%
20/06/14 03:06:56 INFO mapreduce.Job:  map 35% reduce 0%
20/06/14 03:07:00 INFO mapreduce.Job:  map 36% reduce 0%
20/06/14 03:07:03 INFO mapreduce.Job:  map 37% reduce 0%
20/06/14 03:07:11 INFO mapreduce.Job:  map 38% reduce 0%
20/06/14 03:07:15 INFO mapreduce.Job:  map 39% reduce 0%
20/06/14 03:07:18 INFO mapreduce.Job:  map 40% reduce 0%
20/06/14 03:07:19 INFO mapreduce.Job:  map 41% reduce 0%
20/06/14 03:07:24 INFO mapreduce.Job:  map 42% reduce 0%
20/06/14 03:07:30 INFO mapreduce.Job:  map 43% reduce 0%
20/06/14 03:07:33 INFO mapreduce.Job:  map 44% reduce 0%
20/06/14 03:07:39 INFO mapreduce.Job:  map 45% reduce 0%
20/06/14 03:07:41 INFO mapreduce.Job:  map 46% reduce 0%
20/06/14 03:07:49 INFO mapreduce.Job:  map 46% reduce 14%
20/06/14 03:07:52 INFO mapreduce.Job:  map 47% reduce 14%
20/06/14 03:08:00 INFO mapreduce.Job:  map 48% reduce 14%
20/06/14 03:08:01 INFO mapreduce.Job:  map 48% reduce 15%
20/06/14 03:08:10 INFO mapreduce.Job:  map 49% reduce 15%
20/06/14 03:08:13 INFO mapreduce.Job:  map 49% reduce 16%
20/06/14 03:08:14 INFO mapreduce.Job:  map 50% reduce 16%
20/06/14 03:08:19 INFO mapreduce.Job:  map 51% reduce 17%
20/06/14 03:08:30 INFO mapreduce.Job:  map 52% reduce 17%
20/06/14 03:08:40 INFO mapreduce.Job:  map 53% reduce 17%
20/06/14 03:08:53 INFO mapreduce.Job:  map 54% reduce 17%
20/06/14 03:08:58 INFO mapreduce.Job:  map 55% reduce 17%
20/06/14 03:09:05 INFO mapreduce.Job:  map 55% reduce 18%
20/06/14 03:09:07 INFO mapreduce.Job:  map 56% reduce 18%
20/06/14 03:09:11 INFO mapreduce.Job:  map 57% reduce 18%
20/06/14 03:09:14 INFO mapreduce.Job:  map 57% reduce 19%
20/06/14 03:09:20 INFO mapreduce.Job:  map 58% reduce 19%
20/06/14 03:09:29 INFO mapreduce.Job:  map 59% reduce 19%
20/06/14 03:09:38 INFO mapreduce.Job:  map 60% reduce 19%
20/06/14 03:09:50 INFO mapreduce.Job:  map 61% reduce 19%
20/06/14 03:09:55 INFO mapreduce.Job:  map 62% reduce 19%
20/06/14 03:09:56 INFO mapreduce.Job:  map 62% reduce 20%
20/06/14 03:10:04 INFO mapreduce.Job:  map 63% reduce 20%
20/06/14 03:10:08 INFO mapreduce.Job:  map 64% reduce 21%
20/06/14 03:10:18 INFO mapreduce.Job:  map 65% reduce 21%
20/06/14 03:10:27 INFO mapreduce.Job:  map 66% reduce 21%
20/06/14 03:10:37 INFO mapreduce.Job:  map 67% reduce 21%
20/06/14 03:10:44 INFO mapreduce.Job:  map 68% reduce 21%
20/06/14 03:10:47 INFO mapreduce.Job:  map 68% reduce 22%
20/06/14 03:10:55 INFO mapreduce.Job:  map 69% reduce 22%
20/06/14 03:11:00 INFO mapreduce.Job:  map 70% reduce 22%
20/06/14 03:11:02 INFO mapreduce.Job:  map 70% reduce 23%
20/06/14 03:11:06 INFO mapreduce.Job:  map 71% reduce 23%
20/06/14 03:11:14 INFO mapreduce.Job:  map 72% reduce 23%
20/06/14 03:11:23 INFO mapreduce.Job:  map 73% reduce 23%
20/06/14 03:11:33 INFO mapreduce.Job:  map 74% reduce 23%
20/06/14 03:11:38 INFO mapreduce.Job:  map 75% reduce 24%
20/06/14 03:11:48 INFO mapreduce.Job:  map 76% reduce 24%
20/06/14 03:11:53 INFO mapreduce.Job:  map 77% reduce 25%
20/06/14 03:11:59 INFO mapreduce.Job:  map 77% reduce 26%
20/06/14 03:12:00 INFO mapreduce.Job:  map 78% reduce 26%
20/06/14 03:12:10 INFO mapreduce.Job:  map 79% reduce 26%
20/06/14 03:12:21 INFO mapreduce.Job:  map 80% reduce 26%
20/06/14 03:12:28 INFO mapreduce.Job:  map 81% reduce 26%
20/06/14 03:12:35 INFO mapreduce.Job:  map 82% reduce 26%
20/06/14 03:12:41 INFO mapreduce.Job:  map 82% reduce 27%
20/06/14 03:12:44 INFO mapreduce.Job:  map 83% reduce 27%
20/06/14 03:12:49 INFO mapreduce.Job:  map 84% reduce 27%
20/06/14 03:12:54 INFO mapreduce.Job:  map 84% reduce 28%
20/06/14 03:12:56 INFO mapreduce.Job:  map 85% reduce 28%
20/06/14 03:13:05 INFO mapreduce.Job:  map 86% reduce 28%
20/06/14 03:13:15 INFO mapreduce.Job:  map 87% reduce 28%
20/06/14 03:13:21 INFO mapreduce.Job:  map 88% reduce 28%
20/06/14 03:13:27 INFO mapreduce.Job:  map 88% reduce 29%
20/06/14 03:13:30 INFO mapreduce.Job:  map 89% reduce 29%
20/06/14 03:13:32 INFO mapreduce.Job:  map 90% reduce 29%
20/06/14 03:13:37 INFO mapreduce.Job:  map 91% reduce 29%
20/06/14 03:13:39 INFO mapreduce.Job:  map 91% reduce 30%
20/06/14 03:13:42 INFO mapreduce.Job:  map 93% reduce 30%
20/06/14 03:13:44 INFO mapreduce.Job:  map 94% reduce 30%
20/06/14 03:13:45 INFO mapreduce.Job:  map 94% reduce 31%
20/06/14 03:13:48 INFO mapreduce.Job:  map 95% reduce 31%
20/06/14 03:13:53 INFO mapreduce.Job:  map 96% reduce 31%
20/06/14 03:13:54 INFO mapreduce.Job:  map 97% reduce 32%
20/06/14 03:13:56 INFO mapreduce.Job:  map 98% reduce 32%
20/06/14 03:13:58 INFO mapreduce.Job:  map 99% reduce 32%
20/06/14 03:13:59 INFO mapreduce.Job:  map 100% reduce 32%
20/06/14 03:14:00 INFO mapreduce.Job:  map 100% reduce 33%
20/06/14 03:14:03 INFO mapreduce.Job:  map 100% reduce 69%
20/06/14 03:14:06 INFO mapreduce.Job:  map 100% reduce 75%
20/06/14 03:14:09 INFO mapreduce.Job:  map 100% reduce 80%
20/06/14 03:14:12 INFO mapreduce.Job:  map 100% reduce 87%
20/06/14 03:14:15 INFO mapreduce.Job:  map 100% reduce 96%
20/06/14 03:14:16 INFO mapreduce.Job:  map 100% reduce 100%
20/06/14 03:14:17 INFO mapreduce.Job: Job job_1592071164759_0003 completed successfully
20/06/14 03:14:17 INFO mapreduce.Job: Counters: 51
	File System Counters
		FILE: Number of bytes read=1445509156
		FILE: Number of bytes written=2155525540
		FILE: Number of read operations=0
		FILE: Number of large read operations=0
		FILE: Number of write operations=0
		HDFS: Number of bytes read=11025135023
		HDFS: Number of bytes written=331764880
		HDFS: Number of read operations=273
		HDFS: Number of large read operations=0
		HDFS: Number of write operations=2
	Job Counters 
		Killed map tasks=1
		Launched map tasks=91
		Launched reduce tasks=1
		Data-local map tasks=79
		Rack-local map tasks=12
		Total time spent by all maps in occupied slots (ms)=4195734
		Total time spent by all reduces in occupied slots (ms)=1578396
		Total time spent by all map tasks (ms)=4195734
		Total time spent by all reduce tasks (ms)=394599
		Total vcore-milliseconds taken by all map tasks=4195734
		Total vcore-milliseconds taken by all reduce tasks=394599
		Total megabyte-milliseconds taken by all map tasks=4296431616
		Total megabyte-milliseconds taken by all reduce tasks=1616277504
	Map-Reduce Framework
		Map input records=722896
		Map output records=1009764972
		Map output bytes=15224976094
		Map output materialized bytes=698864491
		Input split bytes=10530
		Combine input records=1034531502
		Combine output records=47406877
		Reduce input groups=9909216
		Reduce shuffle bytes=698864491
		Reduce input records=22640347
		Reduce output records=9909216
		Spilled Records=70047224
		Shuffled Maps =90
		Failed Shuffles=0
		Merged Map outputs=90
		GC time elapsed (ms)=78635
		CPU time spent (ms)=2059140
		Physical memory (bytes) snapshot=25129041920
		Virtual memory (bytes) snapshot=191978729472
		Total committed heap usage (bytes)=18885378048
	Shuffle Errors
		BAD_ID=0
		CONNECTION=0
		IO_ERROR=0
		WRONG_LENGTH=0
		WRONG_MAP=0
		WRONG_REDUCE=0
	File Input Format Counters 
		Bytes Read=11025124493
	File Output Format Counters 
		Bytes Written=331764880
