20/06/14 04:28:57 INFO client.RMProxy: Connecting to ResourceManager at master/10.51.17.95:8032
20/06/14 04:28:57 INFO input.FileInputFormat: Total input paths to process : 10
20/06/14 04:28:57 INFO mapreduce.JobSubmitter: number of splits:90
20/06/14 04:28:57 INFO mapreduce.JobSubmitter: Submitting tokens for job: job_1592071164759_0019
20/06/14 04:28:57 INFO impl.YarnClientImpl: Submitted application application_1592071164759_0019
20/06/14 04:28:57 INFO mapreduce.Job: The url to track the job: http://master:8088/proxy/application_1592071164759_0019/
20/06/14 04:28:57 INFO mapreduce.Job: Running job: job_1592071164759_0019
20/06/14 04:29:07 INFO mapreduce.Job: Job job_1592071164759_0019 running in uber mode : false
20/06/14 04:29:07 INFO mapreduce.Job:  map 0% reduce 0%
20/06/14 04:29:20 INFO mapreduce.Job:  map 1% reduce 0%
20/06/14 04:29:22 INFO mapreduce.Job:  map 2% reduce 0%
20/06/14 04:29:27 INFO mapreduce.Job:  map 3% reduce 0%
20/06/14 04:29:34 INFO mapreduce.Job:  map 4% reduce 0%
20/06/14 04:29:40 INFO mapreduce.Job:  map 5% reduce 0%
20/06/14 04:29:43 INFO mapreduce.Job:  map 6% reduce 0%
20/06/14 04:29:49 INFO mapreduce.Job:  map 7% reduce 0%
20/06/14 04:29:53 INFO mapreduce.Job:  map 8% reduce 0%
20/06/14 04:29:56 INFO mapreduce.Job:  map 9% reduce 0%
20/06/14 04:30:03 INFO mapreduce.Job:  map 10% reduce 0%
20/06/14 04:30:06 INFO mapreduce.Job:  map 11% reduce 0%
20/06/14 04:30:07 INFO mapreduce.Job:  map 12% reduce 0%
20/06/14 04:30:09 INFO mapreduce.Job:  map 13% reduce 0%
20/06/14 04:30:18 INFO mapreduce.Job:  map 14% reduce 0%
20/06/14 04:30:20 INFO mapreduce.Job:  map 15% reduce 0%
20/06/14 04:30:27 INFO mapreduce.Job:  map 16% reduce 0%
20/06/14 04:30:30 INFO mapreduce.Job:  map 17% reduce 0%
20/06/14 04:30:33 INFO mapreduce.Job:  map 18% reduce 0%
20/06/14 04:30:42 INFO mapreduce.Job:  map 19% reduce 0%
20/06/14 04:30:44 INFO mapreduce.Job:  map 20% reduce 0%
20/06/14 04:30:50 INFO mapreduce.Job:  map 21% reduce 0%
20/06/14 04:30:54 INFO mapreduce.Job:  map 22% reduce 0%
20/06/14 04:31:02 INFO mapreduce.Job:  map 23% reduce 0%
20/06/14 04:31:05 INFO mapreduce.Job:  map 24% reduce 0%
20/06/14 04:31:06 INFO mapreduce.Job:  map 25% reduce 0%
20/06/14 04:31:08 INFO mapreduce.Job:  map 26% reduce 0%
20/06/14 04:31:11 INFO mapreduce.Job:  map 27% reduce 0%
20/06/14 04:31:18 INFO mapreduce.Job:  map 28% reduce 0%
20/06/14 04:31:21 INFO mapreduce.Job:  map 29% reduce 0%
20/06/14 04:31:26 INFO mapreduce.Job:  map 30% reduce 0%
20/06/14 04:31:31 INFO mapreduce.Job:  map 31% reduce 0%
20/06/14 04:31:37 INFO mapreduce.Job:  map 32% reduce 0%
20/06/14 04:31:40 INFO mapreduce.Job:  map 33% reduce 0%
20/06/14 04:31:45 INFO mapreduce.Job:  map 34% reduce 0%
20/06/14 04:31:49 INFO mapreduce.Job:  map 35% reduce 0%
20/06/14 04:31:53 INFO mapreduce.Job:  map 36% reduce 0%
20/06/14 04:31:57 INFO mapreduce.Job:  map 37% reduce 0%
20/06/14 04:31:59 INFO mapreduce.Job:  map 38% reduce 0%
20/06/14 04:32:02 INFO mapreduce.Job:  map 39% reduce 0%
20/06/14 04:32:08 INFO mapreduce.Job:  map 40% reduce 0%
20/06/14 04:32:12 INFO mapreduce.Job:  map 41% reduce 0%
20/06/14 04:32:13 INFO mapreduce.Job:  map 42% reduce 0%
20/06/14 04:32:21 INFO mapreduce.Job:  map 43% reduce 0%
20/06/14 04:32:26 INFO mapreduce.Job:  map 44% reduce 0%
20/06/14 04:32:28 INFO mapreduce.Job:  map 45% reduce 0%
20/06/14 04:32:34 INFO mapreduce.Job:  map 46% reduce 0%
20/06/14 04:32:40 INFO mapreduce.Job:  map 47% reduce 0%
20/06/14 04:32:45 INFO mapreduce.Job:  map 48% reduce 0%
20/06/14 04:32:50 INFO mapreduce.Job:  map 49% reduce 0%
20/06/14 04:32:55 INFO mapreduce.Job:  map 50% reduce 0%
20/06/14 04:32:57 INFO mapreduce.Job:  map 51% reduce 0%
20/06/14 04:32:58 INFO mapreduce.Job:  map 51% reduce 13%
20/06/14 04:33:01 INFO mapreduce.Job:  map 51% reduce 17%
20/06/14 04:33:07 INFO mapreduce.Job:  map 52% reduce 17%
20/06/14 04:33:18 INFO mapreduce.Job:  map 53% reduce 17%
20/06/14 04:33:27 INFO mapreduce.Job:  map 54% reduce 17%
20/06/14 04:33:39 INFO mapreduce.Job:  map 55% reduce 17%
20/06/14 04:33:48 INFO mapreduce.Job:  map 56% reduce 17%
20/06/14 04:33:52 INFO mapreduce.Job:  map 56% reduce 18%
20/06/14 04:33:54 INFO mapreduce.Job:  map 58% reduce 18%
20/06/14 04:33:55 INFO mapreduce.Job:  map 58% reduce 19%
20/06/14 04:34:06 INFO mapreduce.Job:  map 59% reduce 19%
20/06/14 04:34:08 INFO mapreduce.Job:  map 60% reduce 19%
20/06/14 04:34:09 INFO mapreduce.Job:  map 61% reduce 19%
20/06/14 04:34:14 INFO mapreduce.Job:  map 62% reduce 19%
20/06/14 04:34:16 INFO mapreduce.Job:  map 62% reduce 20%
20/06/14 04:34:18 INFO mapreduce.Job:  map 63% reduce 20%
20/06/14 04:34:19 INFO mapreduce.Job:  map 63% reduce 21%
20/06/14 04:34:26 INFO mapreduce.Job:  map 64% reduce 21%
20/06/14 04:34:35 INFO mapreduce.Job:  map 65% reduce 21%
20/06/14 04:34:44 INFO mapreduce.Job:  map 66% reduce 21%
20/06/14 04:34:54 INFO mapreduce.Job:  map 67% reduce 21%
20/06/14 04:35:04 INFO mapreduce.Job:  map 68% reduce 21%
20/06/14 04:35:09 INFO mapreduce.Job:  map 69% reduce 21%
20/06/14 04:35:11 INFO mapreduce.Job:  map 69% reduce 22%
20/06/14 04:35:14 INFO mapreduce.Job:  map 69% reduce 23%
20/06/14 04:35:17 INFO mapreduce.Job:  map 70% reduce 23%
20/06/14 04:35:25 INFO mapreduce.Job:  map 71% reduce 23%
20/06/14 04:35:36 INFO mapreduce.Job:  map 72% reduce 23%
20/06/14 04:35:40 INFO mapreduce.Job:  map 73% reduce 23%
20/06/14 04:35:42 INFO mapreduce.Job:  map 73% reduce 24%
20/06/14 04:35:52 INFO mapreduce.Job:  map 74% reduce 24%
20/06/14 04:36:03 INFO mapreduce.Job:  map 75% reduce 24%
20/06/14 04:36:08 INFO mapreduce.Job:  map 76% reduce 24%
20/06/14 04:36:09 INFO mapreduce.Job:  map 76% reduce 25%
20/06/14 04:36:16 INFO mapreduce.Job:  map 77% reduce 25%
20/06/14 04:36:24 INFO mapreduce.Job:  map 78% reduce 25%
20/06/14 04:36:35 INFO mapreduce.Job:  map 79% reduce 25%
20/06/14 04:36:39 INFO mapreduce.Job:  map 79% reduce 26%
20/06/14 04:36:41 INFO mapreduce.Job:  map 80% reduce 26%
20/06/14 04:36:50 INFO mapreduce.Job:  map 81% reduce 26%
20/06/14 04:37:00 INFO mapreduce.Job:  map 82% reduce 26%
20/06/14 04:37:04 INFO mapreduce.Job:  map 83% reduce 26%
20/06/14 04:37:06 INFO mapreduce.Job:  map 83% reduce 27%
20/06/14 04:37:15 INFO mapreduce.Job:  map 84% reduce 27%
20/06/14 04:37:23 INFO mapreduce.Job:  map 85% reduce 27%
20/06/14 04:37:31 INFO mapreduce.Job:  map 86% reduce 27%
20/06/14 04:37:33 INFO mapreduce.Job:  map 86% reduce 28%
20/06/14 04:37:40 INFO mapreduce.Job:  map 87% reduce 28%
20/06/14 04:37:49 INFO mapreduce.Job:  map 88% reduce 28%
20/06/14 04:37:57 INFO mapreduce.Job:  map 88% reduce 29%
20/06/14 04:37:58 INFO mapreduce.Job:  map 89% reduce 29%
20/06/14 04:38:01 INFO mapreduce.Job:  map 90% reduce 29%
20/06/14 04:38:06 INFO mapreduce.Job:  map 90% reduce 30%
20/06/14 04:38:16 INFO mapreduce.Job:  map 91% reduce 30%
20/06/14 04:38:18 INFO mapreduce.Job:  map 92% reduce 30%
20/06/14 04:38:22 INFO mapreduce.Job:  map 93% reduce 30%
20/06/14 04:38:23 INFO mapreduce.Job:  map 94% reduce 30%
20/06/14 04:38:24 INFO mapreduce.Job:  map 94% reduce 31%
20/06/14 04:38:34 INFO mapreduce.Job:  map 95% reduce 31%
20/06/14 04:38:36 INFO mapreduce.Job:  map 96% reduce 31%
20/06/14 04:38:40 INFO mapreduce.Job:  map 97% reduce 31%
20/06/14 04:38:41 INFO mapreduce.Job:  map 98% reduce 31%
20/06/14 04:38:44 INFO mapreduce.Job:  map 99% reduce 31%
20/06/14 04:38:45 INFO mapreduce.Job:  map 99% reduce 32%
20/06/14 04:38:46 INFO mapreduce.Job:  map 100% reduce 32%
20/06/14 04:38:48 INFO mapreduce.Job:  map 100% reduce 33%
20/06/14 04:38:54 INFO mapreduce.Job:  map 100% reduce 72%
20/06/14 04:38:57 INFO mapreduce.Job:  map 100% reduce 76%
20/06/14 04:39:00 INFO mapreduce.Job:  map 100% reduce 81%
20/06/14 04:39:03 INFO mapreduce.Job:  map 100% reduce 87%
20/06/14 04:39:06 INFO mapreduce.Job:  map 100% reduce 97%
20/06/14 04:39:07 INFO mapreduce.Job:  map 100% reduce 100%
20/06/14 04:39:08 INFO mapreduce.Job: Job job_1592071164759_0019 completed successfully
20/06/14 04:39:08 INFO mapreduce.Job: Counters: 51
	File System Counters
		FILE: Number of bytes read=1510032158
		FILE: Number of bytes written=2252405620
		FILE: Number of read operations=0
		FILE: Number of large read operations=0
		FILE: Number of write operations=0
		HDFS: Number of bytes read=11025378495
		HDFS: Number of bytes written=359180861
		HDFS: Number of read operations=273
		HDFS: Number of large read operations=0
		HDFS: Number of write operations=2
	Job Counters 
		Killed map tasks=1
		Launched map tasks=91
		Launched reduce tasks=1
		Data-local map tasks=58
		Rack-local map tasks=33
		Total time spent by all maps in occupied slots (ms)=4144581
		Total time spent by all reduces in occupied slots (ms)=1507100
		Total time spent by all map tasks (ms)=4144581
		Total time spent by all reduce tasks (ms)=376775
		Total vcore-milliseconds taken by all map tasks=4144581
		Total vcore-milliseconds taken by all reduce tasks=376775
		Total megabyte-milliseconds taken by all map tasks=4244050944
		Total megabyte-milliseconds taken by all reduce tasks=1543270400
	Map-Reduce Framework
		Map input records=722997
		Map output records=1008833487
		Map output bytes=15219456356
		Map output materialized bytes=731221569
		Input split bytes=10530
		Combine input records=1033603311
		Combine output records=47414303
		Reduce input groups=9904552
		Reduce shuffle bytes=731221569
		Reduce input records=22644479
		Reduce output records=9904552
		Spilled Records=70058782
		Shuffled Maps =90
		Failed Shuffles=0
		Merged Map outputs=90
		GC time elapsed (ms)=79968
		CPU time spent (ms)=2087760
		Physical memory (bytes) snapshot=25069760512
		Virtual memory (bytes) snapshot=191995015168
		Total committed heap usage (bytes)=18917883904
	Shuffle Errors
		BAD_ID=0
		CONNECTION=0
		IO_ERROR=0
		WRONG_LENGTH=0
		WRONG_MAP=0
		WRONG_REDUCE=0
	File Input Format Counters 
		Bytes Read=11025367965
	File Output Format Counters 
		Bytes Written=359180861
