20/06/07 06:24:31 INFO client.RMProxy: Connecting to ResourceManager at master/10.51.17.95:8032
20/06/07 06:24:32 INFO input.FileInputFormat: Total input paths to process : 10
20/06/07 06:24:32 INFO mapreduce.JobSubmitter: number of splits:90
20/06/07 06:24:32 INFO mapreduce.JobSubmitter: Submitting tokens for job: job_1591476103454_0017
20/06/07 06:24:32 INFO impl.YarnClientImpl: Submitted application application_1591476103454_0017
20/06/07 06:24:32 INFO mapreduce.Job: The url to track the job: http://master:8088/proxy/application_1591476103454_0017/
20/06/07 06:24:32 INFO mapreduce.Job: Running job: job_1591476103454_0017
20/06/07 06:24:40 INFO mapreduce.Job: Job job_1591476103454_0017 running in uber mode : false
20/06/07 06:24:40 INFO mapreduce.Job:  map 0% reduce 0%
20/06/07 06:24:55 INFO mapreduce.Job:  map 1% reduce 0%
20/06/07 06:24:56 INFO mapreduce.Job:  map 2% reduce 0%
20/06/07 06:24:57 INFO mapreduce.Job:  map 3% reduce 0%
20/06/07 06:25:06 INFO mapreduce.Job:  map 4% reduce 0%
20/06/07 06:25:11 INFO mapreduce.Job:  map 5% reduce 0%
20/06/07 06:25:15 INFO mapreduce.Job:  map 6% reduce 0%
20/06/07 06:25:21 INFO mapreduce.Job:  map 7% reduce 0%
20/06/07 06:25:24 INFO mapreduce.Job:  map 8% reduce 0%
20/06/07 06:25:31 INFO mapreduce.Job:  map 9% reduce 0%
20/06/07 06:25:35 INFO mapreduce.Job:  map 10% reduce 0%
20/06/07 06:25:36 INFO mapreduce.Job:  map 11% reduce 0%
20/06/07 06:25:37 INFO mapreduce.Job:  map 12% reduce 0%
20/06/07 06:25:45 INFO mapreduce.Job:  map 13% reduce 0%
20/06/07 06:25:48 INFO mapreduce.Job:  map 14% reduce 0%
20/06/07 06:25:51 INFO mapreduce.Job:  map 15% reduce 0%
20/06/07 06:25:52 INFO mapreduce.Job:  map 16% reduce 0%
20/06/07 06:25:54 INFO mapreduce.Job:  map 17% reduce 0%
20/06/07 06:26:00 INFO mapreduce.Job:  map 18% reduce 0%
20/06/07 06:26:03 INFO mapreduce.Job:  map 18% reduce 5%
20/06/07 06:26:07 INFO mapreduce.Job:  map 19% reduce 5%
20/06/07 06:26:10 INFO mapreduce.Job:  map 20% reduce 5%
20/06/07 06:26:17 INFO mapreduce.Job:  map 21% reduce 5%
20/06/07 06:26:19 INFO mapreduce.Job:  map 22% reduce 5%
20/06/07 06:26:26 INFO mapreduce.Job:  map 23% reduce 5%
20/06/07 06:26:29 INFO mapreduce.Job:  map 25% reduce 5%
20/06/07 06:26:31 INFO mapreduce.Job:  map 25% reduce 7%
20/06/07 06:26:34 INFO mapreduce.Job:  map 26% reduce 7%
20/06/07 06:26:39 INFO mapreduce.Job:  map 27% reduce 7%
20/06/07 06:26:42 INFO mapreduce.Job:  map 28% reduce 7%
20/06/07 06:26:51 INFO mapreduce.Job:  map 29% reduce 7%
20/06/07 06:26:52 INFO mapreduce.Job:  map 30% reduce 7%
20/06/07 06:26:55 INFO mapreduce.Job:  map 31% reduce 9%
20/06/07 06:26:57 INFO mapreduce.Job:  map 32% reduce 9%
20/06/07 06:26:58 INFO mapreduce.Job:  map 32% reduce 10%
20/06/07 06:27:01 INFO mapreduce.Job:  map 33% reduce 10%
20/06/07 06:27:07 INFO mapreduce.Job:  map 34% reduce 10%
20/06/07 06:27:10 INFO mapreduce.Job:  map 35% reduce 10%
20/06/07 06:27:16 INFO mapreduce.Job:  map 36% reduce 10%
20/06/07 06:27:22 INFO mapreduce.Job:  map 37% reduce 10%
20/06/07 06:27:23 INFO mapreduce.Job:  map 38% reduce 10%
20/06/07 06:27:25 INFO mapreduce.Job:  map 38% reduce 11%
20/06/07 06:27:26 INFO mapreduce.Job:  map 39% reduce 11%
20/06/07 06:27:28 INFO mapreduce.Job:  map 40% reduce 12%
20/06/07 06:27:36 INFO mapreduce.Job:  map 41% reduce 12%
20/06/07 06:27:41 INFO mapreduce.Job:  map 42% reduce 12%
20/06/07 06:27:45 INFO mapreduce.Job:  map 43% reduce 12%
20/06/07 06:27:48 INFO mapreduce.Job:  map 44% reduce 12%
20/06/07 06:27:50 INFO mapreduce.Job:  map 44% reduce 13%
20/06/07 06:27:52 INFO mapreduce.Job:  map 45% reduce 13%
20/06/07 06:27:56 INFO mapreduce.Job:  map 46% reduce 13%
20/06/07 06:27:59 INFO mapreduce.Job:  map 47% reduce 13%
20/06/07 06:28:02 INFO mapreduce.Job:  map 47% reduce 14%
20/06/07 06:28:04 INFO mapreduce.Job:  map 48% reduce 14%
20/06/07 06:28:08 INFO mapreduce.Job:  map 49% reduce 15%
20/06/07 06:28:13 INFO mapreduce.Job:  map 50% reduce 15%
20/06/07 06:28:17 INFO mapreduce.Job:  map 51% reduce 15%
20/06/07 06:28:21 INFO mapreduce.Job:  map 52% reduce 15%
20/06/07 06:28:22 INFO mapreduce.Job:  map 53% reduce 15%
20/06/07 06:28:24 INFO mapreduce.Job:  map 53% reduce 17%
20/06/07 06:28:25 INFO mapreduce.Job:  map 54% reduce 17%
20/06/07 06:28:32 INFO mapreduce.Job:  map 55% reduce 17%
20/06/07 06:28:36 INFO mapreduce.Job:  map 56% reduce 17%
20/06/07 06:28:42 INFO mapreduce.Job:  map 57% reduce 17%
20/06/07 06:28:46 INFO mapreduce.Job:  map 58% reduce 17%
20/06/07 06:28:49 INFO mapreduce.Job:  map 59% reduce 17%
20/06/07 06:28:53 INFO mapreduce.Job:  map 60% reduce 17%
20/06/07 06:28:54 INFO mapreduce.Job:  map 60% reduce 18%
20/06/07 06:28:58 INFO mapreduce.Job:  map 61% reduce 18%
20/06/07 06:29:02 INFO mapreduce.Job:  map 62% reduce 18%
20/06/07 06:29:03 INFO mapreduce.Job:  map 62% reduce 19%
20/06/07 06:29:05 INFO mapreduce.Job:  map 63% reduce 19%
20/06/07 06:29:09 INFO mapreduce.Job:  map 64% reduce 20%
20/06/07 06:29:13 INFO mapreduce.Job:  map 65% reduce 20%
20/06/07 06:29:15 INFO mapreduce.Job:  map 66% reduce 21%
20/06/07 06:29:17 INFO mapreduce.Job:  map 67% reduce 21%
20/06/07 06:29:21 INFO mapreduce.Job:  map 68% reduce 22%
20/06/07 06:29:26 INFO mapreduce.Job:  map 69% reduce 22%
20/06/07 06:29:32 INFO mapreduce.Job:  map 70% reduce 22%
20/06/07 06:29:36 INFO mapreduce.Job:  map 71% reduce 22%
20/06/07 06:29:42 INFO mapreduce.Job:  map 72% reduce 22%
20/06/07 06:29:47 INFO mapreduce.Job:  map 73% reduce 22%
20/06/07 06:29:51 INFO mapreduce.Job:  map 74% reduce 22%
20/06/07 06:29:55 INFO mapreduce.Job:  map 75% reduce 23%
20/06/07 06:29:59 INFO mapreduce.Job:  map 76% reduce 23%
20/06/07 06:30:03 INFO mapreduce.Job:  map 77% reduce 23%
20/06/07 06:30:06 INFO mapreduce.Job:  map 77% reduce 24%
20/06/07 06:30:09 INFO mapreduce.Job:  map 79% reduce 24%
20/06/07 06:30:10 INFO mapreduce.Job:  map 79% reduce 25%
20/06/07 06:30:11 INFO mapreduce.Job:  map 80% reduce 25%
20/06/07 06:30:12 INFO mapreduce.Job:  map 81% reduce 25%
20/06/07 06:30:14 INFO mapreduce.Job:  map 81% reduce 27%
20/06/07 06:30:22 INFO mapreduce.Job:  map 83% reduce 27%
20/06/07 06:30:23 INFO mapreduce.Job:  map 84% reduce 27%
20/06/07 06:30:25 INFO mapreduce.Job:  map 86% reduce 27%
20/06/07 06:30:29 INFO mapreduce.Job:  map 87% reduce 27%
20/06/07 06:30:30 INFO mapreduce.Job:  map 88% reduce 27%
20/06/07 06:30:31 INFO mapreduce.Job:  map 88% reduce 28%
20/06/07 06:30:32 INFO mapreduce.Job:  map 89% reduce 28%
20/06/07 06:30:34 INFO mapreduce.Job:  map 89% reduce 29%
20/06/07 06:30:40 INFO mapreduce.Job:  map 90% reduce 29%
20/06/07 06:30:41 INFO mapreduce.Job:  map 91% reduce 29%
20/06/07 06:30:43 INFO mapreduce.Job:  map 93% reduce 29%
20/06/07 06:30:44 INFO mapreduce.Job:  map 94% reduce 29%
20/06/07 06:30:46 INFO mapreduce.Job:  map 95% reduce 29%
20/06/07 06:30:48 INFO mapreduce.Job:  map 96% reduce 29%
20/06/07 06:30:49 INFO mapreduce.Job:  map 96% reduce 30%
20/06/07 06:30:50 INFO mapreduce.Job:  map 97% reduce 30%
20/06/07 06:30:53 INFO mapreduce.Job:  map 97% reduce 31%
20/06/07 06:30:54 INFO mapreduce.Job:  map 98% reduce 31%
20/06/07 06:30:56 INFO mapreduce.Job:  map 98% reduce 32%
20/06/07 06:30:59 INFO mapreduce.Job:  map 99% reduce 32%
20/06/07 06:31:01 INFO mapreduce.Job:  map 100% reduce 32%
20/06/07 06:31:02 INFO mapreduce.Job:  map 100% reduce 33%
20/06/07 06:31:05 INFO mapreduce.Job:  map 100% reduce 72%
20/06/07 06:31:08 INFO mapreduce.Job:  map 100% reduce 77%
20/06/07 06:31:11 INFO mapreduce.Job:  map 100% reduce 84%
20/06/07 06:31:14 INFO mapreduce.Job:  map 100% reduce 91%
20/06/07 06:31:16 INFO mapreduce.Job:  map 100% reduce 100%
20/06/07 06:31:17 INFO mapreduce.Job: Job job_1591476103454_0017 completed successfully
20/06/07 06:31:17 INFO mapreduce.Job: Counters: 51
	File System Counters
		FILE: Number of bytes read=1503792295
		FILE: Number of bytes written=2243064345
		FILE: Number of read operations=0
		FILE: Number of large read operations=0
		FILE: Number of write operations=0
		HDFS: Number of bytes read=11025973776
		HDFS: Number of bytes written=356588240
		HDFS: Number of read operations=273
		HDFS: Number of large read operations=0
		HDFS: Number of write operations=2
	Job Counters 
		Killed map tasks=1
		Launched map tasks=91
		Launched reduce tasks=1
		Data-local map tasks=90
		Rack-local map tasks=1
		Total time spent by all maps in occupied slots (ms)=4833993
		Total time spent by all reduces in occupied slots (ms)=325569
		Total time spent by all map tasks (ms)=4833993
		Total time spent by all reduce tasks (ms)=325569
		Total vcore-milliseconds taken by all map tasks=4833993
		Total vcore-milliseconds taken by all reduce tasks=325569
		Total megabyte-milliseconds taken by all map tasks=4950008832
		Total megabyte-milliseconds taken by all reduce tasks=333382656
	Map-Reduce Framework
		Map input records=265840
		Map output records=1009322064
		Map output bytes=15220454687
		Map output materialized bytes=728092406
		Input split bytes=10530
		Combine input records=1034089002
		Combine output records=47408810
		Reduce input groups=9906922
		Reduce shuffle bytes=728092406
		Reduce input records=22641872
		Reduce output records=9906922
		Spilled Records=70050682
		Shuffled Maps =90
		Failed Shuffles=0
		Merged Map outputs=90
		GC time elapsed (ms)=97142
		CPU time spent (ms)=1955710
		Physical memory (bytes) snapshot=25146785792
		Virtual memory (bytes) snapshot=191967313920
		Total committed heap usage (bytes)=18913689600
	Shuffle Errors
		BAD_ID=0
		CONNECTION=0
		IO_ERROR=0
		WRONG_LENGTH=0
		WRONG_MAP=0
		WRONG_REDUCE=0
	File Input Format Counters 
		Bytes Read=11025963246
	File Output Format Counters 
		Bytes Written=356588240
