20/06/14 13:31:59 INFO client.RMProxy: Connecting to ResourceManager at master/10.51.17.95:8032
20/06/14 13:32:00 INFO input.FileInputFormat: Total input paths to process : 10
20/06/14 13:32:01 INFO mapreduce.JobSubmitter: number of splits:90
20/06/14 13:32:01 INFO mapreduce.JobSubmitter: Submitting tokens for job: job_1592108053399_0005
20/06/14 13:32:02 INFO impl.YarnClientImpl: Submitted application application_1592108053399_0005
20/06/14 13:32:02 INFO mapreduce.Job: The url to track the job: http://master:8088/proxy/application_1592108053399_0005/
20/06/14 13:32:02 INFO mapreduce.Job: Running job: job_1592108053399_0005
20/06/14 13:32:07 INFO mapreduce.Job: Job job_1592108053399_0005 running in uber mode : false
20/06/14 13:32:07 INFO mapreduce.Job:  map 0% reduce 0%
20/06/14 13:32:19 INFO mapreduce.Job:  map 1% reduce 0%
20/06/14 13:32:23 INFO mapreduce.Job:  map 2% reduce 0%
20/06/14 13:32:28 INFO mapreduce.Job:  map 3% reduce 0%
20/06/14 13:32:34 INFO mapreduce.Job:  map 4% reduce 0%
20/06/14 13:32:41 INFO mapreduce.Job:  map 5% reduce 0%
20/06/14 13:32:44 INFO mapreduce.Job:  map 6% reduce 0%
20/06/14 13:32:47 INFO mapreduce.Job:  map 7% reduce 0%
20/06/14 13:32:51 INFO mapreduce.Job:  map 8% reduce 0%
20/06/14 13:32:59 INFO mapreduce.Job:  map 9% reduce 0%
20/06/14 13:33:02 INFO mapreduce.Job:  map 10% reduce 0%
20/06/14 13:33:07 INFO mapreduce.Job:  map 11% reduce 0%
20/06/14 13:33:10 INFO mapreduce.Job:  map 13% reduce 0%
20/06/14 13:33:20 INFO mapreduce.Job:  map 14% reduce 0%
20/06/14 13:33:23 INFO mapreduce.Job:  map 15% reduce 0%
20/06/14 13:33:26 INFO mapreduce.Job:  map 16% reduce 0%
20/06/14 13:33:31 INFO mapreduce.Job:  map 17% reduce 0%
20/06/14 13:33:35 INFO mapreduce.Job:  map 17% reduce 5%
20/06/14 13:33:37 INFO mapreduce.Job:  map 18% reduce 5%
20/06/14 13:33:38 INFO mapreduce.Job:  map 19% reduce 5%
20/06/14 13:33:41 INFO mapreduce.Job:  map 19% reduce 6%
20/06/14 13:33:43 INFO mapreduce.Job:  map 20% reduce 6%
20/06/14 13:33:50 INFO mapreduce.Job:  map 21% reduce 6%
20/06/14 13:33:53 INFO mapreduce.Job:  map 22% reduce 6%
20/06/14 13:34:01 INFO mapreduce.Job:  map 23% reduce 6%
20/06/14 13:34:04 INFO mapreduce.Job:  map 24% reduce 6%
20/06/14 13:34:09 INFO mapreduce.Job:  map 25% reduce 7%
20/06/14 13:34:10 INFO mapreduce.Job:  map 26% reduce 7%
20/06/14 13:34:12 INFO mapreduce.Job:  map 26% reduce 8%
20/06/14 13:34:13 INFO mapreduce.Job:  map 27% reduce 8%
20/06/14 13:34:15 INFO mapreduce.Job:  map 27% reduce 9%
20/06/14 13:34:22 INFO mapreduce.Job:  map 28% reduce 9%
20/06/14 13:34:26 INFO mapreduce.Job:  map 29% reduce 9%
20/06/14 13:34:32 INFO mapreduce.Job:  map 30% reduce 9%
20/06/14 13:34:36 INFO mapreduce.Job:  map 31% reduce 9%
20/06/14 13:34:43 INFO mapreduce.Job:  map 32% reduce 9%
20/06/14 13:34:46 INFO mapreduce.Job:  map 32% reduce 10%
20/06/14 13:34:48 INFO mapreduce.Job:  map 33% reduce 10%
20/06/14 13:34:51 INFO mapreduce.Job:  map 34% reduce 10%
20/06/14 13:34:59 INFO mapreduce.Job:  map 35% reduce 10%
20/06/14 13:35:03 INFO mapreduce.Job:  map 36% reduce 10%
20/06/14 13:35:05 INFO mapreduce.Job:  map 37% reduce 10%
20/06/14 13:35:07 INFO mapreduce.Job:  map 37% reduce 11%
20/06/14 13:35:08 INFO mapreduce.Job:  map 38% reduce 11%
20/06/14 13:35:14 INFO mapreduce.Job:  map 39% reduce 11%
20/06/14 13:35:15 INFO mapreduce.Job:  map 39% reduce 12%
20/06/14 13:35:17 INFO mapreduce.Job:  map 40% reduce 12%
20/06/14 13:35:18 INFO mapreduce.Job:  map 40% reduce 13%
20/06/14 13:35:20 INFO mapreduce.Job:  map 41% reduce 13%
20/06/14 13:35:30 INFO mapreduce.Job:  map 42% reduce 13%
20/06/14 13:35:33 INFO mapreduce.Job:  map 43% reduce 13%
20/06/14 13:35:40 INFO mapreduce.Job:  map 44% reduce 13%
20/06/14 13:35:43 INFO mapreduce.Job:  map 45% reduce 14%
20/06/14 13:35:49 INFO mapreduce.Job:  map 46% reduce 14%
20/06/14 13:35:52 INFO mapreduce.Job:  map 47% reduce 14%
20/06/14 13:35:58 INFO mapreduce.Job:  map 48% reduce 14%
20/06/14 13:36:03 INFO mapreduce.Job:  map 49% reduce 14%
20/06/14 13:36:06 INFO mapreduce.Job:  map 50% reduce 14%
20/06/14 13:36:07 INFO mapreduce.Job:  map 50% reduce 16%
20/06/14 13:36:10 INFO mapreduce.Job:  map 51% reduce 16%
20/06/14 13:36:16 INFO mapreduce.Job:  map 52% reduce 16%
20/06/14 13:36:18 INFO mapreduce.Job:  map 53% reduce 16%
20/06/14 13:36:20 INFO mapreduce.Job:  map 53% reduce 17%
20/06/14 13:36:22 INFO mapreduce.Job:  map 54% reduce 17%
20/06/14 13:36:25 INFO mapreduce.Job:  map 54% reduce 18%
20/06/14 13:36:26 INFO mapreduce.Job:  map 55% reduce 18%
20/06/14 13:36:34 INFO mapreduce.Job:  map 56% reduce 18%
20/06/14 13:36:37 INFO mapreduce.Job:  map 57% reduce 18%
20/06/14 13:36:41 INFO mapreduce.Job:  map 58% reduce 18%
20/06/14 13:36:46 INFO mapreduce.Job:  map 59% reduce 18%
20/06/14 13:36:49 INFO mapreduce.Job:  map 60% reduce 18%
20/06/14 13:36:52 INFO mapreduce.Job:  map 60% reduce 19%
20/06/14 13:36:55 INFO mapreduce.Job:  map 61% reduce 19%
20/06/14 13:36:59 INFO mapreduce.Job:  map 62% reduce 19%
20/06/14 13:37:02 INFO mapreduce.Job:  map 63% reduce 20%
20/06/14 13:37:08 INFO mapreduce.Job:  map 64% reduce 20%
20/06/14 13:37:13 INFO mapreduce.Job:  map 65% reduce 20%
20/06/14 13:37:14 INFO mapreduce.Job:  map 65% reduce 21%
20/06/14 13:37:15 INFO mapreduce.Job:  map 66% reduce 21%
20/06/14 13:37:19 INFO mapreduce.Job:  map 67% reduce 21%
20/06/14 13:37:20 INFO mapreduce.Job:  map 67% reduce 22%
20/06/14 13:37:23 INFO mapreduce.Job:  map 68% reduce 22%
20/06/14 13:37:30 INFO mapreduce.Job:  map 69% reduce 22%
20/06/14 13:37:35 INFO mapreduce.Job:  map 70% reduce 22%
20/06/14 13:37:41 INFO mapreduce.Job:  map 71% reduce 22%
20/06/14 13:37:46 INFO mapreduce.Job:  map 72% reduce 22%
20/06/14 13:37:48 INFO mapreduce.Job:  map 72% reduce 23%
20/06/14 13:37:51 INFO mapreduce.Job:  map 73% reduce 23%
20/06/14 13:37:56 INFO mapreduce.Job:  map 74% reduce 23%
20/06/14 13:37:59 INFO mapreduce.Job:  map 75% reduce 23%
20/06/14 13:38:02 INFO mapreduce.Job:  map 76% reduce 23%
20/06/14 13:38:03 INFO mapreduce.Job:  map 76% reduce 24%
20/06/14 13:38:07 INFO mapreduce.Job:  map 77% reduce 24%
20/06/14 13:38:11 INFO mapreduce.Job:  map 77% reduce 25%
20/06/14 13:38:12 INFO mapreduce.Job:  map 78% reduce 25%
20/06/14 13:38:17 INFO mapreduce.Job:  map 79% reduce 25%
20/06/14 13:38:19 INFO mapreduce.Job:  map 80% reduce 25%
20/06/14 13:38:20 INFO mapreduce.Job:  map 80% reduce 26%
20/06/14 13:38:23 INFO mapreduce.Job:  map 81% reduce 26%
20/06/14 13:38:31 INFO mapreduce.Job:  map 82% reduce 27%
20/06/14 13:38:35 INFO mapreduce.Job:  map 83% reduce 27%
20/06/14 13:38:41 INFO mapreduce.Job:  map 84% reduce 27%
20/06/14 13:38:45 INFO mapreduce.Job:  map 85% reduce 27%
20/06/14 13:38:51 INFO mapreduce.Job:  map 86% reduce 27%
20/06/14 13:38:54 INFO mapreduce.Job:  map 87% reduce 27%
20/06/14 13:38:57 INFO mapreduce.Job:  map 87% reduce 28%
20/06/14 13:38:59 INFO mapreduce.Job:  map 88% reduce 28%
20/06/14 13:39:00 INFO mapreduce.Job:  map 88% reduce 29%
20/06/14 13:39:02 INFO mapreduce.Job:  map 90% reduce 29%
20/06/14 13:39:06 INFO mapreduce.Job:  map 91% reduce 29%
20/06/14 13:39:07 INFO mapreduce.Job:  map 92% reduce 29%
20/06/14 13:39:09 INFO mapreduce.Job:  map 92% reduce 30%
20/06/14 13:39:10 INFO mapreduce.Job:  map 93% reduce 30%
20/06/14 13:39:11 INFO mapreduce.Job:  map 94% reduce 30%
20/06/14 13:39:13 INFO mapreduce.Job:  map 95% reduce 30%
20/06/14 13:39:14 INFO mapreduce.Job:  map 96% reduce 30%
20/06/14 13:39:15 INFO mapreduce.Job:  map 96% reduce 31%
20/06/14 13:39:17 INFO mapreduce.Job:  map 97% reduce 31%
20/06/14 13:39:18 INFO mapreduce.Job:  map 98% reduce 32%
20/06/14 13:39:19 INFO mapreduce.Job:  map 99% reduce 32%
20/06/14 13:39:21 INFO mapreduce.Job:  map 100% reduce 33%
20/06/14 13:39:24 INFO mapreduce.Job:  map 100% reduce 41%
20/06/14 13:39:27 INFO mapreduce.Job:  map 100% reduce 70%
20/06/14 13:39:30 INFO mapreduce.Job:  map 100% reduce 76%
20/06/14 13:39:33 INFO mapreduce.Job:  map 100% reduce 81%
20/06/14 13:39:36 INFO mapreduce.Job:  map 100% reduce 86%
20/06/14 13:39:39 INFO mapreduce.Job:  map 100% reduce 92%
20/06/14 13:39:42 INFO mapreduce.Job:  map 100% reduce 100%
20/06/14 13:39:43 INFO mapreduce.Job: Job job_1592108053399_0005 completed successfully
20/06/14 13:39:44 INFO mapreduce.Job: Counters: 51
	File System Counters
		FILE: Number of bytes read=1634566217
		FILE: Number of bytes written=2420139715
		FILE: Number of read operations=0
		FILE: Number of large read operations=0
		FILE: Number of write operations=0
		HDFS: Number of bytes read=11025933130
		HDFS: Number of bytes written=459953515
		HDFS: Number of read operations=273
		HDFS: Number of large read operations=0
		HDFS: Number of write operations=2
	Job Counters 
		Killed map tasks=1
		Launched map tasks=91
		Launched reduce tasks=1
		Data-local map tasks=55
		Rack-local map tasks=36
		Total time spent by all maps in occupied slots (ms)=3792149
		Total time spent by all reduces in occupied slots (ms)=376707
		Total time spent by all map tasks (ms)=3792149
		Total time spent by all reduce tasks (ms)=376707
		Total vcore-milliseconds taken by all map tasks=3792149
		Total vcore-milliseconds taken by all reduce tasks=376707
		Total megabyte-milliseconds taken by all map tasks=3883160576
		Total megabyte-milliseconds taken by all reduce tasks=385747968
	Map-Reduce Framework
		Map input records=266362
		Map output records=1011278165
		Map output bytes=19277105216
		Map output materialized bytes=774390483
		Input split bytes=10530
		Combine input records=1036277654
		Combine output records=47610156
		Reduce input groups=9843100
		Reduce shuffle bytes=774390483
		Reduce input records=22610667
		Reduce output records=9843100
		Spilled Records=70899280
		Shuffled Maps =90
		Failed Shuffles=0
		Merged Map outputs=90
		GC time elapsed (ms)=70263
		CPU time spent (ms)=2196850
		Physical memory (bytes) snapshot=25091633152
		Virtual memory (bytes) snapshot=191932489728
		Total committed heap usage (bytes)=18935709696
	Shuffle Errors
		BAD_ID=0
		CONNECTION=0
		IO_ERROR=0
		WRONG_LENGTH=0
		WRONG_MAP=0
		WRONG_REDUCE=0
	File Input Format Counters 
		Bytes Read=11025922600
	File Output Format Counters 
		Bytes Written=459953515
20/06/14 13:39:44 INFO client.RMProxy: Connecting to ResourceManager at master/10.51.17.95:8032
20/06/14 13:39:44 INFO input.FileInputFormat: Total input paths to process : 1
20/06/14 13:39:45 INFO mapreduce.JobSubmitter: number of splits:4
20/06/14 13:39:45 INFO mapreduce.JobSubmitter: Submitting tokens for job: job_1592108053399_0006
20/06/14 13:39:45 INFO impl.YarnClientImpl: Submitted application application_1592108053399_0006
20/06/14 13:39:45 INFO mapreduce.Job: The url to track the job: http://master:8088/proxy/application_1592108053399_0006/
20/06/14 13:39:45 INFO mapreduce.Job: Running job: job_1592108053399_0006
20/06/14 13:39:54 INFO mapreduce.Job: Job job_1592108053399_0006 running in uber mode : false
20/06/14 13:39:54 INFO mapreduce.Job:  map 0% reduce 0%
20/06/14 13:40:04 INFO mapreduce.Job:  map 25% reduce 0%
20/06/14 13:40:06 INFO mapreduce.Job:  map 61% reduce 0%
20/06/14 13:40:09 INFO mapreduce.Job:  map 76% reduce 0%
20/06/14 13:40:12 INFO mapreduce.Job:  map 87% reduce 0%
20/06/14 13:40:14 INFO mapreduce.Job:  map 92% reduce 0%
20/06/14 13:40:15 INFO mapreduce.Job:  map 100% reduce 0%
20/06/14 13:40:17 INFO mapreduce.Job:  map 100% reduce 69%
20/06/14 13:40:20 INFO mapreduce.Job:  map 100% reduce 80%
20/06/14 13:40:23 INFO mapreduce.Job:  map 100% reduce 88%
20/06/14 13:40:26 INFO mapreduce.Job:  map 100% reduce 100%
20/06/14 13:40:27 INFO mapreduce.Job: Job job_1592108053399_0006 completed successfully
20/06/14 13:40:27 INFO mapreduce.Job: Counters: 50
	File System Counters
		FILE: Number of bytes read=740189860
		FILE: Number of bytes written=1137199903
		FILE: Number of read operations=0
		FILE: Number of large read operations=0
		FILE: Number of write operations=0
		HDFS: Number of bytes read=459956997
		HDFS: Number of bytes written=318310550
		HDFS: Number of read operations=19
		HDFS: Number of large read operations=0
		HDFS: Number of write operations=2
	Job Counters 
		Killed map tasks=1
		Launched map tasks=5
		Launched reduce tasks=1
		Data-local map tasks=5
		Total time spent by all maps in occupied slots (ms)=62815
		Total time spent by all reduces in occupied slots (ms)=19773
		Total time spent by all map tasks (ms)=62815
		Total time spent by all reduce tasks (ms)=19773
		Total vcore-milliseconds taken by all map tasks=62815
		Total vcore-milliseconds taken by all reduce tasks=19773
		Total megabyte-milliseconds taken by all map tasks=64322560
		Total megabyte-milliseconds taken by all reduce tasks=20247552
	Map-Reduce Framework
		Map input records=9843100
		Map output records=9843100
		Map output bytes=376711989
		Map output materialized bytes=396398213
		Input split bytes=504
		Combine input records=0
		Combine output records=0
		Reduce input groups=1263
		Reduce shuffle bytes=396398213
		Reduce input records=9843100
		Reduce output records=9843100
		Spilled Records=28839841
		Shuffled Maps =4
		Failed Shuffles=0
		Merged Map outputs=4
		GC time elapsed (ms)=1992
		CPU time spent (ms)=44220
		Physical memory (bytes) snapshot=1308708864
		Virtual memory (bytes) snapshot=10552655872
		Total committed heap usage (bytes)=938999808
	Shuffle Errors
		BAD_ID=0
		CONNECTION=0
		IO_ERROR=0
		WRONG_LENGTH=0
		WRONG_MAP=0
		WRONG_REDUCE=0
	File Input Format Counters 
		Bytes Read=459956493
	File Output Format Counters 
		Bytes Written=318310550
