20/06/14 14:42:41 INFO client.RMProxy: Connecting to ResourceManager at master/10.51.17.95:8032
20/06/14 14:42:41 INFO input.FileInputFormat: Total input paths to process : 10
20/06/14 14:42:41 INFO mapreduce.JobSubmitter: number of splits:90
20/06/14 14:42:41 INFO mapreduce.JobSubmitter: Submitting tokens for job: job_1592108053399_0021
20/06/14 14:42:41 INFO impl.YarnClientImpl: Submitted application application_1592108053399_0021
20/06/14 14:42:41 INFO mapreduce.Job: The url to track the job: http://master:8088/proxy/application_1592108053399_0021/
20/06/14 14:42:41 INFO mapreduce.Job: Running job: job_1592108053399_0021
20/06/14 14:42:47 INFO mapreduce.Job: Job job_1592108053399_0021 running in uber mode : false
20/06/14 14:42:47 INFO mapreduce.Job:  map 0% reduce 0%
20/06/14 14:42:59 INFO mapreduce.Job:  map 1% reduce 0%
20/06/14 14:43:02 INFO mapreduce.Job:  map 2% reduce 0%
20/06/14 14:43:08 INFO mapreduce.Job:  map 3% reduce 0%
20/06/14 14:43:11 INFO mapreduce.Job:  map 4% reduce 0%
20/06/14 14:43:17 INFO mapreduce.Job:  map 5% reduce 0%
20/06/14 14:43:22 INFO mapreduce.Job:  map 6% reduce 0%
20/06/14 14:43:25 INFO mapreduce.Job:  map 7% reduce 0%
20/06/14 14:43:28 INFO mapreduce.Job:  map 8% reduce 0%
20/06/14 14:43:36 INFO mapreduce.Job:  map 9% reduce 0%
20/06/14 14:43:39 INFO mapreduce.Job:  map 10% reduce 0%
20/06/14 14:43:44 INFO mapreduce.Job:  map 11% reduce 0%
20/06/14 14:43:45 INFO mapreduce.Job:  map 12% reduce 0%
20/06/14 14:43:48 INFO mapreduce.Job:  map 13% reduce 0%
20/06/14 14:43:54 INFO mapreduce.Job:  map 14% reduce 0%
20/06/14 14:43:59 INFO mapreduce.Job:  map 15% reduce 0%
20/06/14 14:44:00 INFO mapreduce.Job:  map 15% reduce 4%
20/06/14 14:44:02 INFO mapreduce.Job:  map 16% reduce 4%
20/06/14 14:44:07 INFO mapreduce.Job:  map 17% reduce 5%
20/06/14 14:44:11 INFO mapreduce.Job:  map 18% reduce 5%
20/06/14 14:44:16 INFO mapreduce.Job:  map 19% reduce 5%
20/06/14 14:44:21 INFO mapreduce.Job:  map 20% reduce 5%
20/06/14 14:44:26 INFO mapreduce.Job:  map 21% reduce 5%
20/06/14 14:44:28 INFO mapreduce.Job:  map 22% reduce 6%
20/06/14 14:44:34 INFO mapreduce.Job:  map 23% reduce 6%
20/06/14 14:44:37 INFO mapreduce.Job:  map 24% reduce 6%
20/06/14 14:44:40 INFO mapreduce.Job:  map 25% reduce 7%
20/06/14 14:44:44 INFO mapreduce.Job:  map 25% reduce 8%
20/06/14 14:44:45 INFO mapreduce.Job:  map 26% reduce 8%
20/06/14 14:44:50 INFO mapreduce.Job:  map 27% reduce 8%
20/06/14 14:44:54 INFO mapreduce.Job:  map 28% reduce 8%
20/06/14 14:44:56 INFO mapreduce.Job:  map 28% reduce 9%
20/06/14 14:45:00 INFO mapreduce.Job:  map 29% reduce 9%
20/06/14 14:45:05 INFO mapreduce.Job:  map 30% reduce 9%
20/06/14 14:45:09 INFO mapreduce.Job:  map 31% reduce 9%
20/06/14 14:45:13 INFO mapreduce.Job:  map 32% reduce 9%
20/06/14 14:45:15 INFO mapreduce.Job:  map 33% reduce 9%
20/06/14 14:45:17 INFO mapreduce.Job:  map 33% reduce 10%
20/06/14 14:45:19 INFO mapreduce.Job:  map 34% reduce 10%
20/06/14 14:45:27 INFO mapreduce.Job:  map 35% reduce 10%
20/06/14 14:45:28 INFO mapreduce.Job:  map 36% reduce 10%
20/06/14 14:45:30 INFO mapreduce.Job:  map 36% reduce 11%
20/06/14 14:45:31 INFO mapreduce.Job:  map 37% reduce 11%
20/06/14 14:45:32 INFO mapreduce.Job:  map 37% reduce 12%
20/06/14 14:45:38 INFO mapreduce.Job:  map 38% reduce 12%
20/06/14 14:45:42 INFO mapreduce.Job:  map 39% reduce 12%
20/06/14 14:45:47 INFO mapreduce.Job:  map 40% reduce 12%
20/06/14 14:45:52 INFO mapreduce.Job:  map 41% reduce 12%
20/06/14 14:45:53 INFO mapreduce.Job:  map 42% reduce 12%
20/06/14 14:45:56 INFO mapreduce.Job:  map 42% reduce 13%
20/06/14 14:46:00 INFO mapreduce.Job:  map 43% reduce 13%
20/06/14 14:46:04 INFO mapreduce.Job:  map 44% reduce 13%
20/06/14 14:46:06 INFO mapreduce.Job:  map 44% reduce 14%
20/06/14 14:46:07 INFO mapreduce.Job:  map 45% reduce 14%
20/06/14 14:46:12 INFO mapreduce.Job:  map 46% reduce 14%
20/06/14 14:46:14 INFO mapreduce.Job:  map 47% reduce 14%
20/06/14 14:46:15 INFO mapreduce.Job:  map 47% reduce 15%
20/06/14 14:46:19 INFO mapreduce.Job:  map 48% reduce 15%
20/06/14 14:46:25 INFO mapreduce.Job:  map 49% reduce 15%
20/06/14 14:46:29 INFO mapreduce.Job:  map 50% reduce 15%
20/06/14 14:46:31 INFO mapreduce.Job:  map 51% reduce 15%
20/06/14 14:46:33 INFO mapreduce.Job:  map 51% reduce 16%
20/06/14 14:46:38 INFO mapreduce.Job:  map 52% reduce 16%
20/06/14 14:46:42 INFO mapreduce.Job:  map 53% reduce 16%
20/06/14 14:46:45 INFO mapreduce.Job:  map 54% reduce 17%
20/06/14 14:46:49 INFO mapreduce.Job:  map 55% reduce 17%
20/06/14 14:46:55 INFO mapreduce.Job:  map 56% reduce 17%
20/06/14 14:46:58 INFO mapreduce.Job:  map 57% reduce 17%
20/06/14 14:47:00 INFO mapreduce.Job:  map 57% reduce 18%
20/06/14 14:47:03 INFO mapreduce.Job:  map 58% reduce 18%
20/06/14 14:47:05 INFO mapreduce.Job:  map 59% reduce 18%
20/06/14 14:47:09 INFO mapreduce.Job:  map 60% reduce 19%
20/06/14 14:47:12 INFO mapreduce.Job:  map 61% reduce 19%
20/06/14 14:47:16 INFO mapreduce.Job:  map 61% reduce 20%
20/06/14 14:47:19 INFO mapreduce.Job:  map 62% reduce 20%
20/06/14 14:47:23 INFO mapreduce.Job:  map 63% reduce 20%
20/06/14 14:47:29 INFO mapreduce.Job:  map 64% reduce 20%
20/06/14 14:47:32 INFO mapreduce.Job:  map 65% reduce 20%
20/06/14 14:47:36 INFO mapreduce.Job:  map 66% reduce 20%
20/06/14 14:47:40 INFO mapreduce.Job:  map 66% reduce 21%
20/06/14 14:47:41 INFO mapreduce.Job:  map 67% reduce 21%
20/06/14 14:47:44 INFO mapreduce.Job:  map 68% reduce 21%
20/06/14 14:47:47 INFO mapreduce.Job:  map 69% reduce 21%
20/06/14 14:47:49 INFO mapreduce.Job:  map 69% reduce 22%
20/06/14 14:47:52 INFO mapreduce.Job:  map 70% reduce 22%
20/06/14 14:47:55 INFO mapreduce.Job:  map 70% reduce 23%
20/06/14 14:47:56 INFO mapreduce.Job:  map 71% reduce 23%
20/06/14 14:47:57 INFO mapreduce.Job:  map 72% reduce 23%
20/06/14 14:47:59 INFO mapreduce.Job:  map 73% reduce 23%
20/06/14 14:48:00 INFO mapreduce.Job:  map 74% reduce 23%
20/06/14 14:48:01 INFO mapreduce.Job:  map 74% reduce 24%
20/06/14 14:48:03 INFO mapreduce.Job:  map 75% reduce 24%
20/06/14 14:48:06 INFO mapreduce.Job:  map 76% reduce 24%
20/06/14 14:48:09 INFO mapreduce.Job:  map 77% reduce 24%
20/06/14 14:48:10 INFO mapreduce.Job:  map 77% reduce 25%
20/06/14 14:48:13 INFO mapreduce.Job:  map 78% reduce 25%
20/06/14 14:48:18 INFO mapreduce.Job:  map 79% reduce 25%
20/06/14 14:48:21 INFO mapreduce.Job:  map 80% reduce 25%
20/06/14 14:48:22 INFO mapreduce.Job:  map 80% reduce 26%
20/06/14 14:48:27 INFO mapreduce.Job:  map 81% reduce 26%
20/06/14 14:48:33 INFO mapreduce.Job:  map 82% reduce 26%
20/06/14 14:48:36 INFO mapreduce.Job:  map 83% reduce 26%
20/06/14 14:48:38 INFO mapreduce.Job:  map 84% reduce 26%
20/06/14 14:48:41 INFO mapreduce.Job:  map 84% reduce 27%
20/06/14 14:48:43 INFO mapreduce.Job:  map 85% reduce 27%
20/06/14 14:48:45 INFO mapreduce.Job:  map 86% reduce 27%
20/06/14 14:48:47 INFO mapreduce.Job:  map 86% reduce 28%
20/06/14 14:48:53 INFO mapreduce.Job:  map 87% reduce 28%
20/06/14 14:48:57 INFO mapreduce.Job:  map 88% reduce 28%
20/06/14 14:48:59 INFO mapreduce.Job:  map 89% reduce 28%
20/06/14 14:49:03 INFO mapreduce.Job:  map 90% reduce 29%
20/06/14 14:49:08 INFO mapreduce.Job:  map 91% reduce 29%
20/06/14 14:49:11 INFO mapreduce.Job:  map 92% reduce 29%
20/06/14 14:49:14 INFO mapreduce.Job:  map 93% reduce 29%
20/06/14 14:49:15 INFO mapreduce.Job:  map 94% reduce 29%
20/06/14 14:49:17 INFO mapreduce.Job:  map 94% reduce 31%
20/06/14 14:49:20 INFO mapreduce.Job:  map 95% reduce 31%
20/06/14 14:49:21 INFO mapreduce.Job:  map 96% reduce 31%
20/06/14 14:49:22 INFO mapreduce.Job:  map 97% reduce 31%
20/06/14 14:49:23 INFO mapreduce.Job:  map 97% reduce 32%
20/06/14 14:49:24 INFO mapreduce.Job:  map 98% reduce 32%
20/06/14 14:49:25 INFO mapreduce.Job:  map 100% reduce 32%
20/06/14 14:49:26 INFO mapreduce.Job:  map 100% reduce 63%
20/06/14 14:49:29 INFO mapreduce.Job:  map 100% reduce 72%
20/06/14 14:49:32 INFO mapreduce.Job:  map 100% reduce 77%
20/06/14 14:49:35 INFO mapreduce.Job:  map 100% reduce 82%
20/06/14 14:49:38 INFO mapreduce.Job:  map 100% reduce 89%
20/06/14 14:49:41 INFO mapreduce.Job:  map 100% reduce 97%
20/06/14 14:49:42 INFO mapreduce.Job:  map 100% reduce 100%
20/06/14 14:49:43 INFO mapreduce.Job: Job job_1592108053399_0021 completed successfully
20/06/14 14:49:43 INFO mapreduce.Job: Counters: 51
	File System Counters
		FILE: Number of bytes read=1647983649
		FILE: Number of bytes written=2439613440
		FILE: Number of read operations=0
		FILE: Number of large read operations=0
		FILE: Number of write operations=0
		HDFS: Number of bytes read=11025072116
		HDFS: Number of bytes written=459664657
		HDFS: Number of read operations=273
		HDFS: Number of large read operations=0
		HDFS: Number of write operations=2
	Job Counters 
		Killed map tasks=1
		Launched map tasks=91
		Launched reduce tasks=1
		Data-local map tasks=79
		Rack-local map tasks=12
		Total time spent by all maps in occupied slots (ms)=3517200
		Total time spent by all reduces in occupied slots (ms)=353662
		Total time spent by all map tasks (ms)=3517200
		Total time spent by all reduce tasks (ms)=353662
		Total vcore-milliseconds taken by all map tasks=3517200
		Total vcore-milliseconds taken by all reduce tasks=353662
		Total megabyte-milliseconds taken by all map tasks=3601612800
		Total megabyte-milliseconds taken by all reduce tasks=362149888
	Map-Reduce Framework
		Map input records=723379
		Map output records=1010351031
		Map output bytes=19266956008
		Map output materialized bytes=780446685
		Input split bytes=10530
		Combine input records=1035330806
		Combine output records=47534834
		Reduce input groups=9658294
		Reduce shuffle bytes=780446685
		Reduce input records=22555059
		Reduce output records=9658294
		Spilled Records=70767859
		Shuffled Maps =90
		Failed Shuffles=0
		Merged Map outputs=90
		GC time elapsed (ms)=68361
		CPU time spent (ms)=2075620
		Physical memory (bytes) snapshot=25102217216
		Virtual memory (bytes) snapshot=191943725056
		Total committed heap usage (bytes)=18935185408
	Shuffle Errors
		BAD_ID=0
		CONNECTION=0
		IO_ERROR=0
		WRONG_LENGTH=0
		WRONG_MAP=0
		WRONG_REDUCE=0
	File Input Format Counters 
		Bytes Read=11025061586
	File Output Format Counters 
		Bytes Written=459664657
20/06/14 14:49:43 INFO client.RMProxy: Connecting to ResourceManager at master/10.51.17.95:8032
20/06/14 14:49:44 INFO input.FileInputFormat: Total input paths to process : 1
20/06/14 14:49:44 INFO mapreduce.JobSubmitter: number of splits:4
20/06/14 14:49:44 INFO mapreduce.JobSubmitter: Submitting tokens for job: job_1592108053399_0022
20/06/14 14:49:45 INFO impl.YarnClientImpl: Submitted application application_1592108053399_0022
20/06/14 14:49:45 INFO mapreduce.Job: The url to track the job: http://master:8088/proxy/application_1592108053399_0022/
20/06/14 14:49:45 INFO mapreduce.Job: Running job: job_1592108053399_0022
20/06/14 14:49:53 INFO mapreduce.Job: Job job_1592108053399_0022 running in uber mode : false
20/06/14 14:49:53 INFO mapreduce.Job:  map 0% reduce 0%
20/06/14 14:50:03 INFO mapreduce.Job:  map 25% reduce 0%
20/06/14 14:50:04 INFO mapreduce.Job:  map 42% reduce 0%
20/06/14 14:50:05 INFO mapreduce.Job:  map 61% reduce 0%
20/06/14 14:50:07 INFO mapreduce.Job:  map 70% reduce 0%
20/06/14 14:50:08 INFO mapreduce.Job:  map 80% reduce 0%
20/06/14 14:50:10 INFO mapreduce.Job:  map 89% reduce 0%
20/06/14 14:50:11 INFO mapreduce.Job:  map 95% reduce 0%
20/06/14 14:50:12 INFO mapreduce.Job:  map 100% reduce 0%
20/06/14 14:50:15 INFO mapreduce.Job:  map 100% reduce 73%
20/06/14 14:50:18 INFO mapreduce.Job:  map 100% reduce 82%
20/06/14 14:50:21 INFO mapreduce.Job:  map 100% reduce 100%
20/06/14 14:50:22 INFO mapreduce.Job: Job job_1592108053399_0022 completed successfully
20/06/14 14:50:22 INFO mapreduce.Job: Counters: 51
	File System Counters
		FILE: Number of bytes read=742255984
		FILE: Number of bytes written=1140090470
		FILE: Number of read operations=0
		FILE: Number of large read operations=0
		FILE: Number of write operations=0
		HDFS: Number of bytes read=459670995
		HDFS: Number of bytes written=320615647
		HDFS: Number of read operations=19
		HDFS: Number of large read operations=0
		HDFS: Number of write operations=2
	Job Counters 
		Killed map tasks=1
		Launched map tasks=5
		Launched reduce tasks=1
		Data-local map tasks=4
		Rack-local map tasks=1
		Total time spent by all maps in occupied slots (ms)=58196
		Total time spent by all reduces in occupied slots (ms)=15635
		Total time spent by all map tasks (ms)=58196
		Total time spent by all reduce tasks (ms)=15635
		Total vcore-milliseconds taken by all map tasks=58196
		Total vcore-milliseconds taken by all reduce tasks=15635
		Total megabyte-milliseconds taken by all map tasks=59592704
		Total megabyte-milliseconds taken by all reduce tasks=16010240
	Map-Reduce Framework
		Map input records=9658294
		Map output records=9658294
		Map output bytes=377906039
		Map output materialized bytes=397222651
		Input split bytes=508
		Combine input records=0
		Combine output records=0
		Reduce input groups=1246
		Reduce shuffle bytes=397222651
		Reduce input records=9658294
		Reduce output records=9658294
		Spilled Records=28263693
		Shuffled Maps =4
		Failed Shuffles=0
		Merged Map outputs=4
		GC time elapsed (ms)=1738
		CPU time spent (ms)=43390
		Physical memory (bytes) snapshot=1294372864
		Virtual memory (bytes) snapshot=10551660544
		Total committed heap usage (bytes)=938475520
	Shuffle Errors
		BAD_ID=0
		CONNECTION=0
		IO_ERROR=0
		WRONG_LENGTH=0
		WRONG_MAP=0
		WRONG_REDUCE=0
	File Input Format Counters 
		Bytes Read=459670487
	File Output Format Counters 
		Bytes Written=320615647
