20/06/09 21:31:31 INFO client.RMProxy: Connecting to ResourceManager at master/10.51.17.95:8032
20/06/09 21:31:31 INFO input.FileInputFormat: Total input paths to process : 10
20/06/09 21:31:31 INFO mapreduce.JobSubmitter: number of splits:90
20/06/09 21:31:32 INFO mapreduce.JobSubmitter: Submitting tokens for job: job_1591696042172_0005
20/06/09 21:31:32 INFO impl.YarnClientImpl: Submitted application application_1591696042172_0005
20/06/09 21:31:32 INFO mapreduce.Job: The url to track the job: http://master:8088/proxy/application_1591696042172_0005/
20/06/09 21:31:32 INFO mapreduce.Job: Running job: job_1591696042172_0005
20/06/09 21:31:40 INFO mapreduce.Job: Job job_1591696042172_0005 running in uber mode : false
20/06/09 21:31:40 INFO mapreduce.Job:  map 0% reduce 0%
20/06/09 21:31:54 INFO mapreduce.Job:  map 1% reduce 0%
20/06/09 21:31:55 INFO mapreduce.Job:  map 2% reduce 0%
20/06/09 21:31:59 INFO mapreduce.Job:  map 3% reduce 0%
20/06/09 21:32:07 INFO mapreduce.Job:  map 4% reduce 0%
20/06/09 21:32:11 INFO mapreduce.Job:  map 5% reduce 0%
20/06/09 21:32:17 INFO mapreduce.Job:  map 6% reduce 0%
20/06/09 21:32:21 INFO mapreduce.Job:  map 7% reduce 0%
20/06/09 21:32:25 INFO mapreduce.Job:  map 8% reduce 0%
20/06/09 21:32:32 INFO mapreduce.Job:  map 9% reduce 0%
20/06/09 21:32:35 INFO mapreduce.Job:  map 10% reduce 0%
20/06/09 21:32:37 INFO mapreduce.Job:  map 11% reduce 0%
20/06/09 21:32:39 INFO mapreduce.Job:  map 12% reduce 0%
20/06/09 21:32:45 INFO mapreduce.Job:  map 13% reduce 0%
20/06/09 21:32:48 INFO mapreduce.Job:  map 14% reduce 0%
20/06/09 21:32:53 INFO mapreduce.Job:  map 15% reduce 0%
20/06/09 21:32:55 INFO mapreduce.Job:  map 16% reduce 0%
20/06/09 21:32:58 INFO mapreduce.Job:  map 17% reduce 0%
20/06/09 21:33:01 INFO mapreduce.Job:  map 18% reduce 0%
20/06/09 21:33:03 INFO mapreduce.Job:  map 18% reduce 5%
20/06/09 21:33:08 INFO mapreduce.Job:  map 19% reduce 5%
20/06/09 21:33:12 INFO mapreduce.Job:  map 20% reduce 5%
20/06/09 21:33:16 INFO mapreduce.Job:  map 21% reduce 5%
20/06/09 21:33:23 INFO mapreduce.Job:  map 22% reduce 5%
20/06/09 21:33:27 INFO mapreduce.Job:  map 23% reduce 5%
20/06/09 21:33:30 INFO mapreduce.Job:  map 24% reduce 6%
20/06/09 21:33:33 INFO mapreduce.Job:  map 25% reduce 6%
20/06/09 21:33:34 INFO mapreduce.Job:  map 25% reduce 7%
20/06/09 21:33:35 INFO mapreduce.Job:  map 26% reduce 7%
20/06/09 21:33:43 INFO mapreduce.Job:  map 27% reduce 7%
20/06/09 21:33:46 INFO mapreduce.Job:  map 28% reduce 7%
20/06/09 21:33:52 INFO mapreduce.Job:  map 29% reduce 7%
20/06/09 21:33:56 INFO mapreduce.Job:  map 30% reduce 7%
20/06/09 21:33:58 INFO mapreduce.Job:  map 30% reduce 8%
20/06/09 21:33:59 INFO mapreduce.Job:  map 31% reduce 8%
20/06/09 21:34:00 INFO mapreduce.Job:  map 32% reduce 8%
20/06/09 21:34:01 INFO mapreduce.Job:  map 32% reduce 9%
20/06/09 21:34:02 INFO mapreduce.Job:  map 33% reduce 9%
20/06/09 21:34:04 INFO mapreduce.Job:  map 33% reduce 10%
20/06/09 21:34:09 INFO mapreduce.Job:  map 34% reduce 10%
20/06/09 21:34:15 INFO mapreduce.Job:  map 35% reduce 10%
20/06/09 21:34:19 INFO mapreduce.Job:  map 36% reduce 10%
20/06/09 21:34:22 INFO mapreduce.Job:  map 37% reduce 10%
20/06/09 21:34:23 INFO mapreduce.Job:  map 37% reduce 11%
20/06/09 21:34:25 INFO mapreduce.Job:  map 38% reduce 11%
20/06/09 21:34:28 INFO mapreduce.Job:  map 39% reduce 11%
20/06/09 21:34:29 INFO mapreduce.Job:  map 39% reduce 12%
20/06/09 21:34:34 INFO mapreduce.Job:  map 40% reduce 12%
20/06/09 21:34:40 INFO mapreduce.Job:  map 41% reduce 12%
20/06/09 21:34:42 INFO mapreduce.Job:  map 42% reduce 12%
20/06/09 21:34:49 INFO mapreduce.Job:  map 43% reduce 12%
20/06/09 21:34:54 INFO mapreduce.Job:  map 44% reduce 12%
20/06/09 21:35:00 INFO mapreduce.Job:  map 45% reduce 12%
20/06/09 21:35:02 INFO mapreduce.Job:  map 45% reduce 13%
20/06/09 21:35:03 INFO mapreduce.Job:  map 46% reduce 13%
20/06/09 21:35:04 INFO mapreduce.Job:  map 47% reduce 13%
20/06/09 21:35:05 INFO mapreduce.Job:  map 47% reduce 14%
20/06/09 21:35:07 INFO mapreduce.Job:  map 48% reduce 14%
20/06/09 21:35:11 INFO mapreduce.Job:  map 48% reduce 15%
20/06/09 21:35:12 INFO mapreduce.Job:  map 49% reduce 15%
20/06/09 21:35:17 INFO mapreduce.Job:  map 50% reduce 15%
20/06/09 21:35:18 INFO mapreduce.Job:  map 51% reduce 15%
20/06/09 21:35:20 INFO mapreduce.Job:  map 51% reduce 16%
20/06/09 21:35:21 INFO mapreduce.Job:  map 52% reduce 16%
20/06/09 21:35:23 INFO mapreduce.Job:  map 52% reduce 17%
20/06/09 21:35:24 INFO mapreduce.Job:  map 53% reduce 17%
20/06/09 21:35:30 INFO mapreduce.Job:  map 54% reduce 17%
20/06/09 21:35:36 INFO mapreduce.Job:  map 55% reduce 17%
20/06/09 21:35:41 INFO mapreduce.Job:  map 56% reduce 17%
20/06/09 21:35:46 INFO mapreduce.Job:  map 57% reduce 17%
20/06/09 21:35:51 INFO mapreduce.Job:  map 58% reduce 17%
20/06/09 21:35:56 INFO mapreduce.Job:  map 59% reduce 17%
20/06/09 21:35:59 INFO mapreduce.Job:  map 60% reduce 17%
20/06/09 21:36:05 INFO mapreduce.Job:  map 61% reduce 17%
20/06/09 21:36:07 INFO mapreduce.Job:  map 62% reduce 17%
20/06/09 21:36:09 INFO mapreduce.Job:  map 63% reduce 18%
20/06/09 21:36:11 INFO mapreduce.Job:  map 64% reduce 18%
20/06/09 21:36:13 INFO mapreduce.Job:  map 64% reduce 19%
20/06/09 21:36:14 INFO mapreduce.Job:  map 65% reduce 19%
20/06/09 21:36:16 INFO mapreduce.Job:  map 66% reduce 21%
20/06/09 21:36:19 INFO mapreduce.Job:  map 66% reduce 22%
20/06/09 21:36:23 INFO mapreduce.Job:  map 67% reduce 22%
20/06/09 21:36:28 INFO mapreduce.Job:  map 68% reduce 22%
20/06/09 21:36:33 INFO mapreduce.Job:  map 69% reduce 22%
20/06/09 21:36:37 INFO mapreduce.Job:  map 70% reduce 22%
20/06/09 21:36:43 INFO mapreduce.Job:  map 71% reduce 22%
20/06/09 21:36:47 INFO mapreduce.Job:  map 72% reduce 22%
20/06/09 21:36:52 INFO mapreduce.Job:  map 73% reduce 22%
20/06/09 21:36:57 INFO mapreduce.Job:  map 74% reduce 22%
20/06/09 21:37:01 INFO mapreduce.Job:  map 75% reduce 22%
20/06/09 21:37:05 INFO mapreduce.Job:  map 76% reduce 23%
20/06/09 21:37:07 INFO mapreduce.Job:  map 77% reduce 23%
20/06/09 21:37:08 INFO mapreduce.Job:  map 77% reduce 24%
20/06/09 21:37:10 INFO mapreduce.Job:  map 78% reduce 24%
20/06/09 21:37:13 INFO mapreduce.Job:  map 79% reduce 24%
20/06/09 21:37:14 INFO mapreduce.Job:  map 79% reduce 25%
20/06/09 21:37:16 INFO mapreduce.Job:  map 79% reduce 26%
20/06/09 21:37:17 INFO mapreduce.Job:  map 80% reduce 26%
20/06/09 21:37:20 INFO mapreduce.Job:  map 81% reduce 26%
20/06/09 21:37:22 INFO mapreduce.Job:  map 81% reduce 27%
20/06/09 21:37:24 INFO mapreduce.Job:  map 82% reduce 27%
20/06/09 21:37:25 INFO mapreduce.Job:  map 83% reduce 27%
20/06/09 21:37:28 INFO mapreduce.Job:  map 84% reduce 27%
20/06/09 21:37:30 INFO mapreduce.Job:  map 85% reduce 27%
20/06/09 21:37:33 INFO mapreduce.Job:  map 86% reduce 27%
20/06/09 21:37:35 INFO mapreduce.Job:  map 87% reduce 27%
20/06/09 21:37:38 INFO mapreduce.Job:  map 88% reduce 27%
20/06/09 21:37:41 INFO mapreduce.Job:  map 89% reduce 28%
20/06/09 21:37:44 INFO mapreduce.Job:  map 90% reduce 29%
20/06/09 21:37:45 INFO mapreduce.Job:  map 91% reduce 29%
20/06/09 21:37:49 INFO mapreduce.Job:  map 92% reduce 29%
20/06/09 21:37:50 INFO mapreduce.Job:  map 93% reduce 29%
20/06/09 21:37:52 INFO mapreduce.Job:  map 94% reduce 29%
20/06/09 21:37:53 INFO mapreduce.Job:  map 94% reduce 30%
20/06/09 21:37:54 INFO mapreduce.Job:  map 95% reduce 30%
20/06/09 21:37:56 INFO mapreduce.Job:  map 96% reduce 30%
20/06/09 21:37:57 INFO mapreduce.Job:  map 97% reduce 30%
20/06/09 21:37:59 INFO mapreduce.Job:  map 97% reduce 31%
20/06/09 21:38:02 INFO mapreduce.Job:  map 98% reduce 31%
20/06/09 21:38:04 INFO mapreduce.Job:  map 99% reduce 31%
20/06/09 21:38:05 INFO mapreduce.Job:  map 99% reduce 32%
20/06/09 21:38:08 INFO mapreduce.Job:  map 100% reduce 33%
20/06/09 21:38:11 INFO mapreduce.Job:  map 100% reduce 68%
20/06/09 21:38:14 INFO mapreduce.Job:  map 100% reduce 73%
20/06/09 21:38:17 INFO mapreduce.Job:  map 100% reduce 79%
20/06/09 21:38:20 INFO mapreduce.Job:  map 100% reduce 84%
20/06/09 21:38:23 INFO mapreduce.Job:  map 100% reduce 91%
20/06/09 21:38:26 INFO mapreduce.Job:  map 100% reduce 100%
20/06/09 21:38:27 INFO mapreduce.Job: Job job_1591696042172_0005 completed successfully
20/06/09 21:38:27 INFO mapreduce.Job: Counters: 51
	File System Counters
		FILE: Number of bytes read=1675069438
		FILE: Number of bytes written=2480797390
		FILE: Number of read operations=0
		FILE: Number of large read operations=0
		FILE: Number of write operations=0
		HDFS: Number of bytes read=11025457561
		HDFS: Number of bytes written=477326602
		HDFS: Number of read operations=273
		HDFS: Number of large read operations=0
		HDFS: Number of write operations=2
	Job Counters 
		Killed map tasks=1
		Launched map tasks=91
		Launched reduce tasks=1
		Data-local map tasks=90
		Rack-local map tasks=1
		Total time spent by all maps in occupied slots (ms)=4909115
		Total time spent by all reduces in occupied slots (ms)=335289
		Total time spent by all map tasks (ms)=4909115
		Total time spent by all reduce tasks (ms)=335289
		Total vcore-milliseconds taken by all map tasks=4909115
		Total vcore-milliseconds taken by all reduce tasks=335289
		Total megabyte-milliseconds taken by all map tasks=5026933760
		Total megabyte-milliseconds taken by all reduce tasks=343335936
	Map-Reduce Framework
		Map input records=724069
		Map output records=1009917687
		Map output bytes=19262534825
		Map output materialized bytes=794517455
		Input split bytes=10530
		Combine input records=1034902837
		Combine output records=47587702
		Reduce input groups=9840261
		Reduce shuffle bytes=794517455
		Reduce input records=22602552
		Reduce output records=9840261
		Spilled Records=70868092
		Shuffled Maps =90
		Failed Shuffles=0
		Merged Map outputs=90
		GC time elapsed (ms)=107807
		CPU time spent (ms)=1996790
		Physical memory (bytes) snapshot=25146454016
		Virtual memory (bytes) snapshot=191962619904
		Total committed heap usage (bytes)=18930466816
	Shuffle Errors
		BAD_ID=0
		CONNECTION=0
		IO_ERROR=0
		WRONG_LENGTH=0
		WRONG_MAP=0
		WRONG_REDUCE=0
	File Input Format Counters 
		Bytes Read=11025447031
	File Output Format Counters 
		Bytes Written=477326602
20/06/09 21:38:27 INFO client.RMProxy: Connecting to ResourceManager at master/10.51.17.95:8032
20/06/09 21:38:28 INFO input.FileInputFormat: Total input paths to process : 1
20/06/09 21:38:28 INFO mapreduce.JobSubmitter: number of splits:4
20/06/09 21:38:28 INFO mapreduce.JobSubmitter: Submitting tokens for job: job_1591696042172_0006
20/06/09 21:38:28 INFO impl.YarnClientImpl: Submitted application application_1591696042172_0006
20/06/09 21:38:28 INFO mapreduce.Job: The url to track the job: http://master:8088/proxy/application_1591696042172_0006/
20/06/09 21:38:28 INFO mapreduce.Job: Running job: job_1591696042172_0006
20/06/09 21:38:37 INFO mapreduce.Job: Job job_1591696042172_0006 running in uber mode : false
20/06/09 21:38:37 INFO mapreduce.Job:  map 0% reduce 0%
20/06/09 21:38:48 INFO mapreduce.Job:  map 25% reduce 0%
20/06/09 21:38:49 INFO mapreduce.Job:  map 48% reduce 0%
20/06/09 21:38:50 INFO mapreduce.Job:  map 59% reduce 0%
20/06/09 21:38:51 INFO mapreduce.Job:  map 67% reduce 0%
20/06/09 21:38:52 INFO mapreduce.Job:  map 73% reduce 0%
20/06/09 21:38:53 INFO mapreduce.Job:  map 80% reduce 0%
20/06/09 21:38:55 INFO mapreduce.Job:  map 92% reduce 0%
20/06/09 21:38:57 INFO mapreduce.Job:  map 100% reduce 0%
20/06/09 21:39:00 INFO mapreduce.Job:  map 100% reduce 79%
20/06/09 21:39:03 INFO mapreduce.Job:  map 100% reduce 91%
20/06/09 21:39:05 INFO mapreduce.Job:  map 100% reduce 100%
20/06/09 21:39:05 INFO mapreduce.Job: Job job_1591696042172_0006 completed successfully
20/06/09 21:39:05 INFO mapreduce.Job: Counters: 50
	File System Counters
		FILE: Number of bytes read=759170103
		FILE: Number of bytes written=1173405777
		FILE: Number of read operations=0
		FILE: Number of large read operations=0
		FILE: Number of write operations=0
		HDFS: Number of bytes read=477331080
		HDFS: Number of bytes written=335557058
		HDFS: Number of read operations=19
		HDFS: Number of large read operations=0
		HDFS: Number of write operations=2
	Job Counters 
		Killed map tasks=1
		Launched map tasks=5
		Launched reduce tasks=1
		Data-local map tasks=5
		Total time spent by all maps in occupied slots (ms)=57898
		Total time spent by all reduces in occupied slots (ms)=14430
		Total time spent by all map tasks (ms)=57898
		Total time spent by all reduce tasks (ms)=14430
		Total vcore-milliseconds taken by all map tasks=57898
		Total vcore-milliseconds taken by all reduce tasks=14430
		Total megabyte-milliseconds taken by all map tasks=59287552
		Total megabyte-milliseconds taken by all reduce tasks=14776320
	Map-Reduce Framework
		Map input records=9840261
		Map output records=9840261
		Map output bytes=393941788
		Map output materialized bytes=413622334
		Input split bytes=508
		Combine input records=0
		Combine output records=0
		Reduce input groups=1238
		Reduce shuffle bytes=413622334
		Reduce input records=9840261
		Reduce output records=9840261
		Spilled Records=28542100
		Shuffled Maps =4
		Failed Shuffles=0
		Merged Map outputs=4
		GC time elapsed (ms)=1623
		CPU time spent (ms)=42200
		Physical memory (bytes) snapshot=1275871232
		Virtual memory (bytes) snapshot=10548600832
		Total committed heap usage (bytes)=938999808
	Shuffle Errors
		BAD_ID=0
		CONNECTION=0
		IO_ERROR=0
		WRONG_LENGTH=0
		WRONG_MAP=0
		WRONG_REDUCE=0
	File Input Format Counters 
		Bytes Read=477330572
	File Output Format Counters 
		Bytes Written=335557058
