20/06/09 21:39:57 INFO client.RMProxy: Connecting to ResourceManager at master/10.51.17.95:8032
20/06/09 21:39:58 INFO input.FileInputFormat: Total input paths to process : 10
20/06/09 21:39:58 INFO mapreduce.JobSubmitter: number of splits:90
20/06/09 21:39:58 INFO mapreduce.JobSubmitter: Submitting tokens for job: job_1591696042172_0008
20/06/09 21:39:58 INFO impl.YarnClientImpl: Submitted application application_1591696042172_0008
20/06/09 21:39:58 INFO mapreduce.Job: The url to track the job: http://master:8088/proxy/application_1591696042172_0008/
20/06/09 21:39:58 INFO mapreduce.Job: Running job: job_1591696042172_0008
20/06/09 21:40:05 INFO mapreduce.Job: Job job_1591696042172_0008 running in uber mode : false
20/06/09 21:40:05 INFO mapreduce.Job:  map 0% reduce 0%
20/06/09 21:40:19 INFO mapreduce.Job:  map 1% reduce 0%
20/06/09 21:40:21 INFO mapreduce.Job:  map 2% reduce 0%
20/06/09 21:40:26 INFO mapreduce.Job:  map 3% reduce 0%
20/06/09 21:40:33 INFO mapreduce.Job:  map 4% reduce 0%
20/06/09 21:40:37 INFO mapreduce.Job:  map 5% reduce 0%
20/06/09 21:40:43 INFO mapreduce.Job:  map 6% reduce 0%
20/06/09 21:40:47 INFO mapreduce.Job:  map 7% reduce 0%
20/06/09 21:40:50 INFO mapreduce.Job:  map 8% reduce 0%
20/06/09 21:40:55 INFO mapreduce.Job:  map 9% reduce 0%
20/06/09 21:41:01 INFO mapreduce.Job:  map 10% reduce 0%
20/06/09 21:41:03 INFO mapreduce.Job:  map 11% reduce 0%
20/06/09 21:41:05 INFO mapreduce.Job:  map 12% reduce 0%
20/06/09 21:41:10 INFO mapreduce.Job:  map 13% reduce 0%
20/06/09 21:41:15 INFO mapreduce.Job:  map 14% reduce 0%
20/06/09 21:41:17 INFO mapreduce.Job:  map 15% reduce 0%
20/06/09 21:41:19 INFO mapreduce.Job:  map 16% reduce 0%
20/06/09 21:41:22 INFO mapreduce.Job:  map 17% reduce 0%
20/06/09 21:41:26 INFO mapreduce.Job:  map 18% reduce 0%
20/06/09 21:41:31 INFO mapreduce.Job:  map 18% reduce 5%
20/06/09 21:41:33 INFO mapreduce.Job:  map 19% reduce 5%
20/06/09 21:41:37 INFO mapreduce.Job:  map 20% reduce 5%
20/06/09 21:41:43 INFO mapreduce.Job:  map 21% reduce 5%
20/06/09 21:41:47 INFO mapreduce.Job:  map 22% reduce 5%
20/06/09 21:41:52 INFO mapreduce.Job:  map 23% reduce 5%
20/06/09 21:41:53 INFO mapreduce.Job:  map 23% reduce 6%
20/06/09 21:41:56 INFO mapreduce.Job:  map 24% reduce 6%
20/06/09 21:41:58 INFO mapreduce.Job:  map 25% reduce 6%
20/06/09 21:42:01 INFO mapreduce.Job:  map 26% reduce 6%
20/06/09 21:42:02 INFO mapreduce.Job:  map 26% reduce 7%
20/06/09 21:42:06 INFO mapreduce.Job:  map 27% reduce 7%
20/06/09 21:42:12 INFO mapreduce.Job:  map 28% reduce 7%
20/06/09 21:42:16 INFO mapreduce.Job:  map 29% reduce 7%
20/06/09 21:42:22 INFO mapreduce.Job:  map 30% reduce 7%
20/06/09 21:42:24 INFO mapreduce.Job:  map 31% reduce 8%
20/06/09 21:42:25 INFO mapreduce.Job:  map 32% reduce 8%
20/06/09 21:42:27 INFO mapreduce.Job:  map 32% reduce 9%
20/06/09 21:42:29 INFO mapreduce.Job:  map 33% reduce 9%
20/06/09 21:42:30 INFO mapreduce.Job:  map 33% reduce 10%
20/06/09 21:42:37 INFO mapreduce.Job:  map 34% reduce 10%
20/06/09 21:42:39 INFO mapreduce.Job:  map 35% reduce 10%
20/06/09 21:42:46 INFO mapreduce.Job:  map 36% reduce 10%
20/06/09 21:42:47 INFO mapreduce.Job:  map 37% reduce 10%
20/06/09 21:42:48 INFO mapreduce.Job:  map 37% reduce 11%
20/06/09 21:42:50 INFO mapreduce.Job:  map 38% reduce 11%
20/06/09 21:42:54 INFO mapreduce.Job:  map 39% reduce 11%
20/06/09 21:42:58 INFO mapreduce.Job:  map 39% reduce 12%
20/06/09 21:42:59 INFO mapreduce.Job:  map 40% reduce 12%
20/06/09 21:43:06 INFO mapreduce.Job:  map 41% reduce 12%
20/06/09 21:43:08 INFO mapreduce.Job:  map 42% reduce 12%
20/06/09 21:43:15 INFO mapreduce.Job:  map 43% reduce 12%
20/06/09 21:43:19 INFO mapreduce.Job:  map 44% reduce 12%
20/06/09 21:43:25 INFO mapreduce.Job:  map 45% reduce 12%
20/06/09 21:43:27 INFO mapreduce.Job:  map 46% reduce 12%
20/06/09 21:43:28 INFO mapreduce.Job:  map 46% reduce 13%
20/06/09 21:43:29 INFO mapreduce.Job:  map 47% reduce 13%
20/06/09 21:43:31 INFO mapreduce.Job:  map 47% reduce 14%
20/06/09 21:43:32 INFO mapreduce.Job:  map 48% reduce 14%
20/06/09 21:43:34 INFO mapreduce.Job:  map 48% reduce 15%
20/06/09 21:43:38 INFO mapreduce.Job:  map 49% reduce 15%
20/06/09 21:43:42 INFO mapreduce.Job:  map 50% reduce 15%
20/06/09 21:43:43 INFO mapreduce.Job:  map 51% reduce 15%
20/06/09 21:43:44 INFO mapreduce.Job:  map 51% reduce 16%
20/06/09 21:43:49 INFO mapreduce.Job:  map 52% reduce 16%
20/06/09 21:43:53 INFO mapreduce.Job:  map 53% reduce 17%
20/06/09 21:43:56 INFO mapreduce.Job:  map 54% reduce 17%
20/06/09 21:44:01 INFO mapreduce.Job:  map 55% reduce 17%
20/06/09 21:44:07 INFO mapreduce.Job:  map 56% reduce 17%
20/06/09 21:44:11 INFO mapreduce.Job:  map 57% reduce 17%
20/06/09 21:44:17 INFO mapreduce.Job:  map 58% reduce 17%
20/06/09 21:44:21 INFO mapreduce.Job:  map 59% reduce 17%
20/06/09 21:44:27 INFO mapreduce.Job:  map 60% reduce 17%
20/06/09 21:44:30 INFO mapreduce.Job:  map 61% reduce 17%
20/06/09 21:44:32 INFO mapreduce.Job:  map 61% reduce 18%
20/06/09 21:44:33 INFO mapreduce.Job:  map 62% reduce 18%
20/06/09 21:44:35 INFO mapreduce.Job:  map 63% reduce 19%
20/06/09 21:44:37 INFO mapreduce.Job:  map 64% reduce 19%
20/06/09 21:44:38 INFO mapreduce.Job:  map 64% reduce 20%
20/06/09 21:44:41 INFO mapreduce.Job:  map 64% reduce 21%
20/06/09 21:44:42 INFO mapreduce.Job:  map 65% reduce 21%
20/06/09 21:44:44 INFO mapreduce.Job:  map 66% reduce 21%
20/06/09 21:44:48 INFO mapreduce.Job:  map 67% reduce 21%
20/06/09 21:44:50 INFO mapreduce.Job:  map 67% reduce 22%
20/06/09 21:44:54 INFO mapreduce.Job:  map 68% reduce 22%
20/06/09 21:44:57 INFO mapreduce.Job:  map 69% reduce 22%
20/06/09 21:45:04 INFO mapreduce.Job:  map 70% reduce 22%
20/06/09 21:45:08 INFO mapreduce.Job:  map 71% reduce 22%
20/06/09 21:45:14 INFO mapreduce.Job:  map 72% reduce 22%
20/06/09 21:45:18 INFO mapreduce.Job:  map 73% reduce 22%
20/06/09 21:45:24 INFO mapreduce.Job:  map 74% reduce 22%
20/06/09 21:45:27 INFO mapreduce.Job:  map 75% reduce 22%
20/06/09 21:45:31 INFO mapreduce.Job:  map 76% reduce 22%
20/06/09 21:45:33 INFO mapreduce.Job:  map 76% reduce 23%
20/06/09 21:45:34 INFO mapreduce.Job:  map 77% reduce 23%
20/06/09 21:45:36 INFO mapreduce.Job:  map 78% reduce 23%
20/06/09 21:45:38 INFO mapreduce.Job:  map 79% reduce 25%
20/06/09 21:45:42 INFO mapreduce.Job:  map 80% reduce 25%
20/06/09 21:45:43 INFO mapreduce.Job:  map 80% reduce 26%
20/06/09 21:45:45 INFO mapreduce.Job:  map 81% reduce 26%
20/06/09 21:45:46 INFO mapreduce.Job:  map 81% reduce 27%
20/06/09 21:45:51 INFO mapreduce.Job:  map 82% reduce 27%
20/06/09 21:45:54 INFO mapreduce.Job:  map 84% reduce 27%
20/06/09 21:45:56 INFO mapreduce.Job:  map 85% reduce 27%
20/06/09 21:45:57 INFO mapreduce.Job:  map 86% reduce 27%
20/06/09 21:45:59 INFO mapreduce.Job:  map 87% reduce 27%
20/06/09 21:46:04 INFO mapreduce.Job:  map 88% reduce 27%
20/06/09 21:46:05 INFO mapreduce.Job:  map 89% reduce 27%
20/06/09 21:46:06 INFO mapreduce.Job:  map 90% reduce 27%
20/06/09 21:46:07 INFO mapreduce.Job:  map 90% reduce 29%
20/06/09 21:46:12 INFO mapreduce.Job:  map 91% reduce 29%
20/06/09 21:46:14 INFO mapreduce.Job:  map 92% reduce 29%
20/06/09 21:46:16 INFO mapreduce.Job:  map 93% reduce 29%
20/06/09 21:46:18 INFO mapreduce.Job:  map 94% reduce 29%
20/06/09 21:46:19 INFO mapreduce.Job:  map 95% reduce 29%
20/06/09 21:46:24 INFO mapreduce.Job:  map 96% reduce 30%
20/06/09 21:46:25 INFO mapreduce.Job:  map 97% reduce 30%
20/06/09 21:46:26 INFO mapreduce.Job:  map 98% reduce 30%
20/06/09 21:46:27 INFO mapreduce.Job:  map 98% reduce 31%
20/06/09 21:46:30 INFO mapreduce.Job:  map 98% reduce 32%
20/06/09 21:46:33 INFO mapreduce.Job:  map 99% reduce 32%
20/06/09 21:46:34 INFO mapreduce.Job:  map 100% reduce 32%
20/06/09 21:46:37 INFO mapreduce.Job:  map 100% reduce 67%
20/06/09 21:46:40 INFO mapreduce.Job:  map 100% reduce 73%
20/06/09 21:46:43 INFO mapreduce.Job:  map 100% reduce 78%
20/06/09 21:46:46 INFO mapreduce.Job:  map 100% reduce 83%
20/06/09 21:46:49 INFO mapreduce.Job:  map 100% reduce 90%
20/06/09 21:46:52 INFO mapreduce.Job:  map 100% reduce 97%
20/06/09 21:46:53 INFO mapreduce.Job:  map 100% reduce 100%
20/06/09 21:46:54 INFO mapreduce.Job: Job job_1591696042172_0008 completed successfully
20/06/09 21:46:54 INFO mapreduce.Job: Counters: 51
	File System Counters
		FILE: Number of bytes read=1608480122
		FILE: Number of bytes written=2381196971
		FILE: Number of read operations=0
		FILE: Number of large read operations=0
		FILE: Number of write operations=0
		HDFS: Number of bytes read=11025988344
		HDFS: Number of bytes written=449023039
		HDFS: Number of read operations=273
		HDFS: Number of large read operations=0
		HDFS: Number of write operations=2
	Job Counters 
		Killed map tasks=2
		Launched map tasks=92
		Launched reduce tasks=1
		Data-local map tasks=89
		Rack-local map tasks=3
		Total time spent by all maps in occupied slots (ms)=4961937
		Total time spent by all reduces in occupied slots (ms)=333504
		Total time spent by all map tasks (ms)=4961937
		Total time spent by all reduce tasks (ms)=333504
		Total vcore-milliseconds taken by all map tasks=4961937
		Total vcore-milliseconds taken by all reduce tasks=333504
		Total megabyte-milliseconds taken by all map tasks=5081023488
		Total megabyte-milliseconds taken by all reduce tasks=341508096
	Map-Reduce Framework
		Map input records=721923
		Map output records=1011282200
		Map output bytes=19272993820
		Map output materialized bytes=761506443
		Input split bytes=10530
		Combine input records=1036270382
		Combine output records=47587327
		Reduce input groups=9840616
		Reduce shuffle bytes=761506443
		Reduce input records=22599145
		Reduce output records=9840616
		Spilled Records=70864274
		Shuffled Maps =90
		Failed Shuffles=0
		Merged Map outputs=90
		GC time elapsed (ms)=108055
		CPU time spent (ms)=2008890
		Physical memory (bytes) snapshot=25146347520
		Virtual memory (bytes) snapshot=191943606272
		Total committed heap usage (bytes)=18934136832
	Shuffle Errors
		BAD_ID=0
		CONNECTION=0
		IO_ERROR=0
		WRONG_LENGTH=0
		WRONG_MAP=0
		WRONG_REDUCE=0
	File Input Format Counters 
		Bytes Read=11025977814
	File Output Format Counters 
		Bytes Written=449023039
20/06/09 21:46:54 INFO client.RMProxy: Connecting to ResourceManager at master/10.51.17.95:8032
20/06/09 21:46:54 INFO input.FileInputFormat: Total input paths to process : 1
20/06/09 21:46:55 INFO mapreduce.JobSubmitter: number of splits:4
20/06/09 21:46:55 INFO mapreduce.JobSubmitter: Submitting tokens for job: job_1591696042172_0009
20/06/09 21:46:55 INFO impl.YarnClientImpl: Submitted application application_1591696042172_0009
20/06/09 21:46:55 INFO mapreduce.Job: The url to track the job: http://master:8088/proxy/application_1591696042172_0009/
20/06/09 21:46:55 INFO mapreduce.Job: Running job: job_1591696042172_0009
20/06/09 21:47:03 INFO mapreduce.Job: Job job_1591696042172_0009 running in uber mode : false
20/06/09 21:47:03 INFO mapreduce.Job:  map 0% reduce 0%
20/06/09 21:47:12 INFO mapreduce.Job:  map 25% reduce 0%
20/06/09 21:47:14 INFO mapreduce.Job:  map 54% reduce 0%
20/06/09 21:47:17 INFO mapreduce.Job:  map 66% reduce 0%
20/06/09 21:47:18 INFO mapreduce.Job:  map 73% reduce 0%
20/06/09 21:47:20 INFO mapreduce.Job:  map 78% reduce 0%
20/06/09 21:47:21 INFO mapreduce.Job:  map 83% reduce 0%
20/06/09 21:47:23 INFO mapreduce.Job:  map 100% reduce 0%
20/06/09 21:47:24 INFO mapreduce.Job:  map 100% reduce 25%
20/06/09 21:47:27 INFO mapreduce.Job:  map 100% reduce 79%
20/06/09 21:47:30 INFO mapreduce.Job:  map 100% reduce 92%
20/06/09 21:47:32 INFO mapreduce.Job:  map 100% reduce 100%
20/06/09 21:47:32 INFO mapreduce.Job: Job job_1591696042172_0009 completed successfully
20/06/09 21:47:32 INFO mapreduce.Job: Counters: 50
	File System Counters
		FILE: Number of bytes read=728869451
		FILE: Number of bytes written=1115070547
		FILE: Number of read operations=0
		FILE: Number of large read operations=0
		FILE: Number of write operations=0
		HDFS: Number of bytes read=449028665
		HDFS: Number of bytes written=307519671
		HDFS: Number of read operations=19
		HDFS: Number of large read operations=0
		HDFS: Number of write operations=2
	Job Counters 
		Killed map tasks=1
		Launched map tasks=5
		Launched reduce tasks=1
		Data-local map tasks=5
		Total time spent by all maps in occupied slots (ms)=65307
		Total time spent by all reduces in occupied slots (ms)=18404
		Total time spent by all map tasks (ms)=65307
		Total time spent by all reduce tasks (ms)=18404
		Total vcore-milliseconds taken by all map tasks=65307
		Total vcore-milliseconds taken by all reduce tasks=18404
		Total megabyte-milliseconds taken by all map tasks=66874368
		Total megabyte-milliseconds taken by all reduce tasks=18845696
	Map-Reduce Framework
		Map input records=9840616
		Map output records=9840616
		Map output bytes=365906505
		Map output materialized bytes=385587761
		Input split bytes=504
		Combine input records=0
		Combine output records=0
		Reduce input groups=1251
		Reduce shuffle bytes=385587761
		Reduce input records=9840616
		Reduce output records=9840616
		Spilled Records=28919814
		Shuffled Maps =4
		Failed Shuffles=0
		Merged Map outputs=4
		GC time elapsed (ms)=1743
		CPU time spent (ms)=45060
		Physical memory (bytes) snapshot=1267855360
		Virtual memory (bytes) snapshot=10561048576
		Total committed heap usage (bytes)=938999808
	Shuffle Errors
		BAD_ID=0
		CONNECTION=0
		IO_ERROR=0
		WRONG_LENGTH=0
		WRONG_MAP=0
		WRONG_REDUCE=0
	File Input Format Counters 
		Bytes Read=449028161
	File Output Format Counters 
		Bytes Written=307519671
