20/06/13 02:18:52 INFO client.RMProxy: Connecting to ResourceManager at master/10.51.17.95:8032
20/06/13 02:18:52 INFO client.RMProxy: Connecting to ResourceManager at master/10.51.17.95:8032
20/06/13 02:18:53 INFO input.FileInputFormat: Total input paths to process : 10
20/06/13 02:18:53 INFO mapreduce.JobSubmitter: number of splits:80
20/06/13 02:18:53 INFO mapreduce.JobSubmitter: Submitting tokens for job: job_1591982234404_0002
20/06/13 02:18:53 INFO impl.YarnClientImpl: Submitted application application_1591982234404_0002
20/06/13 02:18:53 INFO mapreduce.Job: The url to track the job: http://master:8088/proxy/application_1591982234404_0002/
20/06/13 02:18:53 INFO mapreduce.Job: Running job: job_1591982234404_0002
20/06/13 02:19:05 INFO mapreduce.Job: Job job_1591982234404_0002 running in uber mode : false
20/06/13 02:19:05 INFO mapreduce.Job:  map 0% reduce 0%
20/06/13 02:19:18 INFO mapreduce.Job:  map 1% reduce 0%
20/06/13 02:19:19 INFO mapreduce.Job:  map 3% reduce 0%
20/06/13 02:19:20 INFO mapreduce.Job:  map 6% reduce 0%
20/06/13 02:19:21 INFO mapreduce.Job:  map 10% reduce 0%
20/06/13 02:19:22 INFO mapreduce.Job:  map 11% reduce 0%
20/06/13 02:19:23 INFO mapreduce.Job:  map 13% reduce 0%
20/06/13 02:19:24 INFO mapreduce.Job:  map 14% reduce 0%
20/06/13 02:19:25 INFO mapreduce.Job:  map 15% reduce 0%
20/06/13 02:19:27 INFO mapreduce.Job:  map 17% reduce 0%
20/06/13 02:19:31 INFO mapreduce.Job:  map 18% reduce 0%
20/06/13 02:19:34 INFO mapreduce.Job:  map 19% reduce 0%
20/06/13 02:19:37 INFO mapreduce.Job:  map 20% reduce 0%
20/06/13 02:19:39 INFO mapreduce.Job:  map 21% reduce 0%
20/06/13 02:19:40 INFO mapreduce.Job:  map 22% reduce 0%
20/06/13 02:19:43 INFO mapreduce.Job:  map 23% reduce 0%
20/06/13 02:19:46 INFO mapreduce.Job:  map 23% reduce 1%
20/06/13 02:19:52 INFO mapreduce.Job:  map 23% reduce 2%
20/06/13 02:19:53 INFO mapreduce.Job:  map 24% reduce 2%
20/06/13 02:19:54 INFO mapreduce.Job:  map 26% reduce 3%
20/06/13 02:19:55 INFO mapreduce.Job:  map 27% reduce 3%
20/06/13 02:19:58 INFO mapreduce.Job:  map 28% reduce 3%
20/06/13 02:19:59 INFO mapreduce.Job:  map 29% reduce 3%
20/06/13 02:20:00 INFO mapreduce.Job:  map 29% reduce 4%
20/06/13 02:20:03 INFO mapreduce.Job:  map 29% reduce 5%
20/06/13 02:20:05 INFO mapreduce.Job:  map 30% reduce 5%
20/06/13 02:20:06 INFO mapreduce.Job:  map 30% reduce 6%
20/06/13 02:20:10 INFO mapreduce.Job:  map 31% reduce 6%
20/06/13 02:20:12 INFO mapreduce.Job:  map 32% reduce 6%
20/06/13 02:20:17 INFO mapreduce.Job:  map 33% reduce 6%
20/06/13 02:20:20 INFO mapreduce.Job:  map 34% reduce 6%
20/06/13 02:20:23 INFO mapreduce.Job:  map 35% reduce 6%
20/06/13 02:20:25 INFO mapreduce.Job:  map 36% reduce 6%
20/06/13 02:20:28 INFO mapreduce.Job:  map 36% reduce 7%
20/06/13 02:20:32 INFO mapreduce.Job:  map 37% reduce 8%
20/06/13 02:20:37 INFO mapreduce.Job:  map 38% reduce 8%
20/06/13 02:20:40 INFO mapreduce.Job:  map 38% reduce 9%
20/06/13 02:20:43 INFO mapreduce.Job:  map 39% reduce 9%
20/06/13 02:20:52 INFO mapreduce.Job:  map 40% reduce 9%
20/06/13 02:20:53 INFO mapreduce.Job:  map 40% reduce 10%
20/06/13 02:20:58 INFO mapreduce.Job:  map 41% reduce 10%
20/06/13 02:21:01 INFO mapreduce.Job:  map 43% reduce 10%
20/06/13 02:21:04 INFO mapreduce.Job:  map 44% reduce 10%
20/06/13 02:21:05 INFO mapreduce.Job:  map 45% reduce 11%
20/06/13 02:21:10 INFO mapreduce.Job:  map 46% reduce 11%
20/06/13 02:21:11 INFO mapreduce.Job:  map 46% reduce 12%
20/06/13 02:21:22 INFO mapreduce.Job:  map 47% reduce 12%
20/06/13 02:21:25 INFO mapreduce.Job:  map 48% reduce 12%
20/06/13 02:21:26 INFO mapreduce.Job:  map 48% reduce 13%
20/06/13 02:21:27 INFO mapreduce.Job:  map 51% reduce 13%
20/06/13 02:21:28 INFO mapreduce.Job:  map 52% reduce 13%
20/06/13 02:21:31 INFO mapreduce.Job:  map 53% reduce 14%
20/06/13 02:21:34 INFO mapreduce.Job:  map 54% reduce 14%
20/06/13 02:21:36 INFO mapreduce.Job:  map 55% reduce 14%
20/06/13 02:21:39 INFO mapreduce.Job:  map 55% reduce 15%
20/06/13 02:21:44 INFO mapreduce.Job:  map 56% reduce 15%
20/06/13 02:21:50 INFO mapreduce.Job:  map 57% reduce 15%
20/06/13 02:21:53 INFO mapreduce.Job:  map 58% reduce 15%
20/06/13 02:21:54 INFO mapreduce.Job:  map 58% reduce 16%
20/06/13 02:21:55 INFO mapreduce.Job:  map 59% reduce 16%
20/06/13 02:21:57 INFO mapreduce.Job:  map 60% reduce 16%
20/06/13 02:21:59 INFO mapreduce.Job:  map 60% reduce 17%
20/06/13 02:22:06 INFO mapreduce.Job:  map 61% reduce 17%
20/06/13 02:22:10 INFO mapreduce.Job:  map 62% reduce 17%
20/06/13 02:22:14 INFO mapreduce.Job:  map 62% reduce 18%
20/06/13 02:22:21 INFO mapreduce.Job:  map 63% reduce 18%
20/06/13 02:22:24 INFO mapreduce.Job:  map 64% reduce 18%
20/06/13 02:22:25 INFO mapreduce.Job:  map 65% reduce 18%
20/06/13 02:22:27 INFO mapreduce.Job:  map 66% reduce 18%
20/06/13 02:22:32 INFO mapreduce.Job:  map 67% reduce 18%
20/06/13 02:22:36 INFO mapreduce.Job:  map 68% reduce 18%
20/06/13 02:22:39 INFO mapreduce.Job:  map 69% reduce 18%
20/06/13 02:22:40 INFO mapreduce.Job:  map 70% reduce 19%
20/06/13 02:22:43 INFO mapreduce.Job:  map 71% reduce 19%
20/06/13 02:22:45 INFO mapreduce.Job:  map 71% reduce 20%
20/06/13 02:22:57 INFO mapreduce.Job:  map 72% reduce 21%
20/06/13 02:23:04 INFO mapreduce.Job:  map 73% reduce 21%
20/06/13 02:23:05 INFO mapreduce.Job:  map 74% reduce 21%
20/06/13 02:23:06 INFO mapreduce.Job:  map 74% reduce 22%
20/06/13 02:23:07 INFO mapreduce.Job:  map 75% reduce 22%
20/06/13 02:23:09 INFO mapreduce.Job:  map 75% reduce 23%
20/06/13 02:23:13 INFO mapreduce.Job:  map 76% reduce 23%
20/06/13 02:23:15 INFO mapreduce.Job:  map 77% reduce 23%
20/06/13 02:23:16 INFO mapreduce.Job:  map 78% reduce 23%
20/06/13 02:23:17 INFO mapreduce.Job:  map 79% reduce 23%
20/06/13 02:23:18 INFO mapreduce.Job:  map 79% reduce 24%
20/06/13 02:23:19 INFO mapreduce.Job:  map 80% reduce 24%
20/06/13 02:23:21 INFO mapreduce.Job:  map 81% reduce 24%
20/06/13 02:23:25 INFO mapreduce.Job:  map 84% reduce 24%
20/06/13 02:23:27 INFO mapreduce.Job:  map 85% reduce 24%
20/06/13 02:23:28 INFO mapreduce.Job:  map 86% reduce 25%
20/06/13 02:23:29 INFO mapreduce.Job:  map 86% reduce 26%
20/06/13 02:23:31 INFO mapreduce.Job:  map 87% reduce 26%
20/06/13 02:23:32 INFO mapreduce.Job:  map 87% reduce 27%
20/06/13 02:23:35 INFO mapreduce.Job:  map 87% reduce 28%
20/06/13 02:23:37 INFO mapreduce.Job:  map 88% reduce 28%
20/06/13 02:23:44 INFO mapreduce.Job:  map 89% reduce 28%
20/06/13 02:23:45 INFO mapreduce.Job:  map 89% reduce 29%
20/06/13 02:23:46 INFO mapreduce.Job:  map 90% reduce 29%
20/06/13 02:23:48 INFO mapreduce.Job:  map 91% reduce 29%
20/06/13 02:23:50 INFO mapreduce.Job:  map 92% reduce 29%
20/06/13 02:23:51 INFO mapreduce.Job:  map 94% reduce 29%
20/06/13 02:23:52 INFO mapreduce.Job:  map 95% reduce 29%
20/06/13 02:23:54 INFO mapreduce.Job:  map 98% reduce 29%
20/06/13 02:23:55 INFO mapreduce.Job:  map 99% reduce 30%
20/06/13 02:23:57 INFO mapreduce.Job:  map 100% reduce 30%
20/06/13 02:24:03 INFO mapreduce.Job:  map 100% reduce 31%
20/06/13 02:24:10 INFO mapreduce.Job:  map 100% reduce 32%
20/06/13 02:24:11 INFO mapreduce.Job:  map 100% reduce 34%
20/06/13 02:24:13 INFO mapreduce.Job:  map 100% reduce 42%
20/06/13 02:24:14 INFO mapreduce.Job:  map 100% reduce 49%
20/06/13 02:24:16 INFO mapreduce.Job:  map 100% reduce 53%
20/06/13 02:24:17 INFO mapreduce.Job:  map 100% reduce 55%
20/06/13 02:24:19 INFO mapreduce.Job:  map 100% reduce 56%
20/06/13 02:24:21 INFO mapreduce.Job:  map 100% reduce 61%
20/06/13 02:24:24 INFO mapreduce.Job:  map 100% reduce 67%
20/06/13 02:24:25 INFO mapreduce.Job:  map 100% reduce 68%
20/06/13 02:24:27 INFO mapreduce.Job:  map 100% reduce 69%
20/06/13 02:24:29 INFO mapreduce.Job:  map 100% reduce 70%
20/06/13 02:24:32 INFO mapreduce.Job:  map 100% reduce 71%
20/06/13 02:24:34 INFO mapreduce.Job:  map 100% reduce 72%
20/06/13 02:24:35 INFO mapreduce.Job:  map 100% reduce 73%
20/06/13 02:24:37 INFO mapreduce.Job:  map 100% reduce 74%
20/06/13 02:24:40 INFO mapreduce.Job:  map 100% reduce 75%
20/06/13 02:24:42 INFO mapreduce.Job:  map 100% reduce 76%
20/06/13 02:24:43 INFO mapreduce.Job:  map 100% reduce 77%
20/06/13 02:24:44 INFO mapreduce.Job:  map 100% reduce 78%
20/06/13 02:24:46 INFO mapreduce.Job:  map 100% reduce 79%
20/06/13 02:24:49 INFO mapreduce.Job:  map 100% reduce 80%
20/06/13 02:24:52 INFO mapreduce.Job:  map 100% reduce 81%
20/06/13 02:24:54 INFO mapreduce.Job:  map 100% reduce 82%
20/06/13 02:24:55 INFO mapreduce.Job:  map 100% reduce 83%
20/06/13 02:24:57 INFO mapreduce.Job:  map 100% reduce 84%
20/06/13 02:25:00 INFO mapreduce.Job:  map 100% reduce 85%
20/06/13 02:25:02 INFO mapreduce.Job:  map 100% reduce 86%
20/06/13 02:25:05 INFO mapreduce.Job:  map 100% reduce 87%
20/06/13 02:25:07 INFO mapreduce.Job:  map 100% reduce 88%
20/06/13 02:25:09 INFO mapreduce.Job:  map 100% reduce 89%
20/06/13 02:25:13 INFO mapreduce.Job:  map 100% reduce 90%
20/06/13 02:25:15 INFO mapreduce.Job:  map 100% reduce 91%
20/06/13 02:25:16 INFO mapreduce.Job:  map 100% reduce 92%
20/06/13 02:25:18 INFO mapreduce.Job:  map 100% reduce 93%
20/06/13 02:25:21 INFO mapreduce.Job:  map 100% reduce 94%
20/06/13 02:25:26 INFO mapreduce.Job:  map 100% reduce 95%
20/06/13 02:25:27 INFO mapreduce.Job:  map 100% reduce 96%
20/06/13 02:25:29 INFO mapreduce.Job:  map 100% reduce 97%
20/06/13 02:25:30 INFO mapreduce.Job:  map 100% reduce 98%
20/06/13 02:25:35 INFO mapreduce.Job:  map 100% reduce 99%
20/06/13 02:25:36 INFO mapreduce.Job:  map 100% reduce 100%
20/06/13 02:25:40 INFO mapreduce.Job: Job job_1591982234404_0002 completed successfully
20/06/13 02:25:40 INFO mapreduce.Job: Counters: 51
	File System Counters
		FILE: Number of bytes read=31976589047
		FILE: Number of bytes written=42737149272
		FILE: Number of read operations=0
		FILE: Number of large read operations=0
		FILE: Number of write operations=0
		HDFS: Number of bytes read=10774040715
		HDFS: Number of bytes written=10772884117
		HDFS: Number of read operations=329
		HDFS: Number of large read operations=0
		HDFS: Number of write operations=6
	Job Counters 
		Killed map tasks=1
		Launched map tasks=80
		Launched reduce tasks=3
		Data-local map tasks=80
		Rack-local map tasks=1
		Total time spent by all maps in occupied slots (ms)=3136600
		Total time spent by all reduces in occupied slots (ms)=1050046
		Total time spent by all map tasks (ms)=3136600
		Total time spent by all reduce tasks (ms)=1050046
		Total vcore-milliseconds taken by all map tasks=3136600
		Total vcore-milliseconds taken by all reduce tasks=1050046
		Total megabyte-milliseconds taken by all map tasks=3211878400
		Total megabyte-milliseconds taken by all reduce tasks=1075247104
	Map-Reduce Framework
		Map input records=1023199
		Map output records=1023199
		Map output bytes=10745678297
		Map output materialized bytes=10751432368
		Input split bytes=9040
		Combine input records=0
		Combine output records=0
		Reduce input groups=1023199
		Reduce shuffle bytes=10751432368
		Reduce input records=1023199
		Reduce output records=1023199
		Spilled Records=4066304
		Shuffled Maps =240
		Failed Shuffles=0
		Merged Map outputs=240
		GC time elapsed (ms)=14757
		CPU time spent (ms)=269610
		Physical memory (bytes) snapshot=21991587840
		Virtual memory (bytes) snapshot=175127412736
		Total committed heap usage (bytes)=16154361856
	Shuffle Errors
		BAD_ID=0
		CONNECTION=0
		IO_ERROR=0
		WRONG_LENGTH=0
		WRONG_MAP=0
		WRONG_REDUCE=0
	File Input Format Counters 
		Bytes Read=10774031675
	File Output Format Counters 
		Bytes Written=10772884117
