20/06/14 22:34:20 INFO client.RMProxy: Connecting to ResourceManager at master/10.51.17.95:8032
20/06/14 22:34:20 INFO examples.BaileyBorweinPlouffe: Map #0: workload=249995980, offset=0, size=22360
20/06/14 22:34:20 INFO examples.BaileyBorweinPlouffe: Map #1: workload=250058520, offset=22360, size=9264
20/06/14 22:34:20 INFO examples.BaileyBorweinPlouffe: Map #2: workload=249893856, offset=31624, size=7104
20/06/14 22:34:20 INFO examples.BaileyBorweinPlouffe: Map #3: workload=250013204, offset=38728, size=5992
20/06/14 22:34:20 INFO examples.BaileyBorweinPlouffe: Map #4: workload=250063440, offset=44720, size=5280
20/06/14 22:34:20 INFO examples.BaileyBorweinPlouffe: Map #5: workload=249988378, offset=50000, size=4772
20/06/14 22:34:20 INFO examples.BaileyBorweinPlouffe: Map #6: workload=249969002, offset=54772, size=4388
20/06/14 22:34:20 INFO examples.BaileyBorweinPlouffe: Map #7: workload=249951010, offset=59160, size=4084
20/06/14 22:34:20 INFO examples.BaileyBorweinPlouffe: Map #8: workload=249963350, offset=63244, size=3836
20/06/14 22:34:20 INFO examples.BaileyBorweinPlouffe: Map #9: workload=250232088, offset=67080, size=3632
20/06/14 22:34:20 INFO examples.BaileyBorweinPlouffe: Map #10: workload=249761052, offset=70712, size=3448
20/06/14 22:34:20 INFO examples.BaileyBorweinPlouffe: Map #11: workload=250174650, offset=74160, size=3300
20/06/14 22:34:20 INFO examples.BaileyBorweinPlouffe: Map #12: workload=250090470, offset=77460, size=3164
20/06/14 22:34:20 INFO examples.BaileyBorweinPlouffe: Map #13: workload=249719280, offset=80624, size=3040
20/06/14 22:34:20 INFO examples.BaileyBorweinPlouffe: Map #14: workload=250295430, offset=83664, size=2940
20/06/14 22:34:20 INFO examples.BaileyBorweinPlouffe: Map #15: workload=249989580, offset=86604, size=2840
20/06/14 22:34:20 INFO examples.BaileyBorweinPlouffe: Map #16: workload=249938016, offset=89444, size=2752
20/06/14 22:34:20 INFO examples.BaileyBorweinPlouffe: Map #17: workload=249918840, offset=92196, size=2672
20/06/14 22:34:20 INFO examples.BaileyBorweinPlouffe: Map #18: workload=250038100, offset=94868, size=2600
20/06/14 22:34:20 INFO examples.BaileyBorweinPlouffe: Map #19: workload=249995754, offset=97468, size=2532
20/06/14 22:34:20 INFO mapreduce.JobSubmitter: number of splits:20
20/06/14 22:34:20 INFO mapreduce.JobSubmitter: Submitting tokens for job: job_1592136775955_0018
20/06/14 22:34:20 INFO impl.YarnClientImpl: Submitted application application_1592136775955_0018
20/06/14 22:34:20 INFO mapreduce.Job: The url to track the job: http://master:8088/proxy/application_1592136775955_0018/
20/06/14 22:34:20 INFO mapreduce.Job: Running job: job_1592136775955_0018
20/06/14 22:34:28 INFO mapreduce.Job: Job job_1592136775955_0018 running in uber mode : false
20/06/14 22:34:28 INFO mapreduce.Job:  map 0% reduce 0%
20/06/14 22:34:39 INFO mapreduce.Job:  map 10% reduce 0%
20/06/14 22:34:40 INFO mapreduce.Job:  map 13% reduce 0%
20/06/14 22:34:42 INFO mapreduce.Job:  map 17% reduce 0%
20/06/14 22:34:43 INFO mapreduce.Job:  map 20% reduce 0%
20/06/14 22:35:33 INFO mapreduce.Job:  map 22% reduce 0%
20/06/14 22:35:36 INFO mapreduce.Job:  map 23% reduce 0%
20/06/14 22:35:42 INFO mapreduce.Job:  map 27% reduce 0%
20/06/14 22:35:45 INFO mapreduce.Job:  map 30% reduce 0%
20/06/14 22:35:48 INFO mapreduce.Job:  map 32% reduce 0%
20/06/14 22:35:56 INFO mapreduce.Job:  map 33% reduce 0%
20/06/14 22:35:57 INFO mapreduce.Job:  map 35% reduce 0%
20/06/14 22:35:59 INFO mapreduce.Job:  map 38% reduce 0%
20/06/14 22:36:04 INFO mapreduce.Job:  map 40% reduce 0%
20/06/14 22:36:06 INFO mapreduce.Job:  map 43% reduce 0%
20/06/14 22:36:08 INFO mapreduce.Job:  map 47% reduce 0%
20/06/14 22:36:15 INFO mapreduce.Job:  map 47% reduce 10%
20/06/14 22:36:40 INFO mapreduce.Job:  map 48% reduce 10%
20/06/14 22:36:42 INFO mapreduce.Job:  map 48% reduce 12%
20/06/14 22:36:45 INFO mapreduce.Job:  map 50% reduce 12%
20/06/14 22:36:46 INFO mapreduce.Job:  map 50% reduce 13%
20/06/14 22:36:50 INFO mapreduce.Job:  map 53% reduce 13%
20/06/14 22:36:53 INFO mapreduce.Job:  map 57% reduce 13%
20/06/14 22:37:04 INFO mapreduce.Job:  map 58% reduce 13%
20/06/14 22:37:07 INFO mapreduce.Job:  map 58% reduce 15%
20/06/14 22:37:10 INFO mapreduce.Job:  map 60% reduce 15%
20/06/14 22:37:12 INFO mapreduce.Job:  map 62% reduce 15%
20/06/14 22:37:13 INFO mapreduce.Job:  map 62% reduce 18%
20/06/14 22:37:14 INFO mapreduce.Job:  map 65% reduce 18%
20/06/14 22:37:19 INFO mapreduce.Job:  map 68% reduce 18%
20/06/14 22:37:22 INFO mapreduce.Job:  map 72% reduce 18%
20/06/14 22:37:50 INFO mapreduce.Job:  map 73% reduce 18%
20/06/14 22:37:52 INFO mapreduce.Job:  map 73% reduce 20%
20/06/14 22:37:53 INFO mapreduce.Job:  map 75% reduce 20%
20/06/14 22:37:55 INFO mapreduce.Job:  map 75% reduce 22%
20/06/14 22:37:58 INFO mapreduce.Job:  map 78% reduce 22%
20/06/14 22:38:01 INFO mapreduce.Job:  map 82% reduce 22%
20/06/14 22:38:15 INFO mapreduce.Job:  map 83% reduce 22%
20/06/14 22:38:16 INFO mapreduce.Job:  map 83% reduce 23%
20/06/14 22:38:19 INFO mapreduce.Job:  map 85% reduce 23%
20/06/14 22:38:22 INFO mapreduce.Job:  map 87% reduce 25%
20/06/14 22:38:24 INFO mapreduce.Job:  map 90% reduce 25%
20/06/14 22:38:25 INFO mapreduce.Job:  map 90% reduce 27%
20/06/14 22:38:28 INFO mapreduce.Job:  map 93% reduce 27%
20/06/14 22:38:58 INFO mapreduce.Job:  map 95% reduce 28%
20/06/14 22:39:01 INFO mapreduce.Job:  map 97% reduce 30%
20/06/14 22:39:24 INFO mapreduce.Job:  map 98% reduce 30%
20/06/14 22:39:25 INFO mapreduce.Job:  map 98% reduce 32%
20/06/14 22:39:29 INFO mapreduce.Job:  map 100% reduce 32%
20/06/14 22:39:31 INFO mapreduce.Job:  map 100% reduce 100%
20/06/14 22:39:32 INFO mapreduce.Job: Job job_1592136775955_0018 completed successfully
20/06/14 22:39:32 INFO mapreduce.Job: Counters: 49
	File System Counters
		FILE: Number of bytes read=50326
		FILE: Number of bytes written=2692793
		FILE: Number of read operations=0
		FILE: Number of large read operations=0
		FILE: Number of write operations=0
		HDFS: Number of bytes read=1380
		HDFS: Number of bytes written=302090
		HDFS: Number of read operations=43
		HDFS: Number of large read operations=0
		HDFS: Number of write operations=4
	Job Counters 
		Launched map tasks=20
		Launched reduce tasks=1
		Other local map tasks=20
		Total time spent by all maps in occupied slots (ms)=1446567
		Total time spent by all reduces in occupied slots (ms)=206312
		Total time spent by all map tasks (ms)=1446567
		Total time spent by all reduce tasks (ms)=206312
		Total vcore-milliseconds taken by all map tasks=1446567
		Total vcore-milliseconds taken by all reduce tasks=206312
		Total megabyte-milliseconds taken by all map tasks=1481284608
		Total megabyte-milliseconds taken by all reduce tasks=211263488
	Map-Reduce Framework
		Map input records=20
		Map output records=20
		Map output bytes=50240
		Map output materialized bytes=50440
		Input split bytes=1380
		Combine input records=0
		Combine output records=0
		Reduce input groups=20
		Reduce shuffle bytes=50440
		Reduce input records=20
		Reduce output records=0
		Spilled Records=40
		Shuffled Maps =20
		Failed Shuffles=0
		Merged Map outputs=20
		GC time elapsed (ms)=2238
		CPU time spent (ms)=1301770
		Physical memory (bytes) snapshot=5446033408
		Virtual memory (bytes) snapshot=44245786624
		Total committed heap usage (bytes)=4202692608
	Shuffle Errors
		BAD_ID=0
		CONNECTION=0
		IO_ERROR=0
		WRONG_LENGTH=0
		WRONG_MAP=0
		WRONG_REDUCE=0
	File Input Format Counters 
		Bytes Read=0
	File Output Format Counters 
		Bytes Written=0
