20/06/16 14:04:36 INFO client.RMProxy: Connecting to ResourceManager at master/10.51.17.95:8032
20/06/16 14:04:36 INFO input.FileInputFormat: Total input paths to process : 10
20/06/16 14:04:36 INFO mapreduce.JobSubmitter: number of splits:90
20/06/16 14:04:36 INFO mapreduce.JobSubmitter: Submitting tokens for job: job_1592281298836_0008
20/06/16 14:04:36 INFO impl.YarnClientImpl: Submitted application application_1592281298836_0008
20/06/16 14:04:36 INFO mapreduce.Job: The url to track the job: http://master:8088/proxy/application_1592281298836_0008/
20/06/16 14:04:36 INFO mapreduce.Job: Running job: job_1592281298836_0008
20/06/16 14:04:41 INFO mapreduce.Job: Job job_1592281298836_0008 running in uber mode : false
20/06/16 14:04:41 INFO mapreduce.Job:  map 0% reduce 0%
20/06/16 14:04:52 INFO mapreduce.Job:  map 1% reduce 0%
20/06/16 14:04:57 INFO mapreduce.Job:  map 2% reduce 0%
20/06/16 14:05:01 INFO mapreduce.Job:  map 3% reduce 0%
20/06/16 14:05:06 INFO mapreduce.Job:  map 4% reduce 0%
20/06/16 14:05:11 INFO mapreduce.Job:  map 5% reduce 0%
20/06/16 14:05:15 INFO mapreduce.Job:  map 6% reduce 0%
20/06/16 14:05:18 INFO mapreduce.Job:  map 7% reduce 0%
20/06/16 14:05:23 INFO mapreduce.Job:  map 8% reduce 0%
20/06/16 14:05:28 INFO mapreduce.Job:  map 9% reduce 0%
20/06/16 14:05:30 INFO mapreduce.Job:  map 10% reduce 0%
20/06/16 14:05:38 INFO mapreduce.Job:  map 11% reduce 0%
20/06/16 14:05:42 INFO mapreduce.Job:  map 12% reduce 0%
20/06/16 14:05:48 INFO mapreduce.Job:  map 13% reduce 0%
20/06/16 14:05:52 INFO mapreduce.Job:  map 14% reduce 0%
20/06/16 14:05:54 INFO mapreduce.Job:  map 15% reduce 0%
20/06/16 14:05:58 INFO mapreduce.Job:  map 16% reduce 0%
20/06/16 14:06:04 INFO mapreduce.Job:  map 17% reduce 0%
20/06/16 14:06:09 INFO mapreduce.Job:  map 18% reduce 0%
20/06/16 14:06:14 INFO mapreduce.Job:  map 19% reduce 0%
20/06/16 14:06:18 INFO mapreduce.Job:  map 20% reduce 0%
20/06/16 14:06:24 INFO mapreduce.Job:  map 21% reduce 0%
20/06/16 14:06:27 INFO mapreduce.Job:  map 22% reduce 0%
20/06/16 14:06:32 INFO mapreduce.Job:  map 23% reduce 0%
20/06/16 14:06:35 INFO mapreduce.Job:  map 24% reduce 0%
20/06/16 14:06:37 INFO mapreduce.Job:  map 24% reduce 7%
20/06/16 14:06:40 INFO mapreduce.Job:  map 25% reduce 8%
20/06/16 14:06:46 INFO mapreduce.Job:  map 26% reduce 8%
20/06/16 14:06:49 INFO mapreduce.Job:  map 27% reduce 8%
20/06/16 14:06:56 INFO mapreduce.Job:  map 28% reduce 8%
20/06/16 14:06:59 INFO mapreduce.Job:  map 29% reduce 8%
20/06/16 14:07:00 INFO mapreduce.Job:  map 30% reduce 8%
20/06/16 14:07:01 INFO mapreduce.Job:  map 30% reduce 10%
20/06/16 14:07:09 INFO mapreduce.Job:  map 31% reduce 10%
20/06/16 14:07:12 INFO mapreduce.Job:  map 32% reduce 10%
20/06/16 14:07:18 INFO mapreduce.Job:  map 33% reduce 10%
20/06/16 14:07:24 INFO mapreduce.Job:  map 34% reduce 10%
20/06/16 14:07:25 INFO mapreduce.Job:  map 35% reduce 10%
20/06/16 14:07:26 INFO mapreduce.Job:  map 35% reduce 11%
20/06/16 14:07:27 INFO mapreduce.Job:  map 36% reduce 11%
20/06/16 14:07:29 INFO mapreduce.Job:  map 36% reduce 12%
20/06/16 14:07:36 INFO mapreduce.Job:  map 37% reduce 12%
20/06/16 14:07:40 INFO mapreduce.Job:  map 38% reduce 12%
20/06/16 14:07:45 INFO mapreduce.Job:  map 39% reduce 12%
20/06/16 14:07:48 INFO mapreduce.Job:  map 40% reduce 12%
20/06/16 14:07:50 INFO mapreduce.Job:  map 40% reduce 13%
20/06/16 14:07:53 INFO mapreduce.Job:  map 41% reduce 13%
20/06/16 14:07:55 INFO mapreduce.Job:  map 42% reduce 13%
20/06/16 14:07:56 INFO mapreduce.Job:  map 42% reduce 14%
20/06/16 14:08:05 INFO mapreduce.Job:  map 43% reduce 14%
20/06/16 14:08:08 INFO mapreduce.Job:  map 44% reduce 14%
20/06/16 14:08:10 INFO mapreduce.Job:  map 45% reduce 14%
20/06/16 14:08:18 INFO mapreduce.Job:  map 46% reduce 14%
20/06/16 14:08:21 INFO mapreduce.Job:  map 47% reduce 14%
20/06/16 14:08:24 INFO mapreduce.Job:  map 48% reduce 16%
20/06/16 14:08:31 INFO mapreduce.Job:  map 49% reduce 16%
20/06/16 14:08:33 INFO mapreduce.Job:  map 50% reduce 16%
20/06/16 14:08:40 INFO mapreduce.Job:  map 51% reduce 16%
20/06/16 14:08:45 INFO mapreduce.Job:  map 52% reduce 16%
20/06/16 14:08:48 INFO mapreduce.Job:  map 53% reduce 16%
20/06/16 14:08:51 INFO mapreduce.Job:  map 53% reduce 17%
20/06/16 14:08:52 INFO mapreduce.Job:  map 54% reduce 17%
20/06/16 14:08:57 INFO mapreduce.Job:  map 55% reduce 18%
20/06/16 14:09:02 INFO mapreduce.Job:  map 56% reduce 18%
20/06/16 14:09:06 INFO mapreduce.Job:  map 57% reduce 18%
20/06/16 14:09:12 INFO mapreduce.Job:  map 58% reduce 18%
20/06/16 14:09:14 INFO mapreduce.Job:  map 59% reduce 18%
20/06/16 14:09:15 INFO mapreduce.Job:  map 59% reduce 19%
20/06/16 14:09:17 INFO mapreduce.Job:  map 60% reduce 19%
20/06/16 14:09:18 INFO mapreduce.Job:  map 60% reduce 20%
20/06/16 14:09:24 INFO mapreduce.Job:  map 61% reduce 20%
20/06/16 14:09:30 INFO mapreduce.Job:  map 62% reduce 20%
20/06/16 14:09:35 INFO mapreduce.Job:  map 63% reduce 20%
20/06/16 14:09:40 INFO mapreduce.Job:  map 64% reduce 20%
20/06/16 14:09:42 INFO mapreduce.Job:  map 65% reduce 20%
20/06/16 14:09:43 INFO mapreduce.Job:  map 65% reduce 21%
20/06/16 14:09:44 INFO mapreduce.Job:  map 66% reduce 21%
20/06/16 14:09:46 INFO mapreduce.Job:  map 66% reduce 22%
20/06/16 14:09:52 INFO mapreduce.Job:  map 67% reduce 22%
20/06/16 14:09:56 INFO mapreduce.Job:  map 68% reduce 22%
20/06/16 14:10:02 INFO mapreduce.Job:  map 69% reduce 22%
20/06/16 14:10:06 INFO mapreduce.Job:  map 70% reduce 22%
20/06/16 14:10:09 INFO mapreduce.Job:  map 71% reduce 22%
20/06/16 14:10:10 INFO mapreduce.Job:  map 71% reduce 23%
20/06/16 14:10:13 INFO mapreduce.Job:  map 71% reduce 24%
20/06/16 14:10:15 INFO mapreduce.Job:  map 72% reduce 24%
20/06/16 14:10:18 INFO mapreduce.Job:  map 73% reduce 24%
20/06/16 14:10:19 INFO mapreduce.Job:  map 74% reduce 24%
20/06/16 14:10:25 INFO mapreduce.Job:  map 75% reduce 24%
20/06/16 14:10:28 INFO mapreduce.Job:  map 76% reduce 24%
20/06/16 14:10:29 INFO mapreduce.Job:  map 77% reduce 24%
20/06/16 14:10:31 INFO mapreduce.Job:  map 77% reduce 25%
20/06/16 14:10:35 INFO mapreduce.Job:  map 78% reduce 25%
20/06/16 14:10:37 INFO mapreduce.Job:  map 80% reduce 26%
20/06/16 14:10:43 INFO mapreduce.Job:  map 81% reduce 26%
20/06/16 14:10:45 INFO mapreduce.Job:  map 82% reduce 26%
20/06/16 14:10:46 INFO mapreduce.Job:  map 82% reduce 27%
20/06/16 14:10:48 INFO mapreduce.Job:  map 83% reduce 27%
20/06/16 14:10:52 INFO mapreduce.Job:  map 84% reduce 27%
20/06/16 14:10:55 INFO mapreduce.Job:  map 84% reduce 28%
20/06/16 14:10:58 INFO mapreduce.Job:  map 85% reduce 28%
20/06/16 14:11:01 INFO mapreduce.Job:  map 86% reduce 28%
20/06/16 14:11:06 INFO mapreduce.Job:  map 87% reduce 28%
20/06/16 14:11:10 INFO mapreduce.Job:  map 88% reduce 28%
20/06/16 14:11:14 INFO mapreduce.Job:  map 88% reduce 29%
20/06/16 14:11:15 INFO mapreduce.Job:  map 89% reduce 29%
20/06/16 14:11:17 INFO mapreduce.Job:  map 89% reduce 30%
20/06/16 14:11:21 INFO mapreduce.Job:  map 90% reduce 30%
20/06/16 14:11:27 INFO mapreduce.Job:  map 91% reduce 30%
20/06/16 14:11:32 INFO mapreduce.Job:  map 92% reduce 30%
20/06/16 14:11:35 INFO mapreduce.Job:  map 93% reduce 30%
20/06/16 14:11:39 INFO mapreduce.Job:  map 94% reduce 30%
20/06/16 14:11:41 INFO mapreduce.Job:  map 94% reduce 31%
20/06/16 14:11:43 INFO mapreduce.Job:  map 96% reduce 31%
20/06/16 14:11:45 INFO mapreduce.Job:  map 97% reduce 31%
20/06/16 14:11:47 INFO mapreduce.Job:  map 98% reduce 32%
20/06/16 14:11:49 INFO mapreduce.Job:  map 99% reduce 32%
20/06/16 14:11:50 INFO mapreduce.Job:  map 100% reduce 33%
20/06/16 14:11:53 INFO mapreduce.Job:  map 100% reduce 70%
20/06/16 14:11:56 INFO mapreduce.Job:  map 100% reduce 76%
20/06/16 14:11:59 INFO mapreduce.Job:  map 100% reduce 80%
20/06/16 14:12:02 INFO mapreduce.Job:  map 100% reduce 86%
20/06/16 14:12:05 INFO mapreduce.Job:  map 100% reduce 94%
20/06/16 14:12:07 INFO mapreduce.Job:  map 100% reduce 100%
20/06/16 14:12:08 INFO mapreduce.Job: Job job_1592281298836_0008 completed successfully
20/06/16 14:12:08 INFO mapreduce.Job: Counters: 51
	File System Counters
		FILE: Number of bytes read=1664983330
		FILE: Number of bytes written=2465674690
		FILE: Number of read operations=0
		FILE: Number of large read operations=0
		FILE: Number of write operations=0
		HDFS: Number of bytes read=11025668664
		HDFS: Number of bytes written=472954036
		HDFS: Number of read operations=273
		HDFS: Number of large read operations=0
		HDFS: Number of write operations=2
	Job Counters 
		Killed map tasks=1
		Launched map tasks=90
		Launched reduce tasks=1
		Data-local map tasks=82
		Rack-local map tasks=8
		Total time spent by all maps in occupied slots (ms)=2149754
		Total time spent by all reduces in occupied slots (ms)=339913
		Total time spent by all map tasks (ms)=2149754
		Total time spent by all reduce tasks (ms)=339913
		Total vcore-milliseconds taken by all map tasks=2149754
		Total vcore-milliseconds taken by all reduce tasks=339913
		Total megabyte-milliseconds taken by all map tasks=2201348096
		Total megabyte-milliseconds taken by all reduce tasks=348070912
	Map-Reduce Framework
		Map input records=1179594
		Map output records=1009901268
		Map output bytes=19265183218
		Map output materialized bytes=789509164
		Input split bytes=9630
		Combine input records=1034891965
		Combine output records=47597616
		Reduce input groups=9841803
		Reduce shuffle bytes=789509164
		Reduce input records=22606919
		Reduce output records=9841803
		Spilled Records=70882807
		Shuffled Maps =90
		Failed Shuffles=0
		Merged Map outputs=90
		GC time elapsed (ms)=33013
		CPU time spent (ms)=1999020
		Physical memory (bytes) snapshot=25042006016
		Virtual memory (bytes) snapshot=191974789120
		Total committed heap usage (bytes)=18917359616
	Shuffle Errors
		BAD_ID=0
		CONNECTION=0
		IO_ERROR=0
		WRONG_LENGTH=0
		WRONG_MAP=0
		WRONG_REDUCE=0
	File Input Format Counters 
		Bytes Read=11025659034
	File Output Format Counters 
		Bytes Written=472954036
20/06/16 14:12:08 INFO client.RMProxy: Connecting to ResourceManager at master/10.51.17.95:8032
20/06/16 14:12:08 INFO input.FileInputFormat: Total input paths to process : 1
20/06/16 14:12:09 INFO mapreduce.JobSubmitter: number of splits:4
20/06/16 14:12:09 INFO mapreduce.JobSubmitter: Submitting tokens for job: job_1592281298836_0009
20/06/16 14:12:09 INFO impl.YarnClientImpl: Submitted application application_1592281298836_0009
20/06/16 14:12:09 INFO mapreduce.Job: The url to track the job: http://master:8088/proxy/application_1592281298836_0009/
20/06/16 14:12:09 INFO mapreduce.Job: Running job: job_1592281298836_0009
20/06/16 14:12:18 INFO mapreduce.Job: Job job_1592281298836_0009 running in uber mode : false
20/06/16 14:12:18 INFO mapreduce.Job:  map 0% reduce 0%
20/06/16 14:12:27 INFO mapreduce.Job:  map 25% reduce 0%
20/06/16 14:12:28 INFO mapreduce.Job:  map 49% reduce 0%
20/06/16 14:12:29 INFO mapreduce.Job:  map 74% reduce 0%
20/06/16 14:12:31 INFO mapreduce.Job:  map 87% reduce 0%
20/06/16 14:12:32 INFO mapreduce.Job:  map 93% reduce 0%
20/06/16 14:12:33 INFO mapreduce.Job:  map 100% reduce 0%
20/06/16 14:12:37 INFO mapreduce.Job:  map 100% reduce 80%
20/06/16 14:12:40 INFO mapreduce.Job:  map 100% reduce 88%
20/06/16 14:12:43 INFO mapreduce.Job:  map 100% reduce 100%
20/06/16 14:12:44 INFO mapreduce.Job: Job job_1592281298836_0009 completed successfully
20/06/16 14:12:44 INFO mapreduce.Job: Counters: 51
	File System Counters
		FILE: Number of bytes read=754217147
		FILE: Number of bytes written=1164111408
		FILE: Number of read operations=0
		FILE: Number of large read operations=0
		FILE: Number of write operations=0
		HDFS: Number of bytes read=472959505
		HDFS: Number of bytes written=331204946
		HDFS: Number of read operations=19
		HDFS: Number of large read operations=0
		HDFS: Number of write operations=2
	Job Counters 
		Killed map tasks=1
		Launched map tasks=4
		Launched reduce tasks=1
		Data-local map tasks=2
		Rack-local map tasks=2
		Total time spent by all maps in occupied slots (ms)=36355
		Total time spent by all reduces in occupied slots (ms)=13401
		Total time spent by all map tasks (ms)=36355
		Total time spent by all reduce tasks (ms)=13401
		Total vcore-milliseconds taken by all map tasks=36355
		Total vcore-milliseconds taken by all reduce tasks=13401
		Total megabyte-milliseconds taken by all map tasks=37227520
		Total megabyte-milliseconds taken by all reduce tasks=13722624
	Map-Reduce Framework
		Map input records=9841803
		Map output records=9841803
		Map output bytes=389598846
		Map output materialized bytes=409282476
		Input split bytes=508
		Combine input records=0
		Combine output records=0
		Reduce input groups=1244
		Reduce shuffle bytes=409282476
		Reduce input records=9841803
		Reduce output records=9841803
		Spilled Records=28647293
		Shuffled Maps =4
		Failed Shuffles=0
		Merged Map outputs=4
		GC time elapsed (ms)=793
		CPU time spent (ms)=47540
		Physical memory (bytes) snapshot=1272688640
		Virtual memory (bytes) snapshot=10555363328
		Total committed heap usage (bytes)=940048384
	Shuffle Errors
		BAD_ID=0
		CONNECTION=0
		IO_ERROR=0
		WRONG_LENGTH=0
		WRONG_MAP=0
		WRONG_REDUCE=0
	File Input Format Counters 
		Bytes Read=472958997
	File Output Format Counters 
		Bytes Written=331204946
