20/06/14 22:13:11 INFO client.RMProxy: Connecting to ResourceManager at master/10.51.17.95:8032
20/06/14 22:13:12 INFO input.FileInputFormat: Total input paths to process : 10
20/06/14 22:13:12 INFO mapreduce.JobSubmitter: number of splits:90
20/06/14 22:13:12 INFO mapreduce.JobSubmitter: Submitting tokens for job: job_1592136775955_0013
20/06/14 22:13:12 INFO impl.YarnClientImpl: Submitted application application_1592136775955_0013
20/06/14 22:13:12 INFO mapreduce.Job: The url to track the job: http://master:8088/proxy/application_1592136775955_0013/
20/06/14 22:13:12 INFO mapreduce.Job: Running job: job_1592136775955_0013
20/06/14 22:13:17 INFO mapreduce.Job: Job job_1592136775955_0013 running in uber mode : false
20/06/14 22:13:17 INFO mapreduce.Job:  map 0% reduce 0%
20/06/14 22:13:27 INFO mapreduce.Job:  map 1% reduce 0%
20/06/14 22:13:33 INFO mapreduce.Job:  map 2% reduce 0%
20/06/14 22:13:39 INFO mapreduce.Job:  map 3% reduce 0%
20/06/14 22:13:44 INFO mapreduce.Job:  map 4% reduce 0%
20/06/14 22:13:48 INFO mapreduce.Job:  map 5% reduce 0%
20/06/14 22:13:54 INFO mapreduce.Job:  map 6% reduce 0%
20/06/14 22:13:57 INFO mapreduce.Job:  map 7% reduce 0%
20/06/14 22:13:59 INFO mapreduce.Job:  map 8% reduce 0%
20/06/14 22:14:08 INFO mapreduce.Job:  map 9% reduce 0%
20/06/14 22:14:10 INFO mapreduce.Job:  map 10% reduce 0%
20/06/14 22:14:19 INFO mapreduce.Job:  map 11% reduce 0%
20/06/14 22:14:22 INFO mapreduce.Job:  map 12% reduce 0%
20/06/14 22:14:28 INFO mapreduce.Job:  map 13% reduce 0%
20/06/14 22:14:34 INFO mapreduce.Job:  map 14% reduce 0%
20/06/14 22:14:35 INFO mapreduce.Job:  map 15% reduce 0%
20/06/14 22:14:39 INFO mapreduce.Job:  map 16% reduce 0%
20/06/14 22:14:45 INFO mapreduce.Job:  map 17% reduce 0%
20/06/14 22:14:50 INFO mapreduce.Job:  map 18% reduce 0%
20/06/14 22:14:57 INFO mapreduce.Job:  map 19% reduce 0%
20/06/14 22:15:02 INFO mapreduce.Job:  map 20% reduce 0%
20/06/14 22:15:08 INFO mapreduce.Job:  map 21% reduce 0%
20/06/14 22:15:10 INFO mapreduce.Job:  map 21% reduce 6%
20/06/14 22:15:12 INFO mapreduce.Job:  map 22% reduce 6%
20/06/14 22:15:13 INFO mapreduce.Job:  map 22% reduce 7%
20/06/14 22:15:20 INFO mapreduce.Job:  map 23% reduce 7%
20/06/14 22:15:24 INFO mapreduce.Job:  map 24% reduce 7%
20/06/14 22:15:25 INFO mapreduce.Job:  map 24% reduce 8%
20/06/14 22:15:32 INFO mapreduce.Job:  map 25% reduce 8%
20/06/14 22:15:37 INFO mapreduce.Job:  map 26% reduce 8%
20/06/14 22:15:43 INFO mapreduce.Job:  map 27% reduce 8%
20/06/14 22:15:49 INFO mapreduce.Job:  map 28% reduce 9%
20/06/14 22:15:54 INFO mapreduce.Job:  map 29% reduce 9%
20/06/14 22:16:00 INFO mapreduce.Job:  map 30% reduce 9%
20/06/14 22:16:01 INFO mapreduce.Job:  map 30% reduce 10%
20/06/14 22:16:06 INFO mapreduce.Job:  map 31% reduce 10%
20/06/14 22:16:12 INFO mapreduce.Job:  map 32% reduce 10%
20/06/14 22:16:20 INFO mapreduce.Job:  map 33% reduce 10%
20/06/14 22:16:25 INFO mapreduce.Job:  map 34% reduce 11%
20/06/14 22:16:30 INFO mapreduce.Job:  map 35% reduce 11%
20/06/14 22:16:35 INFO mapreduce.Job:  map 36% reduce 11%
20/06/14 22:16:37 INFO mapreduce.Job:  map 36% reduce 12%
20/06/14 22:16:42 INFO mapreduce.Job:  map 37% reduce 12%
20/06/14 22:16:49 INFO mapreduce.Job:  map 38% reduce 12%
20/06/14 22:16:56 INFO mapreduce.Job:  map 39% reduce 12%
20/06/14 22:16:59 INFO mapreduce.Job:  map 40% reduce 12%
20/06/14 22:17:01 INFO mapreduce.Job:  map 40% reduce 13%
20/06/14 22:17:05 INFO mapreduce.Job:  map 41% reduce 13%
20/06/14 22:17:12 INFO mapreduce.Job:  map 42% reduce 13%
20/06/14 22:17:16 INFO mapreduce.Job:  map 42% reduce 14%
20/06/14 22:17:17 INFO mapreduce.Job:  map 43% reduce 14%
20/06/14 22:17:24 INFO mapreduce.Job:  map 44% reduce 14%
20/06/14 22:17:30 INFO mapreduce.Job:  map 45% reduce 14%
20/06/14 22:17:36 INFO mapreduce.Job:  map 46% reduce 14%
20/06/14 22:17:40 INFO mapreduce.Job:  map 46% reduce 15%
20/06/14 22:17:42 INFO mapreduce.Job:  map 47% reduce 15%
20/06/14 22:17:46 INFO mapreduce.Job:  map 47% reduce 16%
20/06/14 22:17:48 INFO mapreduce.Job:  map 48% reduce 16%
20/06/14 22:17:53 INFO mapreduce.Job:  map 49% reduce 16%
20/06/14 22:17:59 INFO mapreduce.Job:  map 50% reduce 16%
20/06/14 22:18:07 INFO mapreduce.Job:  map 51% reduce 16%
20/06/14 22:18:12 INFO mapreduce.Job:  map 52% reduce 16%
20/06/14 22:18:13 INFO mapreduce.Job:  map 52% reduce 17%
20/06/14 22:18:16 INFO mapreduce.Job:  map 53% reduce 17%
20/06/14 22:18:24 INFO mapreduce.Job:  map 54% reduce 17%
20/06/14 22:18:29 INFO mapreduce.Job:  map 55% reduce 17%
20/06/14 22:18:31 INFO mapreduce.Job:  map 55% reduce 18%
20/06/14 22:18:33 INFO mapreduce.Job:  map 56% reduce 18%
20/06/14 22:18:42 INFO mapreduce.Job:  map 57% reduce 18%
20/06/14 22:18:48 INFO mapreduce.Job:  map 58% reduce 18%
20/06/14 22:18:50 INFO mapreduce.Job:  map 58% reduce 19%
20/06/14 22:18:55 INFO mapreduce.Job:  map 59% reduce 19%
20/06/14 22:19:01 INFO mapreduce.Job:  map 60% reduce 19%
20/06/14 22:19:05 INFO mapreduce.Job:  map 60% reduce 20%
20/06/14 22:19:08 INFO mapreduce.Job:  map 61% reduce 20%
20/06/14 22:19:13 INFO mapreduce.Job:  map 62% reduce 20%
20/06/14 22:19:21 INFO mapreduce.Job:  map 63% reduce 20%
20/06/14 22:19:26 INFO mapreduce.Job:  map 64% reduce 20%
20/06/14 22:19:29 INFO mapreduce.Job:  map 65% reduce 21%
20/06/14 22:19:37 INFO mapreduce.Job:  map 66% reduce 21%
20/06/14 22:19:40 INFO mapreduce.Job:  map 68% reduce 21%
20/06/14 22:19:41 INFO mapreduce.Job:  map 68% reduce 22%
20/06/14 22:19:43 INFO mapreduce.Job:  map 69% reduce 22%
20/06/14 22:19:44 INFO mapreduce.Job:  map 69% reduce 23%
20/06/14 22:19:47 INFO mapreduce.Job:  map 70% reduce 23%
20/06/14 22:19:50 INFO mapreduce.Job:  map 71% reduce 23%
20/06/14 22:19:52 INFO mapreduce.Job:  map 72% reduce 23%
20/06/14 22:19:53 INFO mapreduce.Job:  map 72% reduce 24%
20/06/14 22:19:54 INFO mapreduce.Job:  map 73% reduce 24%
20/06/14 22:20:03 INFO mapreduce.Job:  map 74% reduce 24%
20/06/14 22:20:07 INFO mapreduce.Job:  map 75% reduce 24%
20/06/14 22:20:15 INFO mapreduce.Job:  map 76% reduce 24%
20/06/14 22:20:23 INFO mapreduce.Job:  map 77% reduce 24%
20/06/14 22:20:25 INFO mapreduce.Job:  map 78% reduce 24%
20/06/14 22:20:27 INFO mapreduce.Job:  map 78% reduce 25%
20/06/14 22:20:30 INFO mapreduce.Job:  map 79% reduce 26%
20/06/14 22:20:38 INFO mapreduce.Job:  map 80% reduce 26%
20/06/14 22:20:44 INFO mapreduce.Job:  map 81% reduce 26%
20/06/14 22:20:52 INFO mapreduce.Job:  map 82% reduce 26%
20/06/14 22:20:55 INFO mapreduce.Job:  map 83% reduce 26%
20/06/14 22:20:57 INFO mapreduce.Job:  map 83% reduce 27%
20/06/14 22:21:01 INFO mapreduce.Job:  map 84% reduce 27%
20/06/14 22:21:06 INFO mapreduce.Job:  map 85% reduce 28%
20/06/14 22:21:13 INFO mapreduce.Job:  map 86% reduce 28%
20/06/14 22:21:18 INFO mapreduce.Job:  map 86% reduce 29%
20/06/14 22:21:19 INFO mapreduce.Job:  map 87% reduce 29%
20/06/14 22:21:25 INFO mapreduce.Job:  map 88% reduce 29%
20/06/14 22:21:32 INFO mapreduce.Job:  map 89% reduce 29%
20/06/14 22:21:37 INFO mapreduce.Job:  map 90% reduce 29%
20/06/14 22:21:39 INFO mapreduce.Job:  map 91% reduce 30%
20/06/14 22:21:47 INFO mapreduce.Job:  map 92% reduce 30%
20/06/14 22:21:52 INFO mapreduce.Job:  map 93% reduce 30%
20/06/14 22:21:55 INFO mapreduce.Job:  map 94% reduce 30%
20/06/14 22:21:57 INFO mapreduce.Job:  map 95% reduce 31%
20/06/14 22:21:59 INFO mapreduce.Job:  map 96% reduce 31%
20/06/14 22:22:06 INFO mapreduce.Job:  map 97% reduce 31%
20/06/14 22:22:07 INFO mapreduce.Job:  map 98% reduce 31%
20/06/14 22:22:09 INFO mapreduce.Job:  map 99% reduce 32%
20/06/14 22:22:10 INFO mapreduce.Job:  map 100% reduce 32%
20/06/14 22:22:12 INFO mapreduce.Job:  map 100% reduce 33%
20/06/14 22:22:15 INFO mapreduce.Job:  map 100% reduce 69%
20/06/14 22:22:18 INFO mapreduce.Job:  map 100% reduce 74%
20/06/14 22:22:21 INFO mapreduce.Job:  map 100% reduce 80%
20/06/14 22:22:24 INFO mapreduce.Job:  map 100% reduce 85%
20/06/14 22:22:27 INFO mapreduce.Job:  map 100% reduce 92%
20/06/14 22:22:29 INFO mapreduce.Job:  map 100% reduce 100%
20/06/14 22:22:30 INFO mapreduce.Job: Job job_1592136775955_0013 completed successfully
20/06/14 22:22:30 INFO mapreduce.Job: Counters: 51
	File System Counters
		FILE: Number of bytes read=1678539887
		FILE: Number of bytes written=2485951364
		FILE: Number of read operations=0
		FILE: Number of large read operations=0
		FILE: Number of write operations=0
		HDFS: Number of bytes read=11025489171
		HDFS: Number of bytes written=478962083
		HDFS: Number of read operations=273
		HDFS: Number of large read operations=0
		HDFS: Number of write operations=2
	Job Counters 
		Killed map tasks=1
		Launched map tasks=90
		Launched reduce tasks=1
		Data-local map tasks=72
		Rack-local map tasks=18
		Total time spent by all maps in occupied slots (ms)=2656062
		Total time spent by all reduces in occupied slots (ms)=447969
		Total time spent by all map tasks (ms)=2656062
		Total time spent by all reduce tasks (ms)=447969
		Total vcore-milliseconds taken by all map tasks=2656062
		Total vcore-milliseconds taken by all reduce tasks=447969
		Total megabyte-milliseconds taken by all map tasks=2719807488
		Total megabyte-milliseconds taken by all reduce tasks=458720256
	Map-Reduce Framework
		Map input records=722863
		Map output records=1009898365
		Map output bytes=19266912518
		Map output materialized bytes=796228371
		Input split bytes=10530
		Combine input records=1034883000
		Combine output records=47585714
		Reduce input groups=9843357
		Reduce shuffle bytes=796228371
		Reduce input records=22601079
		Reduce output records=9843357
		Spilled Records=70864387
		Shuffled Maps =90
		Failed Shuffles=0
		Merged Map outputs=90
		GC time elapsed (ms)=44076
		CPU time spent (ms)=2109150
		Physical memory (bytes) snapshot=25094729728
		Virtual memory (bytes) snapshot=192014028800
		Total committed heap usage (bytes)=18928893952
	Shuffle Errors
		BAD_ID=0
		CONNECTION=0
		IO_ERROR=0
		WRONG_LENGTH=0
		WRONG_MAP=0
		WRONG_REDUCE=0
	File Input Format Counters 
		Bytes Read=11025478641
	File Output Format Counters 
		Bytes Written=478962083
20/06/14 22:22:30 INFO client.RMProxy: Connecting to ResourceManager at master/10.51.17.95:8032
20/06/14 22:22:30 INFO input.FileInputFormat: Total input paths to process : 1
20/06/14 22:22:31 INFO mapreduce.JobSubmitter: number of splits:4
20/06/14 22:22:31 INFO mapreduce.JobSubmitter: Submitting tokens for job: job_1592136775955_0014
20/06/14 22:22:31 INFO impl.YarnClientImpl: Submitted application application_1592136775955_0014
20/06/14 22:22:31 INFO mapreduce.Job: The url to track the job: http://master:8088/proxy/application_1592136775955_0014/
20/06/14 22:22:31 INFO mapreduce.Job: Running job: job_1592136775955_0014
20/06/14 22:22:40 INFO mapreduce.Job: Job job_1592136775955_0014 running in uber mode : false
20/06/14 22:22:40 INFO mapreduce.Job:  map 0% reduce 0%
20/06/14 22:22:50 INFO mapreduce.Job:  map 25% reduce 0%
20/06/14 22:22:51 INFO mapreduce.Job:  map 32% reduce 0%
20/06/14 22:22:52 INFO mapreduce.Job:  map 59% reduce 0%
20/06/14 22:22:54 INFO mapreduce.Job:  map 74% reduce 0%
20/06/14 22:22:55 INFO mapreduce.Job:  map 80% reduce 0%
20/06/14 22:22:57 INFO mapreduce.Job:  map 92% reduce 0%
20/06/14 22:23:00 INFO mapreduce.Job:  map 100% reduce 25%
20/06/14 22:23:03 INFO mapreduce.Job:  map 100% reduce 79%
20/06/14 22:23:06 INFO mapreduce.Job:  map 100% reduce 92%
20/06/14 22:23:09 INFO mapreduce.Job:  map 100% reduce 100%
20/06/14 22:23:10 INFO mapreduce.Job: Job job_1592136775955_0014 completed successfully
20/06/14 22:23:10 INFO mapreduce.Job: Counters: 50
	File System Counters
		FILE: Number of bytes read=760598902
		FILE: Number of bytes written=1176435456
		FILE: Number of read operations=0
		FILE: Number of large read operations=0
		FILE: Number of write operations=0
		HDFS: Number of bytes read=478965914
		HDFS: Number of bytes written=337134894
		HDFS: Number of read operations=19
		HDFS: Number of large read operations=0
		HDFS: Number of write operations=2
	Job Counters 
		Killed map tasks=1
		Launched map tasks=5
		Launched reduce tasks=1
		Data-local map tasks=5
		Total time spent by all maps in occupied slots (ms)=60518
		Total time spent by all reduces in occupied slots (ms)=17391
		Total time spent by all map tasks (ms)=60518
		Total time spent by all reduce tasks (ms)=17391
		Total vcore-milliseconds taken by all map tasks=60518
		Total vcore-milliseconds taken by all reduce tasks=17391
		Total megabyte-milliseconds taken by all map tasks=61970432
		Total megabyte-milliseconds taken by all reduce tasks=17808384
	Map-Reduce Framework
		Map input records=9843357
		Map output records=9843357
		Map output bytes=395537981
		Map output materialized bytes=415224719
		Input split bytes=508
		Combine input records=0
		Combine output records=0
		Reduce input groups=1221
		Reduce shuffle bytes=415224719
		Reduce input records=9843357
		Reduce output records=9843357
		Spilled Records=28577084
		Shuffled Maps =4
		Failed Shuffles=0
		Merged Map outputs=4
		GC time elapsed (ms)=1742
		CPU time spent (ms)=44300
		Physical memory (bytes) snapshot=1271345152
		Virtual memory (bytes) snapshot=10589945856
		Total committed heap usage (bytes)=940048384
	Shuffle Errors
		BAD_ID=0
		CONNECTION=0
		IO_ERROR=0
		WRONG_LENGTH=0
		WRONG_MAP=0
		WRONG_REDUCE=0
	File Input Format Counters 
		Bytes Read=478965406
	File Output Format Counters 
		Bytes Written=337134894
