20/06/16 13:30:07 INFO client.RMProxy: Connecting to ResourceManager at master/10.51.17.95:8032
20/06/16 13:30:08 INFO input.FileInputFormat: Total input paths to process : 10
20/06/16 13:30:08 INFO mapreduce.JobSubmitter: number of splits:90
20/06/16 13:30:09 INFO mapreduce.JobSubmitter: Submitting tokens for job: job_1592281298836_0002
20/06/16 13:30:09 INFO impl.YarnClientImpl: Submitted application application_1592281298836_0002
20/06/16 13:30:09 INFO mapreduce.Job: The url to track the job: http://master:8088/proxy/application_1592281298836_0002/
20/06/16 13:30:09 INFO mapreduce.Job: Running job: job_1592281298836_0002
20/06/16 13:30:13 INFO mapreduce.Job: Job job_1592281298836_0002 running in uber mode : false
20/06/16 13:30:13 INFO mapreduce.Job:  map 0% reduce 0%
20/06/16 13:30:24 INFO mapreduce.Job:  map 1% reduce 0%
20/06/16 13:30:28 INFO mapreduce.Job:  map 2% reduce 0%
20/06/16 13:30:32 INFO mapreduce.Job:  map 3% reduce 0%
20/06/16 13:30:39 INFO mapreduce.Job:  map 4% reduce 0%
20/06/16 13:30:43 INFO mapreduce.Job:  map 5% reduce 0%
20/06/16 13:30:47 INFO mapreduce.Job:  map 6% reduce 0%
20/06/16 13:30:51 INFO mapreduce.Job:  map 7% reduce 0%
20/06/16 13:30:56 INFO mapreduce.Job:  map 8% reduce 0%
20/06/16 13:31:03 INFO mapreduce.Job:  map 9% reduce 0%
20/06/16 13:31:04 INFO mapreduce.Job:  map 10% reduce 0%
20/06/16 13:31:12 INFO mapreduce.Job:  map 11% reduce 0%
20/06/16 13:31:17 INFO mapreduce.Job:  map 12% reduce 0%
20/06/16 13:31:21 INFO mapreduce.Job:  map 13% reduce 0%
20/06/16 13:31:26 INFO mapreduce.Job:  map 14% reduce 0%
20/06/16 13:31:27 INFO mapreduce.Job:  map 15% reduce 0%
20/06/16 13:31:33 INFO mapreduce.Job:  map 16% reduce 0%
20/06/16 13:31:37 INFO mapreduce.Job:  map 17% reduce 0%
20/06/16 13:31:44 INFO mapreduce.Job:  map 18% reduce 0%
20/06/16 13:31:48 INFO mapreduce.Job:  map 19% reduce 0%
20/06/16 13:31:51 INFO mapreduce.Job:  map 20% reduce 0%
20/06/16 13:31:59 INFO mapreduce.Job:  map 21% reduce 0%
20/06/16 13:32:00 INFO mapreduce.Job:  map 22% reduce 0%
20/06/16 13:32:05 INFO mapreduce.Job:  map 23% reduce 0%
20/06/16 13:32:10 INFO mapreduce.Job:  map 23% reduce 7%
20/06/16 13:32:11 INFO mapreduce.Job:  map 24% reduce 7%
20/06/16 13:32:14 INFO mapreduce.Job:  map 25% reduce 7%
20/06/16 13:32:16 INFO mapreduce.Job:  map 25% reduce 8%
20/06/16 13:32:22 INFO mapreduce.Job:  map 26% reduce 8%
20/06/16 13:32:25 INFO mapreduce.Job:  map 27% reduce 8%
20/06/16 13:32:30 INFO mapreduce.Job:  map 28% reduce 8%
20/06/16 13:32:32 INFO mapreduce.Job:  map 28% reduce 9%
20/06/16 13:32:33 INFO mapreduce.Job:  map 29% reduce 9%
20/06/16 13:32:37 INFO mapreduce.Job:  map 30% reduce 9%
20/06/16 13:32:38 INFO mapreduce.Job:  map 30% reduce 10%
20/06/16 13:32:43 INFO mapreduce.Job:  map 31% reduce 10%
20/06/16 13:32:46 INFO mapreduce.Job:  map 32% reduce 10%
20/06/16 13:32:52 INFO mapreduce.Job:  map 33% reduce 10%
20/06/16 13:32:57 INFO mapreduce.Job:  map 34% reduce 10%
20/06/16 13:33:00 INFO mapreduce.Job:  map 35% reduce 10%
20/06/16 13:33:02 INFO mapreduce.Job:  map 35% reduce 11%
20/06/16 13:33:04 INFO mapreduce.Job:  map 36% reduce 11%
20/06/16 13:33:05 INFO mapreduce.Job:  map 36% reduce 12%
20/06/16 13:33:09 INFO mapreduce.Job:  map 37% reduce 12%
20/06/16 13:33:15 INFO mapreduce.Job:  map 38% reduce 12%
20/06/16 13:33:20 INFO mapreduce.Job:  map 39% reduce 12%
20/06/16 13:33:23 INFO mapreduce.Job:  map 40% reduce 12%
20/06/16 13:33:26 INFO mapreduce.Job:  map 40% reduce 13%
20/06/16 13:33:27 INFO mapreduce.Job:  map 41% reduce 13%
20/06/16 13:33:31 INFO mapreduce.Job:  map 42% reduce 13%
20/06/16 13:33:32 INFO mapreduce.Job:  map 42% reduce 14%
20/06/16 13:33:37 INFO mapreduce.Job:  map 43% reduce 14%
20/06/16 13:33:44 INFO mapreduce.Job:  map 44% reduce 14%
20/06/16 13:33:47 INFO mapreduce.Job:  map 45% reduce 14%
20/06/16 13:33:51 INFO mapreduce.Job:  map 46% reduce 14%
20/06/16 13:33:54 INFO mapreduce.Job:  map 46% reduce 15%
20/06/16 13:33:55 INFO mapreduce.Job:  map 47% reduce 15%
20/06/16 13:34:00 INFO mapreduce.Job:  map 47% reduce 16%
20/06/16 13:34:01 INFO mapreduce.Job:  map 48% reduce 16%
20/06/16 13:34:07 INFO mapreduce.Job:  map 49% reduce 16%
20/06/16 13:34:10 INFO mapreduce.Job:  map 50% reduce 16%
20/06/16 13:34:16 INFO mapreduce.Job:  map 51% reduce 16%
20/06/16 13:34:18 INFO mapreduce.Job:  map 52% reduce 16%
20/06/16 13:34:21 INFO mapreduce.Job:  map 52% reduce 17%
20/06/16 13:34:24 INFO mapreduce.Job:  map 53% reduce 17%
20/06/16 13:34:28 INFO mapreduce.Job:  map 54% reduce 17%
20/06/16 13:34:33 INFO mapreduce.Job:  map 55% reduce 17%
20/06/16 13:34:36 INFO mapreduce.Job:  map 55% reduce 18%
20/06/16 13:34:39 INFO mapreduce.Job:  map 56% reduce 18%
20/06/16 13:34:42 INFO mapreduce.Job:  map 57% reduce 18%
20/06/16 13:34:48 INFO mapreduce.Job:  map 58% reduce 19%
20/06/16 13:34:51 INFO mapreduce.Job:  map 59% reduce 19%
20/06/16 13:34:57 INFO mapreduce.Job:  map 60% reduce 19%
20/06/16 13:35:00 INFO mapreduce.Job:  map 61% reduce 20%
20/06/16 13:35:06 INFO mapreduce.Job:  map 62% reduce 20%
20/06/16 13:35:11 INFO mapreduce.Job:  map 63% reduce 20%
20/06/16 13:35:15 INFO mapreduce.Job:  map 64% reduce 20%
20/06/16 13:35:19 INFO mapreduce.Job:  map 64% reduce 21%
20/06/16 13:35:21 INFO mapreduce.Job:  map 65% reduce 21%
20/06/16 13:35:22 INFO mapreduce.Job:  map 66% reduce 21%
20/06/16 13:35:25 INFO mapreduce.Job:  map 66% reduce 22%
20/06/16 13:35:30 INFO mapreduce.Job:  map 67% reduce 22%
20/06/16 13:35:34 INFO mapreduce.Job:  map 68% reduce 22%
20/06/16 13:35:40 INFO mapreduce.Job:  map 69% reduce 22%
20/06/16 13:35:43 INFO mapreduce.Job:  map 70% reduce 22%
20/06/16 13:35:46 INFO mapreduce.Job:  map 71% reduce 23%
20/06/16 13:35:49 INFO mapreduce.Job:  map 71% reduce 24%
20/06/16 13:35:53 INFO mapreduce.Job:  map 72% reduce 24%
20/06/16 13:35:57 INFO mapreduce.Job:  map 73% reduce 24%
20/06/16 13:35:58 INFO mapreduce.Job:  map 74% reduce 24%
20/06/16 13:36:04 INFO mapreduce.Job:  map 75% reduce 24%
20/06/16 13:36:06 INFO mapreduce.Job:  map 76% reduce 24%
20/06/16 13:36:07 INFO mapreduce.Job:  map 77% reduce 24%
20/06/16 13:36:10 INFO mapreduce.Job:  map 77% reduce 25%
20/06/16 13:36:13 INFO mapreduce.Job:  map 78% reduce 26%
20/06/16 13:36:16 INFO mapreduce.Job:  map 79% reduce 26%
20/06/16 13:36:18 INFO mapreduce.Job:  map 81% reduce 26%
20/06/16 13:36:19 INFO mapreduce.Job:  map 81% reduce 27%
20/06/16 13:36:26 INFO mapreduce.Job:  map 82% reduce 27%
20/06/16 13:36:30 INFO mapreduce.Job:  map 83% reduce 27%
20/06/16 13:36:33 INFO mapreduce.Job:  map 84% reduce 27%
20/06/16 13:36:40 INFO mapreduce.Job:  map 85% reduce 27%
20/06/16 13:36:43 INFO mapreduce.Job:  map 85% reduce 28%
20/06/16 13:36:44 INFO mapreduce.Job:  map 86% reduce 28%
20/06/16 13:36:48 INFO mapreduce.Job:  map 87% reduce 28%
20/06/16 13:36:50 INFO mapreduce.Job:  map 87% reduce 29%
20/06/16 13:36:54 INFO mapreduce.Job:  map 88% reduce 29%
20/06/16 13:36:59 INFO mapreduce.Job:  map 89% reduce 29%
20/06/16 13:37:03 INFO mapreduce.Job:  map 90% reduce 29%
20/06/16 13:37:09 INFO mapreduce.Job:  map 91% reduce 29%
20/06/16 13:37:12 INFO mapreduce.Job:  map 91% reduce 30%
20/06/16 13:37:13 INFO mapreduce.Job:  map 92% reduce 30%
20/06/16 13:37:16 INFO mapreduce.Job:  map 93% reduce 30%
20/06/16 13:37:18 INFO mapreduce.Job:  map 93% reduce 31%
20/06/16 13:37:19 INFO mapreduce.Job:  map 94% reduce 31%
20/06/16 13:37:23 INFO mapreduce.Job:  map 96% reduce 31%
20/06/16 13:37:24 INFO mapreduce.Job:  map 97% reduce 31%
20/06/16 13:37:25 INFO mapreduce.Job:  map 98% reduce 31%
20/06/16 13:37:27 INFO mapreduce.Job:  map 98% reduce 33%
20/06/16 13:37:28 INFO mapreduce.Job:  map 99% reduce 33%
20/06/16 13:37:29 INFO mapreduce.Job:  map 100% reduce 33%
20/06/16 13:37:30 INFO mapreduce.Job:  map 100% reduce 52%
20/06/16 13:37:33 INFO mapreduce.Job:  map 100% reduce 71%
20/06/16 13:37:36 INFO mapreduce.Job:  map 100% reduce 77%
20/06/16 13:37:39 INFO mapreduce.Job:  map 100% reduce 81%
20/06/16 13:37:42 INFO mapreduce.Job:  map 100% reduce 87%
20/06/16 13:37:45 INFO mapreduce.Job:  map 100% reduce 95%
20/06/16 13:37:46 INFO mapreduce.Job:  map 100% reduce 100%
20/06/16 13:37:47 INFO mapreduce.Job: Job job_1592281298836_0002 completed successfully
20/06/16 13:37:47 INFO mapreduce.Job: Counters: 51
	File System Counters
		FILE: Number of bytes read=1664983330
		FILE: Number of bytes written=2465674599
		FILE: Number of read operations=0
		FILE: Number of large read operations=0
		FILE: Number of write operations=0
		HDFS: Number of bytes read=11025668664
		HDFS: Number of bytes written=472954036
		HDFS: Number of read operations=273
		HDFS: Number of large read operations=0
		HDFS: Number of write operations=2
	Job Counters 
		Killed map tasks=1
		Launched map tasks=91
		Launched reduce tasks=1
		Data-local map tasks=80
		Rack-local map tasks=11
		Total time spent by all maps in occupied slots (ms)=2184338
		Total time spent by all reduces in occupied slots (ms)=346168
		Total time spent by all map tasks (ms)=2184338
		Total time spent by all reduce tasks (ms)=346168
		Total vcore-milliseconds taken by all map tasks=2184338
		Total vcore-milliseconds taken by all reduce tasks=346168
		Total megabyte-milliseconds taken by all map tasks=2236762112
		Total megabyte-milliseconds taken by all reduce tasks=354476032
	Map-Reduce Framework
		Map input records=1179594
		Map output records=1009901268
		Map output bytes=19265183218
		Map output materialized bytes=789509164
		Input split bytes=9630
		Combine input records=1034891965
		Combine output records=47597616
		Reduce input groups=9841803
		Reduce shuffle bytes=789509164
		Reduce input records=22606919
		Reduce output records=9841803
		Spilled Records=70882807
		Shuffled Maps =90
		Failed Shuffles=0
		Merged Map outputs=90
		GC time elapsed (ms)=33400
		CPU time spent (ms)=2015110
		Physical memory (bytes) snapshot=25100754944
		Virtual memory (bytes) snapshot=192003608576
		Total committed heap usage (bytes)=18928893952
	Shuffle Errors
		BAD_ID=0
		CONNECTION=0
		IO_ERROR=0
		WRONG_LENGTH=0
		WRONG_MAP=0
		WRONG_REDUCE=0
	File Input Format Counters 
		Bytes Read=11025659034
	File Output Format Counters 
		Bytes Written=472954036
20/06/16 13:37:47 INFO client.RMProxy: Connecting to ResourceManager at master/10.51.17.95:8032
20/06/16 13:37:47 INFO input.FileInputFormat: Total input paths to process : 1
20/06/16 13:37:47 INFO mapreduce.JobSubmitter: number of splits:4
20/06/16 13:37:47 INFO mapreduce.JobSubmitter: Submitting tokens for job: job_1592281298836_0003
20/06/16 13:37:48 INFO impl.YarnClientImpl: Submitted application application_1592281298836_0003
20/06/16 13:37:48 INFO mapreduce.Job: The url to track the job: http://master:8088/proxy/application_1592281298836_0003/
20/06/16 13:37:48 INFO mapreduce.Job: Running job: job_1592281298836_0003
20/06/16 13:37:56 INFO mapreduce.Job: Job job_1592281298836_0003 running in uber mode : false
20/06/16 13:37:56 INFO mapreduce.Job:  map 0% reduce 0%
20/06/16 13:38:06 INFO mapreduce.Job:  map 12% reduce 0%
20/06/16 13:38:07 INFO mapreduce.Job:  map 48% reduce 0%
20/06/16 13:38:09 INFO mapreduce.Job:  map 78% reduce 0%
20/06/16 13:38:10 INFO mapreduce.Job:  map 84% reduce 0%
20/06/16 13:38:11 INFO mapreduce.Job:  map 100% reduce 0%
20/06/16 13:38:17 INFO mapreduce.Job:  map 100% reduce 82%
20/06/16 13:38:20 INFO mapreduce.Job:  map 100% reduce 89%
20/06/16 13:38:22 INFO mapreduce.Job:  map 100% reduce 100%
20/06/16 13:38:23 INFO mapreduce.Job: Job job_1592281298836_0003 completed successfully
20/06/16 13:38:23 INFO mapreduce.Job: Counters: 51
	File System Counters
		FILE: Number of bytes read=754217147
		FILE: Number of bytes written=1164111403
		FILE: Number of read operations=0
		FILE: Number of large read operations=0
		FILE: Number of write operations=0
		HDFS: Number of bytes read=472959501
		HDFS: Number of bytes written=331204946
		HDFS: Number of read operations=19
		HDFS: Number of large read operations=0
		HDFS: Number of write operations=2
	Job Counters 
		Killed map tasks=1
		Launched map tasks=5
		Launched reduce tasks=1
		Data-local map tasks=2
		Rack-local map tasks=3
		Total time spent by all maps in occupied slots (ms)=39048
		Total time spent by all reduces in occupied slots (ms)=12776
		Total time spent by all map tasks (ms)=39048
		Total time spent by all reduce tasks (ms)=12776
		Total vcore-milliseconds taken by all map tasks=39048
		Total vcore-milliseconds taken by all reduce tasks=12776
		Total megabyte-milliseconds taken by all map tasks=39985152
		Total megabyte-milliseconds taken by all reduce tasks=13082624
	Map-Reduce Framework
		Map input records=9841803
		Map output records=9841803
		Map output bytes=389598846
		Map output materialized bytes=409282476
		Input split bytes=504
		Combine input records=0
		Combine output records=0
		Reduce input groups=1244
		Reduce shuffle bytes=409282476
		Reduce input records=9841803
		Reduce output records=9841803
		Spilled Records=28647293
		Shuffled Maps =4
		Failed Shuffles=0
		Merged Map outputs=4
		GC time elapsed (ms)=957
		CPU time spent (ms)=48770
		Physical memory (bytes) snapshot=1276870656
		Virtual memory (bytes) snapshot=10584862720
		Total committed heap usage (bytes)=940048384
	Shuffle Errors
		BAD_ID=0
		CONNECTION=0
		IO_ERROR=0
		WRONG_LENGTH=0
		WRONG_MAP=0
		WRONG_REDUCE=0
	File Input Format Counters 
		Bytes Read=472958997
	File Output Format Counters 
		Bytes Written=331204946
