20/06/14 21:43:30 INFO client.RMProxy: Connecting to ResourceManager at master/10.51.17.95:8032
20/06/14 21:43:31 INFO client.RMProxy: Connecting to ResourceManager at master/10.51.17.95:8032
20/06/14 21:43:31 INFO input.FileInputFormat: Total input paths to process : 10
20/06/14 21:43:31 INFO mapreduce.JobSubmitter: number of splits:80
20/06/14 21:43:32 INFO mapreduce.JobSubmitter: Submitting tokens for job: job_1592136775955_0008
20/06/14 21:43:32 INFO impl.YarnClientImpl: Submitted application application_1592136775955_0008
20/06/14 21:43:32 INFO mapreduce.Job: The url to track the job: http://master:8088/proxy/application_1592136775955_0008/
20/06/14 21:43:32 INFO mapreduce.Job: Running job: job_1592136775955_0008
20/06/14 21:43:40 INFO mapreduce.Job: Job job_1592136775955_0008 running in uber mode : false
20/06/14 21:43:40 INFO mapreduce.Job:  map 0% reduce 0%
20/06/14 21:43:46 INFO mapreduce.Job:  map 3% reduce 0%
20/06/14 21:43:48 INFO mapreduce.Job:  map 4% reduce 0%
20/06/14 21:43:49 INFO mapreduce.Job:  map 9% reduce 0%
20/06/14 21:43:50 INFO mapreduce.Job:  map 10% reduce 0%
20/06/14 21:43:53 INFO mapreduce.Job:  map 11% reduce 0%
20/06/14 21:43:55 INFO mapreduce.Job:  map 13% reduce 0%
20/06/14 21:43:59 INFO mapreduce.Job:  map 14% reduce 0%
20/06/14 21:44:03 INFO mapreduce.Job:  map 15% reduce 0%
20/06/14 21:44:05 INFO mapreduce.Job:  map 16% reduce 0%
20/06/14 21:44:06 INFO mapreduce.Job:  map 18% reduce 0%
20/06/14 21:44:07 INFO mapreduce.Job:  map 19% reduce 0%
20/06/14 21:44:09 INFO mapreduce.Job:  map 20% reduce 0%
20/06/14 21:44:12 INFO mapreduce.Job:  map 21% reduce 0%
20/06/14 21:44:16 INFO mapreduce.Job:  map 22% reduce 0%
20/06/14 21:44:17 INFO mapreduce.Job:  map 23% reduce 2%
20/06/14 21:44:19 INFO mapreduce.Job:  map 24% reduce 2%
20/06/14 21:44:20 INFO mapreduce.Job:  map 25% reduce 2%
20/06/14 21:44:22 INFO mapreduce.Job:  map 26% reduce 2%
20/06/14 21:44:23 INFO mapreduce.Job:  map 27% reduce 3%
20/06/14 21:44:31 INFO mapreduce.Job:  map 28% reduce 3%
20/06/14 21:44:35 INFO mapreduce.Job:  map 29% reduce 3%
20/06/14 21:44:37 INFO mapreduce.Job:  map 30% reduce 3%
20/06/14 21:44:38 INFO mapreduce.Job:  map 31% reduce 3%
20/06/14 21:44:44 INFO mapreduce.Job:  map 34% reduce 3%
20/06/14 21:44:45 INFO mapreduce.Job:  map 35% reduce 3%
20/06/14 21:44:47 INFO mapreduce.Job:  map 35% reduce 4%
20/06/14 21:44:50 INFO mapreduce.Job:  map 36% reduce 4%
20/06/14 21:44:53 INFO mapreduce.Job:  map 37% reduce 4%
20/06/14 21:44:54 INFO mapreduce.Job:  map 38% reduce 4%
20/06/14 21:44:56 INFO mapreduce.Job:  map 39% reduce 7%
20/06/14 21:45:02 INFO mapreduce.Job:  map 40% reduce 7%
20/06/14 21:45:08 INFO mapreduce.Job:  map 40% reduce 8%
20/06/14 21:45:09 INFO mapreduce.Job:  map 41% reduce 8%
20/06/14 21:45:14 INFO mapreduce.Job:  map 42% reduce 8%
20/06/14 21:45:15 INFO mapreduce.Job:  map 43% reduce 8%
20/06/14 21:45:21 INFO mapreduce.Job:  map 44% reduce 8%
20/06/14 21:45:23 INFO mapreduce.Job:  map 45% reduce 8%
20/06/14 21:45:24 INFO mapreduce.Job:  map 45% reduce 9%
20/06/14 21:45:30 INFO mapreduce.Job:  map 46% reduce 9%
20/06/14 21:45:33 INFO mapreduce.Job:  map 46% reduce 10%
20/06/14 21:45:34 INFO mapreduce.Job:  map 47% reduce 10%
20/06/14 21:45:39 INFO mapreduce.Job:  map 48% reduce 10%
20/06/14 21:45:42 INFO mapreduce.Job:  map 49% reduce 10%
20/06/14 21:45:48 INFO mapreduce.Job:  map 50% reduce 11%
20/06/14 21:45:51 INFO mapreduce.Job:  map 51% reduce 11%
20/06/14 21:45:54 INFO mapreduce.Job:  map 52% reduce 11%
20/06/14 21:45:59 INFO mapreduce.Job:  map 53% reduce 11%
20/06/14 21:46:03 INFO mapreduce.Job:  map 54% reduce 11%
20/06/14 21:46:06 INFO mapreduce.Job:  map 54% reduce 12%
20/06/14 21:46:08 INFO mapreduce.Job:  map 55% reduce 12%
20/06/14 21:46:12 INFO mapreduce.Job:  map 56% reduce 12%
20/06/14 21:46:18 INFO mapreduce.Job:  map 57% reduce 13%
20/06/14 21:46:24 INFO mapreduce.Job:  map 58% reduce 13%
20/06/14 21:46:25 INFO mapreduce.Job:  map 59% reduce 13%
20/06/14 21:46:28 INFO mapreduce.Job:  map 60% reduce 13%
20/06/14 21:46:33 INFO mapreduce.Job:  map 60% reduce 14%
20/06/14 21:46:34 INFO mapreduce.Job:  map 61% reduce 14%
20/06/14 21:46:37 INFO mapreduce.Job:  map 62% reduce 14%
20/06/14 21:46:40 INFO mapreduce.Job:  map 63% reduce 14%
20/06/14 21:46:42 INFO mapreduce.Job:  map 63% reduce 15%
20/06/14 21:46:43 INFO mapreduce.Job:  map 64% reduce 15%
20/06/14 21:46:50 INFO mapreduce.Job:  map 65% reduce 15%
20/06/14 21:46:51 INFO mapreduce.Job:  map 66% reduce 16%
20/06/14 21:46:55 INFO mapreduce.Job:  map 67% reduce 16%
20/06/14 21:46:56 INFO mapreduce.Job:  map 68% reduce 16%
20/06/14 21:47:03 INFO mapreduce.Job:  map 70% reduce 17%
20/06/14 21:47:06 INFO mapreduce.Job:  map 71% reduce 17%
20/06/14 21:47:09 INFO mapreduce.Job:  map 71% reduce 18%
20/06/14 21:47:16 INFO mapreduce.Job:  map 72% reduce 18%
20/06/14 21:47:28 INFO mapreduce.Job:  map 73% reduce 19%
20/06/14 21:47:39 INFO mapreduce.Job:  map 74% reduce 19%
20/06/14 21:47:43 INFO mapreduce.Job:  map 75% reduce 19%
20/06/14 21:47:49 INFO mapreduce.Job:  map 75% reduce 20%
20/06/14 21:47:54 INFO mapreduce.Job:  map 76% reduce 21%
20/06/14 21:47:59 INFO mapreduce.Job:  map 77% reduce 21%
20/06/14 21:48:02 INFO mapreduce.Job:  map 79% reduce 21%
20/06/14 21:48:04 INFO mapreduce.Job:  map 79% reduce 22%
20/06/14 21:48:18 INFO mapreduce.Job:  map 80% reduce 22%
20/06/14 21:48:19 INFO mapreduce.Job:  map 82% reduce 23%
20/06/14 21:48:28 INFO mapreduce.Job:  map 83% reduce 23%
20/06/14 21:48:46 INFO mapreduce.Job:  map 83% reduce 24%
20/06/14 21:48:50 INFO mapreduce.Job:  map 84% reduce 24%
20/06/14 21:48:51 INFO mapreduce.Job:  map 86% reduce 24%
20/06/14 21:49:00 INFO mapreduce.Job:  map 86% reduce 25%
20/06/14 21:49:03 INFO mapreduce.Job:  map 88% reduce 25%
20/06/14 21:49:05 INFO mapreduce.Job:  map 89% reduce 25%
20/06/14 21:49:09 INFO mapreduce.Job:  map 89% reduce 26%
20/06/14 21:49:14 INFO mapreduce.Job:  map 90% reduce 26%
20/06/14 21:49:16 INFO mapreduce.Job:  map 90% reduce 27%
20/06/14 21:49:17 INFO mapreduce.Job:  map 91% reduce 27%
20/06/14 21:49:19 INFO mapreduce.Job:  map 91% reduce 28%
20/06/14 21:49:20 INFO mapreduce.Job:  map 92% reduce 28%
20/06/14 21:49:26 INFO mapreduce.Job:  map 93% reduce 28%
20/06/14 21:49:30 INFO mapreduce.Job:  map 93% reduce 29%
20/06/14 21:49:40 INFO mapreduce.Job:  map 93% reduce 30%
20/06/14 21:49:50 INFO mapreduce.Job:  map 94% reduce 30%
20/06/14 21:49:57 INFO mapreduce.Job:  map 94% reduce 31%
20/06/14 21:50:18 INFO mapreduce.Job:  map 95% reduce 31%
20/06/14 21:50:23 INFO mapreduce.Job:  map 96% reduce 31%
20/06/14 21:50:30 INFO mapreduce.Job:  map 96% reduce 32%
20/06/14 21:50:33 INFO mapreduce.Job:  map 97% reduce 32%
20/06/14 21:50:36 INFO mapreduce.Job:  map 98% reduce 32%
20/06/14 21:50:39 INFO mapreduce.Job:  map 98% reduce 33%
20/06/14 21:50:40 INFO mapreduce.Job:  map 99% reduce 33%
20/06/14 21:50:42 INFO mapreduce.Job:  map 100% reduce 33%
20/06/14 21:50:45 INFO mapreduce.Job:  map 100% reduce 36%
20/06/14 21:50:47 INFO mapreduce.Job:  map 100% reduce 39%
20/06/14 21:50:48 INFO mapreduce.Job:  map 100% reduce 42%
20/06/14 21:50:50 INFO mapreduce.Job:  map 100% reduce 44%
20/06/14 21:50:51 INFO mapreduce.Job:  map 100% reduce 45%
20/06/14 21:50:53 INFO mapreduce.Job:  map 100% reduce 46%
20/06/14 21:50:59 INFO mapreduce.Job:  map 100% reduce 53%
20/06/14 21:51:00 INFO mapreduce.Job:  map 100% reduce 60%
20/06/14 21:51:02 INFO mapreduce.Job:  map 100% reduce 61%
20/06/14 21:51:08 INFO mapreduce.Job:  map 100% reduce 62%
20/06/14 21:51:09 INFO mapreduce.Job:  map 100% reduce 68%
20/06/14 21:51:14 INFO mapreduce.Job:  map 100% reduce 69%
20/06/14 21:51:15 INFO mapreduce.Job:  map 100% reduce 70%
20/06/14 21:51:18 INFO mapreduce.Job:  map 100% reduce 71%
20/06/14 21:51:33 INFO mapreduce.Job:  map 100% reduce 72%
20/06/14 21:51:40 INFO mapreduce.Job:  map 100% reduce 73%
20/06/14 21:51:42 INFO mapreduce.Job:  map 100% reduce 74%
20/06/14 21:51:46 INFO mapreduce.Job:  map 100% reduce 75%
20/06/14 21:51:58 INFO mapreduce.Job:  map 100% reduce 76%
20/06/14 21:52:01 INFO mapreduce.Job:  map 100% reduce 77%
20/06/14 21:52:06 INFO mapreduce.Job:  map 100% reduce 78%
20/06/14 21:52:10 INFO mapreduce.Job:  map 100% reduce 79%
20/06/14 21:52:12 INFO mapreduce.Job:  map 100% reduce 80%
20/06/14 21:52:24 INFO mapreduce.Job:  map 100% reduce 81%
20/06/14 21:52:25 INFO mapreduce.Job:  map 100% reduce 82%
20/06/14 21:52:27 INFO mapreduce.Job:  map 100% reduce 83%
20/06/14 21:52:31 INFO mapreduce.Job:  map 100% reduce 84%
20/06/14 21:52:45 INFO mapreduce.Job:  map 100% reduce 85%
20/06/14 21:52:46 INFO mapreduce.Job:  map 100% reduce 87%
20/06/14 21:52:52 INFO mapreduce.Job:  map 100% reduce 88%
20/06/14 21:53:01 INFO mapreduce.Job:  map 100% reduce 89%
20/06/14 21:53:07 INFO mapreduce.Job:  map 100% reduce 90%
20/06/14 21:53:13 INFO mapreduce.Job:  map 100% reduce 91%
20/06/14 21:53:16 INFO mapreduce.Job:  map 100% reduce 92%
20/06/14 21:53:28 INFO mapreduce.Job:  map 100% reduce 93%
20/06/14 21:53:31 INFO mapreduce.Job:  map 100% reduce 94%
20/06/14 21:53:37 INFO mapreduce.Job:  map 100% reduce 95%
20/06/14 21:53:40 INFO mapreduce.Job:  map 100% reduce 96%
20/06/14 21:53:43 INFO mapreduce.Job:  map 100% reduce 97%
20/06/14 21:53:52 INFO mapreduce.Job:  map 100% reduce 98%
20/06/14 21:53:58 INFO mapreduce.Job:  map 100% reduce 99%
20/06/14 21:54:01 INFO mapreduce.Job:  map 100% reduce 100%
20/06/14 21:54:06 INFO mapreduce.Job: Job job_1592136775955_0008 completed successfully
20/06/14 21:54:06 INFO mapreduce.Job: Counters: 50
	File System Counters
		FILE: Number of bytes read=31976115870
		FILE: Number of bytes written=42736643802
		FILE: Number of read operations=0
		FILE: Number of large read operations=0
		FILE: Number of write operations=0
		HDFS: Number of bytes read=10774172498
		HDFS: Number of bytes written=10772839239
		HDFS: Number of read operations=329
		HDFS: Number of large read operations=0
		HDFS: Number of write operations=6
	Job Counters 
		Launched map tasks=80
		Launched reduce tasks=3
		Data-local map tasks=50
		Rack-local map tasks=30
		Total time spent by all maps in occupied slots (ms)=1344268
		Total time spent by all reduces in occupied slots (ms)=1558317
		Total time spent by all map tasks (ms)=1344268
		Total time spent by all reduce tasks (ms)=1558317
		Total vcore-milliseconds taken by all map tasks=1344268
		Total vcore-milliseconds taken by all reduce tasks=1558317
		Total megabyte-milliseconds taken by all map tasks=1376530432
		Total megabyte-milliseconds taken by all reduce tasks=1595716608
	Map-Reduce Framework
		Map input records=1022481
		Map output records=1022481
		Map output bytes=10745643943
		Map output materialized bytes=10751392987
		Input split bytes=9040
		Combine input records=0
		Combine output records=0
		Reduce input groups=1022481
		Reduce shuffle bytes=10751392987
		Reduce input records=1022481
		Reduce output records=1022481
		Spilled Records=4063567
		Shuffled Maps =240
		Failed Shuffles=0
		Merged Map outputs=240
		GC time elapsed (ms)=8515
		CPU time spent (ms)=251700
		Physical memory (bytes) snapshot=22127198208
		Virtual memory (bytes) snapshot=175123939328
		Total committed heap usage (bytes)=16491479040
	Shuffle Errors
		BAD_ID=0
		CONNECTION=0
		IO_ERROR=0
		WRONG_LENGTH=0
		WRONG_MAP=0
		WRONG_REDUCE=0
	File Input Format Counters 
		Bytes Read=10774163458
	File Output Format Counters 
		Bytes Written=10772839239
