20/06/14 23:01:01 INFO client.RMProxy: Connecting to ResourceManager at master/10.51.17.95:8032
20/06/14 23:01:02 INFO client.RMProxy: Connecting to ResourceManager at master/10.51.17.95:8032
20/06/14 23:01:02 INFO input.FileInputFormat: Total input paths to process : 10
20/06/14 23:01:02 INFO mapreduce.JobSubmitter: number of splits:80
20/06/14 23:01:02 INFO mapreduce.JobSubmitter: Submitting tokens for job: job_1592136775955_0024
20/06/14 23:01:03 INFO impl.YarnClientImpl: Submitted application application_1592136775955_0024
20/06/14 23:01:03 INFO mapreduce.Job: The url to track the job: http://master:8088/proxy/application_1592136775955_0024/
20/06/14 23:01:03 INFO mapreduce.Job: Running job: job_1592136775955_0024
20/06/14 23:01:10 INFO mapreduce.Job: Job job_1592136775955_0024 running in uber mode : false
20/06/14 23:01:10 INFO mapreduce.Job:  map 0% reduce 0%
20/06/14 23:01:15 INFO mapreduce.Job:  map 3% reduce 0%
20/06/14 23:01:18 INFO mapreduce.Job:  map 6% reduce 0%
20/06/14 23:01:19 INFO mapreduce.Job:  map 10% reduce 0%
20/06/14 23:01:23 INFO mapreduce.Job:  map 13% reduce 0%
20/06/14 23:01:27 INFO mapreduce.Job:  map 15% reduce 0%
20/06/14 23:01:28 INFO mapreduce.Job:  map 16% reduce 0%
20/06/14 23:01:29 INFO mapreduce.Job:  map 19% reduce 0%
20/06/14 23:01:31 INFO mapreduce.Job:  map 20% reduce 0%
20/06/14 23:01:33 INFO mapreduce.Job:  map 21% reduce 0%
20/06/14 23:01:35 INFO mapreduce.Job:  map 24% reduce 0%
20/06/14 23:01:38 INFO mapreduce.Job:  map 25% reduce 0%
20/06/14 23:01:40 INFO mapreduce.Job:  map 26% reduce 3%
20/06/14 23:01:42 INFO mapreduce.Job:  map 27% reduce 3%
20/06/14 23:01:44 INFO mapreduce.Job:  map 29% reduce 3%
20/06/14 23:01:46 INFO mapreduce.Job:  map 31% reduce 3%
20/06/14 23:01:48 INFO mapreduce.Job:  map 32% reduce 3%
20/06/14 23:01:49 INFO mapreduce.Job:  map 35% reduce 3%
20/06/14 23:01:52 INFO mapreduce.Job:  map 35% reduce 4%
20/06/14 23:01:53 INFO mapreduce.Job:  map 36% reduce 4%
20/06/14 23:01:54 INFO mapreduce.Job:  map 38% reduce 4%
20/06/14 23:01:55 INFO mapreduce.Job:  map 39% reduce 4%
20/06/14 23:01:57 INFO mapreduce.Job:  map 40% reduce 4%
20/06/14 23:01:58 INFO mapreduce.Job:  map 41% reduce 4%
20/06/14 23:02:00 INFO mapreduce.Job:  map 43% reduce 4%
20/06/14 23:02:01 INFO mapreduce.Job:  map 43% reduce 5%
20/06/14 23:02:03 INFO mapreduce.Job:  map 43% reduce 8%
20/06/14 23:02:05 INFO mapreduce.Job:  map 45% reduce 8%
20/06/14 23:02:06 INFO mapreduce.Job:  map 45% reduce 9%
20/06/14 23:02:07 INFO mapreduce.Job:  map 46% reduce 9%
20/06/14 23:02:09 INFO mapreduce.Job:  map 47% reduce 10%
20/06/14 23:02:13 INFO mapreduce.Job:  map 47% reduce 11%
20/06/14 23:02:14 INFO mapreduce.Job:  map 48% reduce 11%
20/06/14 23:02:15 INFO mapreduce.Job:  map 49% reduce 11%
20/06/14 23:02:17 INFO mapreduce.Job:  map 50% reduce 11%
20/06/14 23:02:19 INFO mapreduce.Job:  map 51% reduce 11%
20/06/14 23:02:21 INFO mapreduce.Job:  map 53% reduce 11%
20/06/14 23:02:22 INFO mapreduce.Job:  map 54% reduce 11%
20/06/14 23:02:25 INFO mapreduce.Job:  map 55% reduce 12%
20/06/14 23:02:28 INFO mapreduce.Job:  map 56% reduce 12%
20/06/14 23:02:29 INFO mapreduce.Job:  map 59% reduce 12%
20/06/14 23:02:30 INFO mapreduce.Job:  map 59% reduce 13%
20/06/14 23:02:33 INFO mapreduce.Job:  map 59% reduce 14%
20/06/14 23:02:37 INFO mapreduce.Job:  map 60% reduce 14%
20/06/14 23:02:39 INFO mapreduce.Job:  map 61% reduce 14%
20/06/14 23:02:40 INFO mapreduce.Job:  map 63% reduce 14%
20/06/14 23:02:42 INFO mapreduce.Job:  map 63% reduce 15%
20/06/14 23:02:43 INFO mapreduce.Job:  map 64% reduce 16%
20/06/14 23:02:45 INFO mapreduce.Job:  map 64% reduce 18%
20/06/14 23:02:48 INFO mapreduce.Job:  map 66% reduce 18%
20/06/14 23:02:49 INFO mapreduce.Job:  map 68% reduce 18%
20/06/14 23:02:52 INFO mapreduce.Job:  map 68% reduce 19%
20/06/14 23:02:53 INFO mapreduce.Job:  map 69% reduce 19%
20/06/14 23:02:56 INFO mapreduce.Job:  map 70% reduce 19%
20/06/14 23:02:58 INFO mapreduce.Job:  map 73% reduce 20%
20/06/14 23:03:02 INFO mapreduce.Job:  map 73% reduce 21%
20/06/14 23:03:08 INFO mapreduce.Job:  map 74% reduce 21%
20/06/14 23:03:10 INFO mapreduce.Job:  map 74% reduce 22%
20/06/14 23:03:11 INFO mapreduce.Job:  map 76% reduce 22%
20/06/14 23:03:15 INFO mapreduce.Job:  map 77% reduce 22%
20/06/14 23:03:16 INFO mapreduce.Job:  map 79% reduce 23%
20/06/14 23:03:19 INFO mapreduce.Job:  map 80% reduce 24%
20/06/14 23:03:20 INFO mapreduce.Job:  map 81% reduce 24%
20/06/14 23:03:22 INFO mapreduce.Job:  map 81% reduce 25%
20/06/14 23:03:27 INFO mapreduce.Job:  map 82% reduce 25%
20/06/14 23:03:30 INFO mapreduce.Job:  map 84% reduce 25%
20/06/14 23:03:32 INFO mapreduce.Job:  map 85% reduce 26%
20/06/14 23:03:34 INFO mapreduce.Job:  map 86% reduce 26%
20/06/14 23:03:35 INFO mapreduce.Job:  map 86% reduce 27%
20/06/14 23:03:38 INFO mapreduce.Job:  map 89% reduce 27%
20/06/14 23:03:40 INFO mapreduce.Job:  map 89% reduce 28%
20/06/14 23:03:41 INFO mapreduce.Job:  map 90% reduce 28%
20/06/14 23:03:42 INFO mapreduce.Job:  map 91% reduce 28%
20/06/14 23:03:44 INFO mapreduce.Job:  map 91% reduce 29%
20/06/14 23:03:46 INFO mapreduce.Job:  map 93% reduce 29%
20/06/14 23:03:52 INFO mapreduce.Job:  map 94% reduce 30%
20/06/14 23:03:54 INFO mapreduce.Job:  map 96% reduce 30%
20/06/14 23:04:01 INFO mapreduce.Job:  map 98% reduce 31%
20/06/14 23:04:02 INFO mapreduce.Job:  map 99% reduce 31%
20/06/14 23:04:05 INFO mapreduce.Job:  map 99% reduce 32%
20/06/14 23:04:06 INFO mapreduce.Job:  map 100% reduce 32%
20/06/14 23:04:11 INFO mapreduce.Job:  map 100% reduce 34%
20/06/14 23:04:14 INFO mapreduce.Job:  map 100% reduce 36%
20/06/14 23:04:20 INFO mapreduce.Job:  map 100% reduce 45%
20/06/14 23:04:23 INFO mapreduce.Job:  map 100% reduce 55%
20/06/14 23:04:25 INFO mapreduce.Job:  map 100% reduce 56%
20/06/14 23:04:31 INFO mapreduce.Job:  map 100% reduce 61%
20/06/14 23:04:34 INFO mapreduce.Job:  map 100% reduce 62%
20/06/14 23:04:43 INFO mapreduce.Job:  map 100% reduce 65%
20/06/14 23:04:49 INFO mapreduce.Job:  map 100% reduce 68%
20/06/14 23:04:50 INFO mapreduce.Job:  map 100% reduce 69%
20/06/14 23:04:56 INFO mapreduce.Job:  map 100% reduce 70%
20/06/14 23:04:59 INFO mapreduce.Job:  map 100% reduce 71%
20/06/14 23:05:05 INFO mapreduce.Job:  map 100% reduce 72%
20/06/14 23:05:19 INFO mapreduce.Job:  map 100% reduce 73%
20/06/14 23:05:20 INFO mapreduce.Job:  map 100% reduce 75%
20/06/14 23:05:23 INFO mapreduce.Job:  map 100% reduce 76%
20/06/14 23:05:29 INFO mapreduce.Job:  map 100% reduce 77%
20/06/14 23:05:32 INFO mapreduce.Job:  map 100% reduce 79%
20/06/14 23:05:35 INFO mapreduce.Job:  map 100% reduce 80%
20/06/14 23:05:38 INFO mapreduce.Job:  map 100% reduce 81%
20/06/14 23:05:49 INFO mapreduce.Job:  map 100% reduce 82%
20/06/14 23:05:52 INFO mapreduce.Job:  map 100% reduce 83%
20/06/14 23:05:56 INFO mapreduce.Job:  map 100% reduce 84%
20/06/14 23:06:08 INFO mapreduce.Job:  map 100% reduce 85%
20/06/14 23:06:13 INFO mapreduce.Job:  map 100% reduce 86%
20/06/14 23:06:14 INFO mapreduce.Job:  map 100% reduce 87%
20/06/14 23:06:17 INFO mapreduce.Job:  map 100% reduce 88%
20/06/14 23:06:29 INFO mapreduce.Job:  map 100% reduce 89%
20/06/14 23:06:31 INFO mapreduce.Job:  map 100% reduce 90%
20/06/14 23:06:35 INFO mapreduce.Job:  map 100% reduce 91%
20/06/14 23:06:55 INFO mapreduce.Job:  map 100% reduce 92%
20/06/14 23:07:01 INFO mapreduce.Job:  map 100% reduce 93%
20/06/14 23:07:15 INFO mapreduce.Job:  map 100% reduce 94%
20/06/14 23:07:18 INFO mapreduce.Job:  map 100% reduce 95%
20/06/14 23:07:21 INFO mapreduce.Job:  map 100% reduce 96%
20/06/14 23:07:25 INFO mapreduce.Job:  map 100% reduce 97%
20/06/14 23:07:28 INFO mapreduce.Job:  map 100% reduce 98%
20/06/14 23:07:39 INFO mapreduce.Job:  map 100% reduce 99%
20/06/14 23:07:42 INFO mapreduce.Job:  map 100% reduce 100%
20/06/14 23:07:46 INFO mapreduce.Job: Job job_1592136775955_0024 completed successfully
20/06/14 23:07:47 INFO mapreduce.Job: Counters: 51
	File System Counters
		FILE: Number of bytes read=31975422732
		FILE: Number of bytes written=42735943077
		FILE: Number of read operations=0
		FILE: Number of large read operations=0
		FILE: Number of write operations=0
		HDFS: Number of bytes read=10774058674
		HDFS: Number of bytes written=10772856325
		HDFS: Number of read operations=329
		HDFS: Number of large read operations=0
		HDFS: Number of write operations=6
	Job Counters 
		Killed map tasks=1
		Launched map tasks=81
		Launched reduce tasks=3
		Data-local map tasks=65
		Rack-local map tasks=16
		Total time spent by all maps in occupied slots (ms)=553906
		Total time spent by all reduces in occupied slots (ms)=960656
		Total time spent by all map tasks (ms)=553906
		Total time spent by all reduce tasks (ms)=960656
		Total vcore-milliseconds taken by all map tasks=553906
		Total vcore-milliseconds taken by all reduce tasks=960656
		Total megabyte-milliseconds taken by all map tasks=567199744
		Total megabyte-milliseconds taken by all reduce tasks=983711744
	Map-Reduce Framework
		Map input records=1022511
		Map output records=1022511
		Map output bytes=10745661389
		Map output materialized bytes=10751412128
		Input split bytes=9040
		Combine input records=0
		Combine output records=0
		Reduce input groups=1022511
		Reduce shuffle bytes=10751412128
		Reduce input records=1022511
		Reduce output records=1022511
		Spilled Records=4063567
		Shuffled Maps =240
		Failed Shuffles=0
		Merged Map outputs=240
		GC time elapsed (ms)=8012
		CPU time spent (ms)=240650
		Physical memory (bytes) snapshot=22006263808
		Virtual memory (bytes) snapshot=175149383680
		Total committed heap usage (bytes)=16727408640
	Shuffle Errors
		BAD_ID=0
		CONNECTION=0
		IO_ERROR=0
		WRONG_LENGTH=0
		WRONG_MAP=0
		WRONG_REDUCE=0
	File Input Format Counters 
		Bytes Read=10774049634
	File Output Format Counters 
		Bytes Written=10772856325
