20/06/16 23:17:06 INFO client.RMProxy: Connecting to ResourceManager at master/10.51.17.95:8032
20/06/16 23:17:07 INFO client.RMProxy: Connecting to ResourceManager at master/10.51.17.95:8032
20/06/16 23:17:07 INFO input.FileInputFormat: Total input paths to process : 10
20/06/16 23:17:08 INFO mapreduce.JobSubmitter: number of splits:80
20/06/16 23:17:08 INFO mapreduce.JobSubmitter: Submitting tokens for job: job_1592316547813_0002
20/06/16 23:17:08 INFO impl.YarnClientImpl: Submitted application application_1592316547813_0002
20/06/16 23:17:08 INFO mapreduce.Job: The url to track the job: http://master:8088/proxy/application_1592316547813_0002/
20/06/16 23:17:08 INFO mapreduce.Job: Running job: job_1592316547813_0002
20/06/16 23:17:15 INFO mapreduce.Job: Job job_1592316547813_0002 running in uber mode : false
20/06/16 23:17:15 INFO mapreduce.Job:  map 0% reduce 0%
20/06/16 23:17:21 INFO mapreduce.Job:  map 3% reduce 0%
20/06/16 23:17:24 INFO mapreduce.Job:  map 4% reduce 0%
20/06/16 23:17:25 INFO mapreduce.Job:  map 6% reduce 0%
20/06/16 23:17:27 INFO mapreduce.Job:  map 8% reduce 0%
20/06/16 23:17:28 INFO mapreduce.Job:  map 9% reduce 0%
20/06/16 23:17:29 INFO mapreduce.Job:  map 10% reduce 0%
20/06/16 23:17:30 INFO mapreduce.Job:  map 13% reduce 0%
20/06/16 23:17:32 INFO mapreduce.Job:  map 14% reduce 0%
20/06/16 23:17:35 INFO mapreduce.Job:  map 15% reduce 0%
20/06/16 23:17:38 INFO mapreduce.Job:  map 17% reduce 0%
20/06/16 23:17:39 INFO mapreduce.Job:  map 19% reduce 0%
20/06/16 23:17:40 INFO mapreduce.Job:  map 21% reduce 0%
20/06/16 23:17:41 INFO mapreduce.Job:  map 22% reduce 0%
20/06/16 23:17:42 INFO mapreduce.Job:  map 24% reduce 0%
20/06/16 23:17:43 INFO mapreduce.Job:  map 25% reduce 0%
20/06/16 23:17:45 INFO mapreduce.Job:  map 26% reduce 0%
20/06/16 23:17:46 INFO mapreduce.Job:  map 28% reduce 0%
20/06/16 23:17:48 INFO mapreduce.Job:  map 29% reduce 0%
20/06/16 23:17:49 INFO mapreduce.Job:  map 29% reduce 3%
20/06/16 23:17:51 INFO mapreduce.Job:  map 30% reduce 3%
20/06/16 23:17:52 INFO mapreduce.Job:  map 32% reduce 3%
20/06/16 23:17:53 INFO mapreduce.Job:  map 33% reduce 3%
20/06/16 23:17:54 INFO mapreduce.Job:  map 34% reduce 3%
20/06/16 23:17:55 INFO mapreduce.Job:  map 35% reduce 4%
20/06/16 23:17:56 INFO mapreduce.Job:  map 36% reduce 4%
20/06/16 23:17:58 INFO mapreduce.Job:  map 38% reduce 4%
20/06/16 23:18:03 INFO mapreduce.Job:  map 39% reduce 4%
20/06/16 23:18:07 INFO mapreduce.Job:  map 39% reduce 7%
20/06/16 23:18:09 INFO mapreduce.Job:  map 41% reduce 7%
20/06/16 23:18:10 INFO mapreduce.Job:  map 42% reduce 7%
20/06/16 23:18:11 INFO mapreduce.Job:  map 43% reduce 7%
20/06/16 23:18:12 INFO mapreduce.Job:  map 44% reduce 7%
20/06/16 23:18:16 INFO mapreduce.Job:  map 44% reduce 8%
20/06/16 23:18:18 INFO mapreduce.Job:  map 45% reduce 8%
20/06/16 23:18:19 INFO mapreduce.Job:  map 46% reduce 8%
20/06/16 23:18:21 INFO mapreduce.Job:  map 47% reduce 8%
20/06/16 23:18:22 INFO mapreduce.Job:  map 50% reduce 8%
20/06/16 23:18:25 INFO mapreduce.Job:  map 50% reduce 9%
20/06/16 23:18:27 INFO mapreduce.Job:  map 52% reduce 9%
20/06/16 23:18:31 INFO mapreduce.Job:  map 53% reduce 9%
20/06/16 23:18:32 INFO mapreduce.Job:  map 54% reduce 9%
20/06/16 23:18:34 INFO mapreduce.Job:  map 55% reduce 10%
20/06/16 23:18:37 INFO mapreduce.Job:  map 55% reduce 11%
20/06/16 23:18:38 INFO mapreduce.Job:  map 56% reduce 11%
20/06/16 23:18:41 INFO mapreduce.Job:  map 56% reduce 12%
20/06/16 23:18:42 INFO mapreduce.Job:  map 57% reduce 12%
20/06/16 23:18:43 INFO mapreduce.Job:  map 59% reduce 12%
20/06/16 23:18:44 INFO mapreduce.Job:  map 59% reduce 13%
20/06/16 23:18:45 INFO mapreduce.Job:  map 60% reduce 13%
20/06/16 23:18:49 INFO mapreduce.Job:  map 60% reduce 14%
20/06/16 23:18:54 INFO mapreduce.Job:  map 61% reduce 14%
20/06/16 23:18:55 INFO mapreduce.Job:  map 61% reduce 15%
20/06/16 23:18:56 INFO mapreduce.Job:  map 62% reduce 16%
20/06/16 23:18:57 INFO mapreduce.Job:  map 63% reduce 16%
20/06/16 23:18:58 INFO mapreduce.Job:  map 64% reduce 16%
20/06/16 23:19:02 INFO mapreduce.Job:  map 64% reduce 17%
20/06/16 23:19:04 INFO mapreduce.Job:  map 65% reduce 17%
20/06/16 23:19:06 INFO mapreduce.Job:  map 66% reduce 17%
20/06/16 23:19:08 INFO mapreduce.Job:  map 68% reduce 17%
20/06/16 23:19:10 INFO mapreduce.Job:  map 69% reduce 18%
20/06/16 23:19:11 INFO mapreduce.Job:  map 70% reduce 18%
20/06/16 23:19:13 INFO mapreduce.Job:  map 70% reduce 19%
20/06/16 23:19:17 INFO mapreduce.Job:  map 71% reduce 19%
20/06/16 23:19:18 INFO mapreduce.Job:  map 72% reduce 19%
20/06/16 23:19:20 INFO mapreduce.Job:  map 73% reduce 20%
20/06/16 23:19:21 INFO mapreduce.Job:  map 74% reduce 20%
20/06/16 23:19:23 INFO mapreduce.Job:  map 74% reduce 21%
20/06/16 23:19:25 INFO mapreduce.Job:  map 74% reduce 22%
20/06/16 23:19:26 INFO mapreduce.Job:  map 74% reduce 23%
20/06/16 23:19:30 INFO mapreduce.Job:  map 76% reduce 23%
20/06/16 23:19:31 INFO mapreduce.Job:  map 77% reduce 23%
20/06/16 23:19:35 INFO mapreduce.Job:  map 77% reduce 24%
20/06/16 23:19:37 INFO mapreduce.Job:  map 79% reduce 24%
20/06/16 23:19:42 INFO mapreduce.Job:  map 81% reduce 24%
20/06/16 23:19:44 INFO mapreduce.Job:  map 82% reduce 25%
20/06/16 23:19:46 INFO mapreduce.Job:  map 82% reduce 26%
20/06/16 23:19:47 INFO mapreduce.Job:  map 82% reduce 27%
20/06/16 23:19:50 INFO mapreduce.Job:  map 82% reduce 28%
20/06/16 23:19:52 INFO mapreduce.Job:  map 83% reduce 28%
20/06/16 23:19:55 INFO mapreduce.Job:  map 84% reduce 28%
20/06/16 23:19:58 INFO mapreduce.Job:  map 85% reduce 28%
20/06/16 23:19:59 INFO mapreduce.Job:  map 86% reduce 28%
20/06/16 23:20:02 INFO mapreduce.Job:  map 86% reduce 29%
20/06/16 23:20:04 INFO mapreduce.Job:  map 88% reduce 29%
20/06/16 23:20:05 INFO mapreduce.Job:  map 89% reduce 29%
20/06/16 23:20:08 INFO mapreduce.Job:  map 89% reduce 30%
20/06/16 23:20:09 INFO mapreduce.Job:  map 91% reduce 30%
20/06/16 23:20:16 INFO mapreduce.Job:  map 92% reduce 30%
20/06/16 23:20:19 INFO mapreduce.Job:  map 94% reduce 30%
20/06/16 23:20:20 INFO mapreduce.Job:  map 95% reduce 31%
20/06/16 23:20:23 INFO mapreduce.Job:  map 95% reduce 32%
20/06/16 23:20:25 INFO mapreduce.Job:  map 96% reduce 32%
20/06/16 23:20:27 INFO mapreduce.Job:  map 98% reduce 32%
20/06/16 23:20:29 INFO mapreduce.Job:  map 99% reduce 33%
20/06/16 23:20:30 INFO mapreduce.Job:  map 100% reduce 33%
20/06/16 23:20:32 INFO mapreduce.Job:  map 100% reduce 40%
20/06/16 23:20:35 INFO mapreduce.Job:  map 100% reduce 59%
20/06/16 23:20:38 INFO mapreduce.Job:  map 100% reduce 67%
20/06/16 23:20:41 INFO mapreduce.Job:  map 100% reduce 68%
20/06/16 23:20:44 INFO mapreduce.Job:  map 100% reduce 71%
20/06/16 23:20:50 INFO mapreduce.Job:  map 100% reduce 74%
20/06/16 23:20:57 INFO mapreduce.Job:  map 100% reduce 76%
20/06/16 23:21:00 INFO mapreduce.Job:  map 100% reduce 77%
20/06/16 23:21:03 INFO mapreduce.Job:  map 100% reduce 79%
20/06/16 23:21:09 INFO mapreduce.Job:  map 100% reduce 81%
20/06/16 23:21:15 INFO mapreduce.Job:  map 100% reduce 82%
20/06/16 23:21:18 INFO mapreduce.Job:  map 100% reduce 85%
20/06/16 23:21:21 INFO mapreduce.Job:  map 100% reduce 86%
20/06/16 23:21:27 INFO mapreduce.Job:  map 100% reduce 88%
20/06/16 23:21:30 INFO mapreduce.Job:  map 100% reduce 90%
20/06/16 23:21:32 INFO mapreduce.Job:  map 100% reduce 91%
20/06/16 23:21:33 INFO mapreduce.Job:  map 100% reduce 92%
20/06/16 23:21:36 INFO mapreduce.Job:  map 100% reduce 93%
20/06/16 23:21:39 INFO mapreduce.Job:  map 100% reduce 94%
20/06/16 23:21:42 INFO mapreduce.Job:  map 100% reduce 95%
20/06/16 23:21:45 INFO mapreduce.Job:  map 100% reduce 96%
20/06/16 23:21:48 INFO mapreduce.Job:  map 100% reduce 98%
20/06/16 23:21:51 INFO mapreduce.Job:  map 100% reduce 99%
20/06/16 23:21:53 INFO mapreduce.Job:  map 100% reduce 100%
20/06/16 23:21:55 INFO mapreduce.Job: Job job_1592316547813_0002 completed successfully
20/06/16 23:21:55 INFO mapreduce.Job: Counters: 50
	File System Counters
		FILE: Number of bytes read=31974520677
		FILE: Number of bytes written=42735048567
		FILE: Number of read operations=0
		FILE: Number of large read operations=0
		FILE: Number of write operations=0
		HDFS: Number of bytes read=10774009875
		HDFS: Number of bytes written=10772846837
		HDFS: Number of read operations=329
		HDFS: Number of large read operations=0
		HDFS: Number of write operations=6
	Job Counters 
		Launched map tasks=80
		Launched reduce tasks=3
		Data-local map tasks=65
		Rack-local map tasks=15
		Total time spent by all maps in occupied slots (ms)=612135
		Total time spent by all reduces in occupied slots (ms)=670898
		Total time spent by all map tasks (ms)=612135
		Total time spent by all reduce tasks (ms)=670898
		Total vcore-milliseconds taken by all map tasks=612135
		Total vcore-milliseconds taken by all reduce tasks=670898
		Total megabyte-milliseconds taken by all map tasks=626826240
		Total megabyte-milliseconds taken by all reduce tasks=686999552
	Map-Reduce Framework
		Map input records=1022600
		Map output records=1022600
		Map output bytes=10745642829
		Map output materialized bytes=10751392560
		Input split bytes=8240
		Combine input records=0
		Combine output records=0
		Reduce input groups=1022600
		Reduce shuffle bytes=10751392560
		Reduce input records=1022600
		Reduce output records=1022600
		Spilled Records=4063920
		Shuffled Maps =240
		Failed Shuffles=0
		Merged Map outputs=240
		GC time elapsed (ms)=7846
		CPU time spent (ms)=221070
		Physical memory (bytes) snapshot=21966217216
		Virtual memory (bytes) snapshot=175194828800
		Total committed heap usage (bytes)=16699621376
	Shuffle Errors
		BAD_ID=0
		CONNECTION=0
		IO_ERROR=0
		WRONG_LENGTH=0
		WRONG_MAP=0
		WRONG_REDUCE=0
	File Input Format Counters 
		Bytes Read=10774001635
	File Output Format Counters 
		Bytes Written=10772846837
