20/06/14 22:03:31 INFO client.RMProxy: Connecting to ResourceManager at master/10.51.17.95:8032
20/06/14 22:03:32 INFO input.FileInputFormat: Total input paths to process : 10
20/06/14 22:03:32 INFO mapreduce.JobSubmitter: number of splits:90
20/06/14 22:03:32 INFO mapreduce.JobSubmitter: Submitting tokens for job: job_1592136775955_0012
20/06/14 22:03:32 INFO impl.YarnClientImpl: Submitted application application_1592136775955_0012
20/06/14 22:03:32 INFO mapreduce.Job: The url to track the job: http://master:8088/proxy/application_1592136775955_0012/
20/06/14 22:03:32 INFO mapreduce.Job: Running job: job_1592136775955_0012
20/06/14 22:03:41 INFO mapreduce.Job: Job job_1592136775955_0012 running in uber mode : false
20/06/14 22:03:41 INFO mapreduce.Job:  map 0% reduce 0%
20/06/14 22:03:53 INFO mapreduce.Job:  map 1% reduce 0%
20/06/14 22:03:54 INFO mapreduce.Job:  map 2% reduce 0%
20/06/14 22:04:02 INFO mapreduce.Job:  map 3% reduce 0%
20/06/14 22:04:08 INFO mapreduce.Job:  map 4% reduce 0%
20/06/14 22:04:14 INFO mapreduce.Job:  map 5% reduce 0%
20/06/14 22:04:20 INFO mapreduce.Job:  map 6% reduce 0%
20/06/14 22:04:22 INFO mapreduce.Job:  map 7% reduce 0%
20/06/14 22:04:24 INFO mapreduce.Job:  map 8% reduce 0%
20/06/14 22:04:33 INFO mapreduce.Job:  map 9% reduce 0%
20/06/14 22:04:36 INFO mapreduce.Job:  map 10% reduce 0%
20/06/14 22:04:42 INFO mapreduce.Job:  map 11% reduce 0%
20/06/14 22:04:49 INFO mapreduce.Job:  map 12% reduce 0%
20/06/14 22:04:55 INFO mapreduce.Job:  map 13% reduce 0%
20/06/14 22:04:59 INFO mapreduce.Job:  map 14% reduce 0%
20/06/14 22:05:02 INFO mapreduce.Job:  map 15% reduce 0%
20/06/14 22:05:04 INFO mapreduce.Job:  map 16% reduce 0%
20/06/14 22:05:11 INFO mapreduce.Job:  map 17% reduce 0%
20/06/14 22:05:17 INFO mapreduce.Job:  map 18% reduce 0%
20/06/14 22:05:23 INFO mapreduce.Job:  map 19% reduce 0%
20/06/14 22:05:28 INFO mapreduce.Job:  map 20% reduce 0%
20/06/14 22:05:34 INFO mapreduce.Job:  map 21% reduce 0%
20/06/14 22:05:36 INFO mapreduce.Job:  map 21% reduce 6%
20/06/14 22:05:40 INFO mapreduce.Job:  map 22% reduce 6%
20/06/14 22:05:42 INFO mapreduce.Job:  map 22% reduce 7%
20/06/14 22:05:44 INFO mapreduce.Job:  map 23% reduce 7%
20/06/14 22:05:51 INFO mapreduce.Job:  map 24% reduce 7%
20/06/14 22:05:54 INFO mapreduce.Job:  map 24% reduce 8%
20/06/14 22:05:58 INFO mapreduce.Job:  map 25% reduce 8%
20/06/14 22:06:05 INFO mapreduce.Job:  map 26% reduce 8%
20/06/14 22:06:11 INFO mapreduce.Job:  map 27% reduce 8%
20/06/14 22:06:16 INFO mapreduce.Job:  map 28% reduce 8%
20/06/14 22:06:18 INFO mapreduce.Job:  map 28% reduce 9%
20/06/14 22:06:20 INFO mapreduce.Job:  map 29% reduce 9%
20/06/14 22:06:21 INFO mapreduce.Job:  map 29% reduce 10%
20/06/14 22:06:28 INFO mapreduce.Job:  map 30% reduce 10%
20/06/14 22:06:34 INFO mapreduce.Job:  map 31% reduce 10%
20/06/14 22:06:42 INFO mapreduce.Job:  map 32% reduce 10%
20/06/14 22:06:50 INFO mapreduce.Job:  map 33% reduce 10%
20/06/14 22:06:54 INFO mapreduce.Job:  map 34% reduce 10%
20/06/14 22:06:58 INFO mapreduce.Job:  map 34% reduce 11%
20/06/14 22:06:59 INFO mapreduce.Job:  map 35% reduce 11%
20/06/14 22:07:06 INFO mapreduce.Job:  map 36% reduce 12%
20/06/14 22:07:14 INFO mapreduce.Job:  map 37% reduce 12%
20/06/14 22:07:20 INFO mapreduce.Job:  map 38% reduce 12%
20/06/14 22:07:27 INFO mapreduce.Job:  map 39% reduce 12%
20/06/14 22:07:33 INFO mapreduce.Job:  map 40% reduce 12%
20/06/14 22:07:35 INFO mapreduce.Job:  map 40% reduce 13%
20/06/14 22:07:36 INFO mapreduce.Job:  map 41% reduce 13%
20/06/14 22:07:40 INFO mapreduce.Job:  map 41% reduce 14%
20/06/14 22:07:44 INFO mapreduce.Job:  map 42% reduce 14%
20/06/14 22:07:50 INFO mapreduce.Job:  map 43% reduce 14%
20/06/14 22:07:56 INFO mapreduce.Job:  map 44% reduce 14%
20/06/14 22:08:03 INFO mapreduce.Job:  map 45% reduce 14%
20/06/14 22:08:09 INFO mapreduce.Job:  map 46% reduce 14%
20/06/14 22:08:14 INFO mapreduce.Job:  map 47% reduce 14%
20/06/14 22:08:17 INFO mapreduce.Job:  map 47% reduce 15%
20/06/14 22:08:18 INFO mapreduce.Job:  map 48% reduce 15%
20/06/14 22:08:20 INFO mapreduce.Job:  map 48% reduce 16%
20/06/14 22:08:25 INFO mapreduce.Job:  map 49% reduce 16%
20/06/14 22:08:32 INFO mapreduce.Job:  map 50% reduce 16%
20/06/14 22:08:40 INFO mapreduce.Job:  map 51% reduce 16%
20/06/14 22:08:47 INFO mapreduce.Job:  map 52% reduce 16%
20/06/14 22:08:50 INFO mapreduce.Job:  map 52% reduce 17%
20/06/14 22:08:52 INFO mapreduce.Job:  map 53% reduce 17%
20/06/14 22:08:56 INFO mapreduce.Job:  map 54% reduce 17%
20/06/14 22:08:59 INFO mapreduce.Job:  map 54% reduce 18%
20/06/14 22:09:03 INFO mapreduce.Job:  map 55% reduce 18%
20/06/14 22:09:10 INFO mapreduce.Job:  map 56% reduce 18%
20/06/14 22:09:18 INFO mapreduce.Job:  map 57% reduce 18%
20/06/14 22:09:20 INFO mapreduce.Job:  map 57% reduce 19%
20/06/14 22:09:22 INFO mapreduce.Job:  map 58% reduce 19%
20/06/14 22:09:30 INFO mapreduce.Job:  map 59% reduce 19%
20/06/14 22:09:32 INFO mapreduce.Job:  map 60% reduce 19%
20/06/14 22:09:35 INFO mapreduce.Job:  map 60% reduce 20%
20/06/14 22:09:41 INFO mapreduce.Job:  map 61% reduce 20%
20/06/14 22:09:47 INFO mapreduce.Job:  map 62% reduce 20%
20/06/14 22:09:54 INFO mapreduce.Job:  map 63% reduce 20%
20/06/14 22:09:59 INFO mapreduce.Job:  map 64% reduce 20%
20/06/14 22:10:02 INFO mapreduce.Job:  map 64% reduce 21%
20/06/14 22:10:06 INFO mapreduce.Job:  map 65% reduce 21%
20/06/14 22:10:08 INFO mapreduce.Job:  map 66% reduce 21%
20/06/14 22:10:09 INFO mapreduce.Job:  map 67% reduce 21%
20/06/14 22:10:11 INFO mapreduce.Job:  map 67% reduce 22%
20/06/14 22:10:17 INFO mapreduce.Job:  map 68% reduce 22%
20/06/14 22:10:18 INFO mapreduce.Job:  map 69% reduce 22%
20/06/14 22:10:19 INFO mapreduce.Job:  map 70% reduce 22%
20/06/14 22:10:20 INFO mapreduce.Job:  map 70% reduce 23%
20/06/14 22:10:21 INFO mapreduce.Job:  map 71% reduce 23%
20/06/14 22:10:22 INFO mapreduce.Job:  map 72% reduce 23%
20/06/14 22:10:26 INFO mapreduce.Job:  map 72% reduce 24%
20/06/14 22:10:32 INFO mapreduce.Job:  map 73% reduce 24%
20/06/14 22:10:38 INFO mapreduce.Job:  map 74% reduce 24%
20/06/14 22:10:44 INFO mapreduce.Job:  map 75% reduce 24%
20/06/14 22:10:50 INFO mapreduce.Job:  map 76% reduce 24%
20/06/14 22:10:56 INFO mapreduce.Job:  map 77% reduce 25%
20/06/14 22:10:58 INFO mapreduce.Job:  map 78% reduce 25%
20/06/14 22:11:02 INFO mapreduce.Job:  map 78% reduce 26%
20/06/14 22:11:06 INFO mapreduce.Job:  map 79% reduce 26%
20/06/14 22:11:12 INFO mapreduce.Job:  map 80% reduce 26%
20/06/14 22:11:20 INFO mapreduce.Job:  map 81% reduce 26%
20/06/14 22:11:26 INFO mapreduce.Job:  map 82% reduce 26%
20/06/14 22:11:30 INFO mapreduce.Job:  map 83% reduce 26%
20/06/14 22:11:32 INFO mapreduce.Job:  map 83% reduce 27%
20/06/14 22:11:35 INFO mapreduce.Job:  map 84% reduce 27%
20/06/14 22:11:42 INFO mapreduce.Job:  map 84% reduce 28%
20/06/14 22:11:43 INFO mapreduce.Job:  map 85% reduce 28%
20/06/14 22:11:49 INFO mapreduce.Job:  map 86% reduce 28%
20/06/14 22:11:55 INFO mapreduce.Job:  map 87% reduce 28%
20/06/14 22:12:01 INFO mapreduce.Job:  map 88% reduce 28%
20/06/14 22:12:03 INFO mapreduce.Job:  map 88% reduce 29%
20/06/14 22:12:08 INFO mapreduce.Job:  map 89% reduce 29%
20/06/14 22:12:11 INFO mapreduce.Job:  map 90% reduce 29%
20/06/14 22:12:16 INFO mapreduce.Job:  map 91% reduce 29%
20/06/14 22:12:18 INFO mapreduce.Job:  map 91% reduce 30%
20/06/14 22:12:22 INFO mapreduce.Job:  map 92% reduce 30%
20/06/14 22:12:29 INFO mapreduce.Job:  map 93% reduce 30%
20/06/14 22:12:30 INFO mapreduce.Job:  map 93% reduce 31%
20/06/14 22:12:31 INFO mapreduce.Job:  map 94% reduce 31%
20/06/14 22:12:33 INFO mapreduce.Job:  map 95% reduce 31%
20/06/14 22:12:36 INFO mapreduce.Job:  map 96% reduce 31%
20/06/14 22:12:43 INFO mapreduce.Job:  map 98% reduce 31%
20/06/14 22:12:45 INFO mapreduce.Job:  map 99% reduce 32%
20/06/14 22:12:47 INFO mapreduce.Job:  map 100% reduce 32%
20/06/14 22:12:48 INFO mapreduce.Job:  map 100% reduce 33%
20/06/14 22:12:51 INFO mapreduce.Job:  map 100% reduce 61%
20/06/14 22:12:54 INFO mapreduce.Job:  map 100% reduce 72%
20/06/14 22:12:57 INFO mapreduce.Job:  map 100% reduce 77%
20/06/14 22:13:00 INFO mapreduce.Job:  map 100% reduce 83%
20/06/14 22:13:03 INFO mapreduce.Job:  map 100% reduce 89%
20/06/14 22:13:06 INFO mapreduce.Job:  map 100% reduce 100%
20/06/14 22:13:07 INFO mapreduce.Job: Job job_1592136775955_0012 completed successfully
20/06/14 22:13:07 INFO mapreduce.Job: Counters: 51
	File System Counters
		FILE: Number of bytes read=1479338961
		FILE: Number of bytes written=2206322640
		FILE: Number of read operations=0
		FILE: Number of large read operations=0
		FILE: Number of write operations=0
		HDFS: Number of bytes read=11025489171
		HDFS: Number of bytes written=346239698
		HDFS: Number of read operations=273
		HDFS: Number of large read operations=0
		HDFS: Number of write operations=2
	Job Counters 
		Killed map tasks=1
		Launched map tasks=90
		Launched reduce tasks=1
		Data-local map tasks=73
		Rack-local map tasks=17
		Total time spent by all maps in occupied slots (ms)=2725302
		Total time spent by all reduces in occupied slots (ms)=457834
		Total time spent by all map tasks (ms)=2725302
		Total time spent by all reduce tasks (ms)=457834
		Total vcore-milliseconds taken by all map tasks=2725302
		Total vcore-milliseconds taken by all reduce tasks=457834
		Total megabyte-milliseconds taken by all map tasks=2790709248
		Total megabyte-milliseconds taken by all reduce tasks=468822016
	Map-Reduce Framework
		Map input records=722863
		Map output records=1009308782
		Map output bytes=15224960726
		Map output materialized bytes=715831786
		Input split bytes=10530
		Combine input records=1034072380
		Combine output records=47401851
		Reduce input groups=9909312
		Reduce shuffle bytes=715831786
		Reduce input records=22638253
		Reduce output records=9909312
		Spilled Records=70040104
		Shuffled Maps =90
		Failed Shuffles=0
		Merged Map outputs=90
		GC time elapsed (ms)=41893
		CPU time spent (ms)=2131830
		Physical memory (bytes) snapshot=25228988416
		Virtual memory (bytes) snapshot=192032641024
		Total committed heap usage (bytes)=18914738176
	Shuffle Errors
		BAD_ID=0
		CONNECTION=0
		IO_ERROR=0
		WRONG_LENGTH=0
		WRONG_MAP=0
		WRONG_REDUCE=0
	File Input Format Counters 
		Bytes Read=11025478641
	File Output Format Counters 
		Bytes Written=346239698
