20/06/14 22:41:21 INFO client.RMProxy: Connecting to ResourceManager at master/10.51.17.95:8032
20/06/14 22:41:21 INFO input.FileInputFormat: Total input paths to process : 10
20/06/14 22:41:21 INFO mapreduce.JobSubmitter: number of splits:90
20/06/14 22:41:22 INFO mapreduce.JobSubmitter: Submitting tokens for job: job_1592136775955_0020
20/06/14 22:41:22 INFO impl.YarnClientImpl: Submitted application application_1592136775955_0020
20/06/14 22:41:22 INFO mapreduce.Job: The url to track the job: http://master:8088/proxy/application_1592136775955_0020/
20/06/14 22:41:22 INFO mapreduce.Job: Running job: job_1592136775955_0020
20/06/14 22:41:32 INFO mapreduce.Job: Job job_1592136775955_0020 running in uber mode : false
20/06/14 22:41:32 INFO mapreduce.Job:  map 0% reduce 0%
20/06/14 22:41:45 INFO mapreduce.Job:  map 1% reduce 0%
20/06/14 22:41:47 INFO mapreduce.Job:  map 2% reduce 0%
20/06/14 22:41:54 INFO mapreduce.Job:  map 3% reduce 0%
20/06/14 22:42:00 INFO mapreduce.Job:  map 4% reduce 0%
20/06/14 22:42:06 INFO mapreduce.Job:  map 5% reduce 0%
20/06/14 22:42:09 INFO mapreduce.Job:  map 6% reduce 0%
20/06/14 22:42:15 INFO mapreduce.Job:  map 7% reduce 0%
20/06/14 22:42:16 INFO mapreduce.Job:  map 8% reduce 0%
20/06/14 22:42:24 INFO mapreduce.Job:  map 9% reduce 0%
20/06/14 22:42:28 INFO mapreduce.Job:  map 10% reduce 0%
20/06/14 22:42:35 INFO mapreduce.Job:  map 11% reduce 0%
20/06/14 22:42:38 INFO mapreduce.Job:  map 12% reduce 0%
20/06/14 22:42:44 INFO mapreduce.Job:  map 13% reduce 0%
20/06/14 22:42:50 INFO mapreduce.Job:  map 14% reduce 0%
20/06/14 22:42:52 INFO mapreduce.Job:  map 15% reduce 0%
20/06/14 22:42:53 INFO mapreduce.Job:  map 16% reduce 0%
20/06/14 22:43:05 INFO mapreduce.Job:  map 17% reduce 0%
20/06/14 22:43:10 INFO mapreduce.Job:  map 18% reduce 0%
20/06/14 22:43:18 INFO mapreduce.Job:  map 19% reduce 0%
20/06/14 22:43:19 INFO mapreduce.Job:  map 20% reduce 0%
20/06/14 22:43:28 INFO mapreduce.Job:  map 21% reduce 0%
20/06/14 22:43:30 INFO mapreduce.Job:  map 21% reduce 6%
20/06/14 22:43:33 INFO mapreduce.Job:  map 22% reduce 7%
20/06/14 22:43:40 INFO mapreduce.Job:  map 23% reduce 7%
20/06/14 22:43:46 INFO mapreduce.Job:  map 24% reduce 7%
20/06/14 22:43:48 INFO mapreduce.Job:  map 24% reduce 8%
20/06/14 22:43:51 INFO mapreduce.Job:  map 25% reduce 8%
20/06/14 22:44:00 INFO mapreduce.Job:  map 26% reduce 8%
20/06/14 22:44:09 INFO mapreduce.Job:  map 27% reduce 8%
20/06/14 22:44:11 INFO mapreduce.Job:  map 28% reduce 8%
20/06/14 22:44:12 INFO mapreduce.Job:  map 28% reduce 9%
20/06/14 22:44:21 INFO mapreduce.Job:  map 29% reduce 9%
20/06/14 22:44:24 INFO mapreduce.Job:  map 30% reduce 10%
20/06/14 22:44:31 INFO mapreduce.Job:  map 31% reduce 10%
20/06/14 22:44:40 INFO mapreduce.Job:  map 32% reduce 10%
20/06/14 22:44:49 INFO mapreduce.Job:  map 33% reduce 10%
20/06/14 22:44:50 INFO mapreduce.Job:  map 34% reduce 10%
20/06/14 22:44:52 INFO mapreduce.Job:  map 34% reduce 11%
20/06/14 22:45:00 INFO mapreduce.Job:  map 35% reduce 11%
20/06/14 22:45:04 INFO mapreduce.Job:  map 36% reduce 11%
20/06/14 22:45:11 INFO mapreduce.Job:  map 37% reduce 11%
20/06/14 22:45:15 INFO mapreduce.Job:  map 37% reduce 12%
20/06/14 22:45:17 INFO mapreduce.Job:  map 38% reduce 12%
20/06/14 22:45:24 INFO mapreduce.Job:  map 39% reduce 12%
20/06/14 22:45:30 INFO mapreduce.Job:  map 40% reduce 12%
20/06/14 22:45:31 INFO mapreduce.Job:  map 40% reduce 13%
20/06/14 22:45:36 INFO mapreduce.Job:  map 41% reduce 13%
20/06/14 22:45:43 INFO mapreduce.Job:  map 42% reduce 13%
20/06/14 22:45:45 INFO mapreduce.Job:  map 43% reduce 13%
20/06/14 22:45:48 INFO mapreduce.Job:  map 43% reduce 14%
20/06/14 22:45:55 INFO mapreduce.Job:  map 44% reduce 14%
20/06/14 22:46:00 INFO mapreduce.Job:  map 45% reduce 14%
20/06/14 22:46:06 INFO mapreduce.Job:  map 46% reduce 14%
20/06/14 22:46:07 INFO mapreduce.Job:  map 46% reduce 15%
20/06/14 22:46:09 INFO mapreduce.Job:  map 47% reduce 15%
20/06/14 22:46:18 INFO mapreduce.Job:  map 48% reduce 15%
20/06/14 22:46:23 INFO mapreduce.Job:  map 49% reduce 15%
20/06/14 22:46:26 INFO mapreduce.Job:  map 49% reduce 16%
20/06/14 22:46:31 INFO mapreduce.Job:  map 50% reduce 16%
20/06/14 22:46:35 INFO mapreduce.Job:  map 51% reduce 16%
20/06/14 22:46:42 INFO mapreduce.Job:  map 52% reduce 16%
20/06/14 22:46:44 INFO mapreduce.Job:  map 52% reduce 17%
20/06/14 22:46:46 INFO mapreduce.Job:  map 53% reduce 17%
20/06/14 22:46:55 INFO mapreduce.Job:  map 54% reduce 17%
20/06/14 22:47:00 INFO mapreduce.Job:  map 55% reduce 17%
20/06/14 22:47:02 INFO mapreduce.Job:  map 55% reduce 18%
20/06/14 22:47:05 INFO mapreduce.Job:  map 56% reduce 18%
20/06/14 22:47:11 INFO mapreduce.Job:  map 57% reduce 18%
20/06/14 22:47:14 INFO mapreduce.Job:  map 57% reduce 19%
20/06/14 22:47:15 INFO mapreduce.Job:  map 58% reduce 19%
20/06/14 22:47:21 INFO mapreduce.Job:  map 59% reduce 19%
20/06/14 22:47:29 INFO mapreduce.Job:  map 60% reduce 19%
20/06/14 22:47:35 INFO mapreduce.Job:  map 61% reduce 19%
20/06/14 22:47:38 INFO mapreduce.Job:  map 61% reduce 20%
20/06/14 22:47:41 INFO mapreduce.Job:  map 62% reduce 20%
20/06/14 22:47:46 INFO mapreduce.Job:  map 63% reduce 20%
20/06/14 22:47:52 INFO mapreduce.Job:  map 64% reduce 20%
20/06/14 22:47:56 INFO mapreduce.Job:  map 64% reduce 21%
20/06/14 22:47:57 INFO mapreduce.Job:  map 65% reduce 21%
20/06/14 22:48:03 INFO mapreduce.Job:  map 66% reduce 21%
20/06/14 22:48:09 INFO mapreduce.Job:  map 67% reduce 21%
20/06/14 22:48:16 INFO mapreduce.Job:  map 68% reduce 21%
20/06/14 22:48:17 INFO mapreduce.Job:  map 68% reduce 22%
20/06/14 22:48:22 INFO mapreduce.Job:  map 69% reduce 22%
20/06/14 22:48:26 INFO mapreduce.Job:  map 69% reduce 23%
20/06/14 22:48:29 INFO mapreduce.Job:  map 70% reduce 23%
20/06/14 22:48:33 INFO mapreduce.Job:  map 71% reduce 23%
20/06/14 22:48:40 INFO mapreduce.Job:  map 72% reduce 23%
20/06/14 22:48:46 INFO mapreduce.Job:  map 73% reduce 23%
20/06/14 22:48:50 INFO mapreduce.Job:  map 73% reduce 24%
20/06/14 22:48:52 INFO mapreduce.Job:  map 74% reduce 24%
20/06/14 22:49:00 INFO mapreduce.Job:  map 75% reduce 24%
20/06/14 22:49:06 INFO mapreduce.Job:  map 76% reduce 24%
20/06/14 22:49:08 INFO mapreduce.Job:  map 76% reduce 25%
20/06/14 22:49:09 INFO mapreduce.Job:  map 77% reduce 25%
20/06/14 22:49:12 INFO mapreduce.Job:  map 78% reduce 25%
20/06/14 22:49:14 INFO mapreduce.Job:  map 78% reduce 26%
20/06/14 22:49:17 INFO mapreduce.Job:  map 80% reduce 26%
20/06/14 22:49:19 INFO mapreduce.Job:  map 81% reduce 26%
20/06/14 22:49:20 INFO mapreduce.Job:  map 81% reduce 27%
20/06/14 22:49:22 INFO mapreduce.Job:  map 82% reduce 27%
20/06/14 22:49:29 INFO mapreduce.Job:  map 84% reduce 27%
20/06/14 22:49:30 INFO mapreduce.Job:  map 85% reduce 27%
20/06/14 22:49:32 INFO mapreduce.Job:  map 85% reduce 28%
20/06/14 22:49:38 INFO mapreduce.Job:  map 86% reduce 28%
20/06/14 22:49:41 INFO mapreduce.Job:  map 86% reduce 29%
20/06/14 22:49:45 INFO mapreduce.Job:  map 87% reduce 29%
20/06/14 22:49:51 INFO mapreduce.Job:  map 88% reduce 29%
20/06/14 22:49:59 INFO mapreduce.Job:  map 89% reduce 29%
20/06/14 22:50:04 INFO mapreduce.Job:  map 90% reduce 29%
20/06/14 22:50:08 INFO mapreduce.Job:  map 91% reduce 30%
20/06/14 22:50:15 INFO mapreduce.Job:  map 92% reduce 30%
20/06/14 22:50:24 INFO mapreduce.Job:  map 93% reduce 30%
20/06/14 22:50:25 INFO mapreduce.Job:  map 94% reduce 30%
20/06/14 22:50:29 INFO mapreduce.Job:  map 95% reduce 31%
20/06/14 22:50:36 INFO mapreduce.Job:  map 96% reduce 31%
20/06/14 22:50:39 INFO mapreduce.Job:  map 97% reduce 31%
20/06/14 22:50:41 INFO mapreduce.Job:  map 97% reduce 32%
20/06/14 22:50:42 INFO mapreduce.Job:  map 98% reduce 32%
20/06/14 22:50:44 INFO mapreduce.Job:  map 98% reduce 33%
20/06/14 22:50:45 INFO mapreduce.Job:  map 99% reduce 33%
20/06/14 22:50:47 INFO mapreduce.Job:  map 100% reduce 33%
20/06/14 22:50:50 INFO mapreduce.Job:  map 100% reduce 69%
20/06/14 22:50:53 INFO mapreduce.Job:  map 100% reduce 75%
20/06/14 22:50:56 INFO mapreduce.Job:  map 100% reduce 80%
20/06/14 22:50:59 INFO mapreduce.Job:  map 100% reduce 86%
20/06/14 22:51:02 INFO mapreduce.Job:  map 100% reduce 94%
20/06/14 22:51:04 INFO mapreduce.Job:  map 100% reduce 100%
20/06/14 22:51:05 INFO mapreduce.Job: Job job_1592136775955_0020 completed successfully
20/06/14 22:51:06 INFO mapreduce.Job: Counters: 51
	File System Counters
		FILE: Number of bytes read=1449326147
		FILE: Number of bytes written=2161255421
		FILE: Number of read operations=0
		FILE: Number of large read operations=0
		FILE: Number of write operations=0
		HDFS: Number of bytes read=11025669564
		HDFS: Number of bytes written=333229171
		HDFS: Number of read operations=273
		HDFS: Number of large read operations=0
		HDFS: Number of write operations=2
	Job Counters 
		Killed map tasks=1
		Launched map tasks=90
		Launched reduce tasks=1
		Data-local map tasks=80
		Rack-local map tasks=10
		Total time spent by all maps in occupied slots (ms)=2775479
		Total time spent by all reduces in occupied slots (ms)=463685
		Total time spent by all map tasks (ms)=2775479
		Total time spent by all reduce tasks (ms)=463685
		Total vcore-milliseconds taken by all map tasks=2775479
		Total vcore-milliseconds taken by all reduce tasks=463685
		Total megabyte-milliseconds taken by all map tasks=2842090496
		Total megabyte-milliseconds taken by all reduce tasks=474813440
	Map-Reduce Framework
		Map input records=1179594
		Map output records=1009767860
		Map output bytes=15225044514
		Map output materialized bytes=700777381
		Input split bytes=10530
		Combine input records=1034538483
		Combine output records=47414618
		Reduce input groups=9908198
		Reduce shuffle bytes=700777381
		Reduce input records=22643995
		Reduce output records=9908198
		Spilled Records=70058613
		Shuffled Maps =90
		Failed Shuffles=0
		Merged Map outputs=90
		GC time elapsed (ms)=41629
		CPU time spent (ms)=2129130
		Physical memory (bytes) snapshot=25195249664
		Virtual memory (bytes) snapshot=191978151936
		Total committed heap usage (bytes)=18911068160
	Shuffle Errors
		BAD_ID=0
		CONNECTION=0
		IO_ERROR=0
		WRONG_LENGTH=0
		WRONG_MAP=0
		WRONG_REDUCE=0
	File Input Format Counters 
		Bytes Read=11025659034
	File Output Format Counters 
		Bytes Written=333229171
