20/06/14 21:23:25 INFO client.RMProxy: Connecting to ResourceManager at master/10.51.17.95:8032
20/06/14 21:23:26 INFO input.FileInputFormat: Total input paths to process : 10
20/06/14 21:23:26 INFO mapreduce.JobSubmitter: number of splits:90
20/06/14 21:23:27 INFO mapreduce.JobSubmitter: Submitting tokens for job: job_1592136775955_0004
20/06/14 21:23:27 INFO impl.YarnClientImpl: Submitted application application_1592136775955_0004
20/06/14 21:23:27 INFO mapreduce.Job: The url to track the job: http://master:8088/proxy/application_1592136775955_0004/
20/06/14 21:23:27 INFO mapreduce.Job: Running job: job_1592136775955_0004
20/06/14 21:23:35 INFO mapreduce.Job: Job job_1592136775955_0004 running in uber mode : false
20/06/14 21:23:35 INFO mapreduce.Job:  map 0% reduce 0%
20/06/14 21:23:47 INFO mapreduce.Job:  map 1% reduce 0%
20/06/14 21:23:49 INFO mapreduce.Job:  map 2% reduce 0%
20/06/14 21:23:57 INFO mapreduce.Job:  map 3% reduce 0%
20/06/14 21:24:04 INFO mapreduce.Job:  map 4% reduce 0%
20/06/14 21:24:07 INFO mapreduce.Job:  map 5% reduce 0%
20/06/14 21:24:13 INFO mapreduce.Job:  map 6% reduce 0%
20/06/14 21:24:18 INFO mapreduce.Job:  map 7% reduce 0%
20/06/14 21:24:20 INFO mapreduce.Job:  map 8% reduce 0%
20/06/14 21:24:28 INFO mapreduce.Job:  map 9% reduce 0%
20/06/14 21:24:30 INFO mapreduce.Job:  map 10% reduce 0%
20/06/14 21:24:37 INFO mapreduce.Job:  map 11% reduce 0%
20/06/14 21:24:43 INFO mapreduce.Job:  map 12% reduce 0%
20/06/14 21:24:49 INFO mapreduce.Job:  map 13% reduce 0%
20/06/14 21:24:52 INFO mapreduce.Job:  map 14% reduce 0%
20/06/14 21:24:56 INFO mapreduce.Job:  map 15% reduce 0%
20/06/14 21:24:57 INFO mapreduce.Job:  map 16% reduce 0%
20/06/14 21:25:07 INFO mapreduce.Job:  map 17% reduce 0%
20/06/14 21:25:11 INFO mapreduce.Job:  map 18% reduce 0%
20/06/14 21:25:17 INFO mapreduce.Job:  map 19% reduce 0%
20/06/14 21:25:22 INFO mapreduce.Job:  map 20% reduce 0%
20/06/14 21:25:27 INFO mapreduce.Job:  map 21% reduce 0%
20/06/14 21:25:32 INFO mapreduce.Job:  map 22% reduce 0%
20/06/14 21:25:35 INFO mapreduce.Job:  map 23% reduce 0%
20/06/14 21:25:41 INFO mapreduce.Job:  map 23% reduce 7%
20/06/14 21:25:44 INFO mapreduce.Job:  map 24% reduce 7%
20/06/14 21:25:48 INFO mapreduce.Job:  map 25% reduce 7%
20/06/14 21:25:50 INFO mapreduce.Job:  map 25% reduce 8%
20/06/14 21:25:51 INFO mapreduce.Job:  map 26% reduce 8%
20/06/14 21:25:58 INFO mapreduce.Job:  map 27% reduce 8%
20/06/14 21:26:01 INFO mapreduce.Job:  map 28% reduce 8%
20/06/14 21:26:02 INFO mapreduce.Job:  map 28% reduce 9%
20/06/14 21:26:09 INFO mapreduce.Job:  map 29% reduce 9%
20/06/14 21:26:14 INFO mapreduce.Job:  map 30% reduce 9%
20/06/14 21:26:15 INFO mapreduce.Job:  map 31% reduce 9%
20/06/14 21:26:17 INFO mapreduce.Job:  map 31% reduce 10%
20/06/14 21:26:24 INFO mapreduce.Job:  map 32% reduce 10%
20/06/14 21:26:29 INFO mapreduce.Job:  map 33% reduce 10%
20/06/14 21:26:33 INFO mapreduce.Job:  map 34% reduce 10%
20/06/14 21:26:38 INFO mapreduce.Job:  map 34% reduce 11%
20/06/14 21:26:40 INFO mapreduce.Job:  map 35% reduce 11%
20/06/14 21:26:43 INFO mapreduce.Job:  map 36% reduce 11%
20/06/14 21:26:45 INFO mapreduce.Job:  map 36% reduce 12%
20/06/14 21:26:51 INFO mapreduce.Job:  map 37% reduce 12%
20/06/14 21:26:55 INFO mapreduce.Job:  map 38% reduce 12%
20/06/14 21:27:00 INFO mapreduce.Job:  map 39% reduce 12%
20/06/14 21:27:05 INFO mapreduce.Job:  map 40% reduce 12%
20/06/14 21:27:08 INFO mapreduce.Job:  map 41% reduce 12%
20/06/14 21:27:09 INFO mapreduce.Job:  map 41% reduce 13%
20/06/14 21:27:12 INFO mapreduce.Job:  map 41% reduce 14%
20/06/14 21:27:15 INFO mapreduce.Job:  map 42% reduce 14%
20/06/14 21:27:21 INFO mapreduce.Job:  map 43% reduce 14%
20/06/14 21:27:24 INFO mapreduce.Job:  map 44% reduce 14%
20/06/14 21:27:31 INFO mapreduce.Job:  map 45% reduce 14%
20/06/14 21:27:34 INFO mapreduce.Job:  map 46% reduce 14%
20/06/14 21:27:36 INFO mapreduce.Job:  map 46% reduce 15%
20/06/14 21:27:39 INFO mapreduce.Job:  map 47% reduce 15%
20/06/14 21:27:42 INFO mapreduce.Job:  map 47% reduce 16%
20/06/14 21:27:43 INFO mapreduce.Job:  map 48% reduce 16%
20/06/14 21:27:49 INFO mapreduce.Job:  map 49% reduce 16%
20/06/14 21:27:54 INFO mapreduce.Job:  map 50% reduce 16%
20/06/14 21:27:59 INFO mapreduce.Job:  map 51% reduce 16%
20/06/14 21:28:04 INFO mapreduce.Job:  map 52% reduce 17%
20/06/14 21:28:08 INFO mapreduce.Job:  map 53% reduce 17%
20/06/14 21:28:14 INFO mapreduce.Job:  map 54% reduce 17%
20/06/14 21:28:20 INFO mapreduce.Job:  map 55% reduce 17%
20/06/14 21:28:22 INFO mapreduce.Job:  map 55% reduce 18%
20/06/14 21:28:26 INFO mapreduce.Job:  map 56% reduce 18%
20/06/14 21:28:30 INFO mapreduce.Job:  map 57% reduce 18%
20/06/14 21:28:34 INFO mapreduce.Job:  map 57% reduce 19%
20/06/14 21:28:35 INFO mapreduce.Job:  map 58% reduce 19%
20/06/14 21:28:39 INFO mapreduce.Job:  map 59% reduce 19%
20/06/14 21:28:45 INFO mapreduce.Job:  map 60% reduce 19%
20/06/14 21:28:47 INFO mapreduce.Job:  map 60% reduce 20%
20/06/14 21:28:51 INFO mapreduce.Job:  map 61% reduce 20%
20/06/14 21:28:52 INFO mapreduce.Job:  map 62% reduce 20%
20/06/14 21:28:55 INFO mapreduce.Job:  map 63% reduce 20%
20/06/14 21:29:01 INFO mapreduce.Job:  map 64% reduce 20%
20/06/14 21:29:02 INFO mapreduce.Job:  map 65% reduce 21%
20/06/14 21:29:07 INFO mapreduce.Job:  map 66% reduce 21%
20/06/14 21:29:09 INFO mapreduce.Job:  map 67% reduce 21%
20/06/14 21:29:11 INFO mapreduce.Job:  map 67% reduce 22%
20/06/14 21:29:12 INFO mapreduce.Job:  map 68% reduce 22%
20/06/14 21:29:14 INFO mapreduce.Job:  map 68% reduce 23%
20/06/14 21:29:16 INFO mapreduce.Job:  map 69% reduce 23%
20/06/14 21:29:23 INFO mapreduce.Job:  map 70% reduce 23%
20/06/14 21:29:27 INFO mapreduce.Job:  map 71% reduce 23%
20/06/14 21:29:33 INFO mapreduce.Job:  map 72% reduce 23%
20/06/14 21:29:39 INFO mapreduce.Job:  map 73% reduce 23%
20/06/14 21:29:40 INFO mapreduce.Job:  map 74% reduce 23%
20/06/14 21:29:42 INFO mapreduce.Job:  map 74% reduce 24%
20/06/14 21:29:48 INFO mapreduce.Job:  map 75% reduce 25%
20/06/14 21:29:53 INFO mapreduce.Job:  map 76% reduce 25%
20/06/14 21:29:58 INFO mapreduce.Job:  map 77% reduce 25%
20/06/14 21:30:04 INFO mapreduce.Job:  map 78% reduce 25%
20/06/14 21:30:06 INFO mapreduce.Job:  map 78% reduce 26%
20/06/14 21:30:07 INFO mapreduce.Job:  map 79% reduce 26%
20/06/14 21:30:12 INFO mapreduce.Job:  map 80% reduce 26%
20/06/14 21:30:16 INFO mapreduce.Job:  map 81% reduce 26%
20/06/14 21:30:18 INFO mapreduce.Job:  map 81% reduce 27%
20/06/14 21:30:23 INFO mapreduce.Job:  map 82% reduce 27%
20/06/14 21:30:29 INFO mapreduce.Job:  map 83% reduce 27%
20/06/14 21:30:34 INFO mapreduce.Job:  map 84% reduce 27%
20/06/14 21:30:36 INFO mapreduce.Job:  map 84% reduce 28%
20/06/14 21:30:38 INFO mapreduce.Job:  map 85% reduce 28%
20/06/14 21:30:43 INFO mapreduce.Job:  map 86% reduce 28%
20/06/14 21:30:48 INFO mapreduce.Job:  map 87% reduce 28%
20/06/14 21:30:51 INFO mapreduce.Job:  map 87% reduce 29%
20/06/14 21:30:53 INFO mapreduce.Job:  map 88% reduce 29%
20/06/14 21:30:59 INFO mapreduce.Job:  map 89% reduce 29%
20/06/14 21:31:04 INFO mapreduce.Job:  map 90% reduce 29%
20/06/14 21:31:06 INFO mapreduce.Job:  map 90% reduce 30%
20/06/14 21:31:08 INFO mapreduce.Job:  map 91% reduce 30%
20/06/14 21:31:12 INFO mapreduce.Job:  map 92% reduce 30%
20/06/14 21:31:16 INFO mapreduce.Job:  map 93% reduce 30%
20/06/14 21:31:19 INFO mapreduce.Job:  map 94% reduce 30%
20/06/14 21:31:21 INFO mapreduce.Job:  map 95% reduce 31%
20/06/14 21:31:25 INFO mapreduce.Job:  map 96% reduce 31%
20/06/14 21:31:27 INFO mapreduce.Job:  map 97% reduce 31%
20/06/14 21:31:28 INFO mapreduce.Job:  map 98% reduce 32%
20/06/14 21:31:30 INFO mapreduce.Job:  map 99% reduce 32%
20/06/14 21:31:31 INFO mapreduce.Job:  map 99% reduce 33%
20/06/14 21:31:34 INFO mapreduce.Job:  map 100% reduce 33%
20/06/14 21:31:37 INFO mapreduce.Job:  map 100% reduce 68%
20/06/14 21:31:40 INFO mapreduce.Job:  map 100% reduce 73%
20/06/14 21:31:43 INFO mapreduce.Job:  map 100% reduce 79%
20/06/14 21:31:46 INFO mapreduce.Job:  map 100% reduce 85%
20/06/14 21:31:49 INFO mapreduce.Job:  map 100% reduce 92%
20/06/14 21:31:51 INFO mapreduce.Job:  map 100% reduce 100%
20/06/14 21:31:52 INFO mapreduce.Job: Job job_1592136775955_0004 completed successfully
20/06/14 21:31:52 INFO mapreduce.Job: Counters: 51
	File System Counters
		FILE: Number of bytes read=1453547716
		FILE: Number of bytes written=2167585904
		FILE: Number of read operations=0
		FILE: Number of large read operations=0
		FILE: Number of write operations=0
		HDFS: Number of bytes read=11025645404
		HDFS: Number of bytes written=335023749
		HDFS: Number of read operations=273
		HDFS: Number of large read operations=0
		HDFS: Number of write operations=2
	Job Counters 
		Killed map tasks=1
		Launched map tasks=91
		Launched reduce tasks=1
		Data-local map tasks=74
		Rack-local map tasks=17
		Total time spent by all maps in occupied slots (ms)=2366575
		Total time spent by all reduces in occupied slots (ms)=379297
		Total time spent by all map tasks (ms)=2366575
		Total time spent by all reduce tasks (ms)=379297
		Total vcore-milliseconds taken by all map tasks=2366575
		Total vcore-milliseconds taken by all reduce tasks=379297
		Total megabyte-milliseconds taken by all map tasks=2423372800
		Total megabyte-milliseconds taken by all reduce tasks=388400128
	Map-Reduce Framework
		Map input records=1180559
		Map output records=1010229927
		Map output bytes=15226404631
		Map output materialized bytes=702886295
		Input split bytes=10530
		Combine input records=1035000215
		Combine output records=47413962
		Reduce input groups=9906138
		Reduce shuffle bytes=702886295
		Reduce input records=22643674
		Reduce output records=9906138
		Spilled Records=70057636
		Shuffled Maps =90
		Failed Shuffles=0
		Merged Map outputs=90
		GC time elapsed (ms)=31745
		CPU time spent (ms)=2137340
		Physical memory (bytes) snapshot=25144127488
		Virtual memory (bytes) snapshot=191923998720
		Total committed heap usage (bytes)=18918932480
	Shuffle Errors
		BAD_ID=0
		CONNECTION=0
		IO_ERROR=0
		WRONG_LENGTH=0
		WRONG_MAP=0
		WRONG_REDUCE=0
	File Input Format Counters 
		Bytes Read=11025634874
	File Output Format Counters 
		Bytes Written=335023749
