20/06/14 23:26:30 INFO client.RMProxy: Connecting to ResourceManager at master/10.51.17.95:8032
20/06/14 23:26:31 INFO input.FileInputFormat: Total input paths to process : 10
20/06/14 23:26:31 INFO mapreduce.JobSubmitter: number of splits:90
20/06/14 23:26:31 INFO mapreduce.JobSubmitter: Submitting tokens for job: job_1592143748615_0005
20/06/14 23:26:31 INFO impl.YarnClientImpl: Submitted application application_1592143748615_0005
20/06/14 23:26:31 INFO mapreduce.Job: The url to track the job: http://master:8088/proxy/application_1592143748615_0005/
20/06/14 23:26:31 INFO mapreduce.Job: Running job: job_1592143748615_0005
20/06/14 23:26:36 INFO mapreduce.Job: Job job_1592143748615_0005 running in uber mode : false
20/06/14 23:26:36 INFO mapreduce.Job:  map 0% reduce 0%
20/06/14 23:26:49 INFO mapreduce.Job:  map 1% reduce 0%
20/06/14 23:26:52 INFO mapreduce.Job:  map 2% reduce 0%
20/06/14 23:26:58 INFO mapreduce.Job:  map 3% reduce 0%
20/06/14 23:27:01 INFO mapreduce.Job:  map 4% reduce 0%
20/06/14 23:27:09 INFO mapreduce.Job:  map 5% reduce 0%
20/06/14 23:27:12 INFO mapreduce.Job:  map 6% reduce 0%
20/06/14 23:27:16 INFO mapreduce.Job:  map 7% reduce 0%
20/06/14 23:27:19 INFO mapreduce.Job:  map 8% reduce 0%
20/06/14 23:27:25 INFO mapreduce.Job:  map 9% reduce 0%
20/06/14 23:27:30 INFO mapreduce.Job:  map 10% reduce 0%
20/06/14 23:27:33 INFO mapreduce.Job:  map 11% reduce 0%
20/06/14 23:27:36 INFO mapreduce.Job:  map 12% reduce 0%
20/06/14 23:27:39 INFO mapreduce.Job:  map 13% reduce 0%
20/06/14 23:27:46 INFO mapreduce.Job:  map 14% reduce 0%
20/06/14 23:27:51 INFO mapreduce.Job:  map 15% reduce 0%
20/06/14 23:27:54 INFO mapreduce.Job:  map 16% reduce 4%
20/06/14 23:28:00 INFO mapreduce.Job:  map 17% reduce 4%
20/06/14 23:28:03 INFO mapreduce.Job:  map 18% reduce 5%
20/06/14 23:28:10 INFO mapreduce.Job:  map 19% reduce 5%
20/06/14 23:28:16 INFO mapreduce.Job:  map 20% reduce 5%
20/06/14 23:28:19 INFO mapreduce.Job:  map 21% reduce 5%
20/06/14 23:28:26 INFO mapreduce.Job:  map 22% reduce 5%
20/06/14 23:28:27 INFO mapreduce.Job:  map 23% reduce 5%
20/06/14 23:28:28 INFO mapreduce.Job:  map 23% reduce 6%
20/06/14 23:28:31 INFO mapreduce.Job:  map 24% reduce 6%
20/06/14 23:28:34 INFO mapreduce.Job:  map 24% reduce 7%
20/06/14 23:28:35 INFO mapreduce.Job:  map 25% reduce 7%
20/06/14 23:28:37 INFO mapreduce.Job:  map 25% reduce 8%
20/06/14 23:28:41 INFO mapreduce.Job:  map 26% reduce 8%
20/06/14 23:28:44 INFO mapreduce.Job:  map 27% reduce 8%
20/06/14 23:28:47 INFO mapreduce.Job:  map 27% reduce 9%
20/06/14 23:28:52 INFO mapreduce.Job:  map 28% reduce 9%
20/06/14 23:28:57 INFO mapreduce.Job:  map 29% reduce 9%
20/06/14 23:29:02 INFO mapreduce.Job:  map 30% reduce 9%
20/06/14 23:29:07 INFO mapreduce.Job:  map 31% reduce 9%
20/06/14 23:29:13 INFO mapreduce.Job:  map 32% reduce 9%
20/06/14 23:29:16 INFO mapreduce.Job:  map 33% reduce 9%
20/06/14 23:29:20 INFO mapreduce.Job:  map 34% reduce 10%
20/06/14 23:29:25 INFO mapreduce.Job:  map 35% reduce 10%
20/06/14 23:29:28 INFO mapreduce.Job:  map 36% reduce 10%
20/06/14 23:29:29 INFO mapreduce.Job:  map 37% reduce 12%
20/06/14 23:29:30 INFO mapreduce.Job:  map 38% reduce 12%
20/06/14 23:29:32 INFO mapreduce.Job:  map 38% reduce 13%
20/06/14 23:29:37 INFO mapreduce.Job:  map 39% reduce 13%
20/06/14 23:29:42 INFO mapreduce.Job:  map 40% reduce 13%
20/06/14 23:29:48 INFO mapreduce.Job:  map 41% reduce 13%
20/06/14 23:29:54 INFO mapreduce.Job:  map 42% reduce 13%
20/06/14 23:30:00 INFO mapreduce.Job:  map 43% reduce 13%
20/06/14 23:30:06 INFO mapreduce.Job:  map 44% reduce 13%
20/06/14 23:30:08 INFO mapreduce.Job:  map 45% reduce 13%
20/06/14 23:30:11 INFO mapreduce.Job:  map 46% reduce 13%
20/06/14 23:30:12 INFO mapreduce.Job:  map 46% reduce 14%
20/06/14 23:30:14 INFO mapreduce.Job:  map 47% reduce 14%
20/06/14 23:30:15 INFO mapreduce.Job:  map 47% reduce 15%
20/06/14 23:30:21 INFO mapreduce.Job:  map 48% reduce 15%
20/06/14 23:30:27 INFO mapreduce.Job:  map 49% reduce 15%
20/06/14 23:30:30 INFO mapreduce.Job:  map 50% reduce 16%
20/06/14 23:30:39 INFO mapreduce.Job:  map 51% reduce 16%
20/06/14 23:30:44 INFO mapreduce.Job:  map 52% reduce 16%
20/06/14 23:30:50 INFO mapreduce.Job:  map 53% reduce 16%
20/06/14 23:30:54 INFO mapreduce.Job:  map 54% reduce 16%
20/06/14 23:30:58 INFO mapreduce.Job:  map 54% reduce 17%
20/06/14 23:30:59 INFO mapreduce.Job:  map 55% reduce 17%
20/06/14 23:31:01 INFO mapreduce.Job:  map 56% reduce 17%
20/06/14 23:31:04 INFO mapreduce.Job:  map 56% reduce 18%
20/06/14 23:31:08 INFO mapreduce.Job:  map 57% reduce 18%
20/06/14 23:31:10 INFO mapreduce.Job:  map 57% reduce 19%
20/06/14 23:31:13 INFO mapreduce.Job:  map 58% reduce 19%
20/06/14 23:31:18 INFO mapreduce.Job:  map 59% reduce 19%
20/06/14 23:31:21 INFO mapreduce.Job:  map 60% reduce 19%
20/06/14 23:31:27 INFO mapreduce.Job:  map 61% reduce 19%
20/06/14 23:31:35 INFO mapreduce.Job:  map 62% reduce 19%
20/06/14 23:31:37 INFO mapreduce.Job:  map 63% reduce 20%
20/06/14 23:31:42 INFO mapreduce.Job:  map 64% reduce 20%
20/06/14 23:31:43 INFO mapreduce.Job:  map 64% reduce 21%
20/06/14 23:31:45 INFO mapreduce.Job:  map 65% reduce 21%
20/06/14 23:31:52 INFO mapreduce.Job:  map 66% reduce 21%
20/06/14 23:31:58 INFO mapreduce.Job:  map 67% reduce 21%
20/06/14 23:32:00 INFO mapreduce.Job:  map 68% reduce 21%
20/06/14 23:32:01 INFO mapreduce.Job:  map 68% reduce 22%
20/06/14 23:32:06 INFO mapreduce.Job:  map 69% reduce 22%
20/06/14 23:32:13 INFO mapreduce.Job:  map 70% reduce 22%
20/06/14 23:32:17 INFO mapreduce.Job:  map 71% reduce 22%
20/06/14 23:32:23 INFO mapreduce.Job:  map 71% reduce 23%
20/06/14 23:32:24 INFO mapreduce.Job:  map 72% reduce 23%
20/06/14 23:32:26 INFO mapreduce.Job:  map 73% reduce 23%
20/06/14 23:32:29 INFO mapreduce.Job:  map 73% reduce 24%
20/06/14 23:32:33 INFO mapreduce.Job:  map 74% reduce 24%
20/06/14 23:32:40 INFO mapreduce.Job:  map 75% reduce 24%
20/06/14 23:32:45 INFO mapreduce.Job:  map 76% reduce 24%
20/06/14 23:32:51 INFO mapreduce.Job:  map 77% reduce 24%
20/06/14 23:32:56 INFO mapreduce.Job:  map 78% reduce 24%
20/06/14 23:32:59 INFO mapreduce.Job:  map 79% reduce 24%
20/06/14 23:33:00 INFO mapreduce.Job:  map 79% reduce 25%
20/06/14 23:33:02 INFO mapreduce.Job:  map 80% reduce 25%
20/06/14 23:33:03 INFO mapreduce.Job:  map 80% reduce 26%
20/06/14 23:33:06 INFO mapreduce.Job:  map 81% reduce 26%
20/06/14 23:33:08 INFO mapreduce.Job:  map 82% reduce 26%
20/06/14 23:33:12 INFO mapreduce.Job:  map 82% reduce 27%
20/06/14 23:33:13 INFO mapreduce.Job:  map 83% reduce 27%
20/06/14 23:33:19 INFO mapreduce.Job:  map 84% reduce 27%
20/06/14 23:33:23 INFO mapreduce.Job:  map 85% reduce 27%
20/06/14 23:33:29 INFO mapreduce.Job:  map 86% reduce 27%
20/06/14 23:33:32 INFO mapreduce.Job:  map 87% reduce 27%
20/06/14 23:33:35 INFO mapreduce.Job:  map 88% reduce 27%
20/06/14 23:33:39 INFO mapreduce.Job:  map 88% reduce 28%
20/06/14 23:33:40 INFO mapreduce.Job:  map 89% reduce 28%
20/06/14 23:33:44 INFO mapreduce.Job:  map 90% reduce 28%
20/06/14 23:33:45 INFO mapreduce.Job:  map 90% reduce 29%
20/06/14 23:33:46 INFO mapreduce.Job:  map 91% reduce 29%
20/06/14 23:33:48 INFO mapreduce.Job:  map 92% reduce 30%
20/06/14 23:33:50 INFO mapreduce.Job:  map 93% reduce 30%
20/06/14 23:33:54 INFO mapreduce.Job:  map 95% reduce 30%
20/06/14 23:33:56 INFO mapreduce.Job:  map 96% reduce 30%
20/06/14 23:33:57 INFO mapreduce.Job:  map 96% reduce 32%
20/06/14 23:33:59 INFO mapreduce.Job:  map 98% reduce 32%
20/06/14 23:34:00 INFO mapreduce.Job:  map 100% reduce 33%
20/06/14 23:34:03 INFO mapreduce.Job:  map 100% reduce 70%
20/06/14 23:34:06 INFO mapreduce.Job:  map 100% reduce 75%
20/06/14 23:34:09 INFO mapreduce.Job:  map 100% reduce 80%
20/06/14 23:34:12 INFO mapreduce.Job:  map 100% reduce 86%
20/06/14 23:34:15 INFO mapreduce.Job:  map 100% reduce 93%
20/06/14 23:34:18 INFO mapreduce.Job:  map 100% reduce 100%
20/06/14 23:34:20 INFO mapreduce.Job: Job job_1592143748615_0005 completed successfully
20/06/14 23:34:21 INFO mapreduce.Job: Counters: 51
	File System Counters
		FILE: Number of bytes read=1681573118
		FILE: Number of bytes written=2490475022
		FILE: Number of read operations=0
		FILE: Number of large read operations=0
		FILE: Number of write operations=0
		HDFS: Number of bytes read=11025540221
		HDFS: Number of bytes written=480081679
		HDFS: Number of read operations=273
		HDFS: Number of large read operations=0
		HDFS: Number of write operations=2
	Job Counters 
		Killed map tasks=1
		Launched map tasks=91
		Launched reduce tasks=1
		Data-local map tasks=63
		Rack-local map tasks=28
		Total time spent by all maps in occupied slots (ms)=3875916
		Total time spent by all reduces in occupied slots (ms)=398291
		Total time spent by all map tasks (ms)=3875916
		Total time spent by all reduce tasks (ms)=398291
		Total vcore-milliseconds taken by all map tasks=3875916
		Total vcore-milliseconds taken by all reduce tasks=398291
		Total megabyte-milliseconds taken by all map tasks=3968937984
		Total megabyte-milliseconds taken by all reduce tasks=407849984
	Map-Reduce Framework
		Map input records=266135
		Map output records=1009892672
		Map output bytes=19258209206
		Map output materialized bytes=797718798
		Input split bytes=10530
		Combine input records=1034884738
		Combine output records=47599888
		Reduce input groups=9843166
		Reduce shuffle bytes=797718798
		Reduce input records=22607822
		Reduce output records=9843166
		Spilled Records=70885775
		Shuffled Maps =90
		Failed Shuffles=0
		Merged Map outputs=90
		GC time elapsed (ms)=72922
		CPU time spent (ms)=2292030
		Physical memory (bytes) snapshot=25041117184
		Virtual memory (bytes) snapshot=191928254464
		Total committed heap usage (bytes)=18928893952
	Shuffle Errors
		BAD_ID=0
		CONNECTION=0
		IO_ERROR=0
		WRONG_LENGTH=0
		WRONG_MAP=0
		WRONG_REDUCE=0
	File Input Format Counters 
		Bytes Read=11025529691
	File Output Format Counters 
		Bytes Written=480081679
20/06/14 23:34:21 INFO client.RMProxy: Connecting to ResourceManager at master/10.51.17.95:8032
20/06/14 23:34:21 INFO input.FileInputFormat: Total input paths to process : 1
20/06/14 23:34:21 INFO mapreduce.JobSubmitter: number of splits:4
20/06/14 23:34:21 INFO mapreduce.JobSubmitter: Submitting tokens for job: job_1592143748615_0006
20/06/14 23:34:21 INFO impl.YarnClientImpl: Submitted application application_1592143748615_0006
20/06/14 23:34:21 INFO mapreduce.Job: The url to track the job: http://master:8088/proxy/application_1592143748615_0006/
20/06/14 23:34:21 INFO mapreduce.Job: Running job: job_1592143748615_0006
20/06/14 23:34:30 INFO mapreduce.Job: Job job_1592143748615_0006 running in uber mode : false
20/06/14 23:34:30 INFO mapreduce.Job:  map 0% reduce 0%
20/06/14 23:34:41 INFO mapreduce.Job:  map 60% reduce 0%
20/06/14 23:34:44 INFO mapreduce.Job:  map 73% reduce 0%
20/06/14 23:34:45 INFO mapreduce.Job:  map 80% reduce 0%
20/06/14 23:34:46 INFO mapreduce.Job:  map 87% reduce 0%
20/06/14 23:34:47 INFO mapreduce.Job:  map 92% reduce 0%
20/06/14 23:34:50 INFO mapreduce.Job:  map 100% reduce 0%
20/06/14 23:34:52 INFO mapreduce.Job:  map 100% reduce 72%
20/06/14 23:34:55 INFO mapreduce.Job:  map 100% reduce 84%
20/06/14 23:34:58 INFO mapreduce.Job:  map 100% reduce 97%
20/06/14 23:35:00 INFO mapreduce.Job:  map 100% reduce 100%
20/06/14 23:35:00 INFO mapreduce.Job: Job job_1592143748615_0006 completed successfully
20/06/14 23:35:00 INFO mapreduce.Job: Counters: 50
	File System Counters
		FILE: Number of bytes read=832662186
		FILE: Number of bytes written=1249605102
		FILE: Number of read operations=0
		FILE: Number of large read operations=0
		FILE: Number of write operations=0
		HDFS: Number of bytes read=480084530
		HDFS: Number of bytes written=338242746
		HDFS: Number of read operations=19
		HDFS: Number of large read operations=0
		HDFS: Number of write operations=2
	Job Counters 
		Killed map tasks=1
		Launched map tasks=5
		Launched reduce tasks=1
		Data-local map tasks=5
		Total time spent by all maps in occupied slots (ms)=62084
		Total time spent by all reduces in occupied slots (ms)=14915
		Total time spent by all map tasks (ms)=62084
		Total time spent by all reduce tasks (ms)=14915
		Total vcore-milliseconds taken by all map tasks=62084
		Total vcore-milliseconds taken by all reduce tasks=14915
		Total megabyte-milliseconds taken by all map tasks=63574016
		Total megabyte-milliseconds taken by all reduce tasks=15272960
	Map-Reduce Framework
		Map input records=9843166
		Map output records=9843166
		Map output bytes=396644725
		Map output materialized bytes=416331081
		Input split bytes=508
		Combine input records=0
		Combine output records=0
		Reduce input groups=1236
		Reduce shuffle bytes=416331081
		Reduce input records=9843166
		Reduce output records=9843166
		Spilled Records=29529498
		Shuffled Maps =4
		Failed Shuffles=0
		Merged Map outputs=4
		GC time elapsed (ms)=1902
		CPU time spent (ms)=44580
		Physical memory (bytes) snapshot=1280094208
		Virtual memory (bytes) snapshot=10549510144
		Total committed heap usage (bytes)=942669824
	Shuffle Errors
		BAD_ID=0
		CONNECTION=0
		IO_ERROR=0
		WRONG_LENGTH=0
		WRONG_MAP=0
		WRONG_REDUCE=0
	File Input Format Counters 
		Bytes Read=480084022
	File Output Format Counters 
		Bytes Written=338242746
