20/06/14 23:56:55 INFO client.RMProxy: Connecting to ResourceManager at master/10.51.17.95:8032
20/06/14 23:56:55 INFO input.FileInputFormat: Total input paths to process : 10
20/06/14 23:56:55 INFO mapreduce.JobSubmitter: number of splits:90
20/06/14 23:56:55 INFO mapreduce.JobSubmitter: Submitting tokens for job: job_1592143748615_0013
20/06/14 23:56:56 INFO impl.YarnClientImpl: Submitted application application_1592143748615_0013
20/06/14 23:56:56 INFO mapreduce.Job: The url to track the job: http://master:8088/proxy/application_1592143748615_0013/
20/06/14 23:56:56 INFO mapreduce.Job: Running job: job_1592143748615_0013
20/06/14 23:57:01 INFO mapreduce.Job: Job job_1592143748615_0013 running in uber mode : false
20/06/14 23:57:01 INFO mapreduce.Job:  map 0% reduce 0%
20/06/14 23:57:13 INFO mapreduce.Job:  map 1% reduce 0%
20/06/14 23:57:15 INFO mapreduce.Job:  map 2% reduce 0%
20/06/14 23:57:22 INFO mapreduce.Job:  map 3% reduce 0%
20/06/14 23:57:25 INFO mapreduce.Job:  map 4% reduce 0%
20/06/14 23:57:34 INFO mapreduce.Job:  map 5% reduce 0%
20/06/14 23:57:37 INFO mapreduce.Job:  map 6% reduce 0%
20/06/14 23:57:40 INFO mapreduce.Job:  map 7% reduce 0%
20/06/14 23:57:43 INFO mapreduce.Job:  map 8% reduce 0%
20/06/14 23:57:51 INFO mapreduce.Job:  map 9% reduce 0%
20/06/14 23:57:53 INFO mapreduce.Job:  map 10% reduce 0%
20/06/14 23:57:58 INFO mapreduce.Job:  map 11% reduce 0%
20/06/14 23:58:00 INFO mapreduce.Job:  map 12% reduce 0%
20/06/14 23:58:02 INFO mapreduce.Job:  map 13% reduce 0%
20/06/14 23:58:10 INFO mapreduce.Job:  map 14% reduce 0%
20/06/14 23:58:13 INFO mapreduce.Job:  map 15% reduce 0%
20/06/14 23:58:15 INFO mapreduce.Job:  map 15% reduce 4%
20/06/14 23:58:18 INFO mapreduce.Job:  map 16% reduce 4%
20/06/14 23:58:21 INFO mapreduce.Job:  map 17% reduce 5%
20/06/14 23:58:27 INFO mapreduce.Job:  map 18% reduce 5%
20/06/14 23:58:32 INFO mapreduce.Job:  map 19% reduce 5%
20/06/14 23:58:37 INFO mapreduce.Job:  map 20% reduce 5%
20/06/14 23:58:43 INFO mapreduce.Job:  map 21% reduce 5%
20/06/14 23:58:45 INFO mapreduce.Job:  map 21% reduce 6%
20/06/14 23:58:46 INFO mapreduce.Job:  map 22% reduce 6%
20/06/14 23:58:51 INFO mapreduce.Job:  map 23% reduce 6%
20/06/14 23:58:53 INFO mapreduce.Job:  map 24% reduce 6%
20/06/14 23:58:55 INFO mapreduce.Job:  map 24% reduce 7%
20/06/14 23:58:57 INFO mapreduce.Job:  map 25% reduce 7%
20/06/14 23:59:01 INFO mapreduce.Job:  map 25% reduce 8%
20/06/14 23:59:02 INFO mapreduce.Job:  map 26% reduce 8%
20/06/14 23:59:04 INFO mapreduce.Job:  map 26% reduce 9%
20/06/14 23:59:06 INFO mapreduce.Job:  map 27% reduce 9%
20/06/14 23:59:12 INFO mapreduce.Job:  map 28% reduce 9%
20/06/14 23:59:17 INFO mapreduce.Job:  map 29% reduce 9%
20/06/14 23:59:22 INFO mapreduce.Job:  map 30% reduce 9%
20/06/14 23:59:29 INFO mapreduce.Job:  map 31% reduce 9%
20/06/14 23:59:33 INFO mapreduce.Job:  map 32% reduce 9%
20/06/14 23:59:38 INFO mapreduce.Job:  map 33% reduce 9%
20/06/14 23:59:40 INFO mapreduce.Job:  map 34% reduce 9%
20/06/14 23:59:41 INFO mapreduce.Job:  map 34% reduce 10%
20/06/14 23:59:43 INFO mapreduce.Job:  map 35% reduce 10%
20/06/14 23:59:44 INFO mapreduce.Job:  map 35% reduce 11%
20/06/14 23:59:49 INFO mapreduce.Job:  map 36% reduce 11%
20/06/14 23:59:50 INFO mapreduce.Job:  map 36% reduce 12%
20/06/14 23:59:52 INFO mapreduce.Job:  map 37% reduce 12%
20/06/14 23:59:58 INFO mapreduce.Job:  map 38% reduce 12%
20/06/15 00:00:04 INFO mapreduce.Job:  map 39% reduce 12%
20/06/15 00:00:09 INFO mapreduce.Job:  map 40% reduce 12%
20/06/15 00:00:15 INFO mapreduce.Job:  map 41% reduce 12%
20/06/15 00:00:17 INFO mapreduce.Job:  map 42% reduce 12%
20/06/15 00:00:21 INFO mapreduce.Job:  map 42% reduce 13%
20/06/15 00:00:23 INFO mapreduce.Job:  map 43% reduce 13%
20/06/15 00:00:27 INFO mapreduce.Job:  map 44% reduce 13%
20/06/15 00:00:30 INFO mapreduce.Job:  map 44% reduce 14%
20/06/15 00:00:32 INFO mapreduce.Job:  map 45% reduce 14%
20/06/15 00:00:34 INFO mapreduce.Job:  map 46% reduce 14%
20/06/15 00:00:39 INFO mapreduce.Job:  map 46% reduce 15%
20/06/15 00:00:40 INFO mapreduce.Job:  map 47% reduce 15%
20/06/15 00:00:45 INFO mapreduce.Job:  map 48% reduce 15%
20/06/15 00:00:50 INFO mapreduce.Job:  map 49% reduce 15%
20/06/15 00:00:54 INFO mapreduce.Job:  map 50% reduce 16%
20/06/15 00:00:59 INFO mapreduce.Job:  map 51% reduce 16%
20/06/15 00:01:03 INFO mapreduce.Job:  map 52% reduce 16%
20/06/15 00:01:08 INFO mapreduce.Job:  map 53% reduce 16%
20/06/15 00:01:12 INFO mapreduce.Job:  map 53% reduce 17%
20/06/15 00:01:13 INFO mapreduce.Job:  map 54% reduce 17%
20/06/15 00:01:18 INFO mapreduce.Job:  map 55% reduce 17%
20/06/15 00:01:25 INFO mapreduce.Job:  map 56% reduce 17%
20/06/15 00:01:28 INFO mapreduce.Job:  map 57% reduce 17%
20/06/15 00:01:31 INFO mapreduce.Job:  map 58% reduce 18%
20/06/15 00:01:36 INFO mapreduce.Job:  map 59% reduce 18%
20/06/15 00:01:37 INFO mapreduce.Job:  map 59% reduce 19%
20/06/15 00:01:40 INFO mapreduce.Job:  map 60% reduce 19%
20/06/15 00:01:43 INFO mapreduce.Job:  map 61% reduce 20%
20/06/15 00:01:48 INFO mapreduce.Job:  map 62% reduce 20%
20/06/15 00:01:54 INFO mapreduce.Job:  map 63% reduce 20%
20/06/15 00:02:00 INFO mapreduce.Job:  map 64% reduce 20%
20/06/15 00:02:06 INFO mapreduce.Job:  map 65% reduce 20%
20/06/15 00:02:09 INFO mapreduce.Job:  map 66% reduce 20%
20/06/15 00:02:15 INFO mapreduce.Job:  map 67% reduce 20%
20/06/15 00:02:16 INFO mapreduce.Job:  map 67% reduce 21%
20/06/15 00:02:19 INFO mapreduce.Job:  map 68% reduce 21%
20/06/15 00:02:20 INFO mapreduce.Job:  map 69% reduce 21%
20/06/15 00:02:22 INFO mapreduce.Job:  map 69% reduce 22%
20/06/15 00:02:25 INFO mapreduce.Job:  map 70% reduce 23%
20/06/15 00:02:29 INFO mapreduce.Job:  map 71% reduce 23%
20/06/15 00:02:31 INFO mapreduce.Job:  map 73% reduce 23%
20/06/15 00:02:34 INFO mapreduce.Job:  map 74% reduce 23%
20/06/15 00:02:36 INFO mapreduce.Job:  map 75% reduce 23%
20/06/15 00:02:37 INFO mapreduce.Job:  map 75% reduce 24%
20/06/15 00:02:39 INFO mapreduce.Job:  map 76% reduce 24%
20/06/15 00:02:41 INFO mapreduce.Job:  map 76% reduce 25%
20/06/15 00:02:44 INFO mapreduce.Job:  map 77% reduce 25%
20/06/15 00:02:52 INFO mapreduce.Job:  map 78% reduce 25%
20/06/15 00:02:55 INFO mapreduce.Job:  map 79% reduce 25%
20/06/15 00:02:58 INFO mapreduce.Job:  map 80% reduce 25%
20/06/15 00:02:59 INFO mapreduce.Job:  map 80% reduce 26%
20/06/15 00:03:05 INFO mapreduce.Job:  map 81% reduce 26%
20/06/15 00:03:09 INFO mapreduce.Job:  map 82% reduce 26%
20/06/15 00:03:15 INFO mapreduce.Job:  map 83% reduce 26%
20/06/15 00:03:21 INFO mapreduce.Job:  map 84% reduce 27%
20/06/15 00:03:26 INFO mapreduce.Job:  map 85% reduce 27%
20/06/15 00:03:29 INFO mapreduce.Job:  map 86% reduce 27%
20/06/15 00:03:32 INFO mapreduce.Job:  map 87% reduce 27%
20/06/15 00:03:33 INFO mapreduce.Job:  map 87% reduce 28%
20/06/15 00:03:36 INFO mapreduce.Job:  map 88% reduce 28%
20/06/15 00:03:39 INFO mapreduce.Job:  map 88% reduce 29%
20/06/15 00:03:41 INFO mapreduce.Job:  map 89% reduce 29%
20/06/15 00:03:46 INFO mapreduce.Job:  map 90% reduce 29%
20/06/15 00:03:47 INFO mapreduce.Job:  map 91% reduce 29%
20/06/15 00:03:48 INFO mapreduce.Job:  map 92% reduce 29%
20/06/15 00:03:51 INFO mapreduce.Job:  map 93% reduce 30%
20/06/15 00:03:52 INFO mapreduce.Job:  map 94% reduce 30%
20/06/15 00:03:54 INFO mapreduce.Job:  map 94% reduce 31%
20/06/15 00:03:55 INFO mapreduce.Job:  map 95% reduce 31%
20/06/15 00:03:57 INFO mapreduce.Job:  map 96% reduce 31%
20/06/15 00:03:59 INFO mapreduce.Job:  map 97% reduce 31%
20/06/15 00:04:00 INFO mapreduce.Job:  map 97% reduce 32%
20/06/15 00:04:02 INFO mapreduce.Job:  map 98% reduce 32%
20/06/15 00:04:09 INFO mapreduce.Job:  map 99% reduce 32%
20/06/15 00:04:13 INFO mapreduce.Job:  map 99% reduce 33%
20/06/15 00:04:14 INFO mapreduce.Job:  map 100% reduce 33%
20/06/15 00:04:16 INFO mapreduce.Job:  map 100% reduce 67%
20/06/15 00:04:19 INFO mapreduce.Job:  map 100% reduce 72%
20/06/15 00:04:22 INFO mapreduce.Job:  map 100% reduce 76%
20/06/15 00:04:25 INFO mapreduce.Job:  map 100% reduce 81%
20/06/15 00:04:28 INFO mapreduce.Job:  map 100% reduce 87%
20/06/15 00:04:31 INFO mapreduce.Job:  map 100% reduce 95%
20/06/15 00:04:33 INFO mapreduce.Job:  map 100% reduce 100%
20/06/15 00:04:33 INFO mapreduce.Job: Job job_1592143748615_0013 completed successfully
20/06/15 00:04:33 INFO mapreduce.Job: Counters: 51
	File System Counters
		FILE: Number of bytes read=1750542690
		FILE: Number of bytes written=2593578759
		FILE: Number of read operations=0
		FILE: Number of large read operations=0
		FILE: Number of write operations=0
		HDFS: Number of bytes read=11026464288
		HDFS: Number of bytes written=509347355
		HDFS: Number of read operations=273
		HDFS: Number of large read operations=0
		HDFS: Number of write operations=2
	Job Counters 
		Killed map tasks=1
		Launched map tasks=91
		Launched reduce tasks=1
		Data-local map tasks=80
		Rack-local map tasks=11
		Total time spent by all maps in occupied slots (ms)=3776672
		Total time spent by all reduces in occupied slots (ms)=388704
		Total time spent by all map tasks (ms)=3776672
		Total time spent by all reduce tasks (ms)=388704
		Total vcore-milliseconds taken by all map tasks=3776672
		Total vcore-milliseconds taken by all reduce tasks=388704
		Total megabyte-milliseconds taken by all map tasks=3867312128
		Total megabyte-milliseconds taken by all reduce tasks=398032896
	Map-Reduce Framework
		Map input records=266143
		Map output records=1008520168
		Map output bytes=19252750198
		Map output materialized bytes=831852963
		Input split bytes=10530
		Combine input records=1033505249
		Combine output records=47588359
		Reduce input groups=9838217
		Reduce shuffle bytes=831852963
		Reduce input records=22603278
		Reduce output records=9838217
		Spilled Records=70868888
		Shuffled Maps =90
		Failed Shuffles=0
		Merged Map outputs=90
		GC time elapsed (ms)=71671
		CPU time spent (ms)=2210550
		Physical memory (bytes) snapshot=25102053376
		Virtual memory (bytes) snapshot=191955587072
		Total committed heap usage (bytes)=18935709696
	Shuffle Errors
		BAD_ID=0
		CONNECTION=0
		IO_ERROR=0
		WRONG_LENGTH=0
		WRONG_MAP=0
		WRONG_REDUCE=0
	File Input Format Counters 
		Bytes Read=11026453758
	File Output Format Counters 
		Bytes Written=509347355
20/06/15 00:04:33 INFO client.RMProxy: Connecting to ResourceManager at master/10.51.17.95:8032
20/06/15 00:04:33 INFO input.FileInputFormat: Total input paths to process : 1
20/06/15 00:04:34 INFO mapreduce.JobSubmitter: number of splits:4
20/06/15 00:04:34 INFO mapreduce.JobSubmitter: Submitting tokens for job: job_1592143748615_0014
20/06/15 00:04:34 INFO impl.YarnClientImpl: Submitted application application_1592143748615_0014
20/06/15 00:04:34 INFO mapreduce.Job: The url to track the job: http://master:8088/proxy/application_1592143748615_0014/
20/06/15 00:04:34 INFO mapreduce.Job: Running job: job_1592143748615_0014
20/06/15 00:04:43 INFO mapreduce.Job: Job job_1592143748615_0014 running in uber mode : false
20/06/15 00:04:43 INFO mapreduce.Job:  map 0% reduce 0%
20/06/15 00:04:54 INFO mapreduce.Job:  map 9% reduce 0%
20/06/15 00:04:55 INFO mapreduce.Job:  map 52% reduce 0%
20/06/15 00:04:57 INFO mapreduce.Job:  map 72% reduce 0%
20/06/15 00:04:58 INFO mapreduce.Job:  map 76% reduce 0%
20/06/15 00:05:00 INFO mapreduce.Job:  map 86% reduce 0%
20/06/15 00:05:01 INFO mapreduce.Job:  map 92% reduce 0%
20/06/15 00:05:03 INFO mapreduce.Job:  map 100% reduce 0%
20/06/15 00:05:06 INFO mapreduce.Job:  map 100% reduce 78%
20/06/15 00:05:09 INFO mapreduce.Job:  map 100% reduce 88%
20/06/15 00:05:13 INFO mapreduce.Job:  map 100% reduce 100%
20/06/15 00:05:13 INFO mapreduce.Job: Job job_1592143748615_0014 completed successfully
20/06/15 00:05:14 INFO mapreduce.Job: Counters: 50
	File System Counters
		FILE: Number of bytes read=890694886
		FILE: Number of bytes written=1336654152
		FILE: Number of read operations=0
		FILE: Number of large read operations=0
		FILE: Number of write operations=0
		HDFS: Number of bytes read=509352275
		HDFS: Number of bytes written=367298675
		HDFS: Number of read operations=19
		HDFS: Number of large read operations=0
		HDFS: Number of write operations=2
	Job Counters 
		Killed map tasks=1
		Launched map tasks=5
		Launched reduce tasks=1
		Data-local map tasks=5
		Total time spent by all maps in occupied slots (ms)=63018
		Total time spent by all reduces in occupied slots (ms)=13651
		Total time spent by all map tasks (ms)=63018
		Total time spent by all reduce tasks (ms)=13651
		Total vcore-milliseconds taken by all map tasks=63018
		Total vcore-milliseconds taken by all reduce tasks=13651
		Total megabyte-milliseconds taken by all map tasks=64530432
		Total megabyte-milliseconds taken by all reduce tasks=13978624
	Map-Reduce Framework
		Map input records=9838217
		Map output records=9838217
		Map output bytes=425670973
		Map output materialized bytes=445347431
		Input split bytes=508
		Combine input records=0
		Combine output records=0
		Reduce input groups=1229
		Reduce shuffle bytes=445347431
		Reduce input records=9838217
		Reduce output records=9838217
		Spilled Records=29514651
		Shuffled Maps =4
		Failed Shuffles=0
		Merged Map outputs=4
		GC time elapsed (ms)=1684
		CPU time spent (ms)=46580
		Physical memory (bytes) snapshot=1282867200
		Virtual memory (bytes) snapshot=10553069568
		Total committed heap usage (bytes)=943194112
	Shuffle Errors
		BAD_ID=0
		CONNECTION=0
		IO_ERROR=0
		WRONG_LENGTH=0
		WRONG_MAP=0
		WRONG_REDUCE=0
	File Input Format Counters 
		Bytes Read=509351767
	File Output Format Counters 
		Bytes Written=367298675
