20/06/15 00:38:37 INFO client.RMProxy: Connecting to ResourceManager at master/10.51.17.95:8032
20/06/15 00:38:38 INFO input.FileInputFormat: Total input paths to process : 10
20/06/15 00:38:39 INFO mapreduce.JobSubmitter: number of splits:90
20/06/15 00:38:39 INFO mapreduce.JobSubmitter: Submitting tokens for job: job_1592143748615_0021
20/06/15 00:38:40 INFO impl.YarnClientImpl: Submitted application application_1592143748615_0021
20/06/15 00:38:40 INFO mapreduce.Job: The url to track the job: http://master:8088/proxy/application_1592143748615_0021/
20/06/15 00:38:40 INFO mapreduce.Job: Running job: job_1592143748615_0021
20/06/15 00:38:47 INFO mapreduce.Job: Job job_1592143748615_0021 running in uber mode : false
20/06/15 00:38:47 INFO mapreduce.Job:  map 0% reduce 0%
20/06/15 00:39:00 INFO mapreduce.Job:  map 1% reduce 0%
20/06/15 00:39:03 INFO mapreduce.Job:  map 2% reduce 0%
20/06/15 00:39:12 INFO mapreduce.Job:  map 3% reduce 0%
20/06/15 00:39:15 INFO mapreduce.Job:  map 4% reduce 0%
20/06/15 00:39:24 INFO mapreduce.Job:  map 5% reduce 0%
20/06/15 00:39:27 INFO mapreduce.Job:  map 6% reduce 0%
20/06/15 00:39:31 INFO mapreduce.Job:  map 7% reduce 0%
20/06/15 00:39:33 INFO mapreduce.Job:  map 8% reduce 0%
20/06/15 00:39:42 INFO mapreduce.Job:  map 9% reduce 0%
20/06/15 00:39:46 INFO mapreduce.Job:  map 10% reduce 0%
20/06/15 00:39:52 INFO mapreduce.Job:  map 11% reduce 0%
20/06/15 00:39:54 INFO mapreduce.Job:  map 12% reduce 0%
20/06/15 00:39:55 INFO mapreduce.Job:  map 13% reduce 0%
20/06/15 00:40:03 INFO mapreduce.Job:  map 14% reduce 0%
20/06/15 00:40:10 INFO mapreduce.Job:  map 15% reduce 4%
20/06/15 00:40:12 INFO mapreduce.Job:  map 16% reduce 4%
20/06/15 00:40:16 INFO mapreduce.Job:  map 16% reduce 5%
20/06/15 00:40:17 INFO mapreduce.Job:  map 17% reduce 5%
20/06/15 00:40:21 INFO mapreduce.Job:  map 18% reduce 5%
20/06/15 00:40:29 INFO mapreduce.Job:  map 19% reduce 5%
20/06/15 00:40:33 INFO mapreduce.Job:  map 20% reduce 5%
20/06/15 00:40:41 INFO mapreduce.Job:  map 21% reduce 5%
20/06/15 00:40:44 INFO mapreduce.Job:  map 22% reduce 6%
20/06/15 00:40:49 INFO mapreduce.Job:  map 23% reduce 6%
20/06/15 00:40:53 INFO mapreduce.Job:  map 24% reduce 6%
20/06/15 00:40:55 INFO mapreduce.Job:  map 25% reduce 6%
20/06/15 00:40:56 INFO mapreduce.Job:  map 25% reduce 7%
20/06/15 00:40:59 INFO mapreduce.Job:  map 26% reduce 8%
20/06/15 00:41:06 INFO mapreduce.Job:  map 27% reduce 8%
20/06/15 00:41:09 INFO mapreduce.Job:  map 27% reduce 9%
20/06/15 00:41:11 INFO mapreduce.Job:  map 28% reduce 9%
20/06/15 00:41:19 INFO mapreduce.Job:  map 29% reduce 9%
20/06/15 00:41:23 INFO mapreduce.Job:  map 30% reduce 9%
20/06/15 00:41:30 INFO mapreduce.Job:  map 31% reduce 9%
20/06/15 00:41:36 INFO mapreduce.Job:  map 32% reduce 9%
20/06/15 00:41:38 INFO mapreduce.Job:  map 33% reduce 9%
20/06/15 00:41:42 INFO mapreduce.Job:  map 34% reduce 9%
20/06/15 00:41:45 INFO mapreduce.Job:  map 34% reduce 10%
20/06/15 00:41:48 INFO mapreduce.Job:  map 35% reduce 10%
20/06/15 00:41:51 INFO mapreduce.Job:  map 36% reduce 10%
20/06/15 00:41:52 INFO mapreduce.Job:  map 36% reduce 11%
20/06/15 00:41:55 INFO mapreduce.Job:  map 36% reduce 12%
20/06/15 00:41:56 INFO mapreduce.Job:  map 37% reduce 12%
20/06/15 00:42:03 INFO mapreduce.Job:  map 38% reduce 12%
20/06/15 00:42:09 INFO mapreduce.Job:  map 39% reduce 12%
20/06/15 00:42:15 INFO mapreduce.Job:  map 40% reduce 12%
20/06/15 00:42:22 INFO mapreduce.Job:  map 41% reduce 12%
20/06/15 00:42:26 INFO mapreduce.Job:  map 42% reduce 12%
20/06/15 00:42:28 INFO mapreduce.Job:  map 42% reduce 13%
20/06/15 00:42:31 INFO mapreduce.Job:  map 43% reduce 13%
20/06/15 00:42:34 INFO mapreduce.Job:  map 44% reduce 13%
20/06/15 00:42:39 INFO mapreduce.Job:  map 45% reduce 13%
20/06/15 00:42:40 INFO mapreduce.Job:  map 45% reduce 14%
20/06/15 00:42:42 INFO mapreduce.Job:  map 46% reduce 14%
20/06/15 00:42:46 INFO mapreduce.Job:  map 46% reduce 15%
20/06/15 00:42:48 INFO mapreduce.Job:  map 47% reduce 15%
20/06/15 00:42:52 INFO mapreduce.Job:  map 48% reduce 15%
20/06/15 00:42:59 INFO mapreduce.Job:  map 49% reduce 15%
20/06/15 00:43:05 INFO mapreduce.Job:  map 50% reduce 15%
20/06/15 00:43:07 INFO mapreduce.Job:  map 51% reduce 15%
20/06/15 00:43:08 INFO mapreduce.Job:  map 51% reduce 16%
20/06/15 00:43:11 INFO mapreduce.Job:  map 52% reduce 16%
20/06/15 00:43:18 INFO mapreduce.Job:  map 53% reduce 16%
20/06/15 00:43:24 INFO mapreduce.Job:  map 54% reduce 16%
20/06/15 00:43:26 INFO mapreduce.Job:  map 54% reduce 17%
20/06/15 00:43:29 INFO mapreduce.Job:  map 55% reduce 17%
20/06/15 00:43:32 INFO mapreduce.Job:  map 56% reduce 17%
20/06/15 00:43:35 INFO mapreduce.Job:  map 57% reduce 18%
20/06/15 00:43:42 INFO mapreduce.Job:  map 58% reduce 19%
20/06/15 00:43:46 INFO mapreduce.Job:  map 59% reduce 19%
20/06/15 00:43:50 INFO mapreduce.Job:  map 60% reduce 19%
20/06/15 00:43:54 INFO mapreduce.Job:  map 61% reduce 20%
20/06/15 00:44:01 INFO mapreduce.Job:  map 62% reduce 20%
20/06/15 00:44:06 INFO mapreduce.Job:  map 63% reduce 20%
20/06/15 00:44:12 INFO mapreduce.Job:  map 64% reduce 20%
20/06/15 00:44:18 INFO mapreduce.Job:  map 65% reduce 20%
20/06/15 00:44:23 INFO mapreduce.Job:  map 66% reduce 20%
20/06/15 00:44:29 INFO mapreduce.Job:  map 67% reduce 20%
20/06/15 00:44:31 INFO mapreduce.Job:  map 67% reduce 21%
20/06/15 00:44:32 INFO mapreduce.Job:  map 68% reduce 21%
20/06/15 00:44:34 INFO mapreduce.Job:  map 69% reduce 21%
20/06/15 00:44:37 INFO mapreduce.Job:  map 69% reduce 22%
20/06/15 00:44:39 INFO mapreduce.Job:  map 70% reduce 22%
20/06/15 00:44:40 INFO mapreduce.Job:  map 70% reduce 23%
20/06/15 00:44:41 INFO mapreduce.Job:  map 71% reduce 23%
20/06/15 00:44:45 INFO mapreduce.Job:  map 72% reduce 23%
20/06/15 00:44:50 INFO mapreduce.Job:  map 74% reduce 23%
20/06/15 00:44:51 INFO mapreduce.Job:  map 74% reduce 24%
20/06/15 00:44:52 INFO mapreduce.Job:  map 75% reduce 24%
20/06/15 00:44:58 INFO mapreduce.Job:  map 76% reduce 24%
20/06/15 00:45:02 INFO mapreduce.Job:  map 77% reduce 24%
20/06/15 00:45:04 INFO mapreduce.Job:  map 77% reduce 25%
20/06/15 00:45:07 INFO mapreduce.Job:  map 78% reduce 25%
20/06/15 00:45:12 INFO mapreduce.Job:  map 79% reduce 25%
20/06/15 00:45:15 INFO mapreduce.Job:  map 80% reduce 25%
20/06/15 00:45:19 INFO mapreduce.Job:  map 81% reduce 26%
20/06/15 00:45:25 INFO mapreduce.Job:  map 82% reduce 26%
20/06/15 00:45:27 INFO mapreduce.Job:  map 83% reduce 26%
20/06/15 00:45:28 INFO mapreduce.Job:  map 83% reduce 27%
20/06/15 00:45:32 INFO mapreduce.Job:  map 84% reduce 27%
20/06/15 00:45:38 INFO mapreduce.Job:  map 85% reduce 27%
20/06/15 00:45:41 INFO mapreduce.Job:  map 85% reduce 28%
20/06/15 00:45:42 INFO mapreduce.Job:  map 86% reduce 28%
20/06/15 00:45:46 INFO mapreduce.Job:  map 87% reduce 28%
20/06/15 00:45:51 INFO mapreduce.Job:  map 88% reduce 28%
20/06/15 00:45:56 INFO mapreduce.Job:  map 89% reduce 28%
20/06/15 00:45:59 INFO mapreduce.Job:  map 90% reduce 28%
20/06/15 00:46:02 INFO mapreduce.Job:  map 90% reduce 29%
20/06/15 00:46:03 INFO mapreduce.Job:  map 91% reduce 29%
20/06/15 00:46:07 INFO mapreduce.Job:  map 92% reduce 29%
20/06/15 00:46:11 INFO mapreduce.Job:  map 93% reduce 29%
20/06/15 00:46:12 INFO mapreduce.Job:  map 93% reduce 30%
20/06/15 00:46:14 INFO mapreduce.Job:  map 94% reduce 30%
20/06/15 00:46:16 INFO mapreduce.Job:  map 95% reduce 30%
20/06/15 00:46:18 INFO mapreduce.Job:  map 96% reduce 31%
20/06/15 00:46:19 INFO mapreduce.Job:  map 97% reduce 31%
20/06/15 00:46:22 INFO mapreduce.Job:  map 98% reduce 31%
20/06/15 00:46:23 INFO mapreduce.Job:  map 99% reduce 31%
20/06/15 00:46:24 INFO mapreduce.Job:  map 100% reduce 33%
20/06/15 00:46:27 INFO mapreduce.Job:  map 100% reduce 67%
20/06/15 00:46:30 INFO mapreduce.Job:  map 100% reduce 72%
20/06/15 00:46:33 INFO mapreduce.Job:  map 100% reduce 77%
20/06/15 00:46:36 INFO mapreduce.Job:  map 100% reduce 82%
20/06/15 00:46:39 INFO mapreduce.Job:  map 100% reduce 88%
20/06/15 00:46:42 INFO mapreduce.Job:  map 100% reduce 95%
20/06/15 00:46:44 INFO mapreduce.Job:  map 100% reduce 100%
20/06/15 00:46:44 INFO mapreduce.Job: Job job_1592143748615_0021 completed successfully
20/06/15 00:46:44 INFO mapreduce.Job: Counters: 51
	File System Counters
		FILE: Number of bytes read=1609339107
		FILE: Number of bytes written=2381824008
		FILE: Number of read operations=0
		FILE: Number of large read operations=0
		FILE: Number of write operations=0
		HDFS: Number of bytes read=11025619094
		HDFS: Number of bytes written=443152598
		HDFS: Number of read operations=273
		HDFS: Number of large read operations=0
		HDFS: Number of write operations=2
	Job Counters 
		Killed map tasks=1
		Launched map tasks=91
		Launched reduce tasks=1
		Data-local map tasks=80
		Rack-local map tasks=11
		Total time spent by all maps in occupied slots (ms)=4033224
		Total time spent by all reduces in occupied slots (ms)=406442
		Total time spent by all map tasks (ms)=4033224
		Total time spent by all reduce tasks (ms)=406442
		Total vcore-milliseconds taken by all map tasks=4033224
		Total vcore-milliseconds taken by all reduce tasks=406442
		Total megabyte-milliseconds taken by all map tasks=4130021376
		Total megabyte-milliseconds taken by all reduce tasks=416196608
	Map-Reduce Framework
		Map input records=723218
		Map output records=1011726605
		Map output bytes=19267439458
		Map output materialized bytes=761301795
		Input split bytes=10530
		Combine input records=1036707039
		Combine output records=47533960
		Reduce input groups=9655052
		Reduce shuffle bytes=761301795
		Reduce input records=22553526
		Reduce output records=9655052
		Spilled Records=70765840
		Shuffled Maps =90
		Failed Shuffles=0
		Merged Map outputs=90
		GC time elapsed (ms)=75532
		CPU time spent (ms)=2366290
		Physical memory (bytes) snapshot=25042206720
		Virtual memory (bytes) snapshot=191902351360
		Total committed heap usage (bytes)=18934661120
	Shuffle Errors
		BAD_ID=0
		CONNECTION=0
		IO_ERROR=0
		WRONG_LENGTH=0
		WRONG_MAP=0
		WRONG_REDUCE=0
	File Input Format Counters 
		Bytes Read=11025608564
	File Output Format Counters 
		Bytes Written=443152598
20/06/15 00:46:44 INFO client.RMProxy: Connecting to ResourceManager at master/10.51.17.95:8032
20/06/15 00:46:44 INFO input.FileInputFormat: Total input paths to process : 1
20/06/15 00:46:45 INFO mapreduce.JobSubmitter: number of splits:4
20/06/15 00:46:45 INFO mapreduce.JobSubmitter: Submitting tokens for job: job_1592143748615_0022
20/06/15 00:46:45 INFO impl.YarnClientImpl: Submitted application application_1592143748615_0022
20/06/15 00:46:45 INFO mapreduce.Job: The url to track the job: http://master:8088/proxy/application_1592143748615_0022/
20/06/15 00:46:45 INFO mapreduce.Job: Running job: job_1592143748615_0022
20/06/15 00:46:56 INFO mapreduce.Job: Job job_1592143748615_0022 running in uber mode : false
20/06/15 00:46:56 INFO mapreduce.Job:  map 0% reduce 0%
20/06/15 00:47:06 INFO mapreduce.Job:  map 25% reduce 0%
20/06/15 00:47:08 INFO mapreduce.Job:  map 62% reduce 0%
20/06/15 00:47:11 INFO mapreduce.Job:  map 80% reduce 0%
20/06/15 00:47:14 INFO mapreduce.Job:  map 96% reduce 0%
20/06/15 00:47:16 INFO mapreduce.Job:  map 100% reduce 0%
20/06/15 00:47:18 INFO mapreduce.Job:  map 100% reduce 68%
20/06/15 00:47:21 INFO mapreduce.Job:  map 100% reduce 81%
20/06/15 00:47:24 INFO mapreduce.Job:  map 100% reduce 83%
20/06/15 00:47:27 INFO mapreduce.Job:  map 100% reduce 92%
20/06/15 00:47:30 INFO mapreduce.Job:  map 100% reduce 100%
20/06/15 00:47:39 INFO mapreduce.Job: Job job_1592143748615_0022 completed successfully
20/06/15 00:47:39 INFO mapreduce.Job: Counters: 51
	File System Counters
		FILE: Number of bytes read=724961279
		FILE: Number of bytes written=1106462518
		FILE: Number of read operations=0
		FILE: Number of large read operations=0
		FILE: Number of write operations=0
		HDFS: Number of bytes read=443155993
		HDFS: Number of bytes written=304308626
		HDFS: Number of read operations=19
		HDFS: Number of large read operations=0
		HDFS: Number of write operations=2
	Job Counters 
		Killed map tasks=1
		Launched map tasks=5
		Launched reduce tasks=1
		Data-local map tasks=4
		Rack-local map tasks=1
		Total time spent by all maps in occupied slots (ms)=56873
		Total time spent by all reduces in occupied slots (ms)=22212
		Total time spent by all map tasks (ms)=56873
		Total time spent by all reduce tasks (ms)=22212
		Total vcore-milliseconds taken by all map tasks=56873
		Total vcore-milliseconds taken by all reduce tasks=22212
		Total megabyte-milliseconds taken by all map tasks=58237952
		Total megabyte-milliseconds taken by all reduce tasks=22745088
	Map-Reduce Framework
		Map input records=9655052
		Map output records=9655052
		Map output bytes=361579276
		Map output materialized bytes=380889404
		Input split bytes=508
		Combine input records=0
		Combine output records=0
		Reduce input groups=1259
		Reduce shuffle bytes=380889404
		Reduce input records=9655052
		Reduce output records=9655052
		Spilled Records=28417174
		Shuffled Maps =4
		Failed Shuffles=0
		Merged Map outputs=4
		GC time elapsed (ms)=1934
		CPU time spent (ms)=43410
		Physical memory (bytes) snapshot=1286889472
		Virtual memory (bytes) snapshot=10542387200
		Total committed heap usage (bytes)=934805504
	Shuffle Errors
		BAD_ID=0
		CONNECTION=0
		IO_ERROR=0
		WRONG_LENGTH=0
		WRONG_MAP=0
		WRONG_REDUCE=0
	File Input Format Counters 
		Bytes Read=443155485
	File Output Format Counters 
		Bytes Written=304308626
