20/06/14 23:41:36 INFO client.RMProxy: Connecting to ResourceManager at master/10.51.17.95:8032
20/06/14 23:41:37 INFO input.FileInputFormat: Total input paths to process : 16
20/06/14 23:41:37 INFO mapreduce.JobSubmitter: number of splits:16
20/06/14 23:41:38 INFO mapreduce.JobSubmitter: Submitting tokens for job: job_1592143748615_0009
20/06/14 23:41:38 INFO impl.YarnClientImpl: Submitted application application_1592143748615_0009
20/06/14 23:41:38 INFO mapreduce.Job: The url to track the job: http://master:8088/proxy/application_1592143748615_0009/
20/06/14 23:41:38 INFO mapreduce.Job: Running job: job_1592143748615_0009
20/06/14 23:41:45 INFO mapreduce.Job: Job job_1592143748615_0009 running in uber mode : false
20/06/14 23:41:45 INFO mapreduce.Job:  map 0% reduce 0%
20/06/14 23:41:57 INFO mapreduce.Job:  map 17% reduce 0%
20/06/14 23:42:02 INFO mapreduce.Job:  map 42% reduce 0%
20/06/14 23:42:35 INFO mapreduce.Job:  map 44% reduce 0%
20/06/14 23:42:36 INFO mapreduce.Job:  map 46% reduce 0%
20/06/14 23:42:37 INFO mapreduce.Job:  map 48% reduce 0%
20/06/14 23:42:41 INFO mapreduce.Job:  map 50% reduce 0%
20/06/14 23:42:47 INFO mapreduce.Job:  map 58% reduce 0%
20/06/14 23:42:48 INFO mapreduce.Job:  map 63% reduce 0%
20/06/14 23:42:52 INFO mapreduce.Job:  map 63% reduce 8%
20/06/14 23:43:02 INFO mapreduce.Job:  map 67% reduce 8%
20/06/14 23:43:03 INFO mapreduce.Job:  map 73% reduce 8%
20/06/14 23:43:04 INFO mapreduce.Job:  map 75% reduce 19%
20/06/14 23:43:07 INFO mapreduce.Job:  map 75% reduce 21%
20/06/14 23:43:11 INFO mapreduce.Job:  map 81% reduce 21%
20/06/14 23:43:12 INFO mapreduce.Job:  map 85% reduce 21%
20/06/14 23:43:13 INFO mapreduce.Job:  map 92% reduce 23%
20/06/14 23:43:15 INFO mapreduce.Job:  map 94% reduce 23%
20/06/14 23:43:16 INFO mapreduce.Job:  map 94% reduce 27%
20/06/14 23:43:34 INFO mapreduce.Job:  map 96% reduce 27%
20/06/14 23:43:36 INFO mapreduce.Job:  map 98% reduce 27%
20/06/14 23:43:37 INFO mapreduce.Job:  map 98% reduce 31%
20/06/14 23:43:38 INFO mapreduce.Job:  map 100% reduce 31%
20/06/14 23:43:39 INFO mapreduce.Job:  map 100% reduce 100%
20/06/14 23:43:39 INFO mapreduce.Job: Job job_1592143748615_0009 completed successfully
20/06/14 23:43:39 INFO mapreduce.Job: Counters: 50
	File System Counters
		FILE: Number of bytes read=358
		FILE: Number of bytes written=2089003
		FILE: Number of read operations=0
		FILE: Number of large read operations=0
		FILE: Number of write operations=0
		HDFS: Number of bytes read=4182
		HDFS: Number of bytes written=215
		HDFS: Number of read operations=67
		HDFS: Number of large read operations=0
		HDFS: Number of write operations=3
	Job Counters 
		Launched map tasks=16
		Launched reduce tasks=1
		Data-local map tasks=14
		Rack-local map tasks=2
		Total time spent by all maps in occupied slots (ms)=864807
		Total time spent by all reduces in occupied slots (ms)=57240
		Total time spent by all map tasks (ms)=864807
		Total time spent by all reduce tasks (ms)=57240
		Total vcore-milliseconds taken by all map tasks=864807
		Total vcore-milliseconds taken by all reduce tasks=57240
		Total megabyte-milliseconds taken by all map tasks=885562368
		Total megabyte-milliseconds taken by all reduce tasks=58613760
	Map-Reduce Framework
		Map input records=16
		Map output records=32
		Map output bytes=288
		Map output materialized bytes=448
		Input split bytes=2294
		Combine input records=0
		Combine output records=0
		Reduce input groups=2
		Reduce shuffle bytes=448
		Reduce input records=32
		Reduce output records=0
		Spilled Records=64
		Shuffled Maps =16
		Failed Shuffles=0
		Merged Map outputs=16
		GC time elapsed (ms)=5888
		CPU time spent (ms)=518100
		Physical memory (bytes) snapshot=4369723392
		Virtual memory (bytes) snapshot=35807285248
		Total committed heap usage (bytes)=3342336000
	Shuffle Errors
		BAD_ID=0
		CONNECTION=0
		IO_ERROR=0
		WRONG_LENGTH=0
		WRONG_MAP=0
		WRONG_REDUCE=0
	File Input Format Counters 
		Bytes Read=1888
	File Output Format Counters 
		Bytes Written=97
