20/06/15 00:50:59 INFO client.RMProxy: Connecting to ResourceManager at master/10.51.17.95:8032
20/06/15 00:51:00 INFO client.RMProxy: Connecting to ResourceManager at master/10.51.17.95:8032
20/06/15 00:51:00 INFO input.FileInputFormat: Total input paths to process : 10
20/06/15 00:51:01 INFO mapreduce.JobSubmitter: number of splits:80
20/06/15 00:51:01 INFO mapreduce.JobSubmitter: Submitting tokens for job: job_1592143748615_0024
20/06/15 00:51:01 INFO impl.YarnClientImpl: Submitted application application_1592143748615_0024
20/06/15 00:51:01 INFO mapreduce.Job: The url to track the job: http://master:8088/proxy/application_1592143748615_0024/
20/06/15 00:51:01 INFO mapreduce.Job: Running job: job_1592143748615_0024
20/06/15 00:51:22 INFO mapreduce.Job: Job job_1592143748615_0024 running in uber mode : false
20/06/15 00:51:22 INFO mapreduce.Job:  map 0% reduce 0%
20/06/15 00:51:35 INFO mapreduce.Job:  map 1% reduce 0%
20/06/15 00:51:36 INFO mapreduce.Job:  map 4% reduce 0%
20/06/15 00:51:37 INFO mapreduce.Job:  map 5% reduce 0%
20/06/15 00:51:39 INFO mapreduce.Job:  map 11% reduce 0%
20/06/15 00:51:45 INFO mapreduce.Job:  map 12% reduce 0%
20/06/15 00:51:52 INFO mapreduce.Job:  map 13% reduce 0%
20/06/15 00:51:55 INFO mapreduce.Job:  map 14% reduce 0%
20/06/15 00:52:04 INFO mapreduce.Job:  map 14% reduce 1%
20/06/15 00:52:05 INFO mapreduce.Job:  map 15% reduce 1%
20/06/15 00:52:07 INFO mapreduce.Job:  map 17% reduce 2%
20/06/15 00:52:10 INFO mapreduce.Job:  map 18% reduce 2%
20/06/15 00:52:13 INFO mapreduce.Job:  map 19% reduce 2%
20/06/15 00:52:17 INFO mapreduce.Job:  map 20% reduce 2%
20/06/15 00:52:21 INFO mapreduce.Job:  map 21% reduce 2%
20/06/15 00:52:28 INFO mapreduce.Job:  map 22% reduce 2%
20/06/15 00:52:34 INFO mapreduce.Job:  map 23% reduce 2%
20/06/15 00:52:40 INFO mapreduce.Job:  map 24% reduce 2%
20/06/15 00:52:41 INFO mapreduce.Job:  map 25% reduce 2%
20/06/15 00:52:43 INFO mapreduce.Job:  map 27% reduce 3%
20/06/15 00:52:47 INFO mapreduce.Job:  map 28% reduce 3%
20/06/15 00:52:49 INFO mapreduce.Job:  map 29% reduce 3%
20/06/15 00:52:53 INFO mapreduce.Job:  map 30% reduce 3%
20/06/15 00:52:58 INFO mapreduce.Job:  map 30% reduce 4%
20/06/15 00:52:59 INFO mapreduce.Job:  map 31% reduce 4%
20/06/15 00:53:02 INFO mapreduce.Job:  map 31% reduce 5%
20/06/15 00:53:05 INFO mapreduce.Job:  map 32% reduce 5%
20/06/15 00:53:15 INFO mapreduce.Job:  map 33% reduce 5%
20/06/15 00:53:21 INFO mapreduce.Job:  map 34% reduce 5%
20/06/15 00:53:33 INFO mapreduce.Job:  map 36% reduce 5%
20/06/15 00:53:36 INFO mapreduce.Job:  map 37% reduce 5%
20/06/15 00:53:39 INFO mapreduce.Job:  map 37% reduce 6%
20/06/15 00:53:42 INFO mapreduce.Job:  map 38% reduce 6%
20/06/15 00:53:46 INFO mapreduce.Job:  map 38% reduce 7%
20/06/15 00:53:48 INFO mapreduce.Job:  map 39% reduce 7%
20/06/15 00:53:49 INFO mapreduce.Job:  map 40% reduce 7%
20/06/15 00:53:50 INFO mapreduce.Job:  map 40% reduce 8%
20/06/15 00:53:51 INFO mapreduce.Job:  map 41% reduce 8%
20/06/15 00:53:55 INFO mapreduce.Job:  map 41% reduce 9%
20/06/15 00:54:03 INFO mapreduce.Job:  map 42% reduce 9%
20/06/15 00:54:09 INFO mapreduce.Job:  map 43% reduce 9%
20/06/15 00:54:12 INFO mapreduce.Job:  map 44% reduce 9%
20/06/15 00:54:16 INFO mapreduce.Job:  map 45% reduce 9%
20/06/15 00:54:17 INFO mapreduce.Job:  map 45% reduce 10%
20/06/15 00:54:18 INFO mapreduce.Job:  map 46% reduce 10%
20/06/15 00:54:20 INFO mapreduce.Job:  map 47% reduce 10%
20/06/15 00:54:25 INFO mapreduce.Job:  map 48% reduce 10%
20/06/15 00:54:34 INFO mapreduce.Job:  map 49% reduce 10%
20/06/15 00:54:35 INFO mapreduce.Job:  map 49% reduce 11%
20/06/15 00:54:42 INFO mapreduce.Job:  map 50% reduce 11%
20/06/15 00:54:45 INFO mapreduce.Job:  map 51% reduce 11%
20/06/15 00:54:58 INFO mapreduce.Job:  map 52% reduce 11%
20/06/15 00:55:05 INFO mapreduce.Job:  map 52% reduce 12%
20/06/15 00:55:06 INFO mapreduce.Job:  map 53% reduce 12%
20/06/15 00:55:13 INFO mapreduce.Job:  map 54% reduce 12%
20/06/15 00:55:14 INFO mapreduce.Job:  map 55% reduce 12%
20/06/15 00:55:22 INFO mapreduce.Job:  map 56% reduce 12%
20/06/15 00:55:25 INFO mapreduce.Job:  map 57% reduce 12%
20/06/15 00:55:28 INFO mapreduce.Job:  map 58% reduce 12%
20/06/15 00:55:41 INFO mapreduce.Job:  map 58% reduce 13%
20/06/15 00:55:43 INFO mapreduce.Job:  map 59% reduce 13%
20/06/15 00:55:48 INFO mapreduce.Job:  map 60% reduce 13%
20/06/15 00:55:49 INFO mapreduce.Job:  map 61% reduce 13%
20/06/15 00:55:52 INFO mapreduce.Job:  map 62% reduce 13%
20/06/15 00:55:58 INFO mapreduce.Job:  map 63% reduce 13%
20/06/15 00:56:03 INFO mapreduce.Job:  map 64% reduce 14%
20/06/15 00:56:05 INFO mapreduce.Job:  map 65% reduce 14%
20/06/15 00:56:07 INFO mapreduce.Job:  map 66% reduce 14%
20/06/15 00:56:08 INFO mapreduce.Job:  map 66% reduce 15%
20/06/15 00:56:11 INFO mapreduce.Job:  map 67% reduce 15%
20/06/15 00:56:14 INFO mapreduce.Job:  map 68% reduce 15%
20/06/15 00:56:27 INFO mapreduce.Job:  map 69% reduce 15%
20/06/15 00:56:36 INFO mapreduce.Job:  map 70% reduce 15%
20/06/15 00:56:40 INFO mapreduce.Job:  map 71% reduce 16%
20/06/15 00:56:43 INFO mapreduce.Job:  map 72% reduce 16%
20/06/15 00:56:45 INFO mapreduce.Job:  map 73% reduce 16%
20/06/15 00:56:57 INFO mapreduce.Job:  map 74% reduce 16%
20/06/15 00:57:01 INFO mapreduce.Job:  map 75% reduce 16%
20/06/15 00:57:03 INFO mapreduce.Job:  map 76% reduce 16%
20/06/15 00:57:04 INFO mapreduce.Job:  map 76% reduce 17%
20/06/15 00:57:06 INFO mapreduce.Job:  map 77% reduce 17%
20/06/15 00:57:12 INFO mapreduce.Job:  map 78% reduce 17%
20/06/15 00:57:18 INFO mapreduce.Job:  map 79% reduce 18%
20/06/15 00:57:26 INFO mapreduce.Job:  map 80% reduce 18%
20/06/15 00:57:27 INFO mapreduce.Job:  map 81% reduce 18%
20/06/15 00:57:30 INFO mapreduce.Job:  map 82% reduce 18%
20/06/15 00:57:32 INFO mapreduce.Job:  map 82% reduce 19%
20/06/15 00:57:33 INFO mapreduce.Job:  map 83% reduce 19%
20/06/15 00:57:39 INFO mapreduce.Job:  map 84% reduce 19%
20/06/15 00:57:48 INFO mapreduce.Job:  map 85% reduce 19%
20/06/15 00:57:50 INFO mapreduce.Job:  map 85% reduce 20%
20/06/15 00:57:57 INFO mapreduce.Job:  map 86% reduce 20%
20/06/15 00:58:03 INFO mapreduce.Job:  map 87% reduce 20%
20/06/15 00:58:05 INFO mapreduce.Job:  map 87% reduce 21%
20/06/15 00:58:19 INFO mapreduce.Job:  map 88% reduce 21%
20/06/15 00:58:34 INFO mapreduce.Job:  map 89% reduce 21%
20/06/15 00:58:35 INFO mapreduce.Job:  map 90% reduce 21%
20/06/15 00:58:37 INFO mapreduce.Job:  map 90% reduce 22%
20/06/15 00:58:40 INFO mapreduce.Job:  map 91% reduce 22%
20/06/15 00:58:43 INFO mapreduce.Job:  map 92% reduce 22%
20/06/15 00:58:52 INFO mapreduce.Job:  map 93% reduce 22%
20/06/15 00:58:57 INFO mapreduce.Job:  map 93% reduce 23%
20/06/15 00:59:06 INFO mapreduce.Job:  map 94% reduce 23%
20/06/15 00:59:09 INFO mapreduce.Job:  map 95% reduce 23%
20/06/15 00:59:12 INFO mapreduce.Job:  map 96% reduce 23%
20/06/15 00:59:18 INFO mapreduce.Job:  map 97% reduce 23%
20/06/15 00:59:49 INFO mapreduce.Job:  map 98% reduce 23%
20/06/15 00:59:51 INFO mapreduce.Job:  map 98% reduce 24%
20/06/15 00:59:56 INFO mapreduce.Job:  map 99% reduce 24%
20/06/15 01:00:04 INFO mapreduce.Job:  map 100% reduce 24%
20/06/15 01:00:07 INFO mapreduce.Job:  map 100% reduce 25%
20/06/15 01:00:12 INFO mapreduce.Job:  map 100% reduce 29%
20/06/15 01:00:15 INFO mapreduce.Job:  map 100% reduce 33%
20/06/15 01:00:18 INFO mapreduce.Job:  map 100% reduce 34%
20/06/15 01:00:24 INFO mapreduce.Job:  map 100% reduce 36%
20/06/15 01:00:33 INFO mapreduce.Job:  map 100% reduce 37%
20/06/15 01:00:42 INFO mapreduce.Job:  map 100% reduce 38%
20/06/15 01:00:57 INFO mapreduce.Job:  map 100% reduce 39%
20/06/15 01:01:16 INFO mapreduce.Job:  map 100% reduce 41%
20/06/15 01:01:33 INFO mapreduce.Job:  map 100% reduce 42%
20/06/15 01:01:37 INFO mapreduce.Job:  map 100% reduce 43%
20/06/15 01:01:58 INFO mapreduce.Job:  map 100% reduce 44%
20/06/15 01:02:10 INFO mapreduce.Job:  map 100% reduce 45%
20/06/15 01:02:28 INFO mapreduce.Job:  map 100% reduce 46%
20/06/15 01:02:32 INFO mapreduce.Job:  map 100% reduce 47%
20/06/15 01:02:49 INFO mapreduce.Job:  map 100% reduce 48%
20/06/15 01:03:04 INFO mapreduce.Job:  map 100% reduce 49%
20/06/15 01:03:19 INFO mapreduce.Job:  map 100% reduce 50%
20/06/15 01:03:37 INFO mapreduce.Job:  map 100% reduce 51%
20/06/15 01:03:48 INFO mapreduce.Job:  map 100% reduce 52%
20/06/15 01:04:12 INFO mapreduce.Job:  map 100% reduce 53%
20/06/15 01:06:07 INFO mapreduce.Job:  map 100% reduce 54%
20/06/15 01:06:49 INFO mapreduce.Job:  map 100% reduce 55%
20/06/15 01:07:37 INFO mapreduce.Job:  map 100% reduce 63%
20/06/15 01:07:40 INFO mapreduce.Job:  map 100% reduce 67%
20/06/15 01:07:42 INFO mapreduce.Job:  map 100% reduce 70%
20/06/15 01:07:45 INFO mapreduce.Job:  map 100% reduce 73%
20/06/15 01:07:50 INFO mapreduce.Job:  map 100% reduce 76%
20/06/15 01:07:51 INFO mapreduce.Job:  map 100% reduce 77%
20/06/15 01:07:53 INFO mapreduce.Job:  map 100% reduce 78%
20/06/15 01:08:09 INFO mapreduce.Job:  map 100% reduce 79%
20/06/15 01:08:22 INFO mapreduce.Job:  map 100% reduce 80%
20/06/15 01:08:37 INFO mapreduce.Job:  map 100% reduce 81%
20/06/15 01:08:55 INFO mapreduce.Job:  map 100% reduce 82%
20/06/15 01:09:08 INFO mapreduce.Job:  map 100% reduce 83%
20/06/15 01:09:13 INFO mapreduce.Job:  map 100% reduce 84%
20/06/15 01:09:28 INFO mapreduce.Job:  map 100% reduce 85%
20/06/15 01:09:40 INFO mapreduce.Job:  map 100% reduce 86%
20/06/15 01:09:47 INFO mapreduce.Job:  map 100% reduce 87%
20/06/15 01:10:02 INFO mapreduce.Job:  map 100% reduce 88%
20/06/15 01:10:05 INFO mapreduce.Job:  map 100% reduce 89%
20/06/15 01:10:23 INFO mapreduce.Job:  map 100% reduce 90%
20/06/15 01:10:29 INFO mapreduce.Job:  map 100% reduce 91%
20/06/15 01:10:40 INFO mapreduce.Job:  map 100% reduce 92%
20/06/15 01:10:46 INFO mapreduce.Job:  map 100% reduce 93%
20/06/15 01:11:00 INFO mapreduce.Job:  map 100% reduce 94%
20/06/15 01:11:06 INFO mapreduce.Job:  map 100% reduce 95%
20/06/15 01:11:18 INFO mapreduce.Job:  map 100% reduce 96%
20/06/15 01:11:25 INFO mapreduce.Job:  map 100% reduce 97%
20/06/15 01:11:39 INFO mapreduce.Job:  map 100% reduce 98%
20/06/15 01:11:45 INFO mapreduce.Job:  map 100% reduce 99%
20/06/15 01:11:59 INFO mapreduce.Job:  map 100% reduce 100%
20/06/15 01:12:07 INFO mapreduce.Job: Job job_1592143748615_0024 completed successfully
20/06/15 01:12:08 INFO mapreduce.Job: Counters: 52
	File System Counters
		FILE: Number of bytes read=31974777909
		FILE: Number of bytes written=42735314930
		FILE: Number of read operations=0
		FILE: Number of large read operations=0
		FILE: Number of write operations=0
		HDFS: Number of bytes read=10773864059
		HDFS: Number of bytes written=10772840332
		HDFS: Number of read operations=329
		HDFS: Number of large read operations=0
		HDFS: Number of write operations=6
	Job Counters 
		Killed map tasks=4
		Killed reduce tasks=2
		Launched map tasks=84
		Launched reduce tasks=5
		Data-local map tasks=75
		Rack-local map tasks=9
		Total time spent by all maps in occupied slots (ms)=3702964
		Total time spent by all reduces in occupied slots (ms)=3946448
		Total time spent by all map tasks (ms)=3702964
		Total time spent by all reduce tasks (ms)=3946448
		Total vcore-milliseconds taken by all map tasks=3702964
		Total vcore-milliseconds taken by all reduce tasks=3946448
		Total megabyte-milliseconds taken by all map tasks=3791835136
		Total megabyte-milliseconds taken by all reduce tasks=4041162752
	Map-Reduce Framework
		Map input records=1021856
		Map output records=1021856
		Map output bytes=10745653116
		Map output materialized bytes=10751399251
		Input split bytes=9040
		Combine input records=0
		Combine output records=0
		Reduce input groups=1021856
		Reduce shuffle bytes=10751399251
		Reduce input records=1021856
		Reduce output records=1021856
		Spilled Records=4060925
		Shuffled Maps =240
		Failed Shuffles=0
		Merged Map outputs=240
		GC time elapsed (ms)=10721
		CPU time spent (ms)=281730
		Physical memory (bytes) snapshot=21977026560
		Virtual memory (bytes) snapshot=175164575744
		Total committed heap usage (bytes)=16037445632
	Shuffle Errors
		BAD_ID=0
		CONNECTION=0
		IO_ERROR=0
		WRONG_LENGTH=0
		WRONG_MAP=0
		WRONG_REDUCE=0
	File Input Format Counters 
		Bytes Read=10773855019
	File Output Format Counters 
		Bytes Written=10772840332
