20/06/14 09:58:01 INFO client.RMProxy: Connecting to ResourceManager at master/10.51.17.95:8032
20/06/14 09:58:01 INFO input.FileInputFormat: Total input paths to process : 10
20/06/14 09:58:01 INFO mapreduce.JobSubmitter: number of splits:90
20/06/14 09:58:02 INFO mapreduce.JobSubmitter: Submitting tokens for job: job_1592095354219_0005
20/06/14 09:58:02 INFO impl.YarnClientImpl: Submitted application application_1592095354219_0005
20/06/14 09:58:02 INFO mapreduce.Job: The url to track the job: http://master:8088/proxy/application_1592095354219_0005/
20/06/14 09:58:02 INFO mapreduce.Job: Running job: job_1592095354219_0005
20/06/14 09:58:07 INFO mapreduce.Job: Job job_1592095354219_0005 running in uber mode : false
20/06/14 09:58:07 INFO mapreduce.Job:  map 0% reduce 0%
20/06/14 09:58:19 INFO mapreduce.Job:  map 1% reduce 0%
20/06/14 09:58:21 INFO mapreduce.Job:  map 2% reduce 0%
20/06/14 09:58:28 INFO mapreduce.Job:  map 3% reduce 0%
20/06/14 09:58:31 INFO mapreduce.Job:  map 4% reduce 0%
20/06/14 09:58:39 INFO mapreduce.Job:  map 5% reduce 0%
20/06/14 09:58:43 INFO mapreduce.Job:  map 6% reduce 0%
20/06/14 09:58:46 INFO mapreduce.Job:  map 7% reduce 0%
20/06/14 09:58:48 INFO mapreduce.Job:  map 8% reduce 0%
20/06/14 09:58:56 INFO mapreduce.Job:  map 9% reduce 0%
20/06/14 09:58:57 INFO mapreduce.Job:  map 10% reduce 0%
20/06/14 09:59:03 INFO mapreduce.Job:  map 11% reduce 0%
20/06/14 09:59:05 INFO mapreduce.Job:  map 12% reduce 0%
20/06/14 09:59:06 INFO mapreduce.Job:  map 13% reduce 0%
20/06/14 09:59:13 INFO mapreduce.Job:  map 14% reduce 0%
20/06/14 09:59:19 INFO mapreduce.Job:  map 15% reduce 0%
20/06/14 09:59:21 INFO mapreduce.Job:  map 16% reduce 0%
20/06/14 09:59:26 INFO mapreduce.Job:  map 17% reduce 0%
20/06/14 09:59:31 INFO mapreduce.Job:  map 18% reduce 5%
20/06/14 09:59:37 INFO mapreduce.Job:  map 19% reduce 5%
20/06/14 09:59:41 INFO mapreduce.Job:  map 20% reduce 5%
20/06/14 09:59:46 INFO mapreduce.Job:  map 21% reduce 5%
20/06/14 09:59:52 INFO mapreduce.Job:  map 22% reduce 5%
20/06/14 09:59:54 INFO mapreduce.Job:  map 22% reduce 6%
20/06/14 09:59:55 INFO mapreduce.Job:  map 23% reduce 6%
20/06/14 10:00:00 INFO mapreduce.Job:  map 24% reduce 6%
20/06/14 10:00:01 INFO mapreduce.Job:  map 24% reduce 7%
20/06/14 10:00:04 INFO mapreduce.Job:  map 25% reduce 7%
20/06/14 10:00:05 INFO mapreduce.Job:  map 26% reduce 7%
20/06/14 10:00:07 INFO mapreduce.Job:  map 26% reduce 9%
20/06/14 10:00:12 INFO mapreduce.Job:  map 27% reduce 9%
20/06/14 10:00:17 INFO mapreduce.Job:  map 28% reduce 9%
20/06/14 10:00:23 INFO mapreduce.Job:  map 29% reduce 9%
20/06/14 10:00:26 INFO mapreduce.Job:  map 30% reduce 9%
20/06/14 10:00:31 INFO mapreduce.Job:  map 31% reduce 9%
20/06/14 10:00:34 INFO mapreduce.Job:  map 31% reduce 10%
20/06/14 10:00:37 INFO mapreduce.Job:  map 32% reduce 10%
20/06/14 10:00:42 INFO mapreduce.Job:  map 33% reduce 10%
20/06/14 10:00:47 INFO mapreduce.Job:  map 34% reduce 10%
20/06/14 10:00:52 INFO mapreduce.Job:  map 35% reduce 10%
20/06/14 10:00:57 INFO mapreduce.Job:  map 36% reduce 10%
20/06/14 10:00:59 INFO mapreduce.Job:  map 37% reduce 10%
20/06/14 10:01:02 INFO mapreduce.Job:  map 37% reduce 11%
20/06/14 10:01:04 INFO mapreduce.Job:  map 38% reduce 11%
20/06/14 10:01:05 INFO mapreduce.Job:  map 39% reduce 11%
20/06/14 10:01:08 INFO mapreduce.Job:  map 39% reduce 13%
20/06/14 10:01:11 INFO mapreduce.Job:  map 40% reduce 13%
20/06/14 10:01:17 INFO mapreduce.Job:  map 41% reduce 13%
20/06/14 10:01:21 INFO mapreduce.Job:  map 42% reduce 13%
20/06/14 10:01:27 INFO mapreduce.Job:  map 43% reduce 13%
20/06/14 10:01:29 INFO mapreduce.Job:  map 43% reduce 14%
20/06/14 10:01:30 INFO mapreduce.Job:  map 44% reduce 14%
20/06/14 10:01:36 INFO mapreduce.Job:  map 45% reduce 14%
20/06/14 10:01:42 INFO mapreduce.Job:  map 46% reduce 14%
20/06/14 10:01:48 INFO mapreduce.Job:  map 47% reduce 14%
20/06/14 10:01:53 INFO mapreduce.Job:  map 48% reduce 14%
20/06/14 10:01:57 INFO mapreduce.Job:  map 49% reduce 14%
20/06/14 10:02:03 INFO mapreduce.Job:  map 50% reduce 15%
20/06/14 10:02:05 INFO mapreduce.Job:  map 51% reduce 15%
20/06/14 10:02:06 INFO mapreduce.Job:  map 51% reduce 16%
20/06/14 10:02:08 INFO mapreduce.Job:  map 52% reduce 16%
20/06/14 10:02:09 INFO mapreduce.Job:  map 52% reduce 17%
20/06/14 10:02:10 INFO mapreduce.Job:  map 53% reduce 17%
20/06/14 10:02:18 INFO mapreduce.Job:  map 54% reduce 17%
20/06/14 10:02:21 INFO mapreduce.Job:  map 55% reduce 17%
20/06/14 10:02:27 INFO mapreduce.Job:  map 56% reduce 17%
20/06/14 10:02:30 INFO mapreduce.Job:  map 56% reduce 18%
20/06/14 10:02:31 INFO mapreduce.Job:  map 57% reduce 18%
20/06/14 10:02:37 INFO mapreduce.Job:  map 58% reduce 18%
20/06/14 10:02:39 INFO mapreduce.Job:  map 58% reduce 19%
20/06/14 10:02:41 INFO mapreduce.Job:  map 59% reduce 19%
20/06/14 10:02:49 INFO mapreduce.Job:  map 60% reduce 19%
20/06/14 10:02:52 INFO mapreduce.Job:  map 61% reduce 19%
20/06/14 10:02:58 INFO mapreduce.Job:  map 62% reduce 19%
20/06/14 10:03:01 INFO mapreduce.Job:  map 63% reduce 19%
20/06/14 10:03:03 INFO mapreduce.Job:  map 64% reduce 20%
20/06/14 10:03:07 INFO mapreduce.Job:  map 65% reduce 20%
20/06/14 10:03:09 INFO mapreduce.Job:  map 65% reduce 21%
20/06/14 10:03:11 INFO mapreduce.Job:  map 66% reduce 21%
20/06/14 10:03:12 INFO mapreduce.Job:  map 66% reduce 22%
20/06/14 10:03:15 INFO mapreduce.Job:  map 67% reduce 22%
20/06/14 10:03:19 INFO mapreduce.Job:  map 68% reduce 22%
20/06/14 10:03:21 INFO mapreduce.Job:  map 69% reduce 22%
20/06/14 10:03:24 INFO mapreduce.Job:  map 70% reduce 22%
20/06/14 10:03:26 INFO mapreduce.Job:  map 71% reduce 22%
20/06/14 10:03:27 INFO mapreduce.Job:  map 72% reduce 22%
20/06/14 10:03:28 INFO mapreduce.Job:  map 72% reduce 23%
20/06/14 10:03:30 INFO mapreduce.Job:  map 73% reduce 23%
20/06/14 10:03:33 INFO mapreduce.Job:  map 74% reduce 23%
20/06/14 10:03:34 INFO mapreduce.Job:  map 74% reduce 24%
20/06/14 10:03:41 INFO mapreduce.Job:  map 75% reduce 24%
20/06/14 10:03:44 INFO mapreduce.Job:  map 76% reduce 24%
20/06/14 10:03:50 INFO mapreduce.Job:  map 77% reduce 24%
20/06/14 10:03:57 INFO mapreduce.Job:  map 78% reduce 24%
20/06/14 10:03:58 INFO mapreduce.Job:  map 78% reduce 25%
20/06/14 10:04:00 INFO mapreduce.Job:  map 79% reduce 25%
20/06/14 10:04:03 INFO mapreduce.Job:  map 80% reduce 25%
20/06/14 10:04:05 INFO mapreduce.Job:  map 80% reduce 26%
20/06/14 10:04:09 INFO mapreduce.Job:  map 81% reduce 26%
20/06/14 10:04:15 INFO mapreduce.Job:  map 82% reduce 26%
20/06/14 10:04:18 INFO mapreduce.Job:  map 83% reduce 26%
20/06/14 10:04:23 INFO mapreduce.Job:  map 84% reduce 26%
20/06/14 10:04:25 INFO mapreduce.Job:  map 84% reduce 27%
20/06/14 10:04:26 INFO mapreduce.Job:  map 85% reduce 27%
20/06/14 10:04:31 INFO mapreduce.Job:  map 86% reduce 27%
20/06/14 10:04:34 INFO mapreduce.Job:  map 86% reduce 28%
20/06/14 10:04:37 INFO mapreduce.Job:  map 87% reduce 28%
20/06/14 10:04:42 INFO mapreduce.Job:  map 88% reduce 28%
20/06/14 10:04:45 INFO mapreduce.Job:  map 89% reduce 28%
20/06/14 10:04:47 INFO mapreduce.Job:  map 89% reduce 29%
20/06/14 10:04:48 INFO mapreduce.Job:  map 90% reduce 29%
20/06/14 10:04:52 INFO mapreduce.Job:  map 91% reduce 29%
20/06/14 10:04:53 INFO mapreduce.Job:  map 92% reduce 29%
20/06/14 10:04:54 INFO mapreduce.Job:  map 93% reduce 29%
20/06/14 10:04:56 INFO mapreduce.Job:  map 93% reduce 30%
20/06/14 10:04:57 INFO mapreduce.Job:  map 94% reduce 30%
20/06/14 10:05:01 INFO mapreduce.Job:  map 96% reduce 30%
20/06/14 10:05:02 INFO mapreduce.Job:  map 96% reduce 31%
20/06/14 10:05:06 INFO mapreduce.Job:  map 98% reduce 31%
20/06/14 10:05:08 INFO mapreduce.Job:  map 99% reduce 32%
20/06/14 10:05:11 INFO mapreduce.Job:  map 100% reduce 33%
20/06/14 10:05:14 INFO mapreduce.Job:  map 100% reduce 70%
20/06/14 10:05:17 INFO mapreduce.Job:  map 100% reduce 76%
20/06/14 10:05:20 INFO mapreduce.Job:  map 100% reduce 81%
20/06/14 10:05:23 INFO mapreduce.Job:  map 100% reduce 87%
20/06/14 10:05:26 INFO mapreduce.Job:  map 100% reduce 94%
20/06/14 10:05:28 INFO mapreduce.Job:  map 100% reduce 100%
20/06/14 10:05:30 INFO mapreduce.Job: Job job_1592095354219_0005 completed successfully
20/06/14 10:05:30 INFO mapreduce.Job: Counters: 51
	File System Counters
		FILE: Number of bytes read=1643792490
		FILE: Number of bytes written=2433880596
		FILE: Number of read operations=0
		FILE: Number of large read operations=0
		FILE: Number of write operations=0
		HDFS: Number of bytes read=11025405229
		HDFS: Number of bytes written=463914179
		HDFS: Number of read operations=273
		HDFS: Number of large read operations=0
		HDFS: Number of write operations=2
	Job Counters 
		Killed map tasks=1
		Launched map tasks=91
		Launched reduce tasks=1
		Data-local map tasks=79
		Rack-local map tasks=12
		Total time spent by all maps in occupied slots (ms)=3720993
		Total time spent by all reduces in occupied slots (ms)=367477
		Total time spent by all map tasks (ms)=3720993
		Total time spent by all reduce tasks (ms)=367477
		Total vcore-milliseconds taken by all map tasks=3720993
		Total vcore-milliseconds taken by all reduce tasks=367477
		Total megabyte-milliseconds taken by all map tasks=3810296832
		Total megabyte-milliseconds taken by all reduce tasks=376296448
	Map-Reduce Framework
		Map input records=724712
		Map output records=1012194891
		Map output bytes=19286235966
		Map output materialized bytes=778905091
		Input split bytes=10530
		Combine input records=1037189839
		Combine output records=47597787
		Reduce input groups=9839068
		Reduce shuffle bytes=778905091
		Reduce input records=22602839
		Reduce output records=9839068
		Spilled Records=70879230
		Shuffled Maps =90
		Failed Shuffles=0
		Merged Map outputs=90
		GC time elapsed (ms)=69036
		CPU time spent (ms)=2185860
		Physical memory (bytes) snapshot=25099698176
		Virtual memory (bytes) snapshot=191947563008
		Total committed heap usage (bytes)=18935185408
	Shuffle Errors
		BAD_ID=0
		CONNECTION=0
		IO_ERROR=0
		WRONG_LENGTH=0
		WRONG_MAP=0
		WRONG_REDUCE=0
	File Input Format Counters 
		Bytes Read=11025394699
	File Output Format Counters 
		Bytes Written=463914179
20/06/14 10:05:30 INFO client.RMProxy: Connecting to ResourceManager at master/10.51.17.95:8032
20/06/14 10:05:30 INFO input.FileInputFormat: Total input paths to process : 1
20/06/14 10:05:30 INFO mapreduce.JobSubmitter: number of splits:4
20/06/14 10:05:31 INFO mapreduce.JobSubmitter: Submitting tokens for job: job_1592095354219_0006
20/06/14 10:05:31 INFO impl.YarnClientImpl: Submitted application application_1592095354219_0006
20/06/14 10:05:31 INFO mapreduce.Job: The url to track the job: http://master:8088/proxy/application_1592095354219_0006/
20/06/14 10:05:31 INFO mapreduce.Job: Running job: job_1592095354219_0006
20/06/14 10:05:41 INFO mapreduce.Job: Job job_1592095354219_0006 running in uber mode : false
20/06/14 10:05:41 INFO mapreduce.Job:  map 0% reduce 0%
20/06/14 10:05:51 INFO mapreduce.Job:  map 25% reduce 0%
20/06/14 10:05:52 INFO mapreduce.Job:  map 34% reduce 0%
20/06/14 10:05:53 INFO mapreduce.Job:  map 57% reduce 0%
20/06/14 10:05:55 INFO mapreduce.Job:  map 62% reduce 0%
20/06/14 10:05:56 INFO mapreduce.Job:  map 80% reduce 0%
20/06/14 10:05:58 INFO mapreduce.Job:  map 83% reduce 0%
20/06/14 10:05:59 INFO mapreduce.Job:  map 88% reduce 0%
20/06/14 10:06:00 INFO mapreduce.Job:  map 92% reduce 0%
20/06/14 10:06:01 INFO mapreduce.Job:  map 100% reduce 0%
20/06/14 10:06:04 INFO mapreduce.Job:  map 100% reduce 72%
20/06/14 10:06:07 INFO mapreduce.Job:  map 100% reduce 85%
20/06/14 10:06:10 INFO mapreduce.Job:  map 100% reduce 100%
20/06/14 10:06:10 INFO mapreduce.Job: Job job_1592095354219_0006 completed successfully
20/06/14 10:06:10 INFO mapreduce.Job: Counters: 50
	File System Counters
		FILE: Number of bytes read=744495688
		FILE: Number of bytes written=1145452187
		FILE: Number of read operations=0
		FILE: Number of large read operations=0
		FILE: Number of write operations=0
		HDFS: Number of bytes read=463919197
		HDFS: Number of bytes written=322288944
		HDFS: Number of read operations=19
		HDFS: Number of large read operations=0
		HDFS: Number of write operations=2
	Job Counters 
		Killed map tasks=1
		Launched map tasks=5
		Launched reduce tasks=1
		Data-local map tasks=5
		Total time spent by all maps in occupied slots (ms)=63437
		Total time spent by all reduces in occupied slots (ms)=16517
		Total time spent by all map tasks (ms)=63437
		Total time spent by all reduce tasks (ms)=16517
		Total vcore-milliseconds taken by all map tasks=63437
		Total vcore-milliseconds taken by all reduce tasks=16517
		Total megabyte-milliseconds taken by all map tasks=64959488
		Total megabyte-milliseconds taken by all reduce tasks=16913408
	Map-Reduce Framework
		Map input records=9839068
		Map output records=9839068
		Map output bytes=380666509
		Map output materialized bytes=400344669
		Input split bytes=504
		Combine input records=0
		Combine output records=0
		Reduce input groups=1234
		Reduce shuffle bytes=400344669
		Reduce input records=9839068
		Reduce output records=9839068
		Spilled Records=28771991
		Shuffled Maps =4
		Failed Shuffles=0
		Merged Map outputs=4
		GC time elapsed (ms)=1678
		CPU time spent (ms)=44910
		Physical memory (bytes) snapshot=1277054976
		Virtual memory (bytes) snapshot=10548109312
		Total committed heap usage (bytes)=939524096
	Shuffle Errors
		BAD_ID=0
		CONNECTION=0
		IO_ERROR=0
		WRONG_LENGTH=0
		WRONG_MAP=0
		WRONG_REDUCE=0
	File Input Format Counters 
		Bytes Read=463918693
	File Output Format Counters 
		Bytes Written=322288944
