20/06/16 01:02:07 INFO client.RMProxy: Connecting to ResourceManager at master/10.51.17.95:8032
20/06/16 01:02:07 INFO input.FileInputFormat: Total input paths to process : 10
20/06/16 01:02:08 INFO mapreduce.JobSubmitter: number of splits:90
20/06/16 01:02:08 INFO mapreduce.JobSubmitter: Submitting tokens for job: job_1592234516794_0006
20/06/16 01:02:08 INFO impl.YarnClientImpl: Submitted application application_1592234516794_0006
20/06/16 01:02:08 INFO mapreduce.Job: The url to track the job: http://master:8088/proxy/application_1592234516794_0006/
20/06/16 01:02:08 INFO mapreduce.Job: Running job: job_1592234516794_0006
20/06/16 01:02:16 INFO mapreduce.Job: Job job_1592234516794_0006 running in uber mode : false
20/06/16 01:02:16 INFO mapreduce.Job:  map 0% reduce 0%
20/06/16 01:02:29 INFO mapreduce.Job:  map 1% reduce 0%
20/06/16 01:02:33 INFO mapreduce.Job:  map 2% reduce 0%
20/06/16 01:02:42 INFO mapreduce.Job:  map 3% reduce 0%
20/06/16 01:02:45 INFO mapreduce.Job:  map 4% reduce 0%
20/06/16 01:02:51 INFO mapreduce.Job:  map 5% reduce 0%
20/06/16 01:02:54 INFO mapreduce.Job:  map 6% reduce 0%
20/06/16 01:02:59 INFO mapreduce.Job:  map 7% reduce 0%
20/06/16 01:03:01 INFO mapreduce.Job:  map 8% reduce 0%
20/06/16 01:03:09 INFO mapreduce.Job:  map 9% reduce 0%
20/06/16 01:03:13 INFO mapreduce.Job:  map 10% reduce 0%
20/06/16 01:03:19 INFO mapreduce.Job:  map 11% reduce 0%
20/06/16 01:03:20 INFO mapreduce.Job:  map 12% reduce 0%
20/06/16 01:03:21 INFO mapreduce.Job:  map 13% reduce 0%
20/06/16 01:03:31 INFO mapreduce.Job:  map 14% reduce 0%
20/06/16 01:03:36 INFO mapreduce.Job:  map 15% reduce 0%
20/06/16 01:03:39 INFO mapreduce.Job:  map 16% reduce 0%
20/06/16 01:03:44 INFO mapreduce.Job:  map 17% reduce 0%
20/06/16 01:03:49 INFO mapreduce.Job:  map 17% reduce 5%
20/06/16 01:03:50 INFO mapreduce.Job:  map 18% reduce 5%
20/06/16 01:03:58 INFO mapreduce.Job:  map 19% reduce 5%
20/06/16 01:04:02 INFO mapreduce.Job:  map 20% reduce 5%
20/06/16 01:04:08 INFO mapreduce.Job:  map 21% reduce 5%
20/06/16 01:04:12 INFO mapreduce.Job:  map 22% reduce 5%
20/06/16 01:04:15 INFO mapreduce.Job:  map 22% reduce 6%
20/06/16 01:04:16 INFO mapreduce.Job:  map 23% reduce 6%
20/06/16 01:04:21 INFO mapreduce.Job:  map 24% reduce 6%
20/06/16 01:04:24 INFO mapreduce.Job:  map 24% reduce 7%
20/06/16 01:04:25 INFO mapreduce.Job:  map 25% reduce 7%
20/06/16 01:04:28 INFO mapreduce.Job:  map 26% reduce 7%
20/06/16 01:04:31 INFO mapreduce.Job:  map 27% reduce 9%
20/06/16 01:04:39 INFO mapreduce.Job:  map 28% reduce 9%
20/06/16 01:04:43 INFO mapreduce.Job:  map 29% reduce 9%
20/06/16 01:04:49 INFO mapreduce.Job:  map 30% reduce 9%
20/06/16 01:04:52 INFO mapreduce.Job:  map 30% reduce 10%
20/06/16 01:04:53 INFO mapreduce.Job:  map 31% reduce 10%
20/06/16 01:05:00 INFO mapreduce.Job:  map 32% reduce 10%
20/06/16 01:05:04 INFO mapreduce.Job:  map 33% reduce 10%
20/06/16 01:05:11 INFO mapreduce.Job:  map 34% reduce 10%
20/06/16 01:05:17 INFO mapreduce.Job:  map 35% reduce 10%
20/06/16 01:05:21 INFO mapreduce.Job:  map 36% reduce 10%
20/06/16 01:05:24 INFO mapreduce.Job:  map 37% reduce 10%
20/06/16 01:05:26 INFO mapreduce.Job:  map 37% reduce 11%
20/06/16 01:05:28 INFO mapreduce.Job:  map 38% reduce 11%
20/06/16 01:05:31 INFO mapreduce.Job:  map 39% reduce 11%
20/06/16 01:05:32 INFO mapreduce.Job:  map 39% reduce 12%
20/06/16 01:05:35 INFO mapreduce.Job:  map 40% reduce 13%
20/06/16 01:05:41 INFO mapreduce.Job:  map 41% reduce 13%
20/06/16 01:05:46 INFO mapreduce.Job:  map 42% reduce 13%
20/06/16 01:05:50 INFO mapreduce.Job:  map 43% reduce 13%
20/06/16 01:05:55 INFO mapreduce.Job:  map 44% reduce 13%
20/06/16 01:05:57 INFO mapreduce.Job:  map 44% reduce 14%
20/06/16 01:06:03 INFO mapreduce.Job:  map 45% reduce 14%
20/06/16 01:06:08 INFO mapreduce.Job:  map 46% reduce 14%
20/06/16 01:06:14 INFO mapreduce.Job:  map 47% reduce 14%
20/06/16 01:06:20 INFO mapreduce.Job:  map 48% reduce 14%
20/06/16 01:06:24 INFO mapreduce.Job:  map 49% reduce 14%
20/06/16 01:06:28 INFO mapreduce.Job:  map 50% reduce 14%
20/06/16 01:06:29 INFO mapreduce.Job:  map 50% reduce 15%
20/06/16 01:06:32 INFO mapreduce.Job:  map 51% reduce 16%
20/06/16 01:06:35 INFO mapreduce.Job:  map 52% reduce 16%
20/06/16 01:06:36 INFO mapreduce.Job:  map 52% reduce 17%
20/06/16 01:06:39 INFO mapreduce.Job:  map 53% reduce 17%
20/06/16 01:06:45 INFO mapreduce.Job:  map 54% reduce 17%
20/06/16 01:06:49 INFO mapreduce.Job:  map 55% reduce 17%
20/06/16 01:06:57 INFO mapreduce.Job:  map 56% reduce 17%
20/06/16 01:07:00 INFO mapreduce.Job:  map 56% reduce 18%
20/06/16 01:07:01 INFO mapreduce.Job:  map 57% reduce 18%
20/06/16 01:07:04 INFO mapreduce.Job:  map 58% reduce 18%
20/06/16 01:07:06 INFO mapreduce.Job:  map 58% reduce 19%
20/06/16 01:07:11 INFO mapreduce.Job:  map 59% reduce 19%
20/06/16 01:07:18 INFO mapreduce.Job:  map 60% reduce 19%
20/06/16 01:07:23 INFO mapreduce.Job:  map 61% reduce 19%
20/06/16 01:07:29 INFO mapreduce.Job:  map 62% reduce 19%
20/06/16 01:07:32 INFO mapreduce.Job:  map 63% reduce 19%
20/06/16 01:07:36 INFO mapreduce.Job:  map 64% reduce 19%
20/06/16 01:07:38 INFO mapreduce.Job:  map 65% reduce 19%
20/06/16 01:07:40 INFO mapreduce.Job:  map 65% reduce 21%
20/06/16 01:07:42 INFO mapreduce.Job:  map 66% reduce 21%
20/06/16 01:07:45 INFO mapreduce.Job:  map 66% reduce 22%
20/06/16 01:07:48 INFO mapreduce.Job:  map 67% reduce 22%
20/06/16 01:07:53 INFO mapreduce.Job:  map 68% reduce 22%
20/06/16 01:08:00 INFO mapreduce.Job:  map 69% reduce 22%
20/06/16 01:08:04 INFO mapreduce.Job:  map 70% reduce 22%
20/06/16 01:08:10 INFO mapreduce.Job:  map 71% reduce 22%
20/06/16 01:08:13 INFO mapreduce.Job:  map 71% reduce 23%
20/06/16 01:08:14 INFO mapreduce.Job:  map 72% reduce 23%
20/06/16 01:08:23 INFO mapreduce.Job:  map 73% reduce 23%
20/06/16 01:08:27 INFO mapreduce.Job:  map 74% reduce 23%
20/06/16 01:08:32 INFO mapreduce.Job:  map 75% reduce 23%
20/06/16 01:08:37 INFO mapreduce.Job:  map 76% reduce 23%
20/06/16 01:08:41 INFO mapreduce.Job:  map 76% reduce 24%
20/06/16 01:08:43 INFO mapreduce.Job:  map 77% reduce 24%
20/06/16 01:08:46 INFO mapreduce.Job:  map 78% reduce 24%
20/06/16 01:08:47 INFO mapreduce.Job:  map 78% reduce 25%
20/06/16 01:08:48 INFO mapreduce.Job:  map 79% reduce 25%
20/06/16 01:08:50 INFO mapreduce.Job:  map 79% reduce 26%
20/06/16 01:08:55 INFO mapreduce.Job:  map 80% reduce 26%
20/06/16 01:08:59 INFO mapreduce.Job:  map 81% reduce 26%
20/06/16 01:09:05 INFO mapreduce.Job:  map 82% reduce 26%
20/06/16 01:09:11 INFO mapreduce.Job:  map 83% reduce 26%
20/06/16 01:09:14 INFO mapreduce.Job:  map 83% reduce 27%
20/06/16 01:09:17 INFO mapreduce.Job:  map 84% reduce 27%
20/06/16 01:09:22 INFO mapreduce.Job:  map 85% reduce 27%
20/06/16 01:09:23 INFO mapreduce.Job:  map 86% reduce 27%
20/06/16 01:09:26 INFO mapreduce.Job:  map 86% reduce 28%
20/06/16 01:09:28 INFO mapreduce.Job:  map 87% reduce 28%
20/06/16 01:09:30 INFO mapreduce.Job:  map 88% reduce 28%
20/06/16 01:09:32 INFO mapreduce.Job:  map 89% reduce 28%
20/06/16 01:09:33 INFO mapreduce.Job:  map 90% reduce 28%
20/06/16 01:09:35 INFO mapreduce.Job:  map 90% reduce 29%
20/06/16 01:09:36 INFO mapreduce.Job:  map 91% reduce 29%
20/06/16 01:09:40 INFO mapreduce.Job:  map 92% reduce 29%
20/06/16 01:09:42 INFO mapreduce.Job:  map 93% reduce 29%
20/06/16 01:09:43 INFO mapreduce.Job:  map 94% reduce 29%
20/06/16 01:09:44 INFO mapreduce.Job:  map 94% reduce 30%
20/06/16 01:09:47 INFO mapreduce.Job:  map 95% reduce 30%
20/06/16 01:09:49 INFO mapreduce.Job:  map 96% reduce 30%
20/06/16 01:09:50 INFO mapreduce.Job:  map 97% reduce 31%
20/06/16 01:09:53 INFO mapreduce.Job:  map 98% reduce 32%
20/06/16 01:09:54 INFO mapreduce.Job:  map 99% reduce 32%
20/06/16 01:09:55 INFO mapreduce.Job:  map 100% reduce 32%
20/06/16 01:09:56 INFO mapreduce.Job:  map 100% reduce 59%
20/06/16 01:09:59 INFO mapreduce.Job:  map 100% reduce 71%
20/06/16 01:10:02 INFO mapreduce.Job:  map 100% reduce 76%
20/06/16 01:10:05 INFO mapreduce.Job:  map 100% reduce 81%
20/06/16 01:10:08 INFO mapreduce.Job:  map 100% reduce 87%
20/06/16 01:10:11 INFO mapreduce.Job:  map 100% reduce 94%
20/06/16 01:10:14 INFO mapreduce.Job:  map 100% reduce 100%
20/06/16 01:10:15 INFO mapreduce.Job: Job job_1592234516794_0006 completed successfully
20/06/16 01:10:16 INFO mapreduce.Job: Counters: 51
	File System Counters
		FILE: Number of bytes read=1664983330
		FILE: Number of bytes written=2465674690
		FILE: Number of read operations=0
		FILE: Number of large read operations=0
		FILE: Number of write operations=0
		HDFS: Number of bytes read=11025668664
		HDFS: Number of bytes written=472954036
		HDFS: Number of read operations=273
		HDFS: Number of large read operations=0
		HDFS: Number of write operations=2
	Job Counters 
		Killed map tasks=1
		Launched map tasks=91
		Launched reduce tasks=1
		Data-local map tasks=88
		Rack-local map tasks=3
		Total time spent by all maps in occupied slots (ms)=4078473
		Total time spent by all reduces in occupied slots (ms)=396168
		Total time spent by all map tasks (ms)=4078473
		Total time spent by all reduce tasks (ms)=396168
		Total vcore-milliseconds taken by all map tasks=4078473
		Total vcore-milliseconds taken by all reduce tasks=396168
		Total megabyte-milliseconds taken by all map tasks=4176356352
		Total megabyte-milliseconds taken by all reduce tasks=405676032
	Map-Reduce Framework
		Map input records=1179594
		Map output records=1009901268
		Map output bytes=19265183218
		Map output materialized bytes=789509164
		Input split bytes=9630
		Combine input records=1034891965
		Combine output records=47597616
		Reduce input groups=9841803
		Reduce shuffle bytes=789509164
		Reduce input records=22606919
		Reduce output records=9841803
		Spilled Records=70882807
		Shuffled Maps =90
		Failed Shuffles=0
		Merged Map outputs=90
		GC time elapsed (ms)=76072
		CPU time spent (ms)=2355520
		Physical memory (bytes) snapshot=25067687936
		Virtual memory (bytes) snapshot=191873945600
		Total committed heap usage (bytes)=18931515392
	Shuffle Errors
		BAD_ID=0
		CONNECTION=0
		IO_ERROR=0
		WRONG_LENGTH=0
		WRONG_MAP=0
		WRONG_REDUCE=0
	File Input Format Counters 
		Bytes Read=11025659034
	File Output Format Counters 
		Bytes Written=472954036
20/06/16 01:10:16 INFO client.RMProxy: Connecting to ResourceManager at master/10.51.17.95:8032
20/06/16 01:10:16 INFO input.FileInputFormat: Total input paths to process : 1
20/06/16 01:10:16 INFO mapreduce.JobSubmitter: number of splits:4
20/06/16 01:10:17 INFO mapreduce.JobSubmitter: Submitting tokens for job: job_1592234516794_0007
20/06/16 01:10:17 INFO impl.YarnClientImpl: Submitted application application_1592234516794_0007
20/06/16 01:10:17 INFO mapreduce.Job: The url to track the job: http://master:8088/proxy/application_1592234516794_0007/
20/06/16 01:10:17 INFO mapreduce.Job: Running job: job_1592234516794_0007
20/06/16 01:10:30 INFO mapreduce.Job: Job job_1592234516794_0007 running in uber mode : false
20/06/16 01:10:30 INFO mapreduce.Job:  map 0% reduce 0%
20/06/16 01:10:42 INFO mapreduce.Job:  map 25% reduce 0%
20/06/16 01:10:44 INFO mapreduce.Job:  map 67% reduce 0%
20/06/16 01:10:45 INFO mapreduce.Job:  map 74% reduce 0%
20/06/16 01:10:47 INFO mapreduce.Job:  map 86% reduce 0%
20/06/16 01:10:49 INFO mapreduce.Job:  map 93% reduce 0%
20/06/16 01:10:50 INFO mapreduce.Job:  map 100% reduce 0%
20/06/16 01:10:54 INFO mapreduce.Job:  map 100% reduce 68%
20/06/16 01:10:57 INFO mapreduce.Job:  map 100% reduce 80%
20/06/16 01:11:00 INFO mapreduce.Job:  map 100% reduce 88%
20/06/16 01:11:02 INFO mapreduce.Job:  map 100% reduce 100%
20/06/16 01:11:03 INFO mapreduce.Job: Job job_1592234516794_0007 completed successfully
20/06/16 01:11:03 INFO mapreduce.Job: Counters: 50
	File System Counters
		FILE: Number of bytes read=754217147
		FILE: Number of bytes written=1164111408
		FILE: Number of read operations=0
		FILE: Number of large read operations=0
		FILE: Number of write operations=0
		HDFS: Number of bytes read=472959505
		HDFS: Number of bytes written=331204946
		HDFS: Number of read operations=19
		HDFS: Number of large read operations=0
		HDFS: Number of write operations=2
	Job Counters 
		Killed map tasks=1
		Launched map tasks=4
		Launched reduce tasks=1
		Data-local map tasks=4
		Total time spent by all maps in occupied slots (ms)=55513
		Total time spent by all reduces in occupied slots (ms)=17513
		Total time spent by all map tasks (ms)=55513
		Total time spent by all reduce tasks (ms)=17513
		Total vcore-milliseconds taken by all map tasks=55513
		Total vcore-milliseconds taken by all reduce tasks=17513
		Total megabyte-milliseconds taken by all map tasks=56845312
		Total megabyte-milliseconds taken by all reduce tasks=17933312
	Map-Reduce Framework
		Map input records=9841803
		Map output records=9841803
		Map output bytes=389598846
		Map output materialized bytes=409282476
		Input split bytes=508
		Combine input records=0
		Combine output records=0
		Reduce input groups=1244
		Reduce shuffle bytes=409282476
		Reduce input records=9841803
		Reduce output records=9841803
		Spilled Records=28647293
		Shuffled Maps =4
		Failed Shuffles=0
		Merged Map outputs=4
		GC time elapsed (ms)=1777
		CPU time spent (ms)=40460
		Physical memory (bytes) snapshot=1270587392
		Virtual memory (bytes) snapshot=10547339264
		Total committed heap usage (bytes)=939524096
	Shuffle Errors
		BAD_ID=0
		CONNECTION=0
		IO_ERROR=0
		WRONG_LENGTH=0
		WRONG_MAP=0
		WRONG_REDUCE=0
	File Input Format Counters 
		Bytes Read=472958997
	File Output Format Counters 
		Bytes Written=331204946
