20/06/14 11:01:48 INFO client.RMProxy: Connecting to ResourceManager at master/10.51.17.95:8032
20/06/14 11:01:48 INFO input.FileInputFormat: Total input paths to process : 10
20/06/14 11:01:48 INFO mapreduce.JobSubmitter: number of splits:90
20/06/14 11:01:49 INFO mapreduce.JobSubmitter: Submitting tokens for job: job_1592095354219_0021
20/06/14 11:01:49 INFO impl.YarnClientImpl: Submitted application application_1592095354219_0021
20/06/14 11:01:49 INFO mapreduce.Job: The url to track the job: http://master:8088/proxy/application_1592095354219_0021/
20/06/14 11:01:49 INFO mapreduce.Job: Running job: job_1592095354219_0021
20/06/14 11:01:53 INFO mapreduce.Job: Job job_1592095354219_0021 running in uber mode : false
20/06/14 11:01:53 INFO mapreduce.Job:  map 0% reduce 0%
20/06/14 11:02:05 INFO mapreduce.Job:  map 1% reduce 0%
20/06/14 11:02:08 INFO mapreduce.Job:  map 2% reduce 0%
20/06/14 11:02:15 INFO mapreduce.Job:  map 3% reduce 0%
20/06/14 11:02:18 INFO mapreduce.Job:  map 4% reduce 0%
20/06/14 11:02:26 INFO mapreduce.Job:  map 5% reduce 0%
20/06/14 11:02:29 INFO mapreduce.Job:  map 6% reduce 0%
20/06/14 11:02:32 INFO mapreduce.Job:  map 7% reduce 0%
20/06/14 11:02:34 INFO mapreduce.Job:  map 8% reduce 0%
20/06/14 11:02:41 INFO mapreduce.Job:  map 9% reduce 0%
20/06/14 11:02:44 INFO mapreduce.Job:  map 10% reduce 0%
20/06/14 11:02:50 INFO mapreduce.Job:  map 11% reduce 0%
20/06/14 11:02:52 INFO mapreduce.Job:  map 13% reduce 0%
20/06/14 11:02:59 INFO mapreduce.Job:  map 14% reduce 0%
20/06/14 11:03:05 INFO mapreduce.Job:  map 15% reduce 0%
20/06/14 11:03:08 INFO mapreduce.Job:  map 16% reduce 0%
20/06/14 11:03:11 INFO mapreduce.Job:  map 17% reduce 0%
20/06/14 11:03:16 INFO mapreduce.Job:  map 17% reduce 5%
20/06/14 11:03:17 INFO mapreduce.Job:  map 18% reduce 5%
20/06/14 11:03:22 INFO mapreduce.Job:  map 19% reduce 5%
20/06/14 11:03:27 INFO mapreduce.Job:  map 20% reduce 5%
20/06/14 11:03:32 INFO mapreduce.Job:  map 21% reduce 5%
20/06/14 11:03:36 INFO mapreduce.Job:  map 22% reduce 5%
20/06/14 11:03:40 INFO mapreduce.Job:  map 23% reduce 6%
20/06/14 11:03:42 INFO mapreduce.Job:  map 24% reduce 6%
20/06/14 11:03:43 INFO mapreduce.Job:  map 24% reduce 7%
20/06/14 11:03:47 INFO mapreduce.Job:  map 25% reduce 7%
20/06/14 11:03:50 INFO mapreduce.Job:  map 26% reduce 7%
20/06/14 11:03:52 INFO mapreduce.Job:  map 27% reduce 8%
20/06/14 11:03:55 INFO mapreduce.Job:  map 27% reduce 9%
20/06/14 11:03:58 INFO mapreduce.Job:  map 28% reduce 9%
20/06/14 11:04:02 INFO mapreduce.Job:  map 29% reduce 9%
20/06/14 11:04:08 INFO mapreduce.Job:  map 30% reduce 9%
20/06/14 11:04:11 INFO mapreduce.Job:  map 31% reduce 10%
20/06/14 11:04:18 INFO mapreduce.Job:  map 32% reduce 10%
20/06/14 11:04:22 INFO mapreduce.Job:  map 33% reduce 10%
20/06/14 11:04:26 INFO mapreduce.Job:  map 34% reduce 10%
20/06/14 11:04:31 INFO mapreduce.Job:  map 35% reduce 10%
20/06/14 11:04:35 INFO mapreduce.Job:  map 36% reduce 10%
20/06/14 11:04:37 INFO mapreduce.Job:  map 37% reduce 10%
20/06/14 11:04:38 INFO mapreduce.Job:  map 37% reduce 11%
20/06/14 11:04:42 INFO mapreduce.Job:  map 38% reduce 11%
20/06/14 11:04:44 INFO mapreduce.Job:  map 38% reduce 12%
20/06/14 11:04:45 INFO mapreduce.Job:  map 39% reduce 12%
20/06/14 11:04:48 INFO mapreduce.Job:  map 39% reduce 13%
20/06/14 11:04:49 INFO mapreduce.Job:  map 40% reduce 13%
20/06/14 11:04:53 INFO mapreduce.Job:  map 41% reduce 13%
20/06/14 11:04:58 INFO mapreduce.Job:  map 42% reduce 13%
20/06/14 11:05:01 INFO mapreduce.Job:  map 43% reduce 13%
20/06/14 11:05:05 INFO mapreduce.Job:  map 44% reduce 13%
20/06/14 11:05:06 INFO mapreduce.Job:  map 44% reduce 14%
20/06/14 11:05:11 INFO mapreduce.Job:  map 45% reduce 14%
20/06/14 11:05:16 INFO mapreduce.Job:  map 46% reduce 14%
20/06/14 11:05:20 INFO mapreduce.Job:  map 47% reduce 14%
20/06/14 11:05:25 INFO mapreduce.Job:  map 48% reduce 14%
20/06/14 11:05:28 INFO mapreduce.Job:  map 49% reduce 14%
20/06/14 11:05:29 INFO mapreduce.Job:  map 49% reduce 15%
20/06/14 11:05:33 INFO mapreduce.Job:  map 50% reduce 15%
20/06/14 11:05:36 INFO mapreduce.Job:  map 50% reduce 16%
20/06/14 11:05:39 INFO mapreduce.Job:  map 51% reduce 16%
20/06/14 11:05:40 INFO mapreduce.Job:  map 52% reduce 16%
20/06/14 11:05:41 INFO mapreduce.Job:  map 53% reduce 16%
20/06/14 11:05:42 INFO mapreduce.Job:  map 53% reduce 17%
20/06/14 11:05:47 INFO mapreduce.Job:  map 54% reduce 17%
20/06/14 11:05:52 INFO mapreduce.Job:  map 55% reduce 17%
20/06/14 11:05:55 INFO mapreduce.Job:  map 56% reduce 17%
20/06/14 11:05:57 INFO mapreduce.Job:  map 56% reduce 18%
20/06/14 11:05:59 INFO mapreduce.Job:  map 57% reduce 18%
20/06/14 11:06:04 INFO mapreduce.Job:  map 58% reduce 18%
20/06/14 11:06:06 INFO mapreduce.Job:  map 58% reduce 19%
20/06/14 11:06:09 INFO mapreduce.Job:  map 59% reduce 19%
20/06/14 11:06:15 INFO mapreduce.Job:  map 60% reduce 19%
20/06/14 11:06:20 INFO mapreduce.Job:  map 61% reduce 19%
20/06/14 11:06:23 INFO mapreduce.Job:  map 62% reduce 19%
20/06/14 11:06:26 INFO mapreduce.Job:  map 63% reduce 19%
20/06/14 11:06:28 INFO mapreduce.Job:  map 63% reduce 20%
20/06/14 11:06:30 INFO mapreduce.Job:  map 64% reduce 20%
20/06/14 11:06:35 INFO mapreduce.Job:  map 65% reduce 20%
20/06/14 11:06:36 INFO mapreduce.Job:  map 66% reduce 20%
20/06/14 11:06:37 INFO mapreduce.Job:  map 66% reduce 21%
20/06/14 11:06:41 INFO mapreduce.Job:  map 67% reduce 21%
20/06/14 11:06:45 INFO mapreduce.Job:  map 67% reduce 22%
20/06/14 11:06:46 INFO mapreduce.Job:  map 68% reduce 22%
20/06/14 11:06:47 INFO mapreduce.Job:  map 69% reduce 22%
20/06/14 11:06:49 INFO mapreduce.Job:  map 70% reduce 22%
20/06/14 11:06:50 INFO mapreduce.Job:  map 71% reduce 22%
20/06/14 11:06:55 INFO mapreduce.Job:  map 72% reduce 23%
20/06/14 11:06:57 INFO mapreduce.Job:  map 73% reduce 23%
20/06/14 11:06:58 INFO mapreduce.Job:  map 74% reduce 24%
20/06/14 11:07:02 INFO mapreduce.Job:  map 75% reduce 24%
20/06/14 11:07:08 INFO mapreduce.Job:  map 76% reduce 24%
20/06/14 11:07:12 INFO mapreduce.Job:  map 77% reduce 24%
20/06/14 11:07:16 INFO mapreduce.Job:  map 78% reduce 24%
20/06/14 11:07:19 INFO mapreduce.Job:  map 79% reduce 25%
20/06/14 11:07:22 INFO mapreduce.Job:  map 79% reduce 26%
20/06/14 11:07:24 INFO mapreduce.Job:  map 80% reduce 26%
20/06/14 11:07:28 INFO mapreduce.Job:  map 81% reduce 26%
20/06/14 11:07:33 INFO mapreduce.Job:  map 82% reduce 26%
20/06/14 11:07:39 INFO mapreduce.Job:  map 83% reduce 26%
20/06/14 11:07:43 INFO mapreduce.Job:  map 84% reduce 26%
20/06/14 11:07:48 INFO mapreduce.Job:  map 85% reduce 26%
20/06/14 11:07:49 INFO mapreduce.Job:  map 85% reduce 27%
20/06/14 11:07:50 INFO mapreduce.Job:  map 86% reduce 27%
20/06/14 11:07:51 INFO mapreduce.Job:  map 87% reduce 27%
20/06/14 11:07:52 INFO mapreduce.Job:  map 87% reduce 28%
20/06/14 11:07:55 INFO mapreduce.Job:  map 87% reduce 29%
20/06/14 11:07:56 INFO mapreduce.Job:  map 88% reduce 29%
20/06/14 11:08:03 INFO mapreduce.Job:  map 89% reduce 29%
20/06/14 11:08:05 INFO mapreduce.Job:  map 90% reduce 29%
20/06/14 11:08:06 INFO mapreduce.Job:  map 91% reduce 29%
20/06/14 11:08:09 INFO mapreduce.Job:  map 92% reduce 29%
20/06/14 11:08:11 INFO mapreduce.Job:  map 93% reduce 29%
20/06/14 11:08:13 INFO mapreduce.Job:  map 93% reduce 30%
20/06/14 11:08:15 INFO mapreduce.Job:  map 95% reduce 30%
20/06/14 11:08:17 INFO mapreduce.Job:  map 95% reduce 31%
20/06/14 11:08:18 INFO mapreduce.Job:  map 96% reduce 31%
20/06/14 11:08:20 INFO mapreduce.Job:  map 96% reduce 32%
20/06/14 11:08:25 INFO mapreduce.Job:  map 97% reduce 32%
20/06/14 11:08:27 INFO mapreduce.Job:  map 98% reduce 32%
20/06/14 11:08:30 INFO mapreduce.Job:  map 99% reduce 32%
20/06/14 11:08:32 INFO mapreduce.Job:  map 99% reduce 33%
20/06/14 11:08:36 INFO mapreduce.Job:  map 100% reduce 33%
20/06/14 11:08:38 INFO mapreduce.Job:  map 100% reduce 67%
20/06/14 11:08:41 INFO mapreduce.Job:  map 100% reduce 73%
20/06/14 11:08:44 INFO mapreduce.Job:  map 100% reduce 77%
20/06/14 11:08:47 INFO mapreduce.Job:  map 100% reduce 83%
20/06/14 11:08:50 INFO mapreduce.Job:  map 100% reduce 90%
20/06/14 11:08:53 INFO mapreduce.Job:  map 100% reduce 97%
20/06/14 11:08:54 INFO mapreduce.Job:  map 100% reduce 100%
20/06/14 11:08:55 INFO mapreduce.Job: Job job_1592095354219_0021 completed successfully
20/06/14 11:08:55 INFO mapreduce.Job: Counters: 51
	File System Counters
		FILE: Number of bytes read=1647865564
		FILE: Number of bytes written=2440071191
		FILE: Number of read operations=0
		FILE: Number of large read operations=0
		FILE: Number of write operations=0
		HDFS: Number of bytes read=11024686260
		HDFS: Number of bytes written=465675275
		HDFS: Number of read operations=273
		HDFS: Number of large read operations=0
		HDFS: Number of write operations=2
	Job Counters 
		Killed map tasks=1
		Launched map tasks=91
		Launched reduce tasks=1
		Data-local map tasks=78
		Rack-local map tasks=13
		Total time spent by all maps in occupied slots (ms)=3489229
		Total time spent by all reduces in occupied slots (ms)=348352
		Total time spent by all map tasks (ms)=3489229
		Total time spent by all reduce tasks (ms)=348352
		Total vcore-milliseconds taken by all map tasks=3489229
		Total vcore-milliseconds taken by all reduce tasks=348352
		Total megabyte-milliseconds taken by all map tasks=3572970496
		Total megabyte-milliseconds taken by all reduce tasks=356712448
	Map-Reduce Framework
		Map input records=1636884
		Map output records=1010810663
		Map output bytes=19262355264
		Map output materialized bytes=781022521
		Input split bytes=10530
		Combine input records=1035794907
		Combine output records=47584876
		Reduce input groups=9837790
		Reduce shuffle bytes=781022521
		Reduce input records=22600632
		Reduce output records=9837790
		Spilled Records=70864638
		Shuffled Maps =90
		Failed Shuffles=0
		Merged Map outputs=90
		GC time elapsed (ms)=68670
		CPU time spent (ms)=2040400
		Physical memory (bytes) snapshot=25126912000
		Virtual memory (bytes) snapshot=191875657728
		Total committed heap usage (bytes)=18941476864
	Shuffle Errors
		BAD_ID=0
		CONNECTION=0
		IO_ERROR=0
		WRONG_LENGTH=0
		WRONG_MAP=0
		WRONG_REDUCE=0
	File Input Format Counters 
		Bytes Read=11024675730
	File Output Format Counters 
		Bytes Written=465675275
20/06/14 11:08:55 INFO client.RMProxy: Connecting to ResourceManager at master/10.51.17.95:8032
20/06/14 11:08:55 INFO input.FileInputFormat: Total input paths to process : 1
20/06/14 11:08:55 INFO mapreduce.JobSubmitter: number of splits:4
20/06/14 11:08:55 INFO mapreduce.JobSubmitter: Submitting tokens for job: job_1592095354219_0022
20/06/14 11:08:55 INFO impl.YarnClientImpl: Submitted application application_1592095354219_0022
20/06/14 11:08:55 INFO mapreduce.Job: The url to track the job: http://master:8088/proxy/application_1592095354219_0022/
20/06/14 11:08:55 INFO mapreduce.Job: Running job: job_1592095354219_0022
20/06/14 11:09:04 INFO mapreduce.Job: Job job_1592095354219_0022 running in uber mode : false
20/06/14 11:09:04 INFO mapreduce.Job:  map 0% reduce 0%
20/06/14 11:09:13 INFO mapreduce.Job:  map 25% reduce 0%
20/06/14 11:09:15 INFO mapreduce.Job:  map 37% reduce 0%
20/06/14 11:09:16 INFO mapreduce.Job:  map 57% reduce 0%
20/06/14 11:09:18 INFO mapreduce.Job:  map 66% reduce 0%
20/06/14 11:09:19 INFO mapreduce.Job:  map 79% reduce 0%
20/06/14 11:09:21 INFO mapreduce.Job:  map 86% reduce 0%
20/06/14 11:09:22 INFO mapreduce.Job:  map 92% reduce 0%
20/06/14 11:09:23 INFO mapreduce.Job:  map 92% reduce 25%
20/06/14 11:09:24 INFO mapreduce.Job:  map 100% reduce 25%
20/06/14 11:09:26 INFO mapreduce.Job:  map 100% reduce 73%
20/06/14 11:09:29 INFO mapreduce.Job:  map 100% reduce 90%
20/06/14 11:09:32 INFO mapreduce.Job:  map 100% reduce 98%
20/06/14 11:09:33 INFO mapreduce.Job:  map 100% reduce 100%
20/06/14 11:09:33 INFO mapreduce.Job: Job job_1592095354219_0022 completed successfully
20/06/14 11:09:33 INFO mapreduce.Job: Counters: 50
	File System Counters
		FILE: Number of bytes read=746684947
		FILE: Number of bytes written=1149392255
		FILE: Number of read operations=0
		FILE: Number of large read operations=0
		FILE: Number of write operations=0
		HDFS: Number of bytes read=465679012
		HDFS: Number of bytes written=324050184
		HDFS: Number of read operations=19
		HDFS: Number of large read operations=0
		HDFS: Number of write operations=2
	Job Counters 
		Killed map tasks=1
		Launched map tasks=5
		Launched reduce tasks=1
		Data-local map tasks=5
		Total time spent by all maps in occupied slots (ms)=61232
		Total time spent by all reduces in occupied slots (ms)=17136
		Total time spent by all map tasks (ms)=61232
		Total time spent by all reduce tasks (ms)=17136
		Total vcore-milliseconds taken by all map tasks=61232
		Total vcore-milliseconds taken by all reduce tasks=17136
		Total megabyte-milliseconds taken by all map tasks=62701568
		Total megabyte-milliseconds taken by all reduce tasks=17547264
	Map-Reduce Framework
		Map input records=9837790
		Map output records=9837790
		Map output bytes=382419869
		Map output materialized bytes=402095473
		Input split bytes=508
		Combine input records=0
		Combine output records=0
		Reduce input groups=1232
		Reduce shuffle bytes=402095473
		Reduce input records=9837790
		Reduce output records=9837790
		Spilled Records=28696317
		Shuffled Maps =4
		Failed Shuffles=0
		Merged Map outputs=4
		GC time elapsed (ms)=1739
		CPU time spent (ms)=44430
		Physical memory (bytes) snapshot=1266409472
		Virtual memory (bytes) snapshot=10576150528
		Total committed heap usage (bytes)=941096960
	Shuffle Errors
		BAD_ID=0
		CONNECTION=0
		IO_ERROR=0
		WRONG_LENGTH=0
		WRONG_MAP=0
		WRONG_REDUCE=0
	File Input Format Counters 
		Bytes Read=465678504
	File Output Format Counters 
		Bytes Written=324050184
