20/06/14 10:13:42 INFO client.RMProxy: Connecting to ResourceManager at master/10.51.17.95:8032
20/06/14 10:13:42 INFO input.FileInputFormat: Total input paths to process : 16
20/06/14 10:13:43 INFO mapreduce.JobSubmitter: number of splits:16
20/06/14 10:13:43 INFO mapreduce.JobSubmitter: Submitting tokens for job: job_1592095354219_0009
20/06/14 10:13:43 INFO impl.YarnClientImpl: Submitted application application_1592095354219_0009
20/06/14 10:13:43 INFO mapreduce.Job: The url to track the job: http://master:8088/proxy/application_1592095354219_0009/
20/06/14 10:13:43 INFO mapreduce.Job: Running job: job_1592095354219_0009
20/06/14 10:14:04 INFO mapreduce.Job: Job job_1592095354219_0009 running in uber mode : false
20/06/14 10:14:04 INFO mapreduce.Job:  map 0% reduce 0%
20/06/14 10:14:17 INFO mapreduce.Job:  map 8% reduce 0%
20/06/14 10:14:18 INFO mapreduce.Job:  map 17% reduce 0%
20/06/14 10:14:20 INFO mapreduce.Job:  map 42% reduce 0%
20/06/14 10:14:57 INFO mapreduce.Job:  map 46% reduce 0%
20/06/14 10:15:03 INFO mapreduce.Job:  map 50% reduce 0%
20/06/14 10:15:07 INFO mapreduce.Job:  map 54% reduce 0%
20/06/14 10:15:08 INFO mapreduce.Job:  map 58% reduce 0%
20/06/14 10:15:15 INFO mapreduce.Job:  map 58% reduce 8%
20/06/14 10:15:17 INFO mapreduce.Job:  map 63% reduce 8%
20/06/14 10:15:26 INFO mapreduce.Job:  map 69% reduce 8%
20/06/14 10:15:27 INFO mapreduce.Job:  map 75% reduce 15%
20/06/14 10:15:30 INFO mapreduce.Job:  map 75% reduce 21%
20/06/14 10:15:38 INFO mapreduce.Job:  map 85% reduce 21%
20/06/14 10:15:39 INFO mapreduce.Job:  map 90% reduce 23%
20/06/14 10:15:42 INFO mapreduce.Job:  map 92% reduce 23%
20/06/14 10:15:45 INFO mapreduce.Job:  map 92% reduce 25%
20/06/14 10:15:47 INFO mapreduce.Job:  map 94% reduce 25%
20/06/14 10:15:48 INFO mapreduce.Job:  map 94% reduce 27%
20/06/14 10:16:05 INFO mapreduce.Job:  map 96% reduce 27%
20/06/14 10:16:06 INFO mapreduce.Job:  map 98% reduce 29%
20/06/14 10:16:07 INFO mapreduce.Job:  map 100% reduce 29%
20/06/14 10:16:08 INFO mapreduce.Job:  map 100% reduce 100%
20/06/14 10:16:10 INFO mapreduce.Job: Job job_1592095354219_0009 completed successfully
20/06/14 10:16:10 INFO mapreduce.Job: Counters: 50
	File System Counters
		FILE: Number of bytes read=358
		FILE: Number of bytes written=2088969
		FILE: Number of read operations=0
		FILE: Number of large read operations=0
		FILE: Number of write operations=0
		HDFS: Number of bytes read=4166
		HDFS: Number of bytes written=215
		HDFS: Number of read operations=67
		HDFS: Number of large read operations=0
		HDFS: Number of write operations=3
	Job Counters 
		Launched map tasks=16
		Launched reduce tasks=1
		Data-local map tasks=15
		Rack-local map tasks=1
		Total time spent by all maps in occupied slots (ms)=926743
		Total time spent by all reduces in occupied slots (ms)=63735
		Total time spent by all map tasks (ms)=926743
		Total time spent by all reduce tasks (ms)=63735
		Total vcore-milliseconds taken by all map tasks=926743
		Total vcore-milliseconds taken by all reduce tasks=63735
		Total megabyte-milliseconds taken by all map tasks=948984832
		Total megabyte-milliseconds taken by all reduce tasks=65264640
	Map-Reduce Framework
		Map input records=16
		Map output records=32
		Map output bytes=288
		Map output materialized bytes=448
		Input split bytes=2278
		Combine input records=0
		Combine output records=0
		Reduce input groups=2
		Reduce shuffle bytes=448
		Reduce input records=32
		Reduce output records=0
		Spilled Records=64
		Shuffled Maps =16
		Failed Shuffles=0
		Merged Map outputs=16
		GC time elapsed (ms)=6837
		CPU time spent (ms)=565660
		Physical memory (bytes) snapshot=4416376832
		Virtual memory (bytes) snapshot=35815264256
		Total committed heap usage (bytes)=3351248896
	Shuffle Errors
		BAD_ID=0
		CONNECTION=0
		IO_ERROR=0
		WRONG_LENGTH=0
		WRONG_MAP=0
		WRONG_REDUCE=0
	File Input Format Counters 
		Bytes Read=1888
	File Output Format Counters 
		Bytes Written=97
