20/06/14 10:46:31 INFO client.RMProxy: Connecting to ResourceManager at master/10.51.17.95:8032
20/06/14 10:46:32 INFO input.FileInputFormat: Total input paths to process : 16
20/06/14 10:46:32 INFO mapreduce.JobSubmitter: number of splits:16
20/06/14 10:46:33 INFO mapreduce.JobSubmitter: Submitting tokens for job: job_1592095354219_0017
20/06/14 10:46:33 INFO impl.YarnClientImpl: Submitted application application_1592095354219_0017
20/06/14 10:46:33 INFO mapreduce.Job: The url to track the job: http://master:8088/proxy/application_1592095354219_0017/
20/06/14 10:46:33 INFO mapreduce.Job: Running job: job_1592095354219_0017
20/06/14 10:46:39 INFO mapreduce.Job: Job job_1592095354219_0017 running in uber mode : false
20/06/14 10:46:39 INFO mapreduce.Job:  map 0% reduce 0%
20/06/14 10:46:51 INFO mapreduce.Job:  map 17% reduce 0%
20/06/14 10:46:52 INFO mapreduce.Job:  map 21% reduce 0%
20/06/14 10:46:53 INFO mapreduce.Job:  map 38% reduce 0%
20/06/14 10:46:54 INFO mapreduce.Job:  map 42% reduce 0%
20/06/14 10:47:27 INFO mapreduce.Job:  map 44% reduce 0%
20/06/14 10:47:28 INFO mapreduce.Job:  map 50% reduce 0%
20/06/14 10:47:36 INFO mapreduce.Job:  map 54% reduce 0%
20/06/14 10:47:38 INFO mapreduce.Job:  map 67% reduce 0%
20/06/14 10:47:49 INFO mapreduce.Job:  map 69% reduce 0%
20/06/14 10:47:50 INFO mapreduce.Job:  map 75% reduce 0%
20/06/14 10:47:51 INFO mapreduce.Job:  map 77% reduce 0%
20/06/14 10:47:52 INFO mapreduce.Job:  map 79% reduce 0%
20/06/14 10:47:59 INFO mapreduce.Job:  map 83% reduce 21%
20/06/14 10:48:00 INFO mapreduce.Job:  map 88% reduce 21%
20/06/14 10:48:12 INFO mapreduce.Job:  map 90% reduce 21%
20/06/14 10:48:14 INFO mapreduce.Job:  map 96% reduce 23%
20/06/14 10:48:17 INFO mapreduce.Job:  map 96% reduce 29%
20/06/14 10:48:23 INFO mapreduce.Job:  map 98% reduce 29%
20/06/14 10:48:25 INFO mapreduce.Job:  map 100% reduce 29%
20/06/14 10:48:26 INFO mapreduce.Job:  map 100% reduce 100%
20/06/14 10:48:26 INFO mapreduce.Job: Job job_1592095354219_0017 completed successfully
20/06/14 10:48:27 INFO mapreduce.Job: Counters: 49
	File System Counters
		FILE: Number of bytes read=358
		FILE: Number of bytes written=2088969
		FILE: Number of read operations=0
		FILE: Number of large read operations=0
		FILE: Number of write operations=0
		HDFS: Number of bytes read=4166
		HDFS: Number of bytes written=215
		HDFS: Number of read operations=67
		HDFS: Number of large read operations=0
		HDFS: Number of write operations=3
	Job Counters 
		Launched map tasks=16
		Launched reduce tasks=1
		Data-local map tasks=16
		Total time spent by all maps in occupied slots (ms)=850028
		Total time spent by all reduces in occupied slots (ms)=36005
		Total time spent by all map tasks (ms)=850028
		Total time spent by all reduce tasks (ms)=36005
		Total vcore-milliseconds taken by all map tasks=850028
		Total vcore-milliseconds taken by all reduce tasks=36005
		Total megabyte-milliseconds taken by all map tasks=870428672
		Total megabyte-milliseconds taken by all reduce tasks=36869120
	Map-Reduce Framework
		Map input records=16
		Map output records=32
		Map output bytes=288
		Map output materialized bytes=448
		Input split bytes=2278
		Combine input records=0
		Combine output records=0
		Reduce input groups=2
		Reduce shuffle bytes=448
		Reduce input records=32
		Reduce output records=0
		Spilled Records=64
		Shuffled Maps =16
		Failed Shuffles=0
		Merged Map outputs=16
		GC time elapsed (ms)=6421
		CPU time spent (ms)=503660
		Physical memory (bytes) snapshot=4404330496
		Virtual memory (bytes) snapshot=35829432320
		Total committed heap usage (bytes)=3341287424
	Shuffle Errors
		BAD_ID=0
		CONNECTION=0
		IO_ERROR=0
		WRONG_LENGTH=0
		WRONG_MAP=0
		WRONG_REDUCE=0
	File Input Format Counters 
		Bytes Read=1888
	File Output Format Counters 
		Bytes Written=97
