20/06/16 21:36:30 INFO client.RMProxy: Connecting to ResourceManager at master/10.51.17.95:8032
20/06/16 21:36:31 INFO client.RMProxy: Connecting to ResourceManager at master/10.51.17.95:8032
20/06/16 21:36:32 INFO input.FileInputFormat: Total input paths to process : 10
20/06/16 21:36:32 INFO mapreduce.JobSubmitter: number of splits:80
20/06/16 21:36:32 INFO mapreduce.JobSubmitter: Submitting tokens for job: job_1592309805035_0003
20/06/16 21:36:33 INFO impl.YarnClientImpl: Submitted application application_1592309805035_0003
20/06/16 21:36:33 INFO mapreduce.Job: The url to track the job: http://master:8088/proxy/application_1592309805035_0003/
20/06/16 21:36:33 INFO mapreduce.Job: Running job: job_1592309805035_0003
20/06/16 21:36:42 INFO mapreduce.Job: Job job_1592309805035_0003 running in uber mode : false
20/06/16 21:36:42 INFO mapreduce.Job:  map 0% reduce 0%
20/06/16 21:36:51 INFO mapreduce.Job:  map 1% reduce 0%
20/06/16 21:36:54 INFO mapreduce.Job:  map 4% reduce 0%
20/06/16 21:36:59 INFO mapreduce.Job:  map 5% reduce 0%
20/06/16 21:37:00 INFO mapreduce.Job:  map 7% reduce 0%
20/06/16 21:37:06 INFO mapreduce.Job:  map 8% reduce 0%
20/06/16 21:37:07 INFO mapreduce.Job:  map 9% reduce 0%
20/06/16 21:37:08 INFO mapreduce.Job:  map 11% reduce 0%
20/06/16 21:37:10 INFO mapreduce.Job:  map 15% reduce 0%
20/06/16 21:37:11 INFO mapreduce.Job:  map 17% reduce 0%
20/06/16 21:37:12 INFO mapreduce.Job:  map 18% reduce 0%
20/06/16 21:37:13 INFO mapreduce.Job:  map 19% reduce 0%
20/06/16 21:37:19 INFO mapreduce.Job:  map 20% reduce 0%
20/06/16 21:37:20 INFO mapreduce.Job:  map 20% reduce 2%
20/06/16 21:37:24 INFO mapreduce.Job:  map 21% reduce 2%
20/06/16 21:37:25 INFO mapreduce.Job:  map 22% reduce 2%
20/06/16 21:37:30 INFO mapreduce.Job:  map 23% reduce 2%
20/06/16 21:37:33 INFO mapreduce.Job:  map 24% reduce 2%
20/06/16 21:37:36 INFO mapreduce.Job:  map 24% reduce 3%
20/06/16 21:37:37 INFO mapreduce.Job:  map 25% reduce 3%
20/06/16 21:37:45 INFO mapreduce.Job:  map 26% reduce 3%
20/06/16 21:37:49 INFO mapreduce.Job:  map 27% reduce 4%
20/06/16 21:37:55 INFO mapreduce.Job:  map 28% reduce 4%
20/06/16 21:37:58 INFO mapreduce.Job:  map 28% reduce 5%
20/06/16 21:38:00 INFO mapreduce.Job:  map 29% reduce 5%
20/06/16 21:38:02 INFO mapreduce.Job:  map 30% reduce 5%
20/06/16 21:38:06 INFO mapreduce.Job:  map 30% reduce 6%
20/06/16 21:38:07 INFO mapreduce.Job:  map 32% reduce 6%
20/06/16 21:38:09 INFO mapreduce.Job:  map 33% reduce 6%
20/06/16 21:38:13 INFO mapreduce.Job:  map 33% reduce 7%
20/06/16 21:38:20 INFO mapreduce.Job:  map 34% reduce 7%
20/06/16 21:38:24 INFO mapreduce.Job:  map 34% reduce 8%
20/06/16 21:38:28 INFO mapreduce.Job:  map 35% reduce 8%
20/06/16 21:38:33 INFO mapreduce.Job:  map 35% reduce 9%
20/06/16 21:38:37 INFO mapreduce.Job:  map 36% reduce 9%
20/06/16 21:38:38 INFO mapreduce.Job:  map 37% reduce 9%
20/06/16 21:38:45 INFO mapreduce.Job:  map 38% reduce 9%
20/06/16 21:38:47 INFO mapreduce.Job:  map 39% reduce 9%
20/06/16 21:38:49 INFO mapreduce.Job:  map 40% reduce 9%
20/06/16 21:38:51 INFO mapreduce.Job:  map 41% reduce 10%
20/06/16 21:38:58 INFO mapreduce.Job:  map 42% reduce 10%
20/06/16 21:39:00 INFO mapreduce.Job:  map 42% reduce 11%
20/06/16 21:39:02 INFO mapreduce.Job:  map 43% reduce 11%
20/06/16 21:39:14 INFO mapreduce.Job:  map 44% reduce 11%
20/06/16 21:39:20 INFO mapreduce.Job:  map 45% reduce 11%
20/06/16 21:39:26 INFO mapreduce.Job:  map 46% reduce 11%
20/06/16 21:39:28 INFO mapreduce.Job:  map 46% reduce 12%
20/06/16 21:39:29 INFO mapreduce.Job:  map 47% reduce 12%
20/06/16 21:39:33 INFO mapreduce.Job:  map 48% reduce 12%
20/06/16 21:39:35 INFO mapreduce.Job:  map 49% reduce 12%
20/06/16 21:39:38 INFO mapreduce.Job:  map 49% reduce 13%
20/06/16 21:39:40 INFO mapreduce.Job:  map 50% reduce 13%
20/06/16 21:39:44 INFO mapreduce.Job:  map 51% reduce 13%
20/06/16 21:39:50 INFO mapreduce.Job:  map 52% reduce 13%
20/06/16 21:39:51 INFO mapreduce.Job:  map 52% reduce 14%
20/06/16 21:40:01 INFO mapreduce.Job:  map 53% reduce 14%
20/06/16 21:40:04 INFO mapreduce.Job:  map 54% reduce 14%
20/06/16 21:40:08 INFO mapreduce.Job:  map 55% reduce 14%
20/06/16 21:40:11 INFO mapreduce.Job:  map 55% reduce 15%
20/06/16 21:40:13 INFO mapreduce.Job:  map 56% reduce 15%
20/06/16 21:40:21 INFO mapreduce.Job:  map 56% reduce 16%
20/06/16 21:40:22 INFO mapreduce.Job:  map 57% reduce 16%
20/06/16 21:40:23 INFO mapreduce.Job:  map 58% reduce 16%
20/06/16 21:40:29 INFO mapreduce.Job:  map 59% reduce 16%
20/06/16 21:40:31 INFO mapreduce.Job:  map 60% reduce 16%
20/06/16 21:40:34 INFO mapreduce.Job:  map 61% reduce 16%
20/06/16 21:40:35 INFO mapreduce.Job:  map 62% reduce 16%
20/06/16 21:40:41 INFO mapreduce.Job:  map 63% reduce 17%
20/06/16 21:40:44 INFO mapreduce.Job:  map 64% reduce 17%
20/06/16 21:40:45 INFO mapreduce.Job:  map 64% reduce 18%
20/06/16 21:40:53 INFO mapreduce.Job:  map 65% reduce 18%
20/06/16 21:41:03 INFO mapreduce.Job:  map 66% reduce 18%
20/06/16 21:41:04 INFO mapreduce.Job:  map 67% reduce 18%
20/06/16 21:41:06 INFO mapreduce.Job:  map 68% reduce 18%
20/06/16 21:41:09 INFO mapreduce.Job:  map 68% reduce 19%
20/06/16 21:41:13 INFO mapreduce.Job:  map 69% reduce 19%
20/06/16 21:41:18 INFO mapreduce.Job:  map 71% reduce 19%
20/06/16 21:41:21 INFO mapreduce.Job:  map 72% reduce 19%
20/06/16 21:41:22 INFO mapreduce.Job:  map 72% reduce 20%
20/06/16 21:41:24 INFO mapreduce.Job:  map 73% reduce 20%
20/06/16 21:41:36 INFO mapreduce.Job:  map 74% reduce 20%
20/06/16 21:41:40 INFO mapreduce.Job:  map 75% reduce 20%
20/06/16 21:41:43 INFO mapreduce.Job:  map 76% reduce 21%
20/06/16 21:41:44 INFO mapreduce.Job:  map 77% reduce 21%
20/06/16 21:41:46 INFO mapreduce.Job:  map 77% reduce 22%
20/06/16 21:41:49 INFO mapreduce.Job:  map 78% reduce 22%
20/06/16 21:41:54 INFO mapreduce.Job:  map 79% reduce 22%
20/06/16 21:42:01 INFO mapreduce.Job:  map 80% reduce 22%
20/06/16 21:42:03 INFO mapreduce.Job:  map 80% reduce 23%
20/06/16 21:42:05 INFO mapreduce.Job:  map 81% reduce 23%
20/06/16 21:42:13 INFO mapreduce.Job:  map 82% reduce 23%
20/06/16 21:42:16 INFO mapreduce.Job:  map 83% reduce 23%
20/06/16 21:42:22 INFO mapreduce.Job:  map 84% reduce 23%
20/06/16 21:42:26 INFO mapreduce.Job:  map 85% reduce 23%
20/06/16 21:42:30 INFO mapreduce.Job:  map 85% reduce 24%
20/06/16 21:42:31 INFO mapreduce.Job:  map 86% reduce 24%
20/06/16 21:42:35 INFO mapreduce.Job:  map 87% reduce 24%
20/06/16 21:42:41 INFO mapreduce.Job:  map 88% reduce 24%
20/06/16 21:42:43 INFO mapreduce.Job:  map 88% reduce 25%
20/06/16 21:42:44 INFO mapreduce.Job:  map 89% reduce 25%
20/06/16 21:42:46 INFO mapreduce.Job:  map 90% reduce 25%
20/06/16 21:42:47 INFO mapreduce.Job:  map 91% reduce 26%
20/06/16 21:42:50 INFO mapreduce.Job:  map 91% reduce 27%
20/06/16 21:43:05 INFO mapreduce.Job:  map 92% reduce 27%
20/06/16 21:43:08 INFO mapreduce.Job:  map 93% reduce 27%
20/06/16 21:43:10 INFO mapreduce.Job:  map 93% reduce 28%
20/06/16 21:43:17 INFO mapreduce.Job:  map 94% reduce 28%
20/06/16 21:43:22 INFO mapreduce.Job:  map 95% reduce 28%
20/06/16 21:43:25 INFO mapreduce.Job:  map 96% reduce 28%
20/06/16 21:43:27 INFO mapreduce.Job:  map 97% reduce 28%
20/06/16 21:43:29 INFO mapreduce.Job:  map 98% reduce 28%
20/06/16 21:43:30 INFO mapreduce.Job:  map 99% reduce 29%
20/06/16 21:43:32 INFO mapreduce.Job:  map 100% reduce 29%
20/06/16 21:43:34 INFO mapreduce.Job:  map 100% reduce 30%
20/06/16 21:43:36 INFO mapreduce.Job:  map 100% reduce 31%
20/06/16 21:43:37 INFO mapreduce.Job:  map 100% reduce 35%
20/06/16 21:43:38 INFO mapreduce.Job:  map 100% reduce 36%
20/06/16 21:43:39 INFO mapreduce.Job:  map 100% reduce 43%
20/06/16 21:43:40 INFO mapreduce.Job:  map 100% reduce 50%
20/06/16 21:43:41 INFO mapreduce.Job:  map 100% reduce 51%
20/06/16 21:43:42 INFO mapreduce.Job:  map 100% reduce 53%
20/06/16 21:43:43 INFO mapreduce.Job:  map 100% reduce 54%
20/06/16 21:43:48 INFO mapreduce.Job:  map 100% reduce 55%
20/06/16 21:43:51 INFO mapreduce.Job:  map 100% reduce 56%
20/06/16 21:43:52 INFO mapreduce.Job:  map 100% reduce 57%
20/06/16 21:43:54 INFO mapreduce.Job:  map 100% reduce 58%
20/06/16 21:44:04 INFO mapreduce.Job:  map 100% reduce 59%
20/06/16 21:44:10 INFO mapreduce.Job:  map 100% reduce 60%
20/06/16 21:44:13 INFO mapreduce.Job:  map 100% reduce 61%
20/06/16 21:44:18 INFO mapreduce.Job:  map 100% reduce 62%
20/06/16 21:44:25 INFO mapreduce.Job:  map 100% reduce 63%
20/06/16 21:44:33 INFO mapreduce.Job:  map 100% reduce 64%
20/06/16 21:44:40 INFO mapreduce.Job:  map 100% reduce 65%
20/06/16 21:44:43 INFO mapreduce.Job:  map 100% reduce 66%
20/06/16 21:44:48 INFO mapreduce.Job:  map 100% reduce 67%
20/06/16 21:45:00 INFO mapreduce.Job:  map 100% reduce 68%
20/06/16 21:45:02 INFO mapreduce.Job:  map 100% reduce 69%
20/06/16 21:45:06 INFO mapreduce.Job:  map 100% reduce 70%
20/06/16 21:45:18 INFO mapreduce.Job:  map 100% reduce 71%
20/06/16 21:45:27 INFO mapreduce.Job:  map 100% reduce 72%
20/06/16 21:45:30 INFO mapreduce.Job:  map 100% reduce 73%
20/06/16 21:45:34 INFO mapreduce.Job:  map 100% reduce 74%
20/06/16 21:45:37 INFO mapreduce.Job:  map 100% reduce 75%
20/06/16 21:45:49 INFO mapreduce.Job:  map 100% reduce 76%
20/06/16 21:45:51 INFO mapreduce.Job:  map 100% reduce 77%
20/06/16 21:45:53 INFO mapreduce.Job:  map 100% reduce 87%
20/06/16 21:45:56 INFO mapreduce.Job:  map 100% reduce 89%
20/06/16 21:46:08 INFO mapreduce.Job:  map 100% reduce 90%
20/06/16 21:46:17 INFO mapreduce.Job:  map 100% reduce 91%
20/06/16 21:47:39 INFO mapreduce.Job:  map 100% reduce 92%
20/06/16 21:47:54 INFO mapreduce.Job:  map 100% reduce 93%
20/06/16 21:48:06 INFO mapreduce.Job:  map 100% reduce 94%
20/06/16 21:48:21 INFO mapreduce.Job:  map 100% reduce 95%
20/06/16 21:48:30 INFO mapreduce.Job:  map 100% reduce 96%
20/06/16 21:48:42 INFO mapreduce.Job:  map 100% reduce 97%
20/06/16 21:49:00 INFO mapreduce.Job:  map 100% reduce 98%
20/06/16 21:49:09 INFO mapreduce.Job:  map 100% reduce 99%
20/06/16 21:49:18 INFO mapreduce.Job:  map 100% reduce 100%
20/06/16 21:49:28 INFO mapreduce.Job: Job job_1592309805035_0003 completed successfully
20/06/16 21:49:28 INFO mapreduce.Job: Counters: 52
	File System Counters
		FILE: Number of bytes read=31974520677
		FILE: Number of bytes written=42735048567
		FILE: Number of read operations=0
		FILE: Number of large read operations=0
		FILE: Number of write operations=0
		HDFS: Number of bytes read=10774009875
		HDFS: Number of bytes written=10772846837
		HDFS: Number of read operations=329
		HDFS: Number of large read operations=0
		HDFS: Number of write operations=6
	Job Counters 
		Killed map tasks=1
		Killed reduce tasks=1
		Launched map tasks=81
		Launched reduce tasks=4
		Data-local map tasks=76
		Rack-local map tasks=5
		Total time spent by all maps in occupied slots (ms)=2841776
		Total time spent by all reduces in occupied slots (ms)=1926301
		Total time spent by all map tasks (ms)=2841776
		Total time spent by all reduce tasks (ms)=1926301
		Total vcore-milliseconds taken by all map tasks=2841776
		Total vcore-milliseconds taken by all reduce tasks=1926301
		Total megabyte-milliseconds taken by all map tasks=2909978624
		Total megabyte-milliseconds taken by all reduce tasks=1972532224
	Map-Reduce Framework
		Map input records=1022600
		Map output records=1022600
		Map output bytes=10745642829
		Map output materialized bytes=10751392560
		Input split bytes=8240
		Combine input records=0
		Combine output records=0
		Reduce input groups=1022600
		Reduce shuffle bytes=10751392560
		Reduce input records=1022600
		Reduce output records=1022600
		Spilled Records=4063920
		Shuffled Maps =240
		Failed Shuffles=0
		Merged Map outputs=240
		GC time elapsed (ms)=10387
		CPU time spent (ms)=265730
		Physical memory (bytes) snapshot=21901897728
		Virtual memory (bytes) snapshot=175149805568
		Total committed heap usage (bytes)=16083582976
	Shuffle Errors
		BAD_ID=0
		CONNECTION=0
		IO_ERROR=0
		WRONG_LENGTH=0
		WRONG_MAP=0
		WRONG_REDUCE=0
	File Input Format Counters 
		Bytes Read=10774001635
	File Output Format Counters 
		Bytes Written=10772846837
