20/06/14 10:07:10 INFO client.RMProxy: Connecting to ResourceManager at master/10.51.17.95:8032
20/06/14 10:07:11 INFO client.RMProxy: Connecting to ResourceManager at master/10.51.17.95:8032
20/06/14 10:07:11 INFO input.FileInputFormat: Total input paths to process : 10
20/06/14 10:07:11 INFO mapreduce.JobSubmitter: number of splits:80
20/06/14 10:07:12 INFO mapreduce.JobSubmitter: Submitting tokens for job: job_1592095354219_0008
20/06/14 10:07:12 INFO impl.YarnClientImpl: Submitted application application_1592095354219_0008
20/06/14 10:07:12 INFO mapreduce.Job: The url to track the job: http://master:8088/proxy/application_1592095354219_0008/
20/06/14 10:07:12 INFO mapreduce.Job: Running job: job_1592095354219_0008
20/06/14 10:07:19 INFO mapreduce.Job: Job job_1592095354219_0008 running in uber mode : false
20/06/14 10:07:19 INFO mapreduce.Job:  map 0% reduce 0%
20/06/14 10:07:28 INFO mapreduce.Job:  map 1% reduce 0%
20/06/14 10:07:29 INFO mapreduce.Job:  map 5% reduce 0%
20/06/14 10:07:30 INFO mapreduce.Job:  map 8% reduce 0%
20/06/14 10:07:31 INFO mapreduce.Job:  map 10% reduce 0%
20/06/14 10:07:32 INFO mapreduce.Job:  map 13% reduce 0%
20/06/14 10:07:34 INFO mapreduce.Job:  map 14% reduce 0%
20/06/14 10:07:35 INFO mapreduce.Job:  map 16% reduce 0%
20/06/14 10:07:38 INFO mapreduce.Job:  map 17% reduce 0%
20/06/14 10:07:39 INFO mapreduce.Job:  map 19% reduce 0%
20/06/14 10:07:42 INFO mapreduce.Job:  map 21% reduce 0%
20/06/14 10:07:43 INFO mapreduce.Job:  map 24% reduce 0%
20/06/14 10:07:44 INFO mapreduce.Job:  map 26% reduce 0%
20/06/14 10:07:45 INFO mapreduce.Job:  map 26% reduce 2%
20/06/14 10:07:47 INFO mapreduce.Job:  map 28% reduce 2%
20/06/14 10:07:48 INFO mapreduce.Job:  map 29% reduce 3%
20/06/14 10:07:50 INFO mapreduce.Job:  map 30% reduce 3%
20/06/14 10:07:52 INFO mapreduce.Job:  map 32% reduce 3%
20/06/14 10:07:54 INFO mapreduce.Job:  map 32% reduce 6%
20/06/14 10:07:55 INFO mapreduce.Job:  map 33% reduce 6%
20/06/14 10:07:57 INFO mapreduce.Job:  map 34% reduce 7%
20/06/14 10:07:58 INFO mapreduce.Job:  map 35% reduce 7%
20/06/14 10:08:00 INFO mapreduce.Job:  map 36% reduce 8%
20/06/14 10:08:02 INFO mapreduce.Job:  map 37% reduce 8%
20/06/14 10:08:04 INFO mapreduce.Job:  map 39% reduce 8%
20/06/14 10:08:07 INFO mapreduce.Job:  map 39% reduce 9%
20/06/14 10:08:09 INFO mapreduce.Job:  map 40% reduce 9%
20/06/14 10:08:12 INFO mapreduce.Job:  map 41% reduce 9%
20/06/14 10:08:13 INFO mapreduce.Job:  map 42% reduce 9%
20/06/14 10:08:14 INFO mapreduce.Job:  map 44% reduce 9%
20/06/14 10:08:15 INFO mapreduce.Job:  map 45% reduce 10%
20/06/14 10:08:17 INFO mapreduce.Job:  map 46% reduce 10%
20/06/14 10:08:18 INFO mapreduce.Job:  map 48% reduce 11%
20/06/14 10:08:19 INFO mapreduce.Job:  map 49% reduce 11%
20/06/14 10:08:21 INFO mapreduce.Job:  map 51% reduce 12%
20/06/14 10:08:24 INFO mapreduce.Job:  map 52% reduce 12%
20/06/14 10:08:25 INFO mapreduce.Job:  map 55% reduce 13%
20/06/14 10:08:28 INFO mapreduce.Job:  map 56% reduce 14%
20/06/14 10:08:30 INFO mapreduce.Job:  map 57% reduce 14%
20/06/14 10:08:31 INFO mapreduce.Job:  map 58% reduce 14%
20/06/14 10:08:32 INFO mapreduce.Job:  map 59% reduce 14%
20/06/14 10:08:33 INFO mapreduce.Job:  map 60% reduce 14%
20/06/14 10:08:34 INFO mapreduce.Job:  map 61% reduce 14%
20/06/14 10:08:35 INFO mapreduce.Job:  map 63% reduce 14%
20/06/14 10:08:37 INFO mapreduce.Job:  map 64% reduce 15%
20/06/14 10:08:39 INFO mapreduce.Job:  map 64% reduce 16%
20/06/14 10:08:40 INFO mapreduce.Job:  map 64% reduce 17%
20/06/14 10:08:41 INFO mapreduce.Job:  map 65% reduce 17%
20/06/14 10:08:42 INFO mapreduce.Job:  map 66% reduce 18%
20/06/14 10:08:44 INFO mapreduce.Job:  map 69% reduce 18%
20/06/14 10:08:46 INFO mapreduce.Job:  map 69% reduce 19%
20/06/14 10:08:47 INFO mapreduce.Job:  map 71% reduce 19%
20/06/14 10:08:48 INFO mapreduce.Job:  map 72% reduce 19%
20/06/14 10:08:49 INFO mapreduce.Job:  map 72% reduce 20%
20/06/14 10:08:52 INFO mapreduce.Job:  map 73% reduce 20%
20/06/14 10:08:53 INFO mapreduce.Job:  map 74% reduce 20%
20/06/14 10:08:55 INFO mapreduce.Job:  map 74% reduce 21%
20/06/14 10:08:57 INFO mapreduce.Job:  map 75% reduce 21%
20/06/14 10:09:04 INFO mapreduce.Job:  map 76% reduce 21%
20/06/14 10:09:05 INFO mapreduce.Job:  map 77% reduce 21%
20/06/14 10:09:07 INFO mapreduce.Job:  map 78% reduce 21%
20/06/14 10:09:14 INFO mapreduce.Job:  map 81% reduce 21%
20/06/14 10:09:16 INFO mapreduce.Job:  map 81% reduce 22%
20/06/14 10:09:18 INFO mapreduce.Job:  map 82% reduce 22%
20/06/14 10:09:21 INFO mapreduce.Job:  map 83% reduce 22%
20/06/14 10:09:22 INFO mapreduce.Job:  map 85% reduce 22%
20/06/14 10:09:26 INFO mapreduce.Job:  map 86% reduce 22%
20/06/14 10:09:33 INFO mapreduce.Job:  map 87% reduce 22%
20/06/14 10:09:37 INFO mapreduce.Job:  map 88% reduce 22%
20/06/14 10:09:38 INFO mapreduce.Job:  map 89% reduce 22%
20/06/14 10:09:40 INFO mapreduce.Job:  map 89% reduce 23%
20/06/14 10:09:44 INFO mapreduce.Job:  map 90% reduce 23%
20/06/14 10:09:47 INFO mapreduce.Job:  map 91% reduce 23%
20/06/14 10:09:49 INFO mapreduce.Job:  map 92% reduce 23%
20/06/14 10:09:54 INFO mapreduce.Job:  map 93% reduce 23%
20/06/14 10:09:57 INFO mapreduce.Job:  map 95% reduce 23%
20/06/14 10:10:10 INFO mapreduce.Job:  map 95% reduce 24%
20/06/14 10:10:19 INFO mapreduce.Job:  map 95% reduce 25%
20/06/14 10:10:20 INFO mapreduce.Job:  map 96% reduce 25%
20/06/14 10:10:25 INFO mapreduce.Job:  map 96% reduce 26%
20/06/14 10:10:28 INFO mapreduce.Job:  map 96% reduce 27%
20/06/14 10:10:34 INFO mapreduce.Job:  map 96% reduce 28%
20/06/14 10:10:45 INFO mapreduce.Job:  map 97% reduce 28%
20/06/14 10:10:53 INFO mapreduce.Job:  map 98% reduce 28%
20/06/14 10:10:59 INFO mapreduce.Job:  map 99% reduce 28%
20/06/14 10:11:11 INFO mapreduce.Job:  map 100% reduce 28%
20/06/14 10:11:13 INFO mapreduce.Job:  map 100% reduce 29%
20/06/14 10:11:52 INFO mapreduce.Job:  map 100% reduce 41%
20/06/14 10:12:01 INFO mapreduce.Job:  map 100% reduce 42%
20/06/14 10:12:04 INFO mapreduce.Job:  map 100% reduce 43%
20/06/14 10:12:05 INFO mapreduce.Job:  map 100% reduce 44%
20/06/14 10:12:07 INFO mapreduce.Job:  map 100% reduce 45%
20/06/14 10:12:10 INFO mapreduce.Job:  map 100% reduce 46%
20/06/14 10:12:13 INFO mapreduce.Job:  map 100% reduce 47%
20/06/14 10:12:19 INFO mapreduce.Job:  map 100% reduce 48%
20/06/14 10:12:20 INFO mapreduce.Job:  map 100% reduce 49%
20/06/14 10:12:22 INFO mapreduce.Job:  map 100% reduce 50%
20/06/14 10:12:25 INFO mapreduce.Job:  map 100% reduce 51%
20/06/14 10:12:26 INFO mapreduce.Job:  map 100% reduce 52%
20/06/14 10:12:29 INFO mapreduce.Job:  map 100% reduce 64%
20/06/14 10:12:31 INFO mapreduce.Job:  map 100% reduce 68%
20/06/14 10:12:34 INFO mapreduce.Job:  map 100% reduce 74%
20/06/14 10:12:35 INFO mapreduce.Job:  map 100% reduce 75%
20/06/14 10:12:37 INFO mapreduce.Job:  map 100% reduce 78%
20/06/14 10:12:40 INFO mapreduce.Job:  map 100% reduce 79%
20/06/14 10:12:41 INFO mapreduce.Job:  map 100% reduce 80%
20/06/14 10:12:44 INFO mapreduce.Job:  map 100% reduce 81%
20/06/14 10:12:47 INFO mapreduce.Job:  map 100% reduce 82%
20/06/14 10:12:49 INFO mapreduce.Job:  map 100% reduce 84%
20/06/14 10:12:52 INFO mapreduce.Job:  map 100% reduce 85%
20/06/14 10:12:53 INFO mapreduce.Job:  map 100% reduce 86%
20/06/14 10:12:55 INFO mapreduce.Job:  map 100% reduce 87%
20/06/14 10:12:58 INFO mapreduce.Job:  map 100% reduce 88%
20/06/14 10:13:01 INFO mapreduce.Job:  map 100% reduce 89%
20/06/14 10:13:02 INFO mapreduce.Job:  map 100% reduce 90%
20/06/14 10:13:05 INFO mapreduce.Job:  map 100% reduce 91%
20/06/14 10:13:07 INFO mapreduce.Job:  map 100% reduce 92%
20/06/14 10:13:10 INFO mapreduce.Job:  map 100% reduce 93%
20/06/14 10:13:11 INFO mapreduce.Job:  map 100% reduce 94%
20/06/14 10:13:14 INFO mapreduce.Job:  map 100% reduce 95%
20/06/14 10:13:17 INFO mapreduce.Job:  map 100% reduce 96%
20/06/14 10:13:19 INFO mapreduce.Job:  map 100% reduce 97%
20/06/14 10:13:20 INFO mapreduce.Job:  map 100% reduce 98%
20/06/14 10:13:25 INFO mapreduce.Job:  map 100% reduce 100%
20/06/14 10:13:30 INFO mapreduce.Job: Job job_1592095354219_0008 completed successfully
20/06/14 10:13:31 INFO mapreduce.Job: Counters: 51
	File System Counters
		FILE: Number of bytes read=31974211100
		FILE: Number of bytes written=42734740376
		FILE: Number of read operations=0
		FILE: Number of large read operations=0
		FILE: Number of write operations=0
		HDFS: Number of bytes read=10774019223
		HDFS: Number of bytes written=10772864617
		HDFS: Number of read operations=329
		HDFS: Number of large read operations=0
		HDFS: Number of write operations=6
	Job Counters 
		Killed map tasks=5
		Launched map tasks=85
		Launched reduce tasks=3
		Data-local map tasks=81
		Rack-local map tasks=4
		Total time spent by all maps in occupied slots (ms)=1472137
		Total time spent by all reduces in occupied slots (ms)=976915
		Total time spent by all map tasks (ms)=1472137
		Total time spent by all reduce tasks (ms)=976915
		Total vcore-milliseconds taken by all map tasks=1472137
		Total vcore-milliseconds taken by all reduce tasks=976915
		Total megabyte-milliseconds taken by all map tasks=1507468288
		Total megabyte-milliseconds taken by all reduce tasks=1000360960
	Map-Reduce Framework
		Map input records=1022064
		Map output records=1022064
		Map output bytes=10745677137
		Map output materialized bytes=10751424804
		Input split bytes=9040
		Combine input records=0
		Combine output records=0
		Reduce input groups=1022064
		Reduce shuffle bytes=10751424804
		Reduce input records=1022064
		Reduce output records=1022064
		Spilled Records=4061771
		Shuffled Maps =240
		Failed Shuffles=0
		Merged Map outputs=240
		GC time elapsed (ms)=10864
		CPU time spent (ms)=239680
		Physical memory (bytes) snapshot=22034042880
		Virtual memory (bytes) snapshot=175057719296
		Total committed heap usage (bytes)=16617308160
	Shuffle Errors
		BAD_ID=0
		CONNECTION=0
		IO_ERROR=0
		WRONG_LENGTH=0
		WRONG_MAP=0
		WRONG_REDUCE=0
	File Input Format Counters 
		Bytes Read=10774010183
	File Output Format Counters 
		Bytes Written=10772864617
