20/06/16 21:30:11 INFO client.RMProxy: Connecting to ResourceManager at master/10.51.17.95:8032
20/06/16 21:30:12 INFO client.RMProxy: Connecting to ResourceManager at master/10.51.17.95:8032
20/06/16 21:30:12 INFO input.FileInputFormat: Total input paths to process : 10
20/06/16 21:30:13 INFO mapreduce.JobSubmitter: number of splits:80
20/06/16 21:30:13 INFO mapreduce.JobSubmitter: Submitting tokens for job: job_1592309805035_0002
20/06/16 21:30:13 INFO impl.YarnClientImpl: Submitted application application_1592309805035_0002
20/06/16 21:30:13 INFO mapreduce.Job: The url to track the job: http://master:8088/proxy/application_1592309805035_0002/
20/06/16 21:30:13 INFO mapreduce.Job: Running job: job_1592309805035_0002
20/06/16 21:30:31 INFO mapreduce.Job: Job job_1592309805035_0002 running in uber mode : false
20/06/16 21:30:31 INFO mapreduce.Job:  map 0% reduce 0%
20/06/16 21:30:40 INFO mapreduce.Job:  map 1% reduce 0%
20/06/16 21:30:44 INFO mapreduce.Job:  map 5% reduce 0%
20/06/16 21:30:46 INFO mapreduce.Job:  map 6% reduce 0%
20/06/16 21:30:47 INFO mapreduce.Job:  map 10% reduce 0%
20/06/16 21:30:50 INFO mapreduce.Job:  map 12% reduce 0%
20/06/16 21:30:56 INFO mapreduce.Job:  map 13% reduce 0%
20/06/16 21:30:59 INFO mapreduce.Job:  map 14% reduce 0%
20/06/16 21:31:09 INFO mapreduce.Job:  map 15% reduce 0%
20/06/16 21:31:10 INFO mapreduce.Job:  map 16% reduce 0%
20/06/16 21:31:12 INFO mapreduce.Job:  map 19% reduce 0%
20/06/16 21:31:15 INFO mapreduce.Job:  map 20% reduce 0%
20/06/16 21:31:16 INFO mapreduce.Job:  map 21% reduce 0%
20/06/16 21:31:18 INFO mapreduce.Job:  map 22% reduce 0%
20/06/16 21:31:21 INFO mapreduce.Job:  map 23% reduce 0%
20/06/16 21:31:24 INFO mapreduce.Job:  map 24% reduce 0%
20/06/16 21:31:25 INFO mapreduce.Job:  map 25% reduce 0%
20/06/16 21:31:30 INFO mapreduce.Job:  map 26% reduce 2%
20/06/16 21:31:32 INFO mapreduce.Job:  map 27% reduce 2%
20/06/16 21:31:35 INFO mapreduce.Job:  map 28% reduce 3%
20/06/16 21:31:38 INFO mapreduce.Job:  map 30% reduce 3%
20/06/16 21:31:41 INFO mapreduce.Job:  map 30% reduce 4%
20/06/16 21:31:42 INFO mapreduce.Job:  map 31% reduce 4%
20/06/16 21:31:45 INFO mapreduce.Job:  map 32% reduce 4%
20/06/16 21:31:49 INFO mapreduce.Job:  map 33% reduce 4%
20/06/16 21:31:50 INFO mapreduce.Job:  map 34% reduce 4%
20/06/16 21:31:53 INFO mapreduce.Job:  map 35% reduce 5%
20/06/16 21:31:54 INFO mapreduce.Job:  map 36% reduce 5%
20/06/16 21:31:55 INFO mapreduce.Job:  map 37% reduce 5%
20/06/16 21:32:01 INFO mapreduce.Job:  map 38% reduce 5%
20/06/16 21:32:02 INFO mapreduce.Job:  map 38% reduce 8%
20/06/16 21:32:03 INFO mapreduce.Job:  map 39% reduce 8%
20/06/16 21:32:04 INFO mapreduce.Job:  map 40% reduce 8%
20/06/16 21:32:05 INFO mapreduce.Job:  map 41% reduce 9%
20/06/16 21:32:06 INFO mapreduce.Job:  map 43% reduce 9%
20/06/16 21:32:08 INFO mapreduce.Job:  map 43% reduce 10%
20/06/16 21:32:11 INFO mapreduce.Job:  map 43% reduce 11%
20/06/16 21:32:15 INFO mapreduce.Job:  map 44% reduce 11%
20/06/16 21:32:16 INFO mapreduce.Job:  map 45% reduce 11%
20/06/16 21:32:17 INFO mapreduce.Job:  map 47% reduce 11%
20/06/16 21:32:18 INFO mapreduce.Job:  map 50% reduce 11%
20/06/16 21:32:19 INFO mapreduce.Job:  map 51% reduce 11%
20/06/16 21:32:20 INFO mapreduce.Job:  map 51% reduce 12%
20/06/16 21:32:22 INFO mapreduce.Job:  map 52% reduce 13%
20/06/16 21:32:25 INFO mapreduce.Job:  map 54% reduce 14%
20/06/16 21:32:28 INFO mapreduce.Job:  map 55% reduce 14%
20/06/16 21:32:30 INFO mapreduce.Job:  map 56% reduce 15%
20/06/16 21:32:31 INFO mapreduce.Job:  map 57% reduce 15%
20/06/16 21:32:32 INFO mapreduce.Job:  map 59% reduce 15%
20/06/16 21:32:34 INFO mapreduce.Job:  map 61% reduce 15%
20/06/16 21:32:35 INFO mapreduce.Job:  map 62% reduce 15%
20/06/16 21:32:36 INFO mapreduce.Job:  map 63% reduce 16%
20/06/16 21:32:37 INFO mapreduce.Job:  map 64% reduce 17%
20/06/16 21:32:38 INFO mapreduce.Job:  map 65% reduce 17%
20/06/16 21:32:42 INFO mapreduce.Job:  map 66% reduce 18%
20/06/16 21:32:46 INFO mapreduce.Job:  map 68% reduce 18%
20/06/16 21:32:47 INFO mapreduce.Job:  map 68% reduce 19%
20/06/16 21:32:49 INFO mapreduce.Job:  map 70% reduce 19%
20/06/16 21:32:50 INFO mapreduce.Job:  map 72% reduce 19%
20/06/16 21:32:51 INFO mapreduce.Job:  map 74% reduce 20%
20/06/16 21:32:53 INFO mapreduce.Job:  map 76% reduce 20%
20/06/16 21:32:55 INFO mapreduce.Job:  map 76% reduce 21%
20/06/16 21:32:57 INFO mapreduce.Job:  map 77% reduce 21%
20/06/16 21:32:59 INFO mapreduce.Job:  map 79% reduce 22%
20/06/16 21:33:04 INFO mapreduce.Job:  map 80% reduce 22%
20/06/16 21:33:05 INFO mapreduce.Job:  map 80% reduce 23%
20/06/16 21:33:06 INFO mapreduce.Job:  map 81% reduce 23%
20/06/16 21:33:07 INFO mapreduce.Job:  map 82% reduce 23%
20/06/16 21:33:08 INFO mapreduce.Job:  map 82% reduce 24%
20/06/16 21:33:12 INFO mapreduce.Job:  map 84% reduce 24%
20/06/16 21:33:13 INFO mapreduce.Job:  map 84% reduce 25%
20/06/16 21:33:14 INFO mapreduce.Job:  map 87% reduce 25%
20/06/16 21:33:16 INFO mapreduce.Job:  map 89% reduce 25%
20/06/16 21:33:17 INFO mapreduce.Job:  map 90% reduce 26%
20/06/16 21:33:19 INFO mapreduce.Job:  map 91% reduce 26%
20/06/16 21:33:20 INFO mapreduce.Job:  map 91% reduce 27%
20/06/16 21:33:21 INFO mapreduce.Job:  map 93% reduce 27%
20/06/16 21:33:22 INFO mapreduce.Job:  map 94% reduce 27%
20/06/16 21:33:23 INFO mapreduce.Job:  map 94% reduce 28%
20/06/16 21:33:28 INFO mapreduce.Job:  map 94% reduce 29%
20/06/16 21:33:30 INFO mapreduce.Job:  map 95% reduce 29%
20/06/16 21:33:32 INFO mapreduce.Job:  map 95% reduce 30%
20/06/16 21:33:35 INFO mapreduce.Job:  map 95% reduce 32%
20/06/16 21:33:42 INFO mapreduce.Job:  map 96% reduce 32%
20/06/16 21:33:47 INFO mapreduce.Job:  map 98% reduce 32%
20/06/16 21:33:48 INFO mapreduce.Job:  map 100% reduce 32%
20/06/16 21:33:49 INFO mapreduce.Job:  map 100% reduce 33%
20/06/16 21:33:50 INFO mapreduce.Job:  map 100% reduce 47%
20/06/16 21:33:52 INFO mapreduce.Job:  map 100% reduce 56%
20/06/16 21:33:53 INFO mapreduce.Job:  map 100% reduce 65%
20/06/16 21:33:55 INFO mapreduce.Job:  map 100% reduce 67%
20/06/16 21:33:56 INFO mapreduce.Job:  map 100% reduce 68%
20/06/16 21:33:59 INFO mapreduce.Job:  map 100% reduce 70%
20/06/16 21:34:02 INFO mapreduce.Job:  map 100% reduce 71%
20/06/16 21:34:05 INFO mapreduce.Job:  map 100% reduce 73%
20/06/16 21:34:07 INFO mapreduce.Job:  map 100% reduce 74%
20/06/16 21:34:08 INFO mapreduce.Job:  map 100% reduce 75%
20/06/16 21:34:11 INFO mapreduce.Job:  map 100% reduce 77%
20/06/16 21:34:13 INFO mapreduce.Job:  map 100% reduce 78%
20/06/16 21:34:14 INFO mapreduce.Job:  map 100% reduce 79%
20/06/16 21:34:17 INFO mapreduce.Job:  map 100% reduce 80%
20/06/16 21:34:19 INFO mapreduce.Job:  map 100% reduce 81%
20/06/16 21:34:20 INFO mapreduce.Job:  map 100% reduce 82%
20/06/16 21:34:22 INFO mapreduce.Job:  map 100% reduce 83%
20/06/16 21:34:23 INFO mapreduce.Job:  map 100% reduce 84%
20/06/16 21:34:26 INFO mapreduce.Job:  map 100% reduce 85%
20/06/16 21:34:29 INFO mapreduce.Job:  map 100% reduce 86%
20/06/16 21:34:31 INFO mapreduce.Job:  map 100% reduce 87%
20/06/16 21:34:32 INFO mapreduce.Job:  map 100% reduce 88%
20/06/16 21:34:34 INFO mapreduce.Job:  map 100% reduce 89%
20/06/16 21:34:37 INFO mapreduce.Job:  map 100% reduce 90%
20/06/16 21:34:38 INFO mapreduce.Job:  map 100% reduce 91%
20/06/16 21:34:41 INFO mapreduce.Job:  map 100% reduce 92%
20/06/16 21:34:43 INFO mapreduce.Job:  map 100% reduce 93%
20/06/16 21:34:44 INFO mapreduce.Job:  map 100% reduce 94%
20/06/16 21:34:46 INFO mapreduce.Job:  map 100% reduce 95%
20/06/16 21:34:47 INFO mapreduce.Job:  map 100% reduce 96%
20/06/16 21:34:50 INFO mapreduce.Job:  map 100% reduce 97%
20/06/16 21:34:52 INFO mapreduce.Job:  map 100% reduce 98%
20/06/16 21:34:53 INFO mapreduce.Job:  map 100% reduce 99%
20/06/16 21:34:56 INFO mapreduce.Job:  map 100% reduce 100%
20/06/16 21:34:57 INFO mapreduce.Job: Job job_1592309805035_0002 completed successfully
20/06/16 21:34:57 INFO mapreduce.Job: Counters: 51
	File System Counters
		FILE: Number of bytes read=31974520677
		FILE: Number of bytes written=42735048567
		FILE: Number of read operations=0
		FILE: Number of large read operations=0
		FILE: Number of write operations=0
		HDFS: Number of bytes read=10774009875
		HDFS: Number of bytes written=10772846837
		HDFS: Number of read operations=329
		HDFS: Number of large read operations=0
		HDFS: Number of write operations=6
	Job Counters 
		Killed map tasks=2
		Launched map tasks=81
		Launched reduce tasks=3
		Data-local map tasks=76
		Rack-local map tasks=5
		Total time spent by all maps in occupied slots (ms)=1343981
		Total time spent by all reduces in occupied slots (ms)=623226
		Total time spent by all map tasks (ms)=1343981
		Total time spent by all reduce tasks (ms)=623226
		Total vcore-milliseconds taken by all map tasks=1343981
		Total vcore-milliseconds taken by all reduce tasks=623226
		Total megabyte-milliseconds taken by all map tasks=1376236544
		Total megabyte-milliseconds taken by all reduce tasks=638183424
	Map-Reduce Framework
		Map input records=1022600
		Map output records=1022600
		Map output bytes=10745642829
		Map output materialized bytes=10751392560
		Input split bytes=8240
		Combine input records=0
		Combine output records=0
		Reduce input groups=1022600
		Reduce shuffle bytes=10751392560
		Reduce input records=1022600
		Reduce output records=1022600
		Spilled Records=4063920
		Shuffled Maps =240
		Failed Shuffles=0
		Merged Map outputs=240
		GC time elapsed (ms)=11505
		CPU time spent (ms)=239190
		Physical memory (bytes) snapshot=21962657792
		Virtual memory (bytes) snapshot=175141380096
		Total committed heap usage (bytes)=16537616384
	Shuffle Errors
		BAD_ID=0
		CONNECTION=0
		IO_ERROR=0
		WRONG_LENGTH=0
		WRONG_MAP=0
		WRONG_REDUCE=0
	File Input Format Counters 
		Bytes Read=10774001635
	File Output Format Counters 
		Bytes Written=10772846837
