20/06/16 00:23:20 INFO client.RMProxy: Connecting to ResourceManager at master/10.51.17.95:8032
20/06/16 00:23:21 INFO input.FileInputFormat: Total input paths to process : 10
20/06/16 00:23:21 INFO mapreduce.JobSubmitter: number of splits:90
20/06/16 00:23:22 INFO mapreduce.JobSubmitter: Submitting tokens for job: job_1592234516794_0001
20/06/16 00:23:22 INFO impl.YarnClientImpl: Submitted application application_1592234516794_0001
20/06/16 00:23:22 INFO mapreduce.Job: The url to track the job: http://master:8088/proxy/application_1592234516794_0001/
20/06/16 00:23:22 INFO mapreduce.Job: Running job: job_1592234516794_0001
20/06/16 00:23:32 INFO mapreduce.Job: Job job_1592234516794_0001 running in uber mode : false
20/06/16 00:23:32 INFO mapreduce.Job:  map 0% reduce 0%
20/06/16 00:23:45 INFO mapreduce.Job:  map 1% reduce 0%
20/06/16 00:23:50 INFO mapreduce.Job:  map 2% reduce 0%
20/06/16 00:23:51 INFO mapreduce.Job:  map 3% reduce 0%
20/06/16 00:24:00 INFO mapreduce.Job:  map 4% reduce 0%
20/06/16 00:24:03 INFO mapreduce.Job:  map 5% reduce 0%
20/06/16 00:24:10 INFO mapreduce.Job:  map 6% reduce 0%
20/06/16 00:24:12 INFO mapreduce.Job:  map 7% reduce 0%
20/06/16 00:24:15 INFO mapreduce.Job:  map 8% reduce 0%
20/06/16 00:24:23 INFO mapreduce.Job:  map 9% reduce 0%
20/06/16 00:24:28 INFO mapreduce.Job:  map 10% reduce 0%
20/06/16 00:24:32 INFO mapreduce.Job:  map 11% reduce 0%
20/06/16 00:24:34 INFO mapreduce.Job:  map 12% reduce 0%
20/06/16 00:24:35 INFO mapreduce.Job:  map 13% reduce 0%
20/06/16 00:24:42 INFO mapreduce.Job:  map 14% reduce 0%
20/06/16 00:24:46 INFO mapreduce.Job:  map 15% reduce 0%
20/06/16 00:24:49 INFO mapreduce.Job:  map 16% reduce 0%
20/06/16 00:24:55 INFO mapreduce.Job:  map 17% reduce 0%
20/06/16 00:25:00 INFO mapreduce.Job:  map 17% reduce 5%
20/06/16 00:25:01 INFO mapreduce.Job:  map 18% reduce 5%
20/06/16 00:25:04 INFO mapreduce.Job:  map 19% reduce 5%
20/06/16 00:25:10 INFO mapreduce.Job:  map 20% reduce 5%
20/06/16 00:25:13 INFO mapreduce.Job:  map 21% reduce 5%
20/06/16 00:25:19 INFO mapreduce.Job:  map 22% reduce 5%
20/06/16 00:25:21 INFO mapreduce.Job:  map 23% reduce 6%
20/06/16 00:25:26 INFO mapreduce.Job:  map 24% reduce 6%
20/06/16 00:25:27 INFO mapreduce.Job:  map 24% reduce 7%
20/06/16 00:25:29 INFO mapreduce.Job:  map 25% reduce 7%
20/06/16 00:25:32 INFO mapreduce.Job:  map 26% reduce 7%
20/06/16 00:25:34 INFO mapreduce.Job:  map 26% reduce 8%
20/06/16 00:25:37 INFO mapreduce.Job:  map 26% reduce 9%
20/06/16 00:25:38 INFO mapreduce.Job:  map 27% reduce 9%
20/06/16 00:25:41 INFO mapreduce.Job:  map 28% reduce 9%
20/06/16 00:25:46 INFO mapreduce.Job:  map 29% reduce 9%
20/06/16 00:25:50 INFO mapreduce.Job:  map 30% reduce 9%
20/06/16 00:25:55 INFO mapreduce.Job:  map 31% reduce 9%
20/06/16 00:25:58 INFO mapreduce.Job:  map 31% reduce 10%
20/06/16 00:26:00 INFO mapreduce.Job:  map 32% reduce 10%
20/06/16 00:26:05 INFO mapreduce.Job:  map 33% reduce 10%
20/06/16 00:26:08 INFO mapreduce.Job:  map 34% reduce 10%
20/06/16 00:26:16 INFO mapreduce.Job:  map 35% reduce 10%
20/06/16 00:26:18 INFO mapreduce.Job:  map 36% reduce 10%
20/06/16 00:26:22 INFO mapreduce.Job:  map 36% reduce 11%
20/06/16 00:26:24 INFO mapreduce.Job:  map 38% reduce 11%
20/06/16 00:26:25 INFO mapreduce.Job:  map 38% reduce 12%
20/06/16 00:26:30 INFO mapreduce.Job:  map 39% reduce 12%
20/06/16 00:26:31 INFO mapreduce.Job:  map 40% reduce 12%
20/06/16 00:26:34 INFO mapreduce.Job:  map 40% reduce 13%
20/06/16 00:26:36 INFO mapreduce.Job:  map 41% reduce 13%
20/06/16 00:26:42 INFO mapreduce.Job:  map 42% reduce 13%
20/06/16 00:26:46 INFO mapreduce.Job:  map 43% reduce 13%
20/06/16 00:26:49 INFO mapreduce.Job:  map 44% reduce 14%
20/06/16 00:26:55 INFO mapreduce.Job:  map 45% reduce 14%
20/06/16 00:26:59 INFO mapreduce.Job:  map 46% reduce 14%
20/06/16 00:27:04 INFO mapreduce.Job:  map 47% reduce 14%
20/06/16 00:27:09 INFO mapreduce.Job:  map 48% reduce 14%
20/06/16 00:27:13 INFO mapreduce.Job:  map 49% reduce 14%
20/06/16 00:27:15 INFO mapreduce.Job:  map 50% reduce 14%
20/06/16 00:27:17 INFO mapreduce.Job:  map 50% reduce 15%
20/06/16 00:27:20 INFO mapreduce.Job:  map 51% reduce 15%
20/06/16 00:27:23 INFO mapreduce.Job:  map 52% reduce 17%
20/06/16 00:27:26 INFO mapreduce.Job:  map 53% reduce 17%
20/06/16 00:27:32 INFO mapreduce.Job:  map 54% reduce 17%
20/06/16 00:27:36 INFO mapreduce.Job:  map 55% reduce 17%
20/06/16 00:27:41 INFO mapreduce.Job:  map 56% reduce 17%
20/06/16 00:27:45 INFO mapreduce.Job:  map 57% reduce 17%
20/06/16 00:27:47 INFO mapreduce.Job:  map 57% reduce 18%
20/06/16 00:27:51 INFO mapreduce.Job:  map 58% reduce 18%
20/06/16 00:27:53 INFO mapreduce.Job:  map 58% reduce 19%
20/06/16 00:27:55 INFO mapreduce.Job:  map 59% reduce 19%
20/06/16 00:28:00 INFO mapreduce.Job:  map 60% reduce 19%
20/06/16 00:28:04 INFO mapreduce.Job:  map 61% reduce 19%
20/06/16 00:28:08 INFO mapreduce.Job:  map 62% reduce 19%
20/06/16 00:28:14 INFO mapreduce.Job:  map 63% reduce 19%
20/06/16 00:28:15 INFO mapreduce.Job:  map 64% reduce 19%
20/06/16 00:28:18 INFO mapreduce.Job:  map 64% reduce 20%
20/06/16 00:28:20 INFO mapreduce.Job:  map 65% reduce 20%
20/06/16 00:28:23 INFO mapreduce.Job:  map 66% reduce 20%
20/06/16 00:28:24 INFO mapreduce.Job:  map 66% reduce 21%
20/06/16 00:28:27 INFO mapreduce.Job:  map 67% reduce 22%
20/06/16 00:28:32 INFO mapreduce.Job:  map 68% reduce 22%
20/06/16 00:28:36 INFO mapreduce.Job:  map 69% reduce 22%
20/06/16 00:28:42 INFO mapreduce.Job:  map 70% reduce 22%
20/06/16 00:28:44 INFO mapreduce.Job:  map 70% reduce 23%
20/06/16 00:28:45 INFO mapreduce.Job:  map 71% reduce 23%
20/06/16 00:28:51 INFO mapreduce.Job:  map 72% reduce 23%
20/06/16 00:28:55 INFO mapreduce.Job:  map 73% reduce 23%
20/06/16 00:29:00 INFO mapreduce.Job:  map 74% reduce 23%
20/06/16 00:29:04 INFO mapreduce.Job:  map 75% reduce 23%
20/06/16 00:29:09 INFO mapreduce.Job:  map 76% reduce 23%
20/06/16 00:29:10 INFO mapreduce.Job:  map 77% reduce 23%
20/06/16 00:29:12 INFO mapreduce.Job:  map 77% reduce 24%
20/06/16 00:29:14 INFO mapreduce.Job:  map 78% reduce 24%
20/06/16 00:29:15 INFO mapreduce.Job:  map 78% reduce 25%
20/06/16 00:29:17 INFO mapreduce.Job:  map 79% reduce 25%
20/06/16 00:29:18 INFO mapreduce.Job:  map 79% reduce 26%
20/06/16 00:29:22 INFO mapreduce.Job:  map 80% reduce 26%
20/06/16 00:29:25 INFO mapreduce.Job:  map 81% reduce 26%
20/06/16 00:29:28 INFO mapreduce.Job:  map 82% reduce 26%
20/06/16 00:29:29 INFO mapreduce.Job:  map 83% reduce 26%
20/06/16 00:29:32 INFO mapreduce.Job:  map 84% reduce 26%
20/06/16 00:29:34 INFO mapreduce.Job:  map 84% reduce 27%
20/06/16 00:29:35 INFO mapreduce.Job:  map 85% reduce 27%
20/06/16 00:29:38 INFO mapreduce.Job:  map 86% reduce 27%
20/06/16 00:29:40 INFO mapreduce.Job:  map 86% reduce 28%
20/06/16 00:29:41 INFO mapreduce.Job:  map 87% reduce 28%
20/06/16 00:29:46 INFO mapreduce.Job:  map 88% reduce 28%
20/06/16 00:29:48 INFO mapreduce.Job:  map 88% reduce 29%
20/06/16 00:29:50 INFO mapreduce.Job:  map 89% reduce 29%
20/06/16 00:29:54 INFO mapreduce.Job:  map 90% reduce 29%
20/06/16 00:29:55 INFO mapreduce.Job:  map 91% reduce 29%
20/06/16 00:29:56 INFO mapreduce.Job:  map 92% reduce 29%
20/06/16 00:30:00 INFO mapreduce.Job:  map 94% reduce 30%
20/06/16 00:30:03 INFO mapreduce.Job:  map 95% reduce 31%
20/06/16 00:30:05 INFO mapreduce.Job:  map 96% reduce 31%
20/06/16 00:30:06 INFO mapreduce.Job:  map 97% reduce 31%
20/06/16 00:30:09 INFO mapreduce.Job:  map 98% reduce 32%
20/06/16 00:30:12 INFO mapreduce.Job:  map 99% reduce 32%
20/06/16 00:30:14 INFO mapreduce.Job:  map 100% reduce 32%
20/06/16 00:30:15 INFO mapreduce.Job:  map 100% reduce 33%
20/06/16 00:30:18 INFO mapreduce.Job:  map 100% reduce 70%
20/06/16 00:30:22 INFO mapreduce.Job:  map 100% reduce 76%
20/06/16 00:30:25 INFO mapreduce.Job:  map 100% reduce 81%
20/06/16 00:30:28 INFO mapreduce.Job:  map 100% reduce 88%
20/06/16 00:30:31 INFO mapreduce.Job:  map 100% reduce 98%
20/06/16 00:30:32 INFO mapreduce.Job:  map 100% reduce 100%
20/06/16 00:30:34 INFO mapreduce.Job: Job job_1592234516794_0001 completed successfully
20/06/16 00:30:34 INFO mapreduce.Job: Counters: 51
	File System Counters
		FILE: Number of bytes read=1449326147
		FILE: Number of bytes written=2161253601
		FILE: Number of read operations=0
		FILE: Number of large read operations=0
		FILE: Number of write operations=0
		HDFS: Number of bytes read=11025668664
		HDFS: Number of bytes written=333229171
		HDFS: Number of read operations=273
		HDFS: Number of large read operations=0
		HDFS: Number of write operations=2
	Job Counters 
		Killed map tasks=1
		Launched map tasks=91
		Launched reduce tasks=1
		Data-local map tasks=85
		Rack-local map tasks=6
		Total time spent by all maps in occupied slots (ms)=3544442
		Total time spent by all reduces in occupied slots (ms)=341166
		Total time spent by all map tasks (ms)=3544442
		Total time spent by all reduce tasks (ms)=341166
		Total vcore-milliseconds taken by all map tasks=3544442
		Total vcore-milliseconds taken by all reduce tasks=341166
		Total megabyte-milliseconds taken by all map tasks=3629508608
		Total megabyte-milliseconds taken by all reduce tasks=349353984
	Map-Reduce Framework
		Map input records=1179594
		Map output records=1009767860
		Map output bytes=15225044514
		Map output materialized bytes=700777381
		Input split bytes=9630
		Combine input records=1034538483
		Combine output records=47414618
		Reduce input groups=9908198
		Reduce shuffle bytes=700777381
		Reduce input records=22643995
		Reduce output records=9908198
		Spilled Records=70058613
		Shuffled Maps =90
		Failed Shuffles=0
		Merged Map outputs=90
		GC time elapsed (ms)=64309
		CPU time spent (ms)=2047790
		Physical memory (bytes) snapshot=25177559040
		Virtual memory (bytes) snapshot=191955685376
		Total committed heap usage (bytes)=18913165312
	Shuffle Errors
		BAD_ID=0
		CONNECTION=0
		IO_ERROR=0
		WRONG_LENGTH=0
		WRONG_MAP=0
		WRONG_REDUCE=0
	File Input Format Counters 
		Bytes Read=11025659034
	File Output Format Counters 
		Bytes Written=333229171
