20/06/14 10:54:42 INFO client.RMProxy: Connecting to ResourceManager at master/10.51.17.95:8032
20/06/14 10:54:43 INFO input.FileInputFormat: Total input paths to process : 10
20/06/14 10:54:43 INFO mapreduce.JobSubmitter: number of splits:90
20/06/14 10:54:44 INFO mapreduce.JobSubmitter: Submitting tokens for job: job_1592095354219_0020
20/06/14 10:54:44 INFO impl.YarnClientImpl: Submitted application application_1592095354219_0020
20/06/14 10:54:44 INFO mapreduce.Job: The url to track the job: http://master:8088/proxy/application_1592095354219_0020/
20/06/14 10:54:44 INFO mapreduce.Job: Running job: job_1592095354219_0020
20/06/14 10:54:53 INFO mapreduce.Job: Job job_1592095354219_0020 running in uber mode : false
20/06/14 10:54:53 INFO mapreduce.Job:  map 0% reduce 0%
20/06/14 10:55:05 INFO mapreduce.Job:  map 1% reduce 0%
20/06/14 10:55:08 INFO mapreduce.Job:  map 2% reduce 0%
20/06/14 10:55:12 INFO mapreduce.Job:  map 3% reduce 0%
20/06/14 10:55:19 INFO mapreduce.Job:  map 4% reduce 0%
20/06/14 10:55:24 INFO mapreduce.Job:  map 5% reduce 0%
20/06/14 10:55:30 INFO mapreduce.Job:  map 6% reduce 0%
20/06/14 10:55:32 INFO mapreduce.Job:  map 7% reduce 0%
20/06/14 10:55:33 INFO mapreduce.Job:  map 8% reduce 0%
20/06/14 10:55:41 INFO mapreduce.Job:  map 9% reduce 0%
20/06/14 10:55:44 INFO mapreduce.Job:  map 10% reduce 0%
20/06/14 10:55:49 INFO mapreduce.Job:  map 11% reduce 0%
20/06/14 10:55:51 INFO mapreduce.Job:  map 12% reduce 0%
20/06/14 10:55:52 INFO mapreduce.Job:  map 13% reduce 0%
20/06/14 10:56:00 INFO mapreduce.Job:  map 14% reduce 0%
20/06/14 10:56:04 INFO mapreduce.Job:  map 15% reduce 0%
20/06/14 10:56:07 INFO mapreduce.Job:  map 16% reduce 0%
20/06/14 10:56:10 INFO mapreduce.Job:  map 17% reduce 0%
20/06/14 10:56:15 INFO mapreduce.Job:  map 17% reduce 5%
20/06/14 10:56:16 INFO mapreduce.Job:  map 18% reduce 5%
20/06/14 10:56:21 INFO mapreduce.Job:  map 19% reduce 5%
20/06/14 10:56:25 INFO mapreduce.Job:  map 20% reduce 5%
20/06/14 10:56:30 INFO mapreduce.Job:  map 21% reduce 5%
20/06/14 10:56:34 INFO mapreduce.Job:  map 22% reduce 5%
20/06/14 10:56:36 INFO mapreduce.Job:  map 22% reduce 6%
20/06/14 10:56:37 INFO mapreduce.Job:  map 23% reduce 6%
20/06/14 10:56:43 INFO mapreduce.Job:  map 24% reduce 6%
20/06/14 10:56:44 INFO mapreduce.Job:  map 25% reduce 6%
20/06/14 10:56:46 INFO mapreduce.Job:  map 25% reduce 7%
20/06/14 10:56:47 INFO mapreduce.Job:  map 26% reduce 7%
20/06/14 10:56:49 INFO mapreduce.Job:  map 26% reduce 9%
20/06/14 10:56:51 INFO mapreduce.Job:  map 27% reduce 9%
20/06/14 10:56:56 INFO mapreduce.Job:  map 28% reduce 9%
20/06/14 10:57:01 INFO mapreduce.Job:  map 29% reduce 9%
20/06/14 10:57:04 INFO mapreduce.Job:  map 30% reduce 9%
20/06/14 10:57:09 INFO mapreduce.Job:  map 31% reduce 9%
20/06/14 10:57:12 INFO mapreduce.Job:  map 31% reduce 10%
20/06/14 10:57:14 INFO mapreduce.Job:  map 32% reduce 10%
20/06/14 10:57:19 INFO mapreduce.Job:  map 33% reduce 10%
20/06/14 10:57:22 INFO mapreduce.Job:  map 34% reduce 10%
20/06/14 10:57:28 INFO mapreduce.Job:  map 35% reduce 10%
20/06/14 10:57:31 INFO mapreduce.Job:  map 36% reduce 10%
20/06/14 10:57:36 INFO mapreduce.Job:  map 37% reduce 10%
20/06/14 10:57:37 INFO mapreduce.Job:  map 37% reduce 11%
20/06/14 10:57:38 INFO mapreduce.Job:  map 38% reduce 11%
20/06/14 10:57:40 INFO mapreduce.Job:  map 39% reduce 12%
20/06/14 10:57:43 INFO mapreduce.Job:  map 39% reduce 13%
20/06/14 10:57:45 INFO mapreduce.Job:  map 40% reduce 13%
20/06/14 10:57:49 INFO mapreduce.Job:  map 41% reduce 13%
20/06/14 10:57:54 INFO mapreduce.Job:  map 42% reduce 13%
20/06/14 10:57:58 INFO mapreduce.Job:  map 43% reduce 13%
20/06/14 10:58:02 INFO mapreduce.Job:  map 44% reduce 13%
20/06/14 10:58:05 INFO mapreduce.Job:  map 44% reduce 14%
20/06/14 10:58:07 INFO mapreduce.Job:  map 45% reduce 14%
20/06/14 10:58:11 INFO mapreduce.Job:  map 46% reduce 14%
20/06/14 10:58:17 INFO mapreduce.Job:  map 47% reduce 14%
20/06/14 10:58:20 INFO mapreduce.Job:  map 48% reduce 14%
20/06/14 10:58:24 INFO mapreduce.Job:  map 49% reduce 14%
20/06/14 10:58:28 INFO mapreduce.Job:  map 49% reduce 15%
20/06/14 10:58:29 INFO mapreduce.Job:  map 50% reduce 15%
20/06/14 10:58:31 INFO mapreduce.Job:  map 51% reduce 16%
20/06/14 10:58:33 INFO mapreduce.Job:  map 52% reduce 16%
20/06/14 10:58:34 INFO mapreduce.Job:  map 52% reduce 17%
20/06/14 10:58:36 INFO mapreduce.Job:  map 53% reduce 17%
20/06/14 10:58:42 INFO mapreduce.Job:  map 54% reduce 17%
20/06/14 10:58:47 INFO mapreduce.Job:  map 55% reduce 17%
20/06/14 10:58:51 INFO mapreduce.Job:  map 56% reduce 17%
20/06/14 10:58:53 INFO mapreduce.Job:  map 56% reduce 18%
20/06/14 10:58:55 INFO mapreduce.Job:  map 57% reduce 18%
20/06/14 10:58:59 INFO mapreduce.Job:  map 58% reduce 18%
20/06/14 10:59:02 INFO mapreduce.Job:  map 58% reduce 19%
20/06/14 10:59:05 INFO mapreduce.Job:  map 59% reduce 19%
20/06/14 10:59:09 INFO mapreduce.Job:  map 60% reduce 19%
20/06/14 10:59:12 INFO mapreduce.Job:  map 61% reduce 19%
20/06/14 10:59:17 INFO mapreduce.Job:  map 62% reduce 19%
20/06/14 10:59:23 INFO mapreduce.Job:  map 63% reduce 19%
20/06/14 10:59:25 INFO mapreduce.Job:  map 64% reduce 19%
20/06/14 10:59:27 INFO mapreduce.Job:  map 65% reduce 20%
20/06/14 10:59:30 INFO mapreduce.Job:  map 66% reduce 21%
20/06/14 10:59:33 INFO mapreduce.Job:  map 66% reduce 22%
20/06/14 10:59:36 INFO mapreduce.Job:  map 67% reduce 22%
20/06/14 10:59:37 INFO mapreduce.Job:  map 68% reduce 22%
20/06/14 10:59:39 INFO mapreduce.Job:  map 69% reduce 22%
20/06/14 10:59:41 INFO mapreduce.Job:  map 70% reduce 22%
20/06/14 10:59:43 INFO mapreduce.Job:  map 71% reduce 22%
20/06/14 10:59:45 INFO mapreduce.Job:  map 72% reduce 22%
20/06/14 10:59:47 INFO mapreduce.Job:  map 73% reduce 22%
20/06/14 10:59:48 INFO mapreduce.Job:  map 73% reduce 23%
20/06/14 10:59:50 INFO mapreduce.Job:  map 74% reduce 23%
20/06/14 10:59:51 INFO mapreduce.Job:  map 74% reduce 24%
20/06/14 10:59:57 INFO mapreduce.Job:  map 75% reduce 24%
20/06/14 11:00:00 INFO mapreduce.Job:  map 76% reduce 24%
20/06/14 11:00:06 INFO mapreduce.Job:  map 77% reduce 24%
20/06/14 11:00:12 INFO mapreduce.Job:  map 78% reduce 24%
20/06/14 11:00:14 INFO mapreduce.Job:  map 79% reduce 24%
20/06/14 11:00:15 INFO mapreduce.Job:  map 79% reduce 25%
20/06/14 11:00:18 INFO mapreduce.Job:  map 80% reduce 26%
20/06/14 11:00:22 INFO mapreduce.Job:  map 81% reduce 26%
20/06/14 11:00:27 INFO mapreduce.Job:  map 82% reduce 26%
20/06/14 11:00:31 INFO mapreduce.Job:  map 83% reduce 26%
20/06/14 11:00:36 INFO mapreduce.Job:  map 84% reduce 26%
20/06/14 11:00:37 INFO mapreduce.Job:  map 84% reduce 27%
20/06/14 11:00:41 INFO mapreduce.Job:  map 85% reduce 27%
20/06/14 11:00:43 INFO mapreduce.Job:  map 86% reduce 27%
20/06/14 11:00:46 INFO mapreduce.Job:  map 86% reduce 28%
20/06/14 11:00:47 INFO mapreduce.Job:  map 87% reduce 28%
20/06/14 11:00:51 INFO mapreduce.Job:  map 88% reduce 28%
20/06/14 11:00:52 INFO mapreduce.Job:  map 88% reduce 29%
20/06/14 11:00:55 INFO mapreduce.Job:  map 89% reduce 29%
20/06/14 11:00:56 INFO mapreduce.Job:  map 90% reduce 29%
20/06/14 11:01:02 INFO mapreduce.Job:  map 91% reduce 29%
20/06/14 11:01:04 INFO mapreduce.Job:  map 92% reduce 29%
20/06/14 11:01:05 INFO mapreduce.Job:  map 93% reduce 29%
20/06/14 11:01:06 INFO mapreduce.Job:  map 94% reduce 29%
20/06/14 11:01:07 INFO mapreduce.Job:  map 94% reduce 30%
20/06/14 11:01:08 INFO mapreduce.Job:  map 95% reduce 30%
20/06/14 11:01:09 INFO mapreduce.Job:  map 95% reduce 31%
20/06/14 11:01:13 INFO mapreduce.Job:  map 98% reduce 31%
20/06/14 11:01:15 INFO mapreduce.Job:  map 98% reduce 32%
20/06/14 11:01:19 INFO mapreduce.Job:  map 99% reduce 32%
20/06/14 11:01:25 INFO mapreduce.Job:  map 100% reduce 33%
20/06/14 11:01:28 INFO mapreduce.Job:  map 100% reduce 57%
20/06/14 11:01:31 INFO mapreduce.Job:  map 100% reduce 72%
20/06/14 11:01:34 INFO mapreduce.Job:  map 100% reduce 77%
20/06/14 11:01:37 INFO mapreduce.Job:  map 100% reduce 84%
20/06/14 11:01:40 INFO mapreduce.Job:  map 100% reduce 90%
20/06/14 11:01:42 INFO mapreduce.Job:  map 100% reduce 100%
20/06/14 11:01:43 INFO mapreduce.Job: Job job_1592095354219_0020 completed successfully
20/06/14 11:01:43 INFO mapreduce.Job: Counters: 51
	File System Counters
		FILE: Number of bytes read=1432330105
		FILE: Number of bytes written=2135750617
		FILE: Number of read operations=0
		FILE: Number of large read operations=0
		FILE: Number of write operations=0
		HDFS: Number of bytes read=11024686260
		HDFS: Number of bytes written=326013472
		HDFS: Number of read operations=273
		HDFS: Number of large read operations=0
		HDFS: Number of write operations=2
	Job Counters 
		Killed map tasks=1
		Launched map tasks=91
		Launched reduce tasks=1
		Data-local map tasks=80
		Rack-local map tasks=11
		Total time spent by all maps in occupied slots (ms)=3422985
		Total time spent by all reduces in occupied slots (ms)=337984
		Total time spent by all map tasks (ms)=3422985
		Total time spent by all reduce tasks (ms)=337984
		Total vcore-milliseconds taken by all map tasks=3422985
		Total vcore-milliseconds taken by all reduce tasks=337984
		Total megabyte-milliseconds taken by all map tasks=3505136640
		Total megabyte-milliseconds taken by all reduce tasks=346095616
	Map-Reduce Framework
		Map input records=1636884
		Map output records=1010678040
		Map output bytes=15218582120
		Map output materialized bytes=692268619
		Input split bytes=10530
		Combine input records=1035440906
		Combine output records=47400626
		Reduce input groups=9903469
		Reduce shuffle bytes=692268619
		Reduce input records=22637760
		Reduce output records=9903469
		Spilled Records=70038386
		Shuffled Maps =90
		Failed Shuffles=0
		Merged Map outputs=90
		GC time elapsed (ms)=62158
		CPU time spent (ms)=1990420
		Physical memory (bytes) snapshot=25084026880
		Virtual memory (bytes) snapshot=191954419712
		Total committed heap usage (bytes)=18925223936
	Shuffle Errors
		BAD_ID=0
		CONNECTION=0
		IO_ERROR=0
		WRONG_LENGTH=0
		WRONG_MAP=0
		WRONG_REDUCE=0
	File Input Format Counters 
		Bytes Read=11024675730
	File Output Format Counters 
		Bytes Written=326013472
