20/06/14 10:22:21 INFO client.RMProxy: Connecting to ResourceManager at master/10.51.17.95:8032
20/06/14 10:22:22 INFO input.FileInputFormat: Total input paths to process : 10
20/06/14 10:22:22 INFO mapreduce.JobSubmitter: number of splits:90
20/06/14 10:22:23 INFO mapreduce.JobSubmitter: Submitting tokens for job: job_1592095354219_0012
20/06/14 10:22:23 INFO impl.YarnClientImpl: Submitted application application_1592095354219_0012
20/06/14 10:22:23 INFO mapreduce.Job: The url to track the job: http://master:8088/proxy/application_1592095354219_0012/
20/06/14 10:22:23 INFO mapreduce.Job: Running job: job_1592095354219_0012
20/06/14 10:22:33 INFO mapreduce.Job: Job job_1592095354219_0012 running in uber mode : false
20/06/14 10:22:33 INFO mapreduce.Job:  map 0% reduce 0%
20/06/14 10:22:46 INFO mapreduce.Job:  map 1% reduce 0%
20/06/14 10:22:48 INFO mapreduce.Job:  map 2% reduce 0%
20/06/14 10:22:52 INFO mapreduce.Job:  map 3% reduce 0%
20/06/14 10:23:00 INFO mapreduce.Job:  map 4% reduce 0%
20/06/14 10:23:05 INFO mapreduce.Job:  map 5% reduce 0%
20/06/14 10:23:11 INFO mapreduce.Job:  map 6% reduce 0%
20/06/14 10:23:12 INFO mapreduce.Job:  map 7% reduce 0%
20/06/14 10:23:18 INFO mapreduce.Job:  map 8% reduce 0%
20/06/14 10:23:22 INFO mapreduce.Job:  map 9% reduce 0%
20/06/14 10:23:30 INFO mapreduce.Job:  map 10% reduce 0%
20/06/14 10:23:34 INFO mapreduce.Job:  map 12% reduce 0%
20/06/14 10:23:36 INFO mapreduce.Job:  map 13% reduce 0%
20/06/14 10:23:44 INFO mapreduce.Job:  map 14% reduce 0%
20/06/14 10:23:49 INFO mapreduce.Job:  map 15% reduce 0%
20/06/14 10:23:52 INFO mapreduce.Job:  map 16% reduce 0%
20/06/14 10:23:56 INFO mapreduce.Job:  map 17% reduce 0%
20/06/14 10:23:59 INFO mapreduce.Job:  map 17% reduce 5%
20/06/14 10:24:02 INFO mapreduce.Job:  map 18% reduce 5%
20/06/14 10:24:09 INFO mapreduce.Job:  map 19% reduce 5%
20/06/14 10:24:13 INFO mapreduce.Job:  map 20% reduce 5%
20/06/14 10:24:21 INFO mapreduce.Job:  map 21% reduce 5%
20/06/14 10:24:25 INFO mapreduce.Job:  map 22% reduce 5%
20/06/14 10:24:27 INFO mapreduce.Job:  map 23% reduce 5%
20/06/14 10:24:30 INFO mapreduce.Job:  map 23% reduce 6%
20/06/14 10:24:33 INFO mapreduce.Job:  map 24% reduce 6%
20/06/14 10:24:35 INFO mapreduce.Job:  map 25% reduce 7%
20/06/14 10:24:37 INFO mapreduce.Job:  map 26% reduce 7%
20/06/14 10:24:39 INFO mapreduce.Job:  map 26% reduce 8%
20/06/14 10:24:42 INFO mapreduce.Job:  map 26% reduce 9%
20/06/14 10:24:45 INFO mapreduce.Job:  map 27% reduce 9%
20/06/14 10:24:49 INFO mapreduce.Job:  map 28% reduce 9%
20/06/14 10:24:54 INFO mapreduce.Job:  map 29% reduce 9%
20/06/14 10:24:58 INFO mapreduce.Job:  map 30% reduce 9%
20/06/14 10:25:03 INFO mapreduce.Job:  map 31% reduce 9%
20/06/14 10:25:06 INFO mapreduce.Job:  map 31% reduce 10%
20/06/14 10:25:08 INFO mapreduce.Job:  map 32% reduce 10%
20/06/14 10:25:13 INFO mapreduce.Job:  map 33% reduce 10%
20/06/14 10:25:17 INFO mapreduce.Job:  map 34% reduce 10%
20/06/14 10:25:23 INFO mapreduce.Job:  map 35% reduce 10%
20/06/14 10:25:28 INFO mapreduce.Job:  map 36% reduce 10%
20/06/14 10:25:32 INFO mapreduce.Job:  map 37% reduce 10%
20/06/14 10:25:34 INFO mapreduce.Job:  map 38% reduce 11%
20/06/14 10:25:37 INFO mapreduce.Job:  map 39% reduce 12%
20/06/14 10:25:40 INFO mapreduce.Job:  map 39% reduce 13%
20/06/14 10:25:41 INFO mapreduce.Job:  map 40% reduce 13%
20/06/14 10:25:47 INFO mapreduce.Job:  map 41% reduce 13%
20/06/14 10:25:52 INFO mapreduce.Job:  map 42% reduce 13%
20/06/14 10:25:57 INFO mapreduce.Job:  map 43% reduce 13%
20/06/14 10:26:01 INFO mapreduce.Job:  map 44% reduce 14%
20/06/14 10:26:07 INFO mapreduce.Job:  map 45% reduce 14%
20/06/14 10:26:11 INFO mapreduce.Job:  map 46% reduce 14%
20/06/14 10:26:17 INFO mapreduce.Job:  map 47% reduce 14%
20/06/14 10:26:22 INFO mapreduce.Job:  map 48% reduce 14%
20/06/14 10:26:27 INFO mapreduce.Job:  map 49% reduce 14%
20/06/14 10:26:28 INFO mapreduce.Job:  map 50% reduce 14%
20/06/14 10:26:31 INFO mapreduce.Job:  map 50% reduce 16%
20/06/14 10:26:34 INFO mapreduce.Job:  map 51% reduce 16%
20/06/14 10:26:36 INFO mapreduce.Job:  map 52% reduce 16%
20/06/14 10:26:37 INFO mapreduce.Job:  map 52% reduce 17%
20/06/14 10:26:39 INFO mapreduce.Job:  map 53% reduce 17%
20/06/14 10:26:45 INFO mapreduce.Job:  map 54% reduce 17%
20/06/14 10:26:49 INFO mapreduce.Job:  map 55% reduce 17%
20/06/14 10:26:55 INFO mapreduce.Job:  map 56% reduce 17%
20/06/14 10:26:59 INFO mapreduce.Job:  map 57% reduce 18%
20/06/14 10:27:03 INFO mapreduce.Job:  map 58% reduce 18%
20/06/14 10:27:08 INFO mapreduce.Job:  map 59% reduce 19%
20/06/14 10:27:12 INFO mapreduce.Job:  map 60% reduce 19%
20/06/14 10:27:17 INFO mapreduce.Job:  map 61% reduce 19%
20/06/14 10:27:21 INFO mapreduce.Job:  map 62% reduce 19%
20/06/14 10:27:26 INFO mapreduce.Job:  map 63% reduce 19%
20/06/14 10:27:29 INFO mapreduce.Job:  map 64% reduce 19%
20/06/14 10:27:30 INFO mapreduce.Job:  map 64% reduce 20%
20/06/14 10:27:33 INFO mapreduce.Job:  map 65% reduce 20%
20/06/14 10:27:34 INFO mapreduce.Job:  map 66% reduce 20%
20/06/14 10:27:36 INFO mapreduce.Job:  map 66% reduce 22%
20/06/14 10:27:38 INFO mapreduce.Job:  map 67% reduce 22%
20/06/14 10:27:42 INFO mapreduce.Job:  map 68% reduce 22%
20/06/14 10:27:45 INFO mapreduce.Job:  map 69% reduce 22%
20/06/14 10:27:46 INFO mapreduce.Job:  map 70% reduce 22%
20/06/14 10:27:47 INFO mapreduce.Job:  map 71% reduce 22%
20/06/14 10:27:50 INFO mapreduce.Job:  map 72% reduce 23%
20/06/14 10:27:51 INFO mapreduce.Job:  map 73% reduce 23%
20/06/14 10:27:53 INFO mapreduce.Job:  map 73% reduce 24%
20/06/14 10:27:56 INFO mapreduce.Job:  map 74% reduce 24%
20/06/14 10:28:02 INFO mapreduce.Job:  map 75% reduce 24%
20/06/14 10:28:06 INFO mapreduce.Job:  map 76% reduce 24%
20/06/14 10:28:12 INFO mapreduce.Job:  map 77% reduce 24%
20/06/14 10:28:15 INFO mapreduce.Job:  map 78% reduce 24%
20/06/14 10:28:18 INFO mapreduce.Job:  map 79% reduce 25%
20/06/14 10:28:21 INFO mapreduce.Job:  map 80% reduce 26%
20/06/14 10:28:28 INFO mapreduce.Job:  map 81% reduce 26%
20/06/14 10:28:30 INFO mapreduce.Job:  map 82% reduce 26%
20/06/14 10:28:37 INFO mapreduce.Job:  map 83% reduce 26%
20/06/14 10:28:40 INFO mapreduce.Job:  map 84% reduce 26%
20/06/14 10:28:42 INFO mapreduce.Job:  map 84% reduce 27%
20/06/14 10:28:46 INFO mapreduce.Job:  map 85% reduce 27%
20/06/14 10:28:50 INFO mapreduce.Job:  map 86% reduce 27%
20/06/14 10:28:52 INFO mapreduce.Job:  map 86% reduce 28%
20/06/14 10:28:53 INFO mapreduce.Job:  map 87% reduce 28%
20/06/14 10:28:56 INFO mapreduce.Job:  map 88% reduce 28%
20/06/14 10:28:58 INFO mapreduce.Job:  map 88% reduce 29%
20/06/14 10:29:02 INFO mapreduce.Job:  map 89% reduce 29%
20/06/14 10:29:06 INFO mapreduce.Job:  map 90% reduce 29%
20/06/14 10:29:08 INFO mapreduce.Job:  map 92% reduce 29%
20/06/14 10:29:10 INFO mapreduce.Job:  map 93% reduce 30%
20/06/14 10:29:13 INFO mapreduce.Job:  map 94% reduce 30%
20/06/14 10:29:15 INFO mapreduce.Job:  map 95% reduce 30%
20/06/14 10:29:16 INFO mapreduce.Job:  map 95% reduce 31%
20/06/14 10:29:17 INFO mapreduce.Job:  map 97% reduce 31%
20/06/14 10:29:19 INFO mapreduce.Job:  map 97% reduce 32%
20/06/14 10:29:22 INFO mapreduce.Job:  map 98% reduce 32%
20/06/14 10:29:26 INFO mapreduce.Job:  map 99% reduce 32%
20/06/14 10:29:28 INFO mapreduce.Job:  map 99% reduce 33%
20/06/14 10:29:31 INFO mapreduce.Job:  map 100% reduce 33%
20/06/14 10:29:34 INFO mapreduce.Job:  map 100% reduce 67%
20/06/14 10:29:37 INFO mapreduce.Job:  map 100% reduce 73%
20/06/14 10:29:40 INFO mapreduce.Job:  map 100% reduce 79%
20/06/14 10:29:43 INFO mapreduce.Job:  map 100% reduce 85%
20/06/14 10:29:46 INFO mapreduce.Job:  map 100% reduce 92%
20/06/14 10:29:48 INFO mapreduce.Job:  map 100% reduce 100%
20/06/14 10:29:48 INFO mapreduce.Job: Job job_1592095354219_0012 completed successfully
20/06/14 10:29:48 INFO mapreduce.Job: Counters: 51
	File System Counters
		FILE: Number of bytes read=1441147768
		FILE: Number of bytes written=2148471703
		FILE: Number of read operations=0
		FILE: Number of large read operations=0
		FILE: Number of write operations=0
		HDFS: Number of bytes read=11024776606
		HDFS: Number of bytes written=326265413
		HDFS: Number of read operations=273
		HDFS: Number of large read operations=0
		HDFS: Number of write operations=2
	Job Counters 
		Killed map tasks=1
		Launched map tasks=91
		Launched reduce tasks=1
		Data-local map tasks=79
		Rack-local map tasks=12
		Total time spent by all maps in occupied slots (ms)=3618802
		Total time spent by all reduces in occupied slots (ms)=359101
		Total time spent by all map tasks (ms)=3618802
		Total time spent by all reduce tasks (ms)=359101
		Total vcore-milliseconds taken by all map tasks=3618802
		Total vcore-milliseconds taken by all reduce tasks=359101
		Total megabyte-milliseconds taken by all map tasks=3705653248
		Total megabyte-milliseconds taken by all reduce tasks=367719424
	Map-Reduce Framework
		Map input records=1638264
		Map output records=1010692170
		Map output bytes=15221383131
		Map output materialized bytes=696172042
		Input split bytes=10530
		Combine input records=1035444042
		Combine output records=47340466
		Reduce input groups=9719414
		Reduce shuffle bytes=696172042
		Reduce input records=22588594
		Reduce output records=9719414
		Spilled Records=69929060
		Shuffled Maps =90
		Failed Shuffles=0
		Merged Map outputs=90
		GC time elapsed (ms)=64378
		CPU time spent (ms)=2114570
		Physical memory (bytes) snapshot=25127579648
		Virtual memory (bytes) snapshot=191916527616
		Total committed heap usage (bytes)=18926796800
	Shuffle Errors
		BAD_ID=0
		CONNECTION=0
		IO_ERROR=0
		WRONG_LENGTH=0
		WRONG_MAP=0
		WRONG_REDUCE=0
	File Input Format Counters 
		Bytes Read=11024766076
	File Output Format Counters 
		Bytes Written=326265413
